IQ-TREE multicore version 2.2.0.5 COVID-edition for Linux 64-bit built Sep 26 2022
Developed by Bui Quang Minh, James Barbetti, Nguyen Lam Tung,
Olga Chernomor, Heiko Schmidt, Dominik Schrempf, Michael Woodhams, Ly Trong Nhan.

Host:    petrichor-dm (AVX2, FMA3, 503 GB RAM)
Command: iqtree2 -s alignments_genus_muscle5_edited_trimmed_eciv/OG0000016.fasta -B 1000 -mset Blosum62,cpREV,Dayhoff,DCMut,FLAVI,FLU,HIVb,HIVw,JTT,JTTDCMut,LG,mtART,mtMAM,mtREV,mtZOA,mtMet,mtVer,mtInv,PMB,Q.bird,Q.insect,Q.mammal,Q.pfam,Q.plant,Q.yeast,rtREV,VT,WAG,Q.iridoviridae,Q.mcv -T 4 -pre iqtree_genus/OG0000016.fasta
Seed:    837591 (Using SPRNG - Scalable Parallel Random Number Generator)
Time:    Tue May 13 22:11:25 2025
Kernel:  AVX+FMA - 4 threads (32 CPU cores detected)

Reading alignment file alignments_genus_muscle5_edited_trimmed_eciv/OG0000016.fasta ... Fasta format detected
Reading fasta file: done in 0.000375986 secs using 97.61% CPU
Alignment most likely contains protein sequences
Constructing alignment: done in 0.000268936 secs using 107.8% CPU
Alignment has 63 sequences with 120 columns, 74 distinct patterns
50 parsimony-informative, 7 singleton sites, 63 constant sites
                                                          Gap/Ambiguity  Composition  p-value
Analyzing sequences: done in 4.50611e-05 secs using 135.4% CPU
   1  MK637631_European_chub_iridovirus_ECIV                      1.67%    failed      1.40%
   2  ON743042_Megalocytivirus_pagrus1_RSIV                       0.00%    passed    100.00%
   3  GQ273492_Megalocytivirus_pagrus1_TRBIV                      0.00%    passed    100.00%
   4  MT128666_Megalocytivirus_pagrus1_ISKNV                      0.00%    passed    100.00%
   5  ON740976_Megalocytivirus_pagrus1_RSIV                       0.00%    passed    100.00%
   6  MW883600_Megalocytivirus_pagrus1_ISKNV                      0.00%    passed    100.00%
   7  MK098185_Megalocytivirus_pagrus1_RSIV                       0.00%    passed    100.00%
   8  MN562489_Megalocytivirus_lates1_SDDV                        0.83%    passed     21.72%
   9  OK042109_Megalocytivirus_pagrus1_RSIV                       0.00%    passed    100.00%
  10  MT128667_Megalocytivirus_pagrus1_ISKNV                      0.00%    passed    100.00%
  11  OL774655_Megalocytivirus_pagrus1_RSIV                       0.00%    passed    100.00%
  12  AB104413_Megalocytivirus_pagrus1_RSIV                       0.00%    passed    100.00%
  13  MW883596_Megalocytivirus_pagrus1_ISKNV                      0.00%    passed    100.00%
  14  KT781098_Megalocytivirus_pagrus1_ISKNV                      0.00%    passed    100.00%
  15  MW273354_Megalocytivirus_pagrus1_ISKNV                      0.00%    passed    100.00%
  16  MK098186_Megalocytivirus_pagrus1_RSIV                       0.00%    passed    100.00%
  17  23043610005_Megalocytivirus_pagrus1_ISKNV                   0.00%    passed    100.00%
  18  MW883597_Megalocytivirus_pagrus1_ISKNV                      0.00%    passed    100.00%
  19  PQ335173_PQ335174_Threespine_stickleback_iridovirus_TSIV    0.00%    passed     99.99%
  20  MW883601_Megalocytivirus_pagrus1_ISKNV                      0.00%    passed    100.00%
  21  KC244182_Megalocytivirus_pagrus1_RSIV                       0.00%    passed    100.00%
  22  MK689685_Megalocytivirus_pagrus1_ISKNV                      0.00%    passed    100.00%
  23  MW883598_Megalocytivirus_pagrus1_RSIV                       0.00%    passed    100.00%
  24  OL774654_Megalocytivirus_pagrus1_RSIV                       0.00%    passed    100.00%
  25  MT986830_Megalocytivirus_pagrus1_ISKNV                      0.00%    passed    100.00%
  26  MK689686_Megalocytivirus_pagrus1_RSIV                       0.00%    passed    100.00%
  27  MW883594_Megalocytivirus_pagrus1_ISKNV                      0.00%    passed    100.00%
  28  MT521409_Megalocytivirus_lates1_SDDV                        0.83%    passed     21.72%
  29  OP896201_Megalocytivirus_pagrus1_ISKNV                      0.00%    passed    100.00%
  30  BD143114_Megalocytivirus_pagrus1_RSIV                       0.00%    passed    100.00%
  31  OM037668_Megalocytivirus_lates1_SDDV                        0.83%    passed     21.72%
  32  MW139932_Megalocytivirus_pagrus1_RSIV                       0.00%    passed    100.00%
  33  OP009387_Megalocytivirus_pagrus1_ISKNV                      0.00%    passed    100.00%
  34  23043610003_Megalocytivirus_pagrus1_ISKNV                   0.00%    passed    100.00%
  35  PP974677_Megalocytivirus_pagrus1_ISKNV                      0.00%    passed    100.00%
  36  MW883603_Megalocytivirus_pagrus1_ISKNV                      0.00%    passed    100.00%
  37  OR670976_Megalocytivirus_pagrus1_ISKNV                      0.00%    passed    100.00%
  38  MN432490_Megalocytivirus_pagrus1_ISKNV                      0.00%    passed    100.00%
  39  AY894343_Megalocytivirus_pagrus1_RSIV                       0.00%    passed    100.00%
  40  MG570132_Megalocytivirus_pagrus1_TRBIV                      0.00%    passed    100.00%
  41  OQ475017_Megalocytivirus_pagrus1_RSIV                       0.00%    passed    100.00%
  42  MW273353_Megalocytivirus_pagrus1_ISKNV                      0.00%    passed    100.00%
  43  KT804738_Megalocytivirus_pagrus1_RSIV                       0.00%    passed    100.00%
  44  MW883593_Megalocytivirus_pagrus1_ISKNV                      0.00%    passed    100.00%
  45  AP017456_Megalocytivirus_pagrus1_RSIV                       0.00%    passed    100.00%
  46  MG570131_Megalocytivirus_pagrus1_TRBIV                      0.00%    passed    100.00%
  47  PP151097_Megalocytivirus_pagrus1_ISKNV                      0.00%    passed    100.00%
  48  MW883602_Megalocytivirus_pagrus1_ISKNV                      0.00%    passed    100.00%
  49  NC_003494_Megalocytivirus_pagrus1_ISKNV                     0.00%    passed    100.00%
  50  AF371960_Megalocytivirus_pagrus1_ISKNV                      0.00%    passed    100.00%
  51  MT798582_Megalocytivirus_pagrus1_RSIV                       0.00%    passed    100.00%
  52  MW883599_Megalocytivirus_pagrus1_ISKNV                      0.00%    passed    100.00%
  53  OR536350_Megalocytivirus_pagrus1_ISKNV                      0.00%    passed    100.00%
  54  OL774653_Megalocytivirus_pagrus1_RSIV                       0.00%    passed    100.00%
  55  MK098187_Megalocytivirus_pagrus1_RSIV                       0.00%    passed    100.00%
  56  OK042108_Megalocytivirus_pagrus1_RSIV                       0.00%    passed    100.00%
  57  MW883606_Megalocytivirus_pagrus1_ISKNV                      0.00%    passed    100.00%
  58  OQ513807_Megalocytivirus_pagrus1_ISKNV                      0.00%    passed    100.00%
  59  OR356116_Megalocytivirus_pagrus1_ISKNV                      0.00%    passed    100.00%
  60  MT926123_Megalocytivirus_pagrus1_ISKNV                      0.00%    passed    100.00%
  61  MW883595_Megalocytivirus_pagrus1_ISKNV                      0.00%    passed    100.00%
  62  ON212400_Megalocytivirus_pagrus1_ISKNV                      0.00%    passed    100.00%
  63  ON075463_Megalocytivirus_pagrus1_RSIV                       0.00%    passed    100.00%
****  TOTAL                                                       0.07%  1 sequences failed composition chi2 test (p-value<5%; df=19)
NOTE: ON740976_Megalocytivirus_pagrus1_RSIV is identical to ON743042_Megalocytivirus_pagrus1_RSIV but kept for subsequent analysis
NOTE: MW883600_Megalocytivirus_pagrus1_ISKNV is identical to MT128666_Megalocytivirus_pagrus1_ISKNV but kept for subsequent analysis
NOTE: MT521409_Megalocytivirus_lates1_SDDV is identical to MN562489_Megalocytivirus_lates1_SDDV but kept for subsequent analysis
NOTE: MN432490_Megalocytivirus_pagrus1_ISKNV is identical to OP009387_Megalocytivirus_pagrus1_ISKNV but kept for subsequent analysis
NOTE: MG570131_Megalocytivirus_pagrus1_TRBIV is identical to MG570132_Megalocytivirus_pagrus1_TRBIV but kept for subsequent analysis
Checking for duplicate sequences: done in 0.000166893 secs using 113.2% CPU
Identifying sites to remove: done in 8.79765e-05 secs using 120.5% CPU
NOTE: 49 identical sequences (see below) will be ignored for subsequent analysis
NOTE: MK098185_Megalocytivirus_pagrus1_RSIV (identical to ON743042_Megalocytivirus_pagrus1_RSIV) is ignored but added at the end
NOTE: OK042109_Megalocytivirus_pagrus1_RSIV (identical to ON743042_Megalocytivirus_pagrus1_RSIV) is ignored but added at the end
NOTE: OL774655_Megalocytivirus_pagrus1_RSIV (identical to ON743042_Megalocytivirus_pagrus1_RSIV) is ignored but added at the end
NOTE: AB104413_Megalocytivirus_pagrus1_RSIV (identical to ON743042_Megalocytivirus_pagrus1_RSIV) is ignored but added at the end
NOTE: MK098186_Megalocytivirus_pagrus1_RSIV (identical to ON743042_Megalocytivirus_pagrus1_RSIV) is ignored but added at the end
NOTE: KC244182_Megalocytivirus_pagrus1_RSIV (identical to ON743042_Megalocytivirus_pagrus1_RSIV) is ignored but added at the end
NOTE: MW883598_Megalocytivirus_pagrus1_RSIV (identical to ON743042_Megalocytivirus_pagrus1_RSIV) is ignored but added at the end
NOTE: OL774654_Megalocytivirus_pagrus1_RSIV (identical to ON743042_Megalocytivirus_pagrus1_RSIV) is ignored but added at the end
NOTE: MT986830_Megalocytivirus_pagrus1_ISKNV (identical to ON743042_Megalocytivirus_pagrus1_RSIV) is ignored but added at the end
NOTE: MK689686_Megalocytivirus_pagrus1_RSIV (identical to ON743042_Megalocytivirus_pagrus1_RSIV) is ignored but added at the end
NOTE: BD143114_Megalocytivirus_pagrus1_RSIV (identical to ON743042_Megalocytivirus_pagrus1_RSIV) is ignored but added at the end
NOTE: MW139932_Megalocytivirus_pagrus1_RSIV (identical to ON743042_Megalocytivirus_pagrus1_RSIV) is ignored but added at the end
NOTE: AY894343_Megalocytivirus_pagrus1_RSIV (identical to ON743042_Megalocytivirus_pagrus1_RSIV) is ignored but added at the end
NOTE: OQ475017_Megalocytivirus_pagrus1_RSIV (identical to ON743042_Megalocytivirus_pagrus1_RSIV) is ignored but added at the end
NOTE: KT804738_Megalocytivirus_pagrus1_RSIV (identical to ON743042_Megalocytivirus_pagrus1_RSIV) is ignored but added at the end
NOTE: AP017456_Megalocytivirus_pagrus1_RSIV (identical to ON743042_Megalocytivirus_pagrus1_RSIV) is ignored but added at the end
NOTE: MT798582_Megalocytivirus_pagrus1_RSIV (identical to ON743042_Megalocytivirus_pagrus1_RSIV) is ignored but added at the end
NOTE: OL774653_Megalocytivirus_pagrus1_RSIV (identical to ON743042_Megalocytivirus_pagrus1_RSIV) is ignored but added at the end
NOTE: MK098187_Megalocytivirus_pagrus1_RSIV (identical to ON743042_Megalocytivirus_pagrus1_RSIV) is ignored but added at the end
NOTE: OK042108_Megalocytivirus_pagrus1_RSIV (identical to ON743042_Megalocytivirus_pagrus1_RSIV) is ignored but added at the end
NOTE: ON075463_Megalocytivirus_pagrus1_RSIV (identical to ON743042_Megalocytivirus_pagrus1_RSIV) is ignored but added at the end
NOTE: MT128667_Megalocytivirus_pagrus1_ISKNV (identical to MT128666_Megalocytivirus_pagrus1_ISKNV) is ignored but added at the end
NOTE: MW883596_Megalocytivirus_pagrus1_ISKNV (identical to MT128666_Megalocytivirus_pagrus1_ISKNV) is ignored but added at the end
NOTE: KT781098_Megalocytivirus_pagrus1_ISKNV (identical to MT128666_Megalocytivirus_pagrus1_ISKNV) is ignored but added at the end
NOTE: 23043610005_Megalocytivirus_pagrus1_ISKNV (identical to MT128666_Megalocytivirus_pagrus1_ISKNV) is ignored but added at the end
NOTE: MW883597_Megalocytivirus_pagrus1_ISKNV (identical to MT128666_Megalocytivirus_pagrus1_ISKNV) is ignored but added at the end
NOTE: MW883601_Megalocytivirus_pagrus1_ISKNV (identical to MT128666_Megalocytivirus_pagrus1_ISKNV) is ignored but added at the end
NOTE: MK689685_Megalocytivirus_pagrus1_ISKNV (identical to MT128666_Megalocytivirus_pagrus1_ISKNV) is ignored but added at the end
NOTE: MW883594_Megalocytivirus_pagrus1_ISKNV (identical to MT128666_Megalocytivirus_pagrus1_ISKNV) is ignored but added at the end
NOTE: OP896201_Megalocytivirus_pagrus1_ISKNV (identical to MT128666_Megalocytivirus_pagrus1_ISKNV) is ignored but added at the end
NOTE: 23043610003_Megalocytivirus_pagrus1_ISKNV (identical to MT128666_Megalocytivirus_pagrus1_ISKNV) is ignored but added at the end
NOTE: PP974677_Megalocytivirus_pagrus1_ISKNV (identical to MT128666_Megalocytivirus_pagrus1_ISKNV) is ignored but added at the end
NOTE: MW883603_Megalocytivirus_pagrus1_ISKNV (identical to MT128666_Megalocytivirus_pagrus1_ISKNV) is ignored but added at the end
NOTE: OR670976_Megalocytivirus_pagrus1_ISKNV (identical to MT128666_Megalocytivirus_pagrus1_ISKNV) is ignored but added at the end
NOTE: MW273353_Megalocytivirus_pagrus1_ISKNV (identical to MT128666_Megalocytivirus_pagrus1_ISKNV) is ignored but added at the end
NOTE: MW883593_Megalocytivirus_pagrus1_ISKNV (identical to MT128666_Megalocytivirus_pagrus1_ISKNV) is ignored but added at the end
NOTE: PP151097_Megalocytivirus_pagrus1_ISKNV (identical to MT128666_Megalocytivirus_pagrus1_ISKNV) is ignored but added at the end
NOTE: MW883602_Megalocytivirus_pagrus1_ISKNV (identical to MT128666_Megalocytivirus_pagrus1_ISKNV) is ignored but added at the end
NOTE: NC_003494_Megalocytivirus_pagrus1_ISKNV (identical to MT128666_Megalocytivirus_pagrus1_ISKNV) is ignored but added at the end
NOTE: AF371960_Megalocytivirus_pagrus1_ISKNV (identical to MT128666_Megalocytivirus_pagrus1_ISKNV) is ignored but added at the end
NOTE: MW883599_Megalocytivirus_pagrus1_ISKNV (identical to MT128666_Megalocytivirus_pagrus1_ISKNV) is ignored but added at the end
NOTE: OR536350_Megalocytivirus_pagrus1_ISKNV (identical to MT128666_Megalocytivirus_pagrus1_ISKNV) is ignored but added at the end
NOTE: MW883606_Megalocytivirus_pagrus1_ISKNV (identical to MT128666_Megalocytivirus_pagrus1_ISKNV) is ignored but added at the end
NOTE: OQ513807_Megalocytivirus_pagrus1_ISKNV (identical to MT128666_Megalocytivirus_pagrus1_ISKNV) is ignored but added at the end
NOTE: OR356116_Megalocytivirus_pagrus1_ISKNV (identical to MT128666_Megalocytivirus_pagrus1_ISKNV) is ignored but added at the end
NOTE: MT926123_Megalocytivirus_pagrus1_ISKNV (identical to MT128666_Megalocytivirus_pagrus1_ISKNV) is ignored but added at the end
NOTE: ON212400_Megalocytivirus_pagrus1_ISKNV (identical to MT128666_Megalocytivirus_pagrus1_ISKNV) is ignored but added at the end
NOTE: OM037668_Megalocytivirus_lates1_SDDV (identical to MN562489_Megalocytivirus_lates1_SDDV) is ignored but added at the end
NOTE: MW883595_Megalocytivirus_pagrus1_ISKNV (identical to OP009387_Megalocytivirus_pagrus1_ISKNV) is ignored but added at the end
Alignment was printed to iqtree_genus/OG0000016.fasta.uniqueseq.phy

For your convenience alignment with unique sequences printed to iqtree_genus/OG0000016.fasta.uniqueseq.phy


Create initial parsimony tree by phylogenetic likelihood library (PLL)... 0.000 seconds
WARNING: Number of threads seems too high for short alignments. Use -T AUTO to determine best number of threads.
Perform fast likelihood tree search using LG+I+G model...
Estimate model parameters (epsilon = 5.000)
Perform nearest neighbor interchange...
Optimizing NNI: done in 0.046582 secs using 280.5% CPU
Estimate model parameters (epsilon = 1.000)
1. Initial log-likelihood: -803.555
Optimal log-likelihood: -803.516
Proportion of invariable sites: 0.271
Gamma shape alpha: 2.247
Parameters optimization took 1 rounds (0.021 sec)
Time for fast ML tree search: 0.092 seconds

NOTE: ModelFinder requires 2 MB RAM!
ModelFinder will test up to 1320 protein models (sample size: 120) ...
 No. Model         -LnL         df  AIC          AICc         BIC
WARNING: Number of threads seems too high for short alignments. Use -T AUTO to determine best number of threads.
  1  Blosum62      811.633      25  1673.265     1687.095     1742.953
WARNING: Number of threads seems too high for short alignments. Use -T AUTO to determine best number of threads.
  2  Blosum62+I    805.897      26  1663.794     1678.891     1736.269
WARNING: Number of threads seems too high for short alignments. Use -T AUTO to determine best number of threads.
  3  Blosum62+G4   806.572      26  1665.143     1680.240     1737.618
WARNING: Number of threads seems too high for short alignments. Use -T AUTO to determine best number of threads.
  4  Blosum62+I+G4 806.088      27  1666.176     1682.611     1741.439
WARNING: Number of threads seems too high for short alignments. Use -T AUTO to determine best number of threads.
  5  Blosum62+R2   806.572      27  1667.144     1683.579     1742.406
WARNING: Number of threads seems too high for short alignments. Use -T AUTO to determine best number of threads.
  6  Blosum62+R3   806.542      29  1671.084     1690.417     1751.921
WARNING: Number of threads seems too high for short alignments. Use -T AUTO to determine best number of threads.
 14  Blosum62+I+R2 806.175      28  1668.351     1686.197     1746.401
WARNING: Number of threads seems too high for short alignments. Use -T AUTO to determine best number of threads.
 15  Blosum62+I+R3 806.134      30  1672.268     1693.167     1755.893
WARNING: Number of threads seems too high for short alignments. Use -T AUTO to determine best number of threads.
 23  Blosum62+F    802.127      44  1692.253     1745.053     1814.903
WARNING: Number of threads seems too high for short alignments. Use -T AUTO to determine best number of threads.
 24  Blosum62+F+I  796.573      45  1683.145     1739.091     1808.583
WARNING: Number of threads seems too high for short alignments. Use -T AUTO to determine best number of threads.
 25  Blosum62+F+G4 797.236      45  1684.472     1740.418     1809.909
WARNING: Number of threads seems too high for short alignments. Use -T AUTO to determine best number of threads.
 26  Blosum62+F+I+G4 796.739      46  1685.477     1744.710     1813.702
WARNING: Number of threads seems too high for short alignments. Use -T AUTO to determine best number of threads.
 27  Blosum62+F+R2 797.241      46  1686.481     1745.714     1814.706
WARNING: Number of threads seems too high for short alignments. Use -T AUTO to determine best number of threads.
 45  cpREV         816.787      25  1683.574     1697.404     1753.262
WARNING: Number of threads seems too high for short alignments. Use -T AUTO to determine best number of threads.
 46  cpREV+I       807.903      26  1667.805     1682.902     1740.280
WARNING: Number of threads seems too high for short alignments. Use -T AUTO to determine best number of threads.
 47  cpREV+G4      808.228      26  1668.456     1683.553     1740.931
WARNING: Number of threads seems too high for short alignments. Use -T AUTO to determine best number of threads.
 48  cpREV+I+G4    807.905      27  1669.810     1686.245     1745.072
WARNING: Number of threads seems too high for short alignments. Use -T AUTO to determine best number of threads.
 49  cpREV+R2      808.319      27  1670.639     1687.074     1745.901
WARNING: Number of threads seems too high for short alignments. Use -T AUTO to determine best number of threads.
 67  cpREV+F       805.836      44  1699.672     1752.472     1822.322
WARNING: Number of threads seems too high for short alignments. Use -T AUTO to determine best number of threads.
 68  cpREV+F+I     797.338      45  1684.676     1740.622     1810.113
WARNING: Number of threads seems too high for short alignments. Use -T AUTO to determine best number of threads.
 69  cpREV+F+G4    797.361      45  1684.723     1740.669     1810.160
WARNING: Number of threads seems too high for short alignments. Use -T AUTO to determine best number of threads.
 70  cpREV+F+I+G4  797.145      46  1686.290     1745.523     1814.514
WARNING: Number of threads seems too high for short alignments. Use -T AUTO to determine best number of threads.
 71  cpREV+F+R2    797.474      46  1686.948     1746.181     1815.173
WARNING: Number of threads seems too high for short alignments. Use -T AUTO to determine best number of threads.
 89  Dayhoff       819.416      25  1688.832     1702.662     1758.520
WARNING: Number of threads seems too high for short alignments. Use -T AUTO to determine best number of threads.
 90  Dayhoff+I     809.401      26  1670.801     1685.898     1743.276
WARNING: Number of threads seems too high for short alignments. Use -T AUTO to determine best number of threads.
 91  Dayhoff+G4    809.141      26  1670.283     1685.379     1742.757
WARNING: Number of threads seems too high for short alignments. Use -T AUTO to determine best number of threads.
 92  Dayhoff+I+G4  809.112      27  1672.224     1688.659     1747.486
WARNING: Number of threads seems too high for short alignments. Use -T AUTO to determine best number of threads.
 93  Dayhoff+R2    809.040      27  1672.080     1688.515     1747.342
WARNING: Number of threads seems too high for short alignments. Use -T AUTO to determine best number of threads.
111  Dayhoff+F     810.820      44  1709.641     1762.441     1832.290
WARNING: Number of threads seems too high for short alignments. Use -T AUTO to determine best number of threads.
112  Dayhoff+F+I   800.267      45  1690.535     1746.481     1815.972
WARNING: Number of threads seems too high for short alignments. Use -T AUTO to determine best number of threads.
113  Dayhoff+F+G4  799.875      45  1689.750     1745.696     1815.187
WARNING: Number of threads seems too high for short alignments. Use -T AUTO to determine best number of threads.
114  Dayhoff+F+I+G4 799.876      46  1691.752     1750.985     1819.977
WARNING: Number of threads seems too high for short alignments. Use -T AUTO to determine best number of threads.
115  Dayhoff+F+R2  799.899      46  1691.798     1751.031     1820.023
WARNING: Number of threads seems too high for short alignments. Use -T AUTO to determine best number of threads.
133  DCMut         819.423      25  1688.845     1702.675     1758.533
WARNING: Number of threads seems too high for short alignments. Use -T AUTO to determine best number of threads.
134  DCMut+I       809.441      26  1670.881     1685.978     1743.356
WARNING: Number of threads seems too high for short alignments. Use -T AUTO to determine best number of threads.
135  DCMut+G4      809.185      26  1670.369     1685.466     1742.844
WARNING: Number of threads seems too high for short alignments. Use -T AUTO to determine best number of threads.
136  DCMut+I+G4    809.155      27  1672.310     1688.745     1747.572
WARNING: Number of threads seems too high for short alignments. Use -T AUTO to determine best number of threads.
137  DCMut+R2      809.084      27  1672.167     1688.602     1747.429
WARNING: Number of threads seems too high for short alignments. Use -T AUTO to determine best number of threads.
155  DCMut+F       810.831      44  1709.663     1762.463     1832.313
WARNING: Number of threads seems too high for short alignments. Use -T AUTO to determine best number of threads.
156  DCMut+F+I     800.311      45  1690.622     1746.568     1816.059
WARNING: Number of threads seems too high for short alignments. Use -T AUTO to determine best number of threads.
157  DCMut+F+G4    799.923      45  1689.847     1745.793     1815.284
WARNING: Number of threads seems too high for short alignments. Use -T AUTO to determine best number of threads.
158  DCMut+F+I+G4  799.923      46  1691.847     1751.080     1820.071
WARNING: Number of threads seems too high for short alignments. Use -T AUTO to determine best number of threads.
159  DCMut+F+R2    799.946      46  1691.892     1751.125     1820.116
WARNING: Normalizing state frequencies so that sum of them equals to 1
WARNING: Number of threads seems too high for short alignments. Use -T AUTO to determine best number of threads.
177  FLAVI         851.740      25  1753.479     1767.309     1823.167
WARNING: Normalizing state frequencies so that sum of them equals to 1
WARNING: Number of threads seems too high for short alignments. Use -T AUTO to determine best number of threads.
178  FLAVI+I       829.725      26  1711.449     1726.546     1783.924
WARNING: Normalizing state frequencies so that sum of them equals to 1
WARNING: Number of threads seems too high for short alignments. Use -T AUTO to determine best number of threads.
179  FLAVI+G4      829.046      26  1710.092     1725.189     1782.567
WARNING: Normalizing state frequencies so that sum of them equals to 1
WARNING: Number of threads seems too high for short alignments. Use -T AUTO to determine best number of threads.
180  FLAVI+I+G4    828.628      27  1711.257     1727.691     1786.519
WARNING: Normalizing state frequencies so that sum of them equals to 1
WARNING: Number of threads seems too high for short alignments. Use -T AUTO to determine best number of threads.
181  FLAVI+R2      831.973      27  1717.947     1734.382     1793.209
WARNING: Normalizing state frequencies so that sum of them equals to 1
WARNING: Number of threads seems too high for short alignments. Use -T AUTO to determine best number of threads.
199  FLAVI+F       838.991      44  1765.982     1818.782     1888.631
WARNING: Normalizing state frequencies so that sum of them equals to 1
WARNING: Number of threads seems too high for short alignments. Use -T AUTO to determine best number of threads.
200  FLAVI+F+I     817.642      45  1725.283     1781.229     1850.720
WARNING: Normalizing state frequencies so that sum of them equals to 1
WARNING: Number of threads seems too high for short alignments. Use -T AUTO to determine best number of threads.
201  FLAVI+F+G4    815.455      45  1720.910     1776.856     1846.347
WARNING: Normalizing state frequencies so that sum of them equals to 1
WARNING: Number of threads seems too high for short alignments. Use -T AUTO to determine best number of threads.
202  FLAVI+F+I+G4  815.285      46  1722.570     1781.803     1850.794
WARNING: Normalizing state frequencies so that sum of them equals to 1
WARNING: Number of threads seems too high for short alignments. Use -T AUTO to determine best number of threads.
203  FLAVI+F+R2    818.715      46  1729.431     1788.664     1857.655
WARNING: Number of threads seems too high for short alignments. Use -T AUTO to determine best number of threads.
221  FLU           831.259      25  1712.518     1726.348     1782.205
WARNING: Number of threads seems too high for short alignments. Use -T AUTO to determine best number of threads.
222  FLU+I         818.396      26  1688.792     1703.889     1761.267
WARNING: Number of threads seems too high for short alignments. Use -T AUTO to determine best number of threads.
223  FLU+G4        818.978      26  1689.956     1705.052     1762.430
WARNING: Number of threads seems too high for short alignments. Use -T AUTO to determine best number of threads.
224  FLU+I+G4      818.456      27  1690.911     1707.346     1766.173
WARNING: Number of threads seems too high for short alignments. Use -T AUTO to determine best number of threads.
225  FLU+R2        819.636      27  1693.272     1709.707     1768.534
WARNING: Number of threads seems too high for short alignments. Use -T AUTO to determine best number of threads.
243  FLU+F         816.678      44  1721.356     1774.156     1844.005
WARNING: Number of threads seems too high for short alignments. Use -T AUTO to determine best number of threads.
244  FLU+F+I       804.186      45  1698.372     1754.318     1823.809
WARNING: Number of threads seems too high for short alignments. Use -T AUTO to determine best number of threads.
245  FLU+F+G4      804.085      45  1698.171     1754.117     1823.608
WARNING: Number of threads seems too high for short alignments. Use -T AUTO to determine best number of threads.
246  FLU+F+I+G4    803.767      46  1699.534     1758.767     1827.758
WARNING: Number of threads seems too high for short alignments. Use -T AUTO to determine best number of threads.
247  FLU+F+R2      805.066      46  1702.132     1761.365     1830.357
WARNING: Number of threads seems too high for short alignments. Use -T AUTO to determine best number of threads.
265  HIVb          829.138      25  1708.276     1722.106     1777.963
WARNING: Number of threads seems too high for short alignments. Use -T AUTO to determine best number of threads.
266  HIVb+I        814.426      26  1680.851     1695.948     1753.326
WARNING: Number of threads seems too high for short alignments. Use -T AUTO to determine best number of threads.
267  HIVb+G4       815.565      26  1683.130     1698.227     1755.605
WARNING: Number of threads seems too high for short alignments. Use -T AUTO to determine best number of threads.
268  HIVb+I+G4     814.851      27  1683.702     1700.136     1758.964
WARNING: Number of threads seems too high for short alignments. Use -T AUTO to determine best number of threads.
269  HIVb+R2       816.462      27  1686.924     1703.359     1762.186
WARNING: Number of threads seems too high for short alignments. Use -T AUTO to determine best number of threads.
287  HIVb+F        821.138      44  1730.276     1783.076     1852.925
WARNING: Number of threads seems too high for short alignments. Use -T AUTO to determine best number of threads.
288  HIVb+F+I      805.084      45  1700.167     1756.113     1825.604
WARNING: Number of threads seems too high for short alignments. Use -T AUTO to determine best number of threads.
289  HIVb+F+G4     805.893      45  1701.785     1757.731     1827.222
WARNING: Number of threads seems too high for short alignments. Use -T AUTO to determine best number of threads.
290  HIVb+F+I+G4   805.252      46  1702.503     1761.736     1830.728
WARNING: Number of threads seems too high for short alignments. Use -T AUTO to determine best number of threads.
291  HIVb+F+R2     807.278      46  1706.555     1765.788     1834.780
WARNING: Number of threads seems too high for short alignments. Use -T AUTO to determine best number of threads.
309  HIVw          860.698      25  1771.396     1785.226     1841.084
WARNING: Number of threads seems too high for short alignments. Use -T AUTO to determine best number of threads.
310  HIVw+I        846.737      26  1745.474     1760.571     1817.949
WARNING: Number of threads seems too high for short alignments. Use -T AUTO to determine best number of threads.
311  HIVw+G4       845.656      26  1743.312     1758.408     1815.786
WARNING: Number of threads seems too high for short alignments. Use -T AUTO to determine best number of threads.
312  HIVw+I+G4     845.336      27  1744.671     1761.106     1819.934
WARNING: Number of threads seems too high for short alignments. Use -T AUTO to determine best number of threads.
313  HIVw+R2       846.836      27  1747.671     1764.106     1822.934
WARNING: Number of threads seems too high for short alignments. Use -T AUTO to determine best number of threads.
331  HIVw+F        834.490      44  1756.980     1809.780     1879.630
WARNING: Number of threads seems too high for short alignments. Use -T AUTO to determine best number of threads.
332  HIVw+F+I      818.141      45  1726.283     1782.229     1851.720
WARNING: Number of threads seems too high for short alignments. Use -T AUTO to determine best number of threads.
333  HIVw+F+G4     816.500      45  1723.001     1778.947     1848.438
WARNING: Number of threads seems too high for short alignments. Use -T AUTO to determine best number of threads.
334  HIVw+F+I+G4   816.243      46  1724.486     1783.719     1852.711
WARNING: Number of threads seems too high for short alignments. Use -T AUTO to determine best number of threads.
335  HIVw+F+R2     818.244      46  1728.488     1787.720     1856.712
WARNING: Number of threads seems too high for short alignments. Use -T AUTO to determine best number of threads.
353  JTT           809.686      25  1669.371     1683.201     1739.059
WARNING: Number of threads seems too high for short alignments. Use -T AUTO to determine best number of threads.
354  JTT+I         801.872      26  1655.744     1670.841     1728.219
WARNING: Number of threads seems too high for short alignments. Use -T AUTO to determine best number of threads.
355  JTT+G4        802.201      26  1656.401     1671.498     1728.876
WARNING: Number of threads seems too high for short alignments. Use -T AUTO to determine best number of threads.
356  JTT+I+G4      801.961      27  1657.923     1674.357     1733.185
WARNING: Number of threads seems too high for short alignments. Use -T AUTO to determine best number of threads.
357  JTT+R2        802.203      27  1658.406     1674.840     1733.668
WARNING: Number of threads seems too high for short alignments. Use -T AUTO to determine best number of threads.
375  JTT+F         803.561      44  1695.123     1747.923     1817.772
WARNING: Number of threads seems too high for short alignments. Use -T AUTO to determine best number of threads.
376  JTT+F+I       795.577      45  1681.153     1737.099     1806.590
WARNING: Number of threads seems too high for short alignments. Use -T AUTO to determine best number of threads.
377  JTT+F+G4      795.614      45  1681.229     1737.175     1806.666
WARNING: Number of threads seems too high for short alignments. Use -T AUTO to determine best number of threads.
378  JTT+F+I+G4    795.474      46  1682.947     1742.180     1811.172
WARNING: Number of threads seems too high for short alignments. Use -T AUTO to determine best number of threads.
379  JTT+F+R2      795.671      46  1683.343     1742.576     1811.568
WARNING: Number of threads seems too high for short alignments. Use -T AUTO to determine best number of threads.
397  JTTDCMut      809.699      25  1669.398     1683.228     1739.085
WARNING: Number of threads seems too high for short alignments. Use -T AUTO to determine best number of threads.
398  JTTDCMut+I    801.945      26  1655.890     1670.987     1728.365
WARNING: Number of threads seems too high for short alignments. Use -T AUTO to determine best number of threads.
399  JTTDCMut+G4   802.313      26  1656.626     1671.723     1729.101
WARNING: Number of threads seems too high for short alignments. Use -T AUTO to determine best number of threads.
400  JTTDCMut+I+G4 802.057      27  1658.114     1674.549     1733.376
WARNING: Number of threads seems too high for short alignments. Use -T AUTO to determine best number of threads.
401  JTTDCMut+R2   802.298      27  1658.595     1675.030     1733.858
WARNING: Number of threads seems too high for short alignments. Use -T AUTO to determine best number of threads.
419  JTTDCMut+F    803.484      44  1694.968     1747.768     1817.618
WARNING: Number of threads seems too high for short alignments. Use -T AUTO to determine best number of threads.
420  JTTDCMut+F+I  795.476      45  1680.951     1736.897     1806.388
WARNING: Number of threads seems too high for short alignments. Use -T AUTO to determine best number of threads.
421  JTTDCMut+F+G4 795.570      45  1681.140     1737.086     1806.577
WARNING: Number of threads seems too high for short alignments. Use -T AUTO to determine best number of threads.
422  JTTDCMut+F+I+G4 795.408      46  1682.817     1742.050     1811.041
WARNING: Number of threads seems too high for short alignments. Use -T AUTO to determine best number of threads.
423  JTTDCMut+F+R2 795.616      46  1683.231     1742.464     1811.456
WARNING: Number of threads seems too high for short alignments. Use -T AUTO to determine best number of threads.
441  LG            811.667      25  1673.333     1687.163     1743.020
WARNING: Number of threads seems too high for short alignments. Use -T AUTO to determine best number of threads.
442  LG+I          803.149      26  1658.297     1673.394     1730.772
WARNING: Number of threads seems too high for short alignments. Use -T AUTO to determine best number of threads.
443  LG+G4         803.926      26  1659.852     1674.948     1732.326
WARNING: Number of threads seems too high for short alignments. Use -T AUTO to determine best number of threads.
444  LG+I+G4       803.479      27  1660.958     1677.393     1736.221
WARNING: Number of threads seems too high for short alignments. Use -T AUTO to determine best number of threads.
445  LG+R2         803.912      27  1661.825     1678.260     1737.087
WARNING: Number of threads seems too high for short alignments. Use -T AUTO to determine best number of threads.
463  LG+F          804.068      44  1696.137     1748.937     1818.787
WARNING: Number of threads seems too high for short alignments. Use -T AUTO to determine best number of threads.
464  LG+F+I        795.294      45  1680.587     1736.533     1806.024
WARNING: Number of threads seems too high for short alignments. Use -T AUTO to determine best number of threads.
465  LG+F+G4       795.801      45  1681.602     1737.548     1807.039
WARNING: Number of threads seems too high for short alignments. Use -T AUTO to determine best number of threads.
466  LG+F+I+G4     795.455      46  1682.911     1742.143     1811.135
WARNING: Number of threads seems too high for short alignments. Use -T AUTO to determine best number of threads.
467  LG+F+R2       795.904      46  1683.808     1743.041     1812.032
WARNING: Number of threads seems too high for short alignments. Use -T AUTO to determine best number of threads.
485  mtART         935.220      25  1920.440     1934.270     1990.128
WARNING: Number of threads seems too high for short alignments. Use -T AUTO to determine best number of threads.
486  mtART+I       886.750      26  1825.500     1840.597     1897.975
WARNING: Number of threads seems too high for short alignments. Use -T AUTO to determine best number of threads.
487  mtART+G4      883.376      26  1818.752     1833.848     1891.226
WARNING: Number of threads seems too high for short alignments. Use -T AUTO to determine best number of threads.
488  mtART+I+G4    882.714      27  1819.428     1835.863     1894.690
WARNING: Number of threads seems too high for short alignments. Use -T AUTO to determine best number of threads.
489  mtART+R2      896.002      27  1846.003     1862.438     1921.265
WARNING: Number of threads seems too high for short alignments. Use -T AUTO to determine best number of threads.
507  mtART+F       865.547      44  1819.094     1871.894     1941.743
WARNING: Number of threads seems too high for short alignments. Use -T AUTO to determine best number of threads.
508  mtART+F+I     827.342      45  1744.683     1800.629     1870.121
WARNING: Number of threads seems too high for short alignments. Use -T AUTO to determine best number of threads.
509  mtART+F+G4    821.083      45  1732.166     1788.112     1857.603
WARNING: Number of threads seems too high for short alignments. Use -T AUTO to determine best number of threads.
510  mtART+F+I+G4  821.107      46  1734.215     1793.448     1862.439
WARNING: Number of threads seems too high for short alignments. Use -T AUTO to determine best number of threads.
511  mtART+F+R2    830.648      46  1753.295     1812.528     1881.520
WARNING: Number of threads seems too high for short alignments. Use -T AUTO to determine best number of threads.
529  mtMAM         908.985      25  1867.970     1881.800     1937.658
WARNING: Number of threads seems too high for short alignments. Use -T AUTO to determine best number of threads.
530  mtMAM+I       865.294      26  1782.589     1797.686     1855.064
WARNING: Number of threads seems too high for short alignments. Use -T AUTO to determine best number of threads.
531  mtMAM+G4      863.285      26  1778.571     1793.668     1851.046
WARNING: Number of threads seems too high for short alignments. Use -T AUTO to determine best number of threads.
532  mtMAM+I+G4    862.721      27  1779.442     1795.877     1854.704
WARNING: Number of threads seems too high for short alignments. Use -T AUTO to determine best number of threads.
533  mtMAM+R2      873.111      27  1800.223     1816.657     1875.485
WARNING: Number of threads seems too high for short alignments. Use -T AUTO to determine best number of threads.
551  mtMAM+F       851.098      44  1790.197     1842.997     1912.847
WARNING: Number of threads seems too high for short alignments. Use -T AUTO to determine best number of threads.
552  mtMAM+F+I     816.702      45  1723.403     1779.349     1848.840
WARNING: Number of threads seems too high for short alignments. Use -T AUTO to determine best number of threads.
553  mtMAM+F+G4    813.105      45  1716.211     1772.157     1841.648
WARNING: Number of threads seems too high for short alignments. Use -T AUTO to determine best number of threads.
554  mtMAM+F+I+G4  812.927      46  1717.854     1777.087     1846.079
WARNING: Number of threads seems too high for short alignments. Use -T AUTO to determine best number of threads.
555  mtMAM+F+R2    820.464      46  1732.928     1792.161     1861.152
WARNING: Number of threads seems too high for short alignments. Use -T AUTO to determine best number of threads.
573  mtREV         879.020      25  1808.041     1821.871     1877.728
WARNING: Number of threads seems too high for short alignments. Use -T AUTO to determine best number of threads.
574  mtREV+I       855.992      26  1763.984     1779.080     1836.458
WARNING: Number of threads seems too high for short alignments. Use -T AUTO to determine best number of threads.
575  mtREV+G4      855.588      26  1763.177     1778.274     1835.652
WARNING: Number of threads seems too high for short alignments. Use -T AUTO to determine best number of threads.
576  mtREV+I+G4    855.440      27  1764.880     1781.315     1840.142
WARNING: Number of threads seems too high for short alignments. Use -T AUTO to determine best number of threads.
577  mtREV+R2      857.947      27  1769.894     1786.329     1845.156
WARNING: Number of threads seems too high for short alignments. Use -T AUTO to determine best number of threads.
595  mtREV+F       825.292      44  1738.584     1791.384     1861.233
WARNING: Number of threads seems too high for short alignments. Use -T AUTO to determine best number of threads.
596  mtREV+F+I     808.611      45  1707.223     1763.169     1832.660
WARNING: Number of threads seems too high for short alignments. Use -T AUTO to determine best number of threads.
597  mtREV+F+G4    806.841      45  1703.683     1759.628     1829.120
WARNING: Number of threads seems too high for short alignments. Use -T AUTO to determine best number of threads.
598  mtREV+F+I+G4  806.992      46  1705.985     1765.217     1834.209
WARNING: Number of threads seems too high for short alignments. Use -T AUTO to determine best number of threads.
599  mtREV+F+R2    807.819      46  1707.638     1766.871     1835.863
WARNING: Number of threads seems too high for short alignments. Use -T AUTO to determine best number of threads.
617  mtZOA         896.149      25  1842.298     1856.128     1911.985
WARNING: Number of threads seems too high for short alignments. Use -T AUTO to determine best number of threads.
618  mtZOA+I       861.781      26  1775.563     1790.660     1848.038
WARNING: Number of threads seems too high for short alignments. Use -T AUTO to determine best number of threads.
619  mtZOA+G4      860.927      26  1773.853     1788.950     1846.328
WARNING: Number of threads seems too high for short alignments. Use -T AUTO to determine best number of threads.
620  mtZOA+I+G4    860.485      27  1774.969     1791.404     1850.232
WARNING: Number of threads seems too high for short alignments. Use -T AUTO to determine best number of threads.
621  mtZOA+R2      867.622      27  1789.243     1805.678     1864.506
WARNING: Number of threads seems too high for short alignments. Use -T AUTO to determine best number of threads.
639  mtZOA+F       842.995      44  1773.990     1826.790     1896.640
WARNING: Number of threads seems too high for short alignments. Use -T AUTO to determine best number of threads.
640  mtZOA+F+I     816.872      45  1723.744     1779.690     1849.181
WARNING: Number of threads seems too high for short alignments. Use -T AUTO to determine best number of threads.
641  mtZOA+F+G4    814.633      45  1719.265     1775.211     1844.702
WARNING: Number of threads seems too high for short alignments. Use -T AUTO to determine best number of threads.
642  mtZOA+F+I+G4  814.449      46  1720.898     1780.131     1849.122
WARNING: Number of threads seems too high for short alignments. Use -T AUTO to determine best number of threads.
643  mtZOA+F+R2    819.064      46  1730.128     1789.361     1858.353
WARNING: Number of threads seems too high for short alignments. Use -T AUTO to determine best number of threads.
661  mtMet         901.618      25  1853.236     1867.066     1922.923
WARNING: Number of threads seems too high for short alignments. Use -T AUTO to determine best number of threads.
662  mtMet+I       872.972      26  1797.945     1813.042     1870.420
WARNING: Number of threads seems too high for short alignments. Use -T AUTO to determine best number of threads.
663  mtMet+G4      873.575      26  1799.151     1814.248     1871.626
WARNING: Number of threads seems too high for short alignments. Use -T AUTO to determine best number of threads.
664  mtMet+I+G4    873.260      27  1800.521     1816.956     1875.783
WARNING: Number of threads seems too high for short alignments. Use -T AUTO to determine best number of threads.
665  mtMet+R2      877.382      27  1808.764     1825.199     1884.026
WARNING: Number of threads seems too high for short alignments. Use -T AUTO to determine best number of threads.
683  mtMet+F       835.614      44  1759.228     1812.028     1881.878
WARNING: Number of threads seems too high for short alignments. Use -T AUTO to determine best number of threads.
684  mtMet+F+I     814.100      45  1718.200     1774.146     1843.637
WARNING: Number of threads seems too high for short alignments. Use -T AUTO to determine best number of threads.
685  mtMet+F+G4    812.228      45  1714.457     1770.403     1839.894
WARNING: Number of threads seems too high for short alignments. Use -T AUTO to determine best number of threads.
686  mtMet+F+I+G4  812.256      46  1716.513     1775.746     1844.737
WARNING: Number of threads seems too high for short alignments. Use -T AUTO to determine best number of threads.
687  mtMet+F+R2    815.196      46  1722.393     1781.625     1850.617
WARNING: Number of threads seems too high for short alignments. Use -T AUTO to determine best number of threads.
705  mtVer         901.093      25  1852.186     1866.015     1921.873
WARNING: Number of threads seems too high for short alignments. Use -T AUTO to determine best number of threads.
706  mtVer+I       866.359      26  1784.718     1799.815     1857.193
WARNING: Number of threads seems too high for short alignments. Use -T AUTO to determine best number of threads.
707  mtVer+G4      865.794      26  1783.587     1798.684     1856.062
WARNING: Number of threads seems too high for short alignments. Use -T AUTO to determine best number of threads.
708  mtVer+I+G4    865.489      27  1784.978     1801.413     1860.240
WARNING: Number of threads seems too high for short alignments. Use -T AUTO to determine best number of threads.
709  mtVer+R2      871.750      27  1797.499     1813.934     1872.761
WARNING: Number of threads seems too high for short alignments. Use -T AUTO to determine best number of threads.
727  mtVer+F       846.785      44  1781.570     1834.370     1904.220
WARNING: Number of threads seems too high for short alignments. Use -T AUTO to determine best number of threads.
728  mtVer+F+I     820.000      45  1730.001     1785.947     1855.438
WARNING: Number of threads seems too high for short alignments. Use -T AUTO to determine best number of threads.
729  mtVer+F+G4    816.357      45  1722.714     1778.660     1848.151
WARNING: Number of threads seems too high for short alignments. Use -T AUTO to determine best number of threads.
730  mtVer+F+I+G4  816.479      46  1724.958     1784.191     1853.183
WARNING: Number of threads seems too high for short alignments. Use -T AUTO to determine best number of threads.
731  mtVer+F+R2    821.158      46  1734.316     1793.549     1862.541
WARNING: Number of threads seems too high for short alignments. Use -T AUTO to determine best number of threads.
749  mtInv         910.872      25  1871.744     1885.574     1941.431
WARNING: Number of threads seems too high for short alignments. Use -T AUTO to determine best number of threads.
750  mtInv+I       887.602      26  1827.203     1842.300     1899.678
WARNING: Number of threads seems too high for short alignments. Use -T AUTO to determine best number of threads.
751  mtInv+G4      888.063      26  1828.126     1843.223     1900.601
WARNING: Number of threads seems too high for short alignments. Use -T AUTO to determine best number of threads.
752  mtInv+I+G4    887.825      27  1829.650     1846.084     1904.912
WARNING: Number of threads seems too high for short alignments. Use -T AUTO to determine best number of threads.
753  mtInv+R2      890.389      27  1834.777     1851.212     1910.040
WARNING: Number of threads seems too high for short alignments. Use -T AUTO to determine best number of threads.
771  mtInv+F       824.433      44  1736.866     1789.666     1859.515
WARNING: Number of threads seems too high for short alignments. Use -T AUTO to determine best number of threads.
772  mtInv+F+I     808.239      45  1706.478     1762.424     1831.915
WARNING: Number of threads seems too high for short alignments. Use -T AUTO to determine best number of threads.
773  mtInv+F+G4    807.193      45  1704.386     1760.331     1829.823
WARNING: Number of threads seems too high for short alignments. Use -T AUTO to determine best number of threads.
774  mtInv+F+I+G4  807.174      46  1706.347     1765.580     1834.572
WARNING: Number of threads seems too high for short alignments. Use -T AUTO to determine best number of threads.
775  mtInv+F+R2    808.678      46  1709.357     1768.589     1837.581
WARNING: Number of threads seems too high for short alignments. Use -T AUTO to determine best number of threads.
793  PMB           811.510      25  1673.019     1686.849     1742.707
WARNING: Number of threads seems too high for short alignments. Use -T AUTO to determine best number of threads.
794  PMB+I         805.081      26  1662.162     1677.259     1734.637
WARNING: Number of threads seems too high for short alignments. Use -T AUTO to determine best number of threads.
795  PMB+G4        806.023      26  1664.046     1679.143     1736.521
WARNING: Number of threads seems too high for short alignments. Use -T AUTO to determine best number of threads.
796  PMB+I+G4      805.413      27  1664.827     1681.261     1740.089
WARNING: Number of threads seems too high for short alignments. Use -T AUTO to determine best number of threads.
797  PMB+R2        805.946      27  1665.892     1682.326     1741.154
WARNING: Number of threads seems too high for short alignments. Use -T AUTO to determine best number of threads.
815  PMB+F         804.246      44  1696.492     1749.292     1819.142
WARNING: Number of threads seems too high for short alignments. Use -T AUTO to determine best number of threads.
816  PMB+F+I       798.033      45  1686.066     1742.012     1811.503
WARNING: Number of threads seems too high for short alignments. Use -T AUTO to determine best number of threads.
817  PMB+F+G4      798.939      45  1687.878     1743.823     1813.315
WARNING: Number of threads seems too high for short alignments. Use -T AUTO to determine best number of threads.
818  PMB+F+I+G4    798.330      46  1688.660     1747.892     1816.884
WARNING: Number of threads seems too high for short alignments. Use -T AUTO to determine best number of threads.
819  PMB+F+R2      798.869      46  1689.738     1748.971     1817.963
WARNING: Normalizing state frequencies so that sum of them equals to 1
WARNING: Number of threads seems too high for short alignments. Use -T AUTO to determine best number of threads.
837  Q.bird        833.939      25  1717.879     1731.709     1787.566
WARNING: Normalizing state frequencies so that sum of them equals to 1
WARNING: Number of threads seems too high for short alignments. Use -T AUTO to determine best number of threads.
838  Q.bird+I      816.644      26  1685.288     1700.385     1757.763
WARNING: Normalizing state frequencies so that sum of them equals to 1
WARNING: Number of threads seems too high for short alignments. Use -T AUTO to determine best number of threads.
839  Q.bird+G4     816.977      26  1685.955     1701.052     1758.430
WARNING: Normalizing state frequencies so that sum of them equals to 1
WARNING: Number of threads seems too high for short alignments. Use -T AUTO to determine best number of threads.
840  Q.bird+I+G4   816.607      27  1687.215     1703.650     1762.477
WARNING: Normalizing state frequencies so that sum of them equals to 1
WARNING: Number of threads seems too high for short alignments. Use -T AUTO to determine best number of threads.
841  Q.bird+R2     818.145      27  1690.289     1706.724     1765.552
WARNING: Normalizing state frequencies so that sum of them equals to 1
WARNING: Number of threads seems too high for short alignments. Use -T AUTO to determine best number of threads.
859  Q.bird+F      828.719      44  1745.438     1798.238     1868.087
WARNING: Normalizing state frequencies so that sum of them equals to 1
WARNING: Number of threads seems too high for short alignments. Use -T AUTO to determine best number of threads.
860  Q.bird+F+I    810.537      45  1711.075     1767.021     1836.512
WARNING: Normalizing state frequencies so that sum of them equals to 1
WARNING: Number of threads seems too high for short alignments. Use -T AUTO to determine best number of threads.
861  Q.bird+F+G4   809.945      45  1709.889     1765.835     1835.326
WARNING: Normalizing state frequencies so that sum of them equals to 1
WARNING: Number of threads seems too high for short alignments. Use -T AUTO to determine best number of threads.
862  Q.bird+F+I+G4 809.723      46  1711.446     1770.679     1839.671
WARNING: Normalizing state frequencies so that sum of them equals to 1
WARNING: Number of threads seems too high for short alignments. Use -T AUTO to determine best number of threads.
863  Q.bird+F+R2   811.457      46  1714.915     1774.148     1843.140
WARNING: Number of threads seems too high for short alignments. Use -T AUTO to determine best number of threads.
881  Q.insect      821.683      25  1693.366     1707.196     1763.053
WARNING: Number of threads seems too high for short alignments. Use -T AUTO to determine best number of threads.
882  Q.insect+I    810.828      26  1673.655     1688.752     1746.130
WARNING: Number of threads seems too high for short alignments. Use -T AUTO to determine best number of threads.
883  Q.insect+G4   811.338      26  1674.676     1689.773     1747.151
WARNING: Number of threads seems too high for short alignments. Use -T AUTO to determine best number of threads.
884  Q.insect+I+G4 811.088      27  1676.177     1692.612     1751.439
WARNING: Number of threads seems too high for short alignments. Use -T AUTO to determine best number of threads.
885  Q.insect+R2   811.602      27  1677.203     1693.638     1752.465
WARNING: Number of threads seems too high for short alignments. Use -T AUTO to determine best number of threads.
903  Q.insect+F    809.273      44  1706.546     1759.346     1829.196
WARNING: Number of threads seems too high for short alignments. Use -T AUTO to determine best number of threads.
904  Q.insect+F+I  798.469      45  1686.938     1742.884     1812.376
WARNING: Number of threads seems too high for short alignments. Use -T AUTO to determine best number of threads.
905  Q.insect+F+G4 798.462      45  1686.923     1742.869     1812.360
WARNING: Number of threads seems too high for short alignments. Use -T AUTO to determine best number of threads.
906  Q.insect+F+I+G4 798.329      46  1688.658     1747.891     1816.883
WARNING: Number of threads seems too high for short alignments. Use -T AUTO to determine best number of threads.
907  Q.insect+F+R2 798.811      46  1689.623     1748.856     1817.848
WARNING: Normalizing state frequencies so that sum of them equals to 1
WARNING: Number of threads seems too high for short alignments. Use -T AUTO to determine best number of threads.
925  Q.mammal      827.233      25  1704.467     1718.297     1774.154
WARNING: Normalizing state frequencies so that sum of them equals to 1
WARNING: Number of threads seems too high for short alignments. Use -T AUTO to determine best number of threads.
926  Q.mammal+I    812.516      26  1677.033     1692.130     1749.508
WARNING: Normalizing state frequencies so that sum of them equals to 1
WARNING: Number of threads seems too high for short alignments. Use -T AUTO to determine best number of threads.
927  Q.mammal+G4   812.905      26  1677.810     1692.907     1750.285
WARNING: Normalizing state frequencies so that sum of them equals to 1
WARNING: Number of threads seems too high for short alignments. Use -T AUTO to determine best number of threads.
928  Q.mammal+I+G4 812.633      27  1679.266     1695.701     1754.528
WARNING: Normalizing state frequencies so that sum of them equals to 1
WARNING: Number of threads seems too high for short alignments. Use -T AUTO to determine best number of threads.
929  Q.mammal+R2   813.590      27  1681.181     1697.615     1756.443
WARNING: Normalizing state frequencies so that sum of them equals to 1
WARNING: Number of threads seems too high for short alignments. Use -T AUTO to determine best number of threads.
947  Q.mammal+F    821.929      44  1731.857     1784.657     1854.507
WARNING: Normalizing state frequencies so that sum of them equals to 1
WARNING: Number of threads seems too high for short alignments. Use -T AUTO to determine best number of threads.
948  Q.mammal+F+I  806.841      45  1703.682     1759.628     1829.119
WARNING: Normalizing state frequencies so that sum of them equals to 1
WARNING: Number of threads seems too high for short alignments. Use -T AUTO to determine best number of threads.
949  Q.mammal+F+G4 806.586      45  1703.172     1759.118     1828.609
WARNING: Normalizing state frequencies so that sum of them equals to 1
WARNING: Number of threads seems too high for short alignments. Use -T AUTO to determine best number of threads.
950  Q.mammal+F+I+G4 806.430      46  1704.860     1764.093     1833.085
WARNING: Normalizing state frequencies so that sum of them equals to 1
WARNING: Number of threads seems too high for short alignments. Use -T AUTO to determine best number of threads.
951  Q.mammal+F+R2 807.458      46  1706.916     1766.149     1835.141
WARNING: Normalizing state frequencies so that sum of them equals to 1
WARNING: Number of threads seems too high for short alignments. Use -T AUTO to determine best number of threads.
969  Q.pfam        810.793      25  1671.586     1685.415     1741.273
WARNING: Normalizing state frequencies so that sum of them equals to 1
WARNING: Number of threads seems too high for short alignments. Use -T AUTO to determine best number of threads.
970  Q.pfam+I      801.878      26  1655.757     1670.854     1728.232
WARNING: Normalizing state frequencies so that sum of them equals to 1
WARNING: Number of threads seems too high for short alignments. Use -T AUTO to determine best number of threads.
971  Q.pfam+G4     802.651      26  1657.301     1672.398     1729.776
WARNING: Normalizing state frequencies so that sum of them equals to 1
WARNING: Number of threads seems too high for short alignments. Use -T AUTO to determine best number of threads.
972  Q.pfam+I+G4   802.226      27  1658.451     1674.886     1733.713
WARNING: Normalizing state frequencies so that sum of them equals to 1
WARNING: Number of threads seems too high for short alignments. Use -T AUTO to determine best number of threads.
973  Q.pfam+R2     802.665      27  1659.329     1675.764     1734.592
WARNING: Normalizing state frequencies so that sum of them equals to 1
WARNING: Number of threads seems too high for short alignments. Use -T AUTO to determine best number of threads.
991  Q.pfam+F      805.061      44  1698.121     1750.921     1820.771
WARNING: Normalizing state frequencies so that sum of them equals to 1
WARNING: Number of threads seems too high for short alignments. Use -T AUTO to determine best number of threads.
992  Q.pfam+F+I    795.788      45  1681.575     1737.521     1807.012
WARNING: Normalizing state frequencies so that sum of them equals to 1
WARNING: Number of threads seems too high for short alignments. Use -T AUTO to determine best number of threads.
993  Q.pfam+F+G4   796.431      45  1682.862     1738.808     1808.299
WARNING: Normalizing state frequencies so that sum of them equals to 1
WARNING: Number of threads seems too high for short alignments. Use -T AUTO to determine best number of threads.
994  Q.pfam+F+I+G4 796.051      46  1684.102     1743.335     1812.327
WARNING: Normalizing state frequencies so that sum of them equals to 1
WARNING: Number of threads seems too high for short alignments. Use -T AUTO to determine best number of threads.
995  Q.pfam+F+R2   796.546      46  1685.092     1744.325     1813.316
WARNING: Normalizing state frequencies so that sum of them equals to 1
WARNING: Number of threads seems too high for short alignments. Use -T AUTO to determine best number of threads.
1013  Q.plant       829.037      25  1708.074     1721.904     1777.761
WARNING: Normalizing state frequencies so that sum of them equals to 1
WARNING: Number of threads seems too high for short alignments. Use -T AUTO to determine best number of threads.
1014  Q.plant+I     812.604      26  1677.208     1692.305     1749.683
WARNING: Normalizing state frequencies so that sum of them equals to 1
WARNING: Number of threads seems too high for short alignments. Use -T AUTO to determine best number of threads.
1015  Q.plant+G4    814.049      26  1680.097     1695.194     1752.572
WARNING: Normalizing state frequencies so that sum of them equals to 1
WARNING: Number of threads seems too high for short alignments. Use -T AUTO to determine best number of threads.
1016  Q.plant+I+G4  813.507      27  1681.013     1697.448     1756.276
WARNING: Normalizing state frequencies so that sum of them equals to 1
WARNING: Number of threads seems too high for short alignments. Use -T AUTO to determine best number of threads.
1017  Q.plant+R2    814.883      27  1683.765     1700.200     1759.028
WARNING: Normalizing state frequencies so that sum of them equals to 1
WARNING: Number of threads seems too high for short alignments. Use -T AUTO to determine best number of threads.
1035  Q.plant+F     819.279      44  1726.558     1779.358     1849.208
WARNING: Normalizing state frequencies so that sum of them equals to 1
WARNING: Number of threads seems too high for short alignments. Use -T AUTO to determine best number of threads.
1036  Q.plant+F+I   803.032      45  1696.064     1752.010     1821.501
WARNING: Normalizing state frequencies so that sum of them equals to 1
WARNING: Number of threads seems too high for short alignments. Use -T AUTO to determine best number of threads.
1037  Q.plant+F+G4  803.597      45  1697.195     1753.141     1822.632
WARNING: Normalizing state frequencies so that sum of them equals to 1
WARNING: Number of threads seems too high for short alignments. Use -T AUTO to determine best number of threads.
1038  Q.plant+F+I+G4 803.243      46  1698.486     1757.719     1826.711
WARNING: Normalizing state frequencies so that sum of them equals to 1
WARNING: Number of threads seems too high for short alignments. Use -T AUTO to determine best number of threads.
1039  Q.plant+F+R2  804.676      46  1701.353     1760.586     1829.577
WARNING: Normalizing state frequencies so that sum of them equals to 1
WARNING: Number of threads seems too high for short alignments. Use -T AUTO to determine best number of threads.
1057  Q.yeast       824.893      25  1699.786     1713.616     1769.473
WARNING: Normalizing state frequencies so that sum of them equals to 1
WARNING: Number of threads seems too high for short alignments. Use -T AUTO to determine best number of threads.
1058  Q.yeast+I     814.856      26  1681.712     1696.809     1754.187
WARNING: Normalizing state frequencies so that sum of them equals to 1
WARNING: Number of threads seems too high for short alignments. Use -T AUTO to determine best number of threads.
1059  Q.yeast+G4    815.245      26  1682.490     1697.587     1754.965
WARNING: Normalizing state frequencies so that sum of them equals to 1
WARNING: Number of threads seems too high for short alignments. Use -T AUTO to determine best number of threads.
1060  Q.yeast+I+G4  814.964      27  1683.928     1700.363     1759.191
WARNING: Normalizing state frequencies so that sum of them equals to 1
WARNING: Number of threads seems too high for short alignments. Use -T AUTO to determine best number of threads.
1061  Q.yeast+R2    815.509      27  1685.018     1701.453     1760.281
WARNING: Normalizing state frequencies so that sum of them equals to 1
WARNING: Number of threads seems too high for short alignments. Use -T AUTO to determine best number of threads.
1079  Q.yeast+F     809.068      44  1706.137     1758.937     1828.786
WARNING: Normalizing state frequencies so that sum of them equals to 1
WARNING: Number of threads seems too high for short alignments. Use -T AUTO to determine best number of threads.
1080  Q.yeast+F+I   798.554      45  1687.107     1743.053     1812.544
WARNING: Normalizing state frequencies so that sum of them equals to 1
WARNING: Number of threads seems too high for short alignments. Use -T AUTO to determine best number of threads.
1081  Q.yeast+F+G4  798.558      45  1687.116     1743.062     1812.553
WARNING: Normalizing state frequencies so that sum of them equals to 1
WARNING: Number of threads seems too high for short alignments. Use -T AUTO to determine best number of threads.
1082  Q.yeast+F+I+G4 798.364      46  1688.728     1747.961     1816.953
WARNING: Normalizing state frequencies so that sum of them equals to 1
WARNING: Number of threads seems too high for short alignments. Use -T AUTO to determine best number of threads.
1083  Q.yeast+F+R2  799.009      46  1690.018     1749.251     1818.243
WARNING: Number of threads seems too high for short alignments. Use -T AUTO to determine best number of threads.
1101  rtREV         815.606      25  1681.212     1695.042     1750.899
WARNING: Number of threads seems too high for short alignments. Use -T AUTO to determine best number of threads.
1102  rtREV+I       807.676      26  1667.352     1682.448     1739.826
WARNING: Number of threads seems too high for short alignments. Use -T AUTO to determine best number of threads.
1103  rtREV+G4      808.052      26  1668.105     1683.201     1740.579
WARNING: Number of threads seems too high for short alignments. Use -T AUTO to determine best number of threads.
1104  rtREV+I+G4    807.724      27  1669.449     1685.883     1744.711
WARNING: Number of threads seems too high for short alignments. Use -T AUTO to determine best number of threads.
1105  rtREV+R2      808.078      27  1670.157     1686.591     1745.419
WARNING: Number of threads seems too high for short alignments. Use -T AUTO to determine best number of threads.
1123  rtREV+F       803.846      44  1695.692     1748.492     1818.341
WARNING: Number of threads seems too high for short alignments. Use -T AUTO to determine best number of threads.
1124  rtREV+F+I     794.856      45  1679.711     1735.657     1805.149
WARNING: Number of threads seems too high for short alignments. Use -T AUTO to determine best number of threads.
1125  rtREV+F+G4    794.997      45  1679.995     1735.941     1805.432
WARNING: Number of threads seems too high for short alignments. Use -T AUTO to determine best number of threads.
1126  rtREV+F+I+G4  794.733      46  1681.466     1740.699     1809.691
WARNING: Number of threads seems too high for short alignments. Use -T AUTO to determine best number of threads.
1127  rtREV+F+R2    795.191      46  1682.382     1741.614     1810.606
WARNING: Number of threads seems too high for short alignments. Use -T AUTO to determine best number of threads.
1145  VT            807.671      25  1665.342     1679.171     1735.029
WARNING: Number of threads seems too high for short alignments. Use -T AUTO to determine best number of threads.
1146  VT+I          802.233      26  1656.467     1671.563     1728.941
WARNING: Number of threads seems too high for short alignments. Use -T AUTO to determine best number of threads.
1147  VT+G4         802.785      26  1657.571     1672.668     1730.046
WARNING: Number of threads seems too high for short alignments. Use -T AUTO to determine best number of threads.
1148  VT+I+G4       802.383      27  1658.766     1675.200     1734.028
WARNING: Number of threads seems too high for short alignments. Use -T AUTO to determine best number of threads.
1149  VT+R2         802.788      27  1659.576     1676.010     1734.838
WARNING: Number of threads seems too high for short alignments. Use -T AUTO to determine best number of threads.
1167  VT+F          799.966      44  1687.932     1740.732     1810.581
WARNING: Number of threads seems too high for short alignments. Use -T AUTO to determine best number of threads.
1168  VT+F+I        794.435      45  1678.869     1734.815     1804.306
WARNING: Number of threads seems too high for short alignments. Use -T AUTO to determine best number of threads.
1169  VT+F+G4       794.978      45  1679.956     1735.902     1805.393
WARNING: Number of threads seems too high for short alignments. Use -T AUTO to determine best number of threads.
1170  VT+F+I+G4     794.581      46  1681.162     1740.395     1809.386
WARNING: Number of threads seems too high for short alignments. Use -T AUTO to determine best number of threads.
1171  VT+F+R2       795.008      46  1682.016     1741.249     1810.240
WARNING: Number of threads seems too high for short alignments. Use -T AUTO to determine best number of threads.
1189  WAG           807.100      25  1664.199     1678.029     1733.886
WARNING: Number of threads seems too high for short alignments. Use -T AUTO to determine best number of threads.
1190  WAG+I         801.091      26  1654.181     1669.278     1726.656
WARNING: Number of threads seems too high for short alignments. Use -T AUTO to determine best number of threads.
1191  WAG+G4        801.601      26  1655.201     1670.298     1727.676
WARNING: Number of threads seems too high for short alignments. Use -T AUTO to determine best number of threads.
1192  WAG+I+G4      801.224      27  1656.449     1672.883     1731.711
WARNING: Number of threads seems too high for short alignments. Use -T AUTO to determine best number of threads.
1193  WAG+R2        801.557      27  1657.115     1673.550     1732.377
WARNING: Number of threads seems too high for short alignments. Use -T AUTO to determine best number of threads.
1211  WAG+F         799.172      44  1686.343     1739.143     1808.993
WARNING: Number of threads seems too high for short alignments. Use -T AUTO to determine best number of threads.
1212  WAG+F+I       793.053      45  1676.107     1732.053     1801.544
WARNING: Number of threads seems too high for short alignments. Use -T AUTO to determine best number of threads.
1213  WAG+F+G4      793.566      45  1677.132     1733.078     1802.569
WARNING: Number of threads seems too high for short alignments. Use -T AUTO to determine best number of threads.
1214  WAG+F+I+G4    793.184      46  1678.369     1737.602     1806.593
WARNING: Number of threads seems too high for short alignments. Use -T AUTO to determine best number of threads.
1215  WAG+F+R2      793.574      46  1679.148     1738.381     1807.372
Reading model parameters from file Q.iridoviridae
WARNING: Number of threads seems too high for short alignments. Use -T AUTO to determine best number of threads.
1233  Q.iridoviridae 809.150      25  1668.300     1682.129     1737.987
Reading model parameters from file Q.iridoviridae
WARNING: Number of threads seems too high for short alignments. Use -T AUTO to determine best number of threads.
1234  Q.iridoviridae+I 802.542      26  1657.085     1672.182     1729.560
Reading model parameters from file Q.iridoviridae
WARNING: Number of threads seems too high for short alignments. Use -T AUTO to determine best number of threads.
1235  Q.iridoviridae+G4 802.987      26  1657.973     1673.070     1730.448
Reading model parameters from file Q.iridoviridae
WARNING: Number of threads seems too high for short alignments. Use -T AUTO to determine best number of threads.
1236  Q.iridoviridae+I+G4 802.646      27  1659.293     1675.727     1734.555
Reading model parameters from file Q.iridoviridae
WARNING: Number of threads seems too high for short alignments. Use -T AUTO to determine best number of threads.
1237  Q.iridoviridae+R2 802.960      27  1659.920     1676.355     1735.183
Reading model parameters from file Q.iridoviridae
WARNING: Number of threads seems too high for short alignments. Use -T AUTO to determine best number of threads.
1255  Q.iridoviridae+F 797.386      44  1682.771     1735.571     1805.421
Reading model parameters from file Q.iridoviridae
WARNING: Number of threads seems too high for short alignments. Use -T AUTO to determine best number of threads.
1256  Q.iridoviridae+F+I 790.782      45  1671.563     1727.509     1797.000
Reading model parameters from file Q.iridoviridae
WARNING: Number of threads seems too high for short alignments. Use -T AUTO to determine best number of threads.
1257  Q.iridoviridae+F+G4 791.002      45  1672.004     1727.950     1797.442
Reading model parameters from file Q.iridoviridae
WARNING: Number of threads seems too high for short alignments. Use -T AUTO to determine best number of threads.
1258  Q.iridoviridae+F+I+G4 790.761      46  1673.522     1732.755     1801.746
Reading model parameters from file Q.iridoviridae
WARNING: Number of threads seems too high for short alignments. Use -T AUTO to determine best number of threads.
1259  Q.iridoviridae+F+R2 791.031      46  1674.062     1733.294     1802.286
Reading model parameters from file Q.mcv
WARNING: Normalizing state frequencies so that sum of them equals to 1
WARNING: Number of threads seems too high for short alignments. Use -T AUTO to determine best number of threads.
1277  Q.mcv         803.923      25  1657.845     1671.675     1727.532
Reading model parameters from file Q.mcv
WARNING: Normalizing state frequencies so that sum of them equals to 1
WARNING: Number of threads seems too high for short alignments. Use -T AUTO to determine best number of threads.
1278  Q.mcv+I       795.668      26  1643.337     1658.434     1715.812
Reading model parameters from file Q.mcv
WARNING: Normalizing state frequencies so that sum of them equals to 1
WARNING: Number of threads seems too high for short alignments. Use -T AUTO to determine best number of threads.
1279  Q.mcv+G4      796.413      26  1644.826     1659.923     1717.301
Reading model parameters from file Q.mcv
WARNING: Normalizing state frequencies so that sum of them equals to 1
WARNING: Number of threads seems too high for short alignments. Use -T AUTO to determine best number of threads.
1280  Q.mcv+I+G4    795.947      27  1645.894     1662.329     1721.156
Reading model parameters from file Q.mcv
WARNING: Normalizing state frequencies so that sum of them equals to 1
WARNING: Number of threads seems too high for short alignments. Use -T AUTO to determine best number of threads.
1281  Q.mcv+R2      796.388      27  1646.776     1663.211     1722.039
Reading model parameters from file Q.mcv
WARNING: Normalizing state frequencies so that sum of them equals to 1
WARNING: Number of threads seems too high for short alignments. Use -T AUTO to determine best number of threads.
1299  Q.mcv+F       801.000      44  1689.999     1742.799     1812.649
Reading model parameters from file Q.mcv
WARNING: Normalizing state frequencies so that sum of them equals to 1
WARNING: Number of threads seems too high for short alignments. Use -T AUTO to determine best number of threads.
1300  Q.mcv+F+I     793.668      45  1677.335     1733.281     1802.772
Reading model parameters from file Q.mcv
WARNING: Normalizing state frequencies so that sum of them equals to 1
WARNING: Number of threads seems too high for short alignments. Use -T AUTO to determine best number of threads.
1301  Q.mcv+F+G4    794.020      45  1678.039     1733.985     1803.476
Reading model parameters from file Q.mcv
WARNING: Normalizing state frequencies so that sum of them equals to 1
WARNING: Number of threads seems too high for short alignments. Use -T AUTO to determine best number of threads.
1302  Q.mcv+F+I+G4  793.711      46  1679.421     1738.654     1807.646
Reading model parameters from file Q.mcv
WARNING: Normalizing state frequencies so that sum of them equals to 1
WARNING: Number of threads seems too high for short alignments. Use -T AUTO to determine best number of threads.
1303  Q.mcv+F+R2    794.071      46  1680.143     1739.375     1808.367
Akaike Information Criterion:           Q.mcv+I
Corrected Akaike Information Criterion: Q.mcv+I
Bayesian Information Criterion:         Q.mcv+I
Best-fit model: Q.mcv+I chosen according to BIC

All model information printed to iqtree_genus/OG0000016.fasta.model.gz
CPU time for ModelFinder: 13.641 seconds (0h:0m:13s)
Wall-clock time for ModelFinder: 3.678 seconds (0h:0m:3s)
Generating 1000 samples for ultrafast bootstrap (seed: 837591)...
Reading model parameters from file Q.mcv
WARNING: Normalizing state frequencies so that sum of them equals to 1

NOTE: 0 MB RAM (0 GB) is required!
WARNING: Number of threads seems too high for short alignments. Use -T AUTO to determine best number of threads.
Estimate model parameters (epsilon = 0.100)
1. Initial log-likelihood: -795.668
Optimal log-likelihood: -795.668
Proportion of invariable sites: 0.374
Parameters optimization took 1 rounds (0.001 sec)
Wrote distance file to... 
Computing ML distances based on estimated model parameters...
Calculating distance matrix: done in 0.00124097 secs using 400.1% CPU
Computing ML distances took 0.001277 sec (of wall-clock time) 0.005056 sec (of CPU time)
Setting up auxiliary I and S matrices: done in 0.000135899 secs using 526.9% CPU
Constructing RapidNJ tree: done in 0.000316143 secs using 275.2% CPU
Computing RapidNJ tree took 0.000526 sec (of wall-clock time) 0.001885 sec (of CPU time)
Log-likelihood of RapidNJ tree: -795.669
--------------------------------------------------------------------
|             INITIALIZING CANDIDATE TREE SET                      |
--------------------------------------------------------------------
Generating 98 parsimony trees... 0.023 second
Computing log-likelihood of 97 initial trees ... 0.056 seconds
Current best score: -795.668

Do NNI search on 20 best initial trees
Optimizing NNI: done in 0.00336313 secs using 393.2% CPU
Estimate model parameters (epsilon = 0.100)
BETTER TREE FOUND at iteration 1: -795.668
Optimizing NNI: done in 0.00324583 secs using 423.8% CPU
Optimizing NNI: done in 0.00683522 secs using 420.4% CPU
Optimizing NNI: done in 0.00692892 secs using 426.3% CPU
Optimizing NNI: done in 0.00683308 secs using 419.7% CPU
Optimizing NNI: done in 0.00682998 secs using 432.7% CPU
Optimizing NNI: done in 0.00692105 secs using 431.8% CPU
Optimizing NNI: done in 0.00700307 secs using 414.6% CPU
Optimizing NNI: done in 0.00690579 secs using 413.1% CPU
Optimizing NNI: done in 0.00701308 secs using 423.3% CPU
Iteration 10 / LogL: -795.668 / Time: 0h:0m:0s
Optimizing NNI: done in 0.00699806 secs using 433.7% CPU
Optimizing NNI: done in 0.006881 secs using 410.4% CPU
Optimizing NNI: done in 0.00701022 secs using 405.2% CPU
Optimizing NNI: done in 0.00688004 secs using 432.4% CPU
Optimizing NNI: done in 0.00681901 secs using 428.8% CPU
Optimizing NNI: done in 0.00697494 secs using 411.8% CPU
Optimizing NNI: done in 0.00680995 secs using 432.2% CPU
Optimizing NNI: done in 0.00684619 secs using 390.7% CPU
Optimizing NNI: done in 0.00685406 secs using 374.4% CPU
Optimizing NNI: done in 0.00686502 secs using 394.6% CPU
Iteration 20 / LogL: -795.668 / Time: 0h:0m:0s
Finish initializing candidate tree set (16)
Current best tree score: -795.668 / CPU time: 0.218
Number of iterations: 20
--------------------------------------------------------------------
|               OPTIMIZING CANDIDATE TREE SET                      |
--------------------------------------------------------------------
Optimizing NNI: done in 0.00767303 secs using 344.7% CPU
Optimizing NNI: done in 0.017128 secs using 392.7% CPU
Optimizing NNI: done in 0.00349808 secs using 368.5% CPU
Optimizing NNI: done in 0.016623 secs using 389.7% CPU
Optimizing NNI: done in 0.00688195 secs using 385.2% CPU
Optimizing NNI: done in 0.0110469 secs using 379.7% CPU
Optimizing NNI: done in 0.0271051 secs using 395.7% CPU
Optimizing NNI: done in 0.006639 secs using 384.3% CPU
Optimizing NNI: done in 0.0208199 secs using 382.4% CPU
Optimizing NNI: done in 0.0175321 secs using 389.1% CPU
Iteration 30 / LogL: -795.670 / Time: 0h:0m:0s (0h:0m:0s left)
Optimizing NNI: done in 0.0177341 secs using 379.4% CPU
Optimizing NNI: done in 0.0216801 secs using 394.7% CPU
Optimizing NNI: done in 0.0209708 secs using 393.3% CPU
Optimizing NNI: done in 0.0179591 secs using 385.8% CPU
Optimizing NNI: done in 0.0241401 secs using 397.3% CPU
Optimizing NNI: done in 0.00641799 secs using 376.1% CPU
Optimizing NNI: done in 0.017725 secs using 392.4% CPU
Optimizing NNI: done in 0.0173309 secs using 395.1% CPU
Optimizing NNI: done in 0.00922513 secs using 364.6% CPU
Optimizing NNI: done in 0.0214062 secs using 388.6% CPU
Iteration 40 / LogL: -795.669 / Time: 0h:0m:0s (0h:0m:0s left)
Optimizing NNI: done in 0.0244951 secs using 391.8% CPU
Optimizing NNI: done in 0.0148971 secs using 389.2% CPU
Optimizing NNI: done in 0.013272 secs using 374.4% CPU
Optimizing NNI: done in 0.00693512 secs using 363.7% CPU
UPDATE BEST LOG-LIKELIHOOD: -795.668
Optimizing NNI: done in 0.017792 secs using 371.6% CPU
Optimizing NNI: done in 0.010829 secs using 377.2% CPU
Optimizing NNI: done in 0.0169961 secs using 391.3% CPU
Optimizing NNI: done in 0.0115571 secs using 370.1% CPU
Optimizing NNI: done in 0.0170591 secs using 392.9% CPU
Optimizing NNI: done in 0.0105109 secs using 370.3% CPU
Iteration 50 / LogL: -795.669 / Time: 0h:0m:0s (0h:0m:0s left)
Log-likelihood cutoff on original alignment: -810.464
Optimizing NNI: done in 0.0100379 secs using 364.2% CPU
Optimizing NNI: done in 0.014951 secs using 395.5% CPU
Optimizing NNI: done in 0.0102921 secs using 384.9% CPU
Optimizing NNI: done in 0.00651908 secs using 379.8% CPU
Optimizing NNI: done in 0.0141721 secs using 393.3% CPU
Optimizing NNI: done in 0.0161052 secs using 394% CPU
Optimizing NNI: done in 0.01559 secs using 392.2% CPU
Optimizing NNI: done in 0.00712204 secs using 385.9% CPU
Optimizing NNI: done in 0.0105991 secs using 382.5% CPU
Optimizing NNI: done in 0.0175779 secs using 394.7% CPU
Iteration 60 / LogL: -795.669 / Time: 0h:0m:0s (0h:0m:0s left)
Optimizing NNI: done in 0.022464 secs using 394.6% CPU
Optimizing NNI: done in 0.0105331 secs using 363.1% CPU
Optimizing NNI: done in 0.010253 secs using 358.2% CPU
Optimizing NNI: done in 0.0139441 secs using 387.3% CPU
Optimizing NNI: done in 0.0105441 secs using 386.1% CPU
Optimizing NNI: done in 0.0208762 secs using 398.8% CPU
Optimizing NNI: done in 0.00745988 secs using 365.4% CPU
Optimizing NNI: done in 0.0140469 secs using 396.1% CPU
Optimizing NNI: done in 0.0107 secs using 387.1% CPU
Optimizing NNI: done in 0.0211251 secs using 395% CPU
Iteration 70 / LogL: -795.668 / Time: 0h:0m:1s (0h:0m:0s left)
Optimizing NNI: done in 0.024719 secs using 395.4% CPU
Optimizing NNI: done in 0.0074501 secs using 396.5% CPU
Optimizing NNI: done in 0.013257 secs using 375.3% CPU
Optimizing NNI: done in 0.012779 secs using 382.5% CPU
Optimizing NNI: done in 0.0213091 secs using 393.4% CPU
Optimizing NNI: done in 0.0139749 secs using 383.7% CPU
Optimizing NNI: done in 0.006531 secs using 378.6% CPU
Optimizing NNI: done in 0.0245349 secs using 396.2% CPU
Optimizing NNI: done in 0.0236509 secs using 395.1% CPU
Optimizing NNI: done in 0.0105488 secs using 382.7% CPU
Iteration 80 / LogL: -795.669 / Time: 0h:0m:1s (0h:0m:0s left)
Optimizing NNI: done in 0.017746 secs using 394.3% CPU
Optimizing NNI: done in 0.0211639 secs using 394% CPU
Optimizing NNI: done in 0.0107648 secs using 369.8% CPU
Optimizing NNI: done in 0.0207651 secs using 389% CPU
Optimizing NNI: done in 0.0175538 secs using 387.5% CPU
Optimizing NNI: done in 0.0176401 secs using 386.4% CPU
Optimizing NNI: done in 0.0171292 secs using 390.7% CPU
Optimizing NNI: done in 0.013586 secs using 386.4% CPU
Optimizing NNI: done in 0.01354 secs using 392.5% CPU
Optimizing NNI: done in 0.00727987 secs using 341.8% CPU
Iteration 90 / LogL: -795.670 / Time: 0h:0m:1s (0h:0m:0s left)
Optimizing NNI: done in 0.0141189 secs using 386.7% CPU
Optimizing NNI: done in 0.0211442 secs using 394.4% CPU
Optimizing NNI: done in 0.0172701 secs using 369.7% CPU
Optimizing NNI: done in 0.010246 secs using 334.2% CPU
Optimizing NNI: done in 0.0289099 secs using 390.5% CPU
Optimizing NNI: done in 0.0102999 secs using 333% CPU
Optimizing NNI: done in 0.00826311 secs using 390.4% CPU
Optimizing NNI: done in 0.0180211 secs using 432.8% CPU
Optimizing NNI: done in 0.00601912 secs using 294.5% CPU
Optimizing NNI: done in 0.0168679 secs using 384.5% CPU
Iteration 100 / LogL: -795.669 / Time: 0h:0m:1s (0h:0m:0s left)
Log-likelihood cutoff on original alignment: -810.464
NOTE: Bootstrap correlation coefficient of split occurrence frequencies: 0.985
NOTE: UFBoot does not converge, continue at least 100 more iterations
Optimizing NNI: done in 0.010159 secs using 449.3% CPU
Optimizing NNI: done in 0.00857496 secs using 519.8% CPU
Optimizing NNI: done in 0.00311899 secs using 484.7% CPU
Optimizing NNI: done in 0.01842 secs using 375.8% CPU
Optimizing NNI: done in 0.029567 secs using 410.5% CPU
Optimizing NNI: done in 0.0064621 secs using 396.9% CPU
Optimizing NNI: done in 0.0116711 secs using 392.4% CPU
Optimizing NNI: done in 0.010915 secs using 391.9% CPU
Optimizing NNI: done in 0.0160079 secs using 395.6% CPU
Optimizing NNI: done in 0.00798202 secs using 392.9% CPU
Iteration 110 / LogL: -809.081 / Time: 0h:0m:1s (0h:0m:1s left)
Optimizing NNI: done in 0.0188482 secs using 394.5% CPU
Optimizing NNI: done in 0.034929 secs using 395% CPU
Optimizing NNI: done in 0.018379 secs using 393% CPU
Optimizing NNI: done in 0.0188942 secs using 389.4% CPU
Optimizing NNI: done in 0.0110979 secs using 371.1% CPU
Optimizing NNI: done in 0.00611019 secs using 393.5% CPU
Optimizing NNI: done in 0.0118701 secs using 391.5% CPU
Optimizing NNI: done in 0.014806 secs using 399% CPU
Optimizing NNI: done in 0.0171971 secs using 393.6% CPU
Optimizing NNI: done in 0.00652981 secs using 376.3% CPU
Iteration 120 / LogL: -795.669 / Time: 0h:0m:1s (0h:0m:1s left)
Optimizing NNI: done in 0.0173278 secs using 394.9% CPU
Optimizing NNI: done in 0.0109968 secs using 373.5% CPU
Optimizing NNI: done in 0.00337696 secs using 384% CPU
BETTER TREE FOUND at iteration 123: -795.668
Optimizing NNI: done in 0.020582 secs using 395.1% CPU
Optimizing NNI: done in 0.017735 secs using 391.2% CPU
Optimizing NNI: done in 0.0139961 secs using 387% CPU
Optimizing NNI: done in 0.0165739 secs using 393% CPU
Optimizing NNI: done in 0.0108678 secs using 378.8% CPU
Optimizing NNI: done in 0.00836301 secs using 369.7% CPU
Optimizing NNI: done in 0.00714087 secs using 358.7% CPU
UPDATE BEST LOG-LIKELIHOOD: -795.668
Iteration 130 / LogL: -795.668 / Time: 0h:0m:2s (0h:0m:1s left)
Optimizing NNI: done in 0.0143111 secs using 398.5% CPU
Optimizing NNI: done in 0.00639391 secs using 372.9% CPU
Optimizing NNI: done in 0.0243871 secs using 399.9% CPU
Optimizing NNI: done in 0.0104609 secs using 382.8% CPU
Optimizing NNI: done in 0.0103691 secs using 374.2% CPU
Optimizing NNI: done in 0.00768805 secs using 390.2% CPU
Optimizing NNI: done in 0.00353503 secs using 322.6% CPU
Optimizing NNI: done in 0.021841 secs using 395.1% CPU
Optimizing NNI: done in 0.0249031 secs using 395.6% CPU
Optimizing NNI: done in 0.0181491 secs using 393.1% CPU
Iteration 140 / LogL: -795.670 / Time: 0h:0m:2s (0h:0m:1s left)
Optimizing NNI: done in 0.00591421 secs using 343.4% CPU
Optimizing NNI: done in 0.024992 secs using 393.1% CPU
Optimizing NNI: done in 0.013135 secs using 374.6% CPU
Optimizing NNI: done in 0.0067451 secs using 351.3% CPU
Optimizing NNI: done in 0.0070262 secs using 373.8% CPU
Optimizing NNI: done in 0.0145109 secs using 380.5% CPU
Optimizing NNI: done in 0.0150599 secs using 392.2% CPU
Optimizing NNI: done in 0.00698113 secs using 370.8% CPU
Optimizing NNI: done in 0.0137911 secs using 383.8% CPU
Optimizing NNI: done in 0.021569 secs using 394.5% CPU
Iteration 150 / LogL: -795.668 / Time: 0h:0m:2s (0h:0m:1s left)
Log-likelihood cutoff on original alignment: -811.852
Optimizing NNI: done in 0.010345 secs using 390.1% CPU
Optimizing NNI: done in 0.0101008 secs using 370.5% CPU
Optimizing NNI: done in 0.017312 secs using 386.4% CPU
Optimizing NNI: done in 0.0107219 secs using 389.8% CPU
Optimizing NNI: done in 0.02496 secs using 395.1% CPU
Optimizing NNI: done in 0.0212979 secs using 395.6% CPU
Optimizing NNI: done in 0.01175 secs using 393.7% CPU
Optimizing NNI: done in 0.00650811 secs using 343.7% CPU
Optimizing NNI: done in 0.0176859 secs using 394.2% CPU
Optimizing NNI: done in 0.0175009 secs using 398.7% CPU
Iteration 160 / LogL: -795.669 / Time: 0h:0m:2s (0h:0m:1s left)
Optimizing NNI: done in 0.00992799 secs using 385.5% CPU
Optimizing NNI: done in 0.0108449 secs using 374.4% CPU
Optimizing NNI: done in 0.0215259 secs using 395% CPU
Optimizing NNI: done in 0.0177598 secs using 393.8% CPU
Optimizing NNI: done in 0.014775 secs using 391.8% CPU
Optimizing NNI: done in 0.0195971 secs using 394.8% CPU
Optimizing NNI: done in 0.016046 secs using 394.2% CPU
Optimizing NNI: done in 0.016191 secs using 394.4% CPU
Optimizing NNI: done in 0.00639319 secs using 348.4% CPU
Optimizing NNI: done in 0.015265 secs using 394% CPU
Iteration 170 / LogL: -795.669 / Time: 0h:0m:2s (0h:0m:0s left)
Optimizing NNI: done in 0.00928903 secs using 391.1% CPU
Optimizing NNI: done in 0.0152721 secs using 390.8% CPU
Optimizing NNI: done in 0.0152371 secs using 397.4% CPU
Optimizing NNI: done in 0.00881195 secs using 366.8% CPU
Optimizing NNI: done in 0.028007 secs using 396.9% CPU
Optimizing NNI: done in 0.00916815 secs using 385.6% CPU
Optimizing NNI: done in 0.0150101 secs using 391.9% CPU
Optimizing NNI: done in 0.00617003 secs using 374.1% CPU
Optimizing NNI: done in 0.0205982 secs using 396.5% CPU
Optimizing NNI: done in 0.00875401 secs using 347.3% CPU
Iteration 180 / LogL: -795.669 / Time: 0h:0m:2s (0h:0m:0s left)
Optimizing NNI: done in 0.021734 secs using 395.4% CPU
Optimizing NNI: done in 0.0116649 secs using 375.5% CPU
Optimizing NNI: done in 0.0185211 secs using 395.4% CPU
Optimizing NNI: done in 0.00633979 secs using 390% CPU
Optimizing NNI: done in 0.017626 secs using 397% CPU
Optimizing NNI: done in 0.0154898 secs using 393.7% CPU
Optimizing NNI: done in 0.00459003 secs using 339.7% CPU
Optimizing NNI: done in 0.018594 secs using 393.1% CPU
Optimizing NNI: done in 0.0182002 secs using 399.1% CPU
Optimizing NNI: done in 0.0153499 secs using 376.3% CPU
Iteration 190 / LogL: -798.220 / Time: 0h:0m:3s (0h:0m:0s left)
Optimizing NNI: done in 0.00573802 secs using 295.2% CPU
Optimizing NNI: done in 0.0146239 secs using 387.9% CPU
Optimizing NNI: done in 0.014802 secs using 384.1% CPU
Optimizing NNI: done in 0.0241039 secs using 398.9% CPU
Optimizing NNI: done in 0.0184231 secs using 388% CPU
Optimizing NNI: done in 0.00564599 secs using 335.8% CPU
Optimizing NNI: done in 0.005301 secs using 388.5% CPU
Optimizing NNI: done in 0.00881696 secs using 375.7% CPU
Optimizing NNI: done in 0.012084 secs using 391.5% CPU
Optimizing NNI: done in 0.00873709 secs using 387.8% CPU
Iteration 200 / LogL: -798.220 / Time: 0h:0m:3s (0h:0m:0s left)
Log-likelihood cutoff on original alignment: -810.896
NOTE: Bootstrap correlation coefficient of split occurrence frequencies: 0.994
Optimizing NNI: done in 0.00881386 secs using 379.9% CPU
Optimizing NNI: done in 0.00923181 secs using 384.8% CPU
Optimizing NNI: done in 0.0119321 secs using 392.9% CPU
Optimizing NNI: done in 0.0195489 secs using 394.9% CPU
Optimizing NNI: done in 0.018281 secs using 394.2% CPU
Optimizing NNI: done in 0.00607705 secs using 274.2% CPU
Optimizing NNI: done in 0.0178139 secs using 396.4% CPU
Optimizing NNI: done in 0.0114779 secs using 381.3% CPU
Optimizing NNI: done in 0.008811 secs using 384.2% CPU
Optimizing NNI: done in 0.017545 secs using 395% CPU
Iteration 210 / LogL: -795.669 / Time: 0h:0m:3s (0h:0m:1s left)
Optimizing NNI: done in 0.00336194 secs using 342.3% CPU
Optimizing NNI: done in 0.025111 secs using 393.6% CPU
Optimizing NNI: done in 0.0179141 secs using 391.4% CPU
Optimizing NNI: done in 0.0143249 secs using 392% CPU
Optimizing NNI: done in 0.014503 secs using 392.9% CPU
Optimizing NNI: done in 0.0228121 secs using 391.7% CPU
Optimizing NNI: done in 0.0225289 secs using 392.1% CPU
Optimizing NNI: done in 0.0109329 secs using 377% CPU
Optimizing NNI: done in 0.013077 secs using 391.9% CPU
Optimizing NNI: done in 0.00344706 secs using 381.2% CPU
Iteration 220 / LogL: -795.668 / Time: 0h:0m:3s (0h:0m:1s left)
Optimizing NNI: done in 0.0145581 secs using 393.2% CPU
Optimizing NNI: done in 0.0175579 secs using 386.5% CPU
Optimizing NNI: done in 0.0180089 secs using 349.1% CPU
Optimizing NNI: done in 0.0176132 secs using 372.5% CPU
TREE SEARCH COMPLETED AFTER 224 ITERATIONS / Time: 0h:0m:3s

--------------------------------------------------------------------
|                    FINALIZING TREE SEARCH                        |
--------------------------------------------------------------------
Performs final model parameters optimization
Estimate model parameters (epsilon = 0.010)
1. Initial log-likelihood: -795.668
Optimal log-likelihood: -795.668
Proportion of invariable sites: 0.374
Parameters optimization took 1 rounds (0.001 sec)
BEST SCORE FOUND : -795.668
Creating bootstrap support values...
Split supports printed to NEXUS file iqtree_genus/OG0000016.fasta.splits.nex
Total tree length: 1.148

Total number of iterations: 224
CPU time used for tree search: 14.785 sec (0h:0m:14s)
Wall-clock time used for tree search: 3.717 sec (0h:0m:3s)
Total CPU time used: 14.954 sec (0h:0m:14s)
Total wall-clock time used: 3.759 sec (0h:0m:3s)

Computing bootstrap consensus tree...
Reading input file iqtree_genus/OG0000016.fasta.splits.nex...
14 taxa and 123 splits.
Consensus tree written to iqtree_genus/OG0000016.fasta.contree
Reading input trees file iqtree_genus/OG0000016.fasta.contree
Log-likelihood of consensus tree: -795.670

Analysis results written to: 
  IQ-TREE report:                iqtree_genus/OG0000016.fasta.iqtree
  Maximum-likelihood tree:       iqtree_genus/OG0000016.fasta.treefile
  Likelihood distances:          iqtree_genus/OG0000016.fasta.mldist

Ultrafast bootstrap approximation results written to:
  Split support values:          iqtree_genus/OG0000016.fasta.splits.nex
  Consensus tree:                iqtree_genus/OG0000016.fasta.contree
  Screen log file:               iqtree_genus/OG0000016.fasta.log

Date and Time: Tue May 13 22:11:33 2025
