[14:48:20] This is prokka 1.14.5
[14:48:20] Written by Torsten Seemann <torsten.seemann@gmail.com>
[14:48:20] Homepage is https://github.com/tseemann/prokka
[14:48:20] Local time is Thu Feb 13 14:48:20 2025
[14:48:20] You are han394
[14:48:20] Operating system is linux
[14:48:20] You have BioPerl 1.7.8
[14:48:20] System has 64 cores.
[14:48:20] Will use maximum of 8 cores.
[14:48:20] Annotating as >>> Viruses <<<
[14:48:20] Creating new output folder: ./prokka_outputs_1/MW139932
[14:48:20] Running: mkdir -p \.\/prokka_outputs_1\/MW139932
[14:48:20] Using filename prefix: MW139932.XXX
[14:48:20] Setting HMMER_NCPU=1
[14:48:20] Writing log to: ./prokka_outputs_1/MW139932/MW139932.log
[14:48:20] Command: /apps/prokka/1.14.5/bin/prokka ./genomes_1/MW139932.fasta --kingdom viruses --outdir ./prokka_outputs_1/MW139932 --prefix MW139932 --locustag MW139932
[14:48:20] Appending to PATH: /apps/prokka/1.14.5/bin/../binaries/linux
[14:48:20] Appending to PATH: /apps/prokka/1.14.5/bin/../binaries/linux/../common
[14:48:20] Appending to PATH: /apps/prokka/1.14.5/bin
[14:48:20] Looking for 'aragorn' - found /apps/prokka/1.14.5/binaries/linux/aragorn
[14:48:20] Determined aragorn version is 001002 from 'ARAGORN v1.2.38 Dean Laslett'
[14:48:20] Looking for 'blastp' - found /apps/prokka/1.14.5/binaries/linux/blastp
[14:48:20] Determined blastp version is 002009 from 'blastp: 2.9.0+'
[14:48:20] Looking for 'cmpress' - found /apps/prokka/1.14.5/binaries/linux/cmpress
[14:48:20] Determined cmpress version is 001001 from '# INFERNAL 1.1.2 (July 2016)'
[14:48:20] Looking for 'cmscan' - found /apps/prokka/1.14.5/binaries/linux/cmscan
[14:48:20] Determined cmscan version is 001001 from '# INFERNAL 1.1.2 (July 2016)'
[14:48:20] Looking for 'egrep' - found /usr/bin/egrep
[14:48:20] Looking for 'find' - found /usr/bin/find
[14:48:20] Looking for 'grep' - found /usr/bin/grep
[14:48:20] Looking for 'hmmpress' - found /apps/hmmer/3.4.0/bin/hmmpress
[14:48:20] Determined hmmpress version is 003004 from '# HMMER 3.4 (Aug 2023); http://hmmer.org/'
[14:48:20] Looking for 'hmmscan' - found /apps/hmmer/3.4.0/bin/hmmscan
[14:48:20] Determined hmmscan version is 003004 from '# HMMER 3.4 (Aug 2023); http://hmmer.org/'
[14:48:20] Looking for 'java' - found /apps/amazon-corretto/21.0.0.35.1/bin/java
[14:48:20] Looking for 'makeblastdb' - found /apps/prokka/1.14.5/binaries/linux/makeblastdb
[14:48:20] Determined makeblastdb version is 002009 from 'makeblastdb: 2.9.0+'
[14:48:20] Looking for 'minced' - found /apps/prokka/1.14.5/binaries/common/minced
[14:48:20] Determined minced version is 002000 from 'minced 0.2.0'
[14:48:20] Looking for 'parallel' - found /apps/parallel/20210322/bin/parallel
[14:48:20] Determined parallel version is 20210322 from 'GNU parallel 20210322'
[14:48:20] Looking for 'prodigal' - found /apps/prokka/1.14.5/binaries/linux/prodigal
[14:48:20] Determined prodigal version is 002006 from 'Prodigal V2.6.3: February, 2016'
[14:48:20] Looking for 'prokka-genbank_to_fasta_db' - found /apps/prokka/1.14.5/bin/prokka-genbank_to_fasta_db
[14:48:20] Looking for 'sed' - found /usr/bin/sed
[14:48:20] Looking for 'tbl2asn' - found /apps/prokka/1.14.5/binaries/linux/tbl2asn
[14:48:20] Determined tbl2asn version is 025008 from 'tbl2asn 25.8   arguments:'
[14:48:20] Using genetic code table 1.
[14:48:20] Loading and checking input file: ./genomes_1/MW139932.fasta
[14:48:20] Wrote 1 contigs totalling 112043 bp.
[14:48:20] Predicting tRNAs and tmRNAs
[14:48:20] Running: aragorn -l -gc1  -w \.\/prokka_outputs_1\/MW139932\/MW139932\.fna
[14:48:20] Found 0 tRNAs
[14:48:20] Disabling rRNA search: --kingdom=Viruses or --norrna=0
[14:48:20] Skipping ncRNA search, enable with --rfam if desired.
[14:48:20] Total of 0 tRNA + rRNA features
[14:48:20] Searching for CRISPR repeats
[14:48:20] Found 0 CRISPRs
[14:48:20] Predicting coding sequences
[14:48:20] Contigs total 112043 bp, so using single mode
[14:48:20] Running: prodigal -i \.\/prokka_outputs_1\/MW139932\/MW139932\.fna -c -m -g 1 -p single -f sco -q
[14:48:21] Found 125 CDS
[14:48:21] Connecting features back to sequences
[14:48:21] Not using genus-specific database. Try --usegenus to enable it.
[14:48:21] Annotating CDS, please be patient.
[14:48:21] Will use 8 CPUs for similarity searching.
[14:48:21] There are still 125 unannotated CDS left (started with 125)
[14:48:21] Will use blast to search against /apps/prokka/1.14.5/db/kingdom/Viruses/sprot with 8 CPUs
[14:48:21] Running: cat \.\/prokka_outputs_1\/MW139932\/MW139932\.sprot\.tmp\.4680\.faa | parallel --gnu --plain -j 8 --block 2219 --recstart '>' --pipe blastp -query - -db /apps/prokka/1.14.5/db/kingdom/Viruses/sprot -evalue 1e-09 -qcov_hsp_perc 80 -num_threads 1 -num_descriptions 1 -num_alignments 1 -seg no > \.\/prokka_outputs_1\/MW139932\/MW139932\.sprot\.tmp\.4680\.blast 2> /dev/null
[14:48:21] Deleting unwanted file: ./prokka_outputs_1/MW139932/MW139932.sprot.tmp.4680.faa
[14:48:21] Deleting unwanted file: ./prokka_outputs_1/MW139932/MW139932.sprot.tmp.4680.blast
[14:48:21] Labelling remaining 122 proteins as 'hypothetical protein'
[14:48:21] Found 2 unique /gene codes.
[14:48:21] Fixed 0 colliding /gene names.
[14:48:21] Adding /locus_tag identifiers
[14:48:21] Assigned 125 locus_tags to CDS and RNA features.
[14:48:21] Writing outputs to ./prokka_outputs_1/MW139932/
[14:48:21] Generating annotation statistics file
[14:48:21] Generating Genbank and Sequin files
[14:48:21] Running: tbl2asn -V b -a r10k -l paired-ends -M n -N 1 -y 'Annotated using prokka 1.14.5 from https://github.com/tseemann/prokka' -Z \.\/prokka_outputs_1\/MW139932\/MW139932\.err -i \.\/prokka_outputs_1\/MW139932\/MW139932\.fsa 2> /dev/null
[14:48:21] Deleting unwanted file: ./prokka_outputs_1/MW139932/errorsummary.val
[14:48:21] Deleting unwanted file: ./prokka_outputs_1/MW139932/MW139932.dr
[14:48:21] Deleting unwanted file: ./prokka_outputs_1/MW139932/MW139932.fixedproducts
[14:48:21] Deleting unwanted file: ./prokka_outputs_1/MW139932/MW139932.ecn
[14:48:21] Deleting unwanted file: ./prokka_outputs_1/MW139932/MW139932.val
[14:48:21] Repairing broken .GBK output that tbl2asn produces...
[14:48:21] Running: sed 's/COORDINATES: profile/COORDINATES:profile/' < \.\/prokka_outputs_1\/MW139932\/MW139932\.gbf > \.\/prokka_outputs_1\/MW139932\/MW139932\.gbk
[14:48:21] Deleting unwanted file: ./prokka_outputs_1/MW139932/MW139932.gbf
[14:48:21] Output files:
[14:48:22] ./prokka_outputs_1/MW139932/MW139932.fsa
[14:48:22] ./prokka_outputs_1/MW139932/MW139932.gbk
[14:48:22] ./prokka_outputs_1/MW139932/MW139932.ffn
[14:48:22] ./prokka_outputs_1/MW139932/MW139932.log
[14:48:22] ./prokka_outputs_1/MW139932/MW139932.txt
[14:48:22] ./prokka_outputs_1/MW139932/MW139932.err
[14:48:22] ./prokka_outputs_1/MW139932/MW139932.faa
[14:48:22] ./prokka_outputs_1/MW139932/MW139932.gff
[14:48:22] ./prokka_outputs_1/MW139932/MW139932.sqn
[14:48:22] ./prokka_outputs_1/MW139932/MW139932.tsv
[14:48:22] ./prokka_outputs_1/MW139932/MW139932.fna
[14:48:22] ./prokka_outputs_1/MW139932/MW139932.tbl
[14:48:22] Annotation finished successfully.
[14:48:22] Walltime used: 0.03 minutes
[14:48:22] If you use this result please cite the Prokka paper:
[14:48:22] Seemann T (2014) Prokka: rapid prokaryotic genome annotation. Bioinformatics. 30(14):2068-9.
[14:48:22] Type 'prokka --citation' for more details.
[14:48:22] Thank you, come again.
