IQ-TREE multicore version 2.2.0.5 COVID-edition for Linux 64-bit built Sep 26 2022
Developed by Bui Quang Minh, James Barbetti, Nguyen Lam Tung,
Olga Chernomor, Heiko Schmidt, Dominik Schrempf, Michael Woodhams, Ly Trong Nhan.

Host:    petrichor-dm (AVX2, FMA3, 503 GB RAM)
Command: iqtree2 -s alignments_genus_muscle5_edited_trimmed/OG0000094.fa -B 1000 -mset Blosum62,cpREV,Dayhoff,DCMut,FLAVI,FLU,HIVb,HIVw,JTT,JTTDCMut,LG,mtART,mtMAM,mtREV,mtZOA,mtMet,mtVer,mtInv,PMB,Q.bird,Q.insect,Q.mammal,Q.pfam,Q.plant,Q.yeast,rtREV,VT,WAG,Q.iridoviridae,Q.mcv -T 4 -pre iqtree_genus/OG0000094.fa
Seed:    557715 (Using SPRNG - Scalable Parallel Random Number Generator)
Time:    Thu Apr  3 13:11:12 2025
Kernel:  AVX+FMA - 4 threads (32 CPU cores detected)

Reading alignment file alignments_genus_muscle5_edited_trimmed/OG0000094.fa ... Fasta format detected
Reading fasta file: done in 0.00019598 secs
Alignment most likely contains protein sequences
Constructing alignment: done in 0.000102043 secs using 298.9% CPU
Alignment has 58 sequences with 74 columns, 45 distinct patterns
17 parsimony-informative, 0 singleton sites, 57 constant sites
                                           Gap/Ambiguity  Composition  p-value
Analyzing sequences: done in 8.82149e-06 secs using 170% CPU
   1  MW883603_Megalocytivirus_pagrus1_ISKNV       1.35%    passed    100.00%
   2  MG570131_Megalocytivirus_pagrus1_TRBIV       0.00%    passed      8.64%
   3  OL774653_Megalocytivirus_pagrus1_RSIV       20.27%    passed     99.36%
   4  ON740976_Megalocytivirus_pagrus1_RSIV       16.22%    passed    100.00%
   5  AP017456_Megalocytivirus_pagrus1_RSIV       16.22%    passed    100.00%
   6  OR536350_Megalocytivirus_pagrus1_ISKNV       1.35%    passed    100.00%
   7  OP896201_Megalocytivirus_pagrus1_ISKNV       1.35%    passed    100.00%
   8  MG570132_Megalocytivirus_pagrus1_TRBIV       0.00%    passed      8.64%
   9  MW883601_Megalocytivirus_pagrus1_ISKNV       1.35%    passed    100.00%
  10  MW883595_Megalocytivirus_pagrus1_ISKNV       1.35%    passed    100.00%
  11  OL774654_Megalocytivirus_pagrus1_RSIV       20.27%    passed     99.36%
  12  OQ475017_Megalocytivirus_pagrus1_RSIV        0.00%    passed    100.00%
  13  KT804738_Megalocytivirus_pagrus1_RSIV       16.22%    passed    100.00%
  14  MK098185_Megalocytivirus_pagrus1_RSIV       17.57%    passed     99.92%
  15  OP009387_Megalocytivirus_pagrus1_ISKNV       1.35%    passed    100.00%
  16  ON212400_Megalocytivirus_pagrus1_ISKNV       1.35%    passed    100.00%
  17  23043610003_Megalocytivirus_pagrus1_ISKNV    1.35%    passed    100.00%
  18  MW273354_Megalocytivirus_pagrus1_ISKNV       1.35%    passed    100.00%
  19  MT128666_Megalocytivirus_pagrus1_ISKNV       1.35%    passed    100.00%
  20  MK689686_Megalocytivirus_pagrus1_RSIV       16.22%    passed    100.00%
  21  MK098187_Megalocytivirus_pagrus1_RSIV       17.57%    passed     99.92%
  22  KC244182_Megalocytivirus_pagrus1_RSIV       16.22%    passed    100.00%
  23  OK042108_Megalocytivirus_pagrus1_RSIV       16.22%    passed    100.00%
  24  MW883606_Megalocytivirus_pagrus1_ISKNV       1.35%    passed    100.00%
  25  NC_003494_Megalocytivirus_pagrus1_ISKNV      1.35%    passed    100.00%
  26  OR356116_Megalocytivirus_pagrus1_ISKNV       1.35%    passed    100.00%
  27  MW139932_Megalocytivirus_pagrus1_RSIV       20.27%    passed     99.36%
  28  OK042109_Megalocytivirus_pagrus1_RSIV       16.22%    passed    100.00%
  29  MW883602_Megalocytivirus_pagrus1_ISKNV       1.35%    passed    100.00%
  30  AY894343_Megalocytivirus_pagrus1_RSIV       16.22%    passed    100.00%
  31  MK098186_Megalocytivirus_pagrus1_RSIV       17.57%    passed     99.92%
  32  OQ513807_Megalocytivirus_pagrus1_ISKNV       1.35%    passed    100.00%
  33  PP974677_Megalocytivirus_pagrus1_ISKNV       1.35%    passed    100.00%
  34  AF371960_Megalocytivirus_pagrus1_ISKNV       1.35%    passed    100.00%
  35  MW883599_Megalocytivirus_pagrus1_ISKNV       1.35%    passed    100.00%
  36  KT781098_Megalocytivirus_pagrus1_ISKNV       1.35%    passed    100.00%
  37  OL774655_Megalocytivirus_pagrus1_RSIV       20.27%    passed     99.36%
  38  MT986830_Megalocytivirus_pagrus1_ISKNV       1.35%    passed    100.00%
  39  MW883600_Megalocytivirus_pagrus1_ISKNV       1.35%    passed    100.00%
  40  GQ273492_Megalocytivirus_pagrus1_TRBIV      24.32%    passed     99.52%
  41  MW883593_Megalocytivirus_pagrus1_ISKNV       1.35%    passed    100.00%
  42  ON075463_Megalocytivirus_pagrus1_RSIV       16.22%    passed    100.00%
  43  MK689685_Megalocytivirus_pagrus1_ISKNV       1.35%    passed    100.00%
  44  MT798582_Megalocytivirus_pagrus1_RSIV       16.22%    passed    100.00%
  45  BD143114_Megalocytivirus_pagrus1_RSIV       17.57%    passed     99.92%
  46  AB104413_Megalocytivirus_pagrus1_RSIV        1.35%    passed    100.00%
  47  23043610005_Megalocytivirus_pagrus1_ISKNV    1.35%    passed    100.00%
  48  MW883598_Megalocytivirus_pagrus1_RSIV       16.22%    passed    100.00%
  49  MW883596_Megalocytivirus_pagrus1_ISKNV       1.35%    passed    100.00%
  50  OR670976_Megalocytivirus_pagrus1_ISKNV       1.35%    passed    100.00%
  51  MT128667_Megalocytivirus_pagrus1_ISKNV       1.35%    passed    100.00%
  52  MW883594_Megalocytivirus_pagrus1_ISKNV       1.35%    passed    100.00%
  53  PP151097_Megalocytivirus_pagrus1_ISKNV       1.35%    passed    100.00%
  54  MT926123_Megalocytivirus_pagrus1_ISKNV       1.35%    passed    100.00%
  55  MN432490_Megalocytivirus_pagrus1_ISKNV       1.35%    passed    100.00%
  56  MW273353_Megalocytivirus_pagrus1_ISKNV       1.35%    passed    100.00%
  57  ON743042_Megalocytivirus_pagrus1_RSIV       16.22%    passed    100.00%
  58  MW883597_Megalocytivirus_pagrus1_ISKNV       1.35%    passed    100.00%
****  TOTAL                                        7.18%  0 sequences failed composition chi2 test (p-value<5%; df=19)
NOTE: OR536350_Megalocytivirus_pagrus1_ISKNV is identical to MW883603_Megalocytivirus_pagrus1_ISKNV but kept for subsequent analysis
NOTE: MG570132_Megalocytivirus_pagrus1_TRBIV is identical to MG570131_Megalocytivirus_pagrus1_TRBIV but kept for subsequent analysis
NOTE: OL774654_Megalocytivirus_pagrus1_RSIV is identical to OL774653_Megalocytivirus_pagrus1_RSIV but kept for subsequent analysis
NOTE: AP017456_Megalocytivirus_pagrus1_RSIV is identical to ON740976_Megalocytivirus_pagrus1_RSIV but kept for subsequent analysis
NOTE: OP009387_Megalocytivirus_pagrus1_ISKNV is identical to MW883595_Megalocytivirus_pagrus1_ISKNV but kept for subsequent analysis
NOTE: MK098187_Megalocytivirus_pagrus1_RSIV is identical to MK098185_Megalocytivirus_pagrus1_RSIV but kept for subsequent analysis
NOTE: MW883593_Megalocytivirus_pagrus1_ISKNV is identical to OQ513807_Megalocytivirus_pagrus1_ISKNV but kept for subsequent analysis
Checking for duplicate sequences: done in 0.000108004 secs using 355.5% CPU
Identifying sites to remove: done in 3.31402e-05 secs using 356.1% CPU
NOTE: 41 identical sequences (see below) will be ignored for subsequent analysis
NOTE: OP896201_Megalocytivirus_pagrus1_ISKNV (identical to MW883603_Megalocytivirus_pagrus1_ISKNV) is ignored but added at the end
NOTE: MW883601_Megalocytivirus_pagrus1_ISKNV (identical to MW883603_Megalocytivirus_pagrus1_ISKNV) is ignored but added at the end
NOTE: ON212400_Megalocytivirus_pagrus1_ISKNV (identical to MW883603_Megalocytivirus_pagrus1_ISKNV) is ignored but added at the end
NOTE: 23043610003_Megalocytivirus_pagrus1_ISKNV (identical to MW883603_Megalocytivirus_pagrus1_ISKNV) is ignored but added at the end
NOTE: MW273354_Megalocytivirus_pagrus1_ISKNV (identical to MW883603_Megalocytivirus_pagrus1_ISKNV) is ignored but added at the end
NOTE: MT128666_Megalocytivirus_pagrus1_ISKNV (identical to MW883603_Megalocytivirus_pagrus1_ISKNV) is ignored but added at the end
NOTE: MW883606_Megalocytivirus_pagrus1_ISKNV (identical to MW883603_Megalocytivirus_pagrus1_ISKNV) is ignored but added at the end
NOTE: NC_003494_Megalocytivirus_pagrus1_ISKNV (identical to MW883603_Megalocytivirus_pagrus1_ISKNV) is ignored but added at the end
NOTE: OR356116_Megalocytivirus_pagrus1_ISKNV (identical to MW883603_Megalocytivirus_pagrus1_ISKNV) is ignored but added at the end
NOTE: MW883602_Megalocytivirus_pagrus1_ISKNV (identical to MW883603_Megalocytivirus_pagrus1_ISKNV) is ignored but added at the end
NOTE: AF371960_Megalocytivirus_pagrus1_ISKNV (identical to MW883603_Megalocytivirus_pagrus1_ISKNV) is ignored but added at the end
NOTE: MW883599_Megalocytivirus_pagrus1_ISKNV (identical to MW883603_Megalocytivirus_pagrus1_ISKNV) is ignored but added at the end
NOTE: KT781098_Megalocytivirus_pagrus1_ISKNV (identical to MW883603_Megalocytivirus_pagrus1_ISKNV) is ignored but added at the end
NOTE: MW883600_Megalocytivirus_pagrus1_ISKNV (identical to MW883603_Megalocytivirus_pagrus1_ISKNV) is ignored but added at the end
NOTE: MK689685_Megalocytivirus_pagrus1_ISKNV (identical to MW883603_Megalocytivirus_pagrus1_ISKNV) is ignored but added at the end
NOTE: 23043610005_Megalocytivirus_pagrus1_ISKNV (identical to MW883603_Megalocytivirus_pagrus1_ISKNV) is ignored but added at the end
NOTE: MT128667_Megalocytivirus_pagrus1_ISKNV (identical to MW883603_Megalocytivirus_pagrus1_ISKNV) is ignored but added at the end
NOTE: MW883594_Megalocytivirus_pagrus1_ISKNV (identical to MW883603_Megalocytivirus_pagrus1_ISKNV) is ignored but added at the end
NOTE: MT926123_Megalocytivirus_pagrus1_ISKNV (identical to MW883603_Megalocytivirus_pagrus1_ISKNV) is ignored but added at the end
NOTE: MW273353_Megalocytivirus_pagrus1_ISKNV (identical to MW883603_Megalocytivirus_pagrus1_ISKNV) is ignored but added at the end
NOTE: MW139932_Megalocytivirus_pagrus1_RSIV (identical to OL774653_Megalocytivirus_pagrus1_RSIV) is ignored but added at the end
NOTE: OL774655_Megalocytivirus_pagrus1_RSIV (identical to OL774653_Megalocytivirus_pagrus1_RSIV) is ignored but added at the end
NOTE: KT804738_Megalocytivirus_pagrus1_RSIV (identical to ON740976_Megalocytivirus_pagrus1_RSIV) is ignored but added at the end
NOTE: MK689686_Megalocytivirus_pagrus1_RSIV (identical to ON740976_Megalocytivirus_pagrus1_RSIV) is ignored but added at the end
NOTE: KC244182_Megalocytivirus_pagrus1_RSIV (identical to ON740976_Megalocytivirus_pagrus1_RSIV) is ignored but added at the end
NOTE: OK042108_Megalocytivirus_pagrus1_RSIV (identical to ON740976_Megalocytivirus_pagrus1_RSIV) is ignored but added at the end
NOTE: OK042109_Megalocytivirus_pagrus1_RSIV (identical to ON740976_Megalocytivirus_pagrus1_RSIV) is ignored but added at the end
NOTE: AY894343_Megalocytivirus_pagrus1_RSIV (identical to ON740976_Megalocytivirus_pagrus1_RSIV) is ignored but added at the end
NOTE: ON075463_Megalocytivirus_pagrus1_RSIV (identical to ON740976_Megalocytivirus_pagrus1_RSIV) is ignored but added at the end
NOTE: MT798582_Megalocytivirus_pagrus1_RSIV (identical to ON740976_Megalocytivirus_pagrus1_RSIV) is ignored but added at the end
NOTE: MW883598_Megalocytivirus_pagrus1_RSIV (identical to ON740976_Megalocytivirus_pagrus1_RSIV) is ignored but added at the end
NOTE: ON743042_Megalocytivirus_pagrus1_RSIV (identical to ON740976_Megalocytivirus_pagrus1_RSIV) is ignored but added at the end
NOTE: PP974677_Megalocytivirus_pagrus1_ISKNV (identical to MW883595_Megalocytivirus_pagrus1_ISKNV) is ignored but added at the end
NOTE: MT986830_Megalocytivirus_pagrus1_ISKNV (identical to MW883595_Megalocytivirus_pagrus1_ISKNV) is ignored but added at the end
NOTE: PP151097_Megalocytivirus_pagrus1_ISKNV (identical to MW883595_Megalocytivirus_pagrus1_ISKNV) is ignored but added at the end
NOTE: MN432490_Megalocytivirus_pagrus1_ISKNV (identical to MW883595_Megalocytivirus_pagrus1_ISKNV) is ignored but added at the end
NOTE: MK098186_Megalocytivirus_pagrus1_RSIV (identical to MK098185_Megalocytivirus_pagrus1_RSIV) is ignored but added at the end
NOTE: BD143114_Megalocytivirus_pagrus1_RSIV (identical to MK098185_Megalocytivirus_pagrus1_RSIV) is ignored but added at the end
NOTE: MW883596_Megalocytivirus_pagrus1_ISKNV (identical to OQ513807_Megalocytivirus_pagrus1_ISKNV) is ignored but added at the end
NOTE: OR670976_Megalocytivirus_pagrus1_ISKNV (identical to OQ513807_Megalocytivirus_pagrus1_ISKNV) is ignored but added at the end
NOTE: MW883597_Megalocytivirus_pagrus1_ISKNV (identical to OQ513807_Megalocytivirus_pagrus1_ISKNV) is ignored but added at the end
Alignment was printed to iqtree_genus/OG0000094.fa.uniqueseq.phy

For your convenience alignment with unique sequences printed to iqtree_genus/OG0000094.fa.uniqueseq.phy


Create initial parsimony tree by phylogenetic likelihood library (PLL)... 0.000 seconds
WARNING: Number of threads seems too high for short alignments. Use -T AUTO to determine best number of threads.
Perform fast likelihood tree search using LG+I+G model...
Estimate model parameters (epsilon = 5.000)
Perform nearest neighbor interchange...
Optimizing NNI: done in 0.0083499 secs using 387% CPU
Estimate model parameters (epsilon = 1.000)
1. Initial log-likelihood: -382.436
Optimal log-likelihood: -382.433
Proportion of invariable sites: 0.388
Gamma shape alpha: 1.390
Parameters optimization took 1 rounds (0.005 sec)
Time for fast ML tree search: 0.023 seconds

NOTE: ModelFinder requires 2 MB RAM!
ModelFinder will test up to 1320 protein models (sample size: 74) ...
 No. Model         -LnL         df  AIC          AICc         BIC
WARNING: Number of threads seems too high for short alignments. Use -T AUTO to determine best number of threads.
  1  Blosum62      384.572      31  831.144      878.383      902.570
WARNING: Number of threads seems too high for short alignments. Use -T AUTO to determine best number of threads.
  2  Blosum62+I    382.389      32  828.777      880.289      902.507
WARNING: Number of threads seems too high for short alignments. Use -T AUTO to determine best number of threads.
  3  Blosum62+G4   382.795      32  829.589      881.102      903.319
WARNING: Number of threads seems too high for short alignments. Use -T AUTO to determine best number of threads.
  4  Blosum62+I+G4 382.695      33  831.389      887.489      907.423
WARNING: Number of threads seems too high for short alignments. Use -T AUTO to determine best number of threads.
  5  Blosum62+R2   383.257      33  832.514      888.614      908.548
WARNING: Number of threads seems too high for short alignments. Use -T AUTO to determine best number of threads.
  6  Blosum62+R3   382.760      35  835.519      901.835      916.161
WARNING: Number of threads seems too high for short alignments. Use -T AUTO to determine best number of threads.
 14  Blosum62+I+R2 382.635      34  833.271      894.297      911.609
WARNING: Number of threads seems too high for short alignments. Use -T AUTO to determine best number of threads.
 15  Blosum62+I+R3 382.589      36  837.179      909.179      920.125
WARNING: Number of threads seems too high for short alignments. Use -T AUTO to determine best number of threads.
 23  Blosum62+F    362.005      50  824.011      1045.750     939.214
WARNING: Number of threads seems too high for short alignments. Use -T AUTO to determine best number of threads.
 24  Blosum62+F+I  360.269      51  822.538      1063.628     940.045
WARNING: Number of threads seems too high for short alignments. Use -T AUTO to determine best number of threads.
 25  Blosum62+F+G4 360.558      51  823.116      1064.206     940.623
WARNING: Number of threads seems too high for short alignments. Use -T AUTO to determine best number of threads.
 26  Blosum62+F+I+G4 360.427      52  824.855      1087.331     944.666
WARNING: Number of threads seems too high for short alignments. Use -T AUTO to determine best number of threads.
 27  Blosum62+F+R2 360.852      52  825.705      1088.181     945.516
WARNING: Number of threads seems too high for short alignments. Use -T AUTO to determine best number of threads.
 36  Blosum62+F+I+R2 360.452      53  826.905      1113.105     949.020
WARNING: Number of threads seems too high for short alignments. Use -T AUTO to determine best number of threads.
 45  cpREV         390.234      31  842.467      889.706      913.893
WARNING: Number of threads seems too high for short alignments. Use -T AUTO to determine best number of threads.
 46  cpREV+I       386.192      32  836.384      887.896      910.114
WARNING: Number of threads seems too high for short alignments. Use -T AUTO to determine best number of threads.
 47  cpREV+G4      386.343      32  836.686      888.199      910.416
WARNING: Number of threads seems too high for short alignments. Use -T AUTO to determine best number of threads.
 48  cpREV+I+G4    386.450      33  838.901      895.001      914.935
WARNING: Number of threads seems too high for short alignments. Use -T AUTO to determine best number of threads.
 49  cpREV+R2      386.752      33  839.505      895.605      915.539
WARNING: Number of threads seems too high for short alignments. Use -T AUTO to determine best number of threads.
 58  cpREV+I+R2    386.290      34  840.581      901.606      918.919
WARNING: Number of threads seems too high for short alignments. Use -T AUTO to determine best number of threads.
 67  cpREV+F       361.858      50  823.716      1045.455     938.919
WARNING: Number of threads seems too high for short alignments. Use -T AUTO to determine best number of threads.
 68  cpREV+F+I     358.644      51  819.287      1060.378     936.795
WARNING: Number of threads seems too high for short alignments. Use -T AUTO to determine best number of threads.
 69  cpREV+F+G4    358.636      51  819.272      1060.363     936.779
WARNING: Number of threads seems too high for short alignments. Use -T AUTO to determine best number of threads.
 70  cpREV+F+I+G4  358.661      52  821.321      1083.797     941.133
WARNING: Number of threads seems too high for short alignments. Use -T AUTO to determine best number of threads.
 71  cpREV+F+R2    359.026      52  822.052      1084.528     941.864
WARNING: Number of threads seems too high for short alignments. Use -T AUTO to determine best number of threads.
 80  cpREV+F+I+R2  358.627      53  823.254      1109.454     945.369
WARNING: Number of threads seems too high for short alignments. Use -T AUTO to determine best number of threads.
 89  Dayhoff       383.313      31  828.626      875.865      900.052
WARNING: Number of threads seems too high for short alignments. Use -T AUTO to determine best number of threads.
 90  Dayhoff+I     380.039      32  824.078      875.590      897.808
WARNING: Number of threads seems too high for short alignments. Use -T AUTO to determine best number of threads.
 91  Dayhoff+G4    380.362      32  824.724      876.236      898.454
WARNING: Number of threads seems too high for short alignments. Use -T AUTO to determine best number of threads.
 92  Dayhoff+I+G4  380.397      33  826.794      882.894      902.828
WARNING: Number of threads seems too high for short alignments. Use -T AUTO to determine best number of threads.
 93  Dayhoff+R2    380.751      33  827.501      883.601      903.535
WARNING: Number of threads seems too high for short alignments. Use -T AUTO to determine best number of threads.
102  Dayhoff+I+R2  380.242      34  828.484      889.510      906.823
WARNING: Number of threads seems too high for short alignments. Use -T AUTO to determine best number of threads.
111  Dayhoff+F     358.999      50  817.997      1039.736     933.200
WARNING: Number of threads seems too high for short alignments. Use -T AUTO to determine best number of threads.
112  Dayhoff+F+I   356.542      51  815.084      1056.175     932.592
WARNING: Number of threads seems too high for short alignments. Use -T AUTO to determine best number of threads.
113  Dayhoff+F+G4  356.735      51  815.471      1056.562     932.978
WARNING: Number of threads seems too high for short alignments. Use -T AUTO to determine best number of threads.
114  Dayhoff+F+I+G4 356.720      52  817.440      1079.916     937.252
WARNING: Number of threads seems too high for short alignments. Use -T AUTO to determine best number of threads.
115  Dayhoff+F+R2  357.172      52  818.344      1080.821     938.156
WARNING: Number of threads seems too high for short alignments. Use -T AUTO to determine best number of threads.
124  Dayhoff+F+I+R2 356.647      53  819.293      1105.493     941.409
WARNING: Number of threads seems too high for short alignments. Use -T AUTO to determine best number of threads.
133  DCMut         383.354      31  828.708      875.946      900.134
WARNING: Number of threads seems too high for short alignments. Use -T AUTO to determine best number of threads.
134  DCMut+I       380.086      32  824.171      875.683      897.901
WARNING: Number of threads seems too high for short alignments. Use -T AUTO to determine best number of threads.
135  DCMut+G4      380.410      32  824.821      876.333      898.551
WARNING: Number of threads seems too high for short alignments. Use -T AUTO to determine best number of threads.
136  DCMut+I+G4    380.445      33  826.889      882.989      902.923
WARNING: Number of threads seems too high for short alignments. Use -T AUTO to determine best number of threads.
137  DCMut+R2      380.797      33  827.595      883.695      903.629
WARNING: Number of threads seems too high for short alignments. Use -T AUTO to determine best number of threads.
146  DCMut+I+R2    380.290      34  828.580      889.605      906.918
WARNING: Number of threads seems too high for short alignments. Use -T AUTO to determine best number of threads.
155  DCMut+F       359.044      50  818.088      1039.827     933.291
WARNING: Number of threads seems too high for short alignments. Use -T AUTO to determine best number of threads.
156  DCMut+F+I     356.591      51  815.183      1056.274     932.690
WARNING: Number of threads seems too high for short alignments. Use -T AUTO to determine best number of threads.
157  DCMut+F+G4    356.787      51  815.574      1056.665     933.082
WARNING: Number of threads seems too high for short alignments. Use -T AUTO to determine best number of threads.
158  DCMut+F+I+G4  356.771      52  817.542      1080.018     937.353
WARNING: Number of threads seems too high for short alignments. Use -T AUTO to determine best number of threads.
159  DCMut+F+R2    357.222      52  818.444      1080.920     938.255
WARNING: Number of threads seems too high for short alignments. Use -T AUTO to determine best number of threads.
168  DCMut+F+I+R2  356.698      53  819.395      1105.595     941.510
WARNING: Normalizing state frequencies so that sum of them equals to 1
WARNING: Number of threads seems too high for short alignments. Use -T AUTO to determine best number of threads.
177  FLAVI         388.247      31  838.494      885.732      909.920
WARNING: Normalizing state frequencies so that sum of them equals to 1
WARNING: Number of threads seems too high for short alignments. Use -T AUTO to determine best number of threads.
178  FLAVI+I       383.379      32  830.758      882.271      904.488
WARNING: Normalizing state frequencies so that sum of them equals to 1
WARNING: Number of threads seems too high for short alignments. Use -T AUTO to determine best number of threads.
179  FLAVI+G4      383.861      32  831.721      883.233      905.451
WARNING: Normalizing state frequencies so that sum of them equals to 1
WARNING: Number of threads seems too high for short alignments. Use -T AUTO to determine best number of threads.
180  FLAVI+I+G4    384.017      33  834.033      890.133      910.067
WARNING: Normalizing state frequencies so that sum of them equals to 1
WARNING: Number of threads seems too high for short alignments. Use -T AUTO to determine best number of threads.
181  FLAVI+R2      384.495      33  834.990      891.090      911.024
WARNING: Normalizing state frequencies so that sum of them equals to 1
WARNING: Number of threads seems too high for short alignments. Use -T AUTO to determine best number of threads.
190  FLAVI+I+R2    383.686      34  835.373      896.399      913.711
WARNING: Normalizing state frequencies so that sum of them equals to 1
WARNING: Number of threads seems too high for short alignments. Use -T AUTO to determine best number of threads.
199  FLAVI+F       358.941      50  817.882      1039.621     933.085
WARNING: Normalizing state frequencies so that sum of them equals to 1
WARNING: Number of threads seems too high for short alignments. Use -T AUTO to determine best number of threads.
200  FLAVI+F+I     355.972      51  813.943      1055.034     931.451
WARNING: Normalizing state frequencies so that sum of them equals to 1
WARNING: Number of threads seems too high for short alignments. Use -T AUTO to determine best number of threads.
201  FLAVI+F+G4    356.296      51  814.593      1055.684     932.100
WARNING: Normalizing state frequencies so that sum of them equals to 1
WARNING: Number of threads seems too high for short alignments. Use -T AUTO to determine best number of threads.
202  FLAVI+F+I+G4  356.200      52  816.400      1078.876     936.211
WARNING: Normalizing state frequencies so that sum of them equals to 1
WARNING: Number of threads seems too high for short alignments. Use -T AUTO to determine best number of threads.
203  FLAVI+F+R2    356.608      52  817.217      1079.693     937.028
WARNING: Normalizing state frequencies so that sum of them equals to 1
WARNING: Number of threads seems too high for short alignments. Use -T AUTO to determine best number of threads.
212  FLAVI+F+I+R2  356.169      53  818.338      1104.538     940.453
WARNING: Number of threads seems too high for short alignments. Use -T AUTO to determine best number of threads.
221  FLU           391.655      31  845.310      892.548      916.736
WARNING: Number of threads seems too high for short alignments. Use -T AUTO to determine best number of threads.
222  FLU+I         387.177      32  838.354      889.866      912.084
WARNING: Number of threads seems too high for short alignments. Use -T AUTO to determine best number of threads.
223  FLU+G4        387.807      32  839.615      891.127      913.345
WARNING: Number of threads seems too high for short alignments. Use -T AUTO to determine best number of threads.
224  FLU+I+G4      387.883      33  841.767      897.867      917.801
WARNING: Number of threads seems too high for short alignments. Use -T AUTO to determine best number of threads.
225  FLU+R2        388.474      33  842.947      899.047      918.981
WARNING: Number of threads seems too high for short alignments. Use -T AUTO to determine best number of threads.
234  FLU+I+R2      387.567      34  843.134      904.160      921.472
WARNING: Number of threads seems too high for short alignments. Use -T AUTO to determine best number of threads.
243  FLU+F         361.199      50  822.398      1044.138     937.602
WARNING: Number of threads seems too high for short alignments. Use -T AUTO to determine best number of threads.
244  FLU+F+I       357.814      51  817.629      1058.720     935.136
WARNING: Number of threads seems too high for short alignments. Use -T AUTO to determine best number of threads.
245  FLU+F+G4      358.394      51  818.787      1059.878     936.295
WARNING: Number of threads seems too high for short alignments. Use -T AUTO to determine best number of threads.
246  FLU+F+I+G4    358.210      52  820.421      1082.897     940.232
WARNING: Number of threads seems too high for short alignments. Use -T AUTO to determine best number of threads.
247  FLU+F+R2      358.775      52  821.549      1084.025     941.361
WARNING: Number of threads seems too high for short alignments. Use -T AUTO to determine best number of threads.
256  FLU+F+I+R2    358.173      53  822.346      1108.546     944.461
WARNING: Number of threads seems too high for short alignments. Use -T AUTO to determine best number of threads.
265  HIVb          380.106      31  822.211      869.449      893.637
WARNING: Number of threads seems too high for short alignments. Use -T AUTO to determine best number of threads.
266  HIVb+I        375.567      32  815.134      866.646      888.864
WARNING: Number of threads seems too high for short alignments. Use -T AUTO to determine best number of threads.
267  HIVb+G4       376.092      32  816.184      867.696      889.914
WARNING: Number of threads seems too high for short alignments. Use -T AUTO to determine best number of threads.
268  HIVb+I+G4     376.238      33  818.476      874.576      894.510
WARNING: Number of threads seems too high for short alignments. Use -T AUTO to determine best number of threads.
269  HIVb+R2       376.702      33  819.404      875.504      895.438
WARNING: Number of threads seems too high for short alignments. Use -T AUTO to determine best number of threads.
278  HIVb+I+R2     375.893      34  819.786      880.811      898.124
WARNING: Number of threads seems too high for short alignments. Use -T AUTO to determine best number of threads.
287  HIVb+F        356.689      50  813.377      1035.116     928.581
WARNING: Number of threads seems too high for short alignments. Use -T AUTO to determine best number of threads.
288  HIVb+F+I      352.980      51  807.960      1049.051     925.468
WARNING: Number of threads seems too high for short alignments. Use -T AUTO to determine best number of threads.
289  HIVb+F+G4     353.483      51  808.965      1050.056     926.472
WARNING: Number of threads seems too high for short alignments. Use -T AUTO to determine best number of threads.
290  HIVb+F+I+G4   353.463      52  810.926      1073.403     930.738
WARNING: Number of threads seems too high for short alignments. Use -T AUTO to determine best number of threads.
291  HIVb+F+R2     353.972      52  811.944      1074.420     931.756
WARNING: Number of threads seems too high for short alignments. Use -T AUTO to determine best number of threads.
300  HIVb+F+I+R2   353.312      53  812.624      1098.824     934.740
WARNING: Number of threads seems too high for short alignments. Use -T AUTO to determine best number of threads.
309  HIVw          402.389      31  866.777      914.015      938.203
WARNING: Number of threads seems too high for short alignments. Use -T AUTO to determine best number of threads.
310  HIVw+I        397.407      32  858.814      910.326      932.544
WARNING: Number of threads seems too high for short alignments. Use -T AUTO to determine best number of threads.
311  HIVw+G4       398.029      32  860.058      911.571      933.789
WARNING: Number of threads seems too high for short alignments. Use -T AUTO to determine best number of threads.
312  HIVw+I+G4     398.228      33  862.455      918.555      938.490
WARNING: Number of threads seems too high for short alignments. Use -T AUTO to determine best number of threads.
313  HIVw+R2       398.792      33  863.583      919.683      939.618
WARNING: Number of threads seems too high for short alignments. Use -T AUTO to determine best number of threads.
322  HIVw+I+R2     397.774      34  863.547      924.573      941.885
WARNING: Number of threads seems too high for short alignments. Use -T AUTO to determine best number of threads.
331  HIVw+F        365.533      50  831.066      1052.805     946.269
WARNING: Number of threads seems too high for short alignments. Use -T AUTO to determine best number of threads.
332  HIVw+F+I      361.687      51  825.375      1066.465     942.882
WARNING: Number of threads seems too high for short alignments. Use -T AUTO to determine best number of threads.
333  HIVw+F+G4     362.285      51  826.571      1067.662     944.078
WARNING: Number of threads seems too high for short alignments. Use -T AUTO to determine best number of threads.
334  HIVw+F+I+G4   362.225      52  828.451      1090.927     948.262
WARNING: Number of threads seems too high for short alignments. Use -T AUTO to determine best number of threads.
335  HIVw+F+R2     362.780      52  829.561      1092.037     949.372
WARNING: Number of threads seems too high for short alignments. Use -T AUTO to determine best number of threads.
344  HIVw+F+I+R2   362.079      53  830.158      1116.358     952.273
WARNING: Number of threads seems too high for short alignments. Use -T AUTO to determine best number of threads.
353  JTT           376.755      31  815.511      862.749      886.937
WARNING: Number of threads seems too high for short alignments. Use -T AUTO to determine best number of threads.
354  JTT+I         374.415      32  812.829      864.341      886.559
WARNING: Number of threads seems too high for short alignments. Use -T AUTO to determine best number of threads.
355  JTT+G4        374.817      32  813.635      865.147      887.365
WARNING: Number of threads seems too high for short alignments. Use -T AUTO to determine best number of threads.
356  JTT+I+G4      374.747      33  815.495      871.595      891.529
WARNING: Number of threads seems too high for short alignments. Use -T AUTO to determine best number of threads.
357  JTT+R2        375.357      33  816.713      872.813      892.747
WARNING: Number of threads seems too high for short alignments. Use -T AUTO to determine best number of threads.
366  JTT+I+R2      374.658      34  817.317      878.342      895.655
WARNING: Number of threads seems too high for short alignments. Use -T AUTO to determine best number of threads.
375  JTT+F         355.024      50  810.048      1031.788     925.252
WARNING: Number of threads seems too high for short alignments. Use -T AUTO to determine best number of threads.
376  JTT+F+I       353.268      51  808.536      1049.627     926.043
WARNING: Number of threads seems too high for short alignments. Use -T AUTO to determine best number of threads.
377  JTT+F+G4      353.553      51  809.106      1050.196     926.613
WARNING: Number of threads seems too high for short alignments. Use -T AUTO to determine best number of threads.
378  JTT+F+I+G4    353.431      52  810.861      1073.338     930.673
WARNING: Number of threads seems too high for short alignments. Use -T AUTO to determine best number of threads.
379  JTT+F+R2      353.856      52  811.713      1074.189     931.524
WARNING: Number of threads seems too high for short alignments. Use -T AUTO to determine best number of threads.
388  JTT+F+I+R2    353.447      53  812.895      1099.095     935.010
WARNING: Number of threads seems too high for short alignments. Use -T AUTO to determine best number of threads.
397  JTTDCMut      377.159      31  816.318      863.556      887.744
WARNING: Number of threads seems too high for short alignments. Use -T AUTO to determine best number of threads.
398  JTTDCMut+I    374.738      32  813.476      864.988      887.206
WARNING: Number of threads seems too high for short alignments. Use -T AUTO to determine best number of threads.
399  JTTDCMut+G4   375.150      32  814.300      865.812      888.030
WARNING: Number of threads seems too high for short alignments. Use -T AUTO to determine best number of threads.
400  JTTDCMut+I+G4 375.090      33  816.179      872.279      892.214
WARNING: Number of threads seems too high for short alignments. Use -T AUTO to determine best number of threads.
401  JTTDCMut+R2   375.726      33  817.453      873.553      893.487
WARNING: Number of threads seems too high for short alignments. Use -T AUTO to determine best number of threads.
410  JTTDCMut+I+R2 374.988      34  817.976      879.002      896.314
WARNING: Number of threads seems too high for short alignments. Use -T AUTO to determine best number of threads.
419  JTTDCMut+F    355.116      50  810.232      1031.972     925.436
WARNING: Number of threads seems too high for short alignments. Use -T AUTO to determine best number of threads.
420  JTTDCMut+F+I  353.269      51  808.538      1049.629     926.046
WARNING: Number of threads seems too high for short alignments. Use -T AUTO to determine best number of threads.
421  JTTDCMut+F+G4 353.571      51  809.141      1050.232     926.649
WARNING: Number of threads seems too high for short alignments. Use -T AUTO to determine best number of threads.
422  JTTDCMut+F+I+G4 353.452      52  810.905      1073.381     930.716
WARNING: Number of threads seems too high for short alignments. Use -T AUTO to determine best number of threads.
423  JTTDCMut+F+R2 353.906      52  811.813      1074.289     931.624
WARNING: Number of threads seems too high for short alignments. Use -T AUTO to determine best number of threads.
432  JTTDCMut+F+I+R2 353.455      53  812.911      1099.111     935.026
WARNING: Number of threads seems too high for short alignments. Use -T AUTO to determine best number of threads.
441  LG            385.123      31  832.246      879.484      903.672
WARNING: Number of threads seems too high for short alignments. Use -T AUTO to determine best number of threads.
442  LG+I          382.134      32  828.267      879.780      901.998
WARNING: Number of threads seems too high for short alignments. Use -T AUTO to determine best number of threads.
443  LG+G4         382.446      32  828.892      880.405      902.623
WARNING: Number of threads seems too high for short alignments. Use -T AUTO to determine best number of threads.
444  LG+I+G4       382.432      33  830.864      886.964      906.899
WARNING: Number of threads seems too high for short alignments. Use -T AUTO to determine best number of threads.
445  LG+R2         382.836      33  831.672      887.772      907.706
WARNING: Number of threads seems too high for short alignments. Use -T AUTO to determine best number of threads.
454  LG+I+R2       382.339      34  832.679      893.704      911.017
WARNING: Number of threads seems too high for short alignments. Use -T AUTO to determine best number of threads.
463  LG+F          360.629      50  821.258      1042.997     936.461
WARNING: Number of threads seems too high for short alignments. Use -T AUTO to determine best number of threads.
464  LG+F+I        358.282      51  818.565      1059.656     936.072
WARNING: Number of threads seems too high for short alignments. Use -T AUTO to determine best number of threads.
465  LG+F+G4       358.394      51  818.788      1059.879     936.295
WARNING: Number of threads seems too high for short alignments. Use -T AUTO to determine best number of threads.
466  LG+F+I+G4     358.360      52  820.719      1083.196     940.531
WARNING: Number of threads seems too high for short alignments. Use -T AUTO to determine best number of threads.
467  LG+F+R2       359.085      52  822.170      1084.646     941.981
WARNING: Number of threads seems too high for short alignments. Use -T AUTO to determine best number of threads.
476  LG+F+I+R2     358.345      53  822.690      1108.890     944.806
WARNING: Number of threads seems too high for short alignments. Use -T AUTO to determine best number of threads.
485  mtART         421.695      31  905.390      952.629      976.816
WARNING: Number of threads seems too high for short alignments. Use -T AUTO to determine best number of threads.
486  mtART+I       410.657      32  885.315      936.827      959.045
WARNING: Number of threads seems too high for short alignments. Use -T AUTO to determine best number of threads.
487  mtART+G4      411.512      32  887.024      938.537      960.754
WARNING: Number of threads seems too high for short alignments. Use -T AUTO to determine best number of threads.
488  mtART+I+G4    410.911      33  887.823      943.923      963.857
WARNING: Number of threads seems too high for short alignments. Use -T AUTO to determine best number of threads.
489  mtART+R2      414.013      33  894.026      950.126      970.060
WARNING: Number of threads seems too high for short alignments. Use -T AUTO to determine best number of threads.
498  mtART+I+R2    411.319      34  890.638      951.664      968.976
WARNING: Number of threads seems too high for short alignments. Use -T AUTO to determine best number of threads.
507  mtART+F       371.429      50  842.858      1064.597     958.061
WARNING: Number of threads seems too high for short alignments. Use -T AUTO to determine best number of threads.
508  mtART+F+I     363.932      51  829.863      1070.954     947.371
WARNING: Number of threads seems too high for short alignments. Use -T AUTO to determine best number of threads.
509  mtART+F+G4    364.011      51  830.023      1071.114     947.530
WARNING: Number of threads seems too high for short alignments. Use -T AUTO to determine best number of threads.
510  mtART+F+I+G4  363.860      52  831.720      1094.196     951.531
WARNING: Number of threads seems too high for short alignments. Use -T AUTO to determine best number of threads.
511  mtART+F+R2    365.281      52  834.562      1097.039     954.374
WARNING: Number of threads seems too high for short alignments. Use -T AUTO to determine best number of threads.
520  mtART+F+I+R2  364.025      53  834.050      1120.250     956.165
WARNING: Number of threads seems too high for short alignments. Use -T AUTO to determine best number of threads.
529  mtMAM         408.401      31  878.801      926.039      950.227
WARNING: Number of threads seems too high for short alignments. Use -T AUTO to determine best number of threads.
530  mtMAM+I       399.908      32  863.816      915.328      937.546
WARNING: Number of threads seems too high for short alignments. Use -T AUTO to determine best number of threads.
531  mtMAM+G4      400.921      32  865.843      917.355      939.573
WARNING: Number of threads seems too high for short alignments. Use -T AUTO to determine best number of threads.
532  mtMAM+I+G4    401.013      33  868.027      924.127      944.061
WARNING: Number of threads seems too high for short alignments. Use -T AUTO to determine best number of threads.
533  mtMAM+R2      402.404      33  870.808      926.908      946.842
WARNING: Number of threads seems too high for short alignments. Use -T AUTO to determine best number of threads.
542  mtMAM+I+R2    400.560      34  869.121      930.147      947.459
WARNING: Number of threads seems too high for short alignments. Use -T AUTO to determine best number of threads.
551  mtMAM+F       359.375      50  818.750      1040.489     933.953
WARNING: Number of threads seems too high for short alignments. Use -T AUTO to determine best number of threads.
552  mtMAM+F+I     354.613      51  811.227      1052.318     928.734
WARNING: Number of threads seems too high for short alignments. Use -T AUTO to determine best number of threads.
553  mtMAM+F+G4    355.050      51  812.099      1053.190     929.606
WARNING: Number of threads seems too high for short alignments. Use -T AUTO to determine best number of threads.
554  mtMAM+F+I+G4  355.082      52  814.163      1076.639     933.975
WARNING: Number of threads seems too high for short alignments. Use -T AUTO to determine best number of threads.
555  mtMAM+F+R2    355.575      52  815.151      1077.627     934.962
WARNING: Number of threads seems too high for short alignments. Use -T AUTO to determine best number of threads.
564  mtMAM+F+I+R2  354.892      53  815.784      1101.984     937.899
WARNING: Number of threads seems too high for short alignments. Use -T AUTO to determine best number of threads.
573  mtREV         405.743      31  873.486      920.724      944.912
WARNING: Number of threads seems too high for short alignments. Use -T AUTO to determine best number of threads.
574  mtREV+I       400.765      32  865.529      917.041      939.259
WARNING: Number of threads seems too high for short alignments. Use -T AUTO to determine best number of threads.
575  mtREV+G4      401.545      32  867.090      918.602      940.820
WARNING: Number of threads seems too high for short alignments. Use -T AUTO to determine best number of threads.
576  mtREV+I+G4    401.523      33  869.045      925.145      945.079
WARNING: Number of threads seems too high for short alignments. Use -T AUTO to determine best number of threads.
577  mtREV+R2      402.320      33  870.639      926.739      946.674
WARNING: Number of threads seems too high for short alignments. Use -T AUTO to determine best number of threads.
586  mtREV+I+R2    401.259      34  870.519      931.544      948.857
WARNING: Number of threads seems too high for short alignments. Use -T AUTO to determine best number of threads.
595  mtREV+F       358.161      50  816.323      1038.062     931.526
WARNING: Number of threads seems too high for short alignments. Use -T AUTO to determine best number of threads.
596  mtREV+F+I     355.623      51  813.246      1054.337     930.754
WARNING: Number of threads seems too high for short alignments. Use -T AUTO to determine best number of threads.
597  mtREV+F+G4    355.960      51  813.920      1055.011     931.427
WARNING: Number of threads seems too high for short alignments. Use -T AUTO to determine best number of threads.
598  mtREV+F+I+G4  355.883      52  815.765      1078.242     935.577
WARNING: Number of threads seems too high for short alignments. Use -T AUTO to determine best number of threads.
599  mtREV+F+R2    356.482      52  816.964      1079.440     936.775
WARNING: Number of threads seems too high for short alignments. Use -T AUTO to determine best number of threads.
608  mtREV+F+I+R2  355.824      53  817.649      1103.849     939.764
WARNING: Number of threads seems too high for short alignments. Use -T AUTO to determine best number of threads.
617  mtZOA         413.010      31  888.020      935.259      959.446
WARNING: Number of threads seems too high for short alignments. Use -T AUTO to determine best number of threads.
618  mtZOA+I       403.278      32  870.556      922.068      944.286
WARNING: Number of threads seems too high for short alignments. Use -T AUTO to determine best number of threads.
619  mtZOA+G4      403.922      32  871.843      923.355      945.573
WARNING: Number of threads seems too high for short alignments. Use -T AUTO to determine best number of threads.
620  mtZOA+I+G4    403.851      33  873.702      929.802      949.736
WARNING: Number of threads seems too high for short alignments. Use -T AUTO to determine best number of threads.
621  mtZOA+R2      405.843      33  877.687      933.787      953.721
WARNING: Number of threads seems too high for short alignments. Use -T AUTO to determine best number of threads.
630  mtZOA+I+R2    403.899      34  875.797      936.823      954.135
WARNING: Number of threads seems too high for short alignments. Use -T AUTO to determine best number of threads.
639  mtZOA+F       369.018      50  838.036      1059.775     953.239
WARNING: Number of threads seems too high for short alignments. Use -T AUTO to determine best number of threads.
640  mtZOA+F+I     363.071      51  828.142      1069.233     945.649
WARNING: Number of threads seems too high for short alignments. Use -T AUTO to determine best number of threads.
641  mtZOA+F+G4    363.023      51  828.046      1069.137     945.554
WARNING: Number of threads seems too high for short alignments. Use -T AUTO to determine best number of threads.
642  mtZOA+F+I+G4  363.025      52  830.050      1092.526     949.861
WARNING: Number of threads seems too high for short alignments. Use -T AUTO to determine best number of threads.
643  mtZOA+F+R2    363.612      52  831.224      1093.701     951.036
WARNING: Number of threads seems too high for short alignments. Use -T AUTO to determine best number of threads.
652  mtZOA+F+I+R2  363.023      53  832.046      1118.246     954.162
WARNING: Number of threads seems too high for short alignments. Use -T AUTO to determine best number of threads.
661  mtMet         416.387      31  894.774      942.012      966.200
WARNING: Number of threads seems too high for short alignments. Use -T AUTO to determine best number of threads.
662  mtMet+I       409.209      32  882.418      933.930      956.148
WARNING: Number of threads seems too high for short alignments. Use -T AUTO to determine best number of threads.
663  mtMet+G4      410.016      32  884.033      935.545      957.763
WARNING: Number of threads seems too high for short alignments. Use -T AUTO to determine best number of threads.
664  mtMet+I+G4    410.343      33  886.685      942.785      962.720
WARNING: Number of threads seems too high for short alignments. Use -T AUTO to determine best number of threads.
665  mtMet+R2      411.269      33  888.539      944.639      964.573
WARNING: Number of threads seems too high for short alignments. Use -T AUTO to determine best number of threads.
674  mtMet+I+R2    409.852      34  887.705      948.730      966.043
WARNING: Number of threads seems too high for short alignments. Use -T AUTO to determine best number of threads.
683  mtMet+F       359.848      50  819.695      1041.434     934.898
WARNING: Number of threads seems too high for short alignments. Use -T AUTO to determine best number of threads.
684  mtMet+F+I     355.928      51  813.855      1054.946     931.363
WARNING: Number of threads seems too high for short alignments. Use -T AUTO to determine best number of threads.
685  mtMet+F+G4    356.028      51  814.055      1055.146     931.563
WARNING: Number of threads seems too high for short alignments. Use -T AUTO to determine best number of threads.
686  mtMet+F+I+G4  356.088      52  816.176      1078.652     935.988
WARNING: Number of threads seems too high for short alignments. Use -T AUTO to determine best number of threads.
687  mtMet+F+R2    356.395      52  816.791      1079.267     936.602
WARNING: Number of threads seems too high for short alignments. Use -T AUTO to determine best number of threads.
696  mtMet+F+I+R2  355.982      53  817.964      1104.164     940.079
WARNING: Number of threads seems too high for short alignments. Use -T AUTO to determine best number of threads.
705  mtVer         411.999      31  885.998      933.236      957.424
WARNING: Number of threads seems too high for short alignments. Use -T AUTO to determine best number of threads.
706  mtVer+I       404.277      32  872.554      924.066      946.284
WARNING: Number of threads seems too high for short alignments. Use -T AUTO to determine best number of threads.
707  mtVer+G4      405.113      32  874.226      925.738      947.956
WARNING: Number of threads seems too high for short alignments. Use -T AUTO to determine best number of threads.
708  mtVer+I+G4    405.503      33  877.006      933.106      953.040
WARNING: Number of threads seems too high for short alignments. Use -T AUTO to determine best number of threads.
709  mtVer+R2      406.475      33  878.950      935.050      954.984
WARNING: Number of threads seems too high for short alignments. Use -T AUTO to determine best number of threads.
718  mtVer+I+R2    404.957      34  877.913      938.939      956.251
WARNING: Number of threads seems too high for short alignments. Use -T AUTO to determine best number of threads.
727  mtVer+F       360.122      50  820.243      1041.982     935.447
WARNING: Number of threads seems too high for short alignments. Use -T AUTO to determine best number of threads.
728  mtVer+F+I     356.170      51  814.340      1055.431     931.847
WARNING: Number of threads seems too high for short alignments. Use -T AUTO to determine best number of threads.
729  mtVer+F+G4    356.346      51  814.692      1055.782     932.199
WARNING: Number of threads seems too high for short alignments. Use -T AUTO to determine best number of threads.
730  mtVer+F+I+G4  356.411      52  816.822      1079.298     936.633
WARNING: Number of threads seems too high for short alignments. Use -T AUTO to determine best number of threads.
731  mtVer+F+R2    356.773      52  817.546      1080.022     937.358
WARNING: Number of threads seems too high for short alignments. Use -T AUTO to determine best number of threads.
740  mtVer+F+I+R2  356.275      53  818.549      1104.749     940.665
WARNING: Number of threads seems too high for short alignments. Use -T AUTO to determine best number of threads.
749  mtInv         427.760      31  917.520      964.758      988.946
WARNING: Number of threads seems too high for short alignments. Use -T AUTO to determine best number of threads.
750  mtInv+I       421.380      32  906.761      958.273      980.491
WARNING: Number of threads seems too high for short alignments. Use -T AUTO to determine best number of threads.
751  mtInv+G4      422.062      32  908.123      959.635      981.853
WARNING: Number of threads seems too high for short alignments. Use -T AUTO to determine best number of threads.
752  mtInv+I+G4    422.332      33  910.663      966.763      986.697
WARNING: Number of threads seems too high for short alignments. Use -T AUTO to determine best number of threads.
753  mtInv+R2      423.142      33  912.283      968.383      988.317
WARNING: Number of threads seems too high for short alignments. Use -T AUTO to determine best number of threads.
762  mtInv+I+R2    421.908      34  911.816      972.841      990.154
WARNING: Number of threads seems too high for short alignments. Use -T AUTO to determine best number of threads.
771  mtInv+F       361.806      50  823.612      1045.351     938.815
WARNING: Number of threads seems too high for short alignments. Use -T AUTO to determine best number of threads.
772  mtInv+F+I     358.245      51  818.490      1059.581     935.997
WARNING: Number of threads seems too high for short alignments. Use -T AUTO to determine best number of threads.
773  mtInv+F+G4    358.172      51  818.343      1059.434     935.851
WARNING: Number of threads seems too high for short alignments. Use -T AUTO to determine best number of threads.
774  mtInv+F+I+G4  358.227      52  820.454      1082.930     940.265
WARNING: Number of threads seems too high for short alignments. Use -T AUTO to determine best number of threads.
775  mtInv+F+R2    358.486      52  820.972      1083.448     940.783
WARNING: Number of threads seems too high for short alignments. Use -T AUTO to determine best number of threads.
784  mtInv+F+I+R2  358.173      53  822.347      1108.547     944.462
WARNING: Number of threads seems too high for short alignments. Use -T AUTO to determine best number of threads.
793  PMB           383.551      31  829.102      876.340      900.528
WARNING: Number of threads seems too high for short alignments. Use -T AUTO to determine best number of threads.
794  PMB+I         381.212      32  826.423      877.935      900.153
WARNING: Number of threads seems too high for short alignments. Use -T AUTO to determine best number of threads.
795  PMB+G4        381.605      32  827.209      878.721      900.939
WARNING: Number of threads seems too high for short alignments. Use -T AUTO to determine best number of threads.
796  PMB+I+G4      381.542      33  829.084      885.184      905.119
WARNING: Number of threads seems too high for short alignments. Use -T AUTO to determine best number of threads.
797  PMB+R2        382.163      33  830.326      886.426      906.360
WARNING: Number of threads seems too high for short alignments. Use -T AUTO to determine best number of threads.
806  PMB+I+R2      381.452      34  830.904      891.930      909.243
WARNING: Number of threads seems too high for short alignments. Use -T AUTO to determine best number of threads.
815  PMB+F         362.817      50  825.634      1047.373     940.837
WARNING: Number of threads seems too high for short alignments. Use -T AUTO to determine best number of threads.
816  PMB+F+I       360.930      51  823.859      1064.950     941.366
WARNING: Number of threads seems too high for short alignments. Use -T AUTO to determine best number of threads.
817  PMB+F+G4      361.206      51  824.413      1065.504     941.920
WARNING: Number of threads seems too high for short alignments. Use -T AUTO to determine best number of threads.
818  PMB+F+I+G4    361.116      52  826.233      1088.709     946.044
WARNING: Number of threads seems too high for short alignments. Use -T AUTO to determine best number of threads.
819  PMB+F+R2      361.532      52  827.064      1089.540     946.875
WARNING: Number of threads seems too high for short alignments. Use -T AUTO to determine best number of threads.
828  PMB+F+I+R2    361.099      53  828.198      1114.398     950.314
WARNING: Normalizing state frequencies so that sum of them equals to 1
WARNING: Number of threads seems too high for short alignments. Use -T AUTO to determine best number of threads.
837  Q.bird        374.530      31  811.060      858.298      882.486
WARNING: Normalizing state frequencies so that sum of them equals to 1
WARNING: Number of threads seems too high for short alignments. Use -T AUTO to determine best number of threads.
838  Q.bird+I      371.238      32  806.476      857.988      880.206
WARNING: Normalizing state frequencies so that sum of them equals to 1
WARNING: Number of threads seems too high for short alignments. Use -T AUTO to determine best number of threads.
839  Q.bird+G4     371.747      32  807.495      859.007      881.225
WARNING: Normalizing state frequencies so that sum of them equals to 1
WARNING: Number of threads seems too high for short alignments. Use -T AUTO to determine best number of threads.
840  Q.bird+I+G4   371.746      33  809.493      865.593      885.527
WARNING: Normalizing state frequencies so that sum of them equals to 1
WARNING: Number of threads seems too high for short alignments. Use -T AUTO to determine best number of threads.
841  Q.bird+R2     372.238      33  810.477      866.577      886.511
WARNING: Normalizing state frequencies so that sum of them equals to 1
WARNING: Number of threads seems too high for short alignments. Use -T AUTO to determine best number of threads.
850  Q.bird+I+R2   371.580      34  811.159      872.185      889.497
WARNING: Normalizing state frequencies so that sum of them equals to 1
WARNING: Number of threads seems too high for short alignments. Use -T AUTO to determine best number of threads.
859  Q.bird+F      355.910      50  811.821      1033.560     927.024
WARNING: Normalizing state frequencies so that sum of them equals to 1
WARNING: Number of threads seems too high for short alignments. Use -T AUTO to determine best number of threads.
860  Q.bird+F+I    353.276      51  808.553      1049.644     926.060
WARNING: Normalizing state frequencies so that sum of them equals to 1
WARNING: Number of threads seems too high for short alignments. Use -T AUTO to determine best number of threads.
861  Q.bird+F+G4   353.650      51  809.300      1050.391     926.807
WARNING: Normalizing state frequencies so that sum of them equals to 1
WARNING: Number of threads seems too high for short alignments. Use -T AUTO to determine best number of threads.
862  Q.bird+F+I+G4 353.573      52  811.147      1073.623     930.958
WARNING: Normalizing state frequencies so that sum of them equals to 1
WARNING: Number of threads seems too high for short alignments. Use -T AUTO to determine best number of threads.
863  Q.bird+F+R2   354.143      52  812.286      1074.762     932.097
WARNING: Normalizing state frequencies so that sum of them equals to 1
WARNING: Number of threads seems too high for short alignments. Use -T AUTO to determine best number of threads.
872  Q.bird+F+I+R2 353.508      53  813.016      1099.216     935.132
WARNING: Number of threads seems too high for short alignments. Use -T AUTO to determine best number of threads.
881  Q.insect      386.586      31  835.172      882.410      906.598
WARNING: Number of threads seems too high for short alignments. Use -T AUTO to determine best number of threads.
882  Q.insect+I    384.011      32  832.022      883.535      905.752
WARNING: Number of threads seems too high for short alignments. Use -T AUTO to determine best number of threads.
883  Q.insect+G4   384.478      32  832.955      884.467      906.685
WARNING: Number of threads seems too high for short alignments. Use -T AUTO to determine best number of threads.
884  Q.insect+I+G4 384.415      33  834.830      890.930      910.864
WARNING: Number of threads seems too high for short alignments. Use -T AUTO to determine best number of threads.
885  Q.insect+R2   385.027      33  836.054      892.154      912.088
WARNING: Number of threads seems too high for short alignments. Use -T AUTO to determine best number of threads.
894  Q.insect+I+R2 384.303      34  836.606      897.631      914.944
WARNING: Number of threads seems too high for short alignments. Use -T AUTO to determine best number of threads.
903  Q.insect+F    357.121      50  814.243      1035.982     929.446
WARNING: Number of threads seems too high for short alignments. Use -T AUTO to determine best number of threads.
904  Q.insect+F+I  355.191      51  812.382      1053.472     929.889
WARNING: Number of threads seems too high for short alignments. Use -T AUTO to determine best number of threads.
905  Q.insect+F+G4 355.450      51  812.900      1053.991     930.407
WARNING: Number of threads seems too high for short alignments. Use -T AUTO to determine best number of threads.
906  Q.insect+F+I+G4 355.368      52  814.735      1077.211     934.546
WARNING: Number of threads seems too high for short alignments. Use -T AUTO to determine best number of threads.
907  Q.insect+F+R2 355.802      52  815.603      1078.080     935.415
WARNING: Number of threads seems too high for short alignments. Use -T AUTO to determine best number of threads.
916  Q.insect+F+I+R2 355.340      53  816.680      1102.880     938.795
WARNING: Normalizing state frequencies so that sum of them equals to 1
WARNING: Number of threads seems too high for short alignments. Use -T AUTO to determine best number of threads.
925  Q.mammal      374.490      31  810.980      858.218      882.406
WARNING: Normalizing state frequencies so that sum of them equals to 1
WARNING: Number of threads seems too high for short alignments. Use -T AUTO to determine best number of threads.
926  Q.mammal+I    371.785      32  807.571      859.083      881.301
WARNING: Normalizing state frequencies so that sum of them equals to 1
WARNING: Number of threads seems too high for short alignments. Use -T AUTO to determine best number of threads.
927  Q.mammal+G4   372.318      32  808.635      860.147      882.365
WARNING: Normalizing state frequencies so that sum of them equals to 1
WARNING: Number of threads seems too high for short alignments. Use -T AUTO to determine best number of threads.
928  Q.mammal+I+G4 372.248      33  810.496      866.596      886.530
WARNING: Normalizing state frequencies so that sum of them equals to 1
WARNING: Number of threads seems too high for short alignments. Use -T AUTO to determine best number of threads.
929  Q.mammal+R2   372.888      33  811.776      867.876      887.810
WARNING: Normalizing state frequencies so that sum of them equals to 1
WARNING: Number of threads seems too high for short alignments. Use -T AUTO to determine best number of threads.
938  Q.mammal+I+R2 372.121      34  812.242      873.267      890.580
WARNING: Normalizing state frequencies so that sum of them equals to 1
WARNING: Number of threads seems too high for short alignments. Use -T AUTO to determine best number of threads.
947  Q.mammal+F    355.129      50  810.259      1031.998     925.462
WARNING: Normalizing state frequencies so that sum of them equals to 1
WARNING: Number of threads seems too high for short alignments. Use -T AUTO to determine best number of threads.
948  Q.mammal+F+I  352.900      51  807.799      1048.890     925.307
WARNING: Normalizing state frequencies so that sum of them equals to 1
WARNING: Number of threads seems too high for short alignments. Use -T AUTO to determine best number of threads.
949  Q.mammal+F+G4 353.334      51  808.667      1049.758     926.174
WARNING: Normalizing state frequencies so that sum of them equals to 1
WARNING: Number of threads seems too high for short alignments. Use -T AUTO to determine best number of threads.
950  Q.mammal+F+I+G4 353.202      52  810.405      1072.881     930.216
WARNING: Normalizing state frequencies so that sum of them equals to 1
WARNING: Number of threads seems too high for short alignments. Use -T AUTO to determine best number of threads.
951  Q.mammal+F+R2 353.727      52  811.454      1073.930     931.265
WARNING: Normalizing state frequencies so that sum of them equals to 1
WARNING: Number of threads seems too high for short alignments. Use -T AUTO to determine best number of threads.
960  Q.mammal+F+I+R2 353.165      53  812.329      1098.529     934.445
WARNING: Normalizing state frequencies so that sum of them equals to 1
WARNING: Number of threads seems too high for short alignments. Use -T AUTO to determine best number of threads.
969  Q.pfam        385.474      31  832.948      880.186      904.374
WARNING: Normalizing state frequencies so that sum of them equals to 1
WARNING: Number of threads seems too high for short alignments. Use -T AUTO to determine best number of threads.
970  Q.pfam+I      382.569      32  829.139      880.651      902.869
WARNING: Normalizing state frequencies so that sum of them equals to 1
WARNING: Number of threads seems too high for short alignments. Use -T AUTO to determine best number of threads.
971  Q.pfam+G4     382.949      32  829.899      881.411      903.629
WARNING: Normalizing state frequencies so that sum of them equals to 1
WARNING: Number of threads seems too high for short alignments. Use -T AUTO to determine best number of threads.
972  Q.pfam+I+G4   382.909      33  831.818      887.918      907.852
WARNING: Normalizing state frequencies so that sum of them equals to 1
WARNING: Number of threads seems too high for short alignments. Use -T AUTO to determine best number of threads.
973  Q.pfam+R2     383.348      33  832.696      888.796      908.730
WARNING: Normalizing state frequencies so that sum of them equals to 1
WARNING: Number of threads seems too high for short alignments. Use -T AUTO to determine best number of threads.
982  Q.pfam+I+R2   382.815      34  833.630      894.655      911.968
WARNING: Normalizing state frequencies so that sum of them equals to 1
WARNING: Number of threads seems too high for short alignments. Use -T AUTO to determine best number of threads.
991  Q.pfam+F      360.003      50  820.007      1041.746     935.210
WARNING: Normalizing state frequencies so that sum of them equals to 1
WARNING: Number of threads seems too high for short alignments. Use -T AUTO to determine best number of threads.
992  Q.pfam+F+I    357.667      51  817.334      1058.425     934.841
WARNING: Normalizing state frequencies so that sum of them equals to 1
WARNING: Number of threads seems too high for short alignments. Use -T AUTO to determine best number of threads.
993  Q.pfam+F+G4   357.841      51  817.682      1058.773     935.189
WARNING: Normalizing state frequencies so that sum of them equals to 1
WARNING: Number of threads seems too high for short alignments. Use -T AUTO to determine best number of threads.
994  Q.pfam+F+I+G4 357.794      52  819.588      1082.064     939.399
WARNING: Normalizing state frequencies so that sum of them equals to 1
WARNING: Number of threads seems too high for short alignments. Use -T AUTO to determine best number of threads.
995  Q.pfam+F+R2   358.398      52  820.797      1083.273     940.608
WARNING: Normalizing state frequencies so that sum of them equals to 1
WARNING: Number of threads seems too high for short alignments. Use -T AUTO to determine best number of threads.
1004  Q.pfam+F+I+R2 357.771      53  821.541      1107.741     943.656
WARNING: Normalizing state frequencies so that sum of them equals to 1
WARNING: Number of threads seems too high for short alignments. Use -T AUTO to determine best number of threads.
1013  Q.plant       382.886      31  827.771      875.009      899.197
WARNING: Normalizing state frequencies so that sum of them equals to 1
WARNING: Number of threads seems too high for short alignments. Use -T AUTO to determine best number of threads.
1014  Q.plant+I     379.302      32  822.603      874.116      896.334
WARNING: Normalizing state frequencies so that sum of them equals to 1
WARNING: Number of threads seems too high for short alignments. Use -T AUTO to determine best number of threads.
1015  Q.plant+G4    379.771      32  823.541      875.054      897.272
WARNING: Normalizing state frequencies so that sum of them equals to 1
WARNING: Number of threads seems too high for short alignments. Use -T AUTO to determine best number of threads.
1016  Q.plant+I+G4  379.801      33  825.603      881.703      901.637
WARNING: Normalizing state frequencies so that sum of them equals to 1
WARNING: Number of threads seems too high for short alignments. Use -T AUTO to determine best number of threads.
1017  Q.plant+R2    380.250      33  826.500      882.600      902.534
WARNING: Normalizing state frequencies so that sum of them equals to 1
WARNING: Number of threads seems too high for short alignments. Use -T AUTO to determine best number of threads.
1026  Q.plant+I+R2  379.626      34  827.252      888.278      905.591
WARNING: Normalizing state frequencies so that sum of them equals to 1
WARNING: Number of threads seems too high for short alignments. Use -T AUTO to determine best number of threads.
1035  Q.plant+F     356.973      50  813.947      1035.686     929.150
WARNING: Normalizing state frequencies so that sum of them equals to 1
WARNING: Number of threads seems too high for short alignments. Use -T AUTO to determine best number of threads.
1036  Q.plant+F+I   354.391      51  810.782      1051.873     928.289
WARNING: Normalizing state frequencies so that sum of them equals to 1
WARNING: Number of threads seems too high for short alignments. Use -T AUTO to determine best number of threads.
1037  Q.plant+F+G4  354.575      51  811.151      1052.242     928.658
WARNING: Normalizing state frequencies so that sum of them equals to 1
WARNING: Number of threads seems too high for short alignments. Use -T AUTO to determine best number of threads.
1038  Q.plant+F+I+G4 354.534      52  813.067      1075.543     932.878
WARNING: Normalizing state frequencies so that sum of them equals to 1
WARNING: Number of threads seems too high for short alignments. Use -T AUTO to determine best number of threads.
1039  Q.plant+F+R2  355.015      52  814.031      1076.507     933.842
WARNING: Normalizing state frequencies so that sum of them equals to 1
WARNING: Number of threads seems too high for short alignments. Use -T AUTO to determine best number of threads.
1048  Q.plant+F+I+R2 354.499      53  814.998      1101.198     937.114
WARNING: Normalizing state frequencies so that sum of them equals to 1
WARNING: Number of threads seems too high for short alignments. Use -T AUTO to determine best number of threads.
1057  Q.yeast       395.288      31  852.576      899.814      924.002
WARNING: Normalizing state frequencies so that sum of them equals to 1
WARNING: Number of threads seems too high for short alignments. Use -T AUTO to determine best number of threads.
1058  Q.yeast+I     392.303      32  848.605      900.118      922.335
WARNING: Normalizing state frequencies so that sum of them equals to 1
WARNING: Number of threads seems too high for short alignments. Use -T AUTO to determine best number of threads.
1059  Q.yeast+G4    392.693      32  849.385      900.898      923.116
WARNING: Normalizing state frequencies so that sum of them equals to 1
WARNING: Number of threads seems too high for short alignments. Use -T AUTO to determine best number of threads.
1060  Q.yeast+I+G4  392.675      33  851.350      907.450      927.384
WARNING: Normalizing state frequencies so that sum of them equals to 1
WARNING: Number of threads seems too high for short alignments. Use -T AUTO to determine best number of threads.
1061  Q.yeast+R2    393.131      33  852.263      908.363      928.297
WARNING: Normalizing state frequencies so that sum of them equals to 1
WARNING: Number of threads seems too high for short alignments. Use -T AUTO to determine best number of threads.
1070  Q.yeast+I+R2  392.560      34  853.120      914.145      931.458
WARNING: Normalizing state frequencies so that sum of them equals to 1
WARNING: Number of threads seems too high for short alignments. Use -T AUTO to determine best number of threads.
1079  Q.yeast+F     359.280      50  818.559      1040.298     933.762
WARNING: Normalizing state frequencies so that sum of them equals to 1
WARNING: Number of threads seems too high for short alignments. Use -T AUTO to determine best number of threads.
1080  Q.yeast+F+I   356.881      51  815.762      1056.853     933.269
WARNING: Normalizing state frequencies so that sum of them equals to 1
WARNING: Number of threads seems too high for short alignments. Use -T AUTO to determine best number of threads.
1081  Q.yeast+F+G4  357.048      51  816.097      1057.188     933.604
WARNING: Normalizing state frequencies so that sum of them equals to 1
WARNING: Number of threads seems too high for short alignments. Use -T AUTO to determine best number of threads.
1082  Q.yeast+F+I+G4 357.013      52  818.026      1080.502     937.837
WARNING: Normalizing state frequencies so that sum of them equals to 1
WARNING: Number of threads seems too high for short alignments. Use -T AUTO to determine best number of threads.
1083  Q.yeast+F+R2  357.639      52  819.279      1081.755     939.090
WARNING: Normalizing state frequencies so that sum of them equals to 1
WARNING: Number of threads seems too high for short alignments. Use -T AUTO to determine best number of threads.
1092  Q.yeast+F+I+R2 356.981      53  819.962      1106.162     942.078
WARNING: Number of threads seems too high for short alignments. Use -T AUTO to determine best number of threads.
1101  rtREV         391.995      31  845.991      893.229      917.417
WARNING: Number of threads seems too high for short alignments. Use -T AUTO to determine best number of threads.
1102  rtREV+I       388.516      32  841.032      892.544      914.762
WARNING: Number of threads seems too high for short alignments. Use -T AUTO to determine best number of threads.
1103  rtREV+G4      388.797      32  841.595      893.107      915.325
WARNING: Number of threads seems too high for short alignments. Use -T AUTO to determine best number of threads.
1104  rtREV+I+G4    388.816      33  843.631      899.731      919.665
WARNING: Number of threads seems too high for short alignments. Use -T AUTO to determine best number of threads.
1105  rtREV+R2      389.289      33  844.577      900.677      920.611
WARNING: Number of threads seems too high for short alignments. Use -T AUTO to determine best number of threads.
1114  rtREV+I+R2    388.718      34  845.436      906.462      923.774
WARNING: Number of threads seems too high for short alignments. Use -T AUTO to determine best number of threads.
1123  rtREV+F       365.774      50  831.547      1053.286     946.750
WARNING: Number of threads seems too high for short alignments. Use -T AUTO to determine best number of threads.
1124  rtREV+F+I     362.858      51  827.715      1068.806     945.223
WARNING: Number of threads seems too high for short alignments. Use -T AUTO to determine best number of threads.
1125  rtREV+F+G4    362.996      51  827.993      1069.083     945.500
WARNING: Number of threads seems too high for short alignments. Use -T AUTO to determine best number of threads.
1126  rtREV+F+I+G4  362.974      52  829.948      1092.424     949.760
WARNING: Number of threads seems too high for short alignments. Use -T AUTO to determine best number of threads.
1127  rtREV+F+R2    363.357      52  830.713      1093.189     950.525
WARNING: Number of threads seems too high for short alignments. Use -T AUTO to determine best number of threads.
1136  rtREV+F+I+R2  362.943      53  831.886      1118.086     954.001
WARNING: Number of threads seems too high for short alignments. Use -T AUTO to determine best number of threads.
1145  VT            382.897      31  827.794      875.033      899.220
WARNING: Number of threads seems too high for short alignments. Use -T AUTO to determine best number of threads.
1146  VT+I          380.773      32  825.547      877.059      899.277
WARNING: Number of threads seems too high for short alignments. Use -T AUTO to determine best number of threads.
1147  VT+G4         381.153      32  826.306      877.818      900.036
WARNING: Number of threads seems too high for short alignments. Use -T AUTO to determine best number of threads.
1148  VT+I+G4       381.052      33  828.104      884.204      904.138
WARNING: Number of threads seems too high for short alignments. Use -T AUTO to determine best number of threads.
1149  VT+R2         381.531      33  829.062      885.162      905.096
WARNING: Number of threads seems too high for short alignments. Use -T AUTO to determine best number of threads.
1158  VT+I+R2       381.003      34  830.006      891.031      908.344
WARNING: Number of threads seems too high for short alignments. Use -T AUTO to determine best number of threads.
1167  VT+F          358.731      50  817.462      1039.201     932.665
WARNING: Number of threads seems too high for short alignments. Use -T AUTO to determine best number of threads.
1168  VT+F+I        357.066      51  816.132      1057.223     933.640
WARNING: Number of threads seems too high for short alignments. Use -T AUTO to determine best number of threads.
1169  VT+F+G4       357.339      51  816.678      1057.769     934.185
WARNING: Number of threads seems too high for short alignments. Use -T AUTO to determine best number of threads.
1170  VT+F+I+G4     357.212      52  818.425      1080.901     938.236
WARNING: Number of threads seems too high for short alignments. Use -T AUTO to determine best number of threads.
1171  VT+F+R2       357.566      52  819.133      1081.609     938.944
WARNING: Number of threads seems too high for short alignments. Use -T AUTO to determine best number of threads.
1180  VT+F+I+R2     357.222      53  820.444      1106.644     942.559
WARNING: Number of threads seems too high for short alignments. Use -T AUTO to determine best number of threads.
1189  WAG           383.164      31  828.328      875.566      899.754
WARNING: Number of threads seems too high for short alignments. Use -T AUTO to determine best number of threads.
1190  WAG+I         380.865      32  825.729      877.241      899.459
WARNING: Number of threads seems too high for short alignments. Use -T AUTO to determine best number of threads.
1191  WAG+G4        381.157      32  826.314      877.826      900.044
WARNING: Number of threads seems too high for short alignments. Use -T AUTO to determine best number of threads.
1192  WAG+I+G4      381.110      33  828.219      884.319      904.253
WARNING: Number of threads seems too high for short alignments. Use -T AUTO to determine best number of threads.
1193  WAG+R2        381.640      33  829.281      885.381      905.315
WARNING: Number of threads seems too high for short alignments. Use -T AUTO to determine best number of threads.
1202  WAG+I+R2      381.039      34  830.077      891.103      908.416
WARNING: Number of threads seems too high for short alignments. Use -T AUTO to determine best number of threads.
1211  WAG+F         358.698      50  817.396      1039.135     932.600
WARNING: Number of threads seems too high for short alignments. Use -T AUTO to determine best number of threads.
1212  WAG+F+I       356.904      51  815.808      1056.899     933.316
WARNING: Number of threads seems too high for short alignments. Use -T AUTO to determine best number of threads.
1213  WAG+F+G4      357.071      51  816.143      1057.233     933.650
WARNING: Number of threads seems too high for short alignments. Use -T AUTO to determine best number of threads.
1214  WAG+F+I+G4    357.010      52  818.021      1080.497     937.832
WARNING: Number of threads seems too high for short alignments. Use -T AUTO to determine best number of threads.
1215  WAG+F+R2      357.395      52  818.790      1081.266     938.602
WARNING: Number of threads seems too high for short alignments. Use -T AUTO to determine best number of threads.
1224  WAG+F+I+R2    356.996      53  819.993      1106.193     942.108
Reading model parameters from file Q.iridoviridae
WARNING: Number of threads seems too high for short alignments. Use -T AUTO to determine best number of threads.
1233  Q.iridoviridae 382.814      31  827.629      874.867      899.055
Reading model parameters from file Q.iridoviridae
WARNING: Number of threads seems too high for short alignments. Use -T AUTO to determine best number of threads.
1234  Q.iridoviridae+I 380.254      32  824.509      876.021      898.239
Reading model parameters from file Q.iridoviridae
WARNING: Number of threads seems too high for short alignments. Use -T AUTO to determine best number of threads.
1235  Q.iridoviridae+G4 380.565      32  825.131      876.643      898.861
Reading model parameters from file Q.iridoviridae
WARNING: Number of threads seems too high for short alignments. Use -T AUTO to determine best number of threads.
1236  Q.iridoviridae+I+G4 380.524      33  827.048      883.148      903.082
Reading model parameters from file Q.iridoviridae
WARNING: Number of threads seems too high for short alignments. Use -T AUTO to determine best number of threads.
1237  Q.iridoviridae+R2 381.070      33  828.141      884.241      904.175
Reading model parameters from file Q.iridoviridae
WARNING: Number of threads seems too high for short alignments. Use -T AUTO to determine best number of threads.
1246  Q.iridoviridae+I+R2 380.447      34  828.893      889.919      907.232
Reading model parameters from file Q.iridoviridae
WARNING: Number of threads seems too high for short alignments. Use -T AUTO to determine best number of threads.
1255  Q.iridoviridae+F 357.745      50  815.490      1037.229     930.694
Reading model parameters from file Q.iridoviridae
WARNING: Number of threads seems too high for short alignments. Use -T AUTO to determine best number of threads.
1256  Q.iridoviridae+F+I 355.853      51  813.706      1054.797     931.213
Reading model parameters from file Q.iridoviridae
WARNING: Number of threads seems too high for short alignments. Use -T AUTO to determine best number of threads.
1257  Q.iridoviridae+F+G4 355.995      51  813.990      1055.080     931.497
Reading model parameters from file Q.iridoviridae
WARNING: Number of threads seems too high for short alignments. Use -T AUTO to determine best number of threads.
1258  Q.iridoviridae+F+I+G4 355.940      52  815.880      1078.356     935.691
Reading model parameters from file Q.iridoviridae
WARNING: Number of threads seems too high for short alignments. Use -T AUTO to determine best number of threads.
1259  Q.iridoviridae+F+R2 356.377      52  816.755      1079.231     936.566
Reading model parameters from file Q.iridoviridae
WARNING: Number of threads seems too high for short alignments. Use -T AUTO to determine best number of threads.
1268  Q.iridoviridae+F+I+R2 355.942      53  817.884      1104.084     939.999
Reading model parameters from file Q.mcv
WARNING: Normalizing state frequencies so that sum of them equals to 1
WARNING: Number of threads seems too high for short alignments. Use -T AUTO to determine best number of threads.
1277  Q.mcv         367.815      31  797.630      844.868      869.056
Reading model parameters from file Q.mcv
WARNING: Normalizing state frequencies so that sum of them equals to 1
WARNING: Number of threads seems too high for short alignments. Use -T AUTO to determine best number of threads.
1278  Q.mcv+I       365.524      32  795.048      846.560      868.778
Reading model parameters from file Q.mcv
WARNING: Normalizing state frequencies so that sum of them equals to 1
WARNING: Number of threads seems too high for short alignments. Use -T AUTO to determine best number of threads.
1279  Q.mcv+G4      365.828      32  795.655      847.167      869.385
Reading model parameters from file Q.mcv
WARNING: Normalizing state frequencies so that sum of them equals to 1
WARNING: Number of threads seems too high for short alignments. Use -T AUTO to determine best number of threads.
1280  Q.mcv+I+G4    365.768      33  797.536      853.636      873.570
Reading model parameters from file Q.mcv
WARNING: Normalizing state frequencies so that sum of them equals to 1
WARNING: Number of threads seems too high for short alignments. Use -T AUTO to determine best number of threads.
1281  Q.mcv+R2      366.397      33  798.794      854.894      874.828
Reading model parameters from file Q.mcv
WARNING: Normalizing state frequencies so that sum of them equals to 1
WARNING: Number of threads seems too high for short alignments. Use -T AUTO to determine best number of threads.
1290  Q.mcv+I+R2    365.708      34  799.416      860.442      877.754
Reading model parameters from file Q.mcv
WARNING: Normalizing state frequencies so that sum of them equals to 1
WARNING: Number of threads seems too high for short alignments. Use -T AUTO to determine best number of threads.
1299  Q.mcv+F       355.130      50  810.260      1032.000     925.464
Reading model parameters from file Q.mcv
WARNING: Normalizing state frequencies so that sum of them equals to 1
WARNING: Number of threads seems too high for short alignments. Use -T AUTO to determine best number of threads.
1300  Q.mcv+F+I     353.526      51  809.053      1050.144     926.560
Reading model parameters from file Q.mcv
WARNING: Normalizing state frequencies so that sum of them equals to 1
WARNING: Number of threads seems too high for short alignments. Use -T AUTO to determine best number of threads.
1301  Q.mcv+F+G4    353.699      51  809.399      1050.490     926.906
Reading model parameters from file Q.mcv
WARNING: Normalizing state frequencies so that sum of them equals to 1
WARNING: Number of threads seems too high for short alignments. Use -T AUTO to determine best number of threads.
1302  Q.mcv+F+I+G4  353.615      52  811.230      1073.706     931.041
Reading model parameters from file Q.mcv
WARNING: Normalizing state frequencies so that sum of them equals to 1
WARNING: Number of threads seems too high for short alignments. Use -T AUTO to determine best number of threads.
1303  Q.mcv+F+R2    353.963      52  811.926      1074.402     931.737
Reading model parameters from file Q.mcv
WARNING: Normalizing state frequencies so that sum of them equals to 1
WARNING: Number of threads seems too high for short alignments. Use -T AUTO to determine best number of threads.
1312  Q.mcv+F+I+R2  353.626      53  813.253      1099.453     935.368
Akaike Information Criterion:           Q.mcv+I
Corrected Akaike Information Criterion: Q.mcv
Bayesian Information Criterion:         Q.mcv+I
Best-fit model: Q.mcv+I chosen according to BIC

All model information printed to iqtree_genus/OG0000094.fa.model.gz
CPU time for ModelFinder: 10.845 seconds (0h:0m:10s)
Wall-clock time for ModelFinder: 2.763 seconds (0h:0m:2s)
Generating 1000 samples for ultrafast bootstrap (seed: 557715)...
Reading model parameters from file Q.mcv
WARNING: Normalizing state frequencies so that sum of them equals to 1

NOTE: 0 MB RAM (0 GB) is required!
WARNING: Number of threads seems too high for short alignments. Use -T AUTO to determine best number of threads.
Estimate model parameters (epsilon = 0.100)
1. Initial log-likelihood: -365.524
Optimal log-likelihood: -365.524
Proportion of invariable sites: 0.552
Parameters optimization took 1 rounds (0.001 sec)
Wrote distance file to... 
Computing ML distances based on estimated model parameters...
Calculating distance matrix: done in 0.00225401 secs using 401.6% CPU
Computing ML distances took 0.002294 sec (of wall-clock time) 0.009169 sec (of CPU time)
Setting up auxiliary I and S matrices: done in 4.41074e-05 secs
Constructing RapidNJ tree: done in 0.00022912 secs using 136.2% CPU
Computing RapidNJ tree took 0.000340 sec (of wall-clock time) 0.000333 sec (of CPU time)
Log-likelihood of RapidNJ tree: -365.524
--------------------------------------------------------------------
|             INITIALIZING CANDIDATE TREE SET                      |
--------------------------------------------------------------------
Generating 99 parsimony trees... 0.036 second
Computing log-likelihood of 99 initial trees ... 0.061 seconds
Current best score: -365.524

Do NNI search on 20 best initial trees
Optimizing NNI: done in 0.003546 secs using 499.9% CPU
Estimate model parameters (epsilon = 0.100)
BETTER TREE FOUND at iteration 1: -365.524
Optimizing NNI: done in 0.00696993 secs using 482% CPU
Optimizing NNI: done in 0.00704408 secs using 484.1% CPU
Optimizing NNI: done in 0.00595498 secs using 479.7% CPU
Optimizing NNI: done in 0.00699496 secs using 444.6% CPU
Optimizing NNI: done in 0.0191698 secs using 428% CPU
Optimizing NNI: done in 0.00697994 secs using 558.4% CPU
Optimizing NNI: done in 0.00693607 secs using 561.3% CPU
Optimizing NNI: done in 0.00596905 secs using 380.1% CPU
Optimizing NNI: done in 0.00703406 secs using 542.9% CPU
Iteration 10 / LogL: -365.524 / Time: 0h:0m:0s
Optimizing NNI: done in 0.0191538 secs using 451.6% CPU
Optimizing NNI: done in 0.00692081 secs using 446.8% CPU
Optimizing NNI: done in 0.0260551 secs using 299.6% CPU
Optimizing NNI: done in 0.0060029 secs using 498.3% CPU
Optimizing NNI: done in 0.00997996 secs using 302.8% CPU
Optimizing NNI: done in 0.00627208 secs using 482.6% CPU
Optimizing NNI: done in 0.00615001 secs using 295.1% CPU
Optimizing NNI: done in 0.00632286 secs using 289.8% CPU
Optimizing NNI: done in 0.00623298 secs using 485.1% CPU
Optimizing NNI: done in 0.0262539 secs using 298.1% CPU
Iteration 20 / LogL: -365.524 / Time: 0h:0m:0s
Finish initializing candidate tree set (3)
Current best tree score: -365.524 / CPU time: 0.327
Number of iterations: 20
--------------------------------------------------------------------
|               OPTIMIZING CANDIDATE TREE SET                      |
--------------------------------------------------------------------
Optimizing NNI: done in 0.00916195 secs using 488.5% CPU
Optimizing NNI: done in 0.027458 secs using 355.6% CPU
Optimizing NNI: done in 0.0186741 secs using 345.2% CPU
Optimizing NNI: done in 0.035141 secs using 332.2% CPU
Optimizing NNI: done in 0.039556 secs using 346.7% CPU
Optimizing NNI: done in 0.024915 secs using 349.7% CPU
Optimizing NNI: done in 0.0168521 secs using 394.6% CPU
Optimizing NNI: done in 0.012429 secs using 389.7% CPU
Optimizing NNI: done in 0.013026 secs using 389.8% CPU
Optimizing NNI: done in 0.01213 secs using 390.6% CPU
Iteration 30 / LogL: -365.524 / Time: 0h:0m:0s (0h:0m:1s left)
Optimizing NNI: done in 0.015286 secs using 400% CPU
Optimizing NNI: done in 0.0151908 secs using 395% CPU
Optimizing NNI: done in 0.016063 secs using 393.3% CPU
Optimizing NNI: done in 0.0172598 secs using 394.4% CPU
Optimizing NNI: done in 0.0134461 secs using 392.3% CPU
Optimizing NNI: done in 0.0162001 secs using 393.4% CPU
Optimizing NNI: done in 0.0164421 secs using 392.6% CPU
Optimizing NNI: done in 0.0194259 secs using 394.7% CPU
Optimizing NNI: done in 0.01548 secs using 392.6% CPU
Optimizing NNI: done in 0.017256 secs using 394.2% CPU
Iteration 40 / LogL: -365.524 / Time: 0h:0m:0s (0h:0m:1s left)
Optimizing NNI: done in 0.011975 secs using 391% CPU
Optimizing NNI: done in 0.018708 secs using 394.2% CPU
Optimizing NNI: done in 0.0201321 secs using 395.1% CPU
Optimizing NNI: done in 0.0195382 secs using 394.4% CPU
Optimizing NNI: done in 0.0127039 secs using 391.7% CPU
Optimizing NNI: done in 0.01513 secs using 397.7% CPU
Optimizing NNI: done in 0.00900698 secs using 388.5% CPU
Optimizing NNI: done in 0.01302 secs using 393% CPU
Optimizing NNI: done in 0.0163741 secs using 393.3% CPU
Optimizing NNI: done in 0.00633502 secs using 400.1% CPU
Iteration 50 / LogL: -365.524 / Time: 0h:0m:0s (0h:0m:0s left)
Log-likelihood cutoff on original alignment: -393.890
Optimizing NNI: done in 0.0136039 secs using 392% CPU
Optimizing NNI: done in 0.00980401 secs using 390.4% CPU
Optimizing NNI: done in 0.0137069 secs using 393.4% CPU
Optimizing NNI: done in 0.0211101 secs using 394.8% CPU
Optimizing NNI: done in 0.016613 secs using 399.9% CPU
Optimizing NNI: done in 0.012934 secs using 391.6% CPU
Optimizing NNI: done in 0.0126119 secs using 391.7% CPU
Optimizing NNI: done in 0.012975 secs using 391.8% CPU
Optimizing NNI: done in 0.0137792 secs using 392.5% CPU
Optimizing NNI: done in 0.0139019 secs using 390.8% CPU
Iteration 60 / LogL: -367.798 / Time: 0h:0m:1s (0h:0m:0s left)
Optimizing NNI: done in 0.015913 secs using 393.4% CPU
Optimizing NNI: done in 0.011332 secs using 391% CPU
Optimizing NNI: done in 0.0133579 secs using 392.2% CPU
Optimizing NNI: done in 0.020298 secs using 394.9% CPU
Optimizing NNI: done in 0.01665 secs using 345.8% CPU
Optimizing NNI: done in 0.016933 secs using 393.7% CPU
Optimizing NNI: done in 0.0155241 secs using 393.1% CPU
Optimizing NNI: done in 0.0125861 secs using 396.5% CPU
Optimizing NNI: done in 0.0143962 secs using 392.8% CPU
Optimizing NNI: done in 0.0116301 secs using 357.4% CPU
Iteration 70 / LogL: -365.524 / Time: 0h:0m:1s (0h:0m:0s left)
Optimizing NNI: done in 0.0166061 secs using 393.4% CPU
Optimizing NNI: done in 0.0201571 secs using 394.1% CPU
Optimizing NNI: done in 0.0161872 secs using 393.7% CPU
Optimizing NNI: done in 0.00968695 secs using 307% CPU
Optimizing NNI: done in 0.00822997 secs using 400.5% CPU
Optimizing NNI: done in 0.00973988 secs using 384.8% CPU
Optimizing NNI: done in 0.011692 secs using 398.9% CPU
Optimizing NNI: done in 0.0164559 secs using 396.2% CPU
Optimizing NNI: done in 0.0115001 secs using 391.3% CPU
Optimizing NNI: done in 0.0104518 secs using 386.6% CPU
Iteration 80 / LogL: -365.524 / Time: 0h:0m:1s (0h:0m:0s left)
Optimizing NNI: done in 0.00947905 secs using 389% CPU
Optimizing NNI: done in 0.0314059 secs using 400.4% CPU
Optimizing NNI: done in 0.018512 secs using 394.3% CPU
Optimizing NNI: done in 0.00986314 secs using 394.1% CPU
Optimizing NNI: done in 0.0157239 secs using 393.5% CPU
Optimizing NNI: done in 0.0211821 secs using 394.9% CPU
Optimizing NNI: done in 0.013474 secs using 340.3% CPU
Optimizing NNI: done in 0.0198829 secs using 394.4% CPU
Optimizing NNI: done in 0.01968 secs using 395% CPU
Optimizing NNI: done in 0.01366 secs using 391.6% CPU
Iteration 90 / LogL: -365.524 / Time: 0h:0m:1s (0h:0m:0s left)
Optimizing NNI: done in 0.016176 secs using 344.7% CPU
Optimizing NNI: done in 0.0138781 secs using 392.2% CPU
Optimizing NNI: done in 0.009444 secs using 392.2% CPU
Optimizing NNI: done in 0.0122459 secs using 391.7% CPU
Optimizing NNI: done in 0.00864506 secs using 377.2% CPU
Optimizing NNI: done in 0.00831294 secs using 387.4% CPU
Optimizing NNI: done in 0.01354 secs using 392% CPU
Optimizing NNI: done in 0.0175059 secs using 394.2% CPU
Optimizing NNI: done in 0.0129941 secs using 391.4% CPU
Optimizing NNI: done in 0.01423 secs using 392.9% CPU
Iteration 100 / LogL: -365.524 / Time: 0h:0m:1s (0h:0m:0s left)
Log-likelihood cutoff on original alignment: -394.312
NOTE: Bootstrap correlation coefficient of split occurrence frequencies: 0.996
Optimizing NNI: done in 0.0144072 secs using 393.1% CPU
Optimizing NNI: done in 0.018539 secs using 394.7% CPU
TREE SEARCH COMPLETED AFTER 102 ITERATIONS / Time: 0h:0m:1s

--------------------------------------------------------------------
|                    FINALIZING TREE SEARCH                        |
--------------------------------------------------------------------
Performs final model parameters optimization
Estimate model parameters (epsilon = 0.010)
1. Initial log-likelihood: -365.524
Optimal log-likelihood: -365.524
Proportion of invariable sites: 0.552
Parameters optimization took 1 rounds (0.001 sec)
BEST SCORE FOUND : -365.524
Creating bootstrap support values...
Split supports printed to NEXUS file iqtree_genus/OG0000094.fa.splits.nex
Total tree length: 0.399

Total number of iterations: 102
CPU time used for tree search: 7.243 sec (0h:0m:7s)
Wall-clock time used for tree search: 1.836 sec (0h:0m:1s)
Total CPU time used: 7.388 sec (0h:0m:7s)
Total wall-clock time used: 1.877 sec (0h:0m:1s)

Computing bootstrap consensus tree...
Reading input file iqtree_genus/OG0000094.fa.splits.nex...
17 taxa and 154 splits.
Consensus tree written to iqtree_genus/OG0000094.fa.contree
Reading input trees file iqtree_genus/OG0000094.fa.contree
Log-likelihood of consensus tree: -365.526

Analysis results written to: 
  IQ-TREE report:                iqtree_genus/OG0000094.fa.iqtree
  Maximum-likelihood tree:       iqtree_genus/OG0000094.fa.treefile
  Likelihood distances:          iqtree_genus/OG0000094.fa.mldist

Ultrafast bootstrap approximation results written to:
  Split support values:          iqtree_genus/OG0000094.fa.splits.nex
  Consensus tree:                iqtree_genus/OG0000094.fa.contree
  Screen log file:               iqtree_genus/OG0000094.fa.log

Date and Time: Thu Apr  3 13:11:17 2025
