Discrepancy Report Results

Summary
FATAL: MISSING_PROTEIN_ID:110 proteins have invalid IDs.
DISC_SOURCE_QUALS_ASNDISC:strain (all present, all unique)
DISC_SOURCE_QUALS_ASNDISC:taxname (all present, all unique)
DISC_FEATURE_COUNT:CDS: 110 present
DISC_COUNT_NUCLEOTIDES:1 nucleotide Bioseqs are present
FEATURE_LOCATION_CONFLICT:110 features have inconsistent gene locations.
DISC_QUALITY_SCORES:Quality scores are missing on all sequences.
ONCALLER_COMMENT_PRESENT:1 comment descriptors were found (all same)
SHORT_PROT_SEQUENCES:5 protein sequences are shorter than 50 aa.
MISSING_GENOMEASSEMBLY_COMMENTS:1 bioseqs are missing GenomeAssembly structured comments
MOLTYPE_NOT_MRNA:1 molecule types are not set as mRNA.
TECHNIQUE_NOT_TSA:1 technique are not set as TSA
MISSING_STRUCTURED_COMMENT:1 sequences do not include structured comments.
MISSING_PROJECT:111 sequences do not include project.
DISC_INCONSISTENT_MOLINFO_TECH:Molinfo Technique Report (some missing, all same)


Detailed Report

FATAL: DiscRep_ALL:MISSING_PROTEIN_ID::110 proteins have invalid IDs.
./prokka_outputs/L63545.1/L63545.1:L63545.1_1 (length 119)
./prokka_outputs/L63545.1/L63545.1:L63545.1_2 (length 248)
./prokka_outputs/L63545.1/L63545.1:L63545.1_3 (length 228)
./prokka_outputs/L63545.1/L63545.1:L63545.1_4 (length 164)
./prokka_outputs/L63545.1/L63545.1:L63545.1_5 (length 517)
./prokka_outputs/L63545.1/L63545.1:L63545.1_6 (length 324)
./prokka_outputs/L63545.1/L63545.1:L63545.1_7 (length 1199)
./prokka_outputs/L63545.1/L63545.1:L63545.1_8 (length 335)
./prokka_outputs/L63545.1/L63545.1:L63545.1_9 (length 162)
./prokka_outputs/L63545.1/L63545.1:L63545.1_10 (length 210)
./prokka_outputs/L63545.1/L63545.1:L63545.1_11 (length 32)
./prokka_outputs/L63545.1/L63545.1:L63545.1_12 (length 147)
./prokka_outputs/L63545.1/L63545.1:L63545.1_13 (length 1024)
./prokka_outputs/L63545.1/L63545.1:L63545.1_14 (length 119)
./prokka_outputs/L63545.1/L63545.1:L63545.1_15 (length 378)
./prokka_outputs/L63545.1/L63545.1:L63545.1_16 (length 95)
./prokka_outputs/L63545.1/L63545.1:L63545.1_17 (length 101)
./prokka_outputs/L63545.1/L63545.1:L63545.1_18 (length 128)
./prokka_outputs/L63545.1/L63545.1:L63545.1_19 (length 148)
./prokka_outputs/L63545.1/L63545.1:L63545.1_20 (length 92)
./prokka_outputs/L63545.1/L63545.1:L63545.1_21 (length 584)
./prokka_outputs/L63545.1/L63545.1:L63545.1_22 (length 118)
./prokka_outputs/L63545.1/L63545.1:L63545.1_23 (length 430)
./prokka_outputs/L63545.1/L63545.1:L63545.1_24 (length 374)
./prokka_outputs/L63545.1/L63545.1:L63545.1_25 (length 622)
./prokka_outputs/L63545.1/L63545.1:L63545.1_26 (length 168)
./prokka_outputs/L63545.1/L63545.1:L63545.1_27 (length 55)
./prokka_outputs/L63545.1/L63545.1:L63545.1_28 (length 75)
./prokka_outputs/L63545.1/L63545.1:L63545.1_29 (length 255)
./prokka_outputs/L63545.1/L63545.1:L63545.1_30 (length 244)
./prokka_outputs/L63545.1/L63545.1:L63545.1_31 (length 168)
./prokka_outputs/L63545.1/L63545.1:L63545.1_32 (length 153)
./prokka_outputs/L63545.1/L63545.1:L63545.1_33 (length 311)
./prokka_outputs/L63545.1/L63545.1:L63545.1_34 (length 121)
./prokka_outputs/L63545.1/L63545.1:L63545.1_35 (length 459)
./prokka_outputs/L63545.1/L63545.1:L63545.1_36 (length 178)
./prokka_outputs/L63545.1/L63545.1:L63545.1_37 (length 204)
./prokka_outputs/L63545.1/L63545.1:L63545.1_38 (length 133)
./prokka_outputs/L63545.1/L63545.1:L63545.1_39 (length 144)
./prokka_outputs/L63545.1/L63545.1:L63545.1_40 (length 240)
./prokka_outputs/L63545.1/L63545.1:L63545.1_41 (length 430)
./prokka_outputs/L63545.1/L63545.1:L63545.1_42 (length 519)
./prokka_outputs/L63545.1/L63545.1:L63545.1_43 (length 176)
./prokka_outputs/L63545.1/L63545.1:L63545.1_44 (length 126)
./prokka_outputs/L63545.1/L63545.1:L63545.1_45 (length 198)
./prokka_outputs/L63545.1/L63545.1:L63545.1_46 (length 70)
./prokka_outputs/L63545.1/L63545.1:L63545.1_47 (length 504)
./prokka_outputs/L63545.1/L63545.1:L63545.1_48 (length 149)
./prokka_outputs/L63545.1/L63545.1:L63545.1_49 (length 134)
./prokka_outputs/L63545.1/L63545.1:L63545.1_50 (length 397)
./prokka_outputs/L63545.1/L63545.1:L63545.1_51 (length 863)
./prokka_outputs/L63545.1/L63545.1:L63545.1_52 (length 81)
./prokka_outputs/L63545.1/L63545.1:L63545.1_53 (length 366)
./prokka_outputs/L63545.1/L63545.1:L63545.1_54 (length 145)
./prokka_outputs/L63545.1/L63545.1:L63545.1_55 (length 314)
./prokka_outputs/L63545.1/L63545.1:L63545.1_56 (length 295)
./prokka_outputs/L63545.1/L63545.1:L63545.1_57 (length 343)
./prokka_outputs/L63545.1/L63545.1:L63545.1_58 (length 200)
./prokka_outputs/L63545.1/L63545.1:L63545.1_59 (length 339)
./prokka_outputs/L63545.1/L63545.1:L63545.1_60 (length 106)
./prokka_outputs/L63545.1/L63545.1:L63545.1_61 (length 55)
./prokka_outputs/L63545.1/L63545.1:L63545.1_62 (length 130)
./prokka_outputs/L63545.1/L63545.1:L63545.1_63 (length 165)
./prokka_outputs/L63545.1/L63545.1:L63545.1_64 (length 40)
./prokka_outputs/L63545.1/L63545.1:L63545.1_65 (length 35)
./prokka_outputs/L63545.1/L63545.1:L63545.1_66 (length 237)
./prokka_outputs/L63545.1/L63545.1:L63545.1_67 (length 80)
./prokka_outputs/L63545.1/L63545.1:L63545.1_68 (length 874)
./prokka_outputs/L63545.1/L63545.1:L63545.1_69 (length 944)
./prokka_outputs/L63545.1/L63545.1:L63545.1_70 (length 120)
./prokka_outputs/L63545.1/L63545.1:L63545.1_71 (length 932)
./prokka_outputs/L63545.1/L63545.1:L63545.1_72 (length 195)
./prokka_outputs/L63545.1/L63545.1:L63545.1_73 (length 251)
./prokka_outputs/L63545.1/L63545.1:L63545.1_74 (length 221)
./prokka_outputs/L63545.1/L63545.1:L63545.1_75 (length 129)
./prokka_outputs/L63545.1/L63545.1:L63545.1_76 (length 467)
./prokka_outputs/L63545.1/L63545.1:L63545.1_77 (length 105)
./prokka_outputs/L63545.1/L63545.1:L63545.1_78 (length 176)
./prokka_outputs/L63545.1/L63545.1:L63545.1_79 (length 459)
./prokka_outputs/L63545.1/L63545.1:L63545.1_80 (length 174)
./prokka_outputs/L63545.1/L63545.1:L63545.1_81 (length 171)
./prokka_outputs/L63545.1/L63545.1:L63545.1_82 (length 217)
./prokka_outputs/L63545.1/L63545.1:L63545.1_83 (length 35)
./prokka_outputs/L63545.1/L63545.1:L63545.1_84 (length 160)
./prokka_outputs/L63545.1/L63545.1:L63545.1_85 (length 339)
./prokka_outputs/L63545.1/L63545.1:L63545.1_86 (length 302)
./prokka_outputs/L63545.1/L63545.1:L63545.1_87 (length 261)
./prokka_outputs/L63545.1/L63545.1:L63545.1_88 (length 488)
./prokka_outputs/L63545.1/L63545.1:L63545.1_89 (length 42)
./prokka_outputs/L63545.1/L63545.1:L63545.1_90 (length 344)
./prokka_outputs/L63545.1/L63545.1:L63545.1_91 (length 443)
./prokka_outputs/L63545.1/L63545.1:L63545.1_92 (length 251)
./prokka_outputs/L63545.1/L63545.1:L63545.1_93 (length 1085)
./prokka_outputs/L63545.1/L63545.1:L63545.1_94 (length 266)
./prokka_outputs/L63545.1/L63545.1:L63545.1_95 (length 112)
./prokka_outputs/L63545.1/L63545.1:L63545.1_96 (length 67)
./prokka_outputs/L63545.1/L63545.1:L63545.1_97 (length 445)
./prokka_outputs/L63545.1/L63545.1:L63545.1_98 (length 89)
./prokka_outputs/L63545.1/L63545.1:L63545.1_99 (length 66)
./prokka_outputs/L63545.1/L63545.1:L63545.1_100 (length 547)
./prokka_outputs/L63545.1/L63545.1:L63545.1_101 (length 234)
./prokka_outputs/L63545.1/L63545.1:L63545.1_102 (length 465)
./prokka_outputs/L63545.1/L63545.1:L63545.1_103 (length 117)
./prokka_outputs/L63545.1/L63545.1:L63545.1_104 (length 148)
./prokka_outputs/L63545.1/L63545.1:L63545.1_105 (length 176)
./prokka_outputs/L63545.1/L63545.1:L63545.1_106 (length 186)
./prokka_outputs/L63545.1/L63545.1:L63545.1_107 (length 584)
./prokka_outputs/L63545.1/L63545.1:L63545.1_108 (length 333)
./prokka_outputs/L63545.1/L63545.1:L63545.1_109 (length 224)
./prokka_outputs/L63545.1/L63545.1:L63545.1_110 (length 133)

DiscRep_ALL:DISC_SOURCE_QUALS_ASNDISC::strain (all present, all unique)
DiscRep_SUB:DISC_SOURCE_QUALS_ASNDISC::1 sources have unique values for strain
DiscRep_ALL:DISC_SOURCE_QUALS_ASNDISC::taxname (all present, all unique)
DiscRep_SUB:DISC_SOURCE_QUALS_ASNDISC::1 sources have unique values for taxname
DiscRep_ALL:DISC_FEATURE_COUNT::CDS: 110 present
DiscRep_ALL:DISC_COUNT_NUCLEOTIDES::1 nucleotide Bioseqs are present
./prokka_outputs/L63545.1/L63545.1:L63545.1 (length 102653)

DiscRep_ALL:FEATURE_LOCATION_CONFLICT::110 features have inconsistent gene locations.
DiscRep_SUB:FEATURE_LOCATION_CONFLICT::Coding region xref gene does not exist
./prokka_outputs/L63545.1/L63545.1:CDS	hypothetical protein	L63545.1:263-622	L63545.1_00001

DiscRep_SUB:FEATURE_LOCATION_CONFLICT::Coding region xref gene does not exist
./prokka_outputs/L63545.1/L63545.1:CDS	hypothetical protein	L63545.1:c1365-619	L63545.1_00002

DiscRep_SUB:FEATURE_LOCATION_CONFLICT::Coding region xref gene does not exist
./prokka_outputs/L63545.1/L63545.1:CDS	hypothetical protein	L63545.1:c2151-1465	L63545.1_00003

DiscRep_SUB:FEATURE_LOCATION_CONFLICT::Coding region xref gene does not exist
./prokka_outputs/L63545.1/L63545.1:CDS	hypothetical protein	L63545.1:c2731-2237	L63545.1_00004

DiscRep_SUB:FEATURE_LOCATION_CONFLICT::Coding region xref gene does not exist
./prokka_outputs/L63545.1/L63545.1:CDS	hypothetical protein	L63545.1:c4271-2718	L63545.1_00005

DiscRep_SUB:FEATURE_LOCATION_CONFLICT::Coding region xref gene does not exist
./prokka_outputs/L63545.1/L63545.1:CDS	hypothetical protein	L63545.1:4355-5329	L63545.1_00006

DiscRep_SUB:FEATURE_LOCATION_CONFLICT::Coding region xref gene does not exist
./prokka_outputs/L63545.1/L63545.1:CDS	hypothetical protein	L63545.1:c9078-5479	L63545.1_00007

DiscRep_SUB:FEATURE_LOCATION_CONFLICT::Coding region xref gene does not exist
./prokka_outputs/L63545.1/L63545.1:CDS	hypothetical protein	L63545.1:9198-10205	L63545.1_00008

DiscRep_SUB:FEATURE_LOCATION_CONFLICT::Coding region xref gene does not exist
./prokka_outputs/L63545.1/L63545.1:CDS	hypothetical protein	L63545.1:10234-10722	L63545.1_00009

DiscRep_SUB:FEATURE_LOCATION_CONFLICT::Coding region xref gene does not exist
./prokka_outputs/L63545.1/L63545.1:CDS	hypothetical protein	L63545.1:10752-11384	L63545.1_00010

DiscRep_SUB:FEATURE_LOCATION_CONFLICT::Coding region xref gene does not exist
./prokka_outputs/L63545.1/L63545.1:CDS	hypothetical protein	L63545.1:11486-11584	L63545.1_00011

DiscRep_SUB:FEATURE_LOCATION_CONFLICT::Coding region xref gene does not exist
./prokka_outputs/L63545.1/L63545.1:CDS	hypothetical protein	L63545.1:11776-12219	L63545.1_00012

DiscRep_SUB:FEATURE_LOCATION_CONFLICT::Coding region xref gene does not exist
./prokka_outputs/L63545.1/L63545.1:CDS	DNA-directed RNA polymerase subunit 2	L63545.1:c15290-12216	L63545.1_00013

DiscRep_SUB:FEATURE_LOCATION_CONFLICT::Coding region xref gene does not exist
./prokka_outputs/L63545.1/L63545.1:CDS	hypothetical protein	L63545.1:15338-15697	L63545.1_00014

DiscRep_SUB:FEATURE_LOCATION_CONFLICT::Coding region xref gene does not exist
./prokka_outputs/L63545.1/L63545.1:CDS	hypothetical protein	L63545.1:15868-17004	L63545.1_00015

DiscRep_SUB:FEATURE_LOCATION_CONFLICT::Coding region xref gene does not exist
./prokka_outputs/L63545.1/L63545.1:CDS	hypothetical protein	L63545.1:17027-17314	L63545.1_00016

DiscRep_SUB:FEATURE_LOCATION_CONFLICT::Coding region xref gene does not exist
./prokka_outputs/L63545.1/L63545.1:CDS	hypothetical protein	L63545.1:c17616-17311	L63545.1_00017

DiscRep_SUB:FEATURE_LOCATION_CONFLICT::Coding region xref gene does not exist
./prokka_outputs/L63545.1/L63545.1:CDS	hypothetical protein	L63545.1:17725-18111	L63545.1_00018

DiscRep_SUB:FEATURE_LOCATION_CONFLICT::Coding region xref gene does not exist
./prokka_outputs/L63545.1/L63545.1:CDS	hypothetical protein	L63545.1:c18549-18103	L63545.1_00019

DiscRep_SUB:FEATURE_LOCATION_CONFLICT::Coding region xref gene does not exist
./prokka_outputs/L63545.1/L63545.1:CDS	hypothetical protein	L63545.1:c18832-18554	L63545.1_00020

DiscRep_SUB:FEATURE_LOCATION_CONFLICT::Coding region xref gene does not exist
./prokka_outputs/L63545.1/L63545.1:CDS	hypothetical protein	L63545.1:19001-20755	L63545.1_00021

DiscRep_SUB:FEATURE_LOCATION_CONFLICT::Coding region xref gene does not exist
./prokka_outputs/L63545.1/L63545.1:CDS	hypothetical protein	L63545.1:c21138-20782	L63545.1_00022

DiscRep_SUB:FEATURE_LOCATION_CONFLICT::Coding region xref gene does not exist
./prokka_outputs/L63545.1/L63545.1:CDS	hypothetical protein	L63545.1:21169-22461	L63545.1_00023

DiscRep_SUB:FEATURE_LOCATION_CONFLICT::Coding region xref gene does not exist
./prokka_outputs/L63545.1/L63545.1:CDS	hypothetical protein	L63545.1:c23643-22519	L63545.1_00024

DiscRep_SUB:FEATURE_LOCATION_CONFLICT::Coding region xref gene does not exist
./prokka_outputs/L63545.1/L63545.1:CDS	hypothetical protein	L63545.1:23711-25579	L63545.1_00025

DiscRep_SUB:FEATURE_LOCATION_CONFLICT::Coding region xref gene does not exist
./prokka_outputs/L63545.1/L63545.1:CDS	hypothetical protein	L63545.1:c26082-25576	L63545.1_00026

DiscRep_SUB:FEATURE_LOCATION_CONFLICT::Coding region xref gene does not exist
./prokka_outputs/L63545.1/L63545.1:CDS	hypothetical protein	L63545.1:26110-26277	L63545.1_00027

DiscRep_SUB:FEATURE_LOCATION_CONFLICT::Coding region xref gene does not exist
./prokka_outputs/L63545.1/L63545.1:CDS	hypothetical protein	L63545.1:c26493-26266	L63545.1_00028

DiscRep_SUB:FEATURE_LOCATION_CONFLICT::Coding region xref gene does not exist
./prokka_outputs/L63545.1/L63545.1:CDS	hypothetical protein	L63545.1:26549-27316	L63545.1_00029

DiscRep_SUB:FEATURE_LOCATION_CONFLICT::Coding region xref gene does not exist
./prokka_outputs/L63545.1/L63545.1:CDS	hypothetical protein	L63545.1:27353-28087	L63545.1_00030

DiscRep_SUB:FEATURE_LOCATION_CONFLICT::Coding region xref gene does not exist
./prokka_outputs/L63545.1/L63545.1:CDS	hypothetical protein	L63545.1:c28598-28092	L63545.1_00031

DiscRep_SUB:FEATURE_LOCATION_CONFLICT::Coding region xref gene does not exist
./prokka_outputs/L63545.1/L63545.1:CDS	hypothetical protein	L63545.1:c29183-28722	L63545.1_00032

DiscRep_SUB:FEATURE_LOCATION_CONFLICT::Coding region xref gene does not exist
./prokka_outputs/L63545.1/L63545.1:CDS	hypothetical protein	L63545.1:c30167-29232	L63545.1_00033

DiscRep_SUB:FEATURE_LOCATION_CONFLICT::Coding region xref gene does not exist
./prokka_outputs/L63545.1/L63545.1:CDS	hypothetical protein	L63545.1:c30665-30300	L63545.1_00034

DiscRep_SUB:FEATURE_LOCATION_CONFLICT::Coding region xref gene does not exist
./prokka_outputs/L63545.1/L63545.1:CDS	hypothetical protein	L63545.1:c32025-30646	L63545.1_00035

DiscRep_SUB:FEATURE_LOCATION_CONFLICT::Coding region xref gene does not exist
./prokka_outputs/L63545.1/L63545.1:CDS	hypothetical protein	L63545.1:c32768-32232	L63545.1_00036

DiscRep_SUB:FEATURE_LOCATION_CONFLICT::Coding region xref gene does not exist
./prokka_outputs/L63545.1/L63545.1:CDS	hypothetical protein	L63545.1:32893-33507	L63545.1_00037

DiscRep_SUB:FEATURE_LOCATION_CONFLICT::Coding region xref gene does not exist
./prokka_outputs/L63545.1/L63545.1:CDS	hypothetical protein	L63545.1:33570-33971	L63545.1_00038

DiscRep_SUB:FEATURE_LOCATION_CONFLICT::Coding region xref gene does not exist
./prokka_outputs/L63545.1/L63545.1:CDS	hypothetical protein	L63545.1:34026-34460	L63545.1_00039

DiscRep_SUB:FEATURE_LOCATION_CONFLICT::Coding region xref gene does not exist
./prokka_outputs/L63545.1/L63545.1:CDS	hypothetical protein	L63545.1:34586-35308	L63545.1_00040

DiscRep_SUB:FEATURE_LOCATION_CONFLICT::Coding region xref gene does not exist
./prokka_outputs/L63545.1/L63545.1:CDS	hypothetical protein	L63545.1:c36769-35477	L63545.1_00041

DiscRep_SUB:FEATURE_LOCATION_CONFLICT::Coding region xref gene does not exist
./prokka_outputs/L63545.1/L63545.1:CDS	hypothetical protein	L63545.1:36865-38424	L63545.1_00042

DiscRep_SUB:FEATURE_LOCATION_CONFLICT::Coding region xref gene does not exist
./prokka_outputs/L63545.1/L63545.1:CDS	hypothetical protein	L63545.1:c39102-38572	L63545.1_00043

DiscRep_SUB:FEATURE_LOCATION_CONFLICT::Coding region xref gene does not exist
./prokka_outputs/L63545.1/L63545.1:CDS	hypothetical protein	L63545.1:39111-39491	L63545.1_00044

DiscRep_SUB:FEATURE_LOCATION_CONFLICT::Coding region xref gene does not exist
./prokka_outputs/L63545.1/L63545.1:CDS	hypothetical protein	L63545.1:c40098-39502	L63545.1_00045

DiscRep_SUB:FEATURE_LOCATION_CONFLICT::Coding region xref gene does not exist
./prokka_outputs/L63545.1/L63545.1:CDS	hypothetical protein	L63545.1:40118-40330	L63545.1_00046

DiscRep_SUB:FEATURE_LOCATION_CONFLICT::Coding region xref gene does not exist
./prokka_outputs/L63545.1/L63545.1:CDS	hypothetical protein	L63545.1:40379-41893	L63545.1_00047

DiscRep_SUB:FEATURE_LOCATION_CONFLICT::Coding region xref gene does not exist
./prokka_outputs/L63545.1/L63545.1:CDS	hypothetical protein	L63545.1:41940-42389	L63545.1_00048

DiscRep_SUB:FEATURE_LOCATION_CONFLICT::Coding region xref gene does not exist
./prokka_outputs/L63545.1/L63545.1:CDS	hypothetical protein	L63545.1:42391-42795	L63545.1_00049

DiscRep_SUB:FEATURE_LOCATION_CONFLICT::Coding region xref gene does not exist
./prokka_outputs/L63545.1/L63545.1:CDS	hypothetical protein	L63545.1:42862-44055	L63545.1_00050

DiscRep_SUB:FEATURE_LOCATION_CONFLICT::Coding region xref gene does not exist
./prokka_outputs/L63545.1/L63545.1:CDS	hypothetical protein	L63545.1:44141-46732	L63545.1_00051

DiscRep_SUB:FEATURE_LOCATION_CONFLICT::Coding region xref gene does not exist
./prokka_outputs/L63545.1/L63545.1:CDS	hypothetical protein	L63545.1:c47032-46787	L63545.1_00052

DiscRep_SUB:FEATURE_LOCATION_CONFLICT::Coding region xref gene does not exist
./prokka_outputs/L63545.1/L63545.1:CDS	hypothetical protein	L63545.1:c48233-47133	L63545.1_00053

DiscRep_SUB:FEATURE_LOCATION_CONFLICT::Coding region xref gene does not exist
./prokka_outputs/L63545.1/L63545.1:CDS	hypothetical protein	L63545.1:c48786-48349	L63545.1_00054

DiscRep_SUB:FEATURE_LOCATION_CONFLICT::Coding region xref gene does not exist
./prokka_outputs/L63545.1/L63545.1:CDS	hypothetical protein	L63545.1:48830-49774	L63545.1_00055

DiscRep_SUB:FEATURE_LOCATION_CONFLICT::Coding region xref gene does not exist
./prokka_outputs/L63545.1/L63545.1:CDS	hypothetical protein	L63545.1:c50719-49832	L63545.1_00056

DiscRep_SUB:FEATURE_LOCATION_CONFLICT::Coding region xref gene does not exist
./prokka_outputs/L63545.1/L63545.1:CDS	hypothetical protein	L63545.1:c51830-50799	L63545.1_00057

DiscRep_SUB:FEATURE_LOCATION_CONFLICT::Coding region xref gene does not exist
./prokka_outputs/L63545.1/L63545.1:CDS	hypothetical protein	L63545.1:c52586-51984	L63545.1_00058

DiscRep_SUB:FEATURE_LOCATION_CONFLICT::Coding region xref gene does not exist
./prokka_outputs/L63545.1/L63545.1:CDS	hypothetical protein	L63545.1:c53669-52650	L63545.1_00059

DiscRep_SUB:FEATURE_LOCATION_CONFLICT::Coding region xref gene does not exist
./prokka_outputs/L63545.1/L63545.1:CDS	hypothetical protein	L63545.1:c54107-53787	L63545.1_00060

DiscRep_SUB:FEATURE_LOCATION_CONFLICT::Coding region xref gene does not exist
./prokka_outputs/L63545.1/L63545.1:CDS	hypothetical protein	L63545.1:c54309-54142	L63545.1_00061

DiscRep_SUB:FEATURE_LOCATION_CONFLICT::Coding region xref gene does not exist
./prokka_outputs/L63545.1/L63545.1:CDS	hypothetical protein	L63545.1:c54736-54344	L63545.1_00062

DiscRep_SUB:FEATURE_LOCATION_CONFLICT::Coding region xref gene does not exist
./prokka_outputs/L63545.1/L63545.1:CDS	hypothetical protein	L63545.1:c55256-54759	L63545.1_00063

DiscRep_SUB:FEATURE_LOCATION_CONFLICT::Coding region xref gene does not exist
./prokka_outputs/L63545.1/L63545.1:CDS	hypothetical protein	L63545.1:c55830-55708	L63545.1_00064

DiscRep_SUB:FEATURE_LOCATION_CONFLICT::Coding region xref gene does not exist
./prokka_outputs/L63545.1/L63545.1:CDS	hypothetical protein	L63545.1:c55927-55820	L63545.1_00065

DiscRep_SUB:FEATURE_LOCATION_CONFLICT::Coding region xref gene does not exist
./prokka_outputs/L63545.1/L63545.1:CDS	hypothetical protein	L63545.1:56274-56987	L63545.1_00066

DiscRep_SUB:FEATURE_LOCATION_CONFLICT::Coding region xref gene does not exist
./prokka_outputs/L63545.1/L63545.1:CDS	hypothetical protein	L63545.1:57049-57291	L63545.1_00067

DiscRep_SUB:FEATURE_LOCATION_CONFLICT::Coding region xref gene does not exist
./prokka_outputs/L63545.1/L63545.1:CDS	hypothetical protein	L63545.1:c59907-57283	L63545.1_00068

DiscRep_SUB:FEATURE_LOCATION_CONFLICT::Coding region xref gene does not exist
./prokka_outputs/L63545.1/L63545.1:CDS	hypothetical protein	L63545.1:c62818-59984	L63545.1_00069

DiscRep_SUB:FEATURE_LOCATION_CONFLICT::Coding region xref gene does not exist
./prokka_outputs/L63545.1/L63545.1:CDS	hypothetical protein	L63545.1:c63283-62921	L63545.1_00070

DiscRep_SUB:FEATURE_LOCATION_CONFLICT::Coding region xref gene does not exist
./prokka_outputs/L63545.1/L63545.1:CDS	hypothetical protein	L63545.1:63353-66151	L63545.1_00071

DiscRep_SUB:FEATURE_LOCATION_CONFLICT::Coding region xref gene does not exist
./prokka_outputs/L63545.1/L63545.1:CDS	hypothetical protein	L63545.1:66272-66859	L63545.1_00072

DiscRep_SUB:FEATURE_LOCATION_CONFLICT::Coding region xref gene does not exist
./prokka_outputs/L63545.1/L63545.1:CDS	hypothetical protein	L63545.1:66939-67694	L63545.1_00073

DiscRep_SUB:FEATURE_LOCATION_CONFLICT::Coding region xref gene does not exist
./prokka_outputs/L63545.1/L63545.1:CDS	hypothetical protein	L63545.1:67741-68406	L63545.1_00074

DiscRep_SUB:FEATURE_LOCATION_CONFLICT::Coding region xref gene does not exist
./prokka_outputs/L63545.1/L63545.1:CDS	hypothetical protein	L63545.1:68512-68901	L63545.1_00075

DiscRep_SUB:FEATURE_LOCATION_CONFLICT::Coding region xref gene does not exist
./prokka_outputs/L63545.1/L63545.1:CDS	hypothetical protein	L63545.1:c70394-68991	L63545.1_00076

DiscRep_SUB:FEATURE_LOCATION_CONFLICT::Coding region xref gene does not exist
./prokka_outputs/L63545.1/L63545.1:CDS	hypothetical protein	L63545.1:c70779-70462	L63545.1_00077

DiscRep_SUB:FEATURE_LOCATION_CONFLICT::Coding region xref gene does not exist
./prokka_outputs/L63545.1/L63545.1:CDS	hypothetical protein	L63545.1:70802-71332	L63545.1_00078

DiscRep_SUB:FEATURE_LOCATION_CONFLICT::Coding region xref gene does not exist
./prokka_outputs/L63545.1/L63545.1:CDS	Major capsid protein	L63545.1:c72774-71395	L63545.1_00079

DiscRep_SUB:FEATURE_LOCATION_CONFLICT::Coding region xref gene does not exist
./prokka_outputs/L63545.1/L63545.1:CDS	hypothetical protein	L63545.1:c73486-72962	L63545.1_00080

DiscRep_SUB:FEATURE_LOCATION_CONFLICT::Coding region xref gene does not exist
./prokka_outputs/L63545.1/L63545.1:CDS	hypothetical protein	L63545.1:73578-74093	L63545.1_00081

DiscRep_SUB:FEATURE_LOCATION_CONFLICT::Coding region xref gene does not exist
./prokka_outputs/L63545.1/L63545.1:CDS	hypothetical protein	L63545.1:c74781-74128	L63545.1_00082

DiscRep_SUB:FEATURE_LOCATION_CONFLICT::Coding region xref gene does not exist
./prokka_outputs/L63545.1/L63545.1:CDS	hypothetical protein	L63545.1:c74872-74765	L63545.1_00083

DiscRep_SUB:FEATURE_LOCATION_CONFLICT::Coding region xref gene does not exist
./prokka_outputs/L63545.1/L63545.1:CDS	hypothetical protein	L63545.1:74926-75408	L63545.1_00084

DiscRep_SUB:FEATURE_LOCATION_CONFLICT::Coding region xref gene does not exist
./prokka_outputs/L63545.1/L63545.1:CDS	hypothetical protein	L63545.1:c76477-75458	L63545.1_00085

DiscRep_SUB:FEATURE_LOCATION_CONFLICT::Coding region xref gene does not exist
./prokka_outputs/L63545.1/L63545.1:CDS	hypothetical protein	L63545.1:76704-77612	L63545.1_00086

DiscRep_SUB:FEATURE_LOCATION_CONFLICT::Coding region xref gene does not exist
./prokka_outputs/L63545.1/L63545.1:CDS	hypothetical protein	L63545.1:c78493-77708	L63545.1_00087

DiscRep_SUB:FEATURE_LOCATION_CONFLICT::Coding region xref gene does not exist
./prokka_outputs/L63545.1/L63545.1:CDS	hypothetical protein	L63545.1:c80009-78543	L63545.1_00088

DiscRep_SUB:FEATURE_LOCATION_CONFLICT::Coding region xref gene does not exist
./prokka_outputs/L63545.1/L63545.1:CDS	hypothetical protein	L63545.1:80034-80162	L63545.1_00089

DiscRep_SUB:FEATURE_LOCATION_CONFLICT::Coding region xref gene does not exist
./prokka_outputs/L63545.1/L63545.1:CDS	hypothetical protein	L63545.1:c81193-80159	L63545.1_00090

DiscRep_SUB:FEATURE_LOCATION_CONFLICT::Coding region xref gene does not exist
./prokka_outputs/L63545.1/L63545.1:CDS	hypothetical protein	L63545.1:81357-82688	L63545.1_00091

DiscRep_SUB:FEATURE_LOCATION_CONFLICT::Coding region xref gene does not exist
./prokka_outputs/L63545.1/L63545.1:CDS	hypothetical protein	L63545.1:c83446-82691	L63545.1_00092

DiscRep_SUB:FEATURE_LOCATION_CONFLICT::Coding region xref gene does not exist
./prokka_outputs/L63545.1/L63545.1:CDS	hypothetical protein	L63545.1:83522-86779	L63545.1_00093

DiscRep_SUB:FEATURE_LOCATION_CONFLICT::Coding region xref gene does not exist
./prokka_outputs/L63545.1/L63545.1:CDS	hypothetical protein	L63545.1:c87574-86774	L63545.1_00094

DiscRep_SUB:FEATURE_LOCATION_CONFLICT::Coding region xref gene does not exist
./prokka_outputs/L63545.1/L63545.1:CDS	hypothetical protein	L63545.1:87651-87989	L63545.1_00095

DiscRep_SUB:FEATURE_LOCATION_CONFLICT::Coding region xref gene does not exist
./prokka_outputs/L63545.1/L63545.1:CDS	hypothetical protein	L63545.1:87994-88197	L63545.1_00096

DiscRep_SUB:FEATURE_LOCATION_CONFLICT::Coding region xref gene does not exist
./prokka_outputs/L63545.1/L63545.1:CDS	hypothetical protein	L63545.1:c89572-88235	L63545.1_00097

DiscRep_SUB:FEATURE_LOCATION_CONFLICT::Coding region xref gene does not exist
./prokka_outputs/L63545.1/L63545.1:CDS	hypothetical protein	L63545.1:89590-89859	L63545.1_00098

DiscRep_SUB:FEATURE_LOCATION_CONFLICT::Coding region xref gene does not exist
./prokka_outputs/L63545.1/L63545.1:CDS	hypothetical protein	L63545.1:c90068-89868	L63545.1_00099

DiscRep_SUB:FEATURE_LOCATION_CONFLICT::Coding region xref gene does not exist
./prokka_outputs/L63545.1/L63545.1:CDS	Ribonucleoside-diphosphate reductase large subunit	L63545.1:c91733-90090	L63545.1_00100

DiscRep_SUB:FEATURE_LOCATION_CONFLICT::Coding region xref gene does not exist
./prokka_outputs/L63545.1/L63545.1:CDS	hypothetical protein	L63545.1:c92451-91747	L63545.1_00101

DiscRep_SUB:FEATURE_LOCATION_CONFLICT::Coding region xref gene does not exist
./prokka_outputs/L63545.1/L63545.1:CDS	hypothetical protein	L63545.1:c93899-92502	L63545.1_00102

DiscRep_SUB:FEATURE_LOCATION_CONFLICT::Coding region xref gene does not exist
./prokka_outputs/L63545.1/L63545.1:CDS	hypothetical protein	L63545.1:93998-94351	L63545.1_00103

DiscRep_SUB:FEATURE_LOCATION_CONFLICT::Coding region xref gene does not exist
./prokka_outputs/L63545.1/L63545.1:CDS	hypothetical protein	L63545.1:94402-94848	L63545.1_00104

DiscRep_SUB:FEATURE_LOCATION_CONFLICT::Coding region xref gene does not exist
./prokka_outputs/L63545.1/L63545.1:CDS	hypothetical protein	L63545.1:c95532-95002	L63545.1_00105

DiscRep_SUB:FEATURE_LOCATION_CONFLICT::Coding region xref gene does not exist
./prokka_outputs/L63545.1/L63545.1:CDS	hypothetical protein	L63545.1:95560-96120	L63545.1_00106

DiscRep_SUB:FEATURE_LOCATION_CONFLICT::Coding region xref gene does not exist
./prokka_outputs/L63545.1/L63545.1:CDS	hypothetical protein	L63545.1:c97947-96193	L63545.1_00107

DiscRep_SUB:FEATURE_LOCATION_CONFLICT::Coding region xref gene does not exist
./prokka_outputs/L63545.1/L63545.1:CDS	hypothetical protein	L63545.1:98034-99035	L63545.1_00108

DiscRep_SUB:FEATURE_LOCATION_CONFLICT::Coding region xref gene does not exist
./prokka_outputs/L63545.1/L63545.1:CDS	hypothetical protein	L63545.1:c99834-99160	L63545.1_00109

DiscRep_SUB:FEATURE_LOCATION_CONFLICT::Coding region xref gene does not exist
./prokka_outputs/L63545.1/L63545.1:CDS	hypothetical protein	L63545.1:99948-100349	L63545.1_00110

DiscRep_ALL:DISC_QUALITY_SCORES::Quality scores are missing on all sequences.

DiscRep_ALL:ONCALLER_COMMENT_PRESENT::1 comment descriptors were found (all same)
./prokka_outputs/L63545.1/L63545.1:L63545.1:Annotated using prokka 1.14.5 from https://github.com/tseemann/prokka

DiscRep_ALL:SHORT_PROT_SEQUENCES::5 protein sequences are shorter than 50 aa.
./prokka_outputs/L63545.1/L63545.1:L63545.1_11 (length 32)
./prokka_outputs/L63545.1/L63545.1:L63545.1_64 (length 40)
./prokka_outputs/L63545.1/L63545.1:L63545.1_65 (length 35)
./prokka_outputs/L63545.1/L63545.1:L63545.1_83 (length 35)
./prokka_outputs/L63545.1/L63545.1:L63545.1_89 (length 42)

DiscRep_ALL:MISSING_GENOMEASSEMBLY_COMMENTS::1 bioseqs are missing GenomeAssembly structured comments
./prokka_outputs/L63545.1/L63545.1:L63545.1 (length 102653)

DiscRep_ALL:MOLTYPE_NOT_MRNA::1 molecule types are not set as mRNA.
./prokka_outputs/L63545.1/L63545.1:L63545.1 (length 102653)

DiscRep_ALL:TECHNIQUE_NOT_TSA::1 technique are not set as TSA
./prokka_outputs/L63545.1/L63545.1:L63545.1 (length 102653)

DiscRep_ALL:MISSING_STRUCTURED_COMMENT::1 sequences do not include structured comments.
./prokka_outputs/L63545.1/L63545.1:L63545.1 (length 102653)

DiscRep_ALL:MISSING_PROJECT::111 sequences do not include project.
./prokka_outputs/L63545.1/L63545.1:L63545.1 (length 102653)
./prokka_outputs/L63545.1/L63545.1:L63545.1_1 (length 119)
./prokka_outputs/L63545.1/L63545.1:L63545.1_2 (length 248)
./prokka_outputs/L63545.1/L63545.1:L63545.1_3 (length 228)
./prokka_outputs/L63545.1/L63545.1:L63545.1_4 (length 164)
./prokka_outputs/L63545.1/L63545.1:L63545.1_5 (length 517)
./prokka_outputs/L63545.1/L63545.1:L63545.1_6 (length 324)
./prokka_outputs/L63545.1/L63545.1:L63545.1_7 (length 1199)
./prokka_outputs/L63545.1/L63545.1:L63545.1_8 (length 335)
./prokka_outputs/L63545.1/L63545.1:L63545.1_9 (length 162)
./prokka_outputs/L63545.1/L63545.1:L63545.1_10 (length 210)
./prokka_outputs/L63545.1/L63545.1:L63545.1_11 (length 32)
./prokka_outputs/L63545.1/L63545.1:L63545.1_12 (length 147)
./prokka_outputs/L63545.1/L63545.1:L63545.1_13 (length 1024)
./prokka_outputs/L63545.1/L63545.1:L63545.1_14 (length 119)
./prokka_outputs/L63545.1/L63545.1:L63545.1_15 (length 378)
./prokka_outputs/L63545.1/L63545.1:L63545.1_16 (length 95)
./prokka_outputs/L63545.1/L63545.1:L63545.1_17 (length 101)
./prokka_outputs/L63545.1/L63545.1:L63545.1_18 (length 128)
./prokka_outputs/L63545.1/L63545.1:L63545.1_19 (length 148)
./prokka_outputs/L63545.1/L63545.1:L63545.1_20 (length 92)
./prokka_outputs/L63545.1/L63545.1:L63545.1_21 (length 584)
./prokka_outputs/L63545.1/L63545.1:L63545.1_22 (length 118)
./prokka_outputs/L63545.1/L63545.1:L63545.1_23 (length 430)
./prokka_outputs/L63545.1/L63545.1:L63545.1_24 (length 374)
./prokka_outputs/L63545.1/L63545.1:L63545.1_25 (length 622)
./prokka_outputs/L63545.1/L63545.1:L63545.1_26 (length 168)
./prokka_outputs/L63545.1/L63545.1:L63545.1_27 (length 55)
./prokka_outputs/L63545.1/L63545.1:L63545.1_28 (length 75)
./prokka_outputs/L63545.1/L63545.1:L63545.1_29 (length 255)
./prokka_outputs/L63545.1/L63545.1:L63545.1_30 (length 244)
./prokka_outputs/L63545.1/L63545.1:L63545.1_31 (length 168)
./prokka_outputs/L63545.1/L63545.1:L63545.1_32 (length 153)
./prokka_outputs/L63545.1/L63545.1:L63545.1_33 (length 311)
./prokka_outputs/L63545.1/L63545.1:L63545.1_34 (length 121)
./prokka_outputs/L63545.1/L63545.1:L63545.1_35 (length 459)
./prokka_outputs/L63545.1/L63545.1:L63545.1_36 (length 178)
./prokka_outputs/L63545.1/L63545.1:L63545.1_37 (length 204)
./prokka_outputs/L63545.1/L63545.1:L63545.1_38 (length 133)
./prokka_outputs/L63545.1/L63545.1:L63545.1_39 (length 144)
./prokka_outputs/L63545.1/L63545.1:L63545.1_40 (length 240)
./prokka_outputs/L63545.1/L63545.1:L63545.1_41 (length 430)
./prokka_outputs/L63545.1/L63545.1:L63545.1_42 (length 519)
./prokka_outputs/L63545.1/L63545.1:L63545.1_43 (length 176)
./prokka_outputs/L63545.1/L63545.1:L63545.1_44 (length 126)
./prokka_outputs/L63545.1/L63545.1:L63545.1_45 (length 198)
./prokka_outputs/L63545.1/L63545.1:L63545.1_46 (length 70)
./prokka_outputs/L63545.1/L63545.1:L63545.1_47 (length 504)
./prokka_outputs/L63545.1/L63545.1:L63545.1_48 (length 149)
./prokka_outputs/L63545.1/L63545.1:L63545.1_49 (length 134)
./prokka_outputs/L63545.1/L63545.1:L63545.1_50 (length 397)
./prokka_outputs/L63545.1/L63545.1:L63545.1_51 (length 863)
./prokka_outputs/L63545.1/L63545.1:L63545.1_52 (length 81)
./prokka_outputs/L63545.1/L63545.1:L63545.1_53 (length 366)
./prokka_outputs/L63545.1/L63545.1:L63545.1_54 (length 145)
./prokka_outputs/L63545.1/L63545.1:L63545.1_55 (length 314)
./prokka_outputs/L63545.1/L63545.1:L63545.1_56 (length 295)
./prokka_outputs/L63545.1/L63545.1:L63545.1_57 (length 343)
./prokka_outputs/L63545.1/L63545.1:L63545.1_58 (length 200)
./prokka_outputs/L63545.1/L63545.1:L63545.1_59 (length 339)
./prokka_outputs/L63545.1/L63545.1:L63545.1_60 (length 106)
./prokka_outputs/L63545.1/L63545.1:L63545.1_61 (length 55)
./prokka_outputs/L63545.1/L63545.1:L63545.1_62 (length 130)
./prokka_outputs/L63545.1/L63545.1:L63545.1_63 (length 165)
./prokka_outputs/L63545.1/L63545.1:L63545.1_64 (length 40)
./prokka_outputs/L63545.1/L63545.1:L63545.1_65 (length 35)
./prokka_outputs/L63545.1/L63545.1:L63545.1_66 (length 237)
./prokka_outputs/L63545.1/L63545.1:L63545.1_67 (length 80)
./prokka_outputs/L63545.1/L63545.1:L63545.1_68 (length 874)
./prokka_outputs/L63545.1/L63545.1:L63545.1_69 (length 944)
./prokka_outputs/L63545.1/L63545.1:L63545.1_70 (length 120)
./prokka_outputs/L63545.1/L63545.1:L63545.1_71 (length 932)
./prokka_outputs/L63545.1/L63545.1:L63545.1_72 (length 195)
./prokka_outputs/L63545.1/L63545.1:L63545.1_73 (length 251)
./prokka_outputs/L63545.1/L63545.1:L63545.1_74 (length 221)
./prokka_outputs/L63545.1/L63545.1:L63545.1_75 (length 129)
./prokka_outputs/L63545.1/L63545.1:L63545.1_76 (length 467)
./prokka_outputs/L63545.1/L63545.1:L63545.1_77 (length 105)
./prokka_outputs/L63545.1/L63545.1:L63545.1_78 (length 176)
./prokka_outputs/L63545.1/L63545.1:L63545.1_79 (length 459)
./prokka_outputs/L63545.1/L63545.1:L63545.1_80 (length 174)
./prokka_outputs/L63545.1/L63545.1:L63545.1_81 (length 171)
./prokka_outputs/L63545.1/L63545.1:L63545.1_82 (length 217)
./prokka_outputs/L63545.1/L63545.1:L63545.1_83 (length 35)
./prokka_outputs/L63545.1/L63545.1:L63545.1_84 (length 160)
./prokka_outputs/L63545.1/L63545.1:L63545.1_85 (length 339)
./prokka_outputs/L63545.1/L63545.1:L63545.1_86 (length 302)
./prokka_outputs/L63545.1/L63545.1:L63545.1_87 (length 261)
./prokka_outputs/L63545.1/L63545.1:L63545.1_88 (length 488)
./prokka_outputs/L63545.1/L63545.1:L63545.1_89 (length 42)
./prokka_outputs/L63545.1/L63545.1:L63545.1_90 (length 344)
./prokka_outputs/L63545.1/L63545.1:L63545.1_91 (length 443)
./prokka_outputs/L63545.1/L63545.1:L63545.1_92 (length 251)
./prokka_outputs/L63545.1/L63545.1:L63545.1_93 (length 1085)
./prokka_outputs/L63545.1/L63545.1:L63545.1_94 (length 266)
./prokka_outputs/L63545.1/L63545.1:L63545.1_95 (length 112)
./prokka_outputs/L63545.1/L63545.1:L63545.1_96 (length 67)
./prokka_outputs/L63545.1/L63545.1:L63545.1_97 (length 445)
./prokka_outputs/L63545.1/L63545.1:L63545.1_98 (length 89)
./prokka_outputs/L63545.1/L63545.1:L63545.1_99 (length 66)
./prokka_outputs/L63545.1/L63545.1:L63545.1_100 (length 547)
./prokka_outputs/L63545.1/L63545.1:L63545.1_101 (length 234)
./prokka_outputs/L63545.1/L63545.1:L63545.1_102 (length 465)
./prokka_outputs/L63545.1/L63545.1:L63545.1_103 (length 117)
./prokka_outputs/L63545.1/L63545.1:L63545.1_104 (length 148)
./prokka_outputs/L63545.1/L63545.1:L63545.1_105 (length 176)
./prokka_outputs/L63545.1/L63545.1:L63545.1_106 (length 186)
./prokka_outputs/L63545.1/L63545.1:L63545.1_107 (length 584)
./prokka_outputs/L63545.1/L63545.1:L63545.1_108 (length 333)
./prokka_outputs/L63545.1/L63545.1:L63545.1_109 (length 224)
./prokka_outputs/L63545.1/L63545.1:L63545.1_110 (length 133)

DiscRep_ALL:DISC_INCONSISTENT_MOLINFO_TECH::Molinfo Technique Report (some missing, all same)
DiscRep_SUB:DISC_INCONSISTENT_MOLINFO_TECH::technique (all missing)
DiscRep_SUB:DISC_INCONSISTENT_MOLINFO_TECH::1 Molinfos are missing field technique
./prokka_outputs/L63545.1/L63545.1:L63545.1 (length 102653)

