IQ-TREE multicore version 2.2.0.5 COVID-edition for Linux 64-bit built Sep 26 2022
Developed by Bui Quang Minh, James Barbetti, Nguyen Lam Tung,
Olga Chernomor, Heiko Schmidt, Dominik Schrempf, Michael Woodhams, Ly Trong Nhan.

Host:    c046 (AVX2, FMA3, 503 GB RAM)
Command: iqtree -s ./orthofinder/Results_Jul15/WorkingDirectory/Alignments_ids/OG0000171.fa -pre ./orthofinder/Results_Jul15/WorkingDirectory/Alignments_ids/OG0000171
Seed:    66524 (Using SPRNG - Scalable Parallel Random Number Generator)
Time:    Mon Jul 15 11:05:01 2024
Kernel:  AVX+FMA - 1 threads (24 CPU cores detected)

HINT: Use -nt option to specify number of threads because your CPU has 24 cores!
HINT: -nt AUTO will automatically determine the best number of threads to use.

Reading alignment file ./orthofinder/Results_Jul15/WorkingDirectory/Alignments_ids/OG0000171.fa ... Fasta format detected
Reading fasta file: done in 0.000111818 secs
Alignment most likely contains protein sequences
Constructing alignment: done in 0.000115871 secs
Alignment has 6 sequences with 269 columns, 244 distinct patterns
70 parsimony-informative, 130 singleton sites, 69 constant sites
       Gap/Ambiguity  Composition  p-value
Analyzing sequences: done in 5.00679e-06 secs
   1  0_116   25.65%    passed     86.50%
   2  1_104   25.65%    passed     54.73%
   3  2_139   34.57%    passed     34.44%
   4  3_3     37.92%    passed     88.45%
   5  4_94    18.59%    passed     74.96%
   6  5_75     8.55%    passed     62.45%
****  TOTAL   25.15%  0 sequences failed composition chi2 test (p-value<5%; df=19)
Checking for duplicate sequences: done in 9.05991e-06 secs


Create initial parsimony tree by phylogenetic likelihood library (PLL)... 0.000 seconds
Perform fast likelihood tree search using LG+I+G model...
Estimate model parameters (epsilon = 5.000)
Perform nearest neighbor interchange...
Optimizing NNI: done in 0.00373697 secs using 99.97% CPU
Estimate model parameters (epsilon = 1.000)
1. Initial log-likelihood: -2667.121
Optimal log-likelihood: -2666.490
Proportion of invariable sites: 0.050
Gamma shape alpha: 1.608
Parameters optimization took 1 rounds (0.008 sec)
Time for fast ML tree search: 0.045 seconds

NOTE: ModelFinder requires 2 MB RAM!
ModelFinder will test up to 1232 protein models (sample size: 269) ...
 No. Model         -LnL         df  AIC          AICc         BIC
  1  LG            2698.398     9   5414.795     5415.490     5447.148
  2  LG+I          2684.469     10  5388.938     5389.791     5424.885
  3  LG+G4         2665.626     10  5351.252     5352.104     5387.199
  4  LG+I+G4       2665.887     11  5353.775     5354.802     5393.317
  5  LG+R2         2666.782     11  5355.563     5356.591     5395.105
  6  LG+R3         2665.710     13  5357.421     5358.848     5404.152
 14  LG+I+R2       2666.153     12  5356.305     5357.524     5399.442
 15  LG+I+R3       2665.715     14  5359.430     5361.084     5409.756
 25  LG+F+G4       2610.122     29  5278.244     5285.524     5382.490
 26  LG+F+I+G4     2610.530     30  5281.060     5288.875     5388.901
 27  LG+F+R2       2611.528     30  5283.056     5290.872     5390.898
 47  WAG+G4        2679.248     10  5378.496     5379.349     5414.443
 48  WAG+I+G4      2678.823     11  5379.647     5380.674     5419.189
 49  WAG+R2        2680.508     11  5383.017     5384.044     5422.559
 69  WAG+F+G4      2616.258     29  5290.516     5297.797     5394.763
 70  WAG+F+I+G4    2615.926     30  5291.852     5299.667     5399.694
 71  WAG+F+R2      2617.939     30  5295.879     5303.694     5403.720
 91  JTT+G4        2683.911     10  5387.822     5388.675     5423.769
 92  JTT+I+G4      2683.797     11  5389.595     5390.622     5429.137
 93  JTT+R2        2685.427     11  5392.854     5393.881     5432.396
113  JTT+F+G4      2616.677     29  5291.355     5298.635     5395.602
114  JTT+F+I+G4    2616.600     30  5293.199     5301.015     5401.041
115  JTT+F+R2      2618.446     30  5296.892     5304.707     5404.734
WARNING: Normalizing state frequencies so that sum of them equals to 1
135  Q.pfam+G4     2679.141     10  5378.282     5379.135     5414.229
WARNING: Normalizing state frequencies so that sum of them equals to 1
136  Q.pfam+I+G4   2679.411     11  5380.821     5381.849     5420.363
WARNING: Normalizing state frequencies so that sum of them equals to 1
137  Q.pfam+R2     2680.063     11  5382.127     5383.154     5421.669
WARNING: Normalizing state frequencies so that sum of them equals to 1
157  Q.pfam+F+G4   2610.485     29  5278.971     5286.251     5383.217
WARNING: Normalizing state frequencies so that sum of them equals to 1
158  Q.pfam+F+I+G4 2610.839     30  5281.677     5289.493     5389.519
WARNING: Normalizing state frequencies so that sum of them equals to 1
159  Q.pfam+F+R2   2611.471     30  5282.942     5290.757     5390.783
WARNING: Normalizing state frequencies so that sum of them equals to 1
179  Q.bird+G4     2715.077     10  5450.155     5451.007     5486.102
WARNING: Normalizing state frequencies so that sum of them equals to 1
180  Q.bird+I+G4   2715.247     11  5452.495     5453.522     5492.036
WARNING: Normalizing state frequencies so that sum of them equals to 1
181  Q.bird+R2     2717.969     11  5457.937     5458.965     5497.479
WARNING: Normalizing state frequencies so that sum of them equals to 1
201  Q.bird+F+G4   2642.778     29  5343.556     5350.836     5447.802
WARNING: Normalizing state frequencies so that sum of them equals to 1
202  Q.bird+F+I+G4 2643.042     30  5346.085     5353.900     5453.926
WARNING: Normalizing state frequencies so that sum of them equals to 1
203  Q.bird+F+R2   2646.050     30  5352.099     5359.914     5459.941
WARNING: Normalizing state frequencies so that sum of them equals to 1
223  Q.mammal+G4   2712.844     10  5445.688     5446.541     5481.635
WARNING: Normalizing state frequencies so that sum of them equals to 1
224  Q.mammal+I+G4 2713.026     11  5448.053     5449.080     5487.594
WARNING: Normalizing state frequencies so that sum of them equals to 1
225  Q.mammal+R2   2714.571     11  5451.142     5452.169     5490.684
WARNING: Normalizing state frequencies so that sum of them equals to 1
245  Q.mammal+F+G4 2633.153     29  5324.306     5331.586     5428.553
WARNING: Normalizing state frequencies so that sum of them equals to 1
246  Q.mammal+F+I+G4 2633.431     30  5326.861     5334.676     5434.703
WARNING: Normalizing state frequencies so that sum of them equals to 1
247  Q.mammal+F+R2 2635.165     30  5330.331     5338.146     5438.172
267  Q.insect+G4   2647.220     10  5314.440     5315.293     5350.387
268  Q.insect+I+G4 2647.464     11  5316.928     5317.955     5356.470
269  Q.insect+R2   2648.299     11  5318.598     5319.625     5358.140
289  Q.insect+F+G4 2608.844     29  5275.688     5282.968     5379.935
290  Q.insect+F+I+G4 2609.230     30  5278.459     5286.274     5386.300
291  Q.insect+F+R2 2609.732     30  5279.463     5287.279     5387.305
WARNING: Normalizing state frequencies so that sum of them equals to 1
311  Q.plant+G4    2682.112     10  5384.224     5385.077     5420.171
WARNING: Normalizing state frequencies so that sum of them equals to 1
312  Q.plant+I+G4  2682.101     11  5386.202     5387.229     5425.744
WARNING: Normalizing state frequencies so that sum of them equals to 1
313  Q.plant+R2    2684.165     11  5390.329     5391.357     5429.871
WARNING: Normalizing state frequencies so that sum of them equals to 1
333  Q.plant+F+G4  2622.040     29  5302.079     5309.360     5406.326
WARNING: Normalizing state frequencies so that sum of them equals to 1
334  Q.plant+F+I+G4 2622.249     30  5304.498     5312.313     5412.339
WARNING: Normalizing state frequencies so that sum of them equals to 1
335  Q.plant+F+R2  2624.094     30  5308.188     5316.004     5416.030
WARNING: Normalizing state frequencies so that sum of them equals to 1
355  Q.yeast+G4    2653.375     10  5326.750     5327.603     5362.697
WARNING: Normalizing state frequencies so that sum of them equals to 1
356  Q.yeast+I+G4  2653.579     11  5329.157     5330.185     5368.699
WARNING: Normalizing state frequencies so that sum of them equals to 1
357  Q.yeast+R2    2654.185     11  5330.370     5331.397     5369.912
WARNING: Normalizing state frequencies so that sum of them equals to 1
377  Q.yeast+F+G4  2609.882     29  5277.764     5285.044     5382.011
WARNING: Normalizing state frequencies so that sum of them equals to 1
378  Q.yeast+F+I+G4 2610.218     30  5280.436     5288.251     5388.277
WARNING: Normalizing state frequencies so that sum of them equals to 1
379  Q.yeast+F+R2  2610.655     30  5281.310     5289.125     5389.151
399  JTTDCMut+G4   2682.398     10  5384.796     5385.648     5420.743
400  JTTDCMut+I+G4 2682.251     11  5386.502     5387.530     5426.044
401  JTTDCMut+R2   2683.931     11  5389.863     5390.890     5429.405
421  JTTDCMut+F+G4 2615.810     29  5289.619     5296.899     5393.866
422  JTTDCMut+F+I+G4 2615.702     30  5291.404     5299.219     5399.245
423  JTTDCMut+F+R2 2617.580     30  5295.160     5302.975     5403.001
443  DCMut+G4      2701.806     10  5423.613     5424.465     5459.560
444  DCMut+I+G4    2700.928     11  5423.856     5424.883     5463.398
445  DCMut+R2      2704.805     11  5431.611     5432.638     5471.153
465  DCMut+F+G4    2634.386     29  5326.772     5334.052     5431.018
466  DCMut+F+I+G4  2633.291     30  5326.583     5334.398     5434.424
467  DCMut+F+R2    2637.547     30  5335.094     5342.909     5442.935
487  VT+G4         2671.692     10  5363.385     5364.237     5399.332
488  VT+I+G4       2671.563     11  5365.125     5366.152     5404.667
489  VT+R2         2672.155     11  5366.310     5367.337     5405.851
509  VT+F+G4       2613.184     29  5284.368     5291.648     5388.614
510  VT+F+I+G4     2613.174     30  5286.348     5294.163     5394.189
511  VT+F+R2       2613.786     30  5287.572     5295.387     5395.413
531  PMB+G4        2687.417     10  5394.833     5395.686     5430.781
532  PMB+I+G4      2687.606     11  5397.212     5398.239     5436.754
533  PMB+R2        2687.573     11  5397.147     5398.174     5436.688
553  PMB+F+G4      2624.046     29  5306.091     5313.371     5410.338
554  PMB+F+I+G4    2624.222     30  5308.444     5316.259     5416.285
555  PMB+F+R2      2624.405     30  5308.810     5316.625     5416.651
575  Blosum62+G4   2670.989     10  5361.978     5362.831     5397.925
576  Blosum62+I+G4 2671.218     11  5364.437     5365.464     5403.979
577  Blosum62+R2   2670.966     11  5363.933     5364.960     5403.475
597  Blosum62+F+G4 2620.819     29  5299.638     5306.918     5403.885
598  Blosum62+F+I+G4 2621.063     30  5302.125     5309.940     5409.967
599  Blosum62+F+R2 2621.012     30  5302.024     5309.839     5409.865
619  Dayhoff+G4    2701.849     10  5423.698     5424.551     5459.645
620  Dayhoff+I+G4  2700.957     11  5423.914     5424.941     5463.456
621  Dayhoff+R2    2704.872     11  5431.743     5432.771     5471.285
641  Dayhoff+F+G4  2634.421     29  5326.842     5334.122     5431.089
642  Dayhoff+F+I+G4 2633.307     30  5326.613     5334.428     5434.455
643  Dayhoff+F+R2  2637.609     30  5335.219     5343.034     5443.060
663  mtREV+G4      2819.343     10  5658.685     5659.538     5694.632
664  mtREV+I+G4    2819.646     11  5661.292     5662.319     5700.833
665  mtREV+R2      2821.071     11  5664.141     5665.168     5703.683
685  mtREV+F+G4    2626.661     29  5311.322     5318.602     5415.568
686  mtREV+F+I+G4  2626.247     30  5312.495     5320.310     5420.336
687  mtREV+F+R2    2630.404     30  5320.809     5328.624     5428.650
707  mtART+G4      2825.445     10  5670.890     5671.742     5706.837
708  mtART+I+G4    2825.700     11  5673.401     5674.428     5712.943
709  mtART+R2      2824.703     11  5671.406     5672.433     5710.948
729  mtART+F+G4    2637.043     29  5332.087     5339.367     5436.334
730  mtART+F+I+G4  2637.288     30  5334.576     5342.392     5442.418
731  mtART+F+R2    2638.351     30  5336.702     5344.517     5444.543
751  mtZOA+G4      2814.112     10  5648.223     5649.076     5684.170
752  mtZOA+I+G4    2814.231     11  5650.462     5651.490     5690.004
753  mtZOA+R2      2813.400     11  5648.800     5649.827     5688.342
773  mtZOA+F+G4    2625.697     29  5309.394     5316.675     5413.641
774  mtZOA+F+I+G4  2625.786     30  5311.571     5319.387     5419.413
775  mtZOA+F+R2    2627.568     30  5315.137     5322.952     5422.978
795  mtMet+G4      2778.715     10  5577.430     5578.283     5613.377
796  mtMet+I+G4    2778.914     11  5579.828     5580.856     5619.370
797  mtMet+R2      2777.209     11  5576.419     5577.446     5615.961
817  mtMet+F+G4    2631.668     29  5321.336     5328.617     5425.583
818  mtMet+F+I+G4  2631.552     30  5323.104     5330.920     5430.946
819  mtMet+F+R2    2633.655     30  5327.311     5335.126     5435.152
839  mtVer+G4      2836.728     10  5693.456     5694.309     5729.404
840  mtVer+I+G4    2836.968     11  5695.936     5696.963     5735.478
841  mtVer+R2      2837.151     11  5696.303     5697.330     5735.845
861  mtVer+F+G4    2649.560     29  5357.119     5364.399     5461.366
862  mtVer+F+I+G4  2648.295     30  5356.589     5364.404     5464.431
863  mtVer+F+R2    2651.596     30  5363.191     5371.006     5471.033
883  mtInv+G4      2781.031     10  5582.061     5582.914     5618.008
884  mtInv+I+G4    2781.235     11  5584.469     5585.497     5624.011
885  mtInv+R2      2778.787     11  5579.575     5580.602     5619.116
905  mtInv+F+G4    2621.550     29  5301.099     5308.380     5405.346
906  mtInv+F+I+G4  2621.455     30  5302.910     5310.725     5410.751
907  mtInv+F+R2    2622.819     30  5305.637     5313.452     5413.479
927  mtMAM+G4      2847.122     10  5714.243     5715.096     5750.190
928  mtMAM+I+G4    2847.445     11  5716.891     5717.918     5756.433
929  mtMAM+R2      2849.962     11  5721.925     5722.952     5761.466
949  mtMAM+F+G4    2652.036     29  5362.072     5369.352     5466.318
950  mtMAM+F+I+G4  2651.730     30  5363.460     5371.276     5471.302
951  mtMAM+F+R2    2654.435     30  5368.870     5376.685     5476.711
WARNING: Normalizing state frequencies so that sum of them equals to 1
971  FLAVI+G4      2757.877     10  5535.754     5536.607     5571.701
WARNING: Normalizing state frequencies so that sum of them equals to 1
972  FLAVI+I+G4    2757.743     11  5537.486     5538.513     5577.028
WARNING: Normalizing state frequencies so that sum of them equals to 1
973  FLAVI+R2      2763.123     11  5548.247     5549.274     5587.788
WARNING: Normalizing state frequencies so that sum of them equals to 1
993  FLAVI+F+G4    2661.070     29  5380.140     5387.420     5484.387
WARNING: Normalizing state frequencies so that sum of them equals to 1
994  FLAVI+F+I+G4  2661.204     30  5382.408     5390.223     5490.249
WARNING: Normalizing state frequencies so that sum of them equals to 1
995  FLAVI+F+R2    2664.625     30  5389.249     5397.065     5497.091
1015  HIVb+G4       2721.177     10  5462.354     5463.206     5498.301
1016  HIVb+I+G4     2721.030     11  5464.059     5465.086     5503.601
1017  HIVb+R2       2724.503     11  5471.006     5472.033     5510.547
1037  HIVb+F+G4     2643.864     29  5345.728     5353.009     5449.975
1038  HIVb+F+I+G4   2643.919     30  5347.837     5355.652     5455.679
1039  HIVb+F+R2     2648.021     30  5356.042     5363.857     5463.883
1059  HIVw+G4       2771.182     10  5562.364     5563.217     5598.311
1060  HIVw+I+G4     2769.779     11  5561.559     5562.586     5601.101
1061  HIVw+R2       2780.264     11  5582.528     5583.556     5622.070
1081  HIVw+F+G4     2679.769     29  5417.538     5424.818     5521.785
1082  HIVw+F+I+G4   2679.287     30  5418.574     5426.389     5526.416
1083  HIVw+F+R2     2688.207     30  5436.413     5444.228     5544.254
1103  FLU+G4        2722.234     10  5464.469     5465.321     5500.416
1104  FLU+I+G4      2722.022     11  5466.044     5467.071     5505.586
1105  FLU+R2        2728.512     11  5479.023     5480.050     5518.565
1125  FLU+F+G4      2653.767     29  5365.535     5372.815     5469.781
1126  FLU+F+I+G4    2654.045     30  5368.090     5375.905     5475.932
1127  FLU+F+R2      2660.980     30  5381.960     5389.775     5489.801
1147  rtREV+G4      2679.337     10  5378.674     5379.526     5414.621
1148  rtREV+I+G4    2679.676     11  5381.352     5382.380     5420.894
1149  rtREV+R2      2680.021     11  5382.042     5383.069     5421.583
1169  rtREV+F+G4    2612.928     29  5283.857     5291.137     5388.103
1170  rtREV+F+I+G4  2613.338     30  5286.677     5294.492     5394.518
1171  rtREV+F+R2    2614.026     30  5288.052     5295.868     5395.894
1191  cpREV+G4      2696.674     10  5413.347     5414.200     5449.295
1192  cpREV+I+G4    2695.833     11  5413.666     5414.693     5453.207
1193  cpREV+R2      2698.678     11  5419.356     5420.383     5458.898
1213  cpREV+F+G4    2622.410     29  5302.821     5310.101     5407.067
1214  cpREV+F+I+G4  2620.990     30  5301.981     5309.796     5409.822
1215  cpREV+F+R2    2625.230     30  5310.460     5318.275     5418.301
Akaike Information Criterion:           Q.insect+F+G4
Corrected Akaike Information Criterion: Q.insect+F+G4
Bayesian Information Criterion:         Q.insect+G4
Best-fit model: Q.insect+G4 chosen according to BIC

All model information printed to ./orthofinder/Results_Jul15/WorkingDirectory/Alignments_ids/OG0000171.model.gz
CPU time for ModelFinder: 3.369 seconds (0h:0m:3s)
Wall-clock time for ModelFinder: 5.328 seconds (0h:0m:5s)

NOTE: 0 MB RAM (0 GB) is required!
Estimate model parameters (epsilon = 0.100)
1. Initial log-likelihood: -2647.220
Optimal log-likelihood: -2647.216
Gamma shape alpha: 1.160
Parameters optimization took 1 rounds (0.004 sec)
Wrote distance file to... 
Computing ML distances based on estimated model parameters...
Calculating distance matrix: done in 0.00220299 secs using 100% CPU
Computing ML distances took 0.002223 sec (of wall-clock time) 0.002223 sec (of CPU time)
Setting up auxiliary I and S matrices: done in 4.1008e-05 secs using 185.3% CPU
Constructing RapidNJ tree: done in 2.69413e-05 secs using 181.9% CPU
Computing RapidNJ tree took 0.000111 sec (of wall-clock time) 0.000213 sec (of CPU time)
Log-likelihood of RapidNJ tree: -2647.215
--------------------------------------------------------------------
|             INITIALIZING CANDIDATE TREE SET                      |
--------------------------------------------------------------------
Generating 99 parsimony trees... 0.028 second
Computing log-likelihood of 6 initial trees ... 0.008 seconds
Current best score: -2647.215

Do NNI search on 7 best initial trees
Optimizing NNI: done in 0.0237479 secs using 42.17% CPU
Optimizing NNI: done in 0.00904512 secs using 122.7% CPU
Optimizing NNI: done in 0.00875497 secs using 151.5% CPU
Optimizing NNI: done in 0.0243161 secs using 70.41% CPU
Optimizing NNI: done in 0.0243862 secs using 84.99% CPU
Optimizing NNI: done in 0.00840211 secs using 126.7% CPU
Optimizing NNI: done in 0.024389 secs using 78.97% CPU
Finish initializing candidate tree set (7)
Current best tree score: -2647.215 / CPU time: 0.176
Number of iterations: 7
--------------------------------------------------------------------
|               OPTIMIZING CANDIDATE TREE SET                      |
--------------------------------------------------------------------
Optimizing NNI: done in 0.008641 secs using 169.8% CPU
Optimizing NNI: done in 0.0305569 secs using 49.22% CPU
Optimizing NNI: done in 0.024637 secs using 35.05% CPU
Iteration 10 / LogL: -2649.277 / Time: 0h:0m:0s
Optimizing NNI: done in 0.00864601 secs using 100% CPU
Optimizing NNI: done in 0.0171089 secs using 53% CPU
Optimizing NNI: done in 0.0209088 secs using 42.57% CPU
Optimizing NNI: done in 0.03427 secs using 29.91% CPU
UPDATE BEST LOG-LIKELIHOOD: -2647.215
Optimizing NNI: done in 0.00901484 secs using 99.99% CPU
Optimizing NNI: done in 0.033056 secs using 27.38% CPU
Optimizing NNI: done in 0.0248179 secs using 35.55% CPU
UPDATE BEST LOG-LIKELIHOOD: -2647.215
Optimizing NNI: done in 0.00384808 secs using 99.97% CPU
Optimizing NNI: done in 0.0416288 secs using 32.71% CPU
Optimizing NNI: done in 0.0382669 secs using 37.19% CPU
Iteration 20 / LogL: -2647.780 / Time: 0h:0m:0s
Optimizing NNI: done in 0.0449429 secs using 30.59% CPU
Optimizing NNI: done in 0.0197561 secs using 43.34% CPU
Optimizing NNI: done in 0.0394812 secs using 21.71% CPU
UPDATE BEST LOG-LIKELIHOOD: -2647.215
Optimizing NNI: done in 0.0260689 secs using 34.13% CPU
Optimizing NNI: done in 0.0275691 secs using 31.85% CPU
UPDATE BEST LOG-LIKELIHOOD: -2647.215
Optimizing NNI: done in 0.0283339 secs using 29.69% CPU
Optimizing NNI: done in 0.0408912 secs using 21.76% CPU
Optimizing NNI: done in 0.0624671 secs using 23.15% CPU
Optimizing NNI: done in 0.021539 secs using 62.51% CPU
Optimizing NNI: done in 0.041085 secs using 22.14% CPU
UPDATE BEST LOG-LIKELIHOOD: -2647.215
Iteration 30 / LogL: -2647.215 / Time: 0h:0m:0s (0h:0m:2s left)
Optimizing NNI: done in 0.0101161 secs using 99.87% CPU
Optimizing NNI: done in 0.00879884 secs using 100% CPU
Optimizing NNI: done in 0.0038271 secs using 100% CPU
Optimizing NNI: done in 0.00997686 secs using 99.99% CPU
Optimizing NNI: done in 0.00882411 secs using 99.73% CPU
Optimizing NNI: done in 0.0134161 secs using 100% CPU
Optimizing NNI: done in 0.00948 secs using 100% CPU
UPDATE BEST LOG-LIKELIHOOD: -2647.215
Optimizing NNI: done in 0.014158 secs using 84.46% CPU
Optimizing NNI: done in 0.008533 secs using 99.89% CPU
Optimizing NNI: done in 0.00943398 secs using 99.77% CPU
UPDATE BEST LOG-LIKELIHOOD: -2647.215
Iteration 40 / LogL: -2647.215 / Time: 0h:0m:1s (0h:0m:1s left)
Optimizing NNI: done in 0.00851393 secs using 99.99% CPU
UPDATE BEST LOG-LIKELIHOOD: -2647.215
Optimizing NNI: done in 0.00375104 secs using 99.97% CPU
Optimizing NNI: done in 0.0299039 secs using 46.43% CPU
Optimizing NNI: done in 0.0330009 secs using 27.27% CPU
Optimizing NNI: done in 0.0324459 secs using 26.07% CPU
UPDATE BEST LOG-LIKELIHOOD: -2647.215
Optimizing NNI: done in 0.029675 secs using 45.98% CPU
Optimizing NNI: done in 0.037672 secs using 36.32% CPU
Optimizing NNI: done in 0.0456591 secs using 29.93% CPU
Optimizing NNI: done in 0.0150909 secs using 56.86% CPU
Optimizing NNI: done in 0.0577509 secs using 23.8% CPU
Iteration 50 / LogL: -2647.590 / Time: 0h:0m:1s (0h:0m:1s left)
Optimizing NNI: done in 0.04181 secs using 33% CPU
Optimizing NNI: done in 0.0295498 secs using 45.79% CPU
Optimizing NNI: done in 0.035882 secs using 23.2% CPU
UPDATE BEST LOG-LIKELIHOOD: -2647.215
Optimizing NNI: done in 0.00850511 secs using 100% CPU
Optimizing NNI: done in 0.0261469 secs using 37.27% CPU
Optimizing NNI: done in 0.0530798 secs using 27.38% CPU
Optimizing NNI: done in 0.025553 secs using 37.35% CPU
UPDATE BEST LOG-LIKELIHOOD: -2647.215
Optimizing NNI: done in 0.00866008 secs using 100% CPU
Optimizing NNI: done in 0.0207181 secs using 41.45% CPU
Optimizing NNI: done in 0.00964189 secs using 100% CPU
UPDATE BEST LOG-LIKELIHOOD: -2647.215
Iteration 60 / LogL: -2647.215 / Time: 0h:0m:1s (0h:0m:1s left)
Optimizing NNI: done in 0.013644 secs using 100% CPU
Optimizing NNI: done in 0.0146132 secs using 99.81% CPU
Optimizing NNI: done in 0.00844789 secs using 100% CPU
Optimizing NNI: done in 0.00851607 secs using 100% CPU
Optimizing NNI: done in 0.013541 secs using 100% CPU
Optimizing NNI: done in 0.013577 secs using 100% CPU
Optimizing NNI: done in 0.00979209 secs using 100% CPU
Optimizing NNI: done in 0.013639 secs using 99.99% CPU
Optimizing NNI: done in 0.00851297 secs using 100% CPU
Optimizing NNI: done in 0.01367 secs using 100% CPU
Iteration 70 / LogL: -2647.826 / Time: 0h:0m:1s (0h:0m:0s left)
Optimizing NNI: done in 0.00863719 secs using 100% CPU
Optimizing NNI: done in 0.00870609 secs using 100% CPU
Optimizing NNI: done in 0.013689 secs using 99.99% CPU
Optimizing NNI: done in 0.0086081 secs using 100% CPU
Optimizing NNI: done in 0.00861883 secs using 100% CPU
Optimizing NNI: done in 0.00852489 secs using 100% CPU
UPDATE BEST LOG-LIKELIHOOD: -2647.215
Optimizing NNI: done in 0.01337 secs using 99.96% CPU
Optimizing NNI: done in 0.00871897 secs using 42.51% CPU
Optimizing NNI: done in 0.00867319 secs using 99.99% CPU
Optimizing NNI: done in 0.0296741 secs using 46.04% CPU
Iteration 80 / LogL: -2647.780 / Time: 0h:0m:1s (0h:0m:0s left)
Optimizing NNI: done in 0.0293369 secs using 45.44% CPU
Optimizing NNI: done in 0.0285208 secs using 29.89% CPU
Optimizing NNI: done in 0.013391 secs using 99.99% CPU
Optimizing NNI: done in 0.029285 secs using 45.35% CPU
Optimizing NNI: done in 0.0142939 secs using 26.05% CPU
Optimizing NNI: done in 0.027319 secs using 52.54% CPU
Optimizing NNI: done in 0.0291698 secs using 45.15% CPU
Optimizing NNI: done in 0.008533 secs using 100% CPU
Optimizing NNI: done in 0.0246129 secs using 34.99% CPU
Optimizing NNI: done in 0.00971103 secs using 100% CPU
Iteration 90 / LogL: -2647.973 / Time: 0h:0m:2s (0h:0m:0s left)
Optimizing NNI: done in 0.029083 secs using 45% CPU
Optimizing NNI: done in 0.030216 secs using 47.05% CPU
Optimizing NNI: done in 0.029387 secs using 45.54% CPU
Optimizing NNI: done in 0.03333 secs using 39.99% CPU
Optimizing NNI: done in 0.0257349 secs using 51.96% CPU
Optimizing NNI: done in 0.00862813 secs using 99.63% CPU
Optimizing NNI: done in 0.029439 secs using 45.66% CPU
Optimizing NNI: done in 0.0214469 secs using 39.67% CPU
Optimizing NNI: done in 0.00822091 secs using 99.05% CPU
UPDATE BEST LOG-LIKELIHOOD: -2647.215
Optimizing NNI: done in 0.0132802 secs using 99.99% CPU
Iteration 100 / LogL: -2647.780 / Time: 0h:0m:2s (0h:0m:0s left)
Optimizing NNI: done in 0.0254571 secs using 52.19% CPU
TREE SEARCH COMPLETED AFTER 101 ITERATIONS / Time: 0h:0m:2s

--------------------------------------------------------------------
|                    FINALIZING TREE SEARCH                        |
--------------------------------------------------------------------
Performs final model parameters optimization
Estimate model parameters (epsilon = 0.010)
1. Initial log-likelihood: -2647.215
Optimal log-likelihood: -2647.215
Gamma shape alpha: 1.158
Parameters optimization took 1 rounds (0.004 sec)
BEST SCORE FOUND : -2647.215
Total tree length: 7.592

Total number of iterations: 101
CPU time used for tree search: 1.184 sec (0h:0m:1s)
Wall-clock time used for tree search: 2.412 sec (0h:0m:2s)
Total CPU time used: 1.229 sec (0h:0m:1s)
Total wall-clock time used: 2.483 sec (0h:0m:2s)

Analysis results written to: 
  IQ-TREE report:                ./orthofinder/Results_Jul15/WorkingDirectory/Alignments_ids/OG0000171.iqtree
  Maximum-likelihood tree:       ./orthofinder/Results_Jul15/WorkingDirectory/Alignments_ids/OG0000171.treefile
  Likelihood distances:          ./orthofinder/Results_Jul15/WorkingDirectory/Alignments_ids/OG0000171.mldist
  Screen log file:               ./orthofinder/Results_Jul15/WorkingDirectory/Alignments_ids/OG0000171.log

Date and Time: Mon Jul 15 11:05:08 2024
