IQ-TREE multicore version 2.2.0.5 COVID-edition for Linux 64-bit built Sep 26 2022
Developed by Bui Quang Minh, James Barbetti, Nguyen Lam Tung,
Olga Chernomor, Heiko Schmidt, Dominik Schrempf, Michael Woodhams, Ly Trong Nhan.

Host:    c090 (AVX2, FMA3, 503 GB RAM)
Command: iqtree -s ./orthofinder/Results_Jul07/WorkingDirectory/Alignments_ids/OG0000043.fa -pre ./orthofinder/Results_Jul07/WorkingDirectory/Alignments_ids/OG0000043
Seed:    274080 (Using SPRNG - Scalable Parallel Random Number Generator)
Time:    Sun Jul  7 17:49:22 2024
Kernel:  AVX+FMA - 1 threads (24 CPU cores detected)

HINT: Use -nt option to specify number of threads because your CPU has 24 cores!
HINT: -nt AUTO will automatically determine the best number of threads to use.

Reading alignment file ./orthofinder/Results_Jul07/WorkingDirectory/Alignments_ids/OG0000043.fa ... Fasta format detected
Reading fasta file: done in 0.000116825 secs using 98.44% CPU
Alignment most likely contains protein sequences
Constructing alignment: done in 6.79493e-05 secs using 98.6% CPU
Alignment has 35 sequences with 120 columns, 84 distinct patterns
51 parsimony-informative, 1 singleton sites, 68 constant sites
        Gap/Ambiguity  Composition  p-value
Analyzing sequences: done in 6.91414e-06 secs using 86.78% CPU
   1  1_48     27.50%    passed    100.00%
   2  3_48     42.50%    passed     99.99%
   3  4_52     27.50%    passed    100.00%
   4  5_47     42.50%    passed     99.99%
   5  6_26     27.50%    passed    100.00%
   6  7_47     27.50%    passed    100.00%
   7  10_47    42.50%    passed     99.99%
   8  12_46    27.50%    passed    100.00%
   9  16_48    27.50%    passed    100.00%
  10  17_48    27.50%    passed    100.00%
  11  18_50    27.50%    passed    100.00%
  12  19_47    27.50%    passed    100.00%
  13  20_50    27.50%    passed    100.00%
  14  21_46    27.50%    passed    100.00%
  15  22_47    42.50%    passed     99.99%
  16  23_49    27.50%    passed    100.00%
  17  24_29     2.50%    failed      0.19%
  18  26_30     2.50%    failed      0.19%
  19  27_56    42.50%    passed     99.99%
  20  28_49    27.50%    passed    100.00%
  21  29_50    42.50%    passed     99.99%
  22  30_50    27.50%    passed    100.00%
  23  32_9      2.50%    failed      0.19%
  24  33_27    42.50%    passed     99.99%
  25  34_27    42.50%    passed     99.99%
  26  35_87    27.50%    passed    100.00%
  27  36_68    27.50%    passed    100.00%
  28  37_48    27.50%    passed    100.00%
  29  38_51    27.50%    passed    100.00%
  30  39_104    2.50%    failed      0.19%
  31  40_46    27.50%    passed    100.00%
  32  41_48    42.50%    passed     99.99%
  33  42_50    42.50%    passed     99.99%
  34  43_48    42.50%    passed    100.00%
  35  44_47    27.50%    passed    100.00%
****  TOTAL    29.36%  4 sequences failed composition chi2 test (p-value<5%; df=19)
NOTE: 21_46 is identical to 1_48 but kept for subsequent analysis
NOTE: 5_47 is identical to 3_48 but kept for subsequent analysis
NOTE: 6_26 is identical to 4_52 but kept for subsequent analysis
NOTE: 40_46 is identical to 12_46 but kept for subsequent analysis
NOTE: 17_48 is identical to 16_48 but kept for subsequent analysis
NOTE: 26_30 is identical to 24_29 but kept for subsequent analysis
Checking for duplicate sequences: done in 4.79221e-05 secs using 75.12% CPU
Identifying sites to remove: done in 5.6982e-05 secs using 71.95% CPU
NOTE: 20 identical sequences (see below) will be ignored for subsequent analysis
NOTE: 23_49 (identical to 1_48) is ignored but added at the end
NOTE: 10_47 (identical to 3_48) is ignored but added at the end
NOTE: 22_47 (identical to 3_48) is ignored but added at the end
NOTE: 27_56 (identical to 3_48) is ignored but added at the end
NOTE: 29_50 (identical to 3_48) is ignored but added at the end
NOTE: 33_27 (identical to 3_48) is ignored but added at the end
NOTE: 34_27 (identical to 3_48) is ignored but added at the end
NOTE: 41_48 (identical to 3_48) is ignored but added at the end
NOTE: 42_50 (identical to 3_48) is ignored but added at the end
NOTE: 18_50 (identical to 4_52) is ignored but added at the end
NOTE: 19_47 (identical to 4_52) is ignored but added at the end
NOTE: 20_50 (identical to 4_52) is ignored but added at the end
NOTE: 30_50 (identical to 4_52) is ignored but added at the end
NOTE: 35_87 (identical to 4_52) is ignored but added at the end
NOTE: 36_68 (identical to 4_52) is ignored but added at the end
NOTE: 37_48 (identical to 4_52) is ignored but added at the end
NOTE: 38_51 (identical to 4_52) is ignored but added at the end
NOTE: 44_47 (identical to 4_52) is ignored but added at the end
NOTE: 32_9 (identical to 24_29) is ignored but added at the end
NOTE: 39_104 (identical to 24_29) is ignored but added at the end
Alignment was printed to ./orthofinder/Results_Jul07/WorkingDirectory/Alignments_ids/OG0000043.uniqueseq.phy

For your convenience alignment with unique sequences printed to ./orthofinder/Results_Jul07/WorkingDirectory/Alignments_ids/OG0000043.uniqueseq.phy


Create initial parsimony tree by phylogenetic likelihood library (PLL)... 0.000 seconds
Perform fast likelihood tree search using LG+I+G model...
Estimate model parameters (epsilon = 5.000)
Perform nearest neighbor interchange...
Optimizing NNI: done in 0.0191209 secs using 34.32% CPU
Estimate model parameters (epsilon = 1.000)
1. Initial log-likelihood: -591.539
Optimal log-likelihood: -591.316
Proportion of invariable sites: 0.224
Gamma shape alpha: 6.577
Parameters optimization took 1 rounds (0.025 sec)
Time for fast ML tree search: 0.113 seconds

NOTE: ModelFinder requires 2 MB RAM!
ModelFinder will test up to 1232 protein models (sample size: 120) ...
 No. Model         -LnL         df  AIC          AICc         BIC
  1  LG            592.018      27  1238.035     1254.470     1313.298
  2  LG+I          591.246      28  1238.493     1256.339     1316.542
  3  LG+G4         590.347      28  1236.695     1254.541     1314.744
  4  LG+I+G4       590.983      29  1239.967     1259.300     1320.804
  5  LG+R2         590.589      29  1239.179     1258.512     1320.016
  6  LG+R3         587.386      31  1236.773     1259.318     1323.185
 14  LG+I+R2       590.837      30  1241.675     1262.574     1325.299
 15  LG+I+R3       587.263      32  1238.526     1262.801     1327.725
 23  LG+F          583.930      46  1259.861     1319.094     1388.085
 24  LG+F+I        583.312      47  1260.624     1323.291     1391.636
 25  LG+F+G4       582.293      47  1258.585     1321.252     1389.597
 26  LG+F+I+G4     582.983      48  1261.966     1328.220     1395.766
 27  LG+F+R2       582.484      48  1260.967     1327.221     1394.767
 28  LG+F+R3       579.566      50  1259.132     1333.045     1398.506
 45  WAG           593.123      27  1240.245     1256.680     1315.508
 46  WAG+I         593.020      28  1242.041     1259.887     1320.090
 47  WAG+G4        592.483      28  1240.967     1258.813     1319.017
 48  WAG+I+G4      593.229      29  1244.459     1263.792     1325.296
 49  WAG+R2        592.600      29  1243.200     1262.533     1324.037
 50  WAG+R3        592.333      31  1246.665     1269.211     1333.077
 67  WAG+F         584.236      46  1260.473     1319.706     1388.697
 68  WAG+F+I       583.980      47  1261.959     1324.626     1392.971
 69  WAG+F+G4      583.321      47  1260.643     1323.310     1391.655
 70  WAG+F+I+G4    584.026      48  1264.051     1330.305     1397.851
 71  WAG+F+R2      583.468      48  1262.937     1329.190     1396.737
 72  WAG+F+R3      583.127      50  1266.254     1340.167     1405.629
 89  JTT           592.351      27  1238.701     1255.136     1313.964
 90  JTT+I         591.983      28  1239.965     1257.811     1318.015
 91  JTT+G4        591.372      28  1238.745     1256.591     1316.795
 92  JTT+I+G4      592.051      29  1242.102     1261.435     1322.939
 93  JTT+R2        591.543      29  1241.087     1260.420     1321.924
 94  JTT+R3        591.273      31  1244.546     1267.091     1330.958
111  JTT+F         582.353      46  1256.706     1315.939     1384.930
112  JTT+F+I       581.874      47  1257.748     1320.414     1388.760
113  JTT+F+G4      581.200      47  1256.400     1319.067     1387.412
114  JTT+F+I+G4    581.815      48  1259.630     1325.883     1393.430
115  JTT+F+R2      581.343      48  1258.686     1324.940     1392.486
116  JTT+F+R3      581.092      50  1262.183     1336.096     1401.558
WARNING: Normalizing state frequencies so that sum of them equals to 1
133  Q.pfam        595.210      27  1244.421     1260.855     1319.683
WARNING: Normalizing state frequencies so that sum of them equals to 1
134  Q.pfam+I      594.366      28  1244.732     1262.578     1322.782
WARNING: Normalizing state frequencies so that sum of them equals to 1
135  Q.pfam+G4     593.524      28  1243.047     1260.893     1321.097
WARNING: Normalizing state frequencies so that sum of them equals to 1
136  Q.pfam+I+G4   594.186      29  1246.373     1265.706     1327.210
WARNING: Normalizing state frequencies so that sum of them equals to 1
137  Q.pfam+R2     593.765      29  1245.530     1264.863     1326.367
WARNING: Normalizing state frequencies so that sum of them equals to 1
138  Q.pfam+R3     593.343      31  1248.686     1271.232     1335.098
WARNING: Normalizing state frequencies so that sum of them equals to 1
155  Q.pfam+F      584.899      46  1261.798     1321.030     1390.022
WARNING: Normalizing state frequencies so that sum of them equals to 1
156  Q.pfam+F+I    584.128      47  1262.256     1324.923     1393.268
WARNING: Normalizing state frequencies so that sum of them equals to 1
157  Q.pfam+F+G4   583.221      47  1260.442     1323.109     1391.455
WARNING: Normalizing state frequencies so that sum of them equals to 1
158  Q.pfam+F+I+G4 583.889      48  1263.778     1330.031     1397.577
WARNING: Normalizing state frequencies so that sum of them equals to 1
159  Q.pfam+F+R2   583.420      48  1262.839     1329.093     1396.639
WARNING: Normalizing state frequencies so that sum of them equals to 1
160  Q.pfam+F+R3   582.997      50  1265.995     1339.908     1405.370
WARNING: Normalizing state frequencies so that sum of them equals to 1
177  Q.bird        599.920      27  1253.841     1270.275     1329.103
WARNING: Normalizing state frequencies so that sum of them equals to 1
178  Q.bird+I      596.807      28  1249.614     1267.460     1327.664
WARNING: Normalizing state frequencies so that sum of them equals to 1
179  Q.bird+G4     596.204      28  1248.408     1266.254     1326.457
WARNING: Normalizing state frequencies so that sum of them equals to 1
180  Q.bird+I+G4   596.401      29  1250.801     1270.134     1331.638
WARNING: Normalizing state frequencies so that sum of them equals to 1
181  Q.bird+R2     596.462      29  1250.925     1270.258     1331.762
WARNING: Normalizing state frequencies so that sum of them equals to 1
182  Q.bird+R3     596.291      31  1254.582     1277.127     1340.994
WARNING: Normalizing state frequencies so that sum of them equals to 1
199  Q.bird+F      590.247      46  1272.493     1331.726     1400.718
WARNING: Normalizing state frequencies so that sum of them equals to 1
200  Q.bird+F+I    586.029      47  1266.057     1328.724     1397.070
WARNING: Normalizing state frequencies so that sum of them equals to 1
201  Q.bird+F+G4   585.732      47  1265.464     1328.131     1396.476
WARNING: Normalizing state frequencies so that sum of them equals to 1
202  Q.bird+F+I+G4 585.717      48  1267.434     1333.687     1401.233
WARNING: Normalizing state frequencies so that sum of them equals to 1
203  Q.bird+F+R2   585.945      48  1267.890     1334.144     1401.690
WARNING: Normalizing state frequencies so that sum of them equals to 1
204  Q.bird+F+R3   585.821      50  1271.642     1345.555     1411.017
WARNING: Normalizing state frequencies so that sum of them equals to 1
221  Q.mammal      599.048      27  1252.096     1268.531     1327.358
WARNING: Normalizing state frequencies so that sum of them equals to 1
222  Q.mammal+I    596.936      28  1249.873     1267.719     1327.922
WARNING: Normalizing state frequencies so that sum of them equals to 1
223  Q.mammal+G4   596.234      28  1248.467     1266.314     1326.517
WARNING: Normalizing state frequencies so that sum of them equals to 1
224  Q.mammal+I+G4 596.591      29  1251.182     1270.515     1332.019
WARNING: Normalizing state frequencies so that sum of them equals to 1
225  Q.mammal+R2   596.491      29  1250.982     1270.315     1331.819
WARNING: Normalizing state frequencies so that sum of them equals to 1
226  Q.mammal+R3   596.293      31  1254.586     1277.132     1340.999
WARNING: Normalizing state frequencies so that sum of them equals to 1
243  Q.mammal+F    588.720      46  1269.439     1328.672     1397.664
WARNING: Normalizing state frequencies so that sum of them equals to 1
244  Q.mammal+F+I  585.925      47  1265.850     1328.517     1396.863
WARNING: Normalizing state frequencies so that sum of them equals to 1
245  Q.mammal+F+G4 585.388      47  1264.775     1327.442     1395.787
WARNING: Normalizing state frequencies so that sum of them equals to 1
246  Q.mammal+F+I+G4 585.619      48  1267.238     1333.492     1401.038
WARNING: Normalizing state frequencies so that sum of them equals to 1
247  Q.mammal+F+R2 585.588      48  1267.175     1333.429     1400.975
WARNING: Normalizing state frequencies so that sum of them equals to 1
248  Q.mammal+F+R3 585.456      50  1270.911     1344.824     1410.286
265  Q.insect      589.296      27  1232.591     1249.026     1307.854
266  Q.insect+I    588.174      28  1232.347     1250.193     1310.397
267  Q.insect+G4   587.327      28  1230.655     1248.501     1308.704
268  Q.insect+I+G4 587.907      29  1233.815     1253.148     1314.652
269  Q.insect+R2   587.630      29  1233.261     1252.594     1314.098
270  Q.insect+R3   587.178      31  1236.355     1258.901     1322.767
287  Q.insect+F    582.957      46  1257.914     1317.146     1386.138
288  Q.insect+F+I  582.323      47  1258.646     1321.312     1389.658
289  Q.insect+F+G4 581.416      47  1256.831     1319.498     1387.843
290  Q.insect+F+I+G4 582.057      48  1260.114     1326.367     1393.913
291  Q.insect+F+R2 581.631      48  1259.262     1325.515     1393.061
292  Q.insect+F+R3 581.183      50  1262.365     1336.278     1401.740
WARNING: Normalizing state frequencies so that sum of them equals to 1
309  Q.plant       596.249      27  1246.499     1262.933     1321.761
WARNING: Normalizing state frequencies so that sum of them equals to 1
310  Q.plant+I     593.911      28  1243.821     1261.668     1321.871
WARNING: Normalizing state frequencies so that sum of them equals to 1
311  Q.plant+G4    593.020      28  1242.041     1259.887     1320.091
WARNING: Normalizing state frequencies so that sum of them equals to 1
312  Q.plant+I+G4  593.412      29  1244.824     1264.157     1325.661
WARNING: Normalizing state frequencies so that sum of them equals to 1
313  Q.plant+R2    593.337      29  1244.674     1264.008     1325.512
WARNING: Normalizing state frequencies so that sum of them equals to 1
314  Q.plant+R3    593.073      31  1248.147     1270.692     1334.559
WARNING: Normalizing state frequencies so that sum of them equals to 1
331  Q.plant+F     585.369      46  1262.737     1321.970     1390.962
WARNING: Normalizing state frequencies so that sum of them equals to 1
332  Q.plant+F+I   583.282      47  1260.565     1323.231     1391.577
WARNING: Normalizing state frequencies so that sum of them equals to 1
333  Q.plant+F+G4  582.330      47  1258.660     1321.327     1389.672
WARNING: Normalizing state frequencies so that sum of them equals to 1
334  Q.plant+F+I+G4 582.852      48  1261.703     1327.957     1395.503
WARNING: Normalizing state frequencies so that sum of them equals to 1
335  Q.plant+F+R2  582.514      48  1261.028     1327.281     1394.827
WARNING: Normalizing state frequencies so that sum of them equals to 1
336  Q.plant+F+R3  582.342      50  1264.684     1338.597     1404.059
WARNING: Normalizing state frequencies so that sum of them equals to 1
353  Q.yeast       591.114      27  1236.227     1252.662     1311.490
WARNING: Normalizing state frequencies so that sum of them equals to 1
354  Q.yeast+I     589.757      28  1235.514     1253.360     1313.564
WARNING: Normalizing state frequencies so that sum of them equals to 1
355  Q.yeast+G4    588.855      28  1233.711     1251.557     1311.760
WARNING: Normalizing state frequencies so that sum of them equals to 1
356  Q.yeast+I+G4  589.411      29  1236.822     1256.155     1317.659
WARNING: Normalizing state frequencies so that sum of them equals to 1
357  Q.yeast+R2    589.173      29  1236.346     1255.680     1317.183
WARNING: Normalizing state frequencies so that sum of them equals to 1
358  Q.yeast+R3    588.806      31  1239.612     1262.158     1326.025
WARNING: Normalizing state frequencies so that sum of them equals to 1
375  Q.yeast+F     583.969      46  1259.939     1319.172     1388.163
WARNING: Normalizing state frequencies so that sum of them equals to 1
376  Q.yeast+F+I   583.079      47  1260.157     1322.824     1391.169
WARNING: Normalizing state frequencies so that sum of them equals to 1
377  Q.yeast+F+G4  582.081      47  1258.162     1320.829     1389.174
WARNING: Normalizing state frequencies so that sum of them equals to 1
378  Q.yeast+F+I+G4 582.758      48  1261.516     1327.770     1395.316
WARNING: Normalizing state frequencies so that sum of them equals to 1
379  Q.yeast+F+R2  582.298      48  1260.595     1326.849     1394.395
WARNING: Normalizing state frequencies so that sum of them equals to 1
380  Q.yeast+F+R3  581.856      50  1263.712     1337.626     1403.087
397  JTTDCMut      592.045      27  1238.091     1254.526     1313.353
398  JTTDCMut+I    591.738      28  1239.476     1257.322     1317.526
399  JTTDCMut+G4   591.136      28  1238.273     1256.119     1316.322
400  JTTDCMut+I+G4 591.767      29  1241.534     1260.867     1322.371
401  JTTDCMut+R2   591.302      29  1240.603     1259.937     1321.441
402  JTTDCMut+R3   591.029      31  1244.057     1266.603     1330.470
419  JTTDCMut+F    582.093      46  1256.186     1315.419     1384.411
420  JTTDCMut+F+I  581.678      47  1257.357     1320.023     1388.369
421  JTTDCMut+F+G4 581.009      47  1256.018     1318.685     1387.030
422  JTTDCMut+F+I+G4 581.647      48  1259.293     1325.547     1393.093
423  JTTDCMut+F+R2 581.149      48  1258.298     1324.551     1392.097
424  JTTDCMut+F+R3 580.891      50  1261.782     1335.695     1401.157
441  DCMut         595.226      27  1244.453     1260.888     1319.715
442  DCMut+I       594.402      28  1244.804     1262.650     1322.854
443  DCMut+G4      593.589      28  1243.177     1261.023     1321.227
444  DCMut+I+G4    594.192      29  1246.384     1265.717     1327.221
445  DCMut+R2      593.830      29  1245.660     1264.993     1326.497
446  DCMut+R3      593.472      31  1248.945     1271.490     1335.357
463  DCMut+F       584.399      46  1260.798     1320.031     1389.023
464  DCMut+F+I     583.528      47  1261.056     1323.723     1392.069
465  DCMut+F+G4    582.665      47  1259.330     1321.997     1390.342
466  DCMut+F+I+G4  583.283      48  1262.566     1328.820     1396.366
467  DCMut+F+R2    582.890      48  1261.780     1328.033     1395.579
468  DCMut+F+R3    582.479      50  1264.957     1338.870     1404.332
485  VT            593.513      27  1241.026     1257.461     1316.289
486  VT+I          593.511      28  1243.022     1260.869     1321.072
487  VT+G4         593.149      28  1242.297     1260.143     1320.347
488  VT+I+G4       593.897      29  1245.795     1265.128     1326.632
489  VT+R2         593.238      29  1244.475     1263.808     1325.312
490  VT+R3         593.026      31  1248.052     1270.597     1334.464
507  VT+F          584.372      46  1260.743     1319.976     1388.968
508  VT+F+I        584.367      47  1262.734     1325.401     1393.746
509  VT+F+G4       583.962      47  1261.924     1324.590     1392.936
510  VT+F+I+G4     584.731      48  1265.463     1331.716     1399.262
511  VT+F+R2       584.044      48  1264.087     1330.341     1397.887
512  VT+F+R3       583.816      50  1267.633     1341.546     1407.007
529  PMB           598.751      27  1251.501     1267.936     1326.764
530  PMB+I         598.751      28  1253.501     1271.348     1331.551
531  PMB+G4        598.563      28  1253.126     1270.972     1331.175
532  PMB+I+G4      599.382      29  1256.764     1276.098     1337.602
533  PMB+R2        598.642      29  1255.284     1274.618     1336.122
534  PMB+R3        598.489      31  1258.978     1281.524     1345.390
551  PMB+F         585.569      46  1263.138     1322.371     1391.363
552  PMB+F+I       585.569      47  1265.138     1327.805     1396.150
553  PMB+F+G4      585.353      47  1264.707     1327.374     1395.719
554  PMB+F+I+G4    586.194      48  1268.388     1334.641     1402.187
555  PMB+F+R2      585.427      48  1266.855     1333.108     1400.654
556  PMB+F+R3      585.259      50  1270.517     1344.430     1409.892
573  Blosum62      597.107      27  1248.214     1264.649     1323.476
574  Blosum62+I    597.107      28  1250.214     1268.060     1328.264
575  Blosum62+G4   596.921      28  1249.842     1267.689     1327.892
576  Blosum62+I+G4 597.752      29  1253.504     1272.837     1334.341
577  Blosum62+R2   596.999      29  1251.997     1271.331     1332.835
578  Blosum62+R3   596.845      31  1255.689     1278.235     1342.101
595  Blosum62+F    585.925      46  1263.849     1323.082     1392.074
596  Blosum62+F+I  585.925      47  1265.849     1328.516     1396.862
597  Blosum62+F+G4 585.706      47  1265.413     1328.079     1396.425
598  Blosum62+F+I+G4 586.557      48  1269.114     1335.368     1402.914
599  Blosum62+F+R2 585.779      48  1267.559     1333.812     1401.358
600  Blosum62+F+R3 585.606      50  1271.212     1345.125     1410.587
617  Dayhoff       595.245      27  1244.490     1260.925     1319.753
618  Dayhoff+I     594.408      28  1244.816     1262.662     1322.866
619  Dayhoff+G4    593.599      28  1243.197     1261.043     1321.247
620  Dayhoff+I+G4  594.197      29  1246.394     1265.727     1327.231
621  Dayhoff+R2    593.840      29  1245.681     1265.014     1326.518
622  Dayhoff+R3    593.486      31  1248.972     1271.518     1335.385
639  Dayhoff+F     584.441      46  1260.882     1320.115     1389.106
640  Dayhoff+F+I   583.553      47  1261.107     1323.773     1392.119
641  Dayhoff+F+G4  582.692      47  1259.383     1322.050     1390.395
642  Dayhoff+F+I+G4 583.305      48  1262.610     1328.864     1396.410
643  Dayhoff+F+R2  582.918      48  1261.836     1328.089     1395.635
644  Dayhoff+F+R3  582.509      50  1265.018     1338.931     1404.393
661  mtREV         648.738      27  1351.476     1367.910     1426.738
662  mtREV+I       644.447      28  1344.893     1362.739     1422.943
663  mtREV+G4      641.647      28  1339.293     1357.139     1417.343
664  mtREV+I+G4    642.050      29  1342.100     1361.433     1422.937
665  mtREV+R2      642.047      29  1342.095     1361.428     1422.932
666  mtREV+R3      637.910      31  1337.820     1360.365     1424.232
683  mtREV+F       601.119      46  1294.239     1353.471     1422.463
684  mtREV+F+I     598.848      47  1291.696     1354.363     1422.709
685  mtREV+F+G4    596.662      47  1287.324     1349.991     1418.336
686  mtREV+F+I+G4  597.233      48  1290.466     1356.720     1424.266
687  mtREV+F+R2    592.089      48  1280.178     1346.432     1413.978
688  mtREV+F+R3    591.512      50  1283.024     1356.937     1422.399
705  mtART         667.240      27  1388.480     1404.915     1463.742
706  mtART+I       658.673      28  1373.345     1391.191     1451.395
707  mtART+G4      655.387      28  1366.773     1384.619     1444.823
708  mtART+I+G4    655.470      29  1368.940     1388.273     1449.777
709  mtART+R2      658.094      29  1374.188     1393.521     1455.025
710  mtART+R3      653.970      31  1369.939     1392.485     1456.352
727  mtART+F       605.041      46  1302.082     1361.315     1430.307
728  mtART+F+I     601.283      47  1296.566     1359.233     1427.579
729  mtART+F+G4    597.624      47  1289.247     1351.914     1420.259
730  mtART+F+I+G4  598.052      48  1292.105     1358.358     1425.904
731  mtART+F+R2    593.934      48  1283.868     1350.122     1417.668
732  mtART+F+R3    592.974      50  1285.948     1359.861     1425.322
749  mtZOA         650.485      27  1354.971     1371.405     1430.233
750  mtZOA+I       644.978      28  1345.956     1363.802     1424.006
751  mtZOA+G4      643.304      28  1342.608     1360.454     1420.658
752  mtZOA+I+G4    643.410      29  1344.821     1364.154     1425.658
753  mtZOA+R2      644.466      29  1346.932     1366.266     1427.769
754  mtZOA+R3      641.414      31  1344.828     1367.373     1431.240
771  mtZOA+F       594.431      46  1280.861     1340.094     1409.086
772  mtZOA+F+I     592.113      47  1278.226     1340.893     1409.238
773  mtZOA+F+G4    590.351      47  1274.702     1337.368     1405.714
774  mtZOA+F+I+G4  590.910      48  1277.819     1344.073     1411.619
775  mtZOA+F+R2    590.827      48  1277.654     1343.907     1411.453
776  mtZOA+F+R3    586.982      50  1273.964     1347.877     1413.339
793  mtMet         642.628      27  1339.256     1355.691     1414.519
794  mtMet+I       637.162      28  1330.325     1348.171     1408.375
795  mtMet+G4      635.765      28  1327.529     1345.375     1405.579
796  mtMet+I+G4    635.843      29  1329.686     1349.020     1410.524
797  mtMet+R2      636.557      29  1331.115     1350.448     1411.952
798  mtMet+R3      636.104      31  1334.207     1356.753     1420.619
815  mtMet+F       594.660      46  1281.320     1340.553     1409.545
816  mtMet+F+I     591.575      47  1277.149     1339.816     1408.161
817  mtMet+F+G4    590.710      47  1275.420     1338.086     1406.432
818  mtMet+F+I+G4  590.972      48  1277.944     1344.197     1411.743
819  mtMet+F+R2    591.100      48  1278.200     1344.454     1412.000
820  mtMet+F+R3    590.818      50  1281.636     1355.549     1421.010
837  mtVer         646.498      27  1346.997     1363.431     1422.259
838  mtVer+I       637.465      28  1330.931     1348.777     1408.980
839  mtVer+G4      636.896      28  1329.792     1347.638     1407.842
840  mtVer+I+G4    636.477      29  1330.954     1350.288     1411.791
841  mtVer+R2      638.622      29  1335.245     1354.578     1416.082
842  mtVer+R3      637.046      31  1336.091     1358.637     1422.503
859  mtVer+F       601.886      46  1295.772     1355.004     1423.996
860  mtVer+F+I     595.537      47  1285.075     1347.742     1416.087
861  mtVer+F+G4    595.054      47  1284.108     1346.775     1415.120
862  mtVer+F+I+G4  594.873      48  1285.747     1352.001     1419.547
863  mtVer+F+R2    596.084      48  1288.168     1354.422     1421.968
864  mtVer+F+R3    595.378      50  1290.756     1364.669     1430.131
881  mtInv         648.191      27  1350.381     1366.816     1425.643
882  mtInv+I       644.611      28  1345.222     1363.069     1423.272
883  mtInv+G4      643.546      28  1343.091     1360.937     1421.141
884  mtInv+I+G4    643.759      29  1345.517     1364.850     1426.354
885  mtInv+R2      644.069      29  1346.138     1365.471     1426.975
886  mtInv+R3      643.682      31  1349.365     1371.910     1435.777
903  mtInv+F       589.062      46  1270.124     1329.357     1398.349
904  mtInv+F+I     587.845      47  1269.689     1332.356     1400.701
905  mtInv+F+G4    586.853      47  1267.705     1330.372     1398.717
906  mtInv+F+I+G4  587.430      48  1270.859     1337.113     1404.659
907  mtInv+F+R2    587.092      48  1270.184     1336.437     1403.983
908  mtInv+F+R3    586.784      50  1273.568     1347.481     1412.942
925  mtMAM         664.802      27  1383.604     1400.039     1458.866
926  mtMAM+I       651.466      28  1358.933     1376.779     1436.982
927  mtMAM+G4      647.643      28  1351.285     1369.131     1429.335
928  mtMAM+I+G4    647.344      29  1352.688     1372.022     1433.526
929  mtMAM+R2      652.429      29  1362.859     1382.192     1443.696
930  mtMAM+R3      649.446      31  1360.893     1383.438     1447.305
947  mtMAM+F       614.853      46  1321.705     1380.938     1449.930
948  mtMAM+F+I     606.303      47  1306.606     1369.273     1437.618
949  mtMAM+F+G4    601.910      47  1297.821     1360.488     1428.833
950  mtMAM+F+I+G4  602.016      48  1300.032     1366.286     1433.832
951  mtMAM+F+R2    605.191      48  1306.382     1372.635     1440.181
952  mtMAM+F+R3    601.335      50  1302.669     1376.582     1442.044
WARNING: Normalizing state frequencies so that sum of them equals to 1
969  FLAVI         606.272      27  1266.543     1282.978     1341.806
WARNING: Normalizing state frequencies so that sum of them equals to 1
970  FLAVI+I       602.182      28  1260.365     1278.211     1338.415
WARNING: Normalizing state frequencies so that sum of them equals to 1
971  FLAVI+G4      600.725      28  1257.450     1275.296     1335.500
WARNING: Normalizing state frequencies so that sum of them equals to 1
972  FLAVI+I+G4    601.017      29  1260.033     1279.367     1340.870
WARNING: Normalizing state frequencies so that sum of them equals to 1
973  FLAVI+R2      601.249      29  1260.498     1279.831     1341.335
WARNING: Normalizing state frequencies so that sum of them equals to 1
974  FLAVI+R3      600.835      31  1263.669     1286.215     1350.082
WARNING: Normalizing state frequencies so that sum of them equals to 1
991  FLAVI+F       594.683      46  1281.366     1340.599     1409.591
WARNING: Normalizing state frequencies so that sum of them equals to 1
992  FLAVI+F+I     590.831      47  1275.661     1338.328     1406.673
WARNING: Normalizing state frequencies so that sum of them equals to 1
993  FLAVI+F+G4    589.185      47  1272.369     1335.036     1403.381
WARNING: Normalizing state frequencies so that sum of them equals to 1
994  FLAVI+F+I+G4  589.612      48  1275.224     1341.477     1409.024
WARNING: Normalizing state frequencies so that sum of them equals to 1
995  FLAVI+F+R2    589.669      48  1275.337     1341.591     1409.137
WARNING: Normalizing state frequencies so that sum of them equals to 1
996  FLAVI+F+R3    589.297      50  1278.595     1352.508     1417.969
1013  HIVb          595.798      27  1245.596     1262.031     1320.859
1014  HIVb+I        594.626      28  1245.253     1263.099     1323.303
1015  HIVb+G4       593.546      28  1243.091     1260.937     1321.141
1016  HIVb+I+G4     594.133      29  1246.266     1265.600     1327.104
1017  HIVb+R2       593.745      29  1245.489     1264.822     1326.326
1018  HIVb+R3       593.428      31  1248.857     1271.402     1335.269
1035  HIVb+F        582.455      46  1256.910     1316.142     1385.134
1036  HIVb+F+I      581.258      47  1256.517     1319.184     1387.529
1037  HIVb+F+G4     580.244      47  1254.487     1317.154     1385.499
1038  HIVb+F+I+G4   580.835      48  1257.670     1323.923     1391.469
1039  HIVb+F+R2     580.340      48  1256.680     1322.933     1390.479
1040  HIVb+F+R3     580.197      50  1260.394     1334.307     1399.769
1057  HIVw          612.642      27  1279.285     1295.720     1354.547
1058  HIVw+I        609.692      28  1275.385     1293.231     1353.435
1059  HIVw+G4       608.308      28  1272.616     1290.462     1350.666
1060  HIVw+I+G4     608.728      29  1275.457     1294.790     1356.294
1061  HIVw+R2       608.382      29  1274.764     1294.097     1355.601
1062  HIVw+R3       608.227      31  1278.455     1301.000     1364.867
1079  HIVw+F        597.230      46  1286.460     1345.693     1414.685
1080  HIVw+F+I      593.960      47  1281.920     1344.587     1412.932
1081  HIVw+F+G4     592.954      47  1279.909     1342.576     1410.921
1082  HIVw+F+I+G4   593.291      48  1282.581     1348.835     1416.381
1083  HIVw+F+R2     593.011      48  1282.022     1348.276     1415.822
1084  HIVw+F+R3     593.007      50  1286.013     1359.926     1425.388
1101  FLU           600.860      27  1255.719     1272.154     1330.981
1102  FLU+I         598.982      28  1253.963     1271.810     1332.013
1103  FLU+G4        597.996      28  1251.992     1269.838     1330.042
1104  FLU+I+G4      598.511      29  1255.022     1274.355     1335.859
1105  FLU+R2        598.258      29  1254.516     1273.849     1335.353
1106  FLU+R3        597.994      31  1257.988     1280.534     1344.400
1123  FLU+F         592.694      46  1277.388     1336.621     1405.613
1124  FLU+F+I       590.566      47  1275.133     1337.799     1406.145
1125  FLU+F+G4      589.061      47  1272.121     1334.788     1403.133
1126  FLU+F+I+G4    589.628      48  1275.255     1341.509     1409.055
1127  FLU+F+R2      589.286      48  1274.572     1340.825     1408.371
1128  FLU+F+R3      589.032      50  1278.064     1351.977     1417.438
1145  rtREV         591.783      27  1237.565     1254.000     1312.828
1146  rtREV+I       591.231      28  1238.463     1256.309     1316.513
1147  rtREV+G4      590.318      28  1236.636     1254.483     1314.686
1148  rtREV+I+G4    590.982      29  1239.964     1259.297     1320.801
1149  rtREV+R2      590.559      29  1239.118     1258.451     1319.955
1150  rtREV+R3      586.858      31  1235.717     1258.262     1322.129
1167  rtREV+F       584.987      46  1261.974     1321.207     1390.199
1168  rtREV+F+I     584.542      47  1263.084     1325.750     1394.096
1169  rtREV+F+G4    583.552      47  1261.104     1323.771     1392.116
1170  rtREV+F+I+G4  584.294      48  1264.588     1330.841     1398.388
1171  rtREV+F+R2    583.760      48  1263.521     1329.774     1397.320
1172  rtREV+F+R3    580.317      50  1260.633     1334.546     1400.008
1189  cpREV         600.064      27  1254.127     1270.562     1329.389
1190  cpREV+I       599.698      28  1255.397     1273.243     1333.446
1191  cpREV+G4      598.864      28  1253.728     1271.574     1331.778
1192  cpREV+I+G4    599.578      29  1257.157     1276.490     1337.994
1193  cpREV+R2      599.045      29  1256.091     1275.424     1336.928
1194  cpREV+R3      598.475      31  1258.950     1281.495     1345.362
1211  cpREV+F       585.536      46  1263.071     1322.304     1391.296
1212  cpREV+F+I     585.112      47  1264.225     1326.892     1395.237
1213  cpREV+F+G4    584.340      47  1262.681     1325.348     1393.693
1214  cpREV+F+I+G4  584.977      48  1265.954     1332.208     1399.754
1215  cpREV+F+R2    584.471      48  1264.942     1331.195     1398.742
1216  cpREV+F+R3    584.126      50  1268.252     1342.165     1407.627
Akaike Information Criterion:           Q.insect+G4
Corrected Akaike Information Criterion: Q.insect+G4
Bayesian Information Criterion:         Q.insect
Best-fit model: Q.insect chosen according to BIC

All model information printed to ./orthofinder/Results_Jul07/WorkingDirectory/Alignments_ids/OG0000043.model.gz
CPU time for ModelFinder: 7.854 seconds (0h:0m:7s)
Wall-clock time for ModelFinder: 21.440 seconds (0h:0m:21s)
WARNING: States(s) W rarely appear in alignment and may cause numerical problems

NOTE: 0 MB RAM (0 GB) is required!
Estimate model parameters (epsilon = 0.100)
1. Initial log-likelihood: -589.296
Optimal log-likelihood: -589.296
Parameters optimization took 1 rounds (0.001 sec)
Wrote distance file to... 
Computing ML distances based on estimated model parameters...
Calculating distance matrix: done in 0.00371408 secs using 99.89% CPU
Computing ML distances took 0.003732 sec (of wall-clock time) 0.003729 sec (of CPU time)
Setting up auxiliary I and S matrices: done in 3.19481e-05 secs using 100.2% CPU
Constructing RapidNJ tree: done in 4.19617e-05 secs using 100.1% CPU
Computing RapidNJ tree took 0.000108 sec (of wall-clock time) 0.000107 sec (of CPU time)
Log-likelihood of RapidNJ tree: -589.659
--------------------------------------------------------------------
|             INITIALIZING CANDIDATE TREE SET                      |
--------------------------------------------------------------------
Generating 98 parsimony trees... 0.040 second
Computing log-likelihood of 98 initial trees ... 0.120 seconds
Current best score: -580.528

Do NNI search on 20 best initial trees
Optimizing NNI: done in 0.017863 secs using 42.72% CPU
Estimate model parameters (epsilon = 0.100)
BETTER TREE FOUND at iteration 1: -580.528
Optimizing NNI: done in 0.00197697 secs using 133.1% CPU
Optimizing NNI: done in 0.00201988 secs using 115.8% CPU
Optimizing NNI: done in 0.0102391 secs using 27.24% CPU
Optimizing NNI: done in 0.00202703 secs using 198.8% CPU
Optimizing NNI: done in 0.00199509 secs using 168.8% CPU
Optimizing NNI: done in 0.001966 secs using 100% CPU
Optimizing NNI: done in 0.00197911 secs using 99.94% CPU
Optimizing NNI: done in 0.00199699 secs using 100.1% CPU
Optimizing NNI: done in 0.0122559 secs using 17.13% CPU
Iteration 10 / LogL: -580.528 / Time: 0h:0m:0s
Optimizing NNI: done in 0.0107009 secs using 18.87% CPU
Optimizing NNI: done in 0.002033 secs using 100% CPU
Optimizing NNI: done in 0.00202084 secs using 99.96% CPU
Optimizing NNI: done in 0.00204206 secs using 100% CPU
Optimizing NNI: done in 0.01039 secs using 19.98% CPU
Optimizing NNI: done in 0.00204897 secs using 100% CPU
Optimizing NNI: done in 0.005656 secs using 36.67% CPU
Optimizing NNI: done in 0.00205302 secs using 100% CPU
Optimizing NNI: done in 0.0020771 secs using 100% CPU
Optimizing NNI: done in 0.00201702 secs using 100% CPU
Iteration 20 / LogL: -580.528 / Time: 0h:0m:0s
Finish initializing candidate tree set (14)
Current best tree score: -580.528 / CPU time: 0.279
Number of iterations: 20
--------------------------------------------------------------------
|               OPTIMIZING CANDIDATE TREE SET                      |
--------------------------------------------------------------------
Optimizing NNI: done in 0.00590801 secs using 100% CPU
Optimizing NNI: done in 0.00405598 secs using 100% CPU
Optimizing NNI: done in 0.011174 secs using 36.61% CPU
UPDATE BEST LOG-LIKELIHOOD: -580.528
Optimizing NNI: done in 0.00423503 secs using 100% CPU
Optimizing NNI: done in 0.006706 secs using 90.37% CPU
Optimizing NNI: done in 0.00604105 secs using 99.98% CPU
Optimizing NNI: done in 0.0130069 secs using 32.7% CPU
Optimizing NNI: done in 0.016288 secs using 38.4% CPU
Optimizing NNI: done in 0.00614285 secs using 99.99% CPU
Optimizing NNI: done in 0.0229862 secs using 26.76% CPU
Iteration 30 / LogL: -589.718 / Time: 0h:0m:0s (0h:0m:1s left)
Optimizing NNI: done in 0.00402808 secs using 100% CPU
Optimizing NNI: done in 0.0218301 secs using 44.74% CPU
Optimizing NNI: done in 0.0236981 secs using 33.63% CPU
Optimizing NNI: done in 0.00849009 secs using 99.99% CPU
Optimizing NNI: done in 0.0220101 secs using 30.68% CPU
Optimizing NNI: done in 0.00377893 secs using 99.98% CPU
Optimizing NNI: done in 0.0179939 secs using 46.55% CPU
Optimizing NNI: done in 0.0260801 secs using 38.7% CPU
Optimizing NNI: done in 0.00426483 secs using 100% CPU
Optimizing NNI: done in 0.00349593 secs using 100% CPU
Iteration 40 / LogL: -580.528 / Time: 0h:0m:0s (0h:0m:0s left)
Optimizing NNI: done in 0.00411201 secs using 100% CPU
Optimizing NNI: done in 0.014276 secs using 28.29% CPU
Optimizing NNI: done in 0.00639701 secs using 99.98% CPU
Optimizing NNI: done in 0.00422406 secs using 100% CPU
Optimizing NNI: done in 0.041929 secs using 14.11% CPU
Optimizing NNI: done in 0.00202417 secs using 99.94% CPU
Optimizing NNI: done in 0.00415111 secs using 100% CPU
UPDATE BEST LOG-LIKELIHOOD: -580.528
Optimizing NNI: done in 0.0399621 secs using 33.57% CPU
Optimizing NNI: done in 0.005409 secs using 100% CPU
Optimizing NNI: done in 0.0244 secs using 17.68% CPU
Iteration 50 / LogL: -580.528 / Time: 0h:0m:0s (0h:0m:0s left)
Optimizing NNI: done in 0.00605798 secs using 100% CPU
Optimizing NNI: done in 0.0320449 secs using 25.09% CPU
Optimizing NNI: done in 0.026046 secs using 23.23% CPU
Optimizing NNI: done in 0.00574112 secs using 99.98% CPU
Optimizing NNI: done in 0.0222311 secs using 28.06% CPU
Optimizing NNI: done in 0.00421906 secs using 100% CPU
Optimizing NNI: done in 0.0386171 secs using 15.96% CPU
Optimizing NNI: done in 0.00978589 secs using 99.83% CPU
Optimizing NNI: done in 0.0319121 secs using 24.79% CPU
Optimizing NNI: done in 0.0276909 secs using 22.34% CPU
Iteration 60 / LogL: -589.205 / Time: 0h:0m:1s (0h:0m:0s left)
Optimizing NNI: done in 0.00607109 secs using 100% CPU
Optimizing NNI: done in 0.048296 secs using 25.97% CPU
Optimizing NNI: done in 0.00788808 secs using 100% CPU
Optimizing NNI: done in 0.030241 secs using 20.64% CPU
Optimizing NNI: done in 0.00723386 secs using 100% CPU
Optimizing NNI: done in 0.00634289 secs using 99.99% CPU
Optimizing NNI: done in 0.00423098 secs using 100% CPU
Optimizing NNI: done in 0.0242369 secs using 17.47% CPU
Optimizing NNI: done in 0.00416207 secs using 100% CPU
Optimizing NNI: done in 0.0433309 secs using 26.89% CPU
Iteration 70 / LogL: -580.529 / Time: 0h:0m:1s (0h:0m:0s left)
Optimizing NNI: done in 0.00608897 secs using 99.98% CPU
Optimizing NNI: done in 0.00414205 secs using 100% CPU
Optimizing NNI: done in 0.028019 secs using 14.37% CPU
Optimizing NNI: done in 0.00819802 secs using 100% CPU
Optimizing NNI: done in 0.028162 secs using 14.78% CPU
Optimizing NNI: done in 0.00569797 secs using 100% CPU
Optimizing NNI: done in 0.0307279 secs using 34.9% CPU
Optimizing NNI: done in 0.0302219 secs using 20.59% CPU
Optimizing NNI: done in 0.00789094 secs using 100% CPU
Optimizing NNI: done in 0.0283139 secs using 15.23% CPU
Iteration 80 / LogL: -588.318 / Time: 0h:0m:1s (0h:0m:0s left)
Optimizing NNI: done in 0.00419307 secs using 100% CPU
Optimizing NNI: done in 0.0320899 secs using 12.75% CPU
Optimizing NNI: done in 0.00612593 secs using 99.98% CPU
Optimizing NNI: done in 0.00413799 secs using 100% CPU
Optimizing NNI: done in 0.0201502 secs using 20.6% CPU
Optimizing NNI: done in 0.00617981 secs using 99.99% CPU
Optimizing NNI: done in 0.025461 secs using 37.18% CPU
Optimizing NNI: done in 0.00509906 secs using 99.98% CPU
Optimizing NNI: done in 0.00788808 secs using 100% CPU
Optimizing NNI: done in 0.0241671 secs using 17.25% CPU
Iteration 90 / LogL: -580.528 / Time: 0h:0m:1s (0h:0m:0s left)
Optimizing NNI: done in 0.00421 secs using 99.98% CPU
Optimizing NNI: done in 0.026072 secs using 38.64% CPU
Optimizing NNI: done in 0.00394511 secs using 100% CPU
Optimizing NNI: done in 0.00690985 secs using 99.99% CPU
Optimizing NNI: done in 0.0191209 secs using 16.33% CPU
Optimizing NNI: done in 0.00776196 secs using 99.99% CPU
Optimizing NNI: done in 0.00404406 secs using 100% CPU
Optimizing NNI: done in 0.0187998 secs using 58.31% CPU
Optimizing NNI: done in 0.029881 secs using 19.68% CPU
Optimizing NNI: done in 0.0339682 secs using 29.33% CPU
Iteration 100 / LogL: -580.529 / Time: 0h:0m:1s (0h:0m:0s left)
Optimizing NNI: done in 0.0240619 secs using 33.52% CPU
Optimizing NNI: done in 0.00803685 secs using 99.99% CPU
TREE SEARCH COMPLETED AFTER 102 ITERATIONS / Time: 0h:0m:1s

--------------------------------------------------------------------
|                    FINALIZING TREE SEARCH                        |
--------------------------------------------------------------------
Performs final model parameters optimization
Estimate model parameters (epsilon = 0.010)
1. Initial log-likelihood: -580.528
Optimal log-likelihood: -580.528
Parameters optimization took 1 rounds (0.001 sec)
BEST SCORE FOUND : -580.528
Total tree length: 1.218

Total number of iterations: 102
CPU time used for tree search: 0.721 sec (0h:0m:0s)
Wall-clock time used for tree search: 1.659 sec (0h:0m:1s)
Total CPU time used: 0.755 sec (0h:0m:0s)
Total wall-clock time used: 1.733 sec (0h:0m:1s)

Analysis results written to: 
  IQ-TREE report:                ./orthofinder/Results_Jul07/WorkingDirectory/Alignments_ids/OG0000043.iqtree
  Maximum-likelihood tree:       ./orthofinder/Results_Jul07/WorkingDirectory/Alignments_ids/OG0000043.treefile
  Likelihood distances:          ./orthofinder/Results_Jul07/WorkingDirectory/Alignments_ids/OG0000043.mldist
  Screen log file:               ./orthofinder/Results_Jul07/WorkingDirectory/Alignments_ids/OG0000043.log

Date and Time: Sun Jul  7 17:49:45 2024
