IQ-TREE multicore version 2.2.0.5 COVID-edition for Linux 64-bit built Sep 26 2022
Developed by Bui Quang Minh, James Barbetti, Nguyen Lam Tung,
Olga Chernomor, Heiko Schmidt, Dominik Schrempf, Michael Woodhams, Ly Trong Nhan.

Host:    c090 (AVX2, FMA3, 503 GB RAM)
Command: iqtree -s ./orthofinder/Results_Jul07/WorkingDirectory/Alignments_ids/OG0000171.fa -pre ./orthofinder/Results_Jul07/WorkingDirectory/Alignments_ids/OG0000171
Seed:    285590 (Using SPRNG - Scalable Parallel Random Number Generator)
Time:    Sun Jul  7 17:55:15 2024
Kernel:  AVX+FMA - 1 threads (24 CPU cores detected)

HINT: Use -nt option to specify number of threads because your CPU has 24 cores!
HINT: -nt AUTO will automatically determine the best number of threads to use.

Reading alignment file ./orthofinder/Results_Jul07/WorkingDirectory/Alignments_ids/OG0000171.fa ... Fasta format detected
Reading fasta file: done in 0.000114918 secs using 99.2% CPU
Alignment most likely contains protein sequences
Constructing alignment: done in 0.000403881 secs using 100% CPU
Alignment has 6 sequences with 652 columns, 561 distinct patterns
153 parsimony-informative, 296 singleton sites, 203 constant sites
        Gap/Ambiguity  Composition  p-value
Analyzing sequences: done in 7.86781e-06 secs using 101.7% CPU
   1  0_95     19.94%    passed     85.01%
   2  8_176    25.15%    passed     45.64%
   3  9_44     26.53%    passed     81.94%
   4  11_120   43.87%    passed     90.68%
   5  14_111   51.99%    failed      0.00%
   6  15_104   55.67%    failed      1.58%
WARNING: 2 sequences contain more than 50% gaps/ambiguity
****  TOTAL    37.19%  2 sequences failed composition chi2 test (p-value<5%; df=19)
Checking for duplicate sequences: done in 1.28746e-05 secs using 101% CPU


Create initial parsimony tree by phylogenetic likelihood library (PLL)... 0.000 seconds
Perform fast likelihood tree search using LG+I+G model...
Estimate model parameters (epsilon = 5.000)
Perform nearest neighbor interchange...
Optimizing NNI: done in 0.00837779 secs using 100% CPU
Estimate model parameters (epsilon = 1.000)
1. Initial log-likelihood: -5383.853
Optimal log-likelihood: -5383.064
Proportion of invariable sites: 0.031
Gamma shape alpha: 2.577
Parameters optimization took 1 rounds (0.033 sec)
Time for fast ML tree search: 0.182 seconds

NOTE: ModelFinder requires 5 MB RAM!
ModelFinder will test up to 1232 protein models (sample size: 652) ...
 No. Model         -LnL         df  AIC          AICc         BIC
  1  LG            5405.453     9   10828.905    10829.186    10869.226
  2  LG+I          5398.190     10  10816.380    10816.723    10861.180
  3  LG+G4         5381.537     10  10783.074    10783.417    10827.874
  4  LG+I+G4       5381.800     11  10785.600    10786.012    10834.880
  5  LG+R2         5381.692     11  10785.383    10785.796    10834.664
  6  LG+R3         5381.519     13  10789.038    10789.608    10847.278
 14  LG+I+R2       5381.429     12  10786.858    10787.347    10840.619
 15  LG+I+R3       5381.463     14  10790.926    10791.586    10853.647
 25  LG+F+G4       5311.939     29  10681.879    10684.676    10811.800
 26  LG+F+I+G4     5312.442     30  10684.884    10687.879    10819.285
 27  LG+F+R2       5311.872     30  10683.745    10686.740    10818.146
 47  WAG+G4        5387.391     10  10794.781    10795.124    10839.582
 48  WAG+I+G4      5387.899     11  10797.798    10798.210    10847.078
 49  WAG+R2        5387.547     11  10797.094    10797.507    10846.375
 69  WAG+F+G4      5303.688     29  10665.376    10668.173    10795.297
 70  WAG+F+I+G4    5304.189     30  10668.377    10671.372    10802.778
 71  WAG+F+R2      5303.754     30  10667.507    10670.502    10801.909
 91  JTT+G4        5381.330     10  10782.660    10783.003    10827.460
 92  JTT+I+G4      5381.773     11  10785.546    10785.959    10834.827
 93  JTT+R2        5381.629     11  10785.259    10785.671    10834.539
113  JTT+F+G4      5317.708     29  10693.415    10696.213    10823.336
114  JTT+F+I+G4    5318.229     30  10696.459    10699.454    10830.860
115  JTT+F+R2      5317.966     30  10695.932    10698.927    10830.334
WARNING: Normalizing state frequencies so that sum of them equals to 1
135  Q.pfam+G4     5384.340     10  10788.681    10789.024    10833.481
WARNING: Normalizing state frequencies so that sum of them equals to 1
136  Q.pfam+I+G4   5384.346     11  10790.691    10791.104    10839.972
WARNING: Normalizing state frequencies so that sum of them equals to 1
137  Q.pfam+R2     5384.578     11  10791.157    10791.569    10840.437
WARNING: Normalizing state frequencies so that sum of them equals to 1
157  Q.pfam+F+G4   5308.484     29  10674.967    10677.765    10804.889
WARNING: Normalizing state frequencies so that sum of them equals to 1
158  Q.pfam+F+I+G4 5308.872     30  10677.744    10680.740    10812.146
WARNING: Normalizing state frequencies so that sum of them equals to 1
159  Q.pfam+F+R2   5308.367     30  10676.734    10679.729    10811.135
WARNING: Normalizing state frequencies so that sum of them equals to 1
179  Q.bird+G4     5453.373     10  10926.747    10927.090    10971.547
WARNING: Normalizing state frequencies so that sum of them equals to 1
180  Q.bird+I+G4   5452.740     11  10927.480    10927.892    10976.760
WARNING: Normalizing state frequencies so that sum of them equals to 1
181  Q.bird+R2     5456.085     11  10934.171    10934.583    10983.451
WARNING: Normalizing state frequencies so that sum of them equals to 1
201  Q.bird+F+G4   5363.283     29  10784.566    10787.363    10914.487
WARNING: Normalizing state frequencies so that sum of them equals to 1
202  Q.bird+F+I+G4 5363.044     30  10786.088    10789.083    10920.489
WARNING: Normalizing state frequencies so that sum of them equals to 1
203  Q.bird+F+R2   5365.197     30  10790.394    10793.389    10924.795
WARNING: Normalizing state frequencies so that sum of them equals to 1
223  Q.mammal+G4   5445.612     10  10911.223    10911.566    10956.023
WARNING: Normalizing state frequencies so that sum of them equals to 1
224  Q.mammal+I+G4 5444.988     11  10911.975    10912.388    10961.256
WARNING: Normalizing state frequencies so that sum of them equals to 1
225  Q.mammal+R2   5447.207     11  10916.415    10916.827    10965.695
WARNING: Normalizing state frequencies so that sum of them equals to 1
245  Q.mammal+F+G4 5344.964     29  10747.928    10750.725    10877.849
WARNING: Normalizing state frequencies so that sum of them equals to 1
246  Q.mammal+F+I+G4 5344.789     30  10749.578    10752.573    10883.979
WARNING: Normalizing state frequencies so that sum of them equals to 1
247  Q.mammal+F+R2 5346.026     30  10752.052    10755.047    10886.453
267  Q.insect+G4   5409.884     10  10839.768    10840.112    10884.569
268  Q.insect+I+G4 5409.912     11  10841.824    10842.236    10891.104
269  Q.insect+R2   5410.348     11  10842.695    10843.108    10891.976
289  Q.insect+F+G4 5317.779     29  10693.558    10696.355    10823.479
290  Q.insect+F+I+G4 5318.213     30  10696.426    10699.421    10830.828
291  Q.insect+F+R2 5317.902     30  10695.803    10698.799    10830.205
WARNING: Normalizing state frequencies so that sum of them equals to 1
311  Q.plant+G4    5420.593     10  10861.186    10861.530    10905.987
WARNING: Normalizing state frequencies so that sum of them equals to 1
312  Q.plant+I+G4  5420.542     11  10863.084    10863.496    10912.364
WARNING: Normalizing state frequencies so that sum of them equals to 1
313  Q.plant+R2    5421.675     11  10865.350    10865.762    10914.630
WARNING: Normalizing state frequencies so that sum of them equals to 1
333  Q.plant+F+G4  5331.711     29  10721.422    10724.219    10851.343
WARNING: Normalizing state frequencies so that sum of them equals to 1
334  Q.plant+F+I+G4 5332.000     30  10724.000    10726.995    10858.401
WARNING: Normalizing state frequencies so that sum of them equals to 1
335  Q.plant+F+R2  5333.067     30  10726.133    10729.128    10860.534
WARNING: Normalizing state frequencies so that sum of them equals to 1
355  Q.yeast+G4    5400.667     10  10821.334    10821.677    10866.135
WARNING: Normalizing state frequencies so that sum of them equals to 1
356  Q.yeast+I+G4  5400.826     11  10823.651    10824.064    10872.932
WARNING: Normalizing state frequencies so that sum of them equals to 1
357  Q.yeast+R2    5401.117     11  10824.234    10824.647    10873.515
WARNING: Normalizing state frequencies so that sum of them equals to 1
377  Q.yeast+F+G4  5313.498     29  10684.997    10687.794    10814.918
WARNING: Normalizing state frequencies so that sum of them equals to 1
378  Q.yeast+F+I+G4 5314.000     30  10688.000    10690.995    10822.401
WARNING: Normalizing state frequencies so that sum of them equals to 1
379  Q.yeast+F+R2  5313.366     30  10686.731    10689.726    10821.133
399  JTTDCMut+G4   5383.512     10  10787.024    10787.368    10831.825
400  JTTDCMut+I+G4 5383.976     11  10789.952    10790.365    10839.233
401  JTTDCMut+R2   5383.844     11  10789.687    10790.100    10838.968
421  JTTDCMut+F+G4 5318.696     29  10695.392    10698.190    10825.314
422  JTTDCMut+F+I+G4 5319.226     30  10698.451    10701.447    10832.853
423  JTTDCMut+F+R2 5318.994     30  10697.988    10700.983    10832.390
443  DCMut+G4      5464.834     10  10949.668    10950.011    10994.468
444  DCMut+I+G4    5465.393     11  10952.786    10953.199    11002.067
445  DCMut+R2      5465.706     11  10953.412    10953.824    11002.692
465  DCMut+F+G4    5335.565     29  10729.130    10731.927    10859.051
466  DCMut+F+I+G4  5336.106     30  10732.211    10735.206    10866.612
467  DCMut+F+R2    5336.594     30  10733.188    10736.183    10867.589
487  VT+G4         5361.481     10  10742.961    10743.305    10787.762
488  VT+I+G4       5361.906     11  10745.812    10746.224    10795.092
489  VT+R2         5361.494     11  10744.989    10745.401    10794.269
509  VT+F+G4       5303.022     29  10664.043    10666.841    10793.964
510  VT+F+I+G4     5303.581     30  10667.162    10670.158    10801.564
511  VT+F+R2       5302.974     30  10665.948    10668.943    10800.349
531  PMB+G4        5390.403     10  10800.807    10801.150    10845.607
532  PMB+I+G4      5390.456     11  10802.912    10803.325    10852.193
533  PMB+R2        5390.439     11  10802.878    10803.290    10852.158
553  PMB+F+G4      5311.080     29  10680.160    10682.957    10810.081
554  PMB+F+I+G4    5311.541     30  10683.082    10686.077    10817.483
555  PMB+F+R2      5311.021     30  10682.042    10685.037    10816.444
575  Blosum62+G4   5388.426     10  10796.851    10797.194    10841.651
576  Blosum62+I+G4 5388.399     11  10798.797    10799.210    10848.078
577  Blosum62+R2   5388.448     11  10798.896    10799.309    10848.177
597  Blosum62+F+G4 5312.602     29  10683.205    10686.002    10813.126
598  Blosum62+F+I+G4 5313.023     30  10686.045    10689.040    10820.447
599  Blosum62+F+R2 5312.532     30  10685.063    10688.058    10819.464
619  Dayhoff+G4    5464.934     10  10949.869    10950.212    10994.669
620  Dayhoff+I+G4  5465.494     11  10952.987    10953.400    11002.268
621  Dayhoff+R2    5465.809     11  10953.619    10954.031    11002.899
641  Dayhoff+F+G4  5335.653     29  10729.306    10732.104    10859.228
642  Dayhoff+F+I+G4 5336.192     30  10732.385    10735.380    10866.786
643  Dayhoff+F+R2  5336.691     30  10733.383    10736.378    10867.784
663  mtREV+G4      5658.390     10  11336.779    11337.122    11381.579
664  mtREV+I+G4    5657.574     11  11337.149    11337.561    11386.429
665  mtREV+R2      5660.141     11  11342.281    11342.694    11391.562
685  mtREV+F+G4    5370.713     29  10799.425    10802.223    10929.347
686  mtREV+F+I+G4  5371.145     30  10802.291    10805.286    10936.692
687  mtREV+F+R2    5372.386     30  10804.772    10807.767    10939.174
707  mtART+G4      5719.460     10  11458.919    11459.263    11503.720
708  mtART+I+G4    5718.255     11  11458.509    11458.922    11507.790
709  mtART+R2      5728.487     11  11478.974    11479.387    11528.255
729  mtART+F+G4    5401.796     29  10861.592    10864.390    10991.514
730  mtART+F+I+G4  5402.040     30  10864.080    10867.076    10998.482
731  mtART+F+R2    5406.749     30  10873.498    10876.493    11007.899
751  mtZOA+G4      5656.146     10  11332.292    11332.635    11377.093
752  mtZOA+I+G4    5655.026     11  11332.051    11332.464    11381.332
753  mtZOA+R2      5659.588     11  11341.176    11341.589    11390.457
773  mtZOA+F+G4    5361.116     29  10780.231    10783.029    10910.152
774  mtZOA+F+I+G4  5361.529     30  10783.058    10786.053    10917.459
775  mtZOA+F+R2    5363.648     30  10787.297    10790.292    10921.698
795  mtMet+G4      5655.676     10  11331.351    11331.694    11376.152
796  mtMet+I+G4    5654.771     11  11331.543    11331.955    11380.823
797  mtMet+R2      5656.560     11  11335.121    11335.533    11384.401
817  mtMet+F+G4    5357.812     29  10773.624    10776.421    10903.545
818  mtMet+F+I+G4  5358.259     30  10776.517    10779.512    10910.919
819  mtMet+F+R2    5359.071     30  10778.141    10781.137    10912.543
839  mtVer+G4      5707.284     10  11434.568    11434.911    11479.369
840  mtVer+I+G4    5705.956     11  11433.912    11434.325    11483.193
841  mtVer+R2      5707.798     11  11437.596    11438.008    11486.876
861  mtVer+F+G4    5394.656     29  10847.313    10850.110    10977.234
862  mtVer+F+I+G4  5395.113     30  10850.225    10853.221    10984.627
863  mtVer+F+R2    5398.283     30  10856.567    10859.562    10990.968
883  mtInv+G4      5699.625     10  11419.250    11419.593    11464.050
884  mtInv+I+G4    5699.187     11  11420.374    11420.786    11469.654
885  mtInv+R2      5699.945     11  11421.889    11422.302    11471.170
905  mtInv+F+G4    5339.443     29  10736.886    10739.684    10866.808
906  mtInv+F+I+G4  5339.925     30  10739.851    10742.846    10874.252
907  mtInv+F+R2    5339.842     30  10739.684    10742.679    10874.085
927  mtMAM+G4      5721.788     10  11463.576    11463.919    11508.376
928  mtMAM+I+G4    5719.829     11  11461.658    11462.070    11510.938
929  mtMAM+R2      5726.417     11  11474.834    11475.247    11524.115
949  mtMAM+F+G4    5422.311     29  10902.621    10905.419    11032.542
950  mtMAM+F+I+G4  5422.249     30  10904.498    10907.493    11038.899
951  mtMAM+F+R2    5427.541     30  10915.082    10918.078    11049.484
WARNING: Normalizing state frequencies so that sum of them equals to 1
971  FLAVI+G4      5526.716     10  11073.433    11073.776    11118.233
WARNING: Normalizing state frequencies so that sum of them equals to 1
972  FLAVI+I+G4    5525.923     11  11073.846    11074.258    11123.126
WARNING: Normalizing state frequencies so that sum of them equals to 1
973  FLAVI+R2      5531.932     11  11085.864    11086.277    11135.145
WARNING: Normalizing state frequencies so that sum of them equals to 1
993  FLAVI+F+G4    5401.874     29  10861.748    10864.545    10991.669
WARNING: Normalizing state frequencies so that sum of them equals to 1
994  FLAVI+F+I+G4  5402.097     30  10864.194    10867.190    10998.596
WARNING: Normalizing state frequencies so that sum of them equals to 1
995  FLAVI+F+R2    5407.297     30  10874.593    10877.588    11008.994
1015  HIVb+G4       5432.574     10  10885.147    10885.490    10929.947
1016  HIVb+I+G4     5432.877     11  10887.753    10888.166    10937.034
1017  HIVb+R2       5434.301     11  10890.602    10891.014    10939.882
1037  HIVb+F+G4     5358.453     29  10774.905    10777.703    10904.827
1038  HIVb+F+I+G4   5358.957     30  10777.914    10780.910    10912.316
1039  HIVb+F+R2     5361.470     30  10782.940    10785.936    10917.342
1059  HIVw+G4       5498.194     10  11016.388    11016.732    11061.189
1060  HIVw+I+G4     5498.437     11  11018.874    11019.287    11068.155
1061  HIVw+R2       5501.426     11  11024.852    11025.264    11074.132
1081  HIVw+F+G4     5420.256     29  10898.511    10901.309    11028.432
1082  HIVw+F+I+G4   5420.597     30  10901.194    10904.189    11035.595
1083  HIVw+F+R2     5423.798     30  10907.595    10910.590    11041.996
1103  FLU+G4        5391.255     10  10802.511    10802.854    10847.311
1104  FLU+I+G4      5390.572     11  10803.144    10803.557    10852.425
1105  FLU+R2        5393.287     11  10808.574    10808.987    10857.855
1125  FLU+F+G4      5349.757     29  10757.515    10760.312    10887.436
1126  FLU+F+I+G4    5349.550     30  10759.100    10762.095    10893.501
1127  FLU+F+R2      5351.942     30  10763.884    10766.879    10898.285
1147  rtREV+G4      5427.662     10  10875.323    10875.666    10920.123
1148  rtREV+I+G4    5427.559     11  10877.117    10877.530    10926.398
1149  rtREV+R2      5427.885     11  10877.769    10878.182    10927.050
1169  rtREV+F+G4    5327.477     29  10712.955    10715.752    10842.876
1170  rtREV+F+I+G4  5327.975     30  10715.950    10718.946    10850.352
1171  rtREV+F+R2    5327.256     30  10714.512    10717.507    10848.913
1191  cpREV+G4      5391.091     10  10802.181    10802.524    10846.982
1192  cpREV+I+G4    5391.637     11  10805.275    10805.687    10854.555
1193  cpREV+R2      5391.276     11  10804.552    10804.964    10853.832
1213  cpREV+F+G4    5327.649     29  10713.299    10716.096    10843.220
1214  cpREV+F+I+G4  5328.131     30  10716.262    10719.257    10850.663
1215  cpREV+F+R2    5328.209     30  10716.418    10719.414    10850.820
Akaike Information Criterion:           VT+F+G4
Corrected Akaike Information Criterion: VT+F+G4
Bayesian Information Criterion:         VT+G4
Best-fit model: VT+G4 chosen according to BIC

All model information printed to ./orthofinder/Results_Jul07/WorkingDirectory/Alignments_ids/OG0000171.model.gz
CPU time for ModelFinder: 10.142 seconds (0h:0m:10s)
Wall-clock time for ModelFinder: 23.984 seconds (0h:0m:23s)

NOTE: 2 MB RAM (0 GB) is required!
Estimate model parameters (epsilon = 0.100)
1. Initial log-likelihood: -5361.481
Optimal log-likelihood: -5361.474
Gamma shape alpha: 5.100
Parameters optimization took 1 rounds (0.009 sec)
Wrote distance file to... 
Computing ML distances based on estimated model parameters...
Calculating distance matrix: done in 0.00160909 secs using 99.5% CPU
Computing ML distances took 0.001636 sec (of wall-clock time) 0.001629 sec (of CPU time)
Setting up auxiliary I and S matrices: done in 2.09808e-05 secs using 100.1% CPU
Constructing RapidNJ tree: done in 1.28746e-05 secs using 101% CPU
Computing RapidNJ tree took 0.000057 sec (of wall-clock time) 0.000057 sec (of CPU time)
Log-likelihood of RapidNJ tree: -5361.473
--------------------------------------------------------------------
|             INITIALIZING CANDIDATE TREE SET                      |
--------------------------------------------------------------------
Generating 99 parsimony trees... 0.057 second
Computing log-likelihood of 10 initial trees ... 0.069 seconds
Current best score: -5361.473

Do NNI search on 11 best initial trees
Optimizing NNI: done in 0.0172541 secs using 100% CPU
Optimizing NNI: done in 0.0193291 secs using 99.84% CPU
Optimizing NNI: done in 0.0219381 secs using 88.9% CPU
Optimizing NNI: done in 0.0211191 secs using 90.61% CPU
Optimizing NNI: done in 0.0207 secs using 92.92% CPU
Optimizing NNI: done in 0.023387 secs using 83.13% CPU
Optimizing NNI: done in 0.0356231 secs using 84.54% CPU
Optimizing NNI: done in 0.034225 secs using 88.2% CPU
Optimizing NNI: done in 0.0235429 secs using 83.61% CPU
Optimizing NNI: done in 0.034795 secs using 87.05% CPU
Iteration 10 / LogL: -5362.575 / Time: 0h:0m:0s
Optimizing NNI: done in 0.033859 secs using 89.61% CPU
Finish initializing candidate tree set (11)
Current best tree score: -5361.473 / CPU time: 0.423
Number of iterations: 11
--------------------------------------------------------------------
|               OPTIMIZING CANDIDATE TREE SET                      |
--------------------------------------------------------------------
Optimizing NNI: done in 0.054539 secs using 55.47% CPU
Optimizing NNI: done in 0.038871 secs using 76.45% CPU
Optimizing NNI: done in 0.0644979 secs using 47.15% CPU
Optimizing NNI: done in 0.06201 secs using 48.41% CPU
Optimizing NNI: done in 0.062362 secs using 47.97% CPU
Optimizing NNI: done in 0.0615571 secs using 48.65% CPU
Optimizing NNI: done in 0.0633671 secs using 47.33% CPU
Optimizing NNI: done in 0.0350411 secs using 54.33% CPU
Optimizing NNI: done in 0.060673 secs using 49.42% CPU
Iteration 20 / LogL: -5363.090 / Time: 0h:0m:1s
Optimizing NNI: done in 0.064141 secs using 46.97% CPU
Optimizing NNI: done in 0.045357 secs using 42.24% CPU
Optimizing NNI: done in 0.090703 secs using 45.32% CPU
Optimizing NNI: done in 0.040096 secs using 47.96% CPU
UPDATE BEST LOG-LIKELIHOOD: -5361.473
Optimizing NNI: done in 0.0703239 secs using 42.61% CPU
Optimizing NNI: done in 0.0896142 secs using 45.89% CPU
Optimizing NNI: done in 0.0679102 secs using 60.41% CPU
Optimizing NNI: done in 0.03862 secs using 50.78% CPU
Optimizing NNI: done in 0.06617 secs using 45.2% CPU
Optimizing NNI: done in 0.060822 secs using 48.89% CPU
Iteration 30 / LogL: -5362.304 / Time: 0h:0m:1s (0h:0m:4s left)
Optimizing NNI: done in 0.0433929 secs using 43.56% CPU
Optimizing NNI: done in 0.0687249 secs using 42.79% CPU
Optimizing NNI: done in 0.061636 secs using 48.62% CPU
Optimizing NNI: done in 0.059303 secs using 50.53% CPU
Optimizing NNI: done in 0.0664752 secs using 45.08% CPU
Optimizing NNI: done in 0.065798 secs using 62.51% CPU
Optimizing NNI: done in 0.0345209 secs using 87.32% CPU
Optimizing NNI: done in 0.0245521 secs using 90.29% CPU
Optimizing NNI: done in 0.0478339 secs using 86.44% CPU
Optimizing NNI: done in 0.033366 secs using 92.01% CPU
Iteration 40 / LogL: -5362.278 / Time: 0h:0m:2s (0h:0m:3s left)
Optimizing NNI: done in 0.0333731 secs using 89.02% CPU
Optimizing NNI: done in 0.0341022 secs using 89.44% CPU
Optimizing NNI: done in 0.033478 secs using 58.92% CPU
Optimizing NNI: done in 0.0336349 secs using 56.99% CPU
Optimizing NNI: done in 0.047401 secs using 62.31% CPU
Optimizing NNI: done in 0.043581 secs using 69.22% CPU
Optimizing NNI: done in 0.038835 secs using 77.59% CPU
Optimizing NNI: done in 0.0505769 secs using 82.01% CPU
Optimizing NNI: done in 0.0289662 secs using 75.57% CPU
UPDATE BEST LOG-LIKELIHOOD: -5361.473
Optimizing NNI: done in 0.056767 secs using 72.97% CPU
Iteration 50 / LogL: -5362.716 / Time: 0h:0m:2s (0h:0m:2s left)
Optimizing NNI: done in 0.0338981 secs using 87.32% CPU
Optimizing NNI: done in 0.0370522 secs using 73.73% CPU
Optimizing NNI: done in 0.0204749 secs using 93.21% CPU
UPDATE BEST LOG-LIKELIHOOD: -5361.473
Optimizing NNI: done in 0.031955 secs using 93.55% CPU
Optimizing NNI: done in 0.0203521 secs using 92.71% CPU
UPDATE BEST LOG-LIKELIHOOD: -5361.473
Optimizing NNI: done in 0.0771489 secs using 52.76% CPU
Optimizing NNI: done in 0.0427241 secs using 50.82% CPU
UPDATE BEST LOG-LIKELIHOOD: -5361.473
Optimizing NNI: done in 0.0431728 secs using 70% CPU
Optimizing NNI: done in 0.060113 secs using 50.18% CPU
Optimizing NNI: done in 0.0321 secs using 61.47% CPU
Iteration 60 / LogL: -5363.410 / Time: 0h:0m:3s (0h:0m:2s left)
Optimizing NNI: done in 0.0749321 secs using 40.01% CPU
Optimizing NNI: done in 0.046164 secs using 47.17% CPU
UPDATE BEST LOG-LIKELIHOOD: -5361.473
Optimizing NNI: done in 0.0315561 secs using 61.98% CPU
Optimizing NNI: done in 0.0569069 secs using 54.04% CPU
Optimizing NNI: done in 0.0459681 secs using 41.98% CPU
Optimizing NNI: done in 0.0688479 secs using 44.33% CPU
Optimizing NNI: done in 0.063437 secs using 47.33% CPU
Optimizing NNI: done in 0.0515358 secs using 36.78% CPU
Optimizing NNI: done in 0.037766 secs using 56.88% CPU
UPDATE BEST LOG-LIKELIHOOD: -5361.473
Optimizing NNI: done in 0.0668559 secs using 61.33% CPU
Iteration 70 / LogL: -5362.703 / Time: 0h:0m:3s (0h:0m:1s left)
Optimizing NNI: done in 0.067378 secs using 44.88% CPU
Optimizing NNI: done in 0.071624 secs using 42.49% CPU
Optimizing NNI: done in 0.0376909 secs using 57.54% CPU
UPDATE BEST LOG-LIKELIHOOD: -5361.473
Optimizing NNI: done in 0.0310349 secs using 61.32% CPU
Optimizing NNI: done in 0.066272 secs using 44.61% CPU
Optimizing NNI: done in 0.0620892 secs using 48.45% CPU
Optimizing NNI: done in 0.0580158 secs using 51.69% CPU
Optimizing NNI: done in 0.069411 secs using 42.38% CPU
Optimizing NNI: done in 0.0579119 secs using 51.66% CPU
Optimizing NNI: done in 0.043582 secs using 67.99% CPU
Iteration 80 / LogL: -5362.458 / Time: 0h:0m:4s (0h:0m:1s left)
Optimizing NNI: done in 0.0833468 secs using 49.61% CPU
Optimizing NNI: done in 0.066309 secs using 44.8% CPU
Optimizing NNI: done in 0.034945 secs using 54.2% CPU
Optimizing NNI: done in 0.0536561 secs using 55.25% CPU
Optimizing NNI: done in 0.0619941 secs using 48.37% CPU
Optimizing NNI: done in 0.093576 secs using 39.84% CPU
Optimizing NNI: done in 0.0557799 secs using 54.32% CPU
Optimizing NNI: done in 0.036114 secs using 53.46% CPU
Optimizing NNI: done in 0.0282979 secs using 67.93% CPU
UPDATE BEST LOG-LIKELIHOOD: -5361.473
Optimizing NNI: done in 0.0779049 secs using 38.51% CPU
Iteration 90 / LogL: -5363.090 / Time: 0h:0m:4s (0h:0m:0s left)
Optimizing NNI: done in 0.088295 secs using 46.55% CPU
Optimizing NNI: done in 0.0632861 secs using 48.18% CPU
Optimizing NNI: done in 0.02215 secs using 99.95% CPU
Optimizing NNI: done in 0.032052 secs using 92.46% CPU
Optimizing NNI: done in 0.0210199 secs using 93.3% CPU
Optimizing NNI: done in 0.043793 secs using 70.32% CPU
Optimizing NNI: done in 0.0218658 secs using 90.36% CPU
Optimizing NNI: done in 0.0347972 secs using 88.53% CPU
Optimizing NNI: done in 0.034281 secs using 88.07% CPU
Optimizing NNI: done in 0.0250502 secs using 88.23% CPU
Iteration 100 / LogL: -5361.888 / Time: 0h:0m:5s (0h:0m:0s left)
Optimizing NNI: done in 0.0334799 secs using 89.82% CPU
TREE SEARCH COMPLETED AFTER 101 ITERATIONS / Time: 0h:0m:5s

--------------------------------------------------------------------
|                    FINALIZING TREE SEARCH                        |
--------------------------------------------------------------------
Performs final model parameters optimization
Estimate model parameters (epsilon = 0.010)
1. Initial log-likelihood: -5361.473
Optimal log-likelihood: -5361.472
Gamma shape alpha: 5.145
Parameters optimization took 1 rounds (0.009 sec)
BEST SCORE FOUND : -5361.472
Total tree length: 4.493

Total number of iterations: 101
CPU time used for tree search: 2.988 sec (0h:0m:2s)
Wall-clock time used for tree search: 5.185 sec (0h:0m:5s)
Total CPU time used: 3.076 sec (0h:0m:3s)
Total wall-clock time used: 5.316 sec (0h:0m:5s)

Analysis results written to: 
  IQ-TREE report:                ./orthofinder/Results_Jul07/WorkingDirectory/Alignments_ids/OG0000171.iqtree
  Maximum-likelihood tree:       ./orthofinder/Results_Jul07/WorkingDirectory/Alignments_ids/OG0000171.treefile
  Likelihood distances:          ./orthofinder/Results_Jul07/WorkingDirectory/Alignments_ids/OG0000171.mldist
  Screen log file:               ./orthofinder/Results_Jul07/WorkingDirectory/Alignments_ids/OG0000171.log

Date and Time: Sun Jul  7 17:55:44 2024
