IQ-TREE multicore version 2.2.0.5 COVID-edition for Linux 64-bit built Sep 26 2022
Developed by Bui Quang Minh, James Barbetti, Nguyen Lam Tung,
Olga Chernomor, Heiko Schmidt, Dominik Schrempf, Michael Woodhams, Ly Trong Nhan.

Host:    c090 (AVX2, FMA3, 503 GB RAM)
Command: iqtree -s ./orthofinder/Results_Jul07/WorkingDirectory/Alignments_ids/OG0000092.fa -pre ./orthofinder/Results_Jul07/WorkingDirectory/Alignments_ids/OG0000092
Seed:    41382 (Using SPRNG - Scalable Parallel Random Number Generator)
Time:    Sun Jul  7 17:49:58 2024
Kernel:  AVX+FMA - 1 threads (24 CPU cores detected)

HINT: Use -nt option to specify number of threads because your CPU has 24 cores!
HINT: -nt AUTO will automatically determine the best number of threads to use.

Reading alignment file ./orthofinder/Results_Jul07/WorkingDirectory/Alignments_ids/OG0000092.fa ... Fasta format detected
Reading fasta file: done in 0.000140905 secs using 98.65% CPU
Alignment most likely contains protein sequences
Constructing alignment: done in 8.41618e-05 secs using 99.81% CPU
Alignment has 31 sequences with 159 columns, 102 distinct patterns
47 parsimony-informative, 6 singleton sites, 106 constant sites
        Gap/Ambiguity  Composition  p-value
Analyzing sequences: done in 8.10623e-06 secs using 111% CPU
   1  1_101    16.35%    passed     98.00%
   2  3_104     4.40%    passed    100.00%
   3  4_111    74.21%    passed     99.93%
   4  5_101    13.84%    passed    100.00%
   5  6_97     13.84%    passed    100.00%
   6  7_97     19.50%    passed     98.23%
   7  10_100   33.33%    passed    100.00%
   8  12_97    13.84%    passed    100.00%
   9  16_97    21.38%    passed     99.35%
  10  17_97    21.38%    passed     99.35%
  11  18_100   13.84%    passed    100.00%
  12  19_97    13.84%    passed    100.00%
  13  20_100   13.84%    passed    100.00%
  14  21_99    16.35%    passed     98.00%
  15  22_98    13.84%    passed    100.00%
  16  23_102   16.35%    passed     99.92%
  17  27_104    9.43%    passed     99.97%
  18  28_101   16.35%    passed     98.00%
  19  29_105   16.35%    passed     99.92%
  20  30_101   33.33%    passed    100.00%
  21  33_97    13.84%    passed    100.00%
  22  34_98    33.33%    passed    100.00%
  23  35_109   33.33%    passed    100.00%
  24  36_119   33.33%    passed    100.00%
  25  37_99    33.33%    passed    100.00%
  26  38_101   33.33%    passed    100.00%
  27  40_97    28.93%    passed    100.00%
  28  41_99    13.84%    passed    100.00%
  29  42_101   13.84%    passed    100.00%
  30  43_100   16.35%    passed     99.92%
  31  44_98    13.84%    passed    100.00%
WARNING: 1 sequences contain more than 50% gaps/ambiguity
****  TOTAL    21.38%  0 sequences failed composition chi2 test (p-value<5%; df=19)
NOTE: 21_99 is identical to 1_101 but kept for subsequent analysis
NOTE: 12_97 is identical to 5_101 but kept for subsequent analysis
NOTE: 18_100 is identical to 6_97 but kept for subsequent analysis
NOTE: 34_98 is identical to 10_100 but kept for subsequent analysis
NOTE: 17_97 is identical to 16_97 but kept for subsequent analysis
NOTE: 29_105 is identical to 23_102 but kept for subsequent analysis
NOTE: 35_109 is identical to 30_101 but kept for subsequent analysis
Checking for duplicate sequences: done in 3.38554e-05 secs using 100.4% CPU
Identifying sites to remove: done in 3.69549e-05 secs using 102.8% CPU
NOTE: 12 identical sequences (see below) will be ignored for subsequent analysis
NOTE: 28_101 (identical to 1_101) is ignored but added at the end
NOTE: 22_98 (identical to 5_101) is ignored but added at the end
NOTE: 41_99 (identical to 5_101) is ignored but added at the end
NOTE: 19_97 (identical to 6_97) is ignored but added at the end
NOTE: 20_100 (identical to 6_97) is ignored but added at the end
NOTE: 33_97 (identical to 6_97) is ignored but added at the end
NOTE: 42_101 (identical to 6_97) is ignored but added at the end
NOTE: 44_98 (identical to 6_97) is ignored but added at the end
NOTE: 43_100 (identical to 23_102) is ignored but added at the end
NOTE: 36_119 (identical to 30_101) is ignored but added at the end
NOTE: 37_99 (identical to 30_101) is ignored but added at the end
NOTE: 38_101 (identical to 30_101) is ignored but added at the end
Alignment was printed to ./orthofinder/Results_Jul07/WorkingDirectory/Alignments_ids/OG0000092.uniqueseq.phy

For your convenience alignment with unique sequences printed to ./orthofinder/Results_Jul07/WorkingDirectory/Alignments_ids/OG0000092.uniqueseq.phy


Create initial parsimony tree by phylogenetic likelihood library (PLL)... 0.000 seconds
Perform fast likelihood tree search using LG+I+G model...
Estimate model parameters (epsilon = 5.000)
Perform nearest neighbor interchange...
Optimizing NNI: done in 0.102768 secs using 29.93% CPU
Estimate model parameters (epsilon = 1.000)
1. Initial log-likelihood: -918.883
Optimal log-likelihood: -918.857
Proportion of invariable sites: 0.336
Gamma shape alpha: 15.344
Parameters optimization took 1 rounds (0.037 sec)
Time for fast ML tree search: 0.221 seconds

NOTE: ModelFinder requires 3 MB RAM!
ModelFinder will test up to 1232 protein models (sample size: 159) ...
 No. Model         -LnL         df  AIC          AICc         BIC
  1  LG            922.751      35  1915.503     1935.990     2022.914
  2  LG+I          918.754      36  1909.508     1931.344     2019.989
  3  LG+G4         919.311      36  1910.623     1932.459     2021.104
  4  LG+I+G4       918.845      37  1911.690     1934.929     2025.239
  5  LG+R2         919.355      37  1912.710     1935.950     2026.260
  6  LG+R3         919.253      39  1916.507     1942.725     2036.194
 14  LG+I+R2       918.979      38  1913.958     1938.658     2030.577
 15  LG+I+R3       918.931      40  1917.863     1945.659     2040.619
 23  LG+F          913.635      54  1935.271     1992.386     2100.991
 24  LG+F+I        909.554      55  1929.108     1988.913     2097.897
 25  LG+F+G4       910.268      55  1930.536     1990.342     2099.326
 26  LG+F+I+G4     909.687      56  1931.374     1993.962     2103.232
 27  LG+F+R2       910.283      56  1932.566     1995.155     2104.425
 45  WAG           922.366      35  1914.732     1935.219     2022.143
 46  WAG+I         919.270      36  1910.541     1932.377     2021.022
 47  WAG+G4        919.662      36  1911.325     1933.161     2021.805
 48  WAG+I+G4      919.284      37  1912.567     1935.807     2026.116
 49  WAG+R2        919.620      37  1913.240     1936.480     2026.789
 67  WAG+F         912.506      54  1933.011     1990.126     2098.732
 68  WAG+F+I       909.315      55  1928.630     1988.436     2097.420
 69  WAG+F+G4      909.876      55  1929.751     1989.557     2098.541
 70  WAG+F+I+G4    909.346      56  1930.692     1993.280     2102.550
 71  WAG+F+R2      909.797      56  1931.594     1994.182     2103.452
 89  JTT           910.720      35  1891.440     1911.928     1998.852
 90  JTT+I         907.469      36  1886.938     1908.774     1997.418
 91  JTT+G4        907.757      36  1887.513     1909.349     1997.994
 92  JTT+I+G4      907.487      37  1888.973     1912.213     2002.523
 93  JTT+R2        907.759      37  1889.518     1912.757     2003.067
111  JTT+F         903.272      54  1914.545     1971.660     2080.265
112  JTT+F+I       899.941      55  1909.882     1969.688     2078.672
113  JTT+F+G4      900.397      55  1910.793     1970.599     2079.583
114  JTT+F+I+G4    899.986      56  1911.973     1974.561     2083.831
115  JTT+F+R2      900.366      56  1912.732     1975.320     2084.591
WARNING: Normalizing state frequencies so that sum of them equals to 1
133  Q.pfam        920.118      35  1910.236     1930.723     2017.647
WARNING: Normalizing state frequencies so that sum of them equals to 1
134  Q.pfam+I      916.437      36  1904.875     1926.711     2015.355
WARNING: Normalizing state frequencies so that sum of them equals to 1
135  Q.pfam+G4     917.125      36  1906.249     1928.085     2016.730
WARNING: Normalizing state frequencies so that sum of them equals to 1
136  Q.pfam+I+G4   916.493      37  1906.986     1930.225     2020.535
WARNING: Normalizing state frequencies so that sum of them equals to 1
137  Q.pfam+R2     917.056      37  1908.112     1931.351     2021.661
WARNING: Normalizing state frequencies so that sum of them equals to 1
155  Q.pfam+F      911.198      54  1930.396     1987.512     2096.117
WARNING: Normalizing state frequencies so that sum of them equals to 1
156  Q.pfam+F+I    907.370      55  1924.740     1984.546     2093.529
WARNING: Normalizing state frequencies so that sum of them equals to 1
157  Q.pfam+F+G4   908.193      55  1926.386     1986.192     2095.176
WARNING: Normalizing state frequencies so that sum of them equals to 1
158  Q.pfam+F+I+G4 907.437      56  1926.874     1989.462     2098.732
WARNING: Normalizing state frequencies so that sum of them equals to 1
159  Q.pfam+F+R2   908.114      56  1928.228     1990.816     2100.086
WARNING: Normalizing state frequencies so that sum of them equals to 1
177  Q.bird        907.727      35  1885.455     1905.943     1992.866
WARNING: Normalizing state frequencies so that sum of them equals to 1
178  Q.bird+I      903.424      36  1878.848     1900.684     1989.329
WARNING: Normalizing state frequencies so that sum of them equals to 1
179  Q.bird+G4     903.647      36  1879.294     1901.130     1989.774
WARNING: Normalizing state frequencies so that sum of them equals to 1
180  Q.bird+I+G4   903.447      37  1880.894     1904.133     1994.443
WARNING: Normalizing state frequencies so that sum of them equals to 1
181  Q.bird+R2     903.883      37  1881.766     1905.006     1995.315
WARNING: Normalizing state frequencies so that sum of them equals to 1
199  Q.bird+F      902.470      54  1912.940     1970.056     2078.661
WARNING: Normalizing state frequencies so that sum of them equals to 1
200  Q.bird+F+I    897.775      55  1905.549     1965.355     2074.339
WARNING: Normalizing state frequencies so that sum of them equals to 1
201  Q.bird+F+G4   898.195      55  1906.390     1966.195     2075.179
WARNING: Normalizing state frequencies so that sum of them equals to 1
202  Q.bird+F+I+G4 897.881      56  1907.763     1970.351     2079.622
WARNING: Normalizing state frequencies so that sum of them equals to 1
203  Q.bird+F+R2   898.346      56  1908.692     1971.280     2080.551
WARNING: Normalizing state frequencies so that sum of them equals to 1
221  Q.mammal      907.348      35  1884.696     1905.184     1992.107
WARNING: Normalizing state frequencies so that sum of them equals to 1
222  Q.mammal+I    903.445      36  1878.890     1900.726     1989.370
WARNING: Normalizing state frequencies so that sum of them equals to 1
223  Q.mammal+G4   903.805      36  1879.610     1901.446     1990.091
WARNING: Normalizing state frequencies so that sum of them equals to 1
224  Q.mammal+I+G4 903.501      37  1881.002     1904.242     1994.552
WARNING: Normalizing state frequencies so that sum of them equals to 1
225  Q.mammal+R2   903.920      37  1881.840     1905.080     1995.390
WARNING: Normalizing state frequencies so that sum of them equals to 1
243  Q.mammal+F    902.319      54  1912.638     1969.753     2078.359
WARNING: Normalizing state frequencies so that sum of them equals to 1
244  Q.mammal+F+I  898.011      55  1906.022     1965.828     2074.812
WARNING: Normalizing state frequencies so that sum of them equals to 1
245  Q.mammal+F+G4 898.543      55  1907.086     1966.891     2075.875
WARNING: Normalizing state frequencies so that sum of them equals to 1
246  Q.mammal+F+I+G4 898.138      56  1908.276     1970.864     2080.134
WARNING: Normalizing state frequencies so that sum of them equals to 1
247  Q.mammal+F+R2 898.612      56  1909.224     1971.812     2081.082
265  Q.insect      921.238      35  1912.475     1932.963     2019.887
266  Q.insect+I    917.658      36  1907.316     1929.153     2017.797
267  Q.insect+G4   918.194      36  1908.388     1930.224     2018.869
268  Q.insect+I+G4 917.704      37  1909.408     1932.648     2022.958
269  Q.insect+R2   918.140      37  1910.279     1933.519     2023.829
287  Q.insect+F    909.691      54  1927.383     1984.498     2093.103
288  Q.insect+F+I  905.699      55  1921.397     1981.203     2090.187
289  Q.insect+F+G4 906.298      55  1922.596     1982.402     2091.386
290  Q.insect+F+I+G4 905.805      56  1923.610     1986.199     2095.469
291  Q.insect+F+R2 906.291      56  1924.582     1987.170     2096.440
WARNING: Normalizing state frequencies so that sum of them equals to 1
309  Q.plant       912.111      35  1894.223     1914.710     2001.634
WARNING: Normalizing state frequencies so that sum of them equals to 1
310  Q.plant+I     907.721      36  1887.443     1909.279     1997.923
WARNING: Normalizing state frequencies so that sum of them equals to 1
311  Q.plant+G4    908.186      36  1888.372     1910.208     1998.852
WARNING: Normalizing state frequencies so that sum of them equals to 1
312  Q.plant+I+G4  907.823      37  1889.646     1912.885     2003.195
WARNING: Normalizing state frequencies so that sum of them equals to 1
313  Q.plant+R2    908.273      37  1890.546     1913.785     2004.095
WARNING: Normalizing state frequencies so that sum of them equals to 1
331  Q.plant+F     904.191      54  1916.383     1973.498     2082.104
WARNING: Normalizing state frequencies so that sum of them equals to 1
332  Q.plant+F+I   899.318      55  1908.636     1968.442     2077.426
WARNING: Normalizing state frequencies so that sum of them equals to 1
333  Q.plant+F+G4  900.015      55  1910.031     1969.837     2078.821
WARNING: Normalizing state frequencies so that sum of them equals to 1
334  Q.plant+F+I+G4 899.503      56  1911.005     1973.593     2082.864
WARNING: Normalizing state frequencies so that sum of them equals to 1
335  Q.plant+F+R2  900.113      56  1912.226     1974.814     2084.085
WARNING: Normalizing state frequencies so that sum of them equals to 1
353  Q.yeast       927.323      35  1924.645     1945.133     2032.057
WARNING: Normalizing state frequencies so that sum of them equals to 1
354  Q.yeast+I     923.995      36  1919.991     1941.827     2030.471
WARNING: Normalizing state frequencies so that sum of them equals to 1
355  Q.yeast+G4    924.700      36  1921.400     1943.236     2031.881
WARNING: Normalizing state frequencies so that sum of them equals to 1
356  Q.yeast+I+G4  924.016      37  1922.032     1945.272     2035.582
WARNING: Normalizing state frequencies so that sum of them equals to 1
357  Q.yeast+R2    924.531      37  1923.062     1946.301     2036.611
WARNING: Normalizing state frequencies so that sum of them equals to 1
375  Q.yeast+F     910.917      54  1929.833     1986.948     2095.554
WARNING: Normalizing state frequencies so that sum of them equals to 1
376  Q.yeast+F+I   907.107      55  1924.214     1984.020     2093.003
WARNING: Normalizing state frequencies so that sum of them equals to 1
377  Q.yeast+F+G4  907.842      55  1925.684     1985.490     2094.473
WARNING: Normalizing state frequencies so that sum of them equals to 1
378  Q.yeast+F+I+G4 907.168      56  1926.335     1988.923     2098.194
WARNING: Normalizing state frequencies so that sum of them equals to 1
379  Q.yeast+F+R2  907.736      56  1927.472     1990.060     2099.331
397  JTTDCMut      910.982      35  1891.965     1912.452     1999.376
398  JTTDCMut+I    907.749      36  1887.499     1909.335     1997.979
399  JTTDCMut+G4   908.012      36  1888.023     1909.859     1998.504
400  JTTDCMut+I+G4 907.763      37  1889.526     1912.766     2003.075
401  JTTDCMut+R2   907.990      37  1889.981     1913.220     2003.530
419  JTTDCMut+F    903.349      54  1914.697     1971.813     2080.418
420  JTTDCMut+F+I  900.019      55  1910.038     1969.844     2078.828
421  JTTDCMut+F+G4 900.457      55  1910.913     1970.719     2079.703
422  JTTDCMut+F+I+G4 900.056      56  1912.111     1974.699     2083.970
423  JTTDCMut+F+R2 900.401      56  1912.801     1975.390     2084.660
441  DCMut         934.680      35  1939.360     1959.848     2046.771
442  DCMut+I       930.503      36  1933.007     1954.843     2043.487
443  DCMut+G4      930.236      36  1932.472     1954.308     2042.952
444  DCMut+I+G4    930.341      37  1934.683     1957.922     2048.232
445  DCMut+R2      930.520      37  1935.039     1958.279     2048.589
463  DCMut+F       920.043      54  1948.086     2005.201     2113.807
464  DCMut+F+I     915.874      55  1941.748     2001.554     2110.538
465  DCMut+F+G4    915.882      55  1941.764     2001.570     2110.554
466  DCMut+F+I+G4  915.836      56  1943.672     2006.260     2115.530
467  DCMut+F+R2    916.087      56  1944.175     2006.763     2116.034
485  VT            919.142      35  1908.285     1928.773     2015.697
486  VT+I          916.335      36  1904.670     1926.506     2015.150
487  VT+G4         916.883      36  1905.765     1927.601     2016.246
488  VT+I+G4       916.340      37  1906.679     1929.919     2020.229
489  VT+R2         916.717      37  1907.435     1930.675     2020.984
507  VT+F          911.056      54  1930.113     1987.228     2095.834
508  VT+F+I        908.156      55  1926.313     1986.119     2095.103
509  VT+F+G4       908.807      55  1927.613     1987.419     2096.403
510  VT+F+I+G4     908.168      56  1928.336     1990.924     2100.194
511  VT+F+R2       908.618      56  1929.237     1991.825     2101.096
529  PMB           924.647      35  1919.295     1939.783     2026.707
530  PMB+I         921.516      36  1915.032     1936.868     2025.513
531  PMB+G4        922.039      36  1916.079     1937.915     2026.559
532  PMB+I+G4      921.536      37  1917.072     1940.312     2030.622
533  PMB+R2        921.934      37  1917.869     1941.109     2031.418
551  PMB+F         920.496      54  1948.991     2006.107     2114.712
552  PMB+F+I       917.385      55  1944.769     2004.575     2113.559
553  PMB+F+G4      917.961      55  1945.923     2005.728     2114.712
554  PMB+F+I+G4    917.406      56  1946.813     2009.401     2118.671
555  PMB+F+R2      917.836      56  1947.673     2010.261     2119.532
573  Blosum62      930.818      35  1931.637     1952.124     2039.048
574  Blosum62+I    927.260      36  1926.521     1948.357     2037.001
575  Blosum62+G4   927.822      36  1927.643     1949.479     2038.124
576  Blosum62+I+G4 927.307      37  1928.614     1951.854     2042.164
577  Blosum62+R2   927.764      37  1929.527     1952.767     2043.076
595  Blosum62+F    924.052      54  1956.103     2013.219     2121.824
596  Blosum62+F+I  920.590      55  1951.180     2010.985     2119.969
597  Blosum62+F+G4 921.244      55  1952.489     2012.294     2121.278
598  Blosum62+F+I+G4 920.633      56  1953.267     2015.855     2125.126
599  Blosum62+F+R2 921.142      56  1954.284     2016.872     2126.143
617  Dayhoff       934.749      35  1939.497     1959.985     2046.909
618  Dayhoff+I     930.546      36  1933.092     1954.928     2043.572
619  Dayhoff+G4    930.268      36  1932.536     1954.372     2043.017
620  Dayhoff+I+G4  930.378      37  1934.755     1957.995     2048.305
621  Dayhoff+R2    930.559      37  1935.118     1958.358     2048.668
639  Dayhoff+F     920.078      54  1948.156     2005.271     2113.877
640  Dayhoff+F+I   915.885      55  1941.771     2001.576     2110.560
641  Dayhoff+F+G4  915.887      55  1941.775     2001.581     2110.565
642  Dayhoff+F+I+G4 915.844      56  1943.688     2006.276     2115.547
643  Dayhoff+F+R2  916.099      56  1944.198     2006.786     2116.056
661  mtREV         957.978      35  1985.956     2006.443     2093.367
662  mtREV+I       950.157      36  1972.315     1994.151     2082.795
663  mtREV+G4      949.667      36  1971.334     1993.170     2081.815
664  mtREV+I+G4    949.778      37  1973.555     1996.795     2087.105
665  mtREV+R2      949.715      37  1973.430     1996.669     2086.979
683  mtREV+F       915.497      54  1938.994     1996.109     2104.715
684  mtREV+F+I     909.549      55  1929.098     1988.904     2097.887
685  mtREV+F+G4    909.799      55  1929.599     1989.404     2098.388
686  mtREV+F+I+G4  909.622      56  1931.244     1993.833     2103.103
687  mtREV+F+R2    909.860      56  1931.720     1994.308     2103.579
705  mtART         991.188      35  2052.376     2072.863     2159.787
706  mtART+I       976.490      36  2024.979     2046.815     2135.460
707  mtART+G4      973.355      36  2018.709     2040.545     2129.190
708  mtART+I+G4    973.369      37  2020.737     2043.977     2134.287
709  mtART+R2      973.625      37  2021.249     2044.489     2134.798
727  mtART+F       950.930      54  2009.859     2066.974     2175.580
728  mtART+F+I     939.820      55  1989.641     2049.447     2158.430
729  mtART+F+G4    938.706      55  1987.411     2047.217     2156.201
730  mtART+F+I+G4  938.763      56  1989.526     2052.114     2161.385
731  mtART+F+R2    939.024      56  1990.049     2052.637     2161.907
749  mtZOA         960.231      35  1990.462     2010.949     2097.873
750  mtZOA+I       950.807      36  1973.614     1995.450     2084.095
751  mtZOA+G4      949.926      36  1971.851     1993.687     2082.332
752  mtZOA+I+G4    949.998      37  1973.996     1997.236     2087.546
753  mtZOA+R2      950.240      37  1974.481     1997.721     2088.030
771  mtZOA+F       927.581      54  1963.161     2020.276     2128.882
772  mtZOA+F+I     921.220      55  1952.441     2012.247     2121.230
773  mtZOA+F+G4    921.438      55  1952.875     2012.681     2121.665
774  mtZOA+F+I+G4  921.279      56  1954.558     2017.146     2126.417
775  mtZOA+F+R2    921.487      56  1954.974     2017.562     2126.832
793  mtMet         960.246      35  1990.492     2010.979     2097.903
794  mtMet+I       953.485      36  1978.970     2000.806     2089.451
795  mtMet+G4      953.437      36  1978.873     2000.710     2089.354
796  mtMet+I+G4    953.396      37  1980.792     2004.032     2094.341
797  mtMet+R2      953.458      37  1980.916     2004.155     2094.465
815  mtMet+F       911.081      54  1930.163     1987.278     2095.883
816  mtMet+F+I     906.126      55  1922.251     1982.057     2091.041
817  mtMet+F+G4    906.681      55  1923.361     1983.167     2092.151
818  mtMet+F+I+G4  906.278      56  1924.556     1987.144     2096.414
819  mtMet+F+R2    906.706      56  1925.413     1988.001     2097.271
837  mtVer         962.024      35  1994.049     2014.537     2101.460
838  mtVer+I       954.808      36  1981.615     2003.451     2092.096
839  mtVer+G4      954.092      36  1980.183     2002.019     2090.664
840  mtVer+I+G4    954.267      37  1982.534     2005.774     2096.084
841  mtVer+R2      954.079      37  1982.158     2005.398     2095.708
859  mtVer+F       912.229      54  1932.458     1989.573     2098.179
860  mtVer+F+I     906.415      55  1922.830     1982.636     2091.620
861  mtVer+F+G4    906.890      55  1923.780     1983.586     2092.570
862  mtVer+F+I+G4  906.612      56  1925.223     1987.811     2097.082
863  mtVer+F+R2    906.840      56  1925.680     1988.268     2097.539
881  mtInv         970.072      35  2010.144     2030.632     2117.555
882  mtInv+I       963.955      36  1999.910     2021.746     2110.391
883  mtInv+G4      964.203      36  2000.406     2022.242     2110.886
884  mtInv+I+G4    964.042      37  2002.083     2025.323     2115.633
885  mtInv+R2      964.203      37  2002.406     2025.645     2115.955
903  mtInv+F       910.268      54  1928.536     1985.652     2094.257
904  mtInv+F+I     906.002      55  1922.003     1981.809     2090.793
905  mtInv+F+G4    906.457      55  1922.915     1982.721     2091.705
906  mtInv+F+I+G4  906.097      56  1924.195     1986.783     2096.053
907  mtInv+F+R2    906.520      56  1925.040     1987.628     2096.899
925  mtMAM         971.249      35  2012.497     2032.985     2119.909
926  mtMAM+I       958.806      36  1989.613     2011.449     2100.094
927  mtMAM+G4      956.326      36  1984.652     2006.488     2095.133
928  mtMAM+I+G4    956.596      37  1987.192     2010.431     2100.741
929  mtMAM+R2      956.623      37  1987.246     2010.486     2100.795
947  mtMAM+F       926.460      54  1960.919     2018.035     2126.640
948  mtMAM+F+I     915.540      55  1941.080     2000.886     2109.870
949  mtMAM+F+G4    915.594      55  1941.188     2000.994     2109.977
950  mtMAM+F+I+G4  915.503      56  1943.006     2005.594     2114.864
951  mtMAM+F+R2    915.964      56  1943.927     2006.516     2115.786
WARNING: Normalizing state frequencies so that sum of them equals to 1
969  FLAVI         941.805      35  1953.610     1974.098     2061.022
WARNING: Normalizing state frequencies so that sum of them equals to 1
970  FLAVI+I       932.282      36  1936.564     1958.400     2047.044
WARNING: Normalizing state frequencies so that sum of them equals to 1
971  FLAVI+G4      931.224      36  1934.447     1956.283     2044.928
WARNING: Normalizing state frequencies so that sum of them equals to 1
972  FLAVI+I+G4    931.256      37  1936.511     1959.751     2050.060
WARNING: Normalizing state frequencies so that sum of them equals to 1
973  FLAVI+R2      931.288      37  1936.576     1959.816     2050.126
WARNING: Normalizing state frequencies so that sum of them equals to 1
991  FLAVI+F       924.241      54  1956.482     2013.597     2122.203
WARNING: Normalizing state frequencies so that sum of them equals to 1
992  FLAVI+F+I     914.524      55  1939.047     1998.853     2107.837
WARNING: Normalizing state frequencies so that sum of them equals to 1
993  FLAVI+F+G4    913.956      55  1937.912     1997.718     2106.702
WARNING: Normalizing state frequencies so that sum of them equals to 1
994  FLAVI+F+I+G4  913.903      56  1939.805     2002.393     2111.664
WARNING: Normalizing state frequencies so that sum of them equals to 1
995  FLAVI+F+R2    914.096      56  1940.193     2002.781     2112.051
1013  HIVb          926.740      35  1923.479     1943.967     2030.891
1014  HIVb+I        920.710      36  1913.420     1935.256     2023.901
1015  HIVb+G4       920.713      36  1913.426     1935.262     2023.907
1016  HIVb+I+G4     920.603      37  1915.205     1938.445     2028.755
1017  HIVb+R2       920.931      37  1915.862     1939.102     2029.411
1035  HIVb+F        912.003      54  1932.007     1989.122     2097.728
1036  HIVb+F+I      905.130      55  1920.261     1980.067     2089.051
1037  HIVb+F+G4     905.441      55  1920.882     1980.688     2089.672
1038  HIVb+F+I+G4   905.212      56  1922.425     1985.013     2094.283
1039  HIVb+F+R2     905.561      56  1923.122     1985.710     2094.981
1057  HIVw          958.227      35  1986.455     2006.942     2093.866
1058  HIVw+I        952.921      36  1977.843     1999.679     2088.323
1059  HIVw+G4       951.795      36  1975.590     1997.426     2086.071
1060  HIVw+I+G4     952.022      37  1978.044     2001.283     2091.593
1061  HIVw+R2       952.129      37  1978.258     2001.497     2091.807
1079  HIVw+F        926.836      54  1961.673     2018.788     2127.394
1080  HIVw+F+I      919.937      55  1949.875     2009.681     2118.665
1081  HIVw+F+G4     919.241      55  1948.482     2008.287     2117.271
1082  HIVw+F+I+G4   919.252      56  1950.504     2013.092     2122.362
1083  HIVw+F+R2     919.476      56  1950.953     2013.541     2122.812
1101  FLU           935.983      35  1941.967     1962.455     2049.379
1102  FLU+I         930.328      36  1932.656     1954.492     2043.137
1103  FLU+G4        930.377      36  1932.755     1954.591     2043.235
1104  FLU+I+G4      930.256      37  1934.512     1957.752     2048.061
1105  FLU+R2        930.563      37  1935.126     1958.365     2048.675
1123  FLU+F         918.578      54  1945.155     2002.271     2110.876
1124  FLU+F+I       911.323      55  1932.647     1992.452     2101.436
1125  FLU+F+G4      911.746      55  1933.492     1993.298     2102.282
1126  FLU+F+I+G4    911.453      56  1934.906     1997.494     2106.765
1127  FLU+F+R2      911.897      56  1935.794     1998.382     2107.653
1145  rtREV         939.586      35  1949.173     1969.661     2056.585
1146  rtREV+I       935.304      36  1942.609     1964.445     2053.089
1147  rtREV+G4      935.915      36  1943.830     1965.666     2054.311
1148  rtREV+I+G4    935.396      37  1944.792     1968.032     2058.342
1149  rtREV+R2      935.928      37  1945.856     1969.095     2059.405
1167  rtREV+F       923.826      54  1955.653     2012.768     2121.374
1168  rtREV+F+I     919.513      55  1949.025     2008.831     2117.815
1169  rtREV+F+G4    920.223      55  1950.446     2010.251     2119.235
1170  rtREV+F+I+G4  919.646      56  1951.291     2013.880     2123.150
1171  rtREV+F+R2    920.237      56  1952.473     2015.061     2124.332
1189  cpREV         924.493      35  1918.986     1939.474     2026.398
1190  cpREV+I       920.145      36  1912.290     1934.127     2022.771
1191  cpREV+G4      920.374      36  1912.748     1934.584     2023.229
1192  cpREV+I+G4    920.173      37  1914.346     1937.586     2027.895
1193  cpREV+R2      920.551      37  1915.101     1938.341     2028.651
1211  cpREV+F       915.943      54  1939.886     1997.001     2105.606
1212  cpREV+F+I     911.497      55  1932.995     1992.801     2101.784
1213  cpREV+F+G4    911.867      55  1933.733     1993.539     2102.523
1214  cpREV+F+I+G4  911.575      56  1935.149     1997.737     2107.008
1215  cpREV+F+R2    912.027      56  1936.055     1998.643     2107.913
Akaike Information Criterion:           Q.bird+I
Corrected Akaike Information Criterion: Q.bird+I
Bayesian Information Criterion:         Q.bird+I
Best-fit model: Q.bird+I chosen according to BIC

All model information printed to ./orthofinder/Results_Jul07/WorkingDirectory/Alignments_ids/OG0000092.model.gz
CPU time for ModelFinder: 5.208 seconds (0h:0m:5s)
Wall-clock time for ModelFinder: 14.218 seconds (0h:0m:14s)
WARNING: Normalizing state frequencies so that sum of them equals to 1

NOTE: 0 MB RAM (0 GB) is required!
Estimate model parameters (epsilon = 0.100)
1. Initial log-likelihood: -903.424
Optimal log-likelihood: -903.423
Proportion of invariable sites: 0.389
Parameters optimization took 1 rounds (0.002 sec)
Wrote distance file to... 
Computing ML distances based on estimated model parameters...
Calculating distance matrix: done in 0.00532293 secs using 99.79% CPU
Computing ML distances took 0.005355 sec (of wall-clock time) 0.005344 sec (of CPU time)
Setting up auxiliary I and S matrices: done in 3.29018e-05 secs using 97.26% CPU
Constructing RapidNJ tree: done in 5.19753e-05 secs using 98.12% CPU
Computing RapidNJ tree took 0.000129 sec (of wall-clock time) 0.000127 sec (of CPU time)
Log-likelihood of RapidNJ tree: -914.353
--------------------------------------------------------------------
|             INITIALIZING CANDIDATE TREE SET                      |
--------------------------------------------------------------------
Generating 98 parsimony trees... 0.087 second
Computing log-likelihood of 98 initial trees ... 0.143 seconds
Current best score: -901.518

Do NNI search on 20 best initial trees
Optimizing NNI: done in 0.00863314 secs using 69.4% CPU
Estimate model parameters (epsilon = 0.100)
BETTER TREE FOUND at iteration 1: -901.436
Optimizing NNI: done in 0.00834584 secs using 99.97% CPU
BETTER TREE FOUND at iteration 2: -901.436
Optimizing NNI: done in 0.00577283 secs using 100% CPU
Optimizing NNI: done in 0.00574589 secs using 100% CPU
Optimizing NNI: done in 0.005826 secs using 100% CPU
Optimizing NNI: done in 0.00671792 secs using 89.02% CPU
Optimizing NNI: done in 0.00567412 secs using 100% CPU
Optimizing NNI: done in 0.012722 secs using 83.78% CPU
Optimizing NNI: done in 0.0121961 secs using 99.75% CPU
Optimizing NNI: done in 0.0147269 secs using 88.34% CPU
Iteration 10 / LogL: -901.436 / Time: 0h:0m:0s
Optimizing NNI: done in 0.00835323 secs using 81.27% CPU
Optimizing NNI: done in 0.00671291 secs using 99.99% CPU
Optimizing NNI: done in 0.0114481 secs using 93.45% CPU
Optimizing NNI: done in 0.009866 secs using 89.53% CPU
Optimizing NNI: done in 0.0144 secs using 98.51% CPU
Optimizing NNI: done in 0.00738597 secs using 80.03% CPU
Optimizing NNI: done in 0.00897479 secs using 98.07% CPU
Optimizing NNI: done in 0.00655293 secs using 91.01% CPU
Optimizing NNI: done in 0.0056591 secs using 100% CPU
Optimizing NNI: done in 0.00565195 secs using 100% CPU
Iteration 20 / LogL: -902.748 / Time: 0h:0m:0s
Finish initializing candidate tree set (17)
Current best tree score: -901.436 / CPU time: 0.412
Number of iterations: 20
--------------------------------------------------------------------
|               OPTIMIZING CANDIDATE TREE SET                      |
--------------------------------------------------------------------
Optimizing NNI: done in 0.0175431 secs using 98.56% CPU
Optimizing NNI: done in 0.011467 secs using 88.36% CPU
Optimizing NNI: done in 0.012913 secs using 98.36% CPU
Optimizing NNI: done in 0.017158 secs using 72% CPU
Optimizing NNI: done in 0.00923204 secs using 99.59% CPU
Optimizing NNI: done in 0.0118878 secs using 99.44% CPU
Optimizing NNI: done in 0.0214639 secs using 80.31% CPU
Optimizing NNI: done in 0.0146141 secs using 99.99% CPU
Optimizing NNI: done in 0.0129979 secs using 96.34% CPU
Optimizing NNI: done in 0.0287502 secs using 60.67% CPU
Iteration 30 / LogL: -901.447 / Time: 0h:0m:0s (0h:0m:1s left)
Optimizing NNI: done in 0.032531 secs using 39.49% CPU
Optimizing NNI: done in 0.0495069 secs using 48.14% CPU
Optimizing NNI: done in 0.0230591 secs using 64.36% CPU
Optimizing NNI: done in 0.0754471 secs using 29.56% CPU
Optimizing NNI: done in 0.0363462 secs using 33.97% CPU
Optimizing NNI: done in 0.040514 secs using 40.77% CPU
Optimizing NNI: done in 0.0656819 secs using 26.92% CPU
Optimizing NNI: done in 0.037822 secs using 47.1% CPU
Optimizing NNI: done in 0.02794 secs using 42.75% CPU
Optimizing NNI: done in 0.033098 secs using 51.3% CPU
Iteration 40 / LogL: -901.438 / Time: 0h:0m:1s (0h:0m:1s left)
Optimizing NNI: done in 0.028125 secs using 55.29% CPU
Optimizing NNI: done in 0.0549719 secs using 39.98% CPU
Optimizing NNI: done in 0.0396891 secs using 45.58% CPU
Optimizing NNI: done in 0.01437 secs using 100% CPU
Optimizing NNI: done in 0.0505941 secs using 36.68% CPU
Optimizing NNI: done in 0.0472271 secs using 42.21% CPU
Optimizing NNI: done in 0.034107 secs using 71.98% CPU
Optimizing NNI: done in 0.0493789 secs using 43.21% CPU
Optimizing NNI: done in 0.0321889 secs using 37.86% CPU
Optimizing NNI: done in 0.0313611 secs using 48.99% CPU
Iteration 50 / LogL: -901.436 / Time: 0h:0m:1s (0h:0m:1s left)
Optimizing NNI: done in 0.039062 secs using 38.57% CPU
Optimizing NNI: done in 0.0113111 secs using 100% CPU
Optimizing NNI: done in 0.0388081 secs using 48.42% CPU
Optimizing NNI: done in 0.032999 secs using 27.29% CPU
Optimizing NNI: done in 0.039026 secs using 38.5% CPU
Optimizing NNI: done in 0.0376482 secs using 36.25% CPU
Optimizing NNI: done in 0.036236 secs using 33.75% CPU
Optimizing NNI: done in 0.0601041 secs using 26.79% CPU
Optimizing NNI: done in 0.0433049 secs using 44.59% CPU
Optimizing NNI: done in 0.0631459 secs using 23.98% CPU
Iteration 60 / LogL: -901.437 / Time: 0h:0m:1s (0h:0m:1s left)
Optimizing NNI: done in 0.0364399 secs using 34.14% CPU
Optimizing NNI: done in 0.0428121 secs using 43.95% CPU
Optimizing NNI: done in 0.063808 secs using 24.79% CPU
Optimizing NNI: done in 0.0482111 secs using 33.65% CPU
Optimizing NNI: done in 0.0370898 secs using 35.28% CPU
Optimizing NNI: done in 0.023644 secs using 48.64% CPU
Optimizing NNI: done in 0.0566761 secs using 29.42% CPU
Optimizing NNI: done in 0.0674181 secs using 28.79% CPU
Optimizing NNI: done in 0.044522 secs using 28.13% CPU
Optimizing NNI: done in 0.024739 secs using 51.49% CPU
Iteration 70 / LogL: -901.449 / Time: 0h:0m:2s (0h:0m:1s left)
Optimizing NNI: done in 0.0701568 secs using 31.59% CPU
Optimizing NNI: done in 0.0961292 secs using 29.26% CPU
Optimizing NNI: done in 0.0394981 secs using 39.21% CPU
Optimizing NNI: done in 0.0384991 secs using 37.67% CPU
Optimizing NNI: done in 0.0362411 secs using 33.76% CPU
Optimizing NNI: done in 0.0363641 secs using 34.01% CPU
Optimizing NNI: done in 0.032268 secs using 50.41% CPU
Optimizing NNI: done in 0.032865 secs using 51.32% CPU
Optimizing NNI: done in 0.011863 secs using 99.99% CPU
Optimizing NNI: done in 0.040451 secs using 40.66% CPU
Iteration 80 / LogL: -903.463 / Time: 0h:0m:2s (0h:0m:0s left)
Optimizing NNI: done in 0.0390899 secs using 38.61% CPU
Optimizing NNI: done in 0.0278261 secs using 42.49% CPU
Optimizing NNI: done in 0.0308049 secs using 48.08% CPU
Optimizing NNI: done in 0.0339401 secs using 52.85% CPU
Optimizing NNI: done in 0.028352 secs using 57.67% CPU
Optimizing NNI: done in 0.0519869 secs using 38.46% CPU
Optimizing NNI: done in 0.0303979 secs using 47.37% CPU
Optimizing NNI: done in 0.0396519 secs using 39.46% CPU
Optimizing NNI: done in 0.031986 secs using 49.97% CPU
Optimizing NNI: done in 0.0302999 secs using 47.2% CPU
Iteration 90 / LogL: -903.464 / Time: 0h:0m:3s (0h:0m:0s left)
Optimizing NNI: done in 0.00906706 secs using 99.84% CPU
Optimizing NNI: done in 0.0312169 secs using 48.72% CPU
Optimizing NNI: done in 0.028712 secs using 44.26% CPU
Optimizing NNI: done in 0.031167 secs using 48.65% CPU
Optimizing NNI: done in 0.0120971 secs using 100% CPU
Optimizing NNI: done in 0.033329 secs using 51.99% CPU
Optimizing NNI: done in 0.0525589 secs using 31.52% CPU
Optimizing NNI: done in 0.0438528 secs using 36.15% CPU
Optimizing NNI: done in 0.0334449 secs using 28.21% CPU
Optimizing NNI: done in 0.031743 secs using 49.6% CPU
Iteration 100 / LogL: -901.437 / Time: 0h:0m:3s (0h:0m:0s left)
Optimizing NNI: done in 0.0305359 secs using 47.6% CPU
Optimizing NNI: done in 0.00339389 secs using 100% CPU
Optimizing NNI: done in 0.0320671 secs using 50.12% CPU
TREE SEARCH COMPLETED AFTER 103 ITERATIONS / Time: 0h:0m:3s

--------------------------------------------------------------------
|                    FINALIZING TREE SEARCH                        |
--------------------------------------------------------------------
Performs final model parameters optimization
Estimate model parameters (epsilon = 0.010)
1. Initial log-likelihood: -901.436
Optimal log-likelihood: -901.436
Proportion of invariable sites: 0.360
Parameters optimization took 1 rounds (0.002 sec)
BEST SCORE FOUND : -901.436
Total tree length: 0.666

Total number of iterations: 103
CPU time used for tree search: 1.658 sec (0h:0m:1s)
Wall-clock time used for tree search: 3.481 sec (0h:0m:3s)
Total CPU time used: 1.695 sec (0h:0m:1s)
Total wall-clock time used: 3.572 sec (0h:0m:3s)

Analysis results written to: 
  IQ-TREE report:                ./orthofinder/Results_Jul07/WorkingDirectory/Alignments_ids/OG0000092.iqtree
  Maximum-likelihood tree:       ./orthofinder/Results_Jul07/WorkingDirectory/Alignments_ids/OG0000092.treefile
  Likelihood distances:          ./orthofinder/Results_Jul07/WorkingDirectory/Alignments_ids/OG0000092.mldist
  Screen log file:               ./orthofinder/Results_Jul07/WorkingDirectory/Alignments_ids/OG0000092.log

Date and Time: Sun Jul  7 17:50:15 2024
