IQ-TREE multicore version 2.2.0.5 COVID-edition for Linux 64-bit built Sep 26 2022
Developed by Bui Quang Minh, James Barbetti, Nguyen Lam Tung,
Olga Chernomor, Heiko Schmidt, Dominik Schrempf, Michael Woodhams, Ly Trong Nhan.

Host:    c090 (AVX2, FMA3, 503 GB RAM)
Command: iqtree -s ./orthofinder/Results_Jul07/WorkingDirectory/Alignments_ids/OG0000122.fa -pre ./orthofinder/Results_Jul07/WorkingDirectory/Alignments_ids/OG0000122
Seed:    902335 (Using SPRNG - Scalable Parallel Random Number Generator)
Time:    Sun Jul  7 17:55:12 2024
Kernel:  AVX+FMA - 1 threads (24 CPU cores detected)

HINT: Use -nt option to specify number of threads because your CPU has 24 cores!
HINT: -nt AUTO will automatically determine the best number of threads to use.

Reading alignment file ./orthofinder/Results_Jul07/WorkingDirectory/Alignments_ids/OG0000122.fa ... Fasta format detected
Reading fasta file: done in 0.000257969 secs using 98.46% CPU
Alignment most likely contains protein sequences
Constructing alignment: done in 0.00041604 secs using 99.99% CPU
Alignment has 21 sequences with 559 columns, 546 distinct patterns
335 parsimony-informative, 175 singleton sites, 49 constant sites
        Gap/Ambiguity  Composition  p-value
Analyzing sequences: done in 2.19345e-05 secs using 100.3% CPU
   1  0_4      52.06%    passed     28.04%
   2  0_64     57.78%    passed     18.71%
   3  8_115    87.84%    passed     43.07%
   4  9_182    88.91%    passed     26.48%
   5  15_22    78.89%    passed     59.68%
   6  15_23    56.89%    passed     27.61%
   7  15_28    23.08%    passed     75.00%
   8  15_37    28.09%    passed     99.98%
   9  15_53    91.06%    passed     41.24%
  10  15_54    41.68%    failed      0.00%
  11  15_69    24.15%    passed     93.89%
  12  15_90    29.34%    passed     99.97%
  13  15_98    74.24%    passed     40.65%
  14  15_99    66.37%    passed     75.47%
  15  15_100   30.59%    failed      1.15%
  16  15_101   49.55%    passed     39.38%
  17  15_102   88.37%    passed      7.48%
  18  15_103   31.84%    failed      0.02%
  19  15_113   49.02%    passed      5.15%
  20  15_127   23.97%    passed     99.98%
  21  15_144   47.05%    passed     30.36%
WARNING: 10 sequences contain more than 50% gaps/ambiguity
****  TOTAL    53.37%  3 sequences failed composition chi2 test (p-value<5%; df=19)
Checking for duplicate sequences: done in 3.29018e-05 secs using 100.3% CPU


Create initial parsimony tree by phylogenetic likelihood library (PLL)... 0.002 seconds
Perform fast likelihood tree search using LG+I+G model...
Estimate model parameters (epsilon = 5.000)
Perform nearest neighbor interchange...
Optimizing NNI: done in 0.574173 secs using 42.15% CPU
Estimate model parameters (epsilon = 1.000)
1. Initial log-likelihood: -10268.395
Optimal log-likelihood: -10268.235
Proportion of invariable sites: 0.036
Gamma shape alpha: 2.442
Parameters optimization took 1 rounds (0.149 sec)
Time for fast ML tree search: 1.412 seconds

NOTE: ModelFinder requires 18 MB RAM!
ModelFinder will test up to 1232 protein models (sample size: 559) ...
 No. Model         -LnL         df  AIC          AICc         BIC
  1  LG            10395.789    39  20869.578    20875.589    21038.298
  2  LG+I          10341.858    40  20763.717    20770.049    20936.763
  3  LG+G4         10274.753    40  20629.507    20635.839    20802.553
  4  LG+I+G4       10268.107    41  20618.213    20624.875    20795.585
  5  LG+R2         10285.955    41  20653.910    20660.572    20831.282
  6  LG+R3         10270.352    43  20626.703    20634.051    20812.728
  7  LG+R4         10269.840    45  20629.681    20637.751    20824.358
 14  LG+I+R2       10271.235    42  20626.470    20633.470    20808.168
 15  LG+I+R3       10266.608    44  20621.215    20628.919    20811.566
 25  LG+F+G4       10188.077    59  20494.154    20508.342    20749.397
 26  LG+F+I+G4     10182.919    60  20485.838    20500.537    20745.407
 47  WAG+G4        10336.035    40  20752.071    20758.403    20925.117
 48  WAG+I+G4      10329.847    41  20741.694    20748.355    20919.066
 69  WAG+F+G4      10180.834    59  20479.669    20493.857    20734.911
 70  WAG+F+I+G4    10176.209    60  20472.418    20487.116    20731.987
 91  JTT+G4        10357.932    40  20795.865    20802.197    20968.911
 92  JTT+I+G4      10352.002    41  20786.004    20792.666    20963.376
113  JTT+F+G4      10202.212    59  20522.425    20536.613    20777.668
114  JTT+F+I+G4    10197.701    60  20515.402    20530.101    20774.971
WARNING: Normalizing state frequencies so that sum of them equals to 1
135  Q.pfam+G4     10302.686    40  20685.373    20691.705    20858.419
WARNING: Normalizing state frequencies so that sum of them equals to 1
136  Q.pfam+I+G4   10295.380    41  20672.759    20679.421    20850.131
WARNING: Normalizing state frequencies so that sum of them equals to 1
157  Q.pfam+F+G4   10180.306    59  20478.612    20492.800    20733.855
WARNING: Normalizing state frequencies so that sum of them equals to 1
158  Q.pfam+F+I+G4 10174.273    60  20468.547    20483.246    20728.116
WARNING: Normalizing state frequencies so that sum of them equals to 1
179  Q.bird+G4     10537.592    40  21155.183    21161.515    21328.229
WARNING: Normalizing state frequencies so that sum of them equals to 1
180  Q.bird+I+G4   10530.301    41  21142.603    21149.264    21319.975
WARNING: Normalizing state frequencies so that sum of them equals to 1
201  Q.bird+F+G4   10350.107    59  20818.214    20832.402    21073.457
WARNING: Normalizing state frequencies so that sum of them equals to 1
202  Q.bird+F+I+G4 10343.987    60  20807.974    20822.672    21067.543
WARNING: Normalizing state frequencies so that sum of them equals to 1
223  Q.mammal+G4   10503.530    40  21087.060    21093.392    21260.106
WARNING: Normalizing state frequencies so that sum of them equals to 1
224  Q.mammal+I+G4 10496.568    41  21075.135    21081.797    21252.507
WARNING: Normalizing state frequencies so that sum of them equals to 1
245  Q.mammal+F+G4 10299.707    59  20717.414    20731.602    20972.656
WARNING: Normalizing state frequencies so that sum of them equals to 1
246  Q.mammal+F+I+G4 10293.696    60  20707.392    20722.091    20966.961
267  Q.insect+G4   10309.950    40  20699.899    20706.231    20872.945
268  Q.insect+I+G4 10303.363    41  20688.726    20695.388    20866.098
289  Q.insect+F+G4 10219.943    59  20557.885    20572.074    20813.128
290  Q.insect+F+I+G4 10214.410    60  20548.820    20563.519    20808.389
WARNING: Normalizing state frequencies so that sum of them equals to 1
311  Q.plant+G4    10411.772    40  20903.544    20909.876    21076.590
WARNING: Normalizing state frequencies so that sum of them equals to 1
312  Q.plant+I+G4  10404.752    41  20891.505    20898.166    21068.877
WARNING: Normalizing state frequencies so that sum of them equals to 1
333  Q.plant+F+G4  10287.707    59  20693.414    20707.602    20948.657
WARNING: Normalizing state frequencies so that sum of them equals to 1
334  Q.plant+F+I+G4 10282.122    60  20684.244    20698.943    20943.813
WARNING: Normalizing state frequencies so that sum of them equals to 1
355  Q.yeast+G4    10308.056    40  20696.113    20702.445    20869.159
WARNING: Normalizing state frequencies so that sum of them equals to 1
356  Q.yeast+I+G4  10301.814    41  20685.628    20692.289    20863.000
WARNING: Normalizing state frequencies so that sum of them equals to 1
377  Q.yeast+F+G4  10198.979    59  20515.958    20530.147    20771.201
WARNING: Normalizing state frequencies so that sum of them equals to 1
378  Q.yeast+F+I+G4 10193.958    60  20507.915    20522.614    20767.484
399  JTTDCMut+G4   10359.501    40  20799.002    20805.334    20972.048
400  JTTDCMut+I+G4 10353.587    41  20789.174    20795.835    20966.546
421  JTTDCMut+F+G4 10203.985    59  20525.970    20540.158    20781.212
422  JTTDCMut+F+I+G4 10199.481    60  20518.962    20533.660    20778.531
443  DCMut+G4      10507.109    40  21094.218    21100.550    21267.263
444  DCMut+I+G4    10500.640    41  21083.280    21089.941    21260.652
465  DCMut+F+G4    10281.349    59  20680.698    20694.886    20935.941
466  DCMut+F+I+G4  10275.570    60  20671.140    20685.839    20930.709
487  VT+G4         10281.689    40  20643.379    20649.711    20816.425
488  VT+I+G4       10275.322    41  20632.645    20639.306    20810.017
509  VT+F+G4       10161.734    59  20441.468    20455.656    20696.711
510  VT+F+I+G4     10156.699    60  20433.398    20448.097    20692.967
531  PMB+G4        10355.029    40  20790.058    20796.390    20963.104
532  PMB+I+G4      10347.603    41  20777.206    20783.867    20954.578
553  PMB+F+G4      10197.578    59  20513.155    20527.344    20768.398
554  PMB+F+I+G4    10192.167    60  20504.335    20519.034    20763.904
575  Blosum62+G4   10309.910    40  20699.820    20706.152    20872.866
576  Blosum62+I+G4 10302.606    41  20687.211    20693.873    20864.584
597  Blosum62+F+G4 10195.208    59  20508.417    20522.605    20763.659
598  Blosum62+F+I+G4 10189.957    60  20499.914    20514.613    20759.483
619  Dayhoff+G4    10507.069    40  21094.138    21100.470    21267.184
620  Dayhoff+I+G4  10500.568    41  21083.137    21089.798    21260.509
641  Dayhoff+F+G4  10281.450    59  20680.900    20695.089    20936.143
642  Dayhoff+F+I+G4 10275.657    60  20671.315    20686.013    20930.884
663  mtREV+G4      11077.888    40  22235.777    22242.109    22408.823
664  mtREV+I+G4    11069.242    41  22220.485    22227.146    22397.857
685  mtREV+F+G4    10373.665    59  20865.330    20879.519    21120.573
686  mtREV+F+I+G4  10367.746    60  20855.492    20870.190    21115.061
707  mtART+G4      11219.589    40  22519.178    22525.510    22692.224
708  mtART+I+G4    11213.122    41  22508.244    22514.906    22685.616
729  mtART+F+G4    10474.127    59  21066.253    21080.442    21321.496
730  mtART+F+I+G4  10469.939    60  21059.878    21074.577    21319.447
751  mtZOA+G4      11005.081    40  22090.162    22096.494    22263.208
752  mtZOA+I+G4    10998.914    41  22079.828    22086.489    22257.200
773  mtZOA+F+G4    10359.411    59  20836.821    20851.010    21092.064
774  mtZOA+F+I+G4  10355.326    60  20830.651    20845.350    21090.220
795  mtMet+G4      11018.736    40  22117.472    22123.804    22290.518
796  mtMet+I+G4    11012.285    41  22106.571    22113.233    22283.943
817  mtMet+F+G4    10338.053    59  20794.105    20808.294    21049.348
818  mtMet+F+I+G4  10333.820    60  20787.640    20802.339    21047.209
839  mtVer+G4      11141.778    40  22363.557    22369.889    22536.603
840  mtVer+I+G4    11135.508    41  22353.017    22359.678    22530.389
861  mtVer+F+G4    10447.666    59  21013.332    21027.520    21268.575
862  mtVer+F+I+G4  10443.515    60  21007.031    21021.729    21266.600
883  mtInv+G4      11062.189    40  22204.378    22210.710    22377.424
884  mtInv+I+G4    11055.164    41  22192.329    22198.990    22369.701
905  mtInv+F+G4    10289.386    59  20696.772    20710.960    20952.015
906  mtInv+F+I+G4  10285.005    60  20690.011    20704.709    20949.580
927  mtMAM+G4      11241.444    40  22562.887    22569.219    22735.933
928  mtMAM+I+G4    11235.247    41  22552.494    22559.155    22729.866
949  mtMAM+F+G4    10545.766    59  21209.532    21223.721    21464.775
950  mtMAM+F+I+G4  10540.602    60  21201.204    21215.903    21460.773
WARNING: Normalizing state frequencies so that sum of them equals to 1
971  FLAVI+G4      10730.404    40  21540.809    21547.141    21713.855
WARNING: Normalizing state frequencies so that sum of them equals to 1
972  FLAVI+I+G4    10725.800    41  21533.601    21540.262    21710.973
WARNING: Normalizing state frequencies so that sum of them equals to 1
993  FLAVI+F+G4    10502.981    59  21123.963    21138.151    21379.205
WARNING: Normalizing state frequencies so that sum of them equals to 1
994  FLAVI+F+I+G4  10500.465    60  21120.930    21135.629    21380.499
1015  HIVb+G4       10475.667    40  21031.335    21037.667    21204.381
1016  HIVb+I+G4     10470.226    41  21022.453    21029.114    21199.825
1037  HIVb+F+G4     10368.300    59  20854.600    20868.788    21109.842
1038  HIVb+F+I+G4   10363.750    60  20847.499    20862.198    21107.068
1059  HIVw+G4       10705.157    40  21490.313    21496.645    21663.359
1060  HIVw+I+G4     10701.637    41  21485.274    21491.935    21662.646
1081  HIVw+F+G4     10481.432    59  21080.865    21095.053    21336.108
1082  HIVw+F+I+G4   10478.914    60  21077.828    21092.527    21337.397
1103  FLU+G4        10470.347    40  21020.695    21027.027    21193.741
1104  FLU+I+G4      10464.417    41  21010.835    21017.496    21188.207
1125  FLU+F+G4      10337.951    59  20793.901    20808.090    21049.144
1126  FLU+F+I+G4    10333.699    60  20787.399    20802.098    21046.968
1147  rtREV+G4      10403.523    40  20887.045    20893.377    21060.091
1148  rtREV+I+G4    10395.978    41  20873.956    20880.617    21051.328
1169  rtREV+F+G4    10226.184    59  20570.368    20584.556    20825.611
1170  rtREV+F+I+G4  10220.664    60  20561.328    20576.027    20820.897
1191  cpREV+G4      10327.703    40  20735.405    20741.737    20908.451
1192  cpREV+I+G4    10325.494    41  20732.988    20739.650    20910.360
1213  cpREV+F+G4    10239.433    59  20596.866    20611.054    20852.108
1214  cpREV+F+I+G4  10238.412    60  20596.824    20611.523    20856.393
Akaike Information Criterion:           VT+F+I+G4
Corrected Akaike Information Criterion: VT+F+I+G4
Bayesian Information Criterion:         VT+F+I+G4
Best-fit model: VT+F+I+G4 chosen according to BIC

All model information printed to ./orthofinder/Results_Jul07/WorkingDirectory/Alignments_ids/OG0000122.model.gz
CPU time for ModelFinder: 27.545 seconds (0h:0m:27s)
Wall-clock time for ModelFinder: 51.029 seconds (0h:0m:51s)

NOTE: 7 MB RAM (0 GB) is required!
Estimate model parameters (epsilon = 0.100)
Thoroughly optimizing +I+G parameters from 10 start values...
Init pinv, alpha: 0.000, 3.410 / Estimate: 0.000, 2.632 / LogL: -10161.715
Init pinv, alpha: 0.010, 3.410 / Estimate: 0.028, 3.300 / LogL: -10156.763
Init pinv, alpha: 0.019, 3.410 / Estimate: 0.028, 3.289 / LogL: -10156.781
Init pinv, alpha: 0.029, 3.410 / Estimate: 0.030, 3.369 / LogL: -10156.713
Init pinv, alpha: 0.039, 3.410 / Estimate: 0.036, 3.494 / LogL: -10156.744
Init pinv, alpha: 0.049, 3.410 / Estimate: 0.036, 3.500 / LogL: -10156.730
Init pinv, alpha: 0.058, 3.410 / Estimate: 0.035, 3.490 / LogL: -10156.721
Init pinv, alpha: 0.068, 3.410 / Estimate: 0.036, 3.506 / LogL: -10156.731
Init pinv, alpha: 0.078, 3.410 / Estimate: 0.036, 3.517 / LogL: -10156.740
Init pinv, alpha: 0.088, 3.410 / Estimate: 0.037, 3.525 / LogL: -10156.749
Optimal pinv,alpha: 0.030, 3.369 / LogL: -10156.713

Parameters optimization took 1.888 sec
Wrote distance file to... 
Computing ML distances based on estimated model parameters...
Calculating distance matrix: done in 0.0220239 secs using 99.99% CPU
Computing ML distances took 0.022093 sec (of wall-clock time) 0.022067 sec (of CPU time)
Setting up auxiliary I and S matrices: done in 4.1008e-05 secs
Constructing RapidNJ tree: done in 6.8903e-05 secs
Computing RapidNJ tree took 0.000154 sec (of wall-clock time) 0.000000 sec (of CPU time)
Log-likelihood of RapidNJ tree: -10342.868
--------------------------------------------------------------------
|             INITIALIZING CANDIDATE TREE SET                      |
--------------------------------------------------------------------
Generating 98 parsimony trees... 0.183 second
Computing log-likelihood of 98 initial trees ... 1.288 seconds
Current best score: -10156.713

Do NNI search on 20 best initial trees
Optimizing NNI: done in 0.598774 secs using 99.34% CPU
Estimate model parameters (epsilon = 0.100)
BETTER TREE FOUND at iteration 1: -10155.238
Optimizing NNI: done in 0.250454 secs using 100% CPU
Estimate model parameters (epsilon = 0.100)
BETTER TREE FOUND at iteration 2: -10152.020
Optimizing NNI: done in 0.268702 secs using 99.99% CPU
Estimate model parameters (epsilon = 0.100)
BETTER TREE FOUND at iteration 3: -10151.008
Optimizing NNI: done in 0.250135 secs using 100% CPU
Optimizing NNI: done in 0.233175 secs using 100% CPU
Optimizing NNI: done in 0.282144 secs using 99.99% CPU
Optimizing NNI: done in 0.248621 secs using 100% CPU
Optimizing NNI: done in 0.272871 secs using 100% CPU
Optimizing NNI: done in 0.261464 secs using 100% CPU
Optimizing NNI: done in 0.237854 secs using 99.99% CPU
Iteration 10 / LogL: -10152.206 / Time: 0h:0m:6s
Optimizing NNI: done in 0.206991 secs using 100% CPU
Optimizing NNI: done in 0.170577 secs using 100% CPU
Optimizing NNI: done in 0.249529 secs using 100% CPU
Optimizing NNI: done in 0.472849 secs using 99.17% CPU
Estimate model parameters (epsilon = 0.100)
UPDATE BEST LOG-LIKELIHOOD: -10150.614
Optimizing NNI: done in 0.24855 secs using 100% CPU
Optimizing NNI: done in 0.755967 secs using 99.48% CPU
Optimizing NNI: done in 0.24997 secs using 100% CPU
Optimizing NNI: done in 0.327019 secs using 100% CPU
Optimizing NNI: done in 0.193085 secs using 100% CPU
Optimizing NNI: done in 0.504091 secs using 100% CPU
Iteration 20 / LogL: -10153.136 / Time: 0h:0m:10s
Finish initializing candidate tree set (5)
Current best tree score: -10150.614 / CPU time: 8.024
Number of iterations: 20
--------------------------------------------------------------------
|               OPTIMIZING CANDIDATE TREE SET                      |
--------------------------------------------------------------------
Optimizing NNI: done in 0.409029 secs using 99.99% CPU
Optimizing NNI: done in 0.774682 secs using 99.99% CPU
Optimizing NNI: done in 0.259264 secs using 100% CPU
Optimizing NNI: done in 0.44669 secs using 100% CPU
Optimizing NNI: done in 0.730121 secs using 99.99% CPU
Optimizing NNI: done in 0.799398 secs using 100% CPU
Optimizing NNI: done in 0.284075 secs using 99.99% CPU
Optimizing NNI: done in 0.675972 secs using 100% CPU
Optimizing NNI: done in 0.310473 secs using 100% CPU
Optimizing NNI: done in 0.226681 secs using 100% CPU
Iteration 30 / LogL: -10153.872 / Time: 0h:0m:15s (0h:0m:37s left)
Optimizing NNI: done in 0.255173 secs using 100% CPU
Optimizing NNI: done in 0.680917 secs using 100% CPU
Optimizing NNI: done in 0.791211 secs using 99.99% CPU
Optimizing NNI: done in 0.277315 secs using 100% CPU
Optimizing NNI: done in 0.81431 secs using 99.51% CPU
Optimizing NNI: done in 0.416117 secs using 100% CPU
Optimizing NNI: done in 0.291324 secs using 99.98% CPU
Optimizing NNI: done in 0.871992 secs using 99.99% CPU
Optimizing NNI: done in 0.334254 secs using 100% CPU
Optimizing NNI: done in 0.601514 secs using 99.99% CPU
WARNING: NNI search needs unusual large number of steps (21) to converge!
Iteration 40 / LogL: -10152.894 / Time: 0h:0m:20s (0h:0m:32s left)
Optimizing NNI: done in 0.196345 secs using 100% CPU
Optimizing NNI: done in 0.362246 secs using 100% CPU
Optimizing NNI: done in 0.547901 secs using 99.99% CPU
Optimizing NNI: done in 0.762909 secs using 100% CPU
Optimizing NNI: done in 0.395799 secs using 99.99% CPU
Optimizing NNI: done in 0.2988 secs using 100% CPU
Optimizing NNI: done in 0.31979 secs using 100% CPU
Optimizing NNI: done in 0.354116 secs using 99.98% CPU
Optimizing NNI: done in 0.30802 secs using 100% CPU
Optimizing NNI: done in 0.328701 secs using 100% CPU
Iteration 50 / LogL: -10151.102 / Time: 0h:0m:24s (0h:0m:26s left)
Optimizing NNI: done in 0.707903 secs using 99.99% CPU
Optimizing NNI: done in 0.301029 secs using 99.99% CPU
Optimizing NNI: done in 0.540249 secs using 100% CPU
Optimizing NNI: done in 0.254215 secs using 100% CPU
Optimizing NNI: done in 0.777607 secs using 99.99% CPU
WARNING: NNI search needs unusual large number of steps (21) to converge!
Optimizing NNI: done in 0.395074 secs using 99.86% CPU
Optimizing NNI: done in 0.388029 secs using 99.99% CPU
Optimizing NNI: done in 0.538995 secs using 99.99% CPU
Optimizing NNI: done in 0.280543 secs using 99.99% CPU
Optimizing NNI: done in 0.555868 secs using 99.99% CPU
Iteration 60 / LogL: -10152.711 / Time: 0h:0m:29s (0h:0m:21s left)
Optimizing NNI: done in 0.269871 secs using 99.99% CPU
Optimizing NNI: done in 0.228034 secs using 100% CPU
Optimizing NNI: done in 0.538064 secs using 100% CPU
Optimizing NNI: done in 0.257903 secs using 99.99% CPU
Optimizing NNI: done in 0.774614 secs using 99.49% CPU
WARNING: NNI search needs unusual large number of steps (21) to converge!
Optimizing NNI: done in 0.347743 secs using 99.99% CPU
Optimizing NNI: done in 0.285326 secs using 100% CPU
Optimizing NNI: done in 0.611681 secs using 99.99% CPU
Optimizing NNI: done in 0.751704 secs using 100% CPU
Optimizing NNI: done in 0.4733 secs using 99.99% CPU
Iteration 70 / LogL: -10152.071 / Time: 0h:0m:33s (0h:0m:16s left)
Optimizing NNI: done in 0.33133 secs using 99.74% CPU
Optimizing NNI: done in 0.293445 secs using 98.66% CPU
Optimizing NNI: done in 0.457629 secs using 99.99% CPU
Optimizing NNI: done in 0.204982 secs using 100% CPU
Optimizing NNI: done in 0.359012 secs using 100% CPU
Optimizing NNI: done in 0.255814 secs using 99.99% CPU
Optimizing NNI: done in 0.805414 secs using 100% CPU
Optimizing NNI: done in 0.302027 secs using 100% CPU
Optimizing NNI: done in 0.348711 secs using 100% CPU
Optimizing NNI: done in 0.393947 secs using 100% CPU
Iteration 80 / LogL: -10152.324 / Time: 0h:0m:37s (0h:0m:10s left)
Optimizing NNI: done in 0.47968 secs using 99.99% CPU
Optimizing NNI: done in 0.588325 secs using 100% CPU
Optimizing NNI: done in 0.491131 secs using 100% CPU
Optimizing NNI: done in 0.220388 secs using 100% CPU
Optimizing NNI: done in 0.274539 secs using 99.99% CPU
Optimizing NNI: done in 0.493714 secs using 100% CPU
Optimizing NNI: done in 0.286698 secs using 100% CPU
Optimizing NNI: done in 0.298847 secs using 100% CPU
Optimizing NNI: done in 0.386617 secs using 100% CPU
Optimizing NNI: done in 0.293371 secs using 100% CPU
Iteration 90 / LogL: -10151.615 / Time: 0h:0m:41s (0h:0m:6s left)
Optimizing NNI: done in 0.338123 secs using 100% CPU
Optimizing NNI: done in 0.785381 secs using 100% CPU
Optimizing NNI: done in 0.251134 secs using 100% CPU
Optimizing NNI: done in 0.431136 secs using 100% CPU
Optimizing NNI: done in 0.359848 secs using 100% CPU
Optimizing NNI: done in 0.21184 secs using 100% CPU
Optimizing NNI: done in 0.267815 secs using 100% CPU
Optimizing NNI: done in 0.25446 secs using 100% CPU
Optimizing NNI: done in 0.444364 secs using 100% CPU
Optimizing NNI: done in 0.33721 secs using 100% CPU
Iteration 100 / LogL: -10152.098 / Time: 0h:0m:44s (0h:0m:1s left)
Optimizing NNI: done in 0.433087 secs using 100% CPU
Optimizing NNI: done in 0.250775 secs using 100% CPU
Optimizing NNI: done in 0.510145 secs using 100% CPU
Optimizing NNI: done in 0.4639 secs using 100% CPU
TREE SEARCH COMPLETED AFTER 104 ITERATIONS / Time: 0h:0m:46s

--------------------------------------------------------------------
|                    FINALIZING TREE SEARCH                        |
--------------------------------------------------------------------
Performs final model parameters optimization
Estimate model parameters (epsilon = 0.010)
1. Initial log-likelihood: -10150.614
Optimal log-likelihood: -10150.609
Proportion of invariable sites: 0.032
Gamma shape alpha: 3.406
Parameters optimization took 1 rounds (0.042 sec)
BEST SCORE FOUND : -10150.609
Total tree length: 13.315

Total number of iterations: 104
CPU time used for tree search: 44.654 sec (0h:0m:44s)
Wall-clock time used for tree search: 44.612 sec (0h:0m:44s)
Total CPU time used: 46.843 sec (0h:0m:46s)
Total wall-clock time used: 46.695 sec (0h:0m:46s)

Analysis results written to: 
  IQ-TREE report:                ./orthofinder/Results_Jul07/WorkingDirectory/Alignments_ids/OG0000122.iqtree
  Maximum-likelihood tree:       ./orthofinder/Results_Jul07/WorkingDirectory/Alignments_ids/OG0000122.treefile
  Likelihood distances:          ./orthofinder/Results_Jul07/WorkingDirectory/Alignments_ids/OG0000122.mldist
  Screen log file:               ./orthofinder/Results_Jul07/WorkingDirectory/Alignments_ids/OG0000122.log

Date and Time: Sun Jul  7 17:56:50 2024
