IQ-TREE multicore version 2.2.0.5 COVID-edition for Linux 64-bit built Sep 26 2022
Developed by Bui Quang Minh, James Barbetti, Nguyen Lam Tung,
Olga Chernomor, Heiko Schmidt, Dominik Schrempf, Michael Woodhams, Ly Trong Nhan.

Host:    c090 (AVX2, FMA3, 503 GB RAM)
Command: iqtree -s ./orthofinder/Results_Jul07/WorkingDirectory/Alignments_ids/OG0000099.fa -pre ./orthofinder/Results_Jul07/WorkingDirectory/Alignments_ids/OG0000099
Seed:    638209 (Using SPRNG - Scalable Parallel Random Number Generator)
Time:    Sun Jul  7 17:50:05 2024
Kernel:  AVX+FMA - 1 threads (24 CPU cores detected)

HINT: Use -nt option to specify number of threads because your CPU has 24 cores!
HINT: -nt AUTO will automatically determine the best number of threads to use.

Reading alignment file ./orthofinder/Results_Jul07/WorkingDirectory/Alignments_ids/OG0000099.fa ... Fasta format detected
Reading fasta file: done in 0.000308037 secs using 99.01% CPU
Alignment most likely contains protein sequences
Constructing alignment: done in 0.000216961 secs using 100.5% CPU
Alignment has 30 sequences with 490 columns, 169 distinct patterns
97 parsimony-informative, 38 singleton sites, 355 constant sites
       Gap/Ambiguity  Composition  p-value
Analyzing sequences: done in 1.09673e-05 secs using 109.4% CPU
   1  1_39     2.45%    passed    100.00%
   2  3_38     0.00%    passed    100.00%
   3  4_42     2.24%    passed    100.00%
   4  5_37     2.24%    passed    100.00%
   5  6_35     2.24%    passed    100.00%
   6  7_38     2.65%    passed    100.00%
   7  10_37    2.24%    passed    100.00%
   8  12_37    2.24%    passed    100.00%
   9  16_39    2.65%    passed    100.00%
  10  17_39    2.65%    passed    100.00%
  11  18_41    2.24%    passed    100.00%
  12  19_38    2.24%    passed    100.00%
  13  20_41    2.24%    passed    100.00%
  14  21_37    2.45%    passed    100.00%
  15  22_37   17.35%    passed     90.72%
  16  23_40    2.45%    passed    100.00%
  17  27_66    2.24%    passed    100.00%
  18  28_40    2.45%    passed    100.00%
  19  30_41    2.24%    passed    100.00%
  20  33_37    2.24%    passed    100.00%
  21  34_37    2.24%    passed    100.00%
  22  35_56    2.24%    passed    100.00%
  23  36_59    2.24%    passed    100.00%
  24  37_39    2.24%    passed    100.00%
  25  38_42    2.24%    passed    100.00%
  26  40_37    2.24%    passed    100.00%
  27  41_38    2.24%    passed    100.00%
  28  42_40    0.00%    passed    100.00%
  29  43_38    2.45%    passed    100.00%
  30  44_38    2.24%    passed    100.00%
****  TOTAL    2.67%  0 sequences failed composition chi2 test (p-value<5%; df=19)
NOTE: 28_40 is identical to 1_39 but kept for subsequent analysis
NOTE: 12_37 is identical to 5_37 but kept for subsequent analysis
NOTE: 18_41 is identical to 6_35 but kept for subsequent analysis
NOTE: 27_66 is identical to 10_37 but kept for subsequent analysis
NOTE: 17_39 is identical to 16_39 but kept for subsequent analysis
Checking for duplicate sequences: done in 3.69549e-05 secs using 100.1% CPU
Identifying sites to remove: done in 9.10759e-05 secs using 99.92% CPU
NOTE: 12 identical sequences (see below) will be ignored for subsequent analysis
NOTE: 43_38 (identical to 1_39) is ignored but added at the end
NOTE: 19_38 (identical to 6_35) is ignored but added at the end
NOTE: 20_41 (identical to 6_35) is ignored but added at the end
NOTE: 30_41 (identical to 6_35) is ignored but added at the end
NOTE: 33_37 (identical to 6_35) is ignored but added at the end
NOTE: 35_56 (identical to 6_35) is ignored but added at the end
NOTE: 36_59 (identical to 6_35) is ignored but added at the end
NOTE: 37_39 (identical to 6_35) is ignored but added at the end
NOTE: 38_42 (identical to 6_35) is ignored but added at the end
NOTE: 41_38 (identical to 6_35) is ignored but added at the end
NOTE: 44_38 (identical to 6_35) is ignored but added at the end
NOTE: 40_37 (identical to 10_37) is ignored but added at the end
Alignment was printed to ./orthofinder/Results_Jul07/WorkingDirectory/Alignments_ids/OG0000099.uniqueseq.phy

For your convenience alignment with unique sequences printed to ./orthofinder/Results_Jul07/WorkingDirectory/Alignments_ids/OG0000099.uniqueseq.phy


Create initial parsimony tree by phylogenetic likelihood library (PLL)... 0.000 seconds
Perform fast likelihood tree search using LG+I+G model...
Estimate model parameters (epsilon = 5.000)
Perform nearest neighbor interchange...
Optimizing NNI: done in 0.0736361 secs using 45.68% CPU
Estimate model parameters (epsilon = 1.000)
1. Initial log-likelihood: -2522.561
Optimal log-likelihood: -2522.559
Proportion of invariable sites: 0.360
Gamma shape alpha: 2.487
Parameters optimization took 1 rounds (0.036 sec)
Time for fast ML tree search: 0.197 seconds

NOTE: ModelFinder requires 5 MB RAM!
ModelFinder will test up to 1232 protein models (sample size: 490) ...
 No. Model         -LnL         df  AIC          AICc         BIC
  1  LG            2532.722     33  5131.445     5136.366     5269.860
  2  LG+I          2523.069     34  5114.137     5119.368     5256.747
  3  LG+G4         2522.391     34  5112.782     5118.013     5255.392
  4  LG+I+G4       2522.557     35  5115.115     5120.666     5261.919
  5  LG+R2         2522.711     35  5115.423     5120.973     5262.227
  6  LG+R3         2522.391     37  5118.782     5125.003     5273.975
 14  LG+I+R2       2522.639     36  5117.277     5123.158     5268.276
 15  LG+I+R3       2522.538     38  5121.076     5127.648     5280.463
 24  LG+F+I        2497.630     53  5101.260     5114.388     5323.563
 25  LG+F+G4       2496.801     53  5099.603     5112.731     5321.906
 26  LG+F+I+G4     2497.023     54  5102.045     5115.700     5328.543
 27  LG+F+R2       2497.218     54  5102.436     5116.091     5328.934
 46  WAG+I         2514.341     34  5096.682     5101.913     5239.292
 47  WAG+G4        2513.894     34  5095.788     5101.018     5238.397
 48  WAG+I+G4      2514.088     35  5098.176     5103.727     5244.980
 49  WAG+R2        2514.343     35  5098.686     5104.237     5245.490
 68  WAG+F+I       2488.676     53  5083.353     5096.481     5305.656
 69  WAG+F+G4      2488.064     53  5082.128     5095.257     5304.432
 70  WAG+F+I+G4    2488.351     54  5084.701     5098.357     5311.199
 71  WAG+F+R2      2488.609     54  5085.219     5098.874     5311.716
 90  JTT+I         2498.520     34  5065.041     5070.271     5207.650
 91  JTT+G4        2498.349     34  5064.698     5069.929     5207.308
 92  JTT+I+G4      2498.395     35  5066.791     5072.341     5213.595
 93  JTT+R2        2498.704     35  5067.407     5072.958     5214.211
112  JTT+F+I       2476.638     53  5059.276     5072.405     5281.580
113  JTT+F+G4      2476.332     53  5058.663     5071.792     5280.967
114  JTT+F+I+G4    2476.439     54  5060.878     5074.533     5287.376
115  JTT+F+R2      2476.709     54  5061.418     5075.073     5287.916
WARNING: Normalizing state frequencies so that sum of them equals to 1
134  Q.pfam+I      2523.016     34  5114.033     5119.263     5256.642
WARNING: Normalizing state frequencies so that sum of them equals to 1
135  Q.pfam+G4     2522.343     34  5112.686     5117.917     5255.296
WARNING: Normalizing state frequencies so that sum of them equals to 1
136  Q.pfam+I+G4   2522.512     35  5115.023     5120.574     5261.828
WARNING: Normalizing state frequencies so that sum of them equals to 1
137  Q.pfam+R2     2522.653     35  5115.305     5120.856     5262.110
WARNING: Normalizing state frequencies so that sum of them equals to 1
156  Q.pfam+F+I    2497.158     53  5100.317     5113.445     5322.620
WARNING: Normalizing state frequencies so that sum of them equals to 1
157  Q.pfam+F+G4   2496.324     53  5098.648     5111.777     5320.952
WARNING: Normalizing state frequencies so that sum of them equals to 1
158  Q.pfam+F+I+G4 2496.538     54  5101.076     5114.731     5327.574
WARNING: Normalizing state frequencies so that sum of them equals to 1
159  Q.pfam+F+R2   2496.649     54  5101.298     5114.954     5327.796
WARNING: Normalizing state frequencies so that sum of them equals to 1
178  Q.bird+I      2506.311     34  5080.622     5085.852     5223.231
WARNING: Normalizing state frequencies so that sum of them equals to 1
179  Q.bird+G4     2505.815     34  5079.630     5084.861     5222.240
WARNING: Normalizing state frequencies so that sum of them equals to 1
180  Q.bird+I+G4   2505.912     35  5081.823     5087.374     5228.627
WARNING: Normalizing state frequencies so that sum of them equals to 1
181  Q.bird+R2     2505.981     35  5081.963     5087.514     5228.767
WARNING: Normalizing state frequencies so that sum of them equals to 1
200  Q.bird+F+I    2482.826     53  5071.653     5084.781     5293.956
WARNING: Normalizing state frequencies so that sum of them equals to 1
201  Q.bird+F+G4   2481.865     53  5069.730     5082.859     5292.034
WARNING: Normalizing state frequencies so that sum of them equals to 1
202  Q.bird+F+I+G4 2482.015     54  5072.030     5085.686     5298.528
WARNING: Normalizing state frequencies so that sum of them equals to 1
203  Q.bird+F+R2   2481.979     54  5071.958     5085.614     5298.456
WARNING: Normalizing state frequencies so that sum of them equals to 1
222  Q.mammal+I    2505.685     34  5079.371     5084.601     5221.980
WARNING: Normalizing state frequencies so that sum of them equals to 1
223  Q.mammal+G4   2505.311     34  5078.622     5083.853     5221.232
WARNING: Normalizing state frequencies so that sum of them equals to 1
224  Q.mammal+I+G4 2505.412     35  5080.823     5086.374     5227.627
WARNING: Normalizing state frequencies so that sum of them equals to 1
225  Q.mammal+R2   2505.547     35  5081.094     5086.644     5227.898
WARNING: Normalizing state frequencies so that sum of them equals to 1
244  Q.mammal+F+I  2480.173     53  5066.346     5079.474     5288.649
WARNING: Normalizing state frequencies so that sum of them equals to 1
245  Q.mammal+F+G4 2479.441     53  5064.883     5078.011     5287.186
WARNING: Normalizing state frequencies so that sum of them equals to 1
246  Q.mammal+F+I+G4 2479.614     54  5067.229     5080.884     5293.727
WARNING: Normalizing state frequencies so that sum of them equals to 1
247  Q.mammal+F+R2 2479.602     54  5067.203     5080.858     5293.701
266  Q.insect+I    2535.401     34  5138.803     5144.034     5281.413
267  Q.insect+G4   2534.930     34  5137.860     5143.091     5280.470
268  Q.insect+I+G4 2535.041     35  5140.083     5145.633     5286.887
269  Q.insect+R2   2535.218     35  5140.436     5145.987     5287.240
288  Q.insect+F+I  2493.379     53  5092.758     5105.887     5315.062
289  Q.insect+F+G4 2492.755     53  5091.509     5104.638     5313.813
290  Q.insect+F+I+G4 2492.926     54  5093.853     5107.508     5320.351
291  Q.insect+F+R2 2493.129     54  5094.258     5107.913     5320.756
WARNING: Normalizing state frequencies so that sum of them equals to 1
310  Q.plant+I     2513.031     34  5094.062     5099.293     5236.672
WARNING: Normalizing state frequencies so that sum of them equals to 1
311  Q.plant+G4    2512.350     34  5092.700     5097.931     5235.310
WARNING: Normalizing state frequencies so that sum of them equals to 1
312  Q.plant+I+G4  2512.486     35  5094.972     5100.522     5241.776
WARNING: Normalizing state frequencies so that sum of them equals to 1
313  Q.plant+R2    2512.574     35  5095.147     5100.698     5241.952
WARNING: Normalizing state frequencies so that sum of them equals to 1
332  Q.plant+F+I   2480.288     53  5066.576     5079.705     5288.880
WARNING: Normalizing state frequencies so that sum of them equals to 1
333  Q.plant+F+G4  2479.404     53  5064.808     5077.936     5287.111
WARNING: Normalizing state frequencies so that sum of them equals to 1
334  Q.plant+F+I+G4 2479.590     54  5067.179     5080.835     5293.677
WARNING: Normalizing state frequencies so that sum of them equals to 1
335  Q.plant+F+R2  2479.647     54  5067.294     5080.949     5293.792
WARNING: Normalizing state frequencies so that sum of them equals to 1
354  Q.yeast+I     2552.485     34  5172.969     5178.200     5315.579
WARNING: Normalizing state frequencies so that sum of them equals to 1
355  Q.yeast+G4    2551.922     34  5171.843     5177.074     5314.453
WARNING: Normalizing state frequencies so that sum of them equals to 1
356  Q.yeast+I+G4  2552.018     35  5174.035     5179.586     5320.839
WARNING: Normalizing state frequencies so that sum of them equals to 1
357  Q.yeast+R2    2552.237     35  5174.474     5180.024     5321.278
WARNING: Normalizing state frequencies so that sum of them equals to 1
376  Q.yeast+F+I   2495.955     53  5097.909     5111.038     5320.213
WARNING: Normalizing state frequencies so that sum of them equals to 1
377  Q.yeast+F+G4  2495.141     53  5096.281     5109.410     5318.585
WARNING: Normalizing state frequencies so that sum of them equals to 1
378  Q.yeast+F+I+G4 2495.314     54  5098.628     5112.283     5325.126
WARNING: Normalizing state frequencies so that sum of them equals to 1
379  Q.yeast+F+R2  2495.479     54  5098.959     5112.614     5325.457
398  JTTDCMut+I    2499.411     34  5066.822     5072.052     5209.431
399  JTTDCMut+G4   2499.239     34  5066.479     5071.709     5209.088
400  JTTDCMut+I+G4 2499.287     35  5068.574     5074.124     5215.378
401  JTTDCMut+R2   2499.587     35  5069.174     5074.725     5215.978
420  JTTDCMut+F+I  2477.043     53  5060.086     5073.215     5282.390
421  JTTDCMut+F+G4 2476.732     53  5059.463     5072.592     5281.767
422  JTTDCMut+F+I+G4 2476.844     54  5061.688     5075.343     5288.186
423  JTTDCMut+F+R2 2477.185     54  5062.371     5076.026     5288.869
442  DCMut+I       2553.923     34  5175.846     5181.076     5318.455
443  DCMut+G4      2552.915     34  5173.830     5179.060     5316.439
444  DCMut+I+G4    2553.096     35  5176.192     5181.742     5322.996
445  DCMut+R2      2553.097     35  5176.195     5181.745     5322.999
464  DCMut+F+I     2516.515     53  5139.029     5152.158     5361.333
465  DCMut+F+G4    2515.320     53  5136.639     5149.768     5358.943
466  DCMut+F+I+G4  2515.560     54  5139.119     5152.774     5365.617
467  DCMut+F+R2    2515.510     54  5139.020     5152.675     5365.518
486  VT+I          2516.890     34  5101.780     5107.010     5244.389
487  VT+G4         2516.674     34  5101.347     5106.578     5243.957
488  VT+I+G4       2516.756     35  5103.513     5109.064     5250.317
489  VT+R2         2517.134     35  5104.267     5109.818     5251.071
508  VT+F+I        2490.687     53  5087.374     5100.502     5309.677
509  VT+F+G4       2490.374     53  5086.748     5099.877     5309.052
510  VT+F+I+G4     2490.512     54  5089.024     5102.679     5315.521
511  VT+F+R2       2490.916     54  5089.831     5103.486     5316.329
530  PMB+I         2541.685     34  5151.370     5156.601     5293.980
531  PMB+G4        2541.352     34  5150.703     5155.934     5293.313
532  PMB+I+G4      2541.488     35  5152.977     5158.527     5299.781
533  PMB+R2        2541.801     35  5153.601     5159.152     5300.406
552  PMB+F+I       2512.080     53  5130.161     5143.289     5352.464
553  PMB+F+G4      2511.627     53  5129.254     5142.383     5351.558
554  PMB+F+I+G4    2511.835     54  5131.669     5145.324     5358.167
555  PMB+F+R2      2512.143     54  5132.285     5145.940     5358.783
574  Blosum62+I    2546.226     34  5160.451     5165.682     5303.061
575  Blosum62+G4   2545.789     34  5159.579     5164.810     5302.189
576  Blosum62+I+G4 2545.947     35  5161.895     5167.445     5308.699
577  Blosum62+R2   2546.151     35  5162.303     5167.853     5309.107
596  Blosum62+F+I  2515.151     53  5136.301     5149.430     5358.605
597  Blosum62+F+G4 2514.583     53  5135.165     5148.294     5357.469
598  Blosum62+F+I+G4 2514.814     54  5137.629     5151.284     5364.127
599  Blosum62+F+R2 2515.019     54  5138.038     5151.694     5364.536
618  Dayhoff+I     2553.773     34  5175.546     5180.777     5318.156
619  Dayhoff+G4    2552.751     34  5173.503     5178.733     5316.112
620  Dayhoff+I+G4  2552.934     35  5175.868     5181.419     5322.672
621  Dayhoff+R2    2552.936     35  5175.872     5181.423     5322.676
640  Dayhoff+F+I   2516.394     53  5138.788     5151.916     5361.091
641  Dayhoff+F+G4  2515.183     53  5136.365     5149.494     5358.669
642  Dayhoff+F+I+G4 2515.426     54  5138.851     5152.506     5365.349
643  Dayhoff+F+R2  2515.375     54  5138.751     5152.406     5365.248
662  mtREV+I       2646.744     34  5361.488     5366.719     5504.098
663  mtREV+G4      2644.632     34  5357.265     5362.495     5499.875
664  mtREV+I+G4    2644.698     35  5359.396     5364.947     5506.200
665  mtREV+R2      2644.447     35  5358.894     5364.445     5505.698
684  mtREV+F+I     2513.940     53  5133.881     5147.009     5356.184
685  mtREV+F+G4    2512.220     53  5130.441     5143.569     5352.744
686  mtREV+F+I+G4  2512.434     54  5132.868     5146.524     5359.366
687  mtREV+F+R2    2512.317     54  5132.633     5146.289     5359.131
706  mtART+I       2723.130     34  5514.260     5519.490     5656.870
707  mtART+G4      2714.040     34  5496.080     5501.311     5638.690
708  mtART+I+G4    2712.982     35  5495.964     5501.514     5642.768
709  mtART+R2      2710.349     35  5490.699     5496.250     5637.503
728  mtART+F+I     2561.292     53  5228.584     5241.712     5450.887
729  mtART+F+G4    2554.257     53  5214.514     5227.642     5436.817
730  mtART+F+I+G4  2553.338     54  5214.675     5228.330     5441.173
731  mtART+F+R2    2549.085     54  5206.170     5219.826     5432.668
750  mtZOA+I       2651.440     34  5370.880     5376.110     5513.489
751  mtZOA+G4      2648.067     34  5364.134     5369.365     5506.744
752  mtZOA+I+G4    2647.957     35  5365.913     5371.464     5512.717
753  mtZOA+R2      2647.236     35  5364.473     5370.024     5511.277
772  mtZOA+F+I     2521.417     53  5148.833     5161.962     5371.137
773  mtZOA+F+G4    2519.069     53  5144.137     5157.266     5366.441
774  mtZOA+F+I+G4  2519.134     54  5146.268     5159.924     5372.766
775  mtZOA+F+R2    2518.832     54  5145.664     5159.319     5372.162
794  mtMet+I       2670.909     34  5409.819     5415.050     5552.429
795  mtMet+G4      2669.265     34  5406.531     5411.761     5549.140
796  mtMet+I+G4    2669.276     35  5408.552     5414.103     5555.357
797  mtMet+R2      2669.214     35  5408.428     5413.979     5555.232
816  mtMet+F+I     2498.833     53  5103.665     5116.794     5325.969
817  mtMet+F+G4    2497.412     53  5100.824     5113.952     5323.127
818  mtMet+F+I+G4  2497.515     54  5103.030     5116.685     5329.528
819  mtMet+F+R2    2497.544     54  5103.088     5116.743     5329.586
838  mtVer+I       2651.755     34  5371.509     5376.740     5514.119
839  mtVer+G4      2649.138     34  5366.275     5371.506     5508.885
840  mtVer+I+G4    2649.019     35  5368.039     5373.589     5514.843
841  mtVer+R2      2648.700     35  5367.400     5372.951     5514.204
860  mtVer+F+I     2516.754     53  5139.509     5152.637     5361.812
861  mtVer+F+G4    2514.598     53  5135.196     5148.324     5357.499
862  mtVer+F+I+G4  2514.687     54  5137.375     5151.030     5363.873
863  mtVer+F+R2    2514.252     54  5136.504     5150.159     5363.002
882  mtInv+I       2731.505     34  5531.010     5536.241     5673.620
883  mtInv+G4      2730.371     34  5528.741     5533.972     5671.351
884  mtInv+I+G4    2730.454     35  5530.908     5536.459     5677.713
885  mtInv+R2      2730.509     35  5531.018     5536.569     5677.822
904  mtInv+F+I     2498.879     53  5103.758     5116.886     5326.061
905  mtInv+F+G4    2497.830     53  5101.661     5114.789     5323.964
906  mtInv+F+I+G4  2498.007     54  5104.015     5117.670     5330.513
907  mtInv+F+R2    2498.069     54  5104.138     5117.793     5330.636
926  mtMAM+I       2681.787     34  5431.574     5436.805     5574.184
927  mtMAM+G4      2673.097     34  5414.194     5419.425     5556.804
928  mtMAM+I+G4    2672.008     35  5414.016     5419.567     5560.820
929  mtMAM+R2      2671.031     35  5412.061     5417.612     5558.866
948  mtMAM+F+I     2550.271     53  5206.542     5219.670     5428.845
949  mtMAM+F+G4    2542.931     53  5191.862     5204.991     5414.166
950  mtMAM+F+I+G4  2542.146     54  5192.292     5205.947     5418.790
951  mtMAM+F+R2    2539.201     54  5186.402     5200.057     5412.900
WARNING: Normalizing state frequencies so that sum of them equals to 1
970  FLAVI+I       2545.505     34  5159.009     5164.240     5301.619
WARNING: Normalizing state frequencies so that sum of them equals to 1
971  FLAVI+G4      2543.556     34  5155.113     5160.344     5297.723
WARNING: Normalizing state frequencies so that sum of them equals to 1
972  FLAVI+I+G4    2543.727     35  5157.453     5163.004     5304.258
WARNING: Normalizing state frequencies so that sum of them equals to 1
973  FLAVI+R2      2543.226     35  5156.453     5162.004     5303.257
WARNING: Normalizing state frequencies so that sum of them equals to 1
992  FLAVI+F+I     2513.842     53  5133.684     5146.812     5355.987
WARNING: Normalizing state frequencies so that sum of them equals to 1
993  FLAVI+F+G4    2511.483     53  5128.966     5142.094     5351.269
WARNING: Normalizing state frequencies so that sum of them equals to 1
994  FLAVI+F+I+G4  2511.643     54  5131.285     5144.940     5357.783
WARNING: Normalizing state frequencies so that sum of them equals to 1
995  FLAVI+F+R2    2511.024     54  5130.048     5143.703     5356.546
1014  HIVb+I        2527.088     34  5122.177     5127.407     5264.786
1015  HIVb+G4       2525.976     34  5119.952     5125.182     5262.561
1016  HIVb+I+G4     2526.150     35  5122.301     5127.851     5269.105
1017  HIVb+R2       2526.067     35  5122.134     5127.684     5268.938
1036  HIVb+F+I      2495.094     53  5096.187     5109.316     5318.491
1037  HIVb+F+G4     2493.940     53  5093.879     5107.008     5316.183
1038  HIVb+F+I+G4   2494.090     54  5096.179     5109.835     5322.677
1039  HIVb+F+R2     2494.055     54  5096.109     5109.764     5322.607
1058  HIVw+I        2596.000     34  5260.000     5265.231     5402.610
1059  HIVw+G4       2594.433     34  5256.866     5262.097     5399.476
1060  HIVw+I+G4     2594.573     35  5259.145     5264.696     5405.950
1061  HIVw+R2       2594.375     35  5258.749     5264.300     5405.553
1080  HIVw+F+I      2513.611     53  5133.222     5146.350     5355.525
1081  HIVw+F+G4     2512.106     53  5130.212     5143.340     5352.515
1082  HIVw+F+I+G4   2512.197     54  5132.395     5146.050     5358.893
1083  HIVw+F+R2     2512.001     54  5132.002     5145.658     5358.500
1102  FLU+I         2548.916     34  5165.832     5171.062     5308.441
1103  FLU+G4        2547.655     34  5163.310     5168.541     5305.920
1104  FLU+I+G4      2547.917     35  5165.834     5171.385     5312.639
1105  FLU+R2        2547.820     35  5165.640     5171.191     5312.444
1124  FLU+F+I       2499.433     53  5104.865     5117.994     5327.169
1125  FLU+F+G4      2497.632     53  5101.265     5114.393     5323.568
1126  FLU+F+I+G4    2498.010     54  5104.019     5117.674     5330.517
1127  FLU+F+R2      2497.625     54  5103.250     5116.905     5329.747
1146  rtREV+I       2546.885     34  5161.769     5167.000     5304.379
1147  rtREV+G4      2545.887     34  5159.774     5165.005     5302.384
1148  rtREV+I+G4    2546.038     35  5162.075     5167.626     5308.879
1149  rtREV+R2      2546.101     35  5162.202     5167.753     5309.006
1168  rtREV+F+I     2510.252     53  5126.503     5139.632     5348.807
1169  rtREV+F+G4    2509.015     53  5124.029     5137.158     5346.333
1170  rtREV+F+I+G4  2509.219     54  5126.438     5140.093     5352.935
1171  rtREV+F+R2    2509.253     54  5126.506     5140.161     5353.004
1190  cpREV+I       2529.470     34  5126.940     5132.171     5269.550
1191  cpREV+G4      2528.378     34  5124.756     5129.986     5267.365
1192  cpREV+I+G4    2528.764     35  5127.528     5133.079     5274.333
1193  cpREV+R2      2528.766     35  5127.533     5133.084     5274.337
1212  cpREV+F+I     2487.753     53  5081.505     5094.634     5303.809
1213  cpREV+F+G4    2486.522     53  5079.044     5092.172     5301.347
1214  cpREV+F+I+G4  2487.034     54  5082.068     5095.723     5308.566
1215  cpREV+F+R2    2486.983     54  5081.965     5095.620     5308.463
Akaike Information Criterion:           JTT+F+G4
Corrected Akaike Information Criterion: JTT+G4
Bayesian Information Criterion:         JTT+G4
Best-fit model: JTT+G4 chosen according to BIC

All model information printed to ./orthofinder/Results_Jul07/WorkingDirectory/Alignments_ids/OG0000099.model.gz
CPU time for ModelFinder: 11.613 seconds (0h:0m:11s)
Wall-clock time for ModelFinder: 28.894 seconds (0h:0m:28s)

NOTE: 2 MB RAM (0 GB) is required!
Estimate model parameters (epsilon = 0.100)
1. Initial log-likelihood: -2498.349
Optimal log-likelihood: -2498.349
Gamma shape alpha: 0.726
Parameters optimization took 1 rounds (0.029 sec)
Wrote distance file to... 
Computing ML distances based on estimated model parameters...
Calculating distance matrix: done in 0.0394099 secs using 59.32% CPU
Computing ML distances took 0.039449 sec (of wall-clock time) 0.023416 sec (of CPU time)
Setting up auxiliary I and S matrices: done in 3.29018e-05 secs using 203.6% CPU
Constructing RapidNJ tree: done in 4.69685e-05 secs using 202.3% CPU
Computing RapidNJ tree took 0.000130 sec (of wall-clock time) 0.000257 sec (of CPU time)
Log-likelihood of RapidNJ tree: -2498.359
--------------------------------------------------------------------
|             INITIALIZING CANDIDATE TREE SET                      |
--------------------------------------------------------------------
Generating 98 parsimony trees... 0.066 second
Computing log-likelihood of 98 initial trees ... 0.672 seconds
Current best score: -2498.349

Do NNI search on 20 best initial trees
Optimizing NNI: done in 0.03372 secs using 52.55% CPU
Estimate model parameters (epsilon = 0.100)
BETTER TREE FOUND at iteration 1: -2498.349
Optimizing NNI: done in 0.03351 secs using 52.25% CPU
Optimizing NNI: done in 0.06654 secs using 51.9% CPU
BETTER TREE FOUND at iteration 3: -2498.349
Optimizing NNI: done in 0.066256 secs using 51.7% CPU
Optimizing NNI: done in 0.0662179 secs using 51.69% CPU
Optimizing NNI: done in 0.0651581 secs using 50.9% CPU
Optimizing NNI: done in 0.08272 secs using 41.97% CPU
BETTER TREE FOUND at iteration 7: -2498.349
Optimizing NNI: done in 0.0673301 secs using 52.47% CPU
Optimizing NNI: done in 0.0653269 secs using 51.02% CPU
Optimizing NNI: done in 0.0671511 secs using 52.35% CPU
Iteration 10 / LogL: -2498.349 / Time: 0h:0m:1s
Optimizing NNI: done in 0.082104 secs using 41.53% CPU
Optimizing NNI: done in 0.0646129 secs using 50.47% CPU
Optimizing NNI: done in 0.0649619 secs using 50.7% CPU
Optimizing NNI: done in 0.065886 secs using 51.42% CPU
Optimizing NNI: done in 0.0627511 secs using 49% CPU
Optimizing NNI: done in 0.064961 secs using 50.75% CPU
Optimizing NNI: done in 0.065315 secs using 51.01% CPU
Optimizing NNI: done in 0.065326 secs using 51.02% CPU
Optimizing NNI: done in 0.0622301 secs using 48.59% CPU
Optimizing NNI: done in 0.06196 secs using 48.36% CPU
BETTER TREE FOUND at iteration 20: -2498.349
Iteration 20 / LogL: -2498.349 / Time: 0h:0m:2s
Finish initializing candidate tree set (18)
Current best tree score: -2498.349 / CPU time: 2.090
Number of iterations: 20
--------------------------------------------------------------------
|               OPTIMIZING CANDIDATE TREE SET                      |
--------------------------------------------------------------------
Optimizing NNI: done in 0.122964 secs using 57.64% CPU
Optimizing NNI: done in 0.132864 secs using 51.83% CPU
Optimizing NNI: done in 0.163711 secs using 51.13% CPU
Optimizing NNI: done in 0.100754 secs using 52.36% CPU
Optimizing NNI: done in 0.0671961 secs using 52.38% CPU
Optimizing NNI: done in 0.120722 secs using 50.51% CPU
Optimizing NNI: done in 0.0334859 secs using 52.22% CPU
Optimizing NNI: done in 0.13437 secs using 52.37% CPU
Optimizing NNI: done in 0.0572019 secs using 44.06% CPU
Optimizing NNI: done in 0.0961561 secs using 50.08% CPU
Iteration 30 / LogL: -2498.352 / Time: 0h:0m:3s (0h:0m:10s left)
Optimizing NNI: done in 0.133196 secs using 51.95% CPU
Optimizing NNI: done in 0.127563 secs using 49.83% CPU
Optimizing NNI: done in 0.0808742 secs using 40.66% CPU
Optimizing NNI: done in 0.100502 secs using 52.25% CPU
Optimizing NNI: done in 0.0613289 secs using 100% CPU
Optimizing NNI: done in 0.0858669 secs using 100% CPU
Optimizing NNI: done in 0.130998 secs using 75.56% CPU
Optimizing NNI: done in 0.174697 secs using 54.21% CPU
Optimizing NNI: done in 0.0318849 secs using 100% CPU
Optimizing NNI: done in 0.0519431 secs using 100% CPU
Iteration 40 / LogL: -2498.351 / Time: 0h:0m:4s (0h:0m:8s left)
Optimizing NNI: done in 0.0659521 secs using 100% CPU
Optimizing NNI: done in 0.064944 secs using 75.36% CPU
Optimizing NNI: done in 0.116184 secs using 44.91% CPU
Optimizing NNI: done in 0.0412989 secs using 61.25% CPU
Optimizing NNI: done in 0.204379 secs using 53.01% CPU
Optimizing NNI: done in 0.1533 secs using 47.82% CPU
Optimizing NNI: done in 0.0962229 secs using 45.98% CPU
Optimizing NNI: done in 0.0973601 secs using 50.7% CPU
Optimizing NNI: done in 0.123566 secs using 48.2% CPU
Optimizing NNI: done in 0.116892 secs using 58.14% CPU
Iteration 50 / LogL: -2502.559 / Time: 0h:0m:5s (0h:0m:7s left)
Optimizing NNI: done in 0.0864551 secs using 100% CPU
Optimizing NNI: done in 0.0516469 secs using 100% CPU
Optimizing NNI: done in 0.03351 secs using 100% CPU
Optimizing NNI: done in 0.052074 secs using 100% CPU
Optimizing NNI: done in 0.0527949 secs using 100% CPU
Optimizing NNI: done in 0.0252051 secs using 100% CPU
Optimizing NNI: done in 0.0319319 secs using 100% CPU
Optimizing NNI: done in 0.0519409 secs using 100% CPU
Optimizing NNI: done in 0.0321469 secs using 100% CPU
Optimizing NNI: done in 0.0368831 secs using 100% CPU
Iteration 60 / LogL: -2498.352 / Time: 0h:0m:5s (0h:0m:5s left)
Optimizing NNI: done in 0.112133 secs using 57.2% CPU
Optimizing NNI: done in 0.108199 secs using 100% CPU
Optimizing NNI: done in 0.0515101 secs using 100% CPU
Optimizing NNI: done in 0.0878439 secs using 81.79% CPU
Optimizing NNI: done in 0.069813 secs using 100% CPU
Optimizing NNI: done in 0.0508101 secs using 68.5% CPU
Optimizing NNI: done in 0.149556 secs using 46.5% CPU
Optimizing NNI: done in 0.0335119 secs using 52.27% CPU
Optimizing NNI: done in 0.132312 secs using 51.62% CPU
Optimizing NNI: done in 0.0575402 secs using 44.39% CPU
Iteration 70 / LogL: -2498.349 / Time: 0h:0m:6s (0h:0m:4s left)
Optimizing NNI: done in 0.120011 secs using 70% CPU
Optimizing NNI: done in 0.0681391 secs using 99.8% CPU
Optimizing NNI: done in 0.0709879 secs using 71.83% CPU
Optimizing NNI: done in 0.130754 secs using 48.94% CPU
Optimizing NNI: done in 0.215458 secs using 46.75% CPU
Optimizing NNI: done in 0.0417142 secs using 61.64% CPU
Optimizing NNI: done in 0.129291 secs using 50.49% CPU
Optimizing NNI: done in 0.107923 secs using 55.51% CPU
Optimizing NNI: done in 0.270248 secs using 52.64% CPU
Optimizing NNI: done in 0.284014 secs using 49.3% CPU
Iteration 80 / LogL: -2498.350 / Time: 0h:0m:8s (0h:0m:4s left)
Optimizing NNI: done in 0.0335102 secs using 52.25% CPU
Optimizing NNI: done in 0.057749 secs using 44.6% CPU
Optimizing NNI: done in 0.162843 secs using 50.88% CPU
Optimizing NNI: done in 0.21845 secs using 48.74% CPU
Optimizing NNI: done in 0.159382 secs using 49.8% CPU
Optimizing NNI: done in 0.149374 secs using 46.44% CPU
Optimizing NNI: done in 0.095273 secs using 49.62% CPU
Optimizing NNI: done in 0.166203 secs using 51.87% CPU
Optimizing NNI: done in 0.217183 secs using 48.43% CPU
Optimizing NNI: done in 0.130976 secs using 51.14% CPU
Iteration 90 / LogL: -2498.349 / Time: 0h:0m:9s (0h:0m:3s left)
Optimizing NNI: done in 0.194602 secs using 50.66% CPU
Optimizing NNI: done in 0.118205 secs using 45.86% CPU
Optimizing NNI: done in 0.130639 secs using 51.01% CPU
Optimizing NNI: done in 0.191507 secs using 49.88% CPU
Optimizing NNI: done in 0.217744 secs using 48.57% CPU
Optimizing NNI: done in 0.0690329 secs using 76.82% CPU
Optimizing NNI: done in 0.085063 secs using 100% CPU
Optimizing NNI: done in 0.0523551 secs using 100% CPU
Optimizing NNI: done in 0.0974221 secs using 67.16% CPU
Optimizing NNI: done in 0.0945649 secs using 100% CPU
Iteration 100 / LogL: -2498.350 / Time: 0h:0m:10s (0h:0m:2s left)
Optimizing NNI: done in 0.0691862 secs using 100% CPU
Optimizing NNI: done in 0.127375 secs using 78.64% CPU
Optimizing NNI: done in 0.065414 secs using 99.64% CPU
Optimizing NNI: done in 0.065496 secs using 100% CPU
Optimizing NNI: done in 0.121053 secs using 99.97% CPU
Optimizing NNI: done in 0.096678 secs using 100% CPU
Optimizing NNI: done in 0.0971341 secs using 67.06% CPU
Optimizing NNI: done in 0.108959 secs using 59.61% CPU
Optimizing NNI: done in 0.152443 secs using 68.51% CPU
Optimizing NNI: done in 0.10289 secs using 84.45% CPU
Iteration 110 / LogL: -2498.350 / Time: 0h:0m:11s (0h:0m:1s left)
Optimizing NNI: done in 0.0923979 secs using 56.7% CPU
Optimizing NNI: done in 0.13325 secs using 51.97% CPU
Optimizing NNI: done in 0.067101 secs using 100% CPU
Optimizing NNI: done in 0.099474 secs using 67.82% CPU
Optimizing NNI: done in 0.0820861 secs using 99.92% CPU
Optimizing NNI: done in 0.096693 secs using 100% CPU
Optimizing NNI: done in 0.0250301 secs using 100% CPU
Optimizing NNI: done in 0.063673 secs using 74.88% CPU
Optimizing NNI: done in 0.0854609 secs using 81.28% CPU
Optimizing NNI: done in 0.0816469 secs using 99.95% CPU
Iteration 120 / LogL: -2498.351 / Time: 0h:0m:12s (0h:0m:0s left)
Optimizing NNI: done in 0.0995612 secs using 67.86% CPU
TREE SEARCH COMPLETED AFTER 121 ITERATIONS / Time: 0h:0m:12s

--------------------------------------------------------------------
|                    FINALIZING TREE SEARCH                        |
--------------------------------------------------------------------
Performs final model parameters optimization
Estimate model parameters (epsilon = 0.010)
1. Initial log-likelihood: -2498.349
Optimal log-likelihood: -2498.349
Gamma shape alpha: 0.726
Parameters optimization took 1 rounds (0.011 sec)
BEST SCORE FOUND : -2498.349
Total tree length: 0.386

Total number of iterations: 121
CPU time used for tree search: 7.898 sec (0h:0m:7s)
Wall-clock time used for tree search: 12.685 sec (0h:0m:12s)
Total CPU time used: 7.992 sec (0h:0m:7s)
Total wall-clock time used: 12.845 sec (0h:0m:12s)

Analysis results written to: 
  IQ-TREE report:                ./orthofinder/Results_Jul07/WorkingDirectory/Alignments_ids/OG0000099.iqtree
  Maximum-likelihood tree:       ./orthofinder/Results_Jul07/WorkingDirectory/Alignments_ids/OG0000099.treefile
  Likelihood distances:          ./orthofinder/Results_Jul07/WorkingDirectory/Alignments_ids/OG0000099.mldist
  Screen log file:               ./orthofinder/Results_Jul07/WorkingDirectory/Alignments_ids/OG0000099.log

Date and Time: Sun Jul  7 17:50:47 2024
