IQ-TREE multicore version 2.2.0.5 COVID-edition for Linux 64-bit built Sep 26 2022
Developed by Bui Quang Minh, James Barbetti, Nguyen Lam Tung,
Olga Chernomor, Heiko Schmidt, Dominik Schrempf, Michael Woodhams, Ly Trong Nhan.

Host:    c090 (AVX2, FMA3, 503 GB RAM)
Command: iqtree -s ./orthofinder/Results_Jul07/WorkingDirectory/Alignments_ids/OG0000224.fa -pre ./orthofinder/Results_Jul07/WorkingDirectory/Alignments_ids/OG0000224
Seed:    3239 (Using SPRNG - Scalable Parallel Random Number Generator)
Time:    Sun Jul  7 17:55:43 2024
Kernel:  AVX+FMA - 1 threads (24 CPU cores detected)

HINT: Use -nt option to specify number of threads because your CPU has 24 cores!
HINT: -nt AUTO will automatically determine the best number of threads to use.

Reading alignment file ./orthofinder/Results_Jul07/WorkingDirectory/Alignments_ids/OG0000224.fa ... Fasta format detected
Reading fasta file: done in 0.00610185 secs using 1.803% CPU
Alignment most likely contains protein sequences
Constructing alignment: done in 0.000277042 secs using 99.98% CPU
Alignment has 4 sequences with 744 columns, 409 distinct patterns
7 parsimony-informative, 328 singleton sites, 408 constant sites
       Gap/Ambiguity  Composition  p-value
Analyzing sequences: done in 5.96046e-06 secs using 83.89% CPU
   1  0_123   81.72%    passed     77.82%
   2  8_73    42.74%    passed     81.03%
   3  9_143   16.40%    passed     61.92%
   4  11_44   30.51%    passed     97.35%
WARNING: 1 sequences contain more than 50% gaps/ambiguity
****  TOTAL   42.84%  0 sequences failed composition chi2 test (p-value<5%; df=19)
Checking for duplicate sequences: done in 9.05991e-06 secs using 99.34% CPU


Create initial parsimony tree by phylogenetic likelihood library (PLL)... 0.000 seconds
Perform fast likelihood tree search using LG+I+G model...
Estimate model parameters (epsilon = 5.000)
Perform nearest neighbor interchange...
Optimizing NNI: done in 0.00180006 secs using 100.1% CPU
Estimate model parameters (epsilon = 1.000)
1. Initial log-likelihood: -4123.749
2. Current log-likelihood: -4122.655
Optimal log-likelihood: -4121.965
Proportion of invariable sites: 0.161
Gamma shape alpha: 4.289
Parameters optimization took 2 rounds (0.057 sec)
Time for fast ML tree search: 0.111 seconds

NOTE: ModelFinder requires 2 MB RAM!
ModelFinder will test up to 1232 protein models (sample size: 744) ...
 No. Model         -LnL         df  AIC          AICc         BIC
  1  LG            4141.331     5   8292.662     8292.743     8315.722
  2  LG+I          4123.777     6   8259.555     8259.669     8287.227
  3  LG+G4         4119.981     6   8251.963     8252.077     8279.635
  4  LG+I+G4       4120.619     7   8255.239     8255.391     8287.523
  5  LG+R2         4120.761     7   8255.522     8255.674     8287.806
  6  LG+R3         4120.141     9   8258.281     8258.527     8299.790
 14  LG+I+R2       4120.248     8   8256.497     8256.693     8293.393
 15  LG+I+R3       4119.469     10  8258.938     8259.238     8305.059
 24  LG+F+I        4050.803     25  8151.605     8153.416     8266.906
 25  LG+F+G4       4045.061     25  8140.123     8141.934     8255.424
 26  LG+F+I+G4     4046.153     26  8144.307     8146.265     8264.220
 27  LG+F+R2       4045.812     26  8143.624     8145.582     8263.537
 46  WAG+I         4116.661     6   8245.322     8245.436     8272.994
 47  WAG+G4        4115.364     6   8242.728     8242.842     8270.401
 48  WAG+I+G4      4115.838     7   8245.676     8245.828     8277.960
 49  WAG+R2        4115.856     7   8245.712     8245.864     8277.996
 68  WAG+F+I       4044.669     25  8139.338     8141.148     8254.639
 69  WAG+F+G4      4042.202     25  8134.403     8136.214     8249.704
 70  WAG+F+I+G4    4042.988     26  8137.976     8139.934     8257.889
 71  WAG+F+R2      4042.741     26  8137.481     8139.440     8257.395
 90  JTT+I         4135.133     6   8282.265     8282.379     8309.937
 91  JTT+G4        4130.580     6   8273.160     8273.274     8300.832
 92  JTT+I+G4      4131.462     7   8276.923     8277.075     8309.207
 93  JTT+R2        4131.536     7   8277.071     8277.223     8309.355
112  JTT+F+I       4063.448     25  8176.895     8178.706     8292.196
113  JTT+F+G4      4057.808     25  8165.616     8167.427     8280.917
114  JTT+F+I+G4    4058.844     26  8169.687     8171.645     8289.600
115  JTT+F+R2      4058.693     26  8169.386     8171.344     8289.299
WARNING: Normalizing state frequencies so that sum of them equals to 1
134  Q.pfam+I      4136.206     6   8284.411     8284.525     8312.084
WARNING: Normalizing state frequencies so that sum of them equals to 1
135  Q.pfam+G4     4134.464     6   8280.928     8281.042     8308.600
WARNING: Normalizing state frequencies so that sum of them equals to 1
136  Q.pfam+I+G4   4134.597     7   8283.193     8283.345     8315.478
WARNING: Normalizing state frequencies so that sum of them equals to 1
137  Q.pfam+R2     4135.066     7   8284.131     8284.284     8316.416
WARNING: Normalizing state frequencies so that sum of them equals to 1
156  Q.pfam+F+I    4048.448     25  8146.896     8148.706     8262.197
WARNING: Normalizing state frequencies so that sum of them equals to 1
157  Q.pfam+F+G4   4045.002     25  8140.003     8141.814     8255.304
WARNING: Normalizing state frequencies so that sum of them equals to 1
158  Q.pfam+F+I+G4 4045.808     26  8143.615     8145.573     8263.528
WARNING: Normalizing state frequencies so that sum of them equals to 1
159  Q.pfam+F+R2   4045.637     26  8143.275     8145.233     8263.188
WARNING: Normalizing state frequencies so that sum of them equals to 1
178  Q.bird+I      4182.076     6   8376.151     8376.265     8403.823
WARNING: Normalizing state frequencies so that sum of them equals to 1
179  Q.bird+G4     4172.379     6   8356.758     8356.872     8384.430
WARNING: Normalizing state frequencies so that sum of them equals to 1
180  Q.bird+I+G4   4172.987     7   8359.975     8360.127     8392.259
WARNING: Normalizing state frequencies so that sum of them equals to 1
181  Q.bird+R2     4176.187     7   8366.374     8366.526     8398.658
WARNING: Normalizing state frequencies so that sum of them equals to 1
200  Q.bird+F+I    4103.750     25  8257.501     8259.311     8372.802
WARNING: Normalizing state frequencies so that sum of them equals to 1
201  Q.bird+F+G4   4091.753     25  8233.506     8235.317     8348.807
WARNING: Normalizing state frequencies so that sum of them equals to 1
202  Q.bird+F+I+G4 4092.741     26  8237.481     8239.439     8357.394
WARNING: Normalizing state frequencies so that sum of them equals to 1
203  Q.bird+F+R2   4095.425     26  8242.850     8244.808     8362.763
WARNING: Normalizing state frequencies so that sum of them equals to 1
222  Q.mammal+I    4179.939     6   8371.878     8371.992     8399.550
WARNING: Normalizing state frequencies so that sum of them equals to 1
223  Q.mammal+G4   4173.907     6   8359.815     8359.929     8387.487
WARNING: Normalizing state frequencies so that sum of them equals to 1
224  Q.mammal+I+G4 4174.303     7   8362.606     8362.758     8394.890
WARNING: Normalizing state frequencies so that sum of them equals to 1
225  Q.mammal+R2   4176.065     7   8366.130     8366.282     8398.415
WARNING: Normalizing state frequencies so that sum of them equals to 1
244  Q.mammal+F+I  4090.195     25  8230.391     8232.202     8345.692
WARNING: Normalizing state frequencies so that sum of them equals to 1
245  Q.mammal+F+G4 4082.719     25  8215.437     8217.248     8330.738
WARNING: Normalizing state frequencies so that sum of them equals to 1
246  Q.mammal+F+I+G4 4083.514     26  8219.029     8220.987     8338.942
WARNING: Normalizing state frequencies so that sum of them equals to 1
247  Q.mammal+F+R2 4084.889     26  8221.779     8223.737     8341.692
266  Q.insect+I    4113.209     6   8238.417     8238.531     8266.090
267  Q.insect+G4   4109.083     6   8230.167     8230.281     8257.839
268  Q.insect+I+G4 4109.580     7   8233.161     8233.313     8265.445
269  Q.insect+R2   4110.022     7   8234.045     8234.197     8266.329
288  Q.insect+F+I  4058.806     25  8167.612     8169.423     8282.913
289  Q.insect+F+G4 4053.201     25  8156.403     8158.213     8271.704
290  Q.insect+F+I+G4 4054.166     26  8160.332     8162.290     8280.245
291  Q.insect+F+R2 4054.005     26  8160.010     8161.968     8279.923
WARNING: Normalizing state frequencies so that sum of them equals to 1
310  Q.plant+I     4155.436     6   8322.872     8322.986     8350.544
WARNING: Normalizing state frequencies so that sum of them equals to 1
311  Q.plant+G4    4147.411     6   8306.821     8306.935     8334.493
WARNING: Normalizing state frequencies so that sum of them equals to 1
312  Q.plant+I+G4  4147.956     7   8309.913     8310.065     8342.197
WARNING: Normalizing state frequencies so that sum of them equals to 1
313  Q.plant+R2    4150.307     7   8314.614     8314.766     8346.899
WARNING: Normalizing state frequencies so that sum of them equals to 1
332  Q.plant+F+I   4083.241     25  8216.482     8218.293     8331.783
WARNING: Normalizing state frequencies so that sum of them equals to 1
333  Q.plant+F+G4  4072.186     25  8194.371     8196.182     8309.672
WARNING: Normalizing state frequencies so that sum of them equals to 1
334  Q.plant+F+I+G4 4073.296     26  8198.593     8200.551     8318.506
WARNING: Normalizing state frequencies so that sum of them equals to 1
335  Q.plant+F+R2  4074.617     26  8201.234     8203.192     8321.147
WARNING: Normalizing state frequencies so that sum of them equals to 1
354  Q.yeast+I     4122.467     6   8256.933     8257.047     8284.605
WARNING: Normalizing state frequencies so that sum of them equals to 1
355  Q.yeast+G4    4117.969     6   8247.937     8248.051     8275.610
WARNING: Normalizing state frequencies so that sum of them equals to 1
356  Q.yeast+I+G4  4118.532     7   8251.063     8251.215     8283.347
WARNING: Normalizing state frequencies so that sum of them equals to 1
357  Q.yeast+R2    4118.878     7   8251.756     8251.908     8284.040
WARNING: Normalizing state frequencies so that sum of them equals to 1
376  Q.yeast+F+I   4055.773     25  8161.546     8163.357     8276.847
WARNING: Normalizing state frequencies so that sum of them equals to 1
377  Q.yeast+F+G4  4049.350     25  8148.700     8150.511     8264.001
WARNING: Normalizing state frequencies so that sum of them equals to 1
378  Q.yeast+F+I+G4 4050.424     26  8152.847     8154.806     8272.760
WARNING: Normalizing state frequencies so that sum of them equals to 1
379  Q.yeast+F+R2  4050.037     26  8152.075     8154.033     8271.988
398  JTTDCMut+I    4133.970     6   8279.940     8280.054     8307.612
399  JTTDCMut+G4   4129.292     6   8270.585     8270.699     8298.257
400  JTTDCMut+I+G4 4130.208     7   8274.416     8274.569     8306.701
401  JTTDCMut+R2   4130.255     7   8274.510     8274.663     8306.795
420  JTTDCMut+F+I  4063.639     25  8177.277     8179.088     8292.578
421  JTTDCMut+F+G4 4057.866     25  8165.731     8167.542     8281.032
422  JTTDCMut+F+I+G4 4058.916     26  8169.832     8171.790     8289.745
423  JTTDCMut+F+R2 4058.771     26  8169.543     8171.501     8289.456
442  DCMut+I       4138.269     6   8288.539     8288.653     8316.211
443  DCMut+G4      4130.189     6   8272.377     8272.491     8300.049
444  DCMut+I+G4    4131.314     7   8276.628     8276.780     8308.912
445  DCMut+R2      4130.885     7   8275.771     8275.923     8308.055
464  DCMut+F+I     4065.622     25  8181.243     8183.054     8296.544
465  DCMut+F+G4    4057.593     25  8165.187     8166.997     8280.488
466  DCMut+F+I+G4  4058.750     26  8169.501     8171.459     8289.414
467  DCMut+F+R2    4058.320     26  8168.640     8170.599     8288.553
486  VT+I          4113.108     6   8238.215     8238.329     8265.888
487  VT+G4         4113.594     6   8239.188     8239.302     8266.860
488  VT+I+G4       4113.277     7   8240.554     8240.706     8272.838
489  VT+R2         4113.663     7   8241.326     8241.479     8273.611
508  VT+F+I        4039.537     25  8129.074     8130.885     8244.375
509  VT+F+G4       4039.538     25  8129.076     8130.887     8244.377
510  VT+F+I+G4     4039.743     26  8131.486     8133.444     8251.399
511  VT+F+R2       4039.629     26  8131.259     8133.217     8251.172
530  PMB+I         4119.095     6   8250.190     8250.304     8277.862
531  PMB+G4        4120.422     6   8252.844     8252.958     8280.517
532  PMB+I+G4      4119.329     7   8252.659     8252.811     8284.943
533  PMB+R2        4120.442     7   8254.883     8255.035     8287.168
552  PMB+F+I       4043.610     25  8137.221     8139.031     8252.522
553  PMB+F+G4      4044.245     25  8138.489     8140.300     8253.790
554  PMB+F+I+G4    4043.860     26  8139.720     8141.678     8259.633
555  PMB+F+R2      4044.300     26  8140.599     8142.557     8260.512
574  Blosum62+I    4109.224     6   8230.447     8230.561     8258.119
575  Blosum62+G4   4110.413     6   8232.825     8232.939     8260.497
576  Blosum62+I+G4 4109.410     7   8232.821     8232.973     8265.105
577  Blosum62+R2   4110.392     7   8234.784     8234.936     8267.068
596  Blosum62+F+I  4044.403     25  8138.805     8140.616     8254.106
597  Blosum62+F+G4 4044.891     25  8139.781     8141.592     8255.082
598  Blosum62+F+I+G4 4044.627     26  8141.255     8143.213     8261.168
599  Blosum62+F+R2 4044.915     26  8141.831     8143.789     8261.744
618  Dayhoff+I     4138.514     6   8289.028     8289.142     8316.700
619  Dayhoff+G4    4130.316     6   8272.632     8272.746     8300.304
620  Dayhoff+I+G4  4131.446     7   8276.891     8277.043     8309.175
621  Dayhoff+R2    4130.977     7   8275.953     8276.105     8308.238
640  Dayhoff+F+I   4065.866     25  8181.731     8183.542     8297.032
641  Dayhoff+F+G4  4057.729     25  8165.459     8167.269     8280.760
642  Dayhoff+F+I+G4 4058.804     26  8169.608     8171.566     8289.521
643  Dayhoff+F+R2  4058.464     26  8168.928     8170.886     8288.841
662  mtREV+I       4442.389     6   8896.779     8896.893     8924.451
663  mtREV+G4      4433.967     6   8879.935     8880.049     8907.607
664  mtREV+I+G4    4433.887     7   8881.775     8881.927     8914.059
665  mtREV+R2      4436.293     7   8886.585     8886.737     8918.869
684  mtREV+F+I     4089.373     25  8228.747     8230.557     8344.048
685  mtREV+F+G4    4078.430     25  8206.860     8208.670     8322.161
686  mtREV+F+I+G4  4079.203     26  8210.406     8212.364     8330.319
687  mtREV+F+R2    4080.287     26  8212.574     8214.532     8332.487
706  mtART+I       4443.326     6   8898.653     8898.767     8926.325
707  mtART+G4      4423.204     6   8858.408     8858.522     8886.081
708  mtART+I+G4    4423.920     7   8861.841     8861.993     8894.125
709  mtART+R2      4429.678     7   8873.356     8873.508     8905.641
728  mtART+F+I     4104.484     25  8258.968     8260.778     8374.269
729  mtART+F+G4    4084.361     25  8218.722     8220.533     8334.023
730  mtART+F+I+G4  4085.679     26  8223.358     8225.316     8343.271
731  mtART+F+R2    4088.359     26  8228.717     8230.675     8348.630
750  mtZOA+I       4413.307     6   8838.615     8838.729     8866.287
751  mtZOA+G4      4403.237     6   8818.474     8818.588     8846.146
752  mtZOA+I+G4    4402.913     7   8819.826     8819.978     8852.110
753  mtZOA+R2      4404.882     7   8823.764     8823.917     8856.049
772  mtZOA+F+I     4082.946     25  8215.891     8217.702     8331.192
773  mtZOA+F+G4    4068.927     25  8187.854     8189.664     8303.155
774  mtZOA+F+I+G4  4070.033     26  8192.066     8194.024     8311.979
775  mtZOA+F+R2    4071.245     26  8194.489     8196.447     8314.402
794  mtMet+I       4370.539     6   8753.077     8753.191     8780.749
795  mtMet+G4      4363.666     6   8739.332     8739.446     8767.004
796  mtMet+I+G4    4363.185     7   8740.371     8740.523     8772.655
797  mtMet+R2      4362.560     7   8739.121     8739.273     8771.405
816  mtMet+F+I     4089.124     25  8228.249     8230.059     8343.550
817  mtMet+F+G4    4077.743     25  8205.487     8207.298     8320.788
818  mtMet+F+I+G4  4078.798     26  8209.596     8211.554     8329.509
819  mtMet+F+R2    4079.314     26  8210.628     8212.586     8330.541
838  mtVer+I       4472.703     6   8957.407     8957.521     8985.079
839  mtVer+G4      4459.088     6   8930.176     8930.290     8957.848
840  mtVer+I+G4    4458.985     7   8931.970     8932.122     8964.254
841  mtVer+R2      4459.046     7   8932.093     8932.245     8964.377
860  mtVer+F+I     4117.850     25  8285.700     8287.511     8401.001
861  mtVer+F+G4    4096.527     25  8243.054     8244.864     8358.355
862  mtVer+F+I+G4  4097.674     26  8247.349     8249.307     8367.262
863  mtVer+F+R2    4101.586     26  8255.171     8257.129     8375.084
882  mtInv+I       4378.773     6   8769.547     8769.661     8797.219
883  mtInv+G4      4374.881     6   8761.762     8761.876     8789.434
884  mtInv+I+G4    4374.333     7   8762.665     8762.818     8794.950
885  mtInv+R2      4373.544     7   8761.087     8761.239     8793.372
904  mtInv+F+I     4072.473     25  8194.946     8196.756     8310.247
905  mtInv+F+G4    4064.970     25  8179.941     8181.752     8295.242
906  mtInv+F+I+G4  4065.944     26  8183.888     8185.847     8303.801
907  mtInv+F+R2    4065.583     26  8183.165     8185.124     8303.078
926  mtMAM+I       4490.374     6   8992.748     8992.862     9020.421
927  mtMAM+G4      4465.557     6   8943.113     8943.227     8970.785
928  mtMAM+I+G4    4466.007     7   8946.013     8946.166     8978.298
929  mtMAM+R2      4471.223     7   8956.445     8956.598     8988.730
948  mtMAM+F+I     4128.370     25  8306.739     8308.550     8422.040
949  mtMAM+F+G4    4101.110     25  8252.220     8254.030     8367.521
950  mtMAM+F+I+G4  4102.682     26  8257.365     8259.323     8377.278
951  mtMAM+F+R2    4109.849     26  8271.698     8273.657     8391.611
WARNING: Normalizing state frequencies so that sum of them equals to 1
970  FLAVI+I       4258.693     6   8529.387     8529.501     8557.059
WARNING: Normalizing state frequencies so that sum of them equals to 1
971  FLAVI+G4      4233.724     6   8479.448     8479.562     8507.120
WARNING: Normalizing state frequencies so that sum of them equals to 1
972  FLAVI+I+G4    4235.283     7   8484.565     8484.717     8516.849
WARNING: Normalizing state frequencies so that sum of them equals to 1
973  FLAVI+R2      4242.048     7   8498.097     8498.249     8530.381
WARNING: Normalizing state frequencies so that sum of them equals to 1
992  FLAVI+F+I     4132.832     25  8315.664     8317.475     8430.966
WARNING: Normalizing state frequencies so that sum of them equals to 1
993  FLAVI+F+G4    4103.591     25  8257.181     8258.992     8372.482
WARNING: Normalizing state frequencies so that sum of them equals to 1
994  FLAVI+F+I+G4  4105.365     26  8262.730     8264.688     8382.643
WARNING: Normalizing state frequencies so that sum of them equals to 1
995  FLAVI+F+R2    4111.347     26  8274.694     8276.652     8394.607
1014  HIVb+I        4203.246     6   8418.491     8418.605     8446.164
1015  HIVb+G4       4186.952     6   8385.905     8386.019     8413.577
1016  HIVb+I+G4     4188.052     7   8390.104     8390.256     8422.388
1017  HIVb+R2       4190.809     7   8395.618     8395.771     8427.903
1036  HIVb+F+I      4113.411     25  8276.822     8278.633     8392.123
1037  HIVb+F+G4     4092.658     25  8235.316     8237.127     8350.617
1038  HIVb+F+I+G4   4094.037     26  8240.074     8242.032     8359.987
1039  HIVb+F+R2     4097.566     26  8247.132     8249.090     8367.045
1058  HIVw+I        4236.535     6   8485.071     8485.185     8512.743
1059  HIVw+G4       4204.663     6   8421.325     8421.439     8448.998
1060  HIVw+I+G4     4206.323     7   8426.646     8426.798     8458.930
1061  HIVw+R2       4209.939     7   8433.877     8434.029     8466.162
1080  HIVw+F+I      4140.086     25  8330.171     8331.982     8445.472
1081  HIVw+F+G4     4114.701     25  8279.401     8281.212     8394.702
1082  HIVw+F+I+G4   4116.199     26  8284.397     8286.355     8404.310
1083  HIVw+F+R2     4120.182     26  8292.364     8294.322     8412.277
1102  FLU+I         4159.115     6   8330.230     8330.344     8357.902
1103  FLU+G4        4144.331     6   8300.663     8300.777     8328.335
1104  FLU+I+G4      4145.548     7   8305.096     8305.248     8337.380
1105  FLU+R2        4148.399     7   8310.799     8310.951     8343.083
1124  FLU+F+I       4101.507     25  8253.014     8254.824     8368.315
1125  FLU+F+G4      4084.868     25  8219.735     8221.546     8335.036
1126  FLU+F+I+G4    4086.139     26  8224.279     8226.237     8344.192
1127  FLU+F+R2      4088.555     26  8229.110     8231.068     8349.023
1146  rtREV+I       4150.340     6   8312.679     8312.793     8340.352
1147  rtREV+G4      4148.732     6   8309.464     8309.578     8337.136
1148  rtREV+I+G4    4148.801     7   8311.602     8311.754     8343.886
1149  rtREV+R2      4149.224     7   8312.448     8312.600     8344.733
1168  rtREV+F+I     4047.211     25  8144.421     8146.232     8259.722
1169  rtREV+F+G4    4044.055     25  8138.110     8139.920     8253.411
1170  rtREV+F+I+G4  4044.748     26  8141.497     8143.455     8261.410
1171  rtREV+F+R2    4044.724     26  8141.449     8143.407     8261.362
1190  cpREV+I       4161.415     6   8334.829     8334.943     8362.502
1191  cpREV+G4      4160.453     6   8332.907     8333.021     8360.579
1192  cpREV+I+G4    4160.160     7   8334.320     8334.472     8366.604
1193  cpREV+R2      4161.029     7   8336.058     8336.211     8368.343
1212  cpREV+F+I     4058.477     25  8166.953     8168.764     8282.254
1213  cpREV+F+G4    4054.619     25  8159.238     8161.049     8274.539
1214  cpREV+F+I+G4  4055.067     26  8162.134     8164.092     8282.047
1215  cpREV+F+R2    4055.059     26  8162.118     8164.076     8282.031
Akaike Information Criterion:           VT+F+I
Corrected Akaike Information Criterion: VT+F+I
Bayesian Information Criterion:         VT+F+I
Best-fit model: VT+F+I chosen according to BIC

All model information printed to ./orthofinder/Results_Jul07/WorkingDirectory/Alignments_ids/OG0000224.model.gz
CPU time for ModelFinder: 5.022 seconds (0h:0m:5s)
Wall-clock time for ModelFinder: 12.334 seconds (0h:0m:12s)

NOTE: 0 MB RAM (0 GB) is required!
Estimate model parameters (epsilon = 0.100)
1. Initial log-likelihood: -4039.537
Optimal log-likelihood: -4039.537
Proportion of invariable sites: 0.103
Parameters optimization took 1 rounds (0.001 sec)
Wrote distance file to... 
Computing ML distances based on estimated model parameters...
Calculating distance matrix: done in 0.0004282 secs using 74.73% CPU
Computing ML distances took 0.000453 sec (of wall-clock time) 0.000342 sec (of CPU time)
Setting up auxiliary I and S matrices: done in 1.5974e-05 secs using 93.9% CPU
Constructing RapidNJ tree: done in 1.00136e-05 secs using 99.86% CPU
Computing RapidNJ tree took 0.000047 sec (of wall-clock time) 0.000047 sec (of CPU time)
Log-likelihood of RapidNJ tree: -4039.537
--------------------------------------------------------------------
|             INITIALIZING CANDIDATE TREE SET                      |
--------------------------------------------------------------------
Generating 99 parsimony trees... 0.009 second
Computing log-likelihood of 2 initial trees ... 0.001 seconds
Current best score: -4039.537

Do NNI search on 3 best initial trees
Optimizing NNI: done in 0.000507116 secs using 99.58% CPU
Optimizing NNI: done in 0.00123906 secs using 99.59% CPU
Optimizing NNI: done in 0.00121498 secs using 99.67% CPU
Finish initializing candidate tree set (3)
Current best tree score: -4039.537 / CPU time: 0.019
Number of iterations: 3
--------------------------------------------------------------------
|               OPTIMIZING CANDIDATE TREE SET                      |
--------------------------------------------------------------------
Optimizing NNI: done in 0.000490904 secs
Optimizing NNI: done in 0.00127387 secs
Optimizing NNI: done in 0.00124097 secs using 15.71% CPU
Optimizing NNI: done in 0.0012598 secs using 99.54% CPU
Optimizing NNI: done in 0.0013411 secs using 335% CPU
Optimizing NNI: done in 0.00131702 secs using 90.05% CPU
UPDATE BEST LOG-LIKELIHOOD: -4039.537
Optimizing NNI: done in 0.00123811 secs using 99.91% CPU
Iteration 10 / LogL: -4039.922 / Time: 0h:0m:0s
Optimizing NNI: done in 0.000473022 secs using 100% CPU
Optimizing NNI: done in 0.00124407 secs using 99.75% CPU
Optimizing NNI: done in 0.00125194 secs using 100.1% CPU
Optimizing NNI: done in 0.00141382 secs using 88.77% CPU
Optimizing NNI: done in 0.00236392 secs using 53.13% CPU
Optimizing NNI: done in 0.00048089 secs using 100.2% CPU
Optimizing NNI: done in 0.00122213 secs using 99.99% CPU
Optimizing NNI: done in 0.000488043 secs using 904.2% CPU
Optimizing NNI: done in 0.00127506 secs using 100% CPU
Optimizing NNI: done in 0.00123811 secs using 99.99% CPU
Iteration 20 / LogL: -4039.922 / Time: 0h:0m:0s
Optimizing NNI: done in 0.00047183 secs using 100% CPU
Optimizing NNI: done in 0.001266 secs using 423.9% CPU
Optimizing NNI: done in 0.00116515 secs using 99.99% CPU
UPDATE BEST LOG-LIKELIHOOD: -4039.537
Optimizing NNI: done in 0.001261 secs using 99.92% CPU
Optimizing NNI: done in 0.000477791 secs using 100% CPU
Optimizing NNI: done in 0.000473022 secs using 100% CPU
Optimizing NNI: done in 0.000477076 secs using 99.36% CPU
Optimizing NNI: done in 0.000471115 secs using 99.76% CPU
Optimizing NNI: done in 0.00115013 secs using 99.99% CPU
UPDATE BEST LOG-LIKELIHOOD: -4039.537
Optimizing NNI: done in 0.00123692 secs using 139.1% CPU
Iteration 30 / LogL: -4039.922 / Time: 0h:0m:0s (0h:0m:0s left)
Optimizing NNI: done in 0.00114298 secs using 223.3% CPU
UPDATE BEST LOG-LIKELIHOOD: -4039.537
Optimizing NNI: done in 0.000483036 secs using 100.2% CPU
Optimizing NNI: done in 0.00115108 secs using 99.99% CPU
Optimizing NNI: done in 0.000469923 secs using 99.8% CPU
Optimizing NNI: done in 0.0012641 secs using 422.4% CPU
Optimizing NNI: done in 0.000473022 secs using 100% CPU
Optimizing NNI: done in 0.00126505 secs using 100% CPU
Optimizing NNI: done in 0.000468969 secs using 100% CPU
Optimizing NNI: done in 0.00114989 secs using 361.8% CPU
Optimizing NNI: done in 0.00114012 secs using 99.99% CPU
Iteration 40 / LogL: -4039.537 / Time: 0h:0m:0s (0h:0m:0s left)
Optimizing NNI: done in 0.00120997 secs using 100% CPU
Optimizing NNI: done in 0.0133572 secs using 110.8% CPU
Optimizing NNI: done in 0.00125003 secs using 100% CPU
Optimizing NNI: done in 0.00122094 secs using 100.1% CPU
Optimizing NNI: done in 0.00125599 secs using 387.3% CPU
Optimizing NNI: done in 0.000491142 secs using 262.9% CPU
Optimizing NNI: done in 0.00125408 secs using 127.7% CPU
Optimizing NNI: done in 0.00122404 secs using 185.9% CPU
Optimizing NNI: done in 0.000477076 secs using 201% CPU
Optimizing NNI: done in 0.0012269 secs using 200% CPU
Iteration 50 / LogL: -4039.922 / Time: 0h:0m:0s (0h:0m:0s left)
Optimizing NNI: done in 0.000472069 secs using 200.4% CPU
Optimizing NNI: done in 0.000478029 secs using 200% CPU
Optimizing NNI: done in 0.01283 secs using 36.27% CPU
Optimizing NNI: done in 0.00124717 secs using 107% CPU
Optimizing NNI: done in 0.00120115 secs using 122.1% CPU
Optimizing NNI: done in 0.000478983 secs using 99.59% CPU
Optimizing NNI: done in 0.00121188 secs using 100.1% CPU
Optimizing NNI: done in 0.00151801 secs using 119.9% CPU
Optimizing NNI: done in 0.0011549 secs using 179% CPU
Optimizing NNI: done in 0.00048399 secs using 120.3% CPU
Iteration 60 / LogL: -4057.890 / Time: 0h:0m:0s (0h:0m:0s left)
Optimizing NNI: done in 0.00115609 secs using 102.2% CPU
Optimizing NNI: done in 0.00125003 secs using 100% CPU
Optimizing NNI: done in 0.00917697 secs using 34.55% CPU
Optimizing NNI: done in 0.00131297 secs using 129.9% CPU
Optimizing NNI: done in 0.000481844 secs using 119.7% CPU
Optimizing NNI: done in 0.000475883 secs using 116.4% CPU
Optimizing NNI: done in 0.00129294 secs using 150.2% CPU
Optimizing NNI: done in 0.00122881 secs using 200.2% CPU
Optimizing NNI: done in 0.00965881 secs using 77.86% CPU
Optimizing NNI: done in 0.000478983 secs using 196.2% CPU
Iteration 70 / LogL: -4057.890 / Time: 0h:0m:0s (0h:0m:0s left)
Optimizing NNI: done in 0.00112796 secs using 123% CPU
Optimizing NNI: done in 0.000462055 secs using 126.8% CPU
Optimizing NNI: done in 0.000463009 secs using 129.8% CPU
Optimizing NNI: done in 0.00126314 secs using 137% CPU
Optimizing NNI: done in 0.00114298 secs using 182.9% CPU
Optimizing NNI: done in 0.00124002 secs using 146.9% CPU
Optimizing NNI: done in 0.0136929 secs using 55.02% CPU
Optimizing NNI: done in 0.000475883 secs using 118.7% CPU
Optimizing NNI: done in 0.000466108 secs using 99.76% CPU
Optimizing NNI: done in 0.00113606 secs using 157.6% CPU
Iteration 80 / LogL: -4039.537 / Time: 0h:0m:0s (0h:0m:0s left)
Optimizing NNI: done in 0.00113702 secs using 107.3% CPU
Optimizing NNI: done in 0.00121999 secs using 119.7% CPU
Optimizing NNI: done in 0.000463009 secs using 119% CPU
Optimizing NNI: done in 0.00113916 secs using 144.3% CPU
Optimizing NNI: done in 0.000478029 secs using 115.5% CPU
Optimizing NNI: done in 0.000470161 secs using 120.4% CPU
Optimizing NNI: done in 0.000467062 secs using 199.5% CPU
Optimizing NNI: done in 0.00303912 secs using 17.11% CPU
Optimizing NNI: done in 0.000473976 secs using 100% CPU
Optimizing NNI: done in 0.000463009 secs using 100% CPU
Iteration 90 / LogL: -4058.565 / Time: 0h:0m:0s (0h:0m:0s left)
Optimizing NNI: done in 0.00048089 secs using 100.2% CPU
Optimizing NNI: done in 0.00121212 secs using 100.1% CPU
Optimizing NNI: done in 0.00119591 secs using 100% CPU
Optimizing NNI: done in 0.00603199 secs using 21.47% CPU
Optimizing NNI: done in 0.00126791 secs using 97.96% CPU
Optimizing NNI: done in 0.00121498 secs using 100% CPU
Optimizing NNI: done in 0.00121212 secs using 99.99% CPU
Optimizing NNI: done in 0.00048089 secs using 100.2% CPU
Optimizing NNI: done in 0.000465155 secs using 99.97% CPU
Optimizing NNI: done in 0.00163603 secs using 79.83% CPU
Iteration 100 / LogL: -4039.922 / Time: 0h:0m:0s (0h:0m:0s left)
Optimizing NNI: done in 0.00129104 secs using 97.21% CPU
TREE SEARCH COMPLETED AFTER 101 ITERATIONS / Time: 0h:0m:0s

--------------------------------------------------------------------
|                    FINALIZING TREE SEARCH                        |
--------------------------------------------------------------------
Performs final model parameters optimization
Estimate model parameters (epsilon = 0.010)
1. Initial log-likelihood: -4039.537
Optimal log-likelihood: -4039.537
Proportion of invariable sites: 0.103
Parameters optimization took 1 rounds (0.001 sec)
BEST SCORE FOUND : -4039.537
Total tree length: 2.211

Total number of iterations: 101
CPU time used for tree search: 0.219 sec (0h:0m:0s)
Wall-clock time used for tree search: 0.210 sec (0h:0m:0s)
Total CPU time used: 0.253 sec (0h:0m:0s)
Total wall-clock time used: 0.249 sec (0h:0m:0s)

Analysis results written to: 
  IQ-TREE report:                ./orthofinder/Results_Jul07/WorkingDirectory/Alignments_ids/OG0000224.iqtree
  Maximum-likelihood tree:       ./orthofinder/Results_Jul07/WorkingDirectory/Alignments_ids/OG0000224.treefile
  Likelihood distances:          ./orthofinder/Results_Jul07/WorkingDirectory/Alignments_ids/OG0000224.mldist
  Screen log file:               ./orthofinder/Results_Jul07/WorkingDirectory/Alignments_ids/OG0000224.log

Date and Time: Sun Jul  7 17:55:56 2024
