IQ-TREE multicore version 2.2.0.5 COVID-edition for Linux 64-bit built Sep 26 2022
Developed by Bui Quang Minh, James Barbetti, Nguyen Lam Tung,
Olga Chernomor, Heiko Schmidt, Dominik Schrempf, Michael Woodhams, Ly Trong Nhan.

Host:    petrichor-dm (AVX2, FMA3, 503 GB RAM)
Command: iqtree2 -s alignments_family_muscle5_edited_trimmed/OG0000056.fa -B 1000 -mset Blosum62,cpREV,Dayhoff,DCMut,FLAVI,FLU,HIVb,HIVw,JTT,JTTDCMut,LG,mtART,mtMAM,mtREV,mtZOA,mtMet,mtVer,mtInv,PMB,Q.bird,Q.insect,Q.mammal,Q.pfam,Q.plant,Q.yeast,rtREV,VT,WAG,Q.iridoviridae,Q.mcv -T 1 -pre iqtree_family/OG0000056.fa
Seed:    526579 (Using SPRNG - Scalable Parallel Random Number Generator)
Time:    Wed Apr  2 13:12:22 2025
Kernel:  AVX+FMA - 1 threads (32 CPU cores detected)

HINT: Use -nt option to specify number of threads because your CPU has 32 cores!
HINT: -nt AUTO will automatically determine the best number of threads to use.

Reading alignment file alignments_family_muscle5_edited_trimmed/OG0000056.fa ... Fasta format detected
Reading fasta file: done in 0.000170946 secs
Alignment most likely contains protein sequences
Constructing alignment: done in 7.51019e-05 secs
Alignment has 61 sequences with 61 columns, 57 distinct patterns
37 parsimony-informative, 9 singleton sites, 15 constant sites
                                                          Gap/Ambiguity  Composition  p-value
Analyzing sequences: done in 7.86781e-06 secs
   1  MK098186_Megalocytivirus_pagrus1_RSIV                       0.00%    passed    100.00%
   2  MK689685_Megalocytivirus_pagrus1_ISKNV                     13.11%    passed    100.00%
   3  OM037668_Megalocytivirus_lates1_SDDV                       13.11%    passed     37.90%
   4  MW273354_Megalocytivirus_pagrus1_ISKNV                     13.11%    passed    100.00%
   5  MW883600_Megalocytivirus_pagrus1_ISKNV                     13.11%    passed    100.00%
   6  MG570132_Megalocytivirus_pagrus1_TRBIV                      8.20%    passed    100.00%
   7  OP009387_Megalocytivirus_pagrus1_ISKNV                     13.11%    passed    100.00%
   8  OL774654_Megalocytivirus_pagrus1_RSIV                       0.00%    passed    100.00%
   9  ON740976_Megalocytivirus_pagrus1_RSIV                       0.00%    passed    100.00%
  10  MN562489_Megalocytivirus_lates1_SDDV                       13.11%    passed     37.90%
  11  MW883599_Megalocytivirus_pagrus1_ISKNV                     13.11%    passed    100.00%
  12  MW883596_Megalocytivirus_pagrus1_ISKNV                     13.11%    passed    100.00%
  13  ON075463_Megalocytivirus_pagrus1_RSIV                       0.00%    passed    100.00%
  14  MT926123_Megalocytivirus_pagrus1_ISKNV                     13.11%    passed    100.00%
  15  MW883601_Megalocytivirus_pagrus1_ISKNV                     13.11%    passed    100.00%
  16  MT128666_Megalocytivirus_pagrus1_ISKNV                     13.11%    passed    100.00%
  17  MT521409_Megalocytivirus_lates1_SDDV                       13.11%    passed     37.90%
  18  OK042108_Megalocytivirus_pagrus1_RSIV                       0.00%    passed    100.00%
  19  MW883606_Megalocytivirus_pagrus1_ISKNV                     13.11%    passed    100.00%
  20  OR670976_Megalocytivirus_pagrus1_ISKNV                     13.11%    passed    100.00%
  21  AB104413_Megalocytivirus_pagrus1_RSIV                       0.00%    passed    100.00%
  22  MW883597_Megalocytivirus_pagrus1_ISKNV                     13.11%    passed    100.00%
  23  KT781098_Megalocytivirus_pagrus1_ISKNV                     13.11%    passed    100.00%
  24  MW273353_Megalocytivirus_pagrus1_ISKNV                     13.11%    passed    100.00%
  25  ON743042_Megalocytivirus_pagrus1_RSIV                       0.00%    passed    100.00%
  26  PP151097_Megalocytivirus_pagrus1_ISKNV                     13.11%    passed    100.00%
  27  PQ335173_PQ335174_Threespine_stickleback_iridovirus_TSIV    9.84%    failed      0.00%
  28  23043610003_Megalocytivirus_pagrus1_ISKNV                  13.11%    passed    100.00%
  29  MK098185_Megalocytivirus_pagrus1_RSIV                       0.00%    passed    100.00%
  30  OK042109_Megalocytivirus_pagrus1_RSIV                       0.00%    passed    100.00%
  31  MK689686_Megalocytivirus_pagrus1_RSIV                       0.00%    passed    100.00%
  32  MW139932_Megalocytivirus_pagrus1_RSIV                       0.00%    passed    100.00%
  33  GQ273492_Megalocytivirus_pagrus1_TRBIV                      8.20%    passed    100.00%
  34  BD143114_Megalocytivirus_pagrus1_RSIV                       0.00%    passed    100.00%
  35  OP896201_Megalocytivirus_pagrus1_ISKNV                     13.11%    passed    100.00%
  36  MW883593_Megalocytivirus_pagrus1_ISKNV                     13.11%    passed    100.00%
  37  AP017456_Megalocytivirus_pagrus1_RSIV                       0.00%    passed    100.00%
  38  NC_003494_Megalocytivirus_pagrus1_ISKNV                    13.11%    passed    100.00%
  39  KC244182_Megalocytivirus_pagrus1_RSIV                       0.00%    passed    100.00%
  40  MW883594_Megalocytivirus_pagrus1_ISKNV                     13.11%    passed    100.00%
  41  MK098187_Megalocytivirus_pagrus1_RSIV                       0.00%    passed    100.00%
  42  AF371960_Megalocytivirus_pagrus1_ISKNV                     13.11%    passed    100.00%
  43  PP974677_Megalocytivirus_pagrus1_ISKNV                     13.11%    passed    100.00%
  44  ON212400_Megalocytivirus_pagrus1_ISKNV                     13.11%    passed    100.00%
  45  23043610005_Megalocytivirus_pagrus1_ISKNV                  13.11%    passed    100.00%
  46  OR356116_Megalocytivirus_pagrus1_ISKNV                     13.11%    passed    100.00%
  47  OQ513807_Megalocytivirus_pagrus1_ISKNV                     13.11%    passed    100.00%
  48  AY894343_Megalocytivirus_pagrus1_RSIV                       0.00%    passed    100.00%
  49  MT798582_Megalocytivirus_pagrus1_RSIV                       0.00%    passed    100.00%
  50  MN432490_Megalocytivirus_pagrus1_ISKNV                     13.11%    passed    100.00%
  51  MW883603_Megalocytivirus_pagrus1_ISKNV                     13.11%    passed    100.00%
  52  MG570131_Megalocytivirus_pagrus1_TRBIV                      8.20%    passed    100.00%
  53  MT128667_Megalocytivirus_pagrus1_ISKNV                     13.11%    passed    100.00%
  54  MW883602_Megalocytivirus_pagrus1_ISKNV                     13.11%    passed    100.00%
  55  OL774655_Megalocytivirus_pagrus1_RSIV                       0.00%    passed    100.00%
  56  MW883598_Megalocytivirus_pagrus1_RSIV                       0.00%    passed    100.00%
  57  KT804738_Megalocytivirus_pagrus1_RSIV                       0.00%    passed    100.00%
  58  MT986830_Megalocytivirus_pagrus1_ISKNV                      8.20%    passed    100.00%
  59  MW883595_Megalocytivirus_pagrus1_ISKNV                     13.11%    passed    100.00%
  60  OL774653_Megalocytivirus_pagrus1_RSIV                       0.00%    passed    100.00%
  61  OR536350_Megalocytivirus_pagrus1_ISKNV                     13.11%    passed    100.00%
****  TOTAL                                                       8.22%  1 sequences failed composition chi2 test (p-value<5%; df=19)
NOTE: OL774654_Megalocytivirus_pagrus1_RSIV is identical to MK098186_Megalocytivirus_pagrus1_RSIV but kept for subsequent analysis
NOTE: MW273354_Megalocytivirus_pagrus1_ISKNV is identical to MK689685_Megalocytivirus_pagrus1_ISKNV but kept for subsequent analysis
NOTE: MN562489_Megalocytivirus_lates1_SDDV is identical to OM037668_Megalocytivirus_lates1_SDDV but kept for subsequent analysis
NOTE: MG570131_Megalocytivirus_pagrus1_TRBIV is identical to MG570132_Megalocytivirus_pagrus1_TRBIV but kept for subsequent analysis
NOTE: ON075463_Megalocytivirus_pagrus1_RSIV is identical to ON740976_Megalocytivirus_pagrus1_RSIV but kept for subsequent analysis
Checking for duplicate sequences: done in 7.79629e-05 secs
Identifying sites to remove: done in 1.81198e-05 secs
NOTE: 48 identical sequences (see below) will be ignored for subsequent analysis
NOTE: AB104413_Megalocytivirus_pagrus1_RSIV (identical to MK098186_Megalocytivirus_pagrus1_RSIV) is ignored but added at the end
NOTE: ON743042_Megalocytivirus_pagrus1_RSIV (identical to MK098186_Megalocytivirus_pagrus1_RSIV) is ignored but added at the end
NOTE: MK098185_Megalocytivirus_pagrus1_RSIV (identical to MK098186_Megalocytivirus_pagrus1_RSIV) is ignored but added at the end
NOTE: MW139932_Megalocytivirus_pagrus1_RSIV (identical to MK098186_Megalocytivirus_pagrus1_RSIV) is ignored but added at the end
NOTE: BD143114_Megalocytivirus_pagrus1_RSIV (identical to MK098186_Megalocytivirus_pagrus1_RSIV) is ignored but added at the end
NOTE: MK098187_Megalocytivirus_pagrus1_RSIV (identical to MK098186_Megalocytivirus_pagrus1_RSIV) is ignored but added at the end
NOTE: OL774655_Megalocytivirus_pagrus1_RSIV (identical to MK098186_Megalocytivirus_pagrus1_RSIV) is ignored but added at the end
NOTE: OL774653_Megalocytivirus_pagrus1_RSIV (identical to MK098186_Megalocytivirus_pagrus1_RSIV) is ignored but added at the end
NOTE: MW883600_Megalocytivirus_pagrus1_ISKNV (identical to MK689685_Megalocytivirus_pagrus1_ISKNV) is ignored but added at the end
NOTE: OP009387_Megalocytivirus_pagrus1_ISKNV (identical to MK689685_Megalocytivirus_pagrus1_ISKNV) is ignored but added at the end
NOTE: MW883599_Megalocytivirus_pagrus1_ISKNV (identical to MK689685_Megalocytivirus_pagrus1_ISKNV) is ignored but added at the end
NOTE: MW883596_Megalocytivirus_pagrus1_ISKNV (identical to MK689685_Megalocytivirus_pagrus1_ISKNV) is ignored but added at the end
NOTE: MT926123_Megalocytivirus_pagrus1_ISKNV (identical to MK689685_Megalocytivirus_pagrus1_ISKNV) is ignored but added at the end
NOTE: MW883601_Megalocytivirus_pagrus1_ISKNV (identical to MK689685_Megalocytivirus_pagrus1_ISKNV) is ignored but added at the end
NOTE: MT128666_Megalocytivirus_pagrus1_ISKNV (identical to MK689685_Megalocytivirus_pagrus1_ISKNV) is ignored but added at the end
NOTE: MW883606_Megalocytivirus_pagrus1_ISKNV (identical to MK689685_Megalocytivirus_pagrus1_ISKNV) is ignored but added at the end
NOTE: OR670976_Megalocytivirus_pagrus1_ISKNV (identical to MK689685_Megalocytivirus_pagrus1_ISKNV) is ignored but added at the end
NOTE: MW883597_Megalocytivirus_pagrus1_ISKNV (identical to MK689685_Megalocytivirus_pagrus1_ISKNV) is ignored but added at the end
NOTE: KT781098_Megalocytivirus_pagrus1_ISKNV (identical to MK689685_Megalocytivirus_pagrus1_ISKNV) is ignored but added at the end
NOTE: MW273353_Megalocytivirus_pagrus1_ISKNV (identical to MK689685_Megalocytivirus_pagrus1_ISKNV) is ignored but added at the end
NOTE: PP151097_Megalocytivirus_pagrus1_ISKNV (identical to MK689685_Megalocytivirus_pagrus1_ISKNV) is ignored but added at the end
NOTE: 23043610003_Megalocytivirus_pagrus1_ISKNV (identical to MK689685_Megalocytivirus_pagrus1_ISKNV) is ignored but added at the end
NOTE: OP896201_Megalocytivirus_pagrus1_ISKNV (identical to MK689685_Megalocytivirus_pagrus1_ISKNV) is ignored but added at the end
NOTE: MW883593_Megalocytivirus_pagrus1_ISKNV (identical to MK689685_Megalocytivirus_pagrus1_ISKNV) is ignored but added at the end
NOTE: NC_003494_Megalocytivirus_pagrus1_ISKNV (identical to MK689685_Megalocytivirus_pagrus1_ISKNV) is ignored but added at the end
NOTE: MW883594_Megalocytivirus_pagrus1_ISKNV (identical to MK689685_Megalocytivirus_pagrus1_ISKNV) is ignored but added at the end
NOTE: AF371960_Megalocytivirus_pagrus1_ISKNV (identical to MK689685_Megalocytivirus_pagrus1_ISKNV) is ignored but added at the end
NOTE: PP974677_Megalocytivirus_pagrus1_ISKNV (identical to MK689685_Megalocytivirus_pagrus1_ISKNV) is ignored but added at the end
NOTE: ON212400_Megalocytivirus_pagrus1_ISKNV (identical to MK689685_Megalocytivirus_pagrus1_ISKNV) is ignored but added at the end
NOTE: 23043610005_Megalocytivirus_pagrus1_ISKNV (identical to MK689685_Megalocytivirus_pagrus1_ISKNV) is ignored but added at the end
NOTE: OR356116_Megalocytivirus_pagrus1_ISKNV (identical to MK689685_Megalocytivirus_pagrus1_ISKNV) is ignored but added at the end
NOTE: OQ513807_Megalocytivirus_pagrus1_ISKNV (identical to MK689685_Megalocytivirus_pagrus1_ISKNV) is ignored but added at the end
NOTE: MN432490_Megalocytivirus_pagrus1_ISKNV (identical to MK689685_Megalocytivirus_pagrus1_ISKNV) is ignored but added at the end
NOTE: MW883603_Megalocytivirus_pagrus1_ISKNV (identical to MK689685_Megalocytivirus_pagrus1_ISKNV) is ignored but added at the end
NOTE: MT128667_Megalocytivirus_pagrus1_ISKNV (identical to MK689685_Megalocytivirus_pagrus1_ISKNV) is ignored but added at the end
NOTE: MW883602_Megalocytivirus_pagrus1_ISKNV (identical to MK689685_Megalocytivirus_pagrus1_ISKNV) is ignored but added at the end
NOTE: MW883595_Megalocytivirus_pagrus1_ISKNV (identical to MK689685_Megalocytivirus_pagrus1_ISKNV) is ignored but added at the end
NOTE: OR536350_Megalocytivirus_pagrus1_ISKNV (identical to MK689685_Megalocytivirus_pagrus1_ISKNV) is ignored but added at the end
NOTE: MT521409_Megalocytivirus_lates1_SDDV (identical to OM037668_Megalocytivirus_lates1_SDDV) is ignored but added at the end
NOTE: OK042108_Megalocytivirus_pagrus1_RSIV (identical to ON740976_Megalocytivirus_pagrus1_RSIV) is ignored but added at the end
NOTE: OK042109_Megalocytivirus_pagrus1_RSIV (identical to ON740976_Megalocytivirus_pagrus1_RSIV) is ignored but added at the end
NOTE: MK689686_Megalocytivirus_pagrus1_RSIV (identical to ON740976_Megalocytivirus_pagrus1_RSIV) is ignored but added at the end
NOTE: AP017456_Megalocytivirus_pagrus1_RSIV (identical to ON740976_Megalocytivirus_pagrus1_RSIV) is ignored but added at the end
NOTE: KC244182_Megalocytivirus_pagrus1_RSIV (identical to ON740976_Megalocytivirus_pagrus1_RSIV) is ignored but added at the end
NOTE: AY894343_Megalocytivirus_pagrus1_RSIV (identical to ON740976_Megalocytivirus_pagrus1_RSIV) is ignored but added at the end
NOTE: MT798582_Megalocytivirus_pagrus1_RSIV (identical to ON740976_Megalocytivirus_pagrus1_RSIV) is ignored but added at the end
NOTE: MW883598_Megalocytivirus_pagrus1_RSIV (identical to ON740976_Megalocytivirus_pagrus1_RSIV) is ignored but added at the end
NOTE: KT804738_Megalocytivirus_pagrus1_RSIV (identical to ON740976_Megalocytivirus_pagrus1_RSIV) is ignored but added at the end
Alignment was printed to iqtree_family/OG0000056.fa.uniqueseq.phy

For your convenience alignment with unique sequences printed to iqtree_family/OG0000056.fa.uniqueseq.phy


Create initial parsimony tree by phylogenetic likelihood library (PLL)... 0.000 seconds
Perform fast likelihood tree search using LG+I+G model...
Estimate model parameters (epsilon = 5.000)
Perform nearest neighbor interchange...
Optimizing NNI: done in 0.015605 secs using 99.99% CPU
Estimate model parameters (epsilon = 1.000)
1. Initial log-likelihood: -455.652
Optimal log-likelihood: -455.457
Proportion of invariable sites: 0.080
Gamma shape alpha: 4.235
Parameters optimization took 1 rounds (0.006 sec)
Time for fast ML tree search: 0.036 seconds

NOTE: ModelFinder requires 1 MB RAM!
ModelFinder will test up to 1320 protein models (sample size: 61) ...
 No. Model         -LnL         df  AIC          AICc         BIC
  1  Blosum62      457.513      23  961.026      990.864      1009.576
  2  Blosum62+I    457.507      24  963.014      996.347      1013.674
  3  Blosum62+G4   457.548      24  963.095      996.429      1013.756
  4  Blosum62+I+G4 457.699      25  965.397      1002.540     1018.169
  5  Blosum62+R2   457.635      25  965.270      1002.413     1018.042
  6  Blosum62+R3   457.602      27  969.203      1015.022     1026.197
 14  Blosum62+I+R2 457.631      26  967.261      1008.555     1022.144
 15  Blosum62+I+R3 457.589      28  971.178      1021.928     1030.282
 23  Blosum62+F    451.553      42  987.106      1187.773     1075.763
 24  Blosum62+F+I  451.539      43  989.077      1211.665     1079.845
 25  Blosum62+F+G4 451.637      43  989.274      1211.862     1080.041
 26  Blosum62+F+I+G4 451.674      44  991.348      1238.848     1084.227
 27  Blosum62+F+R2 451.662      44  991.324      1238.824     1084.203
 45  cpREV         461.272      23  968.544      998.381      1017.094
 46  cpREV+I       461.249      24  970.498      1003.831     1021.159
 47  cpREV+G4      461.362      24  970.724      1004.057     1021.385
 48  cpREV+I+G4    461.359      25  972.717      1009.860     1025.489
 49  cpREV+R2      461.383      25  972.766      1009.909     1025.538
 67  cpREV+F       450.503      42  985.005      1185.672     1073.662
 68  cpREV+F+I     450.451      43  986.902      1209.490     1077.670
 69  cpREV+F+G4    450.566      43  987.132      1209.720     1077.900
 70  cpREV+F+I+G4  450.558      44  989.115      1236.615     1081.994
 71  cpREV+F+R2    450.543      44  989.086      1236.586     1081.964
 89  Dayhoff       457.473      23  960.946      990.784      1009.496
 90  Dayhoff+I     457.472      24  962.943      996.277      1013.604
 91  Dayhoff+G4    457.471      24  962.941      996.275      1013.602
 92  Dayhoff+I+G4  457.691      25  965.382      1002.525     1018.154
 93  Dayhoff+R2    457.602      25  965.205      1002.348     1017.977
111  Dayhoff+F     444.426      42  972.852      1173.519     1061.509
112  Dayhoff+F+I   444.298      43  974.596      1197.185     1065.364
113  Dayhoff+F+G4  444.454      43  974.908      1197.496     1065.675
114  Dayhoff+F+I+G4 444.368      44  976.736      1224.236     1069.614
115  Dayhoff+F+R2  444.531      44  977.061      1224.561     1069.940
133  DCMut         457.446      23  960.891      990.729      1009.442
134  DCMut+I       457.444      24  962.889      996.222      1013.550
135  DCMut+G4      457.444      24  962.888      996.221      1013.549
136  DCMut+I+G4    457.668      25  965.337      1002.480     1018.109
137  DCMut+R2      457.575      25  965.151      1002.294     1017.923
155  DCMut+F       444.390      42  972.779      1173.446     1061.436
156  DCMut+F+I     444.268      43  974.537      1197.125     1065.304
157  DCMut+F+G4    444.417      43  974.835      1197.423     1065.602
158  DCMut+F+I+G4  444.340      44  976.681      1224.181     1069.559
159  DCMut+F+R2    444.498      44  976.995      1224.495     1069.874
WARNING: Normalizing state frequencies so that sum of them equals to 1
177  FLAVI         464.629      23  975.257      1005.095     1023.807
WARNING: Normalizing state frequencies so that sum of them equals to 1
178  FLAVI+I       464.257      24  976.515      1009.848     1027.176
WARNING: Normalizing state frequencies so that sum of them equals to 1
179  FLAVI+G4      461.772      24  971.543      1004.877     1022.204
WARNING: Normalizing state frequencies so that sum of them equals to 1
180  FLAVI+I+G4    461.993      25  973.986      1011.129     1026.758
WARNING: Normalizing state frequencies so that sum of them equals to 1
181  FLAVI+R2      460.220      25  970.440      1007.583     1023.212
WARNING: Normalizing state frequencies so that sum of them equals to 1
199  FLAVI+F       455.039      42  994.078      1194.745     1082.735
WARNING: Normalizing state frequencies so that sum of them equals to 1
200  FLAVI+F+I     454.196      43  994.392      1216.980     1085.159
WARNING: Normalizing state frequencies so that sum of them equals to 1
201  FLAVI+F+G4    451.012      43  988.023      1210.612     1078.791
WARNING: Normalizing state frequencies so that sum of them equals to 1
202  FLAVI+F+I+G4  451.181      44  990.361      1237.861     1083.240
WARNING: Normalizing state frequencies so that sum of them equals to 1
203  FLAVI+F+R2    450.228      44  988.456      1235.956     1081.335
221  FLU           454.331      23  954.662      984.500      1003.213
222  FLU+I         454.148      24  956.295      989.629      1006.956
223  FLU+G4        454.220      24  956.441      989.774      1007.102
224  FLU+I+G4      454.211      25  958.423      995.566      1011.195
225  FLU+R2        454.222      25  958.445      995.588      1011.217
243  FLU+F         442.042      42  968.085      1168.751     1056.742
244  FLU+F+I       441.774      43  969.549      1192.137     1060.316
245  FLU+F+G4      441.494      43  968.987      1191.575     1059.755
246  FLU+F+I+G4    441.635      44  971.271      1218.771     1064.149
247  FLU+F+R2      441.434      44  970.868      1218.368     1063.747
265  HIVb          455.089      23  956.177      986.015      1004.727
266  HIVb+I        455.047      24  958.093      991.427      1008.754
267  HIVb+G4       453.995      24  955.991      989.324      1006.652
268  HIVb+I+G4     454.400      25  958.799      995.942      1011.571
269  HIVb+R2       453.050      25  956.100      993.243      1008.872
287  HIVb+F        447.914      42  979.827      1180.494     1068.484
288  HIVb+F+I      447.670      43  981.339      1203.928     1072.107
289  HIVb+F+G4     445.631      43  977.262      1199.851     1068.030
290  HIVb+F+I+G4   445.988      44  979.976      1227.476     1072.855
291  HIVb+F+R2     444.855      44  977.711      1225.211     1070.589
309  HIVw          465.298      23  976.595      1006.433     1025.145
310  HIVw+I        465.160      24  978.321      1011.654     1028.982
311  HIVw+G4       463.748      24  975.496      1008.830     1026.157
312  HIVw+I+G4     464.178      25  978.356      1015.499     1031.128
313  HIVw+R2       462.769      25  975.537      1012.680     1028.309
331  HIVw+F        445.493      42  974.987      1175.654     1063.644
332  HIVw+F+I      445.451      43  976.902      1199.490     1067.670
333  HIVw+F+G4     444.206      43  974.412      1197.001     1065.180
334  HIVw+F+I+G4   444.532      44  977.065      1224.565     1069.943
335  HIVw+F+R2     443.901      44  975.801      1223.301     1068.679
353  JTT           452.608      23  951.217      981.054      999.767
354  JTT+I         452.608      24  953.215      986.549      1003.876
355  JTT+G4        452.608      24  953.215      986.549      1003.876
356  JTT+I+G4      452.874      25  955.747      992.890      1008.519
357  JTT+R2        452.733      25  955.465      992.608      1008.237
375  JTT+F         445.071      42  974.141      1174.808     1062.798
376  JTT+F+I       445.070      43  976.139      1198.728     1066.907
377  JTT+F+G4      445.128      43  976.257      1198.845     1067.025
378  JTT+F+I+G4    445.242      44  978.483      1225.983     1071.362
379  JTT+F+R2      445.196      44  978.392      1225.892     1071.271
397  JTTDCMut      452.621      23  951.242      981.080      999.792
398  JTTDCMut+I    452.621      24  953.242      986.575      1003.903
399  JTTDCMut+G4   452.621      24  953.242      986.575      1003.903
400  JTTDCMut+I+G4 452.890      25  955.781      992.924      1008.553
401  JTTDCMut+R2   452.742      25  955.484      992.627      1008.256
419  JTTDCMut+F    445.118      42  974.235      1174.902     1062.892
420  JTTDCMut+F+I  445.117      43  976.233      1198.822     1067.001
421  JTTDCMut+F+G4 445.182      43  976.364      1198.952     1067.132
422  JTTDCMut+F+I+G4 445.283      44  978.566      1226.066     1071.444
423  JTTDCMut+F+R2 445.255      44  978.510      1226.010     1071.389
441  LG            455.502      23  957.003      986.841      1005.553
442  LG+I          455.270      24  958.540      991.873      1009.201
443  LG+G4         455.214      24  958.428      991.762      1009.089
444  LG+I+G4       455.285      25  960.570      997.713      1013.342
445  LG+R2         455.143      25  960.285      997.428      1013.057
463  LG+F          451.997      42  987.993      1188.660     1076.650
464  LG+F+I        451.767      43  989.534      1212.123     1080.302
465  LG+F+G4       451.019      43  988.038      1210.626     1078.806
466  LG+F+I+G4     451.340      44  990.680      1238.180     1083.559
467  LG+F+R2       450.916      44  989.832      1237.332     1082.710
485  mtART         503.575      23  1053.150     1082.988     1101.700
486  mtART+I       497.554      24  1043.107     1076.440     1093.768
487  mtART+G4      491.091      24  1030.182     1063.515     1080.843
488  mtART+I+G4    491.251      25  1032.502     1069.645     1085.274
489  mtART+R2      492.262      25  1034.524     1071.667     1087.296
507  mtART+F       474.021      42  1032.042     1232.708     1120.698
508  mtART+F+I     471.653      43  1029.305     1251.894     1120.073
509  mtART+F+G4    463.986      43  1013.972     1236.560     1104.739
510  mtART+F+I+G4  464.175      44  1016.349     1263.849     1109.228
511  mtART+F+R2    463.779      44  1015.558     1263.058     1108.437
529  mtMAM         495.426      23  1036.852     1066.690     1085.402
530  mtMAM+I       492.421      24  1032.842     1066.176     1083.503
531  mtMAM+G4      484.862      24  1017.724     1051.058     1068.385
532  mtMAM+I+G4    485.095      25  1020.190     1057.333     1072.962
533  mtMAM+R2      485.326      25  1020.653     1057.795     1073.424
551  mtMAM+F       466.456      42  1016.911     1217.578     1105.568
552  mtMAM+F+I     463.688      43  1013.376     1235.965     1104.144
553  mtMAM+F+G4    457.627      43  1001.255     1223.843     1092.022
554  mtMAM+F+I+G4  457.864      44  1003.728     1251.228     1096.606
555  mtMAM+F+R2    458.259      44  1004.517     1252.017     1097.396
573  mtREV         483.382      23  1012.763     1042.601     1061.314
574  mtREV+I       482.445      24  1012.890     1046.224     1063.551
575  mtREV+G4      480.486      24  1008.973     1042.306     1059.634
576  mtREV+I+G4    480.718      25  1011.436     1048.579     1064.208
577  mtREV+R2      480.346      25  1010.691     1047.834     1063.463
595  mtREV+F       455.323      42  994.646      1195.312     1083.302
596  mtREV+F+I     454.880      43  995.761      1218.349     1086.528
597  mtREV+F+G4    453.046      43  992.093      1214.681     1082.861
598  mtREV+F+I+G4  453.270      44  994.539      1242.039     1087.418
599  mtREV+F+R2    452.903      44  993.806      1241.306     1086.685
617  mtZOA         490.286      23  1026.571     1056.409     1075.121
618  mtZOA+I       486.600      24  1021.199     1054.533     1071.860
619  mtZOA+G4      482.073      24  1012.147     1045.480     1062.808
620  mtZOA+I+G4    482.283      25  1014.566     1051.709     1067.338
621  mtZOA+R2      482.158      25  1014.316     1051.459     1067.088
639  mtZOA+F       463.039      42  1010.079     1210.745     1098.735
640  mtZOA+F+I     461.506      43  1009.011     1231.599     1099.779
641  mtZOA+F+G4    457.007      43  1000.013     1222.601     1090.781
642  mtZOA+F+I+G4  457.260      44  1002.519     1250.019     1095.398
643  mtZOA+F+R2    456.348      44  1000.695     1248.195     1093.574
661  mtMet         484.188      23  1014.376     1044.214     1062.926
662  mtMet+I       483.009      24  1014.018     1047.351     1064.679
663  mtMet+G4      479.750      24  1007.499     1040.833     1058.160
664  mtMet+I+G4    480.022      25  1010.044     1047.187     1062.816
665  mtMet+R2      479.472      25  1008.945     1046.088     1061.717
683  mtMet+F       455.773      42  995.545      1196.212     1084.202
684  mtMet+F+I     455.176      43  996.352      1218.941     1087.120
685  mtMet+F+G4    452.327      43  990.654      1213.242     1081.421
686  mtMet+F+I+G4  452.548      44  993.096      1240.596     1085.974
687  mtMet+F+R2    451.722      44  991.444      1238.944     1084.322
705  mtVer         488.479      23  1022.958     1052.795     1071.508
706  mtVer+I       486.966      24  1021.932     1055.265     1072.593
707  mtVer+G4      482.258      24  1012.516     1045.849     1063.177
708  mtVer+I+G4    482.478      25  1014.956     1052.099     1067.728
709  mtVer+R2      481.849      25  1013.697     1050.840     1066.469
727  mtVer+F       460.526      42  1005.051     1205.718     1093.708
728  mtVer+F+I     458.298      43  1002.596     1225.184     1093.364
729  mtVer+F+G4    454.502      43  995.004      1217.592     1085.771
730  mtVer+F+I+G4  454.733      44  997.466      1244.966     1090.345
731  mtVer+F+R2    454.454      44  996.909      1244.409     1089.787
749  mtInv         487.845      23  1021.689     1051.527     1070.239
750  mtInv+I       486.930      24  1021.860     1055.193     1072.521
751  mtInv+G4      484.766      24  1017.531     1050.865     1068.192
752  mtInv+I+G4    485.013      25  1020.025     1057.168     1072.797
753  mtInv+R2      484.577      25  1019.155     1056.298     1071.927
771  mtInv+F       454.103      42  992.206      1192.873     1080.863
772  mtInv+F+I     453.735      43  993.469      1216.058     1084.237
773  mtInv+F+G4    452.035      43  990.070      1212.658     1080.838
774  mtInv+F+I+G4  452.401      44  992.801      1240.301     1085.680
775  mtInv+F+R2    451.463      44  990.926      1238.426     1083.804
793  PMB           458.606      23  963.211      993.049      1011.761
794  PMB+I         458.606      24  965.212      998.545      1015.873
795  PMB+G4        458.607      24  965.214      998.547      1015.875
796  PMB+I+G4      458.880      25  967.761      1004.903     1020.532
797  PMB+R2        458.711      25  967.422      1004.564     1020.193
815  PMB+F         451.582      42  987.163      1187.830     1075.820
816  PMB+F+I       451.583      43  989.165      1211.753     1079.933
817  PMB+F+G4      451.681      43  989.362      1211.950     1080.129
818  PMB+F+I+G4    451.812      44  991.624      1239.124     1084.502
819  PMB+F+R2      451.767      44  991.533      1239.033     1084.412
WARNING: Normalizing state frequencies so that sum of them equals to 1
837  Q.bird        459.905      23  965.810      995.648      1014.360
WARNING: Normalizing state frequencies so that sum of them equals to 1
838  Q.bird+I      459.436      24  966.871      1000.205     1017.532
WARNING: Normalizing state frequencies so that sum of them equals to 1
839  Q.bird+G4     457.739      24  963.479      996.812      1014.140
WARNING: Normalizing state frequencies so that sum of them equals to 1
840  Q.bird+I+G4   458.220      25  966.440      1003.583     1019.212
WARNING: Normalizing state frequencies so that sum of them equals to 1
841  Q.bird+R2     457.010      25  964.019      1001.162     1016.791
WARNING: Normalizing state frequencies so that sum of them equals to 1
859  Q.bird+F      453.104      42  990.209      1190.875     1078.865
WARNING: Normalizing state frequencies so that sum of them equals to 1
860  Q.bird+F+I    452.533      43  991.066      1213.654     1081.833
WARNING: Normalizing state frequencies so that sum of them equals to 1
861  Q.bird+F+G4   450.358      43  986.716      1209.304     1077.483
WARNING: Normalizing state frequencies so that sum of them equals to 1
862  Q.bird+F+I+G4 450.733      44  989.465      1236.965     1082.343
WARNING: Normalizing state frequencies so that sum of them equals to 1
863  Q.bird+F+R2   450.409      44  988.818      1236.318     1081.697
881  Q.insect      454.574      23  955.147      984.985      1003.697
882  Q.insect+I    454.271      24  956.543      989.876      1007.204
883  Q.insect+G4   454.082      24  956.164      989.497      1006.825
884  Q.insect+I+G4 454.200      25  958.401      995.544      1011.172
885  Q.insect+R2   454.001      25  958.002      995.145      1010.774
903  Q.insect+F    451.809      42  987.617      1188.284     1076.274
904  Q.insect+F+I  451.573      43  989.146      1211.734     1079.914
905  Q.insect+F+G4 451.057      43  988.113      1210.702     1078.881
906  Q.insect+F+I+G4 451.322      44  990.645      1238.145     1083.523
907  Q.insect+F+R2 450.945      44  989.891      1237.391     1082.769
WARNING: Normalizing state frequencies so that sum of them equals to 1
925  Q.mammal      459.617      23  965.235      995.073      1013.785
WARNING: Normalizing state frequencies so that sum of them equals to 1
926  Q.mammal+I    459.309      24  966.617      999.951      1017.278
WARNING: Normalizing state frequencies so that sum of them equals to 1
927  Q.mammal+G4   458.525      24  965.050      998.384      1015.711
WARNING: Normalizing state frequencies so that sum of them equals to 1
928  Q.mammal+I+G4 458.908      25  967.815      1004.958     1020.587
WARNING: Normalizing state frequencies so that sum of them equals to 1
929  Q.mammal+R2   458.359      25  966.718      1003.861     1019.490
WARNING: Normalizing state frequencies so that sum of them equals to 1
947  Q.mammal+F    451.960      42  987.920      1188.587     1076.577
WARNING: Normalizing state frequencies so that sum of them equals to 1
948  Q.mammal+F+I  451.516      43  989.031      1211.620     1079.799
WARNING: Normalizing state frequencies so that sum of them equals to 1
949  Q.mammal+F+G4 450.139      43  986.278      1208.866     1077.046
WARNING: Normalizing state frequencies so that sum of them equals to 1
950  Q.mammal+F+I+G4 450.480      44  988.959      1236.459     1081.838
WARNING: Normalizing state frequencies so that sum of them equals to 1
951  Q.mammal+F+R2 450.081      44  988.162      1235.662     1081.041
WARNING: Normalizing state frequencies so that sum of them equals to 1
969  Q.pfam        458.865      23  963.730      993.568      1012.280
WARNING: Normalizing state frequencies so that sum of them equals to 1
970  Q.pfam+I      458.374      24  964.748      998.081      1015.409
WARNING: Normalizing state frequencies so that sum of them equals to 1
971  Q.pfam+G4     458.426      24  964.851      998.184      1015.512
WARNING: Normalizing state frequencies so that sum of them equals to 1
972  Q.pfam+I+G4   458.375      25  966.749      1003.892     1019.521
WARNING: Normalizing state frequencies so that sum of them equals to 1
973  Q.pfam+R2     458.347      25  966.694      1003.837     1019.466
WARNING: Normalizing state frequencies so that sum of them equals to 1
991  Q.pfam+F      453.100      42  990.199      1190.866     1078.856
WARNING: Normalizing state frequencies so that sum of them equals to 1
992  Q.pfam+F+I    452.654      43  991.307      1213.895     1082.075
WARNING: Normalizing state frequencies so that sum of them equals to 1
993  Q.pfam+F+G4   451.867      43  989.735      1212.323     1080.502
WARNING: Normalizing state frequencies so that sum of them equals to 1
994  Q.pfam+F+I+G4 452.190      44  992.380      1239.880     1085.259
WARNING: Normalizing state frequencies so that sum of them equals to 1
995  Q.pfam+F+R2   451.754      44  991.507      1239.007     1084.386
WARNING: Normalizing state frequencies so that sum of them equals to 1
1013  Q.plant       458.311      23  962.622      992.459      1011.172
WARNING: Normalizing state frequencies so that sum of them equals to 1
1014  Q.plant+I     457.154      24  962.308      995.641      1012.968
WARNING: Normalizing state frequencies so that sum of them equals to 1
1015  Q.plant+G4    456.363      24  960.726      994.059      1011.387
WARNING: Normalizing state frequencies so that sum of them equals to 1
1016  Q.plant+I+G4  456.636      25  963.272      1000.415     1016.044
WARNING: Normalizing state frequencies so that sum of them equals to 1
1017  Q.plant+R2    456.324      25  962.647      999.790      1015.419
WARNING: Normalizing state frequencies so that sum of them equals to 1
1035  Q.plant+F     452.293      42  988.586      1189.253     1077.243
WARNING: Normalizing state frequencies so that sum of them equals to 1
1036  Q.plant+F+I   451.450      43  988.900      1211.488     1079.667
WARNING: Normalizing state frequencies so that sum of them equals to 1
1037  Q.plant+F+G4  450.207      43  986.415      1209.003     1077.182
WARNING: Normalizing state frequencies so that sum of them equals to 1
1038  Q.plant+F+I+G4 450.569      44  989.139      1236.639     1082.017
WARNING: Normalizing state frequencies so that sum of them equals to 1
1039  Q.plant+F+R2  449.935      44  987.870      1235.370     1080.749
WARNING: Normalizing state frequencies so that sum of them equals to 1
1057  Q.yeast       458.373      23  962.747      992.585      1011.297
WARNING: Normalizing state frequencies so that sum of them equals to 1
1058  Q.yeast+I     457.582      24  963.165      996.498      1013.826
WARNING: Normalizing state frequencies so that sum of them equals to 1
1059  Q.yeast+G4    457.498      24  962.996      996.330      1013.657
WARNING: Normalizing state frequencies so that sum of them equals to 1
1060  Q.yeast+I+G4  457.494      25  964.988      1002.131     1017.760
WARNING: Normalizing state frequencies so that sum of them equals to 1
1061  Q.yeast+R2    457.406      25  964.811      1001.954     1017.583
WARNING: Normalizing state frequencies so that sum of them equals to 1
1079  Q.yeast+F     452.620      42  989.239      1189.906     1077.896
WARNING: Normalizing state frequencies so that sum of them equals to 1
1080  Q.yeast+F+I   452.065      43  990.130      1212.718     1080.897
WARNING: Normalizing state frequencies so that sum of them equals to 1
1081  Q.yeast+F+G4  451.460      43  988.921      1211.509     1079.688
WARNING: Normalizing state frequencies so that sum of them equals to 1
1082  Q.yeast+F+I+G4 451.697      44  991.394      1238.894     1084.272
WARNING: Normalizing state frequencies so that sum of them equals to 1
1083  Q.yeast+F+R2  451.373      44  990.745      1238.245     1083.624
1101  rtREV         460.468      23  966.937      996.775      1015.487
1102  rtREV+I       459.814      24  967.628      1000.961     1018.289
1103  rtREV+G4      459.527      24  967.054      1000.387     1017.715
1104  rtREV+I+G4    459.646      25  969.291      1006.434     1022.063
1105  rtREV+R2      459.601      25  969.201      1006.344     1021.973
1123  rtREV+F       454.516      42  993.033      1193.699     1081.689
1124  rtREV+F+I     453.678      43  993.357      1215.945     1084.124
1125  rtREV+F+G4    452.568      43  991.136      1213.724     1081.904
1126  rtREV+F+I+G4  452.773      44  993.547      1241.047     1086.425
1127  rtREV+F+R2    452.542      44  993.084      1240.584     1085.963
1145  VT            453.508      23  953.015      982.853      1001.565
1146  VT+I          453.508      24  955.016      988.349      1005.677
1147  VT+G4         453.511      24  955.022      988.355      1005.683
1148  VT+I+G4       453.785      25  957.570      994.713      1010.342
1149  VT+R2         453.594      25  957.187      994.330      1009.959
1167  VT+F          447.212      42  978.424      1179.091     1067.081
1168  VT+F+I        447.212      43  980.424      1203.012     1071.192
1169  VT+F+G4       447.216      43  980.431      1203.020     1071.199
1170  VT+F+I+G4     447.523      44  983.045      1230.545     1075.924
1171  VT+F+R2       447.346      44  982.692      1230.192     1075.570
1189  WAG           454.049      23  954.097      983.935      1002.647
1190  WAG+I         454.049      24  956.097      989.431      1006.758
1191  WAG+G4        454.050      24  956.100      989.434      1006.761
1192  WAG+I+G4      454.307      25  958.614      995.757      1011.386
1193  WAG+R2        454.152      25  958.305      995.447      1011.076
1211  WAG+F         446.389      42  976.777      1177.444     1065.434
1212  WAG+F+I       446.368      43  978.736      1201.324     1069.503
1213  WAG+F+G4      446.721      43  979.442      1202.030     1070.210
1214  WAG+F+I+G4    446.501      44  981.002      1228.502     1073.880
1215  WAG+F+R2      446.578      44  981.155      1228.655     1074.034
Reading model parameters from file Q.iridoviridae
1233  Q.iridoviridae 450.607      23  947.214      977.052      995.764
Reading model parameters from file Q.iridoviridae
1234  Q.iridoviridae+I 450.598      24  949.196      982.529      999.857
Reading model parameters from file Q.iridoviridae
1235  Q.iridoviridae+G4 450.671      24  949.341      982.675      1000.002
Reading model parameters from file Q.iridoviridae
1236  Q.iridoviridae+I+G4 450.753      25  951.506      988.648      1004.277
Reading model parameters from file Q.iridoviridae
1237  Q.iridoviridae+R2 450.701      25  951.403      988.546      1004.175
Reading model parameters from file Q.iridoviridae
1255  Q.iridoviridae+F 447.310      42  978.621      1179.287     1067.278
Reading model parameters from file Q.iridoviridae
1256  Q.iridoviridae+F+I 447.292      43  980.584      1203.172     1071.352
Reading model parameters from file Q.iridoviridae
1257  Q.iridoviridae+F+G4 447.223      43  980.445      1203.033     1071.213
Reading model parameters from file Q.iridoviridae
1258  Q.iridoviridae+F+I+G4 447.388      44  982.776      1230.276     1075.655
Reading model parameters from file Q.iridoviridae
1259  Q.iridoviridae+F+R2 447.159      44  982.319      1229.819     1075.197
Reading model parameters from file Q.mcv
WARNING: Normalizing state frequencies so that sum of them equals to 1
1277  Q.mcv         448.995      23  943.989      973.827      992.539
Reading model parameters from file Q.mcv
WARNING: Normalizing state frequencies so that sum of them equals to 1
1278  Q.mcv+I       448.994      24  945.989      979.322      996.650
Reading model parameters from file Q.mcv
WARNING: Normalizing state frequencies so that sum of them equals to 1
1279  Q.mcv+G4      448.996      24  945.992      979.326      996.653
Reading model parameters from file Q.mcv
WARNING: Normalizing state frequencies so that sum of them equals to 1
1280  Q.mcv+I+G4    449.235      25  948.470      985.613      1001.242
Reading model parameters from file Q.mcv
WARNING: Normalizing state frequencies so that sum of them equals to 1
1281  Q.mcv+R2      449.091      25  948.182      985.325      1000.954
Reading model parameters from file Q.mcv
WARNING: Normalizing state frequencies so that sum of them equals to 1
1299  Q.mcv+F       440.887      42  965.774      1166.441     1054.431
Reading model parameters from file Q.mcv
WARNING: Normalizing state frequencies so that sum of them equals to 1
1300  Q.mcv+F+I     440.859      43  967.718      1190.306     1058.486
Reading model parameters from file Q.mcv
WARNING: Normalizing state frequencies so that sum of them equals to 1
1301  Q.mcv+F+G4    440.960      43  967.920      1190.508     1058.687
Reading model parameters from file Q.mcv
WARNING: Normalizing state frequencies so that sum of them equals to 1
1302  Q.mcv+F+I+G4  440.982      44  969.965      1217.465     1062.843
Reading model parameters from file Q.mcv
WARNING: Normalizing state frequencies so that sum of them equals to 1
1303  Q.mcv+F+R2    440.993      44  969.985      1217.485     1062.864
Akaike Information Criterion:           Q.mcv
Corrected Akaike Information Criterion: Q.mcv
Bayesian Information Criterion:         Q.mcv
Best-fit model: Q.mcv chosen according to BIC

All model information printed to iqtree_family/OG0000056.fa.model.gz
CPU time for ModelFinder: 3.638 seconds (0h:0m:3s)
Wall-clock time for ModelFinder: 3.666 seconds (0h:0m:3s)
Generating 1000 samples for ultrafast bootstrap (seed: 526579)...
Reading model parameters from file Q.mcv
WARNING: Normalizing state frequencies so that sum of them equals to 1

NOTE: 0 MB RAM (0 GB) is required!
Estimate model parameters (epsilon = 0.100)
1. Initial log-likelihood: -448.995
Optimal log-likelihood: -448.994
Parameters optimization took 1 rounds (0.001 sec)
Wrote distance file to... 
Computing ML distances based on estimated model parameters...
Calculating distance matrix: done in 0.00242519 secs using 99.37% CPU
Computing ML distances took 0.002447 sec (of wall-clock time) 0.002432 sec (of CPU time)
Setting up auxiliary I and S matrices: done in 3.00407e-05 secs
Constructing RapidNJ tree: done in 4.79221e-05 secs
Computing RapidNJ tree took 0.000108 sec (of wall-clock time) 0.000000 sec (of CPU time)
Log-likelihood of RapidNJ tree: -449.970
--------------------------------------------------------------------
|             INITIALIZING CANDIDATE TREE SET                      |
--------------------------------------------------------------------
Generating 98 parsimony trees... 0.021 second
Computing log-likelihood of 98 initial trees ... 0.030 seconds
Current best score: -448.994

Do NNI search on 20 best initial trees
Optimizing NNI: done in 0.00151896 secs using 199.9% CPU
Estimate model parameters (epsilon = 0.100)
BETTER TREE FOUND at iteration 1: -448.994
Optimizing NNI: done in 0.00432086 secs using 199.4% CPU
Optimizing NNI: done in 0.0048902 secs using 200% CPU
Optimizing NNI: done in 0.00545001 secs using 199.9% CPU
Optimizing NNI: done in 0.00438094 secs using 109.1% CPU
Optimizing NNI: done in 0.00170994 secs using 200.1% CPU
Optimizing NNI: done in 0.00442481 secs using 199.9% CPU
BETTER TREE FOUND at iteration 7: -448.994
Optimizing NNI: done in 0.00277996 secs using 200.1% CPU
Optimizing NNI: done in 0.003021 secs using 200.1% CPU
Optimizing NNI: done in 0.00300908 secs using 200.1% CPU
Iteration 10 / LogL: -448.996 / Time: 0h:0m:0s
Optimizing NNI: done in 0.00308013 secs using 200% CPU
Optimizing NNI: done in 0.00314212 secs using 73.64% CPU
Optimizing NNI: done in 0.00314188 secs using 199.9% CPU
Optimizing NNI: done in 0.00313306 secs using 199.4% CPU
Optimizing NNI: done in 0.00319719 secs using 200% CPU
Optimizing NNI: done in 0.00318599 secs using 199.9% CPU
Optimizing NNI: done in 0.00278902 secs using 200% CPU
Optimizing NNI: done in 0.0027771 secs using 200.1% CPU
Optimizing NNI: done in 0.00321507 secs using 200% CPU
Optimizing NNI: done in 0.00304508 secs using 199.7% CPU
Iteration 20 / LogL: -448.996 / Time: 0h:0m:0s
Finish initializing candidate tree set (12)
Current best tree score: -448.994 / CPU time: 0.124
Number of iterations: 20
--------------------------------------------------------------------
|               OPTIMIZING CANDIDATE TREE SET                      |
--------------------------------------------------------------------
Optimizing NNI: done in 0.00676417 secs using 141.6% CPU
Optimizing NNI: done in 0.00416303 secs using 199.5% CPU
Optimizing NNI: done in 0.00151992 secs using 200% CPU
Optimizing NNI: done in 0.00584602 secs using 199.8% CPU
Optimizing NNI: done in 0.00469494 secs using 200% CPU
Optimizing NNI: done in 0.00588799 secs using 200% CPU
Optimizing NNI: done in 0.00425792 secs using 199.9% CPU
Optimizing NNI: done in 0.00675201 secs using 200% CPU
Optimizing NNI: done in 0.00349116 secs using 200% CPU
Optimizing NNI: done in 0.00970101 secs using 200% CPU
Iteration 30 / LogL: -449.226 / Time: 0h:0m:0s (0h:0m:0s left)
Optimizing NNI: done in 0.0100851 secs using 99.99% CPU
Optimizing NNI: done in 0.00292087 secs using 100% CPU
Optimizing NNI: done in 0.00455523 secs using 100% CPU
UPDATE BEST LOG-LIKELIHOOD: -448.993
Optimizing NNI: done in 0.00543284 secs using 100% CPU
Optimizing NNI: done in 0.00306606 secs using 100% CPU
Optimizing NNI: done in 0.00285602 secs using 99.96% CPU
Optimizing NNI: done in 0.00312281 secs using 99.97% CPU
Optimizing NNI: done in 0.00306606 secs using 99.97% CPU
Optimizing NNI: done in 0.00887299 secs using 100% CPU
Optimizing NNI: done in 0.00699496 secs using 100% CPU
Iteration 40 / LogL: -448.995 / Time: 0h:0m:0s (0h:0m:0s left)
Optimizing NNI: done in 0.00713992 secs using 100% CPU
Optimizing NNI: done in 0.00744009 secs using 100% CPU
Optimizing NNI: done in 0.0101728 secs using 100% CPU
UPDATE BEST LOG-LIKELIHOOD: -448.993
Optimizing NNI: done in 0.00154591 secs using 100% CPU
Optimizing NNI: done in 0.00508809 secs using 100% CPU
Optimizing NNI: done in 0.00643921 secs using 99.98% CPU
Optimizing NNI: done in 0.00815797 secs using 100% CPU
Optimizing NNI: done in 0.00305986 secs using 100% CPU
Optimizing NNI: done in 0.00926805 secs using 100% CPU
Optimizing NNI: done in 0.00434399 secs using 100% CPU
Iteration 50 / LogL: -448.994 / Time: 0h:0m:0s (0h:0m:0s left)
Log-likelihood cutoff on original alignment: -478.364
Optimizing NNI: done in 0.00450397 secs using 99.25% CPU
Optimizing NNI: done in 0.00555992 secs using 100% CPU
Optimizing NNI: done in 0.00213099 secs using 100% CPU
Optimizing NNI: done in 0.00317883 secs using 100% CPU
Optimizing NNI: done in 0.00850296 secs using 100% CPU
Optimizing NNI: done in 0.00704694 secs using 100% CPU
Optimizing NNI: done in 0.00289321 secs using 99.96% CPU
Optimizing NNI: done in 0.00300908 secs using 100% CPU
Optimizing NNI: done in 0.00582504 secs using 100% CPU
Optimizing NNI: done in 0.005759 secs using 100% CPU
Iteration 60 / LogL: -448.996 / Time: 0h:0m:0s (0h:0m:0s left)
Optimizing NNI: done in 0.00240207 secs using 100% CPU
Optimizing NNI: done in 0.00307798 secs using 100% CPU
Optimizing NNI: done in 0.00280595 secs using 99.93% CPU
Optimizing NNI: done in 0.0045321 secs using 100% CPU
UPDATE BEST LOG-LIKELIHOOD: -448.993
Optimizing NNI: done in 0.00599098 secs using 100% CPU
Optimizing NNI: done in 0.00450587 secs using 100% CPU
Optimizing NNI: done in 0.002985 secs using 100% CPU
Optimizing NNI: done in 0.00540209 secs using 100% CPU
Optimizing NNI: done in 0.0025959 secs using 99.97% CPU
Optimizing NNI: done in 0.00676394 secs using 100% CPU
Iteration 70 / LogL: -449.226 / Time: 0h:0m:0s (0h:0m:0s left)
Optimizing NNI: done in 0.00307298 secs using 100% CPU
Optimizing NNI: done in 0.00460219 secs using 100% CPU
Optimizing NNI: done in 0.00464392 secs using 99.98% CPU
Optimizing NNI: done in 0.00276017 secs using 99.96% CPU
Optimizing NNI: done in 0.0046041 secs using 100% CPU
Optimizing NNI: done in 0.00540805 secs using 100% CPU
Optimizing NNI: done in 0.0029211 secs using 100% CPU
Optimizing NNI: done in 0.00618792 secs using 100% CPU
Optimizing NNI: done in 0.00577903 secs using 100% CPU
Optimizing NNI: done in 0.00453997 secs using 99.98% CPU
Iteration 80 / LogL: -448.994 / Time: 0h:0m:0s (0h:0m:0s left)
Optimizing NNI: done in 0.00580692 secs using 100% CPU
Optimizing NNI: done in 0.00385594 secs using 100% CPU
Optimizing NNI: done in 0.00691295 secs using 99.99% CPU
Optimizing NNI: done in 0.010134 secs using 100% CPU
Optimizing NNI: done in 0.00299501 secs using 100% CPU
Optimizing NNI: done in 0.00281501 secs using 99.96% CPU
Optimizing NNI: done in 0.00275016 secs using 99.99% CPU
Optimizing NNI: done in 0.00302696 secs using 100% CPU
Optimizing NNI: done in 0.00852513 secs using 99.99% CPU
Optimizing NNI: done in 0.00298309 secs using 99.96% CPU
Iteration 90 / LogL: -448.996 / Time: 0h:0m:0s (0h:0m:0s left)
Optimizing NNI: done in 0.00789714 secs using 100% CPU
Optimizing NNI: done in 0.0028131 secs using 100% CPU
Optimizing NNI: done in 0.00283599 secs using 100% CPU
Optimizing NNI: done in 0.00678802 secs using 100% CPU
Optimizing NNI: done in 0.00749803 secs using 100% CPU
Optimizing NNI: done in 0.00285816 secs using 99.99% CPU
Optimizing NNI: done in 0.00564909 secs using 100% CPU
Optimizing NNI: done in 0.00280809 secs using 100% CPU
Optimizing NNI: done in 0.00286603 secs using 100% CPU
Optimizing NNI: done in 0.00314403 secs using 100% CPU
Iteration 100 / LogL: -448.994 / Time: 0h:0m:0s (0h:0m:0s left)
Log-likelihood cutoff on original alignment: -478.364
NOTE: Bootstrap correlation coefficient of split occurrence frequencies: 0.980
NOTE: UFBoot does not converge, continue at least 100 more iterations
Optimizing NNI: done in 0.00295091 secs using 100% CPU
Optimizing NNI: done in 0.007442 secs using 100% CPU
Optimizing NNI: done in 0.00316286 secs using 100% CPU
Optimizing NNI: done in 0.00591087 secs using 100% CPU
Optimizing NNI: done in 0.00458598 secs using 99.98% CPU
Optimizing NNI: done in 0.00814199 secs using 100% CPU
Optimizing NNI: done in 0.007339 secs using 100% CPU
Optimizing NNI: done in 0.00881815 secs using 100% CPU
Optimizing NNI: done in 0.00529099 secs using 99.98% CPU
UPDATE BEST LOG-LIKELIHOOD: -448.993
Optimizing NNI: done in 0.00602889 secs using 79.92% CPU
Iteration 110 / LogL: -448.996 / Time: 0h:0m:0s (0h:0m:0s left)
Optimizing NNI: done in 0.00148797 secs using 100% CPU
Optimizing NNI: done in 0.00328493 secs using 100% CPU
Optimizing NNI: done in 0.011574 secs using 99.99% CPU
Optimizing NNI: done in 0.00404096 secs using 99.98% CPU
Optimizing NNI: done in 0.00689507 secs using 100% CPU
Optimizing NNI: done in 0.00359702 secs using 100% CPU
Optimizing NNI: done in 0.00564384 secs using 100% CPU
Optimizing NNI: done in 0.00785899 secs using 100% CPU
Optimizing NNI: done in 0.00715709 secs using 100% CPU
Optimizing NNI: done in 0.00732303 secs using 99.99% CPU
Iteration 120 / LogL: -448.996 / Time: 0h:0m:0s (0h:0m:0s left)
Optimizing NNI: done in 0.00306296 secs using 100% CPU
Optimizing NNI: done in 0.00629902 secs using 100% CPU
Optimizing NNI: done in 0.00842905 secs using 99.99% CPU
Optimizing NNI: done in 0.0021131 secs using 100% CPU
Optimizing NNI: done in 0.00855112 secs using 99.99% CPU
Optimizing NNI: done in 0.00149894 secs using 100% CPU
Optimizing NNI: done in 0.00581789 secs using 100% CPU
Optimizing NNI: done in 0.00599504 secs using 100% CPU
Optimizing NNI: done in 0.00425005 secs using 99.98% CPU
Optimizing NNI: done in 0.00203085 secs using 99.96% CPU
UPDATE BEST LOG-LIKELIHOOD: -448.993
Iteration 130 / LogL: -448.993 / Time: 0h:0m:0s (0h:0m:0s left)
Optimizing NNI: done in 0.00641179 secs using 99.99% CPU
Optimizing NNI: done in 0.003932 secs using 99.97% CPU
Optimizing NNI: done in 0.00466108 secs using 100% CPU
Optimizing NNI: done in 0.00808001 secs using 100% CPU
Optimizing NNI: done in 0.00312495 secs using 100% CPU
Optimizing NNI: done in 0.007447 secs using 100% CPU
Optimizing NNI: done in 0.00556803 secs using 100% CPU
Optimizing NNI: done in 0.00565886 secs using 99.98% CPU
Optimizing NNI: done in 0.00408101 secs using 100% CPU
Optimizing NNI: done in 0.00829101 secs using 99.99% CPU
Iteration 140 / LogL: -449.226 / Time: 0h:0m:1s (0h:0m:0s left)
Optimizing NNI: done in 0.00310397 secs using 100% CPU
Optimizing NNI: done in 0.00434685 secs using 99.98% CPU
Optimizing NNI: done in 0.00722599 secs using 100% CPU
Optimizing NNI: done in 0.00310802 secs using 100% CPU
Optimizing NNI: done in 0.00151992 secs using 100% CPU
Optimizing NNI: done in 0.00657487 secs using 100% CPU
Optimizing NNI: done in 0.00607395 secs using 100% CPU
Optimizing NNI: done in 0.00283289 secs using 100% CPU
Optimizing NNI: done in 0.00569105 secs using 100% CPU
Optimizing NNI: done in 0.00306916 secs using 99.99% CPU
Iteration 150 / LogL: -450.918 / Time: 0h:0m:1s (0h:0m:0s left)
Log-likelihood cutoff on original alignment: -478.878
Optimizing NNI: done in 0.00508308 secs using 100% CPU
Optimizing NNI: done in 0.00300312 secs using 100% CPU
Optimizing NNI: done in 0.00433707 secs using 100% CPU
Optimizing NNI: done in 0.00148797 secs using 99.93% CPU
Optimizing NNI: done in 0.00431299 secs using 99.98% CPU
Optimizing NNI: done in 0.00294089 secs using 100% CPU
Optimizing NNI: done in 0.00608897 secs using 100% CPU
Optimizing NNI: done in 0.0074718 secs using 100% CPU
Optimizing NNI: done in 0.00568795 secs using 100% CPU
Optimizing NNI: done in 0.0102859 secs using 99.99% CPU
Iteration 160 / LogL: -448.993 / Time: 0h:0m:1s (0h:0m:0s left)
Optimizing NNI: done in 0.0030961 secs using 100% CPU
Optimizing NNI: done in 0.00310397 secs using 100% CPU
Optimizing NNI: done in 0.00552702 secs using 100% CPU
Optimizing NNI: done in 0.00633311 secs using 100% CPU
Optimizing NNI: done in 0.00832915 secs using 99.99% CPU
Optimizing NNI: done in 0.00463009 secs using 100% CPU
Optimizing NNI: done in 0.00240493 secs using 100% CPU
Optimizing NNI: done in 0.0100091 secs using 99.99% CPU
Optimizing NNI: done in 0.00397611 secs using 99.97% CPU
Optimizing NNI: done in 0.00736189 secs using 99.99% CPU
Iteration 170 / LogL: -448.994 / Time: 0h:0m:1s (0h:0m:0s left)
Optimizing NNI: done in 0.00301504 secs using 100% CPU
Optimizing NNI: done in 0.00747585 secs using 99.99% CPU
Optimizing NNI: done in 0.00818706 secs using 100% CPU
Optimizing NNI: done in 0.00421405 secs using 100% CPU
Optimizing NNI: done in 0.00552607 secs using 100% CPU
Optimizing NNI: done in 0.00469899 secs using 99.98% CPU
Optimizing NNI: done in 0.00443196 secs using 99.98% CPU
Optimizing NNI: done in 0.00709319 secs using 100% CPU
Optimizing NNI: done in 0.00777102 secs using 100% CPU
Optimizing NNI: done in 0.00266409 secs using 100% CPU
Iteration 180 / LogL: -448.996 / Time: 0h:0m:1s (0h:0m:0s left)
Optimizing NNI: done in 0.00787282 secs using 100% CPU
Optimizing NNI: done in 0.0045619 secs using 99.98% CPU
Optimizing NNI: done in 0.00564003 secs using 99.98% CPU
Optimizing NNI: done in 0.00292206 secs using 100% CPU
UPDATE BEST LOG-LIKELIHOOD: -448.993
Optimizing NNI: done in 0.00563002 secs using 100% CPU
Optimizing NNI: done in 0.00434804 secs using 100% CPU
Optimizing NNI: done in 0.00151992 secs using 100% CPU
UPDATE BEST LOG-LIKELIHOOD: -448.993
Optimizing NNI: done in 0.00527716 secs using 99.75% CPU
Optimizing NNI: done in 0.00288296 secs using 99.97% CPU
Optimizing NNI: done in 0.0034461 secs using 100% CPU
Iteration 190 / LogL: -448.996 / Time: 0h:0m:1s (0h:0m:0s left)
Optimizing NNI: done in 0.0104809 secs using 100% CPU
Optimizing NNI: done in 0.00287986 secs using 100% CPU
Optimizing NNI: done in 0.0077939 secs using 100% CPU
Optimizing NNI: done in 0.00879097 secs using 100% CPU
Optimizing NNI: done in 0.010036 secs using 99.93% CPU
Optimizing NNI: done in 0.00595093 secs using 99.98% CPU
Optimizing NNI: done in 0.00807691 secs using 100% CPU
Optimizing NNI: done in 0.00522208 secs using 100% CPU
Optimizing NNI: done in 0.00513387 secs using 100% CPU
Optimizing NNI: done in 0.00913 secs using 100% CPU
Iteration 200 / LogL: -448.995 / Time: 0h:0m:1s (0h:0m:0s left)
Log-likelihood cutoff on original alignment: -480.120
NOTE: Bootstrap correlation coefficient of split occurrence frequencies: 0.969
NOTE: UFBoot does not converge, continue at least 100 more iterations
Optimizing NNI: done in 0.00713897 secs using 100% CPU
Optimizing NNI: done in 0.00804186 secs using 100% CPU
Optimizing NNI: done in 0.00627804 secs using 100% CPU
Optimizing NNI: done in 0.00874996 secs using 100% CPU
Optimizing NNI: done in 0.00542307 secs using 99.98% CPU
Optimizing NNI: done in 0.00417304 secs using 100% CPU
Optimizing NNI: done in 0.00581312 secs using 99.98% CPU
Optimizing NNI: done in 0.00443506 secs using 100% CPU
Optimizing NNI: done in 0.00636601 secs using 99.98% CPU
Optimizing NNI: done in 0.00436592 secs using 100% CPU
Iteration 210 / LogL: -448.996 / Time: 0h:0m:1s (0h:0m:0s left)
Optimizing NNI: done in 0.00539994 secs using 100% CPU
Optimizing NNI: done in 0.00620198 secs using 100% CPU
Optimizing NNI: done in 0.00279903 secs using 100% CPU
Optimizing NNI: done in 0.00438309 secs using 100% CPU
Optimizing NNI: done in 0.00309896 secs using 100% CPU
Optimizing NNI: done in 0.00399184 secs using 100% CPU
Optimizing NNI: done in 0.00296807 secs using 99.96% CPU
Optimizing NNI: done in 0.00286722 secs using 100% CPU
Optimizing NNI: done in 0.00442505 secs using 99.98% CPU
Optimizing NNI: done in 0.00283313 secs using 100% CPU
Iteration 220 / LogL: -448.994 / Time: 0h:0m:1s (0h:0m:0s left)
Optimizing NNI: done in 0.00814295 secs using 100% CPU
Optimizing NNI: done in 0.003057 secs using 100% CPU
Optimizing NNI: done in 0.00312996 secs using 100% CPU
Optimizing NNI: done in 0.00738811 secs using 99.98% CPU
Optimizing NNI: done in 0.00437903 secs using 100% CPU
Optimizing NNI: done in 0.00692201 secs using 100% CPU
Optimizing NNI: done in 0.00308514 secs using 100% CPU
Optimizing NNI: done in 0.0054431 secs using 100% CPU
Optimizing NNI: done in 0.00630903 secs using 100% CPU
Optimizing NNI: done in 0.00571609 secs using 100% CPU
Iteration 230 / LogL: -449.226 / Time: 0h:0m:1s (0h:0m:0s left)
Optimizing NNI: done in 0.00537395 secs using 100% CPU
Optimizing NNI: done in 0.00562692 secs using 100% CPU
Optimizing NNI: done in 0.00305486 secs using 100% CPU
Optimizing NNI: done in 0.00306797 secs using 99.97% CPU
Optimizing NNI: done in 0.00764513 secs using 100% CPU
Optimizing NNI: done in 0.00312901 secs using 100% CPU
Optimizing NNI: done in 0.00670195 secs using 99.99% CPU
Optimizing NNI: done in 0.00710917 secs using 100% CPU
Optimizing NNI: done in 0.00298905 secs using 100% CPU
Optimizing NNI: done in 0.00412607 secs using 100% CPU
Iteration 240 / LogL: -448.996 / Time: 0h:0m:1s (0h:0m:0s left)
Optimizing NNI: done in 0.00612307 secs using 100% CPU
Optimizing NNI: done in 0.00995803 secs using 100% CPU
Optimizing NNI: done in 0.0040431 secs using 99.97% CPU
Optimizing NNI: done in 0.00683212 secs using 99.98% CPU
Optimizing NNI: done in 0.00313997 secs using 100% CPU
Optimizing NNI: done in 0.00788903 secs using 100% CPU
Optimizing NNI: done in 0.00332093 secs using 100% CPU
Optimizing NNI: done in 0.00771284 secs using 100% CPU
Optimizing NNI: done in 0.00725484 secs using 100% CPU
Optimizing NNI: done in 0.00422311 secs using 100% CPU
Iteration 250 / LogL: -448.993 / Time: 0h:0m:1s (0h:0m:0s left)
Log-likelihood cutoff on original alignment: -480.120
Optimizing NNI: done in 0.00398302 secs using 100% CPU
Optimizing NNI: done in 0.00545502 secs using 100% CPU
Optimizing NNI: done in 0.00307703 secs using 100% CPU
Optimizing NNI: done in 0.00729704 secs using 99.99% CPU
Optimizing NNI: done in 0.00293088 secs using 100% CPU
Optimizing NNI: done in 0.00311303 secs using 100% CPU
Optimizing NNI: done in 0.00418305 secs using 100% CPU
Optimizing NNI: done in 0.00706697 secs using 100% CPU
Optimizing NNI: done in 0.00832081 secs using 100% CPU
Optimizing NNI: done in 0.00554109 secs using 100% CPU
Iteration 260 / LogL: -461.301 / Time: 0h:0m:2s (0h:0m:0s left)
Optimizing NNI: done in 0.00311399 secs using 100% CPU
Optimizing NNI: done in 0.00275993 secs using 99.97% CPU
Optimizing NNI: done in 0.00554013 secs using 100% CPU
Optimizing NNI: done in 0.00307918 secs using 99.96% CPU
Optimizing NNI: done in 0.00889397 secs using 100% CPU
Optimizing NNI: done in 0.00310898 secs using 99.97% CPU
Optimizing NNI: done in 0.00711203 secs using 100% CPU
Optimizing NNI: done in 0.00732207 secs using 99.99% CPU
Optimizing NNI: done in 0.00318098 secs using 100% CPU
Optimizing NNI: done in 0.00731587 secs using 99.99% CPU
Iteration 270 / LogL: -448.994 / Time: 0h:0m:2s (0h:0m:0s left)
Optimizing NNI: done in 0.00296807 secs using 100% CPU
Optimizing NNI: done in 0.00638795 secs using 100% CPU
Optimizing NNI: done in 0.00567102 secs using 100% CPU
Optimizing NNI: done in 0.00624609 secs using 100% CPU
Optimizing NNI: done in 0.00583506 secs using 99.98% CPU
Optimizing NNI: done in 0.00879002 secs using 100% CPU
Optimizing NNI: done in 0.00462484 secs using 100% CPU
Optimizing NNI: done in 0.00615096 secs using 99.77% CPU
Optimizing NNI: done in 0.00702286 secs using 100% CPU
Optimizing NNI: done in 0.003088 secs using 100% CPU
Iteration 280 / LogL: -448.993 / Time: 0h:0m:2s (0h:0m:0s left)
Optimizing NNI: done in 0.00196981 secs using 100% CPU
UPDATE BEST LOG-LIKELIHOOD: -448.993
Optimizing NNI: done in 0.00466704 secs using 100% CPU
Optimizing NNI: done in 0.00410581 secs using 100% CPU
Optimizing NNI: done in 0.00590396 secs using 100% CPU
Optimizing NNI: done in 0.00318313 secs using 100% CPU
Optimizing NNI: done in 0.00598502 secs using 100% CPU
Optimizing NNI: done in 0.00297904 secs using 100% CPU
Optimizing NNI: done in 0.00602484 secs using 99.99% CPU
Optimizing NNI: done in 0.00333309 secs using 100% CPU
Optimizing NNI: done in 0.00281405 secs using 100% CPU
Iteration 290 / LogL: -448.996 / Time: 0h:0m:2s (0h:0m:0s left)
Optimizing NNI: done in 0.0080781 secs using 99.99% CPU
Optimizing NNI: done in 0.00303817 secs using 99.99% CPU
Optimizing NNI: done in 0.005476 secs using 100% CPU
Optimizing NNI: done in 0.00408697 secs using 100% CPU
Optimizing NNI: done in 0.00305605 secs using 100% CPU
Optimizing NNI: done in 0.00447607 secs using 100% CPU
Optimizing NNI: done in 0.003093 secs using 100% CPU
Optimizing NNI: done in 0.00531912 secs using 99.98% CPU
Optimizing NNI: done in 0.00574899 secs using 99.98% CPU
Optimizing NNI: done in 0.00606894 secs using 100% CPU
Iteration 300 / LogL: -448.996 / Time: 0h:0m:2s (0h:0m:0s left)
Log-likelihood cutoff on original alignment: -480.120
NOTE: Bootstrap correlation coefficient of split occurrence frequencies: 0.996
TREE SEARCH COMPLETED AFTER 300 ITERATIONS / Time: 0h:0m:2s

--------------------------------------------------------------------
|                    FINALIZING TREE SEARCH                        |
--------------------------------------------------------------------
Performs final model parameters optimization
Estimate model parameters (epsilon = 0.010)
1. Initial log-likelihood: -448.993
Optimal log-likelihood: -448.993
Parameters optimization took 1 rounds (0.000 sec)
BEST SCORE FOUND : -448.993
Creating bootstrap support values...
Split supports printed to NEXUS file iqtree_family/OG0000056.fa.splits.nex
Total tree length: 1.945

Total number of iterations: 300
CPU time used for tree search: 2.588 sec (0h:0m:2s)
Wall-clock time used for tree search: 2.422 sec (0h:0m:2s)
Total CPU time used: 2.617 sec (0h:0m:2s)
Total wall-clock time used: 2.456 sec (0h:0m:2s)

Computing bootstrap consensus tree...
Reading input file iqtree_family/OG0000056.fa.splits.nex...
13 taxa and 184 splits.
Consensus tree written to iqtree_family/OG0000056.fa.contree
Reading input trees file iqtree_family/OG0000056.fa.contree
Log-likelihood of consensus tree: -448.996

Analysis results written to: 
  IQ-TREE report:                iqtree_family/OG0000056.fa.iqtree
  Maximum-likelihood tree:       iqtree_family/OG0000056.fa.treefile
  Likelihood distances:          iqtree_family/OG0000056.fa.mldist

Ultrafast bootstrap approximation results written to:
  Split support values:          iqtree_family/OG0000056.fa.splits.nex
  Consensus tree:                iqtree_family/OG0000056.fa.contree
  Screen log file:               iqtree_family/OG0000056.fa.log

Date and Time: Wed Apr  2 13:12:28 2025
