IQ-TREE multicore version 2.2.0.5 COVID-edition for Linux 64-bit built Sep 26 2022
Developed by Bui Quang Minh, James Barbetti, Nguyen Lam Tung,
Olga Chernomor, Heiko Schmidt, Dominik Schrempf, Michael Woodhams, Ly Trong Nhan.

Host:    petrichor-dm (AVX2, FMA3, 503 GB RAM)
Command: iqtree2 -s alignments_family_muscle5_edited_trimmed/OG0000072.fa -B 1000 -mset Blosum62,cpREV,Dayhoff,DCMut,FLAVI,FLU,HIVb,HIVw,JTT,JTTDCMut,LG,mtART,mtMAM,mtREV,mtZOA,mtMet,mtVer,mtInv,PMB,Q.bird,Q.insect,Q.mammal,Q.pfam,Q.plant,Q.yeast,rtREV,VT,WAG,Q.iridoviridae,Q.mcv -T 1 -pre iqtree_family/OG0000072.fa
Seed:    688850 (Using SPRNG - Scalable Parallel Random Number Generator)
Time:    Wed Apr  2 13:19:28 2025
Kernel:  AVX+FMA - 1 threads (32 CPU cores detected)

HINT: Use -nt option to specify number of threads because your CPU has 32 cores!
HINT: -nt AUTO will automatically determine the best number of threads to use.

Reading alignment file alignments_family_muscle5_edited_trimmed/OG0000072.fa ... Fasta format detected
Reading fasta file: done in 0.0104601 secs
Alignment most likely contains protein sequences
Constructing alignment: done in 0.000359058 secs using 99.71% CPU
Alignment has 59 sequences with 304 columns, 193 distinct patterns
70 parsimony-informative, 141 singleton sites, 93 constant sites
                                                          Gap/Ambiguity  Composition  p-value
Analyzing sequences: done in 2.09808e-05 secs using 95.33% CPU
   1  OP009387_Megalocytivirus_pagrus1_ISKNV                      0.00%    passed    100.00%
   2  MW883599_Megalocytivirus_pagrus1_ISKNV                      0.00%    passed    100.00%
   3  MT798582_Megalocytivirus_pagrus1_RSIV                       0.00%    passed    100.00%
   4  MK098185_Megalocytivirus_pagrus1_RSIV                       0.00%    passed    100.00%
   5  MW883603_Megalocytivirus_pagrus1_ISKNV                      0.00%    passed    100.00%
   6  MW883606_Megalocytivirus_pagrus1_ISKNV                      0.00%    passed    100.00%
   7  AF371960_Megalocytivirus_pagrus1_ISKNV                      0.00%    passed    100.00%
   8  23043610005_Megalocytivirus_pagrus1_ISKNV                   0.00%    passed    100.00%
   9  AP017456_Megalocytivirus_pagrus1_RSIV                       0.00%    passed    100.00%
  10  AY894343_Megalocytivirus_pagrus1_RSIV                       0.00%    passed    100.00%
  11  23043610003_Megalocytivirus_pagrus1_ISKNV                   0.00%    passed    100.00%
  12  MT926123_Megalocytivirus_pagrus1_ISKNV                      0.00%    passed    100.00%
  13  OR356116_Megalocytivirus_pagrus1_ISKNV                      0.00%    passed    100.00%
  14  MT986830_Megalocytivirus_pagrus1_ISKNV                      0.00%    passed    100.00%
  15  MK689686_Megalocytivirus_pagrus1_RSIV                       0.00%    passed    100.00%
  16  MK689685_Megalocytivirus_pagrus1_ISKNV                      0.00%    passed    100.00%
  17  MW273354_Megalocytivirus_pagrus1_ISKNV                      0.00%    passed    100.00%
  18  PQ335173_PQ335174_Threespine_stickleback_iridovirus_TSIV    1.64%    failed      1.93%
  19  MW883595_Megalocytivirus_pagrus1_ISKNV                      0.00%    passed    100.00%
  20  OP896201_Megalocytivirus_pagrus1_ISKNV                      0.00%    passed    100.00%
  21  KC244182_Megalocytivirus_pagrus1_RSIV                       0.00%    passed    100.00%
  22  MK098187_Megalocytivirus_pagrus1_RSIV                       0.00%    passed    100.00%
  23  MW883602_Megalocytivirus_pagrus1_ISKNV                      0.00%    passed    100.00%
  24  MW883598_Megalocytivirus_pagrus1_RSIV                       0.00%    passed    100.00%
  25  NC_003494_Megalocytivirus_pagrus1_ISKNV                     0.00%    passed    100.00%
  26  ON075463_Megalocytivirus_pagrus1_RSIV                       0.00%    passed    100.00%
  27  MW883596_Megalocytivirus_pagrus1_ISKNV                      0.00%    passed    100.00%
  28  KT804738_Megalocytivirus_pagrus1_RSIV                       0.00%    passed    100.00%
  29  MW883597_Megalocytivirus_pagrus1_ISKNV                      0.00%    passed    100.00%
  30  MG570131_Megalocytivirus_pagrus1_TRBIV                      0.00%    passed    100.00%
  31  PP151097_Megalocytivirus_pagrus1_ISKNV                      0.00%    passed    100.00%
  32  KT781098_Megalocytivirus_pagrus1_ISKNV                      0.00%    passed    100.00%
  33  OL774655_Megalocytivirus_pagrus1_RSIV                       0.00%    passed    100.00%
  34  MK098186_Megalocytivirus_pagrus1_RSIV                       0.00%    passed    100.00%
  35  PP974677_Megalocytivirus_pagrus1_ISKNV                      0.00%    passed    100.00%
  36  ON740976_Megalocytivirus_pagrus1_RSIV                       0.00%    passed    100.00%
  37  OK042109_Megalocytivirus_pagrus1_RSIV                       0.00%    passed    100.00%
  38  MW883593_Megalocytivirus_pagrus1_ISKNV                      0.00%    passed    100.00%
  39  OK042108_Megalocytivirus_pagrus1_RSIV                       0.00%    passed    100.00%
  40  MW883594_Megalocytivirus_pagrus1_ISKNV                      0.00%    passed    100.00%
  41  MG570132_Megalocytivirus_pagrus1_TRBIV                      0.00%    passed     99.99%
  42  GQ273492_Megalocytivirus_pagrus1_TRBIV                      0.00%    passed     99.93%
  43  MN432490_Megalocytivirus_pagrus1_ISKNV                      0.00%    passed    100.00%
  44  OR670976_Megalocytivirus_pagrus1_ISKNV                      0.00%    passed    100.00%
  45  OL774654_Megalocytivirus_pagrus1_RSIV                       0.00%    passed    100.00%
  46  OL774653_Megalocytivirus_pagrus1_RSIV                       0.00%    passed    100.00%
  47  OR536350_Megalocytivirus_pagrus1_ISKNV                      0.00%    passed    100.00%
  48  OQ475017_Megalocytivirus_pagrus1_RSIV                       0.00%    passed    100.00%
  49  MT128666_Megalocytivirus_pagrus1_ISKNV                      0.00%    passed    100.00%
  50  ON212400_Megalocytivirus_pagrus1_ISKNV                      0.00%    passed    100.00%
  51  MT128667_Megalocytivirus_pagrus1_ISKNV                      0.00%    passed    100.00%
  52  MW139932_Megalocytivirus_pagrus1_RSIV                       0.00%    passed    100.00%
  53  MW273353_Megalocytivirus_pagrus1_ISKNV                      0.00%    passed    100.00%
  54  ON743042_Megalocytivirus_pagrus1_RSIV                       0.00%    passed    100.00%
  55  MW883601_Megalocytivirus_pagrus1_ISKNV                      0.00%    passed    100.00%
  56  MW883600_Megalocytivirus_pagrus1_ISKNV                      0.00%    passed    100.00%
  57  AB104413_Megalocytivirus_pagrus1_RSIV                       0.00%    passed    100.00%
  58  BD143114_Megalocytivirus_pagrus1_RSIV                       0.00%    passed    100.00%
  59  OQ513807_Megalocytivirus_pagrus1_ISKNV                      0.00%    passed    100.00%
****  TOTAL                                                       0.03%  1 sequences failed composition chi2 test (p-value<5%; df=19)
NOTE: MW883595_Megalocytivirus_pagrus1_ISKNV is identical to OP009387_Megalocytivirus_pagrus1_ISKNV but kept for subsequent analysis
NOTE: MW883603_Megalocytivirus_pagrus1_ISKNV is identical to MW883599_Megalocytivirus_pagrus1_ISKNV but kept for subsequent analysis
NOTE: MT986830_Megalocytivirus_pagrus1_ISKNV is identical to MT798582_Megalocytivirus_pagrus1_RSIV but kept for subsequent analysis
NOTE: MK098187_Megalocytivirus_pagrus1_RSIV is identical to MK098185_Megalocytivirus_pagrus1_RSIV but kept for subsequent analysis
NOTE: 23043610003_Megalocytivirus_pagrus1_ISKNV is identical to 23043610005_Megalocytivirus_pagrus1_ISKNV but kept for subsequent analysis
NOTE: MK689686_Megalocytivirus_pagrus1_RSIV is identical to AP017456_Megalocytivirus_pagrus1_RSIV but kept for subsequent analysis
NOTE: MW883600_Megalocytivirus_pagrus1_ISKNV is identical to MW883602_Megalocytivirus_pagrus1_ISKNV but kept for subsequent analysis
Checking for duplicate sequences: done in 0.000112057 secs using 99.95% CPU
Identifying sites to remove: done in 8.10623e-05 secs using 98.69% CPU
NOTE: 36 identical sequences (see below) will be ignored for subsequent analysis
NOTE: MN432490_Megalocytivirus_pagrus1_ISKNV (identical to OP009387_Megalocytivirus_pagrus1_ISKNV) is ignored but added at the end
NOTE: MW883606_Megalocytivirus_pagrus1_ISKNV (identical to MW883599_Megalocytivirus_pagrus1_ISKNV) is ignored but added at the end
NOTE: AF371960_Megalocytivirus_pagrus1_ISKNV (identical to MW883599_Megalocytivirus_pagrus1_ISKNV) is ignored but added at the end
NOTE: MT926123_Megalocytivirus_pagrus1_ISKNV (identical to MW883599_Megalocytivirus_pagrus1_ISKNV) is ignored but added at the end
NOTE: MK689685_Megalocytivirus_pagrus1_ISKNV (identical to MW883599_Megalocytivirus_pagrus1_ISKNV) is ignored but added at the end
NOTE: MW273354_Megalocytivirus_pagrus1_ISKNV (identical to MW883599_Megalocytivirus_pagrus1_ISKNV) is ignored but added at the end
NOTE: NC_003494_Megalocytivirus_pagrus1_ISKNV (identical to MW883599_Megalocytivirus_pagrus1_ISKNV) is ignored but added at the end
NOTE: MW883596_Megalocytivirus_pagrus1_ISKNV (identical to MW883599_Megalocytivirus_pagrus1_ISKNV) is ignored but added at the end
NOTE: MW883597_Megalocytivirus_pagrus1_ISKNV (identical to MW883599_Megalocytivirus_pagrus1_ISKNV) is ignored but added at the end
NOTE: PP151097_Megalocytivirus_pagrus1_ISKNV (identical to MW883599_Megalocytivirus_pagrus1_ISKNV) is ignored but added at the end
NOTE: KT781098_Megalocytivirus_pagrus1_ISKNV (identical to MW883599_Megalocytivirus_pagrus1_ISKNV) is ignored but added at the end
NOTE: PP974677_Megalocytivirus_pagrus1_ISKNV (identical to MW883599_Megalocytivirus_pagrus1_ISKNV) is ignored but added at the end
NOTE: MW883593_Megalocytivirus_pagrus1_ISKNV (identical to MW883599_Megalocytivirus_pagrus1_ISKNV) is ignored but added at the end
NOTE: OR670976_Megalocytivirus_pagrus1_ISKNV (identical to MW883599_Megalocytivirus_pagrus1_ISKNV) is ignored but added at the end
NOTE: OR536350_Megalocytivirus_pagrus1_ISKNV (identical to MW883599_Megalocytivirus_pagrus1_ISKNV) is ignored but added at the end
NOTE: MT128666_Megalocytivirus_pagrus1_ISKNV (identical to MW883599_Megalocytivirus_pagrus1_ISKNV) is ignored but added at the end
NOTE: ON212400_Megalocytivirus_pagrus1_ISKNV (identical to MW883599_Megalocytivirus_pagrus1_ISKNV) is ignored but added at the end
NOTE: MT128667_Megalocytivirus_pagrus1_ISKNV (identical to MW883599_Megalocytivirus_pagrus1_ISKNV) is ignored but added at the end
NOTE: MW883601_Megalocytivirus_pagrus1_ISKNV (identical to MW883599_Megalocytivirus_pagrus1_ISKNV) is ignored but added at the end
NOTE: OQ513807_Megalocytivirus_pagrus1_ISKNV (identical to MW883599_Megalocytivirus_pagrus1_ISKNV) is ignored but added at the end
NOTE: KC244182_Megalocytivirus_pagrus1_RSIV (identical to MT798582_Megalocytivirus_pagrus1_RSIV) is ignored but added at the end
NOTE: ON075463_Megalocytivirus_pagrus1_RSIV (identical to MT798582_Megalocytivirus_pagrus1_RSIV) is ignored but added at the end
NOTE: OL774655_Megalocytivirus_pagrus1_RSIV (identical to MK098185_Megalocytivirus_pagrus1_RSIV) is ignored but added at the end
NOTE: MK098186_Megalocytivirus_pagrus1_RSIV (identical to MK098185_Megalocytivirus_pagrus1_RSIV) is ignored but added at the end
NOTE: OK042108_Megalocytivirus_pagrus1_RSIV (identical to MK098185_Megalocytivirus_pagrus1_RSIV) is ignored but added at the end
NOTE: OL774654_Megalocytivirus_pagrus1_RSIV (identical to MK098185_Megalocytivirus_pagrus1_RSIV) is ignored but added at the end
NOTE: OL774653_Megalocytivirus_pagrus1_RSIV (identical to MK098185_Megalocytivirus_pagrus1_RSIV) is ignored but added at the end
NOTE: OQ475017_Megalocytivirus_pagrus1_RSIV (identical to MK098185_Megalocytivirus_pagrus1_RSIV) is ignored but added at the end
NOTE: MW139932_Megalocytivirus_pagrus1_RSIV (identical to MK098185_Megalocytivirus_pagrus1_RSIV) is ignored but added at the end
NOTE: AB104413_Megalocytivirus_pagrus1_RSIV (identical to MK098185_Megalocytivirus_pagrus1_RSIV) is ignored but added at the end
NOTE: BD143114_Megalocytivirus_pagrus1_RSIV (identical to MK098185_Megalocytivirus_pagrus1_RSIV) is ignored but added at the end
NOTE: OR356116_Megalocytivirus_pagrus1_ISKNV (identical to 23043610005_Megalocytivirus_pagrus1_ISKNV) is ignored but added at the end
NOTE: OP896201_Megalocytivirus_pagrus1_ISKNV (identical to 23043610005_Megalocytivirus_pagrus1_ISKNV) is ignored but added at the end
NOTE: MW883598_Megalocytivirus_pagrus1_RSIV (identical to AP017456_Megalocytivirus_pagrus1_RSIV) is ignored but added at the end
NOTE: KT804738_Megalocytivirus_pagrus1_RSIV (identical to AP017456_Megalocytivirus_pagrus1_RSIV) is ignored but added at the end
NOTE: ON743042_Megalocytivirus_pagrus1_RSIV (identical to AP017456_Megalocytivirus_pagrus1_RSIV) is ignored but added at the end
Alignment was printed to iqtree_family/OG0000072.fa.uniqueseq.phy

For your convenience alignment with unique sequences printed to iqtree_family/OG0000072.fa.uniqueseq.phy


Create initial parsimony tree by phylogenetic likelihood library (PLL)... 0.001 seconds
Perform fast likelihood tree search using LG+I+G model...
Estimate model parameters (epsilon = 5.000)
Perform nearest neighbor interchange...
Optimizing NNI: done in 0.041152 secs using 98.71% CPU
Estimate model parameters (epsilon = 1.000)
1. Initial log-likelihood: -2252.356
Optimal log-likelihood: -2251.981
Proportion of invariable sites: 0.119
Gamma shape alpha: 2.674
Parameters optimization took 1 rounds (0.032 sec)
Time for fast ML tree search: 0.141 seconds

NOTE: ModelFinder requires 8 MB RAM!
ModelFinder will test up to 1320 protein models (sample size: 304) ...
 No. Model         -LnL         df  AIC          AICc         BIC
  1  Blosum62      2277.002     43  4640.005     4654.559     4799.837
  2  Blosum62+I    2274.707     44  4637.415     4652.704     4800.964
  3  Blosum62+G4   2271.634     44  4631.268     4646.557     4794.817
  4  Blosum62+I+G4 2272.600     45  4635.199     4651.246     4802.465
  5  Blosum62+R2   2271.663     45  4633.327     4649.373     4800.593
  6  Blosum62+R3   2270.619     47  4635.237     4652.862     4809.938
 14  Blosum62+I+R2 2271.831     46  4635.662     4652.487     4806.645
 15  Blosum62+I+R3 2270.694     48  4637.387     4655.834     4815.804
 23  Blosum62+F    2242.337     62  4608.673     4641.088     4839.129
 24  Blosum62+F+I  2241.124     63  4608.248     4641.848     4842.421
 25  Blosum62+F+G4 2238.271     63  4602.543     4636.143     4836.716
 26  Blosum62+F+I+G4 2239.258     64  4606.516     4641.327     4844.405
 27  Blosum62+F+R2 2238.269     64  4604.539     4639.351     4842.429
 45  cpREV         2279.729     43  4645.459     4660.013     4805.291
 46  cpREV+I       2271.466     44  4630.933     4646.223     4794.482
 47  cpREV+G4      2266.736     44  4621.472     4636.762     4785.022
 48  cpREV+I+G4    2267.643     45  4625.286     4641.333     4792.553
 49  cpREV+R2      2266.929     45  4623.859     4639.905     4791.125
 67  cpREV+F       2230.192     62  4584.383     4616.798     4814.839
 68  cpREV+F+I     2224.528     63  4575.056     4608.656     4809.229
 69  cpREV+F+G4    2218.894     63  4563.788     4597.388     4797.960
 70  cpREV+F+I+G4  2219.782     64  4567.563     4602.375     4805.453
 71  cpREV+F+R2    2218.781     64  4565.563     4600.375     4803.453
 89  Dayhoff       2262.334     43  4610.667     4625.221     4770.499
 90  Dayhoff+I     2255.428     44  4598.856     4614.145     4762.405
 91  Dayhoff+G4    2252.526     44  4593.052     4608.342     4756.601
 92  Dayhoff+I+G4  2253.194     45  4596.387     4612.434     4763.654
 93  Dayhoff+R2    2252.768     45  4595.536     4611.582     4762.802
111  Dayhoff+F     2219.661     62  4563.322     4595.737     4793.778
112  Dayhoff+F+I   2214.530     63  4555.059     4588.659     4789.232
113  Dayhoff+F+G4  2210.663     63  4547.326     4580.926     4781.498
114  Dayhoff+F+I+G4 2211.489     64  4550.978     4585.790     4788.868
115  Dayhoff+F+R2  2210.680     64  4549.361     4584.173     4787.251
133  DCMut         2262.368     43  4610.735     4625.289     4770.567
134  DCMut+I       2255.547     44  4599.094     4614.384     4762.644
135  DCMut+G4      2252.654     44  4593.307     4608.597     4756.856
136  DCMut+I+G4    2253.330     45  4596.660     4612.707     4763.926
137  DCMut+R2      2252.894     45  4595.788     4611.835     4763.054
155  DCMut+F       2219.708     62  4563.416     4595.831     4793.871
156  DCMut+F+I     2214.634     63  4555.268     4588.868     4789.441
157  DCMut+F+G4    2210.786     63  4547.572     4581.172     4781.744
158  DCMut+F+I+G4  2211.616     64  4551.231     4586.043     4789.121
159  DCMut+F+R2    2210.803     64  4549.606     4584.418     4787.496
WARNING: Normalizing state frequencies so that sum of them equals to 1
177  FLAVI         2310.588     43  4707.176     4721.730     4867.009
WARNING: Normalizing state frequencies so that sum of them equals to 1
178  FLAVI+I       2288.861     44  4665.722     4681.012     4829.271
WARNING: Normalizing state frequencies so that sum of them equals to 1
179  FLAVI+G4      2280.694     44  4649.387     4664.677     4812.937
WARNING: Normalizing state frequencies so that sum of them equals to 1
180  FLAVI+I+G4    2280.957     45  4651.915     4667.961     4819.181
WARNING: Normalizing state frequencies so that sum of them equals to 1
181  FLAVI+R2      2282.650     45  4655.299     4671.346     4822.566
WARNING: Normalizing state frequencies so that sum of them equals to 1
199  FLAVI+F       2264.339     62  4652.678     4685.092     4883.133
WARNING: Normalizing state frequencies so that sum of them equals to 1
200  FLAVI+F+I     2247.068     63  4620.135     4653.735     4854.308
WARNING: Normalizing state frequencies so that sum of them equals to 1
201  FLAVI+F+G4    2237.089     63  4600.178     4633.778     4834.351
WARNING: Normalizing state frequencies so that sum of them equals to 1
202  FLAVI+F+I+G4  2237.706     64  4603.412     4638.224     4841.302
WARNING: Normalizing state frequencies so that sum of them equals to 1
203  FLAVI+F+R2    2237.830     64  4603.659     4638.471     4841.549
221  FLU           2285.427     43  4656.853     4671.407     4816.685
222  FLU+I         2272.801     44  4633.602     4648.891     4797.151
223  FLU+G4        2268.425     44  4624.850     4640.140     4788.400
224  FLU+I+G4      2268.856     45  4627.712     4643.758     4794.978
225  FLU+R2        2268.868     45  4627.736     4643.782     4795.002
243  FLU+F         2233.196     62  4590.392     4622.807     4820.848
244  FLU+F+I       2224.786     63  4575.573     4609.173     4809.746
245  FLU+F+G4      2216.827     63  4559.655     4593.255     4793.827
246  FLU+F+I+G4    2217.656     64  4563.311     4598.123     4801.201
247  FLU+F+R2      2216.514     64  4561.029     4595.840     4798.918
265  HIVb          2280.202     43  4646.404     4660.958     4806.236
266  HIVb+I        2267.468     44  4622.936     4638.225     4786.485
267  HIVb+G4       2263.196     44  4614.391     4629.681     4777.940
268  HIVb+I+G4     2263.655     45  4617.310     4633.357     4784.577
269  HIVb+R2       2263.120     45  4616.240     4632.287     4783.506
287  HIVb+F        2239.379     62  4602.758     4635.173     4833.213
288  HIVb+F+I      2229.302     63  4584.604     4618.204     4818.777
289  HIVb+F+G4     2222.765     63  4571.530     4605.130     4805.703
290  HIVb+F+I+G4   2223.589     64  4575.178     4609.990     4813.068
291  HIVb+F+R2     2222.573     64  4573.145     4607.957     4811.035
309  HIVw          2349.129     43  4784.258     4798.812     4944.090
310  HIVw+I        2326.847     44  4741.694     4756.983     4905.243
311  HIVw+G4       2325.011     44  4738.023     4753.312     4901.572
312  HIVw+I+G4     2324.293     45  4738.586     4754.632     4905.852
313  HIVw+R2       2326.258     45  4742.515     4758.562     4909.781
331  HIVw+F        2265.283     62  4654.567     4686.982     4885.023
332  HIVw+F+I      2248.467     63  4622.934     4656.534     4857.107
333  HIVw+F+G4     2243.497     63  4612.995     4646.595     4847.168
334  HIVw+F+I+G4   2243.629     64  4615.257     4650.069     4853.147
335  HIVw+F+R2     2243.869     64  4615.737     4650.549     4853.627
353  JTT           2240.424     43  4566.849     4581.403     4726.681
354  JTT+I         2235.025     44  4558.049     4573.339     4721.598
355  JTT+G4        2231.733     44  4551.466     4566.755     4715.015
356  JTT+I+G4      2232.655     45  4555.310     4571.357     4722.577
357  JTT+R2        2231.790     45  4553.581     4569.627     4720.847
375  JTT+F         2217.396     62  4558.793     4591.208     4789.248
376  JTT+F+I       2213.480     63  4552.960     4586.560     4787.133
377  JTT+F+G4      2209.519     63  4545.037     4578.637     4779.210
378  JTT+F+I+G4    2210.463     64  4548.927     4583.738     4786.816
379  JTT+F+R2      2209.414     64  4546.827     4581.639     4784.717
397  JTTDCMut      2240.751     43  4567.502     4582.056     4727.334
398  JTTDCMut+I    2235.411     44  4558.822     4574.112     4722.371
399  JTTDCMut+G4   2232.206     44  4552.412     4567.702     4715.961
400  JTTDCMut+I+G4 2233.120     45  4556.239     4572.286     4723.506
401  JTTDCMut+R2   2232.276     45  4554.553     4570.599     4721.819
419  JTTDCMut+F    2217.064     62  4558.127     4590.542     4788.583
420  JTTDCMut+F+I  2213.223     63  4552.445     4586.045     4786.618
421  JTTDCMut+F+G4 2209.281     63  4544.562     4578.162     4778.735
422  JTTDCMut+F+I+G4 2210.227     64  4548.454     4583.266     4786.344
423  JTTDCMut+F+R2 2209.176     64  4546.353     4581.164     4784.242
441  LG            2260.775     43  4607.550     4622.104     4767.382
442  LG+I          2254.881     44  4597.763     4613.052     4761.312
443  LG+G4         2250.341     44  4588.682     4603.971     4752.231
444  LG+I+G4       2251.278     45  4592.556     4608.602     4759.822
445  LG+R2         2250.327     45  4590.655     4606.701     4757.921
463  LG+F          2227.242     62  4578.484     4610.899     4808.940
464  LG+F+I        2223.288     63  4572.577     4606.177     4806.750
465  LG+F+G4       2218.280     63  4562.559     4596.159     4796.732
466  LG+F+I+G4     2219.250     64  4566.499     4601.311     4804.389
467  LG+F+R2       2217.952     64  4563.904     4598.715     4801.793
485  mtART         2507.803     43  5101.607     5116.161     5261.439
486  mtART+I       2463.223     44  5014.445     5029.735     5177.995
487  mtART+G4      2430.021     44  4948.043     4963.332     5111.592
488  mtART+I+G4    2430.559     45  4951.117     4967.164     5118.384
489  mtART+R2      2444.248     45  4978.497     4994.543     5145.763
507  mtART+F       2336.688     62  4797.375     4829.790     5027.831
508  mtART+F+I     2308.541     63  4743.083     4776.683     4977.255
509  mtART+F+G4    2279.143     63  4684.287     4717.887     4918.460
510  mtART+F+I+G4  2279.931     64  4687.863     4722.674     4925.753
511  mtART+F+R2    2284.900     64  4697.799     4732.611     4935.689
529  mtMAM         2438.466     43  4962.932     4977.485     5122.764
530  mtMAM+I       2402.170     44  4892.339     4907.629     5055.889
531  mtMAM+G4      2375.353     44  4838.706     4853.996     5002.255
532  mtMAM+I+G4    2375.787     45  4841.574     4857.620     5008.840
533  mtMAM+R2      2386.154     45  4862.308     4878.355     5029.574
551  mtMAM+F       2293.806     62  4711.612     4744.027     4942.067
552  mtMAM+F+I     2272.036     63  4670.072     4703.672     4904.245
553  mtMAM+F+G4    2250.504     63  4627.007     4660.607     4861.180
554  mtMAM+F+I+G4  2251.291     64  4630.582     4665.394     4868.472
555  mtMAM+F+R2    2253.711     64  4635.422     4670.234     4873.312
573  mtREV         2384.331     43  4854.662     4869.216     5014.494
574  mtREV+I       2367.756     44  4823.511     4838.801     4987.061
575  mtREV+G4      2352.836     44  4793.672     4808.962     4957.221
576  mtREV+I+G4    2353.697     45  4797.394     4813.440     4964.660
577  mtREV+R2      2353.335     45  4796.670     4812.716     4963.936
595  mtREV+F       2250.197     62  4624.395     4656.809     4854.850
596  mtREV+F+I     2241.049     63  4608.098     4641.698     4842.271
597  mtREV+F+G4    2228.965     63  4583.930     4617.530     4818.103
598  mtREV+F+I+G4  2229.869     64  4587.739     4622.551     4825.629
599  mtREV+F+R2    2227.470     64  4582.939     4617.751     4820.829
617  mtZOA         2421.816     43  4929.633     4944.187     5089.465
618  mtZOA+I       2391.259     44  4870.518     4885.808     5034.067
619  mtZOA+G4      2369.736     44  4827.473     4842.762     4991.022
620  mtZOA+I+G4    2370.488     45  4830.977     4847.023     4998.243
621  mtZOA+R2      2374.151     45  4838.302     4854.348     5005.568
639  mtZOA+F       2283.440     62  4690.879     4723.294     4921.335
640  mtZOA+F+I     2264.696     63  4655.392     4688.992     4889.564
641  mtZOA+F+G4    2247.227     63  4620.454     4654.054     4854.627
642  mtZOA+F+I+G4  2248.144     64  4624.287     4659.099     4862.177
643  mtZOA+F+R2    2247.480     64  4622.961     4657.772     4860.850
661  mtMet         2430.355     43  4946.710     4961.264     5106.542
662  mtMet+I       2409.154     44  4906.308     4921.597     5069.857
663  mtMet+G4      2395.862     44  4879.725     4895.014     5043.274
664  mtMet+I+G4    2396.530     45  4883.059     4899.106     5050.326
665  mtMet+R2      2396.925     45  4883.850     4899.896     5051.116
683  mtMet+F       2255.033     62  4634.066     4666.481     4864.521
684  mtMet+F+I     2241.828     63  4609.655     4643.255     4843.828
685  mtMet+F+G4    2230.458     63  4586.917     4620.517     4821.089
686  mtMet+F+I+G4  2231.323     64  4590.646     4625.457     4828.535
687  mtMet+F+R2    2230.020     64  4588.039     4622.851     4825.929
705  mtVer         2402.546     43  4891.091     4905.645     5050.923
706  mtVer+I       2373.653     44  4835.307     4850.596     4998.856
707  mtVer+G4      2361.051     44  4810.101     4825.391     4973.650
708  mtVer+I+G4    2361.246     45  4812.492     4828.539     4979.759
709  mtVer+R2      2365.503     45  4821.006     4837.053     4988.273
727  mtVer+F       2263.425     62  4650.851     4683.266     4881.307
728  mtVer+F+I     2245.211     63  4616.422     4650.022     4850.595
729  mtVer+F+G4    2234.120     63  4594.240     4627.840     4828.413
730  mtVer+F+I+G4  2234.770     64  4597.541     4632.352     4835.430
731  mtVer+F+R2    2235.021     64  4598.042     4632.853     4835.932
749  mtInv         2479.780     43  5045.560     5060.114     5205.392
750  mtInv+I       2463.964     44  5015.928     5031.217     5179.477
751  mtInv+G4      2452.333     44  4992.667     5007.956     5156.216
752  mtInv+I+G4    2453.222     45  4996.444     5012.491     5163.710
753  mtInv+R2      2451.622     45  4993.243     5009.290     5160.509
771  mtInv+F       2254.153     62  4632.306     4664.720     4862.761
772  mtInv+F+I     2244.087     63  4614.175     4647.775     4848.347
773  mtInv+F+G4    2234.380     63  4594.761     4628.361     4828.933
774  mtInv+F+I+G4  2235.341     64  4598.681     4633.493     4836.571
775  mtInv+F+R2    2233.398     64  4594.797     4629.609     4832.687
793  PMB           2272.511     43  4631.022     4645.576     4790.855
794  PMB+I         2270.863     44  4629.726     4645.016     4793.276
795  PMB+G4        2268.016     44  4624.031     4639.321     4787.580
796  PMB+I+G4      2269.031     45  4628.062     4644.109     4795.328
797  PMB+R2        2268.066     45  4626.132     4642.178     4793.398
815  PMB+F         2240.190     62  4604.380     4636.795     4834.836
816  PMB+F+I       2239.339     63  4604.679     4638.279     4838.851
817  PMB+F+G4      2236.815     63  4599.630     4633.230     4833.803
818  PMB+F+I+G4    2237.818     64  4603.637     4638.448     4841.526
819  PMB+F+R2      2236.847     64  4601.694     4636.506     4839.584
WARNING: Normalizing state frequencies so that sum of them equals to 1
837  Q.bird        2265.015     43  4616.030     4630.584     4775.862
WARNING: Normalizing state frequencies so that sum of them equals to 1
838  Q.bird+I      2251.599     44  4591.199     4606.488     4754.748
WARNING: Normalizing state frequencies so that sum of them equals to 1
839  Q.bird+G4     2246.203     44  4580.407     4595.697     4743.956
WARNING: Normalizing state frequencies so that sum of them equals to 1
840  Q.bird+I+G4   2246.699     45  4583.397     4599.444     4750.664
WARNING: Normalizing state frequencies so that sum of them equals to 1
841  Q.bird+R2     2245.973     45  4581.946     4597.992     4749.212
WARNING: Normalizing state frequencies so that sum of them equals to 1
859  Q.bird+F      2242.885     62  4609.769     4642.184     4840.225
WARNING: Normalizing state frequencies so that sum of them equals to 1
860  Q.bird+F+I    2230.446     63  4586.892     4620.492     4821.065
WARNING: Normalizing state frequencies so that sum of them equals to 1
861  Q.bird+F+G4   2223.374     63  4572.748     4606.348     4806.920
WARNING: Normalizing state frequencies so that sum of them equals to 1
862  Q.bird+F+I+G4 2224.085     64  4576.170     4610.982     4814.060
WARNING: Normalizing state frequencies so that sum of them equals to 1
863  Q.bird+F+R2   2223.144     64  4574.288     4609.099     4812.177
881  Q.insect      2286.266     43  4658.531     4673.085     4818.363
882  Q.insect+I    2279.063     44  4646.126     4661.416     4809.675
883  Q.insect+G4   2273.569     44  4635.139     4650.428     4798.688
884  Q.insect+I+G4 2274.556     45  4639.113     4655.159     4806.379
885  Q.insect+R2   2273.384     45  4636.767     4652.814     4804.033
903  Q.insect+F    2235.673     62  4595.346     4627.761     4825.802
904  Q.insect+F+I  2230.637     63  4587.274     4620.874     4821.447
905  Q.insect+F+G4 2224.342     63  4574.683     4608.283     4808.856
906  Q.insect+F+I+G4 2225.309     64  4578.618     4613.430     4816.508
907  Q.insect+F+R2 2223.290     64  4574.579     4609.391     4812.469
WARNING: Normalizing state frequencies so that sum of them equals to 1
925  Q.mammal      2261.377     43  4608.754     4623.308     4768.587
WARNING: Normalizing state frequencies so that sum of them equals to 1
926  Q.mammal+I    2250.876     44  4589.751     4605.041     4753.301
WARNING: Normalizing state frequencies so that sum of them equals to 1
927  Q.mammal+G4   2245.223     44  4578.446     4593.735     4741.995
WARNING: Normalizing state frequencies so that sum of them equals to 1
928  Q.mammal+I+G4 2245.946     45  4581.891     4597.938     4749.157
WARNING: Normalizing state frequencies so that sum of them equals to 1
929  Q.mammal+R2   2244.865     45  4579.730     4595.776     4746.996
WARNING: Normalizing state frequencies so that sum of them equals to 1
947  Q.mammal+F    2237.966     62  4599.932     4632.347     4830.388
WARNING: Normalizing state frequencies so that sum of them equals to 1
948  Q.mammal+F+I  2228.711     63  4583.421     4617.021     4817.594
WARNING: Normalizing state frequencies so that sum of them equals to 1
949  Q.mammal+F+G4 2221.761     63  4569.522     4603.122     4803.695
WARNING: Normalizing state frequencies so that sum of them equals to 1
950  Q.mammal+F+I+G4 2222.624     64  4573.248     4608.060     4811.138
WARNING: Normalizing state frequencies so that sum of them equals to 1
951  Q.mammal+F+R2 2221.300     64  4570.600     4605.412     4808.490
WARNING: Normalizing state frequencies so that sum of them equals to 1
969  Q.pfam        2264.358     43  4614.716     4629.269     4774.548
WARNING: Normalizing state frequencies so that sum of them equals to 1
970  Q.pfam+I      2259.169     44  4606.337     4621.627     4769.887
WARNING: Normalizing state frequencies so that sum of them equals to 1
971  Q.pfam+G4     2254.200     44  4596.400     4611.690     4759.949
WARNING: Normalizing state frequencies so that sum of them equals to 1
972  Q.pfam+I+G4   2255.175     45  4600.351     4616.398     4767.617
WARNING: Normalizing state frequencies so that sum of them equals to 1
973  Q.pfam+R2     2254.048     45  4598.096     4614.142     4765.362
WARNING: Normalizing state frequencies so that sum of them equals to 1
991  Q.pfam+F      2230.977     62  4585.954     4618.369     4816.410
WARNING: Normalizing state frequencies so that sum of them equals to 1
992  Q.pfam+F+I    2227.502     63  4581.003     4614.603     4815.176
WARNING: Normalizing state frequencies so that sum of them equals to 1
993  Q.pfam+F+G4   2222.398     63  4570.797     4604.397     4804.970
WARNING: Normalizing state frequencies so that sum of them equals to 1
994  Q.pfam+F+I+G4 2223.341     64  4574.683     4609.494     4812.572
WARNING: Normalizing state frequencies so that sum of them equals to 1
995  Q.pfam+F+R2   2221.839     64  4571.677     4606.489     4809.567
WARNING: Normalizing state frequencies so that sum of them equals to 1
1013  Q.plant       2270.735     43  4627.469     4642.023     4787.301
WARNING: Normalizing state frequencies so that sum of them equals to 1
1014  Q.plant+I     2258.784     44  4605.569     4620.858     4769.118
WARNING: Normalizing state frequencies so that sum of them equals to 1
1015  Q.plant+G4    2253.187     44  4594.373     4609.663     4757.922
WARNING: Normalizing state frequencies so that sum of them equals to 1
1016  Q.plant+I+G4  2253.931     45  4597.863     4613.909     4765.129
WARNING: Normalizing state frequencies so that sum of them equals to 1
1017  Q.plant+R2    2252.872     45  4595.743     4611.790     4763.010
WARNING: Normalizing state frequencies so that sum of them equals to 1
1035  Q.plant+F     2227.862     62  4579.725     4612.140     4810.181
WARNING: Normalizing state frequencies so that sum of them equals to 1
1036  Q.plant+F+I   2218.529     63  4563.057     4596.657     4797.230
WARNING: Normalizing state frequencies so that sum of them equals to 1
1037  Q.plant+F+G4  2212.137     63  4550.274     4583.874     4784.447
WARNING: Normalizing state frequencies so that sum of them equals to 1
1038  Q.plant+F+I+G4 2213.023     64  4554.046     4588.858     4791.936
WARNING: Normalizing state frequencies so that sum of them equals to 1
1039  Q.plant+F+R2  2211.808     64  4551.616     4586.428     4789.506
WARNING: Normalizing state frequencies so that sum of them equals to 1
1057  Q.yeast       2303.702     43  4693.404     4707.958     4853.236
WARNING: Normalizing state frequencies so that sum of them equals to 1
1058  Q.yeast+I     2295.729     44  4679.458     4694.748     4843.007
WARNING: Normalizing state frequencies so that sum of them equals to 1
1059  Q.yeast+G4    2290.188     44  4668.375     4683.665     4831.925
WARNING: Normalizing state frequencies so that sum of them equals to 1
1060  Q.yeast+I+G4  2291.161     45  4672.322     4688.369     4839.588
WARNING: Normalizing state frequencies so that sum of them equals to 1
1061  Q.yeast+R2    2289.941     45  4669.882     4685.929     4837.148
WARNING: Normalizing state frequencies so that sum of them equals to 1
1079  Q.yeast+F     2237.674     62  4599.348     4631.763     4829.803
WARNING: Normalizing state frequencies so that sum of them equals to 1
1080  Q.yeast+F+I   2232.098     63  4590.196     4623.796     4824.369
WARNING: Normalizing state frequencies so that sum of them equals to 1
1081  Q.yeast+F+G4  2225.852     63  4577.703     4611.303     4811.876
WARNING: Normalizing state frequencies so that sum of them equals to 1
1082  Q.yeast+F+I+G4 2226.808     64  4581.617     4616.428     4819.506
WARNING: Normalizing state frequencies so that sum of them equals to 1
1083  Q.yeast+F+R2  2225.001     64  4578.003     4612.814     4815.892
1101  rtREV         2278.620     43  4643.240     4657.794     4803.072
1102  rtREV+I       2273.006     44  4634.012     4649.302     4797.561
1103  rtREV+G4      2268.568     44  4625.135     4640.425     4788.685
1104  rtREV+I+G4    2269.453     45  4628.905     4644.952     4796.172
1105  rtREV+R2      2268.593     45  4627.185     4643.232     4794.452
1123  rtREV+F       2237.985     62  4599.971     4632.386     4830.427
1124  rtREV+F+I     2233.984     63  4593.968     4627.568     4828.141
1125  rtREV+F+G4    2228.922     63  4583.843     4617.443     4818.016
1126  rtREV+F+I+G4  2229.811     64  4587.621     4622.433     4825.511
1127  rtREV+F+R2    2228.407     64  4584.813     4619.625     4822.703
1145  VT            2254.255     43  4594.511     4609.064     4754.343
1146  VT+I          2252.471     44  4592.942     4608.232     4756.492
1147  VT+G4         2249.845     44  4587.690     4602.979     4751.239
1148  VT+I+G4       2250.802     45  4591.604     4607.651     4758.870
1149  VT+R2         2249.902     45  4589.803     4605.850     4757.069
1167  VT+F          2224.496     62  4572.992     4605.407     4803.448
1168  VT+F+I        2223.551     63  4573.102     4606.702     4807.275
1169  VT+F+G4       2221.042     63  4568.085     4601.685     4802.257
1170  VT+F+I+G4     2222.023     64  4572.045     4606.857     4809.935
1171  VT+F+R2       2221.048     64  4570.096     4604.908     4807.986
1189  WAG           2244.696     43  4575.392     4589.946     4735.225
1190  WAG+I         2241.615     44  4571.229     4586.519     4734.778
1191  WAG+G4        2239.226     44  4566.452     4581.742     4730.001
1192  WAG+I+G4      2240.118     45  4570.236     4586.283     4737.503
1193  WAG+R2        2239.388     45  4568.775     4584.822     4736.042
1211  WAG+F         2213.936     62  4551.872     4584.287     4782.328
1212  WAG+F+I       2212.109     63  4550.218     4583.818     4784.391
1213  WAG+F+G4      2209.300     63  4544.600     4578.200     4778.773
1214  WAG+F+I+G4    2210.279     64  4548.559     4583.371     4786.449
1215  WAG+F+R2      2209.320     64  4546.640     4581.452     4784.530
Reading model parameters from file Q.iridoviridae
1233  Q.iridoviridae 2258.718     43  4603.435     4617.989     4763.268
Reading model parameters from file Q.iridoviridae
1234  Q.iridoviridae+I 2254.166     44  4596.332     4611.622     4759.882
Reading model parameters from file Q.iridoviridae
1235  Q.iridoviridae+G4 2250.596     44  4589.192     4604.481     4752.741
Reading model parameters from file Q.iridoviridae
1236  Q.iridoviridae+I+G4 2251.528     45  4593.057     4609.103     4760.323
Reading model parameters from file Q.iridoviridae
1237  Q.iridoviridae+R2 2250.571     45  4591.143     4607.189     4758.409
Reading model parameters from file Q.iridoviridae
1255  Q.iridoviridae+F 2220.805     62  4565.610     4598.025     4796.066
Reading model parameters from file Q.iridoviridae
1256  Q.iridoviridae+F+I 2217.528     63  4561.057     4594.657     4795.230
Reading model parameters from file Q.iridoviridae
1257  Q.iridoviridae+F+G4 2213.580     63  4553.160     4586.760     4787.332
Reading model parameters from file Q.iridoviridae
1258  Q.iridoviridae+F+I+G4 2214.525     64  4557.050     4591.862     4794.940
Reading model parameters from file Q.iridoviridae
1259  Q.iridoviridae+F+R2 2213.495     64  4554.991     4589.803     4792.881
Reading model parameters from file Q.mcv
WARNING: Normalizing state frequencies so that sum of them equals to 1
1277  Q.mcv         2204.740     43  4495.480     4510.034     4655.312
Reading model parameters from file Q.mcv
WARNING: Normalizing state frequencies so that sum of them equals to 1
1278  Q.mcv+I       2199.183     44  4486.365     4501.655     4649.914
Reading model parameters from file Q.mcv
WARNING: Normalizing state frequencies so that sum of them equals to 1
1279  Q.mcv+G4      2196.118     44  4480.236     4495.526     4643.786
Reading model parameters from file Q.mcv
WARNING: Normalizing state frequencies so that sum of them equals to 1
1280  Q.mcv+I+G4    2196.928     45  4483.856     4499.902     4651.122
Reading model parameters from file Q.mcv
WARNING: Normalizing state frequencies so that sum of them equals to 1
1281  Q.mcv+R2      2196.099     45  4482.197     4498.244     4649.463
Reading model parameters from file Q.mcv
WARNING: Normalizing state frequencies so that sum of them equals to 1
1299  Q.mcv+F       2203.141     62  4530.283     4562.698     4760.739
Reading model parameters from file Q.mcv
WARNING: Normalizing state frequencies so that sum of them equals to 1
1300  Q.mcv+F+I     2198.585     63  4523.169     4556.769     4757.342
Reading model parameters from file Q.mcv
WARNING: Normalizing state frequencies so that sum of them equals to 1
1301  Q.mcv+F+G4    2195.406     63  4516.811     4550.411     4750.984
Reading model parameters from file Q.mcv
WARNING: Normalizing state frequencies so that sum of them equals to 1
1302  Q.mcv+F+I+G4  2196.282     64  4520.564     4555.376     4758.454
Reading model parameters from file Q.mcv
WARNING: Normalizing state frequencies so that sum of them equals to 1
1303  Q.mcv+F+R2    2195.344     64  4518.688     4553.500     4756.578
Akaike Information Criterion:           Q.mcv+G4
Corrected Akaike Information Criterion: Q.mcv+G4
Bayesian Information Criterion:         Q.mcv+G4
Best-fit model: Q.mcv+G4 chosen according to BIC

All model information printed to iqtree_family/OG0000072.fa.model.gz
CPU time for ModelFinder: 19.713 seconds (0h:0m:19s)
Wall-clock time for ModelFinder: 19.766 seconds (0h:0m:19s)
Generating 1000 samples for ultrafast bootstrap (seed: 688850)...
Reading model parameters from file Q.mcv
WARNING: Normalizing state frequencies so that sum of them equals to 1

NOTE: 3 MB RAM (0 GB) is required!
Estimate model parameters (epsilon = 0.100)
1. Initial log-likelihood: -2196.118
Optimal log-likelihood: -2196.116
Gamma shape alpha: 1.578
Parameters optimization took 1 rounds (0.016 sec)
Wrote distance file to... 
Computing ML distances based on estimated model parameters...
Calculating distance matrix: done in 0.0260711 secs using 99.98% CPU
Computing ML distances took 0.026109 sec (of wall-clock time) 0.026104 sec (of CPU time)
Setting up auxiliary I and S matrices: done in 4.81606e-05 secs using 99.67% CPU
Constructing RapidNJ tree: done in 8.39233e-05 secs using 165.6% CPU
Computing RapidNJ tree took 0.000175 sec (of wall-clock time) 0.000230 sec (of CPU time)
Log-likelihood of RapidNJ tree: -2220.760
--------------------------------------------------------------------
|             INITIALIZING CANDIDATE TREE SET                      |
--------------------------------------------------------------------
Generating 98 parsimony trees... 0.063 second
Computing log-likelihood of 98 initial trees ... 0.460 seconds
Current best score: -2196.116

Do NNI search on 20 best initial trees
Optimizing NNI: done in 0.0251691 secs using 99.99% CPU
Estimate model parameters (epsilon = 0.100)
BETTER TREE FOUND at iteration 1: -2196.116
Optimizing NNI: done in 0.0651109 secs using 100% CPU
Optimizing NNI: done in 0.0650301 secs using 100% CPU
Optimizing NNI: done in 0.065573 secs using 100% CPU
Optimizing NNI: done in 0.0648251 secs using 100% CPU
Optimizing NNI: done in 0.0668581 secs using 100% CPU
Optimizing NNI: done in 0.0587671 secs using 100% CPU
Optimizing NNI: done in 0.0637541 secs using 100% CPU
Optimizing NNI: done in 0.0643089 secs using 100% CPU
Optimizing NNI: done in 0.0670121 secs using 100% CPU
Iteration 10 / LogL: -2196.116 / Time: 0h:0m:1s
Optimizing NNI: done in 0.065264 secs using 100% CPU
Optimizing NNI: done in 0.0652452 secs using 100% CPU
Optimizing NNI: done in 0.0648351 secs using 100% CPU
Optimizing NNI: done in 0.0588779 secs using 100% CPU
Optimizing NNI: done in 0.064558 secs using 100% CPU
Optimizing NNI: done in 0.0637281 secs using 100% CPU
Optimizing NNI: done in 0.0637548 secs using 100% CPU
Optimizing NNI: done in 0.0644798 secs using 100% CPU
Optimizing NNI: done in 0.063926 secs using 100% CPU
Optimizing NNI: done in 0.0470521 secs using 100% CPU
Iteration 20 / LogL: -2196.116 / Time: 0h:0m:1s
Finish initializing candidate tree set (13)
Current best tree score: -2196.116 / CPU time: 1.794
Number of iterations: 20
--------------------------------------------------------------------
|               OPTIMIZING CANDIDATE TREE SET                      |
--------------------------------------------------------------------
Optimizing NNI: done in 0.122654 secs using 99.99% CPU
Optimizing NNI: done in 0.200362 secs using 100% CPU
Optimizing NNI: done in 0.193321 secs using 100% CPU
Optimizing NNI: done in 0.0403171 secs using 100% CPU
Optimizing NNI: done in 0.126521 secs using 99.99% CPU
Optimizing NNI: done in 0.116339 secs using 100% CPU
Optimizing NNI: done in 0.13892 secs using 100% CPU
BETTER TREE FOUND at iteration 27: -2196.111
Optimizing NNI: done in 0.178493 secs using 99.99% CPU
Optimizing NNI: done in 0.122962 secs using 100% CPU
Optimizing NNI: done in 0.0770221 secs using 100% CPU
Iteration 30 / LogL: -2196.137 / Time: 0h:0m:3s (0h:0m:10s left)
Optimizing NNI: done in 0.153982 secs using 100% CPU
Optimizing NNI: done in 0.192281 secs using 100% CPU
BETTER TREE FOUND at iteration 32: -2196.110
Optimizing NNI: done in 0.193223 secs using 100% CPU
Optimizing NNI: done in 0.047791 secs using 99.98% CPU
Optimizing NNI: done in 0.133406 secs using 99.99% CPU
Optimizing NNI: done in 0.114218 secs using 100% CPU
Optimizing NNI: done in 0.112916 secs using 100% CPU
Optimizing NNI: done in 0.14562 secs using 100% CPU
Optimizing NNI: done in 0.046937 secs using 100% CPU
Optimizing NNI: done in 0.0470328 secs using 100% CPU
Iteration 40 / LogL: -2211.588 / Time: 0h:0m:4s (0h:0m:10s left)
Optimizing NNI: done in 0.112516 secs using 100% CPU
Optimizing NNI: done in 0.0898988 secs using 100% CPU
Optimizing NNI: done in 0.116293 secs using 100% CPU
Optimizing NNI: done in 0.113998 secs using 100% CPU
UPDATE BEST LOG-LIKELIHOOD: -2196.110
Optimizing NNI: done in 0.103233 secs using 99.99% CPU
Optimizing NNI: done in 0.202246 secs using 100% CPU
Optimizing NNI: done in 0.142984 secs using 100% CPU
Optimizing NNI: done in 0.150499 secs using 100% CPU
Optimizing NNI: done in 0.126799 secs using 100% CPU
Optimizing NNI: done in 0.0651932 secs using 100% CPU
Iteration 50 / LogL: -2196.111 / Time: 0h:0m:5s (0h:0m:9s left)
Log-likelihood cutoff on original alignment: -2227.211
Optimizing NNI: done in 0.137411 secs using 100% CPU
Optimizing NNI: done in 0.0467989 secs using 100% CPU
BETTER TREE FOUND at iteration 52: -2196.110
Optimizing NNI: done in 0.101394 secs using 99.98% CPU
Optimizing NNI: done in 0.0715201 secs using 100% CPU
BETTER TREE FOUND at iteration 54: -2196.110
Optimizing NNI: done in 0.147174 secs using 100% CPU
Optimizing NNI: done in 0.149962 secs using 100% CPU
Optimizing NNI: done in 0.158453 secs using 100% CPU
Optimizing NNI: done in 0.086163 secs using 100% CPU
BETTER TREE FOUND at iteration 58: -2196.109
Optimizing NNI: done in 0.070998 secs using 100% CPU
Optimizing NNI: done in 0.098603 secs using 100% CPU
Iteration 60 / LogL: -2196.112 / Time: 0h:0m:6s (0h:0m:11s left)
Optimizing NNI: done in 0.116884 secs using 99.99% CPU
Optimizing NNI: done in 0.0697479 secs using 100% CPU
Optimizing NNI: done in 0.162522 secs using 100% CPU
Optimizing NNI: done in 0.119581 secs using 100% CPU
Optimizing NNI: done in 0.0728142 secs using 100% CPU
Optimizing NNI: done in 0.16768 secs using 100% CPU
Optimizing NNI: done in 0.040729 secs using 100% CPU
Optimizing NNI: done in 0.137414 secs using 100% CPU
Optimizing NNI: done in 0.162005 secs using 99.99% CPU
Optimizing NNI: done in 0.0927429 secs using 100% CPU
Iteration 70 / LogL: -2196.110 / Time: 0h:0m:8s (0h:0m:10s left)
Optimizing NNI: done in 0.126242 secs using 100% CPU
Optimizing NNI: done in 0.0677531 secs using 100% CPU
Optimizing NNI: done in 0.150029 secs using 99.99% CPU
Optimizing NNI: done in 0.168296 secs using 100% CPU
Optimizing NNI: done in 0.107819 secs using 100% CPU
Optimizing NNI: done in 0.142771 secs using 100% CPU
Optimizing NNI: done in 0.0924609 secs using 100% CPU
Optimizing NNI: done in 0.108527 secs using 100% CPU
Optimizing NNI: done in 0.110046 secs using 100% CPU
Optimizing NNI: done in 0.121267 secs using 100% CPU
Iteration 80 / LogL: -2197.704 / Time: 0h:0m:9s (0h:0m:9s left)
Optimizing NNI: done in 0.109583 secs using 100% CPU
Optimizing NNI: done in 0.166633 secs using 100% CPU
Optimizing NNI: done in 0.136761 secs using 100% CPU
Optimizing NNI: done in 0.0671959 secs using 100% CPU
BETTER TREE FOUND at iteration 84: -2196.109
Optimizing NNI: done in 0.129717 secs using 100% CPU
Optimizing NNI: done in 0.122608 secs using 99.99% CPU
Optimizing NNI: done in 0.0670078 secs using 100% CPU
Optimizing NNI: done in 0.11883 secs using 100% CPU
Optimizing NNI: done in 0.124048 secs using 100% CPU
Optimizing NNI: done in 0.0915 secs using 100% CPU
Iteration 90 / LogL: -2196.112 / Time: 0h:0m:10s (0h:0m:11s left)
Optimizing NNI: done in 0.138249 secs using 100% CPU
Optimizing NNI: done in 0.094568 secs using 100% CPU
Optimizing NNI: done in 0.146727 secs using 100% CPU
Optimizing NNI: done in 0.0715821 secs using 100% CPU
Optimizing NNI: done in 0.0927241 secs using 99.99% CPU
BETTER TREE FOUND at iteration 95: -2196.109
Optimizing NNI: done in 0.0963459 secs using 100% CPU
Optimizing NNI: done in 0.100439 secs using 100% CPU
Optimizing NNI: done in 0.108908 secs using 100% CPU
Optimizing NNI: done in 0.09708 secs using 100% CPU
Optimizing NNI: done in 0.143091 secs using 100% CPU
Iteration 100 / LogL: -2196.109 / Time: 0h:0m:11s (0h:0m:11s left)
Log-likelihood cutoff on original alignment: -2228.683
NOTE: Bootstrap correlation coefficient of split occurrence frequencies: 0.979
NOTE: UFBoot does not converge, continue at least 100 more iterations
Optimizing NNI: done in 0.125796 secs using 100% CPU
Optimizing NNI: done in 0.139242 secs using 99.99% CPU
Optimizing NNI: done in 0.066642 secs using 99.98% CPU
Optimizing NNI: done in 0.172305 secs using 100% CPU
Optimizing NNI: done in 0.148642 secs using 100% CPU
Optimizing NNI: done in 0.0911889 secs using 100% CPU
Optimizing NNI: done in 0.152342 secs using 100% CPU
Optimizing NNI: done in 0.155924 secs using 100% CPU
Optimizing NNI: done in 0.106213 secs using 100% CPU
Optimizing NNI: done in 0.131343 secs using 99.99% CPU
Iteration 110 / LogL: -2196.111 / Time: 0h:0m:12s (0h:0m:10s left)
Optimizing NNI: done in 0.143278 secs using 99.99% CPU
Optimizing NNI: done in 0.111862 secs using 100% CPU
Optimizing NNI: done in 0.105156 secs using 100% CPU
Optimizing NNI: done in 0.128098 secs using 100% CPU
Optimizing NNI: done in 0.127455 secs using 100% CPU
Optimizing NNI: done in 0.0777969 secs using 100% CPU
Optimizing NNI: done in 0.14027 secs using 100% CPU
Optimizing NNI: done in 0.181749 secs using 99.99% CPU
Optimizing NNI: done in 0.174655 secs using 100% CPU
Optimizing NNI: done in 0.113786 secs using 100% CPU
Iteration 120 / LogL: -2196.111 / Time: 0h:0m:14s (0h:0m:9s left)
Optimizing NNI: done in 0.111225 secs using 99.98% CPU
Optimizing NNI: done in 0.113417 secs using 100% CPU
Optimizing NNI: done in 0.089761 secs using 100% CPU
Optimizing NNI: done in 0.146943 secs using 100% CPU
Optimizing NNI: done in 0.119836 secs using 100% CPU
Optimizing NNI: done in 0.132464 secs using 100% CPU
Optimizing NNI: done in 0.119881 secs using 100% CPU
Optimizing NNI: done in 0.0922909 secs using 100% CPU
Optimizing NNI: done in 0.123997 secs using 100% CPU
Optimizing NNI: done in 0.138674 secs using 100% CPU
Iteration 130 / LogL: -2196.109 / Time: 0h:0m:15s (0h:0m:8s left)
Optimizing NNI: done in 0.11174 secs using 100% CPU
Optimizing NNI: done in 0.157012 secs using 100% CPU
Optimizing NNI: done in 0.110187 secs using 99.99% CPU
Optimizing NNI: done in 0.127 secs using 99.99% CPU
Optimizing NNI: done in 0.093354 secs using 100% CPU
Optimizing NNI: done in 0.137637 secs using 100% CPU
Optimizing NNI: done in 0.108168 secs using 100% CPU
Optimizing NNI: done in 0.110625 secs using 100% CPU
Optimizing NNI: done in 0.068228 secs using 100% CPU
Optimizing NNI: done in 0.092371 secs using 100% CPU
Iteration 140 / LogL: -2196.109 / Time: 0h:0m:16s (0h:0m:7s left)
Optimizing NNI: done in 0.078402 secs using 100% CPU
Optimizing NNI: done in 0.12 secs using 100% CPU
Optimizing NNI: done in 0.066416 secs using 100% CPU
Optimizing NNI: done in 0.117382 secs using 100% CPU
Optimizing NNI: done in 0.123796 secs using 99.99% CPU
Optimizing NNI: done in 0.114918 secs using 99.99% CPU
Optimizing NNI: done in 0.0876582 secs using 99.98% CPU
Optimizing NNI: done in 0.10112 secs using 100% CPU
Optimizing NNI: done in 0.151278 secs using 100% CPU
Optimizing NNI: done in 0.0949562 secs using 100% CPU
Iteration 150 / LogL: -2196.110 / Time: 0h:0m:17s (0h:0m:5s left)
Log-likelihood cutoff on original alignment: -2228.968
Optimizing NNI: done in 0.160479 secs using 100% CPU
Optimizing NNI: done in 0.0659912 secs using 100% CPU
Optimizing NNI: done in 0.133232 secs using 100% CPU
Optimizing NNI: done in 0.0931039 secs using 100% CPU
Optimizing NNI: done in 0.112864 secs using 100% CPU
Optimizing NNI: done in 0.123183 secs using 100% CPU
Optimizing NNI: done in 0.119331 secs using 100% CPU
Optimizing NNI: done in 0.151833 secs using 100% CPU
Optimizing NNI: done in 0.146805 secs using 100% CPU
Optimizing NNI: done in 0.177231 secs using 99.99% CPU
Iteration 160 / LogL: -2196.110 / Time: 0h:0m:19s (0h:0m:4s left)
Optimizing NNI: done in 0.112911 secs using 100% CPU
Optimizing NNI: done in 0.123876 secs using 100% CPU
Optimizing NNI: done in 0.162401 secs using 100% CPU
Optimizing NNI: done in 0.114021 secs using 100% CPU
Optimizing NNI: done in 0.146883 secs using 100% CPU
Optimizing NNI: done in 0.0674949 secs using 99.99% CPU
Optimizing NNI: done in 0.11361 secs using 99.99% CPU
Optimizing NNI: done in 0.0906701 secs using 100% CPU
Optimizing NNI: done in 0.08903 secs using 100% CPU
Optimizing NNI: done in 0.121628 secs using 100% CPU
Iteration 170 / LogL: -2196.110 / Time: 0h:0m:20s (0h:0m:3s left)
Optimizing NNI: done in 0.0991862 secs using 100% CPU
Optimizing NNI: done in 0.177561 secs using 100% CPU
Optimizing NNI: done in 0.090904 secs using 100% CPU
Optimizing NNI: done in 0.114565 secs using 100% CPU
Optimizing NNI: done in 0.100986 secs using 100% CPU
Optimizing NNI: done in 0.0960691 secs using 99.99% CPU
Optimizing NNI: done in 0.138167 secs using 100% CPU
Optimizing NNI: done in 0.091351 secs using 100% CPU
Optimizing NNI: done in 0.143507 secs using 100% CPU
Optimizing NNI: done in 0.089628 secs using 100% CPU
Iteration 180 / LogL: -2205.072 / Time: 0h:0m:21s (0h:0m:2s left)
Optimizing NNI: done in 0.139628 secs using 100% CPU
Optimizing NNI: done in 0.086165 secs using 100% CPU
Optimizing NNI: done in 0.079253 secs using 100% CPU
Optimizing NNI: done in 0.111771 secs using 100% CPU
Optimizing NNI: done in 0.0661299 secs using 100% CPU
Optimizing NNI: done in 0.12015 secs using 100% CPU
Optimizing NNI: done in 0.136498 secs using 100% CPU
Optimizing NNI: done in 0.086067 secs using 100% CPU
Optimizing NNI: done in 0.109258 secs using 99.99% CPU
Optimizing NNI: done in 0.0671442 secs using 100% CPU
Iteration 190 / LogL: -2196.109 / Time: 0h:0m:22s (0h:0m:1s left)
Optimizing NNI: done in 0.160854 secs using 100% CPU
Optimizing NNI: done in 0.0622079 secs using 100% CPU
Optimizing NNI: done in 0.114889 secs using 100% CPU
Optimizing NNI: done in 0.110295 secs using 100% CPU
Optimizing NNI: done in 0.0914521 secs using 99.99% CPU
Optimizing NNI: done in 0.08887 secs using 100% CPU
Optimizing NNI: done in 0.131463 secs using 100% CPU
Optimizing NNI: done in 0.19521 secs using 100% CPU
Optimizing NNI: done in 0.0713091 secs using 100% CPU
Optimizing NNI: done in 0.191288 secs using 100% CPU
Iteration 200 / LogL: -2196.111 / Time: 0h:0m:23s (0h:0m:0s left)
Log-likelihood cutoff on original alignment: -2228.968
NOTE: Bootstrap correlation coefficient of split occurrence frequencies: 0.983
NOTE: UFBoot does not converge, continue at least 100 more iterations
Optimizing NNI: done in 0.137174 secs using 99.99% CPU
Optimizing NNI: done in 0.127611 secs using 100% CPU
Optimizing NNI: done in 0.0950441 secs using 100% CPU
Optimizing NNI: done in 0.128081 secs using 100% CPU
Optimizing NNI: done in 0.156053 secs using 100% CPU
Optimizing NNI: done in 0.110966 secs using 100% CPU
Optimizing NNI: done in 0.0847611 secs using 100% CPU
Optimizing NNI: done in 0.168052 secs using 100% CPU
Optimizing NNI: done in 0.140812 secs using 99.99% CPU
Optimizing NNI: done in 0.123837 secs using 100% CPU
Iteration 210 / LogL: -2196.110 / Time: 0h:0m:25s (0h:0m:10s left)
Optimizing NNI: done in 0.125272 secs using 100% CPU
Optimizing NNI: done in 0.0692501 secs using 100% CPU
Optimizing NNI: done in 0.154703 secs using 100% CPU
Optimizing NNI: done in 0.0777771 secs using 100% CPU
Optimizing NNI: done in 0.11413 secs using 100% CPU
Optimizing NNI: done in 0.128747 secs using 100% CPU
Optimizing NNI: done in 0.180847 secs using 100% CPU
Optimizing NNI: done in 0.125815 secs using 100% CPU
Optimizing NNI: done in 0.112011 secs using 100% CPU
Optimizing NNI: done in 0.0467138 secs using 100% CPU
Iteration 220 / LogL: -2196.109 / Time: 0h:0m:26s (0h:0m:9s left)
Optimizing NNI: done in 0.121865 secs using 99.98% CPU
Optimizing NNI: done in 0.150139 secs using 100% CPU
Optimizing NNI: done in 0.105914 secs using 100% CPU
Optimizing NNI: done in 0.0657749 secs using 100% CPU
Optimizing NNI: done in 0.119862 secs using 100% CPU
Optimizing NNI: done in 0.118739 secs using 100% CPU
Optimizing NNI: done in 0.0883191 secs using 100% CPU
Optimizing NNI: done in 0.111926 secs using 100% CPU
Optimizing NNI: done in 0.120951 secs using 100% CPU
Optimizing NNI: done in 0.177605 secs using 100% CPU
Iteration 230 / LogL: -2196.119 / Time: 0h:0m:27s (0h:0m:8s left)
Optimizing NNI: done in 0.115215 secs using 100% CPU
Optimizing NNI: done in 0.149843 secs using 100% CPU
Optimizing NNI: done in 0.164028 secs using 99.99% CPU
Optimizing NNI: done in 0.102551 secs using 100% CPU
Optimizing NNI: done in 0.155746 secs using 100% CPU
Optimizing NNI: done in 0.119372 secs using 100% CPU
Optimizing NNI: done in 0.125148 secs using 96.81% CPU
Optimizing NNI: done in 0.077558 secs using 100% CPU
Optimizing NNI: done in 0.160339 secs using 100% CPU
Optimizing NNI: done in 0.122174 secs using 100% CPU
Iteration 240 / LogL: -2196.110 / Time: 0h:0m:28s (0h:0m:7s left)
Optimizing NNI: done in 0.10874 secs using 99.99% CPU
Optimizing NNI: done in 0.169966 secs using 100% CPU
Optimizing NNI: done in 0.14072 secs using 100% CPU
Optimizing NNI: done in 0.152255 secs using 99.99% CPU
Optimizing NNI: done in 0.154917 secs using 100% CPU
Optimizing NNI: done in 0.115565 secs using 100% CPU
Optimizing NNI: done in 0.0895019 secs using 100% CPU
Optimizing NNI: done in 0.0810928 secs using 100% CPU
Optimizing NNI: done in 0.129382 secs using 100% CPU
Optimizing NNI: done in 0.183799 secs using 100% CPU
Iteration 250 / LogL: -2196.109 / Time: 0h:0m:30s (0h:0m:6s left)
Log-likelihood cutoff on original alignment: -2229.450
Optimizing NNI: done in 0.139115 secs using 100% CPU
Optimizing NNI: done in 0.0845101 secs using 100% CPU
Optimizing NNI: done in 0.156519 secs using 100% CPU
Optimizing NNI: done in 0.107644 secs using 100% CPU
Optimizing NNI: done in 0.124049 secs using 100% CPU
Optimizing NNI: done in 0.135275 secs using 99.99% CPU
Optimizing NNI: done in 0.111627 secs using 100% CPU
Optimizing NNI: done in 0.091419 secs using 100% CPU
Optimizing NNI: done in 0.0643182 secs using 100% CPU
Optimizing NNI: done in 0.160095 secs using 100% CPU
Iteration 260 / LogL: -2196.110 / Time: 0h:0m:31s (0h:0m:4s left)
Optimizing NNI: done in 0.108804 secs using 100% CPU
Optimizing NNI: done in 0.161389 secs using 100% CPU
Optimizing NNI: done in 0.126787 secs using 99.99% CPU
Optimizing NNI: done in 0.150574 secs using 100% CPU
Optimizing NNI: done in 0.105623 secs using 100% CPU
Optimizing NNI: done in 0.122487 secs using 100% CPU
Optimizing NNI: done in 0.136926 secs using 99.99% CPU
Optimizing NNI: done in 0.0676918 secs using 100% CPU
Optimizing NNI: done in 0.110785 secs using 100% CPU
Optimizing NNI: done in 0.0498409 secs using 100% CPU
BETTER TREE FOUND at iteration 270: -2196.109
Iteration 270 / LogL: -2196.109 / Time: 0h:0m:32s (0h:0m:12s left)
Optimizing NNI: done in 0.0917261 secs using 100% CPU
Optimizing NNI: done in 0.0938401 secs using 100% CPU
Optimizing NNI: done in 0.095027 secs using 100% CPU
Optimizing NNI: done in 0.0903261 secs using 100% CPU
Optimizing NNI: done in 0.148228 secs using 100% CPU
Optimizing NNI: done in 0.102567 secs using 99.98% CPU
Optimizing NNI: done in 0.143096 secs using 100% CPU
Optimizing NNI: done in 0.153768 secs using 100% CPU
Optimizing NNI: done in 0.068166 secs using 100% CPU
Optimizing NNI: done in 0.0722361 secs using 100% CPU
Iteration 280 / LogL: -2196.145 / Time: 0h:0m:33s (0h:0m:10s left)
Optimizing NNI: done in 0.068542 secs using 100% CPU
Optimizing NNI: done in 0.06829 secs using 100% CPU
Optimizing NNI: done in 0.0849531 secs using 99.99% CPU
Optimizing NNI: done in 0.106229 secs using 100% CPU
Optimizing NNI: done in 0.0788209 secs using 100% CPU
Optimizing NNI: done in 0.114591 secs using 100% CPU
Optimizing NNI: done in 0.112585 secs using 100% CPU
Optimizing NNI: done in 0.172196 secs using 100% CPU
Optimizing NNI: done in 0.067054 secs using 100% CPU
Optimizing NNI: done in 0.0864401 secs using 100% CPU
Iteration 290 / LogL: -2256.253 / Time: 0h:0m:34s (0h:0m:9s left)
Optimizing NNI: done in 0.0907781 secs using 100% CPU
Optimizing NNI: done in 0.172785 secs using 99.99% CPU
Optimizing NNI: done in 0.123327 secs using 100% CPU
Optimizing NNI: done in 0.139473 secs using 100% CPU
Optimizing NNI: done in 0.166159 secs using 100% CPU
Optimizing NNI: done in 0.118509 secs using 100% CPU
Optimizing NNI: done in 0.0909541 secs using 100% CPU
Optimizing NNI: done in 0.124435 secs using 99.99% CPU
Optimizing NNI: done in 0.0939369 secs using 99.99% CPU
Optimizing NNI: done in 0.108522 secs using 100% CPU
Iteration 300 / LogL: -2196.111 / Time: 0h:0m:36s (0h:0m:8s left)
Log-likelihood cutoff on original alignment: -2229.450
NOTE: Bootstrap correlation coefficient of split occurrence frequencies: 0.992
Optimizing NNI: done in 0.156878 secs using 100% CPU
Optimizing NNI: done in 0.0947809 secs using 100% CPU
Optimizing NNI: done in 0.065697 secs using 100% CPU
Optimizing NNI: done in 0.0481369 secs using 100% CPU
Optimizing NNI: done in 0.141291 secs using 100% CPU
Optimizing NNI: done in 0.068141 secs using 100% CPU
Optimizing NNI: done in 0.103091 secs using 100% CPU
Optimizing NNI: done in 0.121356 secs using 100% CPU
Optimizing NNI: done in 0.116885 secs using 99.99% CPU
Optimizing NNI: done in 0.107319 secs using 100% CPU
Iteration 310 / LogL: -2196.109 / Time: 0h:0m:37s (0h:0m:10s left)
Optimizing NNI: done in 0.125674 secs using 100% CPU
Optimizing NNI: done in 0.113192 secs using 100% CPU
Optimizing NNI: done in 0.162183 secs using 100% CPU
Optimizing NNI: done in 0.157675 secs using 100% CPU
Optimizing NNI: done in 0.143121 secs using 100% CPU
Optimizing NNI: done in 0.0917192 secs using 100% CPU
Optimizing NNI: done in 0.149363 secs using 100% CPU
Optimizing NNI: done in 0.0817602 secs using 100% CPU
Optimizing NNI: done in 0.089844 secs using 100% CPU
Optimizing NNI: done in 0.0695641 secs using 100% CPU
Iteration 320 / LogL: -2215.762 / Time: 0h:0m:38s (0h:0m:9s left)
Optimizing NNI: done in 0.0705922 secs using 100% CPU
Optimizing NNI: done in 0.163413 secs using 100% CPU
Optimizing NNI: done in 0.146562 secs using 100% CPU
Optimizing NNI: done in 0.197718 secs using 100% CPU
Optimizing NNI: done in 0.0950551 secs using 100% CPU
Optimizing NNI: done in 0.123709 secs using 100% CPU
Optimizing NNI: done in 0.131608 secs using 100% CPU
Optimizing NNI: done in 0.067919 secs using 100% CPU
Optimizing NNI: done in 0.067935 secs using 100% CPU
Optimizing NNI: done in 0.126508 secs using 100% CPU
Iteration 330 / LogL: -2196.110 / Time: 0h:0m:39s (0h:0m:8s left)
Optimizing NNI: done in 0.0979421 secs using 100% CPU
Optimizing NNI: done in 0.128976 secs using 99.99% CPU
Optimizing NNI: done in 0.152632 secs using 100% CPU
Optimizing NNI: done in 0.0930679 secs using 100% CPU
Optimizing NNI: done in 0.109995 secs using 100% CPU
Optimizing NNI: done in 0.116091 secs using 100% CPU
Optimizing NNI: done in 0.128545 secs using 100% CPU
Optimizing NNI: done in 0.107494 secs using 100% CPU
Optimizing NNI: done in 0.100376 secs using 100% CPU
Optimizing NNI: done in 0.167851 secs using 100% CPU
Iteration 340 / LogL: -2196.110 / Time: 0h:0m:40s (0h:0m:7s left)
Optimizing NNI: done in 0.194438 secs using 100% CPU
Optimizing NNI: done in 0.047637 secs using 100% CPU
Optimizing NNI: done in 0.0945911 secs using 100% CPU
Optimizing NNI: done in 0.105358 secs using 99.98% CPU
Optimizing NNI: done in 0.161358 secs using 100% CPU
Optimizing NNI: done in 0.106856 secs using 100% CPU
Optimizing NNI: done in 0.136757 secs using 100% CPU
Optimizing NNI: done in 0.0699039 secs using 100% CPU
Optimizing NNI: done in 0.079582 secs using 100% CPU
Optimizing NNI: done in 0.141613 secs using 100% CPU
Iteration 350 / LogL: -2196.110 / Time: 0h:0m:42s (0h:0m:6s left)
Log-likelihood cutoff on original alignment: -2229.729
Optimizing NNI: done in 0.099761 secs using 100% CPU
Optimizing NNI: done in 0.113689 secs using 100% CPU
Optimizing NNI: done in 0.156426 secs using 100% CPU
Optimizing NNI: done in 0.083077 secs using 100% CPU
Optimizing NNI: done in 0.147226 secs using 100% CPU
Optimizing NNI: done in 0.116862 secs using 100% CPU
Optimizing NNI: done in 0.098146 secs using 99.99% CPU
Optimizing NNI: done in 0.125314 secs using 100% CPU
Optimizing NNI: done in 0.126106 secs using 100% CPU
Optimizing NNI: done in 0.093636 secs using 100% CPU
Iteration 360 / LogL: -2196.110 / Time: 0h:0m:43s (0h:0m:4s left)
Optimizing NNI: done in 0.11174 secs using 100% CPU
Optimizing NNI: done in 0.0816739 secs using 100% CPU
Optimizing NNI: done in 0.149282 secs using 99.99% CPU
Optimizing NNI: done in 0.091186 secs using 100% CPU
Optimizing NNI: done in 0.138967 secs using 100% CPU
Optimizing NNI: done in 0.161507 secs using 99.99% CPU
Optimizing NNI: done in 0.136112 secs using 100% CPU
Optimizing NNI: done in 0.120313 secs using 100% CPU
Optimizing NNI: done in 0.0706398 secs using 100% CPU
Optimizing NNI: done in 0.110342 secs using 100% CPU
Iteration 370 / LogL: -2205.077 / Time: 0h:0m:44s (0h:0m:3s left)
Optimizing NNI: done in 0.113581 secs using 100% CPU
TREE SEARCH COMPLETED AFTER 371 ITERATIONS / Time: 0h:0m:44s

--------------------------------------------------------------------
|                    FINALIZING TREE SEARCH                        |
--------------------------------------------------------------------
Performs final model parameters optimization
Estimate model parameters (epsilon = 0.010)
1. Initial log-likelihood: -2196.109
Optimal log-likelihood: -2196.108
Gamma shape alpha: 1.567
Parameters optimization took 1 rounds (0.016 sec)
BEST SCORE FOUND : -2196.108
Creating bootstrap support values...
Split supports printed to NEXUS file iqtree_family/OG0000072.fa.splits.nex
Total tree length: 2.267

Total number of iterations: 371
CPU time used for tree search: 44.704 sec (0h:0m:44s)
Wall-clock time used for tree search: 44.565 sec (0h:0m:44s)
Total CPU time used: 44.861 sec (0h:0m:44s)
Total wall-clock time used: 44.703 sec (0h:0m:44s)

Computing bootstrap consensus tree...
Reading input file iqtree_family/OG0000072.fa.splits.nex...
23 taxa and 204 splits.
Consensus tree written to iqtree_family/OG0000072.fa.contree
Reading input trees file iqtree_family/OG0000072.fa.contree
Log-likelihood of consensus tree: -2196.127

Analysis results written to: 
  IQ-TREE report:                iqtree_family/OG0000072.fa.iqtree
  Maximum-likelihood tree:       iqtree_family/OG0000072.fa.treefile
  Likelihood distances:          iqtree_family/OG0000072.fa.mldist

Ultrafast bootstrap approximation results written to:
  Split support values:          iqtree_family/OG0000072.fa.splits.nex
  Consensus tree:                iqtree_family/OG0000072.fa.contree
  Screen log file:               iqtree_family/OG0000072.fa.log

Date and Time: Wed Apr  2 13:20:33 2025
