IQ-TREE multicore version 2.2.0.5 COVID-edition for Linux 64-bit built Sep 26 2022
Developed by Bui Quang Minh, James Barbetti, Nguyen Lam Tung,
Olga Chernomor, Heiko Schmidt, Dominik Schrempf, Michael Woodhams, Ly Trong Nhan.

Host:    petrichor-dm (AVX2, FMA3, 503 GB RAM)
Command: iqtree2 -s alignments_family_muscle5_edited_trimmed/OG0000046.fa -B 1000 -mset Blosum62,cpREV,Dayhoff,DCMut,FLAVI,FLU,HIVb,HIVw,JTT,JTTDCMut,LG,mtART,mtMAM,mtREV,mtZOA,mtMet,mtVer,mtInv,PMB,Q.bird,Q.insect,Q.mammal,Q.pfam,Q.plant,Q.yeast,rtREV,VT,WAG,Q.iridoviridae,Q.mcv -T 1 -pre iqtree_family/OG0000046.fa
Seed:    909809 (Using SPRNG - Scalable Parallel Random Number Generator)
Time:    Wed Apr  2 13:03:06 2025
Kernel:  AVX+FMA - 1 threads (32 CPU cores detected)

HINT: Use -nt option to specify number of threads because your CPU has 32 cores!
HINT: -nt AUTO will automatically determine the best number of threads to use.

Reading alignment file alignments_family_muscle5_edited_trimmed/OG0000046.fa ... Fasta format detected
Reading fasta file: done in 0.00105691 secs using 56.39% CPU
Alignment most likely contains protein sequences
Constructing alignment: done in 0.000505924 secs using 100% CPU
Alignment has 62 sequences with 523 columns, 430 distinct patterns
400 parsimony-informative, 29 singleton sites, 94 constant sites
                                                          Gap/Ambiguity  Composition  p-value
Analyzing sequences: done in 5.10216e-05 secs using 101.9% CPU
   1  OL774654_Megalocytivirus_pagrus1_RSIV                       0.00%    passed    100.00%
   2  PP974677_Megalocytivirus_pagrus1_ISKNV                      0.96%    passed    100.00%
   3  MW883594_Megalocytivirus_pagrus1_ISKNV                      0.96%    passed    100.00%
   4  OL774655_Megalocytivirus_pagrus1_RSIV                       0.00%    passed    100.00%
   5  MW883602_Megalocytivirus_pagrus1_ISKNV                      0.96%    passed    100.00%
   6  KT781098_Megalocytivirus_pagrus1_ISKNV                      0.96%    passed    100.00%
   7  AB104413_Megalocytivirus_pagrus1_RSIV                       7.46%    passed     49.60%
   8  MK689686_Megalocytivirus_pagrus1_RSIV                       0.00%    passed    100.00%
   9  MW883596_Megalocytivirus_pagrus1_ISKNV                      0.96%    passed    100.00%
  10  AP017456_Megalocytivirus_pagrus1_RSIV                       0.00%    passed    100.00%
  11  MN432490_Megalocytivirus_pagrus1_ISKNV                      0.96%    passed    100.00%
  12  OQ513807_Megalocytivirus_pagrus1_ISKNV                      0.96%    passed    100.00%
  13  MT128666_Megalocytivirus_pagrus1_ISKNV                      0.96%    passed    100.00%
  14  MW883606_Megalocytivirus_pagrus1_ISKNV                      0.96%    passed    100.00%
  15  MK689685_Megalocytivirus_pagrus1_ISKNV                      0.96%    passed    100.00%
  16  PQ335173_PQ335174_Threespine_stickleback_iridovirus_TSIV    2.68%    passed     10.62%
  17  OR356116_Megalocytivirus_pagrus1_ISKNV                      0.96%    passed    100.00%
  18  MT521409_Megalocytivirus_lates1_SDDV                        2.68%    failed      0.00%
  19  MG570132_Megalocytivirus_pagrus1_TRBIV                      0.38%    passed    100.00%
  20  MT128667_Megalocytivirus_pagrus1_ISKNV                      0.96%    passed    100.00%
  21  MW273353_Megalocytivirus_pagrus1_ISKNV                      0.96%    passed    100.00%
  22  OR536350_Megalocytivirus_pagrus1_ISKNV                      0.96%    passed    100.00%
  23  AY894343_Megalocytivirus_pagrus1_RSIV                       0.00%    passed    100.00%
  24  MW883600_Megalocytivirus_pagrus1_ISKNV                      0.96%    passed    100.00%
  25  MW273354_Megalocytivirus_pagrus1_ISKNV                      0.96%    passed    100.00%
  26  ON212400_Megalocytivirus_pagrus1_ISKNV                      0.96%    passed    100.00%
  27  BD143114_Megalocytivirus_pagrus1_RSIV                       7.46%    passed     49.60%
  28  OK042109_Megalocytivirus_pagrus1_RSIV                       0.00%    passed    100.00%
  29  PP151097_Megalocytivirus_pagrus1_ISKNV                      0.96%    passed    100.00%
  30  MN562489_Megalocytivirus_lates1_SDDV                        2.68%    failed      0.00%
  31  MW883601_Megalocytivirus_pagrus1_ISKNV                      0.96%    passed    100.00%
  32  OL774653_Megalocytivirus_pagrus1_RSIV                       0.00%    passed    100.00%
  33  OM037668_Megalocytivirus_lates1_SDDV                        2.68%    failed      0.00%
  34  MK098185_Megalocytivirus_pagrus1_RSIV                       0.00%    passed    100.00%
  35  MG570131_Megalocytivirus_pagrus1_TRBIV                      0.38%    passed    100.00%
  36  MK098186_Megalocytivirus_pagrus1_RSIV                       0.00%    passed    100.00%
  37  MW883593_Megalocytivirus_pagrus1_ISKNV                      0.96%    passed    100.00%
  38  OP009387_Megalocytivirus_pagrus1_ISKNV                      0.96%    passed    100.00%
  39  AF371960_Megalocytivirus_pagrus1_ISKNV                      0.96%    passed    100.00%
  40  MW883598_Megalocytivirus_pagrus1_RSIV                       0.00%    passed    100.00%
  41  MW883603_Megalocytivirus_pagrus1_ISKNV                      0.96%    passed    100.00%
  42  23043610003_Megalocytivirus_pagrus1_ISKNV                   0.96%    passed    100.00%
  43  NC_003494_Megalocytivirus_pagrus1_ISKNV                     0.96%    passed    100.00%
  44  MW883595_Megalocytivirus_pagrus1_ISKNV                      0.96%    passed    100.00%
  45  23043610005_Megalocytivirus_pagrus1_ISKNV                   0.96%    passed    100.00%
  46  KC244182_Megalocytivirus_pagrus1_RSIV                       0.00%    passed    100.00%
  47  GQ273492_Megalocytivirus_pagrus1_TRBIV                      0.38%    passed    100.00%
  48  ON743042_Megalocytivirus_pagrus1_RSIV                       0.00%    passed    100.00%
  49  MT986830_Megalocytivirus_pagrus1_ISKNV                      0.96%    passed    100.00%
  50  MW883597_Megalocytivirus_pagrus1_ISKNV                      0.96%    passed    100.00%
  51  OR670976_Megalocytivirus_pagrus1_ISKNV                      0.96%    passed    100.00%
  52  MK098187_Megalocytivirus_pagrus1_RSIV                       0.00%    passed    100.00%
  53  KT804738_Megalocytivirus_pagrus1_RSIV                       0.00%    passed    100.00%
  54  MT926123_Megalocytivirus_pagrus1_ISKNV                      0.96%    passed    100.00%
  55  ON740976_Megalocytivirus_pagrus1_RSIV                       0.00%    passed    100.00%
  56  OQ475017_Megalocytivirus_pagrus1_RSIV                       0.00%    passed    100.00%
  57  MW139932_Megalocytivirus_pagrus1_RSIV                       0.00%    passed    100.00%
  58  MT798582_Megalocytivirus_pagrus1_RSIV                       0.00%    passed    100.00%
  59  MW883599_Megalocytivirus_pagrus1_ISKNV                      0.96%    passed    100.00%
  60  OP896201_Megalocytivirus_pagrus1_ISKNV                      0.96%    passed    100.00%
  61  ON075463_Megalocytivirus_pagrus1_RSIV                       0.00%    passed    100.00%
  62  OK042108_Megalocytivirus_pagrus1_RSIV                       0.00%    passed    100.00%
****  TOTAL                                                       0.94%  3 sequences failed composition chi2 test (p-value<5%; df=19)
NOTE: OL774655_Megalocytivirus_pagrus1_RSIV is identical to OL774654_Megalocytivirus_pagrus1_RSIV but kept for subsequent analysis
NOTE: MN432490_Megalocytivirus_pagrus1_ISKNV is identical to PP974677_Megalocytivirus_pagrus1_ISKNV but kept for subsequent analysis
NOTE: KT781098_Megalocytivirus_pagrus1_ISKNV is identical to MW883594_Megalocytivirus_pagrus1_ISKNV but kept for subsequent analysis
NOTE: BD143114_Megalocytivirus_pagrus1_RSIV is identical to AB104413_Megalocytivirus_pagrus1_RSIV but kept for subsequent analysis
NOTE: AP017456_Megalocytivirus_pagrus1_RSIV is identical to MK689686_Megalocytivirus_pagrus1_RSIV but kept for subsequent analysis
NOTE: MT128667_Megalocytivirus_pagrus1_ISKNV is identical to MT128666_Megalocytivirus_pagrus1_ISKNV but kept for subsequent analysis
NOTE: MN562489_Megalocytivirus_lates1_SDDV is identical to MT521409_Megalocytivirus_lates1_SDDV but kept for subsequent analysis
NOTE: MG570131_Megalocytivirus_pagrus1_TRBIV is identical to MG570132_Megalocytivirus_pagrus1_TRBIV but kept for subsequent analysis
NOTE: MW883598_Megalocytivirus_pagrus1_RSIV is identical to OK042109_Megalocytivirus_pagrus1_RSIV but kept for subsequent analysis
Checking for duplicate sequences: done in 0.000190973 secs using 99.49% CPU
Identifying sites to remove: done in 0.000146866 secs using 100.1% CPU
NOTE: 39 identical sequences (see below) will be ignored for subsequent analysis
NOTE: OL774653_Megalocytivirus_pagrus1_RSIV (identical to OL774654_Megalocytivirus_pagrus1_RSIV) is ignored but added at the end
NOTE: MK098185_Megalocytivirus_pagrus1_RSIV (identical to OL774654_Megalocytivirus_pagrus1_RSIV) is ignored but added at the end
NOTE: MK098186_Megalocytivirus_pagrus1_RSIV (identical to OL774654_Megalocytivirus_pagrus1_RSIV) is ignored but added at the end
NOTE: MK098187_Megalocytivirus_pagrus1_RSIV (identical to OL774654_Megalocytivirus_pagrus1_RSIV) is ignored but added at the end
NOTE: MW139932_Megalocytivirus_pagrus1_RSIV (identical to OL774654_Megalocytivirus_pagrus1_RSIV) is ignored but added at the end
NOTE: PP151097_Megalocytivirus_pagrus1_ISKNV (identical to PP974677_Megalocytivirus_pagrus1_ISKNV) is ignored but added at the end
NOTE: OP009387_Megalocytivirus_pagrus1_ISKNV (identical to PP974677_Megalocytivirus_pagrus1_ISKNV) is ignored but added at the end
NOTE: MW883595_Megalocytivirus_pagrus1_ISKNV (identical to PP974677_Megalocytivirus_pagrus1_ISKNV) is ignored but added at the end
NOTE: MT986830_Megalocytivirus_pagrus1_ISKNV (identical to PP974677_Megalocytivirus_pagrus1_ISKNV) is ignored but added at the end
NOTE: MW883596_Megalocytivirus_pagrus1_ISKNV (identical to MW883594_Megalocytivirus_pagrus1_ISKNV) is ignored but added at the end
NOTE: OQ513807_Megalocytivirus_pagrus1_ISKNV (identical to MW883594_Megalocytivirus_pagrus1_ISKNV) is ignored but added at the end
NOTE: MW883606_Megalocytivirus_pagrus1_ISKNV (identical to MW883594_Megalocytivirus_pagrus1_ISKNV) is ignored but added at the end
NOTE: MK689685_Megalocytivirus_pagrus1_ISKNV (identical to MW883594_Megalocytivirus_pagrus1_ISKNV) is ignored but added at the end
NOTE: OR356116_Megalocytivirus_pagrus1_ISKNV (identical to MW883594_Megalocytivirus_pagrus1_ISKNV) is ignored but added at the end
NOTE: MW273353_Megalocytivirus_pagrus1_ISKNV (identical to MW883594_Megalocytivirus_pagrus1_ISKNV) is ignored but added at the end
NOTE: OR536350_Megalocytivirus_pagrus1_ISKNV (identical to MW883594_Megalocytivirus_pagrus1_ISKNV) is ignored but added at the end
NOTE: MW883600_Megalocytivirus_pagrus1_ISKNV (identical to MW883594_Megalocytivirus_pagrus1_ISKNV) is ignored but added at the end
NOTE: MW273354_Megalocytivirus_pagrus1_ISKNV (identical to MW883594_Megalocytivirus_pagrus1_ISKNV) is ignored but added at the end
NOTE: ON212400_Megalocytivirus_pagrus1_ISKNV (identical to MW883594_Megalocytivirus_pagrus1_ISKNV) is ignored but added at the end
NOTE: MW883601_Megalocytivirus_pagrus1_ISKNV (identical to MW883594_Megalocytivirus_pagrus1_ISKNV) is ignored but added at the end
NOTE: MW883593_Megalocytivirus_pagrus1_ISKNV (identical to MW883594_Megalocytivirus_pagrus1_ISKNV) is ignored but added at the end
NOTE: AF371960_Megalocytivirus_pagrus1_ISKNV (identical to MW883594_Megalocytivirus_pagrus1_ISKNV) is ignored but added at the end
NOTE: MW883603_Megalocytivirus_pagrus1_ISKNV (identical to MW883594_Megalocytivirus_pagrus1_ISKNV) is ignored but added at the end
NOTE: 23043610003_Megalocytivirus_pagrus1_ISKNV (identical to MW883594_Megalocytivirus_pagrus1_ISKNV) is ignored but added at the end
NOTE: NC_003494_Megalocytivirus_pagrus1_ISKNV (identical to MW883594_Megalocytivirus_pagrus1_ISKNV) is ignored but added at the end
NOTE: 23043610005_Megalocytivirus_pagrus1_ISKNV (identical to MW883594_Megalocytivirus_pagrus1_ISKNV) is ignored but added at the end
NOTE: MW883597_Megalocytivirus_pagrus1_ISKNV (identical to MW883594_Megalocytivirus_pagrus1_ISKNV) is ignored but added at the end
NOTE: OR670976_Megalocytivirus_pagrus1_ISKNV (identical to MW883594_Megalocytivirus_pagrus1_ISKNV) is ignored but added at the end
NOTE: MT926123_Megalocytivirus_pagrus1_ISKNV (identical to MW883594_Megalocytivirus_pagrus1_ISKNV) is ignored but added at the end
NOTE: MW883599_Megalocytivirus_pagrus1_ISKNV (identical to MW883594_Megalocytivirus_pagrus1_ISKNV) is ignored but added at the end
NOTE: OP896201_Megalocytivirus_pagrus1_ISKNV (identical to MW883594_Megalocytivirus_pagrus1_ISKNV) is ignored but added at the end
NOTE: AY894343_Megalocytivirus_pagrus1_RSIV (identical to MK689686_Megalocytivirus_pagrus1_RSIV) is ignored but added at the end
NOTE: ON743042_Megalocytivirus_pagrus1_RSIV (identical to MK689686_Megalocytivirus_pagrus1_RSIV) is ignored but added at the end
NOTE: KT804738_Megalocytivirus_pagrus1_RSIV (identical to MK689686_Megalocytivirus_pagrus1_RSIV) is ignored but added at the end
NOTE: ON740976_Megalocytivirus_pagrus1_RSIV (identical to MK689686_Megalocytivirus_pagrus1_RSIV) is ignored but added at the end
NOTE: OM037668_Megalocytivirus_lates1_SDDV (identical to MT521409_Megalocytivirus_lates1_SDDV) is ignored but added at the end
NOTE: KC244182_Megalocytivirus_pagrus1_RSIV (identical to OK042109_Megalocytivirus_pagrus1_RSIV) is ignored but added at the end
NOTE: MT798582_Megalocytivirus_pagrus1_RSIV (identical to OK042109_Megalocytivirus_pagrus1_RSIV) is ignored but added at the end
NOTE: ON075463_Megalocytivirus_pagrus1_RSIV (identical to OK042109_Megalocytivirus_pagrus1_RSIV) is ignored but added at the end
Alignment was printed to iqtree_family/OG0000046.fa.uniqueseq.phy

For your convenience alignment with unique sequences printed to iqtree_family/OG0000046.fa.uniqueseq.phy


Create initial parsimony tree by phylogenetic likelihood library (PLL)... 0.001 seconds
Perform fast likelihood tree search using LG+I+G model...
Estimate model parameters (epsilon = 5.000)
Perform nearest neighbor interchange...
Optimizing NNI: done in 0.11021 secs using 100% CPU
Estimate model parameters (epsilon = 1.000)
1. Initial log-likelihood: -5062.443
Optimal log-likelihood: -5062.203
Proportion of invariable sites: 0.058
Gamma shape alpha: 2.767
Parameters optimization took 1 rounds (0.035 sec)
Time for fast ML tree search: 0.360 seconds

NOTE: ModelFinder requires 17 MB RAM!
ModelFinder will test up to 1320 protein models (sample size: 523) ...
 No. Model         -LnL         df  AIC          AICc         BIC
  1  Blosum62      5071.841     43  10229.681    10237.581    10412.843
  2  Blosum62+I    5066.060     44  10220.120    10228.405    10407.542
  3  Blosum62+G4   5062.301     44  10212.602    10220.886    10400.023
  4  Blosum62+I+G4 5062.853     45  10215.705    10224.384    10407.386
  5  Blosum62+R2   5062.725     45  10215.450    10224.129    10407.131
  6  Blosum62+R3   5062.276     47  10218.552    10228.051    10418.753
 14  Blosum62+I+R2 5062.695     46  10217.390    10226.474    10413.331
 15  Blosum62+I+R3 5062.073     48  10220.147    10230.071    10424.606
 24  Blosum62+F+I  5004.001     63  10134.003    10151.572    10402.357
 25  Blosum62+F+G4 4999.874     63  10125.747    10143.316    10394.101
 26  Blosum62+F+I+G4 5000.458     64  10128.917    10147.083    10401.530
 27  Blosum62+F+R2 5000.352     64  10128.705    10146.871    10401.318
 46  cpREV+I       5120.046     44  10328.092    10336.377    10515.514
 47  cpREV+G4      5107.964     44  10303.929    10312.214    10491.351
 48  cpREV+I+G4    5108.446     45  10306.892    10315.572    10498.574
 49  cpREV+R2      5109.292     45  10308.585    10317.264    10500.266
 68  cpREV+F+I     5039.638     63  10205.277    10222.845    10473.630
 69  cpREV+F+G4    5024.747     63  10175.495    10193.063    10443.848
 70  cpREV+F+I+G4  5025.256     64  10178.512    10196.678    10451.125
 71  cpREV+F+R2    5025.983     64  10179.967    10198.133    10452.580
 90  Dayhoff+I     5097.268     44  10282.536    10290.820    10469.957
 91  Dayhoff+G4    5085.292     44  10258.583    10266.868    10446.005
 92  Dayhoff+I+G4  5085.889     45  10261.778    10270.457    10453.459
 93  Dayhoff+R2    5085.976     45  10261.952    10270.632    10453.634
112  Dayhoff+F+I   5023.576     63  10173.152    10190.721    10441.506
113  Dayhoff+F+G4  5011.386     63  10148.771    10166.340    10417.125
114  Dayhoff+F+I+G4 5011.960     64  10151.921    10170.087    10424.534
115  Dayhoff+F+R2  5012.023     64  10152.045    10170.211    10424.659
134  DCMut+I       5096.919     44  10281.838    10290.122    10469.260
135  DCMut+G4      5085.083     44  10258.166    10266.450    10445.587
136  DCMut+I+G4    5085.679     45  10261.357    10270.036    10453.038
137  DCMut+R2      5085.752     45  10261.504    10270.183    10453.185
156  DCMut+F+I     5023.227     63  10172.454    10190.023    10440.808
157  DCMut+F+G4    5011.178     63  10148.355    10165.924    10416.709
158  DCMut+F+I+G4  5011.749     64  10151.498    10169.664    10424.112
159  DCMut+F+R2    5011.802     64  10151.603    10169.769    10424.217
WARNING: Normalizing state frequencies so that sum of them equals to 1
178  FLAVI+I       5252.630     44  10593.261    10601.545    10780.682
WARNING: Normalizing state frequencies so that sum of them equals to 1
179  FLAVI+G4      5226.030     44  10540.061    10548.345    10727.482
WARNING: Normalizing state frequencies so that sum of them equals to 1
180  FLAVI+I+G4    5225.124     45  10540.247    10548.927    10731.929
WARNING: Normalizing state frequencies so that sum of them equals to 1
181  FLAVI+R2      5232.274     45  10554.549    10563.228    10746.230
WARNING: Normalizing state frequencies so that sum of them equals to 1
200  FLAVI+F+I     5165.854     63  10457.709    10475.277    10726.062
WARNING: Normalizing state frequencies so that sum of them equals to 1
201  FLAVI+F+G4    5140.947     63  10407.894    10425.462    10676.247
WARNING: Normalizing state frequencies so that sum of them equals to 1
202  FLAVI+F+I+G4  5139.632     64  10407.264    10425.430    10679.878
WARNING: Normalizing state frequencies so that sum of them equals to 1
203  FLAVI+F+R2    5147.479     64  10422.959    10441.125    10695.572
222  FLU+I         5195.807     44  10479.615    10487.899    10667.036
223  FLU+G4        5181.185     44  10450.370    10458.654    10637.791
224  FLU+I+G4      5180.872     45  10451.744    10460.424    10643.425
225  FLU+R2        5184.605     45  10459.210    10467.890    10650.892
244  FLU+F+I       5073.529     63  10273.059    10290.627    10541.412
245  FLU+F+G4      5060.036     63  10246.072    10263.641    10514.426
246  FLU+F+I+G4    5058.875     64  10245.750    10263.916    10518.364
247  FLU+F+R2      5063.162     64  10254.324    10272.490    10526.937
266  HIVb+I        5167.315     44  10422.631    10430.915    10610.052
267  HIVb+G4       5147.742     44  10383.485    10391.769    10570.906
268  HIVb+I+G4     5147.547     45  10385.094    10393.773    10576.775
269  HIVb+R2       5150.921     45  10391.842    10400.521    10583.523
288  HIVb+F+I      5092.291     63  10310.581    10328.150    10578.935
289  HIVb+F+G4     5069.855     63  10265.710    10283.279    10534.064
290  HIVb+F+I+G4   5069.701     64  10267.402    10285.568    10540.015
291  HIVb+F+R2     5073.507     64  10275.013    10293.179    10547.626
310  HIVw+I        5350.729     44  10789.459    10797.743    10976.881
311  HIVw+G4       5326.294     44  10740.588    10748.873    10928.010
312  HIVw+I+G4     5325.964     45  10741.928    10750.607    10933.609
313  HIVw+R2       5330.125     45  10750.250    10758.930    10941.932
332  HIVw+F+I      5138.351     63  10402.703    10420.272    10671.057
333  HIVw+F+G4     5119.136     63  10364.272    10381.841    10632.626
334  HIVw+F+I+G4   5118.414     64  10364.828    10382.994    10637.441
335  HIVw+F+R2     5122.861     64  10373.722    10391.888    10646.336
354  JTT+I         5048.158     44  10184.315    10192.600    10371.737
355  JTT+G4        5040.385     44  10168.771    10177.055    10356.192
356  JTT+I+G4      5040.943     45  10171.886    10180.566    10363.567
357  JTT+R2        5041.120     45  10172.240    10180.919    10363.921
376  JTT+F+I       5001.667     63  10129.333    10146.902    10397.687
377  JTT+F+G4      4993.808     63  10113.615    10131.184    10381.969
378  JTT+F+I+G4    4994.181     64  10116.363    10134.529    10388.976
379  JTT+F+R2      4994.482     64  10116.963    10135.129    10389.576
398  JTTDCMut+I    5050.720     44  10189.440    10197.725    10376.862
399  JTTDCMut+G4   5043.033     44  10174.066    10182.350    10361.487
400  JTTDCMut+I+G4 5043.602     45  10177.204    10185.883    10368.885
401  JTTDCMut+R2   5043.784     45  10177.568    10186.247    10369.249
420  JTTDCMut+F+I  5002.958     63  10131.916    10149.485    10400.270
421  JTTDCMut+F+G4 4994.963     63  10115.925    10133.494    10384.279
422  JTTDCMut+F+I+G4 4995.347     64  10118.694    10136.860    10391.307
423  JTTDCMut+F+R2 4995.637     64  10119.273    10137.439    10391.886
442  LG+I          5071.489     44  10230.979    10239.263    10418.400
443  LG+G4         5061.117     44  10210.234    10218.519    10397.656
444  LG+I+G4       5061.693     45  10213.385    10222.064    10405.066
445  LG+R2         5062.474     45  10214.948    10223.628    10406.630
464  LG+F+I        5011.659     63  10149.317    10166.886    10417.671
465  LG+F+G4       5001.040     63  10128.079    10145.648    10396.433
466  LG+F+I+G4     5001.605     64  10131.210    10149.376    10403.824
467  LG+F+R2       5002.297     64  10132.593    10150.759    10405.206
486  mtART+I       5627.607     44  11343.215    11351.499    11530.636
487  mtART+G4      5530.012     44  11148.024    11156.308    11335.446
488  mtART+I+G4    5530.580     45  11151.160    11159.839    11342.841
489  mtART+R2      5552.335     45  11194.669    11203.348    11386.350
508  mtART+F+I     5283.507     63  10693.015    10710.583    10961.368
509  mtART+F+G4    5194.235     63  10514.471    10532.039    10782.824
510  mtART+F+I+G4  5194.953     64  10517.907    10536.073    10790.520
511  mtART+F+R2    5214.535     64  10557.071    10575.237    10829.684
530  mtMAM+I       5518.510     44  11125.021    11133.305    11312.442
531  mtMAM+G4      5448.403     44  10984.807    10993.091    11172.228
532  mtMAM+I+G4    5447.952     45  10985.904    10994.584    11177.586
533  mtMAM+R2      5462.629     45  11015.259    11023.938    11206.940
552  mtMAM+F+I     5231.980     63  10589.961    10607.529    10858.314
553  mtMAM+F+G4    5175.082     63  10476.165    10493.733    10744.518
554  mtMAM+F+I+G4  5175.072     64  10478.144    10496.309    10750.757
555  mtMAM+F+R2    5189.666     64  10507.331    10525.497    10779.944
574  mtREV+I       5389.139     44  10866.279    10874.563    11053.700
575  mtREV+G4      5352.325     44  10792.651    10800.935    10980.072
576  mtREV+I+G4    5352.897     45  10795.794    10804.473    10987.475
577  mtREV+R2      5353.687     45  10797.374    10806.054    10989.056
596  mtREV+F+I     5118.161     63  10362.322    10379.891    10630.676
597  mtREV+F+G4    5085.901     63  10297.802    10315.370    10566.155
598  mtREV+F+I+G4  5086.477     64  10300.954    10319.120    10573.567
599  mtREV+F+R2    5088.733     64  10305.467    10323.633    10578.080
618  mtZOA+I       5418.839     44  10925.678    10933.963    11113.100
619  mtZOA+G4      5364.723     44  10817.446    10825.731    11004.868
620  mtZOA+I+G4    5365.216     45  10820.432    10829.112    11012.114
621  mtZOA+R2      5369.718     45  10829.436    10838.115    11021.117
640  mtZOA+F+I     5155.889     63  10437.779    10455.347    10706.132
641  mtZOA+F+G4    5109.310     63  10344.621    10362.189    10612.974
642  mtZOA+F+I+G4  5109.989     64  10347.977    10366.143    10620.590
643  mtZOA+F+R2    5113.653     64  10355.306    10373.472    10627.919
662  mtMet+I       5479.141     44  11046.283    11054.567    11233.705
663  mtMet+G4      5444.323     44  10976.646    10984.930    11164.067
664  mtMet+I+G4    5444.609     45  10979.218    10987.898    11170.900
665  mtMet+R2      5445.689     45  10981.378    10990.057    11173.059
684  mtMet+F+I     5123.006     63  10372.011    10389.580    10640.365
685  mtMet+F+G4    5093.388     63  10312.775    10330.344    10581.129
686  mtMet+F+I+G4  5093.798     64  10315.596    10333.762    10588.209
687  mtMet+F+R2    5097.139     64  10322.278    10340.444    10594.891
706  mtVer+I       5456.217     44  11000.434    11008.719    11187.856
707  mtVer+G4      5418.664     44  10925.329    10933.613    11112.750
708  mtVer+I+G4    5418.173     45  10926.345    10935.024    11118.026
709  mtVer+R2      5424.485     45  10938.971    10947.650    11130.652
728  mtVer+F+I     5172.178     63  10470.355    10487.924    10738.709
729  mtVer+F+G4    5138.188     63  10402.377    10419.945    10670.730
730  mtVer+F+I+G4  5138.282     64  10404.565    10422.731    10677.178
731  mtVer+F+R2    5144.453     64  10416.905    10435.071    10689.518
750  mtInv+I       5550.943     44  11189.886    11198.171    11377.308
751  mtInv+G4      5523.263     44  11134.526    11142.811    11321.948
752  mtInv+I+G4    5523.799     45  11137.598    11146.277    11329.279
753  mtInv+R2      5523.822     45  11137.643    11146.323    11329.324
772  mtInv+F+I     5081.373     63  10288.745    10306.314    10557.099
773  mtInv+F+G4    5056.952     63  10239.903    10257.472    10508.257
774  mtInv+F+I+G4  5057.609     64  10243.218    10261.384    10515.832
775  mtInv+F+R2    5058.643     64  10245.287    10263.453    10517.900
794  PMB+I         5055.241     44  10198.482    10206.766    10385.903
795  PMB+G4        5051.534     44  10191.067    10199.352    10378.489
796  PMB+I+G4      5052.112     45  10194.224    10202.904    10385.906
797  PMB+R2        5051.950     45  10193.901    10202.580    10385.582
816  PMB+F+I       5004.103     63  10134.205    10151.774    10402.559
817  PMB+F+G4      4999.981     63  10125.961    10143.530    10394.315
818  PMB+F+I+G4    5000.602     64  10129.203    10147.369    10401.817
819  PMB+F+R2      5000.437     64  10128.875    10147.041    10401.488
WARNING: Normalizing state frequencies so that sum of them equals to 1
838  Q.bird+I      5121.334     44  10330.667    10338.952    10518.089
WARNING: Normalizing state frequencies so that sum of them equals to 1
839  Q.bird+G4     5105.089     44  10298.179    10306.463    10485.601
WARNING: Normalizing state frequencies so that sum of them equals to 1
840  Q.bird+I+G4   5104.991     45  10299.982    10308.661    10491.663
WARNING: Normalizing state frequencies so that sum of them equals to 1
841  Q.bird+R2     5107.932     45  10305.864    10314.543    10497.545
WARNING: Normalizing state frequencies so that sum of them equals to 1
860  Q.bird+F+I    5078.920     63  10283.840    10301.408    10552.193
WARNING: Normalizing state frequencies so that sum of them equals to 1
861  Q.bird+F+G4   5062.741     63  10251.482    10269.051    10519.836
WARNING: Normalizing state frequencies so that sum of them equals to 1
862  Q.bird+F+I+G4 5062.017     64  10252.035    10270.201    10524.648
WARNING: Normalizing state frequencies so that sum of them equals to 1
863  Q.bird+F+R2   5066.056     64  10260.112    10278.278    10532.725
882  Q.insect+I    5105.584     44  10299.168    10307.453    10486.590
883  Q.insect+G4   5093.958     44  10275.916    10284.201    10463.338
884  Q.insect+I+G4 5094.510     45  10279.020    10287.699    10470.701
885  Q.insect+R2   5095.165     45  10280.330    10289.009    10472.011
904  Q.insect+F+I  5013.173     63  10152.346    10169.914    10420.699
905  Q.insect+F+G4 5000.906     63  10127.813    10145.382    10396.167
906  Q.insect+F+I+G4 5001.592     64  10131.184    10149.350    10403.797
907  Q.insect+F+R2 5001.824     64  10131.647    10149.813    10404.260
WARNING: Normalizing state frequencies so that sum of them equals to 1
926  Q.mammal+I    5099.834     44  10287.669    10295.953    10475.090
WARNING: Normalizing state frequencies so that sum of them equals to 1
927  Q.mammal+G4   5085.880     44  10259.760    10268.045    10447.182
WARNING: Normalizing state frequencies so that sum of them equals to 1
928  Q.mammal+I+G4 5086.131     45  10262.261    10270.940    10453.942
WARNING: Normalizing state frequencies so that sum of them equals to 1
929  Q.mammal+R2   5087.680     45  10265.360    10274.039    10457.041
WARNING: Normalizing state frequencies so that sum of them equals to 1
948  Q.mammal+F+I  5054.969     63  10235.939    10253.508    10504.293
WARNING: Normalizing state frequencies so that sum of them equals to 1
949  Q.mammal+F+G4 5041.480     63  10208.960    10226.529    10477.314
WARNING: Normalizing state frequencies so that sum of them equals to 1
950  Q.mammal+F+I+G4 5041.221     64  10210.442    10228.608    10483.055
WARNING: Normalizing state frequencies so that sum of them equals to 1
951  Q.mammal+F+R2 5043.413     64  10214.826    10232.992    10487.439
WARNING: Normalizing state frequencies so that sum of them equals to 1
970  Q.pfam+I      5057.541     44  10203.083    10211.367    10390.504
WARNING: Normalizing state frequencies so that sum of them equals to 1
971  Q.pfam+G4     5049.600     44  10187.200    10195.485    10374.622
WARNING: Normalizing state frequencies so that sum of them equals to 1
972  Q.pfam+I+G4   5049.940     45  10189.881    10198.560    10381.562
WARNING: Normalizing state frequencies so that sum of them equals to 1
973  Q.pfam+R2     5050.838     45  10191.676    10200.356    10383.358
WARNING: Normalizing state frequencies so that sum of them equals to 1
992  Q.pfam+F+I    5007.629     63  10141.259    10158.827    10409.612
WARNING: Normalizing state frequencies so that sum of them equals to 1
993  Q.pfam+F+G4   4999.330     63  10124.660    10142.229    10393.014
WARNING: Normalizing state frequencies so that sum of them equals to 1
994  Q.pfam+F+I+G4 4999.636     64  10127.273    10145.438    10399.886
WARNING: Normalizing state frequencies so that sum of them equals to 1
995  Q.pfam+F+R2   5000.470     64  10128.941    10147.107    10401.554
WARNING: Normalizing state frequencies so that sum of them equals to 1
1014  Q.plant+I     5118.170     44  10324.341    10332.625    10511.762
WARNING: Normalizing state frequencies so that sum of them equals to 1
1015  Q.plant+G4    5104.550     44  10297.101    10305.385    10484.523
WARNING: Normalizing state frequencies so that sum of them equals to 1
1016  Q.plant+I+G4  5104.278     45  10298.556    10307.235    10490.237
WARNING: Normalizing state frequencies so that sum of them equals to 1
1017  Q.plant+R2    5107.130     45  10304.260    10312.940    10495.941
WARNING: Normalizing state frequencies so that sum of them equals to 1
1036  Q.plant+F+I   5046.450     63  10218.899    10236.468    10487.253
WARNING: Normalizing state frequencies so that sum of them equals to 1
1037  Q.plant+F+G4  5032.368     63  10190.736    10208.305    10459.090
WARNING: Normalizing state frequencies so that sum of them equals to 1
1038  Q.plant+F+I+G4 5032.060     64  10192.121    10210.286    10464.734
WARNING: Normalizing state frequencies so that sum of them equals to 1
1039  Q.plant+F+R2  5034.390     64  10196.781    10214.947    10469.394
WARNING: Normalizing state frequencies so that sum of them equals to 1
1058  Q.yeast+I     5148.145     44  10384.289    10392.574    10571.711
WARNING: Normalizing state frequencies so that sum of them equals to 1
1059  Q.yeast+G4    5136.355     44  10360.710    10368.994    10548.131
WARNING: Normalizing state frequencies so that sum of them equals to 1
1060  Q.yeast+I+G4  5136.874     45  10363.748    10372.427    10555.429
WARNING: Normalizing state frequencies so that sum of them equals to 1
1061  Q.yeast+R2    5137.973     45  10365.945    10374.624    10557.626
WARNING: Normalizing state frequencies so that sum of them equals to 1
1080  Q.yeast+F+I   5015.748     63  10157.496    10175.065    10425.850
WARNING: Normalizing state frequencies so that sum of them equals to 1
1081  Q.yeast+F+G4  5004.928     63  10135.856    10153.425    10404.210
WARNING: Normalizing state frequencies so that sum of them equals to 1
1082  Q.yeast+F+I+G4 5005.274     64  10138.547    10156.713    10411.161
WARNING: Normalizing state frequencies so that sum of them equals to 1
1083  Q.yeast+F+R2  5006.219     64  10140.438    10158.603    10413.051
1102  rtREV+I       5133.674     44  10355.347    10363.632    10542.769
1103  rtREV+G4      5124.991     44  10337.981    10346.266    10525.403
1104  rtREV+I+G4    5125.358     45  10340.717    10349.396    10532.398
1105  rtREV+R2      5125.970     45  10341.940    10350.619    10533.621
1124  rtREV+F+I     5040.648     63  10207.296    10224.865    10475.650
1125  rtREV+F+G4    5030.028     63  10186.057    10203.625    10454.410
1126  rtREV+F+I+G4  5030.342     64  10188.684    10206.850    10461.297
1127  rtREV+F+R2    5031.278     64  10190.557    10208.723    10463.170
1146  VT+I          5039.490     44  10166.980    10175.264    10354.401
1147  VT+G4         5035.780     44  10159.561    10167.845    10346.982
1148  VT+I+G4       5036.340     45  10162.681    10171.360    10354.362
1149  VT+R2         5036.208     45  10162.415    10171.095    10354.096
1168  VT+F+I        4983.638     63  10093.277    10110.846    10361.631
1169  VT+F+G4       4979.672     63  10085.344    10102.913    10353.698
1170  VT+F+I+G4     4980.221     64  10088.441    10106.607    10361.054
1171  VT+F+R2       4980.127     64  10088.254    10106.420    10360.867
1190  WAG+I         5049.039     44  10186.078    10194.363    10373.500
1191  WAG+G4        5044.093     44  10176.186    10184.471    10363.608
1192  WAG+I+G4      5044.527     45  10179.054    10187.733    10370.735
1193  WAG+R2        5044.648     45  10179.295    10187.975    10370.977
1212  WAG+F+I       4993.078     63  10112.157    10129.726    10380.511
1213  WAG+F+G4      4987.750     63  10101.499    10119.068    10369.853
1214  WAG+F+I+G4    4988.127     64  10104.254    10122.420    10376.867
1215  WAG+F+R2      4988.326     64  10104.653    10122.819    10377.266
Reading model parameters from file Q.iridoviridae
1234  Q.iridoviridae+I 5077.751     44  10243.502    10251.786    10430.923
Reading model parameters from file Q.iridoviridae
1235  Q.iridoviridae+G4 5070.111     44  10228.221    10236.506    10415.643
Reading model parameters from file Q.iridoviridae
1236  Q.iridoviridae+I+G4 5070.727     45  10231.455    10240.134    10423.136
Reading model parameters from file Q.iridoviridae
1237  Q.iridoviridae+R2 5071.163     45  10232.325    10241.004    10424.006
Reading model parameters from file Q.iridoviridae
1256  Q.iridoviridae+F+I 4993.791     63  10113.583    10131.152    10381.937
Reading model parameters from file Q.iridoviridae
1257  Q.iridoviridae+F+G4 4985.048     63  10096.096    10113.664    10364.449
Reading model parameters from file Q.iridoviridae
1258  Q.iridoviridae+F+I+G4 4985.581     64  10099.163    10117.329    10371.776
Reading model parameters from file Q.iridoviridae
1259  Q.iridoviridae+F+R2 4986.115     64  10100.230    10118.396    10372.843
Reading model parameters from file Q.mcv
WARNING: Normalizing state frequencies so that sum of them equals to 1
1278  Q.mcv+I       4991.334     44  10070.668    10078.952    10258.089
Reading model parameters from file Q.mcv
WARNING: Normalizing state frequencies so that sum of them equals to 1
1279  Q.mcv+G4      4983.179     44  10054.358    10062.643    10241.780
Reading model parameters from file Q.mcv
WARNING: Normalizing state frequencies so that sum of them equals to 1
1280  Q.mcv+I+G4    4983.587     45  10057.174    10065.853    10248.855
Reading model parameters from file Q.mcv
WARNING: Normalizing state frequencies so that sum of them equals to 1
1281  Q.mcv+R2      4984.445     45  10058.890    10067.569    10250.571
Reading model parameters from file Q.mcv
WARNING: Normalizing state frequencies so that sum of them equals to 1
1300  Q.mcv+F+I     4986.493     63  10098.985    10116.554    10367.339
Reading model parameters from file Q.mcv
WARNING: Normalizing state frequencies so that sum of them equals to 1
1301  Q.mcv+F+G4    4978.149     63  10082.299    10099.867    10350.652
Reading model parameters from file Q.mcv
WARNING: Normalizing state frequencies so that sum of them equals to 1
1302  Q.mcv+F+I+G4  4978.353     64  10084.706    10102.872    10357.320
Reading model parameters from file Q.mcv
WARNING: Normalizing state frequencies so that sum of them equals to 1
1303  Q.mcv+F+R2    4979.315     64  10086.630    10104.796    10359.244
Akaike Information Criterion:           Q.mcv+G4
Corrected Akaike Information Criterion: Q.mcv+G4
Bayesian Information Criterion:         Q.mcv+G4
Best-fit model: Q.mcv+G4 chosen according to BIC

All model information printed to iqtree_family/OG0000046.fa.model.gz
CPU time for ModelFinder: 35.279 seconds (0h:0m:35s)
Wall-clock time for ModelFinder: 35.330 seconds (0h:0m:35s)
Generating 1000 samples for ultrafast bootstrap (seed: 909809)...
Reading model parameters from file Q.mcv
WARNING: Normalizing state frequencies so that sum of them equals to 1

NOTE: 8 MB RAM (0 GB) is required!
Estimate model parameters (epsilon = 0.100)
1. Initial log-likelihood: -4983.179
Optimal log-likelihood: -4983.160
Gamma shape alpha: 1.979
Parameters optimization took 1 rounds (0.034 sec)
Wrote distance file to... 
Computing ML distances based on estimated model parameters...
Calculating distance matrix: done in 0.020802 secs using 99.99% CPU
Computing ML distances took 0.020854 sec (of wall-clock time) 0.020852 sec (of CPU time)
Setting up auxiliary I and S matrices: done in 4.81606e-05 secs using 99.67% CPU
Constructing RapidNJ tree: done in 7.60555e-05 secs
Computing RapidNJ tree took 0.000170 sec (of wall-clock time) 0.000053 sec (of CPU time)
Log-likelihood of RapidNJ tree: -5004.394
--------------------------------------------------------------------
|             INITIALIZING CANDIDATE TREE SET                      |
--------------------------------------------------------------------
Generating 98 parsimony trees... 0.131 second
Computing log-likelihood of 98 initial trees ... 0.999 seconds
Current best score: -4983.160

Do NNI search on 20 best initial trees
Optimizing NNI: done in 0.087455 secs using 99.99% CPU
Estimate model parameters (epsilon = 0.100)
BETTER TREE FOUND at iteration 1: -4983.156
Optimizing NNI: done in 0.215373 secs using 100% CPU
UPDATE BEST LOG-LIKELIHOOD: -4983.156
Optimizing NNI: done in 0.223167 secs using 100% CPU
Optimizing NNI: done in 0.226729 secs using 98.23% CPU
Optimizing NNI: done in 0.224212 secs using 100% CPU
Optimizing NNI: done in 0.21569 secs using 100% CPU
Optimizing NNI: done in 0.202931 secs using 100% CPU
Optimizing NNI: done in 0.202893 secs using 100% CPU
Optimizing NNI: done in 0.210597 secs using 100% CPU
UPDATE BEST LOG-LIKELIHOOD: -4983.156
Optimizing NNI: done in 0.210749 secs using 100% CPU
UPDATE BEST LOG-LIKELIHOOD: -4983.156
Iteration 10 / LogL: -4983.156 / Time: 0h:0m:3s
Optimizing NNI: done in 0.210024 secs using 100% CPU
Optimizing NNI: done in 0.211903 secs using 100% CPU
UPDATE BEST LOG-LIKELIHOOD: -4983.156
Optimizing NNI: done in 0.21065 secs using 100% CPU
UPDATE BEST LOG-LIKELIHOOD: -4983.156
Optimizing NNI: done in 0.210488 secs using 100% CPU
Optimizing NNI: done in 0.210823 secs using 100% CPU
Optimizing NNI: done in 0.211494 secs using 100% CPU
Optimizing NNI: done in 0.202938 secs using 100% CPU
Optimizing NNI: done in 0.202334 secs using 100% CPU
Optimizing NNI: done in 0.202452 secs using 100% CPU
Optimizing NNI: done in 0.204385 secs using 100% CPU
Iteration 20 / LogL: -4983.156 / Time: 0h:0m:5s
Finish initializing candidate tree set (1)
Current best tree score: -4983.156 / CPU time: 5.316
Number of iterations: 20
--------------------------------------------------------------------
|               OPTIMIZING CANDIDATE TREE SET                      |
--------------------------------------------------------------------
Optimizing NNI: done in 0.322392 secs using 99.99% CPU
Optimizing NNI: done in 0.242606 secs using 100% CPU
Optimizing NNI: done in 0.267411 secs using 99.99% CPU
Optimizing NNI: done in 0.262994 secs using 100% CPU
Estimate model parameters (epsilon = 0.100)
BETTER TREE FOUND at iteration 24: -4981.989
Optimizing NNI: done in 0.27674 secs using 100% CPU
Optimizing NNI: done in 0.405579 secs using 100% CPU
Optimizing NNI: done in 0.358823 secs using 100% CPU
Optimizing NNI: done in 0.32039 secs using 100% CPU
Optimizing NNI: done in 0.320691 secs using 100% CPU
Optimizing NNI: done in 0.293547 secs using 100% CPU
Iteration 30 / LogL: -4981.991 / Time: 0h:0m:8s (0h:0m:28s left)
Optimizing NNI: done in 0.20433 secs using 100% CPU
Optimizing NNI: done in 0.227139 secs using 100% CPU
Optimizing NNI: done in 0.318588 secs using 100% CPU
Optimizing NNI: done in 0.291894 secs using 99.99% CPU
Optimizing NNI: done in 0.298999 secs using 100% CPU
Optimizing NNI: done in 0.286144 secs using 100% CPU
Optimizing NNI: done in 0.298039 secs using 100% CPU
Optimizing NNI: done in 0.26643 secs using 100% CPU
Optimizing NNI: done in 0.275132 secs using 99.99% CPU
Optimizing NNI: done in 0.217479 secs using 100% CPU
Iteration 40 / LogL: -4998.751 / Time: 0h:0m:11s (0h:0m:24s left)
Optimizing NNI: done in 0.228249 secs using 100% CPU
Optimizing NNI: done in 0.236998 secs using 100% CPU
Optimizing NNI: done in 0.28181 secs using 100% CPU
Optimizing NNI: done in 0.324529 secs using 100% CPU
Optimizing NNI: done in 0.168153 secs using 100% CPU
Optimizing NNI: done in 0.272915 secs using 100% CPU
Optimizing NNI: done in 0.306962 secs using 100% CPU
Optimizing NNI: done in 0.442777 secs using 100% CPU
Optimizing NNI: done in 0.3468 secs using 100% CPU
Optimizing NNI: done in 0.26562 secs using 100% CPU
Iteration 50 / LogL: -4995.340 / Time: 0h:0m:14s (0h:0m:21s left)
Log-likelihood cutoff on original alignment: -5012.938
Optimizing NNI: done in 0.214786 secs using 99.99% CPU
Optimizing NNI: done in 0.35488 secs using 100% CPU
Optimizing NNI: done in 0.302931 secs using 100% CPU
Optimizing NNI: done in 0.357213 secs using 100% CPU
Optimizing NNI: done in 0.302133 secs using 100% CPU
Optimizing NNI: done in 0.301964 secs using 100% CPU
Optimizing NNI: done in 0.332964 secs using 99.99% CPU
Optimizing NNI: done in 0.26649 secs using 100% CPU
Optimizing NNI: done in 0.278102 secs using 100% CPU
Optimizing NNI: done in 0.241882 secs using 99.99% CPU
Iteration 60 / LogL: -4995.838 / Time: 0h:0m:17s (0h:0m:18s left)
Optimizing NNI: done in 0.278688 secs using 100% CPU
Optimizing NNI: done in 0.296968 secs using 100% CPU
Optimizing NNI: done in 0.234847 secs using 99.99% CPU
Optimizing NNI: done in 0.278664 secs using 100% CPU
Optimizing NNI: done in 0.155608 secs using 100% CPU
Optimizing NNI: done in 0.320708 secs using 100% CPU
Optimizing NNI: done in 0.252178 secs using 100% CPU
Optimizing NNI: done in 0.330413 secs using 100% CPU
Optimizing NNI: done in 0.264167 secs using 100% CPU
Optimizing NNI: done in 0.296035 secs using 100% CPU
Iteration 70 / LogL: -4983.295 / Time: 0h:0m:20s (0h:0m:15s left)
Optimizing NNI: done in 0.327777 secs using 100% CPU
Optimizing NNI: done in 0.250646 secs using 100% CPU
Optimizing NNI: done in 0.333201 secs using 100% CPU
Optimizing NNI: done in 0.213269 secs using 100% CPU
Optimizing NNI: done in 0.330283 secs using 99.99% CPU
Optimizing NNI: done in 0.192525 secs using 100% CPU
Optimizing NNI: done in 0.375729 secs using 100% CPU
Optimizing NNI: done in 0.156112 secs using 100% CPU
Optimizing NNI: done in 0.336574 secs using 99.99% CPU
Optimizing NNI: done in 0.304533 secs using 100% CPU
Iteration 80 / LogL: -4983.294 / Time: 0h:0m:23s (0h:0m:12s left)
Optimizing NNI: done in 0.226102 secs using 99.99% CPU
Optimizing NNI: done in 0.17177 secs using 100% CPU
Optimizing NNI: done in 0.20799 secs using 100% CPU
Optimizing NNI: done in 0.272588 secs using 100% CPU
Optimizing NNI: done in 0.205863 secs using 100% CPU
Optimizing NNI: done in 0.241839 secs using 100% CPU
Optimizing NNI: done in 0.238434 secs using 100% CPU
Optimizing NNI: done in 0.459432 secs using 100% CPU
Optimizing NNI: done in 0.194517 secs using 100% CPU
Optimizing NNI: done in 0.247404 secs using 100% CPU
Iteration 90 / LogL: -4981.997 / Time: 0h:0m:25s (0h:0m:9s left)
Optimizing NNI: done in 0.206954 secs using 100% CPU
Optimizing NNI: done in 0.273926 secs using 100% CPU
Optimizing NNI: done in 0.252556 secs using 100% CPU
Optimizing NNI: done in 0.297898 secs using 99.99% CPU
Optimizing NNI: done in 0.279189 secs using 100% CPU
Optimizing NNI: done in 0.250583 secs using 100% CPU
Optimizing NNI: done in 0.299478 secs using 100% CPU
Optimizing NNI: done in 0.303529 secs using 100% CPU
Optimizing NNI: done in 0.336201 secs using 100% CPU
Optimizing NNI: done in 0.238009 secs using 99.99% CPU
Iteration 100 / LogL: -4983.536 / Time: 0h:0m:28s (0h:0m:6s left)
Log-likelihood cutoff on original alignment: -5013.448
NOTE: Bootstrap correlation coefficient of split occurrence frequencies: 0.996
Optimizing NNI: done in 0.184697 secs using 100% CPU
Optimizing NNI: done in 0.212344 secs using 100% CPU
Optimizing NNI: done in 0.21491 secs using 100% CPU
Optimizing NNI: done in 0.299224 secs using 99.99% CPU
Optimizing NNI: done in 0.337953 secs using 100% CPU
Optimizing NNI: done in 0.283456 secs using 100% CPU
Optimizing NNI: done in 0.298355 secs using 100% CPU
Optimizing NNI: done in 0.223936 secs using 100% CPU
Optimizing NNI: done in 0.237312 secs using 100% CPU
Optimizing NNI: done in 0.267522 secs using 100% CPU
Iteration 110 / LogL: -4982.005 / Time: 0h:0m:30s (0h:0m:25s left)
Optimizing NNI: done in 0.177898 secs using 100% CPU
Optimizing NNI: done in 0.171899 secs using 100% CPU
Optimizing NNI: done in 0.294608 secs using 99.99% CPU
Optimizing NNI: done in 0.288742 secs using 100% CPU
Optimizing NNI: done in 0.369933 secs using 100% CPU
Optimizing NNI: done in 0.234055 secs using 100% CPU
Optimizing NNI: done in 0.177852 secs using 100% CPU
Optimizing NNI: done in 0.350071 secs using 100% CPU
Optimizing NNI: done in 0.20634 secs using 99.99% CPU
Optimizing NNI: done in 0.348631 secs using 100% CPU
Iteration 120 / LogL: -4981.993 / Time: 0h:0m:33s (0h:0m:22s left)
Optimizing NNI: done in 0.37509 secs using 100% CPU
Optimizing NNI: done in 0.336197 secs using 100% CPU
Optimizing NNI: done in 0.278136 secs using 100% CPU
Optimizing NNI: done in 0.198414 secs using 100% CPU
Optimizing NNI: done in 0.212989 secs using 100% CPU
TREE SEARCH COMPLETED AFTER 125 ITERATIONS / Time: 0h:0m:35s

--------------------------------------------------------------------
|                    FINALIZING TREE SEARCH                        |
--------------------------------------------------------------------
Performs final model parameters optimization
Estimate model parameters (epsilon = 0.010)
1. Initial log-likelihood: -4981.989
Optimal log-likelihood: -4981.987
Gamma shape alpha: 2.191
Parameters optimization took 1 rounds (0.034 sec)
BEST SCORE FOUND : -4981.987
Creating bootstrap support values...
Split supports printed to NEXUS file iqtree_family/OG0000046.fa.splits.nex
Total tree length: 3.259

Total number of iterations: 125
CPU time used for tree search: 34.978 sec (0h:0m:34s)
Wall-clock time used for tree search: 34.896 sec (0h:0m:34s)
Total CPU time used: 35.268 sec (0h:0m:35s)
Total wall-clock time used: 35.121 sec (0h:0m:35s)

Computing bootstrap consensus tree...
Reading input file iqtree_family/OG0000046.fa.splits.nex...
23 taxa and 133 splits.
Consensus tree written to iqtree_family/OG0000046.fa.contree
Reading input trees file iqtree_family/OG0000046.fa.contree
Log-likelihood of consensus tree: -4982.008

Analysis results written to: 
  IQ-TREE report:                iqtree_family/OG0000046.fa.iqtree
  Maximum-likelihood tree:       iqtree_family/OG0000046.fa.treefile
  Likelihood distances:          iqtree_family/OG0000046.fa.mldist

Ultrafast bootstrap approximation results written to:
  Split support values:          iqtree_family/OG0000046.fa.splits.nex
  Consensus tree:                iqtree_family/OG0000046.fa.contree
  Screen log file:               iqtree_family/OG0000046.fa.log

Date and Time: Wed Apr  2 13:04:17 2025
