IQ-TREE multicore version 2.2.0.5 COVID-edition for Linux 64-bit built Sep 26 2022
Developed by Bui Quang Minh, James Barbetti, Nguyen Lam Tung,
Olga Chernomor, Heiko Schmidt, Dominik Schrempf, Michael Woodhams, Ly Trong Nhan.

Host:    petrichor-dm (AVX2, FMA3, 503 GB RAM)
Command: iqtree2 -s alignments_family_muscle5_edited_trimmed/OG0000003.fa -B 1000 -mset Blosum62,cpREV,Dayhoff,DCMut,FLAVI,FLU,HIVb,HIVw,JTT,JTTDCMut,LG,mtART,mtMAM,mtREV,mtZOA,mtMet,mtVer,mtInv,PMB,Q.bird,Q.insect,Q.mammal,Q.pfam,Q.plant,Q.yeast,rtREV,VT,WAG,Q.iridoviridae,Q.mcv -T 1 -pre iqtree_family/OG0000003.fa
Seed:    665873 (Using SPRNG - Scalable Parallel Random Number Generator)
Time:    Wed Apr  2 12:12:00 2025
Kernel:  AVX+FMA - 1 threads (32 CPU cores detected)

HINT: Use -nt option to specify number of threads because your CPU has 32 cores!
HINT: -nt AUTO will automatically determine the best number of threads to use.

Reading alignment file alignments_family_muscle5_edited_trimmed/OG0000003.fa ... Fasta format detected
Reading fasta file: done in 0.00075388 secs
Alignment most likely contains protein sequences
Constructing alignment: done in 0.000330925 secs
Alignment has 71 sequences with 298 columns, 286 distinct patterns
257 parsimony-informative, 21 singleton sites, 20 constant sites
                                                          Gap/Ambiguity  Composition  p-value
Analyzing sequences: done in 3.19481e-05 secs
   1  OQ513807_Megalocytivirus_pagrus1_ISKNV                      0.00%    passed    100.00%
   2  OL774655_Megalocytivirus_pagrus1_RSIV                       0.00%    passed    100.00%
   3  MT128666_Megalocytivirus_pagrus1_ISKNV                      0.00%    passed    100.00%
   4  MN803438_Lymphocystivirus_micropogonias1_n/a                3.69%    failed      0.01%
   5  MW883598_Megalocytivirus_pagrus1_RSIV                       0.00%    passed    100.00%
   6  MN562489_Megalocytivirus_lates1_SDDV                        0.00%    failed      2.43%
   7  KF938901_Chloriridovirus_anopheles1_n/a                     2.01%    failed      0.00%
   8  PP974677_Megalocytivirus_pagrus1_ISKNV                      0.00%    passed    100.00%
   9  MF599468_Decapodiridovirus_litopenaeus1_n/a                 2.01%    failed      0.00%
  10  MT926123_Megalocytivirus_pagrus1_ISKNV                      0.00%    passed    100.00%
  11  AY894343_Megalocytivirus_pagrus1_RSIV                       0.00%    passed    100.00%
  12  OR536350_Megalocytivirus_pagrus1_ISKNV                      0.00%    passed    100.00%
  13  OM037668_Megalocytivirus_lates1_SDDV                        0.00%    failed      2.43%
  14  MW883606_Megalocytivirus_pagrus1_ISKNV                      0.00%    passed    100.00%
  15  MW883595_Megalocytivirus_pagrus1_ISKNV                      0.00%    passed    100.00%
  16  KX643370_Lymphocystivirus_sparus1_n/a                       3.69%    failed      0.07%
  17  HF920633_Chloriridovirus_simulium1_n/a                      1.34%    failed      0.00%
  18  MT798582_Megalocytivirus_pagrus1_RSIV                       0.00%    passed    100.00%
  19  MT986830_Megalocytivirus_pagrus1_ISKNV                      0.00%    passed    100.00%
  20  MK098185_Megalocytivirus_pagrus1_RSIV                       0.00%    passed    100.00%
  21  AP017456_Megalocytivirus_pagrus1_RSIV                       0.00%    passed    100.00%
  22  MW883599_Megalocytivirus_pagrus1_ISKNV                      0.00%    passed    100.00%
  23  OQ475017_Megalocytivirus_pagrus1_RSIV                       0.00%    passed    100.00%
  24  NC_005946_Ranavirus_rana1_n/a                               1.01%    failed      0.10%
  25  KT781098_Megalocytivirus_pagrus1_ISKNV                      0.00%    passed    100.00%
  26  MT128667_Megalocytivirus_pagrus1_ISKNV                      0.00%    passed    100.00%
  27  ON212400_Megalocytivirus_pagrus1_ISKNV                      0.00%    passed    100.00%
  28  MW273354_Megalocytivirus_pagrus1_ISKNV                      0.00%    passed    100.00%
  29  MW139932_Megalocytivirus_pagrus1_RSIV                       0.00%    passed    100.00%
  30  MW883596_Megalocytivirus_pagrus1_ISKNV                      0.00%    passed    100.00%
  31  ON740976_Megalocytivirus_pagrus1_RSIV                       0.00%    passed    100.00%
  32  MN432490_Megalocytivirus_pagrus1_ISKNV                      0.00%    passed    100.00%
  33  BD143114_Megalocytivirus_pagrus1_RSIV                       0.00%    passed    100.00%
  34  AY521625_Ranavirus_epinephelus1_n/a                         1.68%    passed     21.12%
  35  MK098187_Megalocytivirus_pagrus1_RSIV                       0.00%    passed    100.00%
  36  OK042109_Megalocytivirus_pagrus1_RSIV                       0.00%    passed    100.00%
  37  KT804738_Megalocytivirus_pagrus1_RSIV                       0.00%    passed    100.00%
  38  MW883601_Megalocytivirus_pagrus1_ISKNV                      0.00%    passed    100.00%
  39  MW883603_Megalocytivirus_pagrus1_ISKNV                      0.00%    passed    100.00%
  40  PP151097_Megalocytivirus_pagrus1_ISKNV                      0.00%    passed    100.00%
  41  MW883593_Megalocytivirus_pagrus1_ISKNV                      0.00%    passed    100.00%
  42  ON743042_Megalocytivirus_pagrus1_RSIV                       0.00%    passed    100.00%
  43  AF371960_Megalocytivirus_pagrus1_ISKNV                      0.00%    passed    100.00%
  44  NC_003494_Megalocytivirus_pagrus1_ISKNV                     0.00%    passed    100.00%
  45  MK689686_Megalocytivirus_pagrus1_RSIV                       0.00%    passed    100.00%
  46  MW883594_Megalocytivirus_pagrus1_ISKNV                      0.00%    passed    100.00%
  47  MK689685_Megalocytivirus_pagrus1_ISKNV                      0.00%    passed    100.00%
  48  OP009387_Megalocytivirus_pagrus1_ISKNV                      0.00%    passed    100.00%
  49  GQ273492_Megalocytivirus_pagrus1_TRBIV                      0.00%    passed    100.00%
  50  MW883600_Megalocytivirus_pagrus1_ISKNV                      0.00%    passed    100.00%
  51  MW883597_Megalocytivirus_pagrus1_ISKNV                      0.00%    passed    100.00%
  52  KC244182_Megalocytivirus_pagrus1_RSIV                       0.00%    passed    100.00%
  53  OP896201_Megalocytivirus_pagrus1_ISKNV                      0.00%    passed    100.00%
  54  OL774654_Megalocytivirus_pagrus1_RSIV                       0.00%    passed    100.00%
  55  23043610003_Megalocytivirus_pagrus1_ISKNV                   0.00%    passed    100.00%
  56  OR670976_Megalocytivirus_pagrus1_ISKNV                      0.00%    passed    100.00%
  57  MW273353_Megalocytivirus_pagrus1_ISKNV                      0.00%    passed    100.00%
  58  OR356116_Megalocytivirus_pagrus1_ISKNV                      0.00%    passed    100.00%
  59  MT521409_Megalocytivirus_lates1_SDDV                        0.00%    failed      2.43%
  60  OK042108_Megalocytivirus_pagrus1_RSIV                       0.00%    passed    100.00%
  61  AB104413_Megalocytivirus_pagrus1_RSIV                       0.00%    passed    100.00%
  62  ON075463_Megalocytivirus_pagrus1_RSIV                       0.00%    passed    100.00%
  63  MK098186_Megalocytivirus_pagrus1_RSIV                       0.00%    passed    100.00%
  64  LS484712_Daphniairidovirus_daphnia1_n/a                     3.02%    failed      0.05%
  65  MW883602_Megalocytivirus_pagrus1_ISKNV                      0.00%    passed    100.00%
  66  23043610005_Megalocytivirus_pagrus1_ISKNV                   0.00%    passed    100.00%
  67  MG570132_Megalocytivirus_pagrus1_TRBIV                      0.00%    passed    100.00%
  68  MG570131_Megalocytivirus_pagrus1_TRBIV                      0.00%    passed    100.00%
  69  AF303741_Iridovirus_chilo1_n/a                              1.01%    failed      0.00%
  70  OL774653_Megalocytivirus_pagrus1_RSIV                       0.00%    passed    100.00%
  71  PQ335173_PQ335174_Threespine_stickleback_iridovirus_TSIV    0.00%    passed     85.95%
****  TOTAL                                                       0.27%  11 sequences failed composition chi2 test (p-value<5%; df=19)
NOTE: MT128666_Megalocytivirus_pagrus1_ISKNV is identical to OQ513807_Megalocytivirus_pagrus1_ISKNV but kept for subsequent analysis
NOTE: MK098185_Megalocytivirus_pagrus1_RSIV is identical to OL774655_Megalocytivirus_pagrus1_RSIV but kept for subsequent analysis
NOTE: AY894343_Megalocytivirus_pagrus1_RSIV is identical to MW883598_Megalocytivirus_pagrus1_RSIV but kept for subsequent analysis
NOTE: OM037668_Megalocytivirus_lates1_SDDV is identical to MN562489_Megalocytivirus_lates1_SDDV but kept for subsequent analysis
NOTE: MW883595_Megalocytivirus_pagrus1_ISKNV is identical to PP974677_Megalocytivirus_pagrus1_ISKNV but kept for subsequent analysis
NOTE: MW883600_Megalocytivirus_pagrus1_ISKNV is identical to OR536350_Megalocytivirus_pagrus1_ISKNV but kept for subsequent analysis
Checking for duplicate sequences: done in 0.000168085 secs
Identifying sites to remove: done in 9.98974e-05 secs
NOTE: 44 identical sequences (see below) will be ignored for subsequent analysis
NOTE: MT926123_Megalocytivirus_pagrus1_ISKNV (identical to OQ513807_Megalocytivirus_pagrus1_ISKNV) is ignored but added at the end
NOTE: MW883606_Megalocytivirus_pagrus1_ISKNV (identical to OQ513807_Megalocytivirus_pagrus1_ISKNV) is ignored but added at the end
NOTE: KT781098_Megalocytivirus_pagrus1_ISKNV (identical to OQ513807_Megalocytivirus_pagrus1_ISKNV) is ignored but added at the end
NOTE: MT128667_Megalocytivirus_pagrus1_ISKNV (identical to OQ513807_Megalocytivirus_pagrus1_ISKNV) is ignored but added at the end
NOTE: ON212400_Megalocytivirus_pagrus1_ISKNV (identical to OQ513807_Megalocytivirus_pagrus1_ISKNV) is ignored but added at the end
NOTE: MW273354_Megalocytivirus_pagrus1_ISKNV (identical to OQ513807_Megalocytivirus_pagrus1_ISKNV) is ignored but added at the end
NOTE: MW883596_Megalocytivirus_pagrus1_ISKNV (identical to OQ513807_Megalocytivirus_pagrus1_ISKNV) is ignored but added at the end
NOTE: MW883603_Megalocytivirus_pagrus1_ISKNV (identical to OQ513807_Megalocytivirus_pagrus1_ISKNV) is ignored but added at the end
NOTE: MW883593_Megalocytivirus_pagrus1_ISKNV (identical to OQ513807_Megalocytivirus_pagrus1_ISKNV) is ignored but added at the end
NOTE: AF371960_Megalocytivirus_pagrus1_ISKNV (identical to OQ513807_Megalocytivirus_pagrus1_ISKNV) is ignored but added at the end
NOTE: NC_003494_Megalocytivirus_pagrus1_ISKNV (identical to OQ513807_Megalocytivirus_pagrus1_ISKNV) is ignored but added at the end
NOTE: MW883594_Megalocytivirus_pagrus1_ISKNV (identical to OQ513807_Megalocytivirus_pagrus1_ISKNV) is ignored but added at the end
NOTE: MK689685_Megalocytivirus_pagrus1_ISKNV (identical to OQ513807_Megalocytivirus_pagrus1_ISKNV) is ignored but added at the end
NOTE: MW883597_Megalocytivirus_pagrus1_ISKNV (identical to OQ513807_Megalocytivirus_pagrus1_ISKNV) is ignored but added at the end
NOTE: OP896201_Megalocytivirus_pagrus1_ISKNV (identical to OQ513807_Megalocytivirus_pagrus1_ISKNV) is ignored but added at the end
NOTE: 23043610003_Megalocytivirus_pagrus1_ISKNV (identical to OQ513807_Megalocytivirus_pagrus1_ISKNV) is ignored but added at the end
NOTE: OR670976_Megalocytivirus_pagrus1_ISKNV (identical to OQ513807_Megalocytivirus_pagrus1_ISKNV) is ignored but added at the end
NOTE: MW273353_Megalocytivirus_pagrus1_ISKNV (identical to OQ513807_Megalocytivirus_pagrus1_ISKNV) is ignored but added at the end
NOTE: OR356116_Megalocytivirus_pagrus1_ISKNV (identical to OQ513807_Megalocytivirus_pagrus1_ISKNV) is ignored but added at the end
NOTE: MW883602_Megalocytivirus_pagrus1_ISKNV (identical to OQ513807_Megalocytivirus_pagrus1_ISKNV) is ignored but added at the end
NOTE: 23043610005_Megalocytivirus_pagrus1_ISKNV (identical to OQ513807_Megalocytivirus_pagrus1_ISKNV) is ignored but added at the end
NOTE: OQ475017_Megalocytivirus_pagrus1_RSIV (identical to OL774655_Megalocytivirus_pagrus1_RSIV) is ignored but added at the end
NOTE: MW139932_Megalocytivirus_pagrus1_RSIV (identical to OL774655_Megalocytivirus_pagrus1_RSIV) is ignored but added at the end
NOTE: ON740976_Megalocytivirus_pagrus1_RSIV (identical to OL774655_Megalocytivirus_pagrus1_RSIV) is ignored but added at the end
NOTE: BD143114_Megalocytivirus_pagrus1_RSIV (identical to OL774655_Megalocytivirus_pagrus1_RSIV) is ignored but added at the end
NOTE: MK098187_Megalocytivirus_pagrus1_RSIV (identical to OL774655_Megalocytivirus_pagrus1_RSIV) is ignored but added at the end
NOTE: ON743042_Megalocytivirus_pagrus1_RSIV (identical to OL774655_Megalocytivirus_pagrus1_RSIV) is ignored but added at the end
NOTE: OL774654_Megalocytivirus_pagrus1_RSIV (identical to OL774655_Megalocytivirus_pagrus1_RSIV) is ignored but added at the end
NOTE: OK042108_Megalocytivirus_pagrus1_RSIV (identical to OL774655_Megalocytivirus_pagrus1_RSIV) is ignored but added at the end
NOTE: AB104413_Megalocytivirus_pagrus1_RSIV (identical to OL774655_Megalocytivirus_pagrus1_RSIV) is ignored but added at the end
NOTE: MK098186_Megalocytivirus_pagrus1_RSIV (identical to OL774655_Megalocytivirus_pagrus1_RSIV) is ignored but added at the end
NOTE: OL774653_Megalocytivirus_pagrus1_RSIV (identical to OL774655_Megalocytivirus_pagrus1_RSIV) is ignored but added at the end
NOTE: MT798582_Megalocytivirus_pagrus1_RSIV (identical to MW883598_Megalocytivirus_pagrus1_RSIV) is ignored but added at the end
NOTE: AP017456_Megalocytivirus_pagrus1_RSIV (identical to MW883598_Megalocytivirus_pagrus1_RSIV) is ignored but added at the end
NOTE: OK042109_Megalocytivirus_pagrus1_RSIV (identical to MW883598_Megalocytivirus_pagrus1_RSIV) is ignored but added at the end
NOTE: KT804738_Megalocytivirus_pagrus1_RSIV (identical to MW883598_Megalocytivirus_pagrus1_RSIV) is ignored but added at the end
NOTE: MK689686_Megalocytivirus_pagrus1_RSIV (identical to MW883598_Megalocytivirus_pagrus1_RSIV) is ignored but added at the end
NOTE: KC244182_Megalocytivirus_pagrus1_RSIV (identical to MW883598_Megalocytivirus_pagrus1_RSIV) is ignored but added at the end
NOTE: ON075463_Megalocytivirus_pagrus1_RSIV (identical to MW883598_Megalocytivirus_pagrus1_RSIV) is ignored but added at the end
NOTE: MT521409_Megalocytivirus_lates1_SDDV (identical to MN562489_Megalocytivirus_lates1_SDDV) is ignored but added at the end
NOTE: MT986830_Megalocytivirus_pagrus1_ISKNV (identical to PP974677_Megalocytivirus_pagrus1_ISKNV) is ignored but added at the end
NOTE: MN432490_Megalocytivirus_pagrus1_ISKNV (identical to PP974677_Megalocytivirus_pagrus1_ISKNV) is ignored but added at the end
NOTE: PP151097_Megalocytivirus_pagrus1_ISKNV (identical to PP974677_Megalocytivirus_pagrus1_ISKNV) is ignored but added at the end
NOTE: OP009387_Megalocytivirus_pagrus1_ISKNV (identical to PP974677_Megalocytivirus_pagrus1_ISKNV) is ignored but added at the end
Alignment was printed to iqtree_family/OG0000003.fa.uniqueseq.phy

For your convenience alignment with unique sequences printed to iqtree_family/OG0000003.fa.uniqueseq.phy

Creating fast initial parsimony tree by random order stepwise addition...
0.001 seconds, parsimony score: 1395 (based on 278 sites)
Perform fast likelihood tree search using LG+I+G model...
Estimate model parameters (epsilon = 5.000)
Perform nearest neighbor interchange...
Optimizing NNI: done in 0.06247 secs using 99.26% CPU
Estimate model parameters (epsilon = 1.000)
1. Initial log-likelihood: -6873.553
Optimal log-likelihood: -6873.551
Proportion of invariable sites: 0.033
Gamma shape alpha: 1.506
Parameters optimization took 1 rounds (0.030 sec)
Time for fast ML tree search: 0.180 seconds

NOTE: ModelFinder requires 14 MB RAM!
ModelFinder will test up to 1320 protein models (sample size: 298) ...
 No. Model         -LnL         df  AIC          AICc         BIC
  1  Blosum62      7040.754     51  14183.507    14205.068    14372.059
  2  Blosum62+I    6994.867     52  14093.735    14116.233    14285.984
  3  Blosum62+G4   6930.181     52  13964.361    13986.859    14156.610
  4  Blosum62+I+G4 6926.715     53  13959.430    13982.889    14155.376
  5  Blosum62+R2   6935.023     53  13976.046    13999.505    14171.992
  6  Blosum62+R3   6926.231     55  13962.462    13987.917    14165.802
  7  Blosum62+R4   6925.863     57  13965.725    13993.275    14176.459
 14  Blosum62+I+R2 6928.719     54  13965.437    13989.882    14165.080
 15  Blosum62+I+R3 6925.213     56  13962.426    13988.916    14169.463
 25  Blosum62+F+G4 6926.987     71  13995.974    14041.213    14258.468
 26  Blosum62+F+I+G4 6924.112     72  13992.225    14038.945    14258.415
 36  Blosum62+F+I+R2 6926.717     73  13999.434    14047.666    14269.322
 47  cpREV+G4      6936.353     52  13976.706    13999.204    14168.955
 48  cpREV+I+G4    6931.423     53  13968.846    13992.305    14164.791
 58  cpREV+I+R2    6931.487     54  13970.974    13995.418    14170.617
 69  cpREV+F+G4    6905.812     71  13953.623    13998.862    14216.117
 70  cpREV+F+I+G4  6901.089     72  13946.178    13992.898    14212.369
 80  cpREV+F+I+R2  6902.947     73  13951.893    14000.126    14221.781
 91  Dayhoff+G4    7004.720     52  14113.439    14135.937    14305.688
 92  Dayhoff+I+G4  6996.034     53  14098.068    14121.527    14294.014
102  Dayhoff+I+R2  6997.834     54  14103.668    14128.113    14303.311
113  Dayhoff+F+G4  6975.365     71  14092.729    14137.968    14355.223
114  Dayhoff+F+I+G4 6968.134     72  14080.269    14126.989    14346.459
124  Dayhoff+F+I+R2 6968.964     73  14083.927    14132.159    14353.815
135  DCMut+G4      7004.770     52  14113.541    14136.039    14305.790
136  DCMut+I+G4    6996.056     53  14098.112    14121.571    14294.058
146  DCMut+I+R2    6997.820     54  14103.640    14128.084    14303.283
157  DCMut+F+G4    6975.387     71  14092.773    14138.012    14355.267
158  DCMut+F+I+G4  6968.127     72  14080.253    14126.973    14346.444
168  DCMut+F+I+R2  6968.940     73  14083.880    14132.112    14353.768
WARNING: Normalizing state frequencies so that sum of them equals to 1
179  FLAVI+G4      7135.735     52  14375.471    14397.969    14567.720
WARNING: Normalizing state frequencies so that sum of them equals to 1
180  FLAVI+I+G4    7135.170     53  14376.339    14399.798    14572.285
WARNING: Normalizing state frequencies so that sum of them equals to 1
190  FLAVI+I+R2    7151.878     54  14411.757    14436.201    14611.400
WARNING: Normalizing state frequencies so that sum of them equals to 1
201  FLAVI+F+G4    7094.730     71  14331.461    14376.700    14593.954
WARNING: Normalizing state frequencies so that sum of them equals to 1
202  FLAVI+F+I+G4  7094.148     72  14332.297    14379.017    14598.487
WARNING: Normalizing state frequencies so that sum of them equals to 1
212  FLAVI+F+I+R2  7111.521     73  14369.043    14417.275    14638.930
223  FLU+G4        7007.090     52  14118.179    14140.677    14310.428
224  FLU+I+G4      7001.628     53  14109.255    14132.714    14305.201
234  FLU+I+R2      7011.643     54  14131.286    14155.730    14330.929
245  FLU+F+G4      7001.753     71  14145.507    14190.746    14408.000
246  FLU+F+I+G4    6999.244     72  14142.488    14189.208    14408.679
256  FLU+F+I+R2    7013.919     73  14173.838    14222.070    14443.726
267  HIVb+G4       7050.330     52  14204.661    14227.159    14396.910
268  HIVb+I+G4     7044.589     53  14195.177    14218.636    14391.123
278  HIVb+I+R2     7047.595     54  14203.191    14227.635    14402.834
289  HIVb+F+G4     7020.960     71  14183.920    14229.159    14446.413
290  HIVb+F+I+G4   7017.389     72  14178.777    14225.497    14444.968
300  HIVb+F+I+R2   7022.688     73  14191.376    14239.608    14461.264
311  HIVw+G4       7241.239     52  14586.479    14608.977    14778.728
312  HIVw+I+G4     7230.287     53  14566.574    14590.033    14762.520
322  HIVw+I+R2     7239.918     54  14587.835    14612.280    14787.478
333  HIVw+F+G4     7147.725     71  14437.450    14482.689    14699.944
334  HIVw+F+I+G4   7140.674     72  14425.348    14472.068    14691.539
344  HIVw+F+I+R2   7151.320     73  14448.641    14496.873    14718.529
355  JTT+G4        6945.147     52  13994.295    14016.793    14186.543
356  JTT+I+G4      6940.852     53  13987.704    14011.163    14183.650
366  JTT+I+R2      6944.037     54  13996.074    14020.519    14195.717
377  JTT+F+G4      6937.441     71  14016.882    14062.121    14279.376
378  JTT+F+I+G4    6934.393     72  14012.787    14059.507    14278.977
388  JTT+F+I+R2    6938.132     73  14022.263    14070.495    14292.151
399  JTTDCMut+G4   6944.716     52  13993.432    14015.930    14185.681
400  JTTDCMut+I+G4 6940.311     53  13986.622    14010.081    14182.568
410  JTTDCMut+I+R2 6943.420     54  13994.840    14019.284    14194.483
421  JTTDCMut+F+G4 6937.518     71  14017.036    14062.275    14279.530
422  JTTDCMut+F+I+G4 6934.379     72  14012.758    14059.478    14278.949
432  JTTDCMut+F+I+R2 6938.019     73  14022.039    14070.271    14291.926
443  LG+G4         6875.536     52  13855.072    13877.570    14047.321
444  LG+I+G4       6873.552     53  13853.105    13876.564    14049.051
454  LG+I+R2       6877.831     54  13863.662    13888.107    14063.305
465  LG+F+G4       6887.022     71  13916.043    13961.282    14178.537
466  LG+F+I+G4     6886.066     72  13916.132    13962.852    14182.323
476  LG+F+I+R2     6891.675     73  13929.350    13977.582    14199.237
487  mtART+G4      7288.197     52  14680.393    14702.891    14872.642
488  mtART+I+G4    7287.974     53  14681.948    14705.407    14877.893
498  mtART+I+R2    7316.242     54  14740.484    14764.928    14940.127
509  mtART+F+G4    7018.581     71  14179.162    14224.401    14441.655
510  mtART+F+I+G4  7018.824     72  14181.649    14228.369    14447.840
520  mtART+F+I+R2  7045.028     73  14236.055    14284.288    14505.943
531  mtMAM+G4      7348.616     52  14801.232    14823.730    14993.481
532  mtMAM+I+G4    7348.100     53  14802.199    14825.658    14998.145
542  mtMAM+I+R2    7375.953     54  14859.905    14884.350    15059.548
553  mtMAM+F+G4    7085.567     71  14313.134    14358.373    14575.627
554  mtMAM+F+I+G4  7085.569     72  14315.138    14361.858    14581.328
564  mtMAM+F+I+R2  7107.712     73  14361.423    14409.656    14631.311
575  mtREV+G4      7249.840     52  14603.681    14626.179    14795.930
576  mtREV+I+G4    7248.259     53  14602.517    14625.976    14798.463
586  mtREV+I+R2    7255.661     54  14619.323    14643.767    14818.966
597  mtREV+F+G4    6968.929     71  14079.858    14125.097    14342.352
598  mtREV+F+I+G4  6966.891     72  14077.782    14124.502    14343.973
608  mtREV+F+I+R2  6972.054     73  14090.109    14138.341    14359.997
619  mtZOA+G4      7191.520     52  14487.039    14509.537    14679.288
620  mtZOA+I+G4    7191.498     53  14488.995    14512.454    14684.941
630  mtZOA+I+R2    7207.914     54  14523.828    14548.273    14723.471
641  mtZOA+F+G4    6975.834     71  14093.668    14138.907    14356.162
642  mtZOA+F+I+G4  6976.024     72  14096.048    14142.768    14362.239
652  mtZOA+F+I+R2  6993.075     73  14132.149    14180.382    14402.037
663  mtMet+G4      7207.176     52  14518.352    14540.850    14710.601
664  mtMet+I+G4    7206.945     53  14519.889    14543.348    14715.835
674  mtMet+I+R2    7214.234     54  14536.468    14560.912    14736.111
685  mtMet+F+G4    6990.221     71  14122.441    14167.680    14384.935
686  mtMet+F+I+G4  6989.879     72  14123.757    14170.477    14389.948
696  mtMet+F+I+R2  7002.148     73  14150.296    14198.528    14420.184
707  mtVer+G4      7296.750     52  14697.501    14719.999    14889.749
708  mtVer+I+G4    7296.430     53  14698.861    14722.320    14894.807
718  mtVer+I+R2    7307.144     54  14722.288    14746.733    14921.932
729  mtVer+F+G4    7049.071     71  14240.142    14285.381    14502.636
730  mtVer+F+I+G4  7048.084     72  14240.167    14286.887    14506.358
740  mtVer+F+I+R2  7063.609     73  14273.219    14321.451    14543.107
751  mtInv+G4      7238.375     52  14580.751    14603.249    14773.000
752  mtInv+I+G4    7238.059     53  14582.118    14605.577    14778.063
762  mtInv+I+R2    7241.013     54  14590.025    14614.470    14789.668
773  mtInv+F+G4    6956.550     71  14055.100    14100.339    14317.594
774  mtInv+F+I+G4  6955.827     72  14055.655    14102.375    14321.845
784  mtInv+F+I+R2  6963.304     73  14072.607    14120.839    14342.495
795  PMB+G4        6955.188     52  14014.375    14036.873    14206.624
796  PMB+I+G4      6951.380     53  14008.760    14032.219    14204.706
806  PMB+I+R2      6952.366     54  14012.731    14037.176    14212.374
817  PMB+F+G4      6933.504     71  14009.007    14054.246    14271.501
818  PMB+F+I+G4    6930.359     72  14004.719    14051.439    14270.909
828  PMB+F+I+R2    6932.227     73  14010.454    14058.686    14280.342
WARNING: Normalizing state frequencies so that sum of them equals to 1
839  Q.bird+G4     7046.266     52  14196.532    14219.030    14388.781
WARNING: Normalizing state frequencies so that sum of them equals to 1
840  Q.bird+I+G4   7044.408     53  14194.816    14218.275    14390.762
WARNING: Normalizing state frequencies so that sum of them equals to 1
850  Q.bird+I+R2   7057.781     54  14223.561    14248.006    14423.204
WARNING: Normalizing state frequencies so that sum of them equals to 1
861  Q.bird+F+G4   7035.710     71  14213.419    14258.658    14475.913
WARNING: Normalizing state frequencies so that sum of them equals to 1
862  Q.bird+F+I+G4 7034.636     72  14213.272    14259.992    14479.463
WARNING: Normalizing state frequencies so that sum of them equals to 1
872  Q.bird+F+I+R2 7051.395     73  14248.791    14297.023    14518.679
883  Q.insect+G4   6882.623     52  13869.245    13891.743    14061.494
884  Q.insect+I+G4 6880.629     53  13867.258    13890.717    14063.204
894  Q.insect+I+R2 6888.305     54  13884.610    13909.055    14084.253
905  Q.insect+F+G4 6921.126     71  13984.252    14029.491    14246.746
906  Q.insect+F+I+G4 6920.207     72  13984.415    14031.135    14250.606
916  Q.insect+F+I+R2 6927.773     73  14001.545    14049.777    14271.433
WARNING: Normalizing state frequencies so that sum of them equals to 1
927  Q.mammal+G4   7021.930     52  14147.861    14170.359    14340.110
WARNING: Normalizing state frequencies so that sum of them equals to 1
928  Q.mammal+I+G4 7020.255     53  14146.509    14169.968    14342.455
WARNING: Normalizing state frequencies so that sum of them equals to 1
938  Q.mammal+I+R2 7032.340     54  14172.679    14197.124    14372.322
WARNING: Normalizing state frequencies so that sum of them equals to 1
949  Q.mammal+F+G4 6998.928     71  14139.856    14185.095    14402.349
WARNING: Normalizing state frequencies so that sum of them equals to 1
950  Q.mammal+F+I+G4 6998.035     72  14140.070    14186.790    14406.261
WARNING: Normalizing state frequencies so that sum of them equals to 1
960  Q.mammal+F+I+R2 7012.570     73  14171.141    14219.373    14441.028
WARNING: Normalizing state frequencies so that sum of them equals to 1
971  Q.pfam+G4     6892.776     52  13889.553    13912.051    14081.802
WARNING: Normalizing state frequencies so that sum of them equals to 1
972  Q.pfam+I+G4   6891.228     53  13888.455    13911.914    14084.401
WARNING: Normalizing state frequencies so that sum of them equals to 1
982  Q.pfam+I+R2   6896.947     54  13901.895    13926.339    14101.538
WARNING: Normalizing state frequencies so that sum of them equals to 1
993  Q.pfam+F+G4   6893.515     71  13929.030    13974.269    14191.523
WARNING: Normalizing state frequencies so that sum of them equals to 1
994  Q.pfam+F+I+G4 6892.984     72  13929.968    13976.688    14196.158
WARNING: Normalizing state frequencies so that sum of them equals to 1
1004  Q.pfam+F+I+R2 6900.122     73  13946.244    13994.476    14216.131
WARNING: Normalizing state frequencies so that sum of them equals to 1
1015  Q.plant+G4    6932.198     52  13968.396    13990.894    14160.645
WARNING: Normalizing state frequencies so that sum of them equals to 1
1016  Q.plant+I+G4  6930.815     53  13967.630    13991.089    14163.576
WARNING: Normalizing state frequencies so that sum of them equals to 1
1026  Q.plant+I+R2  6939.697     54  13987.393    14011.838    14187.036
WARNING: Normalizing state frequencies so that sum of them equals to 1
1037  Q.plant+F+G4  6946.788     71  14035.577    14080.816    14298.070
WARNING: Normalizing state frequencies so that sum of them equals to 1
1038  Q.plant+F+I+G4 6945.918     72  14035.837    14082.557    14302.027
WARNING: Normalizing state frequencies so that sum of them equals to 1
1048  Q.plant+F+I+R2 6954.822     73  14055.643    14103.875    14325.531
WARNING: Normalizing state frequencies so that sum of them equals to 1
1059  Q.yeast+G4    6877.243     52  13858.486    13880.984    14050.735
WARNING: Normalizing state frequencies so that sum of them equals to 1
1060  Q.yeast+I+G4  6875.555     53  13857.111    13880.570    14053.057
WARNING: Normalizing state frequencies so that sum of them equals to 1
1070  Q.yeast+I+R2  6883.123     54  13874.247    13898.691    14073.890
WARNING: Normalizing state frequencies so that sum of them equals to 1
1081  Q.yeast+F+G4  6912.661     71  13967.322    14012.561    14229.816
WARNING: Normalizing state frequencies so that sum of them equals to 1
1082  Q.yeast+F+I+G4 6912.152     72  13968.304    14015.024    14234.495
WARNING: Normalizing state frequencies so that sum of them equals to 1
1092  Q.yeast+F+I+R2 6920.244     73  13986.488    14034.720    14256.376
1103  rtREV+G4      6947.735     52  13999.471    14021.969    14191.720
1104  rtREV+I+G4    6945.703     53  13997.405    14020.864    14193.351
1114  rtREV+I+R2    6950.126     54  14008.252    14032.696    14207.895
1125  rtREV+F+G4    6905.438     71  13952.875    13998.114    14215.369
1126  rtREV+F+I+G4  6904.874     72  13953.747    14000.467    14219.938
1136  rtREV+F+I+R2  6912.676     73  13971.352    14019.584    14241.240
1147  VT+G4         6914.467     52  13932.934    13955.432    14125.183
1148  VT+I+G4       6909.864     53  13925.728    13949.187    14121.674
1158  VT+I+R2       6911.608     54  13931.216    13955.660    14130.859
1169  VT+F+G4       6911.760     71  13965.520    14010.759    14228.014
1170  VT+F+I+G4     6908.383     72  13960.765    14007.485    14226.956
1180  VT+F+I+R2     6910.413     73  13966.826    14015.058    14236.714
1191  WAG+G4        6916.246     52  13936.492    13958.990    14128.741
1192  WAG+I+G4      6910.435     53  13926.870    13950.329    14122.816
1202  WAG+I+R2      6912.117     54  13932.233    13956.677    14131.876
1213  WAG+F+G4      6901.999     71  13945.998    13991.236    14208.491
1214  WAG+F+I+G4    6897.761     72  13939.522    13986.242    14205.713
1224  WAG+F+I+R2    6900.060     73  13946.121    13994.353    14216.008
Reading model parameters from file Q.iridoviridae
1235  Q.iridoviridae+G4 6846.080     52  13796.160    13818.658    13988.409
Reading model parameters from file Q.iridoviridae
1236  Q.iridoviridae+I+G4 6843.054     53  13792.109    13815.568    13988.055
Reading model parameters from file Q.iridoviridae
1246  Q.iridoviridae+I+R2 6845.836     54  13799.673    13824.117    13999.316
Reading model parameters from file Q.iridoviridae
1257  Q.iridoviridae+F+G4 6890.535     71  13923.070    13968.309    14185.564
Reading model parameters from file Q.iridoviridae
1258  Q.iridoviridae+F+I+G4 6888.454     72  13920.907    13967.627    14187.098
Reading model parameters from file Q.iridoviridae
1268  Q.iridoviridae+F+I+R2 6892.119     73  13930.238    13978.471    14200.126
Reading model parameters from file Q.mcv
WARNING: Normalizing state frequencies so that sum of them equals to 1
1279  Q.mcv+G4      6991.122     52  14086.243    14108.741    14278.492
Reading model parameters from file Q.mcv
WARNING: Normalizing state frequencies so that sum of them equals to 1
1280  Q.mcv+I+G4    6987.453     53  14080.907    14104.366    14276.853
Reading model parameters from file Q.mcv
WARNING: Normalizing state frequencies so that sum of them equals to 1
1290  Q.mcv+I+R2    6992.043     54  14092.086    14116.531    14291.729
Reading model parameters from file Q.mcv
WARNING: Normalizing state frequencies so that sum of them equals to 1
1301  Q.mcv+F+G4    6925.751     71  13993.502    14038.741    14255.996
Reading model parameters from file Q.mcv
WARNING: Normalizing state frequencies so that sum of them equals to 1
1302  Q.mcv+F+I+G4  6921.791     72  13987.582    14034.302    14253.772
Reading model parameters from file Q.mcv
WARNING: Normalizing state frequencies so that sum of them equals to 1
1312  Q.mcv+F+I+R2  6926.239     73  13998.478    14046.710    14268.366
Akaike Information Criterion:           Q.iridoviridae+I+G4
Corrected Akaike Information Criterion: Q.iridoviridae+I+G4
Bayesian Information Criterion:         Q.iridoviridae+I+G4
Best-fit model: Q.iridoviridae+I+G4 chosen according to BIC

All model information printed to iqtree_family/OG0000003.fa.model.gz
CPU time for ModelFinder: 20.729 seconds (0h:0m:20s)
Wall-clock time for ModelFinder: 20.771 seconds (0h:0m:20s)
Generating 1000 samples for ultrafast bootstrap (seed: 665873)...
Reading model parameters from file Q.iridoviridae

NOTE: 6 MB RAM (0 GB) is required!
Estimate model parameters (epsilon = 0.100)
Thoroughly optimizing +I+G parameters from 10 start values...
Init pinv, alpha: 0.000, 1.697 / Estimate: 0.000, 1.340 / LogL: -6846.078
Init pinv, alpha: 0.007, 1.697 / Estimate: 0.035, 1.665 / LogL: -6843.077
Init pinv, alpha: 0.015, 1.697 / Estimate: 0.035, 1.665 / LogL: -6843.076
Init pinv, alpha: 0.022, 1.697 / Estimate: 0.034, 1.655 / LogL: -6843.092
Init pinv, alpha: 0.030, 1.697 / Estimate: 0.033, 1.651 / LogL: -6843.105
Init pinv, alpha: 0.037, 1.697 / Estimate: 0.038, 1.695 / LogL: -6843.054
Init pinv, alpha: 0.045, 1.697 / Estimate: 0.041, 1.729 / LogL: -6843.078
Init pinv, alpha: 0.052, 1.697 / Estimate: 0.041, 1.730 / LogL: -6843.076
Init pinv, alpha: 0.060, 1.697 / Estimate: 0.040, 1.720 / LogL: -6843.064
Init pinv, alpha: 0.067, 1.697 / Estimate: 0.040, 1.724 / LogL: -6843.068
Optimal pinv,alpha: 0.038, 1.695 / LogL: -6843.054

Parameters optimization took 1.100 sec
Wrote distance file to... 
Computing ML distances based on estimated model parameters...
Calculating distance matrix: done in 0.037401 secs using 99.98% CPU
Computing ML distances took 0.037453 sec (of wall-clock time) 0.037446 sec (of CPU time)
Setting up auxiliary I and S matrices: done in 5.60284e-05 secs using 101.7% CPU
Constructing RapidNJ tree: done in 9.98974e-05 secs using 148.2% CPU
Computing RapidNJ tree took 0.000190 sec (of wall-clock time) 0.000238 sec (of CPU time)
Log-likelihood of RapidNJ tree: -6847.638
--------------------------------------------------------------------
|             INITIALIZING CANDIDATE TREE SET                      |
--------------------------------------------------------------------
Generating 98 parsimony trees... 0.058 second
Computing log-likelihood of 98 initial trees ... 0.800 seconds
Current best score: -6843.054

Do NNI search on 20 best initial trees
Optimizing NNI: done in 0.0398831 secs using 100% CPU
Estimate model parameters (epsilon = 0.100)
BETTER TREE FOUND at iteration 1: -6843.054
Optimizing NNI: done in 0.101641 secs using 100% CPU
Optimizing NNI: done in 0.0886569 secs using 100% CPU
Optimizing NNI: done in 0.0713789 secs using 100% CPU
Optimizing NNI: done in 0.0642672 secs using 100% CPU
Optimizing NNI: done in 0.096987 secs using 100% CPU
Optimizing NNI: done in 0.099436 secs using 100% CPU
Optimizing NNI: done in 0.0981269 secs using 100% CPU
Optimizing NNI: done in 0.072062 secs using 100% CPU
Optimizing NNI: done in 0.0997629 secs using 99.99% CPU
Iteration 10 / LogL: -6843.130 / Time: 0h:0m:2s
Optimizing NNI: done in 0.103409 secs using 99.99% CPU
Optimizing NNI: done in 0.072571 secs using 100% CPU
Optimizing NNI: done in 0.08676 secs using 100% CPU
Optimizing NNI: done in 0.092154 secs using 100% CPU
Optimizing NNI: done in 0.0792379 secs using 100% CPU
Optimizing NNI: done in 0.079427 secs using 100% CPU
Optimizing NNI: done in 0.0914061 secs using 100% CPU
Optimizing NNI: done in 0.077126 secs using 100% CPU
Optimizing NNI: done in 0.103709 secs using 100% CPU
Optimizing NNI: done in 0.103507 secs using 100% CPU
Iteration 20 / LogL: -6843.131 / Time: 0h:0m:3s
Finish initializing candidate tree set (4)
Current best tree score: -6843.054 / CPU time: 2.654
Number of iterations: 20
--------------------------------------------------------------------
|               OPTIMIZING CANDIDATE TREE SET                      |
--------------------------------------------------------------------
Optimizing NNI: done in 0.208182 secs using 99.99% CPU
Optimizing NNI: done in 0.141466 secs using 100% CPU
Optimizing NNI: done in 0.158242 secs using 100% CPU
Optimizing NNI: done in 0.201043 secs using 100% CPU
Optimizing NNI: done in 0.202909 secs using 100% CPU
Optimizing NNI: done in 0.178128 secs using 99.99% CPU
Optimizing NNI: done in 0.147564 secs using 99.99% CPU
Optimizing NNI: done in 0.151505 secs using 100% CPU
Optimizing NNI: done in 0.150889 secs using 100% CPU
Optimizing NNI: done in 0.18719 secs using 100% CPU
Iteration 30 / LogL: -6843.090 / Time: 0h:0m:5s (0h:0m:13s left)
Optimizing NNI: done in 0.192087 secs using 100% CPU
Optimizing NNI: done in 0.15856 secs using 100% CPU
Optimizing NNI: done in 0.182746 secs using 100% CPU
Optimizing NNI: done in 0.152481 secs using 100% CPU
Optimizing NNI: done in 0.170556 secs using 100% CPU
Optimizing NNI: done in 0.152431 secs using 100% CPU
Optimizing NNI: done in 0.142886 secs using 100% CPU
Optimizing NNI: done in 0.20121 secs using 98.01% CPU
Optimizing NNI: done in 0.178519 secs using 100% CPU
Optimizing NNI: done in 0.166782 secs using 100% CPU
Iteration 40 / LogL: -6843.114 / Time: 0h:0m:7s (0h:0m:11s left)
Optimizing NNI: done in 0.100017 secs using 100% CPU
Optimizing NNI: done in 0.208928 secs using 100% CPU
Optimizing NNI: done in 0.141665 secs using 100% CPU
Optimizing NNI: done in 0.15858 secs using 100% CPU
Optimizing NNI: done in 0.180866 secs using 100% CPU
Optimizing NNI: done in 0.184488 secs using 100% CPU
Optimizing NNI: done in 0.163667 secs using 100% CPU
Optimizing NNI: done in 0.160727 secs using 100% CPU
Optimizing NNI: done in 0.165601 secs using 100% CPU
Optimizing NNI: done in 0.254165 secs using 100% CPU
Iteration 50 / LogL: -6847.492 / Time: 0h:0m:9s (0h:0m:9s left)
Log-likelihood cutoff on original alignment: -6871.829
Optimizing NNI: done in 0.169645 secs using 100% CPU
Optimizing NNI: done in 0.122848 secs using 99.99% CPU
Optimizing NNI: done in 0.198567 secs using 100% CPU
Optimizing NNI: done in 0.133678 secs using 100% CPU
Optimizing NNI: done in 0.16558 secs using 100% CPU
Optimizing NNI: done in 0.168894 secs using 100% CPU
Optimizing NNI: done in 0.223053 secs using 100% CPU
Optimizing NNI: done in 0.207906 secs using 100% CPU
Optimizing NNI: done in 0.19247 secs using 100% CPU
Optimizing NNI: done in 0.208691 secs using 99.99% CPU
Iteration 60 / LogL: -6843.110 / Time: 0h:0m:10s (0h:0m:7s left)
Optimizing NNI: done in 0.118443 secs using 100% CPU
Optimizing NNI: done in 0.12921 secs using 100% CPU
Optimizing NNI: done in 0.201092 secs using 99.99% CPU
Optimizing NNI: done in 0.180085 secs using 100% CPU
Optimizing NNI: done in 0.162188 secs using 100% CPU
Optimizing NNI: done in 0.141423 secs using 100% CPU
Optimizing NNI: done in 0.188288 secs using 100% CPU
Optimizing NNI: done in 0.20911 secs using 100% CPU
Optimizing NNI: done in 0.147142 secs using 100% CPU
Optimizing NNI: done in 0.131869 secs using 100% CPU
Iteration 70 / LogL: -6843.089 / Time: 0h:0m:12s (0h:0m:5s left)
Optimizing NNI: done in 0.140882 secs using 100% CPU
Optimizing NNI: done in 0.145031 secs using 100% CPU
Optimizing NNI: done in 0.194453 secs using 99.99% CPU
Optimizing NNI: done in 0.25444 secs using 100% CPU
Optimizing NNI: done in 0.203747 secs using 100% CPU
Optimizing NNI: done in 0.142796 secs using 100% CPU
Optimizing NNI: done in 0.220798 secs using 100% CPU
Optimizing NNI: done in 0.149004 secs using 100% CPU
Optimizing NNI: done in 0.138495 secs using 100% CPU
Optimizing NNI: done in 0.197091 secs using 100% CPU
Iteration 80 / LogL: -6843.061 / Time: 0h:0m:14s (0h:0m:3s left)
Optimizing NNI: done in 0.13091 secs using 100% CPU
Optimizing NNI: done in 0.168333 secs using 100% CPU
Optimizing NNI: done in 0.173124 secs using 100% CPU
Optimizing NNI: done in 0.138963 secs using 99.99% CPU
Optimizing NNI: done in 0.186685 secs using 100% CPU
Optimizing NNI: done in 0.155983 secs using 99.99% CPU
Optimizing NNI: done in 0.160875 secs using 100% CPU
Optimizing NNI: done in 0.252074 secs using 100% CPU
Optimizing NNI: done in 0.153212 secs using 100% CPU
Optimizing NNI: done in 0.182322 secs using 100% CPU
Iteration 90 / LogL: -6843.059 / Time: 0h:0m:16s (0h:0m:2s left)
Optimizing NNI: done in 0.0628748 secs using 100% CPU
Optimizing NNI: done in 0.202797 secs using 100% CPU
Optimizing NNI: done in 0.153149 secs using 100% CPU
Optimizing NNI: done in 0.0951548 secs using 100% CPU
Optimizing NNI: done in 0.204457 secs using 100% CPU
Optimizing NNI: done in 0.193446 secs using 100% CPU
Optimizing NNI: done in 0.181047 secs using 100% CPU
Optimizing NNI: done in 0.172804 secs using 100% CPU
Optimizing NNI: done in 0.126529 secs using 100% CPU
Optimizing NNI: done in 0.173641 secs using 100% CPU
Iteration 100 / LogL: -6847.531 / Time: 0h:0m:17s (0h:0m:0s left)
Log-likelihood cutoff on original alignment: -6871.829
NOTE: Bootstrap correlation coefficient of split occurrence frequencies: 0.998
Optimizing NNI: done in 0.077929 secs using 99.99% CPU
Optimizing NNI: done in 0.13327 secs using 99.99% CPU
TREE SEARCH COMPLETED AFTER 102 ITERATIONS / Time: 0h:0m:18s

--------------------------------------------------------------------
|                    FINALIZING TREE SEARCH                        |
--------------------------------------------------------------------
Performs final model parameters optimization
Estimate model parameters (epsilon = 0.010)
1. Initial log-likelihood: -6843.054
Optimal log-likelihood: -6843.054
Proportion of invariable sites: 0.038
Gamma shape alpha: 1.698
Parameters optimization took 1 rounds (0.035 sec)
BEST SCORE FOUND : -6843.054
Creating bootstrap support values...
Split supports printed to NEXUS file iqtree_family/OG0000003.fa.splits.nex
Total tree length: 9.688

Total number of iterations: 102
CPU time used for tree search: 17.032 sec (0h:0m:17s)
Wall-clock time used for tree search: 16.893 sec (0h:0m:16s)
Total CPU time used: 18.332 sec (0h:0m:18s)
Total wall-clock time used: 18.160 sec (0h:0m:18s)

Computing bootstrap consensus tree...
Reading input file iqtree_family/OG0000003.fa.splits.nex...
27 taxa and 172 splits.
Consensus tree written to iqtree_family/OG0000003.fa.contree
Reading input trees file iqtree_family/OG0000003.fa.contree
Log-likelihood of consensus tree: -6843.064

Analysis results written to: 
  IQ-TREE report:                iqtree_family/OG0000003.fa.iqtree
  Maximum-likelihood tree:       iqtree_family/OG0000003.fa.treefile
  Likelihood distances:          iqtree_family/OG0000003.fa.mldist

Ultrafast bootstrap approximation results written to:
  Split support values:          iqtree_family/OG0000003.fa.splits.nex
  Consensus tree:                iqtree_family/OG0000003.fa.contree
  Screen log file:               iqtree_family/OG0000003.fa.log

Date and Time: Wed Apr  2 12:12:39 2025
