IQ-TREE multicore version 2.2.0.5 COVID-edition for Linux 64-bit built Sep 26 2022
Developed by Bui Quang Minh, James Barbetti, Nguyen Lam Tung,
Olga Chernomor, Heiko Schmidt, Dominik Schrempf, Michael Woodhams, Ly Trong Nhan.

Host:    petrichor-dm (AVX2, FMA3, 503 GB RAM)
Command: iqtree2 -s alignments_family_muscle5_edited_trimmed/OG0000067.fa -B 1000 -mset Blosum62,cpREV,Dayhoff,DCMut,FLAVI,FLU,HIVb,HIVw,JTT,JTTDCMut,LG,mtART,mtMAM,mtREV,mtZOA,mtMet,mtVer,mtInv,PMB,Q.bird,Q.insect,Q.mammal,Q.pfam,Q.plant,Q.yeast,rtREV,VT,WAG,Q.iridoviridae,Q.mcv -T 1 -pre iqtree_family/OG0000067.fa
Seed:    343087 (Using SPRNG - Scalable Parallel Random Number Generator)
Time:    Wed Apr  2 13:16:56 2025
Kernel:  AVX+FMA - 1 threads (32 CPU cores detected)

HINT: Use -nt option to specify number of threads because your CPU has 32 cores!
HINT: -nt AUTO will automatically determine the best number of threads to use.

Reading alignment file alignments_family_muscle5_edited_trimmed/OG0000067.fa ... Fasta format detected
Reading fasta file: done in 0.000775814 secs using 26.94% CPU
Alignment most likely contains protein sequences
Constructing alignment: done in 0.000294924 secs using 100% CPU
Alignment has 59 sequences with 324 columns, 153 distinct patterns
31 parsimony-informative, 134 singleton sites, 159 constant sites
                                                          Gap/Ambiguity  Composition  p-value
Analyzing sequences: done in 1.62125e-05 secs using 104.9% CPU
   1  MN432490_Megalocytivirus_pagrus1_ISKNV                      1.54%    passed    100.00%
   2  MW883602_Megalocytivirus_pagrus1_ISKNV                      1.54%    passed    100.00%
   3  MG570132_Megalocytivirus_pagrus1_TRBIV                      2.16%    passed    100.00%
   4  MT798582_Megalocytivirus_pagrus1_RSIV                       0.00%    passed    100.00%
   5  MW883606_Megalocytivirus_pagrus1_ISKNV                      1.54%    passed    100.00%
   6  NC_003494_Megalocytivirus_pagrus1_ISKNV                     1.54%    passed    100.00%
   7  MT926123_Megalocytivirus_pagrus1_ISKNV                      1.54%    passed    100.00%
   8  KT781098_Megalocytivirus_pagrus1_ISKNV                      1.54%    passed    100.00%
   9  MK098186_Megalocytivirus_pagrus1_RSIV                       0.00%    passed    100.00%
  10  KC244182_Megalocytivirus_pagrus1_RSIV                       0.00%    passed    100.00%
  11  AF371960_Megalocytivirus_pagrus1_ISKNV                      1.54%    passed    100.00%
  12  MW883596_Megalocytivirus_pagrus1_ISKNV                      1.54%    passed    100.00%
  13  MT128667_Megalocytivirus_pagrus1_ISKNV                      1.54%    passed    100.00%
  14  MG570131_Megalocytivirus_pagrus1_TRBIV                      2.16%    passed    100.00%
  15  MW883598_Megalocytivirus_pagrus1_RSIV                       0.00%    passed    100.00%
  16  MW273354_Megalocytivirus_pagrus1_ISKNV                      1.54%    passed    100.00%
  17  MW883597_Megalocytivirus_pagrus1_ISKNV                      1.54%    passed    100.00%
  18  PQ335173_PQ335174_Threespine_stickleback_iridovirus_TSIV    6.48%    passed     16.02%
  19  MT986830_Megalocytivirus_pagrus1_ISKNV                      1.54%    passed    100.00%
  20  MT128666_Megalocytivirus_pagrus1_ISKNV                      1.54%    passed    100.00%
  21  GQ273492_Megalocytivirus_pagrus1_TRBIV                      0.00%    passed    100.00%
  22  OK042108_Megalocytivirus_pagrus1_RSIV                       0.00%    passed    100.00%
  23  MK098185_Megalocytivirus_pagrus1_RSIV                       0.00%    passed    100.00%
  24  AP017456_Megalocytivirus_pagrus1_RSIV                       0.00%    passed    100.00%
  25  ON212400_Megalocytivirus_pagrus1_ISKNV                      1.54%    passed    100.00%
  26  OR670976_Megalocytivirus_pagrus1_ISKNV                      1.54%    passed    100.00%
  27  MW883600_Megalocytivirus_pagrus1_ISKNV                      1.54%    passed    100.00%
  28  MK098187_Megalocytivirus_pagrus1_RSIV                       0.00%    passed    100.00%
  29  MW883601_Megalocytivirus_pagrus1_ISKNV                      1.54%    passed    100.00%
  30  AB104413_Megalocytivirus_pagrus1_RSIV                       0.00%    passed    100.00%
  31  23043610003_Megalocytivirus_pagrus1_ISKNV                   1.54%    passed    100.00%
  32  MW273353_Megalocytivirus_pagrus1_ISKNV                      1.54%    passed    100.00%
  33  ON075463_Megalocytivirus_pagrus1_RSIV                       0.00%    passed    100.00%
  34  MW139932_Megalocytivirus_pagrus1_RSIV                       0.00%    passed    100.00%
  35  23043610005_Megalocytivirus_pagrus1_ISKNV                   1.54%    passed    100.00%
  36  OQ475017_Megalocytivirus_pagrus1_RSIV                       1.85%    passed    100.00%
  37  OQ513807_Megalocytivirus_pagrus1_ISKNV                      1.54%    passed    100.00%
  38  MW883599_Megalocytivirus_pagrus1_ISKNV                      1.54%    passed    100.00%
  39  OL774653_Megalocytivirus_pagrus1_RSIV                       0.00%    passed    100.00%
  40  MK689685_Megalocytivirus_pagrus1_ISKNV                      1.54%    passed    100.00%
  41  ON743042_Megalocytivirus_pagrus1_RSIV                       0.00%    passed    100.00%
  42  PP151097_Megalocytivirus_pagrus1_ISKNV                      1.54%    passed    100.00%
  43  OP009387_Megalocytivirus_pagrus1_ISKNV                      1.54%    passed    100.00%
  44  MW883594_Megalocytivirus_pagrus1_ISKNV                      1.54%    passed    100.00%
  45  OL774655_Megalocytivirus_pagrus1_RSIV                       0.00%    passed    100.00%
  46  OL774654_Megalocytivirus_pagrus1_RSIV                       0.00%    passed    100.00%
  47  OR536350_Megalocytivirus_pagrus1_ISKNV                      1.54%    passed    100.00%
  48  ON740976_Megalocytivirus_pagrus1_RSIV                       0.00%    passed    100.00%
  49  MW883593_Megalocytivirus_pagrus1_ISKNV                      1.54%    passed    100.00%
  50  OP896201_Megalocytivirus_pagrus1_ISKNV                      1.54%    passed    100.00%
  51  MW883595_Megalocytivirus_pagrus1_ISKNV                      1.54%    passed    100.00%
  52  OK042109_Megalocytivirus_pagrus1_RSIV                       0.00%    passed    100.00%
  53  PP974677_Megalocytivirus_pagrus1_ISKNV                      1.54%    passed    100.00%
  54  AY894343_Megalocytivirus_pagrus1_RSIV                       0.00%    passed    100.00%
  55  MW883603_Megalocytivirus_pagrus1_ISKNV                      1.54%    passed    100.00%
  56  BD143114_Megalocytivirus_pagrus1_RSIV                       0.00%    passed    100.00%
  57  KT804738_Megalocytivirus_pagrus1_RSIV                       0.00%    passed    100.00%
  58  MK689686_Megalocytivirus_pagrus1_RSIV                       0.00%    passed    100.00%
  59  OR356116_Megalocytivirus_pagrus1_ISKNV                      1.54%    passed    100.00%
****  TOTAL                                                       1.08%  0 sequences failed composition chi2 test (p-value<5%; df=19)
NOTE: MT986830_Megalocytivirus_pagrus1_ISKNV is identical to MN432490_Megalocytivirus_pagrus1_ISKNV but kept for subsequent analysis
NOTE: MW883606_Megalocytivirus_pagrus1_ISKNV is identical to MW883602_Megalocytivirus_pagrus1_ISKNV but kept for subsequent analysis
NOTE: KC244182_Megalocytivirus_pagrus1_RSIV is identical to MT798582_Megalocytivirus_pagrus1_RSIV but kept for subsequent analysis
NOTE: MK098185_Megalocytivirus_pagrus1_RSIV is identical to MK098186_Megalocytivirus_pagrus1_RSIV but kept for subsequent analysis
NOTE: OQ513807_Megalocytivirus_pagrus1_ISKNV is identical to OR670976_Megalocytivirus_pagrus1_ISKNV but kept for subsequent analysis
NOTE: 23043610005_Megalocytivirus_pagrus1_ISKNV is identical to 23043610003_Megalocytivirus_pagrus1_ISKNV but kept for subsequent analysis
Checking for duplicate sequences: done in 9.98974e-05 secs using 100.1% CPU
Identifying sites to remove: done in 8.2016e-05 secs using 99.98% CPU
NOTE: 38 identical sequences (see below) will be ignored for subsequent analysis
NOTE: PP151097_Megalocytivirus_pagrus1_ISKNV (identical to MN432490_Megalocytivirus_pagrus1_ISKNV) is ignored but added at the end
NOTE: OP009387_Megalocytivirus_pagrus1_ISKNV (identical to MN432490_Megalocytivirus_pagrus1_ISKNV) is ignored but added at the end
NOTE: MW883595_Megalocytivirus_pagrus1_ISKNV (identical to MN432490_Megalocytivirus_pagrus1_ISKNV) is ignored but added at the end
NOTE: PP974677_Megalocytivirus_pagrus1_ISKNV (identical to MN432490_Megalocytivirus_pagrus1_ISKNV) is ignored but added at the end
NOTE: NC_003494_Megalocytivirus_pagrus1_ISKNV (identical to MW883602_Megalocytivirus_pagrus1_ISKNV) is ignored but added at the end
NOTE: MT926123_Megalocytivirus_pagrus1_ISKNV (identical to MW883602_Megalocytivirus_pagrus1_ISKNV) is ignored but added at the end
NOTE: KT781098_Megalocytivirus_pagrus1_ISKNV (identical to MW883602_Megalocytivirus_pagrus1_ISKNV) is ignored but added at the end
NOTE: AF371960_Megalocytivirus_pagrus1_ISKNV (identical to MW883602_Megalocytivirus_pagrus1_ISKNV) is ignored but added at the end
NOTE: MW883596_Megalocytivirus_pagrus1_ISKNV (identical to MW883602_Megalocytivirus_pagrus1_ISKNV) is ignored but added at the end
NOTE: MT128667_Megalocytivirus_pagrus1_ISKNV (identical to MW883602_Megalocytivirus_pagrus1_ISKNV) is ignored but added at the end
NOTE: MW273354_Megalocytivirus_pagrus1_ISKNV (identical to MW883602_Megalocytivirus_pagrus1_ISKNV) is ignored but added at the end
NOTE: MW883597_Megalocytivirus_pagrus1_ISKNV (identical to MW883602_Megalocytivirus_pagrus1_ISKNV) is ignored but added at the end
NOTE: MT128666_Megalocytivirus_pagrus1_ISKNV (identical to MW883602_Megalocytivirus_pagrus1_ISKNV) is ignored but added at the end
NOTE: ON212400_Megalocytivirus_pagrus1_ISKNV (identical to MW883602_Megalocytivirus_pagrus1_ISKNV) is ignored but added at the end
NOTE: MW883600_Megalocytivirus_pagrus1_ISKNV (identical to MW883602_Megalocytivirus_pagrus1_ISKNV) is ignored but added at the end
NOTE: MW883601_Megalocytivirus_pagrus1_ISKNV (identical to MW883602_Megalocytivirus_pagrus1_ISKNV) is ignored but added at the end
NOTE: MW273353_Megalocytivirus_pagrus1_ISKNV (identical to MW883602_Megalocytivirus_pagrus1_ISKNV) is ignored but added at the end
NOTE: MW883599_Megalocytivirus_pagrus1_ISKNV (identical to MW883602_Megalocytivirus_pagrus1_ISKNV) is ignored but added at the end
NOTE: OR536350_Megalocytivirus_pagrus1_ISKNV (identical to MW883602_Megalocytivirus_pagrus1_ISKNV) is ignored but added at the end
NOTE: MW883593_Megalocytivirus_pagrus1_ISKNV (identical to MW883602_Megalocytivirus_pagrus1_ISKNV) is ignored but added at the end
NOTE: OP896201_Megalocytivirus_pagrus1_ISKNV (identical to MW883602_Megalocytivirus_pagrus1_ISKNV) is ignored but added at the end
NOTE: MW883603_Megalocytivirus_pagrus1_ISKNV (identical to MW883602_Megalocytivirus_pagrus1_ISKNV) is ignored but added at the end
NOTE: OR356116_Megalocytivirus_pagrus1_ISKNV (identical to MW883602_Megalocytivirus_pagrus1_ISKNV) is ignored but added at the end
NOTE: OK042108_Megalocytivirus_pagrus1_RSIV (identical to MT798582_Megalocytivirus_pagrus1_RSIV) is ignored but added at the end
NOTE: AP017456_Megalocytivirus_pagrus1_RSIV (identical to MT798582_Megalocytivirus_pagrus1_RSIV) is ignored but added at the end
NOTE: ON075463_Megalocytivirus_pagrus1_RSIV (identical to MT798582_Megalocytivirus_pagrus1_RSIV) is ignored but added at the end
NOTE: MW139932_Megalocytivirus_pagrus1_RSIV (identical to MT798582_Megalocytivirus_pagrus1_RSIV) is ignored but added at the end
NOTE: OL774653_Megalocytivirus_pagrus1_RSIV (identical to MT798582_Megalocytivirus_pagrus1_RSIV) is ignored but added at the end
NOTE: OL774655_Megalocytivirus_pagrus1_RSIV (identical to MT798582_Megalocytivirus_pagrus1_RSIV) is ignored but added at the end
NOTE: OL774654_Megalocytivirus_pagrus1_RSIV (identical to MT798582_Megalocytivirus_pagrus1_RSIV) is ignored but added at the end
NOTE: ON740976_Megalocytivirus_pagrus1_RSIV (identical to MT798582_Megalocytivirus_pagrus1_RSIV) is ignored but added at the end
NOTE: OK042109_Megalocytivirus_pagrus1_RSIV (identical to MT798582_Megalocytivirus_pagrus1_RSIV) is ignored but added at the end
NOTE: AY894343_Megalocytivirus_pagrus1_RSIV (identical to MT798582_Megalocytivirus_pagrus1_RSIV) is ignored but added at the end
NOTE: KT804738_Megalocytivirus_pagrus1_RSIV (identical to MT798582_Megalocytivirus_pagrus1_RSIV) is ignored but added at the end
NOTE: MK689686_Megalocytivirus_pagrus1_RSIV (identical to MT798582_Megalocytivirus_pagrus1_RSIV) is ignored but added at the end
NOTE: MK098187_Megalocytivirus_pagrus1_RSIV (identical to MK098186_Megalocytivirus_pagrus1_RSIV) is ignored but added at the end
NOTE: AB104413_Megalocytivirus_pagrus1_RSIV (identical to MK098186_Megalocytivirus_pagrus1_RSIV) is ignored but added at the end
NOTE: BD143114_Megalocytivirus_pagrus1_RSIV (identical to MK098186_Megalocytivirus_pagrus1_RSIV) is ignored but added at the end
Alignment was printed to iqtree_family/OG0000067.fa.uniqueseq.phy

For your convenience alignment with unique sequences printed to iqtree_family/OG0000067.fa.uniqueseq.phy


Create initial parsimony tree by phylogenetic likelihood library (PLL)... 0.000 seconds
Perform fast likelihood tree search using LG+I+G model...
Estimate model parameters (epsilon = 5.000)
Perform nearest neighbor interchange...
Optimizing NNI: done in 0.0298829 secs using 99.5% CPU
Estimate model parameters (epsilon = 1.000)
1. Initial log-likelihood: -1831.627
Optimal log-likelihood: -1831.500
Proportion of invariable sites: 0.244
Gamma shape alpha: 22.629
Parameters optimization took 1 rounds (0.025 sec)
Time for fast ML tree search: 0.110 seconds

NOTE: ModelFinder requires 6 MB RAM!
ModelFinder will test up to 1320 protein models (sample size: 324) ...
 No. Model         -LnL         df  AIC          AICc         BIC
  1  Blosum62      1842.888     39  3763.777     3774.763     3911.226
  2  Blosum62+I    1842.146     40  3764.291     3775.881     3915.521
  3  Blosum62+G4   1841.974     40  3763.947     3775.537     3915.177
  4  Blosum62+I+G4 1842.552     41  3767.104     3779.316     3922.114
  5  Blosum62+R2   1842.025     41  3766.051     3778.264     3921.061
  6  Blosum62+R3   1842.001     43  3770.001     3783.515     3932.573
 14  Blosum62+I+R2 1842.240     42  3768.481     3781.335     3927.272
 15  Blosum62+I+R3 1842.186     44  3772.372     3786.566     3938.725
 23  Blosum62+F    1812.975     58  3741.950     3767.776     3961.233
 24  Blosum62+F+I  1812.228     59  3742.456     3769.274     3965.520
 25  Blosum62+F+G4 1812.086     59  3742.171     3768.989     3965.235
 27  Blosum62+F+R2 1812.137     60  3744.273     3772.106     3971.118
 45  cpREV         1841.723     39  3761.445     3772.431     3908.894
 46  cpREV+I       1836.621     40  3753.242     3764.833     3904.472
 47  cpREV+G4      1837.071     40  3754.143     3765.733     3905.372
 49  cpREV+R2      1836.858     41  3755.717     3767.929     3910.727
 67  cpREV+F       1800.223     58  3716.445     3742.272     3935.728
 68  cpREV+F+I     1795.844     59  3709.687     3736.505     3932.751
 69  cpREV+F+G4    1796.019     59  3710.038     3736.856     3933.101
 71  cpREV+F+R2    1795.872     60  3711.743     3739.576     3938.588
 89  Dayhoff       1828.007     39  3734.014     3745.000     3881.463
 90  Dayhoff+I     1825.924     40  3731.847     3743.438     3883.077
 91  Dayhoff+G4    1826.103     40  3732.206     3743.796     3883.436
 93  Dayhoff+R2    1826.043     41  3734.086     3746.298     3889.096
111  Dayhoff+F     1790.014     58  3696.029     3721.855     3915.312
112  Dayhoff+F+I   1787.152     59  3692.303     3719.122     3915.367
113  Dayhoff+F+G4  1787.399     59  3692.797     3719.615     3915.861
115  Dayhoff+F+R2  1787.314     60  3694.628     3722.461     3921.473
133  DCMut         1828.077     39  3734.155     3745.141     3881.604
134  DCMut+I       1826.038     40  3732.075     3743.665     3883.305
135  DCMut+G4      1826.214     40  3732.428     3744.018     3883.657
137  DCMut+R2      1826.157     41  3734.315     3746.527     3889.325
155  DCMut+F       1790.039     58  3696.079     3721.905     3915.362
156  DCMut+F+I     1787.231     59  3692.462     3719.281     3915.526
157  DCMut+F+G4    1787.475     59  3692.950     3719.768     3916.014
159  DCMut+F+R2    1787.395     60  3694.790     3722.623     3921.635
WARNING: Normalizing state frequencies so that sum of them equals to 1
177  FLAVI         1857.900     39  3793.800     3804.786     3941.249
WARNING: Normalizing state frequencies so that sum of them equals to 1
178  FLAVI+I       1841.738     40  3763.476     3775.066     3914.705
WARNING: Normalizing state frequencies so that sum of them equals to 1
179  FLAVI+G4      1841.458     40  3762.916     3774.507     3914.146
WARNING: Normalizing state frequencies so that sum of them equals to 1
181  FLAVI+R2      1841.979     41  3765.958     3778.170     3920.968
WARNING: Normalizing state frequencies so that sum of them equals to 1
199  FLAVI+F       1829.795     58  3775.589     3801.416     3994.872
WARNING: Normalizing state frequencies so that sum of them equals to 1
200  FLAVI+F+I     1812.395     59  3742.791     3769.609     3965.854
WARNING: Normalizing state frequencies so that sum of them equals to 1
201  FLAVI+F+G4    1810.819     59  3739.638     3766.456     3962.702
WARNING: Normalizing state frequencies so that sum of them equals to 1
203  FLAVI+F+R2    1811.881     60  3743.762     3771.594     3970.606
221  FLU           1843.808     39  3765.616     3776.602     3913.065
222  FLU+I         1836.643     40  3753.285     3764.876     3904.515
223  FLU+G4        1837.128     40  3754.257     3765.847     3905.487
225  FLU+R2        1836.742     41  3755.484     3767.696     3910.494
243  FLU+F         1794.682     58  3705.365     3731.191     3924.648
244  FLU+F+I       1787.186     59  3692.372     3719.190     3915.435
245  FLU+F+G4      1787.598     59  3693.195     3720.014     3916.259
247  FLU+F+R2      1787.242     60  3694.485     3722.317     3921.329
265  HIVb          1849.500     39  3777.000     3787.986     3924.449
266  HIVb+I        1840.168     40  3760.336     3771.926     3911.566
267  HIVb+G4       1841.282     40  3762.565     3774.155     3913.795
269  HIVb+R2       1840.863     41  3763.725     3775.938     3918.736
287  HIVb+F        1802.757     58  3721.513     3747.340     3940.796
288  HIVb+F+I      1793.348     59  3704.695     3731.514     3927.759
289  HIVb+F+G4     1793.877     59  3705.753     3732.572     3928.817
291  HIVb+F+R2     1793.608     60  3707.217     3735.050     3934.061
309  HIVw          1903.725     39  3885.450     3896.436     4032.899
310  HIVw+I        1892.414     40  3864.827     3876.417     4016.057
311  HIVw+G4       1893.403     40  3866.806     3878.396     4018.036
313  HIVw+R2       1892.757     41  3867.514     3879.727     4022.525
331  HIVw+F        1817.429     58  3750.858     3776.684     3970.141
332  HIVw+F+I      1805.224     59  3728.449     3755.267     3951.513
333  HIVw+F+G4     1806.311     59  3730.623     3757.441     3953.687
335  HIVw+F+R2     1805.716     60  3731.431     3759.264     3958.276
353  JTT           1815.230     39  3708.460     3719.446     3855.909
354  JTT+I         1813.220     40  3706.441     3718.031     3857.671
355  JTT+G4        1813.403     40  3706.807     3718.397     3858.037
357  JTT+R2        1813.338     41  3708.677     3720.889     3863.687
375  JTT+F         1792.164     58  3700.327     3726.153     3919.610
376  JTT+F+I       1789.873     59  3697.747     3724.565     3920.810
377  JTT+F+G4      1790.014     59  3698.028     3724.846     3921.092
379  JTT+F+R2      1789.964     60  3699.929     3727.762     3926.773
397  JTTDCMut      1815.586     39  3709.172     3720.157     3856.621
398  JTTDCMut+I    1813.658     40  3707.316     3718.906     3858.545
399  JTTDCMut+G4   1813.807     40  3707.614     3719.204     3858.844
401  JTTDCMut+R2   1813.754     41  3709.507     3721.720     3864.518
419  JTTDCMut+F    1791.805     58  3699.611     3725.437     3918.894
420  JTTDCMut+F+I  1789.583     59  3697.166     3723.984     3920.230
421  JTTDCMut+F+G4 1789.692     59  3697.384     3724.202     3920.448
423  JTTDCMut+F+R2 1789.622     60  3699.244     3727.077     3926.089
441  LG            1835.852     39  3749.704     3760.690     3897.153
442  LG+I          1831.467     40  3742.933     3754.524     3894.163
443  LG+G4         1831.320     40  3742.641     3754.231     3893.871
445  LG+R2         1831.176     41  3744.352     3756.564     3899.362
463  LG+F          1806.327     58  3728.655     3754.481     3947.938
464  LG+F+I        1801.906     59  3721.812     3748.630     3944.876
465  LG+F+G4       1801.785     59  3721.570     3748.388     3944.634
467  LG+F+R2       1801.634     60  3723.268     3751.101     3950.113
485  mtART         1993.324     39  4064.647     4075.633     4212.096
486  mtART+I       1940.656     40  3961.313     3972.903     4112.543
487  mtART+G4      1935.620     40  3951.239     3962.829     4102.469
489  mtART+R2      1948.116     41  3978.232     3990.444     4133.242
507  mtART+F       1887.790     58  3891.581     3917.407     4110.864
508  mtART+F+I     1847.574     59  3813.148     3839.966     4036.212
509  mtART+F+G4    1838.108     59  3794.216     3821.035     4017.280
511  mtART+F+R2    1849.212     60  3818.425     3846.258     4045.269
529  mtMAM         1965.235     39  4008.470     4019.456     4155.919
530  mtMAM+I       1923.689     40  3927.378     3938.968     4078.607
531  mtMAM+G4      1918.234     40  3916.468     3928.059     4067.698
533  mtMAM+R2      1928.284     41  3938.568     3950.781     4093.579
551  mtMAM+F       1866.885     58  3849.770     3875.596     4069.053
552  mtMAM+F+I     1836.310     59  3790.621     3817.439     4013.685
553  mtMAM+F+G4    1829.987     59  3777.974     3804.793     4001.038
555  mtMAM+F+R2    1837.115     60  3794.231     3822.064     4021.076
573  mtREV         1925.350     39  3928.701     3939.687     4076.150
574  mtREV+I       1907.441     40  3894.882     3906.472     4046.111
575  mtREV+G4      1905.546     40  3891.092     3902.682     4042.322
577  mtREV+R2      1906.359     41  3894.717     3906.930     4049.728
595  mtREV+F       1830.054     58  3776.107     3801.934     3995.391
596  mtREV+F+I     1817.195     59  3752.389     3779.207     3975.453
597  mtREV+F+G4    1815.282     59  3748.563     3775.381     3971.627
599  mtREV+F+R2    1815.552     60  3751.104     3778.937     3977.949
617  mtZOA         1933.114     39  3944.228     3955.214     4091.677
618  mtZOA+I       1901.858     40  3883.715     3895.305     4034.945
619  mtZOA+G4      1898.563     40  3877.125     3888.716     4028.355
621  mtZOA+R2      1903.218     41  3888.435     3900.648     4043.446
639  mtZOA+F       1850.532     58  3817.064     3842.891     4036.347
640  mtZOA+F+I     1828.612     59  3775.224     3802.042     3998.288
641  mtZOA+F+G4    1823.891     59  3765.781     3792.600     3988.845
643  mtZOA+F+R2    1827.012     60  3774.024     3801.857     4000.869
661  mtMet         1957.576     39  3993.151     4004.137     4140.600
662  mtMet+I       1937.616     40  3955.232     3966.822     4106.462
663  mtMet+G4      1935.833     40  3951.666     3963.256     4102.896
665  mtMet+R2      1936.916     41  3955.832     3968.045     4110.842
683  mtMet+F       1830.146     58  3776.292     3802.119     3995.575
684  mtMet+F+I     1816.090     59  3750.179     3776.997     3973.243
685  mtMet+F+G4    1813.977     59  3745.955     3772.773     3969.019
687  mtMet+F+R2    1814.973     60  3749.945     3777.778     3976.790
705  mtVer         1943.384     39  3964.768     3975.754     4112.217
706  mtVer+I       1916.486     40  3912.971     3924.562     4064.201
707  mtVer+G4      1914.933     40  3909.866     3921.456     4061.095
709  mtVer+R2      1917.985     41  3917.969     3930.182     4072.980
727  mtVer+F       1838.746     58  3793.492     3819.319     4012.775
728  mtVer+F+I     1819.900     59  3757.800     3784.618     3980.864
729  mtVer+F+G4    1817.155     59  3752.309     3779.127     3975.373
731  mtVer+F+R2    1818.953     60  3757.905     3785.738     3984.750
749  mtInv         1989.866     39  4057.732     4068.718     4205.181
750  mtInv+I       1974.860     40  4029.721     4041.311     4180.951
751  mtInv+G4      1973.916     40  4027.833     4039.423     4179.062
753  mtInv+R2      1974.110     41  4030.220     4042.433     4185.231
771  mtInv+F       1822.309     58  3760.618     3786.444     3979.901
772  mtInv+F+I     1812.569     59  3743.138     3769.956     3966.202
773  mtInv+F+G4    1811.519     59  3741.037     3767.855     3964.101
775  mtInv+F+R2    1811.534     60  3743.067     3770.900     3969.912
793  PMB           1840.295     39  3758.591     3769.577     3906.040
794  PMB+I         1839.913     40  3759.825     3771.415     3911.055
795  PMB+G4        1839.793     40  3759.586     3771.176     3910.815
797  PMB+R2        1839.883     41  3761.767     3773.980     3916.777
815  PMB+F         1809.816     58  3735.632     3761.458     3954.915
816  PMB+F+I       1809.408     59  3736.815     3763.633     3959.879
817  PMB+F+G4      1809.306     59  3736.611     3763.429     3959.675
819  PMB+F+R2      1809.393     60  3738.785     3766.618     3965.630
WARNING: Normalizing state frequencies so that sum of them equals to 1
837  Q.bird        1844.488     39  3766.975     3777.961     3914.424
WARNING: Normalizing state frequencies so that sum of them equals to 1
838  Q.bird+I      1834.902     40  3749.803     3761.393     3901.033
WARNING: Normalizing state frequencies so that sum of them equals to 1
839  Q.bird+G4     1835.134     40  3750.268     3761.858     3901.497
WARNING: Normalizing state frequencies so that sum of them equals to 1
841  Q.bird+R2     1834.849     41  3751.697     3763.910     3906.708
WARNING: Normalizing state frequencies so that sum of them equals to 1
859  Q.bird+F      1819.555     58  3755.109     3780.935     3974.392
WARNING: Normalizing state frequencies so that sum of them equals to 1
860  Q.bird+F+I    1807.004     59  3732.009     3758.827     3955.072
WARNING: Normalizing state frequencies so that sum of them equals to 1
861  Q.bird+F+G4   1806.998     59  3731.997     3758.815     3955.061
WARNING: Normalizing state frequencies so that sum of them equals to 1
863  Q.bird+F+R2   1806.827     60  3733.655     3761.488     3960.499
881  Q.insect      1849.476     39  3776.952     3787.938     3924.401
882  Q.insect+I    1845.268     40  3770.536     3782.126     3921.766
883  Q.insect+G4   1845.306     40  3770.613     3782.203     3921.842
885  Q.insect+R2   1845.138     41  3772.276     3784.489     3927.287
903  Q.insect+F    1802.702     58  3721.405     3747.231     3940.688
904  Q.insect+F+I  1798.843     59  3715.686     3742.504     3938.750
905  Q.insect+F+G4 1798.688     59  3715.376     3742.194     3938.440
907  Q.insect+F+R2 1798.568     60  3717.136     3744.969     3943.981
WARNING: Normalizing state frequencies so that sum of them equals to 1
925  Q.mammal      1838.955     39  3755.909     3766.895     3903.358
WARNING: Normalizing state frequencies so that sum of them equals to 1
926  Q.mammal+I    1833.094     40  3746.189     3757.779     3897.419
WARNING: Normalizing state frequencies so that sum of them equals to 1
927  Q.mammal+G4   1833.053     40  3746.107     3757.697     3897.336
WARNING: Normalizing state frequencies so that sum of them equals to 1
929  Q.mammal+R2   1832.817     41  3747.635     3759.848     3902.645
WARNING: Normalizing state frequencies so that sum of them equals to 1
947  Q.mammal+F    1811.479     58  3738.958     3764.785     3958.241
WARNING: Normalizing state frequencies so that sum of them equals to 1
948  Q.mammal+F+I  1803.327     59  3724.655     3751.473     3947.719
WARNING: Normalizing state frequencies so that sum of them equals to 1
949  Q.mammal+F+G4 1803.234     59  3724.467     3751.286     3947.531
WARNING: Normalizing state frequencies so that sum of them equals to 1
951  Q.mammal+F+R2 1803.082     60  3726.164     3753.996     3953.008
WARNING: Normalizing state frequencies so that sum of them equals to 1
969  Q.pfam        1834.373     39  3746.746     3757.732     3894.195
WARNING: Normalizing state frequencies so that sum of them equals to 1
970  Q.pfam+I      1830.595     40  3741.190     3752.780     3892.420
WARNING: Normalizing state frequencies so that sum of them equals to 1
971  Q.pfam+G4     1830.499     40  3740.998     3752.589     3892.228
WARNING: Normalizing state frequencies so that sum of them equals to 1
973  Q.pfam+R2     1830.363     41  3742.726     3754.939     3897.737
WARNING: Normalizing state frequencies so that sum of them equals to 1
991  Q.pfam+F      1807.246     58  3730.491     3756.318     3949.775
WARNING: Normalizing state frequencies so that sum of them equals to 1
992  Q.pfam+F+I    1803.243     59  3724.486     3751.304     3947.550
WARNING: Normalizing state frequencies so that sum of them equals to 1
993  Q.pfam+F+G4   1803.215     59  3724.430     3751.248     3947.494
WARNING: Normalizing state frequencies so that sum of them equals to 1
995  Q.pfam+F+R2   1803.063     60  3726.126     3753.959     3952.971
WARNING: Normalizing state frequencies so that sum of them equals to 1
1013  Q.plant       1836.940     39  3751.880     3762.866     3899.329
WARNING: Normalizing state frequencies so that sum of them equals to 1
1014  Q.plant+I     1827.835     40  3735.670     3747.260     3886.900
WARNING: Normalizing state frequencies so that sum of them equals to 1
1015  Q.plant+G4    1827.913     40  3735.827     3747.417     3887.057
WARNING: Normalizing state frequencies so that sum of them equals to 1
1017  Q.plant+R2    1827.698     41  3737.396     3749.609     3892.406
WARNING: Normalizing state frequencies so that sum of them equals to 1
1035  Q.plant+F     1808.348     58  3732.696     3758.523     3951.979
WARNING: Normalizing state frequencies so that sum of them equals to 1
1036  Q.plant+F+I   1799.485     59  3716.970     3743.788     3940.034
WARNING: Normalizing state frequencies so that sum of them equals to 1
1037  Q.plant+F+G4  1799.181     59  3716.362     3743.181     3939.426
WARNING: Normalizing state frequencies so that sum of them equals to 1
1039  Q.plant+F+R2  1799.030     60  3718.060     3745.893     3944.905
WARNING: Normalizing state frequencies so that sum of them equals to 1
1057  Q.yeast       1859.860     39  3797.720     3808.706     3945.169
WARNING: Normalizing state frequencies so that sum of them equals to 1
1058  Q.yeast+I     1854.358     40  3788.716     3800.306     3939.946
WARNING: Normalizing state frequencies so that sum of them equals to 1
1059  Q.yeast+G4    1854.526     40  3789.052     3800.642     3940.282
WARNING: Normalizing state frequencies so that sum of them equals to 1
1061  Q.yeast+R2    1854.294     41  3790.587     3802.800     3945.598
WARNING: Normalizing state frequencies so that sum of them equals to 1
1079  Q.yeast+F     1805.181     58  3726.363     3752.189     3945.646
WARNING: Normalizing state frequencies so that sum of them equals to 1
1080  Q.yeast+F+I   1800.261     59  3718.522     3745.340     3941.586
WARNING: Normalizing state frequencies so that sum of them equals to 1
1081  Q.yeast+F+G4  1800.342     59  3718.685     3745.503     3941.749
WARNING: Normalizing state frequencies so that sum of them equals to 1
1083  Q.yeast+F+R2  1800.131     60  3720.263     3748.095     3947.107
1101  rtREV         1865.487     39  3808.974     3819.960     3956.423
1102  rtREV+I       1859.505     40  3799.010     3810.600     3950.239
1103  rtREV+G4      1859.580     40  3799.160     3810.750     3950.390
1105  rtREV+R2      1859.331     41  3800.663     3812.875     3955.673
1123  rtREV+F       1817.557     58  3751.115     3776.941     3970.398
1124  rtREV+F+I     1811.021     59  3740.042     3766.860     3963.106
1125  rtREV+F+G4    1811.283     59  3740.566     3767.385     3963.630
1127  rtREV+F+R2    1811.039     60  3742.078     3769.911     3968.923
1145  VT            1828.420     39  3734.840     3745.825     3882.289
1146  VT+I          1827.881     40  3735.763     3747.353     3886.993
1147  VT+G4         1827.866     40  3735.731     3747.321     3886.961
1149  VT+R2         1827.939     41  3737.878     3750.091     3892.889
1167  VT+F          1800.499     58  3716.997     3742.824     3936.280
1168  VT+F+I        1799.946     59  3717.893     3744.711     3940.957
1169  VT+F+G4       1799.934     59  3717.868     3744.686     3940.932
1171  VT+F+R2       1800.004     60  3720.008     3747.841     3946.853
1189  WAG           1820.559     39  3719.118     3730.104     3866.567
1190  WAG+I         1819.192     40  3718.383     3729.973     3869.613
1191  WAG+G4        1819.294     40  3718.588     3730.178     3869.818
1193  WAG+R2        1819.291     41  3720.582     3732.795     3875.593
1211  WAG+F         1795.506     58  3707.013     3732.839     3926.296
1212  WAG+F+I       1794.062     59  3706.124     3732.942     3929.188
1213  WAG+F+G4      1794.167     59  3706.335     3733.153     3929.398
1215  WAG+F+R2      1794.153     60  3708.307     3736.140     3935.152
Reading model parameters from file Q.iridoviridae
1233  Q.iridoviridae 1837.398     39  3752.795     3763.781     3900.244
Reading model parameters from file Q.iridoviridae
1234  Q.iridoviridae+I 1834.465     40  3748.930     3760.520     3900.159
Reading model parameters from file Q.iridoviridae
1235  Q.iridoviridae+G4 1834.584     40  3749.169     3760.759     3900.399
Reading model parameters from file Q.iridoviridae
1237  Q.iridoviridae+R2 1834.497     41  3750.995     3763.207     3906.005
Reading model parameters from file Q.iridoviridae
1255  Q.iridoviridae+F 1799.385     58  3714.771     3740.597     3934.054
Reading model parameters from file Q.iridoviridae
1256  Q.iridoviridae+F+I 1796.386     59  3710.773     3737.591     3933.837
Reading model parameters from file Q.iridoviridae
1257  Q.iridoviridae+F+G4 1796.508     59  3711.017     3737.835     3934.081
Reading model parameters from file Q.iridoviridae
1259  Q.iridoviridae+F+R2 1796.411     60  3712.821     3740.654     3939.666
Reading model parameters from file Q.mcv
WARNING: Normalizing state frequencies so that sum of them equals to 1
1277  Q.mcv         1793.476     39  3664.952     3675.938     3812.401
Reading model parameters from file Q.mcv
WARNING: Normalizing state frequencies so that sum of them equals to 1
1278  Q.mcv+I       1790.672     40  3661.345     3672.935     3812.574
Reading model parameters from file Q.mcv
WARNING: Normalizing state frequencies so that sum of them equals to 1
1279  Q.mcv+G4      1790.893     40  3661.786     3673.376     3813.016
Reading model parameters from file Q.mcv
WARNING: Normalizing state frequencies so that sum of them equals to 1
1281  Q.mcv+R2      1790.794     41  3663.587     3675.800     3818.598
Reading model parameters from file Q.mcv
WARNING: Normalizing state frequencies so that sum of them equals to 1
1299  Q.mcv+F       1783.884     58  3683.768     3709.594     3903.051
Reading model parameters from file Q.mcv
WARNING: Normalizing state frequencies so that sum of them equals to 1
1300  Q.mcv+F+I     1781.039     59  3680.078     3706.896     3903.141
Reading model parameters from file Q.mcv
WARNING: Normalizing state frequencies so that sum of them equals to 1
1301  Q.mcv+F+G4    1781.220     59  3680.439     3707.257     3903.503
Reading model parameters from file Q.mcv
WARNING: Normalizing state frequencies so that sum of them equals to 1
1303  Q.mcv+F+R2    1781.116     60  3682.231     3710.064     3909.076
Akaike Information Criterion:           Q.mcv+I
Corrected Akaike Information Criterion: Q.mcv+I
Bayesian Information Criterion:         Q.mcv
Best-fit model: Q.mcv chosen according to BIC

All model information printed to iqtree_family/OG0000067.fa.model.gz
CPU time for ModelFinder: 7.732 seconds (0h:0m:7s)
Wall-clock time for ModelFinder: 7.753 seconds (0h:0m:7s)
Generating 1000 samples for ultrafast bootstrap (seed: 343087)...
Reading model parameters from file Q.mcv
WARNING: Normalizing state frequencies so that sum of them equals to 1

NOTE: 1 MB RAM (0 GB) is required!
Estimate model parameters (epsilon = 0.100)
1. Initial log-likelihood: -1793.476
Optimal log-likelihood: -1793.476
Parameters optimization took 1 rounds (0.002 sec)
Wrote distance file to... 
Computing ML distances based on estimated model parameters...
Calculating distance matrix: done in 0.007267 secs using 100% CPU
Computing ML distances took 0.007302 sec (of wall-clock time) 0.007303 sec (of CPU time)
Setting up auxiliary I and S matrices: done in 4.50611e-05 secs using 102.1% CPU
Constructing RapidNJ tree: done in 8.2016e-05 secs using 163.4% CPU
Computing RapidNJ tree took 0.000169 sec (of wall-clock time) 0.000221 sec (of CPU time)
Log-likelihood of RapidNJ tree: -1795.592
--------------------------------------------------------------------
|             INITIALIZING CANDIDATE TREE SET                      |
--------------------------------------------------------------------
Generating 98 parsimony trees... 0.049 second
Computing log-likelihood of 98 initial trees ... 0.098 seconds
Current best score: -1793.476

Do NNI search on 20 best initial trees
Optimizing NNI: done in 0.00610518 secs using 134.1% CPU
Estimate model parameters (epsilon = 0.100)
BETTER TREE FOUND at iteration 1: -1793.476
Optimizing NNI: done in 0.00597692 secs using 200% CPU
BETTER TREE FOUND at iteration 2: -1793.476
Optimizing NNI: done in 0.00599098 secs using 133.4% CPU
BETTER TREE FOUND at iteration 3: -1793.476
Optimizing NNI: done in 0.00590897 secs using 199.5% CPU
BETTER TREE FOUND at iteration 4: -1793.476
Optimizing NNI: done in 0.00593305 secs using 200% CPU
Optimizing NNI: done in 0.00589204 secs using 200.1% CPU
BETTER TREE FOUND at iteration 6: -1793.476
Optimizing NNI: done in 0.00587797 secs using 138.4% CPU
Optimizing NNI: done in 0.00589299 secs using 100% CPU
Optimizing NNI: done in 0.00591683 secs using 99.99% CPU
Optimizing NNI: done in 0.00587201 secs using 100% CPU
Iteration 10 / LogL: -1793.476 / Time: 0h:0m:0s
Optimizing NNI: done in 0.00592709 secs using 100% CPU
Optimizing NNI: done in 0.00596595 secs using 99.98% CPU
Optimizing NNI: done in 0.00591087 secs using 100% CPU
Optimizing NNI: done in 0.00587106 secs using 100% CPU
Optimizing NNI: done in 0.00589204 secs using 100% CPU
Optimizing NNI: done in 0.00592494 secs using 100% CPU
Optimizing NNI: done in 0.00593686 secs using 100% CPU
Optimizing NNI: done in 0.00589085 secs using 100% CPU
Optimizing NNI: done in 0.00591207 secs using 100% CPU
Optimizing NNI: done in 0.00592995 secs using 100% CPU
Iteration 20 / LogL: -1793.476 / Time: 0h:0m:0s
Finish initializing candidate tree set (19)
Current best tree score: -1793.476 / CPU time: 0.278
Number of iterations: 20
--------------------------------------------------------------------
|               OPTIMIZING CANDIDATE TREE SET                      |
--------------------------------------------------------------------
Optimizing NNI: done in 0.019094 secs using 94.99% CPU
Optimizing NNI: done in 0.023747 secs using 100% CPU
Optimizing NNI: done in 0.0199292 secs using 99.99% CPU
Optimizing NNI: done in 0.016566 secs using 100% CPU
Optimizing NNI: done in 0.02495 secs using 100% CPU
Estimate model parameters (epsilon = 0.100)
BETTER TREE FOUND at iteration 25: -1793.361
Optimizing NNI: done in 0.010844 secs using 100% CPU
Optimizing NNI: done in 0.0104451 secs using 100% CPU
Optimizing NNI: done in 0.0160849 secs using 100% CPU
Optimizing NNI: done in 0.0104909 secs using 100% CPU
Optimizing NNI: done in 0.0152521 secs using 100% CPU
Iteration 30 / LogL: -1793.476 / Time: 0h:0m:0s (0h:0m:1s left)
Optimizing NNI: done in 0.0152299 secs using 100% CPU
Optimizing NNI: done in 0.0151372 secs using 99.99% CPU
Optimizing NNI: done in 0.0119851 secs using 100% CPU
Optimizing NNI: done in 0.019002 secs using 99.99% CPU
Optimizing NNI: done in 0.0104139 secs using 99.99% CPU
Optimizing NNI: done in 0.0184519 secs using 100% CPU
Optimizing NNI: done in 0.0302379 secs using 100% CPU
Optimizing NNI: done in 0.015676 secs using 100% CPU
Optimizing NNI: done in 0.0151138 secs using 99.99% CPU
Optimizing NNI: done in 0.013931 secs using 100% CPU
Iteration 40 / LogL: -1793.476 / Time: 0h:0m:0s (0h:0m:1s left)
Optimizing NNI: done in 0.0190599 secs using 100% CPU
Optimizing NNI: done in 0.0297918 secs using 100% CPU
Optimizing NNI: done in 0.0156848 secs using 99.99% CPU
Optimizing NNI: done in 0.0155761 secs using 99.99% CPU
Optimizing NNI: done in 0.0245709 secs using 100% CPU
Optimizing NNI: done in 0.0232961 secs using 100% CPU
Optimizing NNI: done in 0.0159481 secs using 100% CPU
Optimizing NNI: done in 0.0145321 secs using 99.99% CPU
Optimizing NNI: done in 0.0152712 secs using 100% CPU
Optimizing NNI: done in 0.020869 secs using 100% CPU
Iteration 50 / LogL: -1793.363 / Time: 0h:0m:0s (0h:0m:1s left)
Log-likelihood cutoff on original alignment: -1820.928
Optimizing NNI: done in 0.02178 secs using 100% CPU
Optimizing NNI: done in 0.010447 secs using 100% CPU
BETTER TREE FOUND at iteration 52: -1793.361
Optimizing NNI: done in 0.019047 secs using 100% CPU
BETTER TREE FOUND at iteration 53: -1793.360
Optimizing NNI: done in 0.0244191 secs using 100% CPU
Optimizing NNI: done in 0.010582 secs using 99.99% CPU
Optimizing NNI: done in 0.017801 secs using 100% CPU
Optimizing NNI: done in 0.016036 secs using 100% CPU
Optimizing NNI: done in 0.0192599 secs using 100% CPU
Optimizing NNI: done in 0.0155611 secs using 91.56% CPU
Optimizing NNI: done in 0.0154779 secs using 100% CPU
BETTER TREE FOUND at iteration 60: -1793.360
Iteration 60 / LogL: -1793.360 / Time: 0h:0m:1s (0h:0m:1s left)
Optimizing NNI: done in 0.0106161 secs using 100% CPU
Optimizing NNI: done in 0.0205529 secs using 100% CPU
Optimizing NNI: done in 0.00938082 secs using 100% CPU
Optimizing NNI: done in 0.0164011 secs using 100% CPU
Optimizing NNI: done in 0.0102799 secs using 100% CPU
Optimizing NNI: done in 0.010865 secs using 100% CPU
Optimizing NNI: done in 0.0159378 secs using 99.99% CPU
Optimizing NNI: done in 0.0218661 secs using 100% CPU
Optimizing NNI: done in 0.0187631 secs using 99.99% CPU
Optimizing NNI: done in 0.014992 secs using 99.99% CPU
Iteration 70 / LogL: -1793.361 / Time: 0h:0m:1s (0h:0m:1s left)
Optimizing NNI: done in 0.018254 secs using 99.99% CPU
Optimizing NNI: done in 0.0150809 secs using 99.93% CPU
Optimizing NNI: done in 0.023154 secs using 100% CPU
Optimizing NNI: done in 0.0248849 secs using 100% CPU
Optimizing NNI: done in 0.020339 secs using 100% CPU
Optimizing NNI: done in 0.0154772 secs using 99.99% CPU
Optimizing NNI: done in 0.0147161 secs using 99.99% CPU
Optimizing NNI: done in 0.021039 secs using 100% CPU
Optimizing NNI: done in 0.026273 secs using 100% CPU
Optimizing NNI: done in 0.010174 secs using 100% CPU
Iteration 80 / LogL: -1799.026 / Time: 0h:0m:1s (0h:0m:1s left)
Optimizing NNI: done in 0.0202739 secs using 100% CPU
Optimizing NNI: done in 0.0202129 secs using 100% CPU
Optimizing NNI: done in 0.010278 secs using 100% CPU
Optimizing NNI: done in 0.0210431 secs using 100% CPU
Optimizing NNI: done in 0.010324 secs using 87.21% CPU
Optimizing NNI: done in 0.0229671 secs using 100% CPU
Optimizing NNI: done in 0.0100451 secs using 100% CPU
Optimizing NNI: done in 0.017817 secs using 99.99% CPU
Optimizing NNI: done in 0.010417 secs using 100% CPU
Optimizing NNI: done in 0.015784 secs using 99.99% CPU
Iteration 90 / LogL: -1793.360 / Time: 0h:0m:1s (0h:0m:1s left)
Optimizing NNI: done in 0.010057 secs using 99.98% CPU
Optimizing NNI: done in 0.0104899 secs using 100% CPU
Optimizing NNI: done in 0.015383 secs using 100% CPU
Optimizing NNI: done in 0.0127509 secs using 100% CPU
Optimizing NNI: done in 0.0253711 secs using 100% CPU
Optimizing NNI: done in 0.0201011 secs using 99.99% CPU
Optimizing NNI: done in 0.0154209 secs using 99.99% CPU
Optimizing NNI: done in 0.0139179 secs using 99.99% CPU
Optimizing NNI: done in 0.0208199 secs using 100% CPU
Optimizing NNI: done in 0.0147619 secs using 100% CPU
Iteration 100 / LogL: -1793.361 / Time: 0h:0m:1s (0h:0m:1s left)
Log-likelihood cutoff on original alignment: -1821.621
NOTE: Bootstrap correlation coefficient of split occurrence frequencies: 0.964
NOTE: UFBoot does not converge, continue at least 100 more iterations
Optimizing NNI: done in 0.013576 secs using 100% CPU
Optimizing NNI: done in 0.0143771 secs using 100% CPU
Optimizing NNI: done in 0.019964 secs using 100% CPU
BETTER TREE FOUND at iteration 103: -1793.360
Optimizing NNI: done in 0.020865 secs using 100% CPU
Optimizing NNI: done in 0.015538 secs using 100% CPU
Optimizing NNI: done in 0.0140269 secs using 100% CPU
Optimizing NNI: done in 0.0164349 secs using 100% CPU
BETTER TREE FOUND at iteration 107: -1793.360
Optimizing NNI: done in 0.021436 secs using 100% CPU
Optimizing NNI: done in 0.0157351 secs using 100% CPU
Optimizing NNI: done in 0.0157819 secs using 99.99% CPU
Iteration 110 / LogL: -1793.361 / Time: 0h:0m:2s (0h:0m:1s left)
Optimizing NNI: done in 0.0187418 secs using 100% CPU
Optimizing NNI: done in 0.0131149 secs using 100% CPU
Optimizing NNI: done in 0.015692 secs using 100% CPU
UPDATE BEST LOG-LIKELIHOOD: -1793.360
Optimizing NNI: done in 0.02685 secs using 100% CPU
Optimizing NNI: done in 0.023339 secs using 100% CPU
Optimizing NNI: done in 0.014209 secs using 99.99% CPU
Optimizing NNI: done in 0.0161819 secs using 100% CPU
BETTER TREE FOUND at iteration 117: -1793.360
Optimizing NNI: done in 0.0228379 secs using 97.34% CPU
Optimizing NNI: done in 0.0155258 secs using 100% CPU
Optimizing NNI: done in 0.01125 secs using 99.83% CPU
Iteration 120 / LogL: -1793.360 / Time: 0h:0m:2s (0h:0m:1s left)
Optimizing NNI: done in 0.0180318 secs using 100% CPU
Optimizing NNI: done in 0.0205781 secs using 100% CPU
Optimizing NNI: done in 0.018069 secs using 100% CPU
Optimizing NNI: done in 0.0211551 secs using 100% CPU
Optimizing NNI: done in 0.016289 secs using 99.99% CPU
Optimizing NNI: done in 0.0218079 secs using 100% CPU
Optimizing NNI: done in 0.031702 secs using 100% CPU
Optimizing NNI: done in 0.0247118 secs using 100% CPU
Optimizing NNI: done in 0.020941 secs using 100% CPU
Optimizing NNI: done in 0.015327 secs using 99.99% CPU
Iteration 130 / LogL: -1793.361 / Time: 0h:0m:2s (0h:0m:1s left)
Optimizing NNI: done in 0.0150981 secs using 100% CPU
Optimizing NNI: done in 0.0141969 secs using 99.99% CPU
Optimizing NNI: done in 0.0200899 secs using 100% CPU
Optimizing NNI: done in 0.0169761 secs using 100% CPU
Optimizing NNI: done in 0.016134 secs using 99.99% CPU
Optimizing NNI: done in 0.016088 secs using 100% CPU
Optimizing NNI: done in 0.0191288 secs using 100% CPU
Optimizing NNI: done in 0.0161622 secs using 100% CPU
BETTER TREE FOUND at iteration 138: -1793.360
Optimizing NNI: done in 0.0185399 secs using 100% CPU
Optimizing NNI: done in 0.0158148 secs using 100% CPU
Iteration 140 / LogL: -1793.361 / Time: 0h:0m:2s (0h:0m:1s left)
Optimizing NNI: done in 0.0108008 secs using 100% CPU
Optimizing NNI: done in 0.0223999 secs using 100% CPU
Optimizing NNI: done in 0.0108919 secs using 100% CPU
Optimizing NNI: done in 0.0170159 secs using 100% CPU
Optimizing NNI: done in 0.01809 secs using 100% CPU
Optimizing NNI: done in 0.0159831 secs using 100% CPU
Optimizing NNI: done in 0.0204761 secs using 100% CPU
Optimizing NNI: done in 0.0102541 secs using 99.99% CPU
Optimizing NNI: done in 0.0246348 secs using 100% CPU
Optimizing NNI: done in 0.0143909 secs using 100% CPU
BETTER TREE FOUND at iteration 150: -1793.360
Iteration 150 / LogL: -1793.360 / Time: 0h:0m:2s (0h:0m:1s left)
Log-likelihood cutoff on original alignment: -1821.621
Optimizing NNI: done in 0.013804 secs using 100% CPU
Optimizing NNI: done in 0.0101838 secs using 100% CPU
Optimizing NNI: done in 0.0225151 secs using 100% CPU
Optimizing NNI: done in 0.0160491 secs using 100% CPU
Optimizing NNI: done in 0.0143502 secs using 100% CPU
Optimizing NNI: done in 0.0149031 secs using 100% CPU
Optimizing NNI: done in 0.020654 secs using 99.96% CPU
Optimizing NNI: done in 0.0228469 secs using 100% CPU
Optimizing NNI: done in 0.010597 secs using 100% CPU
Optimizing NNI: done in 0.021493 secs using 100% CPU
Iteration 160 / LogL: -1793.360 / Time: 0h:0m:3s (0h:0m:1s left)
Optimizing NNI: done in 0.00953579 secs using 100% CPU
Optimizing NNI: done in 0.0212741 secs using 99.99% CPU
Optimizing NNI: done in 0.020942 secs using 100% CPU
Optimizing NNI: done in 0.010097 secs using 100% CPU
Optimizing NNI: done in 0.0419621 secs using 99.97% CPU
Optimizing NNI: done in 0.0139282 secs using 99.99% CPU
Optimizing NNI: done in 0.0233629 secs using 100% CPU
Optimizing NNI: done in 0.0104601 secs using 99.99% CPU
Optimizing NNI: done in 0.018476 secs using 99.99% CPU
Optimizing NNI: done in 0.018759 secs using 99.99% CPU
Iteration 170 / LogL: -1793.362 / Time: 0h:0m:3s (0h:0m:1s left)
Optimizing NNI: done in 0.022789 secs using 100% CPU
Optimizing NNI: done in 0.0104311 secs using 100% CPU
Optimizing NNI: done in 0.020077 secs using 96.88% CPU
Optimizing NNI: done in 0.0193081 secs using 99.99% CPU
Optimizing NNI: done in 0.0214131 secs using 99.99% CPU
Optimizing NNI: done in 0.0205851 secs using 99.99% CPU
Optimizing NNI: done in 0.015569 secs using 100% CPU
Optimizing NNI: done in 0.00915313 secs using 100% CPU
Optimizing NNI: done in 0.0152509 secs using 100% CPU
Optimizing NNI: done in 0.015331 secs using 100% CPU
Iteration 180 / LogL: -1793.361 / Time: 0h:0m:3s (0h:0m:1s left)
Optimizing NNI: done in 0.021446 secs using 100% CPU
Optimizing NNI: done in 0.00987005 secs using 100% CPU
Optimizing NNI: done in 0.016475 secs using 100% CPU
Optimizing NNI: done in 0.010092 secs using 99.99% CPU
BETTER TREE FOUND at iteration 184: -1793.360
Optimizing NNI: done in 0.0152609 secs using 99.99% CPU
Optimizing NNI: done in 0.010488 secs using 99.99% CPU
Optimizing NNI: done in 0.021312 secs using 100% CPU
Optimizing NNI: done in 0.014972 secs using 100% CPU
Optimizing NNI: done in 0.0158191 secs using 100% CPU
Optimizing NNI: done in 0.0209959 secs using 100% CPU
Iteration 190 / LogL: -1793.360 / Time: 0h:0m:3s (0h:0m:1s left)
Optimizing NNI: done in 0.018157 secs using 100% CPU
Optimizing NNI: done in 0.0104811 secs using 100% CPU
BETTER TREE FOUND at iteration 192: -1793.360
Optimizing NNI: done in 0.0164509 secs using 100% CPU
Optimizing NNI: done in 0.016464 secs using 99.99% CPU
Optimizing NNI: done in 0.0102069 secs using 100% CPU
Optimizing NNI: done in 0.0105889 secs using 100% CPU
Optimizing NNI: done in 0.0128241 secs using 100% CPU
Optimizing NNI: done in 0.022778 secs using 100% CPU
Optimizing NNI: done in 0.020231 secs using 100% CPU
Optimizing NNI: done in 0.015641 secs using 100% CPU
Iteration 200 / LogL: -1793.360 / Time: 0h:0m:4s (0h:0m:1s left)
Log-likelihood cutoff on original alignment: -1821.621
NOTE: Bootstrap correlation coefficient of split occurrence frequencies: 0.978
NOTE: UFBoot does not converge, continue at least 100 more iterations
Optimizing NNI: done in 0.013829 secs using 100% CPU
Optimizing NNI: done in 0.015641 secs using 100% CPU
Optimizing NNI: done in 0.0153892 secs using 99.99% CPU
Optimizing NNI: done in 0.0313158 secs using 100% CPU
Optimizing NNI: done in 0.016144 secs using 100% CPU
Optimizing NNI: done in 0.0185359 secs using 100% CPU
Optimizing NNI: done in 0.0204649 secs using 100% CPU
Optimizing NNI: done in 0.013345 secs using 99.87% CPU
Optimizing NNI: done in 0.0154998 secs using 100% CPU
Optimizing NNI: done in 0.0104649 secs using 100% CPU
Iteration 210 / LogL: -1799.026 / Time: 0h:0m:4s (0h:0m:1s left)
Optimizing NNI: done in 0.0107808 secs using 100% CPU
Optimizing NNI: done in 0.020287 secs using 100% CPU
Optimizing NNI: done in 0.0262809 secs using 100% CPU
Optimizing NNI: done in 0.0199509 secs using 100% CPU
Optimizing NNI: done in 0.010745 secs using 100% CPU
Optimizing NNI: done in 0.0105219 secs using 100% CPU
Optimizing NNI: done in 0.0151598 secs using 100% CPU
Optimizing NNI: done in 0.020927 secs using 100% CPU
Optimizing NNI: done in 0.0156748 secs using 100% CPU
Optimizing NNI: done in 0.0152581 secs using 100% CPU
Iteration 220 / LogL: -1793.361 / Time: 0h:0m:4s (0h:0m:1s left)
Optimizing NNI: done in 0.0137889 secs using 100% CPU
Optimizing NNI: done in 0.0111091 secs using 100% CPU
Optimizing NNI: done in 0.0157509 secs using 100% CPU
Optimizing NNI: done in 0.0139861 secs using 100% CPU
Optimizing NNI: done in 0.0188811 secs using 100% CPU
Optimizing NNI: done in 0.01002 secs using 100% CPU
Optimizing NNI: done in 0.0224721 secs using 99.99% CPU
Optimizing NNI: done in 0.015507 secs using 99.99% CPU
Optimizing NNI: done in 0.0210111 secs using 100% CPU
Optimizing NNI: done in 0.0176551 secs using 99.99% CPU
Iteration 230 / LogL: -1834.373 / Time: 0h:0m:4s (0h:0m:1s left)
Optimizing NNI: done in 0.0248749 secs using 99.99% CPU
Optimizing NNI: done in 0.019011 secs using 100% CPU
Optimizing NNI: done in 0.0339339 secs using 100% CPU
Optimizing NNI: done in 0.0253489 secs using 100% CPU
Optimizing NNI: done in 0.0164161 secs using 100% CPU
Optimizing NNI: done in 0.017864 secs using 100% CPU
Optimizing NNI: done in 0.00992703 secs using 100% CPU
Optimizing NNI: done in 0.014782 secs using 99.99% CPU
Optimizing NNI: done in 0.0130758 secs using 100% CPU
Optimizing NNI: done in 0.0105178 secs using 99.99% CPU
Iteration 240 / LogL: -1798.861 / Time: 0h:0m:4s (0h:0m:1s left)
Optimizing NNI: done in 0.0102839 secs using 100% CPU
Optimizing NNI: done in 0.0104861 secs using 100% CPU
Optimizing NNI: done in 0.0248001 secs using 100% CPU
Optimizing NNI: done in 0.02337 secs using 100% CPU
Optimizing NNI: done in 0.0176849 secs using 99.99% CPU
Optimizing NNI: done in 0.016207 secs using 100% CPU
Optimizing NNI: done in 0.0162411 secs using 100% CPU
Optimizing NNI: done in 0.0180452 secs using 100% CPU
Optimizing NNI: done in 0.0259511 secs using 100% CPU
Optimizing NNI: done in 0.00916696 secs using 100% CPU
Iteration 250 / LogL: -1837.200 / Time: 0h:0m:5s (0h:0m:1s left)
Log-likelihood cutoff on original alignment: -1821.644
Optimizing NNI: done in 0.0153999 secs using 99.99% CPU
Optimizing NNI: done in 0.0180941 secs using 99.99% CPU
Optimizing NNI: done in 0.0154271 secs using 100% CPU
Optimizing NNI: done in 0.00986505 secs using 100% CPU
Optimizing NNI: done in 0.020448 secs using 100% CPU
Optimizing NNI: done in 0.0254469 secs using 100% CPU
Optimizing NNI: done in 0.0206759 secs using 100% CPU
Optimizing NNI: done in 0.020591 secs using 100% CPU
Optimizing NNI: done in 0.0185111 secs using 100% CPU
Optimizing NNI: done in 0.0109951 secs using 100% CPU
Iteration 260 / LogL: -1793.360 / Time: 0h:0m:5s (0h:0m:0s left)
Optimizing NNI: done in 0.0184331 secs using 100% CPU
Optimizing NNI: done in 0.0183179 secs using 99.99% CPU
Optimizing NNI: done in 0.00583887 secs using 100% CPU
UPDATE BEST LOG-LIKELIHOOD: -1793.360
Optimizing NNI: done in 0.0197189 secs using 100% CPU
Optimizing NNI: done in 0.010119 secs using 99.99% CPU
Optimizing NNI: done in 0.0216191 secs using 99.99% CPU
Optimizing NNI: done in 0.0109451 secs using 100% CPU
Optimizing NNI: done in 0.013701 secs using 100% CPU
Optimizing NNI: done in 0.0253139 secs using 100% CPU
Optimizing NNI: done in 0.015995 secs using 99.99% CPU
Iteration 270 / LogL: -1793.361 / Time: 0h:0m:5s (0h:0m:0s left)
Optimizing NNI: done in 0.0294509 secs using 100% CPU
Optimizing NNI: done in 0.0238612 secs using 100% CPU
Optimizing NNI: done in 0.0200541 secs using 100% CPU
Optimizing NNI: done in 0.016017 secs using 99.99% CPU
Optimizing NNI: done in 0.0148368 secs using 99.99% CPU
Optimizing NNI: done in 0.0103228 secs using 99.99% CPU
Optimizing NNI: done in 0.0274961 secs using 100% CPU
Optimizing NNI: done in 0.010653 secs using 100% CPU
Optimizing NNI: done in 0.0195291 secs using 100% CPU
Optimizing NNI: done in 0.031357 secs using 100% CPU
Iteration 280 / LogL: -1793.360 / Time: 0h:0m:5s (0h:0m:0s left)
Optimizing NNI: done in 0.019707 secs using 100% CPU
Optimizing NNI: done in 0.0105112 secs using 100% CPU
Optimizing NNI: done in 0.00872898 secs using 100% CPU
Optimizing NNI: done in 0.022995 secs using 100% CPU
Optimizing NNI: done in 0.0280089 secs using 100% CPU
Optimizing NNI: done in 0.00997901 secs using 100% CPU
Optimizing NNI: done in 0.015352 secs using 100% CPU
Optimizing NNI: done in 0.0247262 secs using 100% CPU
BETTER TREE FOUND at iteration 288: -1793.360
Optimizing NNI: done in 0.0195661 secs using 99.99% CPU
Optimizing NNI: done in 0.0104861 secs using 100% CPU
Iteration 290 / LogL: -1793.360 / Time: 0h:0m:5s (0h:0m:2s left)
Optimizing NNI: done in 0.0159531 secs using 100% CPU
Optimizing NNI: done in 0.0202842 secs using 100% CPU
Optimizing NNI: done in 0.0105479 secs using 99.99% CPU
Optimizing NNI: done in 0.0164239 secs using 99.99% CPU
Optimizing NNI: done in 0.0199168 secs using 100% CPU
Optimizing NNI: done in 0.016119 secs using 99.99% CPU
Optimizing NNI: done in 0.0217481 secs using 100% CPU
Optimizing NNI: done in 0.0264931 secs using 100% CPU
Optimizing NNI: done in 0.0147262 secs using 100% CPU
Optimizing NNI: done in 0.0111899 secs using 99.99% CPU
Iteration 300 / LogL: -1793.360 / Time: 0h:0m:6s (0h:0m:1s left)
Log-likelihood cutoff on original alignment: -1822.623
NOTE: Bootstrap correlation coefficient of split occurrence frequencies: 0.986
NOTE: UFBoot does not converge, continue at least 100 more iterations
Optimizing NNI: done in 0.0277581 secs using 100% CPU
Optimizing NNI: done in 0.010726 secs using 100% CPU
BETTER TREE FOUND at iteration 302: -1793.360
Optimizing NNI: done in 0.010926 secs using 99.99% CPU
Optimizing NNI: done in 0.015219 secs using 100% CPU
Optimizing NNI: done in 0.010498 secs using 99.99% CPU
Optimizing NNI: done in 0.020153 secs using 99.94% CPU
Optimizing NNI: done in 0.0107021 secs using 100% CPU
Optimizing NNI: done in 0.0203831 secs using 100% CPU
Optimizing NNI: done in 0.0332129 secs using 100% CPU
Optimizing NNI: done in 0.010015 secs using 100% CPU
Iteration 310 / LogL: -1793.360 / Time: 0h:0m:6s (0h:0m:1s left)
Optimizing NNI: done in 0.0158489 secs using 99.99% CPU
Optimizing NNI: done in 0.020021 secs using 100% CPU
Optimizing NNI: done in 0.0160811 secs using 100% CPU
Optimizing NNI: done in 0.0179858 secs using 100% CPU
Optimizing NNI: done in 0.010653 secs using 99.99% CPU
Optimizing NNI: done in 0.0251999 secs using 100% CPU
Optimizing NNI: done in 0.013747 secs using 99.99% CPU
Optimizing NNI: done in 0.017554 secs using 100% CPU
Optimizing NNI: done in 0.019428 secs using 100% CPU
Optimizing NNI: done in 0.0208201 secs using 100% CPU
Iteration 320 / LogL: -1793.360 / Time: 0h:0m:6s (0h:0m:1s left)
Optimizing NNI: done in 0.019886 secs using 100% CPU
Optimizing NNI: done in 0.0239482 secs using 100% CPU
Optimizing NNI: done in 0.0132401 secs using 100% CPU
Optimizing NNI: done in 0.0203459 secs using 100% CPU
Optimizing NNI: done in 0.0213399 secs using 100% CPU
Optimizing NNI: done in 0.010529 secs using 100% CPU
Optimizing NNI: done in 0.015547 secs using 100% CPU
Optimizing NNI: done in 0.021117 secs using 100% CPU
Optimizing NNI: done in 0.011215 secs using 100% CPU
Optimizing NNI: done in 0.0093112 secs using 100% CPU
Iteration 330 / LogL: -1831.143 / Time: 0h:0m:6s (0h:0m:1s left)
Optimizing NNI: done in 0.0100889 secs using 100% CPU
Optimizing NNI: done in 0.024184 secs using 100% CPU
Optimizing NNI: done in 0.0167029 secs using 100% CPU
BETTER TREE FOUND at iteration 333: -1793.360
Optimizing NNI: done in 0.01038 secs using 99.92% CPU
BETTER TREE FOUND at iteration 334: -1793.360
Optimizing NNI: done in 0.0160272 secs using 99.99% CPU
Optimizing NNI: done in 0.0210981 secs using 100% CPU
Optimizing NNI: done in 0.0105109 secs using 100% CPU
Optimizing NNI: done in 0.0234661 secs using 100% CPU
Optimizing NNI: done in 0.0155001 secs using 99.99% CPU
Optimizing NNI: done in 0.0160301 secs using 99.99% CPU
Iteration 340 / LogL: -1793.360 / Time: 0h:0m:7s (0h:0m:1s left)
Optimizing NNI: done in 0.0104408 secs using 99.99% CPU
Optimizing NNI: done in 0.0101221 secs using 99.99% CPU
Optimizing NNI: done in 0.0421069 secs using 100% CPU
Optimizing NNI: done in 0.0262299 secs using 100% CPU
Optimizing NNI: done in 0.019475 secs using 100% CPU
Optimizing NNI: done in 0.0246508 secs using 100% CPU
Optimizing NNI: done in 0.0160539 secs using 100% CPU
Optimizing NNI: done in 0.021136 secs using 100% CPU
Optimizing NNI: done in 0.015774 secs using 99.99% CPU
Optimizing NNI: done in 0.0219991 secs using 99.94% CPU
Iteration 350 / LogL: -1793.361 / Time: 0h:0m:7s (0h:0m:1s left)
Log-likelihood cutoff on original alignment: -1823.853
Optimizing NNI: done in 0.015872 secs using 100% CPU
Optimizing NNI: done in 0.010298 secs using 99.99% CPU
Optimizing NNI: done in 0.0252531 secs using 100% CPU
Optimizing NNI: done in 0.0104802 secs using 100% CPU
Optimizing NNI: done in 0.0159879 secs using 100% CPU
Optimizing NNI: done in 0.0156741 secs using 100% CPU
Optimizing NNI: done in 0.0160282 secs using 99.99% CPU
Optimizing NNI: done in 0.0153019 secs using 100% CPU
Optimizing NNI: done in 0.0159869 secs using 100% CPU
Optimizing NNI: done in 0.0157599 secs using 99.99% CPU
Iteration 360 / LogL: -1793.360 / Time: 0h:0m:7s (0h:0m:1s left)
Optimizing NNI: done in 0.0164778 secs using 100% CPU
Optimizing NNI: done in 0.0169091 secs using 99.99% CPU
Optimizing NNI: done in 0.0255849 secs using 100% CPU
Optimizing NNI: done in 0.0138581 secs using 99.99% CPU
BETTER TREE FOUND at iteration 364: -1793.360
Optimizing NNI: done in 0.0148251 secs using 100% CPU
Optimizing NNI: done in 0.01438 secs using 100% CPU
Optimizing NNI: done in 0.0207391 secs using 99.99% CPU
Optimizing NNI: done in 0.0216641 secs using 100% CPU
Optimizing NNI: done in 0.023334 secs using 100% CPU
Optimizing NNI: done in 0.010479 secs using 99.9% CPU
Iteration 370 / LogL: -1793.360 / Time: 0h:0m:7s (0h:0m:1s left)
Optimizing NNI: done in 0.00935006 secs using 100% CPU
Optimizing NNI: done in 0.014003 secs using 99.99% CPU
Optimizing NNI: done in 0.0145602 secs using 100% CPU
Optimizing NNI: done in 0.0150421 secs using 100% CPU
Optimizing NNI: done in 0.0154719 secs using 100% CPU
Optimizing NNI: done in 0.0100429 secs using 100% CPU
BETTER TREE FOUND at iteration 376: -1793.360
Optimizing NNI: done in 0.010679 secs using 99.88% CPU
Optimizing NNI: done in 0.0152991 secs using 99.99% CPU
Optimizing NNI: done in 0.024204 secs using 100% CPU
Optimizing NNI: done in 0.0214942 secs using 100% CPU
Iteration 380 / LogL: -1793.360 / Time: 0h:0m:7s (0h:0m:2s left)
Optimizing NNI: done in 0.0157049 secs using 100% CPU
Optimizing NNI: done in 0.010365 secs using 100% CPU
Optimizing NNI: done in 0.016187 secs using 99.99% CPU
Optimizing NNI: done in 0.026953 secs using 100% CPU
Optimizing NNI: done in 0.0102921 secs using 100% CPU
Optimizing NNI: done in 0.0175641 secs using 100% CPU
Optimizing NNI: done in 0.0156569 secs using 99.99% CPU
BETTER TREE FOUND at iteration 387: -1793.360
Optimizing NNI: done in 0.0161948 secs using 100% CPU
Optimizing NNI: done in 0.0302591 secs using 100% CPU
Optimizing NNI: done in 0.0231891 secs using 99.97% CPU
Iteration 390 / LogL: -1793.361 / Time: 0h:0m:8s (0h:0m:2s left)
Optimizing NNI: done in 0.021364 secs using 100% CPU
Optimizing NNI: done in 0.015384 secs using 100% CPU
Optimizing NNI: done in 0.0174389 secs using 99.99% CPU
Optimizing NNI: done in 0.0151589 secs using 100% CPU
Optimizing NNI: done in 0.00912809 secs using 99.87% CPU
Optimizing NNI: done in 0.010602 secs using 100% CPU
Optimizing NNI: done in 0.0104201 secs using 100% CPU
Optimizing NNI: done in 0.0133491 secs using 100% CPU
Optimizing NNI: done in 0.015511 secs using 100% CPU
Optimizing NNI: done in 0.0150931 secs using 99.99% CPU
Iteration 400 / LogL: -1793.361 / Time: 0h:0m:8s (0h:0m:1s left)
Log-likelihood cutoff on original alignment: -1825.099
NOTE: Bootstrap correlation coefficient of split occurrence frequencies: 0.990
NOTE: UFBoot does not converge, continue at least 100 more iterations
Optimizing NNI: done in 0.0150001 secs using 99.99% CPU
Optimizing NNI: done in 0.0153561 secs using 100% CPU
Optimizing NNI: done in 0.0215509 secs using 100% CPU
Optimizing NNI: done in 0.015167 secs using 100% CPU
Optimizing NNI: done in 0.015722 secs using 100% CPU
Optimizing NNI: done in 0.0260181 secs using 100% CPU
Optimizing NNI: done in 0.0156028 secs using 99.99% CPU
Optimizing NNI: done in 0.0140681 secs using 100% CPU
Optimizing NNI: done in 0.0104301 secs using 100% CPU
Optimizing NNI: done in 0.0193448 secs using 100% CPU
Iteration 410 / LogL: -1793.360 / Time: 0h:0m:8s (0h:0m:1s left)
Optimizing NNI: done in 0.0306711 secs using 100% CPU
Optimizing NNI: done in 0.0104799 secs using 100% CPU
Optimizing NNI: done in 0.013582 secs using 100% CPU
Optimizing NNI: done in 0.0101731 secs using 100% CPU
Optimizing NNI: done in 0.0209539 secs using 100% CPU
Optimizing NNI: done in 0.015192 secs using 100% CPU
Optimizing NNI: done in 0.01578 secs using 100% CPU
Optimizing NNI: done in 0.020618 secs using 100% CPU
Optimizing NNI: done in 0.0149341 secs using 100% CPU
Optimizing NNI: done in 0.0157211 secs using 100% CPU
Iteration 420 / LogL: -1793.361 / Time: 0h:0m:8s (0h:0m:1s left)
Optimizing NNI: done in 0.010781 secs using 99.99% CPU
Optimizing NNI: done in 0.01138 secs using 100% CPU
Optimizing NNI: done in 0.0157518 secs using 100% CPU
Optimizing NNI: done in 0.019172 secs using 99.97% CPU
Optimizing NNI: done in 0.0108671 secs using 100% CPU
Optimizing NNI: done in 0.0243309 secs using 100% CPU
Optimizing NNI: done in 0.0137901 secs using 99.99% CPU
Optimizing NNI: done in 0.0227442 secs using 100% CPU
Optimizing NNI: done in 0.0181489 secs using 100% CPU
Optimizing NNI: done in 0.0194812 secs using 99.99% CPU
Iteration 430 / LogL: -1793.360 / Time: 0h:0m:9s (0h:0m:1s left)
Optimizing NNI: done in 0.017607 secs using 99.99% CPU
Optimizing NNI: done in 0.0227351 secs using 100% CPU
Optimizing NNI: done in 0.0203478 secs using 100% CPU
Optimizing NNI: done in 0.0187991 secs using 100% CPU
Optimizing NNI: done in 0.017837 secs using 100% CPU
Optimizing NNI: done in 0.014565 secs using 100% CPU
Optimizing NNI: done in 0.021477 secs using 100% CPU
Optimizing NNI: done in 0.0150321 secs using 100% CPU
Optimizing NNI: done in 0.0205331 secs using 100% CPU
Optimizing NNI: done in 0.0147202 secs using 99.99% CPU
Iteration 440 / LogL: -1807.935 / Time: 0h:0m:9s (0h:0m:1s left)
Optimizing NNI: done in 0.00986004 secs using 99.9% CPU
Optimizing NNI: done in 0.015558 secs using 100% CPU
Optimizing NNI: done in 0.0105581 secs using 100% CPU
Optimizing NNI: done in 0.019315 secs using 100% CPU
Optimizing NNI: done in 0.022948 secs using 100% CPU
Optimizing NNI: done in 0.00927687 secs using 100% CPU
Optimizing NNI: done in 0.014266 secs using 99.99% CPU
Optimizing NNI: done in 0.0102761 secs using 100% CPU
Optimizing NNI: done in 0.020149 secs using 100% CPU
Optimizing NNI: done in 0.00978303 secs using 99.99% CPU
Iteration 450 / LogL: -1834.373 / Time: 0h:0m:9s (0h:0m:1s left)
Log-likelihood cutoff on original alignment: -1825.099
Optimizing NNI: done in 0.0103459 secs using 99.99% CPU
Optimizing NNI: done in 0.0160911 secs using 100% CPU
Optimizing NNI: done in 0.019984 secs using 99.99% CPU
Optimizing NNI: done in 0.0156879 secs using 100% CPU
Optimizing NNI: done in 0.0101361 secs using 99.99% CPU
Optimizing NNI: done in 0.0253761 secs using 100% CPU
Optimizing NNI: done in 0.0162671 secs using 99.99% CPU
Optimizing NNI: done in 0.00912285 secs using 100% CPU
Optimizing NNI: done in 0.020396 secs using 100% CPU
Optimizing NNI: done in 0.0207579 secs using 100% CPU
Iteration 460 / LogL: -1793.361 / Time: 0h:0m:9s (0h:0m:0s left)
Optimizing NNI: done in 0.0105541 secs using 99.99% CPU
Optimizing NNI: done in 0.014801 secs using 100% CPU
Optimizing NNI: done in 0.0106349 secs using 100% CPU
Optimizing NNI: done in 0.0124018 secs using 100% CPU
Optimizing NNI: done in 0.013541 secs using 100% CPU
Optimizing NNI: done in 0.026233 secs using 100% CPU
Optimizing NNI: done in 0.00975394 secs using 99.99% CPU
Optimizing NNI: done in 0.016458 secs using 100% CPU
Optimizing NNI: done in 0.0216691 secs using 100% CPU
Optimizing NNI: done in 0.0108621 secs using 99.99% CPU
Iteration 470 / LogL: -1808.610 / Time: 0h:0m:9s (0h:0m:0s left)
Optimizing NNI: done in 0.0156801 secs using 100% CPU
Optimizing NNI: done in 0.0250649 secs using 100% CPU
Optimizing NNI: done in 0.0127039 secs using 100% CPU
Optimizing NNI: done in 0.010704 secs using 100% CPU
Optimizing NNI: done in 0.019423 secs using 99.99% CPU
Optimizing NNI: done in 0.0206542 secs using 99.99% CPU
Optimizing NNI: done in 0.021889 secs using 100% CPU
Optimizing NNI: done in 0.016006 secs using 99.99% CPU
Optimizing NNI: done in 0.0241091 secs using 100% CPU
Optimizing NNI: done in 0.0108211 secs using 100% CPU
Iteration 480 / LogL: -1793.360 / Time: 0h:0m:10s (0h:0m:0s left)
Optimizing NNI: done in 0.010488 secs using 100% CPU
Optimizing NNI: done in 0.0162051 secs using 100% CPU
Optimizing NNI: done in 0.0234768 secs using 100% CPU
Optimizing NNI: done in 0.00952983 secs using 100% CPU
Optimizing NNI: done in 0.0162158 secs using 100% CPU
Optimizing NNI: done in 0.0188289 secs using 99.93% CPU
Optimizing NNI: done in 0.0106921 secs using 100% CPU
Optimizing NNI: done in 0.0238891 secs using 100% CPU
Optimizing NNI: done in 0.0159948 secs using 100% CPU
Optimizing NNI: done in 0.01033 secs using 100% CPU
Iteration 490 / LogL: -1793.361 / Time: 0h:0m:10s (0h:0m:0s left)
Optimizing NNI: done in 0.010392 secs using 99.99% CPU
Optimizing NNI: done in 0.0109549 secs using 99.99% CPU
Optimizing NNI: done in 0.0108321 secs using 99.99% CPU
Optimizing NNI: done in 0.0179939 secs using 100% CPU
Optimizing NNI: done in 0.022707 secs using 100% CPU
Optimizing NNI: done in 0.0104289 secs using 100% CPU
Optimizing NNI: done in 0.0155101 secs using 100% CPU
Optimizing NNI: done in 0.013989 secs using 100% CPU
Optimizing NNI: done in 0.0197401 secs using 99.99% CPU
Optimizing NNI: done in 0.023423 secs using 100% CPU
Iteration 500 / LogL: -1793.361 / Time: 0h:0m:10s (0h:0m:0s left)
Log-likelihood cutoff on original alignment: -1825.383
NOTE: Bootstrap correlation coefficient of split occurrence frequencies: 0.993
TREE SEARCH COMPLETED AFTER 500 ITERATIONS / Time: 0h:0m:10s

--------------------------------------------------------------------
|                    FINALIZING TREE SEARCH                        |
--------------------------------------------------------------------
Performs final model parameters optimization
Estimate model parameters (epsilon = 0.010)
1. Initial log-likelihood: -1793.360
Optimal log-likelihood: -1793.360
Parameters optimization took 1 rounds (0.003 sec)
BEST SCORE FOUND : -1793.360
Creating bootstrap support values...
Split supports printed to NEXUS file iqtree_family/OG0000067.fa.splits.nex
Total tree length: 0.933

Total number of iterations: 500
CPU time used for tree search: 10.755 sec (0h:0m:10s)
Wall-clock time used for tree search: 10.636 sec (0h:0m:10s)
Total CPU time used: 10.813 sec (0h:0m:10s)
Total wall-clock time used: 10.698 sec (0h:0m:10s)

Computing bootstrap consensus tree...
Reading input file iqtree_family/OG0000067.fa.splits.nex...
21 taxa and 278 splits.
Consensus tree written to iqtree_family/OG0000067.fa.contree
Reading input trees file iqtree_family/OG0000067.fa.contree
Log-likelihood of consensus tree: -1794.880

Analysis results written to: 
  IQ-TREE report:                iqtree_family/OG0000067.fa.iqtree
  Maximum-likelihood tree:       iqtree_family/OG0000067.fa.treefile
  Likelihood distances:          iqtree_family/OG0000067.fa.mldist

Ultrafast bootstrap approximation results written to:
  Split support values:          iqtree_family/OG0000067.fa.splits.nex
  Consensus tree:                iqtree_family/OG0000067.fa.contree
  Screen log file:               iqtree_family/OG0000067.fa.log

Date and Time: Wed Apr  2 13:17:14 2025
