IQ-TREE multicore version 2.2.0.5 COVID-edition for Linux 64-bit built Sep 26 2022
Developed by Bui Quang Minh, James Barbetti, Nguyen Lam Tung,
Olga Chernomor, Heiko Schmidt, Dominik Schrempf, Michael Woodhams, Ly Trong Nhan.

Host:    petrichor-dm (AVX2, FMA3, 503 GB RAM)
Command: iqtree2 -s alignments_family_muscle5_edited_trimmed/OG0000061.fa -B 1000 -mset Blosum62,cpREV,Dayhoff,DCMut,FLAVI,FLU,HIVb,HIVw,JTT,JTTDCMut,LG,mtART,mtMAM,mtREV,mtZOA,mtMet,mtVer,mtInv,PMB,Q.bird,Q.insect,Q.mammal,Q.pfam,Q.plant,Q.yeast,rtREV,VT,WAG,Q.iridoviridae,Q.mcv -T 1 -pre iqtree_family/OG0000061.fa
Seed:    406903 (Using SPRNG - Scalable Parallel Random Number Generator)
Time:    Wed Apr  2 13:14:36 2025
Kernel:  AVX+FMA - 1 threads (32 CPU cores detected)

HINT: Use -nt option to specify number of threads because your CPU has 32 cores!
HINT: -nt AUTO will automatically determine the best number of threads to use.

Reading alignment file alignments_family_muscle5_edited_trimmed/OG0000061.fa ... Fasta format detected
Reading fasta file: done in 0.0001719 secs using 32.58% CPU
Alignment most likely contains protein sequences
Constructing alignment: done in 8.01086e-05 secs using 32.46% CPU
Alignment has 60 sequences with 72 columns, 49 distinct patterns
24 parsimony-informative, 12 singleton sites, 36 constant sites
                                                          Gap/Ambiguity  Composition  p-value
Analyzing sequences: done in 8.10623e-06 secs using 37.01% CPU
   1  OQ475017_Megalocytivirus_pagrus1_RSIV                       0.00%    passed    100.00%
   2  MT128667_Megalocytivirus_pagrus1_ISKNV                      0.00%    passed    100.00%
   3  MW883593_Megalocytivirus_pagrus1_ISKNV                      0.00%    passed    100.00%
   4  PP974677_Megalocytivirus_pagrus1_ISKNV                      0.00%    passed    100.00%
   5  MK689686_Megalocytivirus_pagrus1_RSIV                       0.00%    passed    100.00%
   6  AB104413_Megalocytivirus_pagrus1_RSIV                       0.00%    passed    100.00%
   7  ON212400_Megalocytivirus_pagrus1_ISKNV                      0.00%    passed    100.00%
   8  PQ335173_PQ335174_Threespine_stickleback_iridovirus_TSIV    0.00%    failed      0.00%
   9  MW883600_Megalocytivirus_pagrus1_ISKNV                      0.00%    passed    100.00%
  10  MK098186_Megalocytivirus_pagrus1_RSIV                       0.00%    passed    100.00%
  11  MW883598_Megalocytivirus_pagrus1_RSIV                       0.00%    passed    100.00%
  12  OR670976_Megalocytivirus_pagrus1_ISKNV                      0.00%    passed    100.00%
  13  MG570131_Megalocytivirus_pagrus1_TRBIV                      0.00%    passed    100.00%
  14  ON743042_Megalocytivirus_pagrus1_RSIV                       0.00%    passed    100.00%
  15  MW883599_Megalocytivirus_pagrus1_ISKNV                      0.00%    passed    100.00%
  16  MG570132_Megalocytivirus_pagrus1_TRBIV                      0.00%    passed    100.00%
  17  OK042109_Megalocytivirus_pagrus1_RSIV                       0.00%    passed    100.00%
  18  AY894343_Megalocytivirus_pagrus1_RSIV                       0.00%    passed    100.00%
  19  MW883603_Megalocytivirus_pagrus1_ISKNV                      0.00%    passed    100.00%
  20  MW883595_Megalocytivirus_pagrus1_ISKNV                      0.00%    passed    100.00%
  21  MW883597_Megalocytivirus_pagrus1_ISKNV                      0.00%    passed    100.00%
  22  MN432490_Megalocytivirus_pagrus1_ISKNV                      0.00%    passed    100.00%
  23  KC244182_Megalocytivirus_pagrus1_RSIV                       0.00%    passed    100.00%
  24  MW273354_Megalocytivirus_pagrus1_ISKNV                      0.00%    passed    100.00%
  25  OL774655_Megalocytivirus_pagrus1_RSIV                       0.00%    passed    100.00%
  26  MK098187_Megalocytivirus_pagrus1_RSIV                       0.00%    passed    100.00%
  27  OR536350_Megalocytivirus_pagrus1_ISKNV                      0.00%    passed    100.00%
  28  OR356116_Megalocytivirus_pagrus1_ISKNV                      0.00%    passed    100.00%
  29  ON740976_Megalocytivirus_pagrus1_RSIV                       0.00%    passed    100.00%
  30  ON075463_Megalocytivirus_pagrus1_RSIV                       0.00%    passed    100.00%
  31  PP151097_Megalocytivirus_pagrus1_ISKNV                      0.00%    passed    100.00%
  32  MT128666_Megalocytivirus_pagrus1_ISKNV                      0.00%    passed    100.00%
  33  MW883602_Megalocytivirus_pagrus1_ISKNV                      0.00%    passed    100.00%
  34  MK098185_Megalocytivirus_pagrus1_RSIV                       0.00%    passed    100.00%
  35  MT521409_Megalocytivirus_lates1_SDDV                        1.39%    failed      0.22%
  36  AP017456_Megalocytivirus_pagrus1_RSIV                       0.00%    passed    100.00%
  37  MW883601_Megalocytivirus_pagrus1_ISKNV                      0.00%    passed    100.00%
  38  OL774654_Megalocytivirus_pagrus1_RSIV                       0.00%    passed    100.00%
  39  OK042108_Megalocytivirus_pagrus1_RSIV                       0.00%    passed    100.00%
  40  KT781098_Megalocytivirus_pagrus1_ISKNV                      0.00%    passed    100.00%
  41  MT986830_Megalocytivirus_pagrus1_ISKNV                      0.00%    passed    100.00%
  42  OP896201_Megalocytivirus_pagrus1_ISKNV                      0.00%    passed    100.00%
  43  OM037668_Megalocytivirus_lates1_SDDV                        1.39%    failed      0.22%
  44  MT798582_Megalocytivirus_pagrus1_RSIV                       0.00%    passed    100.00%
  45  OP009387_Megalocytivirus_pagrus1_ISKNV                      0.00%    passed    100.00%
  46  MW139932_Megalocytivirus_pagrus1_RSIV                       0.00%    passed    100.00%
  47  MN562489_Megalocytivirus_lates1_SDDV                        1.39%    failed      0.22%
  48  MW883606_Megalocytivirus_pagrus1_ISKNV                      0.00%    passed    100.00%
  49  MW883594_Megalocytivirus_pagrus1_ISKNV                      0.00%    passed    100.00%
  50  MW273353_Megalocytivirus_pagrus1_ISKNV                      0.00%    passed    100.00%
  51  MT926123_Megalocytivirus_pagrus1_ISKNV                      0.00%    passed    100.00%
  52  MK689685_Megalocytivirus_pagrus1_ISKNV                      0.00%    passed    100.00%
  53  AF371960_Megalocytivirus_pagrus1_ISKNV                      0.00%    passed    100.00%
  54  BD143114_Megalocytivirus_pagrus1_RSIV                       0.00%    passed    100.00%
  55  MW883596_Megalocytivirus_pagrus1_ISKNV                      0.00%    passed    100.00%
  56  OL774653_Megalocytivirus_pagrus1_RSIV                       0.00%    passed    100.00%
  57  NC_003494_Megalocytivirus_pagrus1_ISKNV                     0.00%    passed    100.00%
  58  KT804738_Megalocytivirus_pagrus1_RSIV                       0.00%    passed    100.00%
  59  23043610003_Megalocytivirus_pagrus1_ISKNV                   0.00%    passed     72.75%
  60  OQ513807_Megalocytivirus_pagrus1_ISKNV                      0.00%    passed    100.00%
****  TOTAL                                                       0.07%  4 sequences failed composition chi2 test (p-value<5%; df=19)
NOTE: MK689686_Megalocytivirus_pagrus1_RSIV is identical to OQ475017_Megalocytivirus_pagrus1_RSIV but kept for subsequent analysis
NOTE: MW883593_Megalocytivirus_pagrus1_ISKNV is identical to MT128667_Megalocytivirus_pagrus1_ISKNV but kept for subsequent analysis
NOTE: OM037668_Megalocytivirus_lates1_SDDV is identical to MT521409_Megalocytivirus_lates1_SDDV but kept for subsequent analysis
Checking for duplicate sequences: done in 7.79629e-05 secs using 97.48% CPU
Identifying sites to remove: done in 1.71661e-05 secs using 99.03% CPU
NOTE: 52 identical sequences (see below) will be ignored for subsequent analysis
NOTE: AB104413_Megalocytivirus_pagrus1_RSIV (identical to OQ475017_Megalocytivirus_pagrus1_RSIV) is ignored but added at the end
NOTE: MK098186_Megalocytivirus_pagrus1_RSIV (identical to OQ475017_Megalocytivirus_pagrus1_RSIV) is ignored but added at the end
NOTE: MW883598_Megalocytivirus_pagrus1_RSIV (identical to OQ475017_Megalocytivirus_pagrus1_RSIV) is ignored but added at the end
NOTE: ON743042_Megalocytivirus_pagrus1_RSIV (identical to OQ475017_Megalocytivirus_pagrus1_RSIV) is ignored but added at the end
NOTE: OK042109_Megalocytivirus_pagrus1_RSIV (identical to OQ475017_Megalocytivirus_pagrus1_RSIV) is ignored but added at the end
NOTE: AY894343_Megalocytivirus_pagrus1_RSIV (identical to OQ475017_Megalocytivirus_pagrus1_RSIV) is ignored but added at the end
NOTE: KC244182_Megalocytivirus_pagrus1_RSIV (identical to OQ475017_Megalocytivirus_pagrus1_RSIV) is ignored but added at the end
NOTE: OL774655_Megalocytivirus_pagrus1_RSIV (identical to OQ475017_Megalocytivirus_pagrus1_RSIV) is ignored but added at the end
NOTE: MK098187_Megalocytivirus_pagrus1_RSIV (identical to OQ475017_Megalocytivirus_pagrus1_RSIV) is ignored but added at the end
NOTE: ON740976_Megalocytivirus_pagrus1_RSIV (identical to OQ475017_Megalocytivirus_pagrus1_RSIV) is ignored but added at the end
NOTE: ON075463_Megalocytivirus_pagrus1_RSIV (identical to OQ475017_Megalocytivirus_pagrus1_RSIV) is ignored but added at the end
NOTE: MK098185_Megalocytivirus_pagrus1_RSIV (identical to OQ475017_Megalocytivirus_pagrus1_RSIV) is ignored but added at the end
NOTE: AP017456_Megalocytivirus_pagrus1_RSIV (identical to OQ475017_Megalocytivirus_pagrus1_RSIV) is ignored but added at the end
NOTE: OL774654_Megalocytivirus_pagrus1_RSIV (identical to OQ475017_Megalocytivirus_pagrus1_RSIV) is ignored but added at the end
NOTE: OK042108_Megalocytivirus_pagrus1_RSIV (identical to OQ475017_Megalocytivirus_pagrus1_RSIV) is ignored but added at the end
NOTE: MT798582_Megalocytivirus_pagrus1_RSIV (identical to OQ475017_Megalocytivirus_pagrus1_RSIV) is ignored but added at the end
NOTE: MW139932_Megalocytivirus_pagrus1_RSIV (identical to OQ475017_Megalocytivirus_pagrus1_RSIV) is ignored but added at the end
NOTE: BD143114_Megalocytivirus_pagrus1_RSIV (identical to OQ475017_Megalocytivirus_pagrus1_RSIV) is ignored but added at the end
NOTE: OL774653_Megalocytivirus_pagrus1_RSIV (identical to OQ475017_Megalocytivirus_pagrus1_RSIV) is ignored but added at the end
NOTE: KT804738_Megalocytivirus_pagrus1_RSIV (identical to OQ475017_Megalocytivirus_pagrus1_RSIV) is ignored but added at the end
NOTE: PP974677_Megalocytivirus_pagrus1_ISKNV (identical to MT128667_Megalocytivirus_pagrus1_ISKNV) is ignored but added at the end
NOTE: ON212400_Megalocytivirus_pagrus1_ISKNV (identical to MT128667_Megalocytivirus_pagrus1_ISKNV) is ignored but added at the end
NOTE: MW883600_Megalocytivirus_pagrus1_ISKNV (identical to MT128667_Megalocytivirus_pagrus1_ISKNV) is ignored but added at the end
NOTE: OR670976_Megalocytivirus_pagrus1_ISKNV (identical to MT128667_Megalocytivirus_pagrus1_ISKNV) is ignored but added at the end
NOTE: MG570131_Megalocytivirus_pagrus1_TRBIV (identical to MT128667_Megalocytivirus_pagrus1_ISKNV) is ignored but added at the end
NOTE: MW883599_Megalocytivirus_pagrus1_ISKNV (identical to MT128667_Megalocytivirus_pagrus1_ISKNV) is ignored but added at the end
NOTE: MG570132_Megalocytivirus_pagrus1_TRBIV (identical to MT128667_Megalocytivirus_pagrus1_ISKNV) is ignored but added at the end
NOTE: MW883603_Megalocytivirus_pagrus1_ISKNV (identical to MT128667_Megalocytivirus_pagrus1_ISKNV) is ignored but added at the end
NOTE: MW883595_Megalocytivirus_pagrus1_ISKNV (identical to MT128667_Megalocytivirus_pagrus1_ISKNV) is ignored but added at the end
NOTE: MW883597_Megalocytivirus_pagrus1_ISKNV (identical to MT128667_Megalocytivirus_pagrus1_ISKNV) is ignored but added at the end
NOTE: MN432490_Megalocytivirus_pagrus1_ISKNV (identical to MT128667_Megalocytivirus_pagrus1_ISKNV) is ignored but added at the end
NOTE: MW273354_Megalocytivirus_pagrus1_ISKNV (identical to MT128667_Megalocytivirus_pagrus1_ISKNV) is ignored but added at the end
NOTE: OR536350_Megalocytivirus_pagrus1_ISKNV (identical to MT128667_Megalocytivirus_pagrus1_ISKNV) is ignored but added at the end
NOTE: OR356116_Megalocytivirus_pagrus1_ISKNV (identical to MT128667_Megalocytivirus_pagrus1_ISKNV) is ignored but added at the end
NOTE: PP151097_Megalocytivirus_pagrus1_ISKNV (identical to MT128667_Megalocytivirus_pagrus1_ISKNV) is ignored but added at the end
NOTE: MT128666_Megalocytivirus_pagrus1_ISKNV (identical to MT128667_Megalocytivirus_pagrus1_ISKNV) is ignored but added at the end
NOTE: MW883602_Megalocytivirus_pagrus1_ISKNV (identical to MT128667_Megalocytivirus_pagrus1_ISKNV) is ignored but added at the end
NOTE: MW883601_Megalocytivirus_pagrus1_ISKNV (identical to MT128667_Megalocytivirus_pagrus1_ISKNV) is ignored but added at the end
NOTE: KT781098_Megalocytivirus_pagrus1_ISKNV (identical to MT128667_Megalocytivirus_pagrus1_ISKNV) is ignored but added at the end
NOTE: MT986830_Megalocytivirus_pagrus1_ISKNV (identical to MT128667_Megalocytivirus_pagrus1_ISKNV) is ignored but added at the end
NOTE: OP896201_Megalocytivirus_pagrus1_ISKNV (identical to MT128667_Megalocytivirus_pagrus1_ISKNV) is ignored but added at the end
NOTE: OP009387_Megalocytivirus_pagrus1_ISKNV (identical to MT128667_Megalocytivirus_pagrus1_ISKNV) is ignored but added at the end
NOTE: MW883606_Megalocytivirus_pagrus1_ISKNV (identical to MT128667_Megalocytivirus_pagrus1_ISKNV) is ignored but added at the end
NOTE: MW883594_Megalocytivirus_pagrus1_ISKNV (identical to MT128667_Megalocytivirus_pagrus1_ISKNV) is ignored but added at the end
NOTE: MW273353_Megalocytivirus_pagrus1_ISKNV (identical to MT128667_Megalocytivirus_pagrus1_ISKNV) is ignored but added at the end
NOTE: MT926123_Megalocytivirus_pagrus1_ISKNV (identical to MT128667_Megalocytivirus_pagrus1_ISKNV) is ignored but added at the end
NOTE: MK689685_Megalocytivirus_pagrus1_ISKNV (identical to MT128667_Megalocytivirus_pagrus1_ISKNV) is ignored but added at the end
NOTE: AF371960_Megalocytivirus_pagrus1_ISKNV (identical to MT128667_Megalocytivirus_pagrus1_ISKNV) is ignored but added at the end
NOTE: MW883596_Megalocytivirus_pagrus1_ISKNV (identical to MT128667_Megalocytivirus_pagrus1_ISKNV) is ignored but added at the end
NOTE: NC_003494_Megalocytivirus_pagrus1_ISKNV (identical to MT128667_Megalocytivirus_pagrus1_ISKNV) is ignored but added at the end
NOTE: OQ513807_Megalocytivirus_pagrus1_ISKNV (identical to MT128667_Megalocytivirus_pagrus1_ISKNV) is ignored but added at the end
NOTE: MN562489_Megalocytivirus_lates1_SDDV (identical to MT521409_Megalocytivirus_lates1_SDDV) is ignored but added at the end
Alignment was printed to iqtree_family/OG0000061.fa.uniqueseq.phy

For your convenience alignment with unique sequences printed to iqtree_family/OG0000061.fa.uniqueseq.phy


Create initial parsimony tree by phylogenetic likelihood library (PLL)... 0.000 seconds
Perform fast likelihood tree search using LG+I+G model...
Estimate model parameters (epsilon = 5.000)
Perform nearest neighbor interchange...
Optimizing NNI: done in 0.00293398 secs using 66.67% CPU
Estimate model parameters (epsilon = 1.000)
1. Initial log-likelihood: -466.861
Optimal log-likelihood: -466.856
Proportion of invariable sites: 0.252
Gamma shape alpha: 4.596
Parameters optimization took 1 rounds (0.003 sec)
Time for fast ML tree search: 0.010 seconds

NOTE: ModelFinder requires 1 MB RAM!
ModelFinder will test up to 1320 protein models (sample size: 72) ...
 No. Model         -LnL         df  AIC          AICc         BIC
  1  Blosum62      467.937      13  961.875      968.150      991.471
  2  Blosum62+I    466.328      14  960.656      968.024      992.529
  3  Blosum62+G4   466.992      14  961.983      969.352      993.857
  4  Blosum62+I+G4 466.331      15  962.662      971.233      996.812
  5  Blosum62+R2   466.749      15  963.497      972.069      997.647
  6  Blosum62+R3   466.757      17  967.513      978.847      1006.217
 14  Blosum62+I+R2 466.604      16  965.209      975.100      1001.636
 15  Blosum62+I+R3 466.529      18  969.059      981.964      1010.039
 23  Blosum62+F    447.170      32  958.339      1012.493     1031.193
 24  Blosum62+F+I  444.951      33  955.902      1014.955     1031.032
 25  Blosum62+F+G4 445.487      33  956.975      1016.028     1032.105
 26  Blosum62+F+I+G4 444.984      34  957.968      1022.293     1035.375
 27  Blosum62+F+R2 445.267      34  958.534      1022.859     1035.941
 45  cpREV         467.878      13  961.756      968.032      991.353
 46  cpREV+I       464.429      14  956.858      964.227      988.732
 47  cpREV+G4      466.081      14  960.161      967.530      992.035
 48  cpREV+I+G4    464.507      15  959.014      967.585      993.164
 49  cpREV+R2      465.685      15  961.370      969.941      995.520
 67  cpREV+F       445.969      32  955.938      1010.092     1028.791
 68  cpREV+F+I     441.793      33  949.585      1008.638     1024.715
 69  cpREV+F+G4    443.137      33  952.274      1011.327     1027.404
 70  cpREV+F+I+G4  441.866      34  951.731      1016.055     1029.138
 71  cpREV+F+R2    442.854      34  953.707      1018.031     1031.114
 89  Dayhoff       483.885      13  993.769      1000.045     1023.366
 90  Dayhoff+I     477.859      14  983.718      991.086      1015.591
 91  Dayhoff+G4    478.056      14  984.112      991.481      1015.985
 92  Dayhoff+I+G4  477.793      15  985.586      994.157      1019.736
 93  Dayhoff+R2    478.181      15  986.361      994.933      1020.511
111  Dayhoff+F     459.494      32  982.988      1037.142     1055.842
112  Dayhoff+F+I   453.092      33  972.185      1031.237     1047.315
113  Dayhoff+F+G4  452.053      33  970.107      1029.160     1045.237
114  Dayhoff+F+I+G4 452.114      34  972.228      1036.552     1049.634
115  Dayhoff+F+R2  452.121      34  972.243      1036.567     1049.649
133  DCMut         483.890      13  993.779      1000.055     1023.376
134  DCMut+I       477.883      14  983.765      991.134      1015.639
135  DCMut+G4      478.083      14  984.167      991.535      1016.040
136  DCMut+I+G4    477.820      15  985.639      994.211      1019.789
137  DCMut+R2      478.206      15  986.412      994.984      1020.562
155  DCMut+F       459.474      32  982.949      1037.102     1055.802
156  DCMut+F+I     453.093      33  972.187      1031.239     1047.316
157  DCMut+F+G4    452.064      33  970.127      1029.180     1045.257
158  DCMut+F+I+G4  452.123      34  972.247      1036.571     1049.653
159  DCMut+F+R2    452.132      34  972.265      1036.589     1049.671
WARNING: Normalizing state frequencies so that sum of them equals to 1
177  FLAVI         481.849      13  989.699      995.975      1019.296
WARNING: Normalizing state frequencies so that sum of them equals to 1
178  FLAVI+I       473.834      14  975.668      983.036      1007.541
WARNING: Normalizing state frequencies so that sum of them equals to 1
179  FLAVI+G4      473.206      14  974.412      981.781      1006.286
WARNING: Normalizing state frequencies so that sum of them equals to 1
180  FLAVI+I+G4    473.230      15  976.460      985.031      1010.610
WARNING: Normalizing state frequencies so that sum of them equals to 1
181  FLAVI+R2      473.358      15  976.716      985.288      1010.866
WARNING: Normalizing state frequencies so that sum of them equals to 1
199  FLAVI+F       466.697      32  997.394      1051.548     1070.248
WARNING: Normalizing state frequencies so that sum of them equals to 1
200  FLAVI+F+I     457.434      33  980.867      1039.920     1055.997
WARNING: Normalizing state frequencies so that sum of them equals to 1
201  FLAVI+F+G4    454.045      33  974.090      1033.143     1049.220
WARNING: Normalizing state frequencies so that sum of them equals to 1
202  FLAVI+F+I+G4  454.244      34  976.489      1040.813     1053.896
WARNING: Normalizing state frequencies so that sum of them equals to 1
203  FLAVI+F+R2    454.962      34  977.924      1042.248     1055.331
221  FLU           472.283      13  970.567      976.843      1000.163
222  FLU+I         469.234      14  966.468      973.836      998.341
223  FLU+G4        469.383      14  966.766      974.135      998.640
224  FLU+I+G4      469.227      15  968.453      977.025      1002.603
225  FLU+R2        469.275      15  968.551      977.122      1002.701
243  FLU+F         448.787      32  961.575      1015.729     1034.428
244  FLU+F+I       445.250      33  956.499      1015.552     1031.629
245  FLU+F+G4      443.862      33  953.724      1012.776     1028.854
246  FLU+F+I+G4    444.190      34  956.381      1020.705     1033.787
247  FLU+F+R2      443.460      34  954.920      1019.244     1032.327
265  HIVb          480.774      13  987.549      993.825      1017.145
266  HIVb+I        474.736      14  977.472      984.841      1009.346
267  HIVb+G4       474.329      14  976.658      984.027      1008.532
268  HIVb+I+G4     474.181      15  978.361      986.933      1012.511
269  HIVb+R2       474.465      15  978.929      987.501      1013.079
287  HIVb+F        457.607      32  979.215      1033.369     1052.068
288  HIVb+F+I      452.785      33  971.569      1030.622     1046.699
289  HIVb+F+G4     450.284      33  966.569      1025.621     1041.699
290  HIVb+F+I+G4   450.518      34  969.037      1033.361     1046.443
291  HIVb+F+R2     450.153      34  968.306      1032.631     1045.713
309  HIVw          495.345      13  1016.689     1022.965     1046.286
310  HIVw+I        488.977      14  1005.955     1013.323     1037.828
311  HIVw+G4       489.948      14  1007.897     1015.265     1039.770
312  HIVw+I+G4     489.383      15  1008.767     1017.338     1042.917
313  HIVw+R2       489.928      15  1009.857     1018.428     1044.007
331  HIVw+F        465.865      32  995.731      1049.885     1068.584
332  HIVw+F+I      459.568      33  985.136      1044.188     1060.266
333  HIVw+F+G4     457.823      33  981.645      1040.698     1056.775
334  HIVw+F+I+G4   457.932      34  983.864      1048.189     1061.271
335  HIVw+F+R2     458.163      34  984.326      1048.650     1061.733
353  JTT           466.271      13  958.542      964.818      988.139
354  JTT+I         463.241      14  954.482      961.851      986.356
355  JTT+G4        463.998      14  955.997      963.365      987.870
356  JTT+I+G4      463.343      15  956.687      965.258      990.837
357  JTT+R2        463.804      15  957.608      966.180      991.758
375  JTT+F         445.321      32  954.641      1008.795     1027.494
376  JTT+F+I       442.064      33  950.128      1009.181     1025.258
377  JTT+F+G4      442.098      33  950.196      1009.248     1025.326
378  JTT+F+I+G4    442.010      34  952.021      1016.345     1029.427
379  JTT+F+R2      442.020      34  952.040      1016.364     1029.446
397  JTTDCMut      466.121      13  958.243      964.519      987.840
398  JTTDCMut+I    463.129      14  954.259      961.627      986.132
399  JTTDCMut+G4   463.927      14  955.853      963.222      987.727
400  JTTDCMut+I+G4 463.208      15  956.415      964.987      990.565
401  JTTDCMut+R2   463.715      15  957.431      966.002      991.581
419  JTTDCMut+F    445.068      32  954.135      1008.289     1026.989
420  JTTDCMut+F+I  441.810      33  949.620      1008.672     1024.750
421  JTTDCMut+F+G4 441.885      33  949.769      1008.822     1024.899
422  JTTDCMut+F+I+G4 441.777      34  951.554      1015.878     1028.960
423  JTTDCMut+F+R2 441.798      34  951.595      1015.920     1029.002
441  LG            469.690      13  965.381      971.657      994.977
442  LG+I          466.788      14  961.577      968.945      993.450
443  LG+G4         467.059      14  962.117      969.486      993.991
444  LG+I+G4       466.854      15  963.708      972.279      997.858
445  LG+R2         466.992      15  963.984      972.556      998.134
463  LG+F          447.965      32  959.930      1014.084     1032.783
464  LG+F+I        443.913      33  953.825      1012.878     1028.955
465  LG+F+G4       443.798      33  953.597      1012.650     1028.727
466  LG+F+I+G4     443.781      34  955.562      1019.887     1032.969
467  LG+F+R2       443.676      34  955.352      1019.676     1032.758
485  mtART         488.329      13  1002.657     1008.933     1032.254
486  mtART+I       482.757      14  993.514      1000.883     1025.388
487  mtART+G4      477.871      14  983.741      991.110      1015.615
488  mtART+I+G4    478.444      15  986.888      995.459      1021.038
489  mtART+R2      476.766      15  983.531      992.103      1017.681
507  mtART+F       459.193      32  982.385      1036.539     1055.239
508  mtART+F+I     451.908      33  969.817      1028.869     1044.947
509  mtART+F+G4    448.106      33  962.213      1021.265     1037.343
510  mtART+F+I+G4  448.528      34  965.057      1029.381     1042.463
511  mtART+F+R2    447.802      34  963.604      1027.929     1041.011
529  mtMAM         504.457      13  1034.913     1041.189     1064.510
530  mtMAM+I       495.700      14  1019.400     1026.769     1051.274
531  mtMAM+G4      489.381      14  1006.762     1014.130     1038.635
532  mtMAM+I+G4    489.841      15  1009.682     1018.253     1043.832
533  mtMAM+R2      489.765      15  1009.530     1018.102     1043.680
551  mtMAM+F       472.717      32  1009.434     1063.588     1082.287
552  mtMAM+F+I     462.663      33  991.327      1050.380     1066.457
553  mtMAM+F+G4    455.715      33  977.429      1036.482     1052.559
554  mtMAM+F+I+G4  456.210      34  980.420      1044.745     1057.827
555  mtMAM+F+R2    456.680      34  981.360      1045.684     1058.767
573  mtREV         477.841      13  981.683      987.958      1011.279
574  mtREV+I       475.259      14  978.518      985.887      1010.392
575  mtREV+G4      474.338      14  976.676      984.044      1008.549
576  mtREV+I+G4    474.675      15  979.351      987.922      1013.501
577  mtREV+R2      474.245      15  978.490      987.062      1012.640
595  mtREV+F       447.596      32  959.191      1013.345     1032.045
596  mtREV+F+I     444.927      33  955.855      1014.908     1030.985
597  mtREV+F+G4    443.753      33  953.505      1012.558     1028.635
598  mtREV+F+I+G4  444.117      34  956.234      1020.558     1033.640
599  mtREV+F+R2    443.506      34  955.012      1019.336     1032.418
617  mtZOA         476.675      13  979.351      985.626      1008.947
618  mtZOA+I       471.987      14  971.973      979.342      1003.847
619  mtZOA+G4      469.343      14  966.686      974.054      998.559
620  mtZOA+I+G4    469.795      15  969.589      978.161      1003.739
621  mtZOA+R2      468.622      15  967.243      975.815      1001.393
639  mtZOA+F       451.651      32  967.302      1021.455     1040.155
640  mtZOA+F+I     445.626      33  957.251      1016.304     1032.381
641  mtZOA+F+G4    443.819      33  953.638      1012.691     1028.768
642  mtZOA+F+I+G4  444.117      34  956.233      1020.558     1033.640
643  mtZOA+F+R2    443.554      34  955.108      1019.433     1032.515
661  mtMet         482.134      13  990.268      996.544      1019.865
662  mtMet+I       478.289      14  984.577      991.945      1016.450
663  mtMet+G4      476.848      14  981.696      989.065      1013.569
664  mtMet+I+G4    477.215      15  984.430      993.001      1018.580
665  mtMet+R2      476.410      15  982.820      991.392      1016.970
683  mtMet+F       450.965      32  965.930      1020.084     1038.784
684  mtMet+F+I     446.420      33  958.841      1017.893     1033.971
685  mtMet+F+G4    444.747      33  955.495      1014.547     1030.625
686  mtMet+F+I+G4  445.102      34  958.204      1022.529     1035.611
687  mtMet+F+R2    444.329      34  956.658      1020.983     1034.065
705  mtVer         490.560      13  1007.120     1013.396     1036.717
706  mtVer+I       485.020      14  998.039      1005.408     1029.913
707  mtVer+G4      481.548      14  991.096      998.465      1022.970
708  mtVer+I+G4    482.019      15  994.038      1002.610     1028.188
709  mtVer+R2      480.914      15  991.828      1000.399     1025.978
727  mtVer+F       458.943      32  981.886      1036.040     1054.739
728  mtVer+F+I     452.772      33  971.544      1030.597     1046.674
729  mtVer+F+G4    449.522      33  965.044      1024.097     1040.174
730  mtVer+F+I+G4  449.934      34  967.868      1032.193     1045.275
731  mtVer+F+R2    449.238      34  966.476      1030.801     1043.883
749  mtInv         483.622      13  993.244      999.520      1022.840
750  mtInv+I       480.555      14  989.110      996.478      1020.983
751  mtInv+G4      479.921      14  987.842      995.211      1019.716
752  mtInv+I+G4    480.140      15  990.280      998.852      1024.430
753  mtInv+R2      479.818      15  989.635      998.207      1023.785
771  mtInv+F       448.042      32  960.084      1014.238     1032.938
772  mtInv+F+I     443.547      33  953.093      1012.146     1028.223
773  mtInv+F+G4    443.083      33  952.165      1011.218     1027.295
774  mtInv+F+I+G4  443.176      34  954.353      1018.677     1031.759
775  mtInv+F+R2    442.881      34  953.761      1018.086     1031.168
793  PMB           467.090      13  960.180      966.456      989.777
794  PMB+I         465.574      14  959.148      966.516      991.021
795  PMB+G4        466.306      14  960.613      967.981      992.486
796  PMB+I+G4      465.576      15  961.153      969.724      995.303
797  PMB+R2        466.046      15  962.093      970.664      996.243
815  PMB+F         447.564      32  959.128      1013.282     1031.982
816  PMB+F+I       445.564      33  957.127      1016.180     1032.257
817  PMB+F+G4      446.085      33  958.171      1017.223     1033.301
818  PMB+F+I+G4    445.579      34  959.158      1023.483     1036.565
819  PMB+F+R2      445.868      34  959.736      1024.060     1037.142
WARNING: Normalizing state frequencies so that sum of them equals to 1
837  Q.bird        480.334      13  986.669      992.945      1016.266
WARNING: Normalizing state frequencies so that sum of them equals to 1
838  Q.bird+I      475.104      14  978.208      985.577      1010.081
WARNING: Normalizing state frequencies so that sum of them equals to 1
839  Q.bird+G4     473.933      14  975.867      983.235      1007.740
WARNING: Normalizing state frequencies so that sum of them equals to 1
840  Q.bird+I+G4   474.112      15  978.224      986.795      1012.374
WARNING: Normalizing state frequencies so that sum of them equals to 1
841  Q.bird+R2     473.679      15  977.358      985.930      1011.508
WARNING: Normalizing state frequencies so that sum of them equals to 1
859  Q.bird+F      460.717      32  985.433      1039.587     1058.287
WARNING: Normalizing state frequencies so that sum of them equals to 1
860  Q.bird+F+I    455.149      33  976.298      1035.350     1051.428
WARNING: Normalizing state frequencies so that sum of them equals to 1
861  Q.bird+F+G4   451.360      33  968.721      1027.774     1043.851
WARNING: Normalizing state frequencies so that sum of them equals to 1
862  Q.bird+F+I+G4 451.803      34  971.607      1035.931     1049.013
WARNING: Normalizing state frequencies so that sum of them equals to 1
863  Q.bird+F+R2   450.764      34  969.528      1033.852     1046.935
881  Q.insect      472.447      13  970.895      977.171      1000.491
882  Q.insect+I    469.096      14  966.192      973.560      998.065
883  Q.insect+G4   469.040      14  966.080      973.448      997.953
884  Q.insect+I+G4 469.018      15  968.037      976.608      1002.187
885  Q.insect+R2   468.979      15  967.958      976.529      1002.108
903  Q.insect+F    448.995      32  961.989      1016.143     1034.842
904  Q.insect+F+I  444.472      33  954.944      1013.996     1030.074
905  Q.insect+F+G4 444.111      33  954.222      1013.274     1029.352
906  Q.insect+F+I+G4 444.176      34  956.352      1020.676     1033.758
907  Q.insect+F+R2 443.920      34  955.839      1020.164     1033.246
WARNING: Normalizing state frequencies so that sum of them equals to 1
925  Q.mammal      476.059      13  978.119      984.395      1007.715
WARNING: Normalizing state frequencies so that sum of them equals to 1
926  Q.mammal+I    472.528      14  973.056      980.424      1004.929
WARNING: Normalizing state frequencies so that sum of them equals to 1
927  Q.mammal+G4   472.088      14  972.176      979.544      1004.049
WARNING: Normalizing state frequencies so that sum of them equals to 1
928  Q.mammal+I+G4 472.199      15  974.399      982.970      1008.549
WARNING: Normalizing state frequencies so that sum of them equals to 1
929  Q.mammal+R2   471.915      15  973.831      982.402      1007.981
WARNING: Normalizing state frequencies so that sum of them equals to 1
947  Q.mammal+F    453.994      32  971.987      1026.141     1044.841
WARNING: Normalizing state frequencies so that sum of them equals to 1
948  Q.mammal+F+I  449.830      33  965.661      1024.713     1040.791
WARNING: Normalizing state frequencies so that sum of them equals to 1
949  Q.mammal+F+G4 447.645      33  961.289      1020.342     1036.419
WARNING: Normalizing state frequencies so that sum of them equals to 1
950  Q.mammal+F+I+G4 448.052      34  964.105      1028.429     1041.511
WARNING: Normalizing state frequencies so that sum of them equals to 1
951  Q.mammal+F+R2 447.010      34  962.020      1026.345     1039.427
WARNING: Normalizing state frequencies so that sum of them equals to 1
969  Q.pfam        469.415      13  964.830      971.105      994.426
WARNING: Normalizing state frequencies so that sum of them equals to 1
970  Q.pfam+I      466.888      14  961.777      969.145      993.650
WARNING: Normalizing state frequencies so that sum of them equals to 1
971  Q.pfam+G4     466.958      14  961.917      969.285      993.790
WARNING: Normalizing state frequencies so that sum of them equals to 1
972  Q.pfam+I+G4   466.883      15  963.765      972.337      997.915
WARNING: Normalizing state frequencies so that sum of them equals to 1
973  Q.pfam+R2     466.845      15  963.690      972.262      997.840
WARNING: Normalizing state frequencies so that sum of them equals to 1
991  Q.pfam+F      448.601      32  961.202      1015.356     1034.056
WARNING: Normalizing state frequencies so that sum of them equals to 1
992  Q.pfam+F+I    444.985      33  955.970      1015.023     1031.100
WARNING: Normalizing state frequencies so that sum of them equals to 1
993  Q.pfam+F+G4   444.522      33  955.044      1014.097     1030.174
WARNING: Normalizing state frequencies so that sum of them equals to 1
994  Q.pfam+F+I+G4 444.644      34  957.288      1021.612     1034.694
WARNING: Normalizing state frequencies so that sum of them equals to 1
995  Q.pfam+F+R2   444.300      34  956.601      1020.925     1034.007
WARNING: Normalizing state frequencies so that sum of them equals to 1
1013  Q.plant       473.808      13  973.616      979.891      1003.212
WARNING: Normalizing state frequencies so that sum of them equals to 1
1014  Q.plant+I     468.977      14  965.953      973.321      997.826
WARNING: Normalizing state frequencies so that sum of them equals to 1
1015  Q.plant+G4    468.457      14  964.913      972.282      996.787
WARNING: Normalizing state frequencies so that sum of them equals to 1
1016  Q.plant+I+G4  468.509      15  967.019      975.590      1001.169
WARNING: Normalizing state frequencies so that sum of them equals to 1
1017  Q.plant+R2    468.307      15  966.615      975.186      1000.765
WARNING: Normalizing state frequencies so that sum of them equals to 1
1035  Q.plant+F     453.768      32  971.537      1025.691     1044.390
WARNING: Normalizing state frequencies so that sum of them equals to 1
1036  Q.plant+F+I   448.460      33  962.921      1021.973     1038.051
WARNING: Normalizing state frequencies so that sum of them equals to 1
1037  Q.plant+F+G4  446.605      33  959.210      1018.262     1034.340
WARNING: Normalizing state frequencies so that sum of them equals to 1
1038  Q.plant+F+I+G4 446.870      34  961.740      1026.065     1039.147
WARNING: Normalizing state frequencies so that sum of them equals to 1
1039  Q.plant+F+R2  446.289      34  960.578      1024.902     1037.985
WARNING: Normalizing state frequencies so that sum of them equals to 1
1057  Q.yeast       475.641      13  977.283      983.559      1006.880
WARNING: Normalizing state frequencies so that sum of them equals to 1
1058  Q.yeast+I     472.020      14  972.040      979.408      1003.913
WARNING: Normalizing state frequencies so that sum of them equals to 1
1059  Q.yeast+G4    472.085      14  972.170      979.539      1004.044
WARNING: Normalizing state frequencies so that sum of them equals to 1
1060  Q.yeast+I+G4  472.007      15  974.015      982.586      1008.165
WARNING: Normalizing state frequencies so that sum of them equals to 1
1061  Q.yeast+R2    471.947      15  973.894      982.465      1008.044
WARNING: Normalizing state frequencies so that sum of them equals to 1
1079  Q.yeast+F     449.888      32  963.775      1017.929     1036.629
WARNING: Normalizing state frequencies so that sum of them equals to 1
1080  Q.yeast+F+I   444.738      33  955.477      1014.529     1030.607
WARNING: Normalizing state frequencies so that sum of them equals to 1
1081  Q.yeast+F+G4  444.609      33  955.217      1014.270     1030.347
WARNING: Normalizing state frequencies so that sum of them equals to 1
1082  Q.yeast+F+I+G4 444.594      34  957.188      1021.512     1034.595
WARNING: Normalizing state frequencies so that sum of them equals to 1
1083  Q.yeast+F+R2  444.426      34  956.852      1021.177     1034.259
1101  rtREV         470.085      13  966.170      972.446      995.767
1102  rtREV+I       467.689      14  963.377      970.746      995.251
1103  rtREV+G4      468.070      14  964.140      971.509      996.014
1104  rtREV+I+G4    467.714      15  965.429      974.000      999.579
1105  rtREV+R2      467.892      15  965.784      974.355      999.934
1123  rtREV+F       447.196      32  958.391      1012.545     1031.244
1124  rtREV+F+I     443.763      33  953.527      1012.579     1028.657
1125  rtREV+F+G4    443.580      33  953.159      1012.212     1028.289
1126  rtREV+F+I+G4  443.600      34  955.201      1019.525     1032.608
1127  rtREV+F+R2    443.437      34  954.873      1019.197     1032.280
1145  VT            466.951      13  959.902      966.178      989.499
1146  VT+I          465.037      14  958.074      965.443      989.948
1147  VT+G4         465.895      14  959.791      967.159      991.664
1148  VT+I+G4       465.051      15  960.102      968.673      994.252
1149  VT+R2         465.585      15  961.170      969.741      995.320
1167  VT+F          444.844      32  953.687      1007.841     1026.541
1168  VT+F+I        442.591      33  951.182      1010.234     1026.312
1169  VT+F+G4       443.126      33  952.251      1011.304     1027.381
1170  VT+F+I+G4     442.625      34  953.251      1017.575     1030.657
1171  VT+F+R2       442.902      34  953.805      1018.129     1031.211
1189  WAG           466.827      13  959.653      965.929      989.250
1190  WAG+I         464.536      14  957.071      964.439      988.944
1191  WAG+G4        465.492      14  958.984      966.352      990.857
1192  WAG+I+G4      464.560      15  959.120      967.692      993.270
1193  WAG+R2        465.194      15  960.388      968.959      994.537
1211  WAG+F         446.470      32  956.941      1011.095     1029.794
1212  WAG+F+I       443.976      33  953.952      1013.005     1029.082
1213  WAG+F+G4      444.403      33  954.806      1013.859     1029.936
1214  WAG+F+I+G4    444.069      34  956.138      1020.462     1033.544
1215  WAG+F+R2      444.254      34  956.507      1020.831     1033.914
Reading model parameters from file Q.iridoviridae
1233  Q.iridoviridae 472.353      13  970.706      976.982      1000.303
Reading model parameters from file Q.iridoviridae
1234  Q.iridoviridae+I 469.580      14  967.160      974.528      999.033
Reading model parameters from file Q.iridoviridae
1235  Q.iridoviridae+G4 470.085      14  968.170      975.539      1000.044
Reading model parameters from file Q.iridoviridae
1236  Q.iridoviridae+I+G4 469.664      15  969.327      977.899      1003.477
Reading model parameters from file Q.iridoviridae
1237  Q.iridoviridae+R2 469.929      15  969.858      978.429      1004.008
Reading model parameters from file Q.iridoviridae
1255  Q.iridoviridae+F 448.727      32  961.454      1015.608     1034.307
Reading model parameters from file Q.iridoviridae
1256  Q.iridoviridae+F+I 445.004      33  956.007      1015.060     1031.137
Reading model parameters from file Q.iridoviridae
1257  Q.iridoviridae+F+G4 445.047      33  956.094      1015.147     1031.224
Reading model parameters from file Q.iridoviridae
1258  Q.iridoviridae+F+I+G4 444.960      34  957.919      1022.243     1035.326
Reading model parameters from file Q.iridoviridae
1259  Q.iridoviridae+F+R2 444.912      34  957.823      1022.147     1035.230
Reading model parameters from file Q.mcv
WARNING: Normalizing state frequencies so that sum of them equals to 1
1277  Q.mcv         467.447      13  960.894      967.169      990.490
Reading model parameters from file Q.mcv
WARNING: Normalizing state frequencies so that sum of them equals to 1
1278  Q.mcv+I       464.073      14  956.147      963.515      988.020
Reading model parameters from file Q.mcv
WARNING: Normalizing state frequencies so that sum of them equals to 1
1279  Q.mcv+G4      464.777      14  957.554      964.923      989.428
Reading model parameters from file Q.mcv
WARNING: Normalizing state frequencies so that sum of them equals to 1
1280  Q.mcv+I+G4    464.248      15  958.495      967.067      992.645
Reading model parameters from file Q.mcv
WARNING: Normalizing state frequencies so that sum of them equals to 1
1281  Q.mcv+R2      464.589      15  959.179      967.750      993.329
Reading model parameters from file Q.mcv
WARNING: Normalizing state frequencies so that sum of them equals to 1
1299  Q.mcv+F       446.496      32  956.992      1011.145     1029.845
Reading model parameters from file Q.mcv
WARNING: Normalizing state frequencies so that sum of them equals to 1
1300  Q.mcv+F+I     443.098      33  952.196      1011.249     1027.326
Reading model parameters from file Q.mcv
WARNING: Normalizing state frequencies so that sum of them equals to 1
1301  Q.mcv+F+G4    443.127      33  952.254      1011.307     1027.384
Reading model parameters from file Q.mcv
WARNING: Normalizing state frequencies so that sum of them equals to 1
1302  Q.mcv+F+I+G4  443.043      34  954.086      1018.410     1031.492
Reading model parameters from file Q.mcv
WARNING: Normalizing state frequencies so that sum of them equals to 1
1303  Q.mcv+F+R2    443.103      34  954.205      1018.529     1031.612
Akaike Information Criterion:           cpREV+F+I
Corrected Akaike Information Criterion: JTTDCMut+I
Bayesian Information Criterion:         JTTDCMut+I
Best-fit model: JTTDCMut+I chosen according to BIC

All model information printed to iqtree_family/OG0000061.fa.model.gz
CPU time for ModelFinder: 1.228 seconds (0h:0m:1s)
Wall-clock time for ModelFinder: 1.249 seconds (0h:0m:1s)
WARNING: States(s) H rarely appear in alignment and may cause numerical problems
Generating 1000 samples for ultrafast bootstrap (seed: 406903)...

NOTE: 0 MB RAM (0 GB) is required!
Estimate model parameters (epsilon = 0.100)
1. Initial log-likelihood: -463.129
Optimal log-likelihood: -463.129
Proportion of invariable sites: 0.320
Parameters optimization took 1 rounds (0.000 sec)
Wrote distance file to... 
Computing ML distances based on estimated model parameters...
Calculating distance matrix: done in 0.00097394 secs using 99.18% CPU
Computing ML distances took 0.000997 sec (of wall-clock time) 0.000991 sec (of CPU time)
Setting up auxiliary I and S matrices: done in 2.19345e-05 secs using 100.3% CPU
Constructing RapidNJ tree: done in 1.90735e-05 secs using 99.61% CPU
Computing RapidNJ tree took 0.000068 sec (of wall-clock time) 0.000067 sec (of CPU time)
Log-likelihood of RapidNJ tree: -463.175
--------------------------------------------------------------------
|             INITIALIZING CANDIDATE TREE SET                      |
--------------------------------------------------------------------
Generating 98 parsimony trees... 0.013 second
Computing log-likelihood of 55 initial trees ... 0.009 seconds
Current best score: -463.129

Do NNI search on 20 best initial trees
Optimizing NNI: done in 0.000699043 secs using 197.3% CPU
Estimate model parameters (epsilon = 0.100)
BETTER TREE FOUND at iteration 1: -463.129
Optimizing NNI: done in 0.00158405 secs using 196.8% CPU
Optimizing NNI: done in 0.00141907 secs
Optimizing NNI: done in 0.00151992 secs using 137.7% CPU
Optimizing NNI: done in 0.0015099 secs using 196.3% CPU
Optimizing NNI: done in 0.00213003 secs using 200% CPU
Optimizing NNI: done in 0.00147295 secs using 200.1% CPU
Optimizing NNI: done in 0.00140309 secs using 199.9% CPU
Optimizing NNI: done in 0.0022471 secs using 200% CPU
Optimizing NNI: done in 0.00225401 secs using 200.1% CPU
Iteration 10 / LogL: -463.129 / Time: 0h:0m:0s
Optimizing NNI: done in 0.00141907 secs using 200.1% CPU
Optimizing NNI: done in 0.00145006 secs using 200.3% CPU
Optimizing NNI: done in 0.00133395 secs using 200% CPU
Optimizing NNI: done in 0.00136805 secs using 200% CPU
Optimizing NNI: done in 0.00137496 secs using 200.1% CPU
Optimizing NNI: done in 0.00279117 secs using 200.1% CPU
Optimizing NNI: done in 0.002141 secs using 200.1% CPU
Optimizing NNI: done in 0.00129509 secs using 199.6% CPU
Optimizing NNI: done in 0.00135303 secs using 199.7% CPU
Optimizing NNI: done in 0.00134397 secs using 200.3% CPU
Iteration 20 / LogL: -463.150 / Time: 0h:0m:0s
Finish initializing candidate tree set (3)
Current best tree score: -463.129 / CPU time: 0.060
Number of iterations: 20
--------------------------------------------------------------------
|               OPTIMIZING CANDIDATE TREE SET                      |
--------------------------------------------------------------------
Optimizing NNI: done in 0.00176692 secs using 197.3% CPU
Optimizing NNI: done in 0.00124311 secs using 200.1% CPU
Optimizing NNI: done in 0.00109291 secs using 200.5% CPU
Optimizing NNI: done in 0.00408101 secs using 199.7% CPU
Optimizing NNI: done in 0.00189185 secs using 200% CPU
Optimizing NNI: done in 0.00134206 secs using 200% CPU
Optimizing NNI: done in 0.00251508 secs using 199.8% CPU
Optimizing NNI: done in 0.00258493 secs using 199.9% CPU
Optimizing NNI: done in 0.00270891 secs using 199.9% CPU
Optimizing NNI: done in 0.00211906 secs using 200.1% CPU
Iteration 30 / LogL: -463.130 / Time: 0h:0m:0s (0h:0m:0s left)
Optimizing NNI: done in 0.00207591 secs using 199.9% CPU
Optimizing NNI: done in 0.00194716 secs using 200.2% CPU
Optimizing NNI: done in 0.00363302 secs using 199.9% CPU
Optimizing NNI: done in 0.00194216 secs using 200.1% CPU
Optimizing NNI: done in 0.00278783 secs using 199.9% CPU
Optimizing NNI: done in 0.0011909 secs using 199.9% CPU
Optimizing NNI: done in 0.00139785 secs using 195.6% CPU
Optimizing NNI: done in 0.00196099 secs using 195.4% CPU
Optimizing NNI: done in 0.00197101 secs using 199.9% CPU
Optimizing NNI: done in 0.00187802 secs using 200.1% CPU
Iteration 40 / LogL: -463.148 / Time: 0h:0m:0s (0h:0m:0s left)
Optimizing NNI: done in 0.00205898 secs using 200.1% CPU
Optimizing NNI: done in 0.00198293 secs using 200.1% CPU
Optimizing NNI: done in 0.00194216 secs using 199.8% CPU
Optimizing NNI: done in 0.00260806 secs using 198.7% CPU
Optimizing NNI: done in 0.00121307 secs using 200% CPU
Optimizing NNI: done in 0.00194097 secs using 200.2% CPU
Optimizing NNI: done in 0.002563 secs using 200.1% CPU
Optimizing NNI: done in 0.00112486 secs using 199.9% CPU
Optimizing NNI: done in 0.00196195 secs using 200.1% CPU
Optimizing NNI: done in 0.00197697 secs using 200% CPU
Iteration 50 / LogL: -463.129 / Time: 0h:0m:0s (0h:0m:0s left)
Log-likelihood cutoff on original alignment: -479.955
Optimizing NNI: done in 0.00264716 secs using 199.9% CPU
Optimizing NNI: done in 0.00111389 secs using 199.1% CPU
Optimizing NNI: done in 0.000586033 secs using 99.99% CPU
Optimizing NNI: done in 0.00193906 secs using 100% CPU
Optimizing NNI: done in 0.00255299 secs using 100% CPU
Optimizing NNI: done in 0.00197721 secs using 99.99% CPU
Optimizing NNI: done in 0.00111508 secs using 99.99% CPU
Optimizing NNI: done in 0.00209308 secs using 100% CPU
Optimizing NNI: done in 0.00270796 secs using 100% CPU
Optimizing NNI: done in 0.00107598 secs using 100.1% CPU
Iteration 60 / LogL: -463.141 / Time: 0h:0m:0s (0h:0m:0s left)
Optimizing NNI: done in 0.00211501 secs using 100% CPU
Optimizing NNI: done in 0.00210786 secs using 99.96% CPU
Optimizing NNI: done in 0.0026269 secs using 100% CPU
Optimizing NNI: done in 0.000593901 secs using 100% CPU
Optimizing NNI: done in 0.00203609 secs using 100% CPU
Optimizing NNI: done in 0.00127196 secs using 99.92% CPU
Optimizing NNI: done in 0.00207901 secs using 100% CPU
Optimizing NNI: done in 0.00197697 secs using 100% CPU
Optimizing NNI: done in 0.00166512 secs using 99.99% CPU
Optimizing NNI: done in 0.00192308 secs using 100% CPU
Iteration 70 / LogL: -463.143 / Time: 0h:0m:0s (0h:0m:0s left)
Optimizing NNI: done in 0.00195098 secs using 99.95% CPU
Optimizing NNI: done in 0.00260401 secs using 100% CPU
Optimizing NNI: done in 0.00139189 secs using 100% CPU
Optimizing NNI: done in 0.00135016 secs using 100.1% CPU
Optimizing NNI: done in 0.00186992 secs using 100.1% CPU
Optimizing NNI: done in 0.000663042 secs using 99.99% CPU
Optimizing NNI: done in 0.00240397 secs using 100% CPU
Optimizing NNI: done in 0.00127792 secs using 100% CPU
Optimizing NNI: done in 0.00196815 secs using 99.99% CPU
Optimizing NNI: done in 0.000674009 secs using 100% CPU
Iteration 80 / LogL: -463.174 / Time: 0h:0m:0s (0h:0m:0s left)
Optimizing NNI: done in 0.00206399 secs using 100% CPU
Optimizing NNI: done in 0.00192714 secs using 99.94% CPU
Optimizing NNI: done in 0.00111604 secs using 100% CPU
Optimizing NNI: done in 0.00110888 secs using 100% CPU
Optimizing NNI: done in 0.00126791 secs using 99.93% CPU
Optimizing NNI: done in 0.00262499 secs using 100% CPU
Optimizing NNI: done in 0.00322819 secs using 99.99% CPU
Optimizing NNI: done in 0.00137496 secs using 100% CPU
Optimizing NNI: done in 0.0013721 secs using 99.99% CPU
Optimizing NNI: done in 0.00127697 secs using 100.1% CPU
Iteration 90 / LogL: -463.130 / Time: 0h:0m:0s (0h:0m:0s left)
Optimizing NNI: done in 0.00129199 secs using 100% CPU
Optimizing NNI: done in 0.00205803 secs using 100% CPU
Optimizing NNI: done in 0.00247097 secs using 99.96% CPU
Optimizing NNI: done in 0.00195003 secs using 100% CPU
Optimizing NNI: done in 0.00212288 secs using 100.1% CPU
Optimizing NNI: done in 0.000682831 secs using 100% CPU
Optimizing NNI: done in 0.00326586 secs using 100% CPU
Optimizing NNI: done in 0.00196385 secs using 100% CPU
Optimizing NNI: done in 0.00130606 secs using 100.1% CPU
Optimizing NNI: done in 0.00187111 secs using 99.94% CPU
Iteration 100 / LogL: -463.130 / Time: 0h:0m:0s (0h:0m:0s left)
Log-likelihood cutoff on original alignment: -479.955
NOTE: Bootstrap correlation coefficient of split occurrence frequencies: 0.992
Optimizing NNI: done in 0.0019629 secs using 100% CPU
Optimizing NNI: done in 0.00109196 secs using 100% CPU
TREE SEARCH COMPLETED AFTER 102 ITERATIONS / Time: 0h:0m:0s

--------------------------------------------------------------------
|                    FINALIZING TREE SEARCH                        |
--------------------------------------------------------------------
Performs final model parameters optimization
Estimate model parameters (epsilon = 0.010)
1. Initial log-likelihood: -463.129
Optimal log-likelihood: -463.129
Proportion of invariable sites: 0.320
Parameters optimization took 1 rounds (0.001 sec)
BEST SCORE FOUND : -463.129
Creating bootstrap support values...
Split supports printed to NEXUS file iqtree_family/OG0000061.fa.splits.nex
Total tree length: 0.984

Total number of iterations: 102
CPU time used for tree search: 0.577 sec (0h:0m:0s)
Wall-clock time used for tree search: 0.400 sec (0h:0m:0s)
Total CPU time used: 0.598 sec (0h:0m:0s)
Total wall-clock time used: 0.423 sec (0h:0m:0s)

Computing bootstrap consensus tree...
Reading input file iqtree_family/OG0000061.fa.splits.nex...
8 taxa and 45 splits.
Consensus tree written to iqtree_family/OG0000061.fa.contree
Reading input trees file iqtree_family/OG0000061.fa.contree
Log-likelihood of consensus tree: -463.130

Analysis results written to: 
  IQ-TREE report:                iqtree_family/OG0000061.fa.iqtree
  Maximum-likelihood tree:       iqtree_family/OG0000061.fa.treefile
  Likelihood distances:          iqtree_family/OG0000061.fa.mldist

Ultrafast bootstrap approximation results written to:
  Split support values:          iqtree_family/OG0000061.fa.splits.nex
  Consensus tree:                iqtree_family/OG0000061.fa.contree
  Screen log file:               iqtree_family/OG0000061.fa.log

Date and Time: Wed Apr  2 13:14:38 2025
