IQ-TREE multicore version 2.2.0.5 COVID-edition for Linux 64-bit built Sep 26 2022
Developed by Bui Quang Minh, James Barbetti, Nguyen Lam Tung,
Olga Chernomor, Heiko Schmidt, Dominik Schrempf, Michael Woodhams, Ly Trong Nhan.

Host:    petrichor-dm (AVX2, FMA3, 503 GB RAM)
Command: iqtree2 -s alignments_family_muscle5_edited_trimmed/OG0000040.fa -B 1000 -mset Blosum62,cpREV,Dayhoff,DCMut,FLAVI,FLU,HIVb,HIVw,JTT,JTTDCMut,LG,mtART,mtMAM,mtREV,mtZOA,mtMet,mtVer,mtInv,PMB,Q.bird,Q.insect,Q.mammal,Q.pfam,Q.plant,Q.yeast,rtREV,VT,WAG,Q.iridoviridae,Q.mcv -T 1 -pre iqtree_family/OG0000040.fa
Seed:    637873 (Using SPRNG - Scalable Parallel Random Number Generator)
Time:    Wed Apr  2 13:00:31 2025
Kernel:  AVX+FMA - 1 threads (32 CPU cores detected)

HINT: Use -nt option to specify number of threads because your CPU has 32 cores!
HINT: -nt AUTO will automatically determine the best number of threads to use.

Reading alignment file alignments_family_muscle5_edited_trimmed/OG0000040.fa ... Fasta format detected
Reading fasta file: done in 0.000761986 secs using 54.2% CPU
Alignment most likely contains protein sequences
Constructing alignment: done in 0.000298977 secs using 100% CPU
Alignment has 62 sequences with 313 columns, 205 distinct patterns
171 parsimony-informative, 25 singleton sites, 117 constant sites
                                                          Gap/Ambiguity  Composition  p-value
Analyzing sequences: done in 2.19345e-05 secs using 100.3% CPU
   1  AY894343_Megalocytivirus_pagrus1_RSIV                       0.00%    passed    100.00%
   2  MT128666_Megalocytivirus_pagrus1_ISKNV                      1.60%    passed    100.00%
   3  MW883603_Megalocytivirus_pagrus1_ISKNV                      1.60%    passed    100.00%
   4  KC244182_Megalocytivirus_pagrus1_RSIV                       0.00%    passed    100.00%
   5  MW139932_Megalocytivirus_pagrus1_RSIV                       0.00%    passed    100.00%
   6  MW883596_Megalocytivirus_pagrus1_ISKNV                      1.60%    passed    100.00%
   7  MN562489_Megalocytivirus_lates1_SDDV                       16.93%    passed      7.13%
   8  OK042109_Megalocytivirus_pagrus1_RSIV                       0.00%    passed    100.00%
   9  MW883606_Megalocytivirus_pagrus1_ISKNV                      1.60%    passed    100.00%
  10  MT798582_Megalocytivirus_pagrus1_RSIV                       0.00%    passed    100.00%
  11  23043610005_Megalocytivirus_pagrus1_ISKNV                   1.92%    passed    100.00%
  12  OQ475017_Megalocytivirus_pagrus1_RSIV                       0.00%    passed    100.00%
  13  MT926123_Megalocytivirus_pagrus1_ISKNV                      1.60%    passed    100.00%
  14  PP974677_Megalocytivirus_pagrus1_ISKNV                      1.60%    passed    100.00%
  15  MW883597_Megalocytivirus_pagrus1_ISKNV                      1.60%    passed    100.00%
  16  23043610003_Megalocytivirus_pagrus1_ISKNV                   1.92%    passed    100.00%
  17  OL774655_Megalocytivirus_pagrus1_RSIV                       0.00%    passed    100.00%
  18  PQ335173_PQ335174_Threespine_stickleback_iridovirus_TSIV    4.79%    passed     94.22%
  19  MK098185_Megalocytivirus_pagrus1_RSIV                       0.00%    passed    100.00%
  20  MT128667_Megalocytivirus_pagrus1_ISKNV                      1.60%    passed    100.00%
  21  MW883600_Megalocytivirus_pagrus1_ISKNV                      1.60%    passed    100.00%
  22  OL774654_Megalocytivirus_pagrus1_RSIV                       0.00%    passed    100.00%
  23  MT986830_Megalocytivirus_pagrus1_ISKNV                      0.00%    passed    100.00%
  24  OP896201_Megalocytivirus_pagrus1_ISKNV                      1.60%    passed    100.00%
  25  MW883601_Megalocytivirus_pagrus1_ISKNV                      1.60%    passed    100.00%
  26  OQ513807_Megalocytivirus_pagrus1_ISKNV                      1.60%    passed    100.00%
  27  MT521409_Megalocytivirus_lates1_SDDV                       16.93%    passed      7.13%
  28  MK098187_Megalocytivirus_pagrus1_RSIV                       0.00%    passed    100.00%
  29  MK689685_Megalocytivirus_pagrus1_ISKNV                      1.60%    passed    100.00%
  30  OM037668_Megalocytivirus_lates1_SDDV                       16.93%    passed      7.13%
  31  OR356116_Megalocytivirus_pagrus1_ISKNV                      1.60%    passed    100.00%
  32  AP017456_Megalocytivirus_pagrus1_RSIV                       0.00%    passed    100.00%
  33  GQ273492_Megalocytivirus_pagrus1_TRBIV                      1.92%    passed    100.00%
  34  OP009387_Megalocytivirus_pagrus1_ISKNV                      1.28%    passed    100.00%
  35  AB104413_Megalocytivirus_pagrus1_RSIV                       0.00%    passed    100.00%
  36  MN432490_Megalocytivirus_pagrus1_ISKNV                      1.28%    passed    100.00%
  37  MW883602_Megalocytivirus_pagrus1_ISKNV                      1.60%    passed    100.00%
  38  KT781098_Megalocytivirus_pagrus1_ISKNV                      1.60%    passed    100.00%
  39  MW883594_Megalocytivirus_pagrus1_ISKNV                      1.60%    passed    100.00%
  40  MK098186_Megalocytivirus_pagrus1_RSIV                       0.00%    passed    100.00%
  41  PP151097_Megalocytivirus_pagrus1_ISKNV                      1.60%    passed    100.00%
  42  MW273353_Megalocytivirus_pagrus1_ISKNV                      1.60%    passed    100.00%
  43  OR536350_Megalocytivirus_pagrus1_ISKNV                      1.60%    passed    100.00%
  44  AF371960_Megalocytivirus_pagrus1_ISKNV                      1.60%    passed    100.00%
  45  MW273354_Megalocytivirus_pagrus1_ISKNV                      1.60%    passed    100.00%
  46  MW883595_Megalocytivirus_pagrus1_ISKNV                      1.28%    passed    100.00%
  47  BD143114_Megalocytivirus_pagrus1_RSIV                       0.00%    passed    100.00%
  48  ON740976_Megalocytivirus_pagrus1_RSIV                       0.00%    passed    100.00%
  49  MW883593_Megalocytivirus_pagrus1_ISKNV                      1.60%    passed    100.00%
  50  NC_003494_Megalocytivirus_pagrus1_ISKNV                     1.60%    passed    100.00%
  51  OL774653_Megalocytivirus_pagrus1_RSIV                       0.00%    passed    100.00%
  52  MG570132_Megalocytivirus_pagrus1_TRBIV                      0.96%    passed    100.00%
  53  OK042108_Megalocytivirus_pagrus1_RSIV                       0.00%    passed    100.00%
  54  MW883599_Megalocytivirus_pagrus1_ISKNV                      1.60%    passed    100.00%
  55  ON075463_Megalocytivirus_pagrus1_RSIV                       0.00%    passed    100.00%
  56  ON743042_Megalocytivirus_pagrus1_RSIV                       0.00%    passed    100.00%
  57  MW883598_Megalocytivirus_pagrus1_RSIV                       0.00%    passed    100.00%
  58  MG570131_Megalocytivirus_pagrus1_TRBIV                      0.96%    passed    100.00%
  59  ON212400_Megalocytivirus_pagrus1_ISKNV                      1.60%    passed    100.00%
  60  OR670976_Megalocytivirus_pagrus1_ISKNV                      1.60%    passed    100.00%
  61  KT804738_Megalocytivirus_pagrus1_RSIV                       0.00%    passed    100.00%
  62  MK689686_Megalocytivirus_pagrus1_RSIV                       0.00%    passed    100.00%
****  TOTAL                                                       1.78%  0 sequences failed composition chi2 test (p-value<5%; df=19)
NOTE: KC244182_Megalocytivirus_pagrus1_RSIV is identical to AY894343_Megalocytivirus_pagrus1_RSIV but kept for subsequent analysis
NOTE: MW883603_Megalocytivirus_pagrus1_ISKNV is identical to MT128666_Megalocytivirus_pagrus1_ISKNV but kept for subsequent analysis
NOTE: OQ475017_Megalocytivirus_pagrus1_RSIV is identical to MW139932_Megalocytivirus_pagrus1_RSIV but kept for subsequent analysis
NOTE: MT521409_Megalocytivirus_lates1_SDDV is identical to MN562489_Megalocytivirus_lates1_SDDV but kept for subsequent analysis
NOTE: 23043610003_Megalocytivirus_pagrus1_ISKNV is identical to 23043610005_Megalocytivirus_pagrus1_ISKNV but kept for subsequent analysis
NOTE: OR670976_Megalocytivirus_pagrus1_ISKNV is identical to OQ513807_Megalocytivirus_pagrus1_ISKNV but kept for subsequent analysis
NOTE: MK098186_Megalocytivirus_pagrus1_RSIV is identical to MK098187_Megalocytivirus_pagrus1_RSIV but kept for subsequent analysis
NOTE: MN432490_Megalocytivirus_pagrus1_ISKNV is identical to OP009387_Megalocytivirus_pagrus1_ISKNV but kept for subsequent analysis
NOTE: MG570131_Megalocytivirus_pagrus1_TRBIV is identical to MG570132_Megalocytivirus_pagrus1_TRBIV but kept for subsequent analysis
Checking for duplicate sequences: done in 0.000146866 secs using 100.1% CPU
Identifying sites to remove: done in 8.60691e-05 secs using 98.76% CPU
NOTE: 39 identical sequences (see below) will be ignored for subsequent analysis
NOTE: OK042109_Megalocytivirus_pagrus1_RSIV (identical to AY894343_Megalocytivirus_pagrus1_RSIV) is ignored but added at the end
NOTE: MT798582_Megalocytivirus_pagrus1_RSIV (identical to AY894343_Megalocytivirus_pagrus1_RSIV) is ignored but added at the end
NOTE: MT986830_Megalocytivirus_pagrus1_ISKNV (identical to AY894343_Megalocytivirus_pagrus1_RSIV) is ignored but added at the end
NOTE: AP017456_Megalocytivirus_pagrus1_RSIV (identical to AY894343_Megalocytivirus_pagrus1_RSIV) is ignored but added at the end
NOTE: ON740976_Megalocytivirus_pagrus1_RSIV (identical to AY894343_Megalocytivirus_pagrus1_RSIV) is ignored but added at the end
NOTE: OK042108_Megalocytivirus_pagrus1_RSIV (identical to AY894343_Megalocytivirus_pagrus1_RSIV) is ignored but added at the end
NOTE: ON075463_Megalocytivirus_pagrus1_RSIV (identical to AY894343_Megalocytivirus_pagrus1_RSIV) is ignored but added at the end
NOTE: ON743042_Megalocytivirus_pagrus1_RSIV (identical to AY894343_Megalocytivirus_pagrus1_RSIV) is ignored but added at the end
NOTE: KT804738_Megalocytivirus_pagrus1_RSIV (identical to AY894343_Megalocytivirus_pagrus1_RSIV) is ignored but added at the end
NOTE: MK689686_Megalocytivirus_pagrus1_RSIV (identical to AY894343_Megalocytivirus_pagrus1_RSIV) is ignored but added at the end
NOTE: MW883596_Megalocytivirus_pagrus1_ISKNV (identical to MT128666_Megalocytivirus_pagrus1_ISKNV) is ignored but added at the end
NOTE: MW883606_Megalocytivirus_pagrus1_ISKNV (identical to MT128666_Megalocytivirus_pagrus1_ISKNV) is ignored but added at the end
NOTE: MT926123_Megalocytivirus_pagrus1_ISKNV (identical to MT128666_Megalocytivirus_pagrus1_ISKNV) is ignored but added at the end
NOTE: PP974677_Megalocytivirus_pagrus1_ISKNV (identical to MT128666_Megalocytivirus_pagrus1_ISKNV) is ignored but added at the end
NOTE: MW883597_Megalocytivirus_pagrus1_ISKNV (identical to MT128666_Megalocytivirus_pagrus1_ISKNV) is ignored but added at the end
NOTE: MT128667_Megalocytivirus_pagrus1_ISKNV (identical to MT128666_Megalocytivirus_pagrus1_ISKNV) is ignored but added at the end
NOTE: MW883600_Megalocytivirus_pagrus1_ISKNV (identical to MT128666_Megalocytivirus_pagrus1_ISKNV) is ignored but added at the end
NOTE: OP896201_Megalocytivirus_pagrus1_ISKNV (identical to MT128666_Megalocytivirus_pagrus1_ISKNV) is ignored but added at the end
NOTE: MW883601_Megalocytivirus_pagrus1_ISKNV (identical to MT128666_Megalocytivirus_pagrus1_ISKNV) is ignored but added at the end
NOTE: MK689685_Megalocytivirus_pagrus1_ISKNV (identical to MT128666_Megalocytivirus_pagrus1_ISKNV) is ignored but added at the end
NOTE: OR356116_Megalocytivirus_pagrus1_ISKNV (identical to MT128666_Megalocytivirus_pagrus1_ISKNV) is ignored but added at the end
NOTE: MW883602_Megalocytivirus_pagrus1_ISKNV (identical to MT128666_Megalocytivirus_pagrus1_ISKNV) is ignored but added at the end
NOTE: KT781098_Megalocytivirus_pagrus1_ISKNV (identical to MT128666_Megalocytivirus_pagrus1_ISKNV) is ignored but added at the end
NOTE: MW883594_Megalocytivirus_pagrus1_ISKNV (identical to MT128666_Megalocytivirus_pagrus1_ISKNV) is ignored but added at the end
NOTE: PP151097_Megalocytivirus_pagrus1_ISKNV (identical to MT128666_Megalocytivirus_pagrus1_ISKNV) is ignored but added at the end
NOTE: MW273353_Megalocytivirus_pagrus1_ISKNV (identical to MT128666_Megalocytivirus_pagrus1_ISKNV) is ignored but added at the end
NOTE: AF371960_Megalocytivirus_pagrus1_ISKNV (identical to MT128666_Megalocytivirus_pagrus1_ISKNV) is ignored but added at the end
NOTE: MW273354_Megalocytivirus_pagrus1_ISKNV (identical to MT128666_Megalocytivirus_pagrus1_ISKNV) is ignored but added at the end
NOTE: NC_003494_Megalocytivirus_pagrus1_ISKNV (identical to MT128666_Megalocytivirus_pagrus1_ISKNV) is ignored but added at the end
NOTE: MW883599_Megalocytivirus_pagrus1_ISKNV (identical to MT128666_Megalocytivirus_pagrus1_ISKNV) is ignored but added at the end
NOTE: ON212400_Megalocytivirus_pagrus1_ISKNV (identical to MT128666_Megalocytivirus_pagrus1_ISKNV) is ignored but added at the end
NOTE: OL774655_Megalocytivirus_pagrus1_RSIV (identical to MW139932_Megalocytivirus_pagrus1_RSIV) is ignored but added at the end
NOTE: MK098185_Megalocytivirus_pagrus1_RSIV (identical to MW139932_Megalocytivirus_pagrus1_RSIV) is ignored but added at the end
NOTE: OL774654_Megalocytivirus_pagrus1_RSIV (identical to MW139932_Megalocytivirus_pagrus1_RSIV) is ignored but added at the end
NOTE: AB104413_Megalocytivirus_pagrus1_RSIV (identical to MW139932_Megalocytivirus_pagrus1_RSIV) is ignored but added at the end
NOTE: BD143114_Megalocytivirus_pagrus1_RSIV (identical to MW139932_Megalocytivirus_pagrus1_RSIV) is ignored but added at the end
NOTE: OL774653_Megalocytivirus_pagrus1_RSIV (identical to MW139932_Megalocytivirus_pagrus1_RSIV) is ignored but added at the end
NOTE: OM037668_Megalocytivirus_lates1_SDDV (identical to MN562489_Megalocytivirus_lates1_SDDV) is ignored but added at the end
NOTE: MW883595_Megalocytivirus_pagrus1_ISKNV (identical to OP009387_Megalocytivirus_pagrus1_ISKNV) is ignored but added at the end
Alignment was printed to iqtree_family/OG0000040.fa.uniqueseq.phy

For your convenience alignment with unique sequences printed to iqtree_family/OG0000040.fa.uniqueseq.phy


Create initial parsimony tree by phylogenetic likelihood library (PLL)... 0.001 seconds
Perform fast likelihood tree search using LG+I+G model...
Estimate model parameters (epsilon = 5.000)
Perform nearest neighbor interchange...
Optimizing NNI: done in 0.0419421 secs using 100% CPU
Estimate model parameters (epsilon = 1.000)
1. Initial log-likelihood: -2281.247
Optimal log-likelihood: -2280.929
Proportion of invariable sites: 0.154
Gamma shape alpha: 2.218
Parameters optimization took 1 rounds (0.035 sec)
Time for fast ML tree search: 0.152 seconds

NOTE: ModelFinder requires 8 MB RAM!
ModelFinder will test up to 1320 protein models (sample size: 313) ...
 No. Model         -LnL         df  AIC          AICc         BIC
  1  Blosum62      2303.554     43  4693.109     4707.176     4854.196
  2  Blosum62+I    2299.507     44  4687.013     4701.789     4851.846
  3  Blosum62+G4   2297.655     44  4683.309     4698.085     4848.142
  4  Blosum62+I+G4 2298.544     45  4687.088     4702.593     4855.667
  5  Blosum62+R2   2298.075     45  4686.150     4701.656     4854.730
  6  Blosum62+R3   2297.506     47  4689.012     4706.038     4865.083
 14  Blosum62+I+R2 2298.208     46  4688.417     4704.672     4860.742
 15  Blosum62+I+R3 2295.190     48  4686.379     4704.198     4866.197
 23  Blosum62+F    2241.311     62  4606.623     4637.871     4838.887
 24  Blosum62+F+I  2237.416     63  4600.832     4633.218     4836.843
 25  Blosum62+F+G4 2234.689     63  4595.379     4627.764     4831.389
 26  Blosum62+F+I+G4 2235.684     64  4599.368     4632.916     4839.125
 27  Blosum62+F+R2 2235.119     64  4598.238     4631.786     4837.995
 45  cpREV         2300.431     43  4686.862     4700.929     4847.949
 46  cpREV+I       2289.141     44  4666.282     4681.058     4831.115
 47  cpREV+G4      2281.794     44  4651.588     4666.365     4816.421
 48  cpREV+I+G4    2282.788     45  4655.575     4671.081     4824.155
 49  cpREV+R2      2281.316     45  4652.633     4668.138     4821.212
 67  cpREV+F       2258.365     62  4640.729     4671.977     4872.994
 68  cpREV+F+I     2243.694     63  4613.387     4645.773     4849.398
 69  cpREV+F+G4    2233.963     63  4593.925     4626.311     4829.936
 70  cpREV+F+I+G4  2234.978     64  4597.956     4631.504     4837.713
 71  cpREV+F+R2    2233.365     64  4594.730     4628.279     4834.487
 89  Dayhoff       2291.407     43  4668.813     4682.880     4829.900
 90  Dayhoff+I     2283.299     44  4654.598     4669.374     4819.431
 91  Dayhoff+G4    2277.650     44  4643.299     4658.075     4808.132
 92  Dayhoff+I+G4  2278.601     45  4647.202     4662.708     4815.781
 93  Dayhoff+R2    2277.799     45  4645.599     4661.104     4814.178
111  Dayhoff+F     2239.544     62  4603.089     4634.337     4835.354
112  Dayhoff+F+I   2230.197     63  4586.395     4618.780     4822.406
113  Dayhoff+F+G4  2222.998     63  4571.997     4604.382     4808.008
114  Dayhoff+F+I+G4 2224.037     64  4576.073     4609.622     4815.830
115  Dayhoff+F+R2  2222.539     64  4573.077     4606.625     4812.834
133  DCMut         2291.179     43  4668.358     4682.425     4829.445
134  DCMut+I       2283.155     44  4654.310     4669.086     4819.143
135  DCMut+G4      2277.556     44  4643.113     4657.889     4807.946
136  DCMut+I+G4    2278.513     45  4647.025     4662.531     4815.604
137  DCMut+R2      2277.709     45  4645.419     4660.924     4813.998
155  DCMut+F       2239.252     62  4602.504     4633.752     4834.768
156  DCMut+F+I     2229.998     63  4585.996     4618.381     4822.007
157  DCMut+F+G4    2222.867     63  4571.735     4604.120     4807.745
158  DCMut+F+I+G4  2223.907     64  4575.814     4609.362     4815.571
159  DCMut+F+R2    2222.409     64  4572.818     4606.366     4812.575
WARNING: Normalizing state frequencies so that sum of them equals to 1
177  FLAVI         2355.298     43  4796.596     4810.663     4957.683
WARNING: Normalizing state frequencies so that sum of them equals to 1
178  FLAVI+I       2328.363     44  4744.725     4759.502     4909.558
WARNING: Normalizing state frequencies so that sum of them equals to 1
179  FLAVI+G4      2311.249     44  4710.497     4725.273     4875.330
WARNING: Normalizing state frequencies so that sum of them equals to 1
180  FLAVI+I+G4    2312.224     45  4714.449     4729.954     4883.028
WARNING: Normalizing state frequencies so that sum of them equals to 1
181  FLAVI+R2      2313.145     45  4716.290     4731.796     4884.870
WARNING: Normalizing state frequencies so that sum of them equals to 1
199  FLAVI+F       2292.410     62  4708.819     4740.067     4941.084
WARNING: Normalizing state frequencies so that sum of them equals to 1
200  FLAVI+F+I     2263.804     63  4653.609     4685.994     4889.620
WARNING: Normalizing state frequencies so that sum of them equals to 1
201  FLAVI+F+G4    2246.242     63  4618.483     4650.869     4854.494
WARNING: Normalizing state frequencies so that sum of them equals to 1
202  FLAVI+F+I+G4  2247.172     64  4622.344     4655.893     4862.101
WARNING: Normalizing state frequencies so that sum of them equals to 1
203  FLAVI+F+R2    2248.918     64  4625.836     4659.384     4865.593
221  FLU           2278.497     43  4642.995     4657.062     4804.082
222  FLU+I         2263.141     44  4614.283     4629.059     4779.116
223  FLU+G4        2256.981     44  4601.962     4616.738     4766.795
224  FLU+I+G4      2257.614     45  4605.229     4620.734     4773.808
225  FLU+R2        2258.527     45  4607.054     4622.560     4775.633
243  FLU+F         2239.586     62  4603.172     4634.420     4835.437
244  FLU+F+I       2225.540     63  4577.079     4609.465     4813.090
245  FLU+F+G4      2217.921     63  4561.841     4594.227     4797.852
246  FLU+F+I+G4    2218.685     64  4565.370     4598.918     4805.127
247  FLU+F+R2      2218.992     64  4565.984     4599.533     4805.741
265  HIVb          2313.130     43  4712.260     4726.327     4873.346
266  HIVb+I        2292.644     44  4673.289     4688.065     4838.122
267  HIVb+G4       2284.421     44  4656.842     4671.618     4821.674
268  HIVb+I+G4     2285.122     45  4660.245     4675.750     4828.824
269  HIVb+R2       2285.650     45  4661.300     4676.806     4829.879
287  HIVb+F        2277.102     62  4678.203     4709.451     4910.468
288  HIVb+F+I      2252.703     63  4631.406     4663.792     4867.417
289  HIVb+F+G4     2240.551     63  4607.102     4639.488     4843.113
290  HIVb+F+I+G4   2241.392     64  4610.783     4644.332     4850.540
291  HIVb+F+R2     2242.546     64  4613.092     4646.640     4852.849
309  HIVw          2340.279     43  4766.558     4780.625     4927.645
310  HIVw+I        2317.776     44  4723.551     4738.327     4888.384
311  HIVw+G4       2309.129     44  4706.258     4721.034     4871.091
312  HIVw+I+G4     2309.591     45  4709.181     4724.687     4877.760
313  HIVw+R2       2311.717     45  4713.434     4728.940     4882.014
331  HIVw+F        2282.458     62  4688.915     4720.163     4921.180
332  HIVw+F+I      2259.897     63  4645.794     4678.179     4881.804
333  HIVw+F+G4     2249.331     63  4624.662     4657.047     4860.673
334  HIVw+F+I+G4   2250.107     64  4628.215     4661.763     4867.972
335  HIVw+F+R2     2251.381     64  4630.761     4664.309     4870.518
353  JTT           2270.841     43  4627.681     4641.748     4788.768
354  JTT+I         2262.867     44  4613.734     4628.510     4778.567
355  JTT+G4        2258.461     44  4604.923     4619.699     4769.756
356  JTT+I+G4      2259.421     45  4608.843     4624.348     4777.422
357  JTT+R2        2259.063     45  4608.126     4623.631     4776.705
375  JTT+F         2241.526     62  4607.052     4638.300     4839.317
376  JTT+F+I       2231.349     63  4588.698     4621.084     4824.709
377  JTT+F+G4      2224.984     63  4575.969     4608.354     4811.980
378  JTT+F+I+G4    2225.960     64  4579.921     4613.469     4819.678
379  JTT+F+R2      2224.658     64  4577.317     4610.865     4817.074
397  JTTDCMut      2273.019     43  4632.038     4646.105     4793.125
398  JTTDCMut+I    2264.890     44  4617.780     4632.557     4782.613
399  JTTDCMut+G4   2260.322     44  4608.644     4623.420     4773.477
400  JTTDCMut+I+G4 2261.296     45  4612.591     4628.097     4781.170
401  JTTDCMut+R2   2260.912     45  4611.824     4627.330     4780.403
419  JTTDCMut+F    2242.170     62  4608.341     4639.589     4840.605
420  JTTDCMut+F+I  2231.968     63  4589.935     4622.321     4825.946
421  JTTDCMut+F+G4 2225.469     63  4576.938     4609.324     4812.949
422  JTTDCMut+F+I+G4 2226.460     64  4580.919     4614.468     4820.676
423  JTTDCMut+F+R2 2225.204     64  4578.407     4611.956     4818.164
441  LG            2294.392     43  4674.785     4688.852     4835.872
442  LG+I          2284.816     44  4657.632     4672.408     4822.465
443  LG+G4         2279.321     44  4646.641     4661.418     4811.474
444  LG+I+G4       2280.276     45  4650.552     4666.058     4819.132
445  LG+R2         2278.985     45  4647.971     4663.477     4816.550
463  LG+F          2244.820     62  4613.640     4644.888     4845.905
464  LG+F+I        2233.497     63  4592.994     4625.379     4829.005
465  LG+F+G4       2226.254     63  4578.508     4610.894     4814.519
466  LG+F+I+G4     2227.232     64  4582.464     4616.013     4822.221
467  LG+F+R2       2226.065     64  4580.129     4613.678     4819.886
485  mtART         2546.930     43  5179.861     5193.927     5340.947
486  mtART+I       2488.637     44  5065.273     5080.049     5230.106
487  mtART+G4      2446.351     44  4980.702     4995.478     5145.535
488  mtART+I+G4    2447.671     45  4985.343     5000.849     5153.922
489  mtART+R2      2460.820     45  5011.640     5027.146     5180.220
507  mtART+F       2355.604     62  4835.208     4866.456     5067.473
508  mtART+F+I     2308.035     63  4742.070     4774.456     4978.081
509  mtART+F+G4    2269.053     63  4664.106     4696.492     4900.117
510  mtART+F+I+G4  2270.298     64  4668.597     4702.145     4908.354
511  mtART+F+R2    2281.663     64  4691.325     4724.873     4931.082
529  mtMAM         2503.302     43  5092.605     5106.672     5253.692
530  mtMAM+I       2460.708     44  5009.416     5024.192     5174.249
531  mtMAM+G4      2423.096     44  4934.192     4948.968     5099.025
532  mtMAM+I+G4    2424.292     45  4938.584     4954.090     5107.163
533  mtMAM+R2      2429.480     45  4948.961     4964.466     5117.540
551  mtMAM+F       2327.877     62  4779.753     4811.001     5012.018
552  mtMAM+F+I     2289.846     63  4705.692     4738.078     4941.703
553  mtMAM+F+G4    2258.697     63  4643.394     4675.779     4879.405
554  mtMAM+F+I+G4  2259.907     64  4647.813     4681.361     4887.570
555  mtMAM+F+R2    2264.958     64  4657.915     4691.464     4897.672
573  mtREV         2447.768     43  4981.536     4995.603     5142.623
574  mtREV+I       2422.508     44  4933.017     4947.793     5097.850
575  mtREV+G4      2402.176     44  4892.352     4907.128     5057.185
576  mtREV+I+G4    2403.319     45  4896.638     4912.143     5065.217
577  mtREV+R2      2401.397     45  4892.795     4908.300     5061.374
595  mtREV+F       2284.569     62  4693.138     4724.386     4925.402
596  mtREV+F+I     2261.746     63  4649.493     4681.878     4885.503
597  mtREV+F+G4    2243.899     63  4613.797     4646.183     4849.808
598  mtREV+F+I+G4  2244.988     64  4617.976     4651.525     4857.733
599  mtREV+F+R2    2243.664     64  4615.329     4648.877     4855.086
617  mtZOA         2464.719     43  5015.437     5029.504     5176.524
618  mtZOA+I       2426.364     44  4940.728     4955.504     5105.561
619  mtZOA+G4      2401.243     44  4890.486     4905.262     5055.319
620  mtZOA+I+G4    2402.296     45  4894.591     4910.097     5063.170
621  mtZOA+R2      2404.837     45  4899.675     4915.180     5068.254
639  mtZOA+F       2301.003     62  4726.007     4757.255     4958.271
640  mtZOA+F+I     2268.328     63  4662.657     4695.042     4898.668
641  mtZOA+F+G4    2246.484     63  4618.967     4651.353     4854.978
642  mtZOA+F+I+G4  2247.521     64  4623.041     4656.589     4862.798
643  mtZOA+F+R2    2249.750     64  4627.500     4661.049     4867.257
661  mtMet         2460.013     43  5006.026     5020.092     5167.112
662  mtMet+I       2436.715     44  4961.430     4976.206     5126.262
663  mtMet+G4      2420.059     44  4928.118     4942.894     5092.951
664  mtMet+I+G4    2421.072     45  4932.143     4947.649     5100.723
665  mtMet+R2      2419.583     45  4929.166     4944.672     5097.745
683  mtMet+F       2269.756     62  4663.511     4694.759     4895.776
684  mtMet+F+I     2249.259     63  4624.518     4656.904     4860.529
685  mtMet+F+G4    2234.569     63  4595.138     4627.524     4831.149
686  mtMet+F+I+G4  2235.660     64  4599.320     4632.869     4839.077
687  mtMet+F+R2    2234.130     64  4596.260     4629.808     4836.017
705  mtVer         2455.948     43  4997.896     5011.963     5158.982
706  mtVer+I       2429.439     44  4946.878     4961.654     5111.711
707  mtVer+G4      2408.843     44  4905.687     4920.463     5070.520
708  mtVer+I+G4    2409.920     45  4909.840     4925.346     5078.419
709  mtVer+R2      2408.927     45  4907.854     4923.359     5076.433
727  mtVer+F       2287.802     62  4699.604     4730.852     4931.869
728  mtVer+F+I     2261.523     63  4649.047     4681.432     4885.057
729  mtVer+F+G4    2243.617     63  4613.235     4645.620     4849.246
730  mtVer+F+I+G4  2244.654     64  4617.307     4650.856     4857.064
731  mtVer+F+R2    2244.877     64  4617.754     4651.302     4857.511
749  mtInv         2491.928     43  5069.855     5083.922     5230.942
750  mtInv+I       2472.263     44  5032.527     5047.303     5197.360
751  mtInv+G4      2458.856     44  5005.713     5020.489     5170.546
752  mtInv+I+G4    2459.890     45  5009.780     5025.286     5178.359
753  mtInv+R2      2458.074     45  5006.149     5021.654     5174.728
771  mtInv+F       2261.221     62  4646.441     4677.689     4878.706
772  mtInv+F+I     2244.239     63  4614.478     4646.864     4850.489
773  mtInv+F+G4    2231.776     63  4589.553     4621.938     4825.563
774  mtInv+F+I+G4  2232.812     64  4593.624     4627.173     4833.381
775  mtInv+F+R2    2230.704     64  4589.407     4622.956     4829.164
793  PMB           2292.353     43  4670.706     4684.773     4831.793
794  PMB+I         2289.244     44  4666.488     4681.264     4831.321
795  PMB+G4        2287.467     44  4662.933     4677.709     4827.766
796  PMB+I+G4      2288.400     45  4666.801     4682.306     4835.380
797  PMB+R2        2287.801     45  4665.603     4681.108     4834.182
815  PMB+F         2239.160     62  4602.321     4633.569     4834.586
816  PMB+F+I       2236.166     63  4598.332     4630.717     4834.343
817  PMB+F+G4      2233.605     63  4593.210     4625.596     4829.221
818  PMB+F+I+G4    2234.606     64  4597.211     4630.760     4836.968
819  PMB+F+R2      2233.939     64  4595.877     4629.426     4835.634
WARNING: Normalizing state frequencies so that sum of them equals to 1
837  Q.bird        2299.066     43  4684.133     4698.200     4845.220
WARNING: Normalizing state frequencies so that sum of them equals to 1
838  Q.bird+I      2280.443     44  4648.886     4663.662     4813.719
WARNING: Normalizing state frequencies so that sum of them equals to 1
839  Q.bird+G4     2271.619     44  4631.239     4646.015     4796.072
WARNING: Normalizing state frequencies so that sum of them equals to 1
840  Q.bird+I+G4   2272.472     45  4634.944     4650.450     4803.523
WARNING: Normalizing state frequencies so that sum of them equals to 1
841  Q.bird+R2     2271.687     45  4633.375     4648.880     4801.954
WARNING: Normalizing state frequencies so that sum of them equals to 1
859  Q.bird+F      2270.044     62  4664.089     4695.337     4896.354
WARNING: Normalizing state frequencies so that sum of them equals to 1
860  Q.bird+F+I    2248.784     63  4623.568     4655.954     4859.579
WARNING: Normalizing state frequencies so that sum of them equals to 1
861  Q.bird+F+G4   2238.183     63  4602.366     4634.752     4838.377
WARNING: Normalizing state frequencies so that sum of them equals to 1
862  Q.bird+F+I+G4 2239.061     64  4606.122     4639.670     4845.879
WARNING: Normalizing state frequencies so that sum of them equals to 1
863  Q.bird+F+R2   2238.969     64  4605.937     4639.485     4845.694
881  Q.insect      2313.113     43  4712.225     4726.292     4873.312
882  Q.insect+I    2302.931     44  4693.863     4708.639     4858.696
883  Q.insect+G4   2297.927     44  4683.854     4698.630     4848.687
884  Q.insect+I+G4 2298.859     45  4687.719     4703.224     4856.298
885  Q.insect+R2   2298.236     45  4686.472     4701.978     4855.051
903  Q.insect+F    2251.500     62  4627.001     4658.249     4859.265
904  Q.insect+F+I  2238.184     63  4602.368     4634.754     4838.379
905  Q.insect+F+G4 2230.679     63  4587.357     4619.743     4823.368
906  Q.insect+F+I+G4 2231.674     64  4591.348     4624.897     4831.105
907  Q.insect+F+R2 2230.356     64  4588.712     4622.261     4828.469
WARNING: Normalizing state frequencies so that sum of them equals to 1
925  Q.mammal      2287.269     43  4660.538     4674.605     4821.625
WARNING: Normalizing state frequencies so that sum of them equals to 1
926  Q.mammal+I    2272.725     44  4633.451     4648.227     4798.283
WARNING: Normalizing state frequencies so that sum of them equals to 1
927  Q.mammal+G4   2265.869     44  4619.738     4634.514     4784.571
WARNING: Normalizing state frequencies so that sum of them equals to 1
928  Q.mammal+I+G4 2266.730     45  4623.459     4638.965     4792.038
WARNING: Normalizing state frequencies so that sum of them equals to 1
929  Q.mammal+R2   2265.530     45  4621.061     4636.567     4789.640
WARNING: Normalizing state frequencies so that sum of them equals to 1
947  Q.mammal+F    2258.486     62  4640.971     4672.219     4873.236
WARNING: Normalizing state frequencies so that sum of them equals to 1
948  Q.mammal+F+I  2241.947     63  4609.893     4642.279     4845.904
WARNING: Normalizing state frequencies so that sum of them equals to 1
949  Q.mammal+F+G4 2233.833     63  4593.666     4626.052     4829.677
WARNING: Normalizing state frequencies so that sum of them equals to 1
950  Q.mammal+F+I+G4 2234.779     64  4597.558     4631.106     4837.315
WARNING: Normalizing state frequencies so that sum of them equals to 1
951  Q.mammal+F+R2 2233.955     64  4595.910     4629.459     4835.667
WARNING: Normalizing state frequencies so that sum of them equals to 1
969  Q.pfam        2286.840     43  4659.679     4673.746     4820.766
WARNING: Normalizing state frequencies so that sum of them equals to 1
970  Q.pfam+I      2277.950     44  4643.899     4658.675     4808.732
WARNING: Normalizing state frequencies so that sum of them equals to 1
971  Q.pfam+G4     2273.549     44  4635.098     4649.874     4799.931
WARNING: Normalizing state frequencies so that sum of them equals to 1
972  Q.pfam+I+G4   2274.490     45  4638.979     4654.485     4807.558
WARNING: Normalizing state frequencies so that sum of them equals to 1
973  Q.pfam+R2     2274.269     45  4638.539     4654.044     4807.118
WARNING: Normalizing state frequencies so that sum of them equals to 1
991  Q.pfam+F      2241.130     62  4606.261     4637.509     4838.525
WARNING: Normalizing state frequencies so that sum of them equals to 1
992  Q.pfam+F+I    2231.077     63  4588.153     4620.539     4824.164
WARNING: Normalizing state frequencies so that sum of them equals to 1
993  Q.pfam+F+G4   2225.336     63  4576.671     4609.057     4812.682
WARNING: Normalizing state frequencies so that sum of them equals to 1
994  Q.pfam+F+I+G4 2226.359     64  4580.718     4614.266     4820.475
WARNING: Normalizing state frequencies so that sum of them equals to 1
995  Q.pfam+F+R2   2225.195     64  4578.391     4611.939     4818.148
WARNING: Normalizing state frequencies so that sum of them equals to 1
1013  Q.plant       2305.659     43  4697.317     4711.384     4858.404
WARNING: Normalizing state frequencies so that sum of them equals to 1
1014  Q.plant+I     2286.745     44  4661.489     4676.266     4826.322
WARNING: Normalizing state frequencies so that sum of them equals to 1
1015  Q.plant+G4    2279.125     44  4646.250     4661.026     4811.083
WARNING: Normalizing state frequencies so that sum of them equals to 1
1016  Q.plant+I+G4  2279.933     45  4649.866     4665.372     4818.446
WARNING: Normalizing state frequencies so that sum of them equals to 1
1017  Q.plant+R2    2279.790     45  4649.580     4665.086     4818.159
WARNING: Normalizing state frequencies so that sum of them equals to 1
1035  Q.plant+F     2259.785     62  4643.571     4674.819     4875.835
WARNING: Normalizing state frequencies so that sum of them equals to 1
1036  Q.plant+F+I   2235.857     63  4597.714     4630.100     4833.725
WARNING: Normalizing state frequencies so that sum of them equals to 1
1037  Q.plant+F+G4  2227.225     63  4580.449     4612.835     4816.460
WARNING: Normalizing state frequencies so that sum of them equals to 1
1038  Q.plant+F+I+G4 2227.914     64  4583.829     4617.377     4823.586
WARNING: Normalizing state frequencies so that sum of them equals to 1
1039  Q.plant+F+R2  2228.389     64  4584.778     4618.327     4824.535
WARNING: Normalizing state frequencies so that sum of them equals to 1
1057  Q.yeast       2317.175     43  4720.350     4734.416     4881.436
WARNING: Normalizing state frequencies so that sum of them equals to 1
1058  Q.yeast+I     2305.382     44  4698.764     4713.541     4863.597
WARNING: Normalizing state frequencies so that sum of them equals to 1
1059  Q.yeast+G4    2300.271     44  4688.541     4703.317     4853.374
WARNING: Normalizing state frequencies so that sum of them equals to 1
1060  Q.yeast+I+G4  2301.173     45  4692.346     4707.852     4860.925
WARNING: Normalizing state frequencies so that sum of them equals to 1
1061  Q.yeast+R2    2300.762     45  4691.525     4707.030     4860.104
WARNING: Normalizing state frequencies so that sum of them equals to 1
1079  Q.yeast+F     2248.637     62  4621.273     4652.521     4853.538
WARNING: Normalizing state frequencies so that sum of them equals to 1
1080  Q.yeast+F+I   2234.838     63  4595.677     4628.062     4831.688
WARNING: Normalizing state frequencies so that sum of them equals to 1
1081  Q.yeast+F+G4  2227.478     63  4580.955     4613.341     4816.966
WARNING: Normalizing state frequencies so that sum of them equals to 1
1082  Q.yeast+F+I+G4 2228.462     64  4584.923     4618.472     4824.680
WARNING: Normalizing state frequencies so that sum of them equals to 1
1083  Q.yeast+F+R2  2227.409     64  4582.818     4616.366     4822.575
1101  rtREV         2319.556     43  4725.112     4739.179     4886.199
1102  rtREV+I       2307.781     44  4703.562     4718.338     4868.395
1103  rtREV+G4      2303.891     44  4695.781     4710.557     4860.614
1104  rtREV+I+G4    2304.525     45  4699.049     4714.555     4867.628
1105  rtREV+R2      2305.031     45  4700.062     4715.568     4868.641
1123  rtREV+F       2255.613     62  4635.226     4666.474     4867.490
1124  rtREV+F+I     2243.668     63  4613.337     4645.722     4849.347
1125  rtREV+F+G4    2237.398     63  4600.796     4633.182     4836.807
1126  rtREV+F+I+G4  2238.287     64  4604.574     4638.122     4844.331
1127  rtREV+F+R2    2237.920     64  4603.841     4637.389     4843.598
1145  VT            2275.907     43  4637.815     4651.882     4798.902
1146  VT+I          2271.707     44  4631.414     4646.190     4796.247
1147  VT+G4         2269.343     44  4626.687     4641.463     4791.520
1148  VT+I+G4       2270.284     45  4630.568     4646.073     4799.147
1149  VT+R2         2269.748     45  4629.495     4645.001     4798.074
1167  VT+F          2235.550     62  4595.100     4626.348     4827.364
1168  VT+F+I        2230.647     63  4587.294     4619.679     4823.305
1169  VT+F+G4       2227.179     63  4580.358     4612.744     4816.369
1170  VT+F+I+G4     2228.212     64  4584.424     4617.972     4824.181
1171  VT+F+R2       2227.596     64  4583.193     4616.741     4822.950
1189  WAG           2274.837     43  4635.674     4649.740     4796.760
1190  WAG+I         2270.110     44  4628.219     4642.996     4793.052
1191  WAG+G4        2266.878     44  4621.755     4636.531     4786.588
1192  WAG+I+G4      2267.855     45  4625.709     4641.215     4794.289
1193  WAG+R2        2267.368     45  4624.736     4640.242     4793.315
1211  WAG+F         2227.932     62  4579.864     4611.112     4812.129
1212  WAG+F+I       2222.490     63  4570.980     4603.365     4806.990
1213  WAG+F+G4      2218.120     63  4562.241     4594.626     4798.252
1214  WAG+F+I+G4    2219.126     64  4566.253     4599.801     4806.010
1215  WAG+F+R2      2218.452     64  4564.904     4598.453     4804.661
Reading model parameters from file Q.iridoviridae
1233  Q.iridoviridae 2300.206     43  4686.413     4700.480     4847.499
Reading model parameters from file Q.iridoviridae
1234  Q.iridoviridae+I 2292.825     44  4673.651     4688.427     4838.483
Reading model parameters from file Q.iridoviridae
1235  Q.iridoviridae+G4 2288.639     44  4665.278     4680.054     4830.111
Reading model parameters from file Q.iridoviridae
1236  Q.iridoviridae+I+G4 2289.618     45  4669.236     4684.741     4837.815
Reading model parameters from file Q.iridoviridae
1237  Q.iridoviridae+R2 2289.299     45  4668.599     4684.104     4837.178
Reading model parameters from file Q.iridoviridae
1255  Q.iridoviridae+F 2239.489     62  4602.979     4634.227     4835.243
Reading model parameters from file Q.iridoviridae
1256  Q.iridoviridae+F+I 2230.905     63  4587.810     4620.195     4823.820
Reading model parameters from file Q.iridoviridae
1257  Q.iridoviridae+F+G4 2224.693     63  4575.386     4607.772     4811.397
Reading model parameters from file Q.iridoviridae
1258  Q.iridoviridae+F+I+G4 2225.685     64  4579.369     4612.918     4819.126
Reading model parameters from file Q.iridoviridae
1259  Q.iridoviridae+F+R2 2224.385     64  4576.770     4610.318     4816.527
Reading model parameters from file Q.mcv
WARNING: Normalizing state frequencies so that sum of them equals to 1
1277  Q.mcv         2269.634     43  4625.268     4639.335     4786.355
Reading model parameters from file Q.mcv
WARNING: Normalizing state frequencies so that sum of them equals to 1
1278  Q.mcv+I       2261.301     44  4610.603     4625.379     4775.436
Reading model parameters from file Q.mcv
WARNING: Normalizing state frequencies so that sum of them equals to 1
1279  Q.mcv+G4      2256.638     44  4601.276     4616.052     4766.109
Reading model parameters from file Q.mcv
WARNING: Normalizing state frequencies so that sum of them equals to 1
1280  Q.mcv+I+G4    2257.611     45  4605.221     4620.727     4773.800
Reading model parameters from file Q.mcv
WARNING: Normalizing state frequencies so that sum of them equals to 1
1281  Q.mcv+R2      2257.386     45  4604.773     4620.278     4773.352
Reading model parameters from file Q.mcv
WARNING: Normalizing state frequencies so that sum of them equals to 1
1299  Q.mcv+F       2230.662     62  4585.324     4616.572     4817.589
Reading model parameters from file Q.mcv
WARNING: Normalizing state frequencies so that sum of them equals to 1
1300  Q.mcv+F+I     2220.942     63  4567.883     4600.269     4803.894
Reading model parameters from file Q.mcv
WARNING: Normalizing state frequencies so that sum of them equals to 1
1301  Q.mcv+F+G4    2214.352     63  4554.705     4587.090     4790.716
Reading model parameters from file Q.mcv
WARNING: Normalizing state frequencies so that sum of them equals to 1
1302  Q.mcv+F+I+G4  2215.378     64  4558.755     4592.304     4798.512
Reading model parameters from file Q.mcv
WARNING: Normalizing state frequencies so that sum of them equals to 1
1303  Q.mcv+F+R2    2214.120     64  4556.240     4589.788     4795.997
Akaike Information Criterion:           Q.mcv+F+G4
Corrected Akaike Information Criterion: Q.mcv+F+G4
Bayesian Information Criterion:         Q.mcv+G4
Best-fit model: Q.mcv+G4 chosen according to BIC

All model information printed to iqtree_family/OG0000040.fa.model.gz
CPU time for ModelFinder: 23.631 seconds (0h:0m:23s)
Wall-clock time for ModelFinder: 23.665 seconds (0h:0m:23s)
Generating 1000 samples for ultrafast bootstrap (seed: 637873)...
Reading model parameters from file Q.mcv
WARNING: Normalizing state frequencies so that sum of them equals to 1

NOTE: 4 MB RAM (0 GB) is required!
Estimate model parameters (epsilon = 0.100)
1. Initial log-likelihood: -2256.638
Optimal log-likelihood: -2256.634
Gamma shape alpha: 1.255
Parameters optimization took 1 rounds (0.017 sec)
Wrote distance file to... 
Computing ML distances based on estimated model parameters...
Calculating distance matrix: done in 0.029902 secs using 99.99% CPU
Computing ML distances took 0.029944 sec (of wall-clock time) 0.029943 sec (of CPU time)
Setting up auxiliary I and S matrices: done in 4.79221e-05 secs using 100.2% CPU
Constructing RapidNJ tree: done in 9.60827e-05 secs using 154% CPU
Computing RapidNJ tree took 0.000177 sec (of wall-clock time) 0.000229 sec (of CPU time)
Log-likelihood of RapidNJ tree: -2260.325
--------------------------------------------------------------------
|             INITIALIZING CANDIDATE TREE SET                      |
--------------------------------------------------------------------
Generating 98 parsimony trees... 0.065 second
Computing log-likelihood of 98 initial trees ... 0.489 seconds
Current best score: -2256.634

Do NNI search on 20 best initial trees
Optimizing NNI: done in 0.054251 secs using 99.99% CPU
Estimate model parameters (epsilon = 0.100)
BETTER TREE FOUND at iteration 1: -2256.344
Optimizing NNI: done in 0.0980761 secs using 100% CPU
BETTER TREE FOUND at iteration 2: -2256.343
Optimizing NNI: done in 0.096741 secs using 100% CPU
Optimizing NNI: done in 0.107039 secs using 99.99% CPU
BETTER TREE FOUND at iteration 4: -2256.343
Optimizing NNI: done in 0.105105 secs using 100% CPU
UPDATE BEST LOG-LIKELIHOOD: -2256.343
Optimizing NNI: done in 0.104985 secs using 97.46% CPU
UPDATE BEST LOG-LIKELIHOOD: -2256.343
Optimizing NNI: done in 0.105715 secs using 100% CPU
Optimizing NNI: done in 0.0994952 secs using 100% CPU
Optimizing NNI: done in 0.0991919 secs using 100% CPU
Optimizing NNI: done in 0.100358 secs using 100% CPU
Iteration 10 / LogL: -2256.343 / Time: 0h:0m:1s
Optimizing NNI: done in 0.100625 secs using 100% CPU
Optimizing NNI: done in 0.0994189 secs using 100% CPU
Optimizing NNI: done in 0.0996702 secs using 100% CPU
Optimizing NNI: done in 0.105473 secs using 100% CPU
Optimizing NNI: done in 0.102298 secs using 99.99% CPU
Optimizing NNI: done in 0.10097 secs using 100% CPU
Optimizing NNI: done in 0.101482 secs using 100% CPU
Optimizing NNI: done in 0.107654 secs using 100% CPU
Optimizing NNI: done in 0.109188 secs using 100% CPU
UPDATE BEST LOG-LIKELIHOOD: -2256.343
Optimizing NNI: done in 0.102964 secs using 100% CPU
Iteration 20 / LogL: -2256.343 / Time: 0h:0m:2s
Finish initializing candidate tree set (13)
Current best tree score: -2256.343 / CPU time: 2.602
Number of iterations: 20
--------------------------------------------------------------------
|               OPTIMIZING CANDIDATE TREE SET                      |
--------------------------------------------------------------------
Optimizing NNI: done in 0.156439 secs using 100% CPU
Optimizing NNI: done in 0.21645 secs using 100% CPU
Optimizing NNI: done in 0.0782459 secs using 99.99% CPU
Optimizing NNI: done in 0.0741642 secs using 100% CPU
Optimizing NNI: done in 0.174022 secs using 100% CPU
Optimizing NNI: done in 0.136506 secs using 100% CPU
Optimizing NNI: done in 0.180819 secs using 100% CPU
Optimizing NNI: done in 0.0930159 secs using 100% CPU
Optimizing NNI: done in 0.101861 secs using 100% CPU
Optimizing NNI: done in 0.137235 secs using 100% CPU
Iteration 30 / LogL: -2256.346 / Time: 0h:0m:4s (0h:0m:10s left)
Optimizing NNI: done in 0.175819 secs using 99.98% CPU
Optimizing NNI: done in 0.107227 secs using 100% CPU
Optimizing NNI: done in 0.124701 secs using 100% CPU
Optimizing NNI: done in 0.153805 secs using 100% CPU
Optimizing NNI: done in 0.119671 secs using 100% CPU
Optimizing NNI: done in 0.0916729 secs using 99.99% CPU
Optimizing NNI: done in 0.103843 secs using 100% CPU
UPDATE BEST LOG-LIKELIHOOD: -2256.343
Optimizing NNI: done in 0.0784709 secs using 99.99% CPU
UPDATE BEST LOG-LIKELIHOOD: -2256.343
Optimizing NNI: done in 0.096801 secs using 99.97% CPU
Optimizing NNI: done in 0.189584 secs using 100% CPU
Iteration 40 / LogL: -2262.380 / Time: 0h:0m:5s (0h:0m:8s left)
Optimizing NNI: done in 0.199036 secs using 100% CPU
Optimizing NNI: done in 0.142707 secs using 100% CPU
Optimizing NNI: done in 0.122167 secs using 100% CPU
Optimizing NNI: done in 0.192658 secs using 100% CPU
Optimizing NNI: done in 0.130788 secs using 99.99% CPU
Optimizing NNI: done in 0.077111 secs using 100% CPU
Optimizing NNI: done in 0.095484 secs using 100% CPU
Optimizing NNI: done in 0.126641 secs using 100% CPU
Optimizing NNI: done in 0.148891 secs using 100% CPU
Optimizing NNI: done in 0.144109 secs using 100% CPU
Iteration 50 / LogL: -2256.633 / Time: 0h:0m:6s (0h:0m:7s left)
Log-likelihood cutoff on original alignment: -2290.673
Optimizing NNI: done in 0.086149 secs using 100% CPU
Optimizing NNI: done in 0.170383 secs using 100% CPU
Optimizing NNI: done in 0.152579 secs using 100% CPU
Optimizing NNI: done in 0.146171 secs using 100% CPU
Optimizing NNI: done in 0.132118 secs using 99.99% CPU
Optimizing NNI: done in 0.106168 secs using 99.96% CPU
Optimizing NNI: done in 0.095598 secs using 100% CPU
Optimizing NNI: done in 0.097585 secs using 100% CPU
Optimizing NNI: done in 0.240299 secs using 100% CPU
Optimizing NNI: done in 0.104911 secs using 100% CPU
Iteration 60 / LogL: -2256.343 / Time: 0h:0m:8s (0h:0m:6s left)
Optimizing NNI: done in 0.101321 secs using 100% CPU
Optimizing NNI: done in 0.122197 secs using 100% CPU
Optimizing NNI: done in 0.223619 secs using 100% CPU
Optimizing NNI: done in 0.117846 secs using 100% CPU
Optimizing NNI: done in 0.175837 secs using 100% CPU
Optimizing NNI: done in 0.107689 secs using 99.99% CPU
Optimizing NNI: done in 0.101432 secs using 99.99% CPU
Optimizing NNI: done in 0.117474 secs using 100% CPU
Optimizing NNI: done in 0.219368 secs using 99.99% CPU
Optimizing NNI: done in 0.13768 secs using 100% CPU
Iteration 70 / LogL: -2256.345 / Time: 0h:0m:9s (0h:0m:4s left)
Optimizing NNI: done in 0.157406 secs using 100% CPU
Optimizing NNI: done in 0.172584 secs using 100% CPU
Optimizing NNI: done in 0.182443 secs using 99.99% CPU
Optimizing NNI: done in 0.14075 secs using 100% CPU
Optimizing NNI: done in 0.184937 secs using 100% CPU
Optimizing NNI: done in 0.143815 secs using 100% CPU
Optimizing NNI: done in 0.180582 secs using 100% CPU
Optimizing NNI: done in 0.192664 secs using 100% CPU
Optimizing NNI: done in 0.136321 secs using 99.97% CPU
Optimizing NNI: done in 0.0982399 secs using 100% CPU
Iteration 80 / LogL: -2256.344 / Time: 0h:0m:11s (0h:0m:3s left)
Optimizing NNI: done in 0.161652 secs using 100% CPU
Optimizing NNI: done in 0.0704072 secs using 100% CPU
Optimizing NNI: done in 0.123583 secs using 100% CPU
Optimizing NNI: done in 0.116697 secs using 100% CPU
Optimizing NNI: done in 0.151566 secs using 100% CPU
Optimizing NNI: done in 0.070272 secs using 100% CPU
Optimizing NNI: done in 0.187735 secs using 99.99% CPU
Optimizing NNI: done in 0.167382 secs using 100% CPU
Optimizing NNI: done in 0.162299 secs using 100% CPU
Optimizing NNI: done in 0.174712 secs using 99.82% CPU
Iteration 90 / LogL: -2256.344 / Time: 0h:0m:12s (0h:0m:1s left)
Optimizing NNI: done in 0.124056 secs using 100% CPU
Optimizing NNI: done in 0.123545 secs using 100% CPU
Optimizing NNI: done in 0.118725 secs using 99.99% CPU
Optimizing NNI: done in 0.185126 secs using 99.99% CPU
Optimizing NNI: done in 0.0765431 secs using 100% CPU
BETTER TREE FOUND at iteration 95: -2256.343
Optimizing NNI: done in 0.252758 secs using 100% CPU
Optimizing NNI: done in 0.153185 secs using 100% CPU
Optimizing NNI: done in 0.154738 secs using 100% CPU
Optimizing NNI: done in 0.123055 secs using 100% CPU
Optimizing NNI: done in 0.134982 secs using 99.98% CPU
Iteration 100 / LogL: -2270.572 / Time: 0h:0m:14s (0h:0m:13s left)
Log-likelihood cutoff on original alignment: -2290.673
NOTE: Bootstrap correlation coefficient of split occurrence frequencies: 0.996
Optimizing NNI: done in 0.053143 secs using 100% CPU
Optimizing NNI: done in 0.183199 secs using 100% CPU
Optimizing NNI: done in 0.190608 secs using 100% CPU
Optimizing NNI: done in 0.172497 secs using 100% CPU
Optimizing NNI: done in 0.192193 secs using 100% CPU
Optimizing NNI: done in 0.118509 secs using 99.98% CPU
Optimizing NNI: done in 0.133138 secs using 100% CPU
Optimizing NNI: done in 0.0860629 secs using 100% CPU
Optimizing NNI: done in 0.103285 secs using 100% CPU
Optimizing NNI: done in 0.079304 secs using 100% CPU
Iteration 110 / LogL: -2256.344 / Time: 0h:0m:15s (0h:0m:12s left)
Optimizing NNI: done in 0.146262 secs using 100% CPU
Optimizing NNI: done in 0.263284 secs using 100% CPU
Optimizing NNI: done in 0.093735 secs using 100% CPU
Optimizing NNI: done in 0.196111 secs using 99.99% CPU
Optimizing NNI: done in 0.145605 secs using 100% CPU
Optimizing NNI: done in 0.167076 secs using 100% CPU
Optimizing NNI: done in 0.112435 secs using 100% CPU
Optimizing NNI: done in 0.18102 secs using 100% CPU
Optimizing NNI: done in 0.159284 secs using 99.99% CPU
Optimizing NNI: done in 0.166128 secs using 100% CPU
Iteration 120 / LogL: -2256.345 / Time: 0h:0m:17s (0h:0m:11s left)
Optimizing NNI: done in 0.132058 secs using 100% CPU
Optimizing NNI: done in 0.198886 secs using 100% CPU
Optimizing NNI: done in 0.144982 secs using 100% CPU
Optimizing NNI: done in 0.111067 secs using 100% CPU
Optimizing NNI: done in 0.111692 secs using 100% CPU
Optimizing NNI: done in 0.114921 secs using 100% CPU
Optimizing NNI: done in 0.173696 secs using 100% CPU
Optimizing NNI: done in 0.14782 secs using 100% CPU
Optimizing NNI: done in 0.20104 secs using 99.98% CPU
Optimizing NNI: done in 0.103712 secs using 100% CPU
Iteration 130 / LogL: -2256.345 / Time: 0h:0m:18s (0h:0m:10s left)
Optimizing NNI: done in 0.193678 secs using 100% CPU
Optimizing NNI: done in 0.15798 secs using 100% CPU
Optimizing NNI: done in 0.144728 secs using 100% CPU
Optimizing NNI: done in 0.202666 secs using 100% CPU
Optimizing NNI: done in 0.132772 secs using 100% CPU
Optimizing NNI: done in 0.166244 secs using 99.99% CPU
Optimizing NNI: done in 0.086689 secs using 100% CPU
Optimizing NNI: done in 0.195635 secs using 100% CPU
Optimizing NNI: done in 0.154422 secs using 99.99% CPU
Optimizing NNI: done in 0.095185 secs using 100% CPU
Iteration 140 / LogL: -2256.344 / Time: 0h:0m:20s (0h:0m:8s left)
Optimizing NNI: done in 0.176039 secs using 100% CPU
Optimizing NNI: done in 0.161064 secs using 100% CPU
Optimizing NNI: done in 0.179834 secs using 100% CPU
Optimizing NNI: done in 0.14985 secs using 100% CPU
Optimizing NNI: done in 0.168597 secs using 99.99% CPU
Optimizing NNI: done in 0.147245 secs using 99.99% CPU
Optimizing NNI: done in 0.149593 secs using 100% CPU
Optimizing NNI: done in 0.118712 secs using 100% CPU
Optimizing NNI: done in 0.0692282 secs using 100% CPU
Optimizing NNI: done in 0.1833 secs using 100% CPU
Iteration 150 / LogL: -2256.345 / Time: 0h:0m:21s (0h:0m:7s left)
Log-likelihood cutoff on original alignment: -2291.225
Optimizing NNI: done in 0.0988598 secs using 100% CPU
Optimizing NNI: done in 0.122311 secs using 100% CPU
Optimizing NNI: done in 0.0926878 secs using 99.96% CPU
Optimizing NNI: done in 0.150155 secs using 100% CPU
Optimizing NNI: done in 0.142319 secs using 100% CPU
Optimizing NNI: done in 0.177547 secs using 100% CPU
Optimizing NNI: done in 0.069664 secs using 100% CPU
Optimizing NNI: done in 0.163636 secs using 100% CPU
Optimizing NNI: done in 0.0959761 secs using 100% CPU
Optimizing NNI: done in 0.19385 secs using 99.99% CPU
Iteration 160 / LogL: -2256.344 / Time: 0h:0m:23s (0h:0m:5s left)
Optimizing NNI: done in 0.0782831 secs using 100% CPU
Optimizing NNI: done in 0.114381 secs using 100% CPU
Optimizing NNI: done in 0.0970631 secs using 100% CPU
Optimizing NNI: done in 0.138188 secs using 100% CPU
Optimizing NNI: done in 0.133562 secs using 100% CPU
Optimizing NNI: done in 0.104171 secs using 100% CPU
Optimizing NNI: done in 0.0951509 secs using 100% CPU
Optimizing NNI: done in 0.117076 secs using 100% CPU
Optimizing NNI: done in 0.112879 secs using 99.99% CPU
Optimizing NNI: done in 0.137786 secs using 100% CPU
Iteration 170 / LogL: -2256.345 / Time: 0h:0m:24s (0h:0m:4s left)
Optimizing NNI: done in 0.184824 secs using 100% CPU
Optimizing NNI: done in 0.192174 secs using 100% CPU
Optimizing NNI: done in 0.0930641 secs using 100% CPU
Optimizing NNI: done in 0.095237 secs using 100% CPU
Optimizing NNI: done in 0.0943968 secs using 99.99% CPU
Optimizing NNI: done in 0.122036 secs using 100% CPU
Optimizing NNI: done in 0.181547 secs using 100% CPU
Optimizing NNI: done in 0.11509 secs using 100% CPU
Optimizing NNI: done in 0.111805 secs using 100% CPU
Optimizing NNI: done in 0.111341 secs using 100% CPU
Iteration 180 / LogL: -2256.344 / Time: 0h:0m:25s (0h:0m:2s left)
Optimizing NNI: done in 0.0994239 secs using 100% CPU
Optimizing NNI: done in 0.265188 secs using 100% CPU
Optimizing NNI: done in 0.105991 secs using 100% CPU
Optimizing NNI: done in 0.180266 secs using 100% CPU
Optimizing NNI: done in 0.0716741 secs using 100% CPU
Optimizing NNI: done in 0.180442 secs using 100% CPU
Optimizing NNI: done in 0.140099 secs using 100% CPU
Optimizing NNI: done in 0.155136 secs using 100% CPU
Optimizing NNI: done in 0.129325 secs using 100% CPU
Optimizing NNI: done in 0.133164 secs using 100% CPU
Iteration 190 / LogL: -2256.345 / Time: 0h:0m:27s (0h:0m:1s left)
Optimizing NNI: done in 0.0762379 secs using 100% CPU
Optimizing NNI: done in 0.138922 secs using 100% CPU
Optimizing NNI: done in 0.18065 secs using 100% CPU
Optimizing NNI: done in 0.183136 secs using 100% CPU
Optimizing NNI: done in 0.16462 secs using 100% CPU
Optimizing NNI: done in 0.0942941 secs using 100% CPU
TREE SEARCH COMPLETED AFTER 196 ITERATIONS / Time: 0h:0m:28s

--------------------------------------------------------------------
|                    FINALIZING TREE SEARCH                        |
--------------------------------------------------------------------
Performs final model parameters optimization
Estimate model parameters (epsilon = 0.010)
1. Initial log-likelihood: -2256.343
Optimal log-likelihood: -2256.343
Gamma shape alpha: 1.269
Parameters optimization took 1 rounds (0.017 sec)
BEST SCORE FOUND : -2256.343
Creating bootstrap support values...
Split supports printed to NEXUS file iqtree_family/OG0000040.fa.splits.nex
Total tree length: 2.008

Total number of iterations: 196
CPU time used for tree search: 28.111 sec (0h:0m:28s)
Wall-clock time used for tree search: 27.976 sec (0h:0m:27s)
Total CPU time used: 28.254 sec (0h:0m:28s)
Total wall-clock time used: 28.112 sec (0h:0m:28s)

Computing bootstrap consensus tree...
Reading input file iqtree_family/OG0000040.fa.splits.nex...
23 taxa and 241 splits.
Consensus tree written to iqtree_family/OG0000040.fa.contree
Reading input trees file iqtree_family/OG0000040.fa.contree
Log-likelihood of consensus tree: -2256.355

Analysis results written to: 
  IQ-TREE report:                iqtree_family/OG0000040.fa.iqtree
  Maximum-likelihood tree:       iqtree_family/OG0000040.fa.treefile
  Likelihood distances:          iqtree_family/OG0000040.fa.mldist

Ultrafast bootstrap approximation results written to:
  Split support values:          iqtree_family/OG0000040.fa.splits.nex
  Consensus tree:                iqtree_family/OG0000040.fa.contree
  Screen log file:               iqtree_family/OG0000040.fa.log

Date and Time: Wed Apr  2 13:01:23 2025
