IQ-TREE multicore version 2.2.0.5 COVID-edition for Linux 64-bit built Sep 26 2022
Developed by Bui Quang Minh, James Barbetti, Nguyen Lam Tung,
Olga Chernomor, Heiko Schmidt, Dominik Schrempf, Michael Woodhams, Ly Trong Nhan.

Host:    petrichor-dm (AVX2, FMA3, 503 GB RAM)
Command: iqtree2 -s alignments_family_muscle5_edited_trimmed/OG0000025.fa -B 1000 -mset Blosum62,cpREV,Dayhoff,DCMut,FLAVI,FLU,HIVb,HIVw,JTT,JTTDCMut,LG,mtART,mtMAM,mtREV,mtZOA,mtMet,mtVer,mtInv,PMB,Q.bird,Q.insect,Q.mammal,Q.pfam,Q.plant,Q.yeast,rtREV,VT,WAG,Q.iridoviridae,Q.mcv -T 4 -pre iqtree_family/OG0000025.fa
Seed:    693410 (Using SPRNG - Scalable Parallel Random Number Generator)
Time:    Thu Apr  3 13:03:10 2025
Kernel:  AVX+FMA - 4 threads (32 CPU cores detected)

Reading alignment file alignments_family_muscle5_edited_trimmed/OG0000025.fa ... Fasta format detected
Reading fasta file: done in 0.000231981 secs
Alignment most likely contains protein sequences
Constructing alignment: done in 0.000170946 secs using 143.3% CPU
Alignment has 66 sequences with 137 columns, 130 distinct patterns
113 parsimony-informative, 9 singleton sites, 15 constant sites
                                                          Gap/Ambiguity  Composition  p-value
Analyzing sequences: done in 0.000348091 secs using 78.72% CPU
   1  MW883595_Megalocytivirus_pagrus1_ISKNV                      0.00%    passed    100.00%
   2  MW883606_Megalocytivirus_pagrus1_ISKNV                      0.00%    passed    100.00%
   3  KX643370_Lymphocystivirus_sparus1_n/a                       8.76%    failed      0.19%
   4  MW273353_Megalocytivirus_pagrus1_ISKNV                      0.00%    passed    100.00%
   5  AF371960_Megalocytivirus_pagrus1_ISKNV                      0.00%    passed    100.00%
   6  MG570132_Megalocytivirus_pagrus1_TRBIV                      0.00%    passed    100.00%
   7  MK689686_Megalocytivirus_pagrus1_RSIV                       0.00%    passed    100.00%
   8  23043610003_Megalocytivirus_pagrus1_ISKNV                   0.00%    passed    100.00%
   9  ON075463_Megalocytivirus_pagrus1_RSIV                       0.00%    passed    100.00%
  10  OQ513807_Megalocytivirus_pagrus1_ISKNV                      0.00%    passed    100.00%
  11  MK098187_Megalocytivirus_pagrus1_RSIV                       0.00%    passed    100.00%
  12  MW883597_Megalocytivirus_pagrus1_ISKNV                      0.00%    passed    100.00%
  13  KC244182_Megalocytivirus_pagrus1_RSIV                       0.00%    passed    100.00%
  14  PP974677_Megalocytivirus_pagrus1_ISKNV                      0.00%    passed    100.00%
  15  OR670976_Megalocytivirus_pagrus1_ISKNV                      0.00%    passed    100.00%
  16  ON740976_Megalocytivirus_pagrus1_RSIV                       0.00%    passed    100.00%
  17  GQ273492_Megalocytivirus_pagrus1_TRBIV                      0.00%    passed    100.00%
  18  23043610005_Megalocytivirus_pagrus1_ISKNV                   0.00%    passed    100.00%
  19  KT781098_Megalocytivirus_pagrus1_ISKNV                      0.00%    passed    100.00%
  20  MW139932_Megalocytivirus_pagrus1_RSIV                       0.00%    passed    100.00%
  21  MT521409_Megalocytivirus_lates1_SDDV                        0.00%    failed      0.00%
  22  OM037668_Megalocytivirus_lates1_SDDV                        0.00%    failed      0.00%
  23  MW883599_Megalocytivirus_pagrus1_ISKNV                      0.00%    passed    100.00%
  24  ON743042_Megalocytivirus_pagrus1_RSIV                       0.00%    passed    100.00%
  25  MT128666_Megalocytivirus_pagrus1_ISKNV                      0.00%    passed    100.00%
  26  BD143114_Megalocytivirus_pagrus1_RSIV                       0.00%    passed    100.00%
  27  OP009387_Megalocytivirus_pagrus1_ISKNV                      0.00%    passed    100.00%
  28  KT804738_Megalocytivirus_pagrus1_RSIV                       0.00%    passed    100.00%
  29  ON212400_Megalocytivirus_pagrus1_ISKNV                      0.00%    passed    100.00%
  30  OR356116_Megalocytivirus_pagrus1_ISKNV                      0.00%    passed    100.00%
  31  AP017456_Megalocytivirus_pagrus1_RSIV                       0.00%    passed    100.00%
  32  MW883600_Megalocytivirus_pagrus1_ISKNV                      0.00%    passed    100.00%
  33  MW883603_Megalocytivirus_pagrus1_ISKNV                      0.00%    passed    100.00%
  34  MK689685_Megalocytivirus_pagrus1_ISKNV                      0.00%    passed    100.00%
  35  MW883598_Megalocytivirus_pagrus1_RSIV                       0.00%    passed    100.00%
  36  MN562489_Megalocytivirus_lates1_SDDV                        0.00%    failed      0.00%
  37  AY894343_Megalocytivirus_pagrus1_RSIV                       0.00%    passed    100.00%
  38  MW883601_Megalocytivirus_pagrus1_ISKNV                      0.00%    passed    100.00%
  39  MT986830_Megalocytivirus_pagrus1_ISKNV                      0.00%    passed    100.00%
  40  OQ475017_Megalocytivirus_pagrus1_RSIV                       0.00%    passed    100.00%
  41  MK098186_Megalocytivirus_pagrus1_RSIV                       0.00%    passed    100.00%
  42  PP151097_Megalocytivirus_pagrus1_ISKNV                      0.00%    passed    100.00%
  43  AY521625_Ranavirus_epinephelus1_n/a                         6.57%    failed      0.00%
  44  NC_005946_Ranavirus_rana1_n/a                               6.57%    failed      0.00%
  45  NC_003494_Megalocytivirus_pagrus1_ISKNV                     0.00%    passed    100.00%
  46  MN803438_Lymphocystivirus_micropogonias1_n/a                8.76%    failed      0.09%
  47  PQ335173_PQ335174_Threespine_stickleback_iridovirus_TSIV    0.00%    passed     60.91%
  48  MT798582_Megalocytivirus_pagrus1_RSIV                       0.00%    passed    100.00%
  49  MW883596_Megalocytivirus_pagrus1_ISKNV                      0.00%    passed    100.00%
  50  OL774654_Megalocytivirus_pagrus1_RSIV                       0.00%    passed    100.00%
  51  MT128667_Megalocytivirus_pagrus1_ISKNV                      0.00%    passed    100.00%
  52  MW883602_Megalocytivirus_pagrus1_ISKNV                      0.00%    passed    100.00%
  53  OR536350_Megalocytivirus_pagrus1_ISKNV                      0.00%    passed    100.00%
  54  MK098185_Megalocytivirus_pagrus1_RSIV                       0.00%    passed    100.00%
  55  MT926123_Megalocytivirus_pagrus1_ISKNV                      0.00%    passed    100.00%
  56  MW883594_Megalocytivirus_pagrus1_ISKNV                      0.00%    passed    100.00%
  57  MW273354_Megalocytivirus_pagrus1_ISKNV                      0.00%    passed    100.00%
  58  OP896201_Megalocytivirus_pagrus1_ISKNV                      0.00%    passed    100.00%
  59  OL774653_Megalocytivirus_pagrus1_RSIV                       0.00%    passed    100.00%
  60  MN432490_Megalocytivirus_pagrus1_ISKNV                      0.00%    passed    100.00%
  61  OK042109_Megalocytivirus_pagrus1_RSIV                       0.00%    passed    100.00%
  62  MG570131_Megalocytivirus_pagrus1_TRBIV                      0.00%    passed    100.00%
  63  MW883593_Megalocytivirus_pagrus1_ISKNV                      0.00%    passed    100.00%
  64  AB104413_Megalocytivirus_pagrus1_RSIV                       0.00%    passed    100.00%
  65  OL774655_Megalocytivirus_pagrus1_RSIV                       0.00%    passed    100.00%
  66  OK042108_Megalocytivirus_pagrus1_RSIV                       0.00%    passed    100.00%
****  TOTAL                                                       0.46%  7 sequences failed composition chi2 test (p-value<5%; df=19)
NOTE: PP974677_Megalocytivirus_pagrus1_ISKNV is identical to MW883595_Megalocytivirus_pagrus1_ISKNV but kept for subsequent analysis
NOTE: MW273353_Megalocytivirus_pagrus1_ISKNV is identical to MW883606_Megalocytivirus_pagrus1_ISKNV but kept for subsequent analysis
NOTE: MG570131_Megalocytivirus_pagrus1_TRBIV is identical to MG570132_Megalocytivirus_pagrus1_TRBIV but kept for subsequent analysis
NOTE: ON075463_Megalocytivirus_pagrus1_RSIV is identical to MK689686_Megalocytivirus_pagrus1_RSIV but kept for subsequent analysis
NOTE: MW139932_Megalocytivirus_pagrus1_RSIV is identical to MK098187_Megalocytivirus_pagrus1_RSIV but kept for subsequent analysis
NOTE: OM037668_Megalocytivirus_lates1_SDDV is identical to MT521409_Megalocytivirus_lates1_SDDV but kept for subsequent analysis
Checking for duplicate sequences: done in 0.000652075 secs using 31.28% CPU
Identifying sites to remove: done in 8.70228e-05 secs using 47.11% CPU
NOTE: 46 identical sequences (see below) will be ignored for subsequent analysis
NOTE: OP009387_Megalocytivirus_pagrus1_ISKNV (identical to MW883595_Megalocytivirus_pagrus1_ISKNV) is ignored but added at the end
NOTE: MT986830_Megalocytivirus_pagrus1_ISKNV (identical to MW883595_Megalocytivirus_pagrus1_ISKNV) is ignored but added at the end
NOTE: PP151097_Megalocytivirus_pagrus1_ISKNV (identical to MW883595_Megalocytivirus_pagrus1_ISKNV) is ignored but added at the end
NOTE: MN432490_Megalocytivirus_pagrus1_ISKNV (identical to MW883595_Megalocytivirus_pagrus1_ISKNV) is ignored but added at the end
NOTE: AF371960_Megalocytivirus_pagrus1_ISKNV (identical to MW883606_Megalocytivirus_pagrus1_ISKNV) is ignored but added at the end
NOTE: 23043610003_Megalocytivirus_pagrus1_ISKNV (identical to MW883606_Megalocytivirus_pagrus1_ISKNV) is ignored but added at the end
NOTE: OQ513807_Megalocytivirus_pagrus1_ISKNV (identical to MW883606_Megalocytivirus_pagrus1_ISKNV) is ignored but added at the end
NOTE: MW883597_Megalocytivirus_pagrus1_ISKNV (identical to MW883606_Megalocytivirus_pagrus1_ISKNV) is ignored but added at the end
NOTE: OR670976_Megalocytivirus_pagrus1_ISKNV (identical to MW883606_Megalocytivirus_pagrus1_ISKNV) is ignored but added at the end
NOTE: 23043610005_Megalocytivirus_pagrus1_ISKNV (identical to MW883606_Megalocytivirus_pagrus1_ISKNV) is ignored but added at the end
NOTE: KT781098_Megalocytivirus_pagrus1_ISKNV (identical to MW883606_Megalocytivirus_pagrus1_ISKNV) is ignored but added at the end
NOTE: MT128666_Megalocytivirus_pagrus1_ISKNV (identical to MW883606_Megalocytivirus_pagrus1_ISKNV) is ignored but added at the end
NOTE: ON212400_Megalocytivirus_pagrus1_ISKNV (identical to MW883606_Megalocytivirus_pagrus1_ISKNV) is ignored but added at the end
NOTE: OR356116_Megalocytivirus_pagrus1_ISKNV (identical to MW883606_Megalocytivirus_pagrus1_ISKNV) is ignored but added at the end
NOTE: MW883603_Megalocytivirus_pagrus1_ISKNV (identical to MW883606_Megalocytivirus_pagrus1_ISKNV) is ignored but added at the end
NOTE: MK689685_Megalocytivirus_pagrus1_ISKNV (identical to MW883606_Megalocytivirus_pagrus1_ISKNV) is ignored but added at the end
NOTE: MW883601_Megalocytivirus_pagrus1_ISKNV (identical to MW883606_Megalocytivirus_pagrus1_ISKNV) is ignored but added at the end
NOTE: NC_003494_Megalocytivirus_pagrus1_ISKNV (identical to MW883606_Megalocytivirus_pagrus1_ISKNV) is ignored but added at the end
NOTE: MW883596_Megalocytivirus_pagrus1_ISKNV (identical to MW883606_Megalocytivirus_pagrus1_ISKNV) is ignored but added at the end
NOTE: MT128667_Megalocytivirus_pagrus1_ISKNV (identical to MW883606_Megalocytivirus_pagrus1_ISKNV) is ignored but added at the end
NOTE: MW883602_Megalocytivirus_pagrus1_ISKNV (identical to MW883606_Megalocytivirus_pagrus1_ISKNV) is ignored but added at the end
NOTE: OR536350_Megalocytivirus_pagrus1_ISKNV (identical to MW883606_Megalocytivirus_pagrus1_ISKNV) is ignored but added at the end
NOTE: MT926123_Megalocytivirus_pagrus1_ISKNV (identical to MW883606_Megalocytivirus_pagrus1_ISKNV) is ignored but added at the end
NOTE: MW883594_Megalocytivirus_pagrus1_ISKNV (identical to MW883606_Megalocytivirus_pagrus1_ISKNV) is ignored but added at the end
NOTE: MW273354_Megalocytivirus_pagrus1_ISKNV (identical to MW883606_Megalocytivirus_pagrus1_ISKNV) is ignored but added at the end
NOTE: OP896201_Megalocytivirus_pagrus1_ISKNV (identical to MW883606_Megalocytivirus_pagrus1_ISKNV) is ignored but added at the end
NOTE: MW883593_Megalocytivirus_pagrus1_ISKNV (identical to MW883606_Megalocytivirus_pagrus1_ISKNV) is ignored but added at the end
NOTE: KC244182_Megalocytivirus_pagrus1_RSIV (identical to MK689686_Megalocytivirus_pagrus1_RSIV) is ignored but added at the end
NOTE: ON740976_Megalocytivirus_pagrus1_RSIV (identical to MK689686_Megalocytivirus_pagrus1_RSIV) is ignored but added at the end
NOTE: ON743042_Megalocytivirus_pagrus1_RSIV (identical to MK689686_Megalocytivirus_pagrus1_RSIV) is ignored but added at the end
NOTE: KT804738_Megalocytivirus_pagrus1_RSIV (identical to MK689686_Megalocytivirus_pagrus1_RSIV) is ignored but added at the end
NOTE: AP017456_Megalocytivirus_pagrus1_RSIV (identical to MK689686_Megalocytivirus_pagrus1_RSIV) is ignored but added at the end
NOTE: MW883598_Megalocytivirus_pagrus1_RSIV (identical to MK689686_Megalocytivirus_pagrus1_RSIV) is ignored but added at the end
NOTE: AY894343_Megalocytivirus_pagrus1_RSIV (identical to MK689686_Megalocytivirus_pagrus1_RSIV) is ignored but added at the end
NOTE: MT798582_Megalocytivirus_pagrus1_RSIV (identical to MK689686_Megalocytivirus_pagrus1_RSIV) is ignored but added at the end
NOTE: OK042109_Megalocytivirus_pagrus1_RSIV (identical to MK689686_Megalocytivirus_pagrus1_RSIV) is ignored but added at the end
NOTE: OK042108_Megalocytivirus_pagrus1_RSIV (identical to MK689686_Megalocytivirus_pagrus1_RSIV) is ignored but added at the end
NOTE: BD143114_Megalocytivirus_pagrus1_RSIV (identical to MK098187_Megalocytivirus_pagrus1_RSIV) is ignored but added at the end
NOTE: OQ475017_Megalocytivirus_pagrus1_RSIV (identical to MK098187_Megalocytivirus_pagrus1_RSIV) is ignored but added at the end
NOTE: MK098186_Megalocytivirus_pagrus1_RSIV (identical to MK098187_Megalocytivirus_pagrus1_RSIV) is ignored but added at the end
NOTE: OL774654_Megalocytivirus_pagrus1_RSIV (identical to MK098187_Megalocytivirus_pagrus1_RSIV) is ignored but added at the end
NOTE: MK098185_Megalocytivirus_pagrus1_RSIV (identical to MK098187_Megalocytivirus_pagrus1_RSIV) is ignored but added at the end
NOTE: OL774653_Megalocytivirus_pagrus1_RSIV (identical to MK098187_Megalocytivirus_pagrus1_RSIV) is ignored but added at the end
NOTE: AB104413_Megalocytivirus_pagrus1_RSIV (identical to MK098187_Megalocytivirus_pagrus1_RSIV) is ignored but added at the end
NOTE: OL774655_Megalocytivirus_pagrus1_RSIV (identical to MK098187_Megalocytivirus_pagrus1_RSIV) is ignored but added at the end
NOTE: MN562489_Megalocytivirus_lates1_SDDV (identical to MT521409_Megalocytivirus_lates1_SDDV) is ignored but added at the end
Alignment was printed to iqtree_family/OG0000025.fa.uniqueseq.phy

For your convenience alignment with unique sequences printed to iqtree_family/OG0000025.fa.uniqueseq.phy

Creating fast initial parsimony tree by random order stepwise addition...
0.001 seconds, parsimony score: 303 (based on 122 sites)
Perform fast likelihood tree search using LG+I+G model...
Estimate model parameters (epsilon = 5.000)
Perform nearest neighbor interchange...
Optimizing NNI: done in 0.221665 secs using 197.9% CPU
Estimate model parameters (epsilon = 1.000)
1. Initial log-likelihood: -1783.438
Optimal log-likelihood: -1783.340
Proportion of invariable sites: 0.030
Gamma shape alpha: 2.069
Parameters optimization took 1 rounds (0.021 sec)
Time for fast ML tree search: 0.343 seconds

NOTE: ModelFinder requires 5 MB RAM!
ModelFinder will test up to 1320 protein models (sample size: 137) ...
 No. Model         -LnL         df  AIC          AICc         BIC
  1  Blosum62      1804.990     37  3683.980     3712.384     3792.019
  2  Blosum62+I    1802.357     38  3680.714     3710.959     3791.674
  3  Blosum62+G4   1795.585     38  3667.170     3697.415     3778.129
  4  Blosum62+I+G4 1795.833     39  3669.667     3701.832     3783.546
  5  Blosum62+R2   1792.677     39  3663.354     3695.519     3777.234
  6  Blosum62+R3   1792.326     41  3666.652     3702.905     3786.371
 14  Blosum62+I+R2 1792.127     40  3664.254     3698.421     3781.053
 15  Blosum62+I+R3 1792.094     42  3668.188     3706.613     3790.827
 25  Blosum62+F+G4 1801.979     57  3717.958     3801.654     3884.397
 26  Blosum62+F+I+G4 1802.215     58  3720.430     3808.173     3889.789
 27  Blosum62+F+R2 1798.694     58  3713.388     3801.132     3882.747
 28  Blosum62+F+R3 1798.405     60  3716.810     3813.125     3892.008
 36  Blosum62+F+I+R2 1798.156     59  3714.312     3806.260     3886.591
 47  cpREV+G4      1810.783     38  3697.565     3727.810     3808.524
 48  cpREV+I+G4    1810.418     39  3698.836     3731.001     3812.715
 49  cpREV+R2      1811.976     39  3701.953     3734.118     3815.832
 50  cpREV+R3      1809.288     41  3700.576     3736.829     3820.296
 58  cpREV+I+R2    1807.727     40  3695.454     3729.621     3812.253
 69  cpREV+F+G4    1802.370     57  3718.740     3802.436     3885.179
 70  cpREV+F+I+G4  1801.678     58  3719.355     3807.099     3888.714
 71  cpREV+F+R2    1802.868     58  3721.736     3809.479     3891.095
 72  cpREV+F+R3    1800.596     60  3721.193     3817.509     3896.392
 80  cpREV+F+I+R2  1798.118     59  3714.236     3806.184     3886.515
 91  Dayhoff+G4    1793.064     38  3662.128     3692.373     3773.088
 92  Dayhoff+I+G4  1792.285     39  3662.570     3694.735     3776.449
 93  Dayhoff+R2    1793.467     39  3664.934     3697.099     3778.814
 94  Dayhoff+R3    1792.614     41  3667.229     3703.481     3786.948
102  Dayhoff+I+R2  1790.655     40  3661.309     3695.476     3778.109
113  Dayhoff+F+G4  1793.694     57  3701.388     3785.084     3867.827
114  Dayhoff+F+I+G4 1793.216     58  3702.431     3790.175     3871.790
115  Dayhoff+F+R2  1793.928     58  3703.857     3791.600     3873.215
116  Dayhoff+F+R3  1793.133     60  3706.267     3802.583     3881.466
124  Dayhoff+F+I+R2 1791.706     59  3701.412     3793.360     3873.691
135  DCMut+G4      1793.000     38  3662.000     3692.245     3772.959
136  DCMut+I+G4    1792.239     39  3662.477     3694.642     3776.357
137  DCMut+R2      1793.373     39  3664.746     3696.911     3778.625
138  DCMut+R3      1792.545     41  3667.090     3703.342     3786.809
146  DCMut+I+R2    1790.606     40  3661.211     3695.378     3778.010
157  DCMut+F+G4    1793.616     57  3701.232     3784.928     3867.671
158  DCMut+F+I+G4  1793.151     58  3702.303     3790.046     3871.662
159  DCMut+F+R2    1793.881     58  3703.762     3791.506     3873.121
160  DCMut+F+R3    1793.047     60  3706.095     3802.410     3881.294
168  DCMut+F+I+R2  1791.637     59  3701.273     3793.221     3873.552
WARNING: Normalizing state frequencies so that sum of them equals to 1
179  FLAVI+G4      1845.911     38  3767.822     3798.066     3878.781
WARNING: Normalizing state frequencies so that sum of them equals to 1
180  FLAVI+I+G4    1846.096     39  3770.192     3802.357     3884.071
WARNING: Normalizing state frequencies so that sum of them equals to 1
181  FLAVI+R2      1843.432     39  3764.864     3797.029     3878.744
WARNING: Normalizing state frequencies so that sum of them equals to 1
182  FLAVI+R3      1839.211     41  3760.422     3796.675     3880.141
WARNING: Normalizing state frequencies so that sum of them equals to 1
190  FLAVI+I+R2    1839.174     40  3758.349     3792.515     3875.148
WARNING: Normalizing state frequencies so that sum of them equals to 1
201  FLAVI+F+G4    1844.693     57  3803.385     3887.082     3969.824
WARNING: Normalizing state frequencies so that sum of them equals to 1
202  FLAVI+F+I+G4  1844.606     58  3805.211     3892.955     3974.570
WARNING: Normalizing state frequencies so that sum of them equals to 1
203  FLAVI+F+R2    1840.157     58  3796.314     3884.057     3965.672
WARNING: Normalizing state frequencies so that sum of them equals to 1
204  FLAVI+F+R3    1836.820     60  3793.641     3889.956     3968.839
WARNING: Normalizing state frequencies so that sum of them equals to 1
212  FLAVI+F+I+R2  1834.502     59  3787.004     3878.952     3959.283
223  FLU+G4        1814.879     38  3705.758     3736.003     3816.717
224  FLU+I+G4      1814.963     39  3707.927     3740.092     3821.806
225  FLU+R2        1815.564     39  3709.128     3741.293     3823.008
226  FLU+R3        1811.048     41  3704.096     3740.349     3823.815
234  FLU+I+R2      1812.524     40  3705.047     3739.214     3821.846
245  FLU+F+G4      1814.106     57  3742.213     3825.909     3908.651
246  FLU+F+I+G4    1814.234     58  3744.469     3832.212     3913.828
247  FLU+F+R2      1814.671     58  3745.341     3833.085     3914.700
248  FLU+F+R3      1810.373     60  3740.746     3837.062     3915.945
256  FLU+F+I+R2    1811.500     59  3741.000     3832.948     3913.279
267  HIVb+G4       1818.690     38  3713.380     3743.625     3824.340
268  HIVb+I+G4     1818.483     39  3714.965     3747.130     3828.845
269  HIVb+R2       1821.214     39  3720.427     3752.592     3834.307
270  HIVb+R3       1815.953     41  3713.906     3750.159     3833.625
278  HIVb+I+R2     1816.644     40  3713.289     3747.455     3830.088
289  HIVb+F+G4     1816.694     57  3747.387     3831.084     3913.826
290  HIVb+F+I+G4   1816.312     58  3748.625     3836.368     3917.984
291  HIVb+F+R2     1818.500     58  3753.000     3840.744     3922.359
292  HIVb+F+R3     1812.694     60  3745.388     3841.704     3920.587
300  HIVb+F+I+R2   1812.908     59  3743.816     3835.764     3916.095
311  HIVw+G4       1878.532     38  3833.064     3863.309     3944.023
312  HIVw+I+G4     1878.531     39  3835.062     3867.227     3948.941
313  HIVw+R2       1877.091     39  3832.181     3864.346     3946.060
314  HIVw+R3       1871.082     41  3824.163     3860.416     3943.882
322  HIVw+I+R2     1870.868     40  3821.735     3855.902     3938.534
333  HIVw+F+G4     1858.605     57  3831.210     3914.906     3997.649
334  HIVw+F+I+G4   1858.553     58  3833.106     3920.849     4002.465
335  HIVw+F+R2     1853.859     58  3823.718     3911.462     3993.077
336  HIVw+F+R3     1850.007     60  3820.013     3916.329     3995.212
344  HIVw+F+I+R2   1848.013     59  3814.026     3905.975     3986.305
355  JTT+G4        1785.508     38  3647.016     3677.261     3757.976
356  JTT+I+G4      1785.532     39  3649.065     3681.230     3762.944
357  JTT+R2        1783.670     39  3645.341     3677.506     3759.220
358  JTT+R3        1783.259     41  3648.519     3684.771     3768.238
366  JTT+I+R2      1782.138     40  3644.276     3678.443     3761.075
377  JTT+F+G4      1792.749     57  3699.497     3783.193     3865.936
378  JTT+F+I+G4    1792.786     58  3701.571     3789.315     3870.930
379  JTT+F+R2      1790.813     58  3697.625     3785.369     3866.984
380  JTT+F+R3      1790.333     60  3700.666     3796.981     3875.864
388  JTT+F+I+R2    1789.400     59  3696.799     3788.747     3869.078
399  JTTDCMut+G4   1786.325     38  3648.650     3678.895     3759.609
400  JTTDCMut+I+G4 1786.325     39  3650.649     3682.814     3764.528
401  JTTDCMut+R2   1784.452     39  3646.904     3679.069     3760.783
402  JTTDCMut+R3   1784.049     41  3650.098     3686.350     3769.817
410  JTTDCMut+I+R2 1782.851     40  3645.702     3679.869     3762.502
421  JTTDCMut+F+G4 1793.364     57  3700.727     3784.423     3867.166
422  JTTDCMut+F+I+G4 1793.375     58  3702.749     3790.493     3872.108
423  JTTDCMut+F+R2 1791.399     58  3698.799     3786.542     3868.157
424  JTTDCMut+F+R3 1790.910     60  3701.819     3798.135     3877.018
432  JTTDCMut+F+I+R2 1789.905     59  3697.810     3789.759     3870.089
443  LG+G4         1783.136     38  3642.271     3672.516     3753.230
444  LG+I+G4       1783.294     39  3644.589     3676.754     3758.468
445  LG+R2         1782.129     39  3642.258     3674.423     3756.137
446  LG+R3         1781.200     41  3644.399     3680.652     3764.119
454  LG+I+R2       1780.574     40  3641.148     3675.315     3757.947
465  LG+F+G4       1789.646     57  3693.291     3776.987     3859.730
466  LG+F+I+G4     1789.746     58  3695.493     3783.236     3864.851
467  LG+F+R2       1788.805     58  3693.610     3781.354     3862.969
468  LG+F+R3       1787.717     60  3695.435     3791.751     3870.634
476  LG+F+I+R2     1787.211     59  3692.421     3784.369     3864.700
487  mtART+G4      1922.042     38  3920.083     3950.328     4031.042
488  mtART+I+G4    1922.276     39  3922.552     3954.717     4036.431
489  mtART+R2      1926.112     39  3930.223     3962.388     4044.103
490  mtART+R3      1921.919     41  3925.837     3962.090     4045.557
498  mtART+I+R2    1925.686     40  3931.373     3965.540     4048.172
509  mtART+F+G4    1844.513     57  3803.027     3886.723     3969.466
510  mtART+F+I+G4  1844.747     58  3805.494     3893.238     3974.853
511  mtART+F+R2    1847.190     58  3810.381     3898.124     3979.740
512  mtART+F+R3    1842.662     60  3805.324     3901.640     3980.523
520  mtART+F+I+R2  1845.149     59  3808.299     3900.247     3980.578
531  mtMAM+G4      1931.525     38  3939.051     3969.295     4050.010
532  mtMAM+I+G4    1931.675     39  3941.350     3973.515     4055.229
533  mtMAM+R2      1936.439     39  3950.879     3983.044     4064.758
534  mtMAM+R3      1927.063     41  3936.127     3972.379     4055.846
542  mtMAM+I+R2    1936.234     40  3952.469     3986.636     4069.268
553  mtMAM+F+G4    1861.995     57  3837.990     3921.686     4004.429
554  mtMAM+F+I+G4  1862.182     58  3840.363     3928.107     4009.722
555  mtMAM+F+R2    1864.917     58  3845.834     3933.578     4015.193
556  mtMAM+F+R3    1856.716     60  3833.432     3929.748     4008.631
564  mtMAM+F+I+R2  1862.407     59  3842.814     3934.762     4015.093
575  mtREV+G4      1890.632     38  3857.264     3887.509     3968.223
576  mtREV+I+G4    1890.878     39  3859.756     3891.921     3973.635
577  mtREV+R2      1892.063     39  3862.126     3894.290     3976.005
578  mtREV+R3      1886.549     41  3855.097     3891.350     3974.817
586  mtREV+I+R2    1891.204     40  3862.408     3896.575     3979.207
597  mtREV+F+G4    1825.293     57  3764.585     3848.282     3931.024
598  mtREV+F+I+G4  1825.448     58  3766.895     3854.639     3936.254
599  mtREV+F+R2    1826.219     58  3768.438     3856.182     3937.797
600  mtREV+F+R3    1821.357     60  3762.715     3859.031     3937.914
608  mtREV+F+I+R2  1823.012     59  3764.024     3855.972     3936.303
619  mtZOA+G4      1882.683     38  3841.365     3871.610     3952.325
620  mtZOA+I+G4    1882.922     39  3843.844     3876.009     3957.723
621  mtZOA+R2      1885.718     39  3849.435     3881.600     3963.315
622  mtZOA+R3      1882.458     41  3846.915     3883.168     3966.635
630  mtZOA+I+R2    1885.175     40  3850.351     3884.517     3967.150
641  mtZOA+F+G4    1821.312     57  3756.623     3840.319     3923.062
642  mtZOA+F+I+G4  1821.521     58  3759.041     3846.785     3928.400
643  mtZOA+F+R2    1823.024     58  3762.048     3849.792     3931.407
644  mtZOA+F+R3    1820.000     60  3760.001     3856.316     3935.199
652  mtZOA+F+I+R2  1820.838     59  3759.677     3851.625     3931.955
663  mtMet+G4      1885.892     38  3847.783     3878.028     3958.743
664  mtMet+I+G4    1886.149     39  3850.298     3882.463     3964.177
665  mtMet+R2      1887.677     39  3853.353     3885.518     3967.233
666  mtMet+R3      1884.840     41  3851.679     3887.932     3971.399
674  mtMet+I+R2    1887.676     40  3855.352     3889.519     3972.152
685  mtMet+F+G4    1816.561     57  3747.121     3830.817     3913.560
686  mtMet+F+I+G4  1816.853     58  3749.707     3837.450     3919.065
687  mtMet+F+R2    1815.468     58  3746.936     3834.679     3916.295
688  mtMet+F+R3    1813.842     60  3747.685     3844.000     3922.883
696  mtMet+F+I+R2  1814.295     59  3746.590     3838.538     3918.869
707  mtVer+G4      1902.039     38  3880.078     3910.323     3991.037
708  mtVer+I+G4    1902.203     39  3882.405     3914.570     3996.285
709  mtVer+R2      1905.488     39  3888.975     3921.140     4002.855
710  mtVer+R3      1898.007     41  3878.015     3914.267     3997.734
718  mtVer+I+R2    1905.389     40  3890.778     3924.944     4007.577
729  mtVer+F+G4    1841.160     57  3796.320     3880.017     3962.759
730  mtVer+F+I+G4  1841.341     58  3798.683     3886.426     3968.042
731  mtVer+F+R2    1840.678     58  3797.356     3885.099     3966.715
732  mtVer+F+R3    1837.008     60  3794.016     3890.331     3969.215
740  mtVer+F+I+R2  1837.658     59  3793.316     3885.264     3965.595
751  mtInv+G4      1904.450     38  3884.901     3915.146     3995.860
752  mtInv+I+G4    1904.705     39  3887.411     3919.575     4001.290
753  mtInv+R2      1905.877     39  3889.753     3921.918     4003.633
754  mtInv+R3      1903.730     41  3889.461     3925.713     4009.180
762  mtInv+I+R2    1905.698     40  3891.395     3925.562     4008.195
773  mtInv+F+G4    1808.237     57  3730.474     3814.171     3896.913
774  mtInv+F+I+G4  1808.451     58  3732.901     3820.645     3902.260
775  mtInv+F+R2    1806.977     58  3729.954     3817.698     3899.313
776  mtInv+F+R3    1805.918     60  3731.836     3828.152     3907.035
784  mtInv+F+I+R2  1805.620     59  3729.240     3821.189     3901.519
795  PMB+G4        1800.959     38  3677.919     3708.164     3788.878
796  PMB+I+G4      1801.202     39  3680.405     3712.570     3794.284
797  PMB+R2        1798.281     39  3674.562     3706.727     3788.441
798  PMB+R3        1798.090     41  3678.181     3714.433     3797.900
806  PMB+I+R2      1797.813     40  3675.626     3709.792     3792.425
817  PMB+F+G4      1803.716     57  3721.432     3805.128     3887.871
818  PMB+F+I+G4    1803.942     58  3723.884     3811.627     3893.242
819  PMB+F+R2      1800.599     58  3717.198     3804.942     3886.557
820  PMB+F+R3      1800.301     60  3720.601     3816.917     3895.800
828  PMB+F+I+R2    1800.012     59  3718.023     3809.971     3890.302
WARNING: Normalizing state frequencies so that sum of them equals to 1
839  Q.bird+G4     1811.712     38  3699.424     3729.669     3810.384
WARNING: Normalizing state frequencies so that sum of them equals to 1
840  Q.bird+I+G4   1811.910     39  3701.820     3733.985     3815.700
WARNING: Normalizing state frequencies so that sum of them equals to 1
841  Q.bird+R2     1811.964     39  3701.927     3734.092     3815.806
WARNING: Normalizing state frequencies so that sum of them equals to 1
842  Q.bird+R3     1809.643     41  3701.285     3737.538     3821.004
WARNING: Normalizing state frequencies so that sum of them equals to 1
850  Q.bird+I+R2   1810.210     40  3700.419     3734.586     3817.219
WARNING: Normalizing state frequencies so that sum of them equals to 1
861  Q.bird+F+G4   1820.773     57  3755.547     3839.243     3921.985
WARNING: Normalizing state frequencies so that sum of them equals to 1
862  Q.bird+F+I+G4 1821.075     58  3758.150     3845.893     3927.509
WARNING: Normalizing state frequencies so that sum of them equals to 1
863  Q.bird+F+R2   1820.997     58  3757.993     3845.737     3927.352
WARNING: Normalizing state frequencies so that sum of them equals to 1
864  Q.bird+F+R3   1817.809     60  3755.618     3851.934     3930.817
WARNING: Normalizing state frequencies so that sum of them equals to 1
872  Q.bird+F+I+R2 1819.828     59  3757.657     3849.605     3929.935
883  Q.insect+G4   1779.821     38  3635.643     3665.888     3746.602
884  Q.insect+I+G4 1780.090     39  3638.181     3670.346     3752.060
885  Q.insect+R2   1779.651     39  3637.301     3669.466     3751.181
886  Q.insect+R3   1778.848     41  3639.696     3675.949     3759.415
894  Q.insect+I+R2 1778.838     40  3637.676     3671.843     3754.475
905  Q.insect+F+G4 1785.936     57  3685.872     3769.568     3852.311
906  Q.insect+F+I+G4 1786.077     58  3688.153     3775.897     3857.512
907  Q.insect+F+R2 1785.726     58  3687.451     3775.195     3856.810
908  Q.insect+F+R3 1784.815     60  3689.630     3785.945     3864.828
916  Q.insect+F+I+R2 1784.646     59  3687.291     3779.239     3859.570
WARNING: Normalizing state frequencies so that sum of them equals to 1
927  Q.mammal+G4   1803.924     38  3683.849     3714.094     3794.808
WARNING: Normalizing state frequencies so that sum of them equals to 1
928  Q.mammal+I+G4 1804.197     39  3686.393     3718.558     3800.273
WARNING: Normalizing state frequencies so that sum of them equals to 1
929  Q.mammal+R2   1803.772     39  3685.545     3717.710     3799.424
WARNING: Normalizing state frequencies so that sum of them equals to 1
930  Q.mammal+R3   1802.248     41  3686.497     3722.749     3806.216
WARNING: Normalizing state frequencies so that sum of them equals to 1
938  Q.mammal+I+R2 1802.624     40  3685.248     3719.415     3802.048
WARNING: Normalizing state frequencies so that sum of them equals to 1
949  Q.mammal+F+G4 1810.502     57  3735.003     3818.699     3901.442
WARNING: Normalizing state frequencies so that sum of them equals to 1
950  Q.mammal+F+I+G4 1810.816     58  3737.633     3825.376     3906.992
WARNING: Normalizing state frequencies so that sum of them equals to 1
951  Q.mammal+F+R2 1810.490     58  3736.980     3824.723     3906.339
WARNING: Normalizing state frequencies so that sum of them equals to 1
952  Q.mammal+F+R3 1808.355     60  3736.710     3833.026     3911.909
WARNING: Normalizing state frequencies so that sum of them equals to 1
960  Q.mammal+F+I+R2 1809.961     59  3737.922     3829.871     3910.201
WARNING: Normalizing state frequencies so that sum of them equals to 1
971  Q.pfam+G4     1786.100     38  3648.199     3678.444     3759.159
WARNING: Normalizing state frequencies so that sum of them equals to 1
972  Q.pfam+I+G4   1786.299     39  3650.598     3682.763     3764.477
WARNING: Normalizing state frequencies so that sum of them equals to 1
973  Q.pfam+R2     1785.288     39  3648.575     3680.740     3762.454
WARNING: Normalizing state frequencies so that sum of them equals to 1
974  Q.pfam+R3     1784.266     41  3650.531     3686.784     3770.251
WARNING: Normalizing state frequencies so that sum of them equals to 1
982  Q.pfam+I+R2   1784.161     40  3648.321     3682.488     3765.120
WARNING: Normalizing state frequencies so that sum of them equals to 1
993  Q.pfam+F+G4   1789.352     57  3692.704     3776.401     3859.143
WARNING: Normalizing state frequencies so that sum of them equals to 1
994  Q.pfam+F+I+G4 1789.598     58  3695.196     3782.940     3864.555
WARNING: Normalizing state frequencies so that sum of them equals to 1
995  Q.pfam+F+R2   1788.716     58  3693.433     3781.176     3862.792
WARNING: Normalizing state frequencies so that sum of them equals to 1
996  Q.pfam+F+R3   1787.456     60  3694.911     3791.227     3870.110
WARNING: Normalizing state frequencies so that sum of them equals to 1
1004  Q.pfam+F+I+R2 1787.730     59  3693.460     3785.408     3865.739
WARNING: Normalizing state frequencies so that sum of them equals to 1
1015  Q.plant+G4    1794.448     38  3664.896     3695.141     3775.856
WARNING: Normalizing state frequencies so that sum of them equals to 1
1016  Q.plant+I+G4  1794.216     39  3666.432     3698.597     3780.311
WARNING: Normalizing state frequencies so that sum of them equals to 1
1017  Q.plant+R2    1796.080     39  3670.160     3702.325     3784.039
WARNING: Normalizing state frequencies so that sum of them equals to 1
1018  Q.plant+R3    1793.477     41  3668.955     3705.207     3788.674
WARNING: Normalizing state frequencies so that sum of them equals to 1
1026  Q.plant+I+R2  1792.846     40  3665.691     3699.858     3782.491
WARNING: Normalizing state frequencies so that sum of them equals to 1
1037  Q.plant+F+G4  1798.857     57  3711.715     3795.411     3878.154
WARNING: Normalizing state frequencies so that sum of them equals to 1
1038  Q.plant+F+I+G4 1798.711     58  3713.421     3801.165     3882.780
WARNING: Normalizing state frequencies so that sum of them equals to 1
1039  Q.plant+F+R2  1799.886     58  3715.772     3803.516     3885.131
WARNING: Normalizing state frequencies so that sum of them equals to 1
1040  Q.plant+F+R3  1797.697     60  3715.394     3811.710     3890.593
WARNING: Normalizing state frequencies so that sum of them equals to 1
1048  Q.plant+F+I+R2 1797.181     59  3712.363     3804.311     3884.642
WARNING: Normalizing state frequencies so that sum of them equals to 1
1059  Q.yeast+G4    1784.352     38  3644.704     3674.949     3755.663
WARNING: Normalizing state frequencies so that sum of them equals to 1
1060  Q.yeast+I+G4  1784.397     39  3646.794     3678.959     3760.674
WARNING: Normalizing state frequencies so that sum of them equals to 1
1061  Q.yeast+R2    1784.453     39  3646.906     3679.071     3760.785
WARNING: Normalizing state frequencies so that sum of them equals to 1
1062  Q.yeast+R3    1783.243     41  3648.486     3684.739     3768.206
WARNING: Normalizing state frequencies so that sum of them equals to 1
1070  Q.yeast+I+R2  1782.782     40  3645.564     3679.731     3762.363
WARNING: Normalizing state frequencies so that sum of them equals to 1
1081  Q.yeast+F+G4  1784.420     57  3682.839     3766.535     3849.278
WARNING: Normalizing state frequencies so that sum of them equals to 1
1082  Q.yeast+F+I+G4 1784.376     58  3684.751     3772.495     3854.110
WARNING: Normalizing state frequencies so that sum of them equals to 1
1083  Q.yeast+F+R2  1784.601     58  3685.202     3772.945     3854.560
WARNING: Normalizing state frequencies so that sum of them equals to 1
1084  Q.yeast+F+R3  1783.267     60  3686.533     3782.849     3861.732
WARNING: Normalizing state frequencies so that sum of them equals to 1
1092  Q.yeast+F+I+R2 1782.723     59  3683.446     3775.394     3855.725
1103  rtREV+G4      1792.335     38  3660.670     3690.915     3771.630
1104  rtREV+I+G4    1792.403     39  3662.807     3694.972     3776.686
1105  rtREV+R2      1790.427     39  3658.854     3691.019     3772.734
1106  rtREV+R3      1789.451     41  3660.901     3697.154     3780.621
1114  rtREV+I+R2    1788.674     40  3657.348     3691.515     3774.147
1125  rtREV+F+G4    1794.287     57  3702.575     3786.271     3869.014
1126  rtREV+F+I+G4  1794.318     58  3704.636     3792.380     3873.995
1127  rtREV+F+R2    1792.790     58  3701.579     3789.323     3870.938
1128  rtREV+F+R3    1791.685     60  3703.371     3799.687     3878.570
1136  rtREV+F+I+R2  1790.875     59  3699.750     3791.698     3872.029
1147  VT+G4         1783.958     38  3643.916     3674.161     3754.876
1148  VT+I+G4       1784.077     39  3646.154     3678.319     3760.033
1149  VT+R2         1781.677     39  3641.355     3673.520     3755.234
1150  VT+R3         1781.496     41  3644.993     3681.245     3764.712
1158  VT+I+R2       1780.836     40  3641.672     3675.838     3758.471
1169  VT+F+G4       1789.879     57  3693.758     3777.454     3860.197
1170  VT+F+I+G4     1789.993     58  3695.987     3783.731     3865.346
1171  VT+F+R2       1787.401     58  3690.801     3778.545     3860.160
1172  VT+F+R3       1787.206     60  3694.411     3790.727     3869.610
1180  VT+F+I+R2     1786.584     59  3691.168     3783.116     3863.447
1191  WAG+G4        1785.238     38  3646.476     3676.721     3757.436
1192  WAG+I+G4      1785.089     39  3648.179     3680.344     3762.058
1193  WAG+R2        1783.175     39  3644.350     3676.515     3758.229
1194  WAG+R3        1782.759     41  3647.519     3683.772     3767.238
1202  WAG+I+R2      1781.216     40  3642.433     3676.599     3759.232
1213  WAG+F+G4      1791.231     57  3696.463     3780.159     3862.902
1214  WAG+F+I+G4    1791.211     58  3698.422     3786.165     3867.781
1215  WAG+F+R2      1788.952     58  3693.904     3781.647     3863.263
1216  WAG+F+R3      1788.543     60  3697.086     3793.401     3872.285
1224  WAG+F+I+R2    1787.366     59  3692.733     3784.681     3865.012
Reading model parameters from file Q.iridoviridae
1235  Q.iridoviridae+G4 1770.604     38  3617.208     3647.453     3728.167
Reading model parameters from file Q.iridoviridae
1236  Q.iridoviridae+I+G4 1770.757     39  3619.515     3651.680     3733.394
Reading model parameters from file Q.iridoviridae
1237  Q.iridoviridae+R2 1769.284     39  3616.567     3648.732     3730.446
Reading model parameters from file Q.iridoviridae
1238  Q.iridoviridae+R3 1768.705     41  3619.411     3655.664     3739.130
Reading model parameters from file Q.iridoviridae
1246  Q.iridoviridae+I+R2 1768.179     40  3616.358     3650.524     3733.157
Reading model parameters from file Q.iridoviridae
1257  Q.iridoviridae+F+G4 1783.547     57  3681.094     3764.790     3847.533
Reading model parameters from file Q.iridoviridae
1258  Q.iridoviridae+F+I+G4 1783.689     58  3683.377     3771.121     3852.736
Reading model parameters from file Q.iridoviridae
1259  Q.iridoviridae+F+R2 1782.368     58  3680.735     3768.479     3850.094
Reading model parameters from file Q.iridoviridae
1260  Q.iridoviridae+F+R3 1781.670     60  3683.339     3779.655     3858.538
Reading model parameters from file Q.iridoviridae
1268  Q.iridoviridae+F+I+R2 1781.290     59  3680.581     3772.529     3852.860
Reading model parameters from file Q.mcv
WARNING: Normalizing state frequencies so that sum of them equals to 1
1279  Q.mcv+G4      1781.481     38  3638.961     3669.206     3749.920
Reading model parameters from file Q.mcv
WARNING: Normalizing state frequencies so that sum of them equals to 1
1280  Q.mcv+I+G4    1781.263     39  3640.526     3672.691     3754.405
Reading model parameters from file Q.mcv
WARNING: Normalizing state frequencies so that sum of them equals to 1
1281  Q.mcv+R2      1780.799     39  3639.599     3671.764     3753.478
Reading model parameters from file Q.mcv
WARNING: Normalizing state frequencies so that sum of them equals to 1
1282  Q.mcv+R3      1780.102     41  3642.205     3678.458     3761.924
Reading model parameters from file Q.mcv
WARNING: Normalizing state frequencies so that sum of them equals to 1
1290  Q.mcv+I+R2    1778.627     40  3637.253     3671.420     3754.052
Reading model parameters from file Q.mcv
WARNING: Normalizing state frequencies so that sum of them equals to 1
1301  Q.mcv+F+G4    1784.871     57  3683.741     3767.438     3850.180
Reading model parameters from file Q.mcv
WARNING: Normalizing state frequencies so that sum of them equals to 1
1302  Q.mcv+F+I+G4  1784.698     58  3685.396     3773.139     3854.754
Reading model parameters from file Q.mcv
WARNING: Normalizing state frequencies so that sum of them equals to 1
1303  Q.mcv+F+R2    1784.095     58  3684.190     3771.933     3853.548
Reading model parameters from file Q.mcv
WARNING: Normalizing state frequencies so that sum of them equals to 1
1304  Q.mcv+F+R3    1783.402     60  3686.803     3783.119     3862.002
Reading model parameters from file Q.mcv
WARNING: Normalizing state frequencies so that sum of them equals to 1
1312  Q.mcv+F+I+R2  1782.078     59  3682.156     3774.104     3854.434
Akaike Information Criterion:           Q.iridoviridae+I+R2
Corrected Akaike Information Criterion: Q.iridoviridae+G4
Bayesian Information Criterion:         Q.iridoviridae+G4
Best-fit model: Q.iridoviridae+G4 chosen according to BIC

All model information printed to iqtree_family/OG0000025.fa.model.gz
CPU time for ModelFinder: 87.587 seconds (0h:1m:27s)
Wall-clock time for ModelFinder: 26.666 seconds (0h:0m:26s)
Generating 1000 samples for ultrafast bootstrap (seed: 693410)...
Reading model parameters from file Q.iridoviridae

NOTE: 2 MB RAM (0 GB) is required!
Estimate model parameters (epsilon = 0.100)
1. Initial log-likelihood: -1770.604
Optimal log-likelihood: -1770.604
Gamma shape alpha: 2.061
Parameters optimization took 1 rounds (0.014 sec)
Wrote distance file to... 
Computing ML distances based on estimated model parameters...
Calculating distance matrix: done in 0.00680089 secs using 336.6% CPU
Computing ML distances took 0.006853 sec (of wall-clock time) 0.023040 sec (of CPU time)
Setting up auxiliary I and S matrices: done in 0.000160933 secs using 486.5% CPU
Constructing RapidNJ tree: done in 0.00062108 secs using 223.8% CPU
Computing RapidNJ tree took 0.000832 sec (of wall-clock time) 0.002803 sec (of CPU time)
Log-likelihood of RapidNJ tree: -1769.627
--------------------------------------------------------------------
|             INITIALIZING CANDIDATE TREE SET                      |
--------------------------------------------------------------------
Generating 98 parsimony trees... 0.023 second
Computing log-likelihood of 98 initial trees ... 0.561 seconds
Current best score: -1769.627

Do NNI search on 20 best initial trees
Optimizing NNI: done in 0.0470641 secs using 250.4% CPU
Estimate model parameters (epsilon = 0.100)
BETTER TREE FOUND at iteration 1: -1769.626
Optimizing NNI: done in 0.0943229 secs using 292.8% CPU
UPDATE BEST LOG-LIKELIHOOD: -1769.625
Optimizing NNI: done in 0.056433 secs using 309.3% CPU
Optimizing NNI: done in 0.0591509 secs using 338.6% CPU
Optimizing NNI: done in 0.0579441 secs using 318% CPU
Optimizing NNI: done in 0.0599401 secs using 345% CPU
Optimizing NNI: done in 0.147134 secs using 341.9% CPU
Optimizing NNI: done in 0.081614 secs using 346.1% CPU
Optimizing NNI: done in 0.056277 secs using 336.2% CPU
Optimizing NNI: done in 0.0413802 secs using 371% CPU
Iteration 10 / LogL: -1769.626 / Time: 0h:0m:1s
Optimizing NNI: done in 0.0362921 secs using 388.8% CPU
Optimizing NNI: done in 0.0514889 secs using 392.1% CPU
Optimizing NNI: done in 0.0609162 secs using 391.8% CPU
Optimizing NNI: done in 0.061378 secs using 386.9% CPU
Optimizing NNI: done in 0.044647 secs using 391.1% CPU
Optimizing NNI: done in 0.0406442 secs using 400% CPU
Optimizing NNI: done in 0.0387352 secs using 400% CPU
Optimizing NNI: done in 0.0441539 secs using 391.1% CPU
Optimizing NNI: done in 0.0389562 secs using 399.7% CPU
Optimizing NNI: done in 0.0417311 secs using 400% CPU
Iteration 20 / LogL: -1769.627 / Time: 0h:0m:1s
Finish initializing candidate tree set (3)
Current best tree score: -1769.625 / CPU time: 1.774
Number of iterations: 20
--------------------------------------------------------------------
|               OPTIMIZING CANDIDATE TREE SET                      |
--------------------------------------------------------------------
Optimizing NNI: done in 0.0803452 secs using 394.6% CPU
Optimizing NNI: done in 0.074846 secs using 384.1% CPU
Optimizing NNI: done in 0.0507691 secs using 400% CPU
Optimizing NNI: done in 0.0627749 secs using 393.7% CPU
UPDATE BEST LOG-LIKELIHOOD: -1769.625
Optimizing NNI: done in 0.0696108 secs using 394.1% CPU
Optimizing NNI: done in 0.0551822 secs using 399.9% CPU
BETTER TREE FOUND at iteration 26: -1769.625
Optimizing NNI: done in 0.167024 secs using 331.2% CPU
Optimizing NNI: done in 0.101534 secs using 357.8% CPU
Optimizing NNI: done in 0.101453 secs using 327.5% CPU
Optimizing NNI: done in 0.159084 secs using 318.2% CPU
Iteration 30 / LogL: -1774.531 / Time: 0h:0m:2s (0h:0m:9s left)
Optimizing NNI: done in 0.177293 secs using 297.8% CPU
Optimizing NNI: done in 0.114986 secs using 290.8% CPU
Optimizing NNI: done in 0.105388 secs using 292.5% CPU
Optimizing NNI: done in 0.30472 secs using 312.1% CPU
Optimizing NNI: done in 0.086612 secs using 359.2% CPU
Optimizing NNI: done in 0.0718532 secs using 321.7% CPU
Optimizing NNI: done in 0.177102 secs using 290.8% CPU
Optimizing NNI: done in 0.22954 secs using 288.2% CPU
Optimizing NNI: done in 0.10318 secs using 290.5% CPU
Optimizing NNI: done in 0.12257 secs using 296.8% CPU
Iteration 40 / LogL: -1773.607 / Time: 0h:0m:4s (0h:0m:9s left)
Optimizing NNI: done in 0.101821 secs using 314.4% CPU
Optimizing NNI: done in 0.1638 secs using 334% CPU
Optimizing NNI: done in 0.0808079 secs using 331.4% CPU
Optimizing NNI: done in 0.188536 secs using 287.3% CPU
Optimizing NNI: done in 0.25612 secs using 176.8% CPU
UPDATE BEST LOG-LIKELIHOOD: -1769.625
Optimizing NNI: done in 0.354027 secs using 261.4% CPU
Optimizing NNI: done in 0.133941 secs using 378.2% CPU
Optimizing NNI: done in 0.062048 secs using 393.6% CPU
Optimizing NNI: done in 0.058249 secs using 399.9% CPU
Optimizing NNI: done in 0.0542378 secs using 399.9% CPU
Iteration 50 / LogL: -1769.625 / Time: 0h:0m:5s (0h:0m:9s left)
Log-likelihood cutoff on original alignment: -1790.621
Optimizing NNI: done in 0.0900881 secs using 395.4% CPU
Optimizing NNI: done in 0.07462 secs using 395.3% CPU
Optimizing NNI: done in 0.0734332 secs using 399.8% CPU
Optimizing NNI: done in 0.0442719 secs using 400.1% CPU
Optimizing NNI: done in 0.103023 secs using 395.7% CPU
Optimizing NNI: done in 0.070287 secs using 400% CPU
Optimizing NNI: done in 0.062407 secs using 400% CPU
Optimizing NNI: done in 0.0803919 secs using 341.4% CPU
Optimizing NNI: done in 0.24592 secs using 289.4% CPU
Optimizing NNI: done in 0.218058 secs using 323.6% CPU
Iteration 60 / LogL: -1769.625 / Time: 0h:0m:6s (0h:0m:7s left)
Optimizing NNI: done in 0.109845 secs using 317.2% CPU
Optimizing NNI: done in 0.240139 secs using 316.4% CPU
Optimizing NNI: done in 0.220385 secs using 335.6% CPU
Optimizing NNI: done in 0.0858929 secs using 316.1% CPU
BETTER TREE FOUND at iteration 64: -1769.625
Optimizing NNI: done in 0.268716 secs using 331.4% CPU
Optimizing NNI: done in 0.15885 secs using 345.1% CPU
Optimizing NNI: done in 0.131737 secs using 370.9% CPU
Optimizing NNI: done in 0.069958 secs using 388.7% CPU
Optimizing NNI: done in 0.0876138 secs using 395.9% CPU
Optimizing NNI: done in 0.079396 secs using 394.8% CPU
Iteration 70 / LogL: -1769.625 / Time: 0h:0m:8s (0h:0m:11s left)
Optimizing NNI: done in 0.062583 secs using 399.9% CPU
Optimizing NNI: done in 0.076839 secs using 389.6% CPU
Optimizing NNI: done in 0.0605929 secs using 393.5% CPU
Optimizing NNI: done in 0.0650671 secs using 387.6% CPU
Optimizing NNI: done in 0.0872071 secs using 395.7% CPU
Optimizing NNI: done in 0.0744939 secs using 383.6% CPU
Optimizing NNI: done in 0.0954471 secs using 395.5% CPU
Optimizing NNI: done in 0.0825469 secs using 399.9% CPU
Optimizing NNI: done in 0.0646629 secs using 387.8% CPU
Optimizing NNI: done in 0.0750389 secs using 400% CPU
Iteration 80 / LogL: -1770.454 / Time: 0h:0m:9s (0h:0m:9s left)
Optimizing NNI: done in 0.089849 secs using 391.6% CPU
Optimizing NNI: done in 0.057456 secs using 400% CPU
Optimizing NNI: done in 0.13055 secs using 393.8% CPU
Optimizing NNI: done in 0.208504 secs using 288.9% CPU
Optimizing NNI: done in 0.114387 secs using 341.6% CPU
Optimizing NNI: done in 0.130544 secs using 353.7% CPU
Optimizing NNI: done in 0.073034 secs using 399.7% CPU
Optimizing NNI: done in 0.134175 secs using 363.4% CPU
Optimizing NNI: done in 0.096997 secs using 329.6% CPU
Optimizing NNI: done in 0.128097 secs using 339.1% CPU
Iteration 90 / LogL: -1769.633 / Time: 0h:0m:10s (0h:0m:8s left)
Optimizing NNI: done in 0.0939119 secs using 318.6% CPU
Optimizing NNI: done in 0.117036 secs using 299.8% CPU
Optimizing NNI: done in 0.105844 secs using 300% CPU
Optimizing NNI: done in 0.161081 secs using 308.1% CPU
Optimizing NNI: done in 0.123979 secs using 345.2% CPU
Optimizing NNI: done in 0.177982 secs using 337.4% CPU
Optimizing NNI: done in 0.115871 secs using 379.7% CPU
Optimizing NNI: done in 0.0797899 secs using 397.6% CPU
Optimizing NNI: done in 0.117543 secs using 345.9% CPU
Optimizing NNI: done in 0.117939 secs using 383.8% CPU
Iteration 100 / LogL: -1769.627 / Time: 0h:0m:11s (0h:0m:7s left)
Log-likelihood cutoff on original alignment: -1791.104
NOTE: Bootstrap correlation coefficient of split occurrence frequencies: 0.997
Optimizing NNI: done in 0.128502 secs using 352.6% CPU
Optimizing NNI: done in 0.117627 secs using 374.7% CPU
Optimizing NNI: done in 0.075429 secs using 402.3% CPU
Optimizing NNI: done in 0.0789561 secs using 404% CPU
Optimizing NNI: done in 0.07218 secs using 394% CPU
Optimizing NNI: done in 0.0627639 secs using 399.9% CPU
Optimizing NNI: done in 0.06668 secs using 395.8% CPU
Optimizing NNI: done in 0.0713959 secs using 399.2% CPU
Optimizing NNI: done in 0.0570159 secs using 393.5% CPU
Optimizing NNI: done in 0.059438 secs using 399.5% CPU
Iteration 110 / LogL: -1783.611 / Time: 0h:0m:12s (0h:0m:10s left)
Optimizing NNI: done in 0.097698 secs using 384.4% CPU
Optimizing NNI: done in 0.0582771 secs using 399.7% CPU
Optimizing NNI: done in 0.0868652 secs using 396.4% CPU
Optimizing NNI: done in 0.078686 secs using 380.6% CPU
Optimizing NNI: done in 0.054599 secs using 401% CPU
Optimizing NNI: done in 0.101634 secs using 399.9% CPU
Optimizing NNI: done in 0.0816929 secs using 396.2% CPU
Optimizing NNI: done in 0.0794261 secs using 394.9% CPU
Optimizing NNI: done in 0.0773849 secs using 390.6% CPU
Optimizing NNI: done in 0.119239 secs using 397.3% CPU
Iteration 120 / LogL: -1776.693 / Time: 0h:0m:13s (0h:0m:9s left)
Optimizing NNI: done in 0.0912549 secs using 399.9% CPU
Optimizing NNI: done in 0.0959902 secs using 400.8% CPU
Optimizing NNI: done in 0.0626142 secs using 400.7% CPU
Optimizing NNI: done in 0.0959852 secs using 392.5% CPU
Optimizing NNI: done in 0.068053 secs using 395.5% CPU
Optimizing NNI: done in 0.0524809 secs using 401.1% CPU
Optimizing NNI: done in 0.030736 secs using 402.7% CPU
Optimizing NNI: done in 0.0442371 secs using 401.8% CPU
Optimizing NNI: done in 0.0947061 secs using 396.5% CPU
Optimizing NNI: done in 0.086952 secs using 393.6% CPU
Iteration 130 / LogL: -1769.625 / Time: 0h:0m:14s (0h:0m:7s left)
Optimizing NNI: done in 0.072191 secs using 399.2% CPU
Optimizing NNI: done in 0.0719728 secs using 400.1% CPU
Optimizing NNI: done in 0.0948501 secs using 398.9% CPU
Optimizing NNI: done in 0.092052 secs using 387% CPU
Optimizing NNI: done in 0.096801 secs using 396.8% CPU
Optimizing NNI: done in 0.075491 secs using 401.3% CPU
Optimizing NNI: done in 0.0803781 secs using 390% CPU
Optimizing NNI: done in 0.0744328 secs using 395.9% CPU
Optimizing NNI: done in 0.0859652 secs using 400.7% CPU
Optimizing NNI: done in 0.111403 secs using 397.2% CPU
Iteration 140 / LogL: -1769.625 / Time: 0h:0m:15s (0h:0m:6s left)
Optimizing NNI: done in 0.0858479 secs using 395.1% CPU
Optimizing NNI: done in 0.0482121 secs using 401.2% CPU
Optimizing NNI: done in 0.0741189 secs using 401% CPU
Optimizing NNI: done in 0.041018 secs using 400.6% CPU
Optimizing NNI: done in 0.086921 secs using 396.1% CPU
Optimizing NNI: done in 0.0832429 secs using 400.8% CPU
Optimizing NNI: done in 0.044477 secs using 393.1% CPU
Optimizing NNI: done in 0.0728641 secs using 400.8% CPU
Optimizing NNI: done in 0.0653911 secs using 395.4% CPU
Optimizing NNI: done in 0.0438249 secs using 392.6% CPU
Iteration 150 / LogL: -1769.625 / Time: 0h:0m:15s (0h:0m:5s left)
Log-likelihood cutoff on original alignment: -1793.381
Optimizing NNI: done in 0.056597 secs using 399.8% CPU
Optimizing NNI: done in 0.083303 secs using 396.2% CPU
Optimizing NNI: done in 0.0907991 secs using 395.6% CPU
Optimizing NNI: done in 0.073699 secs using 395.4% CPU
Optimizing NNI: done in 0.08325 secs using 396.3% CPU
Optimizing NNI: done in 0.087996 secs using 400.7% CPU
Optimizing NNI: done in 0.042347 secs using 391.7% CPU
Optimizing NNI: done in 0.037416 secs using 385.3% CPU
Optimizing NNI: done in 0.0410259 secs using 392.5% CPU
Optimizing NNI: done in 0.06599 secs using 390.9% CPU
Iteration 160 / LogL: -1769.625 / Time: 0h:0m:16s (0h:0m:4s left)
Optimizing NNI: done in 0.026556 secs using 416.3% CPU
Optimizing NNI: done in 0.0643511 secs using 401.4% CPU
Optimizing NNI: done in 0.058953 secs using 393.7% CPU
Optimizing NNI: done in 0.0332289 secs using 399.8% CPU
Optimizing NNI: done in 0.081007 secs using 399.9% CPU
TREE SEARCH COMPLETED AFTER 165 ITERATIONS / Time: 0h:0m:16s

--------------------------------------------------------------------
|                    FINALIZING TREE SEARCH                        |
--------------------------------------------------------------------
Performs final model parameters optimization
Estimate model parameters (epsilon = 0.010)
1. Initial log-likelihood: -1769.625
Optimal log-likelihood: -1769.625
Gamma shape alpha: 2.036
Parameters optimization took 1 rounds (0.011 sec)
BEST SCORE FOUND : -1769.625
Creating bootstrap support values...
Split supports printed to NEXUS file iqtree_family/OG0000025.fa.splits.nex
Total tree length: 4.376

Total number of iterations: 165
CPU time used for tree search: 59.172 sec (0h:0m:59s)
Wall-clock time used for tree search: 16.709 sec (0h:0m:16s)
Total CPU time used: 59.505 sec (0h:0m:59s)
Total wall-clock time used: 16.807 sec (0h:0m:16s)

Computing bootstrap consensus tree...
Reading input file iqtree_family/OG0000025.fa.splits.nex...
20 taxa and 204 splits.
Consensus tree written to iqtree_family/OG0000025.fa.contree
Reading input trees file iqtree_family/OG0000025.fa.contree
Log-likelihood of consensus tree: -1769.629

Analysis results written to: 
  IQ-TREE report:                iqtree_family/OG0000025.fa.iqtree
  Maximum-likelihood tree:       iqtree_family/OG0000025.fa.treefile
  Likelihood distances:          iqtree_family/OG0000025.fa.mldist

Ultrafast bootstrap approximation results written to:
  Split support values:          iqtree_family/OG0000025.fa.splits.nex
  Consensus tree:                iqtree_family/OG0000025.fa.contree
  Screen log file:               iqtree_family/OG0000025.fa.log

Date and Time: Thu Apr  3 13:03:54 2025
