IQ-TREE multicore version 2.2.0.5 COVID-edition for Linux 64-bit built Sep 26 2022
Developed by Bui Quang Minh, James Barbetti, Nguyen Lam Tung,
Olga Chernomor, Heiko Schmidt, Dominik Schrempf, Michael Woodhams, Ly Trong Nhan.

Host:    c213 (AVX2, FMA3, 503 GB RAM)
Command: iqtree2 -s orthofinder_iqtreetest/Results_Jul15/MultipleSequenceAlignments/OG0000018.fa -B 1000 -m MFP -T 1 -pre iqtree/OG0000018.fa.fa
Seed:    665884 (Using SPRNG - Scalable Parallel Random Number Generator)
Time:    Tue Jul 23 10:47:59 2024
Kernel:  AVX+FMA - 1 threads (32 CPU cores detected)

HINT: Use -nt option to specify number of threads because your CPU has 32 cores!
HINT: -nt AUTO will automatically determine the best number of threads to use.

Reading alignment file orthofinder_iqtreetest/Results_Jul15/MultipleSequenceAlignments/OG0000018.fa ... Fasta format detected
Reading fasta file: done in 0.0010891 secs
Alignment most likely contains protein sequences
Constructing alignment: done in 0.000214815 secs
Alignment has 45 sequences with 349 columns, 309 distinct patterns
196 parsimony-informative, 59 singleton sites, 94 constant sites
                                                               Gap/Ambiguity  Composition  p-value
Analyzing sequences: done in 0.000142097 secs using 96.41% CPU
   1  Chlor_AMIV_KF938901_1_Chlor_AMIV_KF938901.1_00074               27.51%    passed      5.81%
   2  Chlor_IIV22_HF920633_1_Chlor_IIV22_HF920633.1_00138             27.79%    passed     14.85%
   3  Daphi_LS484712_1_Daphi_LS484712.1_00202                         28.37%    passed      9.70%
   4  Decap_MF599468_1_Decap_MF599468.1_00122                         26.65%    passed     45.43%
   5  Irido_IIV31_HF920637_1_Irido_IIV31_HF920637.1_00108             25.79%    passed     27.83%
   6  Irido_IIV6_AF303741_1_Irido_IIV6_AF303741.1_00026               26.07%    passed     51.70%
   7  Lymph_LCD4_MN803438_1_Lymph_LCD4_MN803438.1_00070               30.09%    passed     85.05%
   8  Lymph_LDV1_L63545_1_Lymph_LDV1_L63545.1_00030                   30.09%    passed     46.38%
   9  MCV_ML1_SDDV_MN562489_1_MCV_ML1_SDDV_MN562489.1_00058           29.80%    passed     99.89%
  10  MCV_ML1_SDDV_MT521409_1_MCV_ML1_SDDV_MT521409.1_00059           29.80%    passed     99.89%
  11  MCV_ML1_SDDV_NC_027778_1_MCV_ML1_SDDV_NC_027778.1_00038         29.80%    passed     99.89%
  12  MCV_ML1_SDDV_OM037668_1_MCV_ML1_SDDV_OM037668.1_00078           29.80%    passed     99.89%
  13  MCV_MP1_BCFI_MN432490_1_MCV_MP1_BCFI_MN432490.1_00122           31.52%    passed    100.00%
  14  MCV_MP1_BCFI_MT926123_1_MCV_MP1_BCFI_MT926123.1_00120           31.52%    passed    100.00%
  15  MCV_MP1_GSPI_KT804738_1_MCV_MP1_GSPI_KT804738.1_00119           31.52%    passed    100.00%
  16  MCV_MP1_ISKNV_AF371960_1_MCV_MP1_ISKNV_AF371960.1_00121         31.52%    passed    100.00%
  17  MCV_MP1_ISKNV_MK689685_1_MCV_MP1_ISKNV_MK689685.1_00118         31.52%    passed    100.00%
  18  MCV_MP1_LBUSV_OP009387_1_MCV_MP1_LBUSV_OP009387.1_00121         31.52%    passed    100.00%
  19  MCV_MP1_LYCI_AY779031_1_MCV_MP1_LYCI_AY779031.1_00129           31.52%    passed    100.00%
  20  MCV_MP1_LYCI_MW139932_1_MCV_MP1_LYCI_MW139932.1_00123           31.52%    passed    100.00%
  21  MCV_MP1_LYCI_OL774653_1_MCV_MP1_LYCI_OL774653.1_00016           31.52%    passed    100.00%
  22  MCV_MP1_LYCI_OL774654_1_MCV_MP1_LYCI_OL774654.1_00121           31.52%    passed    100.00%
  23  MCV_MP1_LYCI_OL774655_1_MCV_MP1_LYCI_OL774655.1_00123           31.52%    passed    100.00%
  24  MCV_MP1_OSGI_AY894343_1_MCV_MP1_OSGI_AY894343.1_00123           31.52%    passed    100.00%
  25  MCV_MP1_PI_MK098185_1_MCV_MP1_PI_MK098185.1_00122               31.52%    passed    100.00%
  26  MCV_MP1_PI_MK098186_1_MCV_MP1_PI_MK098186.1_00119               31.52%    passed    100.00%
  27  MCV_MP1_PI_MK098187_1_MCV_MP1_PI_MK098187.1_00122               31.52%    passed    100.00%
  28  MCV_MP1_RBIV_AY532606_1_MCV_MP1_RBIV_AY532606.1_00125           31.52%    passed    100.00%
  29  MCV_MP1_RBIV_KC244182_1_MCV_MP1_RBIV_KC244182.1_00121           31.52%    passed    100.00%
  30  MCV_MP1_RSIV_BD143114_1_MCV_MP1_RSIV_BD143114.1_00077           31.52%    passed    100.00%
  31  MCV_MP1_RSIV_MK689686_1_MCV_MP1_RSIV_MK689686.1_00120           31.52%    passed    100.00%
  32  MCV_MP1_RSIV_MT798582_1_MCV_MP1_RSIV_MT798582.1_00028           31.52%    passed    100.00%
  33  MCV_MP1_RSIV_OK042108_1_MCV_MP1_RSIV_OK042108.1_00077           31.52%    passed    100.00%
  34  MCV_MP1_RSIV_OK042109_1_MCV_MP1_RSIV_OK042109.1_00078           31.52%    passed    100.00%
  35  MCV_MP1_RSIV_ON740976_1_MCV_MP1_RSIV_ON740976.1_00121           31.52%    passed    100.00%
  36  MCV_MP1_RSIV_ON743042_1_MCV_MP1_RSIV_ON743042.1_00123           31.52%    passed    100.00%
  37  MCV_MP1_SKIV_MT986830_1_MCV_MP1_SKIV_MT986830.1_00125           31.52%    passed    100.00%
  38  MCV_MP1_SKIV_ON075463_1_MCV_MP1_SKIV_ON075463.1_00118           31.52%    passed    100.00%
  39  MCV_MP1_TRBIV_GQ273492_1_MCV_MP1_TRBIV_GQ273492.1_00118         31.52%    passed    100.00%
  40  MCV_Unclassified_MG570131_1_MCV_Unclassified_MG570131.1_00118   31.52%    passed    100.00%
  41  MCV_Unclassified_MG570132_1_MCV_Unclassified_MG570132.1_00118   31.52%    passed    100.00%
  42  MCV_Unclassified_OQ475017_1_MCV_Unclassified_OQ475017.1_00120   31.52%    passed    100.00%
  43  MCV_Unlassified_OL310752_1_MCV_Unlassified_OL310752.1_00071     31.52%    passed    100.00%
  44  Rana_FV3_NC_005946_1_Rana_FV3_NC_005946.1_00016                 10.03%    passed      8.64%
  45  Rana_SGIV_AY521625_1_Rana_SGIV_AY521625.1_00115                  7.45%    passed     66.82%
****  TOTAL                                                           29.69%  0 sequences failed composition chi2 test (p-value<5%; df=19)
NOTE: MCV_ML1_SDDV_MT521409_1_MCV_ML1_SDDV_MT521409.1_00059 is identical to MCV_ML1_SDDV_MN562489_1_MCV_ML1_SDDV_MN562489.1_00058 but kept for subsequent analysis
NOTE: MCV_MP1_BCFI_MT926123_1_MCV_MP1_BCFI_MT926123.1_00120 is identical to MCV_MP1_BCFI_MN432490_1_MCV_MP1_BCFI_MN432490.1_00122 but kept for subsequent analysis
NOTE: MCV_MP1_LYCI_AY779031_1_MCV_MP1_LYCI_AY779031.1_00129 is identical to MCV_MP1_GSPI_KT804738_1_MCV_MP1_GSPI_KT804738.1_00119 but kept for subsequent analysis
NOTE: MCV_Unclassified_MG570132_1_MCV_Unclassified_MG570132.1_00118 is identical to MCV_Unclassified_MG570131_1_MCV_Unclassified_MG570131.1_00118 but kept for subsequent analysis
Checking for duplicate sequences: done in 6.8903e-05 secs using 100.1% CPU
Identifying sites to remove: done in 0.000106812 secs using 100.2% CPU
NOTE: 24 identical sequences (see below) will be ignored for subsequent analysis
NOTE: MCV_ML1_SDDV_NC_027778_1_MCV_ML1_SDDV_NC_027778.1_00038 (identical to MCV_ML1_SDDV_MN562489_1_MCV_ML1_SDDV_MN562489.1_00058) is ignored but added at the end
NOTE: MCV_ML1_SDDV_OM037668_1_MCV_ML1_SDDV_OM037668.1_00078 (identical to MCV_ML1_SDDV_MN562489_1_MCV_ML1_SDDV_MN562489.1_00058) is ignored but added at the end
NOTE: MCV_MP1_ISKNV_AF371960_1_MCV_MP1_ISKNV_AF371960.1_00121 (identical to MCV_MP1_BCFI_MN432490_1_MCV_MP1_BCFI_MN432490.1_00122) is ignored but added at the end
NOTE: MCV_MP1_ISKNV_MK689685_1_MCV_MP1_ISKNV_MK689685.1_00118 (identical to MCV_MP1_BCFI_MN432490_1_MCV_MP1_BCFI_MN432490.1_00122) is ignored but added at the end
NOTE: MCV_MP1_SKIV_MT986830_1_MCV_MP1_SKIV_MT986830.1_00125 (identical to MCV_MP1_BCFI_MN432490_1_MCV_MP1_BCFI_MN432490.1_00122) is ignored but added at the end
NOTE: MCV_MP1_LYCI_MW139932_1_MCV_MP1_LYCI_MW139932.1_00123 (identical to MCV_MP1_GSPI_KT804738_1_MCV_MP1_GSPI_KT804738.1_00119) is ignored but added at the end
NOTE: MCV_MP1_LYCI_OL774653_1_MCV_MP1_LYCI_OL774653.1_00016 (identical to MCV_MP1_GSPI_KT804738_1_MCV_MP1_GSPI_KT804738.1_00119) is ignored but added at the end
NOTE: MCV_MP1_LYCI_OL774654_1_MCV_MP1_LYCI_OL774654.1_00121 (identical to MCV_MP1_GSPI_KT804738_1_MCV_MP1_GSPI_KT804738.1_00119) is ignored but added at the end
NOTE: MCV_MP1_LYCI_OL774655_1_MCV_MP1_LYCI_OL774655.1_00123 (identical to MCV_MP1_GSPI_KT804738_1_MCV_MP1_GSPI_KT804738.1_00119) is ignored but added at the end
NOTE: MCV_MP1_OSGI_AY894343_1_MCV_MP1_OSGI_AY894343.1_00123 (identical to MCV_MP1_GSPI_KT804738_1_MCV_MP1_GSPI_KT804738.1_00119) is ignored but added at the end
NOTE: MCV_MP1_PI_MK098185_1_MCV_MP1_PI_MK098185.1_00122 (identical to MCV_MP1_GSPI_KT804738_1_MCV_MP1_GSPI_KT804738.1_00119) is ignored but added at the end
NOTE: MCV_MP1_PI_MK098186_1_MCV_MP1_PI_MK098186.1_00119 (identical to MCV_MP1_GSPI_KT804738_1_MCV_MP1_GSPI_KT804738.1_00119) is ignored but added at the end
NOTE: MCV_MP1_PI_MK098187_1_MCV_MP1_PI_MK098187.1_00122 (identical to MCV_MP1_GSPI_KT804738_1_MCV_MP1_GSPI_KT804738.1_00119) is ignored but added at the end
NOTE: MCV_MP1_RBIV_KC244182_1_MCV_MP1_RBIV_KC244182.1_00121 (identical to MCV_MP1_GSPI_KT804738_1_MCV_MP1_GSPI_KT804738.1_00119) is ignored but added at the end
NOTE: MCV_MP1_RSIV_BD143114_1_MCV_MP1_RSIV_BD143114.1_00077 (identical to MCV_MP1_GSPI_KT804738_1_MCV_MP1_GSPI_KT804738.1_00119) is ignored but added at the end
NOTE: MCV_MP1_RSIV_MK689686_1_MCV_MP1_RSIV_MK689686.1_00120 (identical to MCV_MP1_GSPI_KT804738_1_MCV_MP1_GSPI_KT804738.1_00119) is ignored but added at the end
NOTE: MCV_MP1_RSIV_MT798582_1_MCV_MP1_RSIV_MT798582.1_00028 (identical to MCV_MP1_GSPI_KT804738_1_MCV_MP1_GSPI_KT804738.1_00119) is ignored but added at the end
NOTE: MCV_MP1_RSIV_OK042108_1_MCV_MP1_RSIV_OK042108.1_00077 (identical to MCV_MP1_GSPI_KT804738_1_MCV_MP1_GSPI_KT804738.1_00119) is ignored but added at the end
NOTE: MCV_MP1_RSIV_OK042109_1_MCV_MP1_RSIV_OK042109.1_00078 (identical to MCV_MP1_GSPI_KT804738_1_MCV_MP1_GSPI_KT804738.1_00119) is ignored but added at the end
NOTE: MCV_MP1_RSIV_ON740976_1_MCV_MP1_RSIV_ON740976.1_00121 (identical to MCV_MP1_GSPI_KT804738_1_MCV_MP1_GSPI_KT804738.1_00119) is ignored but added at the end
NOTE: MCV_MP1_RSIV_ON743042_1_MCV_MP1_RSIV_ON743042.1_00123 (identical to MCV_MP1_GSPI_KT804738_1_MCV_MP1_GSPI_KT804738.1_00119) is ignored but added at the end
NOTE: MCV_MP1_SKIV_ON075463_1_MCV_MP1_SKIV_ON075463.1_00118 (identical to MCV_MP1_GSPI_KT804738_1_MCV_MP1_GSPI_KT804738.1_00119) is ignored but added at the end
NOTE: MCV_Unclassified_OQ475017_1_MCV_Unclassified_OQ475017.1_00120 (identical to MCV_MP1_GSPI_KT804738_1_MCV_MP1_GSPI_KT804738.1_00119) is ignored but added at the end
NOTE: MCV_Unlassified_OL310752_1_MCV_Unlassified_OL310752.1_00071 (identical to MCV_MP1_GSPI_KT804738_1_MCV_MP1_GSPI_KT804738.1_00119) is ignored but added at the end
Alignment was printed to iqtree/OG0000018.fa.fa.uniqueseq.phy

For your convenience alignment with unique sequences printed to iqtree/OG0000018.fa.fa.uniqueseq.phy


Create initial parsimony tree by phylogenetic likelihood library (PLL)... 0.001 seconds
Perform fast likelihood tree search using LG+I+G model...
Estimate model parameters (epsilon = 5.000)
Perform nearest neighbor interchange...
Optimizing NNI: done in 0.314451 secs using 47.84% CPU
Estimate model parameters (epsilon = 1.000)
1. Initial log-likelihood: -4964.295
Optimal log-likelihood: -4964.079
Proportion of invariable sites: 0.075
Gamma shape alpha: 1.422
Parameters optimization took 1 rounds (0.075 sec)
Time for fast ML tree search: 0.509 seconds

NOTE: ModelFinder requires 12 MB RAM!
ModelFinder will test up to 1232 protein models (sample size: 349) ...
 No. Model         -LnL         df  AIC          AICc         BIC
  1  LG            5095.146     39  10268.291    10278.388    10418.639
  2  LG+I          5034.201     40  10148.403    10159.052    10302.606
  3  LG+G4         4965.292     40  10010.583    10021.232    10164.786
  4  LG+I+G4       4963.921     41  10009.843    10021.061    10167.901
  5  LG+R2         4981.182     41  10044.364    10055.582    10202.422
  6  LG+R3         4963.580     43  10013.159    10025.566    10178.928
  7  LG+R4         4963.068     45  10016.137    10029.800    10189.615
 14  LG+I+R2       4966.749     42  10017.498    10029.302    10179.411
 15  LG+I+R3       4962.412     44  10012.823    10025.850    10182.447
 25  LG+F+G4       4942.454     59  10002.908    10027.406    10230.357
 26  LG+F+I+G4     4941.579     60  10003.159    10028.575    10234.463
 47  WAG+G4        4998.090     40  10076.180    10086.829    10230.383
 48  WAG+I+G4      4995.284     41  10072.568    10083.786    10230.626
 69  WAG+F+G4      4969.846     59  10057.692    10082.191    10285.142
 70  WAG+F+I+G4    4967.707     60  10055.415    10080.832    10286.719
 91  JTT+G4        5012.972     40  10105.943    10116.593    10260.146
 92  JTT+I+G4      5011.182     41  10104.364    10115.582    10262.422
113  JTT+F+G4      4980.697     59  10079.393    10103.891    10306.842
114  JTT+F+I+G4    4979.339     60  10078.679    10104.095    10309.983
WARNING: Normalizing state frequencies so that sum of them equals to 1
135  Q.pfam+G4     4979.764     40  10039.529    10050.178    10193.731
WARNING: Normalizing state frequencies so that sum of them equals to 1
136  Q.pfam+I+G4   4978.298     41  10038.595    10049.814    10196.653
WARNING: Normalizing state frequencies so that sum of them equals to 1
157  Q.pfam+F+G4   4950.875     59  10019.751    10044.249    10247.200
WARNING: Normalizing state frequencies so that sum of them equals to 1
158  Q.pfam+F+I+G4 4950.063     60  10020.125    10045.542    10251.430
WARNING: Normalizing state frequencies so that sum of them equals to 1
179  Q.bird+G4     5091.792     40  10263.584    10274.233    10417.787
WARNING: Normalizing state frequencies so that sum of them equals to 1
180  Q.bird+I+G4   5091.524     41  10265.047    10276.265    10423.105
WARNING: Normalizing state frequencies so that sum of them equals to 1
201  Q.bird+F+G4   5052.550     59  10223.099    10247.598    10450.549
WARNING: Normalizing state frequencies so that sum of them equals to 1
202  Q.bird+F+I+G4 5052.441     60  10224.882    10250.299    10456.186
WARNING: Normalizing state frequencies so that sum of them equals to 1
223  Q.mammal+G4   5072.702     40  10225.404    10236.053    10379.607
WARNING: Normalizing state frequencies so that sum of them equals to 1
224  Q.mammal+I+G4 5072.470     41  10226.940    10238.158    10384.998
WARNING: Normalizing state frequencies so that sum of them equals to 1
245  Q.mammal+F+G4 5028.167     59  10174.334    10198.832    10401.783
WARNING: Normalizing state frequencies so that sum of them equals to 1
246  Q.mammal+F+I+G4 5028.026     60  10176.053    10201.470    10407.357
267  Q.insect+G4   4964.135     40  10008.271    10018.920    10162.474
268  Q.insect+I+G4 4963.291     41  10008.583    10019.801    10166.641
289  Q.insect+F+G4 4954.959     59  10027.918    10052.416    10255.367
290  Q.insect+F+I+G4 4954.409     60  10028.817    10054.234    10260.122
WARNING: Normalizing state frequencies so that sum of them equals to 1
311  Q.plant+G4    5007.215     40  10094.429    10105.079    10248.632
WARNING: Normalizing state frequencies so that sum of them equals to 1
312  Q.plant+I+G4  5006.784     41  10095.568    10106.786    10253.626
WARNING: Normalizing state frequencies so that sum of them equals to 1
333  Q.plant+F+G4  4987.826     59  10093.652    10118.150    10321.101
WARNING: Normalizing state frequencies so that sum of them equals to 1
334  Q.plant+F+I+G4 4987.438     60  10094.876    10120.293    10326.181
WARNING: Normalizing state frequencies so that sum of them equals to 1
355  Q.yeast+G4    4954.042     40  9988.085     9998.734     10142.288
WARNING: Normalizing state frequencies so that sum of them equals to 1
356  Q.yeast+I+G4  4952.826     41  9987.652     9998.870     10145.710
WARNING: Normalizing state frequencies so that sum of them equals to 1
377  Q.yeast+F+G4  4947.507     59  10013.013    10037.512    10240.463
WARNING: Normalizing state frequencies so that sum of them equals to 1
378  Q.yeast+F+I+G4 4946.722     60  10013.445    10038.861    10244.749
399  JTTDCMut+G4   5012.244     40  10104.489    10115.138    10258.692
400  JTTDCMut+I+G4 5010.452     41  10102.903    10114.121    10260.961
421  JTTDCMut+F+G4 4979.559     59  10077.118    10101.616    10304.567
422  JTTDCMut+F+I+G4 4978.215     60  10076.430    10101.847    10307.734
443  DCMut+G4      5070.350     40  10220.701    10231.350    10374.904
444  DCMut+I+G4    5068.144     41  10218.288    10229.506    10376.346
465  DCMut+F+G4    5014.695     59  10147.390    10171.889    10374.840
466  DCMut+F+I+G4  5013.139     60  10146.279    10171.696    10377.583
487  VT+G4         4998.119     40  10076.238    10086.887    10230.441
488  VT+I+G4       4995.309     41  10072.618    10083.836    10230.676
509  VT+F+G4       4976.874     59  10071.749    10096.247    10299.198
510  VT+F+I+G4     4974.596     60  10069.192    10094.609    10300.497
531  PMB+G4        5040.428     40  10160.856    10171.505    10315.059
532  PMB+I+G4      5038.635     41  10159.270    10170.488    10317.327
553  PMB+F+G4      5007.479     59  10132.959    10157.457    10360.408
554  PMB+F+I+G4    5005.800     60  10131.599    10157.016    10362.904
575  Blosum62+G4   5025.548     40  10131.096    10141.746    10285.299
576  Blosum62+I+G4 5023.156     41  10128.311    10139.530    10286.369
597  Blosum62+F+G4 5000.304     59  10118.608    10143.107    10346.058
598  Blosum62+F+I+G4 4997.968     60  10115.936    10141.353    10347.240
619  Dayhoff+G4    5070.208     40  10220.416    10231.066    10374.619
620  Dayhoff+I+G4  5068.002     41  10218.004    10229.222    10376.062
641  Dayhoff+F+G4  5014.576     59  10147.153    10171.651    10374.602
642  Dayhoff+F+I+G4 5013.016     60  10146.032    10171.449    10377.336
663  mtREV+G4      5225.117     40  10530.235    10540.884    10684.437
664  mtREV+I+G4    5225.024     41  10532.048    10543.266    10690.106
685  mtREV+F+G4    5026.398     59  10170.797    10195.295    10398.246
686  mtREV+F+I+G4  5026.404     60  10172.807    10198.224    10404.111
707  mtART+G4      5233.865     40  10547.730    10558.379    10701.933
708  mtART+I+G4    5234.180     41  10550.360    10561.578    10708.418
729  mtART+F+G4    5040.867     59  10199.734    10224.232    10427.183
730  mtART+F+I+G4  5041.468     60  10202.935    10228.352    10434.239
751  mtZOA+G4      5167.910     40  10415.819    10426.469    10570.022
752  mtZOA+I+G4    5168.117     41  10418.235    10429.453    10576.293
773  mtZOA+F+G4    4997.088     59  10112.175    10136.673    10339.624
774  mtZOA+F+I+G4  4997.380     60  10114.760    10140.177    10346.065
795  mtMet+G4      5193.116     40  10466.231    10476.881    10620.434
796  mtMet+I+G4    5193.439     41  10468.877    10480.095    10626.935
817  mtMet+F+G4    5023.155     59  10164.311    10188.809    10391.760
818  mtMet+F+I+G4  5023.325     60  10166.650    10192.066    10397.954
839  mtVer+G4      5261.839     40  10603.678    10614.327    10757.881
840  mtVer+I+G4    5262.222     41  10606.444    10617.662    10764.502
861  mtVer+F+G4    5072.109     59  10262.219    10286.717    10489.668
862  mtVer+F+I+G4  5072.425     60  10264.851    10290.267    10496.155
883  mtInv+G4      5213.705     40  10507.410    10518.059    10661.613
884  mtInv+I+G4    5213.968     41  10509.937    10521.155    10667.995
905  mtInv+F+G4    4997.949     59  10113.899    10138.397    10341.348
906  mtInv+F+I+G4  4997.639     60  10115.278    10140.695    10346.583
927  mtMAM+G4      5308.105     40  10696.211    10706.860    10850.413
928  mtMAM+I+G4    5308.596     41  10699.191    10710.410    10857.249
949  mtMAM+F+G4    5106.259     59  10330.517    10355.015    10557.966
950  mtMAM+F+I+G4  5106.883     60  10333.767    10359.183    10565.071
WARNING: Normalizing state frequencies so that sum of them equals to 1
971  FLAVI+G4      5188.383     40  10456.767    10467.416    10610.969
WARNING: Normalizing state frequencies so that sum of them equals to 1
972  FLAVI+I+G4    5188.457     41  10458.914    10470.133    10616.972
WARNING: Normalizing state frequencies so that sum of them equals to 1
993  FLAVI+F+G4    5115.438     59  10348.877    10373.375    10576.326
WARNING: Normalizing state frequencies so that sum of them equals to 1
994  FLAVI+F+I+G4  5115.184     60  10350.367    10375.784    10581.672
1015  HIVb+G4       5088.983     40  10257.966    10268.615    10412.169
1016  HIVb+I+G4     5088.286     41  10258.572    10269.790    10416.630
1037  HIVb+F+G4     5037.316     59  10192.633    10217.131    10420.082
1038  HIVb+F+I+G4   5037.062     60  10194.125    10219.541    10425.429
1059  HIVw+G4       5250.561     40  10581.122    10591.771    10735.324
1060  HIVw+I+G4     5247.742     41  10577.484    10588.702    10735.542
1081  HIVw+F+G4     5160.708     59  10439.417    10463.915    10666.866
1082  HIVw+F+I+G4   5159.093     60  10438.186    10463.602    10669.490
1103  FLU+G4        5063.845     40  10207.690    10218.339    10361.893
1104  FLU+I+G4      5062.601     41  10207.203    10218.421    10365.261
1125  FLU+F+G4      5044.119     59  10206.238    10230.737    10433.688
1126  FLU+F+I+G4    5043.032     60  10206.065    10231.481    10437.369
1147  rtREV+G4      5012.325     40  10104.651    10115.300    10258.853
1148  rtREV+I+G4    5009.823     41  10101.646    10112.864    10259.704
1169  rtREV+F+G4    4956.978     59  10031.955    10056.454    10259.405
1170  rtREV+F+I+G4  4955.648     60  10031.296    10056.713    10262.600
1191  cpREV+G4      5026.968     40  10133.935    10144.585    10288.138
1192  cpREV+I+G4    5025.005     41  10132.010    10143.228    10290.068
1213  cpREV+F+G4    4987.761     59  10093.522    10118.021    10320.972
1214  cpREV+F+I+G4  4985.909     60  10091.818    10117.234    10323.122
Akaike Information Criterion:           Q.yeast+I+G4
Corrected Akaike Information Criterion: Q.yeast+G4
Bayesian Information Criterion:         Q.yeast+G4
Best-fit model: Q.yeast+G4 chosen according to BIC

All model information printed to iqtree/OG0000018.fa.fa.model.gz
CPU time for ModelFinder: 14.001 seconds (0h:0m:14s)
Wall-clock time for ModelFinder: 14.846 seconds (0h:0m:14s)
Generating 1000 samples for ultrafast bootstrap (seed: 665884)...
WARNING: Normalizing state frequencies so that sum of them equals to 1

NOTE: 5 MB RAM (0 GB) is required!
Estimate model parameters (epsilon = 0.100)
1. Initial log-likelihood: -4954.042
Optimal log-likelihood: -4954.042
Gamma shape alpha: 0.924
Parameters optimization took 1 rounds (0.022 sec)
Wrote distance file to... 
Computing ML distances based on estimated model parameters...
Calculating distance matrix: done in 0.0231719 secs using 100% CPU
Computing ML distances took 0.023230 sec (of wall-clock time) 0.023227 sec (of CPU time)
Setting up auxiliary I and S matrices: done in 3.00407e-05 secs using 96.54% CPU
Constructing RapidNJ tree: done in 6.69956e-05 secs using 98.51% CPU
Computing RapidNJ tree took 0.000125 sec (of wall-clock time) 0.000125 sec (of CPU time)
Log-likelihood of RapidNJ tree: -4954.044
--------------------------------------------------------------------
|             INITIALIZING CANDIDATE TREE SET                      |
--------------------------------------------------------------------
Generating 98 parsimony trees... 0.079 second
Computing log-likelihood of 98 initial trees ... 0.739 seconds
Current best score: -4954.042

Do NNI search on 20 best initial trees
Optimizing NNI: done in 0.0398171 secs using 99.99% CPU
Estimate model parameters (epsilon = 0.100)
BETTER TREE FOUND at iteration 1: -4954.042
Optimizing NNI: done in 0.0403731 secs using 100% CPU
Optimizing NNI: done in 0.160357 secs using 100% CPU
Optimizing NNI: done in 0.158973 secs using 100% CPU
Optimizing NNI: done in 0.159103 secs using 100% CPU
Optimizing NNI: done in 0.157518 secs using 99.95% CPU
Optimizing NNI: done in 0.157551 secs using 99.95% CPU
Optimizing NNI: done in 0.20602 secs using 100% CPU
UPDATE BEST LOG-LIKELIHOOD: -4954.041
Optimizing NNI: done in 0.207033 secs using 100% CPU
UPDATE BEST LOG-LIKELIHOOD: -4954.041
Optimizing NNI: done in 0.156826 secs using 100% CPU
Iteration 10 / LogL: -4954.042 / Time: 0h:0m:2s
Optimizing NNI: done in 0.155126 secs using 99.92% CPU
Optimizing NNI: done in 0.157974 secs using 100% CPU
Optimizing NNI: done in 0.15896 secs using 100% CPU
Optimizing NNI: done in 0.162004 secs using 99.98% CPU
Optimizing NNI: done in 0.16084 secs using 100% CPU
Optimizing NNI: done in 0.159055 secs using 99.98% CPU
Optimizing NNI: done in 0.160702 secs using 99.97% CPU
Optimizing NNI: done in 0.16968 secs using 100% CPU
Optimizing NNI: done in 0.16564 secs using 100% CPU
Optimizing NNI: done in 0.187023 secs using 100% CPU
Iteration 20 / LogL: -4954.042 / Time: 0h:0m:4s
Finish initializing candidate tree set (7)
Current best tree score: -4954.041 / CPU time: 3.967
Number of iterations: 20
--------------------------------------------------------------------
|               OPTIMIZING CANDIDATE TREE SET                      |
--------------------------------------------------------------------
Optimizing NNI: done in 0.168646 secs using 100% CPU
Optimizing NNI: done in 0.133378 secs using 100% CPU
Optimizing NNI: done in 0.166491 secs using 99.96% CPU
Optimizing NNI: done in 0.172621 secs using 100% CPU
Optimizing NNI: done in 0.244214 secs using 100% CPU
Optimizing NNI: done in 0.177033 secs using 100% CPU
Optimizing NNI: done in 0.16327 secs using 100% CPU
Optimizing NNI: done in 0.181701 secs using 100% CPU
Optimizing NNI: done in 0.200309 secs using 99.97% CPU
Optimizing NNI: done in 0.138659 secs using 100% CPU
Iteration 30 / LogL: -4954.042 / Time: 0h:0m:5s (0h:0m:14s left)
Optimizing NNI: done in 0.22876 secs using 100% CPU
Optimizing NNI: done in 0.175543 secs using 100% CPU
Optimizing NNI: done in 0.217458 secs using 99.99% CPU
Optimizing NNI: done in 0.203114 secs using 99.97% CPU
Optimizing NNI: done in 0.23771 secs using 100% CPU
Optimizing NNI: done in 0.127188 secs using 100% CPU
Optimizing NNI: done in 0.176867 secs using 100% CPU
Optimizing NNI: done in 0.13282 secs using 100% CPU
Optimizing NNI: done in 0.185411 secs using 99.96% CPU
Optimizing NNI: done in 0.287309 secs using 100% CPU
Iteration 40 / LogL: -4954.042 / Time: 0h:0m:7s (0h:0m:12s left)
Optimizing NNI: done in 0.102162 secs using 100% CPU
Optimizing NNI: done in 0.199598 secs using 100% CPU
Optimizing NNI: done in 0.19465 secs using 100% CPU
Optimizing NNI: done in 0.245069 secs using 99.96% CPU
Optimizing NNI: done in 0.243411 secs using 100% CPU
Optimizing NNI: done in 0.187592 secs using 100% CPU
Optimizing NNI: done in 0.287522 secs using 99.93% CPU
Optimizing NNI: done in 0.0953028 secs using 100% CPU
Optimizing NNI: done in 0.270462 secs using 99.98% CPU
Optimizing NNI: done in 0.190746 secs using 100% CPU
Iteration 50 / LogL: -4954.042 / Time: 0h:0m:9s (0h:0m:10s left)
Log-likelihood cutoff on original alignment: -4981.819
Optimizing NNI: done in 0.194627 secs using 100% CPU
Optimizing NNI: done in 0.206745 secs using 99.97% CPU
Optimizing NNI: done in 0.266354 secs using 99.97% CPU
Optimizing NNI: done in 0.281518 secs using 100% CPU
Optimizing NNI: done in 0.165237 secs using 100% CPU
Optimizing NNI: done in 0.177573 secs using 100% CPU
Optimizing NNI: done in 0.172501 secs using 100% CPU
Optimizing NNI: done in 0.196843 secs using 99.98% CPU
Optimizing NNI: done in 0.159476 secs using 100% CPU
Optimizing NNI: done in 0.162233 secs using 100% CPU
Iteration 60 / LogL: -4954.042 / Time: 0h:0m:11s (0h:0m:8s left)
Optimizing NNI: done in 0.20218 secs using 100% CPU
Optimizing NNI: done in 0.198725 secs using 100% CPU
Optimizing NNI: done in 0.218092 secs using 99.98% CPU
Optimizing NNI: done in 0.177513 secs using 100% CPU
Optimizing NNI: done in 0.24267 secs using 98.35% CPU
Optimizing NNI: done in 0.204895 secs using 100% CPU
Optimizing NNI: done in 0.210748 secs using 100% CPU
Optimizing NNI: done in 0.221369 secs using 99.97% CPU
Optimizing NNI: done in 0.206015 secs using 100% CPU
Optimizing NNI: done in 0.138881 secs using 100% CPU
Iteration 70 / LogL: -4954.042 / Time: 0h:0m:14s (0h:0m:6s left)
Optimizing NNI: done in 0.264491 secs using 100% CPU
Optimizing NNI: done in 0.270498 secs using 99.98% CPU
Optimizing NNI: done in 0.19433 secs using 100% CPU
Optimizing NNI: done in 0.26357 secs using 100% CPU
Optimizing NNI: done in 0.137647 secs using 100% CPU
Optimizing NNI: done in 0.186588 secs using 100% CPU
Optimizing NNI: done in 0.216668 secs using 99.9% CPU
Optimizing NNI: done in 0.163658 secs using 100% CPU
Optimizing NNI: done in 0.246735 secs using 100% CPU
Optimizing NNI: done in 0.23375 secs using 100% CPU
Iteration 80 / LogL: -4954.042 / Time: 0h:0m:16s (0h:0m:4s left)
Optimizing NNI: done in 0.245195 secs using 99.97% CPU
Optimizing NNI: done in 0.214162 secs using 100% CPU
Optimizing NNI: done in 0.166835 secs using 100% CPU
Optimizing NNI: done in 0.202972 secs using 100% CPU
Optimizing NNI: done in 0.115435 secs using 100% CPU
Optimizing NNI: done in 0.197689 secs using 100% CPU
Optimizing NNI: done in 0.245889 secs using 99.97% CPU
Optimizing NNI: done in 0.11738 secs using 100% CPU
Optimizing NNI: done in 0.173373 secs using 100% CPU
Optimizing NNI: done in 0.170416 secs using 100% CPU
Iteration 90 / LogL: -4954.042 / Time: 0h:0m:18s (0h:0m:2s left)
Optimizing NNI: done in 0.267314 secs using 99.98% CPU
Optimizing NNI: done in 0.10586 secs using 99.96% CPU
Optimizing NNI: done in 0.244719 secs using 100% CPU
Optimizing NNI: done in 0.26523 secs using 100% CPU
Optimizing NNI: done in 0.222628 secs using 100% CPU
Optimizing NNI: done in 0.11375 secs using 100% CPU
Optimizing NNI: done in 0.27357 secs using 99.97% CPU
Optimizing NNI: done in 0.149231 secs using 100% CPU
Optimizing NNI: done in 0.0949969 secs using 100% CPU
Optimizing NNI: done in 0.201585 secs using 100% CPU
Iteration 100 / LogL: -4954.042 / Time: 0h:0m:20s (0h:0m:0s left)
Log-likelihood cutoff on original alignment: -4981.819
NOTE: Bootstrap correlation coefficient of split occurrence frequencies: 0.995
Optimizing NNI: done in 0.288259 secs using 100% CPU
Optimizing NNI: done in 0.138382 secs using 99.93% CPU
TREE SEARCH COMPLETED AFTER 102 ITERATIONS / Time: 0h:0m:20s

--------------------------------------------------------------------
|                    FINALIZING TREE SEARCH                        |
--------------------------------------------------------------------
Performs final model parameters optimization
Estimate model parameters (epsilon = 0.010)
1. Initial log-likelihood: -4954.041
Optimal log-likelihood: -4954.041
Gamma shape alpha: 0.925
Parameters optimization took 1 rounds (0.022 sec)
BEST SCORE FOUND : -4954.041
Creating bootstrap support values...
Split supports printed to NEXUS file iqtree/OG0000018.fa.fa.splits.nex
Total tree length: 8.136

Total number of iterations: 102
CPU time used for tree search: 20.658 sec (0h:0m:20s)
Wall-clock time used for tree search: 20.543 sec (0h:0m:20s)
Total CPU time used: 20.853 sec (0h:0m:20s)
Total wall-clock time used: 20.701 sec (0h:0m:20s)

Computing bootstrap consensus tree...
Reading input file iqtree/OG0000018.fa.fa.splits.nex...
21 taxa and 117 splits.
Consensus tree written to iqtree/OG0000018.fa.fa.contree
Reading input trees file iqtree/OG0000018.fa.fa.contree
Log-likelihood of consensus tree: -4954.045

Analysis results written to: 
  IQ-TREE report:                iqtree/OG0000018.fa.fa.iqtree
  Maximum-likelihood tree:       iqtree/OG0000018.fa.fa.treefile
  Likelihood distances:          iqtree/OG0000018.fa.fa.mldist

Ultrafast bootstrap approximation results written to:
  Split support values:          iqtree/OG0000018.fa.fa.splits.nex
  Consensus tree:                iqtree/OG0000018.fa.fa.contree
  Screen log file:               iqtree/OG0000018.fa.fa.log

Date and Time: Tue Jul 23 10:48:35 2024
