IQ-TREE multicore version 2.2.0.5 COVID-edition for Linux 64-bit built Sep 26 2022
Developed by Bui Quang Minh, James Barbetti, Nguyen Lam Tung,
Olga Chernomor, Heiko Schmidt, Dominik Schrempf, Michael Woodhams, Ly Trong Nhan.

Host:    petrichor-dm (AVX2, FMA3, 503 GB RAM)
Command: iqtree2 -s alignments_genus_muscle5_edited_trimmed_eciv/OG0000055.fasta -B 1000 -mset Blosum62,cpREV,Dayhoff,DCMut,FLAVI,FLU,HIVb,HIVw,JTT,JTTDCMut,LG,mtART,mtMAM,mtREV,mtZOA,mtMet,mtVer,mtInv,PMB,Q.bird,Q.insect,Q.mammal,Q.pfam,Q.plant,Q.yeast,rtREV,VT,WAG,Q.iridoviridae,Q.mcv -T 4 -pre iqtree_genus/OG0000055.fasta
Seed:    383631 (Using SPRNG - Scalable Parallel Random Number Generator)
Time:    Tue May 13 22:12:58 2025
Kernel:  AVX+FMA - 4 threads (32 CPU cores detected)

Reading alignment file alignments_genus_muscle5_edited_trimmed_eciv/OG0000055.fasta ... Fasta format detected
Reading fasta file: done in 0.00170493 secs using 54.96% CPU
Alignment most likely contains protein sequences
Constructing alignment: done in 0.00148797 secs using 93.89% CPU
Alignment has 62 sequences with 1017 columns, 710 distinct patterns
609 parsimony-informative, 131 singleton sites, 277 constant sites
                                                          Gap/Ambiguity  Composition  p-value
Analyzing sequences: done in 5.4121e-05 secs using 360.3% CPU
   1  MK637631_European_chub_iridovirus_ECIV                      2.85%    failed      0.00%
   2  MK098187_Megalocytivirus_pagrus1_RSIV                       2.65%    passed    100.00%
   3  GQ273492_Megalocytivirus_pagrus1_TRBIV                      2.65%    passed    100.00%
   4  OM037668_Megalocytivirus_lates1_SDDV                        6.88%    failed      0.00%
   5  NC_003494_Megalocytivirus_pagrus1_ISKNV                     2.65%    passed    100.00%
   6  MW883597_Megalocytivirus_pagrus1_ISKNV                      2.65%    passed    100.00%
   7  MK689686_Megalocytivirus_pagrus1_RSIV                       2.65%    passed    100.00%
   8  MT128667_Megalocytivirus_pagrus1_ISKNV                      2.65%    passed    100.00%
   9  AB104413_Megalocytivirus_pagrus1_RSIV                       2.65%    passed    100.00%
  10  MT986830_Megalocytivirus_pagrus1_ISKNV                      2.85%    passed    100.00%
  11  MN562489_Megalocytivirus_lates1_SDDV                        6.88%    failed      0.00%
  12  MW883599_Megalocytivirus_pagrus1_ISKNV                      2.65%    passed    100.00%
  13  MW883601_Megalocytivirus_pagrus1_ISKNV                      2.65%    passed    100.00%
  14  MW883595_Megalocytivirus_pagrus1_ISKNV                      2.85%    passed    100.00%
  15  OR356116_Megalocytivirus_pagrus1_ISKNV                      2.65%    passed    100.00%
  16  MW883596_Megalocytivirus_pagrus1_ISKNV                      2.65%    passed    100.00%
  17  OR670976_Megalocytivirus_pagrus1_ISKNV                      2.65%    passed    100.00%
  18  MT521409_Megalocytivirus_lates1_SDDV                        6.88%    failed      0.00%
  19  PP151097_Megalocytivirus_pagrus1_ISKNV                      2.85%    passed    100.00%
  20  MW273354_Megalocytivirus_pagrus1_ISKNV                      2.65%    passed    100.00%
  21  AF371960_Megalocytivirus_pagrus1_ISKNV                      2.65%    passed    100.00%
  22  MN432490_Megalocytivirus_pagrus1_ISKNV                      2.85%    passed    100.00%
  23  MW883600_Megalocytivirus_pagrus1_ISKNV                      2.65%    passed    100.00%
  24  ON740976_Megalocytivirus_pagrus1_RSIV                       2.65%    passed    100.00%
  25  OP896201_Megalocytivirus_pagrus1_ISKNV                      2.65%    passed    100.00%
  26  ON075463_Megalocytivirus_pagrus1_RSIV                       2.65%    passed    100.00%
  27  23043610005_Megalocytivirus_pagrus1_ISKNV                   2.65%    passed    100.00%
  28  MG570131_Megalocytivirus_pagrus1_TRBIV                      2.65%    passed    100.00%
  29  AY894343_Megalocytivirus_pagrus1_RSIV                       2.65%    passed    100.00%
  30  OK042108_Megalocytivirus_pagrus1_RSIV                       2.65%    passed    100.00%
  31  OP009387_Megalocytivirus_pagrus1_ISKNV                      2.85%    passed    100.00%
  32  MW139932_Megalocytivirus_pagrus1_RSIV                       2.65%    passed    100.00%
  33  MK098185_Megalocytivirus_pagrus1_RSIV                       2.65%    passed    100.00%
  34  OK042109_Megalocytivirus_pagrus1_RSIV                       2.65%    passed    100.00%
  35  KC244182_Megalocytivirus_pagrus1_RSIV                       2.75%    passed    100.00%
  36  MT128666_Megalocytivirus_pagrus1_ISKNV                      2.65%    passed    100.00%
  37  MW883606_Megalocytivirus_pagrus1_ISKNV                      2.65%    passed    100.00%
  38  PQ335173_PQ335174_Threespine_stickleback_iridovirus_TSIV    3.05%    passed     68.90%
  39  MW273353_Megalocytivirus_pagrus1_ISKNV                      2.65%    passed    100.00%
  40  OL774654_Megalocytivirus_pagrus1_RSIV                       2.65%    passed    100.00%
  41  MW883603_Megalocytivirus_pagrus1_ISKNV                      2.65%    passed    100.00%
  42  MK098186_Megalocytivirus_pagrus1_RSIV                       2.65%    passed    100.00%
  43  MW883598_Megalocytivirus_pagrus1_RSIV                       2.65%    passed    100.00%
  44  23043610003_Megalocytivirus_pagrus1_ISKNV                   2.65%    passed    100.00%
  45  MT926123_Megalocytivirus_pagrus1_ISKNV                      2.65%    passed    100.00%
  46  AP017456_Megalocytivirus_pagrus1_RSIV                       2.65%    passed    100.00%
  47  MG570132_Megalocytivirus_pagrus1_TRBIV                      2.65%    passed    100.00%
  48  MK689685_Megalocytivirus_pagrus1_ISKNV                      2.65%    passed    100.00%
  49  OL774655_Megalocytivirus_pagrus1_RSIV                       2.65%    passed    100.00%
  50  OQ475017_Megalocytivirus_pagrus1_RSIV                       2.65%    passed    100.00%
  51  ON212400_Megalocytivirus_pagrus1_ISKNV                      2.65%    passed    100.00%
  52  MW883593_Megalocytivirus_pagrus1_ISKNV                      2.65%    passed    100.00%
  53  MT798582_Megalocytivirus_pagrus1_RSIV                       2.65%    passed    100.00%
  54  OR536350_Megalocytivirus_pagrus1_ISKNV                      2.65%    passed    100.00%
  55  MW883594_Megalocytivirus_pagrus1_ISKNV                      2.65%    passed    100.00%
  56  ON743042_Megalocytivirus_pagrus1_RSIV                       2.65%    passed    100.00%
  57  PP974677_Megalocytivirus_pagrus1_ISKNV                      2.85%    passed    100.00%
  58  OL774653_Megalocytivirus_pagrus1_RSIV                       2.65%    passed    100.00%
  59  KT804738_Megalocytivirus_pagrus1_RSIV                       2.65%    passed    100.00%
  60  MW883602_Megalocytivirus_pagrus1_ISKNV                      2.65%    passed    100.00%
  61  BD143114_Megalocytivirus_pagrus1_RSIV                       2.65%    passed    100.00%
  62  KT781098_Megalocytivirus_pagrus1_ISKNV                      2.65%    passed    100.00%
****  TOTAL                                                       2.89%  4 sequences failed composition chi2 test (p-value<5%; df=19)
NOTE: AB104413_Megalocytivirus_pagrus1_RSIV is identical to MK098187_Megalocytivirus_pagrus1_RSIV but kept for subsequent analysis
NOTE: MW883597_Megalocytivirus_pagrus1_ISKNV is identical to NC_003494_Megalocytivirus_pagrus1_ISKNV but kept for subsequent analysis
NOTE: ON075463_Megalocytivirus_pagrus1_RSIV is identical to MK689686_Megalocytivirus_pagrus1_RSIV but kept for subsequent analysis
NOTE: MW883595_Megalocytivirus_pagrus1_ISKNV is identical to MT986830_Megalocytivirus_pagrus1_ISKNV but kept for subsequent analysis
NOTE: MT521409_Megalocytivirus_lates1_SDDV is identical to MN562489_Megalocytivirus_lates1_SDDV but kept for subsequent analysis
NOTE: MG570132_Megalocytivirus_pagrus1_TRBIV is identical to MG570131_Megalocytivirus_pagrus1_TRBIV but kept for subsequent analysis
NOTE: OL774654_Megalocytivirus_pagrus1_RSIV is identical to MW139932_Megalocytivirus_pagrus1_RSIV but kept for subsequent analysis
Checking for duplicate sequences: done in 0.000513077 secs using 180.5% CPU
Identifying sites to remove: done in 0.000583887 secs using 156.2% CPU
NOTE: 38 identical sequences (see below) will be ignored for subsequent analysis
NOTE: MK098185_Megalocytivirus_pagrus1_RSIV (identical to MK098187_Megalocytivirus_pagrus1_RSIV) is ignored but added at the end
NOTE: MK098186_Megalocytivirus_pagrus1_RSIV (identical to MK098187_Megalocytivirus_pagrus1_RSIV) is ignored but added at the end
NOTE: BD143114_Megalocytivirus_pagrus1_RSIV (identical to MK098187_Megalocytivirus_pagrus1_RSIV) is ignored but added at the end
NOTE: MT128667_Megalocytivirus_pagrus1_ISKNV (identical to NC_003494_Megalocytivirus_pagrus1_ISKNV) is ignored but added at the end
NOTE: MW883599_Megalocytivirus_pagrus1_ISKNV (identical to NC_003494_Megalocytivirus_pagrus1_ISKNV) is ignored but added at the end
NOTE: MW883601_Megalocytivirus_pagrus1_ISKNV (identical to NC_003494_Megalocytivirus_pagrus1_ISKNV) is ignored but added at the end
NOTE: OR356116_Megalocytivirus_pagrus1_ISKNV (identical to NC_003494_Megalocytivirus_pagrus1_ISKNV) is ignored but added at the end
NOTE: MW883596_Megalocytivirus_pagrus1_ISKNV (identical to NC_003494_Megalocytivirus_pagrus1_ISKNV) is ignored but added at the end
NOTE: OR670976_Megalocytivirus_pagrus1_ISKNV (identical to NC_003494_Megalocytivirus_pagrus1_ISKNV) is ignored but added at the end
NOTE: MW273354_Megalocytivirus_pagrus1_ISKNV (identical to NC_003494_Megalocytivirus_pagrus1_ISKNV) is ignored but added at the end
NOTE: AF371960_Megalocytivirus_pagrus1_ISKNV (identical to NC_003494_Megalocytivirus_pagrus1_ISKNV) is ignored but added at the end
NOTE: MW883600_Megalocytivirus_pagrus1_ISKNV (identical to NC_003494_Megalocytivirus_pagrus1_ISKNV) is ignored but added at the end
NOTE: OP896201_Megalocytivirus_pagrus1_ISKNV (identical to NC_003494_Megalocytivirus_pagrus1_ISKNV) is ignored but added at the end
NOTE: 23043610005_Megalocytivirus_pagrus1_ISKNV (identical to NC_003494_Megalocytivirus_pagrus1_ISKNV) is ignored but added at the end
NOTE: MT128666_Megalocytivirus_pagrus1_ISKNV (identical to NC_003494_Megalocytivirus_pagrus1_ISKNV) is ignored but added at the end
NOTE: MW883606_Megalocytivirus_pagrus1_ISKNV (identical to NC_003494_Megalocytivirus_pagrus1_ISKNV) is ignored but added at the end
NOTE: MW273353_Megalocytivirus_pagrus1_ISKNV (identical to NC_003494_Megalocytivirus_pagrus1_ISKNV) is ignored but added at the end
NOTE: MW883603_Megalocytivirus_pagrus1_ISKNV (identical to NC_003494_Megalocytivirus_pagrus1_ISKNV) is ignored but added at the end
NOTE: 23043610003_Megalocytivirus_pagrus1_ISKNV (identical to NC_003494_Megalocytivirus_pagrus1_ISKNV) is ignored but added at the end
NOTE: MT926123_Megalocytivirus_pagrus1_ISKNV (identical to NC_003494_Megalocytivirus_pagrus1_ISKNV) is ignored but added at the end
NOTE: MK689685_Megalocytivirus_pagrus1_ISKNV (identical to NC_003494_Megalocytivirus_pagrus1_ISKNV) is ignored but added at the end
NOTE: MW883593_Megalocytivirus_pagrus1_ISKNV (identical to NC_003494_Megalocytivirus_pagrus1_ISKNV) is ignored but added at the end
NOTE: OR536350_Megalocytivirus_pagrus1_ISKNV (identical to NC_003494_Megalocytivirus_pagrus1_ISKNV) is ignored but added at the end
NOTE: MW883594_Megalocytivirus_pagrus1_ISKNV (identical to NC_003494_Megalocytivirus_pagrus1_ISKNV) is ignored but added at the end
NOTE: MW883602_Megalocytivirus_pagrus1_ISKNV (identical to NC_003494_Megalocytivirus_pagrus1_ISKNV) is ignored but added at the end
NOTE: KT781098_Megalocytivirus_pagrus1_ISKNV (identical to NC_003494_Megalocytivirus_pagrus1_ISKNV) is ignored but added at the end
NOTE: AY894343_Megalocytivirus_pagrus1_RSIV (identical to MK689686_Megalocytivirus_pagrus1_RSIV) is ignored but added at the end
NOTE: OK042109_Megalocytivirus_pagrus1_RSIV (identical to MK689686_Megalocytivirus_pagrus1_RSIV) is ignored but added at the end
NOTE: AP017456_Megalocytivirus_pagrus1_RSIV (identical to MK689686_Megalocytivirus_pagrus1_RSIV) is ignored but added at the end
NOTE: MT798582_Megalocytivirus_pagrus1_RSIV (identical to MK689686_Megalocytivirus_pagrus1_RSIV) is ignored but added at the end
NOTE: ON743042_Megalocytivirus_pagrus1_RSIV (identical to MK689686_Megalocytivirus_pagrus1_RSIV) is ignored but added at the end
NOTE: KT804738_Megalocytivirus_pagrus1_RSIV (identical to MK689686_Megalocytivirus_pagrus1_RSIV) is ignored but added at the end
NOTE: PP151097_Megalocytivirus_pagrus1_ISKNV (identical to MT986830_Megalocytivirus_pagrus1_ISKNV) is ignored but added at the end
NOTE: MN432490_Megalocytivirus_pagrus1_ISKNV (identical to MT986830_Megalocytivirus_pagrus1_ISKNV) is ignored but added at the end
NOTE: OP009387_Megalocytivirus_pagrus1_ISKNV (identical to MT986830_Megalocytivirus_pagrus1_ISKNV) is ignored but added at the end
NOTE: PP974677_Megalocytivirus_pagrus1_ISKNV (identical to MT986830_Megalocytivirus_pagrus1_ISKNV) is ignored but added at the end
NOTE: OL774655_Megalocytivirus_pagrus1_RSIV (identical to MW139932_Megalocytivirus_pagrus1_RSIV) is ignored but added at the end
NOTE: OL774653_Megalocytivirus_pagrus1_RSIV (identical to MW139932_Megalocytivirus_pagrus1_RSIV) is ignored but added at the end
Alignment was printed to iqtree_genus/OG0000055.fasta.uniqueseq.phy

For your convenience alignment with unique sequences printed to iqtree_genus/OG0000055.fasta.uniqueseq.phy


Create initial parsimony tree by phylogenetic likelihood library (PLL)... 0.002 seconds
Perform fast likelihood tree search using LG+I+G model...
Estimate model parameters (epsilon = 5.000)
Perform nearest neighbor interchange...
Optimizing NNI: done in 0.267052 secs using 230.1% CPU
Estimate model parameters (epsilon = 1.000)
1. Initial log-likelihood: -9305.313
Optimal log-likelihood: -9304.985
Proportion of invariable sites: 0.106
Gamma shape alpha: 2.070
Parameters optimization took 1 rounds (0.053 sec)
Time for fast ML tree search: 0.709 seconds

NOTE: ModelFinder requires 29 MB RAM!
ModelFinder will test up to 1320 protein models (sample size: 1017) ...
 No. Model         -LnL         df  AIC          AICc         BIC
  1  Blosum62      9408.701     45  18907.402    18911.666    19129.010
  2  Blosum62+I    9368.725     46  18829.450    18833.907    19055.982
  3  Blosum62+G4   9365.391     46  18822.783    18827.241    19049.315
  4  Blosum62+I+G4 9363.689     47  18821.378    18826.034    19052.835
  5  Blosum62+R2   9366.084     47  18826.169    18830.825    19057.625
  6  Blosum62+R3   9364.840     49  18827.680    18832.748    19068.986
 14  Blosum62+I+R2 9364.135     48  18824.270    18829.130    19060.651
 15  Blosum62+I+R3 9363.575     50  18827.150    18832.430    19073.381
 24  Blosum62+F+I  9280.398     65  18690.796    18699.818    19010.895
 25  Blosum62+F+G4 9276.755     65  18683.510    18692.532    19003.610
 26  Blosum62+F+I+G4 9275.262     66  18682.523    18691.832    19007.547
 27  Blosum62+F+R2 9277.647     66  18687.294    18696.604    19012.319
 46  cpREV+I       9408.004     46  18908.008    18912.465    19134.540
 47  cpREV+G4      9383.270     46  18858.540    18862.998    19085.072
 48  cpREV+I+G4    9383.480     47  18860.959    18865.615    19092.416
 49  cpREV+R2      9387.497     47  18868.993    18873.649    19100.450
 68  cpREV+F+I     9273.757     65  18677.513    18686.536    18997.613
 69  cpREV+F+G4    9243.812     65  18617.623    18626.646    18937.723
 70  cpREV+F+I+G4  9244.398     66  18620.797    18630.106    18945.821
 71  cpREV+F+R2    9248.642     66  18629.283    18638.593    18954.308
 90  Dayhoff+I     9399.909     46  18891.817    18896.275    19118.349
 91  Dayhoff+G4    9383.707     46  18859.414    18863.871    19085.946
 92  Dayhoff+I+G4  9383.131     47  18860.262    18864.918    19091.719
 93  Dayhoff+R2    9386.927     47  18867.853    18872.510    19099.310
112  Dayhoff+F+I   9263.755     65  18657.510    18666.532    18977.609
113  Dayhoff+F+G4  9243.870     65  18617.740    18626.762    18937.840
114  Dayhoff+F+I+G4 9243.789     66  18619.577    18628.887    18944.601
115  Dayhoff+F+R2  9248.355     66  18628.709    18638.019    18953.734
134  DCMut+I       9400.008     46  18892.016    18896.474    19118.548
135  DCMut+G4      9383.984     46  18859.967    18864.425    19086.499
136  DCMut+I+G4    9383.414     47  18860.827    18865.484    19092.284
137  DCMut+R2      9387.169     47  18868.337    18872.994    19099.794
156  DCMut+F+I     9263.758     65  18657.516    18666.538    18977.616
157  DCMut+F+G4    9244.074     65  18618.147    18627.170    18938.247
158  DCMut+F+I+G4  9243.997     66  18619.994    18629.304    18945.019
159  DCMut+F+R2    9248.515     66  18629.029    18638.339    18954.054
WARNING: Normalizing state frequencies so that sum of them equals to 1
178  FLAVI+I       9625.806     46  19343.612    19348.070    19570.144
WARNING: Normalizing state frequencies so that sum of them equals to 1
179  FLAVI+G4      9542.593     46  19177.186    19181.644    19403.718
WARNING: Normalizing state frequencies so that sum of them equals to 1
180  FLAVI+I+G4    9543.765     47  19181.531    19186.187    19412.988
WARNING: Normalizing state frequencies so that sum of them equals to 1
181  FLAVI+R2      9557.353     47  19208.706    19213.362    19440.162
WARNING: Normalizing state frequencies so that sum of them equals to 1
200  FLAVI+F+I     9490.223     65  19110.446    19119.468    19430.546
WARNING: Normalizing state frequencies so that sum of them equals to 1
201  FLAVI+F+G4    9392.718     65  18915.436    18924.458    19235.536
WARNING: Normalizing state frequencies so that sum of them equals to 1
202  FLAVI+F+I+G4  9394.227     66  18920.455    18929.764    19245.479
WARNING: Normalizing state frequencies so that sum of them equals to 1
203  FLAVI+F+R2    9408.506     66  18949.013    18958.322    19274.037
222  FLU+I         9431.273     46  18954.545    18959.003    19181.078
223  FLU+G4        9401.071     46  18894.142    18898.600    19120.674
224  FLU+I+G4      9400.201     47  18894.402    18899.059    19125.859
225  FLU+R2        9406.903     47  18907.807    18912.463    19139.264
244  FLU+F+I       9290.590     65  18711.179    18720.201    19031.279
245  FLU+F+G4      9245.947     65  18621.893    18630.915    18941.993
246  FLU+F+I+G4    9246.598     66  18625.197    18634.506    18950.221
247  FLU+F+R2      9252.240     66  18636.481    18645.790    18961.505
266  HIVb+I        9467.025     46  19026.050    19030.507    19252.582
267  HIVb+G4       9424.087     46  18940.175    18944.632    19166.707
268  HIVb+I+G4     9424.134     47  18942.268    18946.925    19173.725
269  HIVb+R2       9430.948     47  18955.896    18960.552    19187.352
288  HIVb+F+I      9352.728     65  18835.457    18844.479    19155.557
289  HIVb+F+G4     9296.847     65  18723.694    18732.716    19043.794
290  HIVb+F+I+G4   9297.796     66  18727.592    18736.901    19052.616
291  HIVb+F+R2     9303.834     66  18739.668    18748.978    19064.693
310  HIVw+I        9717.233     46  19526.466    19530.923    19752.998
311  HIVw+G4       9675.077     46  19442.153    19446.611    19668.686
312  HIVw+I+G4     9673.879     47  19441.758    19446.414    19673.214
313  HIVw+R2       9686.332     47  19466.663    19471.319    19698.120
332  HIVw+F+I      9452.316     65  19034.631    19043.653    19354.731
333  HIVw+F+G4     9404.847     65  18939.694    18948.716    19259.793
334  HIVw+F+I+G4   9405.009     66  18942.017    18951.327    19267.042
335  HIVw+F+R2     9415.770     66  18963.540    18972.849    19288.564
354  JTT+I         9300.626     46  18693.251    18697.709    18919.784
355  JTT+G4        9285.565     46  18663.131    18667.588    18889.663
356  JTT+I+G4      9285.575     47  18665.150    18669.807    18896.607
357  JTT+R2        9288.319     47  18670.637    18675.294    18902.094
376  JTT+F+I       9230.338     65  18590.677    18599.699    18910.777
377  JTT+F+G4      9212.344     65  18554.688    18563.710    18874.788
378  JTT+F+I+G4    9212.784     66  18557.569    18566.878    18882.593
379  JTT+F+R2      9215.502     66  18563.003    18572.313    18888.028
398  JTTDCMut+I    9301.922     46  18695.845    18700.303    18922.377
399  JTTDCMut+G4   9286.512     46  18665.024    18669.482    18891.556
400  JTTDCMut+I+G4 9286.601     47  18667.202    18671.858    18898.658
401  JTTDCMut+R2   9289.239     47  18672.478    18677.134    18903.935
420  JTTDCMut+F+I  9231.200     65  18592.399    18601.422    18912.499
421  JTTDCMut+F+G4 9212.644     65  18555.289    18564.311    18875.389
422  JTTDCMut+F+I+G4 9213.090     66  18558.180    18567.490    18883.205
423  JTTDCMut+F+R2 9215.799     66  18563.599    18572.908    18888.623
442  LG+I          9326.427     46  18744.855    18749.313    18971.387
443  LG+G4         9303.302     46  18698.603    18703.061    18925.135
444  LG+I+G4       9304.019     47  18702.038    18706.694    18933.495
445  LG+R2         9307.108     47  18708.216    18712.872    18939.673
464  LG+F+I        9244.634     65  18619.268    18628.290    18939.368
465  LG+F+G4       9219.853     65  18569.705    18578.727    18889.805
466  LG+F+I+G4     9220.574     66  18573.148    18582.458    18898.172
467  LG+F+R2       9223.439     66  18578.879    18588.188    18903.903
486  mtART+I       10163.034    46  20418.068    20422.526    20644.600
487  mtART+G4      9973.325     46  20038.649    20043.107    20265.181
488  mtART+I+G4    9974.895     47  20043.791    20048.447    20275.247
489  mtART+R2      10025.565    47  20145.130    20149.786    20376.586
508  mtART+F+I     9606.108     65  19342.216    19351.238    19662.315
509  mtART+F+G4    9426.798     65  18983.596    18992.618    19303.696
510  mtART+F+I+G4  9428.278     66  18988.556    18997.866    19313.581
511  mtART+F+R2    9457.964     66  19047.928    19057.237    19372.952
530  mtMAM+I       10092.459    46  20276.918    20281.376    20503.451
531  mtMAM+G4      9919.239     46  19930.479    19934.937    20157.011
532  mtMAM+I+G4    9920.550     47  19935.100    19939.757    20166.557
533  mtMAM+R2      9965.515     47  20025.030    20029.686    20256.487
552  mtMAM+F+I     9582.984     65  19295.969    19304.991    19616.069
553  mtMAM+F+G4    9439.240     65  19008.481    19017.503    19328.581
554  mtMAM+F+I+G4  9440.752     66  19013.504    19022.814    19338.529
555  mtMAM+F+R2    9474.234     66  19080.468    19089.778    19405.493
574  mtREV+I       9891.292     46  19874.584    19879.041    20101.116
575  mtREV+G4      9808.128     46  19708.257    19712.714    19934.789
576  mtREV+I+G4    9809.528     47  19713.057    19717.713    19944.513
577  mtREV+R2      9811.822     47  19717.645    19722.301    19949.102
596  mtREV+F+I     9393.186     65  18916.373    18925.395    19236.472
597  mtREV+F+G4    9322.424     65  18774.847    18783.869    19094.947
598  mtREV+F+I+G4  9323.917     66  18779.833    18789.143    19104.858
599  mtREV+F+R2    9326.105     66  18784.209    18793.519    19109.234
618  mtZOA+I       9889.731     46  19871.463    19875.920    20097.995
619  mtZOA+G4      9768.281     46  19628.561    19633.019    19855.093
620  mtZOA+I+G4    9769.675     47  19633.349    19638.006    19864.806
621  mtZOA+R2      9785.782     47  19665.564    19670.220    19897.020
640  mtZOA+F+I     9434.969     65  18999.937    19008.960    19320.037
641  mtZOA+F+G4    9334.780     65  18799.559    18808.581    19119.659
642  mtZOA+F+I+G4  9336.268     66  18804.536    18813.845    19129.560
643  mtZOA+F+R2    9342.021     66  18816.042    18825.351    19141.066
662  mtMet+I       9961.985     46  20015.970    20020.428    20242.503
663  mtMet+G4      9881.262     46  19854.524    19858.982    20081.057
664  mtMet+I+G4    9882.495     47  19858.989    19863.646    20090.446
665  mtMet+R2      9885.295     47  19864.591    19869.247    20096.047
684  mtMet+F+I     9382.689     65  18895.378    18904.400    19215.478
685  mtMet+F+G4    9311.305     65  18752.610    18761.632    19072.710
686  mtMet+F+I+G4  9312.767     66  18757.534    18766.844    19082.559
687  mtMet+F+R2    9316.427     66  18764.855    18774.164    19089.879
706  mtVer+I       9974.522     46  20041.043    20045.501    20267.575
707  mtVer+G4      9865.618     46  19823.236    19827.694    20049.768
708  mtVer+I+G4    9866.839     47  19827.677    19832.334    20059.134
709  mtVer+R2      9876.971     47  19847.942    19852.598    20079.398
728  mtVer+F+I     9466.931     65  19063.862    19072.884    19383.962
729  mtVer+F+G4    9373.020     65  18876.039    18885.061    19196.139
730  mtVer+F+I+G4  9374.591     66  18881.183    18890.492    19206.207
731  mtVer+F+R2    9385.099     66  18902.198    18911.507    19227.222
750  mtInv+I       10092.779    46  20277.559    20282.017    20504.091
751  mtInv+G4      10031.421    46  20154.843    20159.301    20381.375
752  mtInv+I+G4    10032.577    47  20159.155    20163.811    20390.611
753  mtInv+R2      10032.646    47  20159.292    20163.948    20390.749
772  mtInv+F+I     9337.113     65  18804.226    18813.248    19124.325
773  mtInv+F+G4    9285.410     65  18700.820    18709.842    19020.919
774  mtInv+F+I+G4  9286.796     66  18705.592    18714.902    19030.617
775  mtInv+F+R2    9288.581     66  18709.162    18718.472    19034.187
794  PMB+I         9377.174     46  18846.348    18850.806    19072.881
795  PMB+G4        9373.965     46  18839.930    18844.388    19066.463
796  PMB+I+G4      9372.598     47  18839.196    18843.852    19070.652
797  PMB+R2        9374.333     47  18842.666    18847.322    19074.123
816  PMB+F+I       9280.667     65  18691.333    18700.355    19011.433
817  PMB+F+G4      9277.135     65  18684.270    18693.292    19004.370
818  PMB+F+I+G4    9275.873     66  18683.747    18693.056    19008.771
819  PMB+F+R2      9277.733     66  18687.466    18696.775    19012.490
WARNING: Normalizing state frequencies so that sum of them equals to 1
838  Q.bird+I      9437.722     46  18967.443    18971.901    19193.975
WARNING: Normalizing state frequencies so that sum of them equals to 1
839  Q.bird+G4     9396.455     46  18884.911    18889.369    19111.443
WARNING: Normalizing state frequencies so that sum of them equals to 1
840  Q.bird+I+G4   9396.952     47  18887.904    18892.560    19119.361
WARNING: Normalizing state frequencies so that sum of them equals to 1
841  Q.bird+R2     9403.368     47  18900.735    18905.392    19132.192
WARNING: Normalizing state frequencies so that sum of them equals to 1
860  Q.bird+F+I    9347.132     65  18824.263    18833.285    19144.363
WARNING: Normalizing state frequencies so that sum of them equals to 1
861  Q.bird+F+G4   9294.002     65  18718.005    18727.027    19038.104
WARNING: Normalizing state frequencies so that sum of them equals to 1
862  Q.bird+F+I+G4 9294.971     66  18721.942    18731.251    19046.966
WARNING: Normalizing state frequencies so that sum of them equals to 1
863  Q.bird+F+R2   9301.076     66  18734.152    18743.461    19059.176
882  Q.insect+I    9389.167     46  18870.334    18874.792    19096.866
883  Q.insect+G4   9362.805     46  18817.611    18822.068    19044.143
884  Q.insect+I+G4 9363.719     47  18821.439    18826.095    19052.895
885  Q.insect+R2   9366.163     47  18826.325    18830.982    19057.782
904  Q.insect+F+I  9246.802     65  18623.603    18632.625    18943.703
905  Q.insect+F+G4 9220.346     65  18570.692    18579.715    18890.792
906  Q.insect+F+I+G4 9221.292     66  18574.584    18583.893    18899.608
907  Q.insect+F+R2 9224.087     66  18580.174    18589.484    18905.199
WARNING: Normalizing state frequencies so that sum of them equals to 1
926  Q.mammal+I    9417.081     46  18926.162    18930.620    19152.695
WARNING: Normalizing state frequencies so that sum of them equals to 1
927  Q.mammal+G4   9382.321     46  18856.643    18861.100    19083.175
WARNING: Normalizing state frequencies so that sum of them equals to 1
928  Q.mammal+I+G4 9383.248     47  18860.495    18865.152    19091.952
WARNING: Normalizing state frequencies so that sum of them equals to 1
929  Q.mammal+R2   9387.006     47  18868.012    18872.668    19099.469
WARNING: Normalizing state frequencies so that sum of them equals to 1
948  Q.mammal+F+I  9313.752     65  18757.503    18766.525    19077.603
WARNING: Normalizing state frequencies so that sum of them equals to 1
949  Q.mammal+F+G4 9269.926     65  18669.852    18678.874    18989.952
WARNING: Normalizing state frequencies so that sum of them equals to 1
950  Q.mammal+F+I+G4 9271.126     66  18674.251    18683.561    18999.276
WARNING: Normalizing state frequencies so that sum of them equals to 1
951  Q.mammal+F+R2 9274.461     66  18680.922    18690.232    19005.947
WARNING: Normalizing state frequencies so that sum of them equals to 1
970  Q.pfam+I      9327.200     46  18746.400    18750.858    18972.932
WARNING: Normalizing state frequencies so that sum of them equals to 1
971  Q.pfam+G4     9307.261     46  18706.522    18710.980    18933.055
WARNING: Normalizing state frequencies so that sum of them equals to 1
972  Q.pfam+I+G4   9307.636     47  18709.272    18713.929    18940.729
WARNING: Normalizing state frequencies so that sum of them equals to 1
973  Q.pfam+R2     9310.805     47  18715.610    18720.267    18947.067
WARNING: Normalizing state frequencies so that sum of them equals to 1
992  Q.pfam+F+I    9244.062     65  18618.124    18627.146    18938.224
WARNING: Normalizing state frequencies so that sum of them equals to 1
993  Q.pfam+F+G4   9222.469     65  18574.939    18583.961    18895.039
WARNING: Normalizing state frequencies so that sum of them equals to 1
994  Q.pfam+F+I+G4 9223.039     66  18578.079    18587.388    18903.103
WARNING: Normalizing state frequencies so that sum of them equals to 1
995  Q.pfam+F+R2   9225.580     66  18583.160    18592.469    18908.184
WARNING: Normalizing state frequencies so that sum of them equals to 1
1014  Q.plant+I     9400.642     46  18893.284    18897.742    19119.816
WARNING: Normalizing state frequencies so that sum of them equals to 1
1015  Q.plant+G4    9357.108     46  18806.216    18810.673    19032.748
WARNING: Normalizing state frequencies so that sum of them equals to 1
1016  Q.plant+I+G4  9358.015     47  18810.031    18814.687    19041.487
WARNING: Normalizing state frequencies so that sum of them equals to 1
1017  Q.plant+R2    9363.364     47  18820.728    18825.384    19052.185
WARNING: Normalizing state frequencies so that sum of them equals to 1
1036  Q.plant+F+I   9289.807     65  18709.613    18718.635    19029.713
WARNING: Normalizing state frequencies so that sum of them equals to 1
1037  Q.plant+F+G4  9243.382     65  18616.764    18625.786    18936.864
WARNING: Normalizing state frequencies so that sum of them equals to 1
1038  Q.plant+F+I+G4 9244.427     66  18620.853    18630.163    18945.878
WARNING: Normalizing state frequencies so that sum of them equals to 1
1039  Q.plant+F+R2  9249.897     66  18631.794    18641.103    18956.818
WARNING: Normalizing state frequencies so that sum of them equals to 1
1058  Q.yeast+I     9422.884     46  18937.768    18942.226    19164.300
WARNING: Normalizing state frequencies so that sum of them equals to 1
1059  Q.yeast+G4    9398.271     46  18888.543    18893.000    19115.075
WARNING: Normalizing state frequencies so that sum of them equals to 1
1060  Q.yeast+I+G4  9398.820     47  18891.640    18896.297    19123.097
WARNING: Normalizing state frequencies so that sum of them equals to 1
1061  Q.yeast+R2    9402.754     47  18899.508    18904.165    19130.965
WARNING: Normalizing state frequencies so that sum of them equals to 1
1080  Q.yeast+F+I   9240.090     65  18610.179    18619.201    18930.279
WARNING: Normalizing state frequencies so that sum of them equals to 1
1081  Q.yeast+F+G4  9215.648     65  18561.296    18570.319    18881.396
WARNING: Normalizing state frequencies so that sum of them equals to 1
1082  Q.yeast+F+I+G4 9216.273     66  18564.546    18573.855    18889.570
WARNING: Normalizing state frequencies so that sum of them equals to 1
1083  Q.yeast+F+R2  9219.991     66  18571.981    18581.291    18897.006
1102  rtREV+I       9441.463     46  18974.925    18979.383    19201.457
1103  rtREV+G4      9421.487     46  18934.973    18939.431    19161.505
1104  rtREV+I+G4    9421.432     47  18936.864    18941.520    19168.321
1105  rtREV+R2      9425.490     47  18944.981    18949.637    19176.437
1124  rtREV+F+I     9300.689     65  18731.378    18740.400    19051.478
1125  rtREV+F+G4    9276.304     65  18682.607    18691.629    19002.707
1126  rtREV+F+I+G4  9276.624     66  18685.249    18694.558    19010.273
1127  rtREV+F+R2    9280.858     66  18693.715    18703.025    19018.740
1146  VT+I          9312.042     46  18716.083    18720.541    18942.615
1147  VT+G4         9308.493     46  18708.987    18713.445    18935.519
1148  VT+I+G4       9307.089     47  18708.178    18712.834    18939.635
1149  VT+R2         9309.338     47  18712.677    18717.333    18944.134
1168  VT+F+I        9230.115     65  18590.230    18599.252    18910.329
1169  VT+F+G4       9226.155     65  18582.311    18591.333    18902.411
1170  VT+F+I+G4     9224.916     66  18581.832    18591.142    18906.857
1171  VT+F+R2       9227.127     66  18586.253    18595.563    18911.278
1190  WAG+I         9310.503     46  18713.006    18717.463    18939.538
1191  WAG+G4        9303.797     46  18699.593    18704.051    18926.126
1192  WAG+I+G4      9302.431     47  18698.862    18703.518    18930.319
1193  WAG+R2        9305.771     47  18705.543    18710.199    18936.999
1212  WAG+F+I       9225.156     65  18580.312    18589.334    18900.412
1213  WAG+F+G4      9216.775     65  18563.550    18572.572    18883.650
1214  WAG+F+I+G4    9215.892     66  18563.784    18573.094    18888.809
1215  WAG+F+R2      9219.038     66  18570.075    18579.385    18895.099
Reading model parameters from file Q.iridoviridae
1234  Q.iridoviridae+I 9287.044     46  18666.087    18670.545    18892.619
Reading model parameters from file Q.iridoviridae
1235  Q.iridoviridae+G4 9274.485     46  18640.971    18645.429    18867.503
Reading model parameters from file Q.iridoviridae
1236  Q.iridoviridae+I+G4 9274.196     47  18642.393    18647.049    18873.849
Reading model parameters from file Q.iridoviridae
1237  Q.iridoviridae+R2 9277.050     47  18648.101    18652.757    18879.557
Reading model parameters from file Q.iridoviridae
1256  Q.iridoviridae+F+I 9200.836     65  18531.671    18540.693    18851.771
Reading model parameters from file Q.iridoviridae
1257  Q.iridoviridae+F+G4 9186.091     65  18502.182    18511.204    18822.282
Reading model parameters from file Q.iridoviridae
1258  Q.iridoviridae+F+I+G4 9186.208     66  18504.416    18513.726    18829.441
Reading model parameters from file Q.iridoviridae
1259  Q.iridoviridae+F+R2 9188.950     66  18509.900    18519.209    18834.924
Reading model parameters from file Q.mcv
WARNING: Normalizing state frequencies so that sum of them equals to 1
1278  Q.mcv+I       9215.189     46  18522.379    18526.836    18748.911
Reading model parameters from file Q.mcv
WARNING: Normalizing state frequencies so that sum of them equals to 1
1279  Q.mcv+G4      9200.427     46  18492.855    18497.313    18719.387
Reading model parameters from file Q.mcv
WARNING: Normalizing state frequencies so that sum of them equals to 1
1280  Q.mcv+I+G4    9199.524     47  18493.048    18497.704    18724.505
Reading model parameters from file Q.mcv
WARNING: Normalizing state frequencies so that sum of them equals to 1
1281  Q.mcv+R2      9204.741     47  18503.482    18508.138    18734.939
Reading model parameters from file Q.mcv
WARNING: Normalizing state frequencies so that sum of them equals to 1
1300  Q.mcv+F+I     9196.640     65  18523.281    18532.303    18843.381
Reading model parameters from file Q.mcv
WARNING: Normalizing state frequencies so that sum of them equals to 1
1301  Q.mcv+F+G4    9181.967     65  18493.934    18502.957    18814.034
Reading model parameters from file Q.mcv
WARNING: Normalizing state frequencies so that sum of them equals to 1
1302  Q.mcv+F+I+G4  9181.026     66  18494.051    18503.361    18819.076
Reading model parameters from file Q.mcv
WARNING: Normalizing state frequencies so that sum of them equals to 1
1303  Q.mcv+F+R2    9186.445     66  18504.890    18514.199    18829.914
Akaike Information Criterion:           Q.mcv+G4
Corrected Akaike Information Criterion: Q.mcv+G4
Bayesian Information Criterion:         Q.mcv+G4
Best-fit model: Q.mcv+G4 chosen according to BIC

All model information printed to iqtree_genus/OG0000055.fasta.model.gz
CPU time for ModelFinder: 119.184 seconds (0h:1m:59s)
Wall-clock time for ModelFinder: 33.005 seconds (0h:0m:33s)
Generating 1000 samples for ultrafast bootstrap (seed: 383631)...
Reading model parameters from file Q.mcv
WARNING: Normalizing state frequencies so that sum of them equals to 1

NOTE: 13 MB RAM (0 GB) is required!
Estimate model parameters (epsilon = 0.100)
1. Initial log-likelihood: -9200.427
Optimal log-likelihood: -9200.410
Gamma shape alpha: 1.274
Parameters optimization took 1 rounds (0.025 sec)
Wrote distance file to... 
Computing ML distances based on estimated model parameters...
Calculating distance matrix: done in 0.010766 secs using 446.5% CPU
Computing ML distances took 0.010819 sec (of wall-clock time) 0.048125 sec (of CPU time)
Setting up auxiliary I and S matrices: done in 0.000167131 secs using 4696% CPU
Constructing RapidNJ tree: done in 0.000478983 secs using 290.2% CPU
Computing RapidNJ tree took 0.000688 sec (of wall-clock time) 0.009279 sec (of CPU time)
Log-likelihood of RapidNJ tree: -9212.537
--------------------------------------------------------------------
|             INITIALIZING CANDIDATE TREE SET                      |
--------------------------------------------------------------------
Generating 98 parsimony trees... 0.179 second
Computing log-likelihood of 98 initial trees ... 0.741 seconds
Current best score: -9200.410

Do NNI search on 20 best initial trees
Optimizing NNI: done in 0.0377171 secs using 399.9% CPU
Estimate model parameters (epsilon = 0.100)
BETTER TREE FOUND at iteration 1: -9200.405
Optimizing NNI: done in 0.171364 secs using 399.9% CPU
Estimate model parameters (epsilon = 0.100)
BETTER TREE FOUND at iteration 2: -9199.862
Optimizing NNI: done in 0.174565 secs using 389.4% CPU
Optimizing NNI: done in 0.189988 secs using 387.4% CPU
Estimate model parameters (epsilon = 0.100)
BETTER TREE FOUND at iteration 4: -9198.463
Optimizing NNI: done in 0.181493 secs using 384.6% CPU
Optimizing NNI: done in 0.175394 secs using 393.1% CPU
Optimizing NNI: done in 0.199294 secs using 393.1% CPU
Optimizing NNI: done in 0.18645 secs using 390.9% CPU
Optimizing NNI: done in 0.193072 secs using 395.9% CPU
Optimizing NNI: done in 0.173786 secs using 386.2% CPU
Iteration 10 / LogL: -9198.488 / Time: 0h:0m:2s
Optimizing NNI: done in 0.190713 secs using 389.5% CPU
Optimizing NNI: done in 0.172837 secs using 395.4% CPU
Optimizing NNI: done in 0.152016 secs using 394.6% CPU
Optimizing NNI: done in 0.169538 secs using 392.9% CPU
Optimizing NNI: done in 0.192729 secs using 387.6% CPU
Optimizing NNI: done in 0.150002 secs using 389.1% CPU
Optimizing NNI: done in 0.165111 secs using 385.4% CPU
Optimizing NNI: done in 0.180026 secs using 391% CPU
Optimizing NNI: done in 0.175891 secs using 391.2% CPU
Optimizing NNI: done in 0.199119 secs using 400.4% CPU
Iteration 20 / LogL: -9198.473 / Time: 0h:0m:4s
Finish initializing candidate tree set (7)
Current best tree score: -9198.463 / CPU time: 4.483
Number of iterations: 20
--------------------------------------------------------------------
|               OPTIMIZING CANDIDATE TREE SET                      |
--------------------------------------------------------------------
Optimizing NNI: done in 0.207404 secs using 387.2% CPU
Optimizing NNI: done in 0.144167 secs using 397% CPU
Optimizing NNI: done in 0.20758 secs using 394.1% CPU
Optimizing NNI: done in 0.0988772 secs using 395.8% CPU
Optimizing NNI: done in 0.0912471 secs using 391.2% CPU
Optimizing NNI: done in 0.217833 secs using 385.1% CPU
Estimate model parameters (epsilon = 0.100)
UPDATE BEST LOG-LIKELIHOOD: -9198.452
Optimizing NNI: done in 0.179182 secs using 390.8% CPU
Optimizing NNI: done in 0.208398 secs using 382.6% CPU
Optimizing NNI: done in 0.143673 secs using 382.6% CPU
Optimizing NNI: done in 0.215846 secs using 379.5% CPU
Iteration 30 / LogL: -9199.041 / Time: 0h:0m:6s (0h:0m:16s left)
Optimizing NNI: done in 0.196933 secs using 392.9% CPU
Optimizing NNI: done in 0.152007 secs using 395.9% CPU
Optimizing NNI: done in 0.194932 secs using 395.8% CPU
Optimizing NNI: done in 0.137883 secs using 391% CPU
Optimizing NNI: done in 0.175819 secs using 390.9% CPU
Optimizing NNI: done in 0.198662 secs using 386% CPU
Optimizing NNI: done in 0.130009 secs using 389.9% CPU
Optimizing NNI: done in 0.120392 secs using 386.6% CPU
Optimizing NNI: done in 0.136063 secs using 394.1% CPU
Optimizing NNI: done in 0.218602 secs using 389% CPU
Iteration 40 / LogL: -9199.016 / Time: 0h:0m:8s (0h:0m:13s left)
Optimizing NNI: done in 0.213852 secs using 392.6% CPU
Optimizing NNI: done in 0.216702 secs using 385.1% CPU
Optimizing NNI: done in 0.220965 secs using 386.9% CPU
Optimizing NNI: done in 0.216598 secs using 398.4% CPU
Optimizing NNI: done in 0.183437 secs using 397.7% CPU
Optimizing NNI: done in 0.216265 secs using 392.3% CPU
Optimizing NNI: done in 0.209772 secs using 394.2% CPU
Optimizing NNI: done in 0.13652 secs using 394.1% CPU
Optimizing NNI: done in 0.198913 secs using 393.8% CPU
Optimizing NNI: done in 0.224408 secs using 398.2% CPU
Iteration 50 / LogL: -9198.467 / Time: 0h:0m:10s (0h:0m:11s left)
Log-likelihood cutoff on original alignment: -9231.078
Optimizing NNI: done in 0.114732 secs using 395.7% CPU
Optimizing NNI: done in 0.209819 secs using 390.4% CPU
Optimizing NNI: done in 0.202414 secs using 386.1% CPU
Optimizing NNI: done in 0.269636 secs using 397.4% CPU
Optimizing NNI: done in 0.205764 secs using 394.5% CPU
Optimizing NNI: done in 0.238151 secs using 386.6% CPU
Optimizing NNI: done in 0.175605 secs using 386.3% CPU
Optimizing NNI: done in 0.144544 secs using 394.4% CPU
Optimizing NNI: done in 0.163284 secs using 392.7% CPU
Optimizing NNI: done in 0.173484 secs using 385.7% CPU
Iteration 60 / LogL: -9198.459 / Time: 0h:0m:12s (0h:0m:9s left)
Optimizing NNI: done in 0.244059 secs using 393.4% CPU
Optimizing NNI: done in 0.266546 secs using 392.4% CPU
Optimizing NNI: done in 0.199449 secs using 385.9% CPU
Optimizing NNI: done in 0.219205 secs using 388.2% CPU
Optimizing NNI: done in 0.211645 secs using 403% CPU
Optimizing NNI: done in 0.101952 secs using 388.5% CPU
Optimizing NNI: done in 0.227301 secs using 391% CPU
Optimizing NNI: done in 0.254236 secs using 389% CPU
Optimizing NNI: done in 0.341389 secs using 393% CPU
Optimizing NNI: done in 0.190201 secs using 397.8% CPU
Iteration 70 / LogL: -9198.454 / Time: 0h:0m:14s (0h:0m:7s left)
Optimizing NNI: done in 0.302639 secs using 388% CPU
Optimizing NNI: done in 0.334387 secs using 389.2% CPU
Optimizing NNI: done in 0.328601 secs using 393.9% CPU
Optimizing NNI: done in 0.265893 secs using 393.6% CPU
Optimizing NNI: done in 0.357062 secs using 390% CPU
Optimizing NNI: done in 0.24456 secs using 395% CPU
Optimizing NNI: done in 0.21409 secs using 390.7% CPU
Optimizing NNI: done in 0.246033 secs using 398.3% CPU
Optimizing NNI: done in 0.382281 secs using 390.6% CPU
Optimizing NNI: done in 0.530789 secs using 394.7% CPU
Iteration 80 / LogL: -9199.852 / Time: 0h:0m:17s (0h:0m:5s left)
Optimizing NNI: done in 0.370155 secs using 393.5% CPU
Optimizing NNI: done in 0.326439 secs using 390.2% CPU
Optimizing NNI: done in 0.284153 secs using 390.1% CPU
Optimizing NNI: done in 0.133584 secs using 391.1% CPU
Optimizing NNI: done in 0.453398 secs using 389.4% CPU
Optimizing NNI: done in 0.234876 secs using 391.4% CPU
UPDATE BEST LOG-LIKELIHOOD: -9198.451
Optimizing NNI: done in 0.409074 secs using 399% CPU
Optimizing NNI: done in 0.297915 secs using 387.8% CPU
Optimizing NNI: done in 0.241768 secs using 391.7% CPU
Optimizing NNI: done in 0.243421 secs using 385.3% CPU
Iteration 90 / LogL: -9198.460 / Time: 0h:0m:20s (0h:0m:3s left)
Optimizing NNI: done in 0.251589 secs using 392% CPU
Optimizing NNI: done in 0.220462 secs using 392.7% CPU
Optimizing NNI: done in 0.328577 secs using 380.5% CPU
Optimizing NNI: done in 0.258464 secs using 385.3% CPU
Optimizing NNI: done in 0.186933 secs using 401.7% CPU
Optimizing NNI: done in 0.181395 secs using 388.8% CPU
Optimizing NNI: done in 0.27775 secs using 391.4% CPU
Optimizing NNI: done in 0.303854 secs using 389.4% CPU
Optimizing NNI: done in 0.399764 secs using 391% CPU
Optimizing NNI: done in 0.285514 secs using 385.9% CPU
Iteration 100 / LogL: -9219.350 / Time: 0h:0m:23s (0h:0m:0s left)
Log-likelihood cutoff on original alignment: -9232.006
NOTE: Bootstrap correlation coefficient of split occurrence frequencies: 0.986
NOTE: UFBoot does not converge, continue at least 100 more iterations
Optimizing NNI: done in 0.389885 secs using 392.8% CPU
Optimizing NNI: done in 0.28494 secs using 398.5% CPU
Optimizing NNI: done in 0.190925 secs using 391.5% CPU
Optimizing NNI: done in 0.331652 secs using 394% CPU
Optimizing NNI: done in 0.20285 secs using 390.1% CPU
Optimizing NNI: done in 0.282841 secs using 382.9% CPU
Optimizing NNI: done in 0.285371 secs using 391.6% CPU
Optimizing NNI: done in 0.18129 secs using 391.2% CPU
Optimizing NNI: done in 0.266584 secs using 385% CPU
Optimizing NNI: done in 0.2626 secs using 389.1% CPU
Iteration 110 / LogL: -9552.551 / Time: 0h:0m:26s (0h:0m:21s left)
Optimizing NNI: done in 0.382926 secs using 398.8% CPU
Optimizing NNI: done in 0.278003 secs using 395.7% CPU
Optimizing NNI: done in 0.342143 secs using 390.6% CPU
Optimizing NNI: done in 0.283588 secs using 390.1% CPU
Optimizing NNI: done in 0.334292 secs using 394% CPU
Optimizing NNI: done in 0.294322 secs using 394.5% CPU
Optimizing NNI: done in 0.407521 secs using 392.1% CPU
Optimizing NNI: done in 0.237125 secs using 394.4% CPU
Optimizing NNI: done in 0.151548 secs using 394.6% CPU
Optimizing NNI: done in 0.201882 secs using 388.1% CPU
Iteration 120 / LogL: -9198.468 / Time: 0h:0m:29s (0h:0m:19s left)
Optimizing NNI: done in 0.34421 secs using 387.2% CPU
Optimizing NNI: done in 0.366996 secs using 383.7% CPU
Optimizing NNI: done in 0.368153 secs using 384.8% CPU
Optimizing NNI: done in 0.236051 secs using 391.5% CPU
Optimizing NNI: done in 0.176243 secs using 395.9% CPU
Optimizing NNI: done in 0.255773 secs using 397.1% CPU
Optimizing NNI: done in 0.12552 secs using 390.2% CPU
Optimizing NNI: done in 0.421372 secs using 394.2% CPU
Optimizing NNI: done in 0.39259 secs using 386.6% CPU
Optimizing NNI: done in 0.335006 secs using 391.6% CPU
Iteration 130 / LogL: -9219.311 / Time: 0h:0m:32s (0h:0m:17s left)
Optimizing NNI: done in 0.091996 secs using 399.9% CPU
Optimizing NNI: done in 0.227842 secs using 393% CPU
Optimizing NNI: done in 0.254395 secs using 391% CPU
Optimizing NNI: done in 0.313435 secs using 389.7% CPU
Optimizing NNI: done in 0.278686 secs using 391.4% CPU
Optimizing NNI: done in 0.298772 secs using 393.3% CPU
Optimizing NNI: done in 0.285582 secs using 383.2% CPU
Optimizing NNI: done in 0.299682 secs using 386.6% CPU
Optimizing NNI: done in 0.159719 secs using 382.4% CPU
Optimizing NNI: done in 0.328479 secs using 387.8% CPU
Iteration 140 / LogL: -9198.455 / Time: 0h:0m:34s (0h:0m:15s left)
Optimizing NNI: done in 0.229783 secs using 395% CPU
Optimizing NNI: done in 0.31279 secs using 395.7% CPU
Optimizing NNI: done in 0.293569 secs using 390.5% CPU
Optimizing NNI: done in 0.349386 secs using 383.9% CPU
Optimizing NNI: done in 0.362632 secs using 392.3% CPU
Optimizing NNI: done in 0.28675 secs using 388.8% CPU
Optimizing NNI: done in 0.273031 secs using 386.7% CPU
Optimizing NNI: done in 0.201316 secs using 393.9% CPU
Optimizing NNI: done in 0.200181 secs using 393.8% CPU
Optimizing NNI: done in 0.197345 secs using 387.9% CPU
Iteration 150 / LogL: -9198.501 / Time: 0h:0m:37s (0h:0m:12s left)
Log-likelihood cutoff on original alignment: -9232.418
Optimizing NNI: done in 0.259441 secs using 390.7% CPU
Optimizing NNI: done in 0.228579 secs using 387.7% CPU
Optimizing NNI: done in 0.370138 secs using 389.2% CPU
Optimizing NNI: done in 0.187266 secs using 393.5% CPU
Optimizing NNI: done in 0.375757 secs using 384% CPU
Optimizing NNI: done in 0.178156 secs using 388.7% CPU
Optimizing NNI: done in 0.323015 secs using 390.1% CPU
Optimizing NNI: done in 0.223957 secs using 387.4% CPU
Optimizing NNI: done in 0.250788 secs using 393.6% CPU
Optimizing NNI: done in 0.190967 secs using 389.5% CPU
Iteration 160 / LogL: -9204.625 / Time: 0h:0m:40s (0h:0m:10s left)
Optimizing NNI: done in 0.324681 secs using 390.2% CPU
Optimizing NNI: done in 0.179253 secs using 395.5% CPU
Optimizing NNI: done in 0.299486 secs using 390.6% CPU
Optimizing NNI: done in 0.334603 secs using 390.2% CPU
Optimizing NNI: done in 0.173448 secs using 398.4% CPU
Optimizing NNI: done in 0.289984 secs using 397.5% CPU
Optimizing NNI: done in 0.286664 secs using 384.2% CPU
Optimizing NNI: done in 0.131628 secs using 390.7% CPU
Optimizing NNI: done in 0.259362 secs using 395.3% CPU
Optimizing NNI: done in 0.335861 secs using 392.9% CPU
Iteration 170 / LogL: -9198.451 / Time: 0h:0m:42s (0h:0m:7s left)
Optimizing NNI: done in 0.364931 secs using 395.6% CPU
Optimizing NNI: done in 0.179476 secs using 393.4% CPU
Optimizing NNI: done in 0.282113 secs using 392.4% CPU
Optimizing NNI: done in 0.221193 secs using 396.5% CPU
Optimizing NNI: done in 0.270792 secs using 391.2% CPU
Optimizing NNI: done in 0.178756 secs using 386.6% CPU
Optimizing NNI: done in 0.261631 secs using 392.3% CPU
Optimizing NNI: done in 0.279539 secs using 394.3% CPU
Optimizing NNI: done in 0.228408 secs using 384.2% CPU
Optimizing NNI: done in 0.291927 secs using 390.3% CPU
Iteration 180 / LogL: -9198.486 / Time: 0h:0m:45s (0h:0m:5s left)
Optimizing NNI: done in 0.118688 secs using 393.5% CPU
Optimizing NNI: done in 0.242791 secs using 396.3% CPU
Optimizing NNI: done in 0.206423 secs using 398.1% CPU
Optimizing NNI: done in 0.167567 secs using 392.8% CPU
Optimizing NNI: done in 0.149721 secs using 391.9% CPU
Optimizing NNI: done in 0.222545 secs using 391% CPU
Optimizing NNI: done in 0.132505 secs using 393.6% CPU
Optimizing NNI: done in 0.242084 secs using 393.5% CPU
Optimizing NNI: done in 0.22913 secs using 392.9% CPU
Optimizing NNI: done in 0.179474 secs using 388.9% CPU
Iteration 190 / LogL: -9198.455 / Time: 0h:0m:47s (0h:0m:2s left)
Optimizing NNI: done in 0.25923 secs using 396.9% CPU
Optimizing NNI: done in 0.193567 secs using 393.8% CPU
Optimizing NNI: done in 0.225986 secs using 397.2% CPU
Optimizing NNI: done in 0.220126 secs using 395.4% CPU
Optimizing NNI: done in 0.207118 secs using 384.6% CPU
Optimizing NNI: done in 0.272087 secs using 391.2% CPU
Optimizing NNI: done in 0.316492 secs using 387.4% CPU
Optimizing NNI: done in 0.240906 secs using 390% CPU
Optimizing NNI: done in 0.327345 secs using 388.9% CPU
Optimizing NNI: done in 0.180704 secs using 388.9% CPU
Iteration 200 / LogL: -9198.454 / Time: 0h:0m:50s (0h:0m:0s left)
Log-likelihood cutoff on original alignment: -9232.441
NOTE: Bootstrap correlation coefficient of split occurrence frequencies: 0.997
TREE SEARCH COMPLETED AFTER 200 ITERATIONS / Time: 0h:0m:50s

--------------------------------------------------------------------
|                    FINALIZING TREE SEARCH                        |
--------------------------------------------------------------------
Performs final model parameters optimization
Estimate model parameters (epsilon = 0.010)
1. Initial log-likelihood: -9198.451
Optimal log-likelihood: -9198.451
Gamma shape alpha: 1.271
Parameters optimization took 1 rounds (0.028 sec)
BEST SCORE FOUND : -9198.451
Creating bootstrap support values...
Split supports printed to NEXUS file iqtree_genus/OG0000055.fasta.splits.nex
Total tree length: 2.943

Total number of iterations: 200
CPU time used for tree search: 195.376 sec (0h:3m:15s)
Wall-clock time used for tree search: 49.947 sec (0h:0m:49s)
Total CPU time used: 196.045 sec (0h:3m:16s)
Total wall-clock time used: 50.109 sec (0h:0m:50s)

Computing bootstrap consensus tree...
Reading input file iqtree_genus/OG0000055.fasta.splits.nex...
24 taxa and 146 splits.
Consensus tree written to iqtree_genus/OG0000055.fasta.contree
Reading input trees file iqtree_genus/OG0000055.fasta.contree
Log-likelihood of consensus tree: -9198.484

Analysis results written to: 
  IQ-TREE report:                iqtree_genus/OG0000055.fasta.iqtree
  Maximum-likelihood tree:       iqtree_genus/OG0000055.fasta.treefile
  Likelihood distances:          iqtree_genus/OG0000055.fasta.mldist

Ultrafast bootstrap approximation results written to:
  Split support values:          iqtree_genus/OG0000055.fasta.splits.nex
  Consensus tree:                iqtree_genus/OG0000055.fasta.contree
  Screen log file:               iqtree_genus/OG0000055.fasta.log

Date and Time: Tue May 13 22:14:21 2025
