IQ-TREE multicore version 2.2.0.5 COVID-edition for Linux 64-bit built Sep 26 2022
Developed by Bui Quang Minh, James Barbetti, Nguyen Lam Tung,
Olga Chernomor, Heiko Schmidt, Dominik Schrempf, Michael Woodhams, Ly Trong Nhan.

Host:    c213 (AVX2, FMA3, 503 GB RAM)
Command: iqtree2 -s orthofinder_iqtreetest/Results_Jul15/MultipleSequenceAlignments/OG0000037.fa -B 1000 -m MFP -T 1 -pre iqtree/OG0000037.fa.fa
Seed:    374301 (Using SPRNG - Scalable Parallel Random Number Generator)
Time:    Tue Jul 23 10:48:38 2024
Kernel:  AVX+FMA - 1 threads (32 CPU cores detected)

HINT: Use -nt option to specify number of threads because your CPU has 32 cores!
HINT: -nt AUTO will automatically determine the best number of threads to use.

Reading alignment file orthofinder_iqtreetest/Results_Jul15/MultipleSequenceAlignments/OG0000037.fa ... Fasta format detected
Reading fasta file: done in 0.000160217 secs using 97.99% CPU
Alignment most likely contains protein sequences
Constructing alignment: done in 7.82013e-05 secs using 98.46% CPU
Alignment has 35 sequences with 124 columns, 79 distinct patterns
65 parsimony-informative, 1 singleton sites, 58 constant sites
                                                               Gap/Ambiguity  Composition  p-value
Analyzing sequences: done in 7.86781e-06 secs using 88.97% CPU
   1  MCV_ML1_SDDV_MN562489_1_MCV_ML1_SDDV_MN562489.1_00005            6.45%    passed     29.25%
   2  MCV_ML1_SDDV_MT521409_1_MCV_ML1_SDDV_MT521409.1_00005            6.45%    passed     29.25%
   3  MCV_ML1_SDDV_NC_027778_1_MCV_ML1_SDDV_NC_027778.1_00126          6.45%    passed     29.25%
   4  MCV_ML1_SDDV_OM037668_1_MCV_ML1_SDDV_OM037668.1_00130            6.45%    passed     29.25%
   5  MCV_MP1_BCFI_MN432490_1_MCV_MP1_BCFI_MN432490.1_00085            4.03%    passed    100.00%
   6  MCV_MP1_BCFI_MT926123_1_MCV_MP1_BCFI_MT926123.1_00085            4.03%    passed    100.00%
   7  MCV_MP1_GSPI_KT804738_1_MCV_MP1_GSPI_KT804738.1_00079            4.03%    passed    100.00%
   8  MCV_MP1_ISKNV_AF371960_1_MCV_MP1_ISKNV_AF371960.1_00084          4.03%    passed    100.00%
   9  MCV_MP1_ISKNV_MK689685_1_MCV_MP1_ISKNV_MK689685.1_00081          4.03%    passed    100.00%
  10  MCV_MP1_LBUSV_OP009387_1_MCV_MP1_LBUSV_OP009387.1_00084          4.03%    passed    100.00%
  11  MCV_MP1_LYCI_AY779031_1_MCV_MP1_LYCI_AY779031.1_00091            4.03%    passed    100.00%
  12  MCV_MP1_LYCI_MW139932_1_MCV_MP1_LYCI_MW139932.1_00084            4.03%    passed    100.00%
  13  MCV_MP1_LYCI_OL774653_1_MCV_MP1_LYCI_OL774653.1_00101            4.03%    passed    100.00%
  14  MCV_MP1_LYCI_OL774654_1_MCV_MP1_LYCI_OL774654.1_00082            4.03%    passed    100.00%
  15  MCV_MP1_LYCI_OL774655_1_MCV_MP1_LYCI_OL774655.1_00084            4.03%    passed    100.00%
  16  MCV_MP1_OSGI_AY894343_1_MCV_MP1_OSGI_AY894343.1_00083            4.03%    passed    100.00%
  17  MCV_MP1_PI_MK098185_1_MCV_MP1_PI_MK098185.1_00083                4.03%    passed    100.00%
  18  MCV_MP1_PI_MK098186_1_MCV_MP1_PI_MK098186.1_00080                4.03%    passed    100.00%
  19  MCV_MP1_PI_MK098187_1_MCV_MP1_PI_MK098187.1_00083                4.03%    passed    100.00%
  20  MCV_MP1_RBIV_AY532606_1_MCV_MP1_RBIV_AY532606.1_00085            4.03%    passed    100.00%
  21  MCV_MP1_RBIV_KC244182_1_MCV_MP1_RBIV_KC244182.1_00083            4.03%    passed    100.00%
  22  MCV_MP1_RSIV_BD143114_1_MCV_MP1_RSIV_BD143114.1_00117            4.03%    passed    100.00%
  23  MCV_MP1_RSIV_MK689686_1_MCV_MP1_RSIV_MK689686.1_00081            4.03%    passed    100.00%
  24  MCV_MP1_RSIV_MT798582_1_MCV_MP1_RSIV_MT798582.1_00123            4.03%    passed    100.00%
  25  MCV_MP1_RSIV_OK042108_1_MCV_MP1_RSIV_OK042108.1_00116            4.03%    passed    100.00%
  26  MCV_MP1_RSIV_OK042109_1_MCV_MP1_RSIV_OK042109.1_00117            4.03%    passed    100.00%
  27  MCV_MP1_RSIV_ON740976_1_MCV_MP1_RSIV_ON740976.1_00082            4.03%    passed    100.00%
  28  MCV_MP1_RSIV_ON743042_1_MCV_MP1_RSIV_ON743042.1_00084            4.03%    passed    100.00%
  29  MCV_MP1_SKIV_MT986830_1_MCV_MP1_SKIV_MT986830.1_00087            4.03%    passed    100.00%
  30  MCV_MP1_SKIV_ON075463_1_MCV_MP1_SKIV_ON075463.1_00080            4.03%    passed    100.00%
  31  MCV_MP1_TRBIV_GQ273492_1_MCV_MP1_TRBIV_GQ273492.1_00080          4.03%    passed    100.00%
  32  MCV_Unclassified_MG570131_1_MCV_Unclassified_MG570131.1_00080    4.03%    passed    100.00%
  33  MCV_Unclassified_MG570132_1_MCV_Unclassified_MG570132.1_00080    4.03%    passed    100.00%
  34  MCV_Unclassified_OQ475017_1_MCV_Unclassified_OQ475017.1_00080    4.03%    passed    100.00%
  35  MCV_Unlassified_OL310752_1_MCV_Unlassified_OL310752.1_00049      4.03%    passed    100.00%
****  TOTAL                                                            4.31%  0 sequences failed composition chi2 test (p-value<5%; df=19)
NOTE: MCV_ML1_SDDV_MT521409_1_MCV_ML1_SDDV_MT521409.1_00005 is identical to MCV_ML1_SDDV_MN562489_1_MCV_ML1_SDDV_MN562489.1_00005 but kept for subsequent analysis
NOTE: MCV_MP1_BCFI_MT926123_1_MCV_MP1_BCFI_MT926123.1_00085 is identical to MCV_MP1_BCFI_MN432490_1_MCV_MP1_BCFI_MN432490.1_00085 but kept for subsequent analysis
NOTE: MCV_MP1_LYCI_MW139932_1_MCV_MP1_LYCI_MW139932.1_00084 is identical to MCV_MP1_GSPI_KT804738_1_MCV_MP1_GSPI_KT804738.1_00079 but kept for subsequent analysis
NOTE: MCV_MP1_PI_MK098187_1_MCV_MP1_PI_MK098187.1_00083 is identical to MCV_MP1_PI_MK098186_1_MCV_MP1_PI_MK098186.1_00080 but kept for subsequent analysis
NOTE: MCV_Unclassified_MG570132_1_MCV_Unclassified_MG570132.1_00080 is identical to MCV_Unclassified_MG570131_1_MCV_Unclassified_MG570131.1_00080 but kept for subsequent analysis
Checking for duplicate sequences: done in 3.79086e-05 secs using 102.9% CPU
Identifying sites to remove: done in 3.60012e-05 secs using 100% CPU
NOTE: 21 identical sequences (see below) will be ignored for subsequent analysis
NOTE: MCV_ML1_SDDV_NC_027778_1_MCV_ML1_SDDV_NC_027778.1_00126 (identical to MCV_ML1_SDDV_MN562489_1_MCV_ML1_SDDV_MN562489.1_00005) is ignored but added at the end
NOTE: MCV_ML1_SDDV_OM037668_1_MCV_ML1_SDDV_OM037668.1_00130 (identical to MCV_ML1_SDDV_MN562489_1_MCV_ML1_SDDV_MN562489.1_00005) is ignored but added at the end
NOTE: MCV_MP1_ISKNV_AF371960_1_MCV_MP1_ISKNV_AF371960.1_00084 (identical to MCV_MP1_BCFI_MN432490_1_MCV_MP1_BCFI_MN432490.1_00085) is ignored but added at the end
NOTE: MCV_MP1_ISKNV_MK689685_1_MCV_MP1_ISKNV_MK689685.1_00081 (identical to MCV_MP1_BCFI_MN432490_1_MCV_MP1_BCFI_MN432490.1_00085) is ignored but added at the end
NOTE: MCV_MP1_LBUSV_OP009387_1_MCV_MP1_LBUSV_OP009387.1_00084 (identical to MCV_MP1_BCFI_MN432490_1_MCV_MP1_BCFI_MN432490.1_00085) is ignored but added at the end
NOTE: MCV_MP1_SKIV_MT986830_1_MCV_MP1_SKIV_MT986830.1_00087 (identical to MCV_MP1_BCFI_MN432490_1_MCV_MP1_BCFI_MN432490.1_00085) is ignored but added at the end
NOTE: MCV_MP1_LYCI_OL774653_1_MCV_MP1_LYCI_OL774653.1_00101 (identical to MCV_MP1_GSPI_KT804738_1_MCV_MP1_GSPI_KT804738.1_00079) is ignored but added at the end
NOTE: MCV_MP1_LYCI_OL774654_1_MCV_MP1_LYCI_OL774654.1_00082 (identical to MCV_MP1_GSPI_KT804738_1_MCV_MP1_GSPI_KT804738.1_00079) is ignored but added at the end
NOTE: MCV_MP1_LYCI_OL774655_1_MCV_MP1_LYCI_OL774655.1_00084 (identical to MCV_MP1_GSPI_KT804738_1_MCV_MP1_GSPI_KT804738.1_00079) is ignored but added at the end
NOTE: MCV_MP1_OSGI_AY894343_1_MCV_MP1_OSGI_AY894343.1_00083 (identical to MCV_MP1_GSPI_KT804738_1_MCV_MP1_GSPI_KT804738.1_00079) is ignored but added at the end
NOTE: MCV_MP1_PI_MK098185_1_MCV_MP1_PI_MK098185.1_00083 (identical to MCV_MP1_GSPI_KT804738_1_MCV_MP1_GSPI_KT804738.1_00079) is ignored but added at the end
NOTE: MCV_MP1_RBIV_KC244182_1_MCV_MP1_RBIV_KC244182.1_00083 (identical to MCV_MP1_GSPI_KT804738_1_MCV_MP1_GSPI_KT804738.1_00079) is ignored but added at the end
NOTE: MCV_MP1_RSIV_BD143114_1_MCV_MP1_RSIV_BD143114.1_00117 (identical to MCV_MP1_GSPI_KT804738_1_MCV_MP1_GSPI_KT804738.1_00079) is ignored but added at the end
NOTE: MCV_MP1_RSIV_MK689686_1_MCV_MP1_RSIV_MK689686.1_00081 (identical to MCV_MP1_GSPI_KT804738_1_MCV_MP1_GSPI_KT804738.1_00079) is ignored but added at the end
NOTE: MCV_MP1_RSIV_MT798582_1_MCV_MP1_RSIV_MT798582.1_00123 (identical to MCV_MP1_GSPI_KT804738_1_MCV_MP1_GSPI_KT804738.1_00079) is ignored but added at the end
NOTE: MCV_MP1_RSIV_OK042108_1_MCV_MP1_RSIV_OK042108.1_00116 (identical to MCV_MP1_GSPI_KT804738_1_MCV_MP1_GSPI_KT804738.1_00079) is ignored but added at the end
NOTE: MCV_MP1_RSIV_ON740976_1_MCV_MP1_RSIV_ON740976.1_00082 (identical to MCV_MP1_GSPI_KT804738_1_MCV_MP1_GSPI_KT804738.1_00079) is ignored but added at the end
NOTE: MCV_MP1_RSIV_ON743042_1_MCV_MP1_RSIV_ON743042.1_00084 (identical to MCV_MP1_GSPI_KT804738_1_MCV_MP1_GSPI_KT804738.1_00079) is ignored but added at the end
NOTE: MCV_MP1_SKIV_ON075463_1_MCV_MP1_SKIV_ON075463.1_00080 (identical to MCV_MP1_GSPI_KT804738_1_MCV_MP1_GSPI_KT804738.1_00079) is ignored but added at the end
NOTE: MCV_Unclassified_OQ475017_1_MCV_Unclassified_OQ475017.1_00080 (identical to MCV_MP1_GSPI_KT804738_1_MCV_MP1_GSPI_KT804738.1_00079) is ignored but added at the end
NOTE: MCV_Unlassified_OL310752_1_MCV_Unlassified_OL310752.1_00049 (identical to MCV_MP1_GSPI_KT804738_1_MCV_MP1_GSPI_KT804738.1_00079) is ignored but added at the end
Alignment was printed to iqtree/OG0000037.fa.fa.uniqueseq.phy

For your convenience alignment with unique sequences printed to iqtree/OG0000037.fa.fa.uniqueseq.phy


Create initial parsimony tree by phylogenetic likelihood library (PLL)... 0.000 seconds
Perform fast likelihood tree search using LG+I+G model...
Estimate model parameters (epsilon = 5.000)
Perform nearest neighbor interchange...
Optimizing NNI: done in 0.017087 secs using 76.5% CPU
Estimate model parameters (epsilon = 1.000)
1. Initial log-likelihood: -719.773
Optimal log-likelihood: -719.427
Proportion of invariable sites: 0.209
Gamma shape alpha: 2.348
Parameters optimization took 1 rounds (0.009 sec)
Time for fast ML tree search: 0.037 seconds

NOTE: ModelFinder requires 2 MB RAM!
ModelFinder will test up to 1232 protein models (sample size: 124) ...
 No. Model         -LnL         df  AIC          AICc         BIC
  1  LG            721.613      25  1493.225     1506.491     1563.732
  2  LG+I          720.106      26  1492.211     1506.685     1565.539
  3  LG+G4         718.507      26  1489.014     1503.488     1562.341
  4  LG+I+G4       719.313      27  1492.626     1508.376     1568.774
  5  LG+R2         718.754      27  1491.507     1507.257     1567.655
  6  LG+R3         717.887      29  1493.773     1512.284     1575.561
 14  LG+I+R2       718.945      28  1493.890     1510.985     1572.858
 15  LG+I+R3       717.925      30  1495.849     1515.849     1580.458
 23  LG+F          716.607      44  1521.215     1571.341     1645.307
 24  LG+F+I        715.281      45  1520.561     1573.638     1647.474
 25  LG+F+G4       713.707      45  1517.413     1570.490     1644.326
 26  LG+F+I+G4     714.411      46  1520.821     1576.977     1650.554
 27  LG+F+R2       713.946      46  1519.892     1576.048     1649.625
 45  WAG           721.561      25  1493.121     1506.386     1563.628
 46  WAG+I         720.654      26  1493.308     1507.782     1566.635
 47  WAG+G4        719.444      26  1490.888     1505.362     1564.216
 48  WAG+I+G4      720.143      27  1494.286     1510.036     1570.433
 49  WAG+R2        719.637      27  1493.273     1509.023     1569.421
 67  WAG+F         714.437      44  1516.874     1567.000     1640.966
 68  WAG+F+I       713.746      45  1517.492     1570.569     1644.405
 69  WAG+F+G4      712.436      45  1514.873     1567.949     1641.785
 70  WAG+F+I+G4    713.225      46  1518.450     1574.605     1648.183
 71  WAG+F+R2      712.624      46  1517.249     1573.404     1646.981
 89  JTT           718.717      25  1487.434     1500.700     1557.941
 90  JTT+I         717.078      26  1486.157     1500.631     1559.484
 91  JTT+G4        716.022      26  1484.043     1498.517     1557.371
 92  JTT+I+G4      716.533      27  1487.066     1502.816     1563.213
 93  JTT+R2        716.233      27  1486.465     1502.215     1562.613
111  JTT+F         711.051      44  1510.102     1560.228     1634.194
112  JTT+F+I       709.723      45  1509.446     1562.523     1636.359
113  JTT+F+G4      708.561      45  1507.122     1560.199     1634.034
114  JTT+F+I+G4    709.169      46  1510.338     1566.494     1640.071
115  JTT+F+R2      708.776      46  1509.552     1565.708     1639.285
WARNING: Normalizing state frequencies so that sum of them equals to 1
133  Q.pfam        721.008      25  1492.015     1505.281     1562.522
WARNING: Normalizing state frequencies so that sum of them equals to 1
134  Q.pfam+I      719.870      26  1491.740     1506.214     1565.067
WARNING: Normalizing state frequencies so that sum of them equals to 1
135  Q.pfam+G4     718.395      26  1488.789     1503.264     1562.117
WARNING: Normalizing state frequencies so that sum of them equals to 1
136  Q.pfam+I+G4   719.120      27  1492.241     1507.991     1568.389
WARNING: Normalizing state frequencies so that sum of them equals to 1
137  Q.pfam+R2     718.644      27  1491.287     1507.037     1567.435
WARNING: Normalizing state frequencies so that sum of them equals to 1
155  Q.pfam+F      715.836      44  1519.671     1569.798     1643.764
WARNING: Normalizing state frequencies so that sum of them equals to 1
156  Q.pfam+F+I    714.765      45  1519.530     1572.606     1646.442
WARNING: Normalizing state frequencies so that sum of them equals to 1
157  Q.pfam+F+G4   713.214      45  1516.428     1569.505     1643.340
WARNING: Normalizing state frequencies so that sum of them equals to 1
158  Q.pfam+F+I+G4 713.974      46  1519.948     1576.104     1649.681
WARNING: Normalizing state frequencies so that sum of them equals to 1
159  Q.pfam+F+R2   713.406      46  1518.811     1574.967     1648.544
WARNING: Normalizing state frequencies so that sum of them equals to 1
177  Q.bird        723.785      25  1497.570     1510.835     1568.077
WARNING: Normalizing state frequencies so that sum of them equals to 1
178  Q.bird+I      719.540      26  1491.080     1505.554     1564.407
WARNING: Normalizing state frequencies so that sum of them equals to 1
179  Q.bird+G4     718.400      26  1488.800     1503.274     1562.127
WARNING: Normalizing state frequencies so that sum of them equals to 1
180  Q.bird+I+G4   718.643      27  1491.287     1507.037     1567.434
WARNING: Normalizing state frequencies so that sum of them equals to 1
181  Q.bird+R2     718.695      27  1491.390     1507.140     1567.537
WARNING: Normalizing state frequencies so that sum of them equals to 1
199  Q.bird+F      714.027      44  1516.055     1566.182     1640.147
WARNING: Normalizing state frequencies so that sum of them equals to 1
200  Q.bird+F+I    710.074      45  1510.148     1563.225     1637.061
WARNING: Normalizing state frequencies so that sum of them equals to 1
201  Q.bird+F+G4   708.641      45  1507.282     1560.359     1634.195
WARNING: Normalizing state frequencies so that sum of them equals to 1
202  Q.bird+F+I+G4 708.990      46  1509.981     1566.137     1639.714
WARNING: Normalizing state frequencies so that sum of them equals to 1
203  Q.bird+F+R2   708.953      46  1509.906     1566.061     1639.638
WARNING: Normalizing state frequencies so that sum of them equals to 1
221  Q.mammal      724.598      25  1499.196     1512.462     1569.703
WARNING: Normalizing state frequencies so that sum of them equals to 1
222  Q.mammal+I    721.645      26  1495.289     1509.763     1568.616
WARNING: Normalizing state frequencies so that sum of them equals to 1
223  Q.mammal+G4   720.353      26  1492.705     1507.180     1566.033
WARNING: Normalizing state frequencies so that sum of them equals to 1
224  Q.mammal+I+G4 720.776      27  1495.551     1511.301     1571.699
WARNING: Normalizing state frequencies so that sum of them equals to 1
225  Q.mammal+R2   720.631      27  1495.262     1511.012     1571.409
WARNING: Normalizing state frequencies so that sum of them equals to 1
243  Q.mammal+F    713.867      44  1515.734     1565.861     1639.827
WARNING: Normalizing state frequencies so that sum of them equals to 1
244  Q.mammal+F+I  711.032      45  1512.065     1565.142     1638.977
WARNING: Normalizing state frequencies so that sum of them equals to 1
245  Q.mammal+F+G4 709.437      45  1508.874     1561.951     1635.787
WARNING: Normalizing state frequencies so that sum of them equals to 1
246  Q.mammal+F+I+G4 709.963      46  1511.925     1568.081     1641.658
WARNING: Normalizing state frequencies so that sum of them equals to 1
247  Q.mammal+F+R2 709.674      46  1511.348     1567.504     1641.081
265  Q.insect      723.918      25  1497.837     1511.102     1568.344
266  Q.insect+I    721.893      26  1495.785     1510.259     1569.113
267  Q.insect+G4   720.340      26  1492.681     1507.155     1566.008
268  Q.insect+I+G4 720.942      27  1495.885     1511.635     1572.032
269  Q.insect+R2   720.518      27  1495.037     1510.787     1571.185
287  Q.insect+F    715.222      44  1518.443     1568.570     1642.536
288  Q.insect+F+I  713.498      45  1516.996     1570.073     1643.908
289  Q.insect+F+G4 712.107      45  1514.215     1567.291     1641.127
290  Q.insect+F+I+G4 712.739      46  1517.477     1573.633     1647.210
291  Q.insect+F+R2 712.283      46  1516.565     1572.721     1646.298
WARNING: Normalizing state frequencies so that sum of them equals to 1
309  Q.plant       719.494      25  1488.989     1502.254     1559.496
WARNING: Normalizing state frequencies so that sum of them equals to 1
310  Q.plant+I     716.309      26  1484.618     1499.092     1557.945
WARNING: Normalizing state frequencies so that sum of them equals to 1
311  Q.plant+G4    714.277      26  1480.554     1495.029     1553.882
WARNING: Normalizing state frequencies so that sum of them equals to 1
312  Q.plant+I+G4  714.929      27  1483.858     1499.608     1560.006
WARNING: Normalizing state frequencies so that sum of them equals to 1
313  Q.plant+R2    714.330      27  1482.661     1498.411     1558.808
WARNING: Normalizing state frequencies so that sum of them equals to 1
331  Q.plant+F     714.425      44  1516.849     1566.976     1640.942
WARNING: Normalizing state frequencies so that sum of them equals to 1
332  Q.plant+F+I   711.561      45  1513.121     1566.198     1640.034
WARNING: Normalizing state frequencies so that sum of them equals to 1
333  Q.plant+F+G4  709.614      45  1509.228     1562.304     1636.140
WARNING: Normalizing state frequencies so that sum of them equals to 1
334  Q.plant+F+I+G4 710.241      46  1512.483     1568.639     1642.216
WARNING: Normalizing state frequencies so that sum of them equals to 1
335  Q.plant+F+R2  709.745      46  1511.489     1567.645     1641.222
WARNING: Normalizing state frequencies so that sum of them equals to 1
353  Q.yeast       726.676      25  1503.351     1516.616     1573.858
WARNING: Normalizing state frequencies so that sum of them equals to 1
354  Q.yeast+I     724.373      26  1500.745     1515.220     1574.073
WARNING: Normalizing state frequencies so that sum of them equals to 1
355  Q.yeast+G4    722.670      26  1497.341     1511.815     1570.668
WARNING: Normalizing state frequencies so that sum of them equals to 1
356  Q.yeast+I+G4  723.290      27  1500.581     1516.331     1576.728
WARNING: Normalizing state frequencies so that sum of them equals to 1
357  Q.yeast+R2    722.843      27  1499.687     1515.437     1575.835
WARNING: Normalizing state frequencies so that sum of them equals to 1
375  Q.yeast+F     716.048      44  1520.096     1570.222     1644.188
WARNING: Normalizing state frequencies so that sum of them equals to 1
376  Q.yeast+F+I   714.545      45  1519.091     1572.168     1646.003
WARNING: Normalizing state frequencies so that sum of them equals to 1
377  Q.yeast+F+G4  712.996      45  1515.991     1569.068     1642.904
WARNING: Normalizing state frequencies so that sum of them equals to 1
378  Q.yeast+F+I+G4 713.662      46  1519.324     1575.480     1649.057
WARNING: Normalizing state frequencies so that sum of them equals to 1
379  Q.yeast+F+R2  713.151      46  1518.302     1574.458     1648.035
397  JTTDCMut      719.361      25  1488.722     1501.987     1559.229
398  JTTDCMut+I    717.684      26  1487.368     1501.842     1560.695
399  JTTDCMut+G4   716.585      26  1485.170     1499.644     1558.498
400  JTTDCMut+I+G4 717.103      27  1488.207     1503.957     1564.355
401  JTTDCMut+R2   716.772      27  1487.543     1503.293     1563.691
419  JTTDCMut+F    711.598      44  1511.197     1561.323     1635.289
420  JTTDCMut+F+I  710.245      45  1510.489     1563.566     1637.402
421  JTTDCMut+F+G4 709.029      45  1508.059     1561.136     1634.971
422  JTTDCMut+F+I+G4 709.647      46  1511.293     1567.449     1641.026
423  JTTDCMut+F+R2 709.209      46  1510.419     1566.575     1640.152
441  DCMut         732.096      25  1514.192     1527.457     1584.699
442  DCMut+I       728.845      26  1509.690     1524.164     1583.017
443  DCMut+G4      727.437      26  1506.873     1521.348     1580.201
444  DCMut+I+G4    727.905      27  1509.810     1525.560     1585.957
445  DCMut+R2      727.558      27  1509.115     1524.865     1585.263
463  DCMut+F       718.627      44  1525.254     1575.381     1649.346
464  DCMut+F+I     715.775      45  1521.550     1574.627     1648.463
465  DCMut+F+G4    714.105      45  1518.210     1571.287     1645.122
466  DCMut+F+I+G4  714.730      46  1521.461     1577.617     1651.194
467  DCMut+F+R2    714.245      46  1520.490     1576.646     1650.223
485  VT            720.721      25  1491.442     1504.707     1561.949
486  VT+I          720.198      26  1492.396     1506.871     1565.724
487  VT+G4         719.306      26  1490.611     1505.085     1563.939
488  VT+I+G4       720.011      27  1494.022     1509.772     1570.169
489  VT+R2         719.482      27  1492.963     1508.713     1569.111
507  VT+F          714.040      44  1516.080     1566.207     1640.173
508  VT+F+I        713.686      45  1517.371     1570.448     1644.284
509  VT+F+G4       712.810      45  1515.621     1568.698     1642.534
510  VT+F+I+G4     713.529      46  1519.058     1575.214     1648.791
511  VT+F+R2       712.980      46  1517.960     1574.116     1647.693
529  PMB           723.826      25  1497.653     1510.918     1568.160
530  PMB+I         723.528      26  1499.056     1513.530     1572.383
531  PMB+G4        722.610      26  1497.219     1511.694     1570.547
532  PMB+I+G4      723.349      27  1500.698     1516.448     1576.846
533  PMB+R2        722.789      27  1499.577     1515.327     1575.725
551  PMB+F         717.580      44  1523.159     1573.286     1647.252
552  PMB+F+I       717.284      45  1524.569     1577.645     1651.481
553  PMB+F+G4      716.361      45  1522.722     1575.799     1649.635
554  PMB+F+I+G4    717.107      46  1526.214     1582.370     1655.947
555  PMB+F+R2      716.538      46  1525.076     1581.232     1654.809
573  Blosum62      722.689      25  1495.379     1508.644     1565.886
574  Blosum62+I    722.285      26  1496.569     1511.043     1569.896
575  Blosum62+G4   721.543      26  1495.085     1509.559     1568.413
576  Blosum62+I+G4 722.244      27  1498.487     1514.237     1574.635
577  Blosum62+R2   721.691      27  1497.382     1513.132     1573.530
595  Blosum62+F    717.032      44  1522.065     1572.191     1646.157
596  Blosum62+F+I  716.716      45  1523.431     1576.508     1650.344
597  Blosum62+F+G4 715.991      45  1521.981     1575.058     1648.894
598  Blosum62+F+I+G4 716.674      46  1525.348     1581.504     1655.081
599  Blosum62+F+R2 716.139      46  1524.278     1580.434     1654.011
617  Dayhoff       732.132      25  1514.263     1527.529     1584.770
618  Dayhoff+I     728.848      26  1509.696     1524.171     1583.024
619  Dayhoff+G4    727.432      26  1506.863     1521.338     1580.191
620  Dayhoff+I+G4  727.899      27  1509.797     1525.547     1585.945
621  Dayhoff+R2    727.552      27  1509.105     1524.855     1585.252
639  Dayhoff+F     718.667      44  1525.334     1575.461     1649.427
640  Dayhoff+F+I   715.786      45  1521.572     1574.649     1648.485
641  Dayhoff+F+G4  714.108      45  1518.217     1571.294     1645.129
642  Dayhoff+F+I+G4 714.733      46  1521.465     1577.621     1651.198
643  Dayhoff+F+R2  714.248      46  1520.496     1576.652     1650.229
661  mtREV         750.330      25  1550.661     1563.926     1621.168
662  mtREV+I       746.861      26  1545.723     1560.197     1619.050
663  mtREV+G4      744.563      26  1541.125     1555.599     1614.452
664  mtREV+I+G4    745.148      27  1544.295     1560.045     1620.443
665  mtREV+R2      744.620      27  1543.239     1558.989     1619.387
683  mtREV+F       713.748      44  1515.497     1565.623     1639.589
684  mtREV+F+I     711.182      45  1512.365     1565.441     1639.277
685  mtREV+F+G4    708.765      45  1507.530     1560.607     1634.443
686  mtREV+F+I+G4  709.492      46  1510.983     1567.139     1640.716
687  mtREV+F+R2    708.340      46  1508.681     1564.836     1638.414
705  mtART         767.761      25  1585.522     1598.787     1656.029
706  mtART+I       757.167      26  1566.335     1580.809     1639.662
707  mtART+G4      750.339      26  1552.678     1567.152     1626.005
708  mtART+I+G4    750.781      27  1555.562     1571.312     1631.709
709  mtART+R2      752.114      27  1558.228     1573.978     1634.375
727  mtART+F       733.096      44  1554.192     1604.319     1678.285
728  mtART+F+I     724.849      45  1539.698     1592.775     1666.611
729  mtART+F+G4    718.300      45  1526.600     1579.676     1653.512
730  mtART+F+I+G4  718.810      46  1529.620     1585.776     1659.353
731  mtART+F+R2    719.288      46  1530.576     1586.732     1660.309
749  mtZOA         753.034      25  1556.069     1569.334     1626.576
750  mtZOA+I       745.480      26  1542.959     1557.433     1616.286
751  mtZOA+G4      740.796      26  1533.593     1548.067     1606.920
752  mtZOA+I+G4    741.320      27  1536.639     1552.389     1612.787
753  mtZOA+R2      741.271      27  1536.542     1552.292     1612.690
771  mtZOA+F       723.301      44  1534.602     1584.728     1658.694
772  mtZOA+F+I     718.023      45  1526.045     1579.122     1652.958
773  mtZOA+F+G4    713.953      45  1517.906     1570.983     1644.819
774  mtZOA+F+I+G4  714.549      46  1521.098     1577.254     1650.831
775  mtZOA+F+R2    713.781      46  1519.562     1575.718     1649.295
793  mtMet         756.738      25  1563.475     1576.740     1633.982
794  mtMet+I       751.188      26  1554.376     1568.851     1627.704
795  mtMet+G4      748.586      26  1549.172     1563.647     1622.500
796  mtMet+I+G4    749.001      27  1552.002     1567.752     1628.149
797  mtMet+R2      748.709      27  1551.418     1567.168     1627.566
815  mtMet+F       714.442      44  1516.884     1567.011     1640.977
816  mtMet+F+I     710.522      45  1511.044     1564.121     1637.957
817  mtMet+F+G4    708.460      45  1506.921     1559.998     1633.833
818  mtMet+F+I+G4  708.976      46  1509.951     1566.107     1639.684
819  mtMet+F+R2    708.629      46  1509.257     1565.413     1638.990
837  mtVer         761.591      25  1573.182     1586.447     1643.689
838  mtVer+I       754.898      26  1561.795     1576.269     1635.123
839  mtVer+G4      751.881      26  1555.761     1570.235     1629.089
840  mtVer+I+G4    752.271      27  1558.541     1574.291     1634.689
841  mtVer+R2      752.174      27  1558.348     1574.098     1634.496
859  mtVer+F       716.732      44  1521.465     1571.591     1645.557
860  mtVer+F+I     712.080      45  1514.161     1567.237     1641.073
861  mtVer+F+G4    709.468      45  1508.935     1562.012     1635.848
862  mtVer+F+I+G4  709.973      46  1511.946     1568.102     1641.679
863  mtVer+F+R2    709.376      46  1510.752     1566.908     1640.485
881  mtInv         765.242      25  1580.485     1593.750     1650.992
882  mtInv+I       761.510      26  1575.020     1589.495     1648.348
883  mtInv+G4      759.118      26  1570.236     1584.710     1643.563
884  mtInv+I+G4    759.693      27  1573.386     1589.136     1649.534
885  mtInv+R2      758.975      27  1571.950     1587.700     1648.098
903  mtInv+F       712.950      44  1513.899     1564.026     1637.992
904  mtInv+F+I     710.455      45  1510.910     1563.987     1637.822
905  mtInv+F+G4    708.815      45  1507.631     1560.708     1634.543
906  mtInv+F+I+G4  709.424      46  1510.849     1567.005     1640.582
907  mtInv+F+R2    708.999      46  1509.997     1566.153     1639.730
925  mtMAM         761.514      25  1573.028     1586.294     1643.535
926  mtMAM+I       752.937      26  1557.875     1572.349     1631.202
927  mtMAM+G4      747.571      26  1547.142     1561.616     1620.469
928  mtMAM+I+G4    747.984      27  1549.968     1565.718     1626.115
929  mtMAM+R2      748.542      27  1551.083     1566.833     1627.231
947  mtMAM+F       725.300      44  1538.600     1588.726     1662.692
948  mtMAM+F+I     718.255      45  1526.511     1579.588     1653.424
949  mtMAM+F+G4    713.213      45  1516.425     1569.502     1643.338
950  mtMAM+F+I+G4  713.712      46  1519.425     1575.580     1649.157
951  mtMAM+F+R2    713.407      46  1518.814     1574.970     1648.547
WARNING: Normalizing state frequencies so that sum of them equals to 1
969  FLAVI         743.339      25  1536.678     1549.943     1607.185
WARNING: Normalizing state frequencies so that sum of them equals to 1
970  FLAVI+I       736.129      26  1524.258     1538.732     1597.586
WARNING: Normalizing state frequencies so that sum of them equals to 1
971  FLAVI+G4      732.758      26  1517.515     1531.989     1590.842
WARNING: Normalizing state frequencies so that sum of them equals to 1
972  FLAVI+I+G4    733.192      27  1520.384     1536.134     1596.532
WARNING: Normalizing state frequencies so that sum of them equals to 1
973  FLAVI+R2      732.644      27  1519.289     1535.039     1595.436
WARNING: Normalizing state frequencies so that sum of them equals to 1
991  FLAVI+F       726.286      44  1540.573     1590.699     1664.665
WARNING: Normalizing state frequencies so that sum of them equals to 1
992  FLAVI+F+I     719.459      45  1528.918     1581.995     1655.831
WARNING: Normalizing state frequencies so that sum of them equals to 1
993  FLAVI+F+G4    716.273      45  1522.546     1575.623     1649.459
WARNING: Normalizing state frequencies so that sum of them equals to 1
994  FLAVI+F+I+G4  716.721      46  1525.442     1581.598     1655.175
WARNING: Normalizing state frequencies so that sum of them equals to 1
995  FLAVI+F+R2    716.141      46  1524.282     1580.438     1654.015
1013  HIVb          734.097      25  1518.194     1531.460     1588.701
1014  HIVb+I        729.210      26  1510.420     1524.895     1583.748
1015  HIVb+G4       727.445      26  1506.890     1521.365     1580.218
1016  HIVb+I+G4     727.827      27  1509.655     1525.405     1585.802
1017  HIVb+R2       727.513      27  1509.027     1524.777     1585.174
1035  HIVb+F        719.160      44  1526.320     1576.446     1650.412
1036  HIVb+F+I      714.867      45  1519.734     1572.811     1646.647
1037  HIVb+F+G4     712.598      45  1515.197     1568.273     1642.109
1038  HIVb+F+I+G4   713.133      46  1518.267     1574.423     1648.000
1039  HIVb+F+R2     712.593      46  1517.186     1573.342     1646.919
1057  HIVw          753.724      25  1557.448     1570.713     1627.955
1058  HIVw+I        744.756      26  1541.511     1555.986     1614.839
1059  HIVw+G4       744.016      26  1540.032     1554.507     1613.360
1060  HIVw+I+G4     743.964      27  1541.929     1557.679     1618.076
1061  HIVw+R2       744.247      27  1542.494     1558.244     1618.642
1079  HIVw+F        720.653      44  1529.306     1579.433     1653.399
1080  HIVw+F+I      715.615      45  1521.231     1574.308     1648.143
1081  HIVw+F+G4     713.947      45  1517.895     1570.972     1644.807
1082  HIVw+F+I+G4   714.300      46  1520.601     1576.756     1650.334
1083  HIVw+F+R2     714.169      46  1520.339     1576.495     1650.072
1101  FLU           737.524      25  1525.047     1538.312     1595.554
1102  FLU+I         731.975      26  1515.949     1530.424     1589.277
1103  FLU+G4        729.883      26  1511.766     1526.240     1585.093
1104  FLU+I+G4      730.255      27  1514.509     1530.259     1590.657
1105  FLU+R2        729.819      27  1513.637     1529.387     1589.785
1123  FLU+F         720.949      44  1529.898     1580.024     1653.990
1124  FLU+F+I       716.626      45  1523.252     1576.329     1650.165
1125  FLU+F+G4      714.000      45  1518.000     1571.077     1644.913
1126  FLU+F+I+G4    714.510      46  1521.020     1577.176     1650.753
1127  FLU+F+R2      713.854      46  1519.708     1575.864     1649.441
1145  rtREV         734.081      25  1518.162     1531.427     1588.669
1146  rtREV+I       732.757      26  1517.514     1531.988     1590.841
1147  rtREV+G4      731.517      26  1515.034     1529.508     1588.361
1148  rtREV+I+G4    732.134      27  1518.269     1534.019     1594.417
1149  rtREV+R2      731.690      27  1517.380     1533.130     1593.528
1167  rtREV+F       719.361      44  1526.722     1576.849     1650.814
1168  rtREV+F+I     717.873      45  1525.746     1578.823     1652.658
1169  rtREV+F+G4    716.573      45  1523.145     1576.222     1650.058
1170  rtREV+F+I+G4  717.231      46  1526.461     1582.617     1656.194
1171  rtREV+F+R2    716.747      46  1525.494     1581.650     1655.227
1189  cpREV         721.038      25  1492.077     1505.342     1562.584
1190  cpREV+I       719.758      26  1491.516     1505.990     1564.843
1191  cpREV+G4      718.286      26  1488.572     1503.046     1561.899
1192  cpREV+I+G4    719.001      27  1492.003     1507.753     1568.150
1193  cpREV+R2      718.419      27  1490.838     1506.588     1566.986
1211  cpREV+F       712.359      44  1512.717     1562.844     1636.810
1212  cpREV+F+I     711.353      45  1512.707     1565.784     1639.620
1213  cpREV+F+G4    709.789      45  1509.579     1562.656     1636.492
1214  cpREV+F+I+G4  710.531      46  1513.061     1569.217     1642.794
1215  cpREV+F+R2    709.898      46  1511.796     1567.951     1641.529
Akaike Information Criterion:           Q.plant+G4
Corrected Akaike Information Criterion: Q.plant+G4
Bayesian Information Criterion:         Q.plant+G4
Best-fit model: Q.plant+G4 chosen according to BIC

All model information printed to iqtree/OG0000037.fa.fa.model.gz
CPU time for ModelFinder: 3.625 seconds (0h:0m:3s)
Wall-clock time for ModelFinder: 3.699 seconds (0h:0m:3s)
Generating 1000 samples for ultrafast bootstrap (seed: 374301)...
WARNING: Normalizing state frequencies so that sum of them equals to 1

NOTE: 1 MB RAM (0 GB) is required!
Estimate model parameters (epsilon = 0.100)
1. Initial log-likelihood: -714.277
Optimal log-likelihood: -714.273
Gamma shape alpha: 0.930
Parameters optimization took 1 rounds (0.020 sec)
Wrote distance file to... 
Computing ML distances based on estimated model parameters...
Calculating distance matrix: done in 0.0165238 secs using 99.99% CPU
Computing ML distances took 0.016583 sec (of wall-clock time) 0.016580 sec (of CPU time)
Setting up auxiliary I and S matrices: done in 9.60827e-05 secs
Constructing RapidNJ tree: done in 3.60012e-05 secs
Computing RapidNJ tree took 0.000168 sec (of wall-clock time) 0.000000 sec (of CPU time)
Log-likelihood of RapidNJ tree: -714.610
--------------------------------------------------------------------
|             INITIALIZING CANDIDATE TREE SET                      |
--------------------------------------------------------------------
Generating 98 parsimony trees... 0.048 second
Computing log-likelihood of 97 initial trees ... 0.180 seconds
Current best score: -714.273

Do NNI search on 20 best initial trees
Optimizing NNI: done in 0.00699091 secs using 99.49% CPU
Estimate model parameters (epsilon = 0.100)
BETTER TREE FOUND at iteration 1: -714.272
Optimizing NNI: done in 0.0141129 secs using 100% CPU
BETTER TREE FOUND at iteration 2: -714.272
Optimizing NNI: done in 0.014024 secs using 100% CPU
Optimizing NNI: done in 0.014029 secs using 100% CPU
Optimizing NNI: done in 0.0140769 secs using 100% CPU
Optimizing NNI: done in 0.014174 secs using 100% CPU
BETTER TREE FOUND at iteration 6: -714.272
Optimizing NNI: done in 0.014055 secs using 100% CPU
Optimizing NNI: done in 0.01405 secs using 100% CPU
Optimizing NNI: done in 0.014159 secs using 99.83% CPU
Optimizing NNI: done in 0.0140319 secs using 99.99% CPU
Iteration 10 / LogL: -714.272 / Time: 0h:0m:0s
Optimizing NNI: done in 0.0140171 secs using 100% CPU
Optimizing NNI: done in 0.0139408 secs using 100% CPU
Optimizing NNI: done in 0.014055 secs using 73.85% CPU
Optimizing NNI: done in 0.0138669 secs using 100% CPU
Optimizing NNI: done in 0.013979 secs using 100% CPU
Optimizing NNI: done in 0.0138638 secs using 100% CPU
Optimizing NNI: done in 0.01388 secs using 100% CPU
Optimizing NNI: done in 0.0139539 secs using 100% CPU
Optimizing NNI: done in 0.013943 secs using 100% CPU
Optimizing NNI: done in 0.014045 secs using 100% CPU
Iteration 20 / LogL: -714.272 / Time: 0h:0m:0s
Finish initializing candidate tree set (18)
Current best tree score: -714.272 / CPU time: 0.520
Number of iterations: 20
--------------------------------------------------------------------
|               OPTIMIZING CANDIDATE TREE SET                      |
--------------------------------------------------------------------
Optimizing NNI: done in 0.025197 secs using 100% CPU
Optimizing NNI: done in 0.00674987 secs using 99.56% CPU
BETTER TREE FOUND at iteration 22: -714.272
Optimizing NNI: done in 0.02233 secs using 99.99% CPU
Optimizing NNI: done in 0.0315828 secs using 100% CPU
Optimizing NNI: done in 0.0253081 secs using 99.85% CPU
Optimizing NNI: done in 0.0325201 secs using 100% CPU
Optimizing NNI: done in 0.039439 secs using 100% CPU
Optimizing NNI: done in 0.0291829 secs using 99.89% CPU
Optimizing NNI: done in 0.026464 secs using 100% CPU
Optimizing NNI: done in 0.017766 secs using 100% CPU
Iteration 30 / LogL: -714.273 / Time: 0h:0m:0s (0h:0m:2s left)
Optimizing NNI: done in 0.03214 secs using 100% CPU
Optimizing NNI: done in 0.032697 secs using 99.91% CPU
Optimizing NNI: done in 0.0251789 secs using 100% CPU
Optimizing NNI: done in 0.013149 secs using 100% CPU
Optimizing NNI: done in 0.0116301 secs using 99.99% CPU
Optimizing NNI: done in 0.0269969 secs using 99.9% CPU
Optimizing NNI: done in 0.0124981 secs using 100% CPU
Optimizing NNI: done in 0.017278 secs using 100% CPU
Optimizing NNI: done in 0.0257969 secs using 100% CPU
Optimizing NNI: done in 0.013639 secs using 100% CPU
Iteration 40 / LogL: -714.272 / Time: 0h:0m:1s (0h:0m:2s left)
Optimizing NNI: done in 0.0253539 secs using 100% CPU
Optimizing NNI: done in 0.0193748 secs using 100% CPU
Optimizing NNI: done in 0.0127199 secs using 100% CPU
Optimizing NNI: done in 0.019486 secs using 100% CPU
Optimizing NNI: done in 0.025985 secs using 99.9% CPU
Optimizing NNI: done in 0.0129349 secs using 100% CPU
Optimizing NNI: done in 0.00651908 secs using 100% CPU
Optimizing NNI: done in 0.0322702 secs using 100% CPU
Optimizing NNI: done in 0.020566 secs using 99.17% CPU
Optimizing NNI: done in 0.0312641 secs using 100% CPU
Iteration 50 / LogL: -714.273 / Time: 0h:0m:1s (0h:0m:1s left)
Log-likelihood cutoff on original alignment: -729.855
Optimizing NNI: done in 0.027797 secs using 99.99% CPU
Optimizing NNI: done in 0.0197401 secs using 99.82% CPU
Optimizing NNI: done in 0.0183089 secs using 100% CPU
Optimizing NNI: done in 0.00657582 secs using 100% CPU
Optimizing NNI: done in 0.032517 secs using 100% CPU
Optimizing NNI: done in 0.026005 secs using 100% CPU
Optimizing NNI: done in 0.0138009 secs using 100% CPU
Optimizing NNI: done in 0.028892 secs using 100% CPU
Optimizing NNI: done in 0.032486 secs using 100% CPU
Optimizing NNI: done in 0.0492551 secs using 99.94% CPU
Iteration 60 / LogL: -714.273 / Time: 0h:0m:1s (0h:0m:1s left)
Optimizing NNI: done in 0.0135109 secs using 100% CPU
Optimizing NNI: done in 0.0451331 secs using 99.94% CPU
Optimizing NNI: done in 0.032336 secs using 100% CPU
Optimizing NNI: done in 0.0455031 secs using 100% CPU
Optimizing NNI: done in 0.032948 secs using 99.92% CPU
Optimizing NNI: done in 0.016881 secs using 100% CPU
Optimizing NNI: done in 0.031172 secs using 100% CPU
Optimizing NNI: done in 0.039701 secs using 99.92% CPU
Optimizing NNI: done in 0.02653 secs using 100% CPU
Optimizing NNI: done in 0.025897 secs using 100% CPU
Iteration 70 / LogL: -714.273 / Time: 0h:0m:1s (0h:0m:1s left)
Optimizing NNI: done in 0.0261621 secs using 99.88% CPU
Optimizing NNI: done in 0.0380321 secs using 100% CPU
Optimizing NNI: done in 0.02595 secs using 100% CPU
Optimizing NNI: done in 0.025929 secs using 100% CPU
Optimizing NNI: done in 0.0234339 secs using 100% CPU
Optimizing NNI: done in 0.0252349 secs using 100% CPU
Optimizing NNI: done in 0.0117309 secs using 100% CPU
Optimizing NNI: done in 0.025959 secs using 100% CPU
Optimizing NNI: done in 0.013164 secs using 100% CPU
Optimizing NNI: done in 0.0355241 secs using 100% CPU
Iteration 80 / LogL: -714.273 / Time: 0h:0m:2s (0h:0m:1s left)
Optimizing NNI: done in 0.023128 secs using 100% CPU
Optimizing NNI: done in 0.0324178 secs using 100% CPU
Optimizing NNI: done in 0.0260141 secs using 99.99% CPU
Optimizing NNI: done in 0.0134449 secs using 100% CPU
Optimizing NNI: done in 0.024435 secs using 100% CPU
Optimizing NNI: done in 0.0332479 secs using 99.92% CPU
Optimizing NNI: done in 0.0118821 secs using 100% CPU
Optimizing NNI: done in 0.0264361 secs using 100% CPU
Optimizing NNI: done in 0.0258129 secs using 100% CPU
Optimizing NNI: done in 0.0266452 secs using 100% CPU
Iteration 90 / LogL: -714.273 / Time: 0h:0m:2s (0h:0m:0s left)
Optimizing NNI: done in 0.019321 secs using 100% CPU
Optimizing NNI: done in 0.030915 secs using 100% CPU
Optimizing NNI: done in 0.0133951 secs using 100% CPU
Optimizing NNI: done in 0.031178 secs using 100% CPU
Optimizing NNI: done in 0.0203609 secs using 100% CPU
Optimizing NNI: done in 0.0202188 secs using 100% CPU
Optimizing NNI: done in 0.0458281 secs using 99.84% CPU
Optimizing NNI: done in 0.0117848 secs using 99.99% CPU
Optimizing NNI: done in 0.019309 secs using 100% CPU
Optimizing NNI: done in 0.0199139 secs using 100% CPU
Iteration 100 / LogL: -714.272 / Time: 0h:0m:2s (0h:0m:0s left)
Log-likelihood cutoff on original alignment: -731.178
NOTE: Bootstrap correlation coefficient of split occurrence frequencies: 0.990
NOTE: UFBoot does not converge, continue at least 100 more iterations
Optimizing NNI: done in 0.0135858 secs using 99.99% CPU
Optimizing NNI: done in 0.0197051 secs using 100% CPU
Optimizing NNI: done in 0.0135911 secs using 99.96% CPU
Optimizing NNI: done in 0.0125 secs using 100% CPU
Optimizing NNI: done in 0.0134819 secs using 99.8% CPU
Optimizing NNI: done in 0.0246871 secs using 100% CPU
Optimizing NNI: done in 0.025528 secs using 100% CPU
Optimizing NNI: done in 0.019206 secs using 100% CPU
Optimizing NNI: done in 0.0242229 secs using 99.87% CPU
Optimizing NNI: done in 0.0203199 secs using 100% CPU
Iteration 110 / LogL: -714.272 / Time: 0h:0m:3s (0h:0m:2s left)
Optimizing NNI: done in 0.044873 secs using 100% CPU
Optimizing NNI: done in 0.019702 secs using 100% CPU
Optimizing NNI: done in 0.0382869 secs using 100% CPU
Optimizing NNI: done in 0.0135009 secs using 100% CPU
UPDATE BEST LOG-LIKELIHOOD: -714.272
Optimizing NNI: done in 0.01689 secs using 100% CPU
Optimizing NNI: done in 0.024231 secs using 99.82% CPU
Optimizing NNI: done in 0.031307 secs using 100% CPU
Optimizing NNI: done in 0.0174961 secs using 100% CPU
Optimizing NNI: done in 0.0329781 secs using 100% CPU
Optimizing NNI: done in 0.0194368 secs using 100% CPU
Iteration 120 / LogL: -714.273 / Time: 0h:0m:3s (0h:0m:2s left)
Optimizing NNI: done in 0.0134239 secs using 99.99% CPU
Optimizing NNI: done in 0.0389791 secs using 100% CPU
Optimizing NNI: done in 0.0232141 secs using 99.88% CPU
Optimizing NNI: done in 0.0134721 secs using 100% CPU
Optimizing NNI: done in 0.0345409 secs using 100% CPU
Optimizing NNI: done in 0.0135369 secs using 100% CPU
Optimizing NNI: done in 0.0385549 secs using 100% CPU
Optimizing NNI: done in 0.0185342 secs using 100% CPU
Optimizing NNI: done in 0.018631 secs using 100% CPU
Optimizing NNI: done in 0.01037 secs using 99.99% CPU
Iteration 130 / LogL: -714.272 / Time: 0h:0m:3s (0h:0m:1s left)
Optimizing NNI: done in 0.0237641 secs using 99.89% CPU
Optimizing NNI: done in 0.0268281 secs using 100% CPU
Optimizing NNI: done in 0.012028 secs using 99.99% CPU
BETTER TREE FOUND at iteration 133: -714.272
Optimizing NNI: done in 0.0131011 secs using 99.92% CPU
Optimizing NNI: done in 0.0167658 secs using 99.87% CPU
Optimizing NNI: done in 0.0239792 secs using 99.96% CPU
Optimizing NNI: done in 0.01984 secs using 100% CPU
Optimizing NNI: done in 0.023881 secs using 100% CPU
Optimizing NNI: done in 0.0563419 secs using 99.94% CPU
Optimizing NNI: done in 0.021517 secs using 100% CPU
Iteration 140 / LogL: -918.672 / Time: 0h:0m:3s (0h:0m:2s left)
Optimizing NNI: done in 0.0124662 secs using 100% CPU
Optimizing NNI: done in 0.0228639 secs using 100% CPU
Optimizing NNI: done in 0.0260019 secs using 99.88% CPU
Optimizing NNI: done in 0.0106578 secs using 100% CPU
Optimizing NNI: done in 0.029696 secs using 100% CPU
Optimizing NNI: done in 0.013413 secs using 100% CPU
Optimizing NNI: done in 0.013505 secs using 99.79% CPU
Optimizing NNI: done in 0.018971 secs using 100% CPU
Optimizing NNI: done in 0.0198882 secs using 100% CPU
Optimizing NNI: done in 0.0200729 secs using 100% CPU
Iteration 150 / LogL: -714.272 / Time: 0h:0m:4s (0h:0m:2s left)
Log-likelihood cutoff on original alignment: -731.178
Optimizing NNI: done in 0.0121949 secs using 99.98% CPU
UPDATE BEST LOG-LIKELIHOOD: -714.272
Optimizing NNI: done in 0.0135522 secs using 99.99% CPU
Optimizing NNI: done in 0.0119379 secs using 100% CPU
Optimizing NNI: done in 0.0378859 secs using 100% CPU
Optimizing NNI: done in 0.01248 secs using 99.74% CPU
Optimizing NNI: done in 0.025826 secs using 100% CPU
Optimizing NNI: done in 0.020225 secs using 100% CPU
Optimizing NNI: done in 0.0207829 secs using 100% CPU
Optimizing NNI: done in 0.0201879 secs using 100% CPU
Optimizing NNI: done in 0.0184321 secs using 100% CPU
Iteration 160 / LogL: -714.272 / Time: 0h:0m:4s (0h:0m:1s left)
Optimizing NNI: done in 0.0137129 secs using 100% CPU
Optimizing NNI: done in 0.0182891 secs using 100% CPU
Optimizing NNI: done in 0.017622 secs using 100% CPU
Optimizing NNI: done in 0.0187609 secs using 99.86% CPU
Optimizing NNI: done in 0.0264089 secs using 100% CPU
Optimizing NNI: done in 0.0313129 secs using 100% CPU
Optimizing NNI: done in 0.0321832 secs using 100% CPU
Optimizing NNI: done in 0.0134959 secs using 100% CPU
Optimizing NNI: done in 0.018888 secs using 100% CPU
Optimizing NNI: done in 0.019429 secs using 100% CPU
Iteration 170 / LogL: -714.272 / Time: 0h:0m:4s (0h:0m:1s left)
Optimizing NNI: done in 0.0175102 secs using 100% CPU
Optimizing NNI: done in 0.0458169 secs using 99.85% CPU
Optimizing NNI: done in 0.0199778 secs using 100% CPU
Optimizing NNI: done in 0.0302291 secs using 99.92% CPU
Optimizing NNI: done in 0.039252 secs using 100% CPU
Optimizing NNI: done in 0.0251071 secs using 100% CPU
Optimizing NNI: done in 0.0366712 secs using 99.93% CPU
Optimizing NNI: done in 0.0121648 secs using 100% CPU
Optimizing NNI: done in 0.0259678 secs using 100% CPU
Optimizing NNI: done in 0.0197051 secs using 100% CPU
Iteration 180 / LogL: -714.272 / Time: 0h:0m:4s (0h:0m:1s left)
Optimizing NNI: done in 0.00670004 secs using 100% CPU
Optimizing NNI: done in 0.0185812 secs using 99.84% CPU
Optimizing NNI: done in 0.020097 secs using 100% CPU
Optimizing NNI: done in 0.019007 secs using 100% CPU
Optimizing NNI: done in 0.0130291 secs using 100% CPU
Optimizing NNI: done in 0.013056 secs using 99.99% CPU
Optimizing NNI: done in 0.0192139 secs using 99.87% CPU
Optimizing NNI: done in 0.038636 secs using 100% CPU
Optimizing NNI: done in 0.01987 secs using 100% CPU
Optimizing NNI: done in 0.0238991 secs using 100% CPU
Iteration 190 / LogL: -714.273 / Time: 0h:0m:5s (0h:0m:1s left)
Optimizing NNI: done in 0.025969 secs using 100% CPU
Optimizing NNI: done in 0.0260282 secs using 100% CPU
Optimizing NNI: done in 0.0157571 secs using 100% CPU
Optimizing NNI: done in 0.0132561 secs using 100% CPU
Optimizing NNI: done in 0.0136158 secs using 99.81% CPU
Optimizing NNI: done in 0.0137181 secs using 100% CPU
Optimizing NNI: done in 0.0247581 secs using 100% CPU
Optimizing NNI: done in 0.018481 secs using 100% CPU
Optimizing NNI: done in 0.013566 secs using 100% CPU
Optimizing NNI: done in 0.0313261 secs using 100% CPU
Iteration 200 / LogL: -714.272 / Time: 0h:0m:5s (0h:0m:0s left)
Log-likelihood cutoff on original alignment: -732.536
NOTE: Bootstrap correlation coefficient of split occurrence frequencies: 0.990
NOTE: UFBoot does not converge, continue at least 100 more iterations
Optimizing NNI: done in 0.0104041 secs using 99.98% CPU
UPDATE BEST LOG-LIKELIHOOD: -714.272
Optimizing NNI: done in 0.0196378 secs using 100% CPU
Optimizing NNI: done in 0.012311 secs using 99.74% CPU
Optimizing NNI: done in 0.0326531 secs using 100% CPU
Optimizing NNI: done in 0.020257 secs using 100% CPU
Optimizing NNI: done in 0.0165422 secs using 100% CPU
Optimizing NNI: done in 0.010298 secs using 100% CPU
Optimizing NNI: done in 0.0244761 secs using 100% CPU
Optimizing NNI: done in 0.0269411 secs using 100% CPU
Optimizing NNI: done in 0.0331061 secs using 100% CPU
Iteration 210 / LogL: -714.273 / Time: 0h:0m:5s (0h:0m:2s left)
Optimizing NNI: done in 0.031131 secs using 99.9% CPU
Optimizing NNI: done in 0.0328319 secs using 100% CPU
Optimizing NNI: done in 0.0194969 secs using 100% CPU
Optimizing NNI: done in 0.0137091 secs using 99.61% CPU
Optimizing NNI: done in 0.0134091 secs using 100% CPU
Optimizing NNI: done in 0.0447659 secs using 100% CPU
Optimizing NNI: done in 0.0118101 secs using 99.99% CPU
Optimizing NNI: done in 0.0400798 secs using 99.93% CPU
Optimizing NNI: done in 0.032074 secs using 100% CPU
Optimizing NNI: done in 0.01282 secs using 100% CPU
Iteration 220 / LogL: -714.273 / Time: 0h:0m:5s (0h:0m:2s left)
Optimizing NNI: done in 0.0171669 secs using 99.83% CPU
Optimizing NNI: done in 0.0130742 secs using 100% CPU
Optimizing NNI: done in 0.032001 secs using 100% CPU
Optimizing NNI: done in 0.035814 secs using 100% CPU
Optimizing NNI: done in 0.0262778 secs using 99.89% CPU
Optimizing NNI: done in 0.0388432 secs using 100% CPU
Optimizing NNI: done in 0.0390151 secs using 100% CPU
Optimizing NNI: done in 0.0265222 secs using 100% CPU
Optimizing NNI: done in 0.0259049 secs using 100% CPU
Optimizing NNI: done in 0.0223501 secs using 100% CPU
Iteration 230 / LogL: -918.672 / Time: 0h:0m:6s (0h:0m:1s left)
Optimizing NNI: done in 0.018656 secs using 99.87% CPU
Optimizing NNI: done in 0.0388491 secs using 100% CPU
Optimizing NNI: done in 0.013464 secs using 100% CPU
Optimizing NNI: done in 0.0320199 secs using 100% CPU
Optimizing NNI: done in 0.0136161 secs using 100% CPU
Optimizing NNI: done in 0.020335 secs using 100% CPU
Optimizing NNI: done in 0.020082 secs using 100% CPU
Optimizing NNI: done in 0.031791 secs using 99.92% CPU
Optimizing NNI: done in 0.0157399 secs using 99.99% CPU
Optimizing NNI: done in 0.0197871 secs using 100% CPU
Iteration 240 / LogL: -714.272 / Time: 0h:0m:6s (0h:0m:1s left)
Optimizing NNI: done in 0.0195448 secs using 100% CPU
Optimizing NNI: done in 0.021369 secs using 100% CPU
Optimizing NNI: done in 0.031909 secs using 100% CPU
Optimizing NNI: done in 0.026576 secs using 100% CPU
Optimizing NNI: done in 0.0265062 secs using 100% CPU
Optimizing NNI: done in 0.025991 secs using 100% CPU
Optimizing NNI: done in 0.033504 secs using 100% CPU
Optimizing NNI: done in 0.0134439 secs using 100% CPU
Optimizing NNI: done in 0.0121551 secs using 100% CPU
Optimizing NNI: done in 0.029932 secs using 100% CPU
Iteration 250 / LogL: -714.272 / Time: 0h:0m:6s (0h:0m:1s left)
Log-likelihood cutoff on original alignment: -733.207
Optimizing NNI: done in 0.032969 secs using 100% CPU
Optimizing NNI: done in 0.022372 secs using 100% CPU
Optimizing NNI: done in 0.013653 secs using 99.99% CPU
Optimizing NNI: done in 0.0122061 secs using 99.99% CPU
Optimizing NNI: done in 0.0266018 secs using 100% CPU
Optimizing NNI: done in 0.0261819 secs using 99.89% CPU
Optimizing NNI: done in 0.019557 secs using 100% CPU
Optimizing NNI: done in 0.010443 secs using 100% CPU
Optimizing NNI: done in 0.0136211 secs using 100% CPU
Optimizing NNI: done in 0.019659 secs using 79.8% CPU
Iteration 260 / LogL: -714.272 / Time: 0h:0m:7s (0h:0m:1s left)
Optimizing NNI: done in 0.0236661 secs using 99.86% CPU
Optimizing NNI: done in 0.0136249 secs using 99.78% CPU
Optimizing NNI: done in 0.013504 secs using 99.99% CPU
Optimizing NNI: done in 0.039207 secs using 100% CPU
Optimizing NNI: done in 0.019397 secs using 100% CPU
Optimizing NNI: done in 0.0134802 secs using 100% CPU
Optimizing NNI: done in 0.052773 secs using 100% CPU
Optimizing NNI: done in 0.0194499 secs using 100% CPU
Optimizing NNI: done in 0.0321491 secs using 99.92% CPU
Optimizing NNI: done in 0.0136459 secs using 99.92% CPU
Iteration 270 / LogL: -714.272 / Time: 0h:0m:7s (0h:0m:0s left)
Optimizing NNI: done in 0.0362871 secs using 100% CPU
Optimizing NNI: done in 0.0194099 secs using 100% CPU
Optimizing NNI: done in 0.0184109 secs using 100% CPU
Optimizing NNI: done in 0.011205 secs using 100% CPU
Optimizing NNI: done in 0.012907 secs using 100% CPU
Optimizing NNI: done in 0.0257218 secs using 99.88% CPU
Optimizing NNI: done in 0.040149 secs using 100% CPU
Optimizing NNI: done in 0.012588 secs using 100% CPU
Optimizing NNI: done in 0.0128291 secs using 100% CPU
Optimizing NNI: done in 0.01948 secs using 100% CPU
Iteration 280 / LogL: -714.272 / Time: 0h:0m:7s (0h:0m:0s left)
Optimizing NNI: done in 0.0235379 secs using 99.9% CPU
Optimizing NNI: done in 0.024848 secs using 100% CPU
Optimizing NNI: done in 0.013339 secs using 100% CPU
Optimizing NNI: done in 0.031332 secs using 99.61% CPU
Optimizing NNI: done in 0.0197091 secs using 100% CPU
Optimizing NNI: done in 0.0456531 secs using 99.94% CPU
Optimizing NNI: done in 0.026504 secs using 100% CPU
Optimizing NNI: done in 0.0327568 secs using 100% CPU
Optimizing NNI: done in 0.0121691 secs using 100% CPU
Optimizing NNI: done in 0.026207 secs using 99.45% CPU
Iteration 290 / LogL: -714.272 / Time: 0h:0m:7s (0h:0m:0s left)
Optimizing NNI: done in 0.0262141 secs using 100% CPU
Optimizing NNI: done in 0.032068 secs using 100% CPU
Optimizing NNI: done in 0.0204 secs using 99.85% CPU
Optimizing NNI: done in 0.019978 secs using 99.02% CPU
Optimizing NNI: done in 0.026108 secs using 100% CPU
Optimizing NNI: done in 0.0430439 secs using 100% CPU
Optimizing NNI: done in 0.0250618 secs using 100% CPU
Optimizing NNI: done in 0.0263329 secs using 99.91% CPU
Optimizing NNI: done in 0.0453968 secs using 99.95% CPU
Optimizing NNI: done in 0.0265369 secs using 100% CPU
Iteration 300 / LogL: -714.273 / Time: 0h:0m:8s (0h:0m:0s left)
Log-likelihood cutoff on original alignment: -733.469
NOTE: Bootstrap correlation coefficient of split occurrence frequencies: 0.987
NOTE: UFBoot does not converge, continue at least 100 more iterations
Optimizing NNI: done in 0.020484 secs using 100% CPU
Optimizing NNI: done in 0.01965 secs using 100% CPU
Optimizing NNI: done in 0.026304 secs using 100% CPU
Optimizing NNI: done in 0.0193331 secs using 100% CPU
Optimizing NNI: done in 0.0247262 secs using 100% CPU
Optimizing NNI: done in 0.0106401 secs using 99.99% CPU
Optimizing NNI: done in 0.010571 secs using 100% CPU
Optimizing NNI: done in 0.00677896 secs using 100% CPU
Optimizing NNI: done in 0.0261631 secs using 100% CPU
Optimizing NNI: done in 0.0194292 secs using 99.86% CPU
Iteration 310 / LogL: -714.272 / Time: 0h:0m:8s (0h:0m:2s left)
Optimizing NNI: done in 0.02637 secs using 99.07% CPU
Optimizing NNI: done in 0.02494 secs using 100% CPU
Optimizing NNI: done in 0.0142171 secs using 100% CPU
Optimizing NNI: done in 0.0134971 secs using 100% CPU
Optimizing NNI: done in 0.0299671 secs using 100% CPU
Optimizing NNI: done in 0.0326459 secs using 99.91% CPU
Optimizing NNI: done in 0.025357 secs using 100% CPU
Optimizing NNI: done in 0.0224249 secs using 100% CPU
Optimizing NNI: done in 0.012732 secs using 100% CPU
Optimizing NNI: done in 0.04497 secs using 99.9% CPU
Iteration 320 / LogL: -714.273 / Time: 0h:0m:8s (0h:0m:2s left)
Optimizing NNI: done in 0.0201821 secs using 100% CPU
Optimizing NNI: done in 0.0197492 secs using 100% CPU
Optimizing NNI: done in 0.0188999 secs using 100% CPU
Optimizing NNI: done in 0.0133989 secs using 100% CPU
Optimizing NNI: done in 0.037822 secs using 100% CPU
Optimizing NNI: done in 0.047992 secs using 100% CPU
Optimizing NNI: done in 0.0104001 secs using 99.99% CPU
Optimizing NNI: done in 0.0109942 secs using 100% CPU
Optimizing NNI: done in 0.013617 secs using 100% CPU
Optimizing NNI: done in 0.0179598 secs using 100% CPU
Iteration 330 / LogL: -714.272 / Time: 0h:0m:8s (0h:0m:1s left)
Optimizing NNI: done in 0.0262771 secs using 100% CPU
Optimizing NNI: done in 0.0326331 secs using 100% CPU
Optimizing NNI: done in 0.0253301 secs using 100% CPU
Optimizing NNI: done in 0.011009 secs using 99.77% CPU
Optimizing NNI: done in 0.0254889 secs using 100% CPU
Optimizing NNI: done in 0.0259659 secs using 100% CPU
Optimizing NNI: done in 0.0187831 secs using 100% CPU
Optimizing NNI: done in 0.03175 secs using 100% CPU
Optimizing NNI: done in 0.025857 secs using 100% CPU
Optimizing NNI: done in 0.0455251 secs using 100% CPU
Iteration 340 / LogL: -714.273 / Time: 0h:0m:9s (0h:0m:1s left)
Optimizing NNI: done in 0.010468 secs using 99.99% CPU
Optimizing NNI: done in 0.00658798 secs using 100% CPU
Optimizing NNI: done in 0.024492 secs using 100% CPU
Optimizing NNI: done in 0.0332589 secs using 100% CPU
Optimizing NNI: done in 0.015893 secs using 100% CPU
Optimizing NNI: done in 0.0388701 secs using 100% CPU
Optimizing NNI: done in 0.0313818 secs using 100% CPU
Optimizing NNI: done in 0.0135849 secs using 100% CPU
Optimizing NNI: done in 0.011579 secs using 100% CPU
Optimizing NNI: done in 0.045522 secs using 100% CPU
Iteration 350 / LogL: -714.273 / Time: 0h:0m:9s (0h:0m:1s left)
Log-likelihood cutoff on original alignment: -735.754
Optimizing NNI: done in 0.0264518 secs using 99.99% CPU
Optimizing NNI: done in 0.0139658 secs using 100% CPU
Optimizing NNI: done in 0.0498161 secs using 100% CPU
Optimizing NNI: done in 0.0263579 secs using 100% CPU
Optimizing NNI: done in 0.022073 secs using 99.81% CPU
Optimizing NNI: done in 0.0196538 secs using 100% CPU
Optimizing NNI: done in 0.0255172 secs using 100% CPU
Optimizing NNI: done in 0.0314231 secs using 100% CPU
Optimizing NNI: done in 0.0197699 secs using 100% CPU
Optimizing NNI: done in 0.0269041 secs using 100% CPU
Iteration 360 / LogL: -714.272 / Time: 0h:0m:9s (0h:0m:1s left)
Optimizing NNI: done in 0.0250618 secs using 100% CPU
Optimizing NNI: done in 0.0116172 secs using 99.99% CPU
Optimizing NNI: done in 0.0125461 secs using 99.77% CPU
Optimizing NNI: done in 0.025398 secs using 100% CPU
Optimizing NNI: done in 0.037776 secs using 100% CPU
Optimizing NNI: done in 0.0373089 secs using 100% CPU
Optimizing NNI: done in 0.0138099 secs using 100% CPU
Optimizing NNI: done in 0.0136039 secs using 100% CPU
Optimizing NNI: done in 0.0193779 secs using 100% CPU
Optimizing NNI: done in 0.0126741 secs using 99.99% CPU
Iteration 370 / LogL: -714.273 / Time: 0h:0m:10s (0h:0m:0s left)
Optimizing NNI: done in 0.0133989 secs using 99.99% CPU
Optimizing NNI: done in 0.0439501 secs using 100% CPU
Optimizing NNI: done in 0.022377 secs using 100% CPU
Optimizing NNI: done in 0.0223942 secs using 99.99% CPU
Optimizing NNI: done in 0.0256331 secs using 100% CPU
Optimizing NNI: done in 0.0175922 secs using 100% CPU
Optimizing NNI: done in 0.0419409 secs using 100% CPU
Optimizing NNI: done in 0.017534 secs using 100% CPU
Optimizing NNI: done in 0.038991 secs using 100% CPU
Optimizing NNI: done in 0.00984216 secs using 100% CPU
Iteration 380 / LogL: -714.272 / Time: 0h:0m:10s (0h:0m:0s left)
Optimizing NNI: done in 0.013257 secs using 99.99% CPU
Optimizing NNI: done in 0.0250421 secs using 100% CPU
Optimizing NNI: done in 0.0256732 secs using 100% CPU
Optimizing NNI: done in 0.027029 secs using 100% CPU
Optimizing NNI: done in 0.0361161 secs using 100% CPU
Optimizing NNI: done in 0.022305 secs using 100% CPU
Optimizing NNI: done in 0.0264459 secs using 100% CPU
Optimizing NNI: done in 0.0138202 secs using 100% CPU
Optimizing NNI: done in 0.0180769 secs using 100% CPU
Optimizing NNI: done in 0.032253 secs using 100% CPU
Iteration 390 / LogL: -714.273 / Time: 0h:0m:10s (0h:0m:0s left)
Optimizing NNI: done in 0.0257509 secs using 99.93% CPU
Optimizing NNI: done in 0.0134101 secs using 100% CPU
Optimizing NNI: done in 0.050874 secs using 37.1% CPU
Optimizing NNI: done in 0.034003 secs using 52.94% CPU
Optimizing NNI: done in 0.029304 secs using 45.4% CPU
Optimizing NNI: done in 0.0659368 secs using 39.33% CPU
Optimizing NNI: done in 0.0360131 secs using 55.58% CPU
Optimizing NNI: done in 0.045012 secs using 100% CPU
Optimizing NNI: done in 0.029587 secs using 100% CPU
Optimizing NNI: done in 0.010442 secs using 99.78% CPU
Iteration 400 / LogL: -714.272 / Time: 0h:0m:11s (0h:0m:0s left)
Log-likelihood cutoff on original alignment: -736.694
NOTE: Bootstrap correlation coefficient of split occurrence frequencies: 0.986
NOTE: UFBoot does not converge, continue at least 100 more iterations
Optimizing NNI: done in 0.0132411 secs using 99.98% CPU
Optimizing NNI: done in 0.025502 secs using 100% CPU
Optimizing NNI: done in 0.0293729 secs using 99.99% CPU
Optimizing NNI: done in 0.024256 secs using 100% CPU
Optimizing NNI: done in 0.046972 secs using 65.94% CPU
Optimizing NNI: done in 0.018718 secs using 100% CPU
Optimizing NNI: done in 0.0239351 secs using 100% CPU
Optimizing NNI: done in 0.0184121 secs using 99.99% CPU
Optimizing NNI: done in 0.03285 secs using 100% CPU
Optimizing NNI: done in 0.0317609 secs using 100% CPU
Iteration 410 / LogL: -714.272 / Time: 0h:0m:11s (0h:0m:2s left)
Optimizing NNI: done in 0.023279 secs using 100% CPU
Optimizing NNI: done in 0.044229 secs using 100% CPU
Optimizing NNI: done in 0.0131872 secs using 100% CPU
Optimizing NNI: done in 0.019707 secs using 100% CPU
Optimizing NNI: done in 0.0335031 secs using 99.47% CPU
Optimizing NNI: done in 0.0283191 secs using 99.93% CPU
Optimizing NNI: done in 0.0380709 secs using 100% CPU
Optimizing NNI: done in 0.0181031 secs using 99.99% CPU
Optimizing NNI: done in 0.040225 secs using 99.92% CPU
Optimizing NNI: done in 0.0134761 secs using 100% CPU
Iteration 420 / LogL: -714.273 / Time: 0h:0m:11s (0h:0m:2s left)
Optimizing NNI: done in 0.0138061 secs using 100% CPU
Optimizing NNI: done in 0.00659394 secs using 99.99% CPU
Optimizing NNI: done in 0.0242209 secs using 100% CPU
Optimizing NNI: done in 0.018718 secs using 99.99% CPU
Optimizing NNI: done in 0.030812 secs using 100% CPU
Optimizing NNI: done in 0.0183182 secs using 99.99% CPU
Optimizing NNI: done in 0.0258031 secs using 100% CPU
Optimizing NNI: done in 0.0223532 secs using 100% CPU
Optimizing NNI: done in 0.0200849 secs using 99.89% CPU
Optimizing NNI: done in 0.0187058 secs using 100% CPU
Iteration 430 / LogL: -714.272 / Time: 0h:0m:11s (0h:0m:1s left)
Optimizing NNI: done in 0.02284 secs using 100% CPU
Optimizing NNI: done in 0.026217 secs using 100% CPU
Optimizing NNI: done in 0.02349 secs using 100% CPU
Optimizing NNI: done in 0.0263338 secs using 99.97% CPU
Optimizing NNI: done in 0.02632 secs using 100% CPU
Optimizing NNI: done in 0.0116589 secs using 100% CPU
Optimizing NNI: done in 0.0261562 secs using 100% CPU
Optimizing NNI: done in 0.0110621 secs using 100% CPU
Optimizing NNI: done in 0.0384929 secs using 100% CPU
Optimizing NNI: done in 0.0103331 secs using 100% CPU
Iteration 440 / LogL: -714.272 / Time: 0h:0m:12s (0h:0m:1s left)
Optimizing NNI: done in 0.0175571 secs using 99.9% CPU
Optimizing NNI: done in 0.011946 secs using 99.99% CPU
Optimizing NNI: done in 0.018908 secs using 100% CPU
Optimizing NNI: done in 0.0194681 secs using 99.98% CPU
Optimizing NNI: done in 0.0260031 secs using 100% CPU
Optimizing NNI: done in 0.0133531 secs using 99.99% CPU
Optimizing NNI: done in 0.013716 secs using 100% CPU
Optimizing NNI: done in 0.025687 secs using 100% CPU
Optimizing NNI: done in 0.0239182 secs using 100% CPU
Optimizing NNI: done in 0.037205 secs using 100% CPU
Iteration 450 / LogL: -714.273 / Time: 0h:0m:12s (0h:0m:1s left)
Log-likelihood cutoff on original alignment: -736.694
Optimizing NNI: done in 0.0118668 secs using 100% CPU
Optimizing NNI: done in 0.013526 secs using 100% CPU
Optimizing NNI: done in 0.027904 secs using 100% CPU
Optimizing NNI: done in 0.019238 secs using 99.92% CPU
Optimizing NNI: done in 0.026191 secs using 100% CPU
Optimizing NNI: done in 0.0461221 secs using 100% CPU
Optimizing NNI: done in 0.0367169 secs using 99.9% CPU
Optimizing NNI: done in 0.0134399 secs using 100% CPU
Optimizing NNI: done in 0.0104022 secs using 100% CPU
Optimizing NNI: done in 0.0256979 secs using 99.99% CPU
Iteration 460 / LogL: -732.768 / Time: 0h:0m:12s (0h:0m:1s left)
Optimizing NNI: done in 0.0135698 secs using 99.99% CPU
Optimizing NNI: done in 0.0132821 secs using 99.99% CPU
Optimizing NNI: done in 0.0182328 secs using 100% CPU
Optimizing NNI: done in 0.0191979 secs using 100% CPU
Optimizing NNI: done in 0.0100589 secs using 100% CPU
Optimizing NNI: done in 0.022644 secs using 100% CPU
Optimizing NNI: done in 0.0189819 secs using 100% CPU
Optimizing NNI: done in 0.0344379 secs using 99.83% CPU
Optimizing NNI: done in 0.030513 secs using 100% CPU
Optimizing NNI: done in 0.025851 secs using 100% CPU
Iteration 470 / LogL: -714.273 / Time: 0h:0m:13s (0h:0m:0s left)
Optimizing NNI: done in 0.012794 secs using 100% CPU
Optimizing NNI: done in 0.013087 secs using 100% CPU
Optimizing NNI: done in 0.0322218 secs using 99.89% CPU
Optimizing NNI: done in 0.0309222 secs using 100% CPU
Optimizing NNI: done in 0.0134389 secs using 99.99% CPU
Optimizing NNI: done in 0.0103509 secs using 100% CPU
Optimizing NNI: done in 0.025728 secs using 100% CPU
Optimizing NNI: done in 0.019248 secs using 99.99% CPU
Optimizing NNI: done in 0.029356 secs using 100% CPU
Optimizing NNI: done in 0.0168581 secs using 100% CPU
Iteration 480 / LogL: -714.272 / Time: 0h:0m:13s (0h:0m:0s left)
Optimizing NNI: done in 0.0192468 secs using 100% CPU
Optimizing NNI: done in 0.023288 secs using 100% CPU
Optimizing NNI: done in 0.0103769 secs using 100% CPU
Optimizing NNI: done in 0.0242372 secs using 100% CPU
Optimizing NNI: done in 0.0447919 secs using 100% CPU
Optimizing NNI: done in 0.0133319 secs using 99.99% CPU
Optimizing NNI: done in 0.051507 secs using 99.97% CPU
Optimizing NNI: done in 0.0176899 secs using 99.99% CPU
Optimizing NNI: done in 0.0196822 secs using 99.99% CPU
Optimizing NNI: done in 0.033437 secs using 100% CPU
Iteration 490 / LogL: -714.273 / Time: 0h:0m:13s (0h:0m:0s left)
Optimizing NNI: done in 0.019227 secs using 100% CPU
Optimizing NNI: done in 0.01703 secs using 100% CPU
Optimizing NNI: done in 0.0189619 secs using 100% CPU
Optimizing NNI: done in 0.025949 secs using 100% CPU
Optimizing NNI: done in 0.0064671 secs using 99.98% CPU
Optimizing NNI: done in 0.0453629 secs using 99.95% CPU
Optimizing NNI: done in 0.032624 secs using 100% CPU
Optimizing NNI: done in 0.0273421 secs using 100% CPU
Optimizing NNI: done in 0.0176859 secs using 100% CPU
Optimizing NNI: done in 0.0133579 secs using 99.99% CPU
Iteration 500 / LogL: -714.272 / Time: 0h:0m:13s (0h:0m:0s left)
Log-likelihood cutoff on original alignment: -736.694
NOTE: Bootstrap correlation coefficient of split occurrence frequencies: 0.989
NOTE: UFBoot does not converge, continue at least 100 more iterations
Optimizing NNI: done in 0.010314 secs using 99.98% CPU
Optimizing NNI: done in 0.0183001 secs using 100% CPU
Optimizing NNI: done in 0.0318279 secs using 99.92% CPU
Optimizing NNI: done in 0.0180719 secs using 100% CPU
Optimizing NNI: done in 0.025054 secs using 100% CPU
Optimizing NNI: done in 0.0303321 secs using 99.93% CPU
Optimizing NNI: done in 0.026418 secs using 100% CPU
Optimizing NNI: done in 0.038523 secs using 99.95% CPU
Optimizing NNI: done in 0.013952 secs using 100% CPU
Optimizing NNI: done in 0.0476182 secs using 100% CPU
Iteration 510 / LogL: -714.273 / Time: 0h:0m:14s (0h:0m:2s left)
Optimizing NNI: done in 0.031189 secs using 100% CPU
Optimizing NNI: done in 0.02566 secs using 100% CPU
Optimizing NNI: done in 0.0569961 secs using 100% CPU
Optimizing NNI: done in 0.0319211 secs using 100% CPU
Optimizing NNI: done in 0.0129621 secs using 100% CPU
Optimizing NNI: done in 0.012023 secs using 100% CPU
Optimizing NNI: done in 0.022917 secs using 100% CPU
Optimizing NNI: done in 0.0131221 secs using 99.99% CPU
Optimizing NNI: done in 0.04441 secs using 100% CPU
Optimizing NNI: done in 0.031152 secs using 100% CPU
Iteration 520 / LogL: -714.272 / Time: 0h:0m:14s (0h:0m:2s left)
Optimizing NNI: done in 0.04494 secs using 100% CPU
Optimizing NNI: done in 0.0191278 secs using 100% CPU
Optimizing NNI: done in 0.0168841 secs using 99.89% CPU
Optimizing NNI: done in 0.0380709 secs using 100% CPU
Optimizing NNI: done in 0.0135159 secs using 99.99% CPU
Optimizing NNI: done in 0.0448699 secs using 100% CPU
Optimizing NNI: done in 0.0248001 secs using 99.88% CPU
Optimizing NNI: done in 0.019937 secs using 100% CPU
Optimizing NNI: done in 0.02987 secs using 100% CPU
Optimizing NNI: done in 0.019567 secs using 100% CPU
Iteration 530 / LogL: -714.272 / Time: 0h:0m:14s (0h:0m:1s left)
Optimizing NNI: done in 0.025034 secs using 100% CPU
Optimizing NNI: done in 0.019171 secs using 100% CPU
Optimizing NNI: done in 0.015481 secs using 99.99% CPU
Optimizing NNI: done in 0.012959 secs using 100% CPU
Optimizing NNI: done in 0.0191731 secs using 99.91% CPU
Optimizing NNI: done in 0.0103171 secs using 100% CPU
Optimizing NNI: done in 0.0258679 secs using 100% CPU
Optimizing NNI: done in 0.0135388 secs using 100% CPU
Optimizing NNI: done in 0.0200739 secs using 100% CPU
Optimizing NNI: done in 0.027529 secs using 99.62% CPU
Iteration 540 / LogL: -714.273 / Time: 0h:0m:15s (0h:0m:1s left)
Optimizing NNI: done in 0.034914 secs using 90.52% CPU
Optimizing NNI: done in 0.018995 secs using 100% CPU
Optimizing NNI: done in 0.0259831 secs using 99.98% CPU
Optimizing NNI: done in 0.0206449 secs using 96.38% CPU
Optimizing NNI: done in 0.0116258 secs using 100% CPU
Optimizing NNI: done in 0.0247619 secs using 75.41% CPU
Optimizing NNI: done in 0.0195861 secs using 99.99% CPU
Optimizing NNI: done in 0.0195529 secs using 100% CPU
Optimizing NNI: done in 0.019347 secs using 100% CPU
Optimizing NNI: done in 0.0192189 secs using 99.87% CPU
Iteration 550 / LogL: -714.272 / Time: 0h:0m:15s (0h:0m:1s left)
Log-likelihood cutoff on original alignment: -737.762
Optimizing NNI: done in 0.0208449 secs using 99.89% CPU
Optimizing NNI: done in 0.013665 secs using 99.92% CPU
Optimizing NNI: done in 0.026099 secs using 99.9% CPU
Optimizing NNI: done in 0.030308 secs using 99.96% CPU
Optimizing NNI: done in 0.0261691 secs using 100% CPU
Optimizing NNI: done in 0.0179629 secs using 99.99% CPU
Optimizing NNI: done in 0.0260088 secs using 100% CPU
Optimizing NNI: done in 0.00662589 secs using 100% CPU
Optimizing NNI: done in 0.0130639 secs using 100% CPU
Optimizing NNI: done in 0.0217111 secs using 100% CPU
Iteration 560 / LogL: -714.272 / Time: 0h:0m:15s (0h:0m:1s left)
Optimizing NNI: done in 0.0262251 secs using 100% CPU
Optimizing NNI: done in 0.025892 secs using 100% CPU
Optimizing NNI: done in 0.019208 secs using 100% CPU
Optimizing NNI: done in 0.019093 secs using 100% CPU
Optimizing NNI: done in 0.018959 secs using 100% CPU
Optimizing NNI: done in 0.0191929 secs using 99.81% CPU
Optimizing NNI: done in 0.028944 secs using 100% CPU
Optimizing NNI: done in 0.023334 secs using 100% CPU
Optimizing NNI: done in 0.019418 secs using 100% CPU
Optimizing NNI: done in 0.0105431 secs using 100% CPU
Iteration 570 / LogL: -726.798 / Time: 0h:0m:15s (0h:0m:0s left)
Optimizing NNI: done in 0.0267081 secs using 100% CPU
Optimizing NNI: done in 0.0134411 secs using 100% CPU
Optimizing NNI: done in 0.025728 secs using 100% CPU
Optimizing NNI: done in 0.0180371 secs using 99.99% CPU
Optimizing NNI: done in 0.019227 secs using 100% CPU
Optimizing NNI: done in 0.0373621 secs using 100% CPU
Optimizing NNI: done in 0.02718 secs using 100% CPU
Optimizing NNI: done in 0.0253811 secs using 100% CPU
Optimizing NNI: done in 0.0362771 secs using 100% CPU
Optimizing NNI: done in 0.0387161 secs using 100% CPU
Iteration 580 / LogL: -714.273 / Time: 0h:0m:16s (0h:0m:0s left)
Optimizing NNI: done in 0.0131211 secs using 100% CPU
Optimizing NNI: done in 0.0292511 secs using 100% CPU
Optimizing NNI: done in 0.0324469 secs using 100% CPU
Optimizing NNI: done in 0.0191028 secs using 100% CPU
Optimizing NNI: done in 0.0290811 secs using 100% CPU
Optimizing NNI: done in 0.0392411 secs using 100% CPU
Optimizing NNI: done in 0.01037 secs using 100% CPU
Optimizing NNI: done in 0.0190129 secs using 100% CPU
Optimizing NNI: done in 0.0174599 secs using 100% CPU
Optimizing NNI: done in 0.0107381 secs using 99.99% CPU
Iteration 590 / LogL: -714.272 / Time: 0h:0m:16s (0h:0m:0s left)
Optimizing NNI: done in 0.0182171 secs using 99.99% CPU
Optimizing NNI: done in 0.013123 secs using 100% CPU
Optimizing NNI: done in 0.0257502 secs using 100% CPU
Optimizing NNI: done in 0.0319519 secs using 100% CPU
Optimizing NNI: done in 0.0182259 secs using 100% CPU
Optimizing NNI: done in 0.0326111 secs using 100% CPU
Optimizing NNI: done in 0.0199921 secs using 100% CPU
Optimizing NNI: done in 0.0191081 secs using 100% CPU
Optimizing NNI: done in 0.0125842 secs using 99.99% CPU
Optimizing NNI: done in 0.0324328 secs using 99.92% CPU
Iteration 600 / LogL: -714.272 / Time: 0h:0m:16s (0h:0m:0s left)
Log-likelihood cutoff on original alignment: -738.599
NOTE: Bootstrap correlation coefficient of split occurrence frequencies: 0.994
TREE SEARCH COMPLETED AFTER 600 ITERATIONS / Time: 0h:0m:16s

--------------------------------------------------------------------
|                    FINALIZING TREE SEARCH                        |
--------------------------------------------------------------------
Performs final model parameters optimization
Estimate model parameters (epsilon = 0.010)
1. Initial log-likelihood: -714.272
Optimal log-likelihood: -714.272
Gamma shape alpha: 0.917
Parameters optimization took 1 rounds (0.005 sec)
BEST SCORE FOUND : -714.272
Creating bootstrap support values...
Split supports printed to NEXUS file iqtree/OG0000037.fa.fa.splits.nex
Total tree length: 1.645

Total number of iterations: 600
CPU time used for tree search: 16.456 sec (0h:0m:16s)
Wall-clock time used for tree search: 16.651 sec (0h:0m:16s)
Total CPU time used: 16.535 sec (0h:0m:16s)
Total wall-clock time used: 16.752 sec (0h:0m:16s)

Computing bootstrap consensus tree...
Reading input file iqtree/OG0000037.fa.fa.splits.nex...
14 taxa and 167 splits.
Consensus tree written to iqtree/OG0000037.fa.fa.contree
Reading input trees file iqtree/OG0000037.fa.fa.contree
Log-likelihood of consensus tree: -714.275

Analysis results written to: 
  IQ-TREE report:                iqtree/OG0000037.fa.fa.iqtree
  Maximum-likelihood tree:       iqtree/OG0000037.fa.fa.treefile
  Likelihood distances:          iqtree/OG0000037.fa.fa.mldist

Ultrafast bootstrap approximation results written to:
  Split support values:          iqtree/OG0000037.fa.fa.splits.nex
  Consensus tree:                iqtree/OG0000037.fa.fa.contree
  Screen log file:               iqtree/OG0000037.fa.fa.log

Date and Time: Tue Jul 23 10:48:58 2024
