Discrepancy Report Results

Summary
FATAL: MISSING_PROTEIN_ID:124 proteins have invalid IDs.
DISC_SOURCE_QUALS_ASNDISC:strain (all present, all unique)
DISC_SOURCE_QUALS_ASNDISC:taxname (all present, all unique)
DISC_FEATURE_COUNT:CDS: 124 present
DISC_COUNT_NUCLEOTIDES:1 nucleotide Bioseqs are present
FEATURE_LOCATION_CONFLICT:124 features have inconsistent gene locations.
DISC_QUALITY_SCORES:Quality scores are missing on all sequences.
ONCALLER_COMMENT_PRESENT:1 comment descriptors were found (all same)
SHORT_PROT_SEQUENCES:1 protein sequences are shorter than 50 aa.
MISSING_GENOMEASSEMBLY_COMMENTS:1 bioseqs are missing GenomeAssembly structured comments
MOLTYPE_NOT_MRNA:1 molecule types are not set as mRNA.
TECHNIQUE_NOT_TSA:1 technique are not set as TSA
MISSING_STRUCTURED_COMMENT:1 sequences do not include structured comments.
MISSING_PROJECT:125 sequences do not include project.
DISC_INCONSISTENT_MOLINFO_TECH:Molinfo Technique Report (some missing, all same)


Detailed Report

FATAL: DiscRep_ALL:MISSING_PROTEIN_ID::124 proteins have invalid IDs.
./prokka_outputs_1/KT781098/KT781098:KT781098.1_1 (length 378)
./prokka_outputs_1/KT781098/KT781098:KT781098.1_2 (length 151)
./prokka_outputs_1/KT781098/KT781098:KT781098.1_3 (length 101)
./prokka_outputs_1/KT781098/KT781098:KT781098.1_4 (length 163)
./prokka_outputs_1/KT781098/KT781098:KT781098.1_5 (length 186)
./prokka_outputs_1/KT781098/KT781098:KT781098.1_6 (length 101)
./prokka_outputs_1/KT781098/KT781098:KT781098.1_7 (length 453)
./prokka_outputs_1/KT781098/KT781098:KT781098.1_8 (length 485)
./prokka_outputs_1/KT781098/KT781098:KT781098.1_9 (length 514)
./prokka_outputs_1/KT781098/KT781098:KT781098.1_10 (length 72)
./prokka_outputs_1/KT781098/KT781098:KT781098.1_11 (length 80)
./prokka_outputs_1/KT781098/KT781098:KT781098.1_12 (length 130)
./prokka_outputs_1/KT781098/KT781098:KT781098.1_13 (length 86)
./prokka_outputs_1/KT781098/KT781098:KT781098.1_14 (length 110)
./prokka_outputs_1/KT781098/KT781098:KT781098.1_15 (length 461)
./prokka_outputs_1/KT781098/KT781098:KT781098.1_16 (length 97)
./prokka_outputs_1/KT781098/KT781098:KT781098.1_17 (length 313)
./prokka_outputs_1/KT781098/KT781098:KT781098.1_18 (length 263)
./prokka_outputs_1/KT781098/KT781098:KT781098.1_19 (length 195)
./prokka_outputs_1/KT781098/KT781098:KT781098.1_20 (length 110)
./prokka_outputs_1/KT781098/KT781098:KT781098.1_21 (length 948)
./prokka_outputs_1/KT781098/KT781098:KT781098.1_22 (length 179)
./prokka_outputs_1/KT781098/KT781098:KT781098.1_23 (length 499)
./prokka_outputs_1/KT781098/KT781098:KT781098.1_24 (length 71)
./prokka_outputs_1/KT781098/KT781098:KT781098.1_25 (length 52)
./prokka_outputs_1/KT781098/KT781098:KT781098.1_26 (length 102)
./prokka_outputs_1/KT781098/KT781098:KT781098.1_27 (length 59)
./prokka_outputs_1/KT781098/KT781098:KT781098.1_28 (length 322)
./prokka_outputs_1/KT781098/KT781098:KT781098.1_29 (length 136)
./prokka_outputs_1/KT781098/KT781098:KT781098.1_30 (length 107)
./prokka_outputs_1/KT781098/KT781098:KT781098.1_31 (length 298)
./prokka_outputs_1/KT781098/KT781098:KT781098.1_32 (length 1168)
./prokka_outputs_1/KT781098/KT781098:KT781098.1_33 (length 73)
./prokka_outputs_1/KT781098/KT781098:KT781098.1_34 (length 200)
./prokka_outputs_1/KT781098/KT781098:KT781098.1_35 (length 188)
./prokka_outputs_1/KT781098/KT781098:KT781098.1_36 (length 300)
./prokka_outputs_1/KT781098/KT781098:KT781098.1_37 (length 1044)
./prokka_outputs_1/KT781098/KT781098:KT781098.1_38 (length 347)
./prokka_outputs_1/KT781098/KT781098:KT781098.1_39 (length 341)
./prokka_outputs_1/KT781098/KT781098:KT781098.1_40 (length 450)
./prokka_outputs_1/KT781098/KT781098:KT781098.1_41 (length 411)
./prokka_outputs_1/KT781098/KT781098:KT781098.1_42 (length 290)
./prokka_outputs_1/KT781098/KT781098:KT781098.1_43 (length 379)
./prokka_outputs_1/KT781098/KT781098:KT781098.1_44 (length 430)
./prokka_outputs_1/KT781098/KT781098:KT781098.1_45 (length 197)
./prokka_outputs_1/KT781098/KT781098:KT781098.1_46 (length 120)
./prokka_outputs_1/KT781098/KT781098:KT781098.1_47 (length 266)
./prokka_outputs_1/KT781098/KT781098:KT781098.1_48 (length 304)
./prokka_outputs_1/KT781098/KT781098:KT781098.1_49 (length 227)
./prokka_outputs_1/KT781098/KT781098:KT781098.1_50 (length 82)
./prokka_outputs_1/KT781098/KT781098:KT781098.1_51 (length 69)
./prokka_outputs_1/KT781098/KT781098:KT781098.1_52 (length 114)
./prokka_outputs_1/KT781098/KT781098:KT781098.1_53 (length 56)
./prokka_outputs_1/KT781098/KT781098:KT781098.1_54 (length 135)
./prokka_outputs_1/KT781098/KT781098:KT781098.1_55 (length 150)
./prokka_outputs_1/KT781098/KT781098:KT781098.1_56 (length 308)
./prokka_outputs_1/KT781098/KT781098:KT781098.1_57 (length 308)
./prokka_outputs_1/KT781098/KT781098:KT781098.1_58 (length 215)
./prokka_outputs_1/KT781098/KT781098:KT781098.1_59 (length 86)
./prokka_outputs_1/KT781098/KT781098:KT781098.1_60 (length 99)
./prokka_outputs_1/KT781098/KT781098:KT781098.1_61 (length 221)
./prokka_outputs_1/KT781098/KT781098:KT781098.1_62 (length 267)
./prokka_outputs_1/KT781098/KT781098:KT781098.1_63 (length 1107)
./prokka_outputs_1/KT781098/KT781098:KT781098.1_64 (length 122)
./prokka_outputs_1/KT781098/KT781098:KT781098.1_65 (length 882)
./prokka_outputs_1/KT781098/KT781098:KT781098.1_66 (length 490)
./prokka_outputs_1/KT781098/KT781098:KT781098.1_67 (length 62)
./prokka_outputs_1/KT781098/KT781098:KT781098.1_68 (length 71)
./prokka_outputs_1/KT781098/KT781098:KT781098.1_69 (length 347)
./prokka_outputs_1/KT781098/KT781098:KT781098.1_70 (length 193)
./prokka_outputs_1/KT781098/KT781098:KT781098.1_71 (length 477)
./prokka_outputs_1/KT781098/KT781098:KT781098.1_72 (length 243)
./prokka_outputs_1/KT781098/KT781098:KT781098.1_73 (length 158)
./prokka_outputs_1/KT781098/KT781098:KT781098.1_74 (length 536)
./prokka_outputs_1/KT781098/KT781098:KT781098.1_75 (length 334)
./prokka_outputs_1/KT781098/KT781098:KT781098.1_76 (length 139)
./prokka_outputs_1/KT781098/KT781098:KT781098.1_77 (length 337)
./prokka_outputs_1/KT781098/KT781098:KT781098.1_78 (length 88)
./prokka_outputs_1/KT781098/KT781098:KT781098.1_79 (length 990)
./prokka_outputs_1/KT781098/KT781098:KT781098.1_80 (length 444)
./prokka_outputs_1/KT781098/KT781098:KT781098.1_81 (length 154)
./prokka_outputs_1/KT781098/KT781098:KT781098.1_82 (length 73)
./prokka_outputs_1/KT781098/KT781098:KT781098.1_83 (length 165)
./prokka_outputs_1/KT781098/KT781098:KT781098.1_84 (length 368)
./prokka_outputs_1/KT781098/KT781098:KT781098.1_85 (length 119)
./prokka_outputs_1/KT781098/KT781098:KT781098.1_86 (length 34)
./prokka_outputs_1/KT781098/KT781098:KT781098.1_87 (length 451)
./prokka_outputs_1/KT781098/KT781098:KT781098.1_88 (length 192)
./prokka_outputs_1/KT781098/KT781098:KT781098.1_89 (length 154)
./prokka_outputs_1/KT781098/KT781098:KT781098.1_90 (length 256)
./prokka_outputs_1/KT781098/KT781098:KT781098.1_91 (length 137)
./prokka_outputs_1/KT781098/KT781098:KT781098.1_92 (length 518)
./prokka_outputs_1/KT781098/KT781098:KT781098.1_93 (length 320)
./prokka_outputs_1/KT781098/KT781098:KT781098.1_94 (length 53)
./prokka_outputs_1/KT781098/KT781098:KT781098.1_95 (length 262)
./prokka_outputs_1/KT781098/KT781098:KT781098.1_96 (length 166)
./prokka_outputs_1/KT781098/KT781098:KT781098.1_97 (length 386)
./prokka_outputs_1/KT781098/KT781098:KT781098.1_98 (length 245)
./prokka_outputs_1/KT781098/KT781098:KT781098.1_99 (length 163)
./prokka_outputs_1/KT781098/KT781098:KT781098.1_100 (length 107)
./prokka_outputs_1/KT781098/KT781098:KT781098.1_101 (length 181)
./prokka_outputs_1/KT781098/KT781098:KT781098.1_102 (length 171)
./prokka_outputs_1/KT781098/KT781098:KT781098.1_103 (length 480)
./prokka_outputs_1/KT781098/KT781098:KT781098.1_104 (length 133)
./prokka_outputs_1/KT781098/KT781098:KT781098.1_105 (length 258)
./prokka_outputs_1/KT781098/KT781098:KT781098.1_106 (length 114)
./prokka_outputs_1/KT781098/KT781098:KT781098.1_107 (length 289)
./prokka_outputs_1/KT781098/KT781098:KT781098.1_108 (length 199)
./prokka_outputs_1/KT781098/KT781098:KT781098.1_109 (length 921)
./prokka_outputs_1/KT781098/KT781098:KT781098.1_110 (length 51)
./prokka_outputs_1/KT781098/KT781098:KT781098.1_111 (length 296)
./prokka_outputs_1/KT781098/KT781098:KT781098.1_112 (length 247)
./prokka_outputs_1/KT781098/KT781098:KT781098.1_113 (length 167)
./prokka_outputs_1/KT781098/KT781098:KT781098.1_114 (length 860)
./prokka_outputs_1/KT781098/KT781098:KT781098.1_115 (length 336)
./prokka_outputs_1/KT781098/KT781098:KT781098.1_116 (length 463)
./prokka_outputs_1/KT781098/KT781098:KT781098.1_117 (length 211)
./prokka_outputs_1/KT781098/KT781098:KT781098.1_118 (length 86)
./prokka_outputs_1/KT781098/KT781098:KT781098.1_119 (length 439)
./prokka_outputs_1/KT781098/KT781098:KT781098.1_120 (length 169)
./prokka_outputs_1/KT781098/KT781098:KT781098.1_121 (length 216)
./prokka_outputs_1/KT781098/KT781098:KT781098.1_122 (length 239)
./prokka_outputs_1/KT781098/KT781098:KT781098.1_123 (length 123)
./prokka_outputs_1/KT781098/KT781098:KT781098.1_124 (length 228)

DiscRep_ALL:DISC_SOURCE_QUALS_ASNDISC::strain (all present, all unique)
DiscRep_SUB:DISC_SOURCE_QUALS_ASNDISC::1 sources have unique values for strain
DiscRep_ALL:DISC_SOURCE_QUALS_ASNDISC::taxname (all present, all unique)
DiscRep_SUB:DISC_SOURCE_QUALS_ASNDISC::1 sources have unique values for taxname
DiscRep_ALL:DISC_FEATURE_COUNT::CDS: 124 present
DiscRep_ALL:DISC_COUNT_NUCLEOTIDES::1 nucleotide Bioseqs are present
./prokka_outputs_1/KT781098/KT781098:KT781098.1 (length 111154)

DiscRep_ALL:FEATURE_LOCATION_CONFLICT::124 features have inconsistent gene locations.
DiscRep_SUB:FEATURE_LOCATION_CONFLICT::Coding region xref gene does not exist
./prokka_outputs_1/KT781098/KT781098:CDS	hypothetical protein	KT781098.1:c1270-134	KT781098_00001

DiscRep_SUB:FEATURE_LOCATION_CONFLICT::Coding region xref gene does not exist
./prokka_outputs_1/KT781098/KT781098:CDS	hypothetical protein	KT781098.1:c1695-1240	KT781098_00002

DiscRep_SUB:FEATURE_LOCATION_CONFLICT::Coding region xref gene does not exist
./prokka_outputs_1/KT781098/KT781098:CDS	hypothetical protein	KT781098.1:c2077-1772	KT781098_00003

DiscRep_SUB:FEATURE_LOCATION_CONFLICT::Coding region xref gene does not exist
./prokka_outputs_1/KT781098/KT781098:CDS	hypothetical protein	KT781098.1:c2568-2077	KT781098_00004

DiscRep_SUB:FEATURE_LOCATION_CONFLICT::Coding region xref gene does not exist
./prokka_outputs_1/KT781098/KT781098:CDS	hypothetical protein	KT781098.1:c3453-2893	KT781098_00005

DiscRep_SUB:FEATURE_LOCATION_CONFLICT::Coding region xref gene does not exist
./prokka_outputs_1/KT781098/KT781098:CDS	hypothetical protein	KT781098.1:c3790-3485	KT781098_00006

DiscRep_SUB:FEATURE_LOCATION_CONFLICT::Coding region xref gene does not exist
./prokka_outputs_1/KT781098/KT781098:CDS	Major capsid protein	KT781098.1:c5155-3794	KT781098_00007

DiscRep_SUB:FEATURE_LOCATION_CONFLICT::Coding region xref gene does not exist
./prokka_outputs_1/KT781098/KT781098:CDS	hypothetical protein	KT781098.1:c6631-5174	KT781098_00008

DiscRep_SUB:FEATURE_LOCATION_CONFLICT::Coding region xref gene does not exist
./prokka_outputs_1/KT781098/KT781098:CDS	hypothetical protein	KT781098.1:6702-8246	KT781098_00009

DiscRep_SUB:FEATURE_LOCATION_CONFLICT::Coding region xref gene does not exist
./prokka_outputs_1/KT781098/KT781098:CDS	hypothetical protein	KT781098.1:c8418-8200	KT781098_00010

DiscRep_SUB:FEATURE_LOCATION_CONFLICT::Coding region xref gene does not exist
./prokka_outputs_1/KT781098/KT781098:CDS	hypothetical protein	KT781098.1:8448-8690	KT781098_00011

DiscRep_SUB:FEATURE_LOCATION_CONFLICT::Coding region xref gene does not exist
./prokka_outputs_1/KT781098/KT781098:CDS	hypothetical protein	KT781098.1:c9054-8662	KT781098_00012

DiscRep_SUB:FEATURE_LOCATION_CONFLICT::Coding region xref gene does not exist
./prokka_outputs_1/KT781098/KT781098:CDS	hypothetical protein	KT781098.1:c9311-9051	KT781098_00013

DiscRep_SUB:FEATURE_LOCATION_CONFLICT::Coding region xref gene does not exist
./prokka_outputs_1/KT781098/KT781098:CDS	hypothetical protein	KT781098.1:9330-9662	KT781098_00014

DiscRep_SUB:FEATURE_LOCATION_CONFLICT::Coding region xref gene does not exist
./prokka_outputs_1/KT781098/KT781098:CDS	hypothetical protein	KT781098.1:9669-11054	KT781098_00015

DiscRep_SUB:FEATURE_LOCATION_CONFLICT::Coding region xref gene does not exist
./prokka_outputs_1/KT781098/KT781098:CDS	hypothetical protein	KT781098.1:c11310-11017	KT781098_00016

DiscRep_SUB:FEATURE_LOCATION_CONFLICT::Coding region xref gene does not exist
./prokka_outputs_1/KT781098/KT781098:CDS	hypothetical protein	KT781098.1:11327-12268	KT781098_00017

DiscRep_SUB:FEATURE_LOCATION_CONFLICT::Coding region xref gene does not exist
./prokka_outputs_1/KT781098/KT781098:CDS	hypothetical protein	KT781098.1:12278-13069	KT781098_00018

DiscRep_SUB:FEATURE_LOCATION_CONFLICT::Coding region xref gene does not exist
./prokka_outputs_1/KT781098/KT781098:CDS	hypothetical protein	KT781098.1:c13716-13129	KT781098_00019

DiscRep_SUB:FEATURE_LOCATION_CONFLICT::Coding region xref gene does not exist
./prokka_outputs_1/KT781098/KT781098:CDS	hypothetical protein	KT781098.1:c14063-13731	KT781098_00020

DiscRep_SUB:FEATURE_LOCATION_CONFLICT::Coding region xref gene does not exist
./prokka_outputs_1/KT781098/KT781098:CDS	hypothetical protein	KT781098.1:14579-17425	KT781098_00021

DiscRep_SUB:FEATURE_LOCATION_CONFLICT::Coding region xref gene does not exist
./prokka_outputs_1/KT781098/KT781098:CDS	hypothetical protein	KT781098.1:17467-18006	KT781098_00022

DiscRep_SUB:FEATURE_LOCATION_CONFLICT::Coding region xref gene does not exist
./prokka_outputs_1/KT781098/KT781098:CDS	hypothetical protein	KT781098.1:c19489-17990	KT781098_00023

DiscRep_SUB:FEATURE_LOCATION_CONFLICT::Coding region xref gene does not exist
./prokka_outputs_1/KT781098/KT781098:CDS	hypothetical protein	KT781098.1:c19789-19574	KT781098_00024

DiscRep_SUB:FEATURE_LOCATION_CONFLICT::Coding region xref gene does not exist
./prokka_outputs_1/KT781098/KT781098:CDS	hypothetical protein	KT781098.1:20454-20612	KT781098_00025

DiscRep_SUB:FEATURE_LOCATION_CONFLICT::Coding region xref gene does not exist
./prokka_outputs_1/KT781098/KT781098:CDS	hypothetical protein	KT781098.1:21633-21941	KT781098_00026

DiscRep_SUB:FEATURE_LOCATION_CONFLICT::Coding region xref gene does not exist
./prokka_outputs_1/KT781098/KT781098:CDS	hypothetical protein	KT781098.1:c22078-21899	KT781098_00027

DiscRep_SUB:FEATURE_LOCATION_CONFLICT::Coding region xref gene does not exist
./prokka_outputs_1/KT781098/KT781098:CDS	Ribonucleoside-diphosphate reductase small chain	KT781098.1:22273-23241	KT781098_00028

DiscRep_SUB:FEATURE_LOCATION_CONFLICT::Coding region xref gene does not exist
./prokka_outputs_1/KT781098/KT781098:CDS	hypothetical protein	KT781098.1:23443-23853	KT781098_00029

DiscRep_SUB:FEATURE_LOCATION_CONFLICT::Coding region xref gene does not exist
./prokka_outputs_1/KT781098/KT781098:CDS	hypothetical protein	KT781098.1:c24211-23888	KT781098_00030

DiscRep_SUB:FEATURE_LOCATION_CONFLICT::Coding region xref gene does not exist
./prokka_outputs_1/KT781098/KT781098:CDS	hypothetical protein	KT781098.1:c25129-24233	KT781098_00031

DiscRep_SUB:FEATURE_LOCATION_CONFLICT::Coding region xref gene does not exist
./prokka_outputs_1/KT781098/KT781098:CDS	hypothetical protein	KT781098.1:c28652-25146	KT781098_00032

DiscRep_SUB:FEATURE_LOCATION_CONFLICT::Coding region xref gene does not exist
./prokka_outputs_1/KT781098/KT781098:CDS	hypothetical protein	KT781098.1:c28880-28659	KT781098_00033

DiscRep_SUB:FEATURE_LOCATION_CONFLICT::Coding region xref gene does not exist
./prokka_outputs_1/KT781098/KT781098:CDS	hypothetical protein	KT781098.1:c29552-28950	KT781098_00034

DiscRep_SUB:FEATURE_LOCATION_CONFLICT::Coding region xref gene does not exist
./prokka_outputs_1/KT781098/KT781098:CDS	hypothetical protein	KT781098.1:29561-30127	KT781098_00035

DiscRep_SUB:FEATURE_LOCATION_CONFLICT::Coding region xref gene does not exist
./prokka_outputs_1/KT781098/KT781098:CDS	hypothetical protein	KT781098.1:c31106-30204	KT781098_00036

DiscRep_SUB:FEATURE_LOCATION_CONFLICT::Coding region xref gene does not exist
./prokka_outputs_1/KT781098/KT781098:CDS	DNA-directed RNA polymerase subunit 2	KT781098.1:31210-34344	KT781098_00037

DiscRep_SUB:FEATURE_LOCATION_CONFLICT::Coding region xref gene does not exist
./prokka_outputs_1/KT781098/KT781098:CDS	hypothetical protein	KT781098.1:c35559-34516	KT781098_00038

DiscRep_SUB:FEATURE_LOCATION_CONFLICT::Coding region xref gene does not exist
./prokka_outputs_1/KT781098/KT781098:CDS	hypothetical protein	KT781098.1:35642-36667	KT781098_00039

DiscRep_SUB:FEATURE_LOCATION_CONFLICT::Coding region xref gene does not exist
./prokka_outputs_1/KT781098/KT781098:CDS	hypothetical protein	KT781098.1:c38016-36664	KT781098_00040

DiscRep_SUB:FEATURE_LOCATION_CONFLICT::Coding region xref gene does not exist
./prokka_outputs_1/KT781098/KT781098:CDS	hypothetical protein	KT781098.1:c39208-37973	KT781098_00041

DiscRep_SUB:FEATURE_LOCATION_CONFLICT::Coding region xref gene does not exist
./prokka_outputs_1/KT781098/KT781098:CDS	hypothetical protein	KT781098.1:39252-40124	KT781098_00042

DiscRep_SUB:FEATURE_LOCATION_CONFLICT::Coding region xref gene does not exist
./prokka_outputs_1/KT781098/KT781098:CDS	hypothetical protein	KT781098.1:c41256-40117	KT781098_00043

DiscRep_SUB:FEATURE_LOCATION_CONFLICT::Coding region xref gene does not exist
./prokka_outputs_1/KT781098/KT781098:CDS	hypothetical protein	KT781098.1:c42550-41258	KT781098_00044

DiscRep_SUB:FEATURE_LOCATION_CONFLICT::Coding region xref gene does not exist
./prokka_outputs_1/KT781098/KT781098:CDS	hypothetical protein	KT781098.1:42616-43209	KT781098_00045

DiscRep_SUB:FEATURE_LOCATION_CONFLICT::Coding region xref gene does not exist
./prokka_outputs_1/KT781098/KT781098:CDS	hypothetical protein	KT781098.1:c43656-43294	KT781098_00046

DiscRep_SUB:FEATURE_LOCATION_CONFLICT::Coding region xref gene does not exist
./prokka_outputs_1/KT781098/KT781098:CDS	hypothetical protein	KT781098.1:c44459-43659	KT781098_00047

DiscRep_SUB:FEATURE_LOCATION_CONFLICT::Coding region xref gene does not exist
./prokka_outputs_1/KT781098/KT781098:CDS	hypothetical protein	KT781098.1:c45378-44464	KT781098_00048

DiscRep_SUB:FEATURE_LOCATION_CONFLICT::Coding region xref gene does not exist
./prokka_outputs_1/KT781098/KT781098:CDS	hypothetical protein	KT781098.1:c46055-45372	KT781098_00049

DiscRep_SUB:FEATURE_LOCATION_CONFLICT::Coding region xref gene does not exist
./prokka_outputs_1/KT781098/KT781098:CDS	hypothetical protein	KT781098.1:46076-46324	KT781098_00050

DiscRep_SUB:FEATURE_LOCATION_CONFLICT::Coding region xref gene does not exist
./prokka_outputs_1/KT781098/KT781098:CDS	hypothetical protein	KT781098.1:46269-46478	KT781098_00051

DiscRep_SUB:FEATURE_LOCATION_CONFLICT::Coding region xref gene does not exist
./prokka_outputs_1/KT781098/KT781098:CDS	hypothetical protein	KT781098.1:46475-46819	KT781098_00052

DiscRep_SUB:FEATURE_LOCATION_CONFLICT::Coding region xref gene does not exist
./prokka_outputs_1/KT781098/KT781098:CDS	hypothetical protein	KT781098.1:46835-47005	KT781098_00053

DiscRep_SUB:FEATURE_LOCATION_CONFLICT::Coding region xref gene does not exist
./prokka_outputs_1/KT781098/KT781098:CDS	hypothetical protein	KT781098.1:c47471-47064	KT781098_00054

DiscRep_SUB:FEATURE_LOCATION_CONFLICT::Coding region xref gene does not exist
./prokka_outputs_1/KT781098/KT781098:CDS	hypothetical protein	KT781098.1:c48217-47765	KT781098_00055

DiscRep_SUB:FEATURE_LOCATION_CONFLICT::Coding region xref gene does not exist
./prokka_outputs_1/KT781098/KT781098:CDS	hypothetical protein	KT781098.1:c49371-48445	KT781098_00056

DiscRep_SUB:FEATURE_LOCATION_CONFLICT::Coding region xref gene does not exist
./prokka_outputs_1/KT781098/KT781098:CDS	hypothetical protein	KT781098.1:c50320-49394	KT781098_00057

DiscRep_SUB:FEATURE_LOCATION_CONFLICT::Coding region xref gene does not exist
./prokka_outputs_1/KT781098/KT781098:CDS	hypothetical protein	KT781098.1:c50978-50331	KT781098_00058

DiscRep_SUB:FEATURE_LOCATION_CONFLICT::Coding region xref gene does not exist
./prokka_outputs_1/KT781098/KT781098:CDS	hypothetical protein	KT781098.1:c51245-50985	KT781098_00059

DiscRep_SUB:FEATURE_LOCATION_CONFLICT::Coding region xref gene does not exist
./prokka_outputs_1/KT781098/KT781098:CDS	hypothetical protein	KT781098.1:c51571-51272	KT781098_00060

DiscRep_SUB:FEATURE_LOCATION_CONFLICT::Coding region xref gene does not exist
./prokka_outputs_1/KT781098/KT781098:CDS	hypothetical protein	KT781098.1:c52226-51561	KT781098_00061

DiscRep_SUB:FEATURE_LOCATION_CONFLICT::Coding region xref gene does not exist
./prokka_outputs_1/KT781098/KT781098:CDS	hypothetical protein	KT781098.1:c52974-52171	KT781098_00062

DiscRep_SUB:FEATURE_LOCATION_CONFLICT::Coding region xref gene does not exist
./prokka_outputs_1/KT781098/KT781098:CDS	hypothetical protein	KT781098.1:c56294-52971	KT781098_00063

DiscRep_SUB:FEATURE_LOCATION_CONFLICT::Coding region xref gene does not exist
./prokka_outputs_1/KT781098/KT781098:CDS	hypothetical protein	KT781098.1:c57025-56657	KT781098_00064

DiscRep_SUB:FEATURE_LOCATION_CONFLICT::Coding region xref gene does not exist
./prokka_outputs_1/KT781098/KT781098:CDS	hypothetical protein	KT781098.1:c59687-57039	KT781098_00065

DiscRep_SUB:FEATURE_LOCATION_CONFLICT::Coding region xref gene does not exist
./prokka_outputs_1/KT781098/KT781098:CDS	hypothetical protein	KT781098.1:c61227-59755	KT781098_00066

DiscRep_SUB:FEATURE_LOCATION_CONFLICT::Coding region xref gene does not exist
./prokka_outputs_1/KT781098/KT781098:CDS	hypothetical protein	KT781098.1:c61457-61269	KT781098_00067

DiscRep_SUB:FEATURE_LOCATION_CONFLICT::Coding region xref gene does not exist
./prokka_outputs_1/KT781098/KT781098:CDS	hypothetical protein	KT781098.1:61578-61793	KT781098_00068

DiscRep_SUB:FEATURE_LOCATION_CONFLICT::Coding region xref gene does not exist
./prokka_outputs_1/KT781098/KT781098:CDS	hypothetical protein	KT781098.1:c62833-61790	KT781098_00069

DiscRep_SUB:FEATURE_LOCATION_CONFLICT::Coding region xref gene does not exist
./prokka_outputs_1/KT781098/KT781098:CDS	hypothetical protein	KT781098.1:c63574-62993	KT781098_00070

DiscRep_SUB:FEATURE_LOCATION_CONFLICT::Coding region xref gene does not exist
./prokka_outputs_1/KT781098/KT781098:CDS	hypothetical protein	KT781098.1:c65045-63612	KT781098_00071

DiscRep_SUB:FEATURE_LOCATION_CONFLICT::Coding region xref gene does not exist
./prokka_outputs_1/KT781098/KT781098:CDS	hypothetical protein	KT781098.1:c65788-65057	KT781098_00072

DiscRep_SUB:FEATURE_LOCATION_CONFLICT::Coding region xref gene does not exist
./prokka_outputs_1/KT781098/KT781098:CDS	hypothetical protein	KT781098.1:65849-66325	KT781098_00073

DiscRep_SUB:FEATURE_LOCATION_CONFLICT::Coding region xref gene does not exist
./prokka_outputs_1/KT781098/KT781098:CDS	hypothetical protein	KT781098.1:c67838-66228	KT781098_00074

DiscRep_SUB:FEATURE_LOCATION_CONFLICT::Coding region xref gene does not exist
./prokka_outputs_1/KT781098/KT781098:CDS	hypothetical protein	KT781098.1:67969-68973	KT781098_00075

DiscRep_SUB:FEATURE_LOCATION_CONFLICT::Coding region xref gene does not exist
./prokka_outputs_1/KT781098/KT781098:CDS	hypothetical protein	KT781098.1:68999-69418	KT781098_00076

DiscRep_SUB:FEATURE_LOCATION_CONFLICT::Coding region xref gene does not exist
./prokka_outputs_1/KT781098/KT781098:CDS	hypothetical protein	KT781098.1:69465-70478	KT781098_00077

DiscRep_SUB:FEATURE_LOCATION_CONFLICT::Coding region xref gene does not exist
./prokka_outputs_1/KT781098/KT781098:CDS	hypothetical protein	KT781098.1:c70839-70573	KT781098_00078

DiscRep_SUB:FEATURE_LOCATION_CONFLICT::Coding region xref gene does not exist
./prokka_outputs_1/KT781098/KT781098:CDS	hypothetical protein	KT781098.1:c73813-70841	KT781098_00079

DiscRep_SUB:FEATURE_LOCATION_CONFLICT::Coding region xref gene does not exist
./prokka_outputs_1/KT781098/KT781098:CDS	hypothetical protein	KT781098.1:73831-75165	KT781098_00080

DiscRep_SUB:FEATURE_LOCATION_CONFLICT::Coding region xref gene does not exist
./prokka_outputs_1/KT781098/KT781098:CDS	hypothetical protein	KT781098.1:75162-75626	KT781098_00081

DiscRep_SUB:FEATURE_LOCATION_CONFLICT::Coding region xref gene does not exist
./prokka_outputs_1/KT781098/KT781098:CDS	hypothetical protein	KT781098.1:c75849-75628	KT781098_00082

DiscRep_SUB:FEATURE_LOCATION_CONFLICT::Coding region xref gene does not exist
./prokka_outputs_1/KT781098/KT781098:CDS	hypothetical protein	KT781098.1:76163-76660	KT781098_00083

DiscRep_SUB:FEATURE_LOCATION_CONFLICT::Coding region xref gene does not exist
./prokka_outputs_1/KT781098/KT781098:CDS	hypothetical protein	KT781098.1:c77803-76697	KT781098_00084

DiscRep_SUB:FEATURE_LOCATION_CONFLICT::Coding region xref gene does not exist
./prokka_outputs_1/KT781098/KT781098:CDS	hypothetical protein	KT781098.1:77855-78214	KT781098_00085

DiscRep_SUB:FEATURE_LOCATION_CONFLICT::Coding region xref gene does not exist
./prokka_outputs_1/KT781098/KT781098:CDS	hypothetical protein	KT781098.1:c78305-78201	KT781098_00086

DiscRep_SUB:FEATURE_LOCATION_CONFLICT::Coding region xref gene does not exist
./prokka_outputs_1/KT781098/KT781098:CDS	hypothetical protein	KT781098.1:c79677-78322	KT781098_00087

DiscRep_SUB:FEATURE_LOCATION_CONFLICT::Coding region xref gene does not exist
./prokka_outputs_1/KT781098/KT781098:CDS	hypothetical protein	KT781098.1:79704-80282	KT781098_00088

DiscRep_SUB:FEATURE_LOCATION_CONFLICT::Coding region xref gene does not exist
./prokka_outputs_1/KT781098/KT781098:CDS	hypothetical protein	KT781098.1:80279-80743	KT781098_00089

DiscRep_SUB:FEATURE_LOCATION_CONFLICT::Coding region xref gene does not exist
./prokka_outputs_1/KT781098/KT781098:CDS	hypothetical protein	KT781098.1:80736-81506	KT781098_00090

DiscRep_SUB:FEATURE_LOCATION_CONFLICT::Coding region xref gene does not exist
./prokka_outputs_1/KT781098/KT781098:CDS	hypothetical protein	KT781098.1:c81916-81503	KT781098_00091

DiscRep_SUB:FEATURE_LOCATION_CONFLICT::Coding region xref gene does not exist
./prokka_outputs_1/KT781098/KT781098:CDS	hypothetical protein	KT781098.1:81960-83516	KT781098_00092

DiscRep_SUB:FEATURE_LOCATION_CONFLICT::Coding region xref gene does not exist
./prokka_outputs_1/KT781098/KT781098:CDS	hypothetical protein	KT781098.1:c84459-83497	KT781098_00093

DiscRep_SUB:FEATURE_LOCATION_CONFLICT::Coding region xref gene does not exist
./prokka_outputs_1/KT781098/KT781098:CDS	hypothetical protein	KT781098.1:84498-84659	KT781098_00094

DiscRep_SUB:FEATURE_LOCATION_CONFLICT::Coding region xref gene does not exist
./prokka_outputs_1/KT781098/KT781098:CDS	hypothetical protein	KT781098.1:c85444-84656	KT781098_00095

DiscRep_SUB:FEATURE_LOCATION_CONFLICT::Coding region xref gene does not exist
./prokka_outputs_1/KT781098/KT781098:CDS	hypothetical protein	KT781098.1:c86092-85592	KT781098_00096

DiscRep_SUB:FEATURE_LOCATION_CONFLICT::Coding region xref gene does not exist
./prokka_outputs_1/KT781098/KT781098:CDS	hypothetical protein	KT781098.1:c87277-86117	KT781098_00097

DiscRep_SUB:FEATURE_LOCATION_CONFLICT::Coding region xref gene does not exist
./prokka_outputs_1/KT781098/KT781098:CDS	hypothetical protein	KT781098.1:c88022-87285	KT781098_00098

DiscRep_SUB:FEATURE_LOCATION_CONFLICT::Coding region xref gene does not exist
./prokka_outputs_1/KT781098/KT781098:CDS	hypothetical protein	KT781098.1:c88519-88028	KT781098_00099

DiscRep_SUB:FEATURE_LOCATION_CONFLICT::Coding region xref gene does not exist
./prokka_outputs_1/KT781098/KT781098:CDS	hypothetical protein	KT781098.1:c88889-88566	KT781098_00100

DiscRep_SUB:FEATURE_LOCATION_CONFLICT::Coding region xref gene does not exist
./prokka_outputs_1/KT781098/KT781098:CDS	hypothetical protein	KT781098.1:c89481-88936	KT781098_00101

DiscRep_SUB:FEATURE_LOCATION_CONFLICT::Coding region xref gene does not exist
./prokka_outputs_1/KT781098/KT781098:CDS	hypothetical protein	KT781098.1:c90043-89528	KT781098_00102

DiscRep_SUB:FEATURE_LOCATION_CONFLICT::Coding region xref gene does not exist
./prokka_outputs_1/KT781098/KT781098:CDS	hypothetical protein	KT781098.1:90103-91545	KT781098_00103

DiscRep_SUB:FEATURE_LOCATION_CONFLICT::Coding region xref gene does not exist
./prokka_outputs_1/KT781098/KT781098:CDS	hypothetical protein	KT781098.1:91552-91953	KT781098_00104

DiscRep_SUB:FEATURE_LOCATION_CONFLICT::Coding region xref gene does not exist
./prokka_outputs_1/KT781098/KT781098:CDS	hypothetical protein	KT781098.1:92007-92783	KT781098_00105

DiscRep_SUB:FEATURE_LOCATION_CONFLICT::Coding region xref gene does not exist
./prokka_outputs_1/KT781098/KT781098:CDS	hypothetical protein	KT781098.1:92806-93150	KT781098_00106

DiscRep_SUB:FEATURE_LOCATION_CONFLICT::Coding region xref gene does not exist
./prokka_outputs_1/KT781098/KT781098:CDS	hypothetical protein	KT781098.1:c94143-93274	KT781098_00107

DiscRep_SUB:FEATURE_LOCATION_CONFLICT::Coding region xref gene does not exist
./prokka_outputs_1/KT781098/KT781098:CDS	hypothetical protein	KT781098.1:c94885-94286	KT781098_00108

DiscRep_SUB:FEATURE_LOCATION_CONFLICT::Coding region xref gene does not exist
./prokka_outputs_1/KT781098/KT781098:CDS	hypothetical protein	KT781098.1:c97742-94977	KT781098_00109

DiscRep_SUB:FEATURE_LOCATION_CONFLICT::Coding region xref gene does not exist
./prokka_outputs_1/KT781098/KT781098:CDS	hypothetical protein	KT781098.1:97789-97944	KT781098_00110

DiscRep_SUB:FEATURE_LOCATION_CONFLICT::Coding region xref gene does not exist
./prokka_outputs_1/KT781098/KT781098:CDS	hypothetical protein	KT781098.1:c98831-97941	KT781098_00111

DiscRep_SUB:FEATURE_LOCATION_CONFLICT::Coding region xref gene does not exist
./prokka_outputs_1/KT781098/KT781098:CDS	hypothetical protein	KT781098.1:98851-99594	KT781098_00112

DiscRep_SUB:FEATURE_LOCATION_CONFLICT::Coding region xref gene does not exist
./prokka_outputs_1/KT781098/KT781098:CDS	hypothetical protein	KT781098.1:c100087-99584	KT781098_00113

DiscRep_SUB:FEATURE_LOCATION_CONFLICT::Coding region xref gene does not exist
./prokka_outputs_1/KT781098/KT781098:CDS	hypothetical protein	KT781098.1:c102708-100126	KT781098_00114

DiscRep_SUB:FEATURE_LOCATION_CONFLICT::Coding region xref gene does not exist
./prokka_outputs_1/KT781098/KT781098:CDS	hypothetical protein	KT781098.1:102995-104005	KT781098_00115

DiscRep_SUB:FEATURE_LOCATION_CONFLICT::Coding region xref gene does not exist
./prokka_outputs_1/KT781098/KT781098:CDS	hypothetical protein	KT781098.1:104068-105459	KT781098_00116

DiscRep_SUB:FEATURE_LOCATION_CONFLICT::Coding region xref gene does not exist
./prokka_outputs_1/KT781098/KT781098:CDS	hypothetical protein	KT781098.1:c106148-105513	KT781098_00117

DiscRep_SUB:FEATURE_LOCATION_CONFLICT::Coding region xref gene does not exist
./prokka_outputs_1/KT781098/KT781098:CDS	hypothetical protein	KT781098.1:106284-106544	KT781098_00118

DiscRep_SUB:FEATURE_LOCATION_CONFLICT::Coding region xref gene does not exist
./prokka_outputs_1/KT781098/KT781098:CDS	hypothetical protein	KT781098.1:c107834-106515	KT781098_00119

DiscRep_SUB:FEATURE_LOCATION_CONFLICT::Coding region xref gene does not exist
./prokka_outputs_1/KT781098/KT781098:CDS	hypothetical protein	KT781098.1:108216-108725	KT781098_00120

DiscRep_SUB:FEATURE_LOCATION_CONFLICT::Coding region xref gene does not exist
./prokka_outputs_1/KT781098/KT781098:CDS	hypothetical protein	KT781098.1:c109376-108726	KT781098_00121

DiscRep_SUB:FEATURE_LOCATION_CONFLICT::Coding region xref gene does not exist
./prokka_outputs_1/KT781098/KT781098:CDS	hypothetical protein	KT781098.1:109386-110105	KT781098_00122

DiscRep_SUB:FEATURE_LOCATION_CONFLICT::Coding region xref gene does not exist
./prokka_outputs_1/KT781098/KT781098:CDS	hypothetical protein	KT781098.1:c110448-110077	KT781098_00123

DiscRep_SUB:FEATURE_LOCATION_CONFLICT::Coding region xref gene does not exist
./prokka_outputs_1/KT781098/KT781098:CDS	hypothetical protein	KT781098.1:c111143-110457	KT781098_00124

DiscRep_ALL:DISC_QUALITY_SCORES::Quality scores are missing on all sequences.

DiscRep_ALL:ONCALLER_COMMENT_PRESENT::1 comment descriptors were found (all same)
./prokka_outputs_1/KT781098/KT781098:KT781098.1:Annotated using prokka 1.14.5 from https://github.com/tseemann/prokka

DiscRep_ALL:SHORT_PROT_SEQUENCES::1 protein sequences are shorter than 50 aa.
./prokka_outputs_1/KT781098/KT781098:KT781098.1_86 (length 34)

DiscRep_ALL:MISSING_GENOMEASSEMBLY_COMMENTS::1 bioseqs are missing GenomeAssembly structured comments
./prokka_outputs_1/KT781098/KT781098:KT781098.1 (length 111154)

DiscRep_ALL:MOLTYPE_NOT_MRNA::1 molecule types are not set as mRNA.
./prokka_outputs_1/KT781098/KT781098:KT781098.1 (length 111154)

DiscRep_ALL:TECHNIQUE_NOT_TSA::1 technique are not set as TSA
./prokka_outputs_1/KT781098/KT781098:KT781098.1 (length 111154)

DiscRep_ALL:MISSING_STRUCTURED_COMMENT::1 sequences do not include structured comments.
./prokka_outputs_1/KT781098/KT781098:KT781098.1 (length 111154)

DiscRep_ALL:MISSING_PROJECT::125 sequences do not include project.
./prokka_outputs_1/KT781098/KT781098:KT781098.1 (length 111154)
./prokka_outputs_1/KT781098/KT781098:KT781098.1_1 (length 378)
./prokka_outputs_1/KT781098/KT781098:KT781098.1_2 (length 151)
./prokka_outputs_1/KT781098/KT781098:KT781098.1_3 (length 101)
./prokka_outputs_1/KT781098/KT781098:KT781098.1_4 (length 163)
./prokka_outputs_1/KT781098/KT781098:KT781098.1_5 (length 186)
./prokka_outputs_1/KT781098/KT781098:KT781098.1_6 (length 101)
./prokka_outputs_1/KT781098/KT781098:KT781098.1_7 (length 453)
./prokka_outputs_1/KT781098/KT781098:KT781098.1_8 (length 485)
./prokka_outputs_1/KT781098/KT781098:KT781098.1_9 (length 514)
./prokka_outputs_1/KT781098/KT781098:KT781098.1_10 (length 72)
./prokka_outputs_1/KT781098/KT781098:KT781098.1_11 (length 80)
./prokka_outputs_1/KT781098/KT781098:KT781098.1_12 (length 130)
./prokka_outputs_1/KT781098/KT781098:KT781098.1_13 (length 86)
./prokka_outputs_1/KT781098/KT781098:KT781098.1_14 (length 110)
./prokka_outputs_1/KT781098/KT781098:KT781098.1_15 (length 461)
./prokka_outputs_1/KT781098/KT781098:KT781098.1_16 (length 97)
./prokka_outputs_1/KT781098/KT781098:KT781098.1_17 (length 313)
./prokka_outputs_1/KT781098/KT781098:KT781098.1_18 (length 263)
./prokka_outputs_1/KT781098/KT781098:KT781098.1_19 (length 195)
./prokka_outputs_1/KT781098/KT781098:KT781098.1_20 (length 110)
./prokka_outputs_1/KT781098/KT781098:KT781098.1_21 (length 948)
./prokka_outputs_1/KT781098/KT781098:KT781098.1_22 (length 179)
./prokka_outputs_1/KT781098/KT781098:KT781098.1_23 (length 499)
./prokka_outputs_1/KT781098/KT781098:KT781098.1_24 (length 71)
./prokka_outputs_1/KT781098/KT781098:KT781098.1_25 (length 52)
./prokka_outputs_1/KT781098/KT781098:KT781098.1_26 (length 102)
./prokka_outputs_1/KT781098/KT781098:KT781098.1_27 (length 59)
./prokka_outputs_1/KT781098/KT781098:KT781098.1_28 (length 322)
./prokka_outputs_1/KT781098/KT781098:KT781098.1_29 (length 136)
./prokka_outputs_1/KT781098/KT781098:KT781098.1_30 (length 107)
./prokka_outputs_1/KT781098/KT781098:KT781098.1_31 (length 298)
./prokka_outputs_1/KT781098/KT781098:KT781098.1_32 (length 1168)
./prokka_outputs_1/KT781098/KT781098:KT781098.1_33 (length 73)
./prokka_outputs_1/KT781098/KT781098:KT781098.1_34 (length 200)
./prokka_outputs_1/KT781098/KT781098:KT781098.1_35 (length 188)
./prokka_outputs_1/KT781098/KT781098:KT781098.1_36 (length 300)
./prokka_outputs_1/KT781098/KT781098:KT781098.1_37 (length 1044)
./prokka_outputs_1/KT781098/KT781098:KT781098.1_38 (length 347)
./prokka_outputs_1/KT781098/KT781098:KT781098.1_39 (length 341)
./prokka_outputs_1/KT781098/KT781098:KT781098.1_40 (length 450)
./prokka_outputs_1/KT781098/KT781098:KT781098.1_41 (length 411)
./prokka_outputs_1/KT781098/KT781098:KT781098.1_42 (length 290)
./prokka_outputs_1/KT781098/KT781098:KT781098.1_43 (length 379)
./prokka_outputs_1/KT781098/KT781098:KT781098.1_44 (length 430)
./prokka_outputs_1/KT781098/KT781098:KT781098.1_45 (length 197)
./prokka_outputs_1/KT781098/KT781098:KT781098.1_46 (length 120)
./prokka_outputs_1/KT781098/KT781098:KT781098.1_47 (length 266)
./prokka_outputs_1/KT781098/KT781098:KT781098.1_48 (length 304)
./prokka_outputs_1/KT781098/KT781098:KT781098.1_49 (length 227)
./prokka_outputs_1/KT781098/KT781098:KT781098.1_50 (length 82)
./prokka_outputs_1/KT781098/KT781098:KT781098.1_51 (length 69)
./prokka_outputs_1/KT781098/KT781098:KT781098.1_52 (length 114)
./prokka_outputs_1/KT781098/KT781098:KT781098.1_53 (length 56)
./prokka_outputs_1/KT781098/KT781098:KT781098.1_54 (length 135)
./prokka_outputs_1/KT781098/KT781098:KT781098.1_55 (length 150)
./prokka_outputs_1/KT781098/KT781098:KT781098.1_56 (length 308)
./prokka_outputs_1/KT781098/KT781098:KT781098.1_57 (length 308)
./prokka_outputs_1/KT781098/KT781098:KT781098.1_58 (length 215)
./prokka_outputs_1/KT781098/KT781098:KT781098.1_59 (length 86)
./prokka_outputs_1/KT781098/KT781098:KT781098.1_60 (length 99)
./prokka_outputs_1/KT781098/KT781098:KT781098.1_61 (length 221)
./prokka_outputs_1/KT781098/KT781098:KT781098.1_62 (length 267)
./prokka_outputs_1/KT781098/KT781098:KT781098.1_63 (length 1107)
./prokka_outputs_1/KT781098/KT781098:KT781098.1_64 (length 122)
./prokka_outputs_1/KT781098/KT781098:KT781098.1_65 (length 882)
./prokka_outputs_1/KT781098/KT781098:KT781098.1_66 (length 490)
./prokka_outputs_1/KT781098/KT781098:KT781098.1_67 (length 62)
./prokka_outputs_1/KT781098/KT781098:KT781098.1_68 (length 71)
./prokka_outputs_1/KT781098/KT781098:KT781098.1_69 (length 347)
./prokka_outputs_1/KT781098/KT781098:KT781098.1_70 (length 193)
./prokka_outputs_1/KT781098/KT781098:KT781098.1_71 (length 477)
./prokka_outputs_1/KT781098/KT781098:KT781098.1_72 (length 243)
./prokka_outputs_1/KT781098/KT781098:KT781098.1_73 (length 158)
./prokka_outputs_1/KT781098/KT781098:KT781098.1_74 (length 536)
./prokka_outputs_1/KT781098/KT781098:KT781098.1_75 (length 334)
./prokka_outputs_1/KT781098/KT781098:KT781098.1_76 (length 139)
./prokka_outputs_1/KT781098/KT781098:KT781098.1_77 (length 337)
./prokka_outputs_1/KT781098/KT781098:KT781098.1_78 (length 88)
./prokka_outputs_1/KT781098/KT781098:KT781098.1_79 (length 990)
./prokka_outputs_1/KT781098/KT781098:KT781098.1_80 (length 444)
./prokka_outputs_1/KT781098/KT781098:KT781098.1_81 (length 154)
./prokka_outputs_1/KT781098/KT781098:KT781098.1_82 (length 73)
./prokka_outputs_1/KT781098/KT781098:KT781098.1_83 (length 165)
./prokka_outputs_1/KT781098/KT781098:KT781098.1_84 (length 368)
./prokka_outputs_1/KT781098/KT781098:KT781098.1_85 (length 119)
./prokka_outputs_1/KT781098/KT781098:KT781098.1_86 (length 34)
./prokka_outputs_1/KT781098/KT781098:KT781098.1_87 (length 451)
./prokka_outputs_1/KT781098/KT781098:KT781098.1_88 (length 192)
./prokka_outputs_1/KT781098/KT781098:KT781098.1_89 (length 154)
./prokka_outputs_1/KT781098/KT781098:KT781098.1_90 (length 256)
./prokka_outputs_1/KT781098/KT781098:KT781098.1_91 (length 137)
./prokka_outputs_1/KT781098/KT781098:KT781098.1_92 (length 518)
./prokka_outputs_1/KT781098/KT781098:KT781098.1_93 (length 320)
./prokka_outputs_1/KT781098/KT781098:KT781098.1_94 (length 53)
./prokka_outputs_1/KT781098/KT781098:KT781098.1_95 (length 262)
./prokka_outputs_1/KT781098/KT781098:KT781098.1_96 (length 166)
./prokka_outputs_1/KT781098/KT781098:KT781098.1_97 (length 386)
./prokka_outputs_1/KT781098/KT781098:KT781098.1_98 (length 245)
./prokka_outputs_1/KT781098/KT781098:KT781098.1_99 (length 163)
./prokka_outputs_1/KT781098/KT781098:KT781098.1_100 (length 107)
./prokka_outputs_1/KT781098/KT781098:KT781098.1_101 (length 181)
./prokka_outputs_1/KT781098/KT781098:KT781098.1_102 (length 171)
./prokka_outputs_1/KT781098/KT781098:KT781098.1_103 (length 480)
./prokka_outputs_1/KT781098/KT781098:KT781098.1_104 (length 133)
./prokka_outputs_1/KT781098/KT781098:KT781098.1_105 (length 258)
./prokka_outputs_1/KT781098/KT781098:KT781098.1_106 (length 114)
./prokka_outputs_1/KT781098/KT781098:KT781098.1_107 (length 289)
./prokka_outputs_1/KT781098/KT781098:KT781098.1_108 (length 199)
./prokka_outputs_1/KT781098/KT781098:KT781098.1_109 (length 921)
./prokka_outputs_1/KT781098/KT781098:KT781098.1_110 (length 51)
./prokka_outputs_1/KT781098/KT781098:KT781098.1_111 (length 296)
./prokka_outputs_1/KT781098/KT781098:KT781098.1_112 (length 247)
./prokka_outputs_1/KT781098/KT781098:KT781098.1_113 (length 167)
./prokka_outputs_1/KT781098/KT781098:KT781098.1_114 (length 860)
./prokka_outputs_1/KT781098/KT781098:KT781098.1_115 (length 336)
./prokka_outputs_1/KT781098/KT781098:KT781098.1_116 (length 463)
./prokka_outputs_1/KT781098/KT781098:KT781098.1_117 (length 211)
./prokka_outputs_1/KT781098/KT781098:KT781098.1_118 (length 86)
./prokka_outputs_1/KT781098/KT781098:KT781098.1_119 (length 439)
./prokka_outputs_1/KT781098/KT781098:KT781098.1_120 (length 169)
./prokka_outputs_1/KT781098/KT781098:KT781098.1_121 (length 216)
./prokka_outputs_1/KT781098/KT781098:KT781098.1_122 (length 239)
./prokka_outputs_1/KT781098/KT781098:KT781098.1_123 (length 123)
./prokka_outputs_1/KT781098/KT781098:KT781098.1_124 (length 228)

DiscRep_ALL:DISC_INCONSISTENT_MOLINFO_TECH::Molinfo Technique Report (some missing, all same)
DiscRep_SUB:DISC_INCONSISTENT_MOLINFO_TECH::technique (all missing)
DiscRep_SUB:DISC_INCONSISTENT_MOLINFO_TECH::1 Molinfos are missing field technique
./prokka_outputs_1/KT781098/KT781098:KT781098.1 (length 111154)

