IQ-TREE multicore version 2.2.0.5 COVID-edition for Linux 64-bit built Sep 26 2022
Developed by Bui Quang Minh, James Barbetti, Nguyen Lam Tung,
Olga Chernomor, Heiko Schmidt, Dominik Schrempf, Michael Woodhams, Ly Trong Nhan.

Host:    c090 (AVX2, FMA3, 503 GB RAM)
Command: iqtree -s ./orthofinder/Results_Jul07/WorkingDirectory/Alignments_ids/OG0000095.fa -pre ./orthofinder/Results_Jul07/WorkingDirectory/Alignments_ids/OG0000095
Seed:    579285 (Using SPRNG - Scalable Parallel Random Number Generator)
Time:    Sun Jul  7 17:50:01 2024
Kernel:  AVX+FMA - 1 threads (24 CPU cores detected)

HINT: Use -nt option to specify number of threads because your CPU has 24 cores!
HINT: -nt AUTO will automatically determine the best number of threads to use.

Reading alignment file ./orthofinder/Results_Jul07/WorkingDirectory/Alignments_ids/OG0000095.fa ... Fasta format detected
Reading fasta file: done in 0.000223875 secs
Alignment most likely contains protein sequences
Constructing alignment: done in 0.000135899 secs
Alignment has 31 sequences with 298 columns, 118 distinct patterns
44 parsimony-informative, 10 singleton sites, 244 constant sites
        Gap/Ambiguity  Composition  p-value
Analyzing sequences: done in 8.10623e-06 secs
   1  1_108     0.67%    passed    100.00%
   2  3_112    23.15%    passed     99.99%
   3  4_117     0.67%    passed    100.00%
   4  5_109    34.56%    passed     92.49%
   5  6_89      0.00%    passed    100.00%
   6  7_104     0.00%    passed    100.00%
   7  10_108    0.00%    passed    100.00%
   8  12_105    6.04%    passed    100.00%
   9  16_104    0.00%    passed     99.96%
  10  17_104    0.00%    passed     99.97%
  11  18_108    0.00%    passed    100.00%
  12  19_105    0.00%    passed    100.00%
  13  20_108   23.15%    passed    100.00%
  14  21_106    0.67%    passed    100.00%
  15  22_106    6.04%    passed    100.00%
  16  23_109   23.83%    passed    100.00%
  17  27_39     6.04%    passed    100.00%
  18  28_108    0.67%    passed    100.00%
  19  29_112   23.83%    passed    100.00%
  20  30_109    0.00%    passed    100.00%
  21  33_89     6.04%    passed    100.00%
  22  34_90    23.15%    passed     99.99%
  23  35_62    23.15%    passed    100.00%
  24  36_2      0.00%    passed    100.00%
  25  37_107    0.00%    passed    100.00%
  26  38_109    0.00%    passed    100.00%
  27  40_105    6.04%    passed    100.00%
  28  41_107   23.15%    passed     99.99%
  29  42_109    6.04%    passed    100.00%
  30  43_108   23.83%    passed    100.00%
  31  44_106    0.00%    passed    100.00%
****  TOTAL     8.41%  0 sequences failed composition chi2 test (p-value<5%; df=19)
NOTE: 4_117 is identical to 1_108 but kept for subsequent analysis
NOTE: 34_90 is identical to 3_112 but kept for subsequent analysis
NOTE: 18_108 is identical to 6_89 but kept for subsequent analysis
NOTE: 22_106 is identical to 12_105 but kept for subsequent analysis
NOTE: 35_62 is identical to 20_108 but kept for subsequent analysis
NOTE: 29_112 is identical to 23_109 but kept for subsequent analysis
Checking for duplicate sequences: done in 3.31402e-05 secs
Identifying sites to remove: done in 5.48363e-05 secs
NOTE: 13 identical sequences (see below) will be ignored for subsequent analysis
NOTE: 21_106 (identical to 1_108) is ignored but added at the end
NOTE: 28_108 (identical to 1_108) is ignored but added at the end
NOTE: 41_107 (identical to 3_112) is ignored but added at the end
NOTE: 19_105 (identical to 6_89) is ignored but added at the end
NOTE: 30_109 (identical to 6_89) is ignored but added at the end
NOTE: 36_2 (identical to 6_89) is ignored but added at the end
NOTE: 37_107 (identical to 6_89) is ignored but added at the end
NOTE: 38_109 (identical to 6_89) is ignored but added at the end
NOTE: 27_39 (identical to 12_105) is ignored but added at the end
NOTE: 33_89 (identical to 12_105) is ignored but added at the end
NOTE: 40_105 (identical to 12_105) is ignored but added at the end
NOTE: 42_109 (identical to 12_105) is ignored but added at the end
NOTE: 43_108 (identical to 23_109) is ignored but added at the end
Alignment was printed to ./orthofinder/Results_Jul07/WorkingDirectory/Alignments_ids/OG0000095.uniqueseq.phy

For your convenience alignment with unique sequences printed to ./orthofinder/Results_Jul07/WorkingDirectory/Alignments_ids/OG0000095.uniqueseq.phy


Create initial parsimony tree by phylogenetic likelihood library (PLL)... 0.000 seconds
Perform fast likelihood tree search using LG+I+G model...
Estimate model parameters (epsilon = 5.000)
Perform nearest neighbor interchange...
Optimizing NNI: done in 0.036917 secs using 34.99% CPU
Estimate model parameters (epsilon = 1.000)
1. Initial log-likelihood: -1380.615
Optimal log-likelihood: -1380.615
Proportion of invariable sites: 0.409
Gamma shape alpha: 1.517
Parameters optimization took 1 rounds (0.034 sec)
Time for fast ML tree search: 0.114 seconds

NOTE: ModelFinder requires 3 MB RAM!
ModelFinder will test up to 1232 protein models (sample size: 298) ...
 No. Model         -LnL         df  AIC          AICc         BIC
  1  LG            1387.287     33  2840.575     2849.075     2962.579
  2  LG+I          1380.517     34  2829.034     2838.083     2954.735
  3  LG+G4         1380.590     34  2829.181     2838.230     2954.882
  4  LG+I+G4       1380.615     35  2831.230     2840.848     2960.628
  5  LG+R2         1381.192     35  2832.384     2842.002     2961.782
  6  LG+R3         1380.652     37  2835.304     2846.119     2972.096
 14  LG+I+R2       1380.551     36  2833.102     2843.309     2966.197
 15  LG+I+R3       1380.602     38  2837.203     2848.647     2977.693
 23  LG+F          1349.721     52  2803.442     2825.940     2995.691
 24  LG+F+I        1343.518     53  2793.037     2816.496     2988.983
 25  LG+F+G4       1343.439     53  2792.878     2816.337     2988.824
 26  LG+F+I+G4     1343.463     54  2794.925     2819.370     2994.568
 27  LG+F+R2       1343.951     54  2795.902     2820.347     2995.545
 45  WAG           1372.295     33  2810.591     2819.091     2932.595
 46  WAG+I         1365.871     34  2799.743     2808.792     2925.444
 47  WAG+G4        1366.115     34  2800.229     2809.279     2925.931
 48  WAG+I+G4      1366.126     35  2802.252     2811.870     2931.650
 49  WAG+R2        1366.737     35  2803.474     2813.092     2932.872
 67  WAG+F         1343.336     52  2790.673     2813.171     2982.922
 68  WAG+F+I       1337.322     53  2780.644     2804.103     2976.590
 69  WAG+F+G4      1337.456     53  2780.911     2804.370     2976.857
 70  WAG+F+I+G4    1337.463     54  2782.926     2807.370     2982.569
 71  WAG+F+R2      1338.005     54  2784.011     2808.455     2983.654
 89  JTT           1364.944     33  2795.887     2804.387     2917.891
 90  JTT+I         1358.839     34  2785.679     2794.728     2911.380
 91  JTT+G4        1358.988     34  2785.976     2795.026     2911.677
 92  JTT+I+G4      1358.996     35  2787.992     2797.611     2917.391
 93  JTT+R2        1359.565     35  2789.130     2798.748     2918.528
111  JTT+F         1337.114     52  2778.228     2800.726     2970.477
112  JTT+F+I       1331.505     53  2769.010     2792.469     2964.956
113  JTT+F+G4      1331.514     53  2769.028     2792.487     2964.974
114  JTT+F+I+G4    1331.526     54  2771.053     2795.497     2970.696
115  JTT+F+R2      1332.016     54  2772.031     2796.476     2971.674
WARNING: Normalizing state frequencies so that sum of them equals to 1
133  Q.pfam        1391.715     33  2849.429     2857.929     2971.433
WARNING: Normalizing state frequencies so that sum of them equals to 1
134  Q.pfam+I      1384.755     34  2837.511     2846.560     2963.212
WARNING: Normalizing state frequencies so that sum of them equals to 1
135  Q.pfam+G4     1384.823     34  2837.646     2846.696     2963.347
WARNING: Normalizing state frequencies so that sum of them equals to 1
136  Q.pfam+I+G4   1384.858     35  2839.715     2849.333     2969.113
WARNING: Normalizing state frequencies so that sum of them equals to 1
137  Q.pfam+R2     1385.360     35  2840.720     2850.338     2970.118
WARNING: Normalizing state frequencies so that sum of them equals to 1
155  Q.pfam+F      1350.333     52  2804.666     2827.164     2996.915
WARNING: Normalizing state frequencies so that sum of them equals to 1
156  Q.pfam+F+I    1343.933     53  2793.866     2817.325     2989.812
WARNING: Normalizing state frequencies so that sum of them equals to 1
157  Q.pfam+F+G4   1343.830     53  2793.660     2817.119     2989.606
WARNING: Normalizing state frequencies so that sum of them equals to 1
158  Q.pfam+F+I+G4 1343.861     54  2795.723     2820.167     2995.366
WARNING: Normalizing state frequencies so that sum of them equals to 1
159  Q.pfam+F+R2   1344.369     54  2796.738     2821.182     2996.381
WARNING: Normalizing state frequencies so that sum of them equals to 1
177  Q.bird        1368.096     33  2802.192     2810.692     2924.196
WARNING: Normalizing state frequencies so that sum of them equals to 1
178  Q.bird+I      1360.596     34  2789.192     2798.241     2914.893
WARNING: Normalizing state frequencies so that sum of them equals to 1
179  Q.bird+G4     1360.608     34  2789.216     2798.265     2914.917
WARNING: Normalizing state frequencies so that sum of them equals to 1
180  Q.bird+I+G4   1360.643     35  2791.286     2800.904     2920.684
WARNING: Normalizing state frequencies so that sum of them equals to 1
181  Q.bird+R2     1361.073     35  2792.146     2801.765     2921.544
WARNING: Normalizing state frequencies so that sum of them equals to 1
199  Q.bird+F      1341.606     52  2787.212     2809.710     2979.461
WARNING: Normalizing state frequencies so that sum of them equals to 1
200  Q.bird+F+I    1334.681     53  2775.363     2798.822     2971.309
WARNING: Normalizing state frequencies so that sum of them equals to 1
201  Q.bird+F+G4   1334.500     53  2774.999     2798.458     2970.945
WARNING: Normalizing state frequencies so that sum of them equals to 1
202  Q.bird+F+I+G4 1334.528     54  2777.056     2801.501     2976.699
WARNING: Normalizing state frequencies so that sum of them equals to 1
203  Q.bird+F+R2   1334.964     54  2777.927     2802.372     2977.570
WARNING: Normalizing state frequencies so that sum of them equals to 1
221  Q.mammal      1369.415     33  2804.829     2813.329     2926.833
WARNING: Normalizing state frequencies so that sum of them equals to 1
222  Q.mammal+I    1362.340     34  2792.679     2801.728     2918.380
WARNING: Normalizing state frequencies so that sum of them equals to 1
223  Q.mammal+G4   1362.381     34  2792.762     2801.811     2918.463
WARNING: Normalizing state frequencies so that sum of them equals to 1
224  Q.mammal+I+G4 1362.416     35  2794.831     2804.449     2924.229
WARNING: Normalizing state frequencies so that sum of them equals to 1
225  Q.mammal+R2   1362.936     35  2795.871     2805.490     2925.269
WARNING: Normalizing state frequencies so that sum of them equals to 1
243  Q.mammal+F    1341.443     52  2786.885     2809.383     2979.134
WARNING: Normalizing state frequencies so that sum of them equals to 1
244  Q.mammal+F+I  1334.959     53  2775.918     2799.377     2971.864
WARNING: Normalizing state frequencies so that sum of them equals to 1
245  Q.mammal+F+G4 1334.795     53  2775.590     2799.049     2971.536
WARNING: Normalizing state frequencies so that sum of them equals to 1
246  Q.mammal+F+I+G4 1334.830     54  2777.660     2802.105     2977.303
WARNING: Normalizing state frequencies so that sum of them equals to 1
247  Q.mammal+F+R2 1335.340     54  2778.679     2803.124     2978.322
265  Q.insect      1395.987     33  2857.975     2866.475     2979.979
266  Q.insect+I    1388.899     34  2845.797     2854.847     2971.499
267  Q.insect+G4   1388.954     34  2845.908     2854.957     2971.609
268  Q.insect+I+G4 1388.990     35  2847.980     2857.598     2977.378
269  Q.insect+R2   1389.526     35  2849.052     2858.670     2978.450
287  Q.insect+F    1349.374     52  2802.748     2825.246     2994.997
288  Q.insect+F+I  1343.214     53  2792.428     2815.887     2988.374
289  Q.insect+F+G4 1343.122     53  2792.244     2815.703     2988.190
290  Q.insect+F+I+G4 1343.146     54  2794.291     2818.736     2993.934
291  Q.insect+F+R2 1343.644     54  2795.288     2819.732     2994.931
WARNING: Normalizing state frequencies so that sum of them equals to 1
309  Q.plant       1383.321     33  2832.641     2841.141     2954.645
WARNING: Normalizing state frequencies so that sum of them equals to 1
310  Q.plant+I     1375.328     34  2818.655     2827.704     2944.356
WARNING: Normalizing state frequencies so that sum of them equals to 1
311  Q.plant+G4    1375.348     34  2818.696     2827.746     2944.397
WARNING: Normalizing state frequencies so that sum of them equals to 1
312  Q.plant+I+G4  1375.390     35  2820.779     2830.398     2950.178
WARNING: Normalizing state frequencies so that sum of them equals to 1
313  Q.plant+R2    1375.786     35  2821.572     2831.190     2950.970
WARNING: Normalizing state frequencies so that sum of them equals to 1
331  Q.plant+F     1341.033     52  2786.066     2808.564     2978.315
WARNING: Normalizing state frequencies so that sum of them equals to 1
332  Q.plant+F+I   1334.180     53  2774.360     2797.819     2970.306
WARNING: Normalizing state frequencies so that sum of them equals to 1
333  Q.plant+F+G4  1333.978     53  2773.955     2797.414     2969.901
WARNING: Normalizing state frequencies so that sum of them equals to 1
334  Q.plant+F+I+G4 1333.996     54  2775.992     2800.436     2975.635
WARNING: Normalizing state frequencies so that sum of them equals to 1
335  Q.plant+F+R2  1334.371     54  2776.743     2801.187     2976.386
WARNING: Normalizing state frequencies so that sum of them equals to 1
353  Q.yeast       1413.369     33  2892.739     2901.239     3014.743
WARNING: Normalizing state frequencies so that sum of them equals to 1
354  Q.yeast+I     1406.047     34  2880.093     2889.142     3005.794
WARNING: Normalizing state frequencies so that sum of them equals to 1
355  Q.yeast+G4    1406.142     34  2880.285     2889.334     3005.986
WARNING: Normalizing state frequencies so that sum of them equals to 1
356  Q.yeast+I+G4  1406.189     35  2882.377     2891.996     3011.776
WARNING: Normalizing state frequencies so that sum of them equals to 1
357  Q.yeast+R2    1406.646     35  2883.292     2892.911     3012.691
WARNING: Normalizing state frequencies so that sum of them equals to 1
375  Q.yeast+F     1350.348     52  2804.695     2827.193     2996.944
WARNING: Normalizing state frequencies so that sum of them equals to 1
376  Q.yeast+F+I   1343.893     53  2793.786     2817.245     2989.732
WARNING: Normalizing state frequencies so that sum of them equals to 1
377  Q.yeast+F+G4  1343.849     53  2793.697     2817.156     2989.643
WARNING: Normalizing state frequencies so that sum of them equals to 1
378  Q.yeast+F+I+G4 1343.873     54  2795.746     2820.191     2995.390
WARNING: Normalizing state frequencies so that sum of them equals to 1
379  Q.yeast+F+R2  1344.398     54  2796.797     2821.241     2996.440
397  JTTDCMut      1364.928     33  2795.855     2804.355     2917.859
398  JTTDCMut+I    1358.790     34  2785.581     2794.630     2911.282
399  JTTDCMut+G4   1358.928     34  2785.855     2794.905     2911.556
400  JTTDCMut+I+G4 1358.938     35  2787.876     2797.494     2917.274
401  JTTDCMut+R2   1359.512     35  2789.023     2798.642     2918.422
419  JTTDCMut+F    1337.417     52  2778.835     2801.333     2971.084
420  JTTDCMut+F+I  1331.775     53  2769.549     2793.008     2965.495
421  JTTDCMut+F+G4 1331.770     53  2769.540     2792.999     2965.486
422  JTTDCMut+F+I+G4 1331.785     54  2771.570     2796.014     2971.213
423  JTTDCMut+F+R2 1332.278     54  2772.557     2797.001     2972.200
441  DCMut         1367.497     33  2800.993     2809.493     2922.997
442  DCMut+I       1360.009     34  2788.018     2797.068     2913.720
443  DCMut+G4      1360.202     34  2788.405     2797.454     2914.106
444  DCMut+I+G4    1360.248     35  2790.496     2800.115     2919.895
445  DCMut+R2      1360.743     35  2791.485     2801.104     2920.884
463  DCMut+F       1342.954     52  2789.908     2812.406     2982.157
464  DCMut+F+I     1335.997     53  2777.994     2801.453     2973.940
465  DCMut+F+G4    1336.074     53  2778.148     2801.607     2974.094
466  DCMut+F+I+G4  1336.108     54  2780.215     2804.660     2979.858
467  DCMut+F+R2    1336.626     54  2781.253     2805.697     2980.896
485  VT            1380.739     33  2827.477     2835.977     2949.481
486  VT+I          1374.348     34  2816.696     2825.745     2942.397
487  VT+G4         1374.591     34  2817.181     2826.231     2942.882
488  VT+I+G4       1374.606     35  2819.213     2828.831     2948.611
489  VT+R2         1375.224     35  2820.448     2830.066     2949.846
507  VT+F          1346.046     52  2796.092     2818.590     2988.340
508  VT+F+I        1340.081     53  2786.162     2809.621     2982.108
509  VT+F+G4       1340.231     53  2786.461     2809.920     2982.407
510  VT+F+I+G4     1340.235     54  2788.470     2812.914     2988.113
511  VT+F+R2       1340.783     54  2789.566     2814.010     2989.209
529  PMB           1378.915     33  2823.830     2832.330     2945.834
530  PMB+I         1372.456     34  2812.912     2821.961     2938.613
531  PMB+G4        1372.643     34  2813.287     2822.336     2938.988
532  PMB+I+G4      1372.665     35  2815.330     2824.948     2944.728
533  PMB+R2        1373.283     35  2816.565     2826.183     2945.963
551  PMB+F         1354.640     52  2813.280     2835.778     3005.529
552  PMB+F+I       1348.454     53  2802.908     2826.367     2998.854
553  PMB+F+G4      1348.578     53  2803.156     2826.615     2999.102
554  PMB+F+I+G4    1348.594     54  2805.189     2829.633     3004.832
555  PMB+F+R2      1349.171     54  2806.341     2830.785     3005.984
573  Blosum62      1381.171     33  2828.341     2836.841     2950.345
574  Blosum62+I    1374.849     34  2817.698     2826.748     2943.400
575  Blosum62+G4   1375.067     34  2818.135     2827.184     2943.836
576  Blosum62+I+G4 1375.081     35  2820.161     2829.780     2949.560
577  Blosum62+R2   1375.672     35  2821.345     2830.963     2950.743
595  Blosum62+F    1354.514     52  2813.028     2835.526     3005.277
596  Blosum62+F+I  1348.410     53  2802.821     2826.280     2998.767
597  Blosum62+F+G4 1348.579     53  2803.159     2826.618     2999.104
598  Blosum62+F+I+G4 1348.587     54  2805.173     2829.618     3004.816
599  Blosum62+F+R2 1349.149     54  2806.297     2830.742     3005.940
617  Dayhoff       1367.458     33  2800.916     2809.416     2922.920
618  Dayhoff+I     1359.963     34  2787.925     2796.975     2913.626
619  Dayhoff+G4    1360.155     34  2788.311     2797.360     2914.012
620  Dayhoff+I+G4  1360.201     35  2790.403     2800.021     2919.801
621  Dayhoff+R2    1360.696     35  2791.392     2801.011     2920.791
639  Dayhoff+F     1342.915     52  2789.830     2812.328     2982.079
640  Dayhoff+F+I   1335.952     53  2777.904     2801.363     2973.850
641  Dayhoff+F+G4  1336.028     53  2778.056     2801.515     2974.001
642  Dayhoff+F+I+G4 1336.062     54  2780.123     2804.568     2979.766
643  Dayhoff+F+R2  1336.580     54  2781.161     2805.605     2980.804
661  mtREV         1454.961     33  2975.921     2984.421     3097.926
662  mtREV+I       1446.483     34  2960.965     2970.015     3086.666
663  mtREV+G4      1446.419     34  2960.838     2969.888     3086.539
664  mtREV+I+G4    1446.410     35  2962.820     2972.438     3092.218
665  mtREV+R2      1446.789     35  2963.578     2973.196     3092.976
683  mtREV+F       1358.046     52  2820.093     2842.591     3012.341
684  mtREV+F+I     1350.076     53  2806.152     2829.611     3002.098
685  mtREV+F+G4    1349.846     53  2805.693     2829.152     3001.639
686  mtREV+F+I+G4  1349.848     54  2807.695     2832.140     3007.338
687  mtREV+F+R2    1350.189     54  2808.377     2832.822     3008.020
705  mtART         1478.898     33  3023.797     3032.297     3145.801
706  mtART+I       1465.279     34  2998.557     3007.607     3124.258
707  mtART+G4      1463.702     34  2995.405     3004.454     3121.106
708  mtART+I+G4    1462.945     35  2995.891     3005.509     3125.289
709  mtART+R2      1461.003     35  2992.006     3001.625     3121.405
727  mtART+F       1383.955     52  2871.910     2894.408     3064.159
728  mtART+F+I     1373.867     53  2853.734     2877.193     3049.680
729  mtART+F+G4    1372.278     53  2850.557     2874.016     3046.503
730  mtART+F+I+G4  1371.875     54  2851.750     2876.194     3051.393
731  mtART+F+R2    1370.160     54  2848.321     2872.765     3047.964
749  mtZOA         1442.388     33  2950.776     2959.276     3072.780
750  mtZOA+I       1433.431     34  2934.862     2943.912     3060.564
751  mtZOA+G4      1432.607     34  2933.213     2942.263     3058.914
752  mtZOA+I+G4    1432.499     35  2934.998     2944.617     3064.397
753  mtZOA+R2      1432.404     35  2934.808     2944.426     3064.206
771  mtZOA+F       1363.310     52  2830.621     2853.119     3022.870
772  mtZOA+F+I     1356.326     53  2818.652     2842.111     3014.598
773  mtZOA+F+G4    1355.664     53  2817.328     2840.787     3013.274
774  mtZOA+F+I+G4  1355.687     54  2819.375     2843.819     3019.018
775  mtZOA+F+R2    1355.797     54  2819.594     2844.038     3019.237
793  mtMet         1453.616     33  2973.231     2981.731     3095.235
794  mtMet+I       1445.721     34  2959.443     2968.492     3085.144
795  mtMet+G4      1445.252     34  2958.505     2967.554     3084.206
796  mtMet+I+G4    1445.253     35  2960.507     2970.125     3089.905
797  mtMet+R2      1445.355     35  2960.711     2970.329     3090.109
815  mtMet+F       1352.278     52  2808.556     2831.054     3000.805
816  mtMet+F+I     1345.767     53  2797.533     2820.992     2993.479
817  mtMet+F+G4    1345.463     53  2796.927     2820.386     2992.873
818  mtMet+F+I+G4  1345.504     54  2799.008     2823.452     2998.651
819  mtMet+F+R2    1345.876     54  2799.752     2824.197     2999.395
837  mtVer         1454.530     33  2975.059     2983.559     3097.063
838  mtVer+I       1446.420     34  2960.840     2969.889     3086.541
839  mtVer+G4      1445.783     34  2959.567     2968.616     3085.268
840  mtVer+I+G4    1445.778     35  2961.556     2971.174     3090.954
841  mtVer+R2      1445.800     35  2961.599     2971.218     3090.998
859  mtVer+F       1357.025     52  2818.050     2840.548     3010.299
860  mtVer+F+I     1349.505     53  2805.009     2828.468     3000.955
861  mtVer+F+G4    1349.070     53  2804.140     2827.599     3000.086
862  mtVer+F+I+G4  1349.096     54  2806.192     2830.637     3005.835
863  mtVer+F+R2    1349.312     54  2806.623     2831.067     3006.266
881  mtInv         1474.827     33  3015.654     3024.154     3137.658
882  mtInv+I       1466.739     34  3001.479     3010.528     3127.180
883  mtInv+G4      1466.369     34  3000.739     3009.788     3126.440
884  mtInv+I+G4    1466.359     35  3002.718     3012.336     3132.116
885  mtInv+R2      1466.513     35  3003.026     3012.645     3132.424
903  mtInv+F       1351.697     52  2807.393     2829.891     2999.642
904  mtInv+F+I     1345.500     53  2797.000     2820.459     2992.946
905  mtInv+F+G4    1345.232     53  2796.464     2819.923     2992.410
906  mtInv+F+I+G4  1345.266     54  2798.533     2822.977     2998.176
907  mtInv+F+R2    1345.627     54  2799.255     2823.699     2998.898
925  mtMAM         1472.002     33  3010.004     3018.504     3132.008
926  mtMAM+I       1460.182     34  2988.364     2997.414     3114.065
927  mtMAM+G4      1459.014     34  2986.028     2995.078     3111.729
928  mtMAM+I+G4    1458.670     35  2987.340     2996.958     3116.738
929  mtMAM+R2      1458.539     35  2987.077     2996.695     3116.475
947  mtMAM+F       1371.459     52  2846.918     2869.416     3039.167
948  mtMAM+F+I     1360.487     53  2826.973     2850.432     3022.919
949  mtMAM+F+G4    1359.287     53  2824.574     2848.033     3020.520
950  mtMAM+F+I+G4  1359.101     54  2826.203     2850.647     3025.846
951  mtMAM+F+R2    1358.810     54  2825.621     2850.065     3025.264
WARNING: Normalizing state frequencies so that sum of them equals to 1
969  FLAVI         1389.749     33  2845.498     2853.998     2967.503
WARNING: Normalizing state frequencies so that sum of them equals to 1
970  FLAVI+I       1382.585     34  2833.171     2842.220     2958.872
WARNING: Normalizing state frequencies so that sum of them equals to 1
971  FLAVI+G4      1382.253     34  2832.505     2841.555     2958.206
WARNING: Normalizing state frequencies so that sum of them equals to 1
972  FLAVI+I+G4    1382.277     35  2834.554     2844.172     2963.952
WARNING: Normalizing state frequencies so that sum of them equals to 1
973  FLAVI+R2      1382.615     35  2835.229     2844.847     2964.627
WARNING: Normalizing state frequencies so that sum of them equals to 1
991  FLAVI+F       1349.755     52  2803.510     2826.008     2995.759
WARNING: Normalizing state frequencies so that sum of them equals to 1
992  FLAVI+F+I     1343.067     53  2792.134     2815.593     2988.080
WARNING: Normalizing state frequencies so that sum of them equals to 1
993  FLAVI+F+G4    1342.559     53  2791.118     2814.577     2987.064
WARNING: Normalizing state frequencies so that sum of them equals to 1
994  FLAVI+F+I+G4  1342.611     54  2793.223     2817.667     2992.866
WARNING: Normalizing state frequencies so that sum of them equals to 1
995  FLAVI+F+R2    1342.866     54  2793.732     2818.177     2993.375
1013  HIVb          1388.646     33  2843.292     2851.792     2965.296
1014  HIVb+I        1379.198     34  2826.395     2835.445     2952.096
1015  HIVb+G4       1379.322     34  2826.644     2835.694     2952.346
1016  HIVb+I+G4     1379.372     35  2828.743     2838.362     2958.142
1017  HIVb+R2       1379.815     35  2829.630     2839.248     2959.028
1035  HIVb+F        1346.376     52  2796.752     2819.250     2989.001
1036  HIVb+F+I      1337.735     53  2781.469     2804.928     2977.415
1037  HIVb+F+G4     1337.542     53  2781.085     2804.544     2977.031
1038  HIVb+F+I+G4   1337.543     54  2783.086     2807.530     2982.729
1039  HIVb+F+R2     1337.857     54  2783.714     2808.159     2983.357
1057  HIVw          1418.360     33  2902.719     2911.219     3024.723
1058  HIVw+I        1408.043     34  2884.087     2893.136     3009.788
1059  HIVw+G4       1408.248     34  2884.496     2893.546     3010.197
1060  HIVw+I+G4     1408.387     35  2886.773     2896.391     3016.171
1061  HIVw+R2       1408.731     35  2887.462     2897.080     3016.860
1079  HIVw+F        1352.712     52  2809.425     2831.923     3001.673
1080  HIVw+F+I      1343.597     53  2793.193     2816.652     2989.139
1081  HIVw+F+G4     1343.555     53  2793.110     2816.569     2989.056
1082  HIVw+F+I+G4   1343.610     54  2795.220     2819.665     2994.863
1083  HIVw+F+R2     1343.862     54  2795.723     2820.168     2995.366
1101  FLU           1386.858     33  2839.716     2848.216     2961.720
1102  FLU+I         1379.054     34  2826.108     2835.158     2951.809
1103  FLU+G4        1379.132     34  2826.264     2835.314     2951.966
1104  FLU+I+G4      1379.183     35  2828.366     2837.984     2957.764
1105  FLU+R2        1379.619     35  2829.238     2838.856     2958.636
1123  FLU+F         1341.310     52  2786.621     2809.119     2978.870
1124  FLU+F+I       1334.243     53  2774.486     2797.945     2970.432
1125  FLU+F+G4      1333.861     53  2773.722     2797.181     2969.668
1126  FLU+F+I+G4    1333.946     54  2775.893     2800.337     2975.536
1127  FLU+F+R2      1334.207     54  2776.413     2800.858     2976.056
1145  rtREV         1403.421     33  2872.842     2881.342     2994.846
1146  rtREV+I       1396.615     34  2861.231     2870.280     2986.932
1147  rtREV+G4      1396.584     34  2861.169     2870.218     2986.870
1148  rtREV+I+G4    1396.611     35  2863.221     2872.839     2992.619
1149  rtREV+R2      1397.085     35  2864.169     2873.788     2993.568
1167  rtREV+F       1356.926     52  2817.853     2840.351     3010.102
1168  rtREV+F+I     1350.265     53  2806.529     2829.988     3002.475
1169  rtREV+F+G4    1350.135     53  2806.271     2829.730     3002.217
1170  rtREV+F+I+G4  1350.162     54  2808.325     2832.769     3007.968
1171  rtREV+F+R2    1350.613     54  2809.227     2833.671     3008.870
1189  cpREV         1398.154     33  2862.307     2870.807     2984.311
1190  cpREV+I       1391.122     34  2850.245     2859.294     2975.946
1191  cpREV+G4      1391.245     34  2850.490     2859.540     2976.191
1192  cpREV+I+G4    1391.259     35  2852.518     2862.136     2981.916
1193  cpREV+R2      1391.798     35  2853.595     2863.214     2982.994
1211  cpREV+F       1346.744     52  2797.488     2819.986     2989.737
1212  cpREV+F+I     1340.271     53  2786.542     2810.001     2982.488
1213  cpREV+F+G4    1340.196     53  2786.392     2809.852     2982.338
1214  cpREV+F+I+G4  1340.208     54  2788.415     2812.860     2988.058
1215  cpREV+F+R2    1340.748     54  2789.496     2813.941     2989.139
Akaike Information Criterion:           JTT+F+I
Corrected Akaike Information Criterion: JTT+F+I
Bayesian Information Criterion:         JTTDCMut+I
Best-fit model: JTTDCMut+I chosen according to BIC

All model information printed to ./orthofinder/Results_Jul07/WorkingDirectory/Alignments_ids/OG0000095.model.gz
CPU time for ModelFinder: 8.976 seconds (0h:0m:8s)
Wall-clock time for ModelFinder: 24.107 seconds (0h:0m:24s)

NOTE: 0 MB RAM (0 GB) is required!
Estimate model parameters (epsilon = 0.100)
1. Initial log-likelihood: -1358.790
Optimal log-likelihood: -1358.790
Proportion of invariable sites: 0.569
Parameters optimization took 1 rounds (0.004 sec)
Wrote distance file to... 
Computing ML distances based on estimated model parameters...
Calculating distance matrix: done in 0.00532293 secs using 99.66% CPU
Computing ML distances took 0.005347 sec (of wall-clock time) 0.005330 sec (of CPU time)
Setting up auxiliary I and S matrices: done in 2.7895e-05 secs using 200.8% CPU
Constructing RapidNJ tree: done in 3.91006e-05 secs using 189.3% CPU
Computing RapidNJ tree took 0.000101 sec (of wall-clock time) 0.000198 sec (of CPU time)
Log-likelihood of RapidNJ tree: -1358.795
--------------------------------------------------------------------
|             INITIALIZING CANDIDATE TREE SET                      |
--------------------------------------------------------------------
Generating 98 parsimony trees... 0.055 second
Computing log-likelihood of 98 initial trees ... 0.183 seconds
Current best score: -1358.790

Do NNI search on 20 best initial trees
Optimizing NNI: done in 0.019583 secs using 18.3% CPU
Estimate model parameters (epsilon = 0.100)
BETTER TREE FOUND at iteration 1: -1358.790
Optimizing NNI: done in 0.0035522 secs using 99.99% CPU
Optimizing NNI: done in 0.00355911 secs using 100% CPU
Optimizing NNI: done in 0.019568 secs using 18.28% CPU
Optimizing NNI: done in 0.00355005 secs using 100% CPU
Optimizing NNI: done in 0.00362706 secs using 99.36% CPU
Optimizing NNI: done in 0.00358295 secs using 100% CPU
Optimizing NNI: done in 0.00357604 secs using 99.97% CPU
Optimizing NNI: done in 0.0195851 secs using 18.3% CPU
Optimizing NNI: done in 0.00357699 secs using 100% CPU
Iteration 10 / LogL: -1358.790 / Time: 0h:0m:0s
Optimizing NNI: done in 0.00354385 secs using 100% CPU
Optimizing NNI: done in 0.00356388 secs using 100% CPU
Optimizing NNI: done in 0.027616 secs using 13.1% CPU
Optimizing NNI: done in 0.00359702 secs using 100% CPU
Optimizing NNI: done in 0.00362301 secs using 100% CPU
Optimizing NNI: done in 0.0196402 secs using 18.54% CPU
Optimizing NNI: done in 0.00362515 secs using 100% CPU
Optimizing NNI: done in 0.00355196 secs using 100% CPU
Optimizing NNI: done in 0.00355005 secs using 100% CPU
Optimizing NNI: done in 0.019629 secs using 18.48% CPU
Iteration 20 / LogL: -1358.790 / Time: 0h:0m:0s
Finish initializing candidate tree set (20)
Current best tree score: -1358.790 / CPU time: 0.424
Number of iterations: 20
--------------------------------------------------------------------
|               OPTIMIZING CANDIDATE TREE SET                      |
--------------------------------------------------------------------
Optimizing NNI: done in 0.00755191 secs using 99.99% CPU
Optimizing NNI: done in 0.0290132 secs using 44.84% CPU
Optimizing NNI: done in 0.0321479 secs using 50.25% CPU
Optimizing NNI: done in 0.0216591 secs using 26.13% CPU
Optimizing NNI: done in 0.0283689 secs using 43.62% CPU
Optimizing NNI: done in 0.00948691 secs using 100% CPU
Optimizing NNI: done in 0.0302169 secs using 47.06% CPU
Optimizing NNI: done in 0.0338268 secs using 29.06% CPU
Optimizing NNI: done in 0.031229 secs using 48.79% CPU
Optimizing NNI: done in 0.0280058 secs using 42.87% CPU
Iteration 30 / LogL: -1358.791 / Time: 0h:0m:0s (0h:0m:1s left)
Optimizing NNI: done in 0.00651598 secs using 100% CPU
BETTER TREE FOUND at iteration 31: -1358.790
Optimizing NNI: done in 0.0374269 secs using 57.21% CPU
Optimizing NNI: done in 0.033396 secs using 52.1% CPU
Optimizing NNI: done in 0.029094 secs using 45% CPU
Optimizing NNI: done in 0.0096159 secs using 100% CPU
Optimizing NNI: done in 0.010498 secs using 100% CPU
BETTER TREE FOUND at iteration 36: -1358.790
Optimizing NNI: done in 0.0136321 secs using 99.9% CPU
Optimizing NNI: done in 0.02683 secs using 40.37% CPU
Optimizing NNI: done in 0.00366902 secs using 99.97% CPU
Optimizing NNI: done in 0.0292048 secs using 45.2% CPU
Iteration 40 / LogL: -1358.791 / Time: 0h:0m:1s (0h:0m:2s left)
Optimizing NNI: done in 0.010767 secs using 99.98% CPU
Optimizing NNI: done in 0.02858 secs using 44.02% CPU
Optimizing NNI: done in 0.0300262 secs using 46.7% CPU
Optimizing NNI: done in 0.0406368 secs using 60.62% CPU
Optimizing NNI: done in 0.0290179 secs using 44.88% CPU
Optimizing NNI: done in 0.0531859 secs using 32.32% CPU
Optimizing NNI: done in 0.0104561 secs using 99.99% CPU
Optimizing NNI: done in 0.0233889 secs using 31.6% CPU
Optimizing NNI: done in 0.0266299 secs using 39.91% CPU
Optimizing NNI: done in 0.0110419 secs using 100% CPU
Iteration 50 / LogL: -1358.790 / Time: 0h:0m:1s (0h:0m:2s left)
Optimizing NNI: done in 0.031733 secs using 49.58% CPU
Optimizing NNI: done in 0.029355 secs using 45.5% CPU
Optimizing NNI: done in 0.0254371 secs using 37.1% CPU
Optimizing NNI: done in 0.0371768 secs using 35.45% CPU
Optimizing NNI: done in 0.034445 secs using 30.3% CPU
Optimizing NNI: done in 0.0332968 secs using 27.93% CPU
Optimizing NNI: done in 0.00952101 secs using 100% CPU
Optimizing NNI: done in 0.034976 secs using 31.38% CPU
Optimizing NNI: done in 0.045207 secs using 29.23% CPU
Optimizing NNI: done in 0.0310431 secs using 48.46% CPU
Iteration 60 / LogL: -1363.476 / Time: 0h:0m:1s (0h:0m:2s left)
Optimizing NNI: done in 0.0293422 secs using 45.49% CPU
Optimizing NNI: done in 0.0131791 secs using 99.99% CPU
Optimizing NNI: done in 0.0250139 secs using 36.03% CPU
Optimizing NNI: done in 0.0199752 secs using 70.04% CPU
Optimizing NNI: done in 0.02897 secs using 44.78% CPU
Optimizing NNI: done in 0.0280828 secs using 43.03% CPU
Optimizing NNI: done in 0.0286851 secs using 44.21% CPU
Optimizing NNI: done in 0.0251231 secs using 52.21% CPU
Optimizing NNI: done in 0.0130939 secs using 99.99% CPU
Optimizing NNI: done in 0.052413 secs using 38.94% CPU
Iteration 70 / LogL: -1358.792 / Time: 0h:0m:1s (0h:0m:1s left)
Optimizing NNI: done in 0.00575805 secs using 100% CPU
Optimizing NNI: done in 0.0219591 secs using 27.14% CPU
Optimizing NNI: done in 0.00717998 secs using 100% CPU
Optimizing NNI: done in 0.0270998 secs using 40.97% CPU
Optimizing NNI: done in 0.0299292 secs using 46.54% CPU
Optimizing NNI: done in 0.013535 secs using 100% CPU
Optimizing NNI: done in 0.05302 secs using 39.65% CPU
Optimizing NNI: done in 0.0399489 secs using 39.91% CPU
Optimizing NNI: done in 0.036207 secs using 33.71% CPU
Optimizing NNI: done in 0.0365341 secs using 34.3% CPU
Iteration 80 / LogL: -1358.790 / Time: 0h:0m:2s (0h:0m:1s left)
Optimizing NNI: done in 0.0384381 secs using 37.57% CPU
Optimizing NNI: done in 0.0281379 secs using 57.32% CPU
Optimizing NNI: done in 0.0228381 secs using 29.95% CPU
Optimizing NNI: done in 0.013309 secs using 100% CPU
Optimizing NNI: done in 0.0257881 secs using 37.96% CPU
Optimizing NNI: done in 0.049243 secs using 26.9% CPU
Optimizing NNI: done in 0.033576 secs using 28.51% CPU
BETTER TREE FOUND at iteration 87: -1358.790
Optimizing NNI: done in 0.0389178 secs using 58.88% CPU
Optimizing NNI: done in 0.0307229 secs using 47.93% CPU
Optimizing NNI: done in 0.0292609 secs using 45.33% CPU
Iteration 90 / LogL: -1358.791 / Time: 0h:0m:2s (0h:0m:2s left)
Optimizing NNI: done in 0.028605 secs using 44.08% CPU
Optimizing NNI: done in 0.0384691 secs using 58.36% CPU
Optimizing NNI: done in 0.0133781 secs using 100% CPU
Optimizing NNI: done in 0.029563 secs using 45.88% CPU
Optimizing NNI: done in 0.033771 secs using 52.62% CPU
Optimizing NNI: done in 0.026958 secs using 40.63% CPU
Optimizing NNI: done in 0.0341611 secs using 53.15% CPU
Optimizing NNI: done in 0.0293429 secs using 45.47% CPU
Optimizing NNI: done in 0.0334039 secs using 52.13% CPU
Optimizing NNI: done in 0.00366688 secs using 100% CPU
Iteration 100 / LogL: -1358.790 / Time: 0h:0m:2s (0h:0m:2s left)
Optimizing NNI: done in 0.036247 secs using 55.85% CPU
Optimizing NNI: done in 0.0274799 secs using 41.78% CPU
Optimizing NNI: done in 0.00623202 secs using 99.98% CPU
Optimizing NNI: done in 0.0295582 secs using 45.88% CPU
Optimizing NNI: done in 0.028286 secs using 43.44% CPU
Optimizing NNI: done in 0.00580883 secs using 100% CPU
Optimizing NNI: done in 0.0258958 secs using 38.21% CPU
Optimizing NNI: done in 0.00651813 secs using 100% CPU
Optimizing NNI: done in 0.024931 secs using 35.82% CPU
Optimizing NNI: done in 0.0292852 secs using 45.35% CPU
Iteration 110 / LogL: -1358.791 / Time: 0h:0m:2s (0h:0m:2s left)
Optimizing NNI: done in 0.037962 secs using 57.83% CPU
Optimizing NNI: done in 0.029088 secs using 44.98% CPU
Optimizing NNI: done in 0.00702 secs using 99.99% CPU
Optimizing NNI: done in 0.0295951 secs using 45.94% CPU
Optimizing NNI: done in 0.0663812 secs using 51.79% CPU
Optimizing NNI: done in 0.0327849 secs using 51.22% CPU
Optimizing NNI: done in 0.0263999 secs using 39.38% CPU
Optimizing NNI: done in 0.0336289 secs using 52.42% CPU
Optimizing NNI: done in 0.0288861 secs using 44.6% CPU
Optimizing NNI: done in 0.028893 secs using 44.62% CPU
Iteration 120 / LogL: -1363.477 / Time: 0h:0m:3s (0h:0m:1s left)
Optimizing NNI: done in 0.0268979 secs using 40.5% CPU
Optimizing NNI: done in 0.00940299 secs using 100% CPU
Optimizing NNI: done in 0.0550661 secs using 41.9% CPU
Optimizing NNI: done in 0.0304201 secs using 47.39% CPU
Optimizing NNI: done in 0.00946307 secs using 99.99% CPU
Optimizing NNI: done in 0.0366499 secs using 56.34% CPU
Optimizing NNI: done in 0.0489459 secs using 34.57% CPU
Optimizing NNI: done in 0.00911808 secs using 100% CPU
Optimizing NNI: done in 0.0289152 secs using 44.66% CPU
Optimizing NNI: done in 0.0282631 secs using 43.4% CPU
Iteration 130 / LogL: -1358.792 / Time: 0h:0m:3s (0h:0m:1s left)
Optimizing NNI: done in 0.032625 secs using 50.96% CPU
Optimizing NNI: done in 0.0385969 secs using 58.55% CPU
Optimizing NNI: done in 0.0290029 secs using 44.83% CPU
Optimizing NNI: done in 0.0257959 secs using 37.99% CPU
Optimizing NNI: done in 0.0107021 secs using 99.99% CPU
Optimizing NNI: done in 0.0490432 secs using 34.74% CPU
Optimizing NNI: done in 0.0372601 secs using 57.05% CPU
Optimizing NNI: done in 0.0358009 secs using 55.3% CPU
Optimizing NNI: done in 0.029207 secs using 45.21% CPU
Optimizing NNI: done in 0.0360811 secs using 55.65% CPU
Iteration 140 / LogL: -1358.793 / Time: 0h:0m:3s (0h:0m:1s left)
Optimizing NNI: done in 0.0289271 secs using 44.7% CPU
Optimizing NNI: done in 0.0554671 secs using 42.31% CPU
Optimizing NNI: done in 0.032516 secs using 50.78% CPU
Optimizing NNI: done in 0.0335939 secs using 52.36% CPU
Optimizing NNI: done in 0.00383091 secs using 100% CPU
Optimizing NNI: done in 0.0291252 secs using 45.07% CPU
Optimizing NNI: done in 0.0316651 secs using 49.46% CPU
Optimizing NNI: done in 0.0292881 secs using 45.37% CPU
Optimizing NNI: done in 0.0289531 secs using 44.72% CPU
Optimizing NNI: done in 0.0124931 secs using 100% CPU
Iteration 150 / LogL: -1358.791 / Time: 0h:0m:4s (0h:0m:1s left)
Optimizing NNI: done in 0.025444 secs using 37.13% CPU
Optimizing NNI: done in 0.036206 secs using 55.81% CPU
Optimizing NNI: done in 0.0334699 secs using 52.21% CPU
Optimizing NNI: done in 0.012784 secs using 99.99% CPU
Optimizing NNI: done in 0.0258548 secs using 38.09% CPU
Optimizing NNI: done in 0.025681 secs using 37.72% CPU
Optimizing NNI: done in 0.010113 secs using 100% CPU
Optimizing NNI: done in 0.029211 secs using 45.21% CPU
Optimizing NNI: done in 0.0268722 secs using 40.44% CPU
Optimizing NNI: done in 0.038511 secs using 58.46% CPU
Iteration 160 / LogL: -1358.792 / Time: 0h:0m:4s (0h:0m:0s left)
Optimizing NNI: done in 0.043823 secs using 36.1% CPU
Optimizing NNI: done in 0.0225921 secs using 29.17% CPU
Optimizing NNI: done in 0.00677013 secs using 100% CPU
Optimizing NNI: done in 0.0311038 secs using 48.56% CPU
Optimizing NNI: done in 0.029413 secs using 45.61% CPU
Optimizing NNI: done in 0.026865 secs using 40.45% CPU
Optimizing NNI: done in 0.0295351 secs using 45.82% CPU
Optimizing NNI: done in 0.00682807 secs using 99.98% CPU
UPDATE BEST LOG-LIKELIHOOD: -1358.790
Optimizing NNI: done in 0.0337658 secs using 52.62% CPU
Optimizing NNI: done in 0.00730085 secs using 100% CPU
Iteration 170 / LogL: -1358.790 / Time: 0h:0m:4s (0h:0m:0s left)
Optimizing NNI: done in 0.0227199 secs using 29.58% CPU
Optimizing NNI: done in 0.0340719 secs using 53.07% CPU
Optimizing NNI: done in 0.0332589 secs using 51.9% CPU
Optimizing NNI: done in 0.00703788 secs using 100% CPU
Optimizing NNI: done in 0.0292411 secs using 45.28% CPU
Optimizing NNI: done in 0.0273681 secs using 41.52% CPU
Optimizing NNI: done in 0.0257819 secs using 37.95% CPU
Optimizing NNI: done in 0.013418 secs using 99.99% CPU
Optimizing NNI: done in 0.0496809 secs using 35.59% CPU
Optimizing NNI: done in 0.0120358 secs using 100% CPU
Iteration 180 / LogL: -1358.791 / Time: 0h:0m:5s (0h:0m:0s left)
Optimizing NNI: done in 0.0282979 secs using 43.46% CPU
Optimizing NNI: done in 0.0283232 secs using 43.5% CPU
Optimizing NNI: done in 0.0401051 secs using 60.11% CPU
Optimizing NNI: done in 0.0311511 secs using 48.63% CPU
Optimizing NNI: done in 0.0294089 secs using 45.6% CPU
Optimizing NNI: done in 0.032424 secs using 50.65% CPU
Optimizing NNI: done in 0.026233 secs using 39.02% CPU
Optimizing NNI: done in 0.02841 secs using 43.69% CPU
TREE SEARCH COMPLETED AFTER 188 ITERATIONS / Time: 0h:0m:5s

--------------------------------------------------------------------
|                    FINALIZING TREE SEARCH                        |
--------------------------------------------------------------------
Performs final model parameters optimization
Estimate model parameters (epsilon = 0.010)
1. Initial log-likelihood: -1358.790
Optimal log-likelihood: -1358.790
Proportion of invariable sites: 0.569
Parameters optimization took 1 rounds (0.003 sec)
BEST SCORE FOUND : -1358.790
Total tree length: 0.261

Total number of iterations: 188
CPU time used for tree search: 2.565 sec (0h:0m:2s)
Wall-clock time used for tree search: 5.202 sec (0h:0m:5s)
Total CPU time used: 2.601 sec (0h:0m:2s)
Total wall-clock time used: 5.272 sec (0h:0m:5s)

Analysis results written to: 
  IQ-TREE report:                ./orthofinder/Results_Jul07/WorkingDirectory/Alignments_ids/OG0000095.iqtree
  Maximum-likelihood tree:       ./orthofinder/Results_Jul07/WorkingDirectory/Alignments_ids/OG0000095.treefile
  Likelihood distances:          ./orthofinder/Results_Jul07/WorkingDirectory/Alignments_ids/OG0000095.mldist
  Screen log file:               ./orthofinder/Results_Jul07/WorkingDirectory/Alignments_ids/OG0000095.log

Date and Time: Sun Jul  7 17:50:30 2024
