IQ-TREE multicore version 2.2.0.5 COVID-edition for Linux 64-bit built Sep 26 2022
Developed by Bui Quang Minh, James Barbetti, Nguyen Lam Tung,
Olga Chernomor, Heiko Schmidt, Dominik Schrempf, Michael Woodhams, Ly Trong Nhan.

Host:    c090 (AVX2, FMA3, 503 GB RAM)
Command: iqtree -s ./orthofinder/Results_Jul07/WorkingDirectory/Alignments_ids/OG0000163.fa -pre ./orthofinder/Results_Jul07/WorkingDirectory/Alignments_ids/OG0000163
Seed:    914011 (Using SPRNG - Scalable Parallel Random Number Generator)
Time:    Sun Jul  7 17:55:09 2024
Kernel:  AVX+FMA - 1 threads (24 CPU cores detected)

HINT: Use -nt option to specify number of threads because your CPU has 24 cores!
HINT: -nt AUTO will automatically determine the best number of threads to use.

Reading alignment file ./orthofinder/Results_Jul07/WorkingDirectory/Alignments_ids/OG0000163.fa ... Fasta format detected
Reading fasta file: done in 8.10623e-05 secs
Alignment most likely contains protein sequences
Constructing alignment: done in 0.000119925 secs
Alignment has 7 sequences with 217 columns, 215 distinct patterns
65 parsimony-informative, 122 singleton sites, 30 constant sites
        Gap/Ambiguity  Composition  p-value
Analyzing sequences: done in 5.00679e-06 secs
   1  15_46    43.78%    passed     52.53%
   2  15_48    29.95%    passed     87.51%
   3  15_117   12.44%    passed     98.86%
   4  15_118   13.36%    passed     96.07%
   5  15_156   14.75%    passed     99.27%
   6  15_157   13.82%    passed     84.60%
   7  15_158    5.07%    passed     81.06%
****  TOTAL    19.03%  0 sequences failed composition chi2 test (p-value<5%; df=19)
Checking for duplicate sequences: done in 1.00136e-05 secs


Create initial parsimony tree by phylogenetic likelihood library (PLL)... 0.000 seconds
Perform fast likelihood tree search using LG+I+G model...
Estimate model parameters (epsilon = 5.000)
Perform nearest neighbor interchange...
Optimizing NNI: done in 0.0767491 secs using 26.75% CPU
Estimate model parameters (epsilon = 1.000)
1. Initial log-likelihood: -2885.990
Optimal log-likelihood: -2885.475
Proportion of invariable sites: 0.029
Gamma shape alpha: 2.362
Parameters optimization took 1 rounds (0.033 sec)
Time for fast ML tree search: 0.149 seconds

NOTE: ModelFinder requires 2 MB RAM!
ModelFinder will test up to 1232 protein models (sample size: 217) ...
 No. Model         -LnL         df  AIC          AICc         BIC
  1  LG            2908.906     11  5839.812     5841.099     5876.991
  2  LG+I          2898.742     12  5821.484     5823.014     5862.043
  3  LG+G4         2886.034     12  5796.069     5797.598     5836.628
  4  LG+I+G4       2885.390     13  5796.781     5798.574     5840.720
  5  LG+R2         2887.691     13  5801.382     5803.175     5845.321
  6  LG+R3         2882.154     15  5794.308     5796.696     5845.006
  7  LG+R4         2882.096     17  5798.192     5801.268     5855.651
 14  LG+I+R2       2884.901     14  5797.802     5799.881     5845.121
 15  LG+I+R3       2884.152     16  5800.303     5803.023     5854.382
 25  LG+F+G4       2827.588     31  5717.176     5727.900     5821.953
 26  LG+F+I+G4     2827.402     32  5718.804     5730.283     5826.961
 27  LG+F+R2       2828.821     32  5721.641     5733.119     5829.798
 28  LG+F+R3       2827.231     34  5722.461     5735.538     5837.378
 36  LG+F+I+R2     2827.193     33  5720.385     5732.647     5831.922
 47  WAG+G4        2882.203     12  5788.406     5789.935     5828.964
 48  WAG+I+G4      2881.972     13  5789.944     5791.738     5833.883
 49  WAG+R2        2882.841     13  5791.682     5793.475     5835.620
 50  WAG+R3        2882.036     15  5794.072     5796.460     5844.771
 58  WAG+I+R2      2882.182     14  5792.363     5794.443     5839.682
 69  WAG+F+G4      2825.221     31  5712.443     5723.167     5817.220
 70  WAG+F+I+G4    2825.128     32  5714.256     5725.735     5822.413
 71  WAG+F+R2      2825.909     32  5715.818     5727.296     5823.974
 72  WAG+F+R3      2825.122     34  5718.244     5731.321     5833.160
 80  WAG+F+I+R2    2825.404     33  5716.808     5729.070     5828.345
 91  JTT+G4        2917.733     12  5859.466     5860.996     5900.025
 92  JTT+I+G4      2917.615     13  5861.231     5863.024     5905.169
 93  JTT+R2        2918.580     13  5863.160     5864.954     5907.099
 94  JTT+R3        2917.643     15  5865.285     5867.674     5915.984
102  JTT+I+R2      2917.887     14  5863.774     5865.853     5911.093
113  JTT+F+G4      2851.112     31  5764.223     5774.948     5869.000
114  JTT+F+I+G4    2851.070     32  5766.139     5777.617     5874.296
115  JTT+F+R2      2851.874     32  5767.748     5779.226     5875.904
116  JTT+F+R3      2851.025     34  5770.051     5783.128     5884.967
124  JTT+F+I+R2    2851.320     33  5768.641     5780.903     5880.177
WARNING: Normalizing state frequencies so that sum of them equals to 1
135  Q.pfam+G4     2892.144     12  5808.289     5809.818     5848.848
WARNING: Normalizing state frequencies so that sum of them equals to 1
136  Q.pfam+I+G4   2890.840     13  5807.679     5809.472     5851.618
WARNING: Normalizing state frequencies so that sum of them equals to 1
137  Q.pfam+R2     2893.909     13  5813.818     5815.612     5857.757
WARNING: Normalizing state frequencies so that sum of them equals to 1
138  Q.pfam+R3     2887.348     15  5804.697     5807.085     5855.395
WARNING: Normalizing state frequencies so that sum of them equals to 1
146  Q.pfam+I+R2   2890.693     14  5809.385     5811.465     5856.704
WARNING: Normalizing state frequencies so that sum of them equals to 1
157  Q.pfam+F+G4   2824.843     31  5711.686     5722.411     5816.463
WARNING: Normalizing state frequencies so that sum of them equals to 1
158  Q.pfam+F+I+G4 2823.953     32  5711.905     5723.384     5820.062
WARNING: Normalizing state frequencies so that sum of them equals to 1
159  Q.pfam+F+R2   2826.261     32  5716.521     5728.000     5824.678
WARNING: Normalizing state frequencies so that sum of them equals to 1
160  Q.pfam+F+R3   2820.826     34  5709.651     5722.728     5824.568
WARNING: Normalizing state frequencies so that sum of them equals to 1
168  Q.pfam+F+I+R2 2823.718     33  5713.435     5725.698     5824.972
WARNING: Normalizing state frequencies so that sum of them equals to 1
179  Q.bird+G4     2983.793     12  5991.586     5993.115     6032.145
WARNING: Normalizing state frequencies so that sum of them equals to 1
180  Q.bird+I+G4   2982.738     13  5991.475     5993.268     6035.414
WARNING: Normalizing state frequencies so that sum of them equals to 1
181  Q.bird+R2     2986.404     13  5998.808     6000.601     6042.747
WARNING: Normalizing state frequencies so that sum of them equals to 1
182  Q.bird+R3     2982.406     15  5994.813     5997.201     6045.511
WARNING: Normalizing state frequencies so that sum of them equals to 1
190  Q.bird+I+R2   2984.228     14  5996.457     5998.536     6043.776
WARNING: Normalizing state frequencies so that sum of them equals to 1
201  Q.bird+F+G4   2886.962     31  5835.924     5846.648     5940.701
WARNING: Normalizing state frequencies so that sum of them equals to 1
202  Q.bird+F+I+G4 2884.894     32  5833.788     5845.266     5941.945
WARNING: Normalizing state frequencies so that sum of them equals to 1
203  Q.bird+F+R2   2889.084     32  5842.169     5853.647     5950.326
WARNING: Normalizing state frequencies so that sum of them equals to 1
204  Q.bird+F+R3   2885.390     34  5838.779     5851.856     5953.696
WARNING: Normalizing state frequencies so that sum of them equals to 1
212  Q.bird+F+I+R2 2885.545     33  5837.090     5849.352     5948.627
WARNING: Normalizing state frequencies so that sum of them equals to 1
223  Q.mammal+G4   2976.292     12  5976.585     5978.114     6017.143
WARNING: Normalizing state frequencies so that sum of them equals to 1
224  Q.mammal+I+G4 2975.366     13  5976.732     5978.525     6020.670
WARNING: Normalizing state frequencies so that sum of them equals to 1
225  Q.mammal+R2   2978.760     13  5983.520     5985.313     6027.458
WARNING: Normalizing state frequencies so that sum of them equals to 1
226  Q.mammal+R3   2974.877     15  5979.754     5982.142     6030.452
WARNING: Normalizing state frequencies so that sum of them equals to 1
234  Q.mammal+I+R2 2976.461     14  5980.922     5983.001     6028.240
WARNING: Normalizing state frequencies so that sum of them equals to 1
245  Q.mammal+F+G4 2875.484     31  5812.967     5823.691     5917.744
WARNING: Normalizing state frequencies so that sum of them equals to 1
246  Q.mammal+F+I+G4 2873.773     32  5811.546     5823.025     5919.703
WARNING: Normalizing state frequencies so that sum of them equals to 1
247  Q.mammal+F+R2 2877.579     32  5819.158     5830.636     5927.314
WARNING: Normalizing state frequencies so that sum of them equals to 1
248  Q.mammal+F+R3 2874.123     34  5816.246     5829.323     5931.162
WARNING: Normalizing state frequencies so that sum of them equals to 1
256  Q.mammal+F+I+R2 2874.293     33  5814.587     5826.849     5926.124
267  Q.insect+G4   2897.993     12  5819.986     5821.516     5860.545
268  Q.insect+I+G4 2897.495     13  5820.990     5822.783     5864.929
269  Q.insect+R2   2900.359     13  5826.718     5828.511     5870.657
270  Q.insect+R3   2896.274     15  5822.547     5824.935     5873.246
278  Q.insect+I+R2 2897.184     14  5822.369     5824.448     5869.687
289  Q.insect+F+G4 2844.033     31  5750.066     5760.790     5854.843
290  Q.insect+F+I+G4 2843.666     32  5751.331     5762.810     5859.488
291  Q.insect+F+R2 2845.786     32  5755.572     5767.050     5863.729
292  Q.insect+F+R3 2843.675     34  5755.350     5768.427     5870.267
300  Q.insect+F+I+R2 2843.475     33  5752.950     5765.212     5864.487
WARNING: Normalizing state frequencies so that sum of them equals to 1
311  Q.plant+G4    2935.507     12  5895.015     5896.544     5935.573
WARNING: Normalizing state frequencies so that sum of them equals to 1
312  Q.plant+I+G4  2935.060     13  5896.120     5897.913     5940.059
WARNING: Normalizing state frequencies so that sum of them equals to 1
313  Q.plant+R2    2938.631     13  5903.261     5905.054     5947.200
WARNING: Normalizing state frequencies so that sum of them equals to 1
314  Q.plant+R3    2934.708     15  5899.417     5901.805     5950.115
WARNING: Normalizing state frequencies so that sum of them equals to 1
322  Q.plant+I+R2  2936.077     14  5900.154     5902.233     5947.473
WARNING: Normalizing state frequencies so that sum of them equals to 1
333  Q.plant+F+G4  2863.538     31  5789.076     5799.800     5893.852
WARNING: Normalizing state frequencies so that sum of them equals to 1
334  Q.plant+F+I+G4 2863.046     32  5790.091     5801.569     5898.248
WARNING: Normalizing state frequencies so that sum of them equals to 1
335  Q.plant+F+R2  2865.853     32  5795.705     5807.183     5903.862
WARNING: Normalizing state frequencies so that sum of them equals to 1
336  Q.plant+F+R3  2862.739     34  5793.477     5806.554     5908.394
WARNING: Normalizing state frequencies so that sum of them equals to 1
344  Q.plant+F+I+R2 2863.710     33  5793.420     5805.682     5904.957
WARNING: Normalizing state frequencies so that sum of them equals to 1
355  Q.yeast+G4    2879.063     12  5782.125     5783.655     5822.684
WARNING: Normalizing state frequencies so that sum of them equals to 1
356  Q.yeast+I+G4  2878.342     13  5782.685     5784.478     5826.624
WARNING: Normalizing state frequencies so that sum of them equals to 1
357  Q.yeast+R2    2881.190     13  5788.379     5790.172     5832.318
WARNING: Normalizing state frequencies so that sum of them equals to 1
358  Q.yeast+R3    2875.197     15  5780.394     5782.782     5831.093
WARNING: Normalizing state frequencies so that sum of them equals to 1
366  Q.yeast+I+R2  2877.480     14  5782.960     5785.039     5830.279
WARNING: Normalizing state frequencies so that sum of them equals to 1
377  Q.yeast+F+G4  2833.824     31  5729.648     5740.372     5834.425
WARNING: Normalizing state frequencies so that sum of them equals to 1
378  Q.yeast+F+I+G4 2833.361     32  5730.722     5742.200     5838.879
WARNING: Normalizing state frequencies so that sum of them equals to 1
379  Q.yeast+F+R2  2835.450     32  5734.900     5746.379     5843.057
WARNING: Normalizing state frequencies so that sum of them equals to 1
380  Q.yeast+F+R3  2830.342     34  5728.683     5741.760     5843.600
WARNING: Normalizing state frequencies so that sum of them equals to 1
388  Q.yeast+F+I+R2 2832.549     33  5731.097     5743.360     5842.634
399  JTTDCMut+G4   2917.381     12  5858.762     5860.292     5899.321
400  JTTDCMut+I+G4 2917.283     13  5860.566     5862.359     5904.505
401  JTTDCMut+R2   2918.195     13  5862.390     5864.183     5906.328
402  JTTDCMut+R3   2917.294     15  5864.589     5866.977     5915.287
410  JTTDCMut+I+R2 2917.554     14  5863.107     5865.186     5910.426
421  JTTDCMut+F+G4 2851.583     31  5765.167     5775.891     5869.943
422  JTTDCMut+F+I+G4 2851.575     32  5767.150     5778.629     5875.307
423  JTTDCMut+F+R2 2852.346     32  5768.693     5780.171     5876.850
424  JTTDCMut+F+R3 2851.511     34  5771.022     5784.099     5885.939
432  JTTDCMut+F+I+R2 2851.823     33  5769.646     5781.909     5881.183
443  DCMut+G4      2927.770     12  5879.539     5881.069     5920.098
444  DCMut+I+G4    2927.989     13  5881.978     5883.772     5925.917
445  DCMut+R2      2928.985     13  5883.970     5885.763     5927.909
446  DCMut+R3      2927.689     15  5885.379     5887.767     5936.077
454  DCMut+I+R2    2928.721     14  5885.442     5887.522     5932.761
465  DCMut+F+G4    2856.000     31  5774.001     5784.725     5878.778
466  DCMut+F+I+G4  2856.105     32  5776.209     5787.688     5884.366
467  DCMut+F+R2    2857.239     32  5778.478     5789.956     5886.635
468  DCMut+F+R3    2855.811     34  5779.622     5792.699     5894.538
476  DCMut+F+I+R2  2857.198     33  5780.395     5792.657     5891.932
487  VT+G4         2874.983     12  5773.966     5775.495     5814.525
488  VT+I+G4       2874.434     13  5774.867     5776.660     5818.806
489  VT+R2         2875.296     13  5776.593     5778.386     5820.531
490  VT+R3         2874.729     15  5779.457     5781.845     5830.156
498  VT+I+R2       2874.593     14  5777.186     5779.265     5824.504
509  VT+F+G4       2819.410     31  5700.819     5711.543     5805.596
510  VT+F+I+G4     2819.101     32  5702.201     5713.679     5810.358
511  VT+F+R2       2819.693     32  5703.386     5714.864     5811.542
512  VT+F+R3       2819.227     34  5706.454     5719.531     5821.370
520  VT+F+I+R2     2819.212     33  5704.423     5716.685     5815.960
531  PMB+G4        2885.608     12  5795.216     5796.746     5835.775
532  PMB+I+G4      2884.139     13  5794.277     5796.070     5838.216
533  PMB+R2        2885.559     13  5797.117     5798.910     5841.056
534  PMB+R3        2884.600     15  5799.201     5801.589     5849.899
542  PMB+I+R2      2884.192     14  5796.384     5798.463     5843.702
553  PMB+F+G4      2820.887     31  5703.775     5714.499     5808.551
554  PMB+F+I+G4    2820.093     32  5704.185     5715.663     5812.342
555  PMB+F+R2      2821.026     32  5706.052     5717.531     5814.209
556  PMB+F+R3      2820.553     34  5709.106     5722.183     5824.023
564  PMB+F+I+R2    2820.172     33  5706.344     5718.606     5817.881
575  Blosum62+G4   2867.384     12  5758.768     5760.298     5799.327
576  Blosum62+I+G4 2865.574     13  5757.148     5758.941     5801.087
577  Blosum62+R2   2867.417     13  5760.833     5762.626     5804.772
578  Blosum62+R3   2866.432     15  5762.865     5765.253     5813.563
586  Blosum62+I+R2 2865.660     14  5759.320     5761.399     5806.638
597  Blosum62+F+G4 2812.352     31  5686.705     5697.429     5791.482
598  Blosum62+F+I+G4 2811.346     32  5686.691     5698.169     5794.848
599  Blosum62+F+R2 2812.484     32  5688.968     5700.446     5797.124
600  Blosum62+F+R3 2812.025     34  5692.051     5705.128     5806.967
608  Blosum62+F+I+R2 2811.416     33  5688.832     5701.095     5800.369
619  Dayhoff+G4    2927.963     12  5879.926     5881.455     5920.484
620  Dayhoff+I+G4  2928.177     13  5882.354     5884.147     5926.292
621  Dayhoff+R2    2929.165     13  5884.330     5886.123     5928.269
622  Dayhoff+R3    2927.868     15  5885.737     5888.125     5936.435
630  Dayhoff+I+R2  2928.905     14  5885.810     5887.889     5933.128
641  Dayhoff+F+G4  2856.103     31  5774.205     5784.930     5878.982
642  Dayhoff+F+I+G4 2856.212     32  5776.424     5787.902     5884.580
643  Dayhoff+F+R2  2857.328     32  5778.656     5790.135     5886.813
644  Dayhoff+F+R3  2855.906     34  5779.813     5792.889     5894.729
652  Dayhoff+F+I+R2 2857.274     33  5780.549     5792.811     5892.086
663  mtREV+G4      3064.819     12  6153.638     6155.167     6194.197
664  mtREV+I+G4    3063.443     13  6152.885     6154.678     6196.824
665  mtREV+R2      3067.971     13  6161.942     6163.735     6205.881
666  mtREV+R3      3063.057     15  6156.114     6158.503     6206.813
674  mtREV+I+R2    3064.160     14  6156.321     6158.400     6203.640
685  mtREV+F+G4    2876.472     31  5814.945     5825.669     5919.722
686  mtREV+F+I+G4  2876.283     32  5816.566     5828.044     5924.722
687  mtREV+F+R2    2878.399     32  5820.798     5832.276     5928.954
688  mtREV+F+R3    2876.542     34  5821.084     5834.161     5936.001
696  mtREV+F+I+R2  2877.055     33  5820.110     5832.373     5931.647
707  mtART+G4      3078.099     12  6180.198     6181.728     6220.757
708  mtART+I+G4    3075.131     13  6176.262     6178.055     6220.200
709  mtART+R2      3082.181     13  6190.362     6192.155     6234.301
710  mtART+R3      3075.243     15  6180.486     6182.874     6231.184
718  mtART+I+R2    3075.679     14  6179.359     6181.438     6226.677
729  mtART+F+G4    2885.329     31  5832.658     5843.382     5937.435
730  mtART+F+I+G4  2884.349     32  5832.698     5844.176     5940.854
731  mtART+F+R2    2886.200     32  5836.400     5847.878     5944.557
732  mtART+F+R3    2882.184     34  5832.368     5845.445     5947.285
740  mtART+F+I+R2  2882.510     33  5831.019     5843.282     5942.556
751  mtZOA+G4      3053.420     12  6130.840     6132.370     6171.399
752  mtZOA+I+G4    3050.798     13  6127.595     6129.388     6171.534
753  mtZOA+R2      3055.490     13  6136.979     6138.772     6180.918
754  mtZOA+R3      3050.103     15  6130.207     6132.595     6180.905
762  mtZOA+I+R2    3050.596     14  6129.193     6131.272     6176.512
773  mtZOA+F+G4    2866.069     31  5794.139     5804.863     5898.916
774  mtZOA+F+I+G4  2865.556     32  5795.112     5806.590     5903.268
775  mtZOA+F+R2    2866.755     32  5797.510     5808.988     5905.666
776  mtZOA+F+R3    2865.221     34  5798.443     5811.520     5913.359
784  mtZOA+F+I+R2  2864.362     33  5794.723     5806.986     5906.260
795  mtMet+G4      3031.161     12  6086.322     6087.851     6126.880
796  mtMet+I+G4    3029.443     13  6084.887     6086.680     6128.825
797  mtMet+R2      3030.731     13  6087.463     6089.256     6131.401
798  mtMet+R3      3030.440     15  6090.881     6093.269     6141.579
806  mtMet+I+R2    3028.212     14  6084.423     6086.503     6131.742
817  mtMet+F+G4    2878.714     31  5819.429     5830.153     5924.206
818  mtMet+F+I+G4  2878.075     32  5820.150     5831.629     5928.307
819  mtMet+F+R2    2880.378     32  5824.756     5836.234     5932.912
820  mtMet+F+R3    2878.874     34  5825.748     5838.824     5940.664
828  mtMet+F+I+R2  2878.080     33  5822.160     5834.423     5933.697
839  mtVer+G4      3086.212     12  6196.425     6197.954     6236.983
840  mtVer+I+G4    3084.601     13  6195.203     6196.996     6239.141
841  mtVer+R2      3086.498     13  6198.997     6200.790     6242.935
842  mtVer+R3      3085.195     15  6200.391     6202.779     6251.089
850  mtVer+I+R2    3084.170     14  6196.340     6198.420     6243.659
861  mtVer+F+G4    2904.159     31  5870.317     5881.041     5975.094
862  mtVer+F+I+G4  2903.653     32  5871.306     5882.784     5979.462
863  mtVer+F+R2    2908.987     32  5881.974     5893.452     5990.131
864  mtVer+F+R3    2903.221     34  5874.441     5887.518     5989.358
872  mtVer+F+I+R2  2906.339     33  5878.678     5890.940     5990.214
883  mtInv+G4      3035.378     12  6094.756     6096.286     6135.315
884  mtInv+I+G4    3033.810     13  6093.620     6095.413     6137.558
885  mtInv+R2      3035.661     13  6097.323     6099.116     6141.261
886  mtInv+R3      3034.903     15  6099.806     6102.194     6150.504
894  mtInv+I+R2    3032.811     14  6093.621     6095.700     6140.940
905  mtInv+F+G4    2860.832     31  5783.665     5794.389     5888.441
906  mtInv+F+I+G4  2860.514     32  5785.028     5796.506     5893.184
907  mtInv+F+R2    2861.268     32  5786.535     5798.014     5894.692
908  mtInv+F+R3    2860.593     34  5789.187     5802.264     5904.103
916  mtInv+F+I+R2  2859.634     33  5785.267     5797.529     5896.804
927  mtMAM+G4      3105.633     12  6235.266     6236.795     6275.824
928  mtMAM+I+G4    3103.469     13  6232.938     6234.731     6276.877
929  mtMAM+R2      3110.933     13  6247.866     6249.659     6291.805
930  mtMAM+R3      3105.689     15  6241.379     6243.767     6292.077
938  mtMAM+I+R2    3106.759     14  6241.517     6243.596     6288.836
949  mtMAM+F+G4    2912.574     31  5887.147     5897.872     5991.924
950  mtMAM+F+I+G4  2910.985     32  5885.969     5897.448     5994.126
951  mtMAM+F+R2    2917.530     32  5899.060     5910.538     6007.216
952  mtMAM+F+R3    2911.346     34  5890.692     5903.768     6005.608
960  mtMAM+F+I+R2  2912.776     33  5891.552     5903.814     6003.088
WARNING: Normalizing state frequencies so that sum of them equals to 1
971  FLAVI+G4      3012.624     12  6049.248     6050.777     6089.806
WARNING: Normalizing state frequencies so that sum of them equals to 1
972  FLAVI+I+G4    3011.833     13  6049.666     6051.459     6093.604
WARNING: Normalizing state frequencies so that sum of them equals to 1
973  FLAVI+R2      3018.768     13  6063.535     6065.328     6107.474
WARNING: Normalizing state frequencies so that sum of them equals to 1
974  FLAVI+R3      3011.446     15  6052.891     6055.279     6103.590
WARNING: Normalizing state frequencies so that sum of them equals to 1
982  FLAVI+I+R2    3015.781     14  6059.563     6061.642     6106.881
WARNING: Normalizing state frequencies so that sum of them equals to 1
993  FLAVI+F+G4    2909.393     31  5880.785     5891.509     5985.562
WARNING: Normalizing state frequencies so that sum of them equals to 1
994  FLAVI+F+I+G4  2908.935     32  5881.869     5893.347     5990.026
WARNING: Normalizing state frequencies so that sum of them equals to 1
995  FLAVI+F+R2    2912.976     32  5889.951     5901.430     5998.108
WARNING: Normalizing state frequencies so that sum of them equals to 1
996  FLAVI+F+R3    2909.800     34  5887.600     5900.677     6002.516
WARNING: Normalizing state frequencies so that sum of them equals to 1
1004  FLAVI+F+I+R2  2910.926     33  5887.852     5900.114     5999.389
1015  HIVb+G4       2949.778     12  5923.556     5925.086     5964.115
1016  HIVb+I+G4     2949.515     13  5925.030     5926.823     5968.969
1017  HIVb+R2       2951.505     13  5929.011     5930.804     5972.949
1018  HIVb+R3       2949.347     15  5928.695     5931.083     5979.393
1026  HIVb+I+R2     2950.614     14  5929.227     5931.306     5976.546
1037  HIVb+F+G4     2876.507     31  5815.013     5825.738     5919.790
1038  HIVb+F+I+G4   2876.547     32  5817.094     5828.573     5925.251
1039  HIVb+F+R2     2877.661     32  5819.322     5830.800     5927.478
1040  HIVb+F+R3     2875.976     34  5819.952     5833.029     5934.869
1048  HIVb+F+I+R2   2877.371     33  5820.742     5833.004     5932.279
1059  HIVw+G4       2956.509     12  5937.019     5938.548     5977.578
1060  HIVw+I+G4     2955.737     13  5937.473     5939.266     5981.412
1061  HIVw+R2       2959.158     13  5944.315     5946.108     5988.254
1062  HIVw+R3       2954.798     15  5939.596     5941.984     5990.295
1070  HIVw+I+R2     2956.916     14  5941.831     5943.910     5989.150
1081  HIVw+F+G4     2905.577     31  5873.155     5883.879     5977.931
1082  HIVw+F+I+G4   2905.121     32  5874.242     5885.720     5982.399
1083  HIVw+F+R2     2908.252     32  5880.503     5891.982     5988.660
1084  HIVw+F+R3     2904.191     34  5876.381     5889.458     5991.298
1092  HIVw+F+I+R2   2906.224     33  5878.447     5890.710     5989.984
1103  FLU+G4        2900.471     12  5824.942     5826.471     5865.500
1104  FLU+I+G4      2898.935     13  5823.869     5825.662     5867.808
1105  FLU+R2        2902.337     13  5830.673     5832.467     5874.612
1106  FLU+R3        2898.438     15  5826.875     5829.264     5877.574
1114  FLU+I+R2      2900.157     14  5828.315     5830.394     5875.634
1125  FLU+F+G4      2863.505     31  5789.010     5799.734     5893.787
1126  FLU+F+I+G4    2862.142     32  5788.283     5799.762     5896.440
1127  FLU+F+R2      2867.174     32  5798.348     5809.826     5906.504
1128  FLU+F+R3      2860.782     34  5789.565     5802.641     5904.481
1136  FLU+F+I+R2    2863.560     33  5793.119     5805.382     5904.656
1147  rtREV+G4      2890.806     12  5805.613     5807.142     5846.172
1148  rtREV+I+G4    2889.333     13  5804.665     5806.458     5848.604
1149  rtREV+R2      2892.052     13  5810.104     5811.897     5854.042
1150  rtREV+R3      2889.070     15  5808.140     5810.528     5858.838
1158  rtREV+I+R2    2889.402     14  5806.804     5808.883     5854.123
1169  rtREV+F+G4    2821.183     31  5704.365     5715.089     5809.142
1170  rtREV+F+I+G4  2820.422     32  5704.844     5716.322     5813.001
1171  rtREV+F+R2    2822.314     32  5708.629     5720.107     5816.785
1172  rtREV+F+R3    2821.058     34  5710.116     5723.193     5825.033
1180  rtREV+F+I+R2  2820.491     33  5706.981     5719.244     5818.518
1191  cpREV+G4      2892.386     12  5808.772     5810.302     5849.331
1192  cpREV+I+G4    2892.370     13  5810.741     5812.534     5854.679
1193  cpREV+R2      2893.211     13  5812.422     5814.215     5856.361
1194  cpREV+R3      2892.272     15  5814.544     5816.932     5865.242
1202  cpREV+I+R2    2892.745     14  5813.490     5815.570     5860.809
1213  cpREV+F+G4    2839.160     31  5740.320     5751.044     5845.097
1214  cpREV+F+I+G4  2839.399     32  5742.799     5754.277     5850.955
1215  cpREV+F+R2    2840.321     32  5744.642     5756.121     5852.799
1216  cpREV+F+R3    2839.076     34  5746.152     5759.229     5861.069
1224  cpREV+F+I+R2  2840.406     33  5746.811     5759.073     5858.348
Akaike Information Criterion:           Blosum62+F+I+G4
Corrected Akaike Information Criterion: Blosum62+F+G4
Bayesian Information Criterion:         Blosum62+F+G4
Best-fit model: Blosum62+F+G4 chosen according to BIC

All model information printed to ./orthofinder/Results_Jul07/WorkingDirectory/Alignments_ids/OG0000163.model.gz
CPU time for ModelFinder: 8.405 seconds (0h:0m:8s)
Wall-clock time for ModelFinder: 23.911 seconds (0h:0m:23s)

NOTE: 1 MB RAM (0 GB) is required!
Estimate model parameters (epsilon = 0.100)
1. Initial log-likelihood: -2812.352
Optimal log-likelihood: -2812.352
Gamma shape alpha: 4.604
Parameters optimization took 1 rounds (0.004 sec)
Wrote distance file to... 
Computing ML distances based on estimated model parameters...
Calculating distance matrix: done in 0.00200391 secs using 99.26% CPU
Computing ML distances took 0.002024 sec (of wall-clock time) 0.002010 sec (of CPU time)
Setting up auxiliary I and S matrices: done in 1.78814e-05 secs using 100.7% CPU
Constructing RapidNJ tree: done in 1.50204e-05 secs using 93.21% CPU
Computing RapidNJ tree took 0.000059 sec (of wall-clock time) 0.000058 sec (of CPU time)
Log-likelihood of RapidNJ tree: -2813.273
--------------------------------------------------------------------
|             INITIALIZING CANDIDATE TREE SET                      |
--------------------------------------------------------------------
Generating 98 parsimony trees... 0.033 second
Computing log-likelihood of 67 initial trees ... 0.204 seconds
Current best score: -2812.352

Do NNI search on 20 best initial trees
Optimizing NNI: done in 0.0204 secs using 21.55% CPU
Estimate model parameters (epsilon = 0.100)
BETTER TREE FOUND at iteration 1: -2812.352
Optimizing NNI: done in 0.00445509 secs using 99.95% CPU
Optimizing NNI: done in 0.0100429 secs using 99.59% CPU
Optimizing NNI: done in 0.0100899 secs using 99.9% CPU
Optimizing NNI: done in 0.010093 secs using 99.59% CPU
Optimizing NNI: done in 0.031553 secs using 49.29% CPU
Optimizing NNI: done in 0.0261559 secs using 38.85% CPU
Optimizing NNI: done in 0.031801 secs using 49.67% CPU
Optimizing NNI: done in 0.0398278 secs using 29.87% CPU
Optimizing NNI: done in 0.0638599 secs using 24.84% CPU
Iteration 10 / LogL: -2812.353 / Time: 0h:0m:0s
Optimizing NNI: done in 0.010143 secs using 99.97% CPU
Optimizing NNI: done in 0.0261939 secs using 38.93% CPU
Optimizing NNI: done in 0.031358 secs using 50.16% CPU
Optimizing NNI: done in 0.0468061 secs using 33.6% CPU
Optimizing NNI: done in 0.03738 secs using 57.17% CPU
Optimizing NNI: done in 0.0197859 secs using 79.3% CPU
Optimizing NNI: done in 0.031832 secs using 49.76% CPU
Optimizing NNI: done in 0.0750589 secs using 36.06% CPU
Optimizing NNI: done in 0.109821 secs using 23.52% CPU
Optimizing NNI: done in 0.039736 secs using 39.6% CPU
Iteration 20 / LogL: -2812.390 / Time: 0h:0m:1s
Finish initializing candidate tree set (2)
Current best tree score: -2812.352 / CPU time: 0.967
Number of iterations: 20
--------------------------------------------------------------------
|               OPTIMIZING CANDIDATE TREE SET                      |
--------------------------------------------------------------------
Optimizing NNI: done in 0.010108 secs using 99.99% CPU
Optimizing NNI: done in 0.063895 secs using 24.9% CPU
Optimizing NNI: done in 0.0341039 secs using 29.63% CPU
Optimizing NNI: done in 0.0396378 secs using 39.46% CPU
Optimizing NNI: done in 0.00441909 secs using 99.98% CPU
Optimizing NNI: done in 0.099354 secs using 27.54% CPU
Optimizing NNI: done in 0.0397689 secs using 39.65% CPU
Optimizing NNI: done in 0.0259409 secs using 39.14% CPU
Optimizing NNI: done in 0.03427 secs using 29.58% CPU
Optimizing NNI: done in 0.0411341 secs using 41.59% CPU
Iteration 30 / LogL: -2812.366 / Time: 0h:0m:1s (0h:0m:3s left)
Optimizing NNI: done in 0.034004 secs using 29.41% CPU
Optimizing NNI: done in 0.0341539 secs using 29.73% CPU
Optimizing NNI: done in 0.0341759 secs using 29.78% CPU
Optimizing NNI: done in 0.0340531 secs using 29.53% CPU
Optimizing NNI: done in 0.034143 secs using 29.7% CPU
Optimizing NNI: done in 0.00444412 secs using 99.97% CPU
Optimizing NNI: done in 0.0207229 secs using 21.45% CPU
Optimizing NNI: done in 0.060853 secs using 34.96% CPU
Optimizing NNI: done in 0.0339761 secs using 29.34% CPU
Optimizing NNI: done in 0.039618 secs using 39.42% CPU
Iteration 40 / LogL: -2812.357 / Time: 0h:0m:1s (0h:0m:2s left)
Optimizing NNI: done in 0.0396039 secs using 39.41% CPU
Optimizing NNI: done in 0.0284081 secs using 15.51% CPU
Optimizing NNI: done in 0.039746 secs using 39.62% CPU
Optimizing NNI: done in 0.0341511 secs using 29.73% CPU
Optimizing NNI: done in 0.0396328 secs using 39.44% CPU
Optimizing NNI: done in 0.034095 secs using 29.61% CPU
Optimizing NNI: done in 0.0340741 secs using 29.57% CPU
Optimizing NNI: done in 0.098927 secs using 27.22% CPU
Optimizing NNI: done in 0.0100961 secs using 100% CPU
Optimizing NNI: done in 0.033926 secs using 29.25% CPU
Iteration 50 / LogL: -2812.352 / Time: 0h:0m:2s (0h:0m:2s left)
Optimizing NNI: done in 0.0589411 secs using 26.51% CPU
Optimizing NNI: done in 0.0183291 secs using 54.54% CPU
Optimizing NNI: done in 0.0435019 secs using 35.97% CPU
Optimizing NNI: done in 0.00443411 secs using 99.97% CPU
Optimizing NNI: done in 0.0596571 secs using 26.28% CPU
Optimizing NNI: done in 0.034091 secs using 29.61% CPU
Optimizing NNI: done in 0.0342481 secs using 29.92% CPU
Optimizing NNI: done in 0.00439692 secs using 100% CPU
Optimizing NNI: done in 0.038012 secs using 26.86% CPU
Optimizing NNI: done in 0.00450993 secs using 100% CPU
Iteration 60 / LogL: -2812.352 / Time: 0h:0m:2s (0h:0m:1s left)
Optimizing NNI: done in 0.0341201 secs using 29.66% CPU
Optimizing NNI: done in 0.099014 secs using 27.25% CPU
Optimizing NNI: done in 0.00996399 secs using 99.99% CPU
Optimizing NNI: done in 0.03407 secs using 29.57% CPU
Optimizing NNI: done in 0.0989099 secs using 27.2% CPU
Optimizing NNI: done in 0.0477679 secs using 33.01% CPU
Optimizing NNI: done in 0.0339868 secs using 29.4% CPU
Optimizing NNI: done in 0.0691731 secs using 30.59% CPU
Optimizing NNI: done in 0.0453579 secs using 47.09% CPU
Optimizing NNI: done in 0.0341899 secs using 29.81% CPU
Iteration 70 / LogL: -2813.291 / Time: 0h:0m:3s (0h:0m:1s left)
Optimizing NNI: done in 0.0311241 secs using 32.12% CPU
Optimizing NNI: done in 0.043191 secs using 36.37% CPU
Optimizing NNI: done in 0.024426 secs using 18.12% CPU
Optimizing NNI: done in 0.00998902 secs using 100% CPU
Optimizing NNI: done in 0.0453892 secs using 47.11% CPU
Optimizing NNI: done in 0.0636721 secs using 24.62% CPU
Optimizing NNI: done in 0.0452302 secs using 46.93% CPU
Optimizing NNI: done in 0.00995088 secs using 99.99% CPU
Optimizing NNI: done in 0.028466 secs using 15.69% CPU
Optimizing NNI: done in 0.0341349 secs using 29.68% CPU
Iteration 80 / LogL: -2812.358 / Time: 0h:0m:3s (0h:0m:0s left)
Optimizing NNI: done in 0.034117 secs using 29.62% CPU
Optimizing NNI: done in 0.00997877 secs using 100% CPU
Optimizing NNI: done in 0.0677369 secs using 23.24% CPU
Optimizing NNI: done in 0.0638821 secs using 24.86% CPU
Optimizing NNI: done in 0.058104 secs using 17.4% CPU
Optimizing NNI: done in 0.0477641 secs using 35.59% CPU
Optimizing NNI: done in 0.0291169 secs using 33.96% CPU
Optimizing NNI: done in 0.0244029 secs using 18.05% CPU
Optimizing NNI: done in 0.0101779 secs using 99.99% CPU
Optimizing NNI: done in 0.028471 secs using 15.58% CPU
Iteration 90 / LogL: -2812.352 / Time: 0h:0m:3s (0h:0m:0s left)
Optimizing NNI: done in 0.0341001 secs using 29.61% CPU
Optimizing NNI: done in 0.00440407 secs using 100% CPU
Optimizing NNI: done in 0.026119 secs using 38.75% CPU
Optimizing NNI: done in 0.0284672 secs using 15.71% CPU
Optimizing NNI: done in 0.0385361 secs using 37.72% CPU
Optimizing NNI: done in 0.0341811 secs using 29.76% CPU
Optimizing NNI: done in 0.0340219 secs using 29.46% CPU
Optimizing NNI: done in 0.0894721 secs using 24% CPU
Optimizing NNI: done in 0.0491159 secs using 34.83% CPU
Optimizing NNI: done in 0.039778 secs using 39.66% CPU
Iteration 100 / LogL: -2813.274 / Time: 0h:0m:4s (0h:0m:0s left)
Optimizing NNI: done in 0.0638549 secs using 24.83% CPU
Optimizing NNI: done in 0.0396771 secs using 39.5% CPU
TREE SEARCH COMPLETED AFTER 102 ITERATIONS / Time: 0h:0m:4s

--------------------------------------------------------------------
|                    FINALIZING TREE SEARCH                        |
--------------------------------------------------------------------
Performs final model parameters optimization
Estimate model parameters (epsilon = 0.010)
1. Initial log-likelihood: -2812.352
Optimal log-likelihood: -2812.352
Gamma shape alpha: 4.604
Parameters optimization took 1 rounds (0.004 sec)
BEST SCORE FOUND : -2812.352
Total tree length: 5.138

Total number of iterations: 102
CPU time used for tree search: 1.530 sec (0h:0m:1s)
Wall-clock time used for tree search: 4.201 sec (0h:0m:4s)
Total CPU time used: 1.567 sec (0h:0m:1s)
Total wall-clock time used: 4.269 sec (0h:0m:4s)

Analysis results written to: 
  IQ-TREE report:                ./orthofinder/Results_Jul07/WorkingDirectory/Alignments_ids/OG0000163.iqtree
  Maximum-likelihood tree:       ./orthofinder/Results_Jul07/WorkingDirectory/Alignments_ids/OG0000163.treefile
  Likelihood distances:          ./orthofinder/Results_Jul07/WorkingDirectory/Alignments_ids/OG0000163.mldist
  Screen log file:               ./orthofinder/Results_Jul07/WorkingDirectory/Alignments_ids/OG0000163.log

Date and Time: Sun Jul  7 17:55:38 2024
