IQ-TREE multicore version 2.2.0.5 COVID-edition for Linux 64-bit built Sep 26 2022
Developed by Bui Quang Minh, James Barbetti, Nguyen Lam Tung,
Olga Chernomor, Heiko Schmidt, Dominik Schrempf, Michael Woodhams, Ly Trong Nhan.

Host:    c090 (AVX2, FMA3, 503 GB RAM)
Command: iqtree -s ./orthofinder/Results_Jul07/WorkingDirectory/Alignments_ids/OG0000070.fa -pre ./orthofinder/Results_Jul07/WorkingDirectory/Alignments_ids/OG0000070
Seed:    24463 (Using SPRNG - Scalable Parallel Random Number Generator)
Time:    Sun Jul  7 17:49:24 2024
Kernel:  AVX+FMA - 1 threads (24 CPU cores detected)

HINT: Use -nt option to specify number of threads because your CPU has 24 cores!
HINT: -nt AUTO will automatically determine the best number of threads to use.

Reading alignment file ./orthofinder/Results_Jul07/WorkingDirectory/Alignments_ids/OG0000070.fa ... Fasta format detected
Reading fasta file: done in 0.000339985 secs using 49.41% CPU
Alignment most likely contains protein sequences
Constructing alignment: done in 0.000241995 secs using 49.59% CPU
Alignment has 32 sequences with 486 columns, 193 distinct patterns
80 parsimony-informative, 60 singleton sites, 346 constant sites
        Gap/Ambiguity  Composition  p-value
Analyzing sequences: done in 1.21593e-05 secs using 49.34% CPU
   1  1_100     1.23%    passed    100.00%
   2  3_103     1.03%    passed    100.00%
   3  4_109    75.31%    passed     30.91%
   4  4_110    90.95%    passed     46.17%
   5  5_100     1.03%    passed    100.00%
   6  6_98      1.03%    passed    100.00%
   7  7_96      2.06%    passed    100.00%
   8  10_99     1.03%    passed    100.00%
   9  12_96     1.03%    passed    100.00%
  10  16_96     2.06%    passed    100.00%
  11  17_96     2.06%    passed    100.00%
  12  18_99     1.03%    passed    100.00%
  13  19_96     1.03%    passed    100.00%
  14  20_99     1.03%    passed    100.00%
  15  21_98     1.23%    passed    100.00%
  16  22_97     1.03%    passed    100.00%
  17  23_101    1.23%    passed    100.00%
  18  27_105    1.03%    passed    100.00%
  19  28_100    1.23%    passed    100.00%
  20  29_104    1.23%    passed    100.00%
  21  30_100    1.03%    passed    100.00%
  22  33_98     1.03%    passed    100.00%
  23  34_99     1.03%    passed    100.00%
  24  35_110    1.03%    passed    100.00%
  25  36_118    1.03%    passed    100.00%
  26  37_98     1.03%    passed    100.00%
  27  38_100    1.03%    passed    100.00%
  28  40_96     1.03%    passed    100.00%
  29  41_98     1.03%    passed    100.00%
  30  42_100    1.03%    passed    100.00%
  31  43_99     1.23%    passed    100.00%
  32  44_97     1.03%    passed    100.00%
WARNING: 2 sequences contain more than 50% gaps/ambiguity
****  TOTAL     6.30%  0 sequences failed composition chi2 test (p-value<5%; df=19)
NOTE: 28_100 is identical to 1_100 but kept for subsequent analysis
NOTE: 5_100 is identical to 3_103 but kept for subsequent analysis
NOTE: 18_99 is identical to 6_98 but kept for subsequent analysis
NOTE: 17_96 is identical to 16_96 but kept for subsequent analysis
NOTE: 29_104 is identical to 23_101 but kept for subsequent analysis
Checking for duplicate sequences: done in 3.69549e-05 secs using 51.41% CPU
Identifying sites to remove: done in 8.29697e-05 secs using 49.42% CPU
NOTE: 17 identical sequences (see below) will be ignored for subsequent analysis
NOTE: 10_99 (identical to 3_103) is ignored but added at the end
NOTE: 12_96 (identical to 3_103) is ignored but added at the end
NOTE: 22_97 (identical to 3_103) is ignored but added at the end
NOTE: 27_105 (identical to 3_103) is ignored but added at the end
NOTE: 34_99 (identical to 3_103) is ignored but added at the end
NOTE: 40_96 (identical to 3_103) is ignored but added at the end
NOTE: 19_96 (identical to 6_98) is ignored but added at the end
NOTE: 20_99 (identical to 6_98) is ignored but added at the end
NOTE: 30_100 (identical to 6_98) is ignored but added at the end
NOTE: 33_98 (identical to 6_98) is ignored but added at the end
NOTE: 35_110 (identical to 6_98) is ignored but added at the end
NOTE: 36_118 (identical to 6_98) is ignored but added at the end
NOTE: 37_98 (identical to 6_98) is ignored but added at the end
NOTE: 38_100 (identical to 6_98) is ignored but added at the end
NOTE: 42_100 (identical to 6_98) is ignored but added at the end
NOTE: 44_97 (identical to 6_98) is ignored but added at the end
NOTE: 43_99 (identical to 23_101) is ignored but added at the end
Alignment was printed to ./orthofinder/Results_Jul07/WorkingDirectory/Alignments_ids/OG0000070.uniqueseq.phy

For your convenience alignment with unique sequences printed to ./orthofinder/Results_Jul07/WorkingDirectory/Alignments_ids/OG0000070.uniqueseq.phy


Create initial parsimony tree by phylogenetic likelihood library (PLL)... 0.000 seconds
Perform fast likelihood tree search using LG+I+G model...
Estimate model parameters (epsilon = 5.000)
Perform nearest neighbor interchange...
Optimizing NNI: done in 0.0647931 secs using 50.3% CPU
Estimate model parameters (epsilon = 1.000)
1. Initial log-likelihood: -2518.071
Optimal log-likelihood: -2517.795
Proportion of invariable sites: 0.330
Gamma shape alpha: 4.616
Parameters optimization took 1 rounds (0.037 sec)
Time for fast ML tree search: 0.237 seconds

NOTE: ModelFinder requires 5 MB RAM!
ModelFinder will test up to 1232 protein models (sample size: 486) ...
 No. Model         -LnL         df  AIC          AICc         BIC
  1  LG            2529.062     27  5112.125     5115.426     5225.153
  2  LG+I          2518.460     28  5092.919     5096.473     5210.133
  3  LG+G4         2517.026     28  5090.052     5093.606     5207.266
  4  LG+I+G4       2517.588     29  5093.176     5096.992     5214.576
  5  LG+R2         2517.441     29  5092.882     5096.697     5214.282
  6  LG+R3         2517.258     31  5096.515     5100.885     5226.288
 14  LG+I+R2       2517.355     30  5094.710     5098.798     5220.296
 15  LG+I+R3       2517.071     32  5098.143     5102.805     5232.101
 24  LG+F+I        2453.806     47  5001.612     5011.914     5198.364
 25  LG+F+G4       2451.821     47  4997.641     5007.943     5194.393
 26  LG+F+I+G4     2452.694     48  5001.387     5012.152     5202.325
 27  LG+F+R2       2452.326     48  5000.653     5011.417     5201.591
 46  WAG+I         2500.780     28  5057.561     5061.114     5174.774
 47  WAG+G4        2499.049     28  5054.098     5057.651     5171.312
 48  WAG+I+G4      2499.972     29  5057.943     5061.759     5179.343
 49  WAG+R2        2499.684     29  5057.367     5061.183     5178.767
 68  WAG+F+I       2443.416     47  4980.833     4991.134     5177.585
 69  WAG+F+G4      2441.522     47  4977.043     4987.345     5173.795
 70  WAG+F+I+G4    2442.611     48  4981.221     4991.986     5182.159
 71  WAG+F+R2      2442.104     48  4980.208     4990.972     5181.146
 90  JTT+I         2486.810     28  5029.619     5033.173     5146.833
 91  JTT+G4        2484.936     28  5025.872     5029.426     5143.086
 92  JTT+I+G4      2485.876     29  5029.752     5033.568     5151.152
 93  JTT+R2        2485.510     29  5029.020     5032.836     5150.420
112  JTT+F+I       2436.215     47  4966.430     4976.731     5163.182
113  JTT+F+G4      2433.990     47  4961.979     4972.281     5158.731
114  JTT+F+I+G4    2435.082     48  4966.164     4976.929     5167.102
115  JTT+F+R2      2434.573     48  4965.147     4975.911     5166.085
WARNING: Normalizing state frequencies so that sum of them equals to 1
134  Q.pfam+I      2520.431     28  5096.863     5100.417     5214.077
WARNING: Normalizing state frequencies so that sum of them equals to 1
135  Q.pfam+G4     2518.829     28  5093.657     5097.211     5210.871
WARNING: Normalizing state frequencies so that sum of them equals to 1
136  Q.pfam+I+G4   2519.539     29  5097.077     5100.893     5218.478
WARNING: Normalizing state frequencies so that sum of them equals to 1
137  Q.pfam+R2     2519.252     29  5096.504     5100.320     5217.904
WARNING: Normalizing state frequencies so that sum of them equals to 1
156  Q.pfam+F+I    2453.431     47  5000.862     5011.164     5197.614
WARNING: Normalizing state frequencies so that sum of them equals to 1
157  Q.pfam+F+G4   2451.728     47  4997.455     5007.757     5194.207
WARNING: Normalizing state frequencies so that sum of them equals to 1
158  Q.pfam+F+I+G4 2452.613     48  5001.226     5011.991     5202.164
WARNING: Normalizing state frequencies so that sum of them equals to 1
159  Q.pfam+F+R2   2452.372     48  5000.744     5011.508     5201.682
WARNING: Normalizing state frequencies so that sum of them equals to 1
178  Q.bird+I      2497.303     28  5050.606     5054.160     5167.820
WARNING: Normalizing state frequencies so that sum of them equals to 1
179  Q.bird+G4     2495.328     28  5046.656     5050.210     5163.870
WARNING: Normalizing state frequencies so that sum of them equals to 1
180  Q.bird+I+G4   2495.148     29  5048.297     5052.112     5169.697
WARNING: Normalizing state frequencies so that sum of them equals to 1
181  Q.bird+R2     2497.410     29  5052.819     5056.635     5174.219
WARNING: Normalizing state frequencies so that sum of them equals to 1
200  Q.bird+F+I    2444.412     47  4982.823     4993.125     5179.575
WARNING: Normalizing state frequencies so that sum of them equals to 1
201  Q.bird+F+G4   2442.350     47  4978.700     4989.001     5175.452
WARNING: Normalizing state frequencies so that sum of them equals to 1
202  Q.bird+F+I+G4 2442.086     48  4980.172     4990.936     5181.110
WARNING: Normalizing state frequencies so that sum of them equals to 1
203  Q.bird+F+R2   2444.986     48  4985.972     4996.736     5186.910
WARNING: Normalizing state frequencies so that sum of them equals to 1
222  Q.mammal+I    2499.288     28  5054.577     5058.130     5171.791
WARNING: Normalizing state frequencies so that sum of them equals to 1
223  Q.mammal+G4   2497.176     28  5050.352     5053.906     5167.566
WARNING: Normalizing state frequencies so that sum of them equals to 1
224  Q.mammal+I+G4 2497.452     29  5052.904     5056.719     5174.304
WARNING: Normalizing state frequencies so that sum of them equals to 1
225  Q.mammal+R2   2498.312     29  5054.624     5058.440     5176.024
WARNING: Normalizing state frequencies so that sum of them equals to 1
244  Q.mammal+F+I  2443.652     47  4981.303     4991.604     5178.055
WARNING: Normalizing state frequencies so that sum of them equals to 1
245  Q.mammal+F+G4 2441.644     47  4977.288     4987.589     5174.039
WARNING: Normalizing state frequencies so that sum of them equals to 1
246  Q.mammal+F+I+G4 2441.820     48  4979.641     4990.405     5180.579
WARNING: Normalizing state frequencies so that sum of them equals to 1
247  Q.mammal+F+R2 2443.194     48  4982.388     4993.152     5183.326
266  Q.insect+I    2537.803     28  5131.607     5135.161     5248.821
267  Q.insect+G4   2536.642     28  5129.284     5132.838     5246.498
268  Q.insect+I+G4 2536.900     29  5131.800     5135.615     5253.200
269  Q.insect+R2   2537.243     29  5132.486     5136.302     5253.887
288  Q.insect+F+I  2454.715     47  5003.431     5013.732     5200.182
289  Q.insect+F+G4 2452.611     47  4999.222     5009.523     5195.974
290  Q.insect+F+I+G4 2453.521     48  5003.043     5013.807     5203.981
291  Q.insect+F+R2 2453.180     48  5002.360     5013.124     5203.298
WARNING: Normalizing state frequencies so that sum of them equals to 1
310  Q.plant+I     2514.114     28  5084.227     5087.781     5201.441
WARNING: Normalizing state frequencies so that sum of them equals to 1
311  Q.plant+G4    2513.137     28  5082.275     5085.828     5199.488
WARNING: Normalizing state frequencies so that sum of them equals to 1
312  Q.plant+I+G4  2512.816     29  5083.631     5087.447     5205.032
WARNING: Normalizing state frequencies so that sum of them equals to 1
313  Q.plant+R2    2514.408     29  5086.816     5090.631     5208.216
WARNING: Normalizing state frequencies so that sum of them equals to 1
332  Q.plant+F+I   2441.789     47  4977.578     4987.879     5174.330
WARNING: Normalizing state frequencies so that sum of them equals to 1
333  Q.plant+F+G4  2439.948     47  4973.896     4984.198     5170.648
WARNING: Normalizing state frequencies so that sum of them equals to 1
334  Q.plant+F+I+G4 2440.135     48  4976.269     4987.033     5177.207
WARNING: Normalizing state frequencies so that sum of them equals to 1
335  Q.plant+F+R2  2441.013     48  4978.026     4988.790     5178.964
WARNING: Normalizing state frequencies so that sum of them equals to 1
354  Q.yeast+I     2567.472     28  5190.943     5194.497     5308.157
WARNING: Normalizing state frequencies so that sum of them equals to 1
355  Q.yeast+G4    2566.480     28  5188.961     5192.514     5306.174
WARNING: Normalizing state frequencies so that sum of them equals to 1
356  Q.yeast+I+G4  2566.582     29  5191.164     5194.980     5312.564
WARNING: Normalizing state frequencies so that sum of them equals to 1
357  Q.yeast+R2    2567.034     29  5192.067     5195.883     5313.467
WARNING: Normalizing state frequencies so that sum of them equals to 1
376  Q.yeast+F+I   2457.436     47  5008.872     5019.174     5205.624
WARNING: Normalizing state frequencies so that sum of them equals to 1
377  Q.yeast+F+G4  2455.863     47  5005.725     5016.026     5202.477
WARNING: Normalizing state frequencies so that sum of them equals to 1
378  Q.yeast+F+I+G4 2456.508     48  5009.015     5019.779     5209.953
WARNING: Normalizing state frequencies so that sum of them equals to 1
379  Q.yeast+F+R2  2456.476     48  5008.952     5019.716     5209.890
398  JTTDCMut+I    2487.946     28  5031.893     5035.446     5149.107
399  JTTDCMut+G4   2486.091     28  5028.181     5031.735     5145.395
400  JTTDCMut+I+G4 2486.949     29  5031.897     5035.713     5153.297
401  JTTDCMut+R2   2486.664     29  5031.327     5035.143     5152.727
420  JTTDCMut+F+I  2436.628     47  4967.256     4977.557     5164.008
421  JTTDCMut+F+G4 2434.423     47  4962.845     4973.147     5159.597
422  JTTDCMut+F+I+G4 2435.511     48  4967.021     4977.786     5167.959
423  JTTDCMut+F+R2 2434.994     48  4965.988     4976.753     5166.926
442  DCMut+I       2522.169     28  5100.337     5103.891     5217.551
443  DCMut+G4      2518.819     28  5093.637     5097.191     5210.851
444  DCMut+I+G4    2519.752     29  5097.503     5101.319     5218.903
445  DCMut+R2      2519.725     29  5097.450     5101.266     5218.850
464  DCMut+F+I     2457.336     47  5008.672     5018.974     5205.424
465  DCMut+F+G4    2454.022     47  5002.044     5012.346     5198.796
466  DCMut+F+I+G4  2455.088     48  5006.176     5016.940     5207.114
467  DCMut+F+R2    2454.944     48  5005.888     5016.653     5206.826
486  VT+I          2511.507     28  5079.014     5082.568     5196.228
487  VT+G4         2510.047     28  5076.094     5079.648     5193.308
488  VT+I+G4       2511.129     29  5080.259     5084.075     5201.659
489  VT+R2         2510.520     29  5079.041     5082.856     5200.441
508  VT+F+I        2448.578     47  4991.156     5001.457     5187.908
509  VT+F+G4       2447.037     47  4988.074     4998.375     5184.826
510  VT+F+I+G4     2448.219     48  4992.438     5003.202     5193.376
511  VT+F+R2       2447.572     48  4991.144     5001.908     5192.082
530  PMB+I         2514.838     28  5085.676     5089.229     5202.890
531  PMB+G4        2513.007     28  5082.015     5085.568     5199.229
532  PMB+I+G4      2514.178     29  5086.356     5090.172     5207.756
533  PMB+R2        2513.623     29  5085.247     5089.062     5206.647
552  PMB+F+I       2466.004     47  5026.009     5036.310     5222.761
553  PMB+F+G4      2464.213     47  5022.427     5032.728     5219.178
554  PMB+F+I+G4    2465.512     48  5027.024     5037.788     5227.962
555  PMB+F+R2      2464.877     48  5025.754     5036.518     5226.692
574  Blosum62+I    2521.902     28  5099.804     5103.358     5217.018
575  Blosum62+G4   2520.314     28  5096.628     5100.182     5213.842
576  Blosum62+I+G4 2521.428     29  5100.856     5104.672     5222.256
577  Blosum62+R2   2520.871     29  5099.742     5103.558     5221.142
596  Blosum62+F+I  2467.778     47  5029.556     5039.857     5226.308
597  Blosum62+F+G4 2466.137     47  5026.275     5036.576     5223.027
598  Blosum62+F+I+G4 2467.345     48  5030.690     5041.454     5231.628
599  Blosum62+F+R2 2466.761     48  5029.522     5040.286     5230.460
618  Dayhoff+I     2521.935     28  5099.870     5103.424     5217.084
619  Dayhoff+G4    2518.608     28  5093.217     5096.770     5210.431
620  Dayhoff+I+G4  2519.533     29  5097.066     5100.882     5218.466
621  Dayhoff+R2    2519.515     29  5097.030     5100.846     5218.430
640  Dayhoff+F+I   2457.054     47  5008.108     5018.410     5204.860
641  Dayhoff+F+G4  2453.780     47  5001.560     5011.861     5198.312
642  Dayhoff+F+I+G4 2454.836     48  5005.671     5016.436     5206.610
643  Dayhoff+F+R2  2454.696     48  5005.392     5016.156     5206.330
662  mtREV+I       2579.462     28  5214.923     5218.477     5332.137
663  mtREV+G4      2577.301     28  5210.603     5214.156     5327.817
664  mtREV+I+G4    2577.281     29  5212.561     5216.377     5333.961
665  mtREV+R2      2579.810     29  5217.621     5221.437     5339.021
684  mtREV+F+I     2457.481     47  5008.962     5019.263     5205.714
685  mtREV+F+G4    2453.567     47  5001.134     5011.436     5197.886
686  mtREV+F+I+G4  2454.472     48  5004.944     5015.708     5205.882
687  mtREV+F+R2    2454.475     48  5004.950     5015.714     5205.888
706  mtART+I       2658.324     28  5372.649     5376.202     5489.862
707  mtART+G4      2650.090     28  5356.181     5359.734     5473.395
708  mtART+I+G4    2649.274     29  5356.548     5360.364     5477.948
709  mtART+R2      2660.837     29  5379.674     5383.490     5501.074
728  mtART+F+I     2511.323     47  5116.645     5126.946     5313.397
729  mtART+F+G4    2504.606     47  5103.212     5113.514     5299.964
730  mtART+F+I+G4  2504.013     48  5104.026     5114.790     5304.964
731  mtART+F+R2    2512.078     48  5120.156     5130.920     5321.094
750  mtZOA+I       2593.061     28  5242.123     5245.676     5359.337
751  mtZOA+G4      2590.894     28  5237.788     5241.342     5355.002
752  mtZOA+I+G4    2589.930     29  5237.861     5241.677     5359.261
753  mtZOA+R2      2596.861     29  5251.722     5255.538     5373.122
772  mtZOA+F+I     2475.838     47  5045.676     5055.977     5242.428
773  mtZOA+F+G4    2472.983     47  5039.967     5050.268     5236.719
774  mtZOA+F+I+G4  2472.658     48  5041.317     5052.081     5242.255
775  mtZOA+F+R2    2476.647     48  5049.295     5060.059     5250.233
794  mtMet+I       2615.496     28  5286.992     5290.545     5404.205
795  mtMet+G4      2615.585     28  5287.170     5290.724     5404.384
796  mtMet+I+G4    2614.251     29  5286.501     5290.317     5407.901
797  mtMet+R2      2619.156     29  5296.312     5300.128     5417.712
816  mtMet+F+I     2455.241     47  5004.482     5014.783     5201.234
817  mtMet+F+G4    2453.387     47  5000.774     5011.075     5197.526
818  mtMet+F+I+G4  2453.143     48  5002.286     5013.051     5203.224
819  mtMet+F+R2    2455.890     48  5007.780     5018.545     5208.718
838  mtVer+I       2581.334     28  5218.668     5222.222     5335.882
839  mtVer+G4      2582.543     28  5221.086     5224.640     5338.300
840  mtVer+I+G4    2580.312     29  5218.625     5222.441     5340.025
841  mtVer+R2      2588.206     29  5234.413     5238.229     5355.813
860  mtVer+F+I     2456.323     47  5006.646     5016.948     5203.398
861  mtVer+F+G4    2455.995     47  5005.991     5016.292     5202.743
862  mtVer+F+I+G4  2454.552     48  5005.103     5015.867     5206.041
863  mtVer+F+R2    2460.516     48  5017.031     5027.796     5217.969
882  mtInv+I       2676.531     28  5409.061     5412.615     5526.275
883  mtInv+G4      2676.241     28  5408.481     5412.035     5525.695
884  mtInv+I+G4    2675.414     29  5408.829     5412.644     5530.229
885  mtInv+R2      2678.389     29  5414.778     5418.593     5536.178
904  mtInv+F+I     2456.742     47  5007.483     5017.785     5204.235
905  mtInv+F+G4    2454.429     47  5002.858     5013.159     5199.610
906  mtInv+F+I+G4  2454.876     48  5005.753     5016.517     5206.691
907  mtInv+F+R2    2455.614     48  5007.229     5017.993     5208.167
926  mtMAM+I       2592.804     28  5241.609     5245.163     5358.823
927  mtMAM+G4      2591.408     28  5238.815     5242.369     5356.029
928  mtMAM+I+G4    2589.612     29  5237.224     5241.039     5358.624
929  mtMAM+R2      2601.501     29  5261.003     5264.818     5382.403
948  mtMAM+F+I     2476.591     47  5047.181     5057.482     5243.933
949  mtMAM+F+G4    2474.111     47  5042.222     5052.523     5238.973
950  mtMAM+F+I+G4  2472.745     48  5041.489     5052.253     5242.427
951  mtMAM+F+R2    2481.778     48  5059.555     5070.320     5260.493
WARNING: Normalizing state frequencies so that sum of them equals to 1
970  FLAVI+I       2512.677     28  5081.354     5084.907     5198.567
WARNING: Normalizing state frequencies so that sum of them equals to 1
971  FLAVI+G4      2511.218     28  5078.436     5081.989     5195.650
WARNING: Normalizing state frequencies so that sum of them equals to 1
972  FLAVI+I+G4    2509.775     29  5077.550     5081.366     5198.950
WARNING: Normalizing state frequencies so that sum of them equals to 1
973  FLAVI+R2      2516.540     29  5091.081     5094.897     5212.481
WARNING: Normalizing state frequencies so that sum of them equals to 1
992  FLAVI+F+I     2455.691     47  5005.381     5015.683     5202.133
WARNING: Normalizing state frequencies so that sum of them equals to 1
993  FLAVI+F+G4    2454.096     47  5002.191     5012.493     5198.943
WARNING: Normalizing state frequencies so that sum of them equals to 1
994  FLAVI+F+I+G4  2452.813     48  5001.627     5012.391     5202.565
WARNING: Normalizing state frequencies so that sum of them equals to 1
995  FLAVI+F+R2    2459.132     48  5014.264     5025.029     5215.202
1014  HIVb+I        2511.565     28  5079.130     5082.684     5196.344
1015  HIVb+G4       2509.459     28  5074.918     5078.471     5192.132
1016  HIVb+I+G4     2509.536     29  5077.072     5080.888     5198.472
1017  HIVb+R2       2510.995     29  5079.990     5083.806     5201.390
1036  HIVb+F+I      2443.509     47  4981.018     4991.319     5177.770
1037  HIVb+F+G4     2440.532     47  4975.065     4985.366     5171.816
1038  HIVb+F+I+G4   2441.053     48  4978.105     4988.869     5179.043
1039  HIVb+F+R2     2441.786     48  4979.573     4990.337     5180.511
1058  HIVw+I        2574.077     28  5204.154     5207.708     5321.368
1059  HIVw+G4       2572.455     28  5200.909     5204.463     5318.123
1060  HIVw+I+G4     2571.139     29  5200.278     5204.094     5321.678
1061  HIVw+R2       2577.203     29  5212.407     5216.223     5333.807
1080  HIVw+F+I      2453.067     47  5000.133     5010.435     5196.885
1081  HIVw+F+G4     2450.952     47  4995.905     5006.206     5192.657
1082  HIVw+F+I+G4   2450.278     48  4996.555     5007.320     5197.493
1083  HIVw+F+R2     2454.367     48  5004.734     5015.498     5205.672
1102  FLU+I         2526.109     28  5108.218     5111.771     5225.432
1103  FLU+G4        2525.347     28  5106.694     5110.248     5223.908
1104  FLU+I+G4      2524.568     29  5107.135     5110.951     5228.535
1105  FLU+R2        2528.343     29  5114.687     5118.502     5236.087
1124  FLU+F+I       2449.722     47  4993.443     5003.745     5190.195
1125  FLU+F+G4      2448.296     47  4990.591     5000.893     5187.343
1126  FLU+F+I+G4    2448.022     48  4992.044     5002.808     5192.982
1127  FLU+F+R2      2450.991     48  4997.981     5008.746     5198.919
1146  rtREV+I       2547.740     28  5151.480     5155.034     5268.694
1147  rtREV+G4      2545.824     28  5147.648     5151.201     5264.861
1148  rtREV+I+G4    2546.625     29  5151.250     5155.066     5272.650
1149  rtREV+R2      2546.229     29  5150.459     5154.275     5271.859
1168  rtREV+F+I     2467.658     47  5029.317     5039.618     5226.068
1169  rtREV+F+G4    2466.008     47  5026.016     5036.317     5222.768
1170  rtREV+F+I+G4  2466.725     48  5029.451     5040.215     5230.389
1171  rtREV+F+R2    2466.638     48  5029.277     5040.041     5230.215
1190  cpREV+I       2529.063     28  5114.126     5117.680     5231.340
1191  cpREV+G4      2527.282     28  5110.564     5114.117     5227.777
1192  cpREV+I+G4    2527.662     29  5113.325     5117.141     5234.725
1193  cpREV+R2      2528.464     29  5114.929     5118.745     5236.329
1212  cpREV+F+I     2450.758     47  4995.516     5005.818     5192.268
1213  cpREV+F+G4    2447.824     47  4989.648     4999.949     5186.400
1214  cpREV+F+I+G4  2448.773     48  4993.547     5004.311     5194.485
1215  cpREV+F+R2    2448.776     48  4993.551     5004.315     5194.489
Akaike Information Criterion:           JTT+F+G4
Corrected Akaike Information Criterion: JTT+F+G4
Bayesian Information Criterion:         JTT+G4
Best-fit model: JTT+G4 chosen according to BIC

All model information printed to ./orthofinder/Results_Jul07/WorkingDirectory/Alignments_ids/OG0000070.model.gz
CPU time for ModelFinder: 11.480 seconds (0h:0m:11s)
Wall-clock time for ModelFinder: 31.054 seconds (0h:0m:31s)

NOTE: 2 MB RAM (0 GB) is required!
Estimate model parameters (epsilon = 0.100)
1. Initial log-likelihood: -2484.936
Optimal log-likelihood: -2484.935
Gamma shape alpha: 0.882
Parameters optimization took 1 rounds (0.035 sec)
Wrote distance file to... 
Computing ML distances based on estimated model parameters...
Calculating distance matrix: done in 0.038142 secs using 37.05% CPU
Computing ML distances took 0.038195 sec (of wall-clock time) 0.014186 sec (of CPU time)
Setting up auxiliary I and S matrices: done in 2.28882e-05 secs using 187.9% CPU
Constructing RapidNJ tree: done in 3.60012e-05 secs using 213.9% CPU
Computing RapidNJ tree took 0.000088 sec (of wall-clock time) 0.000168 sec (of CPU time)
Log-likelihood of RapidNJ tree: -2557.915
--------------------------------------------------------------------
|             INITIALIZING CANDIDATE TREE SET                      |
--------------------------------------------------------------------
Generating 98 parsimony trees... 0.169 second
Computing log-likelihood of 98 initial trees ... 0.826 seconds
Current best score: -2484.935

Do NNI search on 20 best initial trees
Optimizing NNI: done in 0.0293262 secs using 45.44% CPU
Estimate model parameters (epsilon = 0.100)
BETTER TREE FOUND at iteration 1: -2484.934
Optimizing NNI: done in 0.068249 secs using 29.66% CPU
Optimizing NNI: done in 0.044297 secs using 45.82% CPU
Optimizing NNI: done in 0.113965 secs using 36.81% CPU
Optimizing NNI: done in 0.111059 secs using 40.61% CPU
Optimizing NNI: done in 0.149345 secs using 53.34% CPU
Optimizing NNI: done in 0.104986 secs using 54.19% CPU
Optimizing NNI: done in 0.0941131 secs using 49.47% CPU
Optimizing NNI: done in 0.080008 secs using 43.09% CPU
Optimizing NNI: done in 0.093992 secs using 40.42% CPU
Iteration 10 / LogL: -2484.999 / Time: 0h:0m:2s
Optimizing NNI: done in 0.113842 secs using 33.24% CPU
Optimizing NNI: done in 0.176371 secs using 34.23% CPU
Optimizing NNI: done in 0.210828 secs using 32.19% CPU
Optimizing NNI: done in 0.208729 secs using 33.45% CPU
Optimizing NNI: done in 0.14231 secs using 35.35% CPU
Optimizing NNI: done in 0.173363 secs using 30.91% CPU
Optimizing NNI: done in 0.0940099 secs using 40.46% CPU
Optimizing NNI: done in 0.0783339 secs using 54.04% CPU
Optimizing NNI: done in 0.069402 secs using 49.67% CPU
Optimizing NNI: done in 0.167752 secs using 30.22% CPU
Iteration 20 / LogL: -2484.998 / Time: 0h:0m:3s
Finish initializing candidate tree set (5)
Current best tree score: -2484.934 / CPU time: 3.418
Number of iterations: 20
--------------------------------------------------------------------
|               OPTIMIZING CANDIDATE TREE SET                      |
--------------------------------------------------------------------
Optimizing NNI: done in 0.150211 secs using 37.29% CPU
Optimizing NNI: done in 0.154153 secs using 35.22% CPU
Optimizing NNI: done in 0.22793 secs using 33.51% CPU
Optimizing NNI: done in 0.147213 secs using 34.78% CPU
Optimizing NNI: done in 0.0910671 secs using 47.29% CPU
Optimizing NNI: done in 0.17276 secs using 39.8% CPU
Optimizing NNI: done in 0.212822 secs using 32.34% CPU
Optimizing NNI: done in 0.228144 secs using 29.03% CPU
Optimizing NNI: done in 0.183792 secs using 32.53% CPU
Optimizing NNI: done in 0.258309 secs using 28.76% CPU
Iteration 30 / LogL: -2485.806 / Time: 0h:0m:5s (0h:0m:13s left)
Optimizing NNI: done in 0.136622 secs using 50.23% CPU
Optimizing NNI: done in 0.23147 secs using 46.41% CPU
Optimizing NNI: done in 0.194144 secs using 42.32% CPU
Optimizing NNI: done in 0.159288 secs using 51.07% CPU
Optimizing NNI: done in 0.133905 secs using 40.39% CPU
Optimizing NNI: done in 0.12379 secs using 35.36% CPU
Optimizing NNI: done in 0.134237 secs using 29.54% CPU
Optimizing NNI: done in 0.13477 secs using 34.64% CPU
Optimizing NNI: done in 0.238328 secs using 32.87% CPU
Optimizing NNI: done in 0.200458 secs using 33.76% CPU
Iteration 40 / LogL: -2485.476 / Time: 0h:0m:7s (0h:0m:11s left)
Optimizing NNI: done in 0.137706 secs using 32.79% CPU
Optimizing NNI: done in 0.153496 secs using 34.83% CPU
Optimizing NNI: done in 0.156342 secs using 75.57% CPU
Optimizing NNI: done in 0.0610602 secs using 72.77% CPU
Optimizing NNI: done in 0.0782342 secs using 82.43% CPU
Optimizing NNI: done in 0.055995 secs using 81.07% CPU
Optimizing NNI: done in 0.0908298 secs using 76.89% CPU
Optimizing NNI: done in 0.184575 secs using 41.84% CPU
Optimizing NNI: done in 0.26767 secs using 47.3% CPU
Optimizing NNI: done in 0.122225 secs using 50.92% CPU
Iteration 50 / LogL: -2485.616 / Time: 0h:0m:8s (0h:0m:8s left)
Optimizing NNI: done in 0.110002 secs using 55.83% CPU
Optimizing NNI: done in 0.191136 secs using 44.83% CPU
Optimizing NNI: done in 0.0789421 secs using 54.39% CPU
Optimizing NNI: done in 0.14608 secs using 39.41% CPU
Optimizing NNI: done in 0.266233 secs using 40.2% CPU
Optimizing NNI: done in 0.100419 secs using 52.54% CPU
Optimizing NNI: done in 0.1861 secs using 47.16% CPU
Optimizing NNI: done in 0.270902 secs using 35.19% CPU
Optimizing NNI: done in 0.10886 secs using 99.98% CPU
Optimizing NNI: done in 0.0250831 secs using 100% CPU
Iteration 60 / LogL: -2486.075 / Time: 0h:0m:10s (0h:0m:7s left)
Optimizing NNI: done in 0.150589 secs using 57.48% CPU
Optimizing NNI: done in 0.104436 secs using 54.04% CPU
Optimizing NNI: done in 0.127012 secs using 45.75% CPU
Optimizing NNI: done in 0.152424 secs using 47.57% CPU
Optimizing NNI: done in 0.144788 secs using 37.7% CPU
Optimizing NNI: done in 0.190523 secs using 39.1% CPU
Optimizing NNI: done in 0.106913 secs using 56.18% CPU
Optimizing NNI: done in 0.0984299 secs using 45.54% CPU
Optimizing NNI: done in 0.0891149 secs using 50.62% CPU
Optimizing NNI: done in 0.075809 secs using 57.09% CPU
Iteration 70 / LogL: -2485.827 / Time: 0h:0m:11s (0h:0m:5s left)
Optimizing NNI: done in 0.166677 secs using 46.12% CPU
Optimizing NNI: done in 0.179981 secs using 48.73% CPU
Optimizing NNI: done in 0.166266 secs using 42.26% CPU
Optimizing NNI: done in 0.181228 secs using 47.04% CPU
Optimizing NNI: done in 0.0893168 secs using 50.04% CPU
Optimizing NNI: done in 0.158894 secs using 36.7% CPU
Optimizing NNI: done in 0.259794 secs using 32.25% CPU
Optimizing NNI: done in 0.146679 secs using 29.1% CPU
Optimizing NNI: done in 0.256919 secs using 34.61% CPU
Optimizing NNI: done in 0.0752969 secs using 36.25% CPU
Iteration 80 / LogL: -2485.821 / Time: 0h:0m:13s (0h:0m:3s left)
Optimizing NNI: done in 0.118597 secs using 35.92% CPU
Optimizing NNI: done in 0.070405 secs using 37.48% CPU
Optimizing NNI: done in 0.133632 secs using 31.18% CPU
Optimizing NNI: done in 0.184059 secs using 34.81% CPU
Optimizing NNI: done in 0.237056 secs using 29.12% CPU
Optimizing NNI: done in 0.186514 secs using 33.38% CPU
Optimizing NNI: done in 0.231684 secs using 30.44% CPU
Optimizing NNI: done in 0.127834 secs using 36.79% CPU
Optimizing NNI: done in 0.0926659 secs using 33.42% CPU
Optimizing NNI: done in 0.0965519 secs using 51.5% CPU
Iteration 90 / LogL: -2485.129 / Time: 0h:0m:14s (0h:0m:1s left)
Optimizing NNI: done in 0.158961 secs using 34.51% CPU
Optimizing NNI: done in 0.157655 secs using 44.19% CPU
Optimizing NNI: done in 0.0670941 secs using 40.38% CPU
Optimizing NNI: done in 0.107831 secs using 48.07% CPU
Optimizing NNI: done in 0.075922 secs using 57.85% CPU
Optimizing NNI: done in 0.133799 secs using 31.23% CPU
Optimizing NNI: done in 0.241587 secs using 31.7% CPU
Optimizing NNI: done in 0.181137 secs using 35.71% CPU
Optimizing NNI: done in 0.320914 secs using 34.97% CPU
Optimizing NNI: done in 0.221583 secs using 29.43% CPU
Iteration 100 / LogL: -2485.130 / Time: 0h:0m:16s (0h:0m:0s left)
Optimizing NNI: done in 0.128506 secs using 37.69% CPU
Optimizing NNI: done in 0.229238 secs using 31.95% CPU
TREE SEARCH COMPLETED AFTER 102 ITERATIONS / Time: 0h:0m:16s

--------------------------------------------------------------------
|                    FINALIZING TREE SEARCH                        |
--------------------------------------------------------------------
Performs final model parameters optimization
Estimate model parameters (epsilon = 0.010)
1. Initial log-likelihood: -2484.934
Optimal log-likelihood: -2484.934
Gamma shape alpha: 0.879
Parameters optimization took 1 rounds (0.036 sec)
BEST SCORE FOUND : -2484.934
Total tree length: 1.905

Total number of iterations: 102
CPU time used for tree search: 6.637 sec (0h:0m:6s)
Wall-clock time used for tree search: 16.438 sec (0h:0m:16s)
Total CPU time used: 6.806 sec (0h:0m:6s)
Total wall-clock time used: 16.731 sec (0h:0m:16s)

Analysis results written to: 
  IQ-TREE report:                ./orthofinder/Results_Jul07/WorkingDirectory/Alignments_ids/OG0000070.iqtree
  Maximum-likelihood tree:       ./orthofinder/Results_Jul07/WorkingDirectory/Alignments_ids/OG0000070.treefile
  Likelihood distances:          ./orthofinder/Results_Jul07/WorkingDirectory/Alignments_ids/OG0000070.mldist
  Screen log file:               ./orthofinder/Results_Jul07/WorkingDirectory/Alignments_ids/OG0000070.log

Date and Time: Sun Jul  7 17:50:11 2024
