IQ-TREE multicore version 2.2.0.5 COVID-edition for Linux 64-bit built Sep 26 2022
Developed by Bui Quang Minh, James Barbetti, Nguyen Lam Tung,
Olga Chernomor, Heiko Schmidt, Dominik Schrempf, Michael Woodhams, Ly Trong Nhan.

Host:    c090 (AVX2, FMA3, 503 GB RAM)
Command: iqtree -s ./orthofinder/Results_Jul07/WorkingDirectory/Alignments_ids/OG0000028.fa -pre ./orthofinder/Results_Jul07/WorkingDirectory/Alignments_ids/OG0000028
Seed:    653931 (Using SPRNG - Scalable Parallel Random Number Generator)
Time:    Sun Jul  7 17:49:22 2024
Kernel:  AVX+FMA - 1 threads (24 CPU cores detected)

HINT: Use -nt option to specify number of threads because your CPU has 24 cores!
HINT: -nt AUTO will automatically determine the best number of threads to use.

Reading alignment file ./orthofinder/Results_Jul07/WorkingDirectory/Alignments_ids/OG0000028.fa ... Fasta format detected
Reading fasta file: done in 0.000212193 secs using 98.97% CPU
Alignment most likely contains protein sequences
Constructing alignment: done in 0.000123978 secs using 100% CPU
Alignment has 38 sequences with 241 columns, 196 distinct patterns
130 parsimony-informative, 29 singleton sites, 82 constant sites
        Gap/Ambiguity  Composition  p-value
Analyzing sequences: done in 1.3113e-05 secs using 91.51% CPU
   1  1_47      5.81%    passed    100.00%
   2  3_46      5.81%    passed    100.00%
   3  4_51      5.81%    passed    100.00%
   4  5_45      5.81%    passed    100.00%
   5  6_27      5.81%    passed    100.00%
   6  7_46      5.81%    passed    100.00%
   7  10_45     5.81%    passed    100.00%
   8  12_45     5.81%    passed    100.00%
   9  13_2      5.39%    failed      0.00%
  10  16_47     5.81%    passed    100.00%
  11  17_47     5.81%    passed    100.00%
  12  18_49     5.81%    passed    100.00%
  13  19_46     5.81%    passed    100.00%
  14  20_49     5.81%    passed    100.00%
  15  21_45     5.81%    passed    100.00%
  16  22_45     5.81%    passed    100.00%
  17  23_48     5.81%    passed    100.00%
  18  24_25     4.15%    failed      4.20%
  19  25_53     5.39%    failed      0.00%
  20  26_26     4.15%    failed      4.20%
  21  27_58     5.81%    passed    100.00%
  22  28_48     5.81%    passed    100.00%
  23  29_48     5.81%    passed    100.00%
  24  30_49     5.81%    passed    100.00%
  25  31_84    11.20%    passed     38.42%
  26  32_5     37.34%    passed     13.27%
  27  33_29     5.81%    passed    100.00%
  28  34_29     5.81%    passed    100.00%
  29  35_86     5.81%    passed    100.00%
  30  36_67     5.81%    passed    100.00%
  31  37_47     5.81%    passed    100.00%
  32  38_50     5.81%    passed    100.00%
  33  39_108    4.15%    failed      4.20%
  34  40_45     5.81%    passed    100.00%
  35  41_46     5.81%    passed    100.00%
  36  42_48     5.81%    passed    100.00%
  37  43_46     5.81%    passed    100.00%
  38  44_46     5.81%    passed    100.00%
****  TOTAL     6.63%  5 sequences failed composition chi2 test (p-value<5%; df=19)
NOTE: 21_45 is identical to 1_47 but kept for subsequent analysis
NOTE: 5_45 is identical to 3_46 but kept for subsequent analysis
NOTE: 18_49 is identical to 6_27 but kept for subsequent analysis
NOTE: 43_46 is identical to 23_48 but kept for subsequent analysis
NOTE: 26_26 is identical to 24_25 but kept for subsequent analysis
Checking for duplicate sequences: done in 4.19617e-05 secs using 102.5% CPU
Identifying sites to remove: done in 5.29289e-05 secs using 100.1% CPU
NOTE: 20 identical sequences (see below) will be ignored for subsequent analysis
NOTE: 28_48 (identical to 1_47) is ignored but added at the end
NOTE: 10_45 (identical to 3_46) is ignored but added at the end
NOTE: 12_45 (identical to 3_46) is ignored but added at the end
NOTE: 22_45 (identical to 3_46) is ignored but added at the end
NOTE: 27_58 (identical to 3_46) is ignored but added at the end
NOTE: 29_48 (identical to 3_46) is ignored but added at the end
NOTE: 34_29 (identical to 3_46) is ignored but added at the end
NOTE: 40_45 (identical to 3_46) is ignored but added at the end
NOTE: 42_48 (identical to 3_46) is ignored but added at the end
NOTE: 19_46 (identical to 6_27) is ignored but added at the end
NOTE: 20_49 (identical to 6_27) is ignored but added at the end
NOTE: 30_49 (identical to 6_27) is ignored but added at the end
NOTE: 33_29 (identical to 6_27) is ignored but added at the end
NOTE: 35_86 (identical to 6_27) is ignored but added at the end
NOTE: 36_67 (identical to 6_27) is ignored but added at the end
NOTE: 37_47 (identical to 6_27) is ignored but added at the end
NOTE: 38_50 (identical to 6_27) is ignored but added at the end
NOTE: 41_46 (identical to 6_27) is ignored but added at the end
NOTE: 44_46 (identical to 6_27) is ignored but added at the end
NOTE: 39_108 (identical to 24_25) is ignored but added at the end
Alignment was printed to ./orthofinder/Results_Jul07/WorkingDirectory/Alignments_ids/OG0000028.uniqueseq.phy

For your convenience alignment with unique sequences printed to ./orthofinder/Results_Jul07/WorkingDirectory/Alignments_ids/OG0000028.uniqueseq.phy


Create initial parsimony tree by phylogenetic likelihood library (PLL)... 0.001 seconds
Perform fast likelihood tree search using LG+I+G model...
Estimate model parameters (epsilon = 5.000)
Perform nearest neighbor interchange...
Optimizing NNI: done in 0.106583 secs using 32.02% CPU
Estimate model parameters (epsilon = 1.000)
1. Initial log-likelihood: -2226.959
Optimal log-likelihood: -2226.838
Proportion of invariable sites: 0.140
Gamma shape alpha: 1.199
Parameters optimization took 1 rounds (0.042 sec)
Time for fast ML tree search: 0.303 seconds

NOTE: ModelFinder requires 6 MB RAM!
ModelFinder will test up to 1232 protein models (sample size: 241) ...
 No. Model         -LnL         df  AIC          AICc         BIC
  1  LG            2269.837     33  4605.675     4616.516     4720.673
  2  LG+I          2240.765     34  4549.530     4561.083     4668.013
  3  LG+G4         2225.848     34  4519.695     4531.249     4638.178
  4  LG+I+G4       2226.659     35  4523.318     4535.610     4645.285
  5  LG+R2         2226.336     35  4522.673     4534.965     4644.641
  6  LG+R3         2225.692     37  4525.384     4539.236     4654.322
 14  LG+I+R2       2225.276     36  4522.551     4535.610     4648.004
 15  LG+I+R3       2225.375     38  4526.749     4541.423     4659.172
 25  LG+F+G4       2233.325     53  4572.650     4603.260     4757.345
 26  LG+F+I+G4     2233.912     54  4575.823     4607.759     4764.002
 27  LG+F+R2       2234.378     54  4576.755     4608.691     4764.934
 36  LG+F+I+R2     2233.354     55  4576.707     4610.004     4768.371
 47  WAG+G4        2227.829     34  4523.658     4535.212     4642.142
 48  WAG+I+G4      2228.116     35  4526.231     4538.524     4648.199
 49  WAG+R2        2228.753     35  4527.507     4539.799     4649.475
 58  WAG+I+R2      2228.060     36  4528.120     4541.179     4653.573
 69  WAG+F+G4      2227.980     53  4561.961     4592.570     4746.655
 70  WAG+F+I+G4    2228.171     54  4564.342     4596.277     4752.521
 71  WAG+F+R2      2228.804     54  4565.608     4597.543     4753.787
 80  WAG+F+I+R2    2228.252     55  4566.504     4599.801     4758.168
 91  JTT+G4        2240.714     34  4549.428     4560.981     4667.911
 92  JTT+I+G4      2241.557     35  4553.114     4565.406     4675.081
 93  JTT+R2        2241.640     35  4553.281     4565.573     4675.248
102  JTT+I+R2      2240.018     36  4552.035     4565.094     4677.488
113  JTT+F+G4      2247.571     53  4601.142     4631.751     4785.836
114  JTT+F+I+G4    2248.354     54  4604.707     4636.643     4792.886
115  JTT+F+R2      2248.822     54  4605.643     4637.578     4793.822
124  JTT+F+I+R2    2247.301     55  4604.602     4637.899     4796.266
WARNING: Normalizing state frequencies so that sum of them equals to 1
135  Q.pfam+G4     2230.761     34  4529.522     4541.076     4648.006
WARNING: Normalizing state frequencies so that sum of them equals to 1
136  Q.pfam+I+G4   2231.594     35  4533.187     4545.480     4655.155
WARNING: Normalizing state frequencies so that sum of them equals to 1
137  Q.pfam+R2     2230.768     35  4531.536     4543.829     4653.504
WARNING: Normalizing state frequencies so that sum of them equals to 1
146  Q.pfam+I+R2   2229.881     36  4531.762     4544.821     4657.215
WARNING: Normalizing state frequencies so that sum of them equals to 1
157  Q.pfam+F+G4   2233.218     53  4572.436     4603.045     4757.130
WARNING: Normalizing state frequencies so that sum of them equals to 1
158  Q.pfam+F+I+G4 2233.920     54  4575.839     4607.775     4764.018
WARNING: Normalizing state frequencies so that sum of them equals to 1
159  Q.pfam+F+R2   2233.614     54  4575.228     4607.163     4763.407
WARNING: Normalizing state frequencies so that sum of them equals to 1
168  Q.pfam+F+I+R2 2232.836     55  4575.672     4608.969     4767.336
WARNING: Normalizing state frequencies so that sum of them equals to 1
179  Q.bird+G4     2275.044     34  4618.089     4629.642     4736.572
WARNING: Normalizing state frequencies so that sum of them equals to 1
180  Q.bird+I+G4   2276.115     35  4622.230     4634.522     4744.198
WARNING: Normalizing state frequencies so that sum of them equals to 1
181  Q.bird+R2     2277.160     35  4624.319     4636.612     4746.287
WARNING: Normalizing state frequencies so that sum of them equals to 1
190  Q.bird+I+R2   2272.824     36  4617.648     4630.707     4743.101
WARNING: Normalizing state frequencies so that sum of them equals to 1
201  Q.bird+F+G4   2276.929     53  4659.858     4690.467     4844.552
WARNING: Normalizing state frequencies so that sum of them equals to 1
202  Q.bird+F+I+G4 2277.980     54  4663.959     4695.895     4852.138
WARNING: Normalizing state frequencies so that sum of them equals to 1
203  Q.bird+F+R2   2279.146     54  4666.291     4698.227     4854.470
WARNING: Normalizing state frequencies so that sum of them equals to 1
212  Q.bird+F+I+R2 2275.224     55  4660.448     4693.746     4852.112
WARNING: Normalizing state frequencies so that sum of them equals to 1
223  Q.mammal+G4   2271.115     34  4610.229     4621.783     4728.712
WARNING: Normalizing state frequencies so that sum of them equals to 1
224  Q.mammal+I+G4 2272.205     35  4614.410     4626.703     4736.378
WARNING: Normalizing state frequencies so that sum of them equals to 1
225  Q.mammal+R2   2271.665     35  4613.329     4625.622     4735.297
WARNING: Normalizing state frequencies so that sum of them equals to 1
234  Q.mammal+I+R2 2269.034     36  4610.068     4623.126     4735.520
WARNING: Normalizing state frequencies so that sum of them equals to 1
245  Q.mammal+F+G4 2269.460     53  4644.920     4675.530     4829.614
WARNING: Normalizing state frequencies so that sum of them equals to 1
246  Q.mammal+F+I+G4 2270.473     54  4648.946     4680.882     4837.125
WARNING: Normalizing state frequencies so that sum of them equals to 1
247  Q.mammal+F+R2 2270.062     54  4648.123     4680.058     4836.302
WARNING: Normalizing state frequencies so that sum of them equals to 1
256  Q.mammal+F+I+R2 2267.841     55  4645.682     4678.979     4837.346
267  Q.insect+G4   2240.690     34  4549.381     4560.934     4667.864
268  Q.insect+I+G4 2241.679     35  4553.359     4565.651     4675.327
269  Q.insect+R2   2241.044     35  4552.087     4564.380     4674.055
278  Q.insect+I+R2 2239.087     36  4550.175     4563.234     4675.627
289  Q.insect+F+G4 2250.907     53  4607.814     4638.424     4792.509
290  Q.insect+F+I+G4 2251.653     54  4611.306     4643.241     4799.485
291  Q.insect+F+R2 2252.333     54  4612.665     4644.601     4800.844
300  Q.insect+F+I+R2 2250.414     55  4610.827     4644.124     4802.491
WARNING: Normalizing state frequencies so that sum of them equals to 1
311  Q.plant+G4    2250.824     34  4569.649     4581.202     4688.132
WARNING: Normalizing state frequencies so that sum of them equals to 1
312  Q.plant+I+G4  2251.774     35  4573.548     4585.841     4695.516
WARNING: Normalizing state frequencies so that sum of them equals to 1
313  Q.plant+R2    2253.810     35  4577.620     4589.913     4699.588
WARNING: Normalizing state frequencies so that sum of them equals to 1
322  Q.plant+I+R2  2249.407     36  4570.813     4583.872     4696.266
WARNING: Normalizing state frequencies so that sum of them equals to 1
333  Q.plant+F+G4  2254.029     53  4614.059     4644.669     4798.753
WARNING: Normalizing state frequencies so that sum of them equals to 1
334  Q.plant+F+I+G4 2254.786     54  4617.572     4649.508     4805.751
WARNING: Normalizing state frequencies so that sum of them equals to 1
335  Q.plant+F+R2  2257.844     54  4623.688     4655.624     4811.867
WARNING: Normalizing state frequencies so that sum of them equals to 1
344  Q.plant+F+I+R2 2253.358     55  4616.716     4650.013     4808.379
WARNING: Normalizing state frequencies so that sum of them equals to 1
355  Q.yeast+G4    2243.371     34  4554.742     4566.296     4673.225
WARNING: Normalizing state frequencies so that sum of them equals to 1
356  Q.yeast+I+G4  2244.244     35  4558.488     4570.781     4680.456
WARNING: Normalizing state frequencies so that sum of them equals to 1
357  Q.yeast+R2    2243.851     35  4557.702     4569.994     4679.670
WARNING: Normalizing state frequencies so that sum of them equals to 1
366  Q.yeast+I+R2  2241.982     36  4555.963     4569.022     4681.416
WARNING: Normalizing state frequencies so that sum of them equals to 1
377  Q.yeast+F+G4  2242.857     53  4591.714     4622.323     4776.408
WARNING: Normalizing state frequencies so that sum of them equals to 1
378  Q.yeast+F+I+G4 2243.569     54  4595.139     4627.074     4783.318
WARNING: Normalizing state frequencies so that sum of them equals to 1
379  Q.yeast+F+R2  2244.035     54  4596.070     4628.006     4784.249
WARNING: Normalizing state frequencies so that sum of them equals to 1
388  Q.yeast+F+I+R2 2242.561     55  4595.122     4628.419     4786.786
399  JTTDCMut+G4   2240.785     34  4549.569     4561.123     4668.053
400  JTTDCMut+I+G4 2241.621     35  4553.243     4565.535     4675.211
401  JTTDCMut+R2   2241.810     35  4553.620     4565.913     4675.588
410  JTTDCMut+I+R2 2240.072     36  4552.145     4565.203     4677.597
421  JTTDCMut+F+G4 2247.636     53  4601.271     4631.881     4785.966
422  JTTDCMut+F+I+G4 2248.414     54  4604.829     4636.764     4793.008
423  JTTDCMut+F+R2 2248.944     54  4605.889     4637.824     4794.068
432  JTTDCMut+F+I+R2 2247.375     55  4604.750     4638.047     4796.414
443  DCMut+G4      2261.932     34  4591.865     4603.418     4710.348
444  DCMut+I+G4    2262.741     35  4595.481     4607.774     4717.449
445  DCMut+R2      2264.374     35  4598.749     4611.042     4720.717
454  DCMut+I+R2    2261.315     36  4594.630     4607.689     4720.083
465  DCMut+F+G4    2255.973     53  4617.945     4648.555     4802.640
466  DCMut+F+I+G4  2256.759     54  4621.518     4653.453     4809.697
467  DCMut+F+R2    2258.428     54  4624.856     4656.792     4813.035
476  DCMut+F+I+R2  2255.750     55  4621.499     4654.797     4813.163
487  VT+G4         2228.748     34  4525.497     4537.050     4643.980
488  VT+I+G4       2228.910     35  4527.820     4540.113     4649.788
489  VT+R2         2229.228     35  4528.456     4540.749     4650.424
498  VT+I+R2       2228.761     36  4529.521     4542.580     4654.974
509  VT+F+G4       2234.583     53  4575.165     4605.775     4759.859
510  VT+F+I+G4     2234.631     54  4577.263     4609.198     4765.442
511  VT+F+R2       2234.931     54  4577.862     4609.797     4766.041
520  VT+F+I+R2     2234.586     55  4579.173     4612.470     4770.837
531  PMB+G4        2234.530     34  4537.060     4548.613     4655.543
532  PMB+I+G4      2234.527     35  4539.054     4551.347     4661.022
533  PMB+R2        2234.754     35  4539.507     4551.800     4661.475
542  PMB+I+R2      2234.406     36  4540.813     4553.871     4666.265
553  PMB+F+G4      2240.920     53  4587.841     4618.450     4772.535
554  PMB+F+I+G4    2240.834     54  4589.668     4621.604     4777.847
555  PMB+F+R2      2241.141     54  4590.282     4622.217     4778.461
564  PMB+F+I+R2    2240.832     55  4591.663     4624.960     4783.327
575  Blosum62+G4   2227.314     34  4522.628     4534.182     4641.111
576  Blosum62+I+G4 2227.302     35  4524.604     4536.897     4646.572
577  Blosum62+R2   2227.602     35  4525.204     4537.496     4647.172
586  Blosum62+I+R2 2227.157     36  4526.315     4539.374     4651.768
597  Blosum62+F+G4 2238.598     53  4583.196     4613.806     4767.891
598  Blosum62+F+I+G4 2238.427     54  4584.855     4616.790     4773.034
599  Blosum62+F+R2 2238.861     54  4585.722     4617.657     4773.901
608  Blosum62+F+I+R2 2238.435     55  4586.870     4620.168     4778.534
619  Dayhoff+G4    2261.939     34  4591.879     4603.432     4710.362
620  Dayhoff+I+G4  2262.752     35  4595.503     4607.796     4717.471
621  Dayhoff+R2    2264.393     35  4598.787     4611.080     4720.755
630  Dayhoff+I+R2  2261.323     36  4594.645     4607.704     4720.098
641  Dayhoff+F+G4  2255.991     53  4617.983     4648.592     4802.677
642  Dayhoff+F+I+G4 2256.782     54  4621.564     4653.499     4809.743
643  Dayhoff+F+R2  2258.449     54  4624.898     4656.834     4813.077
652  Dayhoff+F+I+R2 2255.770     55  4621.540     4654.837     4813.203
663  mtREV+G4      2362.053     34  4792.107     4803.660     4910.590
664  mtREV+I+G4    2362.941     35  4795.883     4808.175     4917.850
665  mtREV+R2      2363.434     35  4796.868     4809.161     4918.836
674  mtREV+I+R2    2360.049     36  4792.097     4805.156     4917.550
685  mtREV+F+G4    2252.857     53  4611.714     4642.324     4796.409
686  mtREV+F+I+G4  2253.393     54  4614.786     4646.722     4802.966
687  mtREV+F+R2    2256.254     54  4620.509     4652.444     4808.688
696  mtREV+F+I+R2  2253.103     55  4616.207     4649.504     4807.870
707  mtART+G4      2380.212     34  4828.425     4839.978     4946.908
708  mtART+I+G4    2381.162     35  4832.324     4844.617     4954.292
709  mtART+R2      2391.097     35  4852.195     4864.487     4974.163
718  mtART+I+R2    2378.817     36  4829.634     4842.693     4955.087
729  mtART+F+G4    2269.345     53  4644.689     4675.299     4829.383
730  mtART+F+I+G4  2270.585     54  4649.170     4681.106     4837.349
731  mtART+F+R2    2278.164     54  4664.329     4696.264     4852.508
740  mtART+F+I+R2  2269.035     55  4648.070     4681.368     4839.734
751  mtZOA+G4      2347.044     34  4762.088     4773.641     4880.571
752  mtZOA+I+G4    2348.071     35  4766.142     4778.435     4888.110
753  mtZOA+R2      2349.875     35  4769.750     4782.042     4891.718
762  mtZOA+I+R2    2343.355     36  4758.709     4771.768     4884.162
773  mtZOA+F+G4    2254.795     53  4615.589     4646.199     4800.283
774  mtZOA+F+I+G4  2255.792     54  4619.584     4651.520     4807.763
775  mtZOA+F+R2    2258.235     54  4624.470     4656.406     4812.649
784  mtZOA+F+I+R2  2253.873     55  4617.746     4651.043     4809.410
795  mtMet+G4      2351.638     34  4771.276     4782.830     4889.760
796  mtMet+I+G4    2352.852     35  4775.704     4787.996     4897.672
797  mtMet+R2      2351.039     35  4772.078     4784.371     4894.046
806  mtMet+I+R2    2348.083     36  4768.166     4781.225     4893.619
817  mtMet+F+G4    2262.588     53  4631.177     4661.786     4815.871
818  mtMet+F+I+G4  2263.538     54  4635.075     4667.011     4823.254
819  mtMet+F+R2    2264.022     54  4636.045     4667.980     4824.224
828  mtMet+F+I+R2  2261.245     55  4632.490     4665.787     4824.153
839  mtVer+G4      2387.203     34  4842.406     4853.960     4960.889
840  mtVer+I+G4    2388.539     35  4847.079     4859.372     4969.047
841  mtVer+R2      2388.861     35  4847.723     4860.015     4969.691
850  mtVer+I+R2    2382.490     36  4836.979     4850.038     4962.432
861  mtVer+F+G4    2286.509     53  4679.018     4709.628     4863.713
862  mtVer+F+I+G4  2287.640     54  4683.279     4715.215     4871.458
863  mtVer+F+R2    2291.511     54  4691.021     4722.957     4879.200
872  mtVer+F+I+R2  2283.707     55  4677.414     4710.711     4869.078
883  mtInv+G4      2365.755     34  4799.509     4811.062     4917.992
884  mtInv+I+G4    2366.752     35  4803.503     4815.796     4925.471
885  mtInv+R2      2364.663     35  4799.326     4811.618     4921.294
894  mtInv+I+R2    2363.404     36  4798.809     4811.868     4924.262
905  mtInv+F+G4    2255.104     53  4616.209     4646.819     4800.903
906  mtInv+F+I+G4  2255.945     54  4619.889     4651.825     4808.068
907  mtInv+F+R2    2255.756     54  4619.511     4651.447     4807.690
916  mtInv+F+I+R2  2254.372     55  4618.745     4652.042     4810.409
927  mtMAM+G4      2388.684     34  4845.368     4856.922     4963.851
928  mtMAM+I+G4    2389.940     35  4849.881     4862.174     4971.849
929  mtMAM+R2      2401.963     35  4873.927     4886.220     4995.895
938  mtMAM+I+R2    2386.271     36  4844.542     4857.601     4969.995
949  mtMAM+F+G4    2280.403     53  4666.806     4697.416     4851.501
950  mtMAM+F+I+G4  2281.724     54  4671.448     4703.383     4859.627
951  mtMAM+F+R2    2293.472     54  4694.944     4726.880     4883.123
960  mtMAM+F+I+R2  2280.360     55  4670.720     4704.017     4862.384
WARNING: Normalizing state frequencies so that sum of them equals to 1
971  FLAVI+G4      2293.597     34  4655.195     4666.748     4773.678
WARNING: Normalizing state frequencies so that sum of them equals to 1
972  FLAVI+I+G4    2294.628     35  4659.256     4671.549     4781.224
WARNING: Normalizing state frequencies so that sum of them equals to 1
973  FLAVI+R2      2300.725     35  4671.450     4683.743     4793.418
WARNING: Normalizing state frequencies so that sum of them equals to 1
982  FLAVI+I+R2    2291.023     36  4654.046     4667.104     4779.498
WARNING: Normalizing state frequencies so that sum of them equals to 1
993  FLAVI+F+G4    2295.324     53  4696.649     4727.258     4881.343
WARNING: Normalizing state frequencies so that sum of them equals to 1
994  FLAVI+F+I+G4  2296.369     54  4700.738     4732.674     4888.917
WARNING: Normalizing state frequencies so that sum of them equals to 1
995  FLAVI+F+R2    2302.780     54  4713.560     4745.496     4901.739
WARNING: Normalizing state frequencies so that sum of them equals to 1
1004  FLAVI+F+I+R2  2292.966     55  4695.932     4729.229     4887.596
1015  HIVb+G4       2262.639     34  4593.278     4604.832     4711.761
1016  HIVb+I+G4     2263.392     35  4596.785     4609.078     4718.753
1017  HIVb+R2       2269.265     35  4608.531     4620.823     4730.499
1026  HIVb+I+R2     2261.944     36  4595.889     4608.947     4721.341
1037  HIVb+F+G4     2271.438     53  4648.876     4679.486     4833.571
1038  HIVb+F+I+G4   2272.024     54  4652.049     4683.984     4840.228
1039  HIVb+F+R2     2278.532     54  4665.065     4697.000     4853.244
1048  HIVb+F+I+R2   2270.898     55  4651.796     4685.093     4843.459
1059  HIVw+G4       2317.316     34  4702.632     4714.185     4821.115
1060  HIVw+I+G4     2318.198     35  4706.396     4718.689     4828.364
1061  HIVw+R2       2325.000     35  4720.000     4732.293     4841.968
1070  HIVw+I+R2     2316.344     36  4704.687     4717.746     4830.140
1081  HIVw+F+G4     2301.104     53  4708.208     4738.817     4892.902
1082  HIVw+F+I+G4   2301.905     54  4711.809     4743.745     4899.988
1083  HIVw+F+R2     2307.129     54  4722.257     4754.193     4910.436
1092  HIVw+F+I+R2   2300.049     55  4710.098     4743.396     4901.762
1103  FLU+G4        2259.200     34  4586.400     4597.953     4704.883
1104  FLU+I+G4      2260.135     35  4590.270     4602.563     4712.238
1105  FLU+R2        2260.996     35  4591.993     4604.285     4713.961
1114  FLU+I+R2      2256.952     36  4585.904     4598.962     4711.356
1125  FLU+F+G4      2258.055     53  4622.111     4652.720     4806.805
1126  FLU+F+I+G4    2258.940     54  4625.881     4657.816     4814.060
1127  FLU+F+R2      2259.507     54  4627.014     4658.949     4815.193
1136  FLU+F+I+R2    2256.043     55  4622.086     4655.383     4813.750
1147  rtREV+G4      2230.230     34  4528.460     4540.013     4646.943
1148  rtREV+I+G4    2230.783     35  4531.566     4543.859     4653.534
1149  rtREV+R2      2231.223     35  4532.446     4544.738     4654.414
1158  rtREV+I+R2    2229.755     36  4531.510     4544.569     4656.963
1169  rtREV+F+G4    2231.782     53  4569.564     4600.173     4754.258
1170  rtREV+F+I+G4  2232.163     54  4572.326     4604.261     4760.505
1171  rtREV+F+R2    2233.184     54  4574.369     4606.304     4762.548
1180  rtREV+F+I+R2  2231.538     55  4573.075     4606.372     4764.739
1191  cpREV+G4      2241.190     34  4550.380     4561.934     4668.863
1192  cpREV+I+G4    2241.328     35  4552.656     4564.949     4674.624
1193  cpREV+R2      2242.125     35  4554.249     4566.542     4676.217
1202  cpREV+I+R2    2241.283     36  4554.566     4567.625     4680.018
1213  cpREV+F+G4    2237.424     53  4580.848     4611.458     4765.542
1214  cpREV+F+I+G4  2237.343     54  4582.686     4614.621     4770.865
1215  cpREV+F+R2    2238.306     54  4584.612     4616.547     4772.791
1224  cpREV+F+I+R2  2237.514     55  4585.027     4618.325     4776.691
Akaike Information Criterion:           LG+G4
Corrected Akaike Information Criterion: LG+G4
Bayesian Information Criterion:         LG+G4
Best-fit model: LG+G4 chosen according to BIC

All model information printed to ./orthofinder/Results_Jul07/WorkingDirectory/Alignments_ids/OG0000028.model.gz
CPU time for ModelFinder: 14.599 seconds (0h:0m:14s)
Wall-clock time for ModelFinder: 36.706 seconds (0h:0m:36s)

NOTE: 2 MB RAM (0 GB) is required!
Estimate model parameters (epsilon = 0.100)
1. Initial log-likelihood: -2225.848
Optimal log-likelihood: -2225.847
Gamma shape alpha: 0.721
Parameters optimization took 1 rounds (0.018 sec)
Wrote distance file to... 
Computing ML distances based on estimated model parameters...
Calculating distance matrix: done in 0.027375 secs using 56.1% CPU
Computing ML distances took 0.027407 sec (of wall-clock time) 0.015389 sec (of CPU time)
Setting up auxiliary I and S matrices: done in 3.50475e-05 secs using 99.86% CPU
Constructing RapidNJ tree: done in 4.19617e-05 secs using 100.1% CPU
Computing RapidNJ tree took 0.000114 sec (of wall-clock time) 0.000113 sec (of CPU time)
Log-likelihood of RapidNJ tree: -2223.903
--------------------------------------------------------------------
|             INITIALIZING CANDIDATE TREE SET                      |
--------------------------------------------------------------------
Generating 98 parsimony trees... 0.164 second
Computing log-likelihood of 98 initial trees ... 0.952 seconds
Current best score: -2223.903

Do NNI search on 20 best initial trees
Optimizing NNI: done in 0.0723639 secs using 28.14% CPU
Estimate model parameters (epsilon = 0.100)
BETTER TREE FOUND at iteration 1: -2223.901
Optimizing NNI: done in 0.0683281 secs using 29.76% CPU
Optimizing NNI: done in 0.180647 secs using 33.57% CPU
Optimizing NNI: done in 0.202476 secs using 34.54% CPU
Optimizing NNI: done in 0.213034 secs using 33.05% CPU
Optimizing NNI: done in 0.199807 secs using 33.64% CPU
Optimizing NNI: done in 0.135398 secs using 49.46% CPU
Optimizing NNI: done in 0.134112 secs using 49.85% CPU
Optimizing NNI: done in 0.156721 secs using 45.07% CPU
Optimizing NNI: done in 0.127824 secs using 53.04% CPU
Iteration 10 / LogL: -2225.849 / Time: 0h:0m:2s
Optimizing NNI: done in 0.168178 secs using 42.42% CPU
Optimizing NNI: done in 0.142849 secs using 47.6% CPU
Optimizing NNI: done in 0.148593 secs using 45.82% CPU
Optimizing NNI: done in 0.147596 secs using 46.43% CPU
Optimizing NNI: done in 0.142966 secs using 47.73% CPU
Optimizing NNI: done in 0.15237 secs using 44.81% CPU
Optimizing NNI: done in 0.120687 secs using 56.52% CPU
Optimizing NNI: done in 0.153661 secs using 44.24% CPU
Optimizing NNI: done in 0.170926 secs using 32.14% CPU
Optimizing NNI: done in 0.129671 secs using 47.82% CPU
Iteration 20 / LogL: -2225.849 / Time: 0h:0m:4s
Finish initializing candidate tree set (3)
Current best tree score: -2223.901 / CPU time: 4.183
Number of iterations: 20
--------------------------------------------------------------------
|               OPTIMIZING CANDIDATE TREE SET                      |
--------------------------------------------------------------------
Optimizing NNI: done in 0.257642 secs using 44.4% CPU
Optimizing NNI: done in 0.213215 secs using 52.86% CPU
Optimizing NNI: done in 0.2471 secs using 45.97% CPU
Optimizing NNI: done in 0.293808 secs using 47.84% CPU
Optimizing NNI: done in 0.395713 secs using 41.99% CPU
Optimizing NNI: done in 0.240756 secs using 48.5% CPU
Optimizing NNI: done in 0.312737 secs using 41.53% CPU
UPDATE BEST LOG-LIKELIHOOD: -2223.901
Optimizing NNI: done in 0.147445 secs using 51.79% CPU
Optimizing NNI: done in 0.170363 secs using 49.56% CPU
Optimizing NNI: done in 0.266283 secs using 47.86% CPU
Iteration 30 / LogL: -2225.850 / Time: 0h:0m:6s (0h:0m:16s left)
Optimizing NNI: done in 0.184651 secs using 50.34% CPU
Optimizing NNI: done in 0.174016 secs using 45.12% CPU
Optimizing NNI: done in 0.0665209 secs using 60.66% CPU
Optimizing NNI: done in 0.166807 secs using 56.77% CPU
Optimizing NNI: done in 0.116045 secs using 97.6% CPU
Optimizing NNI: done in 0.0753078 secs using 95.91% CPU
Optimizing NNI: done in 0.129056 secs using 88.13% CPU
Optimizing NNI: done in 0.066186 secs using 90.88% CPU
Optimizing NNI: done in 0.147251 secs using 89.74% CPU
Optimizing NNI: done in 0.154358 secs using 62.16% CPU
Iteration 40 / LogL: -2223.901 / Time: 0h:0m:8s (0h:0m:12s left)
Optimizing NNI: done in 0.245833 secs using 44.92% CPU
Optimizing NNI: done in 0.331884 secs using 48.43% CPU
Optimizing NNI: done in 0.142847 secs using 47.98% CPU
Optimizing NNI: done in 0.199127 secs using 47.8% CPU
Optimizing NNI: done in 0.292563 secs using 47.71% CPU
Optimizing NNI: done in 0.350548 secs using 36.87% CPU
Optimizing NNI: done in 0.263205 secs using 42.18% CPU
Optimizing NNI: done in 0.214171 secs using 36.48% CPU
Optimizing NNI: done in 0.316544 secs using 35.55% CPU
Optimizing NNI: done in 0.178203 secs using 32.67% CPU
Iteration 50 / LogL: -2223.901 / Time: 0h:0m:10s (0h:0m:11s left)
Optimizing NNI: done in 0.177425 secs using 32.36% CPU
Optimizing NNI: done in 0.123101 secs using 46.74% CPU
Optimizing NNI: done in 0.181777 secs using 38.61% CPU
UPDATE BEST LOG-LIKELIHOOD: -2223.900
Optimizing NNI: done in 0.259936 secs using 35.36% CPU
Optimizing NNI: done in 0.383559 secs using 35.76% CPU
Optimizing NNI: done in 0.397034 secs using 32.27% CPU
Optimizing NNI: done in 0.247298 secs using 38.53% CPU
Optimizing NNI: done in 0.189888 secs using 40.74% CPU
Optimizing NNI: done in 0.291537 secs using 32.88% CPU
Optimizing NNI: done in 0.255429 secs using 35.79% CPU
Iteration 60 / LogL: -2223.901 / Time: 0h:0m:13s (0h:0m:9s left)
Optimizing NNI: done in 0.173287 secs using 30.75% CPU
Optimizing NNI: done in 0.346609 secs using 31.74% CPU
Optimizing NNI: done in 0.365638 secs using 35.46% CPU
Optimizing NNI: done in 0.0802 secs using 40.15% CPU
Optimizing NNI: done in 0.37487 secs using 35.98% CPU
Optimizing NNI: done in 0.221763 secs using 41.74% CPU
Optimizing NNI: done in 0.123577 secs using 47.11% CPU
Optimizing NNI: done in 0.27339 secs using 49.36% CPU
Optimizing NNI: done in 0.249273 secs using 51.6% CPU
Optimizing NNI: done in 0.284366 secs using 47.53% CPU
Iteration 70 / LogL: -2223.901 / Time: 0h:0m:15s (0h:0m:7s left)
Optimizing NNI: done in 0.231167 secs using 51.48% CPU
Optimizing NNI: done in 0.119774 secs using 49.33% CPU
Optimizing NNI: done in 0.239133 secs using 49.59% CPU
Optimizing NNI: done in 0.207482 secs using 47.84% CPU
Optimizing NNI: done in 0.192353 secs using 49.45% CPU
Optimizing NNI: done in 0.254296 secs using 54.34% CPU
Optimizing NNI: done in 0.234433 secs using 52.23% CPU
Optimizing NNI: done in 0.157666 secs using 54.33% CPU
Optimizing NNI: done in 0.269524 secs using 49.54% CPU
Optimizing NNI: done in 0.270262 secs using 50.93% CPU
Iteration 80 / LogL: -2223.901 / Time: 0h:0m:18s (0h:0m:4s left)
Optimizing NNI: done in 0.116588 secs using 41.98% CPU
UPDATE BEST LOG-LIKELIHOOD: -2223.900
Optimizing NNI: done in 0.321648 secs using 40.31% CPU
Optimizing NNI: done in 0.261835 secs using 51.1% CPU
Optimizing NNI: done in 0.26986 secs using 41.68% CPU
Optimizing NNI: done in 0.229598 secs using 45.96% CPU
Optimizing NNI: done in 0.0819261 secs using 56.06% CPU
Optimizing NNI: done in 0.263379 secs using 48.49% CPU
Optimizing NNI: done in 0.203727 secs using 54.16% CPU
Optimizing NNI: done in 0.298319 secs using 49.41% CPU
Optimizing NNI: done in 0.205809 secs using 43.63% CPU
Iteration 90 / LogL: -2223.900 / Time: 0h:0m:20s (0h:0m:2s left)
Optimizing NNI: done in 0.169799 secs using 34.04% CPU
Optimizing NNI: done in 0.214054 secs using 45.81% CPU
Optimizing NNI: done in 0.186509 secs using 37.8% CPU
Optimizing NNI: done in 0.189413 secs using 49.32% CPU
Optimizing NNI: done in 0.220208 secs using 41% CPU
Optimizing NNI: done in 0.293552 secs using 41.47% CPU
Optimizing NNI: done in 0.258571 secs using 44.31% CPU
Optimizing NNI: done in 0.251908 secs using 44.42% CPU
Optimizing NNI: done in 0.301364 secs using 43.25% CPU
Optimizing NNI: done in 0.192209 secs using 50.05% CPU
Iteration 100 / LogL: -2223.901 / Time: 0h:0m:22s (0h:0m:0s left)
Optimizing NNI: done in 0.217784 secs using 54.23% CPU
UPDATE BEST LOG-LIKELIHOOD: -2223.900
Optimizing NNI: done in 0.206483 secs using 49.99% CPU
TREE SEARCH COMPLETED AFTER 102 ITERATIONS / Time: 0h:0m:23s

--------------------------------------------------------------------
|                    FINALIZING TREE SEARCH                        |
--------------------------------------------------------------------
Performs final model parameters optimization
Estimate model parameters (epsilon = 0.010)
1. Initial log-likelihood: -2223.900
Optimal log-likelihood: -2223.900
Gamma shape alpha: 0.712
Parameters optimization took 1 rounds (0.013 sec)
BEST SCORE FOUND : -2223.900
Total tree length: 3.265

Total number of iterations: 102
CPU time used for tree search: 10.327 sec (0h:0m:10s)
Wall-clock time used for tree search: 22.951 sec (0h:0m:22s)
Total CPU time used: 10.419 sec (0h:0m:10s)
Total wall-clock time used: 23.108 sec (0h:0m:23s)

Analysis results written to: 
  IQ-TREE report:                ./orthofinder/Results_Jul07/WorkingDirectory/Alignments_ids/OG0000028.iqtree
  Maximum-likelihood tree:       ./orthofinder/Results_Jul07/WorkingDirectory/Alignments_ids/OG0000028.treefile
  Likelihood distances:          ./orthofinder/Results_Jul07/WorkingDirectory/Alignments_ids/OG0000028.mldist
  Screen log file:               ./orthofinder/Results_Jul07/WorkingDirectory/Alignments_ids/OG0000028.log

Date and Time: Sun Jul  7 17:50:22 2024
