IQ-TREE multicore version 2.2.0.5 COVID-edition for Linux 64-bit built Sep 26 2022
Developed by Bui Quang Minh, James Barbetti, Nguyen Lam Tung,
Olga Chernomor, Heiko Schmidt, Dominik Schrempf, Michael Woodhams, Ly Trong Nhan.

Host:    c090 (AVX2, FMA3, 503 GB RAM)
Command: iqtree -s ./orthofinder/Results_Jul07/WorkingDirectory/Alignments_ids/OG0000088.fa -pre ./orthofinder/Results_Jul07/WorkingDirectory/Alignments_ids/OG0000088
Seed:    831106 (Using SPRNG - Scalable Parallel Random Number Generator)
Time:    Sun Jul  7 17:49:53 2024
Kernel:  AVX+FMA - 1 threads (24 CPU cores detected)

HINT: Use -nt option to specify number of threads because your CPU has 24 cores!
HINT: -nt AUTO will automatically determine the best number of threads to use.

Reading alignment file ./orthofinder/Results_Jul07/WorkingDirectory/Alignments_ids/OG0000088.fa ... Fasta format detected
Reading fasta file: done in 0.000247955 secs using 49.2% CPU
Alignment most likely contains protein sequences
Constructing alignment: done in 0.000161171 secs using 49.64% CPU
Alignment has 31 sequences with 340 columns, 85 distinct patterns
39 parsimony-informative, 4 singleton sites, 297 constant sites
       Gap/Ambiguity  Composition  p-value
Analyzing sequences: done in 8.10623e-06 secs using 49.34% CPU
   1  1_75     0.88%    passed    100.00%
   2  3_76     0.29%    passed    100.00%
   3  4_81    73.82%    passed     52.25%
   4  5_73     0.00%    passed    100.00%
   5  6_1      0.29%    passed    100.00%
   6  7_71     0.00%    passed    100.00%
   7  10_73    0.00%    passed    100.00%
   8  12_70    0.00%    passed    100.00%
   9  16_71    0.00%    passed    100.00%
  10  17_71    0.00%    passed    100.00%
  11  18_74    0.29%    passed    100.00%
  12  19_71    0.29%    passed    100.00%
  13  20_74    0.29%    passed    100.00%
  14  21_72    0.88%    passed    100.00%
  15  22_72    0.00%    passed    100.00%
  16  23_75    0.88%    passed    100.00%
  17  27_88    0.00%    passed    100.00%
  18  28_76    0.88%    passed    100.00%
  19  29_77    0.88%    passed    100.00%
  20  30_75    0.29%    passed    100.00%
  21  33_1     0.29%    passed    100.00%
  22  34_2     0.00%    passed    100.00%
  23  35_78    0.29%    passed    100.00%
  24  36_92    0.29%    passed    100.00%
  25  37_73    0.29%    passed    100.00%
  26  38_76    0.29%    passed    100.00%
  27  40_71    0.00%    passed    100.00%
  28  41_73    0.29%    passed    100.00%
  29  42_75    0.00%    passed    100.00%
  30  43_74    0.88%    passed    100.00%
  31  44_71    0.00%    passed    100.00%
WARNING: 1 sequences contain more than 50% gaps/ambiguity
****  TOTAL    2.67%  0 sequences failed composition chi2 test (p-value<5%; df=19)
NOTE: 21_72 is identical to 1_75 but kept for subsequent analysis
NOTE: 12_70 is identical to 5_73 but kept for subsequent analysis
NOTE: 18_74 is identical to 6_1 but kept for subsequent analysis
NOTE: 17_71 is identical to 16_71 but kept for subsequent analysis
NOTE: 43_74 is identical to 23_75 but kept for subsequent analysis
Checking for duplicate sequences: done in 3.00407e-05 secs using 49.93% CPU
Identifying sites to remove: done in 6.60419e-05 secs using 49.97% CPU
NOTE: 13 identical sequences (see below) will be ignored for subsequent analysis
NOTE: 28_76 (identical to 1_75) is ignored but added at the end
NOTE: 22_72 (identical to 5_73) is ignored but added at the end
NOTE: 27_88 (identical to 5_73) is ignored but added at the end
NOTE: 40_71 (identical to 5_73) is ignored but added at the end
NOTE: 42_75 (identical to 5_73) is ignored but added at the end
NOTE: 19_71 (identical to 6_1) is ignored but added at the end
NOTE: 20_74 (identical to 6_1) is ignored but added at the end
NOTE: 30_75 (identical to 6_1) is ignored but added at the end
NOTE: 33_1 (identical to 6_1) is ignored but added at the end
NOTE: 35_78 (identical to 6_1) is ignored but added at the end
NOTE: 36_92 (identical to 6_1) is ignored but added at the end
NOTE: 37_73 (identical to 6_1) is ignored but added at the end
NOTE: 38_76 (identical to 6_1) is ignored but added at the end
Alignment was printed to ./orthofinder/Results_Jul07/WorkingDirectory/Alignments_ids/OG0000088.uniqueseq.phy

For your convenience alignment with unique sequences printed to ./orthofinder/Results_Jul07/WorkingDirectory/Alignments_ids/OG0000088.uniqueseq.phy


Create initial parsimony tree by phylogenetic likelihood library (PLL)... 0.000 seconds
Perform fast likelihood tree search using LG+I+G model...
Estimate model parameters (epsilon = 5.000)
Perform nearest neighbor interchange...
Optimizing NNI: done in 0.0472131 secs using 65.62% CPU
Estimate model parameters (epsilon = 1.000)
1. Initial log-likelihood: -1414.278
Optimal log-likelihood: -1414.276
Proportion of invariable sites: 0.437
Gamma shape alpha: 0.817
Parameters optimization took 1 rounds (0.030 sec)
Time for fast ML tree search: 0.109 seconds

NOTE: ModelFinder requires 3 MB RAM!
ModelFinder will test up to 1232 protein models (sample size: 340) ...
 No. Model         -LnL         df  AIC          AICc         BIC
  1  LG            1420.962     33  2907.924     2915.257     3034.279
  2  LG+I          1414.233     34  2896.466     2904.269     3026.650
  3  LG+G4         1414.223     34  2896.446     2904.250     3026.631
  4  LG+I+G4       1414.276     35  2898.553     2906.842     3032.566
  5  LG+R2         1414.994     35  2899.987     2908.277     3034.000
  6  LG+R3         1414.490     37  2902.980     2912.291     3044.651
 14  LG+I+R2       1414.300     36  2900.600     2909.392     3038.442
 15  LG+I+R3       1414.281     38  2904.563     2914.410     3050.063
 23  LG+F          1382.253     52  2868.505     2887.711     3067.611
 24  LG+F+I        1375.445     53  2856.890     2876.904     3059.824
 25  LG+F+G4       1375.403     53  2856.806     2876.820     3059.740
 26  LG+F+I+G4     1375.432     54  2858.865     2879.707     3065.628
 27  LG+F+R2       1376.057     54  2860.115     2880.957     3066.878
 45  WAG           1413.191     33  2892.382     2899.715     3018.737
 46  WAG+I         1407.143     34  2882.287     2890.090     3012.471
 47  WAG+G4        1407.155     34  2882.310     2890.113     3012.494
 48  WAG+I+G4      1407.221     35  2884.443     2892.732     3018.456
 49  WAG+R2        1408.373     35  2886.746     2895.035     3020.759
 67  WAG+F         1376.802     52  2857.603     2876.809     3056.709
 68  WAG+F+I       1370.685     53  2847.370     2867.384     3050.304
 69  WAG+F+G4      1370.686     53  2847.372     2867.386     3050.306
 70  WAG+F+I+G4    1370.746     54  2849.492     2870.334     3056.255
 71  WAG+F+R2      1371.828     54  2851.656     2872.499     3058.420
 89  JTT           1401.708     33  2869.415     2876.749     2995.770
 90  JTT+I         1395.578     34  2859.156     2866.959     2989.340
 91  JTT+G4        1395.576     34  2859.151     2866.955     2989.336
 92  JTT+I+G4      1395.634     35  2861.267     2869.557     2995.280
 93  JTT+R2        1396.624     35  2863.247     2871.537     2997.261
111  JTT+F         1370.828     52  2845.656     2864.861     3044.761
112  JTT+F+I       1364.547     53  2835.094     2855.108     3038.028
113  JTT+F+G4      1364.542     53  2835.084     2855.098     3038.018
114  JTT+F+I+G4    1364.600     54  2837.200     2858.042     3043.963
115  JTT+F+R2      1365.530     54  2839.060     2859.902     3045.823
WARNING: Normalizing state frequencies so that sum of them equals to 1
133  Q.pfam        1425.219     33  2916.437     2923.771     3042.792
WARNING: Normalizing state frequencies so that sum of them equals to 1
134  Q.pfam+I      1418.110     34  2904.221     2912.024     3034.405
WARNING: Normalizing state frequencies so that sum of them equals to 1
135  Q.pfam+G4     1418.098     34  2904.197     2912.000     3034.381
WARNING: Normalizing state frequencies so that sum of them equals to 1
136  Q.pfam+I+G4   1418.143     35  2906.285     2914.575     3040.299
WARNING: Normalizing state frequencies so that sum of them equals to 1
137  Q.pfam+R2     1418.806     35  2907.612     2915.901     3041.625
WARNING: Normalizing state frequencies so that sum of them equals to 1
155  Q.pfam+F      1383.927     52  2871.854     2891.060     3070.959
WARNING: Normalizing state frequencies so that sum of them equals to 1
156  Q.pfam+F+I    1376.816     53  2859.632     2879.646     3062.566
WARNING: Normalizing state frequencies so that sum of them equals to 1
157  Q.pfam+F+G4   1376.793     53  2859.587     2879.601     3062.521
WARNING: Normalizing state frequencies so that sum of them equals to 1
158  Q.pfam+F+I+G4 1376.831     54  2861.662     2882.504     3068.425
WARNING: Normalizing state frequencies so that sum of them equals to 1
159  Q.pfam+F+R2   1377.399     54  2862.798     2883.640     3069.561
WARNING: Normalizing state frequencies so that sum of them equals to 1
177  Q.bird        1404.656     33  2875.313     2882.646     3001.668
WARNING: Normalizing state frequencies so that sum of them equals to 1
178  Q.bird+I      1397.356     34  2862.712     2870.515     2992.896
WARNING: Normalizing state frequencies so that sum of them equals to 1
179  Q.bird+G4     1397.352     34  2862.704     2870.507     2992.888
WARNING: Normalizing state frequencies so that sum of them equals to 1
180  Q.bird+I+G4   1397.406     35  2864.812     2873.101     2998.825
WARNING: Normalizing state frequencies so that sum of them equals to 1
181  Q.bird+R2     1397.982     35  2865.964     2874.254     2999.977
WARNING: Normalizing state frequencies so that sum of them equals to 1
199  Q.bird+F      1371.899     52  2847.799     2867.004     3046.904
WARNING: Normalizing state frequencies so that sum of them equals to 1
200  Q.bird+F+I    1364.018     53  2834.035     2854.049     3036.969
WARNING: Normalizing state frequencies so that sum of them equals to 1
201  Q.bird+F+G4   1364.027     53  2834.055     2854.069     3036.989
WARNING: Normalizing state frequencies so that sum of them equals to 1
202  Q.bird+F+I+G4 1364.099     54  2836.199     2857.041     3042.962
WARNING: Normalizing state frequencies so that sum of them equals to 1
203  Q.bird+F+R2   1364.613     54  2837.225     2858.068     3043.989
WARNING: Normalizing state frequencies so that sum of them equals to 1
221  Q.mammal      1407.909     33  2881.818     2889.151     3008.173
WARNING: Normalizing state frequencies so that sum of them equals to 1
222  Q.mammal+I    1400.809     34  2869.618     2877.421     2999.802
WARNING: Normalizing state frequencies so that sum of them equals to 1
223  Q.mammal+G4   1400.793     34  2869.586     2877.389     2999.770
WARNING: Normalizing state frequencies so that sum of them equals to 1
224  Q.mammal+I+G4 1400.829     35  2871.659     2879.948     3005.672
WARNING: Normalizing state frequencies so that sum of them equals to 1
225  Q.mammal+R2   1401.495     35  2872.989     2881.279     3007.002
WARNING: Normalizing state frequencies so that sum of them equals to 1
243  Q.mammal+F    1372.895     52  2849.790     2868.996     3048.895
WARNING: Normalizing state frequencies so that sum of them equals to 1
244  Q.mammal+F+I  1365.457     53  2836.913     2856.927     3039.848
WARNING: Normalizing state frequencies so that sum of them equals to 1
245  Q.mammal+F+G4 1365.455     53  2836.909     2856.923     3039.843
WARNING: Normalizing state frequencies so that sum of them equals to 1
246  Q.mammal+F+I+G4 1365.503     54  2839.005     2859.847     3045.768
WARNING: Normalizing state frequencies so that sum of them equals to 1
247  Q.mammal+F+R2 1366.105     54  2840.211     2861.053     3046.974
265  Q.insect      1429.446     33  2924.893     2932.226     3051.248
266  Q.insect+I    1422.367     34  2912.734     2920.537     3042.918
267  Q.insect+G4   1422.336     34  2912.671     2920.475     3042.855
268  Q.insect+I+G4 1422.353     35  2914.705     2922.995     3048.718
269  Q.insect+R2   1422.930     35  2915.860     2924.150     3049.873
287  Q.insect+F    1379.040     52  2862.080     2881.286     3061.186
288  Q.insect+F+I  1372.001     53  2850.002     2870.016     3052.936
289  Q.insect+F+G4 1371.945     53  2849.891     2869.905     3052.825
290  Q.insect+F+I+G4 1371.945     54  2851.889     2872.731     3058.652
291  Q.insect+F+R2 1372.510     54  2853.020     2873.862     3059.783
WARNING: Normalizing state frequencies so that sum of them equals to 1
309  Q.plant       1418.596     33  2903.192     2910.525     3029.547
WARNING: Normalizing state frequencies so that sum of them equals to 1
310  Q.plant+I     1411.146     34  2890.292     2898.096     3020.477
WARNING: Normalizing state frequencies so that sum of them equals to 1
311  Q.plant+G4    1411.165     34  2890.330     2898.133     3020.514
WARNING: Normalizing state frequencies so that sum of them equals to 1
312  Q.plant+I+G4  1411.254     35  2892.509     2900.798     3026.522
WARNING: Normalizing state frequencies so that sum of them equals to 1
313  Q.plant+R2    1411.864     35  2893.729     2902.018     3027.742
WARNING: Normalizing state frequencies so that sum of them equals to 1
331  Q.plant+F     1372.128     52  2848.256     2867.461     3047.361
WARNING: Normalizing state frequencies so that sum of them equals to 1
332  Q.plant+F+I   1364.736     53  2835.471     2855.485     3038.405
WARNING: Normalizing state frequencies so that sum of them equals to 1
333  Q.plant+F+G4  1364.762     53  2835.525     2855.539     3038.459
WARNING: Normalizing state frequencies so that sum of them equals to 1
334  Q.plant+F+I+G4 1364.874     54  2837.747     2858.589     3044.510
WARNING: Normalizing state frequencies so that sum of them equals to 1
335  Q.plant+F+R2  1365.484     54  2838.968     2859.810     3045.731
WARNING: Normalizing state frequencies so that sum of them equals to 1
353  Q.yeast       1448.385     33  2962.770     2970.103     3089.125
WARNING: Normalizing state frequencies so that sum of them equals to 1
354  Q.yeast+I     1441.234     34  2950.469     2958.272     3080.653
WARNING: Normalizing state frequencies so that sum of them equals to 1
355  Q.yeast+G4    1441.200     34  2950.400     2958.203     3080.584
WARNING: Normalizing state frequencies so that sum of them equals to 1
356  Q.yeast+I+G4  1441.213     35  2952.425     2960.715     3086.439
WARNING: Normalizing state frequencies so that sum of them equals to 1
357  Q.yeast+R2    1441.784     35  2953.568     2961.857     3087.581
WARNING: Normalizing state frequencies so that sum of them equals to 1
375  Q.yeast+F     1381.544     52  2867.087     2886.293     3066.192
WARNING: Normalizing state frequencies so that sum of them equals to 1
376  Q.yeast+F+I   1374.474     53  2854.948     2874.962     3057.883
WARNING: Normalizing state frequencies so that sum of them equals to 1
377  Q.yeast+F+G4  1374.406     53  2854.813     2874.827     3057.747
WARNING: Normalizing state frequencies so that sum of them equals to 1
378  Q.yeast+F+I+G4 1374.389     54  2856.779     2877.621     3063.542
WARNING: Normalizing state frequencies so that sum of them equals to 1
379  Q.yeast+F+R2  1374.945     54  2857.890     2878.732     3064.653
397  JTTDCMut      1401.971     33  2869.941     2877.274     2996.296
398  JTTDCMut+I    1395.872     34  2859.744     2867.548     2989.929
399  JTTDCMut+G4   1395.872     34  2859.743     2867.546     2989.927
400  JTTDCMut+I+G4 1395.931     35  2861.862     2870.151     2995.875
401  JTTDCMut+R2   1397.009     35  2864.017     2872.307     2998.030
419  JTTDCMut+F    1370.760     52  2845.521     2864.726     3044.626
420  JTTDCMut+F+I  1364.488     53  2834.976     2854.990     3037.910
421  JTTDCMut+F+G4 1364.483     53  2834.967     2854.981     3037.901
422  JTTDCMut+F+I+G4 1364.542     54  2837.084     2857.926     3043.847
423  JTTDCMut+F+R2 1365.470     54  2838.939     2859.781     3045.702
441  DCMut         1414.731     33  2895.462     2902.795     3021.817
442  DCMut+I       1408.596     34  2885.192     2892.995     3015.376
443  DCMut+G4      1408.529     34  2885.059     2892.862     3015.243
444  DCMut+I+G4    1408.553     35  2887.106     2895.396     3021.119
445  DCMut+R2      1409.427     35  2888.855     2897.144     3022.868
463  DCMut+F       1374.725     52  2853.449     2872.655     3052.554
464  DCMut+F+I     1368.607     53  2843.215     2863.229     3046.149
465  DCMut+F+G4    1368.537     53  2843.075     2863.089     3046.009
466  DCMut+F+I+G4  1368.550     54  2845.099     2865.941     3051.862
467  DCMut+F+R2    1369.435     54  2846.871     2867.713     3053.634
485  VT            1419.377     33  2904.754     2912.088     3031.110
486  VT+I          1413.078     34  2894.157     2901.960     3024.341
487  VT+G4         1413.074     34  2894.149     2901.952     3024.333
488  VT+I+G4       1413.127     35  2896.255     2904.544     3030.268
489  VT+R2         1414.071     35  2898.143     2906.432     3032.156
507  VT+F          1381.883     52  2867.767     2886.973     3066.872
508  VT+F+I        1375.561     53  2857.122     2877.136     3060.056
509  VT+F+G4       1375.552     53  2857.103     2877.117     3060.037
510  VT+F+I+G4     1375.603     54  2859.206     2880.048     3065.969
511  VT+F+R2       1376.456     54  2860.913     2881.755     3067.676
529  PMB           1419.374     33  2904.748     2912.081     3031.103
530  PMB+I         1412.861     34  2893.722     2901.525     3023.906
531  PMB+G4        1412.839     34  2893.678     2901.482     3023.863
532  PMB+I+G4      1412.876     35  2895.752     2904.042     3029.765
533  PMB+R2        1413.660     35  2897.320     2905.609     3031.333
551  PMB+F         1389.933     52  2883.866     2903.071     3082.971
552  PMB+F+I       1383.500     53  2873.000     2893.014     3075.934
553  PMB+F+G4      1383.473     53  2872.946     2892.960     3075.880
554  PMB+F+I+G4    1383.509     54  2875.019     2895.861     3081.782
555  PMB+F+R2      1384.281     54  2876.561     2897.403     3083.324
573  Blosum62      1423.777     33  2913.555     2920.888     3039.910
574  Blosum62+I    1417.301     34  2902.602     2910.406     3032.787
575  Blosum62+G4   1417.281     34  2902.563     2910.366     3032.747
576  Blosum62+I+G4 1417.321     35  2904.643     2912.932     3038.656
577  Blosum62+R2   1418.100     35  2906.200     2914.489     3040.213
595  Blosum62+F    1391.304     52  2886.607     2905.813     3085.713
596  Blosum62+F+I  1384.878     53  2875.756     2895.770     3078.690
597  Blosum62+F+G4 1384.846     53  2875.692     2895.706     3078.627
598  Blosum62+F+I+G4 1384.881     54  2877.763     2898.605     3084.526
599  Blosum62+F+R2 1385.652     54  2879.304     2900.146     3086.067
617  Dayhoff       1414.661     33  2895.322     2902.656     3021.677
618  Dayhoff+I     1408.523     34  2885.047     2892.850     3015.231
619  Dayhoff+G4    1408.456     34  2884.913     2892.716     3015.097
620  Dayhoff+I+G4  1408.480     35  2886.960     2895.249     3020.973
621  Dayhoff+R2    1409.354     35  2888.709     2896.998     3022.722
639  Dayhoff+F     1374.658     52  2853.316     2872.522     3052.421
640  Dayhoff+F+I   1368.538     53  2843.077     2863.091     3046.011
641  Dayhoff+F+G4  1368.468     53  2842.936     2862.950     3045.870
642  Dayhoff+F+I+G4 1368.480     54  2844.960     2865.802     3051.723
643  Dayhoff+F+R2  1369.366     54  2846.732     2867.574     3053.495
661  mtREV         1472.590     33  3011.181     3018.514     3137.536
662  mtREV+I       1463.143     34  2994.286     3002.089     3124.470
663  mtREV+G4      1463.059     34  2994.118     3001.921     3124.302
664  mtREV+I+G4    1462.903     35  2995.807     3004.096     3129.820
665  mtREV+R2      1463.208     35  2996.417     3004.706     3130.430
683  mtREV+F       1384.288     52  2872.576     2891.782     3071.681
684  mtREV+F+I     1375.917     53  2857.834     2877.848     3060.768
685  mtREV+F+G4    1375.878     53  2857.757     2877.771     3060.691
686  mtREV+F+I+G4  1375.882     54  2859.763     2880.605     3066.526
687  mtREV+F+R2    1376.273     54  2860.545     2881.387     3067.308
705  mtART         1511.295     33  3088.590     3095.923     3214.945
706  mtART+I       1496.507     34  3061.014     3068.817     3191.198
707  mtART+G4      1496.483     34  3060.965     3068.769     3191.149
708  mtART+I+G4    1495.331     35  3060.662     3068.952     3194.675
709  mtART+R2      1492.707     35  3055.414     3063.703     3189.427
727  mtART+F       1414.640     52  2933.281     2952.487     3132.386
728  mtART+F+I     1402.764     53  2911.527     2931.541     3114.461
729  mtART+F+G4    1402.684     53  2911.367     2931.381     3114.301
730  mtART+F+I+G4  1402.218     54  2912.437     2933.279     3119.200
731  mtART+F+R2    1402.129     54  2912.259     2933.101     3119.022
749  mtZOA         1473.549     33  3013.098     3020.431     3139.453
750  mtZOA+I       1463.488     34  2994.976     3002.779     3125.160
751  mtZOA+G4      1463.336     34  2994.672     3002.476     3124.857
752  mtZOA+I+G4    1462.895     35  2995.790     3004.079     3129.803
753  mtZOA+R2      1462.939     35  2995.877     3004.167     3129.890
771  mtZOA+F       1390.930     52  2885.860     2905.066     3084.965
772  mtZOA+F+I     1382.809     53  2871.619     2891.633     3074.553
773  mtZOA+F+G4    1382.669     53  2871.339     2891.353     3074.273
774  mtZOA+F+I+G4  1382.512     54  2873.024     2893.867     3079.788
775  mtZOA+F+R2    1382.815     54  2873.630     2894.472     3080.393
793  mtMet         1488.948     33  3043.897     3051.230     3170.252
794  mtMet+I       1480.128     34  3028.256     3036.059     3158.440
795  mtMet+G4      1480.015     34  3028.029     3035.833     3158.213
796  mtMet+I+G4    1479.787     35  3029.573     3037.863     3163.586
797  mtMet+R2      1480.102     35  3030.205     3038.494     3164.218
815  mtMet+F       1380.958     52  2865.916     2885.121     3065.021
816  mtMet+F+I     1373.282     53  2852.563     2872.577     3055.497
817  mtMet+F+G4    1373.203     53  2852.406     2872.420     3055.340
818  mtMet+F+I+G4  1373.144     54  2854.288     2875.130     3061.051
819  mtMet+F+R2    1373.602     54  2855.203     2876.046     3061.966
837  mtVer         1481.414     33  3028.828     3036.161     3155.183
838  mtVer+I       1472.477     34  3012.955     3020.758     3143.139
839  mtVer+G4      1472.387     34  3012.774     3020.577     3142.958
840  mtVer+I+G4    1472.195     35  3014.391     3022.680     3148.404
841  mtVer+R2      1472.571     35  3015.141     3023.431     3149.154
859  mtVer+F       1382.115     52  2868.230     2887.436     3067.335
860  mtVer+F+I     1373.960     53  2853.919     2873.933     3056.853
861  mtVer+F+G4    1373.954     53  2853.909     2873.923     3056.843
862  mtVer+F+I+G4  1373.994     54  2855.987     2876.829     3062.750
863  mtVer+F+R2    1374.530     54  2857.059     2877.901     3063.822
881  mtInv         1518.143     33  3102.287     3109.620     3228.642
882  mtInv+I       1509.414     34  3086.827     3094.631     3217.012
883  mtInv+G4      1509.317     34  3086.634     3094.437     3216.818
884  mtInv+I+G4    1509.125     35  3088.250     3096.540     3222.263
885  mtInv+R2      1509.442     35  3088.884     3097.173     3222.897
903  mtInv+F       1379.884     52  2863.768     2882.974     3062.873
904  mtInv+F+I     1372.811     53  2851.622     2871.636     3054.556
905  mtInv+F+G4    1372.727     53  2851.454     2871.468     3054.389
906  mtInv+F+I+G4  1372.692     54  2853.383     2874.225     3060.146
907  mtInv+F+R2    1373.236     54  2854.471     2875.313     3061.234
925  mtMAM         1480.207     33  3026.414     3033.747     3152.769
926  mtMAM+I       1468.004     34  3004.009     3011.812     3134.193
927  mtMAM+G4      1467.887     34  3003.774     3011.577     3133.958
928  mtMAM+I+G4    1467.355     35  3004.710     3013.000     3138.724
929  mtMAM+R2      1467.479     35  3004.958     3013.248     3138.971
947  mtMAM+F       1391.148     52  2886.296     2905.502     3085.401
948  mtMAM+F+I     1380.421     53  2866.842     2886.856     3069.776
949  mtMAM+F+G4    1380.408     53  2866.817     2886.831     3069.751
950  mtMAM+F+I+G4  1380.397     54  2868.793     2889.635     3075.556
951  mtMAM+F+R2    1380.772     54  2869.543     2890.386     3076.306
WARNING: Normalizing state frequencies so that sum of them equals to 1
969  FLAVI         1424.900     33  2915.800     2923.134     3042.155
WARNING: Normalizing state frequencies so that sum of them equals to 1
970  FLAVI+I       1416.878     34  2901.756     2909.559     3031.940
WARNING: Normalizing state frequencies so that sum of them equals to 1
971  FLAVI+G4      1416.988     34  2901.976     2909.779     3032.160
WARNING: Normalizing state frequencies so that sum of them equals to 1
972  FLAVI+I+G4    1417.186     35  2904.371     2912.661     3038.384
WARNING: Normalizing state frequencies so that sum of them equals to 1
973  FLAVI+R2      1417.867     35  2905.734     2914.024     3039.747
WARNING: Normalizing state frequencies so that sum of them equals to 1
991  FLAVI+F       1377.251     52  2858.502     2877.708     3057.607
WARNING: Normalizing state frequencies so that sum of them equals to 1
992  FLAVI+F+I     1368.707     53  2843.413     2863.427     3046.348
WARNING: Normalizing state frequencies so that sum of them equals to 1
993  FLAVI+F+G4    1368.765     53  2843.530     2863.544     3046.464
WARNING: Normalizing state frequencies so that sum of them equals to 1
994  FLAVI+F+I+G4  1368.939     54  2845.878     2866.721     3052.642
WARNING: Normalizing state frequencies so that sum of them equals to 1
995  FLAVI+F+R2    1369.542     54  2847.083     2867.925     3053.846
1013  HIVb          1427.661     33  2921.321     2928.655     3047.677
1014  HIVb+I        1419.482     34  2906.965     2914.768     3037.149
1015  HIVb+G4       1419.555     34  2907.110     2914.913     3037.294
1016  HIVb+I+G4     1419.763     35  2909.526     2917.815     3043.539
1017  HIVb+R2       1420.372     35  2910.744     2919.033     3044.757
1035  HIVb+F        1380.935     52  2865.870     2885.076     3064.975
1036  HIVb+F+I      1372.139     53  2850.277     2870.291     3053.211
1037  HIVb+F+G4     1372.196     53  2850.392     2870.406     3053.326
1038  HIVb+F+I+G4   1372.428     54  2852.857     2873.699     3059.620
1039  HIVb+F+R2     1372.971     54  2853.942     2874.784     3060.705
1057  HIVw          1457.480     33  2980.960     2988.293     3107.315
1058  HIVw+I        1450.289     34  2968.578     2976.381     3098.762
1059  HIVw+G4       1450.357     34  2968.715     2976.518     3098.899
1060  HIVw+I+G4     1450.491     35  2970.981     2979.271     3104.994
1061  HIVw+R2       1451.250     35  2972.500     2980.790     3106.513
1079  HIVw+F        1381.222     52  2866.443     2885.649     3065.549
1080  HIVw+F+I      1373.243     53  2852.486     2872.500     3055.421
1081  HIVw+F+G4     1373.298     53  2852.596     2872.610     3055.530
1082  HIVw+F+I+G4   1373.451     54  2854.902     2875.744     3061.665
1083  HIVw+F+R2     1374.018     54  2856.036     2876.878     3062.799
1101  FLU           1426.568     33  2919.135     2926.468     3045.490
1102  FLU+I         1419.494     34  2906.987     2914.790     3037.171
1103  FLU+G4        1419.561     34  2907.123     2914.926     3037.307
1104  FLU+I+G4      1419.672     35  2909.345     2917.634     3043.358
1105  FLU+R2        1420.455     35  2910.910     2919.199     3044.923
1123  FLU+F         1375.109     52  2854.219     2873.424     3053.324
1124  FLU+F+I       1367.798     53  2841.596     2861.610     3044.531
1125  FLU+F+G4      1367.861     53  2841.722     2861.736     3044.656
1126  FLU+F+I+G4    1367.966     54  2843.933     2864.775     3050.696
1127  FLU+F+R2      1368.701     54  2845.401     2866.243     3052.164
1145  rtREV         1452.354     33  2970.708     2978.041     3097.063
1146  rtREV+I       1444.519     34  2957.039     2964.842     3087.223
1147  rtREV+G4      1444.585     34  2957.170     2964.973     3087.354
1148  rtREV+I+G4    1444.754     35  2959.508     2967.797     3093.521
1149  rtREV+R2      1445.360     35  2960.720     2969.009     3094.733
1167  rtREV+F       1394.700     52  2893.400     2912.605     3092.505
1168  rtREV+F+I     1386.658     53  2879.316     2899.330     3082.250
1169  rtREV+F+G4    1386.678     53  2879.356     2899.370     3082.290
1170  rtREV+F+I+G4  1386.769     54  2881.537     2902.379     3088.300
1171  rtREV+F+R2    1387.284     54  2882.568     2903.411     3089.332
1189  cpREV         1433.332     33  2932.664     2939.997     3059.019
1190  cpREV+I       1426.532     34  2921.064     2928.867     3051.248
1191  cpREV+G4      1426.532     34  2921.064     2928.868     3051.248
1192  cpREV+I+G4    1426.604     35  2923.209     2931.498     3057.222
1193  cpREV+R2      1427.325     35  2924.650     2932.939     3058.663
1211  cpREV+F       1382.927     52  2869.854     2889.059     3068.959
1212  cpREV+F+I     1376.111     53  2858.221     2878.235     3061.156
1213  cpREV+F+G4    1376.087     53  2858.173     2878.187     3061.107
1214  cpREV+F+I+G4  1376.148     54  2860.297     2881.139     3067.060
1215  cpREV+F+R2    1376.859     54  2861.719     2882.561     3068.482
Akaike Information Criterion:           Q.bird+F+I
Corrected Akaike Information Criterion: Q.bird+F+I
Bayesian Information Criterion:         JTT+G4
Best-fit model: JTT+G4 chosen according to BIC

All model information printed to ./orthofinder/Results_Jul07/WorkingDirectory/Alignments_ids/OG0000088.model.gz
CPU time for ModelFinder: 9.955 seconds (0h:0m:9s)
Wall-clock time for ModelFinder: 22.237 seconds (0h:0m:22s)

NOTE: 1 MB RAM (0 GB) is required!
Estimate model parameters (epsilon = 0.100)
1. Initial log-likelihood: -1395.576
Optimal log-likelihood: -1395.576
Gamma shape alpha: 0.231
Parameters optimization took 1 rounds (0.024 sec)
Wrote distance file to... 
Computing ML distances based on estimated model parameters...
Calculating distance matrix: done in 0.0458059 secs using 55.52% CPU
Computing ML distances took 0.045852 sec (of wall-clock time) 0.025478 sec (of CPU time)
Setting up auxiliary I and S matrices: done in 2.59876e-05 secs using 100% CPU
Constructing RapidNJ tree: done in 3.79086e-05 secs using 100.2% CPU
Computing RapidNJ tree took 0.000094 sec (of wall-clock time) 0.000093 sec (of CPU time)
Log-likelihood of RapidNJ tree: -1401.015
--------------------------------------------------------------------
|             INITIALIZING CANDIDATE TREE SET                      |
--------------------------------------------------------------------
Generating 98 parsimony trees... 0.100 second
Computing log-likelihood of 98 initial trees ... 0.419 seconds
Current best score: -1395.576

Do NNI search on 20 best initial trees
Optimizing NNI: done in 0.025955 secs using 38.35% CPU
Estimate model parameters (epsilon = 0.100)
BETTER TREE FOUND at iteration 1: -1395.576
Optimizing NNI: done in 0.0224221 secs using 46.49% CPU
BETTER TREE FOUND at iteration 2: -1395.575
Optimizing NNI: done in 0.0342331 secs using 29.89% CPU
BETTER TREE FOUND at iteration 3: -1395.575
Optimizing NNI: done in 0.071465 secs using 32.82% CPU
BETTER TREE FOUND at iteration 4: -1395.575
Optimizing NNI: done in 0.042933 secs using 62.71% CPU
Optimizing NNI: done in 0.081218 secs using 31.05% CPU
BETTER TREE FOUND at iteration 6: -1395.575
Optimizing NNI: done in 0.0620549 secs using 42% CPU
Optimizing NNI: done in 0.0578721 secs using 44.69% CPU
Optimizing NNI: done in 0.036104 secs using 55.68% CPU
Optimizing NNI: done in 0.051218 secs using 37.5% CPU
Iteration 10 / LogL: -1396.021 / Time: 0h:0m:1s
Optimizing NNI: done in 0.035219 secs using 54.58% CPU
Optimizing NNI: done in 0.0322502 secs using 50.4% CPU
Optimizing NNI: done in 0.0402288 secs using 40.35% CPU
Optimizing NNI: done in 0.0641451 secs using 25.17% CPU
Optimizing NNI: done in 0.0321939 secs using 50.29% CPU
Optimizing NNI: done in 0.032233 secs using 50.35% CPU
Optimizing NNI: done in 0.0322168 secs using 50.31% CPU
Optimizing NNI: done in 0.0514619 secs using 37.82% CPU
Optimizing NNI: done in 0.0353889 secs using 54.78% CPU
Optimizing NNI: done in 0.043509 secs using 44.84% CPU
Iteration 20 / LogL: -1396.021 / Time: 0h:0m:1s
Finish initializing candidate tree set (9)
Current best tree score: -1395.575 / CPU time: 1.439
Number of iterations: 20
--------------------------------------------------------------------
|               OPTIMIZING CANDIDATE TREE SET                      |
--------------------------------------------------------------------
Optimizing NNI: done in 0.0706072 secs using 54.65% CPU
Optimizing NNI: done in 0.0616009 secs using 48.05% CPU
Optimizing NNI: done in 0.057893 secs using 51.63% CPU
Optimizing NNI: done in 0.060338 secs using 46.96% CPU
Optimizing NNI: done in 0.111057 secs using 42.39% CPU
Optimizing NNI: done in 0.0989399 secs using 51.48% CPU
Optimizing NNI: done in 0.094099 secs using 48.98% CPU
Optimizing NNI: done in 0.12436 secs using 48.52% CPU
Optimizing NNI: done in 0.0889091 secs using 46.01% CPU
Optimizing NNI: done in 0.136907 secs using 47.4% CPU
Iteration 30 / LogL: -1395.579 / Time: 0h:0m:2s (0h:0m:6s left)
Optimizing NNI: done in 0.139318 secs using 36.84% CPU
Optimizing NNI: done in 0.0900099 secs using 46.67% CPU
Optimizing NNI: done in 0.134508 secs using 46.48% CPU
Optimizing NNI: done in 0.123511 secs using 48.17% CPU
Optimizing NNI: done in 0.128469 secs using 50.17% CPU
Optimizing NNI: done in 0.043961 secs using 63.6% CPU
Optimizing NNI: done in 0.145702 secs using 45.11% CPU
Optimizing NNI: done in 0.0611639 secs using 47.68% CPU
Optimizing NNI: done in 0.0706189 secs using 54.69% CPU
Optimizing NNI: done in 0.0967801 secs using 50.39% CPU
Iteration 40 / LogL: -1395.577 / Time: 0h:0m:3s (0h:0m:6s left)
Optimizing NNI: done in 0.0631199 secs using 49.29% CPU
Optimizing NNI: done in 0.0848849 secs using 43.44% CPU
Optimizing NNI: done in 0.0788138 secs using 49.24% CPU
Optimizing NNI: done in 0.119778 secs using 46.58% CPU
Optimizing NNI: done in 0.113464 secs using 36.53% CPU
Optimizing NNI: done in 0.093617 secs using 40.17% CPU
Optimizing NNI: done in 0.0896959 secs using 46.5% CPU
Optimizing NNI: done in 0.0584879 secs using 52.12% CPU
Optimizing NNI: done in 0.0944102 secs using 49.15% CPU
Optimizing NNI: done in 0.0660241 secs using 57.57% CPU
Iteration 50 / LogL: -1395.578 / Time: 0h:0m:4s (0h:0m:5s left)
Optimizing NNI: done in 0.101104 secs using 28.78% CPU
Optimizing NNI: done in 0.0925989 secs using 48.16% CPU
Optimizing NNI: done in 0.060848 secs using 47.4% CPU
Optimizing NNI: done in 0.0298481 secs using 46.41% CPU
Optimizing NNI: done in 0.112664 secs using 36.09% CPU
Optimizing NNI: done in 0.0879982 secs using 45.46% CPU
Optimizing NNI: done in 0.0692091 secs using 42.22% CPU
Optimizing NNI: done in 0.061815 secs using 48.23% CPU
Optimizing NNI: done in 0.083709 secs using 47.43% CPU
Optimizing NNI: done in 0.103364 secs using 45.82% CPU
Iteration 60 / LogL: -1395.577 / Time: 0h:0m:5s (0h:0m:4s left)
Optimizing NNI: done in 0.0302761 secs using 47.14% CPU
Optimizing NNI: done in 0.082257 secs using 36.77% CPU
Optimizing NNI: done in 0.114241 secs using 49.23% CPU
Optimizing NNI: done in 0.068285 secs using 53.98% CPU
Optimizing NNI: done in 0.0835619 secs using 42.56% CPU
Optimizing NNI: done in 0.031467 secs using 49.13% CPU
Optimizing NNI: done in 0.067318 secs using 52.46% CPU
Optimizing NNI: done in 0.073441 secs using 56.42% CPU
Optimizing NNI: done in 0.0854001 secs using 43.78% CPU
Optimizing NNI: done in 0.0348098 secs using 54.02% CPU
Iteration 70 / LogL: -1395.576 / Time: 0h:0m:5s (0h:0m:3s left)
Optimizing NNI: done in 0.0885539 secs using 50.3% CPU
Optimizing NNI: done in 0.0935209 secs using 31.57% CPU
Optimizing NNI: done in 0.0665359 secs using 39.9% CPU
Optimizing NNI: done in 0.136842 secs using 53.23% CPU
Optimizing NNI: done in 0.067487 secs using 40.74% CPU
Optimizing NNI: done in 0.121709 secs using 40.84% CPU
Optimizing NNI: done in 0.0756478 secs using 36.55% CPU
Optimizing NNI: done in 0.121664 secs using 40.8% CPU
Optimizing NNI: done in 0.154609 secs using 37.9% CPU
Optimizing NNI: done in 0.0804949 secs using 50.31% CPU
Iteration 80 / LogL: -1438.002 / Time: 0h:0m:6s (0h:0m:2s left)
Optimizing NNI: done in 0.102124 secs using 29.49% CPU
Optimizing NNI: done in 0.153509 secs using 47.88% CPU
Optimizing NNI: done in 0.0743151 secs using 40.8% CPU
Optimizing NNI: done in 0.173553 secs using 37.75% CPU
Optimizing NNI: done in 0.149986 secs using 49.49% CPU
Optimizing NNI: done in 0.0648172 secs using 38.44% CPU
Optimizing NNI: done in 0.128198 secs using 49.87% CPU
Optimizing NNI: done in 0.0352659 secs using 54.64% CPU
Optimizing NNI: done in 0.068908 secs using 53.55% CPU
Optimizing NNI: done in 0.121504 secs using 47.32% CPU
Iteration 90 / LogL: -1395.576 / Time: 0h:0m:8s (0h:0m:1s left)
Optimizing NNI: done in 0.0676532 secs using 52.7% CPU
Optimizing NNI: done in 0.0956481 secs using 52.94% CPU
Optimizing NNI: done in 0.072156 secs using 55.65% CPU
Optimizing NNI: done in 0.088649 secs using 45.85% CPU
Optimizing NNI: done in 0.0666552 secs using 51.99% CPU
Optimizing NNI: done in 0.0773411 secs using 48.27% CPU
Optimizing NNI: done in 0.0881531 secs using 45.55% CPU
Optimizing NNI: done in 0.0304379 secs using 47.44% CPU
Optimizing NNI: done in 0.068315 secs using 53.15% CPU
Optimizing NNI: done in 0.121922 secs using 47.5% CPU
Iteration 100 / LogL: -1395.579 / Time: 0h:0m:8s (0h:0m:0s left)
Optimizing NNI: done in 0.0684481 secs using 53.23% CPU
Optimizing NNI: done in 0.0603611 secs using 46.97% CPU
Optimizing NNI: done in 0.0874629 secs using 45.1% CPU
Optimizing NNI: done in 0.125341 secs using 48.94% CPU
Optimizing NNI: done in 0.0723889 secs using 55.79% CPU
Optimizing NNI: done in 0.140929 secs using 34.7% CPU
Optimizing NNI: done in 0.0891979 secs using 46.19% CPU
TREE SEARCH COMPLETED AFTER 107 ITERATIONS / Time: 0h:0m:9s

--------------------------------------------------------------------
|                    FINALIZING TREE SEARCH                        |
--------------------------------------------------------------------
Performs final model parameters optimization
Estimate model parameters (epsilon = 0.010)
1. Initial log-likelihood: -1395.575
Optimal log-likelihood: -1395.575
Gamma shape alpha: 0.231
Parameters optimization took 1 rounds (0.007 sec)
BEST SCORE FOUND : -1395.575
Total tree length: 0.194

Total number of iterations: 107
CPU time used for tree search: 4.351 sec (0h:0m:4s)
Wall-clock time used for tree search: 9.367 sec (0h:0m:9s)
Total CPU time used: 4.447 sec (0h:0m:4s)
Total wall-clock time used: 9.534 sec (0h:0m:9s)

Analysis results written to: 
  IQ-TREE report:                ./orthofinder/Results_Jul07/WorkingDirectory/Alignments_ids/OG0000088.iqtree
  Maximum-likelihood tree:       ./orthofinder/Results_Jul07/WorkingDirectory/Alignments_ids/OG0000088.treefile
  Likelihood distances:          ./orthofinder/Results_Jul07/WorkingDirectory/Alignments_ids/OG0000088.mldist
  Screen log file:               ./orthofinder/Results_Jul07/WorkingDirectory/Alignments_ids/OG0000088.log

Date and Time: Sun Jul  7 17:50:25 2024
