IQ-TREE multicore version 2.2.0.5 COVID-edition for Linux 64-bit built Sep 26 2022
Developed by Bui Quang Minh, James Barbetti, Nguyen Lam Tung,
Olga Chernomor, Heiko Schmidt, Dominik Schrempf, Michael Woodhams, Ly Trong Nhan.

Host:    c090 (AVX2, FMA3, 503 GB RAM)
Command: iqtree -s ./orthofinder/Results_Jul07/WorkingDirectory/Alignments_ids/OG0000164.fa -pre ./orthofinder/Results_Jul07/WorkingDirectory/Alignments_ids/OG0000164
Seed:    325347 (Using SPRNG - Scalable Parallel Random Number Generator)
Time:    Sun Jul  7 17:55:09 2024
Kernel:  AVX+FMA - 1 threads (24 CPU cores detected)

HINT: Use -nt option to specify number of threads because your CPU has 24 cores!
HINT: -nt AUTO will automatically determine the best number of threads to use.

Reading alignment file ./orthofinder/Results_Jul07/WorkingDirectory/Alignments_ids/OG0000164.fa ... Fasta format detected
Reading fasta file: done in 8.89301e-05 secs
Alignment most likely contains protein sequences
Constructing alignment: done in 7.39098e-05 secs
Alignment has 6 sequences with 146 columns, 130 distinct patterns
20 parsimony-informative, 77 singleton sites, 49 constant sites
        Gap/Ambiguity  Composition  p-value
Analyzing sequences: done in 4.05312e-06 secs
   1  0_8      31.51%    passed     32.80%
   2  9_12     17.12%    passed     48.56%
   3  24_113    4.11%    passed    100.00%
   4  26_114    4.11%    passed    100.00%
   5  32_95     4.11%    passed    100.00%
   6  39_21     4.11%    passed    100.00%
****  TOTAL    10.84%  0 sequences failed composition chi2 test (p-value<5%; df=19)
NOTE: 26_114 is identical to 24_113 but kept for subsequent analysis
Checking for duplicate sequences: done in 9.05991e-06 secs
Identifying sites to remove: done in 5.38826e-05 secs
NOTE: 2 identical sequences (see below) will be ignored for subsequent analysis
NOTE: 32_95 (identical to 24_113) is ignored but added at the end
NOTE: 39_21 (identical to 24_113) is ignored but added at the end
Alignment was printed to ./orthofinder/Results_Jul07/WorkingDirectory/Alignments_ids/OG0000164.uniqueseq.phy

For your convenience alignment with unique sequences printed to ./orthofinder/Results_Jul07/WorkingDirectory/Alignments_ids/OG0000164.uniqueseq.phy


Create initial parsimony tree by phylogenetic likelihood library (PLL)... 0.000 seconds
Perform fast likelihood tree search using LG+I+G model...
Estimate model parameters (epsilon = 5.000)
Perform nearest neighbor interchange...
Optimizing NNI: done in 0.000569105 secs using 99.81% CPU
Estimate model parameters (epsilon = 1.000)
1. Initial log-likelihood: -923.267
Optimal log-likelihood: -923.030
Proportion of invariable sites: 0.124
Gamma shape alpha: 2.412
Parameters optimization took 1 rounds (0.002 sec)
Time for fast ML tree search: 0.019 seconds

NOTE: ModelFinder requires 0 MB RAM!
ModelFinder will test up to 1232 protein models (sample size: 146) ...
 No. Model         -LnL         df  AIC          AICc         BIC
  1  LG            926.648      5   1863.296     1863.725     1878.214
  2  LG+I          924.216      6   1860.432     1861.037     1878.334
  3  LG+G4         922.057      6   1856.114     1856.719     1874.016
  4  LG+I+G4       922.719      7   1859.438     1860.250     1880.323
  5  LG+R2         920.847      7   1855.694     1856.506     1876.579
  6  LG+R3         920.583      9   1859.166     1860.489     1886.018
 14  LG+I+R2       920.795      8   1857.589     1858.640     1881.458
 15  LG+I+R3       920.675      10  1861.350     1862.980     1891.186
 23  LG+F          907.699      24  1863.397     1873.315     1935.004
 24  LG+F+I        904.737      25  1859.474     1870.308     1934.065
 25  LG+F+G4       902.752      25  1855.504     1866.338     1930.095
 26  LG+F+I+G4     903.381      26  1858.761     1870.560     1936.335
 27  LG+F+R2       902.912      26  1857.824     1869.622     1935.398
 36  LG+F+I+R2     901.876      27  1857.751     1870.565     1938.309
 45  WAG           925.650      5   1861.300     1861.728     1876.218
 46  WAG+I         925.191      6   1862.382     1862.986     1880.284
 47  WAG+G4        923.899      6   1859.797     1860.402     1877.699
 48  WAG+I+G4      924.588      7   1863.176     1863.988     1884.061
 49  WAG+R2        923.773      7   1861.546     1862.358     1882.432
 58  WAG+I+R2      922.543      8   1861.086     1862.137     1884.955
 67  WAG+F         905.054      24  1858.109     1868.026     1929.716
 68  WAG+F+I       904.160      25  1858.320     1869.153     1932.910
 69  WAG+F+G4      902.910      25  1855.819     1866.653     1930.409
 70  WAG+F+I+G4    903.575      26  1859.150     1870.948     1936.723
 71  WAG+F+R2      902.899      26  1857.798     1869.597     1935.372
 80  WAG+F+I+R2    903.091      27  1860.182     1872.996     1940.739
 89  JTT           932.821      5   1875.641     1876.070     1890.559
 90  JTT+I         930.130      6   1872.260     1872.864     1890.162
 91  JTT+G4        928.460      6   1868.920     1869.524     1886.822
 92  JTT+I+G4      929.057      7   1872.115     1872.926     1893.000
 93  JTT+R2        928.536      7   1871.073     1871.884     1891.958
102  JTT+I+R2      927.144      8   1870.288     1871.339     1894.157
111  JTT+F         911.910      24  1871.820     1881.738     1943.427
112  JTT+F+I       908.800      25  1867.600     1878.433     1942.190
113  JTT+F+G4      907.630      25  1865.260     1876.093     1939.850
114  JTT+F+I+G4    908.037      26  1868.075     1879.873     1945.648
115  JTT+F+R2      907.866      26  1867.732     1879.530     1945.305
124  JTT+F+I+R2    907.752      27  1869.504     1882.317     1950.061
WARNING: Normalizing state frequencies so that sum of them equals to 1
133  Q.pfam        931.463      5   1872.925     1873.354     1887.843
WARNING: Normalizing state frequencies so that sum of them equals to 1
134  Q.pfam+I      929.393      6   1870.786     1871.390     1888.688
WARNING: Normalizing state frequencies so that sum of them equals to 1
135  Q.pfam+G4     927.585      6   1867.170     1867.774     1885.071
WARNING: Normalizing state frequencies so that sum of them equals to 1
136  Q.pfam+I+G4   928.235      7   1870.470     1871.281     1891.355
WARNING: Normalizing state frequencies so that sum of them equals to 1
137  Q.pfam+R2     927.690      7   1869.379     1870.191     1890.264
WARNING: Normalizing state frequencies so that sum of them equals to 1
146  Q.pfam+I+R2   925.552      8   1867.103     1868.154     1890.972
WARNING: Normalizing state frequencies so that sum of them equals to 1
155  Q.pfam+F      907.988      24  1863.977     1873.894     1935.583
WARNING: Normalizing state frequencies so that sum of them equals to 1
156  Q.pfam+F+I    905.071      25  1860.143     1870.976     1934.733
WARNING: Normalizing state frequencies so that sum of them equals to 1
157  Q.pfam+F+G4   903.433      25  1856.866     1867.699     1931.456
WARNING: Normalizing state frequencies so that sum of them equals to 1
158  Q.pfam+F+I+G4 903.984      26  1859.969     1871.767     1937.542
WARNING: Normalizing state frequencies so that sum of them equals to 1
159  Q.pfam+F+R2   903.725      26  1859.450     1871.248     1937.023
WARNING: Normalizing state frequencies so that sum of them equals to 1
168  Q.pfam+F+I+R2 901.860      27  1857.720     1870.533     1938.277
WARNING: Normalizing state frequencies so that sum of them equals to 1
177  Q.bird        950.369      5   1910.739     1911.167     1925.657
WARNING: Normalizing state frequencies so that sum of them equals to 1
178  Q.bird+I      940.637      6   1893.275     1893.879     1911.176
WARNING: Normalizing state frequencies so that sum of them equals to 1
179  Q.bird+G4     938.682      6   1889.365     1889.969     1907.266
WARNING: Normalizing state frequencies so that sum of them equals to 1
180  Q.bird+I+G4   938.809      7   1891.618     1892.430     1912.503
WARNING: Normalizing state frequencies so that sum of them equals to 1
181  Q.bird+R2     939.489      7   1892.977     1893.789     1913.862
WARNING: Normalizing state frequencies so that sum of them equals to 1
190  Q.bird+I+R2   937.523      8   1891.046     1892.097     1914.915
WARNING: Normalizing state frequencies so that sum of them equals to 1
199  Q.bird+F      927.450      24  1902.900     1912.818     1974.507
WARNING: Normalizing state frequencies so that sum of them equals to 1
200  Q.bird+F+I    916.855      25  1883.709     1894.543     1958.300
WARNING: Normalizing state frequencies so that sum of them equals to 1
201  Q.bird+F+G4   916.079      25  1882.159     1892.992     1956.749
WARNING: Normalizing state frequencies so that sum of them equals to 1
202  Q.bird+F+I+G4 915.844      26  1883.688     1895.487     1961.262
WARNING: Normalizing state frequencies so that sum of them equals to 1
203  Q.bird+F+R2   917.403      26  1886.806     1898.605     1964.380
WARNING: Normalizing state frequencies so that sum of them equals to 1
212  Q.bird+F+I+R2 914.643      27  1883.286     1896.100     1963.844
WARNING: Normalizing state frequencies so that sum of them equals to 1
221  Q.mammal      948.039      5   1906.078     1906.507     1920.996
WARNING: Normalizing state frequencies so that sum of them equals to 1
222  Q.mammal+I    941.688      6   1895.376     1895.980     1913.278
WARNING: Normalizing state frequencies so that sum of them equals to 1
223  Q.mammal+G4   939.526      6   1891.052     1891.656     1908.954
WARNING: Normalizing state frequencies so that sum of them equals to 1
224  Q.mammal+I+G4 939.911      7   1893.823     1894.634     1914.708
WARNING: Normalizing state frequencies so that sum of them equals to 1
225  Q.mammal+R2   938.724      7   1891.448     1892.260     1912.333
WARNING: Normalizing state frequencies so that sum of them equals to 1
234  Q.mammal+I+R2 938.315      8   1892.629     1893.680     1916.498
WARNING: Normalizing state frequencies so that sum of them equals to 1
243  Q.mammal+F    922.410      24  1892.821     1902.738     1964.427
WARNING: Normalizing state frequencies so that sum of them equals to 1
244  Q.mammal+F+I  914.900      25  1879.800     1890.633     1954.390
WARNING: Normalizing state frequencies so that sum of them equals to 1
245  Q.mammal+F+G4 913.825      25  1877.650     1888.484     1952.241
WARNING: Normalizing state frequencies so that sum of them equals to 1
246  Q.mammal+F+I+G4 913.852      26  1879.705     1891.503     1957.279
WARNING: Normalizing state frequencies so that sum of them equals to 1
247  Q.mammal+F+R2 914.632      26  1881.264     1893.062     1958.838
WARNING: Normalizing state frequencies so that sum of them equals to 1
256  Q.mammal+F+I+R2 912.566      27  1879.132     1891.945     1959.689
265  Q.insect      928.440      5   1866.879     1867.308     1881.797
266  Q.insect+I    924.198      6   1860.395     1861.000     1878.297
267  Q.insect+G4   922.059      6   1856.117     1856.722     1874.019
268  Q.insect+I+G4 922.602      7   1859.205     1860.016     1880.090
269  Q.insect+R2   920.408      7   1854.816     1855.627     1875.701
278  Q.insect+I+R2 920.318      8   1856.636     1857.687     1880.505
287  Q.insect+F    913.545      24  1875.090     1885.007     1946.697
288  Q.insect+F+I  909.751      25  1869.502     1880.335     1944.092
289  Q.insect+F+G4 907.785      25  1865.570     1876.403     1940.160
290  Q.insect+F+I+G4 908.312      26  1868.623     1880.422     1946.197
291  Q.insect+F+R2 908.083      26  1868.167     1879.965     1945.740
300  Q.insect+F+I+R2 905.896      27  1865.791     1878.605     1946.349
WARNING: Normalizing state frequencies so that sum of them equals to 1
309  Q.plant       941.039      5   1892.079     1892.507     1906.997
WARNING: Normalizing state frequencies so that sum of them equals to 1
310  Q.plant+I     933.586      6   1879.172     1879.776     1897.073
WARNING: Normalizing state frequencies so that sum of them equals to 1
311  Q.plant+G4    930.527      6   1873.055     1873.659     1890.957
WARNING: Normalizing state frequencies so that sum of them equals to 1
312  Q.plant+I+G4  930.970      7   1875.939     1876.751     1896.825
WARNING: Normalizing state frequencies so that sum of them equals to 1
313  Q.plant+R2    929.418      7   1872.835     1873.647     1893.721
WARNING: Normalizing state frequencies so that sum of them equals to 1
322  Q.plant+I+R2  928.904      8   1873.808     1874.859     1897.677
WARNING: Normalizing state frequencies so that sum of them equals to 1
331  Q.plant+F     917.976      24  1883.953     1893.870     1955.559
WARNING: Normalizing state frequencies so that sum of them equals to 1
332  Q.plant+F+I   910.976      25  1871.952     1882.785     1946.542
WARNING: Normalizing state frequencies so that sum of them equals to 1
333  Q.plant+F+G4  908.426      25  1866.852     1877.685     1941.442
WARNING: Normalizing state frequencies so that sum of them equals to 1
334  Q.plant+F+I+G4 908.838      26  1869.675     1881.474     1947.249
WARNING: Normalizing state frequencies so that sum of them equals to 1
335  Q.plant+F+R2  907.272      26  1866.543     1878.342     1944.117
WARNING: Normalizing state frequencies so that sum of them equals to 1
344  Q.plant+F+I+R2 906.740      27  1867.480     1880.294     1948.037
WARNING: Normalizing state frequencies so that sum of them equals to 1
353  Q.yeast       935.321      5   1880.642     1881.070     1895.560
WARNING: Normalizing state frequencies so that sum of them equals to 1
354  Q.yeast+I     930.799      6   1873.597     1874.201     1891.499
WARNING: Normalizing state frequencies so that sum of them equals to 1
355  Q.yeast+G4    928.257      6   1868.515     1869.119     1886.417
WARNING: Normalizing state frequencies so that sum of them equals to 1
356  Q.yeast+I+G4  928.856      7   1871.712     1872.523     1892.597
WARNING: Normalizing state frequencies so that sum of them equals to 1
357  Q.yeast+R2    926.133      7   1866.267     1867.078     1887.152
WARNING: Normalizing state frequencies so that sum of them equals to 1
366  Q.yeast+I+R2  925.970      8   1867.940     1868.991     1891.809
WARNING: Normalizing state frequencies so that sum of them equals to 1
375  Q.yeast+F     912.792      24  1873.584     1883.501     1945.190
WARNING: Normalizing state frequencies so that sum of them equals to 1
376  Q.yeast+F+I   908.461      25  1866.922     1877.755     1941.512
WARNING: Normalizing state frequencies so that sum of them equals to 1
377  Q.yeast+F+G4  906.180      25  1862.359     1873.193     1936.949
WARNING: Normalizing state frequencies so that sum of them equals to 1
378  Q.yeast+F+I+G4 906.725      26  1865.451     1877.249     1943.024
WARNING: Normalizing state frequencies so that sum of them equals to 1
379  Q.yeast+F+R2  903.951      26  1859.902     1871.701     1937.476
WARNING: Normalizing state frequencies so that sum of them equals to 1
388  Q.yeast+F+I+R2 903.791      27  1861.582     1874.396     1942.140
397  JTTDCMut      932.937      5   1875.874     1876.303     1890.792
398  JTTDCMut+I    930.193      6   1872.386     1872.990     1890.287
399  JTTDCMut+G4   928.518      6   1869.035     1869.640     1886.937
400  JTTDCMut+I+G4 929.110      7   1872.219     1873.031     1893.104
401  JTTDCMut+R2   928.576      7   1871.151     1871.963     1892.037
410  JTTDCMut+I+R2 927.371      8   1870.743     1871.794     1894.612
419  JTTDCMut+F    912.339      24  1872.677     1882.594     1944.284
420  JTTDCMut+F+I  909.105      25  1868.210     1879.043     1942.800
421  JTTDCMut+F+G4 907.938      25  1865.876     1876.709     1940.466
422  JTTDCMut+F+I+G4 908.375      26  1868.750     1880.549     1946.324
423  JTTDCMut+F+R2 908.160      26  1868.321     1880.119     1945.895
432  JTTDCMut+F+I+R2 908.057      27  1870.114     1882.927     1950.671
441  DCMut         942.271      5   1894.542     1894.971     1909.460
442  DCMut+I       938.712      6   1889.424     1890.029     1907.326
443  DCMut+G4      934.370      6   1880.740     1881.345     1898.642
444  DCMut+I+G4    935.000      7   1884.000     1884.812     1904.886
445  DCMut+R2      932.076      7   1878.152     1878.964     1899.037
454  DCMut+I+R2    932.188      8   1880.375     1881.427     1904.244
463  DCMut+F       921.783      24  1891.565     1901.483     1963.172
464  DCMut+F+I     918.007      25  1886.014     1896.847     1960.604
465  DCMut+F+G4    914.490      25  1878.979     1889.812     1953.569
466  DCMut+F+I+G4  915.139      26  1882.279     1894.077     1959.853
467  DCMut+F+R2    912.605      26  1877.209     1889.008     1954.783
476  DCMut+F+I+R2  912.640      27  1879.281     1892.094     1959.838
485  VT            923.501      5   1857.002     1857.431     1871.920
486  VT+I          923.339      6   1858.678     1859.282     1876.579
487  VT+G4         922.999      6   1857.999     1858.603     1875.900
488  VT+I+G4       923.556      7   1861.113     1861.924     1881.998
489  VT+R2         923.038      7   1860.076     1860.887     1880.961
498  VT+I+R2       923.258      8   1862.516     1863.567     1886.384
507  VT+F          902.157      24  1852.314     1862.232     1923.921
508  VT+F+I        901.889      25  1853.778     1864.611     1928.368
509  VT+F+G4       901.590      25  1853.180     1864.013     1927.770
510  VT+F+I+G4     902.048      26  1856.096     1867.894     1933.670
511  VT+F+R2       901.631      26  1855.261     1867.059     1932.835
520  VT+F+I+R2     901.810      27  1857.620     1870.434     1938.178
529  PMB           919.518      5   1849.035     1849.464     1863.953
530  PMB+I         919.506      6   1851.012     1851.617     1868.914
531  PMB+G4        919.346      6   1850.691     1851.295     1868.593
532  PMB+I+G4      919.858      7   1853.716     1854.527     1874.601
533  PMB+R2        919.372      7   1852.744     1853.555     1873.629
542  PMB+I+R2      919.625      8   1855.250     1856.302     1879.119
551  PMB+F         903.253      24  1854.507     1864.424     1926.113
552  PMB+F+I       903.164      25  1856.328     1867.162     1930.919
553  PMB+F+G4      902.932      25  1855.865     1866.698     1930.455
554  PMB+F+I+G4    903.452      26  1858.903     1870.701     1936.477
555  PMB+F+R2      902.977      26  1857.955     1869.753     1935.528
564  PMB+F+I+R2    903.182      27  1860.363     1873.177     1940.920
573  Blosum62      916.111      5   1842.222     1842.650     1857.140
574  Blosum62+I    916.038      6   1844.077     1844.681     1861.979
575  Blosum62+G4   915.687      6   1843.373     1843.978     1861.275
576  Blosum62+I+G4 916.277      7   1846.554     1847.365     1867.439
577  Blosum62+R2   915.721      7   1845.442     1846.254     1866.327
586  Blosum62+I+R2 915.978      8   1847.956     1849.007     1871.824
595  Blosum62+F    902.214      24  1852.429     1862.346     1924.035
596  Blosum62+F+I  902.078      25  1854.156     1864.989     1928.746
597  Blosum62+F+G4 901.713      25  1853.426     1864.260     1928.017
598  Blosum62+F+I+G4 902.315      26  1856.629     1868.427     1934.203
599  Blosum62+F+R2 901.746      26  1855.493     1867.291     1933.067
608  Blosum62+F+I+R2 901.988      27  1857.977     1870.790     1938.534
617  Dayhoff       942.349      5   1894.698     1895.126     1909.616
618  Dayhoff+I     938.734      6   1889.467     1890.072     1907.369
619  Dayhoff+G4    934.359      6   1880.718     1881.323     1898.620
620  Dayhoff+I+G4  934.987      7   1883.973     1884.785     1904.859
621  Dayhoff+R2    932.095      7   1878.189     1879.001     1899.074
630  Dayhoff+I+R2  932.198      8   1880.395     1881.446     1904.264
639  Dayhoff+F     921.838      24  1891.676     1901.593     1963.282
640  Dayhoff+F+I   918.009      25  1886.019     1896.852     1960.609
641  Dayhoff+F+G4  914.475      25  1878.950     1889.783     1953.540
642  Dayhoff+F+I+G4 915.122      26  1882.245     1894.043     1959.819
643  Dayhoff+F+R2  912.678      26  1877.356     1889.155     1954.930
652  Dayhoff+F+I+R2 912.711      27  1879.422     1892.236     1959.980
661  mtREV         994.310      5   1998.621     1999.049     2013.539
662  mtREV+I       985.951      6   1983.902     1984.506     2001.803
663  mtREV+G4      983.843      6   1979.686     1980.290     1997.588
664  mtREV+I+G4    984.061      7   1982.122     1982.933     2003.007
665  mtREV+R2      984.123      7   1982.245     1983.057     2003.130
674  mtREV+I+R2    982.483      8   1980.966     1982.017     2004.835
683  mtREV+F       917.582      24  1883.163     1893.080     1954.770
684  mtREV+F+I     911.339      25  1872.678     1883.512     1947.268
685  mtREV+F+G4    909.415      25  1868.829     1879.663     1943.419
686  mtREV+F+I+G4  909.788      26  1871.575     1883.373     1949.149
687  mtREV+F+R2    909.691      26  1871.382     1883.180     1948.955
696  mtREV+F+I+R2  908.395      27  1870.789     1883.603     1951.347
705  mtART         1001.973     5   2013.946     2014.375     2028.865
706  mtART+I       986.730      6   1985.460     1986.065     2003.362
707  mtART+G4      980.256      6   1972.511     1973.115     1990.413
708  mtART+I+G4    980.778      7   1975.556     1976.368     1996.442
709  mtART+R2      984.592      7   1983.184     1983.996     2004.069
718  mtART+I+R2    977.996      8   1971.992     1973.043     1995.861
727  mtART+F       927.704      24  1903.408     1913.325     1975.015
728  mtART+F+I     918.595      25  1887.190     1898.023     1961.780
729  mtART+F+G4    911.962      25  1873.924     1884.758     1948.514
730  mtART+F+I+G4  912.550      26  1877.100     1888.898     1954.674
731  mtART+F+R2    911.565      26  1875.131     1886.929     1952.705
740  mtART+F+I+R2  909.578      27  1873.156     1885.970     1953.713
749  mtZOA         992.064      5   1994.128     1994.556     2009.046
750  mtZOA+I       979.943      6   1971.886     1972.490     1989.788
751  mtZOA+G4      975.494      6   1962.988     1963.593     1980.890
752  mtZOA+I+G4    975.893      7   1965.786     1966.597     1986.671
753  mtZOA+R2      977.855      7   1969.710     1970.522     1990.596
762  mtZOA+I+R2    973.221      8   1962.441     1963.493     1986.310
771  mtZOA+F       921.978      24  1891.956     1901.873     1963.562
772  mtZOA+F+I     914.716      25  1879.431     1890.264     1954.021
773  mtZOA+F+G4    909.778      25  1869.556     1880.389     1944.146
774  mtZOA+F+I+G4  910.303      26  1872.606     1884.404     1950.180
775  mtZOA+F+R2    908.468      26  1868.936     1880.735     1946.510
784  mtZOA+F+I+R2  907.215      27  1868.431     1881.244     1948.988
793  mtMet         982.010      5   1974.020     1974.449     1988.938
794  mtMet+I       970.873      6   1953.746     1954.351     1971.648
795  mtMet+G4      969.056      6   1950.113     1950.717     1968.014
796  mtMet+I+G4    969.005      7   1952.010     1952.821     1972.895
797  mtMet+R2      970.448      7   1954.896     1955.708     1975.781
806  mtMet+I+R2    967.577      8   1951.154     1952.205     1975.023
815  mtMet+F       920.897      24  1889.793     1899.711     1961.400
816  mtMet+F+I     914.329      25  1878.657     1889.490     1953.247
817  mtMet+F+G4    911.990      25  1873.980     1884.814     1948.571
818  mtMet+F+I+G4  912.311      26  1876.623     1888.421     1954.196
819  mtMet+F+R2    910.847      26  1873.694     1885.492     1951.268
828  mtMet+F+I+R2  909.536      27  1873.072     1885.885     1953.629
837  mtVer         1008.090     5   2026.180     2026.609     2041.098
838  mtVer+I       992.910      6   1997.819     1998.424     2015.721
839  mtVer+G4      990.073      6   1992.146     1992.750     2010.047
840  mtVer+I+G4    989.829      7   1993.657     1994.469     2014.543
841  mtVer+R2      992.952      7   1999.904     2000.715     2020.789
850  mtVer+I+R2    988.726      8   1993.453     1994.504     2017.322
859  mtVer+F       929.542      24  1907.085     1917.002     1978.691
860  mtVer+F+I     919.634      25  1889.269     1900.102     1963.859
861  mtVer+F+G4    915.492      25  1880.984     1891.817     1955.574
862  mtVer+F+I+G4  915.845      26  1883.690     1895.488     1961.264
863  mtVer+F+R2    915.795      26  1883.590     1895.388     1961.163
872  mtVer+F+I+R2  913.064      27  1880.129     1892.942     1960.686
881  mtInv         979.493      5   1968.985     1969.414     1983.903
882  mtInv+I       971.600      6   1955.200     1955.804     1973.102
883  mtInv+G4      970.174      6   1952.348     1952.953     1970.250
884  mtInv+I+G4    970.279      7   1954.558     1955.370     1975.443
885  mtInv+R2      970.743      7   1955.486     1956.298     1976.371
894  mtInv+I+R2    970.193      8   1956.386     1957.437     1980.254
903  mtInv+F       914.975      24  1877.950     1887.867     1949.557
904  mtInv+F+I     911.144      25  1872.289     1883.122     1946.879
905  mtInv+F+G4    909.064      25  1868.128     1878.961     1942.718
906  mtInv+F+I+G4  909.623      26  1871.247     1883.045     1948.821
907  mtInv+F+R2    907.034      26  1866.068     1877.866     1943.642
916  mtInv+F+I+R2  906.841      27  1867.681     1880.495     1948.238
925  mtMAM         1016.238     5   2042.475     2042.904     2057.393
926  mtMAM+I       995.952      6   2003.904     2004.508     2021.806
927  mtMAM+G4      991.997      6   1995.994     1996.599     2013.896
928  mtMAM+I+G4    991.637      7   1997.274     1998.086     2018.159
929  mtMAM+R2      998.061      7   2010.122     2010.933     2031.007
938  mtMAM+I+R2    990.378      8   1996.755     1997.806     2020.624
947  mtMAM+F       938.736      24  1925.472     1935.389     1997.078
948  mtMAM+F+I     923.859      25  1897.717     1908.551     1972.307
949  mtMAM+F+G4    919.058      25  1888.116     1898.949     1962.706
950  mtMAM+F+I+G4  919.187      26  1890.374     1902.172     1967.947
951  mtMAM+F+R2    922.079      26  1896.158     1907.956     1973.731
960  mtMAM+F+I+R2  917.273      27  1888.546     1901.359     1969.103
WARNING: Normalizing state frequencies so that sum of them equals to 1
969  FLAVI         970.694      5   1951.387     1951.816     1966.305
WARNING: Normalizing state frequencies so that sum of them equals to 1
970  FLAVI+I       956.121      6   1924.241     1924.845     1942.143
WARNING: Normalizing state frequencies so that sum of them equals to 1
971  FLAVI+G4      951.020      6   1914.041     1914.645     1931.942
WARNING: Normalizing state frequencies so that sum of them equals to 1
972  FLAVI+I+G4    951.312      7   1916.624     1917.436     1937.509
WARNING: Normalizing state frequencies so that sum of them equals to 1
973  FLAVI+R2      954.447      7   1922.894     1923.706     1943.779
WARNING: Normalizing state frequencies so that sum of them equals to 1
982  FLAVI+I+R2    951.203      8   1918.405     1919.456     1942.274
WARNING: Normalizing state frequencies so that sum of them equals to 1
991  FLAVI+F       938.522      24  1925.044     1934.962     1996.651
WARNING: Normalizing state frequencies so that sum of them equals to 1
992  FLAVI+F+I     925.023      25  1900.046     1910.879     1974.636
WARNING: Normalizing state frequencies so that sum of them equals to 1
993  FLAVI+F+G4    920.984      25  1891.968     1902.801     1966.558
WARNING: Normalizing state frequencies so that sum of them equals to 1
994  FLAVI+F+I+G4  921.200      26  1894.400     1906.198     1971.974
WARNING: Normalizing state frequencies so that sum of them equals to 1
995  FLAVI+F+R2    924.128      26  1900.257     1912.055     1977.830
WARNING: Normalizing state frequencies so that sum of them equals to 1
1004  FLAVI+F+I+R2  920.183      27  1894.366     1907.180     1974.924
1013  HIVb          948.762      5   1907.524     1907.953     1922.442
1014  HIVb+I        939.959      6   1891.917     1892.521     1909.819
1015  HIVb+G4       936.596      6   1885.192     1885.796     1903.093
1016  HIVb+I+G4     936.967      7   1887.935     1888.747     1908.820
1017  HIVb+R2       936.863      7   1887.727     1888.538     1908.612
1026  HIVb+I+R2     936.737      8   1889.475     1890.526     1913.344
1035  HIVb+F        925.449      24  1898.897     1908.814     1970.504
1036  HIVb+F+I      915.660      25  1881.320     1892.154     1955.910
1037  HIVb+F+G4     913.242      25  1876.484     1887.317     1951.074
1038  HIVb+F+I+G4   913.443      26  1878.887     1890.685     1956.460
1039  HIVb+F+R2     914.006      26  1880.012     1891.810     1957.586
1048  HIVb+F+I+R2   913.322      27  1880.643     1893.457     1961.201
1057  HIVw          980.764      5   1971.529     1971.957     1986.447
1058  HIVw+I        968.535      6   1949.069     1949.674     1966.971
1059  HIVw+G4       958.643      6   1929.286     1929.890     1947.187
1060  HIVw+I+G4     959.114      7   1932.228     1933.039     1953.113
1061  HIVw+R2       962.218      7   1938.435     1939.247     1959.320
1070  HIVw+I+R2     959.585      8   1935.170     1936.222     1959.039
1079  HIVw+F        943.389      24  1934.779     1944.696     2006.385
1080  HIVw+F+I      932.775      25  1915.551     1926.384     1990.141
1081  HIVw+F+G4     924.756      25  1899.511     1910.345     1974.101
1082  HIVw+F+I+G4   925.298      26  1902.597     1914.395     1980.171
1083  HIVw+F+R2     926.864      26  1905.728     1917.526     1983.301
1092  HIVw+F+I+R2   923.459      27  1900.918     1913.732     1981.476
1101  FLU           960.191      5   1930.381     1930.810     1945.299
1102  FLU+I         952.371      6   1916.743     1917.347     1934.644
1103  FLU+G4        944.757      6   1901.515     1902.119     1919.417
1104  FLU+I+G4      945.334      7   1904.668     1905.479     1925.553
1105  FLU+R2        944.722      7   1903.444     1904.256     1924.330
1114  FLU+I+R2      942.189      8   1900.379     1901.430     1924.248
1123  FLU+F         934.279      24  1916.558     1926.475     1988.165
1124  FLU+F+I       926.175      25  1902.351     1913.184     1976.941
1125  FLU+F+G4      920.152      25  1890.303     1901.137     1964.893
1126  FLU+F+I+G4    920.769      26  1893.537     1905.336     1971.111
1127  FLU+F+R2      920.449      26  1892.898     1904.697     1970.472
1136  FLU+F+I+R2    917.013      27  1888.027     1900.840     1968.584
1145  rtREV         929.628      5   1869.256     1869.684     1884.174
1146  rtREV+I       928.201      6   1868.402     1869.006     1886.303
1147  rtREV+G4      927.113      6   1866.226     1866.831     1884.128
1148  rtREV+I+G4    927.698      7   1869.395     1870.207     1890.281
1149  rtREV+R2      927.196      7   1868.392     1869.204     1889.277
1158  rtREV+I+R2    927.383      8   1870.765     1871.817     1894.634
1167  rtREV+F       907.349      24  1862.697     1872.614     1934.304
1168  rtREV+F+I     904.833      25  1859.665     1870.499     1934.256
1169  rtREV+F+G4    903.283      25  1856.567     1867.400     1931.157
1170  rtREV+F+I+G4  903.875      26  1859.750     1871.548     1937.323
1171  rtREV+F+R2    903.426      26  1858.852     1870.650     1936.426
1180  rtREV+F+I+R2  903.512      27  1861.024     1873.838     1941.582
1189  cpREV         932.279      5   1874.559     1874.988     1889.477
1190  cpREV+I       931.536      6   1875.072     1875.676     1892.973
1191  cpREV+G4      929.866      6   1871.731     1872.336     1889.633
1192  cpREV+I+G4    930.560      7   1875.121     1875.932     1896.006
1193  cpREV+R2      929.742      7   1873.485     1874.296     1894.370
1202  cpREV+I+R2    929.693      8   1875.386     1876.437     1899.255
1211  cpREV+F       902.620      24  1853.241     1863.158     1924.847
1212  cpREV+F+I     901.898      25  1853.797     1864.630     1928.387
1213  cpREV+F+G4    900.406      25  1850.813     1861.646     1925.403
1214  cpREV+F+I+G4  901.075      26  1854.150     1865.948     1931.723
1215  cpREV+F+R2    900.326      26  1852.652     1864.450     1930.226
1224  cpREV+F+I+R2  900.506      27  1855.013     1867.826     1935.570
Akaike Information Criterion:           Blosum62
Corrected Akaike Information Criterion: Blosum62
Bayesian Information Criterion:         Blosum62
Best-fit model: Blosum62 chosen according to BIC

All model information printed to ./orthofinder/Results_Jul07/WorkingDirectory/Alignments_ids/OG0000164.model.gz
CPU time for ModelFinder: 1.965 seconds (0h:0m:1s)
Wall-clock time for ModelFinder: 5.662 seconds (0h:0m:5s)

NOTE: 0 MB RAM (0 GB) is required!
Estimate model parameters (epsilon = 0.100)
1. Initial log-likelihood: -916.111
Optimal log-likelihood: -916.111
Parameters optimization took 1 rounds (0.000 sec)
Wrote distance file to... 
Computing ML distances based on estimated model parameters...
Calculating distance matrix: done in 0.000197887 secs using 99.55% CPU
Computing ML distances took 0.000215 sec (of wall-clock time) 0.000214 sec (of CPU time)
Setting up auxiliary I and S matrices: done in 2.40803e-05 secs using 99.67% CPU
Constructing RapidNJ tree: done in 7.86781e-06 secs using 101.7% CPU
Computing RapidNJ tree took 0.000064 sec (of wall-clock time) 0.000064 sec (of CPU time)
Log-likelihood of RapidNJ tree: -916.111
--------------------------------------------------------------------
|             INITIALIZING CANDIDATE TREE SET                      |
--------------------------------------------------------------------
Generating 99 parsimony trees... 0.005 second
Computing log-likelihood of 2 initial trees ... 0.000 seconds
Current best score: -916.111

Do NNI search on 3 best initial trees
Optimizing NNI: done in 0.000204802 secs using 200.2% CPU
Optimizing NNI: done in 0.000426054 secs using 200.2% CPU
Optimizing NNI: done in 0.000426054 secs using 198.3% CPU
Finish initializing candidate tree set (3)
Current best tree score: -916.111 / CPU time: 0.031
Number of iterations: 3
--------------------------------------------------------------------
|               OPTIMIZING CANDIDATE TREE SET                      |
--------------------------------------------------------------------
Optimizing NNI: done in 0.000438929 secs using 98.88% CPU
Optimizing NNI: done in 0.000427961 secs using 99.07% CPU
Optimizing NNI: done in 0.000148058 secs using 99.29% CPU
Optimizing NNI: done in 0.000147104 secs using 99.93% CPU
Optimizing NNI: done in 0.00014782 secs using 98.77% CPU
Optimizing NNI: done in 0.000147104 secs using 98.57% CPU
Optimizing NNI: done in 0.000428915 secs using 99.09% CPU
UPDATE BEST LOG-LIKELIHOOD: -916.111
Iteration 10 / LogL: -916.111 / Time: 0h:0m:0s
Optimizing NNI: done in 0.000453949 secs using 198.7% CPU
Optimizing NNI: done in 0.000435114 secs using 199% CPU
Optimizing NNI: done in 0.000149012 secs using 202% CPU
Optimizing NNI: done in 0.000148058 secs using 197.9% CPU
Optimizing NNI: done in 0.000429153 secs using 198.5% CPU
UPDATE BEST LOG-LIKELIHOOD: -916.111
Optimizing NNI: done in 0.000432014 secs using 197.9% CPU
UPDATE BEST LOG-LIKELIHOOD: -916.111
Optimizing NNI: done in 0.000154018 secs using 196.7% CPU
Optimizing NNI: done in 0.000149012 secs using 200% CPU
Optimizing NNI: done in 0.000430822 secs using 199.2% CPU
Optimizing NNI: done in 0.000148058 secs using 99.96% CPU
Iteration 20 / LogL: -944.986 / Time: 0h:0m:0s
Optimizing NNI: done in 0.000422955 secs using 100% CPU
Optimizing NNI: done in 0.000148058 secs using 99.29% CPU
Optimizing NNI: done in 0.000422955 secs using 99.77% CPU
Optimizing NNI: done in 0.000148058 secs using 99.29% CPU
Optimizing NNI: done in 0.000423908 secs using 99.08% CPU
Optimizing NNI: done in 0.000427961 secs using 99.31% CPU
Optimizing NNI: done in 0.000158072 secs using 186% CPU
Optimizing NNI: done in 0.000148058 secs using 201.3% CPU
Optimizing NNI: done in 0.000429153 secs using 199.7% CPU
Optimizing NNI: done in 0.000148058 secs using 199.9% CPU
Iteration 30 / LogL: -944.986 / Time: 0h:0m:0s (0h:0m:0s left)
Optimizing NNI: done in 0.000148058 secs using 200.6% CPU
Optimizing NNI: done in 0.000448227 secs using 201% CPU
Optimizing NNI: done in 0.000149012 secs using 175.8% CPU
Optimizing NNI: done in 0.00014782 secs using 98.77% CPU
Optimizing NNI: done in 0.0004282 secs using 99.25% CPU
Optimizing NNI: done in 0.000148058 secs using 99.29% CPU
Optimizing NNI: done in 0.000448942 secs using 99.12% CPU
Optimizing NNI: done in 0.000442028 secs using 99.54% CPU
Optimizing NNI: done in 0.000432968 secs using 99.78% CPU
Optimizing NNI: done in 0.000451088 secs using 99.98% CPU
Iteration 40 / LogL: -916.280 / Time: 0h:0m:0s (0h:0m:0s left)
Optimizing NNI: done in 0.000431061 secs using 100.2% CPU
Optimizing NNI: done in 0.000428915 secs using 100.3% CPU
Optimizing NNI: done in 0.000448942 secs using 100.2% CPU
Optimizing NNI: done in 0.000422955 secs using 99.77% CPU
Optimizing NNI: done in 0.000429869 secs using 99.8% CPU
Optimizing NNI: done in 0.000440121 secs using 99.75% CPU
Optimizing NNI: done in 0.000446796 secs using 100.3% CPU
Optimizing NNI: done in 0.000447035 secs using 99.77% CPU
Optimizing NNI: done in 0.000148058 secs using 100.6% CPU
Optimizing NNI: done in 0.000447035 secs using 99.99% CPU
Iteration 50 / LogL: -916.280 / Time: 0h:0m:0s (0h:0m:0s left)
Optimizing NNI: done in 0.000428915 secs using 99.79% CPU
Optimizing NNI: done in 0.000421047 secs using 99.99% CPU
Optimizing NNI: done in 0.000148058 secs using 99.96% CPU
Optimizing NNI: done in 0.000148058 secs using 100.6% CPU
Optimizing NNI: done in 0.000426054 secs using 99.99% CPU
Optimizing NNI: done in 0.0161719 secs using 75.21% CPU
Optimizing NNI: done in 0.000427961 secs using 100% CPU
Optimizing NNI: done in 0.000148058 secs using 99.96% CPU
Optimizing NNI: done in 0.000449896 secs using 100% CPU
Optimizing NNI: done in 0.000148058 secs using 99.96% CPU
Iteration 60 / LogL: -944.986 / Time: 0h:0m:0s (0h:0m:0s left)
Optimizing NNI: done in 0.000429153 secs using 99.96% CPU
Optimizing NNI: done in 0.000427961 secs using 100% CPU
Optimizing NNI: done in 0.000447989 secs using 99.78% CPU
Optimizing NNI: done in 0.000428915 secs using 100% CPU
Optimizing NNI: done in 0.000149012 secs using 99.99% CPU
Optimizing NNI: done in 0.000449896 secs using 100% CPU
Optimizing NNI: done in 0.000428915 secs using 99.79% CPU
Optimizing NNI: done in 0.0004251 secs using 99.98% CPU
Optimizing NNI: done in 0.000428915 secs using 100% CPU
Optimizing NNI: done in 0.000447989 secs using 100% CPU
Iteration 70 / LogL: -916.280 / Time: 0h:0m:0s (0h:0m:0s left)
Optimizing NNI: done in 0.000429153 secs using 99.96% CPU
Optimizing NNI: done in 0.000428915 secs using 100% CPU
Optimizing NNI: done in 0.000447989 secs using 100% CPU
Optimizing NNI: done in 0.0004282 secs using 99.95% CPU
Optimizing NNI: done in 0.000148058 secs using 99.96% CPU
Optimizing NNI: done in 0.000447035 secs using 99.99% CPU
Optimizing NNI: done in 0.000427961 secs using 99.78% CPU
Optimizing NNI: done in 0.000423908 secs using 99.79% CPU
Optimizing NNI: done in 0.000426054 secs using 99.99% CPU
Optimizing NNI: done in 0.000426054 secs using 99.99% CPU
Iteration 80 / LogL: -916.111 / Time: 0h:0m:0s (0h:0m:0s left)
Optimizing NNI: done in 0.000149965 secs using 100% CPU
Optimizing NNI: done in 0.000149012 secs using 99.99% CPU
Optimizing NNI: done in 0.00485396 secs using 9.518% CPU
Optimizing NNI: done in 0.000429869 secs using 99.8% CPU
Optimizing NNI: done in 0.000149012 secs using 100.7% CPU
Optimizing NNI: done in 0.00043416 secs using 99.96% CPU
Optimizing NNI: done in 0.000429869 secs using 100% CPU
Optimizing NNI: done in 0.000432014 secs using 100.2% CPU
Optimizing NNI: done in 0.000150204 secs using 99.2% CPU
Optimizing NNI: done in 0.000432014 secs using 100% CPU
Iteration 90 / LogL: -916.280 / Time: 0h:0m:0s (0h:0m:0s left)
Optimizing NNI: done in 0.0132499 secs using 94.04% CPU
Optimizing NNI: done in 0.000428915 secs using 100% CPU
Optimizing NNI: done in 0.000445127 secs using 99.75% CPU
Optimizing NNI: done in 0.000145912 secs using 100.7% CPU
Optimizing NNI: done in 0.000422955 secs using 100% CPU
Optimizing NNI: done in 0.000421047 secs using 99.75% CPU
Optimizing NNI: done in 0.000418186 secs using 99.96% CPU
Optimizing NNI: done in 0.000433922 secs using 1022% CPU
Optimizing NNI: done in 0.000422001 secs using 100% CPU
Optimizing NNI: done in 0.000422001 secs using 100% CPU
Iteration 100 / LogL: -916.280 / Time: 0h:0m:0s (0h:0m:0s left)
Optimizing NNI: done in 0.000422955 secs using 100.2% CPU
TREE SEARCH COMPLETED AFTER 101 ITERATIONS / Time: 0h:0m:0s

--------------------------------------------------------------------
|                    FINALIZING TREE SEARCH                        |
--------------------------------------------------------------------
Performs final model parameters optimization
Estimate model parameters (epsilon = 0.010)
1. Initial log-likelihood: -916.111
Optimal log-likelihood: -916.111
Parameters optimization took 1 rounds (0.000 sec)
BEST SCORE FOUND : -916.111
Total tree length: 1.553

Total number of iterations: 101
CPU time used for tree search: 0.092 sec (0h:0m:0s)
Wall-clock time used for tree search: 0.117 sec (0h:0m:0s)
Total CPU time used: 0.110 sec (0h:0m:0s)
Total wall-clock time used: 0.161 sec (0h:0m:0s)

Analysis results written to: 
  IQ-TREE report:                ./orthofinder/Results_Jul07/WorkingDirectory/Alignments_ids/OG0000164.iqtree
  Maximum-likelihood tree:       ./orthofinder/Results_Jul07/WorkingDirectory/Alignments_ids/OG0000164.treefile
  Likelihood distances:          ./orthofinder/Results_Jul07/WorkingDirectory/Alignments_ids/OG0000164.mldist
  Screen log file:               ./orthofinder/Results_Jul07/WorkingDirectory/Alignments_ids/OG0000164.log

Date and Time: Sun Jul  7 17:55:15 2024
