[14:47:29] This is prokka 1.14.5
[14:47:29] Written by Torsten Seemann <torsten.seemann@gmail.com>
[14:47:29] Homepage is https://github.com/tseemann/prokka
[14:47:29] Local time is Thu Feb 13 14:47:29 2025
[14:47:29] You are han394
[14:47:29] Operating system is linux
[14:47:29] You have BioPerl 1.7.8
[14:47:29] System has 64 cores.
[14:47:29] Will use maximum of 8 cores.
[14:47:29] Annotating as >>> Viruses <<<
[14:47:29] Creating new output folder: ./prokka_outputs_1/AY894343
[14:47:29] Running: mkdir -p \.\/prokka_outputs_1\/AY894343
[14:47:29] Using filename prefix: AY894343.XXX
[14:47:29] Setting HMMER_NCPU=1
[14:47:29] Writing log to: ./prokka_outputs_1/AY894343/AY894343.log
[14:47:29] Command: /apps/prokka/1.14.5/bin/prokka ./genomes_1/AY894343.fasta --kingdom viruses --outdir ./prokka_outputs_1/AY894343 --prefix AY894343 --locustag AY894343
[14:47:29] Appending to PATH: /apps/prokka/1.14.5/bin/../binaries/linux
[14:47:29] Appending to PATH: /apps/prokka/1.14.5/bin/../binaries/linux/../common
[14:47:29] Appending to PATH: /apps/prokka/1.14.5/bin
[14:47:29] Looking for 'aragorn' - found /apps/prokka/1.14.5/binaries/linux/aragorn
[14:47:29] Determined aragorn version is 001002 from 'ARAGORN v1.2.38 Dean Laslett'
[14:47:29] Looking for 'blastp' - found /apps/prokka/1.14.5/binaries/linux/blastp
[14:47:29] Determined blastp version is 002009 from 'blastp: 2.9.0+'
[14:47:29] Looking for 'cmpress' - found /apps/prokka/1.14.5/binaries/linux/cmpress
[14:47:29] Determined cmpress version is 001001 from '# INFERNAL 1.1.2 (July 2016)'
[14:47:29] Looking for 'cmscan' - found /apps/prokka/1.14.5/binaries/linux/cmscan
[14:47:29] Determined cmscan version is 001001 from '# INFERNAL 1.1.2 (July 2016)'
[14:47:29] Looking for 'egrep' - found /usr/bin/egrep
[14:47:29] Looking for 'find' - found /usr/bin/find
[14:47:29] Looking for 'grep' - found /usr/bin/grep
[14:47:29] Looking for 'hmmpress' - found /apps/hmmer/3.4.0/bin/hmmpress
[14:47:29] Determined hmmpress version is 003004 from '# HMMER 3.4 (Aug 2023); http://hmmer.org/'
[14:47:29] Looking for 'hmmscan' - found /apps/hmmer/3.4.0/bin/hmmscan
[14:47:29] Determined hmmscan version is 003004 from '# HMMER 3.4 (Aug 2023); http://hmmer.org/'
[14:47:29] Looking for 'java' - found /apps/amazon-corretto/21.0.0.35.1/bin/java
[14:47:29] Looking for 'makeblastdb' - found /apps/prokka/1.14.5/binaries/linux/makeblastdb
[14:47:29] Determined makeblastdb version is 002009 from 'makeblastdb: 2.9.0+'
[14:47:29] Looking for 'minced' - found /apps/prokka/1.14.5/binaries/common/minced
[14:47:29] Determined minced version is 002000 from 'minced 0.2.0'
[14:47:29] Looking for 'parallel' - found /apps/parallel/20210322/bin/parallel
[14:47:29] Determined parallel version is 20210322 from 'GNU parallel 20210322'
[14:47:29] Looking for 'prodigal' - found /apps/prokka/1.14.5/binaries/linux/prodigal
[14:47:29] Determined prodigal version is 002006 from 'Prodigal V2.6.3: February, 2016'
[14:47:29] Looking for 'prokka-genbank_to_fasta_db' - found /apps/prokka/1.14.5/bin/prokka-genbank_to_fasta_db
[14:47:29] Looking for 'sed' - found /usr/bin/sed
[14:47:29] Looking for 'tbl2asn' - found /apps/prokka/1.14.5/binaries/linux/tbl2asn
[14:47:29] Determined tbl2asn version is 025008 from 'tbl2asn 25.8   arguments:'
[14:47:29] Using genetic code table 1.
[14:47:29] Loading and checking input file: ./genomes_1/AY894343.fasta
[14:47:29] Wrote 1 contigs totalling 112636 bp.
[14:47:29] Predicting tRNAs and tmRNAs
[14:47:29] Running: aragorn -l -gc1  -w \.\/prokka_outputs_1\/AY894343\/AY894343\.fna
[14:47:29] Found 0 tRNAs
[14:47:29] Disabling rRNA search: --kingdom=Viruses or --norrna=0
[14:47:29] Skipping ncRNA search, enable with --rfam if desired.
[14:47:29] Total of 0 tRNA + rRNA features
[14:47:29] Searching for CRISPR repeats
[14:47:29] CRISPR1 AY894343.1 22486 with 3 spacers
[14:47:29] Found 1 CRISPRs
[14:47:29] Predicting coding sequences
[14:47:29] Contigs total 112636 bp, so using single mode
[14:47:29] Running: prodigal -i \.\/prokka_outputs_1\/AY894343\/AY894343\.fna -c -m -g 1 -p single -f sco -q
[14:47:29] Excluding CDS which overlaps existing RNA (CRISPR) at AY894343.1:19788..22922 on + strand
[14:47:29] Found 125 CDS
[14:47:29] Connecting features back to sequences
[14:47:29] Not using genus-specific database. Try --usegenus to enable it.
[14:47:29] Annotating CDS, please be patient.
[14:47:29] Will use 8 CPUs for similarity searching.
[14:47:29] There are still 125 unannotated CDS left (started with 125)
[14:47:29] Will use blast to search against /apps/prokka/1.14.5/db/kingdom/Viruses/sprot with 8 CPUs
[14:47:29] Running: cat \.\/prokka_outputs_1\/AY894343\/AY894343\.sprot\.tmp\.64200\.faa | parallel --gnu --plain -j 8 --block 2171 --recstart '>' --pipe blastp -query - -db /apps/prokka/1.14.5/db/kingdom/Viruses/sprot -evalue 1e-09 -qcov_hsp_perc 80 -num_threads 1 -num_descriptions 1 -num_alignments 1 -seg no > \.\/prokka_outputs_1\/AY894343\/AY894343\.sprot\.tmp\.64200\.blast 2> /dev/null
[14:47:30] Deleting unwanted file: ./prokka_outputs_1/AY894343/AY894343.sprot.tmp.64200.faa
[14:47:30] Deleting unwanted file: ./prokka_outputs_1/AY894343/AY894343.sprot.tmp.64200.blast
[14:47:30] Labelling remaining 122 proteins as 'hypothetical protein'
[14:47:30] Found 2 unique /gene codes.
[14:47:30] Fixed 0 colliding /gene names.
[14:47:30] Adding /locus_tag identifiers
[14:47:30] Assigned 125 locus_tags to CDS and RNA features.
[14:47:30] Writing outputs to ./prokka_outputs_1/AY894343/
[14:47:30] Generating annotation statistics file
[14:47:30] Generating Genbank and Sequin files
[14:47:30] Running: tbl2asn -V b -a r10k -l paired-ends -M n -N 1 -y 'Annotated using prokka 1.14.5 from https://github.com/tseemann/prokka' -Z \.\/prokka_outputs_1\/AY894343\/AY894343\.err -i \.\/prokka_outputs_1\/AY894343\/AY894343\.fsa 2> /dev/null
[14:47:30] Deleting unwanted file: ./prokka_outputs_1/AY894343/errorsummary.val
[14:47:30] Deleting unwanted file: ./prokka_outputs_1/AY894343/AY894343.dr
[14:47:30] Deleting unwanted file: ./prokka_outputs_1/AY894343/AY894343.fixedproducts
[14:47:30] Deleting unwanted file: ./prokka_outputs_1/AY894343/AY894343.ecn
[14:47:30] Deleting unwanted file: ./prokka_outputs_1/AY894343/AY894343.val
[14:47:30] Repairing broken .GBK output that tbl2asn produces...
[14:47:30] Running: sed 's/COORDINATES: profile/COORDINATES:profile/' < \.\/prokka_outputs_1\/AY894343\/AY894343\.gbf > \.\/prokka_outputs_1\/AY894343\/AY894343\.gbk
[14:47:30] Deleting unwanted file: ./prokka_outputs_1/AY894343/AY894343.gbf
[14:47:30] Output files:
[14:47:30] ./prokka_outputs_1/AY894343/AY894343.gbk
[14:47:30] ./prokka_outputs_1/AY894343/AY894343.gff
[14:47:30] ./prokka_outputs_1/AY894343/AY894343.err
[14:47:30] ./prokka_outputs_1/AY894343/AY894343.faa
[14:47:30] ./prokka_outputs_1/AY894343/AY894343.ffn
[14:47:30] ./prokka_outputs_1/AY894343/AY894343.fna
[14:47:30] ./prokka_outputs_1/AY894343/AY894343.log
[14:47:30] ./prokka_outputs_1/AY894343/AY894343.tsv
[14:47:30] ./prokka_outputs_1/AY894343/AY894343.tbl
[14:47:30] ./prokka_outputs_1/AY894343/AY894343.fsa
[14:47:30] ./prokka_outputs_1/AY894343/AY894343.txt
[14:47:30] ./prokka_outputs_1/AY894343/AY894343.sqn
[14:47:30] Annotation finished successfully.
[14:47:30] Walltime used: 0.02 minutes
[14:47:30] If you use this result please cite the Prokka paper:
[14:47:30] Seemann T (2014) Prokka: rapid prokaryotic genome annotation. Bioinformatics. 30(14):2068-9.
[14:47:30] Type 'prokka --citation' for more details.
[14:47:30] Share and enjoy!
