IQ-TREE multicore version 2.2.0.5 COVID-edition for Linux 64-bit built Sep 26 2022
Developed by Bui Quang Minh, James Barbetti, Nguyen Lam Tung,
Olga Chernomor, Heiko Schmidt, Dominik Schrempf, Michael Woodhams, Ly Trong Nhan.

Host:    c090 (AVX2, FMA3, 503 GB RAM)
Command: iqtree -s ./orthofinder/Results_Jul07/WorkingDirectory/Alignments_ids/OG0000074.fa -pre ./orthofinder/Results_Jul07/WorkingDirectory/Alignments_ids/OG0000074
Seed:    814039 (Using SPRNG - Scalable Parallel Random Number Generator)
Time:    Sun Jul  7 17:49:36 2024
Kernel:  AVX+FMA - 1 threads (24 CPU cores detected)

HINT: Use -nt option to specify number of threads because your CPU has 24 cores!
HINT: -nt AUTO will automatically determine the best number of threads to use.

Reading alignment file ./orthofinder/Results_Jul07/WorkingDirectory/Alignments_ids/OG0000074.fa ... Fasta format detected
Reading fasta file: done in 0.000119925 secs using 98.4% CPU
Alignment most likely contains protein sequences
Constructing alignment: done in 5.19753e-05 secs using 100% CPU
Alignment has 31 sequences with 97 columns, 34 distinct patterns
6 parsimony-informative, 2 singleton sites, 89 constant sites
       Gap/Ambiguity  Composition  p-value
Analyzing sequences: done in 3.8147e-06 secs using 104.9% CPU
   1  1_15     0.00%    passed    100.00%
   2  3_14     0.00%    passed    100.00%
   3  4_16     0.00%    passed      6.75%
   4  5_15     0.00%    passed    100.00%
   5  6_58     0.00%    passed    100.00%
   6  7_15     0.00%    passed    100.00%
   7  10_14    0.00%    passed    100.00%
   8  12_15    0.00%    passed    100.00%
   9  16_16    0.00%    passed    100.00%
  10  17_16    0.00%    passed    100.00%
  11  18_15    0.00%    passed    100.00%
  12  19_15    0.00%    passed    100.00%
  13  20_15    0.00%    passed    100.00%
  14  21_15    0.00%    passed    100.00%
  15  22_14   13.40%    passed    100.00%
  16  23_15    0.00%    passed    100.00%
  17  27_10    0.00%    passed    100.00%
  18  28_15    0.00%    passed    100.00%
  19  29_15    0.00%    passed    100.00%
  20  30_15    0.00%    passed    100.00%
  21  33_60    0.00%    passed    100.00%
  22  34_59    0.00%    passed    100.00%
  23  35_10    0.00%    passed    100.00%
  24  36_32    0.00%    passed    100.00%
  25  37_15    0.00%    passed    100.00%
  26  38_15   13.40%    passed    100.00%
  27  40_14   13.40%    passed    100.00%
  28  41_14    0.00%    passed    100.00%
  29  42_15    0.00%    passed    100.00%
  30  43_15    0.00%    passed    100.00%
  31  44_15    0.00%    passed    100.00%
****  TOTAL    1.30%  0 sequences failed composition chi2 test (p-value<5%; df=19)
NOTE: 21_15 is identical to 1_15 but kept for subsequent analysis
NOTE: 5_15 is identical to 3_14 but kept for subsequent analysis
NOTE: 18_15 is identical to 6_58 but kept for subsequent analysis
NOTE: 17_16 is identical to 16_16 but kept for subsequent analysis
NOTE: 38_15 is identical to 22_14 but kept for subsequent analysis
NOTE: 43_15 is identical to 29_15 but kept for subsequent analysis
Checking for duplicate sequences: done in 2.69413e-05 secs using 100.2% CPU
Identifying sites to remove: done in 1.69277e-05 secs using 100.4% CPU
NOTE: 16 identical sequences (see below) will be ignored for subsequent analysis
NOTE: 28_15 (identical to 1_15) is ignored but added at the end
NOTE: 10_14 (identical to 3_14) is ignored but added at the end
NOTE: 12_15 (identical to 3_14) is ignored but added at the end
NOTE: 27_10 (identical to 3_14) is ignored but added at the end
NOTE: 30_15 (identical to 3_14) is ignored but added at the end
NOTE: 33_60 (identical to 3_14) is ignored but added at the end
NOTE: 34_59 (identical to 3_14) is ignored but added at the end
NOTE: 35_10 (identical to 3_14) is ignored but added at the end
NOTE: 36_32 (identical to 3_14) is ignored but added at the end
NOTE: 37_15 (identical to 3_14) is ignored but added at the end
NOTE: 41_14 (identical to 3_14) is ignored but added at the end
NOTE: 19_15 (identical to 6_58) is ignored but added at the end
NOTE: 20_15 (identical to 6_58) is ignored but added at the end
NOTE: 42_15 (identical to 6_58) is ignored but added at the end
NOTE: 44_15 (identical to 6_58) is ignored but added at the end
NOTE: 40_14 (identical to 22_14) is ignored but added at the end
Alignment was printed to ./orthofinder/Results_Jul07/WorkingDirectory/Alignments_ids/OG0000074.uniqueseq.phy

For your convenience alignment with unique sequences printed to ./orthofinder/Results_Jul07/WorkingDirectory/Alignments_ids/OG0000074.uniqueseq.phy


Create initial parsimony tree by phylogenetic likelihood library (PLL)... 0.000 seconds
Perform fast likelihood tree search using LG+I+G model...
Estimate model parameters (epsilon = 5.000)
Perform nearest neighbor interchange...
Optimizing NNI: done in 0.00355196 secs using 99.97% CPU
Estimate model parameters (epsilon = 1.000)
1. Initial log-likelihood: -345.881
Optimal log-likelihood: -345.880
Proportion of invariable sites: 0.456
Gamma shape alpha: 998.447
Parameters optimization took 1 rounds (0.028 sec)
Time for fast ML tree search: 0.037 seconds

NOTE: ModelFinder requires 1 MB RAM!
ModelFinder will test up to 1232 protein models (sample size: 97) ...
 No. Model         -LnL         df  AIC          AICc         BIC
  1  LG            345.705      27  745.409      767.322      814.926
  2  LG+I          345.705      28  747.409      771.291      819.501
  3  LG+G4         345.705      28  747.409      771.292      819.501
  4  LG+I+G4       345.879      29  749.757      775.727      824.424
  5  LG+R2         345.790      29  749.580      775.550      824.247
  6  LG+R3         345.806      31  753.612      784.135      833.428
 14  LG+I+R2       346.025      30  752.049      780.231      829.290
 15  LG+I+R3       345.965      32  755.930      788.930      838.321
 23  LG+F          330.942      46  753.884      840.364      872.320
 24  LG+F+I        330.942      47  755.884      847.965      876.895
 25  LG+F+G4       330.942      47  755.884      847.965      876.895
 26  LG+F+I+G4     331.077      48  758.154      856.154      881.740
 27  LG+F+R2       331.010      48  758.019      856.019      881.605
 45  WAG           344.237      27  742.473      764.386      811.991
 46  WAG+I         344.237      28  744.473      768.356      816.565
 47  WAG+G4        344.237      28  744.474      768.356      816.566
 48  WAG+I+G4      344.482      29  746.963      772.933      821.630
 49  WAG+R2        344.351      29  746.702      772.672      821.369
 67  WAG+F         329.308      46  750.617      837.097      869.054
 68  WAG+F+I       329.308      47  752.617      844.699      873.628
 69  WAG+F+G4      329.309      47  752.617      844.699      873.629
 70  WAG+F+I+G4    329.514      48  755.027      853.027      878.613
 71  WAG+F+R2      329.407      48  754.814      852.814      878.400
 89  JTT           342.177      27  738.354      760.267      807.871
 90  JTT+I         342.177      28  740.354      764.236      812.446
 91  JTT+G4        342.177      28  740.354      764.237      812.446
 92  JTT+I+G4      342.409      29  742.817      768.787      817.484
 93  JTT+R2        342.286      29  742.572      768.543      817.239
111  JTT+F         328.581      46  749.161      835.641      867.598
112  JTT+F+I       328.581      47  751.161      843.243      872.173
113  JTT+F+G4      328.581      47  751.162      843.243      872.173
114  JTT+F+I+G4    328.785      48  753.571      851.571      877.157
115  JTT+F+R2      328.679      48  753.357      851.357      876.943
WARNING: Normalizing state frequencies so that sum of them equals to 1
133  Q.pfam        344.966      27  743.933      765.846      813.450
WARNING: Normalizing state frequencies so that sum of them equals to 1
134  Q.pfam+I      344.966      28  745.933      769.815      818.025
WARNING: Normalizing state frequencies so that sum of them equals to 1
135  Q.pfam+G4     344.967      28  745.933      769.815      818.025
WARNING: Normalizing state frequencies so that sum of them equals to 1
136  Q.pfam+I+G4   345.132      29  748.264      774.234      822.931
WARNING: Normalizing state frequencies so that sum of them equals to 1
137  Q.pfam+R2     345.048      29  748.096      774.066      822.763
WARNING: Normalizing state frequencies so that sum of them equals to 1
155  Q.pfam+F      331.055      46  754.109      840.589      872.546
WARNING: Normalizing state frequencies so that sum of them equals to 1
156  Q.pfam+F+I    331.055      47  756.109      848.191      877.121
WARNING: Normalizing state frequencies so that sum of them equals to 1
157  Q.pfam+F+G4   331.055      47  756.109      848.191      877.121
WARNING: Normalizing state frequencies so that sum of them equals to 1
158  Q.pfam+F+I+G4 331.197      48  758.395      856.395      881.981
WARNING: Normalizing state frequencies so that sum of them equals to 1
159  Q.pfam+F+R2   331.126      48  758.252      856.252      881.838
WARNING: Normalizing state frequencies so that sum of them equals to 1
177  Q.bird        341.788      27  737.576      759.489      807.093
WARNING: Normalizing state frequencies so that sum of them equals to 1
178  Q.bird+I      341.788      28  739.576      763.458      811.668
WARNING: Normalizing state frequencies so that sum of them equals to 1
179  Q.bird+G4     341.788      28  739.576      763.459      811.668
WARNING: Normalizing state frequencies so that sum of them equals to 1
180  Q.bird+I+G4   341.981      29  741.963      767.933      816.629
WARNING: Normalizing state frequencies so that sum of them equals to 1
181  Q.bird+R2     341.881      29  741.763      767.733      816.429
WARNING: Normalizing state frequencies so that sum of them equals to 1
199  Q.bird+F      328.065      46  748.129      834.609      866.566
WARNING: Normalizing state frequencies so that sum of them equals to 1
200  Q.bird+F+I    328.065      47  750.129      842.211      871.141
WARNING: Normalizing state frequencies so that sum of them equals to 1
201  Q.bird+F+G4   328.065      47  750.130      842.211      871.141
WARNING: Normalizing state frequencies so that sum of them equals to 1
202  Q.bird+F+I+G4 328.217      48  752.433      850.433      876.019
WARNING: Normalizing state frequencies so that sum of them equals to 1
203  Q.bird+F+R2   328.139      48  752.278      850.278      875.864
WARNING: Normalizing state frequencies so that sum of them equals to 1
221  Q.mammal      341.402      27  736.805      758.718      806.322
WARNING: Normalizing state frequencies so that sum of them equals to 1
222  Q.mammal+I    341.402      28  738.805      762.687      810.897
WARNING: Normalizing state frequencies so that sum of them equals to 1
223  Q.mammal+G4   341.403      28  738.805      762.687      810.897
WARNING: Normalizing state frequencies so that sum of them equals to 1
224  Q.mammal+I+G4 341.606      29  741.213      767.183      815.879
WARNING: Normalizing state frequencies so that sum of them equals to 1
225  Q.mammal+R2   341.500      29  741.001      766.971      815.667
WARNING: Normalizing state frequencies so that sum of them equals to 1
243  Q.mammal+F    328.084      46  748.168      834.648      866.604
WARNING: Normalizing state frequencies so that sum of them equals to 1
244  Q.mammal+F+I  328.084      47  750.168      842.249      871.179
WARNING: Normalizing state frequencies so that sum of them equals to 1
245  Q.mammal+F+G4 328.084      47  750.168      842.250      871.179
WARNING: Normalizing state frequencies so that sum of them equals to 1
246  Q.mammal+F+I+G4 328.259      48  752.518      850.518      876.104
WARNING: Normalizing state frequencies so that sum of them equals to 1
247  Q.mammal+F+R2 328.169      48  752.337      850.337      875.923
265  Q.insect      349.356      27  752.712      774.625      822.229
266  Q.insect+I    349.356      28  754.712      778.595      826.804
267  Q.insect+G4   349.356      28  754.713      778.595      826.804
268  Q.insect+I+G4 349.546      29  757.092      783.062      831.758
269  Q.insect+R2   349.448      29  756.897      782.867      831.563
287  Q.insect+F    331.104      46  754.207      840.687      872.644
288  Q.insect+F+I  331.104      47  756.207      848.289      877.219
289  Q.insect+F+G4 331.104      47  756.208      848.289      877.219
290  Q.insect+F+I+G4 331.270      48  758.539      856.539      882.125
291  Q.insect+F+R2 331.185      48  758.370      856.370      881.956
WARNING: Normalizing state frequencies so that sum of them equals to 1
309  Q.plant       345.839      27  745.679      767.592      815.196
WARNING: Normalizing state frequencies so that sum of them equals to 1
310  Q.plant+I     345.839      28  747.679      771.561      819.771
WARNING: Normalizing state frequencies so that sum of them equals to 1
311  Q.plant+G4    345.840      28  747.679      771.561      819.771
WARNING: Normalizing state frequencies so that sum of them equals to 1
312  Q.plant+I+G4  346.024      29  750.048      776.018      824.714
WARNING: Normalizing state frequencies so that sum of them equals to 1
313  Q.plant+R2    345.929      29  749.858      775.828      824.525
WARNING: Normalizing state frequencies so that sum of them equals to 1
331  Q.plant+F     329.403      46  750.807      837.287      869.243
WARNING: Normalizing state frequencies so that sum of them equals to 1
332  Q.plant+F+I   329.403      47  752.807      844.888      873.818
WARNING: Normalizing state frequencies so that sum of them equals to 1
333  Q.plant+F+G4  329.404      47  752.807      844.889      873.818
WARNING: Normalizing state frequencies so that sum of them equals to 1
334  Q.plant+F+I+G4 329.549      48  755.098      853.098      878.684
WARNING: Normalizing state frequencies so that sum of them equals to 1
335  Q.plant+F+R2  329.476      48  754.951      852.951      878.537
WARNING: Normalizing state frequencies so that sum of them equals to 1
353  Q.yeast       353.210      27  760.421      782.334      829.938
WARNING: Normalizing state frequencies so that sum of them equals to 1
354  Q.yeast+I     353.210      28  762.421      786.303      834.513
WARNING: Normalizing state frequencies so that sum of them equals to 1
355  Q.yeast+G4    353.211      28  762.421      786.304      834.513
WARNING: Normalizing state frequencies so that sum of them equals to 1
356  Q.yeast+I+G4  353.403      29  764.806      790.776      839.473
WARNING: Normalizing state frequencies so that sum of them equals to 1
357  Q.yeast+R2    353.304      29  764.607      790.578      839.274
WARNING: Normalizing state frequencies so that sum of them equals to 1
375  Q.yeast+F     331.517      46  755.033      841.513      873.470
WARNING: Normalizing state frequencies so that sum of them equals to 1
376  Q.yeast+F+I   331.517      47  757.033      849.115      878.045
WARNING: Normalizing state frequencies so that sum of them equals to 1
377  Q.yeast+F+G4  331.517      47  757.034      849.115      878.045
WARNING: Normalizing state frequencies so that sum of them equals to 1
378  Q.yeast+F+I+G4 331.680      48  759.360      857.360      882.946
WARNING: Normalizing state frequencies so that sum of them equals to 1
379  Q.yeast+F+R2  331.597      48  759.194      857.194      882.780
397  JTTDCMut      342.386      27  738.772      760.685      808.289
398  JTTDCMut+I    342.386      28  740.772      764.654      812.864
399  JTTDCMut+G4   342.386      28  740.772      764.655      812.864
400  JTTDCMut+I+G4 342.619      29  743.238      769.208      817.905
401  JTTDCMut+R2   342.496      29  742.992      768.962      817.658
419  JTTDCMut+F    328.628      46  749.256      835.736      867.693
420  JTTDCMut+F+I  328.628      47  751.256      843.338      872.268
421  JTTDCMut+F+G4 328.628      47  751.257      843.338      872.268
422  JTTDCMut+F+I+G4 328.833      48  753.667      851.667      877.253
423  JTTDCMut+F+R2 328.726      48  753.453      851.453      877.039
441  DCMut         346.454      27  746.909      768.822      816.426
442  DCMut+I       346.454      28  748.909      772.791      821.001
443  DCMut+G4      346.455      28  748.909      772.792      821.001
444  DCMut+I+G4    346.732      29  751.463      777.433      826.130
445  DCMut+R2      346.580      29  751.161      777.131      825.827
463  DCMut+F       328.874      46  749.747      836.227      868.184
464  DCMut+F+I     328.874      47  751.747      843.829      872.759
465  DCMut+F+G4    328.874      47  751.748      843.829      872.759
466  DCMut+F+I+G4  329.101      48  754.202      852.202      877.788
467  DCMut+F+R2    328.980      48  753.961      851.961      877.547
485  VT            345.294      27  744.589      766.502      814.106
486  VT+I          345.294      28  746.589      770.471      818.680
487  VT+G4         345.294      28  746.589      770.471      818.681
488  VT+I+G4       345.519      29  749.037      775.007      823.704
489  VT+R2         345.401      29  748.802      774.772      823.468
507  VT+F          330.241      46  752.483      838.963      870.920
508  VT+F+I        330.241      47  754.483      846.565      875.494
509  VT+F+G4       330.242      47  754.483      846.565      875.495
510  VT+F+I+G4     330.444      48  756.889      854.889      880.475
511  VT+F+R2       330.339      48  756.678      854.678      880.264
529  PMB           345.433      27  744.865      766.778      814.382
530  PMB+I         345.433      28  746.865      770.748      818.957
531  PMB+G4        345.433      28  746.866      770.748      818.958
532  PMB+I+G4      345.640      29  749.281      775.251      823.947
533  PMB+R2        345.533      29  749.065      775.035      823.732
551  PMB+F         331.545      46  755.090      841.570      873.526
552  PMB+F+I       331.545      47  757.090      849.171      878.101
553  PMB+F+G4      331.545      47  757.090      849.172      878.101
554  PMB+F+I+G4    331.743      48  759.487      857.487      883.073
555  PMB+F+R2      331.641      48  759.281      857.281      882.868
573  Blosum62      348.429      27  750.858      772.771      820.375
574  Blosum62+I    348.429      28  752.858      776.741      824.950
575  Blosum62+G4   348.429      28  752.859      776.741      824.951
576  Blosum62+I+G4 348.622      29  755.244      781.214      829.910
577  Blosum62+R2   348.523      29  755.046      781.016      829.712
595  Blosum62+F    332.358      46  756.717      843.197      875.153
596  Blosum62+F+I  332.358      47  758.717      850.798      879.728
597  Blosum62+F+G4 332.359      47  758.717      850.799      879.729
598  Blosum62+F+I+G4 332.540      48  761.080      859.080      884.666
599  Blosum62+F+R2 332.447      48  760.894      858.894      884.480
617  Dayhoff       346.449      27  746.898      768.811      816.415
618  Dayhoff+I     346.449      28  748.898      772.780      820.989
619  Dayhoff+G4    346.449      28  748.898      772.780      820.990
620  Dayhoff+I+G4  346.726      29  751.452      777.422      826.118
621  Dayhoff+R2    346.575      29  751.150      777.120      825.816
639  Dayhoff+F     328.869      46  749.738      836.218      868.174
640  Dayhoff+F+I   328.869      47  751.738      843.819      872.749
641  Dayhoff+F+G4  328.869      47  751.738      843.820      872.750
642  Dayhoff+F+I+G4 329.096      48  754.192      852.192      877.778
643  Dayhoff+F+R2  328.976      48  753.951      851.951      877.537
661  mtREV         359.467      27  772.935      794.848      842.452
662  mtREV+I       359.451      28  774.902      798.784      846.994
663  mtREV+G4      359.455      28  774.911      798.793      847.003
664  mtREV+I+G4    359.453      29  776.906      802.876      851.572
665  mtREV+R2      359.459      29  776.918      802.888      851.584
683  mtREV+F       331.475      46  754.950      841.430      873.386
684  mtREV+F+I     331.475      47  756.950      849.031      877.961
685  mtREV+F+G4    331.475      47  756.950      849.031      877.961
686  mtREV+F+I+G4  331.529      48  759.059      857.059      882.645
687  mtREV+F+R2    331.502      48  759.005      857.005      882.591
705  mtART         373.696      27  801.392      823.305      870.909
706  mtART+I       373.135      28  802.269      826.152      874.361
707  mtART+G4      373.257      28  802.514      826.396      874.605
708  mtART+I+G4    373.164      29  804.328      830.298      878.994
709  mtART+R2      373.622      29  805.244      831.214      879.911
727  mtART+F       338.859      46  769.718      856.198      888.154
728  mtART+F+I     338.700      47  771.401      863.482      892.412
729  mtART+F+G4    338.701      47  771.401      863.483      892.413
730  mtART+F+I+G4  338.712      48  773.425      871.425      897.011
731  mtART+F+R2    338.823      48  773.646      871.646      897.232
749  mtZOA         361.315      27  776.630      798.543      846.147
750  mtZOA+I       361.313      28  778.625      802.508      850.717
751  mtZOA+G4      361.314      28  778.629      802.511      850.721
752  mtZOA+I+G4    361.314      29  780.627      806.597      855.294
753  mtZOA+R2      361.314      29  780.627      806.597      855.294
771  mtZOA+F       332.660      46  757.320      843.800      875.756
772  mtZOA+F+I     332.660      47  759.320      851.401      880.331
773  mtZOA+F+G4    332.660      47  759.320      851.401      880.331
774  mtZOA+F+I+G4  332.720      48  761.439      859.439      885.025
775  mtZOA+F+R2    332.690      48  761.380      859.380      884.966
793  mtMet         368.069      27  790.138      812.051      859.655
794  mtMet+I       368.069      28  792.138      816.021      864.230
795  mtMet+G4      368.069      28  792.138      816.021      864.230
796  mtMet+I+G4    368.142      29  794.285      820.255      868.951
797  mtMet+R2      368.105      29  794.209      820.179      868.876
815  mtMet+F       329.897      46  751.794      838.274      870.231
816  mtMet+F+I     329.897      47  753.794      845.876      874.806
817  mtMet+F+G4    329.897      47  753.794      845.876      874.806
818  mtMet+F+I+G4  330.021      48  756.041      854.041      879.627
819  mtMet+F+R2    329.957      48  755.914      853.914      879.500
837  mtVer         359.508      27  773.016      794.929      842.534
838  mtVer+I       359.508      28  775.016      798.899      847.108
839  mtVer+G4      359.508      28  775.016      798.899      847.108
840  mtVer+I+G4    359.548      29  777.096      803.066      851.763
841  mtVer+R2      359.528      29  777.056      803.026      851.722
859  mtVer+F       328.573      46  749.145      835.625      867.582
860  mtVer+F+I     328.573      47  751.145      843.227      872.157
861  mtVer+F+G4    328.573      47  751.146      843.227      872.157
862  mtVer+F+I+G4  328.701      48  753.401      851.401      876.988
863  mtVer+F+R2    328.636      48  753.271      851.271      876.857
881  mtInv         379.588      27  813.176      835.089      882.693
882  mtInv+I       379.588      28  815.176      839.058      887.268
883  mtInv+G4      379.588      28  815.176      839.059      887.268
884  mtInv+I+G4    379.691      29  817.383      843.353      892.049
885  mtInv+R2      379.637      29  817.274      843.244      891.941
903  mtInv+F       329.846      46  751.691      838.171      870.128
904  mtInv+F+I     329.846      47  753.691      845.773      874.702
905  mtInv+F+G4    329.846      47  753.691      845.773      874.703
906  mtInv+F+I+G4  329.985      48  755.970      853.970      879.556
907  mtInv+F+R2    329.915      48  755.829      853.829      879.415
925  mtMAM         360.303      27  774.606      796.519      844.123
926  mtMAM+I       359.900      28  775.799      799.681      847.891
927  mtMAM+G4      359.953      28  775.905      799.788      847.997
928  mtMAM+I+G4    359.952      29  777.904      803.875      852.571
929  mtMAM+R2      360.240      29  778.480      804.451      853.147
947  mtMAM+F       331.797      46  755.595      842.075      874.031
948  mtMAM+F+I     331.780      47  757.559      849.641      878.570
949  mtMAM+F+G4    331.781      47  757.562      849.643      878.573
950  mtMAM+F+I+G4  331.780      48  759.560      857.560      883.146
951  mtMAM+F+R2    331.787      48  759.574      857.574      883.160
WARNING: Normalizing state frequencies so that sum of them equals to 1
969  FLAVI         340.804      27  735.607      757.520      805.124
WARNING: Normalizing state frequencies so that sum of them equals to 1
970  FLAVI+I       340.804      28  737.607      761.489      809.699
WARNING: Normalizing state frequencies so that sum of them equals to 1
971  FLAVI+G4      340.804      28  737.607      761.490      809.699
WARNING: Normalizing state frequencies so that sum of them equals to 1
972  FLAVI+I+G4    340.959      29  739.918      765.888      814.584
WARNING: Normalizing state frequencies so that sum of them equals to 1
973  FLAVI+R2      340.880      29  739.760      765.730      814.427
WARNING: Normalizing state frequencies so that sum of them equals to 1
991  FLAVI+F       328.518      46  749.035      835.515      867.472
WARNING: Normalizing state frequencies so that sum of them equals to 1
992  FLAVI+F+I     328.518      47  751.035      843.117      872.046
WARNING: Normalizing state frequencies so that sum of them equals to 1
993  FLAVI+F+G4    328.518      47  751.035      843.117      872.047
WARNING: Normalizing state frequencies so that sum of them equals to 1
994  FLAVI+F+I+G4  328.658      48  753.316      851.316      876.902
WARNING: Normalizing state frequencies so that sum of them equals to 1
995  FLAVI+F+R2    328.587      48  753.174      851.174      876.760
1013  HIVb          346.989      27  747.978      769.892      817.496
1014  HIVb+I        346.989      28  749.978      773.861      822.070
1015  HIVb+G4       346.989      28  749.979      773.861      822.071
1016  HIVb+I+G4     347.163      29  752.326      778.296      826.992
1017  HIVb+R2       347.074      29  752.148      778.119      826.815
1035  HIVb+F        329.614      46  751.228      837.708      869.664
1036  HIVb+F+I      329.614      47  753.228      845.309      874.239
1037  HIVb+F+G4     329.614      47  753.228      845.310      874.239
1038  HIVb+F+I+G4   329.790      48  755.579      853.579      879.165
1039  HIVb+F+R2     329.699      48  755.398      853.398      878.984
1057  HIVw          351.051      27  756.102      778.015      825.619
1058  HIVw+I        351.051      28  758.102      781.984      830.194
1059  HIVw+G4       351.051      28  758.102      781.985      830.194
1060  HIVw+I+G4     351.321      29  760.643      786.613      835.309
1061  HIVw+R2       351.175      29  760.349      786.319      835.016
1079  HIVw+F        326.838      46  745.676      832.156      864.113
1080  HIVw+F+I      326.838      47  747.676      839.758      868.688
1081  HIVw+F+G4     326.838      47  747.677      839.758      868.688
1082  HIVw+F+I+G4   327.069      48  750.138      848.138      873.724
1083  HIVw+F+R2     326.946      48  749.892      847.892      873.479
1101  FLU           346.952      27  747.904      769.817      817.421
1102  FLU+I         346.952      28  749.904      773.786      821.996
1103  FLU+G4        346.952      28  749.904      773.786      821.996
1104  FLU+I+G4      347.156      29  752.313      778.283      826.979
1105  FLU+R2        347.050      29  752.099      778.070      826.766
1123  FLU+F         327.419      46  746.837      833.317      865.274
1124  FLU+F+I       327.419      47  748.837      840.919      869.849
1125  FLU+F+G4      327.419      47  748.837      840.919      869.849
1126  FLU+F+I+G4    327.585      48  751.171      849.171      874.757
1127  FLU+F+R2      327.500      48  751.000      849.000      874.586
1145  rtREV         354.296      27  762.591      784.504      832.108
1146  rtREV+I       354.296      28  764.591      788.473      836.683
1147  rtREV+G4      354.296      28  764.591      788.474      836.683
1148  rtREV+I+G4    354.426      29  766.852      792.822      841.518
1149  rtREV+R2      354.361      29  766.723      792.693      841.389
1167  rtREV+F       333.803      46  759.606      846.086      878.042
1168  rtREV+F+I     333.803      47  761.606      853.687      882.617
1169  rtREV+F+G4    333.803      47  761.606      853.688      882.617
1170  rtREV+F+I+G4  333.903      48  763.805      861.805      887.392
1171  rtREV+F+R2    333.854      48  763.708      861.708      887.294
1189  cpREV         345.339      27  744.678      766.591      814.195
1190  cpREV+I       345.339      28  746.678      770.561      818.770
1191  cpREV+G4      345.339      28  746.679      770.561      818.771
1192  cpREV+I+G4    345.564      29  749.128      775.098      823.795
1193  cpREV+R2      345.445      29  748.891      774.861      823.558
1211  cpREV+F       329.068      46  750.136      836.616      868.572
1212  cpREV+F+I     329.068      47  752.136      844.217      873.147
1213  cpREV+F+G4    329.068      47  752.136      844.218      873.148
1214  cpREV+F+I+G4  329.261      48  754.521      852.521      878.107
1215  cpREV+F+R2    329.161      48  754.321      852.321      877.907
Akaike Information Criterion:           FLAVI
Corrected Akaike Information Criterion: FLAVI
Bayesian Information Criterion:         FLAVI
Best-fit model: FLAVI chosen according to BIC

All model information printed to ./orthofinder/Results_Jul07/WorkingDirectory/Alignments_ids/OG0000074.model.gz
CPU time for ModelFinder: 1.378 seconds (0h:0m:1s)
Wall-clock time for ModelFinder: 4.055 seconds (0h:0m:4s)
WARNING: Normalizing state frequencies so that sum of them equals to 1

NOTE: 0 MB RAM (0 GB) is required!
Estimate model parameters (epsilon = 0.100)
1. Initial log-likelihood: -340.804
Optimal log-likelihood: -340.804
Parameters optimization took 1 rounds (0.000 sec)
Wrote distance file to... 
Computing ML distances based on estimated model parameters...
Calculating distance matrix: done in 0.00551009 secs using 99.74% CPU
Computing ML distances took 0.005525 sec (of wall-clock time) 0.005513 sec (of CPU time)
Setting up auxiliary I and S matrices: done in 2.47955e-05 secs using 181.5% CPU
Constructing RapidNJ tree: done in 3.09944e-05 secs using 212.9% CPU
Computing RapidNJ tree took 0.000078 sec (of wall-clock time) 0.000156 sec (of CPU time)
Log-likelihood of RapidNJ tree: -340.805
--------------------------------------------------------------------
|             INITIALIZING CANDIDATE TREE SET                      |
--------------------------------------------------------------------
Generating 98 parsimony trees... 0.038 second
Computing log-likelihood of 98 initial trees ... 0.055 seconds
Current best score: -340.804

Do NNI search on 20 best initial trees
Optimizing NNI: done in 0.00107884 secs using 99.09% CPU
Estimate model parameters (epsilon = 0.100)
BETTER TREE FOUND at iteration 1: -340.804
Optimizing NNI: done in 0.00106287 secs using 200.4% CPU
Optimizing NNI: done in 0.00108004 secs using 199% CPU
BETTER TREE FOUND at iteration 3: -340.804
Optimizing NNI: done in 0.00107384 secs using 108% CPU
Optimizing NNI: done in 0.00109196 secs using 100% CPU
BETTER TREE FOUND at iteration 5: -340.804
Optimizing NNI: done in 0.001086 secs using 100.1% CPU
UPDATE BEST LOG-LIKELIHOOD: -340.804
Optimizing NNI: done in 0.00107503 secs using 99.9% CPU
Optimizing NNI: done in 0.00104117 secs using 174.4% CPU
Optimizing NNI: done in 0.00104284 secs using 200.1% CPU
Optimizing NNI: done in 0.00107503 secs using 101.1% CPU
Iteration 10 / LogL: -340.804 / Time: 0h:0m:0s
Optimizing NNI: done in 0.021106 secs using 34.9% CPU
Optimizing NNI: done in 0.00104785 secs using 198.7% CPU
Optimizing NNI: done in 0.00105405 secs using 133.2% CPU
Optimizing NNI: done in 0.00109196 secs using 100% CPU
Optimizing NNI: done in 0.00104403 secs using 100.1% CPU
Optimizing NNI: done in 0.00109005 secs using 100% CPU
Optimizing NNI: done in 0.00109291 secs using 99.64% CPU
Optimizing NNI: done in 0.00106716 secs using 178.3% CPU
Optimizing NNI: done in 0.00104094 secs using 200.5% CPU
Optimizing NNI: done in 0.00107694 secs using 173.1% CPU
Iteration 20 / LogL: -340.804 / Time: 0h:0m:0s
Finish initializing candidate tree set (15)
Current best tree score: -340.804 / CPU time: 0.151
Number of iterations: 20
--------------------------------------------------------------------
|               OPTIMIZING CANDIDATE TREE SET                      |
--------------------------------------------------------------------
Optimizing NNI: done in 0.00218391 secs using 138.2% CPU
Optimizing NNI: done in 0.00366282 secs using 99.98% CPU
Optimizing NNI: done in 0.00233817 secs using 180.8% CPU
Optimizing NNI: done in 0.00260901 secs using 117.4% CPU
Optimizing NNI: done in 0.00325489 secs using 107.7% CPU
Optimizing NNI: done in 0.00223494 secs using 199.6% CPU
Optimizing NNI: done in 0.0302229 secs using 33.75% CPU
Optimizing NNI: done in 0.00112486 secs using 99.21% CPU
Optimizing NNI: done in 0.00226808 secs using 100% CPU
Optimizing NNI: done in 0.0042541 secs using 99.88% CPU
Iteration 30 / LogL: -340.804 / Time: 0h:0m:0s (0h:0m:0s left)
Optimizing NNI: done in 0.027199 secs using 11.75% CPU
Optimizing NNI: done in 0.003901 secs using 100% CPU
Optimizing NNI: done in 0.00559306 secs using 100% CPU
Optimizing NNI: done in 0.0302901 secs using 7.567% CPU
Optimizing NNI: done in 0.00235105 secs using 100% CPU
Optimizing NNI: done in 0.00212693 secs using 100% CPU
Optimizing NNI: done in 0.00390196 secs using 100% CPU
Optimizing NNI: done in 0.0334182 secs using 16.21% CPU
Optimizing NNI: done in 0.002285 secs using 99.96% CPU
Optimizing NNI: done in 0.0143528 secs using 21.84% CPU
Iteration 40 / LogL: -340.804 / Time: 0h:0m:0s (0h:0m:0s left)
Optimizing NNI: done in 0.00230718 secs using 99.95% CPU
Optimizing NNI: done in 0.0108471 secs using 26.34% CPU
Optimizing NNI: done in 0.00435305 secs using 96.71% CPU
Optimizing NNI: done in 0.00218487 secs using 100% CPU
Optimizing NNI: done in 0.0047648 secs using 100% CPU
Optimizing NNI: done in 0.021049 secs using 23.99% CPU
Optimizing NNI: done in 0.00322485 secs using 100% CPU
Optimizing NNI: done in 0.00648904 secs using 36.11% CPU
Optimizing NNI: done in 0.00189996 secs using 100.1% CPU
Optimizing NNI: done in 0.00222111 secs using 100% CPU
Iteration 50 / LogL: -353.377 / Time: 0h:0m:0s (0h:0m:0s left)
Optimizing NNI: done in 0.00111699 secs using 100% CPU
Optimizing NNI: done in 0.00220704 secs using 99.95% CPU
Optimizing NNI: done in 0.00224304 secs using 100% CPU
Optimizing NNI: done in 0.0198061 secs using 19.21% CPU
Optimizing NNI: done in 0.00291395 secs using 99.97% CPU
Optimizing NNI: done in 0.00316095 secs using 100% CPU
Optimizing NNI: done in 0.00340986 secs using 100% CPU
Optimizing NNI: done in 0.025362 secs using 12.28% CPU
Optimizing NNI: done in 0.00310087 secs using 100% CPU
Optimizing NNI: done in 0.00236392 secs using 97.17% CPU
Iteration 60 / LogL: -353.377 / Time: 0h:0m:0s (0h:0m:0s left)
Optimizing NNI: done in 0.003263 secs using 100% CPU
Optimizing NNI: done in 0.00218081 secs using 99.55% CPU
Optimizing NNI: done in 0.00250697 secs using 100% CPU
Optimizing NNI: done in 0.00233507 secs using 100% CPU
Optimizing NNI: done in 0.00459099 secs using 100% CPU
Optimizing NNI: done in 0.0064199 secs using 51.23% CPU
Optimizing NNI: done in 0.00232196 secs using 100% CPU
Optimizing NNI: done in 0.00345397 secs using 100% CPU
Optimizing NNI: done in 0.00402594 secs using 100% CPU
Optimizing NNI: done in 0.001122 secs using 99.91% CPU
Iteration 70 / LogL: -340.804 / Time: 0h:0m:0s (0h:0m:0s left)
Optimizing NNI: done in 0.0181921 secs using 12.05% CPU
Optimizing NNI: done in 0.00231123 secs using 99.95% CPU
Optimizing NNI: done in 0.004565 secs using 100% CPU
Optimizing NNI: done in 0.00449014 secs using 100% CPU
Optimizing NNI: done in 0.0191679 secs using 16.54% CPU
Optimizing NNI: done in 0.00223207 secs using 100% CPU
Optimizing NNI: done in 0.00224113 secs using 99.99% CPU
Optimizing NNI: done in 0.0044601 secs using 100% CPU
Optimizing NNI: done in 0.00102806 secs using 99.99% CPU
Optimizing NNI: done in 0.00334716 secs using 99.97% CPU
Iteration 80 / LogL: -340.804 / Time: 0h:0m:0s (0h:0m:0s left)
Optimizing NNI: done in 0.019007 secs using 15.83% CPU
Optimizing NNI: done in 0.00223899 secs using 100% CPU
Optimizing NNI: done in 0.00225902 secs using 100% CPU
Optimizing NNI: done in 0.002213 secs using 100% CPU
Optimizing NNI: done in 0.00223589 secs using 99.96% CPU
Optimizing NNI: done in 0.00227404 secs using 100% CPU
Optimizing NNI: done in 0.019218 secs using 16.74% CPU
Optimizing NNI: done in 0.00230289 secs using 100% CPU
Optimizing NNI: done in 0.00322986 secs
Optimizing NNI: done in 0.0033741 secs using 87.4% CPU
Iteration 90 / LogL: -340.804 / Time: 0h:0m:0s (0h:0m:0s left)
Optimizing NNI: done in 0.00417304 secs using 100% CPU
Optimizing NNI: done in 0.016947 secs using 12.72% CPU
Optimizing NNI: done in 0.00214481 secs using 100% CPU
Optimizing NNI: done in 0.00220299 secs using 100% CPU
Optimizing NNI: done in 0.0163128 secs using 21.63% CPU
Optimizing NNI: done in 0.00464821 secs using 100% CPU
Optimizing NNI: done in 0.00223207 secs using 100% CPU
Optimizing NNI: done in 0.0159149 secs using 21.83% CPU
Optimizing NNI: done in 0.00216198 secs using 100% CPU
Optimizing NNI: done in 0.00437713 secs using 100% CPU
Iteration 100 / LogL: -340.805 / Time: 0h:0m:0s (0h:0m:0s left)
Optimizing NNI: done in 0.00230002 secs using 100% CPU
Optimizing NNI: done in 0.00239491 secs using 100% CPU
Optimizing NNI: done in 0.016912 secs using 31.66% CPU
Optimizing NNI: done in 0.006675 secs using 35.67% CPU
Optimizing NNI: done in 0.012711 secs using 18.5% CPU
Optimizing NNI: done in 0.00235605 secs using 100% CPU
TREE SEARCH COMPLETED AFTER 106 ITERATIONS / Time: 0h:0m:0s

--------------------------------------------------------------------
|                    FINALIZING TREE SEARCH                        |
--------------------------------------------------------------------
Performs final model parameters optimization
Estimate model parameters (epsilon = 0.010)
1. Initial log-likelihood: -340.804
Optimal log-likelihood: -340.804
Parameters optimization took 1 rounds (0.000 sec)
BEST SCORE FOUND : -340.804
Total tree length: 0.082

Total number of iterations: 106
CPU time used for tree search: 0.407 sec (0h:0m:0s)
Wall-clock time used for tree search: 0.755 sec (0h:0m:0s)
Total CPU time used: 0.430 sec (0h:0m:0s)
Total wall-clock time used: 0.805 sec (0h:0m:0s)

Analysis results written to: 
  IQ-TREE report:                ./orthofinder/Results_Jul07/WorkingDirectory/Alignments_ids/OG0000074.iqtree
  Maximum-likelihood tree:       ./orthofinder/Results_Jul07/WorkingDirectory/Alignments_ids/OG0000074.treefile
  Likelihood distances:          ./orthofinder/Results_Jul07/WorkingDirectory/Alignments_ids/OG0000074.mldist
  Screen log file:               ./orthofinder/Results_Jul07/WorkingDirectory/Alignments_ids/OG0000074.log

Date and Time: Sun Jul  7 17:49:41 2024
