IQ-TREE multicore version 2.2.0.5 COVID-edition for Linux 64-bit built Sep 26 2022
Developed by Bui Quang Minh, James Barbetti, Nguyen Lam Tung,
Olga Chernomor, Heiko Schmidt, Dominik Schrempf, Michael Woodhams, Ly Trong Nhan.

Host:    c090 (AVX2, FMA3, 503 GB RAM)
Command: iqtree -s ./orthofinder/Results_Jul07/WorkingDirectory/Alignments_ids/OG0000054.fa -pre ./orthofinder/Results_Jul07/WorkingDirectory/Alignments_ids/OG0000054
Seed:    550560 (Using SPRNG - Scalable Parallel Random Number Generator)
Time:    Sun Jul  7 17:49:22 2024
Kernel:  AVX+FMA - 1 threads (24 CPU cores detected)

HINT: Use -nt option to specify number of threads because your CPU has 24 cores!
HINT: -nt AUTO will automatically determine the best number of threads to use.

Reading alignment file ./orthofinder/Results_Jul07/WorkingDirectory/Alignments_ids/OG0000054.fa ... Fasta format detected
Reading fasta file: done in 0.000149012 secs
Alignment most likely contains protein sequences
Constructing alignment: done in 8.79765e-05 secs
Alignment has 35 sequences with 168 columns, 118 distinct patterns
115 parsimony-informative, 0 singleton sites, 53 constant sites
        Gap/Ambiguity  Composition  p-value
Analyzing sequences: done in 8.10623e-06 secs
   1  1_96     10.12%    passed    100.00%
   2  3_99      2.98%    passed    100.00%
   3  4_103    10.12%    passed    100.00%
   4  5_96      2.98%    passed    100.00%
   5  6_102     2.98%    passed    100.00%
   6  7_92      4.17%    passed    100.00%
   7  10_95     2.98%    passed    100.00%
   8  12_92     2.98%    passed    100.00%
   9  16_92     4.17%    passed    100.00%
  10  17_92     4.17%    passed    100.00%
  11  18_95     2.98%    passed    100.00%
  12  19_92     2.98%    passed    100.00%
  13  20_95     2.98%    passed    100.00%
  14  21_94     2.98%    passed    100.00%
  15  22_93     2.98%    passed    100.00%
  16  23_97    10.12%    passed    100.00%
  17  24_103    1.79%    failed      1.27%
  18  26_104    1.79%    failed      1.27%
  19  27_109    2.98%    passed    100.00%
  20  28_96    10.12%    passed    100.00%
  21  29_100   10.12%    passed    100.00%
  22  30_96     2.98%    passed    100.00%
  23  32_84     1.79%    failed      1.27%
  24  33_102    2.98%    passed    100.00%
  25  34_103    2.98%    passed    100.00%
  26  35_34     2.98%    passed    100.00%
  27  36_114    2.98%    passed    100.00%
  28  37_94     2.98%    passed    100.00%
  29  38_96     2.98%    passed    100.00%
  30  39_31     1.79%    failed      1.27%
  31  40_92     2.98%    passed    100.00%
  32  41_94     2.98%    passed    100.00%
  33  42_96     2.98%    passed    100.00%
  34  43_95    10.12%    passed    100.00%
  35  44_93     2.98%    passed    100.00%
****  TOTAL     4.17%  4 sequences failed composition chi2 test (p-value<5%; df=19)
NOTE: 4_103 is identical to 1_96 but kept for subsequent analysis
NOTE: 10_95 is identical to 5_96 but kept for subsequent analysis
NOTE: 18_95 is identical to 6_102 but kept for subsequent analysis
NOTE: 17_92 is identical to 16_92 but kept for subsequent analysis
NOTE: 29_100 is identical to 23_97 but kept for subsequent analysis
NOTE: 26_104 is identical to 24_103 but kept for subsequent analysis
Checking for duplicate sequences: done in 3.29018e-05 secs
Identifying sites to remove: done in 3.19481e-05 secs
NOTE: 20 identical sequences (see below) will be ignored for subsequent analysis
NOTE: 28_96 (identical to 1_96) is ignored but added at the end
NOTE: 12_92 (identical to 5_96) is ignored but added at the end
NOTE: 22_93 (identical to 5_96) is ignored but added at the end
NOTE: 27_109 (identical to 5_96) is ignored but added at the end
NOTE: 33_102 (identical to 5_96) is ignored but added at the end
NOTE: 34_103 (identical to 5_96) is ignored but added at the end
NOTE: 40_92 (identical to 5_96) is ignored but added at the end
NOTE: 19_92 (identical to 6_102) is ignored but added at the end
NOTE: 20_95 (identical to 6_102) is ignored but added at the end
NOTE: 30_96 (identical to 6_102) is ignored but added at the end
NOTE: 35_34 (identical to 6_102) is ignored but added at the end
NOTE: 36_114 (identical to 6_102) is ignored but added at the end
NOTE: 37_94 (identical to 6_102) is ignored but added at the end
NOTE: 38_96 (identical to 6_102) is ignored but added at the end
NOTE: 41_94 (identical to 6_102) is ignored but added at the end
NOTE: 42_96 (identical to 6_102) is ignored but added at the end
NOTE: 44_93 (identical to 6_102) is ignored but added at the end
NOTE: 43_95 (identical to 23_97) is ignored but added at the end
NOTE: 32_84 (identical to 24_103) is ignored but added at the end
NOTE: 39_31 (identical to 24_103) is ignored but added at the end
Alignment was printed to ./orthofinder/Results_Jul07/WorkingDirectory/Alignments_ids/OG0000054.uniqueseq.phy

For your convenience alignment with unique sequences printed to ./orthofinder/Results_Jul07/WorkingDirectory/Alignments_ids/OG0000054.uniqueseq.phy


Create initial parsimony tree by phylogenetic likelihood library (PLL)... 0.000 seconds
Perform fast likelihood tree search using LG+I+G model...
Estimate model parameters (epsilon = 5.000)
Perform nearest neighbor interchange...
Optimizing NNI: done in 0.168385 secs using 27.64% CPU
Estimate model parameters (epsilon = 1.000)
1. Initial log-likelihood: -1016.945
Optimal log-likelihood: -1015.760
Proportion of invariable sites: 0.115
Gamma shape alpha: 3.659
Parameters optimization took 1 rounds (0.062 sec)
Time for fast ML tree search: 0.416 seconds

NOTE: ModelFinder requires 3 MB RAM!
ModelFinder will test up to 1232 protein models (sample size: 168) ...
 No. Model         -LnL         df  AIC          AICc         BIC
  1  LG            1014.863     27  2083.726     2094.526     2168.073
  2  LG+I          1014.702     28  2085.404     2097.087     2172.875
  3  LG+G4         1014.353     28  2084.707     2096.390     2172.178
  4  LG+I+G4       1014.894     29  2087.788     2100.397     2178.383
  5  LG+R2         1014.351     29  2086.701     2099.310     2177.296
  6  LG+R3         1014.334     31  2090.669     2105.257     2187.512
 14  LG+I+R2       1014.612     30  2089.225     2102.801     2182.944
 15  LG+I+R3       1014.496     32  2092.993     2108.637     2192.960
 23  LG+F          994.608      46  2081.215     2116.951     2224.918
 24  LG+F+I        994.378      47  2082.755     2120.355     2229.582
 25  LG+F+G4       993.641      47  2081.283     2118.883     2228.109
 27  LG+F+R2       993.510      48  2083.020     2122.549     2232.970
 45  WAG           1008.764     27  2071.529     2082.329     2155.876
 46  WAG+I         1008.764     28  2073.529     2085.212     2161.000
 47  WAG+G4        1008.766     28  2073.531     2085.215     2161.002
 49  WAG+R2        1008.955     29  2075.910     2088.519     2166.505
 67  WAG+F         985.908      46  2063.815     2099.551     2207.517
 68  WAG+F+I       985.908      47  2065.815     2103.415     2212.641
 69  WAG+F+G4      985.916      47  2065.833     2103.433     2212.659
 71  WAG+F+R2      986.065      48  2068.130     2107.659     2218.080
 89  JTT           1010.436     27  2074.872     2085.672     2159.219
 90  JTT+I         1010.304     28  2076.608     2088.291     2164.079
 91  JTT+G4        1010.202     28  2076.405     2088.088     2163.876
 93  JTT+R2        1010.219     29  2078.437     2091.046     2169.032
111  JTT+F         990.617      46  2073.234     2108.970     2216.937
112  JTT+F+I       990.390      47  2074.780     2112.380     2221.606
113  JTT+F+G4      989.967      47  2073.934     2111.534     2220.760
115  JTT+F+R2      989.926      48  2075.852     2115.382     2225.803
WARNING: Normalizing state frequencies so that sum of them equals to 1
133  Q.pfam        1021.485     27  2096.970     2107.770     2181.317
WARNING: Normalizing state frequencies so that sum of them equals to 1
134  Q.pfam+I      1021.364     28  2098.728     2110.412     2186.199
WARNING: Normalizing state frequencies so that sum of them equals to 1
135  Q.pfam+G4     1021.100     28  2098.200     2109.883     2185.671
WARNING: Normalizing state frequencies so that sum of them equals to 1
137  Q.pfam+R2     1021.121     29  2100.241     2112.850     2190.836
WARNING: Normalizing state frequencies so that sum of them equals to 1
155  Q.pfam+F      994.667      46  2081.334     2117.070     2225.037
WARNING: Normalizing state frequencies so that sum of them equals to 1
156  Q.pfam+F+I    994.459      47  2082.918     2120.518     2229.744
WARNING: Normalizing state frequencies so that sum of them equals to 1
157  Q.pfam+F+G4   993.819      47  2081.639     2119.239     2228.465
WARNING: Normalizing state frequencies so that sum of them equals to 1
159  Q.pfam+F+R2   993.702      48  2083.405     2122.934     2233.355
WARNING: Normalizing state frequencies so that sum of them equals to 1
177  Q.bird        1020.946     27  2095.891     2106.691     2180.238
WARNING: Normalizing state frequencies so that sum of them equals to 1
178  Q.bird+I      1018.036     28  2092.072     2103.756     2179.543
WARNING: Normalizing state frequencies so that sum of them equals to 1
179  Q.bird+G4     1016.279     28  2088.558     2100.241     2176.029
WARNING: Normalizing state frequencies so that sum of them equals to 1
181  Q.bird+R2     1015.890     29  2089.779     2102.388     2180.374
WARNING: Normalizing state frequencies so that sum of them equals to 1
199  Q.bird+F      1004.005     46  2100.010     2135.745     2243.712
WARNING: Normalizing state frequencies so that sum of them equals to 1
200  Q.bird+F+I    999.564      47  2093.128     2130.728     2239.954
WARNING: Normalizing state frequencies so that sum of them equals to 1
201  Q.bird+F+G4   997.896      47  2089.793     2127.393     2236.619
WARNING: Normalizing state frequencies so that sum of them equals to 1
203  Q.bird+F+R2   997.855      48  2091.709     2131.239     2241.659
WARNING: Normalizing state frequencies so that sum of them equals to 1
221  Q.mammal      1019.217     27  2092.434     2103.234     2176.781
WARNING: Normalizing state frequencies so that sum of them equals to 1
222  Q.mammal+I    1017.856     28  2091.711     2103.395     2179.182
WARNING: Normalizing state frequencies so that sum of them equals to 1
223  Q.mammal+G4   1016.558     28  2089.115     2100.799     2176.586
WARNING: Normalizing state frequencies so that sum of them equals to 1
225  Q.mammal+R2   1016.286     29  2090.571     2103.180     2181.166
WARNING: Normalizing state frequencies so that sum of them equals to 1
243  Q.mammal+F    1000.023     46  2092.045     2127.781     2235.748
WARNING: Normalizing state frequencies so that sum of them equals to 1
244  Q.mammal+F+I  997.630      47  2089.261     2126.861     2236.087
WARNING: Normalizing state frequencies so that sum of them equals to 1
245  Q.mammal+F+G4 996.073      47  2086.146     2123.746     2232.972
WARNING: Normalizing state frequencies so that sum of them equals to 1
247  Q.mammal+F+R2 995.838      48  2087.675     2127.204     2237.625
265  Q.insect      1013.235     27  2080.470     2091.270     2164.817
266  Q.insect+I    1012.974     28  2081.948     2093.632     2169.419
267  Q.insect+G4   1012.181     28  2080.363     2092.046     2167.834
269  Q.insect+R2   1012.055     29  2082.111     2094.719     2172.706
287  Q.insect+F    995.788      46  2083.576     2119.311     2227.278
288  Q.insect+F+I  995.529      47  2085.059     2122.659     2231.885
289  Q.insect+F+G4 994.510      47  2083.020     2120.620     2229.846
291  Q.insect+F+R2 994.364      48  2084.727     2124.257     2234.678
WARNING: Normalizing state frequencies so that sum of them equals to 1
309  Q.plant       1017.866     27  2089.733     2100.533     2174.080
WARNING: Normalizing state frequencies so that sum of them equals to 1
310  Q.plant+I     1016.249     28  2088.498     2100.181     2175.969
WARNING: Normalizing state frequencies so that sum of them equals to 1
311  Q.plant+G4    1014.799     28  2085.599     2097.282     2173.070
WARNING: Normalizing state frequencies so that sum of them equals to 1
313  Q.plant+R2    1014.477     29  2086.955     2099.563     2177.550
WARNING: Normalizing state frequencies so that sum of them equals to 1
331  Q.plant+F     994.943      46  2081.885     2117.621     2225.588
WARNING: Normalizing state frequencies so that sum of them equals to 1
332  Q.plant+F+I   993.464      47  2080.928     2118.528     2227.754
WARNING: Normalizing state frequencies so that sum of them equals to 1
333  Q.plant+F+G4  991.870      47  2077.741     2115.341     2224.567
WARNING: Normalizing state frequencies so that sum of them equals to 1
335  Q.plant+F+R2  991.531      48  2079.062     2118.591     2229.012
WARNING: Normalizing state frequencies so that sum of them equals to 1
353  Q.yeast       1029.774     27  2113.548     2124.348     2197.895
WARNING: Normalizing state frequencies so that sum of them equals to 1
354  Q.yeast+I     1028.617     28  2113.234     2124.917     2200.705
WARNING: Normalizing state frequencies so that sum of them equals to 1
355  Q.yeast+G4    1027.884     28  2111.768     2123.451     2199.239
WARNING: Normalizing state frequencies so that sum of them equals to 1
357  Q.yeast+R2    1027.757     29  2113.513     2126.122     2204.108
WARNING: Normalizing state frequencies so that sum of them equals to 1
375  Q.yeast+F     999.844      46  2091.689     2127.424     2235.391
WARNING: Normalizing state frequencies so that sum of them equals to 1
376  Q.yeast+F+I   998.561      47  2091.123     2128.723     2237.949
WARNING: Normalizing state frequencies so that sum of them equals to 1
377  Q.yeast+F+G4  997.572      47  2089.143     2126.743     2235.969
WARNING: Normalizing state frequencies so that sum of them equals to 1
379  Q.yeast+F+R2  997.313      48  2090.627     2130.156     2240.577
397  JTTDCMut      1010.239     27  2074.478     2085.278     2158.825
398  JTTDCMut+I    1010.135     28  2076.269     2087.953     2163.740
399  JTTDCMut+G4   1010.027     28  2076.055     2087.738     2163.526
401  JTTDCMut+R2   1010.047     29  2078.094     2090.703     2168.689
419  JTTDCMut+F    990.505      46  2073.011     2108.746     2216.713
420  JTTDCMut+F+I  990.313      47  2074.627     2112.227     2221.453
421  JTTDCMut+F+G4 989.879      47  2073.758     2111.358     2220.584
423  JTTDCMut+F+R2 989.840      48  2075.680     2115.210     2225.630
441  DCMut         1010.444     27  2074.887     2085.687     2159.234
442  DCMut+I       1010.386     28  2076.773     2088.456     2164.244
443  DCMut+G4      1010.261     28  2076.521     2088.205     2163.992
445  DCMut+R2      1010.285     29  2078.569     2091.178     2169.164
463  DCMut+F       984.201      46  2060.402     2096.137     2204.104
464  DCMut+F+I     984.145      47  2062.289     2099.889     2209.116
465  DCMut+F+G4    983.823      47  2061.646     2099.246     2208.472
467  DCMut+F+R2    983.836      48  2063.671     2103.201     2213.622
485  VT            1013.348     27  2080.695     2091.495     2165.042
486  VT+I          1013.348     28  2082.695     2094.379     2170.166
487  VT+G4         1013.351     28  2082.701     2094.385     2170.172
489  VT+R2         1013.495     29  2084.990     2097.599     2175.585
507  VT+F          989.287      46  2070.575     2106.310     2214.277
508  VT+F+I        989.287      47  2072.575     2110.175     2219.401
509  VT+F+G4       989.290      47  2072.579     2110.179     2219.406
511  VT+F+R2       989.501      48  2075.001     2114.530     2224.951
529  PMB           1009.920     27  2073.841     2084.641     2158.188
530  PMB+I         1009.920     28  2075.841     2087.524     2163.312
531  PMB+G4        1009.923     28  2075.845     2087.529     2163.316
533  PMB+R2        1010.141     29  2078.282     2090.890     2168.877
551  PMB+F         993.061      46  2078.121     2113.857     2221.824
552  PMB+F+I       993.061      47  2080.121     2117.721     2226.948
553  PMB+F+G4      993.063      47  2080.125     2117.725     2226.952
555  PMB+F+R2      993.283      48  2082.567     2122.096     2232.517
573  Blosum62      1008.429     27  2070.858     2081.658     2155.205
574  Blosum62+I    1008.429     28  2072.858     2084.541     2160.329
575  Blosum62+G4   1008.431     28  2072.862     2084.545     2160.333
577  Blosum62+R2   1008.641     29  2075.281     2087.890     2165.876
595  Blosum62+F    992.159      46  2076.319     2112.054     2220.021
596  Blosum62+F+I  992.159      47  2078.319     2115.919     2225.145
597  Blosum62+F+G4 992.161      47  2078.322     2115.922     2225.149
599  Blosum62+F+R2 992.372      48  2080.743     2120.273     2230.693
617  Dayhoff       1010.448     27  2074.895     2085.695     2159.242
618  Dayhoff+I     1010.385     28  2076.770     2088.454     2164.241
619  Dayhoff+G4    1010.252     28  2076.504     2088.187     2163.975
621  Dayhoff+R2    1010.274     29  2078.547     2091.156     2169.142
639  Dayhoff+F     984.227      46  2060.454     2096.190     2204.157
640  Dayhoff+F+I   984.166      47  2062.332     2099.932     2209.159
641  Dayhoff+F+G4  983.833      47  2061.666     2099.266     2208.493
643  Dayhoff+F+R2  983.843      48  2063.686     2103.215     2213.636
661  mtREV         1082.380     27  2218.760     2229.560     2303.107
662  mtREV+I       1080.310     28  2216.620     2228.303     2304.091
663  mtREV+G4      1076.508     28  2209.015     2220.699     2296.486
665  mtREV+R2      1075.646     29  2209.291     2221.900     2299.886
683  mtREV+F       1000.568     46  2093.137     2128.872     2236.839
684  mtREV+F+I     999.694      47  2093.388     2130.988     2240.214
685  mtREV+F+G4    996.999      47  2087.998     2125.598     2234.825
687  mtREV+F+R2    996.619      48  2089.237     2128.767     2239.188
705  mtART         1100.620     27  2255.240     2266.040     2339.587
706  mtART+I       1084.185     28  2224.370     2236.054     2311.841
707  mtART+G4      1079.210     28  2214.419     2226.103     2301.890
709  mtART+R2      1082.216     29  2222.432     2235.040     2313.027
727  mtART+F       1029.724     46  2151.447     2187.183     2295.149
728  mtART+F+I     1018.487     47  2130.974     2168.574     2277.800
729  mtART+F+G4    1012.648     47  2119.296     2156.896     2266.122
731  mtART+F+R2    1015.821     48  2127.642     2167.171     2277.592
749  mtZOA         1081.356     27  2216.712     2227.512     2301.059
750  mtZOA+I       1070.511     28  2197.022     2208.705     2284.493
751  mtZOA+G4      1066.034     28  2188.068     2199.751     2275.539
753  mtZOA+R2      1066.855     29  2191.711     2204.319     2282.306
771  mtZOA+F       1018.732     46  2129.464     2165.200     2273.167
772  mtZOA+F+I     1012.151     47  2118.303     2155.903     2265.129
773  mtZOA+F+G4    1007.117     47  2108.233     2145.833     2255.059
775  mtZOA+F+R2    1007.945     48  2111.890     2151.419     2261.840
793  mtMet         1080.207     27  2214.415     2225.215     2298.762
794  mtMet+I       1075.180     28  2206.360     2218.043     2293.831
795  mtMet+G4      1071.111     28  2198.222     2209.906     2285.693
797  mtMet+R2      1070.596     29  2199.191     2211.800     2289.786
815  mtMet+F       1010.069     46  2112.138     2147.873     2255.840
816  mtMet+F+I     1007.169     47  2108.337     2145.937     2255.164
817  mtMet+F+G4    1003.236     47  2100.472     2138.072     2247.298
819  mtMet+F+R2    1003.066     48  2102.131     2141.661     2252.082
837  mtVer         1092.961     27  2239.922     2250.722     2324.269
838  mtVer+I       1085.233     28  2226.465     2238.149     2313.936
839  mtVer+G4      1079.497     28  2214.993     2226.677     2302.464
841  mtVer+R2      1080.080     29  2218.160     2230.769     2308.755
859  mtVer+F       1012.781     46  2117.563     2153.298     2261.265
860  mtVer+F+I     1008.262     47  2110.525     2148.125     2257.351
861  mtVer+F+G4    1003.137     47  2100.273     2137.873     2247.100
863  mtVer+F+R2    1003.803     48  2103.606     2143.135     2253.556
881  mtInv         1086.624     27  2227.248     2238.048     2311.595
882  mtInv+I       1083.382     28  2222.764     2234.447     2310.235
883  mtInv+G4      1080.401     28  2216.803     2228.486     2304.274
885  mtInv+R2      1079.586     29  2217.172     2229.781     2307.767
903  mtInv+F       1009.175     46  2110.350     2146.086     2254.052
904  mtInv+F+I     1007.192     47  2108.383     2145.983     2255.210
905  mtInv+F+G4    1003.818     47  2101.636     2139.236     2248.462
907  mtInv+F+R2    1003.149     48  2102.299     2141.828     2252.249
925  mtMAM         1101.229     27  2256.458     2267.258     2340.805
926  mtMAM+I       1089.503     28  2235.007     2246.690     2322.478
927  mtMAM+G4      1081.049     28  2218.098     2229.781     2305.569
929  mtMAM+R2      1084.031     29  2226.061     2238.670     2316.656
947  mtMAM+F       1015.473     46  2122.946     2158.682     2266.648
948  mtMAM+F+I     1009.314     47  2112.628     2150.228     2259.454
949  mtMAM+F+G4    1003.845     47  2101.691     2139.291     2248.517
951  mtMAM+F+R2    1005.508     48  2107.016     2146.545     2256.966
WARNING: Normalizing state frequencies so that sum of them equals to 1
969  FLAVI         1042.333     27  2138.666     2149.466     2223.013
WARNING: Normalizing state frequencies so that sum of them equals to 1
970  FLAVI+I       1035.031     28  2126.063     2137.746     2213.534
WARNING: Normalizing state frequencies so that sum of them equals to 1
971  FLAVI+G4      1031.922     28  2119.844     2131.527     2207.315
WARNING: Normalizing state frequencies so that sum of them equals to 1
973  FLAVI+R2      1032.315     29  2122.629     2135.238     2213.224
WARNING: Normalizing state frequencies so that sum of them equals to 1
991  FLAVI+F       1012.221     46  2116.443     2152.178     2260.145
WARNING: Normalizing state frequencies so that sum of them equals to 1
992  FLAVI+F+I     1004.782     47  2103.563     2141.163     2250.390
WARNING: Normalizing state frequencies so that sum of them equals to 1
993  FLAVI+F+G4    1002.584     47  2099.169     2136.769     2245.995
WARNING: Normalizing state frequencies so that sum of them equals to 1
995  FLAVI+F+R2    1003.957     48  2103.913     2143.443     2253.864
1013  HIVb          1020.442     27  2094.883     2105.683     2179.230
1014  HIVb+I        1017.965     28  2091.930     2103.613     2179.401
1015  HIVb+G4       1017.713     28  2091.425     2103.109     2178.896
1017  HIVb+R2       1017.591     29  2093.182     2105.791     2183.777
1035  HIVb+F        997.623      46  2087.246     2122.982     2230.949
1036  HIVb+F+I      994.203      47  2082.406     2120.006     2229.233
1037  HIVb+F+G4     993.477      47  2080.955     2118.555     2227.781
1039  HIVb+F+R2     993.225      48  2082.450     2121.979     2232.400
1057  HIVw          1050.072     27  2154.144     2164.944     2238.491
1058  HIVw+I        1042.439     28  2140.879     2152.562     2228.350
1059  HIVw+G4       1043.032     28  2142.065     2153.748     2229.536
1061  HIVw+R2       1043.256     29  2144.512     2157.121     2235.107
1079  HIVw+F        1008.177     46  2108.353     2144.089     2252.055
1080  HIVw+F+I      1001.521     47  2097.042     2134.642     2243.869
1081  HIVw+F+G4     1001.610     47  2097.220     2134.820     2244.047
1083  HIVw+F+R2     1001.892     48  2099.785     2139.314     2249.735
1101  FLU           1023.162     27  2100.324     2111.124     2184.672
1102  FLU+I         1020.865     28  2097.730     2109.413     2185.201
1103  FLU+G4        1019.851     28  2095.701     2107.385     2183.172
1105  FLU+R2        1019.744     29  2097.488     2110.097     2188.083
1123  FLU+F         997.157      46  2086.313     2122.049     2230.015
1124  FLU+F+I       994.994      47  2083.988     2121.588     2230.815
1125  FLU+F+G4      993.980      47  2081.959     2119.559     2228.786
1127  FLU+F+R2      994.180      48  2084.360     2123.889     2234.310
1145  rtREV         1027.172     27  2108.343     2119.143     2192.690
1146  rtREV+I       1026.709     28  2109.417     2121.101     2196.888
1147  rtREV+G4      1026.524     28  2109.047     2120.731     2196.518
1149  rtREV+R2      1026.504     29  2111.009     2123.618     2201.604
1167  rtREV+F       1000.582     46  2093.165     2128.900     2236.867
1168  rtREV+F+I     999.692      47  2093.383     2130.983     2240.210
1169  rtREV+F+G4    999.060      47  2092.120     2129.720     2238.946
1171  rtREV+F+R2    998.878      48  2093.755     2133.285     2243.705
1189  cpREV         1027.896     27  2109.793     2120.593     2194.140
1190  cpREV+I       1027.227     28  2110.453     2122.137     2197.924
1191  cpREV+G4      1027.285     28  2110.570     2122.253     2198.041
1193  cpREV+R2      1027.303     29  2112.606     2125.214     2203.201
1211  cpREV+F       995.176      46  2082.351     2118.087     2226.054
1212  cpREV+F+I     994.761      47  2083.522     2121.122     2230.349
1213  cpREV+F+G4    994.377      47  2082.753     2120.353     2229.580
1215  cpREV+F+R2    994.331      48  2084.662     2124.192     2234.613
Akaike Information Criterion:           DCMut+F
Corrected Akaike Information Criterion: Blosum62
Bayesian Information Criterion:         Blosum62
Best-fit model: Blosum62 chosen according to BIC

All model information printed to ./orthofinder/Results_Jul07/WorkingDirectory/Alignments_ids/OG0000054.model.gz
CPU time for ModelFinder: 5.096 seconds (0h:0m:5s)
Wall-clock time for ModelFinder: 14.616 seconds (0h:0m:14s)

NOTE: 0 MB RAM (0 GB) is required!
Estimate model parameters (epsilon = 0.100)
1. Initial log-likelihood: -1008.429
Optimal log-likelihood: -1008.429
Parameters optimization took 1 rounds (0.002 sec)
Wrote distance file to... 
Computing ML distances based on estimated model parameters...
Calculating distance matrix: done in 0.00356698 secs using 99.24% CPU
Computing ML distances took 0.003585 sec (of wall-clock time) 0.003558 sec (of CPU time)
Setting up auxiliary I and S matrices: done in 2.40803e-05 secs using 153.7% CPU
Constructing RapidNJ tree: done in 3.50475e-05 secs using 159.8% CPU
Computing RapidNJ tree took 0.000084 sec (of wall-clock time) 0.000133 sec (of CPU time)
Log-likelihood of RapidNJ tree: -1010.521
--------------------------------------------------------------------
|             INITIALIZING CANDIDATE TREE SET                      |
--------------------------------------------------------------------
Generating 98 parsimony trees... 0.060 second
Computing log-likelihood of 98 initial trees ... 0.104 seconds
Current best score: -1008.429

Do NNI search on 20 best initial trees
Optimizing NNI: done in 0.00226903 secs using 98.63% CPU
Estimate model parameters (epsilon = 0.100)
BETTER TREE FOUND at iteration 1: -1008.429
Optimizing NNI: done in 0.00714397 secs using 99.99% CPU
UPDATE BEST LOG-LIKELIHOOD: -1008.429
Optimizing NNI: done in 0.0312369 secs using 46.65% CPU
UPDATE BEST LOG-LIKELIHOOD: -1008.429
Optimizing NNI: done in 0.00744104 secs using 99.38% CPU
Optimizing NNI: done in 0.0263162 secs using 25.92% CPU
Optimizing NNI: done in 0.00673604 secs using 99.87% CPU
Optimizing NNI: done in 0.00731707 secs using 100% CPU
Optimizing NNI: done in 0.0229239 secs using 30.19% CPU
Optimizing NNI: done in 0.00750804 secs using 100% CPU
Optimizing NNI: done in 0.0234399 secs using 31.37% CPU
Iteration 10 / LogL: -1008.429 / Time: 0h:0m:0s
Optimizing NNI: done in 0.00734282 secs using 100% CPU
Optimizing NNI: done in 0.0235062 secs using 31.92% CPU
Optimizing NNI: done in 0.00890493 secs using 100% CPU
Optimizing NNI: done in 0.0027051 secs using 100% CPU
Optimizing NNI: done in 0.018723 secs using 14.53% CPU
Optimizing NNI: done in 0.002702 secs using 99.96% CPU
Optimizing NNI: done in 0.002702 secs using 100% CPU
Optimizing NNI: done in 0.00268602 secs using 99.96% CPU
Optimizing NNI: done in 0.0026989 secs using 99.82% CPU
Optimizing NNI: done in 0.00272202 secs using 100% CPU
Iteration 20 / LogL: -1010.844 / Time: 0h:0m:0s
Finish initializing candidate tree set (2)
Current best tree score: -1008.429 / CPU time: 0.420
Number of iterations: 20
--------------------------------------------------------------------
|               OPTIMIZING CANDIDATE TREE SET                      |
--------------------------------------------------------------------
Optimizing NNI: done in 0.00859904 secs using 99.7% CPU
Optimizing NNI: done in 0.0325499 secs using 50.53% CPU
Optimizing NNI: done in 0.035708 secs using 55.19% CPU
Optimizing NNI: done in 0.0259271 secs using 52.22% CPU
Optimizing NNI: done in 0.0383761 secs using 37.46% CPU
Optimizing NNI: done in 0.0359149 secs using 55.46% CPU
Optimizing NNI: done in 0.031796 secs using 38.36% CPU
UPDATE BEST LOG-LIKELIHOOD: -1008.428
Optimizing NNI: done in 0.0054872 secs using 99.65% CPU
UPDATE BEST LOG-LIKELIHOOD: -1008.428
Optimizing NNI: done in 0.005795 secs using 100% CPU
Optimizing NNI: done in 0.00536418 secs using 99.06% CPU
Iteration 30 / LogL: -1013.421 / Time: 0h:0m:0s (0h:0m:1s left)
Optimizing NNI: done in 0.00825 secs using 99.94% CPU
Optimizing NNI: done in 0.02163 secs using 26.01% CPU
Optimizing NNI: done in 0.0126679 secs using 100% CPU
Optimizing NNI: done in 0.0241671 secs using 33.8% CPU
Optimizing NNI: done in 0.0259759 secs using 38.42% CPU
Optimizing NNI: done in 0.00799513 secs using 99.99% CPU
Optimizing NNI: done in 0.0282381 secs using 19.15% CPU
Optimizing NNI: done in 0.0113871 secs using 99.88% CPU
Optimizing NNI: done in 0.0329821 secs using 51.51% CPU
Optimizing NNI: done in 0.0296021 secs using 45.98% CPU
Iteration 40 / LogL: -1008.710 / Time: 0h:0m:0s (0h:0m:1s left)
Optimizing NNI: done in 0.0332539 secs using 51.89% CPU
Optimizing NNI: done in 0.0231631 secs using 48.16% CPU
Optimizing NNI: done in 0.0240641 secs using 33.52% CPU
Optimizing NNI: done in 0.0126879 secs using 99.96% CPU
Optimizing NNI: done in 0.0238459 secs using 32.89% CPU
Optimizing NNI: done in 0.00476813 secs using 100% CPU
Optimizing NNI: done in 0.021595 secs using 25.92% CPU
Optimizing NNI: done in 0.013021 secs using 99.95% CPU
Optimizing NNI: done in 0.0245221 secs using 34.76% CPU
Optimizing NNI: done in 0.00271487 secs using 100% CPU
Iteration 50 / LogL: -1008.429 / Time: 0h:0m:1s (0h:0m:1s left)
Optimizing NNI: done in 0.0197489 secs using 39.12% CPU
Optimizing NNI: done in 0.0106611 secs using 100% CPU
Optimizing NNI: done in 0.0296059 secs using 45.97% CPU
Optimizing NNI: done in 0.0260329 secs using 38.57% CPU
Optimizing NNI: done in 0.0288448 secs using 44.51% CPU
Optimizing NNI: done in 0.0304608 secs using 47.47% CPU
Optimizing NNI: done in 0.0270171 secs using 40.83% CPU
Optimizing NNI: done in 0.0254591 secs using 37.17% CPU
Optimizing NNI: done in 0.00802898 secs using 100% CPU
Optimizing NNI: done in 0.029747 secs using 46.22% CPU
Iteration 60 / LogL: -1008.710 / Time: 0h:0m:1s (0h:0m:0s left)
Optimizing NNI: done in 0.0257928 secs using 37.96% CPU
Optimizing NNI: done in 0.00857496 secs using 99.97% CPU
Optimizing NNI: done in 0.0269451 secs using 40.62% CPU
Optimizing NNI: done in 0.02388 secs using 32.97% CPU
Optimizing NNI: done in 0.00540209 secs using 100% CPU
Optimizing NNI: done in 0.00805187 secs using 100% CPU
Optimizing NNI: done in 0.026381 secs using 39.34% CPU
Optimizing NNI: done in 0.0229201 secs using 30.19% CPU
Optimizing NNI: done in 0.00849295 secs using 99.99% CPU
Optimizing NNI: done in 0.00270009 secs using 100% CPU
Iteration 70 / LogL: -1008.429 / Time: 0h:0m:1s (0h:0m:0s left)
Optimizing NNI: done in 0.0242879 secs using 34.13% CPU
Optimizing NNI: done in 0.0269721 secs using 40.68% CPU
Optimizing NNI: done in 0.00561595 secs using 98.42% CPU
Optimizing NNI: done in 0.00565004 secs using 100% CPU
Optimizing NNI: done in 0.00585914 secs using 76.8% CPU
Optimizing NNI: done in 0.043009 secs using 36.19% CPU
Optimizing NNI: done in 0.00462389 secs using 98.55% CPU
Optimizing NNI: done in 0.00572085 secs using 100% CPU
Optimizing NNI: done in 0.0165958 secs using 34.03% CPU
Optimizing NNI: done in 0.00560713 secs using 99.98% CPU
Iteration 80 / LogL: -1008.429 / Time: 0h:0m:1s (0h:0m:0s left)
Optimizing NNI: done in 0.030251 secs using 47.1% CPU
Optimizing NNI: done in 0.0267482 secs using 39.86% CPU
Optimizing NNI: done in 0.016674 secs using 53.36% CPU
UPDATE BEST LOG-LIKELIHOOD: -1008.428
Optimizing NNI: done in 0.0112429 secs using 99.78% CPU
Optimizing NNI: done in 0.0270121 secs using 40.73% CPU
Optimizing NNI: done in 0.026654 secs using 39.97% CPU
Optimizing NNI: done in 0.011054 secs using 100% CPU
Optimizing NNI: done in 0.0269749 secs using 40.69% CPU
Optimizing NNI: done in 0.026036 secs using 38.56% CPU
Optimizing NNI: done in 0.00556397 secs using 100% CPU
Iteration 90 / LogL: -1008.429 / Time: 0h:0m:1s (0h:0m:0s left)
Optimizing NNI: done in 0.0203102 secs using 40.92% CPU
Optimizing NNI: done in 0.00521493 secs using 99.96% CPU
Optimizing NNI: done in 0.00942111 secs using 99.99% CPU
Optimizing NNI: done in 0.0273249 secs using 41.44% CPU
Optimizing NNI: done in 0.0205109 secs using 22.03% CPU
Optimizing NNI: done in 0.00769711 secs using 100% CPU
Optimizing NNI: done in 0.0241489 secs using 33.74% CPU
Optimizing NNI: done in 0.00564218 secs using 100% CPU
Optimizing NNI: done in 0.0243061 secs using 34.17% CPU
Optimizing NNI: done in 0.00648999 secs using 100% CPU
Iteration 100 / LogL: -1022.439 / Time: 0h:0m:2s (0h:0m:0s left)
Optimizing NNI: done in 0.00573206 secs using 99.98% CPU
Optimizing NNI: done in 0.025219 secs using 36.57% CPU
TREE SEARCH COMPLETED AFTER 102 ITERATIONS / Time: 0h:0m:2s

--------------------------------------------------------------------
|                    FINALIZING TREE SEARCH                        |
--------------------------------------------------------------------
Performs final model parameters optimization
Estimate model parameters (epsilon = 0.010)
1. Initial log-likelihood: -1008.428
Optimal log-likelihood: -1008.428
Parameters optimization took 1 rounds (0.001 sec)
BEST SCORE FOUND : -1008.428
Total tree length: 1.382

Total number of iterations: 102
CPU time used for tree search: 1.104 sec (0h:0m:1s)
Wall-clock time used for tree search: 2.064 sec (0h:0m:2s)
Total CPU time used: 1.134 sec (0h:0m:1s)
Total wall-clock time used: 2.115 sec (0h:0m:2s)

Analysis results written to: 
  IQ-TREE report:                ./orthofinder/Results_Jul07/WorkingDirectory/Alignments_ids/OG0000054.iqtree
  Maximum-likelihood tree:       ./orthofinder/Results_Jul07/WorkingDirectory/Alignments_ids/OG0000054.treefile
  Likelihood distances:          ./orthofinder/Results_Jul07/WorkingDirectory/Alignments_ids/OG0000054.mldist
  Screen log file:               ./orthofinder/Results_Jul07/WorkingDirectory/Alignments_ids/OG0000054.log

Date and Time: Sun Jul  7 17:49:39 2024
