IQ-TREE multicore version 2.2.0.5 COVID-edition for Linux 64-bit built Sep 26 2022
Developed by Bui Quang Minh, James Barbetti, Nguyen Lam Tung,
Olga Chernomor, Heiko Schmidt, Dominik Schrempf, Michael Woodhams, Ly Trong Nhan.

Host:    c090 (AVX2, FMA3, 503 GB RAM)
Command: iqtree -s ./orthofinder/Results_Jul07/WorkingDirectory/Alignments_ids/OG0000082.fa -pre ./orthofinder/Results_Jul07/WorkingDirectory/Alignments_ids/OG0000082
Seed:    682754 (Using SPRNG - Scalable Parallel Random Number Generator)
Time:    Sun Jul  7 17:49:45 2024
Kernel:  AVX+FMA - 1 threads (24 CPU cores detected)

HINT: Use -nt option to specify number of threads because your CPU has 24 cores!
HINT: -nt AUTO will automatically determine the best number of threads to use.

Reading alignment file ./orthofinder/Results_Jul07/WorkingDirectory/Alignments_ids/OG0000082.fa ... Fasta format detected
Reading fasta file: done in 0.000160933 secs
Alignment most likely contains protein sequences
Constructing alignment: done in 8.4877e-05 secs
Alignment has 31 sequences with 167 columns, 88 distinct patterns
48 parsimony-informative, 7 singleton sites, 112 constant sites
       Gap/Ambiguity  Composition  p-value
Analyzing sequences: done in 6.91414e-06 secs
   1  1_52    10.18%    passed     99.97%
   2  3_52    10.78%    passed    100.00%
   3  4_56    10.18%    passed    100.00%
   4  5_51    10.18%    passed    100.00%
   5  6_22    12.57%    passed    100.00%
   6  7_51     0.60%    passed     99.90%
   7  10_51   10.18%    passed    100.00%
   8  12_50   10.18%    passed    100.00%
   9  16_52    0.60%    passed     97.92%
  10  17_52    0.60%    passed     97.92%
  11  18_54   10.18%    passed    100.00%
  12  19_51   10.18%    passed    100.00%
  13  20_54   10.18%    passed    100.00%
  14  21_50   10.18%    passed     99.97%
  15  22_51   10.18%    passed    100.00%
  16  23_53   10.18%    passed    100.00%
  17  27_52   10.18%    passed    100.00%
  18  28_53   10.18%    passed     99.97%
  19  29_54   10.18%    passed    100.00%
  20  30_54   10.18%    passed    100.00%
  21  33_23   10.18%    passed    100.00%
  22  34_23   10.18%    passed    100.00%
  23  35_91   10.18%    passed    100.00%
  24  36_72   10.18%    passed    100.00%
  25  37_52   10.18%    passed    100.00%
  26  38_55   10.18%    passed    100.00%
  27  40_50   10.18%    passed    100.00%
  28  41_52   10.18%    passed    100.00%
  29  42_54   10.18%    passed    100.00%
  30  43_52   12.57%    passed     99.98%
  31  44_51   10.18%    passed    100.00%
****  TOTAL    9.43%  0 sequences failed composition chi2 test (p-value<5%; df=19)
NOTE: 21_50 is identical to 1_52 but kept for subsequent analysis
NOTE: 10_51 is identical to 5_51 but kept for subsequent analysis
NOTE: 17_52 is identical to 16_52 but kept for subsequent analysis
NOTE: 19_51 is identical to 18_54 but kept for subsequent analysis
Checking for duplicate sequences: done in 2.81334e-05 secs
Identifying sites to remove: done in 3.31402e-05 secs
NOTE: 16 identical sequences (see below) will be ignored for subsequent analysis
NOTE: 28_53 (identical to 1_52) is ignored but added at the end
NOTE: 12_50 (identical to 5_51) is ignored but added at the end
NOTE: 22_51 (identical to 5_51) is ignored but added at the end
NOTE: 27_52 (identical to 5_51) is ignored but added at the end
NOTE: 29_54 (identical to 5_51) is ignored but added at the end
NOTE: 33_23 (identical to 5_51) is ignored but added at the end
NOTE: 34_23 (identical to 5_51) is ignored but added at the end
NOTE: 40_50 (identical to 5_51) is ignored but added at the end
NOTE: 41_52 (identical to 5_51) is ignored but added at the end
NOTE: 42_54 (identical to 5_51) is ignored but added at the end
NOTE: 30_54 (identical to 18_54) is ignored but added at the end
NOTE: 35_91 (identical to 18_54) is ignored but added at the end
NOTE: 36_72 (identical to 18_54) is ignored but added at the end
NOTE: 37_52 (identical to 18_54) is ignored but added at the end
NOTE: 38_55 (identical to 18_54) is ignored but added at the end
NOTE: 44_51 (identical to 18_54) is ignored but added at the end
Alignment was printed to ./orthofinder/Results_Jul07/WorkingDirectory/Alignments_ids/OG0000082.uniqueseq.phy

For your convenience alignment with unique sequences printed to ./orthofinder/Results_Jul07/WorkingDirectory/Alignments_ids/OG0000082.uniqueseq.phy


Create initial parsimony tree by phylogenetic likelihood library (PLL)... 0.000 seconds
Perform fast likelihood tree search using LG+I+G model...
Estimate model parameters (epsilon = 5.000)
Perform nearest neighbor interchange...
Optimizing NNI: done in 0.023602 secs using 32.19% CPU
Estimate model parameters (epsilon = 1.000)
1. Initial log-likelihood: -970.265
Optimal log-likelihood: -970.265
Proportion of invariable sites: 0.333
Gamma shape alpha: 2.950
Parameters optimization took 1 rounds (0.026 sec)
Time for fast ML tree search: 0.064 seconds

NOTE: ModelFinder requires 2 MB RAM!
ModelFinder will test up to 1232 protein models (sample size: 167) ...
 No. Model         -LnL         df  AIC          AICc         BIC
  1  LG            975.944      27  2005.888     2016.766     2090.074
  2  LG+I          970.287      28  1996.573     2008.341     2083.877
  3  LG+G4         970.360      28  1996.721     2008.489     2084.024
  4  LG+I+G4       970.265      29  1998.529     2011.230     2088.951
  5  LG+R2         970.553      29  1999.107     2011.808     2089.529
  6  LG+R3         970.385      31  2002.770     2017.466     2099.427
 14  LG+I+R2       970.279      30  2000.558     2014.234     2094.098
 15  LG+I+R3       970.272      32  2004.544     2020.305     2104.320
 23  LG+F          949.258      46  1990.516     2026.550     2133.944
 24  LG+F+I        943.038      47  1980.076     2017.992     2126.622
 25  LG+F+G4       943.213      47  1980.426     2018.342     2126.971
 26  LG+F+I+G4     943.059      48  1982.118     2021.983     2131.782
 27  LG+F+R2       943.350      48  1982.699     2022.563     2132.363
 45  WAG           964.982      27  1983.965     1994.842     2068.150
 46  WAG+I         959.872      28  1975.744     1987.512     2063.048
 47  WAG+G4        959.800      28  1975.599     1987.367     2062.903
 48  WAG+I+G4      959.786      29  1977.573     1990.273     2067.994
 49  WAG+R2        959.950      29  1977.900     1990.601     2068.322
 67  WAG+F         941.284      46  1974.567     2010.600     2117.995
 68  WAG+F+I       935.919      47  1965.839     2003.755     2112.385
 69  WAG+F+G4      935.976      47  1965.952     2003.868     2112.498
 70  WAG+F+I+G4    935.893      48  1967.786     2007.651     2117.450
 71  WAG+F+R2      936.129      48  1968.258     2008.123     2117.922
 89  JTT           957.772      27  1969.544     1980.421     2053.730
 90  JTT+I         952.292      28  1960.585     1972.353     2047.889
 91  JTT+G4        952.458      28  1960.916     1972.684     2048.219
 92  JTT+I+G4      952.324      29  1962.648     1975.348     2053.069
 93  JTT+R2        952.600      29  1963.200     1975.900     2053.622
111  JTT+F         937.457      46  1966.914     2002.948     2110.342
112  JTT+F+I       931.648      47  1957.297     1995.213     2103.843
113  JTT+F+G4      931.859      47  1957.717     1995.633     2104.263
114  JTT+F+I+G4    931.695      48  1959.390     1999.254     2109.054
115  JTT+F+R2      932.024      48  1960.048     1999.912     2109.712
WARNING: Normalizing state frequencies so that sum of them equals to 1
133  Q.pfam        976.433      27  2006.867     2017.745     2091.053
WARNING: Normalizing state frequencies so that sum of them equals to 1
134  Q.pfam+I      971.096      28  1998.191     2009.959     2085.495
WARNING: Normalizing state frequencies so that sum of them equals to 1
135  Q.pfam+G4     971.147      28  1998.293     2010.061     2085.597
WARNING: Normalizing state frequencies so that sum of them equals to 1
136  Q.pfam+I+G4   971.048      29  2000.096     2012.796     2090.517
WARNING: Normalizing state frequencies so that sum of them equals to 1
137  Q.pfam+R2     971.329      29  2000.658     2013.359     2091.080
WARNING: Normalizing state frequencies so that sum of them equals to 1
155  Q.pfam+F      949.337      46  1990.673     2026.707     2134.101
WARNING: Normalizing state frequencies so that sum of them equals to 1
156  Q.pfam+F+I    943.184      47  1980.369     2018.285     2126.915
WARNING: Normalizing state frequencies so that sum of them equals to 1
157  Q.pfam+F+G4   943.310      47  1980.619     2018.535     2127.165
WARNING: Normalizing state frequencies so that sum of them equals to 1
158  Q.pfam+F+I+G4 943.162      48  1982.323     2022.188     2131.987
WARNING: Normalizing state frequencies so that sum of them equals to 1
159  Q.pfam+F+R2   943.474      48  1982.948     2022.812     2132.611
WARNING: Normalizing state frequencies so that sum of them equals to 1
177  Q.bird        956.459      27  1966.918     1977.796     2051.104
WARNING: Normalizing state frequencies so that sum of them equals to 1
178  Q.bird+I      949.504      28  1955.008     1966.776     2042.312
WARNING: Normalizing state frequencies so that sum of them equals to 1
179  Q.bird+G4     949.759      28  1955.518     1967.286     2042.822
WARNING: Normalizing state frequencies so that sum of them equals to 1
180  Q.bird+I+G4   949.584      29  1957.168     1969.869     2047.590
WARNING: Normalizing state frequencies so that sum of them equals to 1
181  Q.bird+R2     949.923      29  1957.845     1970.546     2048.267
WARNING: Normalizing state frequencies so that sum of them equals to 1
199  Q.bird+F      938.281      46  1968.562     2004.596     2111.990
WARNING: Normalizing state frequencies so that sum of them equals to 1
200  Q.bird+F+I    930.471      47  1954.942     1992.858     2101.488
WARNING: Normalizing state frequencies so that sum of them equals to 1
201  Q.bird+F+G4   930.518      47  1955.035     1992.951     2101.581
WARNING: Normalizing state frequencies so that sum of them equals to 1
202  Q.bird+F+I+G4 930.390      48  1956.779     1996.644     2106.443
WARNING: Normalizing state frequencies so that sum of them equals to 1
203  Q.bird+F+R2   930.680      48  1957.361     1997.225     2107.024
WARNING: Normalizing state frequencies so that sum of them equals to 1
221  Q.mammal      958.573      27  1971.146     1982.023     2055.331
WARNING: Normalizing state frequencies so that sum of them equals to 1
222  Q.mammal+I    952.356      28  1960.713     1972.481     2048.017
WARNING: Normalizing state frequencies so that sum of them equals to 1
223  Q.mammal+G4   952.570      28  1961.140     1972.908     2048.444
WARNING: Normalizing state frequencies so that sum of them equals to 1
224  Q.mammal+I+G4 952.403      29  1962.806     1975.507     2053.228
WARNING: Normalizing state frequencies so that sum of them equals to 1
225  Q.mammal+R2   952.714      29  1963.427     1976.128     2053.849
WARNING: Normalizing state frequencies so that sum of them equals to 1
243  Q.mammal+F    939.080      46  1970.160     2006.193     2113.587
WARNING: Normalizing state frequencies so that sum of them equals to 1
244  Q.mammal+F+I  932.083      47  1958.166     1996.082     2104.712
WARNING: Normalizing state frequencies so that sum of them equals to 1
245  Q.mammal+F+G4 932.165      47  1958.330     1996.246     2104.876
WARNING: Normalizing state frequencies so that sum of them equals to 1
246  Q.mammal+F+I+G4 932.029      48  1960.058     1999.922     2109.721
WARNING: Normalizing state frequencies so that sum of them equals to 1
247  Q.mammal+F+R2 932.310      48  1960.620     2000.485     2110.284
265  Q.insect      976.525      27  2007.051     2017.929     2091.237
266  Q.insect+I    970.778      28  1997.557     2009.325     2084.860
267  Q.insect+G4   970.906      28  1997.811     2009.579     2085.115
268  Q.insect+I+G4 970.773      29  1999.546     2012.247     2089.968
269  Q.insect+R2   971.128      29  2000.255     2012.956     2090.677
287  Q.insect+F    948.122      46  1988.245     2024.278     2131.673
288  Q.insect+F+I  942.265      47  1978.531     2016.447     2125.077
289  Q.insect+F+G4 942.445      47  1978.890     2016.806     2125.436
290  Q.insect+F+I+G4 942.278      48  1980.557     2020.421     2130.220
291  Q.insect+F+R2 942.651      48  1981.303     2021.167     2130.967
WARNING: Normalizing state frequencies so that sum of them equals to 1
309  Q.plant       965.286      27  1984.572     1995.450     2068.758
WARNING: Normalizing state frequencies so that sum of them equals to 1
310  Q.plant+I     959.357      28  1974.714     1986.482     2062.018
WARNING: Normalizing state frequencies so that sum of them equals to 1
311  Q.plant+G4    959.239      28  1974.478     1986.246     2061.782
WARNING: Normalizing state frequencies so that sum of them equals to 1
312  Q.plant+I+G4  959.191      29  1976.382     1989.083     2066.804
WARNING: Normalizing state frequencies so that sum of them equals to 1
313  Q.plant+R2    959.442      29  1976.885     1989.585     2067.306
WARNING: Normalizing state frequencies so that sum of them equals to 1
331  Q.plant+F     937.921      46  1967.842     2003.875     2111.270
WARNING: Normalizing state frequencies so that sum of them equals to 1
332  Q.plant+F+I   931.476      47  1956.951     1994.867     2103.497
WARNING: Normalizing state frequencies so that sum of them equals to 1
333  Q.plant+F+G4  931.266      47  1956.532     1994.448     2103.078
WARNING: Normalizing state frequencies so that sum of them equals to 1
334  Q.plant+F+I+G4 931.228      48  1958.455     1998.320     2108.119
WARNING: Normalizing state frequencies so that sum of them equals to 1
335  Q.plant+F+R2  931.445      48  1958.891     1998.755     2108.554
WARNING: Normalizing state frequencies so that sum of them equals to 1
353  Q.yeast       988.277      27  2030.553     2041.431     2114.739
WARNING: Normalizing state frequencies so that sum of them equals to 1
354  Q.yeast+I     982.455      28  2020.909     2032.677     2108.213
WARNING: Normalizing state frequencies so that sum of them equals to 1
355  Q.yeast+G4    982.452      28  2020.905     2032.673     2108.208
WARNING: Normalizing state frequencies so that sum of them equals to 1
356  Q.yeast+I+G4  982.373      29  2022.745     2035.446     2113.167
WARNING: Normalizing state frequencies so that sum of them equals to 1
357  Q.yeast+R2    982.618      29  2023.237     2035.938     2113.659
WARNING: Normalizing state frequencies so that sum of them equals to 1
375  Q.yeast+F     951.334      46  1994.668     2030.702     2138.096
WARNING: Normalizing state frequencies so that sum of them equals to 1
376  Q.yeast+F+I   945.250      47  1984.501     2022.417     2131.047
WARNING: Normalizing state frequencies so that sum of them equals to 1
377  Q.yeast+F+G4  945.357      47  1984.715     2022.631     2131.260
WARNING: Normalizing state frequencies so that sum of them equals to 1
378  Q.yeast+F+I+G4 945.216      48  1986.433     2026.297     2136.096
WARNING: Normalizing state frequencies so that sum of them equals to 1
379  Q.yeast+F+R2  945.512      48  1987.025     2026.889     2136.688
397  JTTDCMut      958.960      27  1971.921     1982.798     2056.107
398  JTTDCMut+I    953.403      28  1962.806     1974.574     2050.110
399  JTTDCMut+G4   953.544      28  1963.088     1974.856     2050.392
400  JTTDCMut+I+G4 953.422      29  1964.845     1977.545     2055.266
401  JTTDCMut+R2   953.697      29  1965.393     1978.094     2055.815
419  JTTDCMut+F    938.715      46  1969.430     2005.464     2112.858
420  JTTDCMut+F+I  932.826      47  1959.652     1997.568     2106.197
421  JTTDCMut+F+G4 933.032      47  1960.064     1997.980     2106.610
422  JTTDCMut+F+I+G4 932.872      48  1961.744     2001.608     2111.407
423  JTTDCMut+F+R2 933.203      48  1962.407     2002.271     2112.071
441  DCMut         972.949      27  1999.897     2010.775     2084.083
442  DCMut+I       965.671      28  1987.341     1999.110     2074.645
443  DCMut+G4      965.242      28  1986.483     1998.251     2073.787
444  DCMut+I+G4    965.304      29  1988.608     2001.309     2079.030
445  DCMut+R2      965.340      29  1988.679     2001.380     2079.101
463  DCMut+F       948.644      46  1989.289     2025.322     2132.716
464  DCMut+F+I     941.495      47  1976.991     2014.907     2123.536
465  DCMut+F+G4    941.501      47  1977.001     2014.917     2123.547
466  DCMut+F+I+G4  941.414      48  1978.829     2018.693     2128.492
467  DCMut+F+R2    941.654      48  1979.309     2019.173     2128.972
485  VT            968.878      27  1991.756     2002.634     2075.942
486  VT+I          964.142      28  1984.285     1996.053     2071.588
487  VT+G4         964.299      28  1984.598     1996.366     2071.902
488  VT+I+G4       964.166      29  1986.332     1999.033     2076.754
489  VT+R2         964.522      29  1987.043     1999.744     2077.465
507  VT+F          942.815      46  1977.630     2013.663     2121.057
508  VT+F+I        937.871      47  1969.741     2007.657     2116.287
509  VT+F+G4       938.090      47  1970.180     2008.096     2116.726
510  VT+F+I+G4     937.917      48  1971.834     2011.698     2121.498
511  VT+F+R2       938.250      48  1972.500     2012.365     2122.164
529  PMB           966.746      27  1987.492     1998.370     2071.678
530  PMB+I         961.697      28  1979.394     1991.162     2066.698
531  PMB+G4        961.821      28  1979.642     1991.411     2066.946
532  PMB+I+G4      961.699      29  1981.399     1994.100     2071.821
533  PMB+R2        962.024      29  1982.047     1994.748     2072.469
551  PMB+F         950.843      46  1993.686     2029.719     2137.113
552  PMB+F+I       945.718      47  1985.436     2023.352     2131.982
553  PMB+F+G4      945.882      47  1985.765     2023.681     2132.310
554  PMB+F+I+G4    945.735      48  1987.470     2027.335     2137.134
555  PMB+F+R2      946.083      48  1988.167     2028.031     2137.831
573  Blosum62      973.170      27  2000.340     2011.217     2084.526
574  Blosum62+I    968.135      28  1992.270     2004.038     2079.574
575  Blosum62+G4   968.314      28  1992.628     2004.396     2079.931
576  Blosum62+I+G4 968.167      29  1994.333     2007.034     2084.755
577  Blosum62+R2   968.488      29  1994.975     2007.676     2085.397
595  Blosum62+F    953.432      46  1998.864     2034.898     2142.292
596  Blosum62+F+I  948.322      47  1990.643     2028.559     2137.189
597  Blosum62+F+G4 948.557      47  1991.113     2029.029     2137.659
598  Blosum62+F+I+G4 948.374      48  1992.747     2032.612     2142.411
599  Blosum62+F+R2 948.728      48  1993.456     2033.320     2143.119
617  Dayhoff       973.005      27  2000.010     2010.887     2084.195
618  Dayhoff+I     965.705      28  1987.410     1999.178     2074.714
619  Dayhoff+G4    965.271      28  1986.542     1998.310     2073.846
620  Dayhoff+I+G4  965.334      29  1988.669     2001.370     2079.091
621  Dayhoff+R2    965.369      29  1988.738     2001.438     2079.159
639  Dayhoff+F     948.710      46  1989.421     2025.454     2132.849
640  Dayhoff+F+I   941.540      47  1977.079     2014.995     2123.625
641  Dayhoff+F+G4  941.545      47  1977.089     2015.005     2123.635
642  Dayhoff+F+I+G4 941.458      48  1978.917     2018.781     2128.580
643  Dayhoff+F+R2  941.699      48  1979.398     2019.262     2129.061
661  mtREV         996.376      27  2046.753     2057.630     2130.939
662  mtREV+I       988.992      28  2033.985     2045.753     2121.288
663  mtREV+G4      988.988      28  2033.975     2045.743     2121.279
664  mtREV+I+G4    988.832      29  2035.664     2048.365     2126.086
665  mtREV+R2      989.165      29  2036.331     2049.032     2126.753
683  mtREV+F       941.284      46  1974.568     2010.601     2117.995
684  mtREV+F+I     934.102      47  1962.203     2000.119     2108.749
685  mtREV+F+G4    933.908      47  1961.816     1999.732     2108.362
686  mtREV+F+I+G4  933.837      48  1963.675     2003.539     2113.338
687  mtREV+F+R2    934.139      48  1964.278     2004.143     2113.942
705  mtART         1018.447     27  2090.895     2101.773     2175.081
706  mtART+I       1007.646     28  2071.292     2083.060     2158.596
707  mtART+G4      1006.818     28  2069.636     2081.404     2156.940
708  mtART+I+G4    1006.733     29  2071.467     2084.168     2161.889
709  mtART+R2      1007.114     29  2072.228     2084.929     2162.650
727  mtART+F       966.736      46  2025.473     2061.506     2168.901
728  mtART+F+I     956.581      47  2007.163     2045.079     2153.709
729  mtART+F+G4    956.084      47  2006.169     2044.085     2152.714
730  mtART+F+I+G4  955.972      48  2007.944     2047.808     2157.608
731  mtART+F+R2    956.462      48  2008.925     2048.789     2158.588
749  mtZOA         995.974      27  2045.949     2056.826     2130.134
750  mtZOA+I       987.979      28  2031.958     2043.726     2119.262
751  mtZOA+G4      987.933      28  2031.865     2043.633     2119.169
752  mtZOA+I+G4    987.762      29  2033.525     2046.225     2123.946
753  mtZOA+R2      988.152      29  2034.304     2047.005     2124.726
771  mtZOA+F       953.600      46  1999.200     2035.234     2142.628
772  mtZOA+F+I     946.026      47  1986.051     2023.967     2132.597
773  mtZOA+F+G4    946.148      47  1986.297     2024.213     2132.842
774  mtZOA+F+I+G4  945.943      48  1987.885     2027.750     2137.549
775  mtZOA+F+R2    946.324      48  1988.648     2028.513     2138.312
793  mtMet         993.663      27  2041.327     2052.204     2125.513
794  mtMet+I       986.116      28  2028.231     2039.999     2115.535
795  mtMet+G4      986.456      28  2028.911     2040.679     2116.215
796  mtMet+I+G4    986.154      29  2030.308     2043.009     2120.730
797  mtMet+R2      986.616      29  2031.232     2043.932     2121.653
815  mtMet+F       941.528      46  1975.057     2011.090     2118.485
816  mtMet+F+I     934.301      47  1962.603     2000.519     2109.149
817  mtMet+F+G4    934.632      47  1963.264     2001.180     2109.810
818  mtMet+F+I+G4  934.366      48  1964.732     2004.597     2114.396
819  mtMet+F+R2    934.774      48  1965.548     2005.412     2115.212
837  mtVer         995.650      27  2045.300     2056.178     2129.486
838  mtVer+I       986.471      28  2028.942     2040.711     2116.246
839  mtVer+G4      986.860      28  2029.720     2041.489     2117.024
840  mtVer+I+G4    986.489      29  2030.978     2043.678     2121.399
841  mtVer+R2      987.174      29  2032.347     2045.048     2122.769
859  mtVer+F       944.739      46  1981.479     2017.512     2124.907
860  mtVer+F+I     936.084      47  1966.168     2004.084     2112.713
861  mtVer+F+G4    936.149      47  1966.298     2004.213     2112.843
862  mtVer+F+I+G4  935.986      48  1967.972     2007.836     2117.636
863  mtVer+F+R2    936.377      48  1968.754     2008.619     2118.418
881  mtInv         1007.841     27  2069.682     2080.559     2153.867
882  mtInv+I       1001.542     28  2059.083     2070.851     2146.387
883  mtInv+G4      1001.781     28  2059.562     2071.330     2146.865
884  mtInv+I+G4    1001.543     29  2061.086     2073.787     2151.508
885  mtInv+R2      1001.973     29  2061.945     2074.646     2152.367
903  mtInv+F       940.867      46  1973.733     2009.766     2117.161
904  mtInv+F+I     935.150      47  1964.300     2002.216     2110.845
905  mtInv+F+G4    935.468      47  1964.935     2002.851     2111.481
906  mtInv+F+I+G4  935.199      48  1966.398     2006.262     2116.061
907  mtInv+F+R2    935.657      48  1967.314     2007.178     2116.978
925  mtMAM         1002.617     27  2059.235     2070.113     2143.421
926  mtMAM+I       990.710      28  2037.419     2049.188     2124.723
927  mtMAM+G4      990.666      28  2037.331     2049.099     2124.635
928  mtMAM+I+G4    990.256      29  2038.512     2051.213     2128.934
929  mtMAM+R2      991.463      29  2040.926     2053.627     2131.348
947  mtMAM+F       951.635      46  1995.270     2031.303     2138.698
948  mtMAM+F+I     939.876      47  1973.753     2011.669     2120.299
949  mtMAM+F+G4    939.339      47  1972.678     2010.594     2119.224
950  mtMAM+F+I+G4  939.126      48  1974.253     2014.117     2123.917
951  mtMAM+F+R2    939.995      48  1975.990     2015.854     2125.654
WARNING: Normalizing state frequencies so that sum of them equals to 1
969  FLAVI         973.050      27  2000.101     2010.979     2084.287
WARNING: Normalizing state frequencies so that sum of them equals to 1
970  FLAVI+I       962.184      28  1980.368     1992.136     2067.671
WARNING: Normalizing state frequencies so that sum of them equals to 1
971  FLAVI+G4      961.885      28  1979.770     1991.538     2067.074
WARNING: Normalizing state frequencies so that sum of them equals to 1
972  FLAVI+I+G4    961.860      29  1981.720     1994.421     2072.142
WARNING: Normalizing state frequencies so that sum of them equals to 1
973  FLAVI+R2      962.047      29  1982.094     1994.795     2072.516
WARNING: Normalizing state frequencies so that sum of them equals to 1
991  FLAVI+F       947.944      46  1987.888     2023.922     2131.316
WARNING: Normalizing state frequencies so that sum of them equals to 1
992  FLAVI+F+I     936.876      47  1967.752     2005.668     2114.298
WARNING: Normalizing state frequencies so that sum of them equals to 1
993  FLAVI+F+G4    936.547      47  1967.094     2005.010     2113.640
WARNING: Normalizing state frequencies so that sum of them equals to 1
994  FLAVI+F+I+G4  936.538      48  1969.075     2008.940     2118.739
WARNING: Normalizing state frequencies so that sum of them equals to 1
995  FLAVI+F+R2    936.719      48  1969.438     2009.302     2119.101
1013  HIVb          965.620      27  1985.240     1996.117     2069.425
1014  HIVb+I        957.647      28  1971.295     1983.063     2058.598
1015  HIVb+G4       957.468      28  1970.936     1982.704     2058.240
1016  HIVb+I+G4     957.495      29  1972.991     1985.691     2063.413
1017  HIVb+R2       957.530      29  1973.060     1985.761     2063.482
1035  HIVb+F        941.976      46  1975.952     2011.986     2119.380
1036  HIVb+F+I      933.426      47  1960.853     1998.769     2107.398
1037  HIVb+F+G4     933.314      47  1960.627     1998.543     2107.173
1038  HIVb+F+I+G4   933.300      48  1962.600     2002.464     2112.263
1039  HIVb+F+R2     933.410      48  1962.820     2002.685     2112.484
1057  HIVw          989.480      27  2032.960     2043.838     2117.146
1058  HIVw+I        979.443      28  2014.886     2026.654     2102.190
1059  HIVw+G4       978.213      28  2012.427     2024.195     2099.730
1060  HIVw+I+G4     978.419      29  2014.838     2027.538     2105.259
1061  HIVw+R2       978.026      29  2014.051     2026.752     2104.473
1079  HIVw+F        956.037      46  2004.074     2040.108     2147.502
1080  HIVw+F+I      944.957      47  1983.915     2021.831     2130.461
1081  HIVw+F+G4     944.577      47  1983.154     2021.070     2129.700
1082  HIVw+F+I+G4   944.616      48  1985.232     2025.096     2134.895
1083  HIVw+F+R2     944.643      48  1985.285     2025.150     2134.949
1101  FLU           975.368      27  2004.736     2015.613     2088.921
1102  FLU+I         965.281      28  1986.562     1998.330     2073.866
1103  FLU+G4        963.840      28  1983.680     1995.449     2070.984
1104  FLU+I+G4      964.046      29  1986.093     1998.793     2076.514
1105  FLU+R2        963.623      29  1985.245     1997.946     2075.667
1123  FLU+F         953.934      46  1999.867     2035.900     2143.295
1124  FLU+F+I       943.351      47  1980.702     2018.618     2127.248
1125  FLU+F+G4      941.957      47  1977.914     2015.830     2124.460
1126  FLU+F+I+G4    942.131      48  1980.262     2020.126     2129.926
1127  FLU+F+R2      941.884      48  1979.768     2019.632     2129.432
1145  rtREV         990.504      27  2035.008     2045.885     2119.193
1146  rtREV+I       984.722      28  2025.444     2037.212     2112.748
1147  rtREV+G4      984.678      28  2025.355     2037.123     2112.659
1148  rtREV+I+G4    984.617      29  2027.234     2039.935     2117.656
1149  rtREV+R2      984.835      29  2027.671     2040.371     2118.092
1167  rtREV+F       959.540      46  2011.080     2047.113     2154.507
1168  rtREV+F+I     953.033      47  2000.065     2037.981     2146.611
1169  rtREV+F+G4    953.145      47  2000.290     2038.206     2146.836
1170  rtREV+F+I+G4  953.004      48  2002.007     2041.872     2151.671
1171  rtREV+F+R2    953.329      48  2002.658     2042.522     2152.322
1189  cpREV         964.359      27  1982.719     1993.596     2066.904
1190  cpREV+I       960.415      28  1976.830     1988.598     2064.133
1191  cpREV+G4      960.030      28  1976.060     1987.828     2063.363
1192  cpREV+I+G4    960.188      29  1978.377     1991.077     2068.799
1193  cpREV+R2      960.360      29  1978.721     1991.422     2069.143
1211  cpREV+F       934.971      46  1961.941     1997.975     2105.369
1212  cpREV+F+I     930.655      47  1955.311     1993.226     2101.856
1213  cpREV+F+G4    930.377      47  1954.754     1992.670     2101.300
1214  cpREV+F+I+G4  930.459      48  1956.918     1996.783     2106.582
1215  cpREV+F+R2    930.655      48  1957.311     1997.175     2106.975
Akaike Information Criterion:           cpREV+F+G4
Corrected Akaike Information Criterion: Q.bird+I
Bayesian Information Criterion:         Q.bird+I
Best-fit model: Q.bird+I chosen according to BIC

All model information printed to ./orthofinder/Results_Jul07/WorkingDirectory/Alignments_ids/OG0000082.model.gz
CPU time for ModelFinder: 3.851 seconds (0h:0m:3s)
Wall-clock time for ModelFinder: 9.177 seconds (0h:0m:9s)
WARNING: Normalizing state frequencies so that sum of them equals to 1

NOTE: 0 MB RAM (0 GB) is required!
Estimate model parameters (epsilon = 0.100)
1. Initial log-likelihood: -949.504
Optimal log-likelihood: -949.504
Proportion of invariable sites: 0.463
Parameters optimization took 1 rounds (0.001 sec)
Wrote distance file to... 
Computing ML distances based on estimated model parameters...
Calculating distance matrix: done in 0.00348091 secs using 99.08% CPU
Computing ML distances took 0.003499 sec (of wall-clock time) 0.003467 sec (of CPU time)
Setting up auxiliary I and S matrices: done in 2.28882e-05 secs using 100.5% CPU
Constructing RapidNJ tree: done in 3.21865e-05 secs using 93.21% CPU
Computing RapidNJ tree took 0.000081 sec (of wall-clock time) 0.000080 sec (of CPU time)
Log-likelihood of RapidNJ tree: -949.506
--------------------------------------------------------------------
|             INITIALIZING CANDIDATE TREE SET                      |
--------------------------------------------------------------------
Generating 98 parsimony trees... 0.064 second
Computing log-likelihood of 98 initial trees ... 0.143 seconds
Current best score: -949.504

Do NNI search on 20 best initial trees
Optimizing NNI: done in 0.00213981 secs using 99.03% CPU
Estimate model parameters (epsilon = 0.100)
BETTER TREE FOUND at iteration 1: -949.504
Optimizing NNI: done in 0.00211501 secs using 99.95% CPU
Optimizing NNI: done in 0.00351214 secs using 100% CPU
BETTER TREE FOUND at iteration 3: -949.504
Optimizing NNI: done in 0.00348306 secs using 100% CPU
Optimizing NNI: done in 0.0195081 secs using 17.96% CPU
Optimizing NNI: done in 0.00351596 secs using 99.97% CPU
Optimizing NNI: done in 0.00349212 secs using 99.74% CPU
Optimizing NNI: done in 0.00349402 secs using 100% CPU
Optimizing NNI: done in 0.0195131 secs using 18% CPU
Optimizing NNI: done in 0.00357509 secs using 100% CPU
Iteration 10 / LogL: -949.504 / Time: 0h:0m:0s
Optimizing NNI: done in 0.00350499 secs using 99.94% CPU
Optimizing NNI: done in 0.00346804 secs using 100% CPU
Optimizing NNI: done in 0.0159092 secs using 22.13% CPU
Optimizing NNI: done in 0.00353789 secs using 100% CPU
Optimizing NNI: done in 0.00351 secs using 100% CPU
Optimizing NNI: done in 0.00350499 secs using 100% CPU
Optimizing NNI: done in 0.01577 secs using 22.28% CPU
Optimizing NNI: done in 0.00349712 secs using 100% CPU
Optimizing NNI: done in 0.019531 secs using 18.09% CPU
Optimizing NNI: done in 0.00347519 secs using 100% CPU
Iteration 20 / LogL: -949.504 / Time: 0h:0m:0s
Finish initializing candidate tree set (18)
Current best tree score: -949.504 / CPU time: 0.373
Number of iterations: 20
--------------------------------------------------------------------
|               OPTIMIZING CANDIDATE TREE SET                      |
--------------------------------------------------------------------
Optimizing NNI: done in 0.00526309 secs using 100% CPU
Optimizing NNI: done in 0.0261831 secs using 38.88% CPU
Optimizing NNI: done in 0.00889993 secs using 99.99% CPU
Optimizing NNI: done in 0.018266 secs using 43.56% CPU
Optimizing NNI: done in 0.00758386 secs using 100% CPU
Optimizing NNI: done in 0.0209279 secs using 43.96% CPU
Optimizing NNI: done in 0.020189 secs using 40.52% CPU
Optimizing NNI: done in 0.011682 secs using 100% CPU
Optimizing NNI: done in 0.039917 secs using 19.85% CPU
Optimizing NNI: done in 0.0100231 secs using 99.98% CPU
Iteration 30 / LogL: -949.505 / Time: 0h:0m:0s (0h:0m:1s left)
Optimizing NNI: done in 0.0178449 secs using 32.78% CPU
Optimizing NNI: done in 0.036572 secs using 34.37% CPU
Optimizing NNI: done in 0.008533 secs using 99.99% CPU
Optimizing NNI: done in 0.029793 secs using 19.45% CPU
Optimizing NNI: done in 0.031013 secs using 22.62% CPU
Optimizing NNI: done in 0.00897813 secs using 99.99% CPU
UPDATE BEST LOG-LIKELIHOOD: -949.504
Optimizing NNI: done in 0.0102611 secs using 99.99% CPU
Optimizing NNI: done in 0.026104 secs using 38.71% CPU
Optimizing NNI: done in 0.0264058 secs using 39.4% CPU
Optimizing NNI: done in 0.005831 secs using 100% CPU
Iteration 40 / LogL: -949.504 / Time: 0h:0m:0s (0h:0m:1s left)
Optimizing NNI: done in 0.031472 secs using 38.55% CPU
Optimizing NNI: done in 0.027844 secs using 42.43% CPU
Optimizing NNI: done in 0.0336099 secs using 28.59% CPU
Optimizing NNI: done in 0.0272231 secs using 26.44% CPU
Optimizing NNI: done in 0.0366809 secs using 23.69% CPU
Optimizing NNI: done in 0.00783396 secs using 99.99% CPU
Optimizing NNI: done in 0.0280879 secs using 28.71% CPU
Optimizing NNI: done in 0.00741196 secs using 100% CPU
Optimizing NNI: done in 0.025404 secs using 39.21% CPU
Optimizing NNI: done in 0.0199351 secs using 37.02% CPU
Iteration 50 / LogL: -949.504 / Time: 0h:0m:1s (0h:0m:1s left)
Optimizing NNI: done in 0.005759 secs using 100% CPU
Optimizing NNI: done in 0.0325508 secs using 30.63% CPU
Optimizing NNI: done in 0.00788403 secs using 100% CPU
Optimizing NNI: done in 0.0220759 secs using 45.7% CPU
Optimizing NNI: done in 0.0160339 secs using 63.15% CPU
Optimizing NNI: done in 0.0142021 secs using 40.59% CPU
Optimizing NNI: done in 0.0241141 secs using 48.98% CPU
Optimizing NNI: done in 0.00632405 secs using 100% CPU
Optimizing NNI: done in 0.019969 secs using 29.7% CPU
Optimizing NNI: done in 0.018265 secs using 31.26% CPU
Iteration 60 / LogL: -949.504 / Time: 0h:0m:1s (0h:0m:0s left)
Optimizing NNI: done in 0.0232069 secs using 31.08% CPU
Optimizing NNI: done in 0.011359 secs using 96.73% CPU
Optimizing NNI: done in 0.0158679 secs using 24.05% CPU
Optimizing NNI: done in 0.026191 secs using 38.91% CPU
Optimizing NNI: done in 0.00579882 secs using 100% CPU
Optimizing NNI: done in 0.0260508 secs using 52.5% CPU
Optimizing NNI: done in 0.00567985 secs using 100% CPU
Optimizing NNI: done in 0.0208778 secs using 42.52% CPU
Optimizing NNI: done in 0.0316489 secs using 24.16% CPU
Optimizing NNI: done in 0.00711203 secs using 100% CPU
Iteration 70 / LogL: -949.504 / Time: 0h:0m:1s (0h:0m:0s left)
Optimizing NNI: done in 0.0311081 secs using 22.84% CPU
Optimizing NNI: done in 0.034723 secs using 30.9% CPU
Optimizing NNI: done in 0.0316079 secs using 23.95% CPU
Optimizing NNI: done in 0.0316989 secs using 35.58% CPU
Optimizing NNI: done in 0.032177 secs using 37.83% CPU
Optimizing NNI: done in 0.042237 secs using 33.71% CPU
Optimizing NNI: done in 0.0318139 secs using 24.57% CPU
UPDATE BEST LOG-LIKELIHOOD: -949.504
Optimizing NNI: done in 0.00799704 secs using 99.99% CPU
Optimizing NNI: done in 0.0321598 secs using 25.37% CPU
Optimizing NNI: done in 0.0284169 secs using 43.75% CPU
Iteration 80 / LogL: -949.505 / Time: 0h:0m:1s (0h:0m:0s left)
Optimizing NNI: done in 0.0101099 secs using 100% CPU
Optimizing NNI: done in 0.050596 secs using 19.72% CPU
Optimizing NNI: done in 0.00585294 secs using 100% CPU
Optimizing NNI: done in 0.0125458 secs using 99.95% CPU
Optimizing NNI: done in 0.0483451 secs using 16.66% CPU
Optimizing NNI: done in 0.0195179 secs using 38.55% CPU
Optimizing NNI: done in 0.023916 secs using 51.7% CPU
Optimizing NNI: done in 0.039922 secs using 19.86% CPU
Optimizing NNI: done in 0.00214314 secs using 99.99% CPU
UPDATE BEST LOG-LIKELIHOOD: -949.504
Optimizing NNI: done in 0.005723 secs using 99.98% CPU
Iteration 90 / LogL: -949.504 / Time: 0h:0m:2s (0h:0m:0s left)
Optimizing NNI: done in 0.0244179 secs using 34.45% CPU
Optimizing NNI: done in 0.0187621 secs using 54.45% CPU
Optimizing NNI: done in 0.00940585 secs using 99.99% CPU
Optimizing NNI: done in 0.031456 secs using 23.72% CPU
Optimizing NNI: done in 0.031867 secs using 24.7% CPU
Optimizing NNI: done in 0.00572586 secs using 99.9% CPU
Optimizing NNI: done in 0.00752497 secs using 100% CPU
Optimizing NNI: done in 0.029773 secs using 19.4% CPU
Optimizing NNI: done in 0.00567794 secs using 100% CPU
Optimizing NNI: done in 0.0319951 secs using 24.99% CPU
Iteration 100 / LogL: -949.504 / Time: 0h:0m:2s (0h:0m:0s left)
Optimizing NNI: done in 0.0321021 secs using 25.26% CPU
Optimizing NNI: done in 0.00423098 secs using 100% CPU
Optimizing NNI: done in 0.0319428 secs using 24.87% CPU
Optimizing NNI: done in 0.030164 secs using 33.71% CPU
TREE SEARCH COMPLETED AFTER 104 ITERATIONS / Time: 0h:0m:2s

--------------------------------------------------------------------
|                    FINALIZING TREE SEARCH                        |
--------------------------------------------------------------------
Performs final model parameters optimization
Estimate model parameters (epsilon = 0.010)
1. Initial log-likelihood: -949.504
Optimal log-likelihood: -949.504
Proportion of invariable sites: 0.463
Parameters optimization took 1 rounds (0.001 sec)
BEST SCORE FOUND : -949.504
Total tree length: 0.549

Total number of iterations: 104
CPU time used for tree search: 0.950 sec (0h:0m:0s)
Wall-clock time used for tree search: 2.300 sec (0h:0m:2s)
Total CPU time used: 0.971 sec (0h:0m:0s)
Total wall-clock time used: 2.356 sec (0h:0m:2s)

Analysis results written to: 
  IQ-TREE report:                ./orthofinder/Results_Jul07/WorkingDirectory/Alignments_ids/OG0000082.iqtree
  Maximum-likelihood tree:       ./orthofinder/Results_Jul07/WorkingDirectory/Alignments_ids/OG0000082.treefile
  Likelihood distances:          ./orthofinder/Results_Jul07/WorkingDirectory/Alignments_ids/OG0000082.mldist
  Screen log file:               ./orthofinder/Results_Jul07/WorkingDirectory/Alignments_ids/OG0000082.log

Date and Time: Sun Jul  7 17:49:57 2024
