IQ-TREE multicore version 2.2.0.5 COVID-edition for Linux 64-bit built Sep 26 2022
Developed by Bui Quang Minh, James Barbetti, Nguyen Lam Tung,
Olga Chernomor, Heiko Schmidt, Dominik Schrempf, Michael Woodhams, Ly Trong Nhan.

Host:    c090 (AVX2, FMA3, 503 GB RAM)
Command: iqtree -s ./orthofinder/Results_Jul07/WorkingDirectory/Alignments_ids/OG0000069.fa -pre ./orthofinder/Results_Jul07/WorkingDirectory/Alignments_ids/OG0000069
Seed:    592400 (Using SPRNG - Scalable Parallel Random Number Generator)
Time:    Sun Jul  7 17:49:22 2024
Kernel:  AVX+FMA - 1 threads (24 CPU cores detected)

HINT: Use -nt option to specify number of threads because your CPU has 24 cores!
HINT: -nt AUTO will automatically determine the best number of threads to use.

Reading alignment file ./orthofinder/Results_Jul07/WorkingDirectory/Alignments_ids/OG0000069.fa ... Fasta format detected
Reading fasta file: done in 0.000160933 secs
Alignment most likely contains protein sequences
Constructing alignment: done in 0.000111103 secs
Alignment has 32 sequences with 205 columns, 161 distinct patterns
32 parsimony-informative, 92 singleton sites, 81 constant sites
        Gap/Ambiguity  Composition  p-value
Analyzing sequences: done in 1.00136e-05 secs
   1  1_98     11.71%    passed    100.00%
   2  3_101     7.80%    passed    100.00%
   3  4_105    11.71%    passed    100.00%
   4  5_98      7.80%    passed    100.00%
   5  6_100     7.80%    passed    100.00%
   6  7_94      6.34%    passed    100.00%
   7  10_97     7.80%    passed    100.00%
   8  12_94     7.80%    passed    100.00%
   9  15_130    6.34%    failed      0.05%
  10  16_94     5.37%    passed    100.00%
  11  17_94     5.37%    passed    100.00%
  12  18_97     7.80%    passed    100.00%
  13  19_94     7.80%    passed    100.00%
  14  20_97     7.80%    passed    100.00%
  15  21_96    11.71%    passed    100.00%
  16  22_95     7.80%    passed    100.00%
  17  23_99    11.71%    passed    100.00%
  18  27_107    7.80%    passed    100.00%
  19  28_98    11.71%    passed     64.73%
  20  29_102   11.71%    passed    100.00%
  21  30_98     7.80%    passed    100.00%
  22  33_100    7.80%    passed    100.00%
  23  34_101    7.80%    passed    100.00%
  24  35_32    64.39%    passed     41.19%
  25  36_116    7.80%    passed    100.00%
  26  37_96     7.80%    passed    100.00%
  27  38_98     7.80%    passed    100.00%
  28  40_94     7.80%    passed    100.00%
  29  41_96     7.80%    passed    100.00%
  30  42_98     7.80%    passed    100.00%
  31  43_97    11.71%    passed    100.00%
  32  44_95     7.80%    passed    100.00%
WARNING: 1 sequences contain more than 50% gaps/ambiguity
****  TOTAL    10.18%  1 sequences failed composition chi2 test (p-value<5%; df=19)
NOTE: 21_96 is identical to 1_98 but kept for subsequent analysis
NOTE: 27_107 is identical to 3_101 but kept for subsequent analysis
NOTE: 12_94 is identical to 5_98 but kept for subsequent analysis
NOTE: 18_97 is identical to 6_100 but kept for subsequent analysis
NOTE: 17_94 is identical to 16_94 but kept for subsequent analysis
NOTE: 29_102 is identical to 23_99 but kept for subsequent analysis
Checking for duplicate sequences: done in 3.60012e-05 secs
Identifying sites to remove: done in 4.50611e-05 secs
NOTE: 12 identical sequences (see below) will be ignored for subsequent analysis
NOTE: 40_94 (identical to 3_101) is ignored but added at the end
NOTE: 22_95 (identical to 5_98) is ignored but added at the end
NOTE: 19_94 (identical to 6_100) is ignored but added at the end
NOTE: 20_97 (identical to 6_100) is ignored but added at the end
NOTE: 30_98 (identical to 6_100) is ignored but added at the end
NOTE: 36_116 (identical to 6_100) is ignored but added at the end
NOTE: 37_96 (identical to 6_100) is ignored but added at the end
NOTE: 38_98 (identical to 6_100) is ignored but added at the end
NOTE: 41_96 (identical to 6_100) is ignored but added at the end
NOTE: 42_98 (identical to 6_100) is ignored but added at the end
NOTE: 44_95 (identical to 6_100) is ignored but added at the end
NOTE: 43_97 (identical to 23_99) is ignored but added at the end
Alignment was printed to ./orthofinder/Results_Jul07/WorkingDirectory/Alignments_ids/OG0000069.uniqueseq.phy

For your convenience alignment with unique sequences printed to ./orthofinder/Results_Jul07/WorkingDirectory/Alignments_ids/OG0000069.uniqueseq.phy


Create initial parsimony tree by phylogenetic likelihood library (PLL)... 0.000 seconds
Perform fast likelihood tree search using LG+I+G model...
Estimate model parameters (epsilon = 5.000)
Perform nearest neighbor interchange...
Optimizing NNI: done in 0.239486 secs using 22.86% CPU
Estimate model parameters (epsilon = 1.000)
1. Initial log-likelihood: -1368.105
Optimal log-likelihood: -1367.984
Proportion of invariable sites: 0.193
Gamma shape alpha: 7.122
Parameters optimization took 1 rounds (0.089 sec)
Time for fast ML tree search: 0.561 seconds

NOTE: ModelFinder requires 5 MB RAM!
ModelFinder will test up to 1232 protein models (sample size: 205) ...
 No. Model         -LnL         df  AIC          AICc         BIC
  1  LG            1374.638     37  2823.276     2840.114     2946.227
  2  LG+I          1368.248     38  2812.496     2830.351     2938.770
  3  LG+G4         1368.374     38  2812.749     2830.604     2939.023
  4  LG+I+G4       1367.953     39  2813.906     2832.815     2943.504
  5  LG+R2         1368.745     39  2815.490     2834.399     2945.087
  6  LG+R3         1368.374     41  2818.748     2839.877     2954.991
 14  LG+I+R2       1367.947     40  2815.895     2835.895     2948.815
 15  LG+I+R3       1367.762     42  2819.524     2841.820     2959.090
 23  LG+F          1367.676     56  2847.351     2890.486     3033.440
 24  LG+F+I        1360.998     57  2835.997     2880.976     3025.408
 25  LG+F+G4       1361.140     57  2836.281     2881.261     3025.693
 26  LG+F+I+G4     1360.649     58  2837.297     2884.174     3030.032
 27  LG+F+R2       1361.597     58  2839.194     2886.071     3031.929
 45  WAG           1368.569     37  2811.138     2827.976     2934.089
 46  WAG+I         1364.945     38  2805.890     2823.745     2932.164
 47  WAG+G4        1365.270     38  2806.540     2824.395     2932.814
 48  WAG+I+G4      1364.947     39  2807.894     2826.803     2937.491
 49  WAG+R2        1365.480     39  2808.959     2827.868     2938.557
 67  WAG+F         1362.408     56  2836.816     2879.951     3022.904
 68  WAG+F+I       1358.530     57  2831.060     2876.040     3020.472
 69  WAG+F+G4      1358.768     57  2831.537     2876.516     3020.948
 70  WAG+F+I+G4    1358.485     58  2832.971     2879.848     3025.705
 71  WAG+F+R2      1359.033     58  2834.067     2880.943     3026.801
 89  JTT           1368.198     37  2810.396     2827.234     2933.347
 90  JTT+I         1362.216     38  2800.432     2818.287     2926.706
 91  JTT+G4        1362.937     38  2801.874     2819.729     2928.148
 92  JTT+I+G4      1362.128     39  2802.257     2821.166     2931.854
 93  JTT+R2        1363.101     39  2804.201     2823.110     2933.798
111  JTT+F         1365.968     56  2843.936     2887.071     3030.024
112  JTT+F+I       1359.027     57  2832.053     2877.033     3021.465
113  JTT+F+G4      1359.949     57  2833.897     2878.877     3023.309
114  JTT+F+I+G4    1358.932     58  2833.863     2880.740     3026.598
115  JTT+F+R2      1360.135     58  2836.269     2883.146     3029.004
WARNING: Normalizing state frequencies so that sum of them equals to 1
133  Q.pfam        1374.419     37  2822.839     2839.677     2945.790
WARNING: Normalizing state frequencies so that sum of them equals to 1
134  Q.pfam+I      1368.043     38  2812.087     2829.942     2938.361
WARNING: Normalizing state frequencies so that sum of them equals to 1
135  Q.pfam+G4     1368.032     38  2812.063     2829.919     2938.338
WARNING: Normalizing state frequencies so that sum of them equals to 1
136  Q.pfam+I+G4   1367.693     39  2813.386     2832.295     2942.983
WARNING: Normalizing state frequencies so that sum of them equals to 1
137  Q.pfam+R2     1368.375     39  2814.750     2833.659     2944.347
WARNING: Normalizing state frequencies so that sum of them equals to 1
155  Q.pfam+F      1368.414     56  2848.827     2891.962     3034.916
WARNING: Normalizing state frequencies so that sum of them equals to 1
156  Q.pfam+F+I    1361.832     57  2837.665     2882.645     3027.077
WARNING: Normalizing state frequencies so that sum of them equals to 1
157  Q.pfam+F+G4   1361.829     57  2837.657     2882.637     3027.069
WARNING: Normalizing state frequencies so that sum of them equals to 1
158  Q.pfam+F+I+G4 1361.452     58  2838.904     2885.780     3031.638
WARNING: Normalizing state frequencies so that sum of them equals to 1
159  Q.pfam+F+R2   1362.243     58  2840.486     2887.363     3033.221
WARNING: Normalizing state frequencies so that sum of them equals to 1
177  Q.bird        1381.885     37  2837.771     2854.609     2960.722
WARNING: Normalizing state frequencies so that sum of them equals to 1
178  Q.bird+I      1368.267     38  2812.534     2830.389     2938.808
WARNING: Normalizing state frequencies so that sum of them equals to 1
179  Q.bird+G4     1369.440     38  2814.880     2832.736     2941.155
WARNING: Normalizing state frequencies so that sum of them equals to 1
180  Q.bird+I+G4   1367.977     39  2813.953     2832.862     2943.550
WARNING: Normalizing state frequencies so that sum of them equals to 1
181  Q.bird+R2     1369.662     39  2817.325     2836.234     2946.922
WARNING: Normalizing state frequencies so that sum of them equals to 1
199  Q.bird+F      1377.924     56  2867.847     2910.982     3053.936
WARNING: Normalizing state frequencies so that sum of them equals to 1
200  Q.bird+F+I    1362.596     57  2839.192     2884.172     3028.604
WARNING: Normalizing state frequencies so that sum of them equals to 1
201  Q.bird+F+G4   1364.617     57  2843.234     2888.214     3032.645
WARNING: Normalizing state frequencies so that sum of them equals to 1
202  Q.bird+F+I+G4 1362.527     58  2841.053     2887.930     3033.788
WARNING: Normalizing state frequencies so that sum of them equals to 1
203  Q.bird+F+R2   1364.999     58  2845.998     2892.874     3038.732
WARNING: Normalizing state frequencies so that sum of them equals to 1
221  Q.mammal      1379.907     37  2833.813     2850.652     2956.765
WARNING: Normalizing state frequencies so that sum of them equals to 1
222  Q.mammal+I    1369.033     38  2814.065     2831.921     2940.340
WARNING: Normalizing state frequencies so that sum of them equals to 1
223  Q.mammal+G4   1369.440     38  2814.880     2832.735     2941.154
WARNING: Normalizing state frequencies so that sum of them equals to 1
224  Q.mammal+I+G4 1368.585     39  2815.170     2834.079     2944.767
WARNING: Normalizing state frequencies so that sum of them equals to 1
225  Q.mammal+R2   1369.695     39  2817.390     2836.299     2946.988
WARNING: Normalizing state frequencies so that sum of them equals to 1
243  Q.mammal+F    1374.900     56  2861.801     2904.936     3047.889
WARNING: Normalizing state frequencies so that sum of them equals to 1
244  Q.mammal+F+I  1362.684     57  2839.367     2884.347     3028.779
WARNING: Normalizing state frequencies so that sum of them equals to 1
245  Q.mammal+F+G4 1363.729     57  2841.457     2886.437     3030.869
WARNING: Normalizing state frequencies so that sum of them equals to 1
246  Q.mammal+F+I+G4 1362.414     58  2840.828     2887.705     3033.563
WARNING: Normalizing state frequencies so that sum of them equals to 1
247  Q.mammal+F+R2 1363.919     58  2843.838     2890.715     3036.573
265  Q.insect      1384.420     37  2842.841     2859.679     2965.792
266  Q.insect+I    1376.160     38  2828.321     2846.176     2954.595
267  Q.insect+G4   1376.008     38  2828.016     2845.871     2954.290
268  Q.insect+I+G4 1375.600     39  2829.200     2848.109     2958.797
269  Q.insect+R2   1376.320     39  2830.640     2849.549     2960.237
287  Q.insect+F    1373.429     56  2858.859     2901.994     3044.948
288  Q.insect+F+I  1364.770     57  2843.541     2888.520     3032.952
289  Q.insect+F+G4 1364.707     57  2843.414     2888.394     3032.826
290  Q.insect+F+I+G4 1364.211     58  2844.421     2891.298     3037.156
291  Q.insect+F+R2 1365.123     58  2846.247     2893.124     3038.982
WARNING: Normalizing state frequencies so that sum of them equals to 1
309  Q.plant       1376.341     37  2826.682     2843.520     2949.633
WARNING: Normalizing state frequencies so that sum of them equals to 1
310  Q.plant+I     1362.755     38  2801.511     2819.366     2927.785
WARNING: Normalizing state frequencies so that sum of them equals to 1
311  Q.plant+G4    1364.399     38  2804.798     2822.654     2931.072
WARNING: Normalizing state frequencies so that sum of them equals to 1
312  Q.plant+I+G4  1362.646     39  2803.292     2822.201     2932.890
WARNING: Normalizing state frequencies so that sum of them equals to 1
313  Q.plant+R2    1364.441     39  2806.882     2825.791     2936.479
WARNING: Normalizing state frequencies so that sum of them equals to 1
331  Q.plant+F     1370.258     56  2852.515     2895.650     3038.604
WARNING: Normalizing state frequencies so that sum of them equals to 1
332  Q.plant+F+I   1356.693     57  2827.386     2872.366     3016.798
WARNING: Normalizing state frequencies so that sum of them equals to 1
333  Q.plant+F+G4  1358.621     57  2831.242     2876.221     3020.653
WARNING: Normalizing state frequencies so that sum of them equals to 1
334  Q.plant+F+I+G4 1356.639     58  2829.279     2876.155     3022.013
WARNING: Normalizing state frequencies so that sum of them equals to 1
335  Q.plant+F+R2  1358.740     58  2833.480     2880.357     3026.215
WARNING: Normalizing state frequencies so that sum of them equals to 1
353  Q.yeast       1389.114     37  2852.228     2869.066     2975.179
WARNING: Normalizing state frequencies so that sum of them equals to 1
354  Q.yeast+I     1380.917     38  2837.835     2855.690     2964.109
WARNING: Normalizing state frequencies so that sum of them equals to 1
355  Q.yeast+G4    1380.803     38  2837.606     2855.461     2963.880
WARNING: Normalizing state frequencies so that sum of them equals to 1
356  Q.yeast+I+G4  1380.379     39  2838.758     2857.667     2968.355
WARNING: Normalizing state frequencies so that sum of them equals to 1
357  Q.yeast+R2    1381.093     39  2840.185     2859.094     2969.783
WARNING: Normalizing state frequencies so that sum of them equals to 1
375  Q.yeast+F     1374.481     56  2860.962     2904.097     3047.050
WARNING: Normalizing state frequencies so that sum of them equals to 1
376  Q.yeast+F+I   1366.142     57  2846.284     2891.264     3035.696
WARNING: Normalizing state frequencies so that sum of them equals to 1
377  Q.yeast+F+G4  1365.850     57  2845.700     2890.679     3035.111
WARNING: Normalizing state frequencies so that sum of them equals to 1
378  Q.yeast+F+I+G4 1365.501     58  2847.002     2893.879     3039.737
WARNING: Normalizing state frequencies so that sum of them equals to 1
379  Q.yeast+F+R2  1366.278     58  2848.556     2895.433     3041.291
397  JTTDCMut      1368.669     37  2811.337     2828.176     2934.289
398  JTTDCMut+I    1362.725     38  2801.450     2819.305     2927.724
399  JTTDCMut+G4   1363.430     38  2802.861     2820.716     2929.135
400  JTTDCMut+I+G4 1362.637     39  2803.274     2822.183     2932.871
401  JTTDCMut+R2   1363.601     39  2805.203     2824.112     2934.800
419  JTTDCMut+F    1366.199     56  2844.399     2887.534     3030.487
420  JTTDCMut+F+I  1359.269     57  2832.539     2877.518     3021.950
421  JTTDCMut+F+G4 1360.181     57  2834.363     2879.342     3023.774
422  JTTDCMut+F+I+G4 1359.173     58  2834.345     2881.222     3027.080
423  JTTDCMut+F+R2 1360.376     58  2836.752     2883.629     3029.487
441  DCMut         1390.577     37  2855.153     2871.992     2978.105
442  DCMut+I       1383.057     38  2842.115     2859.970     2968.389
443  DCMut+G4      1383.346     38  2842.693     2860.548     2968.967
444  DCMut+I+G4    1382.743     39  2843.486     2862.395     2973.083
445  DCMut+R2      1383.597     39  2845.195     2864.104     2974.792
463  DCMut+F       1380.661     56  2873.323     2916.458     3059.411
464  DCMut+F+I     1371.641     57  2857.281     2902.261     3046.693
465  DCMut+F+G4    1371.983     57  2857.966     2902.946     3047.378
466  DCMut+F+I+G4  1371.224     58  2858.447     2905.324     3051.182
467  DCMut+F+R2    1372.445     58  2860.890     2907.766     3053.624
485  VT            1369.373     37  2812.747     2829.585     2935.698
486  VT+I          1367.400     38  2810.801     2828.656     2937.075
487  VT+G4         1367.243     38  2810.487     2828.342     2936.761
488  VT+I+G4       1367.498     39  2812.996     2831.905     2942.593
489  VT+R2         1367.451     39  2812.901     2831.810     2942.499
507  VT+F          1363.980     56  2839.959     2883.095     3026.048
508  VT+F+I        1361.796     57  2837.592     2882.571     3027.003
509  VT+F+G4       1361.642     57  2837.284     2882.263     3026.695
510  VT+F+I+G4     1361.862     58  2839.723     2886.600     3032.458
511  VT+F+R2       1361.869     58  2839.738     2886.615     3032.473
529  PMB           1379.267     37  2832.533     2849.371     2955.484
530  PMB+I         1377.667     38  2831.334     2849.189     2957.608
531  PMB+G4        1377.021     38  2830.041     2847.897     2956.316
532  PMB+I+G4      1377.641     39  2833.282     2852.192     2962.880
533  PMB+R2        1377.269     39  2832.539     2851.448     2962.136
551  PMB+F         1373.292     56  2858.584     2901.719     3044.672
552  PMB+F+I       1371.686     57  2857.371     2902.351     3046.783
553  PMB+F+G4      1371.026     57  2856.052     2901.032     3045.464
554  PMB+F+I+G4    1371.643     58  2859.285     2906.162     3052.020
555  PMB+F+R2      1371.291     58  2858.583     2905.459     3051.317
573  Blosum62      1380.330     37  2834.659     2851.497     2957.610
574  Blosum62+I    1378.435     38  2832.871     2850.726     2959.145
575  Blosum62+G4   1378.058     38  2832.116     2849.972     2958.391
576  Blosum62+I+G4 1378.506     39  2835.012     2853.921     2964.610
577  Blosum62+R2   1378.312     39  2834.623     2853.532     2964.221
595  Blosum62+F    1373.885     56  2859.771     2902.906     3045.859
596  Blosum62+F+I  1372.133     57  2858.267     2903.246     3047.678
597  Blosum62+F+G4 1371.715     57  2857.429     2902.409     3046.841
598  Blosum62+F+I+G4 1372.141     58  2860.281     2907.158     3053.016
599  Blosum62+F+R2 1371.983     58  2859.967     2906.844     3052.701
617  Dayhoff       1390.529     37  2855.059     2871.897     2978.010
618  Dayhoff+I     1382.950     38  2841.901     2859.756     2968.175
619  Dayhoff+G4    1383.247     38  2842.494     2860.349     2968.768
620  Dayhoff+I+G4  1382.633     39  2843.265     2862.174     2972.863
621  Dayhoff+R2    1383.500     39  2845.000     2863.909     2974.597
639  Dayhoff+F     1380.616     56  2873.231     2916.366     3059.320
640  Dayhoff+F+I   1371.542     57  2857.085     2902.064     3046.496
641  Dayhoff+F+G4  1371.895     57  2857.789     2902.769     3047.201
642  Dayhoff+F+I+G4 1371.123     58  2858.247     2905.124     3050.981
643  Dayhoff+F+R2  1372.363     58  2860.726     2907.603     3053.461
661  mtREV         1485.584     37  3045.168     3062.006     3168.119
662  mtREV+I       1465.009     38  3006.017     3023.873     3132.292
663  mtREV+G4      1462.964     38  3001.928     3019.783     3128.202
664  mtREV+I+G4    1462.262     39  3002.524     3021.433     3132.122
665  mtREV+R2      1466.221     39  3010.443     3029.352     3140.040
683  mtREV+F       1396.488     56  2904.977     2948.112     3091.065
684  mtREV+F+I     1379.801     57  2873.601     2918.581     3063.013
685  mtREV+F+G4    1377.539     57  2869.077     2914.057     3058.489
686  mtREV+F+I+G4  1377.245     58  2870.489     2917.366     3063.224
687  mtREV+F+R2    1380.189     58  2876.377     2923.254     3069.112
705  mtART         1532.149     37  3138.298     3155.137     3261.250
706  mtART+I       1498.136     38  3072.272     3090.128     3198.547
707  mtART+G4      1486.419     38  3048.838     3066.693     3175.112
708  mtART+I+G4    1486.613     39  3051.226     3070.135     3180.823
709  mtART+R2      1498.409     39  3074.818     3093.727     3204.415
727  mtART+F       1448.673     56  3009.345     3052.481     3195.434
728  mtART+F+I     1421.309     57  2956.619     3001.598     3146.030
729  mtART+F+G4    1409.783     57  2933.566     2978.545     3122.977
730  mtART+F+I+G4  1410.189     58  2936.377     2983.254     3129.112
731  mtART+F+R2    1418.472     58  2952.945     2999.821     3145.679
749  mtZOA         1485.844     37  3045.687     3062.526     3168.639
750  mtZOA+I       1460.797     38  2997.595     3015.450     3123.869
751  mtZOA+G4      1455.941     38  2987.883     3005.738     3114.157
752  mtZOA+I+G4    1455.675     39  2989.350     3008.259     3118.947
753  mtZOA+R2      1461.974     39  3001.949     3020.858     3131.546
771  mtZOA+F       1412.141     56  2936.283     2979.418     3122.371
772  mtZOA+F+I     1392.802     57  2899.604     2944.583     3089.015
773  mtZOA+F+G4    1388.097     57  2890.195     2935.175     3079.607
774  mtZOA+F+I+G4  1388.101     58  2892.201     2939.078     3084.936
775  mtZOA+F+R2    1392.614     58  2901.229     2948.105     3093.963
793  mtMet         1480.702     37  3035.404     3052.242     3158.355
794  mtMet+I       1461.742     38  2999.485     3017.340     3125.759
795  mtMet+G4      1459.629     38  2995.258     3013.114     3121.533
796  mtMet+I+G4    1459.059     39  2996.118     3015.028     3125.716
797  mtMet+R2      1462.318     39  3002.637     3021.546     3132.234
815  mtMet+F       1394.015     56  2900.029     2943.165     3086.118
816  mtMet+F+I     1377.644     57  2869.288     2914.268     3058.700
817  mtMet+F+G4    1375.258     57  2864.516     2909.496     3053.928
818  mtMet+F+I+G4  1374.963     58  2865.925     2912.802     3058.660
819  mtMet+F+R2    1378.082     58  2872.163     2919.040     3064.898
837  mtVer         1491.356     37  3056.711     3073.550     3179.663
838  mtVer+I       1468.620     38  3013.240     3031.095     3139.514
839  mtVer+G4      1466.626     38  3009.252     3027.108     3135.527
840  mtVer+I+G4    1465.648     39  3009.295     3028.205     3138.893
841  mtVer+R2      1470.576     39  3019.152     3038.062     3148.750
859  mtVer+F       1398.812     56  2909.623     2952.758     3095.712
860  mtVer+F+I     1377.883     57  2869.765     2914.745     3059.177
861  mtVer+F+G4    1374.766     57  2863.532     2908.511     3052.943
862  mtVer+F+I+G4  1374.305     58  2864.610     2911.487     3057.345
863  mtVer+F+R2    1379.166     58  2874.332     2921.209     3067.066
881  mtInv         1491.414     37  3056.829     3073.667     3179.780
882  mtInv+I       1476.287     38  3028.574     3046.430     3154.849
883  mtInv+G4      1474.689     38  3025.377     3043.233     3151.652
884  mtInv+I+G4    1474.263     39  3026.527     3045.436     3156.124
885  mtInv+R2      1476.155     39  3030.310     3049.219     3159.908
903  mtInv+F       1388.786     56  2889.573     2932.708     3075.661
904  mtInv+F+I     1376.628     57  2867.256     2912.236     3056.668
905  mtInv+F+G4    1374.933     57  2863.866     2908.846     3053.278
906  mtInv+F+I+G4  1374.730     58  2865.461     2912.338     3058.196
907  mtInv+F+R2    1376.438     58  2868.877     2915.754     3061.611
925  mtMAM         1507.315     37  3088.630     3105.468     3211.581
926  mtMAM+I       1473.174     38  3022.348     3040.203     3148.622
927  mtMAM+G4      1469.857     38  3015.715     3033.570     3141.989
928  mtMAM+I+G4    1468.449     39  3014.897     3033.806     3144.495
929  mtMAM+R2      1480.388     39  3038.777     3057.686     3168.374
947  mtMAM+F       1417.852     56  2947.703     2990.839     3133.792
948  mtMAM+F+I     1389.411     57  2892.823     2937.802     3082.234
949  mtMAM+F+G4    1384.641     57  2883.282     2928.262     3072.694
950  mtMAM+F+I+G4  1384.218     58  2884.437     2931.314     3077.171
951  mtMAM+F+R2    1394.073     58  2904.145     2951.022     3096.880
WARNING: Normalizing state frequencies so that sum of them equals to 1
969  FLAVI         1417.534     37  2909.068     2925.907     3032.020
WARNING: Normalizing state frequencies so that sum of them equals to 1
970  FLAVI+I       1398.979     38  2873.959     2891.814     3000.233
WARNING: Normalizing state frequencies so that sum of them equals to 1
971  FLAVI+G4      1399.305     38  2874.610     2892.466     3000.884
WARNING: Normalizing state frequencies so that sum of them equals to 1
972  FLAVI+I+G4    1397.796     39  2873.593     2892.502     3003.190
WARNING: Normalizing state frequencies so that sum of them equals to 1
973  FLAVI+R2      1401.927     39  2881.853     2900.762     3011.451
WARNING: Normalizing state frequencies so that sum of them equals to 1
991  FLAVI+F       1401.129     56  2914.257     2957.392     3100.346
WARNING: Normalizing state frequencies so that sum of them equals to 1
992  FLAVI+F+I     1382.916     57  2879.831     2924.811     3069.243
WARNING: Normalizing state frequencies so that sum of them equals to 1
993  FLAVI+F+G4    1382.370     57  2878.740     2923.719     3068.151
WARNING: Normalizing state frequencies so that sum of them equals to 1
994  FLAVI+F+I+G4  1381.263     58  2878.527     2925.404     3071.261
WARNING: Normalizing state frequencies so that sum of them equals to 1
995  FLAVI+F+R2    1385.529     58  2887.058     2933.935     3079.793
1013  HIVb          1389.473     37  2852.946     2869.785     2975.898
1014  HIVb+I        1378.634     38  2833.268     2851.123     2959.542
1015  HIVb+G4       1379.747     38  2835.495     2853.350     2961.769
1016  HIVb+I+G4     1378.329     39  2834.658     2853.568     2964.256
1017  HIVb+R2       1380.021     39  2838.042     2856.951     2967.640
1035  HIVb+F        1378.886     56  2869.772     2912.907     3055.860
1036  HIVb+F+I      1366.139     57  2846.278     2891.257     3035.689
1037  HIVb+F+G4     1367.464     57  2848.928     2893.907     3038.339
1038  HIVb+F+I+G4   1365.805     58  2847.609     2894.486     3040.344
1039  HIVb+F+R2     1367.771     58  2851.542     2898.419     3044.277
1057  HIVw          1415.198     37  2904.397     2921.235     3027.348
1058  HIVw+I        1405.302     38  2886.604     2904.460     3012.879
1059  HIVw+G4       1406.069     38  2888.138     2905.994     3014.413
1060  HIVw+I+G4     1404.804     39  2887.607     2906.516     3017.205
1061  HIVw+R2       1406.791     39  2891.582     2910.491     3021.179
1079  HIVw+F        1390.984     56  2893.969     2937.104     3080.058
1080  HIVw+F+I      1379.407     57  2872.814     2917.794     3062.226
1081  HIVw+F+G4     1380.657     57  2875.314     2920.294     3064.726
1082  HIVw+F+I+G4   1379.077     58  2874.154     2921.031     3066.889
1083  HIVw+F+R2     1381.375     58  2878.750     2925.626     3071.484
1101  FLU           1385.269     37  2844.537     2861.375     2967.488
1102  FLU+I         1375.738     38  2827.476     2845.332     2953.751
1103  FLU+G4        1375.945     38  2827.891     2845.746     2954.165
1104  FLU+I+G4      1375.076     39  2828.152     2847.062     2957.750
1105  FLU+R2        1376.569     39  2831.139     2850.048     2960.736
1123  FLU+F         1384.069     56  2880.138     2923.273     3066.226
1124  FLU+F+I       1373.035     57  2860.071     2905.050     3049.482
1125  FLU+F+G4      1372.846     57  2859.691     2904.671     3049.103
1126  FLU+F+I+G4    1372.099     58  2860.198     2907.075     3052.933
1127  FLU+F+R2      1373.714     58  2863.428     2910.304     3056.162
1145  rtREV         1402.972     37  2879.944     2896.782     3002.895
1146  rtREV+I       1397.287     38  2870.575     2888.430     2996.849
1147  rtREV+G4      1397.707     38  2871.414     2889.269     2997.688
1148  rtREV+I+G4    1397.156     39  2872.311     2891.220     3001.909
1149  rtREV+R2      1397.961     39  2873.923     2892.832     3003.520
1167  rtREV+F       1379.059     56  2870.118     2913.253     3056.207
1168  rtREV+F+I     1372.821     57  2859.643     2904.622     3049.054
1169  rtREV+F+G4    1373.085     57  2860.170     2905.149     3049.581
1170  rtREV+F+I+G4  1372.552     58  2861.104     2907.980     3053.838
1171  rtREV+F+R2    1373.488     58  2862.977     2909.853     3055.711
1189  cpREV         1380.258     37  2834.516     2851.355     2957.468
1190  cpREV+I       1375.268     38  2826.537     2844.392     2952.811
1191  cpREV+G4      1374.853     38  2825.706     2843.561     2951.980
1192  cpREV+I+G4    1374.921     39  2827.843     2846.752     2957.440
1193  cpREV+R2      1375.241     39  2828.481     2847.390     2958.079
1211  cpREV+F       1370.850     56  2853.700     2896.835     3039.788
1212  cpREV+F+I     1364.995     57  2843.989     2888.969     3033.401
1213  cpREV+F+G4    1364.465     57  2842.930     2887.910     3032.342
1214  cpREV+F+I+G4  1364.493     58  2844.986     2891.863     3037.721
1215  cpREV+F+R2    1364.945     58  2845.889     2892.766     3038.624
Akaike Information Criterion:           JTT+I
Corrected Akaike Information Criterion: JTT+I
Bayesian Information Criterion:         JTT+I
Best-fit model: JTT+I chosen according to BIC

All model information printed to ./orthofinder/Results_Jul07/WorkingDirectory/Alignments_ids/OG0000069.model.gz
CPU time for ModelFinder: 10.923 seconds (0h:0m:10s)
Wall-clock time for ModelFinder: 30.983 seconds (0h:0m:30s)

NOTE: 0 MB RAM (0 GB) is required!
Estimate model parameters (epsilon = 0.100)
1. Initial log-likelihood: -1362.216
Optimal log-likelihood: -1362.216
Proportion of invariable sites: 0.197
Parameters optimization took 1 rounds (0.004 sec)
Wrote distance file to... 
Computing ML distances based on estimated model parameters...
Calculating distance matrix: done in 0.00594401 secs using 99.75% CPU
Computing ML distances took 0.005982 sec (of wall-clock time) 0.005966 sec (of CPU time)
Setting up auxiliary I and S matrices: done in 3.19481e-05 secs using 100.2% CPU
Constructing RapidNJ tree: done in 5.00679e-05 secs using 99.86% CPU
Computing RapidNJ tree took 0.000127 sec (of wall-clock time) 0.000125 sec (of CPU time)
Log-likelihood of RapidNJ tree: -1375.994
--------------------------------------------------------------------
|             INITIALIZING CANDIDATE TREE SET                      |
--------------------------------------------------------------------
Generating 98 parsimony trees... 0.129 second
Computing log-likelihood of 98 initial trees ... 0.286 seconds
Current best score: -1362.216

Do NNI search on 20 best initial trees
Optimizing NNI: done in 0.0172141 secs using 30.32% CPU
Estimate model parameters (epsilon = 0.100)
BETTER TREE FOUND at iteration 1: -1362.216
Optimizing NNI: done in 0.0347829 secs using 30.97% CPU
BETTER TREE FOUND at iteration 2: -1362.216
Optimizing NNI: done in 0.0393372 secs using 26.64% CPU
Optimizing NNI: done in 0.0302861 secs using 33.95% CPU
Optimizing NNI: done in 0.0304501 secs using 34.32% CPU
BETTER TREE FOUND at iteration 5: -1362.216
Optimizing NNI: done in 0.038532 secs using 27.08% CPU
Optimizing NNI: done in 0.010519 secs using 99.97% CPU
Optimizing NNI: done in 0.0282989 secs using 37.35% CPU
Optimizing NNI: done in 0.0345991 secs using 30.63% CPU
Optimizing NNI: done in 0.0304558 secs using 34.32% CPU
Iteration 10 / LogL: -1362.216 / Time: 0h:0m:0s
Optimizing NNI: done in 0.0345452 secs using 30.54% CPU
Optimizing NNI: done in 0.0345521 secs using 30.54% CPU
Optimizing NNI: done in 0.0344961 secs using 30.43% CPU
Optimizing NNI: done in 0.0345531 secs using 30.56% CPU
Optimizing NNI: done in 0.0343652 secs using 30.16% CPU
Optimizing NNI: done in 0.0343139 secs using 30.08% CPU
Optimizing NNI: done in 0.034488 secs using 30.4% CPU
Optimizing NNI: done in 0.0342371 secs using 29.91% CPU
Optimizing NNI: done in 0.0345159 secs using 30.48% CPU
Optimizing NNI: done in 0.034647 secs using 30.73% CPU
Iteration 20 / LogL: -1362.216 / Time: 0h:0m:1s
Finish initializing candidate tree set (20)
Current best tree score: -1362.216 / CPU time: 1.107
Number of iterations: 20
--------------------------------------------------------------------
|               OPTIMIZING CANDIDATE TREE SET                      |
--------------------------------------------------------------------
Optimizing NNI: done in 0.0226929 secs using 47.12% CPU
Optimizing NNI: done in 0.0433762 secs using 44.65% CPU
Optimizing NNI: done in 0.068161 secs using 29.57% CPU
Optimizing NNI: done in 0.068646 secs using 30.09% CPU
Optimizing NNI: done in 0.110957 secs using 25.65% CPU
Optimizing NNI: done in 0.0476441 secs using 41.22% CPU
Optimizing NNI: done in 0.0305099 secs using 34.44% CPU
Optimizing NNI: done in 0.0383749 secs using 27.03% CPU
BETTER TREE FOUND at iteration 28: -1362.216
Optimizing NNI: done in 0.0714679 secs using 40.46% CPU
Optimizing NNI: done in 0.0688679 secs using 25.5% CPU
Iteration 30 / LogL: -1362.216 / Time: 0h:0m:1s (0h:0m:6s left)
Optimizing NNI: done in 0.0694408 secs using 30.87% CPU
Optimizing NNI: done in 0.109946 secs using 34.51% CPU
Optimizing NNI: done in 0.0705779 secs using 32% CPU
Optimizing NNI: done in 0.0637131 secs using 24.59% CPU
Optimizing NNI: done in 0.0400481 secs using 40.07% CPU
Optimizing NNI: done in 0.0909691 secs using 20.83% CPU
Optimizing NNI: done in 0.0342381 secs using 29.91% CPU
Optimizing NNI: done in 0.045341 secs using 47.07% CPU
Optimizing NNI: done in 0.0981729 secs using 26.67% CPU
Optimizing NNI: done in 0.0721741 secs using 33.49% CPU
Iteration 40 / LogL: -1362.216 / Time: 0h:0m:2s (0h:0m:5s left)
Optimizing NNI: done in 0.0324359 secs using 26.01% CPU
Optimizing NNI: done in 0.093353 secs using 22.87% CPU
Optimizing NNI: done in 0.042381 secs using 43.34% CPU
Optimizing NNI: done in 0.053154 secs using 39.79% CPU
Optimizing NNI: done in 0.059783 secs using 26.4% CPU
Optimizing NNI: done in 0.072752 secs using 36.63% CPU
Optimizing NNI: done in 0.0667911 secs using 29.37% CPU
Optimizing NNI: done in 0.095171 secs using 32.65% CPU
Optimizing NNI: done in 0.061408 secs using 31.98% CPU
Optimizing NNI: done in 0.0437341 secs using 45.12% CPU
Iteration 50 / LogL: -1362.217 / Time: 0h:0m:3s (0h:0m:5s left)
Optimizing NNI: done in 0.06796 secs using 29.36% CPU
Optimizing NNI: done in 0.0649512 secs using 31.85% CPU
Optimizing NNI: done in 0.070874 secs using 37.42% CPU
Optimizing NNI: done in 0.0448401 secs using 46.47% CPU
Optimizing NNI: done in 0.0664911 secs using 22.93% CPU
Optimizing NNI: done in 0.028579 secs using 51.59% CPU
BETTER TREE FOUND at iteration 56: -1362.216
Optimizing NNI: done in 0.0387082 secs using 37.95% CPU
Optimizing NNI: done in 0.073837 secs using 39.16% CPU
Optimizing NNI: done in 0.0768631 secs using 37.56% CPU
Optimizing NNI: done in 0.0657129 secs using 33.05% CPU
Iteration 60 / LogL: -1362.216 / Time: 0h:0m:3s (0h:0m:6s left)
Optimizing NNI: done in 0.0506451 secs using 30.83% CPU
Optimizing NNI: done in 0.0519829 secs using 30.57% CPU
Optimizing NNI: done in 0.029784 secs using 46.23% CPU
Optimizing NNI: done in 0.0601621 secs using 46.81% CPU
Optimizing NNI: done in 0.0351572 secs using 54.28% CPU
Optimizing NNI: done in 0.0528872 secs using 40.08% CPU
Optimizing NNI: done in 0.033268 secs using 51.87% CPU
Optimizing NNI: done in 0.0153661 secs using 55.69% CPU
Optimizing NNI: done in 0.069659 secs using 42.57% CPU
Optimizing NNI: done in 0.036365 secs using 55.99% CPU
Iteration 70 / LogL: -1362.216 / Time: 0h:0m:4s (0h:0m:5s left)
Optimizing NNI: done in 0.0366108 secs using 56.26% CPU
Optimizing NNI: done in 0.046999 secs using 43.6% CPU
Optimizing NNI: done in 0.070287 secs using 43.09% CPU
Optimizing NNI: done in 0.0232918 secs using 45.2% CPU
Optimizing NNI: done in 0.0318639 secs using 49.76% CPU
Optimizing NNI: done in 0.0533168 secs using 55.22% CPU
Optimizing NNI: done in 0.0743392 secs using 28.09% CPU
Optimizing NNI: done in 0.0772409 secs using 32.68% CPU
Optimizing NNI: done in 0.113873 secs using 29.74% CPU
Optimizing NNI: done in 0.0765572 secs using 32.08% CPU
Iteration 80 / LogL: -1362.216 / Time: 0h:0m:4s (0h:0m:4s left)
Optimizing NNI: done in 0.064929 secs using 36.88% CPU
Optimizing NNI: done in 0.0908298 secs using 28.34% CPU
Optimizing NNI: done in 0.0394561 secs using 39.18% CPU
Optimizing NNI: done in 0.0691011 secs using 30.53% CPU
Optimizing NNI: done in 0.037534 secs using 36.05% CPU
Optimizing NNI: done in 0.0376871 secs using 36.33% CPU
Optimizing NNI: done in 0.166289 secs using 31.52% CPU
Optimizing NNI: done in 0.040421 secs using 40.64% CPU
Optimizing NNI: done in 0.0782719 secs using 33.57% CPU
Optimizing NNI: done in 0.0619349 secs using 24.78% CPU
Iteration 90 / LogL: -1362.216 / Time: 0h:0m:5s (0h:0m:4s left)
Optimizing NNI: done in 0.0671449 secs using 28.52% CPU
Optimizing NNI: done in 0.043622 secs using 44.98% CPU
Optimizing NNI: done in 0.0620458 secs using 31.29% CPU
Optimizing NNI: done in 0.09817 secs using 30.74% CPU
Optimizing NNI: done in 0.039598 secs using 39.39% CPU
Optimizing NNI: done in 0.134186 secs using 30.73% CPU
Optimizing NNI: done in 0.038588 secs using 37.81% CPU
Optimizing NNI: done in 0.0626891 secs using 36.19% CPU
Optimizing NNI: done in 0.0378079 secs using 36.52% CPU
Optimizing NNI: done in 0.038964 secs using 38.41% CPU
Iteration 100 / LogL: -1365.454 / Time: 0h:0m:6s (0h:0m:3s left)
Optimizing NNI: done in 0.034641 secs using 30.72% CPU
Optimizing NNI: done in 0.105123 secs using 31.51% CPU
Optimizing NNI: done in 0.102884 secs using 27.18% CPU
Optimizing NNI: done in 0.0451238 secs using 46.82% CPU
Optimizing NNI: done in 0.0571868 secs using 25.43% CPU
Optimizing NNI: done in 0.120911 secs using 31.8% CPU
Optimizing NNI: done in 0.0395989 secs using 39.4% CPU
Optimizing NNI: done in 0.069411 secs using 36.62% CPU
Optimizing NNI: done in 0.0460882 secs using 33.52% CPU
Optimizing NNI: done in 0.052572 secs using 55.81% CPU
Iteration 110 / LogL: -1362.216 / Time: 0h:0m:6s (0h:0m:2s left)
Optimizing NNI: done in 0.010493 secs using 100% CPU
Optimizing NNI: done in 0.06759 secs using 28.98% CPU
Optimizing NNI: done in 0.0433419 secs using 35.4% CPU
Optimizing NNI: done in 0.0680468 secs using 35.33% CPU
Optimizing NNI: done in 0.0406878 secs using 49.1% CPU
Optimizing NNI: done in 0.038204 secs using 37.19% CPU
Optimizing NNI: done in 0.0452621 secs using 46.97% CPU
Optimizing NNI: done in 0.0576952 secs using 24.33% CPU
Optimizing NNI: done in 0.0992179 secs using 35.49% CPU
Optimizing NNI: done in 0.0723898 secs using 28.18% CPU
Iteration 120 / LogL: -1362.216 / Time: 0h:0m:7s (0h:0m:2s left)
Optimizing NNI: done in 0.0433929 secs using 44.7% CPU
Optimizing NNI: done in 0.0793982 secs using 19.39% CPU
Optimizing NNI: done in 0.068826 secs using 30.25% CPU
Optimizing NNI: done in 0.0440462 secs using 45.52% CPU
Optimizing NNI: done in 0.0929072 secs using 26.81% CPU
Optimizing NNI: done in 0.0387549 secs using 38.08% CPU
Optimizing NNI: done in 0.0635779 secs using 30.8% CPU
UPDATE BEST LOG-LIKELIHOOD: -1362.216
Optimizing NNI: done in 0.010195 secs using 99.73% CPU
Optimizing NNI: done in 0.0743661 secs using 35.46% CPU
Optimizing NNI: done in 0.0689211 secs using 30.35% CPU
Iteration 130 / LogL: -1362.216 / Time: 0h:0m:8s (0h:0m:1s left)
Optimizing NNI: done in 0.0679371 secs using 29.34% CPU
Optimizing NNI: done in 0.0434592 secs using 44.77% CPU
Optimizing NNI: done in 0.067986 secs using 29.38% CPU
Optimizing NNI: done in 0.073189 secs using 34.4% CPU
Optimizing NNI: done in 0.0344999 secs using 30.44% CPU
Optimizing NNI: done in 0.069139 secs using 30.58% CPU
Optimizing NNI: done in 0.0752599 secs using 46.84% CPU
Optimizing NNI: done in 0.061372 secs using 34.81% CPU
Optimizing NNI: done in 0.033977 secs using 29.31% CPU
BETTER TREE FOUND at iteration 139: -1362.216
Optimizing NNI: done in 0.0384419 secs using 37.56% CPU
Iteration 140 / LogL: -1362.216 / Time: 0h:0m:8s (0h:0m:6s left)
Optimizing NNI: done in 0.060616 secs using 34.02% CPU
Optimizing NNI: done in 0.010709 secs using 100% CPU
Optimizing NNI: done in 0.085078 secs using 25.55% CPU
Optimizing NNI: done in 0.0673261 secs using 28.71% CPU
Optimizing NNI: done in 0.033159 secs using 27.61% CPU
Optimizing NNI: done in 0.0995202 secs using 19.62% CPU
Optimizing NNI: done in 0.056802 secs using 36.59% CPU
Optimizing NNI: done in 0.0379591 secs using 36.78% CPU
Optimizing NNI: done in 0.0693011 secs using 30.73% CPU
Optimizing NNI: done in 0.0303731 secs using 34.14% CPU
Iteration 150 / LogL: -1362.216 / Time: 0h:0m:9s (0h:0m:5s left)
Optimizing NNI: done in 0.0935998 secs using 25.95% CPU
Optimizing NNI: done in 0.084748 secs using 29.2% CPU
Optimizing NNI: done in 0.0248399 secs using 20.93% CPU
Optimizing NNI: done in 0.0396512 secs using 39.48% CPU
Optimizing NNI: done in 0.107904 secs using 29.57% CPU
Optimizing NNI: done in 0.041451 secs using 42.07% CPU
Optimizing NNI: done in 0.0443709 secs using 45.9% CPU
Optimizing NNI: done in 0.0661891 secs using 30.47% CPU
Optimizing NNI: done in 0.0731549 secs using 34.4% CPU
Optimizing NNI: done in 0.063549 secs using 24.46% CPU
Iteration 160 / LogL: -1362.216 / Time: 0h:0m:9s (0h:0m:4s left)
Optimizing NNI: done in 0.043283 secs using 44.55% CPU
Optimizing NNI: done in 0.0685711 secs using 30% CPU
Optimizing NNI: done in 0.038913 secs using 38.32% CPU
Optimizing NNI: done in 0.0349081 secs using 31.24% CPU
Optimizing NNI: done in 0.0690322 secs using 30.48% CPU
Optimizing NNI: done in 0.0754778 secs using 36.41% CPU
Optimizing NNI: done in 0.172583 secs using 30.47% CPU
Optimizing NNI: done in 0.040175 secs using 40.25% CPU
Optimizing NNI: done in 0.0354812 secs using 32.36% CPU
Optimizing NNI: done in 0.069314 secs using 30.7% CPU
Iteration 170 / LogL: -1362.216 / Time: 0h:0m:10s (0h:0m:4s left)
Optimizing NNI: done in 0.0961039 secs using 32.97% CPU
Optimizing NNI: done in 0.0334609 secs using 28.28% CPU
Optimizing NNI: done in 0.00998306 secs using 100% CPU
Optimizing NNI: done in 0.0968628 secs using 25.66% CPU
Optimizing NNI: done in 0.0662022 secs using 39.33% CPU
Optimizing NNI: done in 0.051095 secs using 29.53% CPU
Optimizing NNI: done in 0.0520961 secs using 29.49% CPU
Optimizing NNI: done in 0.067749 secs using 29.15% CPU
Optimizing NNI: done in 0.010427 secs using 100% CPU
Optimizing NNI: done in 0.0388291 secs using 38.21% CPU
Iteration 180 / LogL: -1362.216 / Time: 0h:0m:11s (0h:0m:3s left)
Optimizing NNI: done in 0.0608871 secs using 47.44% CPU
Optimizing NNI: done in 0.026432 secs using 39.32% CPU
Optimizing NNI: done in 0.0316889 secs using 49.51% CPU
Optimizing NNI: done in 0.031184 secs using 48.65% CPU
Optimizing NNI: done in 0.068419 secs using 41.53% CPU
Optimizing NNI: done in 0.042686 secs using 43.78% CPU
Optimizing NNI: done in 0.059248 secs using 25.71% CPU
Optimizing NNI: done in 0.0429661 secs using 44.15% CPU
Optimizing NNI: done in 0.0639911 secs using 24.99% CPU
Optimizing NNI: done in 0.00513101 secs using 100% CPU
Iteration 190 / LogL: -1362.216 / Time: 0h:0m:11s (0h:0m:2s left)
Optimizing NNI: done in 0.100282 secs using 36.14% CPU
Optimizing NNI: done in 0.0736668 secs using 34.82% CPU
Optimizing NNI: done in 0.0770721 secs using 37.73% CPU
Optimizing NNI: done in 0.0682211 secs using 29.64% CPU
Optimizing NNI: done in 0.0399711 secs using 39.95% CPU
Optimizing NNI: done in 0.0970981 secs using 26.04% CPU
Optimizing NNI: done in 0.0340459 secs using 41.27% CPU
Optimizing NNI: done in 0.0400259 secs using 40.03% CPU
Optimizing NNI: done in 0.067467 secs using 28.85% CPU
Optimizing NNI: done in 0.0976751 secs using 26.28% CPU
Iteration 200 / LogL: -1362.216 / Time: 0h:0m:12s (0h:0m:2s left)
Optimizing NNI: done in 0.0963781 secs using 25.29% CPU
Optimizing NNI: done in 0.0432448 secs using 44.49% CPU
Optimizing NNI: done in 0.068022 secs using 29.43% CPU
Optimizing NNI: done in 0.0640211 secs using 25.01% CPU
Optimizing NNI: done in 0.0399048 secs using 39.86% CPU
Optimizing NNI: done in 0.0463052 secs using 48.16% CPU
Optimizing NNI: done in 0.0980859 secs using 26.6% CPU
Optimizing NNI: done in 0.0429199 secs using 44.06% CPU
Optimizing NNI: done in 0.081991 secs using 26.33% CPU
Optimizing NNI: done in 0.107652 secs using 33.11% CPU
Iteration 210 / LogL: -1364.341 / Time: 0h:0m:13s (0h:0m:1s left)
Optimizing NNI: done in 0.0582521 secs using 27.53% CPU
Optimizing NNI: done in 0.030781 secs using 30.42% CPU
Optimizing NNI: done in 0.0824389 secs using 31.03% CPU
Optimizing NNI: done in 0.00515199 secs using 100% CPU
BETTER TREE FOUND at iteration 214: -1362.216
Optimizing NNI: done in 0.060853 secs using 34.18% CPU
Optimizing NNI: done in 0.0100091 secs using 99.95% CPU
Optimizing NNI: done in 0.0339651 secs using 29.35% CPU
Optimizing NNI: done in 0.0615489 secs using 32% CPU
Optimizing NNI: done in 0.0526981 secs using 29.33% CPU
Optimizing NNI: done in 0.0406041 secs using 40.89% CPU
Iteration 220 / LogL: -1368.083 / Time: 0h:0m:13s (0h:0m:5s left)
Optimizing NNI: done in 0.057724 secs using 23.78% CPU
Optimizing NNI: done in 0.00948715 secs using 99.99% CPU
Optimizing NNI: done in 0.0884161 secs using 32.15% CPU
Optimizing NNI: done in 0.063797 secs using 24.77% CPU
Optimizing NNI: done in 0.0809581 secs using 30.82% CPU
Optimizing NNI: done in 0.040355 secs using 39.07% CPU
Optimizing NNI: done in 0.071034 secs using 38.26% CPU
Optimizing NNI: done in 0.0420301 secs using 22.68% CPU
Optimizing NNI: done in 0.056649 secs using 27.92% CPU
Optimizing NNI: done in 0.110179 secs using 34.76% CPU
Iteration 230 / LogL: -1362.216 / Time: 0h:0m:14s (0h:0m:5s left)
Optimizing NNI: done in 0.0648022 secs using 32.09% CPU
Optimizing NNI: done in 0.0741141 secs using 30.44% CPU
Optimizing NNI: done in 0.0397329 secs using 39.58% CPU
Optimizing NNI: done in 0.032829 secs using 26.88% CPU
Optimizing NNI: done in 0.039871 secs using 39.81% CPU
Optimizing NNI: done in 0.0636489 secs using 30.86% CPU
Optimizing NNI: done in 0.068938 secs using 30.38% CPU
Optimizing NNI: done in 0.074672 secs using 35.73% CPU
Optimizing NNI: done in 0.0886981 secs using 23.32% CPU
Optimizing NNI: done in 0.0526571 secs using 36.11% CPU
Iteration 240 / LogL: -1373.691 / Time: 0h:0m:14s (0h:0m:4s left)
Optimizing NNI: done in 0.0345271 secs using 30.51% CPU
Optimizing NNI: done in 0.0753891 secs using 36.71% CPU
Optimizing NNI: done in 0.0339611 secs using 29.33% CPU
Optimizing NNI: done in 0.0878091 secs using 34.97% CPU
Optimizing NNI: done in 0.148487 secs using 35.35% CPU
Optimizing NNI: done in 0.073447 secs using 34.63% CPU
Optimizing NNI: done in 0.102251 secs using 25.67% CPU
Optimizing NNI: done in 0.137016 secs using 27.01% CPU
Optimizing NNI: done in 0.0731099 secs using 34.34% CPU
Optimizing NNI: done in 0.0731771 secs using 34.4% CPU
Iteration 250 / LogL: -1363.313 / Time: 0h:0m:15s (0h:0m:3s left)
Optimizing NNI: done in 0.081897 secs using 31.58% CPU
Optimizing NNI: done in 0.0926559 secs using 22.3% CPU
Optimizing NNI: done in 0.0532148 secs using 32.31% CPU
Optimizing NNI: done in 0.0450439 secs using 46.71% CPU
Optimizing NNI: done in 0.0683529 secs using 29.77% CPU
Optimizing NNI: done in 0.072047 secs using 27.83% CPU
Optimizing NNI: done in 0.100841 secs using 28.59% CPU
Optimizing NNI: done in 0.0348179 secs using 31.08% CPU
Optimizing NNI: done in 0.111729 secs using 35.54% CPU
Optimizing NNI: done in 0.0399358 secs using 39.9% CPU
Iteration 260 / LogL: -1362.217 / Time: 0h:0m:16s (0h:0m:3s left)
Optimizing NNI: done in 0.0395079 secs using 39.26% CPU
Optimizing NNI: done in 0.073745 secs using 34.91% CPU
Optimizing NNI: done in 0.0635872 secs using 24.51% CPU
Optimizing NNI: done in 0.0439789 secs using 45.41% CPU
Optimizing NNI: done in 0.0440691 secs using 45.55% CPU
Optimizing NNI: done in 0.0741298 secs using 35.24% CPU
Optimizing NNI: done in 0.0697331 secs using 31.16% CPU
Optimizing NNI: done in 0.0691218 secs using 30.56% CPU
Optimizing NNI: done in 0.0694749 secs using 30.91% CPU
Optimizing NNI: done in 0.0345819 secs using 30.59% CPU
Iteration 270 / LogL: -1362.216 / Time: 0h:0m:16s (0h:0m:2s left)
Optimizing NNI: done in 0.075753 secs using 36.62% CPU
Optimizing NNI: done in 0.0782928 secs using 28.47% CPU
Optimizing NNI: done in 0.107192 secs using 32.83% CPU
Optimizing NNI: done in 0.0698631 secs using 31.28% CPU
Optimizing NNI: done in 0.039587 secs using 39.38% CPU
Optimizing NNI: done in 0.069113 secs using 30.54% CPU
Optimizing NNI: done in 0.067502 secs using 28.9% CPU
Optimizing NNI: done in 0.0774341 secs using 37.99% CPU
Optimizing NNI: done in 0.0609322 secs using 34.35% CPU
Optimizing NNI: done in 0.0724301 secs using 28.2% CPU
Iteration 280 / LogL: -1363.210 / Time: 0h:0m:17s (0h:0m:2s left)
Optimizing NNI: done in 0.069062 secs using 30.5% CPU
Optimizing NNI: done in 0.0769541 secs using 32.44% CPU
Optimizing NNI: done in 0.0711839 secs using 32.46% CPU
Optimizing NNI: done in 0.0393679 secs using 39.04% CPU
Optimizing NNI: done in 0.069154 secs using 30.58% CPU
Optimizing NNI: done in 0.0757101 secs using 36.6% CPU
Optimizing NNI: done in 0.0612519 secs using 28.18% CPU
Optimizing NNI: done in 0.0488589 secs using 34.51% CPU
Optimizing NNI: done in 0.0339479 secs using 29.3% CPU
Optimizing NNI: done in 0.0395451 secs using 39.31% CPU
Iteration 290 / LogL: -1395.616 / Time: 0h:0m:18s (0h:0m:1s left)
Optimizing NNI: done in 0.135177 secs using 28.99% CPU
Optimizing NNI: done in 0.0399659 secs using 39.96% CPU
Optimizing NNI: done in 0.039134 secs using 38.68% CPU
Optimizing NNI: done in 0.102764 secs using 29.94% CPU
Optimizing NNI: done in 0.0420351 secs using 23.87% CPU
Optimizing NNI: done in 0.00515509 secs using 100% CPU
UPDATE BEST LOG-LIKELIHOOD: -1362.216
Optimizing NNI: done in 0.037801 secs using 36.48% CPU
Optimizing NNI: done in 0.0423341 secs using 47.92% CPU
Optimizing NNI: done in 0.0338428 secs using 29.09% CPU
Optimizing NNI: done in 0.0740371 secs using 35.16% CPU
Iteration 300 / LogL: -1362.217 / Time: 0h:0m:18s (0h:0m:0s left)
Optimizing NNI: done in 0.136264 secs using 26.64% CPU
Optimizing NNI: done in 0.0395191 secs using 39.27% CPU
Optimizing NNI: done in 0.0373271 secs using 24.99% CPU
Optimizing NNI: done in 0.0767772 secs using 37.47% CPU
Optimizing NNI: done in 0.073885 secs using 35.02% CPU
Optimizing NNI: done in 0.072005 secs using 33.34% CPU
Optimizing NNI: done in 0.100735 secs using 28.68% CPU
Optimizing NNI: done in 0.0683122 secs using 29.73% CPU
Optimizing NNI: done in 0.068707 secs using 30.15% CPU
Optimizing NNI: done in 0.044801 secs using 46.43% CPU
Iteration 310 / LogL: -1365.455 / Time: 0h:0m:19s (0h:0m:0s left)
Optimizing NNI: done in 0.0642951 secs using 25.32% CPU
Optimizing NNI: done in 0.068536 secs using 29.96% CPU
Optimizing NNI: done in 0.039871 secs using 39.81% CPU
Optimizing NNI: done in 0.00911808 secs using 100% CPU
Optimizing NNI: done in 0.031776 secs using 49.67% CPU
TREE SEARCH COMPLETED AFTER 315 ITERATIONS / Time: 0h:0m:19s

--------------------------------------------------------------------
|                    FINALIZING TREE SEARCH                        |
--------------------------------------------------------------------
Performs final model parameters optimization
Estimate model parameters (epsilon = 0.010)
1. Initial log-likelihood: -1362.216
Optimal log-likelihood: -1362.216
Proportion of invariable sites: 0.197
Parameters optimization took 1 rounds (0.021 sec)
BEST SCORE FOUND : -1362.216
Total tree length: 1.709

Total number of iterations: 315
CPU time used for tree search: 6.613 sec (0h:0m:6s)
Wall-clock time used for tree search: 19.694 sec (0h:0m:19s)
Total CPU time used: 6.652 sec (0h:0m:6s)
Total wall-clock time used: 19.799 sec (0h:0m:19s)

Analysis results written to: 
  IQ-TREE report:                ./orthofinder/Results_Jul07/WorkingDirectory/Alignments_ids/OG0000069.iqtree
  Maximum-likelihood tree:       ./orthofinder/Results_Jul07/WorkingDirectory/Alignments_ids/OG0000069.treefile
  Likelihood distances:          ./orthofinder/Results_Jul07/WorkingDirectory/Alignments_ids/OG0000069.mldist
  Screen log file:               ./orthofinder/Results_Jul07/WorkingDirectory/Alignments_ids/OG0000069.log

Date and Time: Sun Jul  7 17:50:13 2024
