IQ-TREE multicore version 2.2.0.5 COVID-edition for Linux 64-bit built Sep 26 2022
Developed by Bui Quang Minh, James Barbetti, Nguyen Lam Tung,
Olga Chernomor, Heiko Schmidt, Dominik Schrempf, Michael Woodhams, Ly Trong Nhan.

Host:    c213 (AVX2, FMA3, 503 GB RAM)
Command: iqtree2 -s orthofinder_iqtreetest/Results_Jul15/MultipleSequenceAlignments/OG0000002.fa -B 1000 -m MFP -T 1 -pre iqtree/OG0000002.fa.fa
Seed:    665567 (Using SPRNG - Scalable Parallel Random Number Generator)
Time:    Tue Jul 23 10:47:59 2024
Kernel:  AVX+FMA - 1 threads (32 CPU cores detected)

HINT: Use -nt option to specify number of threads because your CPU has 32 cores!
HINT: -nt AUTO will automatically determine the best number of threads to use.

Reading alignment file orthofinder_iqtreetest/Results_Jul15/MultipleSequenceAlignments/OG0000002.fa ... Fasta format detected
Reading fasta file: done in 0.00109196 secs using 9.982% CPU
Alignment most likely contains protein sequences
Constructing alignment: done in 0.000422001 secs using 16.59% CPU
Alignment has 47 sequences with 670 columns, 648 distinct patterns
487 parsimony-informative, 85 singleton sites, 98 constant sites
                                                               Gap/Ambiguity  Composition  p-value
Analyzing sequences: done in 6.60419e-05 secs using 18.17% CPU
   1  Chlor_AMIV_KF938901_1_Chlor_AMIV_KF938901.1_00080               24.93%    failed      0.28%
   2  Chlor_IIV22_HF920633_1_Chlor_IIV22_HF920633.1_00069             23.43%    failed      0.00%
   3  Daphi_LS484712_1_Daphi_LS484712.1_00095                         26.57%    failed      0.00%
   4  Decap_MF599468_1_Decap_MF599468.1_00163                         23.58%    failed      0.01%
   5  Irido_IIV31_HF920637_1_Irido_IIV31_HF920637.1_00059             20.15%    failed      0.14%
   6  Irido_IIV6_AF303741_1_Irido_IIV6_AF303741.1_00047               23.13%    failed      0.02%
   7  Irido_IIV6_AF303741_1_Irido_IIV6_AF303741.1_00200               26.12%    failed      0.00%
   8  Lymph_LCD4_MN803438_1_Lymph_LCD4_MN803438.1_00056               46.27%    failed      0.00%
   9  Lymph_LCD4_MN803438_1_Lymph_LCD4_MN803438.1_00101               31.94%    failed      0.00%
  10  Lymph_LDV1_L63545_1_Lymph_LDV1_L63545.1_00035                   31.49%    failed      0.00%
  11  MCV_ML1_SDDV_MN562489_1_MCV_ML1_SDDV_MN562489.1_00081           22.99%    passed     71.73%
  12  MCV_ML1_SDDV_MT521409_1_MCV_ML1_SDDV_MT521409.1_00082           22.99%    passed     71.73%
  13  MCV_ML1_SDDV_NC_027778_1_MCV_ML1_SDDV_NC_027778.1_00062         22.99%    passed     71.73%
  14  MCV_ML1_SDDV_OM037668_1_MCV_ML1_SDDV_OM037668.1_00056           22.99%    passed     71.73%
  15  MCV_MP1_BCFI_MN432490_1_MCV_MP1_BCFI_MN432490.1_00008           27.61%    passed     99.75%
  16  MCV_MP1_BCFI_MT926123_1_MCV_MP1_BCFI_MT926123.1_00008           27.61%    passed     99.47%
  17  MCV_MP1_GSPI_KT804738_1_MCV_MP1_GSPI_KT804738.1_00008           27.61%    passed     99.95%
  18  MCV_MP1_ISKNV_AF371960_1_MCV_MP1_ISKNV_AF371960.1_00008         27.61%    passed     99.47%
  19  MCV_MP1_ISKNV_MK689685_1_MCV_MP1_ISKNV_MK689685.1_00008         27.61%    passed     99.47%
  20  MCV_MP1_LBUSV_OP009387_1_MCV_MP1_LBUSV_OP009387.1_00008         27.61%    passed     99.75%
  21  MCV_MP1_LYCI_AY779031_1_MCV_MP1_LYCI_AY779031.1_00008           27.61%    passed     99.91%
  22  MCV_MP1_LYCI_MW139932_1_MCV_MP1_LYCI_MW139932.1_00008           27.61%    passed     99.95%
  23  MCV_MP1_LYCI_OL774653_1_MCV_MP1_LYCI_OL774653.1_00026           27.61%    passed     99.95%
  24  MCV_MP1_LYCI_OL774654_1_MCV_MP1_LYCI_OL774654.1_00008           27.61%    passed     99.95%
  25  MCV_MP1_LYCI_OL774655_1_MCV_MP1_LYCI_OL774655.1_00008           27.61%    passed     99.95%
  26  MCV_MP1_OSGI_AY894343_1_MCV_MP1_OSGI_AY894343.1_00008           27.61%    passed     99.95%
  27  MCV_MP1_PI_MK098185_1_MCV_MP1_PI_MK098185.1_00008               27.61%    passed     99.91%
  28  MCV_MP1_PI_MK098186_1_MCV_MP1_PI_MK098186.1_00008               27.61%    passed     99.91%
  29  MCV_MP1_PI_MK098187_1_MCV_MP1_PI_MK098187.1_00008               27.61%    passed     99.91%
  30  MCV_MP1_RBIV_AY532606_1_MCV_MP1_RBIV_AY532606.1_00007           27.61%    passed     99.95%
  31  MCV_MP1_RBIV_KC244182_1_MCV_MP1_RBIV_KC244182.1_00008           27.61%    passed     99.95%
  32  MCV_MP1_RSIV_BD143114_1_MCV_MP1_RSIV_BD143114.1_00067           27.61%    passed     99.91%
  33  MCV_MP1_RSIV_MK689686_1_MCV_MP1_RSIV_MK689686.1_00008           27.61%    passed     99.95%
  34  MCV_MP1_RSIV_MT798582_1_MCV_MP1_RSIV_MT798582.1_00018           27.61%    passed     99.95%
  35  MCV_MP1_RSIV_OK042108_1_MCV_MP1_RSIV_OK042108.1_00068           27.61%    passed     99.95%
  36  MCV_MP1_RSIV_OK042109_1_MCV_MP1_RSIV_OK042109.1_00068           27.61%    passed     99.95%
  37  MCV_MP1_RSIV_ON740976_1_MCV_MP1_RSIV_ON740976.1_00008           27.61%    passed     99.95%
  38  MCV_MP1_RSIV_ON743042_1_MCV_MP1_RSIV_ON743042.1_00008           27.61%    passed     99.95%
  39  MCV_MP1_SKIV_MT986830_1_MCV_MP1_SKIV_MT986830.1_00008           27.61%    passed     99.75%
  40  MCV_MP1_SKIV_ON075463_1_MCV_MP1_SKIV_ON075463.1_00008           27.61%    passed     99.95%
  41  MCV_MP1_TRBIV_GQ273492_1_MCV_MP1_TRBIV_GQ273492.1_00008         27.61%    passed     99.29%
  42  MCV_Unclassified_MG570131_1_MCV_Unclassified_MG570131.1_00009   27.61%    passed     99.64%
  43  MCV_Unclassified_MG570132_1_MCV_Unclassified_MG570132.1_00009   27.61%    passed     99.64%
  44  MCV_Unclassified_OQ475017_1_MCV_Unclassified_OQ475017.1_00008   27.61%    passed     99.91%
  45  MCV_Unlassified_OL310752_1_MCV_Unlassified_OL310752.1_00018     27.61%    passed     99.95%
  46  Rana_FV3_NC_005946_1_Rana_FV3_NC_005946.1_00053                 22.09%    failed      1.63%
  47  Rana_SGIV_AY521625_1_Rana_SGIV_AY521625.1_00077                 24.48%    passed     16.92%
****  TOTAL                                                           27.07%  11 sequences failed composition chi2 test (p-value<5%; df=19)
NOTE: MCV_ML1_SDDV_MT521409_1_MCV_ML1_SDDV_MT521409.1_00082 is identical to MCV_ML1_SDDV_MN562489_1_MCV_ML1_SDDV_MN562489.1_00081 but kept for subsequent analysis
NOTE: MCV_MP1_LBUSV_OP009387_1_MCV_MP1_LBUSV_OP009387.1_00008 is identical to MCV_MP1_BCFI_MN432490_1_MCV_MP1_BCFI_MN432490.1_00008 but kept for subsequent analysis
NOTE: MCV_MP1_ISKNV_AF371960_1_MCV_MP1_ISKNV_AF371960.1_00008 is identical to MCV_MP1_BCFI_MT926123_1_MCV_MP1_BCFI_MT926123.1_00008 but kept for subsequent analysis
NOTE: MCV_MP1_LYCI_MW139932_1_MCV_MP1_LYCI_MW139932.1_00008 is identical to MCV_MP1_GSPI_KT804738_1_MCV_MP1_GSPI_KT804738.1_00008 but kept for subsequent analysis
NOTE: MCV_MP1_PI_MK098185_1_MCV_MP1_PI_MK098185.1_00008 is identical to MCV_MP1_LYCI_AY779031_1_MCV_MP1_LYCI_AY779031.1_00008 but kept for subsequent analysis
NOTE: MCV_Unclassified_MG570132_1_MCV_Unclassified_MG570132.1_00009 is identical to MCV_Unclassified_MG570131_1_MCV_Unclassified_MG570131.1_00009 but kept for subsequent analysis
Checking for duplicate sequences: done in 0.000141144 secs using 15.59% CPU
Identifying sites to remove: done in 0.000205994 secs using 16.99% CPU
NOTE: 21 identical sequences (see below) will be ignored for subsequent analysis
NOTE: MCV_ML1_SDDV_NC_027778_1_MCV_ML1_SDDV_NC_027778.1_00062 (identical to MCV_ML1_SDDV_MN562489_1_MCV_ML1_SDDV_MN562489.1_00081) is ignored but added at the end
NOTE: MCV_ML1_SDDV_OM037668_1_MCV_ML1_SDDV_OM037668.1_00056 (identical to MCV_ML1_SDDV_MN562489_1_MCV_ML1_SDDV_MN562489.1_00081) is ignored but added at the end
NOTE: MCV_MP1_SKIV_MT986830_1_MCV_MP1_SKIV_MT986830.1_00008 (identical to MCV_MP1_BCFI_MN432490_1_MCV_MP1_BCFI_MN432490.1_00008) is ignored but added at the end
NOTE: MCV_MP1_ISKNV_MK689685_1_MCV_MP1_ISKNV_MK689685.1_00008 (identical to MCV_MP1_BCFI_MT926123_1_MCV_MP1_BCFI_MT926123.1_00008) is ignored but added at the end
NOTE: MCV_MP1_LYCI_OL774653_1_MCV_MP1_LYCI_OL774653.1_00026 (identical to MCV_MP1_GSPI_KT804738_1_MCV_MP1_GSPI_KT804738.1_00008) is ignored but added at the end
NOTE: MCV_MP1_LYCI_OL774654_1_MCV_MP1_LYCI_OL774654.1_00008 (identical to MCV_MP1_GSPI_KT804738_1_MCV_MP1_GSPI_KT804738.1_00008) is ignored but added at the end
NOTE: MCV_MP1_LYCI_OL774655_1_MCV_MP1_LYCI_OL774655.1_00008 (identical to MCV_MP1_GSPI_KT804738_1_MCV_MP1_GSPI_KT804738.1_00008) is ignored but added at the end
NOTE: MCV_MP1_OSGI_AY894343_1_MCV_MP1_OSGI_AY894343.1_00008 (identical to MCV_MP1_GSPI_KT804738_1_MCV_MP1_GSPI_KT804738.1_00008) is ignored but added at the end
NOTE: MCV_MP1_RBIV_KC244182_1_MCV_MP1_RBIV_KC244182.1_00008 (identical to MCV_MP1_GSPI_KT804738_1_MCV_MP1_GSPI_KT804738.1_00008) is ignored but added at the end
NOTE: MCV_MP1_RSIV_MK689686_1_MCV_MP1_RSIV_MK689686.1_00008 (identical to MCV_MP1_GSPI_KT804738_1_MCV_MP1_GSPI_KT804738.1_00008) is ignored but added at the end
NOTE: MCV_MP1_RSIV_MT798582_1_MCV_MP1_RSIV_MT798582.1_00018 (identical to MCV_MP1_GSPI_KT804738_1_MCV_MP1_GSPI_KT804738.1_00008) is ignored but added at the end
NOTE: MCV_MP1_RSIV_OK042108_1_MCV_MP1_RSIV_OK042108.1_00068 (identical to MCV_MP1_GSPI_KT804738_1_MCV_MP1_GSPI_KT804738.1_00008) is ignored but added at the end
NOTE: MCV_MP1_RSIV_OK042109_1_MCV_MP1_RSIV_OK042109.1_00068 (identical to MCV_MP1_GSPI_KT804738_1_MCV_MP1_GSPI_KT804738.1_00008) is ignored but added at the end
NOTE: MCV_MP1_RSIV_ON740976_1_MCV_MP1_RSIV_ON740976.1_00008 (identical to MCV_MP1_GSPI_KT804738_1_MCV_MP1_GSPI_KT804738.1_00008) is ignored but added at the end
NOTE: MCV_MP1_RSIV_ON743042_1_MCV_MP1_RSIV_ON743042.1_00008 (identical to MCV_MP1_GSPI_KT804738_1_MCV_MP1_GSPI_KT804738.1_00008) is ignored but added at the end
NOTE: MCV_MP1_SKIV_ON075463_1_MCV_MP1_SKIV_ON075463.1_00008 (identical to MCV_MP1_GSPI_KT804738_1_MCV_MP1_GSPI_KT804738.1_00008) is ignored but added at the end
NOTE: MCV_Unlassified_OL310752_1_MCV_Unlassified_OL310752.1_00018 (identical to MCV_MP1_GSPI_KT804738_1_MCV_MP1_GSPI_KT804738.1_00008) is ignored but added at the end
NOTE: MCV_MP1_PI_MK098186_1_MCV_MP1_PI_MK098186.1_00008 (identical to MCV_MP1_LYCI_AY779031_1_MCV_MP1_LYCI_AY779031.1_00008) is ignored but added at the end
NOTE: MCV_MP1_PI_MK098187_1_MCV_MP1_PI_MK098187.1_00008 (identical to MCV_MP1_LYCI_AY779031_1_MCV_MP1_LYCI_AY779031.1_00008) is ignored but added at the end
NOTE: MCV_MP1_RSIV_BD143114_1_MCV_MP1_RSIV_BD143114.1_00067 (identical to MCV_MP1_LYCI_AY779031_1_MCV_MP1_LYCI_AY779031.1_00008) is ignored but added at the end
NOTE: MCV_Unclassified_OQ475017_1_MCV_Unclassified_OQ475017.1_00008 (identical to MCV_MP1_LYCI_AY779031_1_MCV_MP1_LYCI_AY779031.1_00008) is ignored but added at the end
Alignment was printed to iqtree/OG0000002.fa.fa.uniqueseq.phy

For your convenience alignment with unique sequences printed to iqtree/OG0000002.fa.fa.uniqueseq.phy


Create initial parsimony tree by phylogenetic likelihood library (PLL)... 0.002 seconds
Perform fast likelihood tree search using LG+I+G model...
Estimate model parameters (epsilon = 5.000)
Perform nearest neighbor interchange...
Optimizing NNI: done in 0.497465 secs using 75.99% CPU
Estimate model parameters (epsilon = 1.000)
1. Initial log-likelihood: -14752.238
Optimal log-likelihood: -14752.071
Proportion of invariable sites: 0.011
Gamma shape alpha: 2.642
Parameters optimization took 1 rounds (0.124 sec)
Time for fast ML tree search: 0.970 seconds

NOTE: ModelFinder requires 29 MB RAM!
ModelFinder will test up to 1232 protein models (sample size: 670) ...
 No. Model         -LnL         df  AIC          AICc         BIC
  1  LG            14916.982    49  29931.963    29939.866    30152.820
  2  LG+I          14883.600    50  29867.199    29875.438    30092.563
  3  LG+G4         14758.565    50  29617.130    29625.369    29842.494
  4  LG+I+G4       14752.048    51  29606.097    29614.679    29835.968
  5  LG+R2         14767.000    51  29636.000    29644.582    29865.871
  6  LG+R3         14750.932    53  29607.865    29617.157    29846.750
  7  LG+R4         14749.883    55  29609.767    29619.799    29857.667
 14  LG+I+R2       14760.100    52  29624.200    29633.134    29858.579
 15  LG+I+R3       14747.351    54  29602.703    29612.361    29846.096
 16  LG+I+R4       14746.956    56  29605.913    29616.327    29858.320
 25  LG+F+G4       14662.642    69  29463.284    29479.384    29774.287
 26  LG+F+I+G4     14655.282    70  29450.563    29467.158    29766.073
 47  WAG+G4        14779.427    50  29658.853    29667.092    29884.217
 48  WAG+I+G4      14771.997    51  29645.994    29654.577    29875.866
 69  WAG+F+G4      14675.793    69  29489.586    29505.686    29800.588
 70  WAG+F+I+G4    14667.907    70  29475.815    29492.409    29791.324
 91  JTT+G4        14884.716    50  29869.432    29877.671    30094.795
 92  JTT+I+G4      14876.751    51  29855.502    29864.084    30085.373
113  JTT+F+G4      14776.391    69  29690.783    29706.883    30001.785
114  JTT+F+I+G4    14767.838    70  29675.676    29692.270    29991.185
WARNING: Normalizing state frequencies so that sum of them equals to 1
135  Q.pfam+G4     14767.781    50  29635.562    29643.801    29860.926
WARNING: Normalizing state frequencies so that sum of them equals to 1
136  Q.pfam+I+G4   14761.392    51  29624.784    29633.367    29854.656
WARNING: Normalizing state frequencies so that sum of them equals to 1
157  Q.pfam+F+G4   14667.006    69  29472.012    29488.112    29783.014
WARNING: Normalizing state frequencies so that sum of them equals to 1
158  Q.pfam+F+I+G4 14660.259    70  29460.518    29477.113    29776.028
WARNING: Normalizing state frequencies so that sum of them equals to 1
179  Q.bird+G4     15161.291    50  30422.582    30430.821    30647.946
WARNING: Normalizing state frequencies so that sum of them equals to 1
180  Q.bird+I+G4   15151.136    51  30404.273    30412.855    30634.144
WARNING: Normalizing state frequencies so that sum of them equals to 1
201  Q.bird+F+G4   14983.001    69  30104.001    30120.101    30415.004
WARNING: Normalizing state frequencies so that sum of them equals to 1
202  Q.bird+F+I+G4 14973.055    70  30086.109    30102.703    30401.618
WARNING: Normalizing state frequencies so that sum of them equals to 1
223  Q.mammal+G4   15116.406    50  30332.813    30341.052    30558.177
WARNING: Normalizing state frequencies so that sum of them equals to 1
224  Q.mammal+I+G4 15106.510    51  30315.021    30323.603    30544.892
WARNING: Normalizing state frequencies so that sum of them equals to 1
245  Q.mammal+F+G4 14905.857    69  29949.715    29965.815    30260.717
WARNING: Normalizing state frequencies so that sum of them equals to 1
246  Q.mammal+F+I+G4 14896.414    70  29932.829    29949.423    30248.338
267  Q.insect+G4   14808.904    50  29717.808    29726.047    29943.172
268  Q.insect+I+G4 14801.493    51  29704.986    29713.569    29934.857
289  Q.insect+F+G4 14772.094    69  29682.187    29698.287    29993.189
290  Q.insect+F+I+G4 14763.488    70  29666.975    29683.570    29982.485
WARNING: Normalizing state frequencies so that sum of them equals to 1
311  Q.plant+G4    14916.039    50  29932.077    29940.316    30157.441
WARNING: Normalizing state frequencies so that sum of them equals to 1
312  Q.plant+I+G4  14909.746    51  29921.493    29930.075    30151.364
WARNING: Normalizing state frequencies so that sum of them equals to 1
333  Q.plant+F+G4  14798.913    69  29735.827    29751.927    30046.829
WARNING: Normalizing state frequencies so that sum of them equals to 1
334  Q.plant+F+I+G4 14791.088    70  29722.177    29738.771    30037.686
WARNING: Normalizing state frequencies so that sum of them equals to 1
355  Q.yeast+G4    14736.603    50  29573.206    29581.445    29798.569
WARNING: Normalizing state frequencies so that sum of them equals to 1
356  Q.yeast+I+G4  14730.099    51  29562.199    29570.781    29792.070
WARNING: Normalizing state frequencies so that sum of them equals to 1
377  Q.yeast+F+G4  14730.388    69  29598.777    29614.877    29909.779
WARNING: Normalizing state frequencies so that sum of them equals to 1
378  Q.yeast+F+I+G4 14723.099    70  29586.197    29602.792    29901.707
399  JTTDCMut+G4   14880.976    50  29861.951    29870.191    30087.315
400  JTTDCMut+I+G4 14873.223    51  29848.447    29857.029    30078.318
421  JTTDCMut+F+G4 14773.926    69  29685.851    29701.951    29996.854
422  JTTDCMut+F+I+G4 14765.593    70  29671.186    29687.780    29986.695
443  DCMut+G4      14963.409    50  30026.818    30035.057    30252.181
444  DCMut+I+G4    14954.795    51  30011.589    30020.172    30241.460
465  DCMut+F+G4    14799.730    69  29737.461    29753.561    30048.463
466  DCMut+F+I+G4  14790.626    70  29721.251    29737.845    30036.761
487  VT+G4         14771.123    50  29642.246    29650.485    29867.610
488  VT+I+G4       14763.814    51  29629.628    29638.211    29859.499
509  VT+F+G4       14693.973    69  29525.946    29542.046    29836.948
510  VT+F+I+G4     14686.260    70  29512.519    29529.114    29828.029
531  PMB+G4        14857.766    50  29815.531    29823.770    30040.895
532  PMB+I+G4      14850.313    51  29802.626    29811.208    30032.497
553  PMB+F+G4      14713.828    69  29565.655    29581.755    29876.657
554  PMB+F+I+G4    14706.394    70  29552.788    29569.382    29868.297
575  Blosum62+G4   14813.681    50  29727.363    29735.602    29952.727
576  Blosum62+I+G4 14806.755    51  29715.511    29724.093    29945.382
597  Blosum62+F+G4 14713.220    69  29564.440    29580.540    29875.442
598  Blosum62+F+I+G4 14705.671    70  29551.342    29567.936    29866.851
619  Dayhoff+G4    14963.683    50  30027.366    30035.605    30252.730
620  Dayhoff+I+G4  14955.071    51  30012.142    30020.724    30242.013
641  Dayhoff+F+G4  14799.998    69  29737.997    29754.097    30048.999
642  Dayhoff+F+I+G4 14790.889    70  29721.778    29738.372    30037.287
663  mtREV+G4      15379.555    50  30859.109    30867.348    31084.473
664  mtREV+I+G4    15371.360    51  30844.721    30853.303    31074.592
685  mtREV+F+G4    14822.036    69  29782.073    29798.173    30093.075
686  mtREV+F+I+G4  14813.726    70  29767.453    29784.047    30082.962
707  mtART+G4      15491.157    50  31082.313    31090.552    31307.677
708  mtART+I+G4    15485.246    51  31072.492    31081.074    31302.363
729  mtART+F+G4    14927.723    69  29993.446    30009.546    30304.448
730  mtART+F+I+G4  14921.359    70  29982.717    29999.311    30298.227
751  mtZOA+G4      15303.752    50  30707.504    30715.743    30932.868
752  mtZOA+I+G4    15297.959    51  30697.917    30706.500    30927.788
773  mtZOA+F+G4    14825.935    69  29789.871    29805.971    30100.873
774  mtZOA+F+I+G4  14819.457    70  29778.914    29795.508    30094.423
795  mtMet+G4      15317.337    50  30734.674    30742.913    30960.038
796  mtMet+I+G4    15312.253    51  30726.506    30735.089    30956.378
817  mtMet+F+G4    14857.094    69  29852.187    29868.287    30163.189
818  mtMet+F+I+G4  14850.648    70  29841.297    29857.891    30156.806
839  mtVer+G4      15430.085    50  30960.171    30968.410    31185.535
840  mtVer+I+G4    15424.257    51  30950.514    30959.097    31180.386
861  mtVer+F+G4    14939.286    69  30016.571    30032.671    30327.574
862  mtVer+F+I+G4  14932.466    70  30004.933    30021.527    30320.442
883  mtInv+G4      15411.590    50  30923.180    30931.419    31148.544
884  mtInv+I+G4    15406.827    51  30915.655    30924.237    31145.526
905  mtInv+F+G4    14797.760    69  29733.520    29749.620    30044.522
906  mtInv+F+I+G4  14791.017    70  29722.035    29738.629    30037.544
927  mtMAM+G4      15586.107    50  31272.214    31280.453    31497.578
928  mtMAM+I+G4    15579.514    51  31261.027    31269.610    31490.898
949  mtMAM+F+G4    14992.121    69  30122.243    30138.343    30433.245
950  mtMAM+F+I+G4  14983.654    70  30107.308    30123.903    30422.818
WARNING: Normalizing state frequencies so that sum of them equals to 1
971  FLAVI+G4      15298.613    50  30697.226    30705.465    30922.590
WARNING: Normalizing state frequencies so that sum of them equals to 1
972  FLAVI+I+G4    15293.721    51  30689.442    30698.025    30919.313
WARNING: Normalizing state frequencies so that sum of them equals to 1
993  FLAVI+F+G4    15077.202    69  30292.404    30308.504    30603.406
WARNING: Normalizing state frequencies so that sum of them equals to 1
994  FLAVI+F+I+G4  15071.308    70  30282.617    30299.211    30598.126
1015  HIVb+G4       15089.117    50  30278.234    30286.474    30503.598
1016  HIVb+I+G4     15080.268    51  30262.535    30271.118    30492.406
1037  HIVb+F+G4     14884.973    69  29907.946    29924.046    30218.948
1038  HIVb+F+I+G4   14876.611    70  29893.223    29909.817    30208.732
1059  HIVw+G4       15375.427    50  30850.854    30859.093    31076.218
1060  HIVw+I+G4     15364.200    51  30830.400    30838.982    31060.271
1081  HIVw+F+G4     15153.386    69  30444.772    30460.872    30755.774
1082  HIVw+F+I+G4   15143.317    70  30426.634    30443.228    30742.143
1103  FLU+G4        14885.227    50  29870.454    29878.693    30095.817
1104  FLU+I+G4      14876.529    51  29855.057    29863.640    30084.928
1125  FLU+F+G4      14806.536    69  29751.072    29767.172    30062.074
1126  FLU+F+I+G4    14798.352    70  29736.705    29753.299    30052.214
1147  rtREV+G4      14872.896    50  29845.793    29854.032    30071.157
1148  rtREV+I+G4    14865.861    51  29833.723    29842.305    30063.594
1169  rtREV+F+G4    14707.542    69  29553.084    29569.184    29864.086
1170  rtREV+F+I+G4  14700.759    70  29541.517    29558.111    29857.026
1191  cpREV+G4      14848.545    50  29797.090    29805.329    30022.453
1192  cpREV+I+G4    14844.069    51  29790.137    29798.720    30020.008
1213  cpREV+F+G4    14724.920    69  29587.840    29603.940    29898.842
1214  cpREV+F+I+G4  14719.448    70  29578.897    29595.491    29894.406
Akaike Information Criterion:           LG+F+I+G4
Corrected Akaike Information Criterion: LG+F+I+G4
Bayesian Information Criterion:         LG+F+I+G4
Best-fit model: LG+F+I+G4 chosen according to BIC

All model information printed to iqtree/OG0000002.fa.fa.model.gz
CPU time for ModelFinder: 39.047 seconds (0h:0m:39s)
Wall-clock time for ModelFinder: 45.226 seconds (0h:0m:45s)
Generating 1000 samples for ultrafast bootstrap (seed: 665567)...

NOTE: 13 MB RAM (0 GB) is required!
Estimate model parameters (epsilon = 0.100)
Thoroughly optimizing +I+G parameters from 10 start values...
Init pinv, alpha: 0.000, 2.461 / Estimate: 0.009, 2.433 / LogL: -14655.300
Init pinv, alpha: 0.016, 2.461 / Estimate: 0.011, 2.460 / LogL: -14655.296
Init pinv, alpha: 0.033, 2.461 / Estimate: 0.011, 2.457 / LogL: -14655.285
Init pinv, alpha: 0.049, 2.461 / Estimate: 0.011, 2.461 / LogL: -14655.290
Init pinv, alpha: 0.065, 2.461 / Estimate: 0.011, 2.463 / LogL: -14655.294
Init pinv, alpha: 0.081, 2.461 / Estimate: 0.011, 2.466 / LogL: -14655.299
Init pinv, alpha: 0.098, 2.461 / Estimate: 0.011, 2.458 / LogL: -14655.285
Init pinv, alpha: 0.114, 2.461 / Estimate: 0.011, 2.459 / LogL: -14655.286
Init pinv, alpha: 0.130, 2.461 / Estimate: 0.011, 2.460 / LogL: -14655.287
Init pinv, alpha: 0.146, 2.461 / Estimate: 0.011, 2.460 / LogL: -14655.288
Optimal pinv,alpha: 0.011, 2.457 / LogL: -14655.285

Parameters optimization took 4.397 sec
Wrote distance file to... 
Computing ML distances based on estimated model parameters...
Calculating distance matrix: done in 0.0665569 secs using 63.9% CPU
Computing ML distances took 0.066682 sec (of wall-clock time) 0.042656 sec (of CPU time)
Setting up auxiliary I and S matrices: done in 4.79221e-05 secs using 206.6% CPU
Constructing RapidNJ tree: done in 0.000115871 secs using 202.8% CPU
Computing RapidNJ tree took 0.000215 sec (of wall-clock time) 0.000433 sec (of CPU time)
Log-likelihood of RapidNJ tree: -14659.596
--------------------------------------------------------------------
|             INITIALIZING CANDIDATE TREE SET                      |
--------------------------------------------------------------------
Generating 98 parsimony trees... 0.255 second
Computing log-likelihood of 98 initial trees ... 2.067 seconds
Current best score: -14655.285

Do NNI search on 20 best initial trees
Optimizing NNI: done in 0.116239 secs using 86.23% CPU
Estimate model parameters (epsilon = 0.100)
BETTER TREE FOUND at iteration 1: -14655.281
Optimizing NNI: done in 0.325585 secs using 72.96% CPU
Optimizing NNI: done in 0.573158 secs using 89.53% CPU
BETTER TREE FOUND at iteration 3: -14655.281
Optimizing NNI: done in 0.645412 secs using 79.55% CPU
UPDATE BEST LOG-LIKELIHOOD: -14655.281
Optimizing NNI: done in 0.635296 secs using 81.11% CPU
Optimizing NNI: done in 0.684334 secs using 75.45% CPU
Optimizing NNI: done in 0.632448 secs using 80.97% CPU
Optimizing NNI: done in 0.580446 secs using 83.44% CPU
UPDATE BEST LOG-LIKELIHOOD: -14655.281
Optimizing NNI: done in 0.693547 secs using 69.95% CPU
Optimizing NNI: done in 0.615098 secs using 79.18% CPU
UPDATE BEST LOG-LIKELIHOOD: -14655.281
Iteration 10 / LogL: -14655.281 / Time: 0h:0m:12s
Optimizing NNI: done in 0.711508 secs using 69.08% CPU
Optimizing NNI: done in 0.594808 secs using 82.48% CPU
Optimizing NNI: done in 0.666275 secs using 72.86% CPU
Optimizing NNI: done in 0.483278 secs using 99.81% CPU
Optimizing NNI: done in 0.540521 secs using 88.87% CPU
Optimizing NNI: done in 0.512383 secs using 93.74% CPU
Optimizing NNI: done in 0.60821 secs using 79.37% CPU
Optimizing NNI: done in 0.563225 secs using 85.08% CPU
Optimizing NNI: done in 0.496807 secs using 98.36% CPU
Optimizing NNI: done in 0.536296 secs using 90.99% CPU
UPDATE BEST LOG-LIKELIHOOD: -14655.281
Iteration 20 / LogL: -14655.281 / Time: 0h:0m:18s
Finish initializing candidate tree set (4)
Current best tree score: -14655.281 / CPU time: 13.809
Number of iterations: 20
--------------------------------------------------------------------
|               OPTIMIZING CANDIDATE TREE SET                      |
--------------------------------------------------------------------
Optimizing NNI: done in 0.442401 secs using 99.9% CPU
Optimizing NNI: done in 0.477756 secs using 90.78% CPU
Optimizing NNI: done in 0.583655 secs using 87.64% CPU
Optimizing NNI: done in 0.592859 secs using 85.14% CPU
Optimizing NNI: done in 0.664184 secs using 97.58% CPU
Optimizing NNI: done in 0.535912 secs using 88.13% CPU
Optimizing NNI: done in 0.58362 secs using 91.73% CPU
Optimizing NNI: done in 0.853491 secs using 81.72% CPU
Optimizing NNI: done in 0.43653 secs using 99.99% CPU
Optimizing NNI: done in 1.00383 secs using 75.77% CPU
Iteration 30 / LogL: -14690.618 / Time: 0h:0m:24s (0h:1m:2s left)
Optimizing NNI: done in 0.810813 secs using 74.78% CPU
Optimizing NNI: done in 0.485554 secs using 80.3% CPU
Optimizing NNI: done in 0.776053 secs using 79.38% CPU
Optimizing NNI: done in 0.641096 secs using 76.91% CPU
Optimizing NNI: done in 0.729026 secs using 88.49% CPU
Optimizing NNI: done in 0.669011 secs using 99.94% CPU
Optimizing NNI: done in 0.737986 secs using 100% CPU
Optimizing NNI: done in 0.636724 secs using 72.7% CPU
Optimizing NNI: done in 0.672052 secs using 76.78% CPU
Optimizing NNI: done in 0.734426 secs using 77.84% CPU
Iteration 40 / LogL: -14655.283 / Time: 0h:0m:31s (0h:0m:51s left)
Optimizing NNI: done in 0.774609 secs using 99.48% CPU
Optimizing NNI: done in 0.304151 secs using 99.99% CPU
Optimizing NNI: done in 0.634868 secs using 99.99% CPU
Optimizing NNI: done in 0.749205 secs using 99.99% CPU
Optimizing NNI: done in 0.319414 secs using 100% CPU
Optimizing NNI: done in 0.864242 secs using 99.99% CPU
Optimizing NNI: done in 0.580478 secs using 99.99% CPU
Optimizing NNI: done in 0.427664 secs using 99.99% CPU
Optimizing NNI: done in 0.73286 secs using 99.99% CPU
Optimizing NNI: done in 0.450524 secs using 100% CPU
Iteration 50 / LogL: -14655.281 / Time: 0h:0m:37s (0h:0m:40s left)
Log-likelihood cutoff on original alignment: -14685.497
Optimizing NNI: done in 0.623977 secs using 99.99% CPU
Optimizing NNI: done in 0.555267 secs using 99.99% CPU
Optimizing NNI: done in 0.504559 secs using 100% CPU
Optimizing NNI: done in 0.50962 secs using 99.99% CPU
Optimizing NNI: done in 0.624804 secs using 99.99% CPU
Optimizing NNI: done in 0.65761 secs using 99.99% CPU
Optimizing NNI: done in 0.51502 secs using 99.99% CPU
Optimizing NNI: done in 0.539943 secs using 100% CPU
Optimizing NNI: done in 0.431702 secs using 98.79% CPU
Optimizing NNI: done in 0.668841 secs using 99.99% CPU
Iteration 60 / LogL: -14677.795 / Time: 0h:0m:43s (0h:0m:31s left)
Optimizing NNI: done in 0.557512 secs using 99.99% CPU
Optimizing NNI: done in 0.542586 secs using 100% CPU
Optimizing NNI: done in 0.664077 secs using 99.99% CPU
Optimizing NNI: done in 0.363678 secs using 99.99% CPU
Optimizing NNI: done in 0.635245 secs using 99.99% CPU
Optimizing NNI: done in 0.401947 secs using 100% CPU
Optimizing NNI: done in 0.782135 secs using 99.99% CPU
Optimizing NNI: done in 0.503881 secs using 99.99% CPU
Optimizing NNI: done in 0.686255 secs using 83.68% CPU
Optimizing NNI: done in 0.692692 secs using 81.48% CPU
Iteration 70 / LogL: -14655.281 / Time: 0h:0m:49s (0h:0m:23s left)
Optimizing NNI: done in 0.833886 secs using 85.1% CPU
Optimizing NNI: done in 0.626304 secs using 72.52% CPU
Optimizing NNI: done in 0.632041 secs using 81.46% CPU
Optimizing NNI: done in 0.525282 secs using 99.72% CPU
Optimizing NNI: done in 0.610699 secs using 100% CPU
Optimizing NNI: done in 0.580868 secs using 99.99% CPU
Optimizing NNI: done in 0.559373 secs using 99.99% CPU
Optimizing NNI: done in 0.659989 secs using 99.99% CPU
Optimizing NNI: done in 0.531096 secs using 100% CPU
Optimizing NNI: done in 0.401981 secs using 98.7% CPU
Iteration 80 / LogL: -14655.285 / Time: 0h:0m:55s (0h:0m:16s left)
Optimizing NNI: done in 0.511031 secs using 99.99% CPU
Optimizing NNI: done in 0.536942 secs using 100% CPU
Optimizing NNI: done in 0.462064 secs using 99.99% CPU
Optimizing NNI: done in 0.598636 secs using 99.93% CPU
Optimizing NNI: done in 0.503778 secs using 99.99% CPU
Optimizing NNI: done in 0.521179 secs using 100% CPU
Optimizing NNI: done in 1.02757 secs using 100% CPU
Optimizing NNI: done in 0.554423 secs using 100% CPU
Optimizing NNI: done in 0.579766 secs using 91.39% CPU
Optimizing NNI: done in 0.606756 secs using 100% CPU
Iteration 90 / LogL: -14657.243 / Time: 0h:1m:1s (0h:0m:8s left)
Optimizing NNI: done in 0.515231 secs using 100% CPU
Optimizing NNI: done in 0.541002 secs using 100% CPU
Optimizing NNI: done in 0.645725 secs using 99.99% CPU
Optimizing NNI: done in 0.567034 secs using 100% CPU
Optimizing NNI: done in 0.58507 secs using 100% CPU
Optimizing NNI: done in 0.494801 secs using 100% CPU
Optimizing NNI: done in 0.720507 secs using 100% CPU
Optimizing NNI: done in 0.510508 secs using 99.99% CPU
Optimizing NNI: done in 0.611944 secs using 100% CPU
Optimizing NNI: done in 0.501678 secs using 100% CPU
Iteration 100 / LogL: -14655.281 / Time: 0h:1m:7s (0h:0m:2s left)
Log-likelihood cutoff on original alignment: -14685.497
NOTE: Bootstrap correlation coefficient of split occurrence frequencies: 0.997
Optimizing NNI: done in 0.587483 secs using 100% CPU
Optimizing NNI: done in 0.478057 secs using 100% CPU
Optimizing NNI: done in 0.497646 secs using 99.98% CPU
Optimizing NNI: done in 0.464236 secs using 100% CPU
TREE SEARCH COMPLETED AFTER 104 ITERATIONS / Time: 0h:1m:9s

--------------------------------------------------------------------
|                    FINALIZING TREE SEARCH                        |
--------------------------------------------------------------------
Performs final model parameters optimization
Estimate model parameters (epsilon = 0.010)
1. Initial log-likelihood: -14655.281
Optimal log-likelihood: -14655.280
Proportion of invariable sites: 0.011
Gamma shape alpha: 2.452
Parameters optimization took 1 rounds (0.065 sec)
BEST SCORE FOUND : -14655.280
Creating bootstrap support values...
Split supports printed to NEXUS file iqtree/OG0000002.fa.fa.splits.nex
Total tree length: 14.643

Total number of iterations: 104
CPU time used for tree search: 59.634 sec (0h:0m:59s)
Wall-clock time used for tree search: 64.498 sec (0h:1m:4s)
Total CPU time used: 63.338 sec (0h:1m:3s)
Total wall-clock time used: 69.236 sec (0h:1m:9s)

Computing bootstrap consensus tree...
Reading input file iqtree/OG0000002.fa.fa.splits.nex...
26 taxa and 114 splits.
Consensus tree written to iqtree/OG0000002.fa.fa.contree
Reading input trees file iqtree/OG0000002.fa.fa.contree
Log-likelihood of consensus tree: -14655.290

Analysis results written to: 
  IQ-TREE report:                iqtree/OG0000002.fa.fa.iqtree
  Maximum-likelihood tree:       iqtree/OG0000002.fa.fa.treefile
  Likelihood distances:          iqtree/OG0000002.fa.fa.mldist

Ultrafast bootstrap approximation results written to:
  Split support values:          iqtree/OG0000002.fa.fa.splits.nex
  Consensus tree:                iqtree/OG0000002.fa.fa.contree
  Screen log file:               iqtree/OG0000002.fa.fa.log

Date and Time: Tue Jul 23 10:49:54 2024
