IQ-TREE multicore version 2.2.0.5 COVID-edition for Linux 64-bit built Sep 26 2022
Developed by Bui Quang Minh, James Barbetti, Nguyen Lam Tung,
Olga Chernomor, Heiko Schmidt, Dominik Schrempf, Michael Woodhams, Ly Trong Nhan.

Host:    c046 (AVX2, FMA3, 503 GB RAM)
Command: iqtree -s ./orthofinder/Results_Jul15/WorkingDirectory/Alignments_ids/OG0000061.fa -pre ./orthofinder/Results_Jul15/WorkingDirectory/Alignments_ids/OG0000061
Seed:    542510 (Using SPRNG - Scalable Parallel Random Number Generator)
Time:    Mon Jul 15 10:52:19 2024
Kernel:  AVX+FMA - 1 threads (24 CPU cores detected)

HINT: Use -nt option to specify number of threads because your CPU has 24 cores!
HINT: -nt AUTO will automatically determine the best number of threads to use.

Reading alignment file ./orthofinder/Results_Jul15/WorkingDirectory/Alignments_ids/OG0000061.fa ... Fasta format detected
Reading fasta file: done in 0.000221014 secs using 98.18% CPU
Alignment most likely contains protein sequences
Constructing alignment: done in 0.000159025 secs using 99.36% CPU
Alignment has 34 sequences with 281 columns, 177 distinct patterns
162 parsimony-informative, 1 singleton sites, 118 constant sites
       Gap/Ambiguity  Composition  p-value
Analyzing sequences: done in 1.19209e-05 secs using 100.7% CPU
   1  8_89     0.71%    failed      0.00%
   2  9_90     0.71%    failed      0.00%
   3  10_70    0.71%    failed      0.00%
   4  11_45    0.71%    failed      0.00%
   5  12_17    6.41%    passed    100.00%
   6  13_17    6.41%    passed    100.00%
   7  14_17    6.41%    passed    100.00%
   8  15_17    6.41%    passed    100.00%
   9  16_17    6.41%    passed    100.00%
  10  17_17    6.41%    passed    100.00%
  11  19_17    6.41%    passed    100.00%
  12  20_34    6.41%    passed    100.00%
  13  21_17    6.41%    passed    100.00%
  14  22_17    6.41%    passed    100.00%
  15  23_17    6.41%    passed    100.00%
  16  24_17    6.41%    passed    100.00%
  17  25_17    6.41%    passed    100.00%
  18  26_17    6.41%    passed    100.00%
  19  27_16    6.41%    passed    100.00%
  20  28_16    6.41%    passed    100.00%
  21  29_56    6.41%    passed    100.00%
  22  30_16    6.41%    passed    100.00%
  23  31_8     6.41%    passed    100.00%
  24  32_58    6.41%    passed    100.00%
  25  33_57    6.41%    passed    100.00%
  26  34_16    6.41%    passed    100.00%
  27  35_17    6.41%    passed    100.00%
  28  36_17    6.41%    passed    100.00%
  29  37_16    6.41%    passed    100.00%
  30  38_17    7.12%    passed    100.00%
  31  39_18    7.12%    passed    100.00%
  32  40_18    7.12%    passed    100.00%
  33  41_17    6.41%    passed    100.00%
  34  42_7    25.62%    passed     99.89%
****  TOTAL    6.36%  4 sequences failed composition chi2 test (p-value<5%; df=19)
NOTE: 9_90 is identical to 8_89 but kept for subsequent analysis
NOTE: 17_17 is identical to 12_17 but kept for subsequent analysis
NOTE: 15_17 is identical to 13_17 but kept for subsequent analysis
NOTE: 19_17 is identical to 14_17 but kept for subsequent analysis
NOTE: 25_17 is identical to 24_17 but kept for subsequent analysis
NOTE: 31_8 is identical to 28_16 but kept for subsequent analysis
Checking for duplicate sequences: done in 4.1008e-05 secs using 99.98% CPU
Identifying sites to remove: done in 6.29425e-05 secs using 100.1% CPU
NOTE: 16 identical sequences (see below) will be ignored for subsequent analysis
NOTE: 10_70 (identical to 8_89) is ignored but added at the end
NOTE: 11_45 (identical to 8_89) is ignored but added at the end
NOTE: 36_17 (identical to 12_17) is ignored but added at the end
NOTE: 16_17 (identical to 13_17) is ignored but added at the end
NOTE: 20_34 (identical to 14_17) is ignored but added at the end
NOTE: 21_17 (identical to 14_17) is ignored but added at the end
NOTE: 22_17 (identical to 14_17) is ignored but added at the end
NOTE: 23_17 (identical to 14_17) is ignored but added at the end
NOTE: 27_16 (identical to 14_17) is ignored but added at the end
NOTE: 30_16 (identical to 14_17) is ignored but added at the end
NOTE: 34_16 (identical to 14_17) is ignored but added at the end
NOTE: 26_17 (identical to 24_17) is ignored but added at the end
NOTE: 29_56 (identical to 24_17) is ignored but added at the end
NOTE: 35_17 (identical to 24_17) is ignored but added at the end
NOTE: 41_17 (identical to 24_17) is ignored but added at the end
NOTE: 37_16 (identical to 28_16) is ignored but added at the end
Alignment was printed to ./orthofinder/Results_Jul15/WorkingDirectory/Alignments_ids/OG0000061.uniqueseq.phy

For your convenience alignment with unique sequences printed to ./orthofinder/Results_Jul15/WorkingDirectory/Alignments_ids/OG0000061.uniqueseq.phy


Create initial parsimony tree by phylogenetic likelihood library (PLL)... 0.001 seconds
Perform fast likelihood tree search using LG+I+G model...
Estimate model parameters (epsilon = 5.000)
Perform nearest neighbor interchange...
Optimizing NNI: done in 0.061271 secs using 24.91% CPU
Estimate model parameters (epsilon = 1.000)
1. Initial log-likelihood: -1717.024
Optimal log-likelihood: -1716.361
Proportion of invariable sites: 0.152
Gamma shape alpha: 2.521
Parameters optimization took 1 rounds (0.069 sec)
Time for fast ML tree search: 0.272 seconds

NOTE: ModelFinder requires 5 MB RAM!
ModelFinder will test up to 1232 protein models (sample size: 281) ...
 No. Model         -LnL         df  AIC          AICc         BIC
  1  LG            1719.683     33  3505.365     3514.450     3625.431
  2  LG+I          1718.697     34  3505.394     3515.069     3629.098
  3  LG+G4         1713.357     34  3494.715     3504.389     3618.419
  4  LG+I+G4       1714.434     35  3498.869     3509.154     3626.211
  5  LG+R2         1702.112     35  3474.223     3484.509     3601.566
  6  LG+R3         1702.145     37  3478.289     3489.861     3612.908
 14  LG+I+R2       1702.365     36  3476.730     3487.648     3607.710
 15  LG+I+R3       1702.434     38  3480.868     3493.116     3619.125
 27  LG+F+R2       1699.119     54  3506.239     3532.522     3702.710
 36  LG+F+I+R2     1699.398     55  3508.795     3536.173     3708.905
 49  WAG+R2        1705.926     35  3481.852     3492.138     3609.194
 58  WAG+I+R2      1706.068     36  3484.137     3495.055     3615.117
 71  WAG+F+R2      1695.342     54  3498.683     3524.967     3695.155
 80  WAG+F+I+R2    1695.516     55  3501.031     3528.409     3701.141
 93  JTT+R2        1697.089     35  3464.178     3474.464     3591.521
102  JTT+I+R2      1697.332     36  3466.664     3477.583     3597.645
115  JTT+F+R2      1690.927     54  3489.854     3516.137     3686.325
124  JTT+F+I+R2    1691.264     55  3492.527     3519.905     3692.637
WARNING: Normalizing state frequencies so that sum of them equals to 1
137  Q.pfam+R2     1706.561     35  3483.122     3493.408     3610.464
WARNING: Normalizing state frequencies so that sum of them equals to 1
146  Q.pfam+I+R2   1706.878     36  3485.756     3496.674     3616.737
WARNING: Normalizing state frequencies so that sum of them equals to 1
159  Q.pfam+F+R2   1699.741     54  3507.482     3533.765     3703.953
WARNING: Normalizing state frequencies so that sum of them equals to 1
168  Q.pfam+F+I+R2 1700.072     55  3510.145     3537.522     3710.254
WARNING: Normalizing state frequencies so that sum of them equals to 1
181  Q.bird+R2     1704.897     35  3479.794     3490.079     3607.136
WARNING: Normalizing state frequencies so that sum of them equals to 1
190  Q.bird+I+R2   1704.604     36  3481.208     3492.126     3612.189
WARNING: Normalizing state frequencies so that sum of them equals to 1
203  Q.bird+F+R2   1698.360     54  3504.721     3531.004     3701.192
WARNING: Normalizing state frequencies so that sum of them equals to 1
212  Q.bird+F+I+R2 1698.071     55  3506.141     3533.519     3706.251
WARNING: Normalizing state frequencies so that sum of them equals to 1
225  Q.mammal+R2   1706.387     35  3482.774     3493.059     3610.116
WARNING: Normalizing state frequencies so that sum of them equals to 1
234  Q.mammal+I+R2 1706.591     36  3485.181     3496.099     3616.162
WARNING: Normalizing state frequencies so that sum of them equals to 1
247  Q.mammal+F+R2 1697.035     54  3502.071     3528.354     3698.542
WARNING: Normalizing state frequencies so that sum of them equals to 1
256  Q.mammal+F+I+R2 1697.176     55  3504.353     3531.731     3704.462
269  Q.insect+R2   1704.389     35  3478.777     3489.063     3606.120
278  Q.insect+I+R2 1704.773     36  3481.547     3492.465     3612.527
291  Q.insect+F+R2 1698.237     54  3504.474     3530.758     3700.946
300  Q.insect+F+I+R2 1698.643     55  3507.287     3534.664     3707.396
WARNING: Normalizing state frequencies so that sum of them equals to 1
313  Q.plant+R2    1695.363     35  3460.727     3471.012     3588.069
WARNING: Normalizing state frequencies so that sum of them equals to 1
322  Q.plant+I+R2  1695.541     36  3463.083     3474.001     3594.063
WARNING: Normalizing state frequencies so that sum of them equals to 1
335  Q.plant+F+R2  1686.611     54  3481.223     3507.506     3677.694
WARNING: Normalizing state frequencies so that sum of them equals to 1
344  Q.plant+F+I+R2 1686.866     55  3483.733     3511.111     3683.842
WARNING: Normalizing state frequencies so that sum of them equals to 1
357  Q.yeast+R2    1717.571     35  3505.143     3515.428     3632.485
WARNING: Normalizing state frequencies so that sum of them equals to 1
366  Q.yeast+I+R2  1717.910     36  3507.820     3518.738     3638.801
WARNING: Normalizing state frequencies so that sum of them equals to 1
379  Q.yeast+F+R2  1701.111     54  3510.223     3536.506     3706.694
WARNING: Normalizing state frequencies so that sum of them equals to 1
388  Q.yeast+F+I+R2 1701.499     55  3512.997     3540.375     3713.107
401  JTTDCMut+R2   1697.897     35  3465.794     3476.080     3593.136
410  JTTDCMut+I+R2 1698.127     36  3468.254     3479.172     3599.235
423  JTTDCMut+F+R2 1691.248     54  3490.495     3516.779     3686.967
432  JTTDCMut+F+I+R2 1691.520     55  3493.040     3520.418     3693.150
445  DCMut+R2      1719.107     35  3508.215     3518.501     3635.557
454  DCMut+I+R2    1719.292     36  3510.585     3521.503     3641.565
467  DCMut+F+R2    1694.791     54  3497.582     3523.865     3694.053
476  DCMut+F+I+R2  1694.994     55  3499.987     3527.365     3700.097
489  VT+R2         1707.817     35  3485.633     3495.919     3612.976
498  VT+I+R2       1707.968     36  3487.937     3498.855     3618.918
511  VT+F+R2       1702.640     54  3513.281     3539.564     3709.752
520  VT+F+I+R2     1702.744     55  3515.488     3542.865     3715.597
533  PMB+R2        1725.118     35  3520.236     3530.522     3647.579
542  PMB+I+R2      1725.258     36  3522.516     3533.434     3653.497
555  PMB+F+R2      1718.790     54  3545.581     3571.864     3742.052
564  PMB+F+I+R2    1718.877     55  3547.753     3575.131     3747.863
577  Blosum62+R2   1722.703     35  3515.405     3525.691     3642.748
586  Blosum62+I+R2 1722.871     36  3517.742     3528.660     3648.723
599  Blosum62+F+R2 1720.393     54  3548.785     3575.068     3745.256
608  Blosum62+F+I+R2 1720.499     55  3550.999     3578.377     3751.108
621  Dayhoff+R2    1718.943     35  3507.886     3518.172     3635.228
630  Dayhoff+I+R2  1719.128     36  3510.256     3521.174     3641.237
643  Dayhoff+F+R2  1694.630     54  3497.260     3523.543     3693.731
652  Dayhoff+F+I+R2 1694.832     55  3499.665     3527.043     3699.774
665  mtREV+R2      1800.660     35  3671.321     3681.606     3798.663
674  mtREV+I+R2    1800.342     36  3672.684     3683.602     3803.664
687  mtREV+F+R2    1686.613     54  3481.225     3507.509     3677.697
696  mtREV+F+I+R2  1686.813     55  3483.626     3511.004     3683.736
709  mtART+R2      1838.817     35  3747.635     3757.920     3874.977
718  mtART+I+R2    1838.545     36  3749.090     3760.008     3880.071
731  mtART+F+R2    1721.351     54  3550.703     3576.986     3747.174
740  mtART+F+I+R2  1722.831     55  3555.662     3583.040     3755.771
753  mtZOA+R2      1805.577     35  3681.154     3691.439     3808.496
762  mtZOA+I+R2    1804.918     36  3681.836     3692.754     3812.817
775  mtZOA+F+R2    1705.994     54  3519.987     3546.271     3716.459
784  mtZOA+F+I+R2  1706.357     55  3522.714     3550.092     3722.823
797  mtMet+R2      1808.622     35  3687.243     3697.529     3814.586
806  mtMet+I+R2    1807.765     36  3687.530     3698.448     3818.511
819  mtMet+F+R2    1695.288     54  3498.577     3524.860     3695.048
828  mtMet+F+I+R2  1695.492     55  3500.985     3528.362     3701.094
841  mtVer+R2      1811.951     35  3693.902     3704.188     3821.244
850  mtVer+I+R2    1811.510     36  3695.021     3705.939     3826.001
863  mtVer+F+R2    1696.613     54  3501.226     3527.509     3697.697
872  mtVer+F+I+R2  1696.929     55  3503.857     3531.235     3703.967
885  mtInv+R2      1834.440     35  3738.880     3749.166     3866.223
894  mtInv+I+R2    1834.255     36  3740.511     3751.429     3871.492
907  mtInv+F+R2    1698.257     54  3504.514     3530.797     3700.985
916  mtInv+F+I+R2  1698.577     55  3507.153     3534.531     3707.263
929  mtMAM+R2      1810.301     35  3690.602     3700.888     3817.944
938  mtMAM+I+R2    1809.940     36  3691.880     3702.798     3822.861
951  mtMAM+F+R2    1696.631     54  3501.261     3527.545     3697.733
960  mtMAM+F+I+R2  1696.931     55  3503.862     3531.240     3703.972
WARNING: Normalizing state frequencies so that sum of them equals to 1
973  FLAVI+R2      1728.575     35  3527.150     3537.436     3654.493
WARNING: Normalizing state frequencies so that sum of them equals to 1
982  FLAVI+I+R2    1728.261     36  3528.522     3539.440     3659.503
WARNING: Normalizing state frequencies so that sum of them equals to 1
995  FLAVI+F+R2    1711.791     54  3531.583     3557.866     3728.054
WARNING: Normalizing state frequencies so that sum of them equals to 1
1004  FLAVI+F+I+R2  1711.444     55  3532.888     3560.266     3732.997
1017  HIVb+R2       1712.589     35  3495.179     3505.464     3622.521
1026  HIVb+I+R2     1711.685     36  3495.370     3506.288     3626.351
1039  HIVb+F+R2     1703.429     54  3514.857     3541.140     3711.328
1048  HIVb+F+I+R2   1703.077     55  3516.153     3543.531     3716.263
1061  HIVw+R2       1760.072     35  3590.145     3600.430     3717.487
1070  HIVw+I+R2     1755.514     36  3583.028     3593.946     3714.009
1083  HIVw+F+R2     1723.327     54  3554.653     3580.937     3751.125
1092  HIVw+F+I+R2   1721.525     55  3553.050     3580.427     3753.159
1105  FLU+R2        1723.194     35  3516.389     3526.675     3643.731
1114  FLU+I+R2      1722.723     36  3517.445     3528.364     3648.426
1127  FLU+F+R2      1708.665     54  3525.329     3551.613     3721.800
1136  FLU+F+I+R2    1708.356     55  3526.713     3554.090     3726.822
1149  rtREV+R2      1729.722     35  3529.444     3539.730     3656.786
1158  rtREV+I+R2    1729.948     36  3531.895     3542.814     3662.876
1171  rtREV+F+R2    1713.928     54  3535.856     3562.139     3732.327
1180  rtREV+F+I+R2  1714.255     55  3538.510     3565.888     3738.620
1193  cpREV+R2      1712.422     35  3494.844     3505.130     3622.187
1202  cpREV+I+R2    1712.654     36  3497.309     3508.227     3628.290
1215  cpREV+F+R2    1695.568     54  3499.137     3525.420     3695.608
1224  cpREV+F+I+R2  1695.743     55  3501.486     3528.863     3701.595
Akaike Information Criterion:           Q.plant+R2
Corrected Akaike Information Criterion: Q.plant+R2
Bayesian Information Criterion:         Q.plant+R2
Best-fit model: Q.plant+R2 chosen according to BIC

All model information printed to ./orthofinder/Results_Jul15/WorkingDirectory/Alignments_ids/OG0000061.model.gz
CPU time for ModelFinder: 14.036 seconds (0h:0m:14s)
Wall-clock time for ModelFinder: 28.500 seconds (0h:0m:28s)
WARNING: Normalizing state frequencies so that sum of them equals to 1

NOTE: 1 MB RAM (0 GB) is required!
Estimate model parameters (epsilon = 0.100)
1. Initial log-likelihood: -1695.363
Optimal log-likelihood: -1695.329
Site proportion and rates:  (0.910,0.417) (0.090,6.863)
Parameters optimization took 1 rounds (0.045 sec)
Wrote distance file to... 
Computing ML distances based on estimated model parameters...
Calculating distance matrix: done in 0.0105531 secs using 99.91% CPU
Computing ML distances took 0.010606 sec (of wall-clock time) 0.010596 sec (of CPU time)
Setting up auxiliary I and S matrices: done in 4.00543e-05 secs using 99.86% CPU
Constructing RapidNJ tree: done in 3.60012e-05 secs using 100% CPU
Computing RapidNJ tree took 0.000122 sec (of wall-clock time) 0.000121 sec (of CPU time)
Log-likelihood of RapidNJ tree: -1706.467
--------------------------------------------------------------------
|             INITIALIZING CANDIDATE TREE SET                      |
--------------------------------------------------------------------
Generating 98 parsimony trees... 0.123 second
Computing log-likelihood of 98 initial trees ... 0.394 seconds
Current best score: -1694.637

Do NNI search on 20 best initial trees
Optimizing NNI: done in 0.056972 secs using 43.71% CPU
Estimate model parameters (epsilon = 0.100)
BETTER TREE FOUND at iteration 1: -1693.633
Optimizing NNI: done in 0.0408199 secs using 60.81% CPU
UPDATE BEST LOG-LIKELIHOOD: -1693.632
Optimizing NNI: done in 0.0307519 secs using 47.97% CPU
Optimizing NNI: done in 0.0415039 secs using 48.67% CPU
Optimizing NNI: done in 0.036339 secs using 55.96% CPU
Optimizing NNI: done in 0.03707 secs using 56.8% CPU
Optimizing NNI: done in 0.0492771 secs using 42.52% CPU
Optimizing NNI: done in 0.0361111 secs using 55.69% CPU
Optimizing NNI: done in 0.0362482 secs using 55.86% CPU
Optimizing NNI: done in 0.0530231 secs using 39.66% CPU
Iteration 10 / LogL: -1695.420 / Time: 0h:0m:1s
Optimizing NNI: done in 0.036242 secs using 55.85% CPU
Optimizing NNI: done in 0.036453 secs using 55.74% CPU
Optimizing NNI: done in 0.036247 secs using 55.88% CPU
Optimizing NNI: done in 0.0363059 secs using 55.91% CPU
Optimizing NNI: done in 0.033453 secs using 52.17% CPU
Optimizing NNI: done in 0.0522401 secs using 38.71% CPU
Optimizing NNI: done in 0.051908 secs using 38.52% CPU
Optimizing NNI: done in 0.04233 secs using 62.2% CPU
Optimizing NNI: done in 0.057524 secs using 44.32% CPU
Optimizing NNI: done in 0.054425 secs using 41.19% CPU
Iteration 20 / LogL: -1698.012 / Time: 0h:0m:1s
Finish initializing candidate tree set (8)
Current best tree score: -1693.632 / CPU time: 1.467
Number of iterations: 20
--------------------------------------------------------------------
|               OPTIMIZING CANDIDATE TREE SET                      |
--------------------------------------------------------------------
Optimizing NNI: done in 0.0626819 secs using 48.93% CPU
Optimizing NNI: done in 0.0396409 secs using 69.67% CPU
Optimizing NNI: done in 0.095577 secs using 49.77% CPU
Optimizing NNI: done in 0.124358 secs using 48.54% CPU
Optimizing NNI: done in 0.063211 secs using 55.66% CPU
Optimizing NNI: done in 0.0965621 secs using 66.86% CPU
Estimate model parameters (epsilon = 0.100)
BETTER TREE FOUND at iteration 26: -1693.561
Optimizing NNI: done in 0.0768259 secs using 56.74% CPU
Optimizing NNI: done in 0.0669549 secs using 52.23% CPU
Optimizing NNI: done in 0.0631359 secs using 49.26% CPU
Optimizing NNI: done in 0.0709329 secs using 54.87% CPU
Iteration 30 / LogL: -1695.487 / Time: 0h:0m:2s (0h:0m:7s left)
Optimizing NNI: done in 0.174843 secs using 36.23% CPU
Optimizing NNI: done in 0.104192 secs using 42.7% CPU
Optimizing NNI: done in 0.061393 secs using 54.79% CPU
BETTER TREE FOUND at iteration 33: -1693.560
Optimizing NNI: done in 0.0766799 secs using 58.26% CPU
Optimizing NNI: done in 0.030714 secs using 47.93% CPU
Optimizing NNI: done in 0.138599 secs using 36.5% CPU
Optimizing NNI: done in 0.114887 secs using 44.3% CPU
Optimizing NNI: done in 0.137197 secs using 38.78% CPU
Optimizing NNI: done in 0.105289 secs using 54.39% CPU
Optimizing NNI: done in 0.164257 secs using 31.77% CPU
Iteration 40 / LogL: -1694.090 / Time: 0h:0m:3s (0h:0m:8s left)
Optimizing NNI: done in 0.0782781 secs using 38.68% CPU
BETTER TREE FOUND at iteration 41: -1693.559
Optimizing NNI: done in 0.194071 secs using 36.09% CPU
Optimizing NNI: done in 0.125562 secs using 49.03% CPU
Optimizing NNI: done in 0.0999551 secs using 43.97% CPU
Optimizing NNI: done in 0.108287 secs using 40.9% CPU
Optimizing NNI: done in 0.181032 secs using 33.71% CPU
Optimizing NNI: done in 0.0905101 secs using 51.33% CPU
Optimizing NNI: done in 0.101164 secs using 44.64% CPU
Optimizing NNI: done in 0.176016 secs using 36.41% CPU
Optimizing NNI: done in 0.0707359 secs using 32.14% CPU
Iteration 50 / LogL: -1693.561 / Time: 0h:0m:4s (0h:0m:8s left)
Optimizing NNI: done in 0.113219 secs using 36.42% CPU
Optimizing NNI: done in 0.178194 secs using 30.41% CPU
Optimizing NNI: done in 0.120261 secs using 46.78% CPU
Optimizing NNI: done in 0.100509 secs using 44.3% CPU
Optimizing NNI: done in 0.143146 secs using 32.94% CPU
Optimizing NNI: done in 0.0673971 secs using 40.65% CPU
Optimizing NNI: done in 0.098511 secs using 51.26% CPU
Optimizing NNI: done in 0.0999022 secs using 35.92% CPU
Optimizing NNI: done in 0.210455 secs using 42.98% CPU
Optimizing NNI: done in 0.0600669 secs using 46.73% CPU
Iteration 60 / LogL: -1693.560 / Time: 0h:0m:6s (0h:0m:8s left)
Optimizing NNI: done in 0.139625 secs using 31.23% CPU
Optimizing NNI: done in 0.166809 secs using 37.64% CPU
Optimizing NNI: done in 0.0738471 secs using 45.83% CPU
Optimizing NNI: done in 0.125858 secs using 39.61% CPU
Optimizing NNI: done in 0.0854979 secs using 43.85% CPU
Optimizing NNI: done in 0.047761 secs using 41.24% CPU
Optimizing NNI: done in 0.096972 secs using 50.54% CPU
Optimizing NNI: done in 0.0940809 secs using 32.03% CPU
Optimizing NNI: done in 0.155902 secs using 51.2% CPU
Optimizing NNI: done in 0.136819 secs using 41.51% CPU
Iteration 70 / LogL: -2241.727 / Time: 0h:0m:7s (0h:0m:7s left)
Optimizing NNI: done in 0.0917358 secs using 47.72% CPU
Optimizing NNI: done in 0.105621 secs using 43.36% CPU
Optimizing NNI: done in 0.0352812 secs using 54.67% CPU
Optimizing NNI: done in 0.0586269 secs using 45.42% CPU
Optimizing NNI: done in 0.0943291 secs using 47.02% CPU
Optimizing NNI: done in 0.0679319 secs using 52.96% CPU
Optimizing NNI: done in 0.142684 secs using 49.52% CPU
Optimizing NNI: done in 0.062644 secs using 74.46% CPU
Optimizing NNI: done in 0.0202069 secs using 100% CPU
Optimizing NNI: done in 0.03599 secs using 100% CPU
Iteration 80 / LogL: -1693.561 / Time: 0h:0m:7s (0h:0m:6s left)
Optimizing NNI: done in 0.0364931 secs using 100% CPU
Optimizing NNI: done in 0.0329671 secs using 100% CPU
Optimizing NNI: done in 0.0621798 secs using 74.26% CPU
Optimizing NNI: done in 0.0790589 secs using 53.24% CPU
Optimizing NNI: done in 0.0789049 secs using 58.95% CPU
Optimizing NNI: done in 0.0641239 secs using 44.18% CPU
Optimizing NNI: done in 0.127436 secs using 43.44% CPU
Optimizing NNI: done in 0.072783 secs using 39.56% CPU
Optimizing NNI: done in 0.116594 secs using 48.81% CPU
Optimizing NNI: done in 0.0889239 secs using 37.03% CPU
Iteration 90 / LogL: -1694.088 / Time: 0h:0m:8s (0h:0m:4s left)
Optimizing NNI: done in 0.0657659 secs using 57.37% CPU
Optimizing NNI: done in 0.0861819 secs using 39.64% CPU
Optimizing NNI: done in 0.131479 secs using 33.08% CPU
Optimizing NNI: done in 0.18787 secs using 44.66% CPU
Optimizing NNI: done in 0.0640459 secs using 56.25% CPU
Optimizing NNI: done in 0.050221 secs using 52.25% CPU
Optimizing NNI: done in 0.135933 secs using 39.62% CPU
Optimizing NNI: done in 0.146966 secs using 34.67% CPU
Optimizing NNI: done in 0.139624 secs using 34.09% CPU
Optimizing NNI: done in 0.147404 secs using 32.16% CPU
Iteration 100 / LogL: -1693.561 / Time: 0h:0m:9s (0h:0m:4s left)
Optimizing NNI: done in 0.102678 secs using 29.88% CPU
Optimizing NNI: done in 0.073534 secs using 34.72% CPU
Optimizing NNI: done in 0.10667 secs using 32.49% CPU
Optimizing NNI: done in 0.11055 secs using 34.86% CPU
Optimizing NNI: done in 0.0677729 secs using 46.86% CPU
Optimizing NNI: done in 0.0659778 secs using 51.5% CPU
Optimizing NNI: done in 0.0881729 secs using 45.55% CPU
Optimizing NNI: done in 0.089592 secs using 55.1% CPU
Optimizing NNI: done in 0.062489 secs using 54.11% CPU
Optimizing NNI: done in 0.081408 secs using 41.46% CPU
Iteration 110 / LogL: -1693.560 / Time: 0h:0m:10s (0h:0m:3s left)
Optimizing NNI: done in 0.0893371 secs using 55.21% CPU
Optimizing NNI: done in 0.0758882 secs using 57.82% CPU
Optimizing NNI: done in 0.116153 secs using 47.66% CPU
Optimizing NNI: done in 0.0893438 secs using 46.26% CPU
Optimizing NNI: done in 0.0657151 secs using 51.31% CPU
Optimizing NNI: done in 0.064517 secs using 50.41% CPU
Optimizing NNI: done in 0.079906 secs using 39.93% CPU
Optimizing NNI: done in 0.065038 secs using 50.68% CPU
Optimizing NNI: done in 0.064697 secs using 50.53% CPU
Optimizing NNI: done in 0.0900731 secs using 46.72% CPU
Iteration 120 / LogL: -1693.561 / Time: 0h:0m:11s (0h:0m:2s left)
Optimizing NNI: done in 0.0758359 secs using 57.79% CPU
Optimizing NNI: done in 0.04512 secs using 64.49% CPU
Optimizing NNI: done in 0.0874212 secs using 45.06% CPU
Optimizing NNI: done in 0.073452 secs using 50.9% CPU
Optimizing NNI: done in 0.0650079 secs using 50.76% CPU
Optimizing NNI: done in 0.0942161 secs using 49% CPU
Optimizing NNI: done in 0.0637929 secs using 49.84% CPU
Optimizing NNI: done in 0.122596 secs using 47.8% CPU
Optimizing NNI: done in 0.0872178 secs using 49.53% CPU
Optimizing NNI: done in 0.117691 secs using 48.87% CPU
Iteration 130 / LogL: -1693.562 / Time: 0h:0m:12s (0h:0m:1s left)
Optimizing NNI: done in 0.098352 secs using 51.22% CPU
UPDATE BEST LOG-LIKELIHOOD: -1693.559
Optimizing NNI: done in 0.097543 secs using 56.61% CPU
Optimizing NNI: done in 0.103196 secs using 53.49% CPU
Optimizing NNI: done in 0.0910401 secs using 47.3% CPU
Optimizing NNI: done in 0.0703511 secs using 54.54% CPU
Optimizing NNI: done in 0.114262 secs using 44.01% CPU
Optimizing NNI: done in 0.126943 secs using 49.58% CPU
Optimizing NNI: done in 0.0408731 secs using 60.86% CPU
Optimizing NNI: done in 0.025362 secs using 36.91% CPU
Optimizing NNI: done in 0.129945 secs using 50.72% CPU
Iteration 140 / LogL: -1693.562 / Time: 0h:0m:13s (0h:0m:0s left)
Optimizing NNI: done in 0.062418 secs using 48.79% CPU
Optimizing NNI: done in 0.0650949 secs using 50.83% CPU
TREE SEARCH COMPLETED AFTER 142 ITERATIONS / Time: 0h:0m:13s

--------------------------------------------------------------------
|                    FINALIZING TREE SEARCH                        |
--------------------------------------------------------------------
Performs final model parameters optimization
Estimate model parameters (epsilon = 0.010)
1. Initial log-likelihood: -1693.559
2. Current log-likelihood: -1693.546
3. Current log-likelihood: -1693.536
Optimal log-likelihood: -1693.529
Site proportion and rates:  (0.869,0.302) (0.131,5.622)
Parameters optimization took 3 rounds (0.062 sec)
BEST SCORE FOUND : -1693.529
Total tree length: 3.199

Total number of iterations: 142
CPU time used for tree search: 6.169 sec (0h:0m:6s)
Wall-clock time used for tree search: 13.297 sec (0h:0m:13s)
Total CPU time used: 6.261 sec (0h:0m:6s)
Total wall-clock time used: 13.478 sec (0h:0m:13s)

Analysis results written to: 
  IQ-TREE report:                ./orthofinder/Results_Jul15/WorkingDirectory/Alignments_ids/OG0000061.iqtree
  Maximum-likelihood tree:       ./orthofinder/Results_Jul15/WorkingDirectory/Alignments_ids/OG0000061.treefile
  Likelihood distances:          ./orthofinder/Results_Jul15/WorkingDirectory/Alignments_ids/OG0000061.mldist
  Screen log file:               ./orthofinder/Results_Jul15/WorkingDirectory/Alignments_ids/OG0000061.log

Date and Time: Mon Jul 15 10:53:01 2024
