IQ-TREE multicore version 2.2.0.5 COVID-edition for Linux 64-bit built Sep 26 2022
Developed by Bui Quang Minh, James Barbetti, Nguyen Lam Tung,
Olga Chernomor, Heiko Schmidt, Dominik Schrempf, Michael Woodhams, Ly Trong Nhan.

Host:    c046 (AVX2, FMA3, 503 GB RAM)
Command: iqtree -s ./orthofinder/Results_Jul15/WorkingDirectory/Alignments_ids/OG0000084.fa -pre ./orthofinder/Results_Jul15/WorkingDirectory/Alignments_ids/OG0000084
Seed:    354799 (Using SPRNG - Scalable Parallel Random Number Generator)
Time:    Mon Jul 15 10:52:43 2024
Kernel:  AVX+FMA - 1 threads (24 CPU cores detected)

HINT: Use -nt option to specify number of threads because your CPU has 24 cores!
HINT: -nt AUTO will automatically determine the best number of threads to use.

Reading alignment file ./orthofinder/Results_Jul15/WorkingDirectory/Alignments_ids/OG0000084.fa ... Fasta format detected
Reading fasta file: done in 0.000133991 secs using 97.02% CPU
Alignment most likely contains protein sequences
Constructing alignment: done in 6.79493e-05 secs using 100.1% CPU
Alignment has 31 sequences with 122 columns, 43 distinct patterns
20 parsimony-informative, 3 singleton sites, 99 constant sites
        Gap/Ambiguity  Composition  p-value
Analyzing sequences: done in 5.00679e-06 secs using 99.86% CPU
   1  12_62     0.00%    passed    100.00%
   2  13_63     0.00%    passed    100.00%
   3  14_58     0.00%    passed    100.00%
   4  15_62     0.00%    passed    100.00%
   5  16_59     0.00%    passed    100.00%
   6  17_62     0.00%    passed    100.00%
   7  18_66     0.00%    passed    100.00%
   8  19_63     0.00%    passed    100.00%
   9  20_80     0.00%    passed    100.00%
  10  21_61     0.00%    passed    100.00%
  11  22_64     0.00%    passed    100.00%
  12  23_61     0.00%    passed    100.00%
  13  24_62     0.00%    passed    100.00%
  14  25_59     0.00%    passed    100.00%
  15  26_62     0.00%    passed    100.00%
  16  27_62     0.82%    passed    100.00%
  17  28_61     0.00%    passed    100.00%
  18  29_13     0.00%    passed    100.00%
  19  30_60     0.00%    passed    100.00%
  20  31_100    0.00%    passed    100.00%
  21  32_13     0.00%    passed    100.00%
  22  33_13     0.00%    passed    100.00%
  23  34_61     0.00%    passed    100.00%
  24  35_63     0.00%    passed    100.00%
  25  36_63     0.00%    passed    100.00%
  26  37_59     0.00%    passed    100.00%
  27  38_61     0.00%    passed    100.00%
  28  39_61     0.00%    passed     98.96%
  29  40_61     0.00%    passed     98.96%
  30  41_60     0.00%    passed    100.00%
  31  42_25     0.00%    passed    100.00%
****  TOTAL     0.03%  0 sequences failed composition chi2 test (p-value<5%; df=19)
NOTE: 17_62 is identical to 12_62 but kept for subsequent analysis
NOTE: 15_62 is identical to 13_63 but kept for subsequent analysis
NOTE: 19_63 is identical to 14_58 but kept for subsequent analysis
NOTE: 24_62 is identical to 18_66 but kept for subsequent analysis
NOTE: 31_100 is identical to 28_61 but kept for subsequent analysis
NOTE: 40_61 is identical to 39_61 but kept for subsequent analysis
Checking for duplicate sequences: done in 3.09944e-05 secs using 100% CPU
Identifying sites to remove: done in 2.59876e-05 secs using 96.2% CPU
NOTE: 15 identical sequences (see below) will be ignored for subsequent analysis
NOTE: 36_63 (identical to 12_62) is ignored but added at the end
NOTE: 20_80 (identical to 14_58) is ignored but added at the end
NOTE: 21_61 (identical to 14_58) is ignored but added at the end
NOTE: 22_64 (identical to 14_58) is ignored but added at the end
NOTE: 23_61 (identical to 14_58) is ignored but added at the end
NOTE: 30_60 (identical to 14_58) is ignored but added at the end
NOTE: 32_13 (identical to 14_58) is ignored but added at the end
NOTE: 35_63 (identical to 14_58) is ignored but added at the end
NOTE: 42_25 (identical to 14_58) is ignored but added at the end
NOTE: 26_62 (identical to 18_66) is ignored but added at the end
NOTE: 29_13 (identical to 18_66) is ignored but added at the end
NOTE: 33_13 (identical to 28_61) is ignored but added at the end
NOTE: 34_61 (identical to 28_61) is ignored but added at the end
NOTE: 37_59 (identical to 28_61) is ignored but added at the end
NOTE: 41_60 (identical to 28_61) is ignored but added at the end
Alignment was printed to ./orthofinder/Results_Jul15/WorkingDirectory/Alignments_ids/OG0000084.uniqueseq.phy

For your convenience alignment with unique sequences printed to ./orthofinder/Results_Jul15/WorkingDirectory/Alignments_ids/OG0000084.uniqueseq.phy


Create initial parsimony tree by phylogenetic likelihood library (PLL)... 0.000 seconds
Perform fast likelihood tree search using LG+I+G model...
Estimate model parameters (epsilon = 5.000)
Perform nearest neighbor interchange...
Optimizing NNI: done in 0.024518 secs using 18.43% CPU
Estimate model parameters (epsilon = 1.000)
1. Initial log-likelihood: -545.809
Optimal log-likelihood: -545.809
Proportion of invariable sites: 0.403
Gamma shape alpha: 0.952
Parameters optimization took 1 rounds (0.004 sec)
Time for fast ML tree search: 0.036 seconds

NOTE: ModelFinder requires 1 MB RAM!
ModelFinder will test up to 1232 protein models (sample size: 122) ...
 No. Model         -LnL         df  AIC          AICc         BIC
  1  LG            549.337      29  1156.674     1175.587     1237.990
  2  LG+I          546.763      30  1153.527     1173.967     1237.648
  3  LG+G4         545.972      30  1151.944     1172.384     1236.065
  4  LG+I+G4       545.808      31  1153.616     1175.660     1240.540
  5  LG+R2         542.126      31  1146.252     1168.296     1233.176
  6  LG+R3         542.126      33  1150.252     1175.752     1242.785
 14  LG+I+R2       546.145      32  1156.290     1180.020     1246.018
 15  LG+I+R3       542.801      34  1153.603     1180.959     1248.940
 23  LG+F          532.537      48  1161.075     1225.513     1295.668
 24  LG+F+I        530.403      49  1158.805     1226.861     1296.202
 25  LG+F+G4       529.368      49  1156.736     1224.791     1294.133
 26  LG+F+I+G4     529.243      50  1158.487     1230.318     1298.688
 27  LG+F+R2       524.358      50  1148.716     1220.547     1288.917
 28  LG+F+R3       524.357      52  1152.713     1232.597     1298.522
 45  WAG           544.563      29  1147.125     1166.038     1228.442
 46  WAG+I         542.356      30  1144.712     1165.151     1228.832
 47  WAG+G4        541.656      30  1143.311     1163.751     1227.432
 48  WAG+I+G4      541.610      31  1145.220     1167.264     1232.145
 49  WAG+R2        539.015      31  1140.030     1162.074     1226.954
 50  WAG+R3        539.016      33  1144.033     1169.533     1236.565
 67  WAG+F         530.201      48  1156.403     1220.841     1290.996
 68  WAG+F+I       528.229      49  1154.459     1222.514     1291.856
 69  WAG+F+G4      527.374      49  1152.747     1220.803     1290.144
 70  WAG+F+I+G4    527.345      50  1154.689     1226.520     1294.890
 71  WAG+F+R2      523.889      50  1147.779     1219.610     1287.980
 72  WAG+F+R3      523.887      52  1151.775     1231.659     1297.584
 89  JTT           543.042      29  1144.084     1162.997     1225.400
 90  JTT+I         540.984      30  1141.968     1162.407     1226.088
 91  JTT+G4        540.199      30  1140.398     1160.837     1224.518
 92  JTT+I+G4      540.157      31  1142.314     1164.359     1229.239
 93  JTT+R2        536.641      31  1135.283     1157.327     1222.207
 94  JTT+R3        536.640      33  1139.281     1164.781     1231.814
111  JTT+F         529.039      48  1154.078     1218.517     1288.671
112  JTT+F+I       527.240      49  1152.480     1220.535     1289.877
113  JTT+F+G4      526.288      49  1150.576     1218.631     1287.973
114  JTT+F+I+G4    526.273      50  1152.546     1224.377     1292.747
115  JTT+F+R2      521.578      50  1143.157     1214.988     1283.358
116  JTT+F+R3      521.578      52  1147.156     1227.040     1292.965
WARNING: Normalizing state frequencies so that sum of them equals to 1
133  Q.pfam        549.763      29  1157.526     1176.439     1238.842
WARNING: Normalizing state frequencies so that sum of them equals to 1
134  Q.pfam+I      547.077      30  1154.155     1174.594     1238.275
WARNING: Normalizing state frequencies so that sum of them equals to 1
135  Q.pfam+G4     546.299      30  1152.599     1173.038     1236.719
WARNING: Normalizing state frequencies so that sum of them equals to 1
136  Q.pfam+I+G4   546.114      31  1154.228     1176.272     1241.152
WARNING: Normalizing state frequencies so that sum of them equals to 1
137  Q.pfam+R2     542.305      31  1146.611     1168.655     1233.535
WARNING: Normalizing state frequencies so that sum of them equals to 1
138  Q.pfam+R3     542.304      33  1150.608     1176.108     1243.141
WARNING: Normalizing state frequencies so that sum of them equals to 1
155  Q.pfam+F      533.953      48  1163.905     1228.344     1298.498
WARNING: Normalizing state frequencies so that sum of them equals to 1
156  Q.pfam+F+I    531.611      49  1161.223     1229.278     1298.620
WARNING: Normalizing state frequencies so that sum of them equals to 1
157  Q.pfam+F+G4   530.570      49  1159.141     1227.196     1296.538
WARNING: Normalizing state frequencies so that sum of them equals to 1
158  Q.pfam+F+I+G4 530.388      50  1160.775     1232.606     1300.976
WARNING: Normalizing state frequencies so that sum of them equals to 1
159  Q.pfam+F+R2   525.414      50  1150.827     1222.658     1291.028
WARNING: Normalizing state frequencies so that sum of them equals to 1
160  Q.pfam+F+R3   525.413      52  1154.827     1234.711     1300.636
WARNING: Normalizing state frequencies so that sum of them equals to 1
177  Q.bird        547.592      29  1153.185     1172.098     1234.501
WARNING: Normalizing state frequencies so that sum of them equals to 1
178  Q.bird+I      544.212      30  1148.425     1168.864     1232.545
WARNING: Normalizing state frequencies so that sum of them equals to 1
179  Q.bird+G4     543.293      30  1146.587     1167.026     1230.707
WARNING: Normalizing state frequencies so that sum of them equals to 1
180  Q.bird+I+G4   542.952      31  1147.904     1169.949     1234.829
WARNING: Normalizing state frequencies so that sum of them equals to 1
181  Q.bird+R2     537.545      31  1137.091     1159.135     1224.016
WARNING: Normalizing state frequencies so that sum of them equals to 1
182  Q.bird+R3     537.545      33  1141.091     1166.591     1233.623
WARNING: Normalizing state frequencies so that sum of them equals to 1
199  Q.bird+F      534.227      48  1164.454     1228.892     1299.047
WARNING: Normalizing state frequencies so that sum of them equals to 1
200  Q.bird+F+I    530.819      49  1159.637     1227.693     1297.034
WARNING: Normalizing state frequencies so that sum of them equals to 1
201  Q.bird+F+G4   529.568      49  1157.136     1225.192     1294.533
WARNING: Normalizing state frequencies so that sum of them equals to 1
202  Q.bird+F+I+G4 529.095      50  1158.191     1230.022     1298.392
WARNING: Normalizing state frequencies so that sum of them equals to 1
203  Q.bird+F+R2   522.017      50  1144.035     1215.866     1284.236
WARNING: Normalizing state frequencies so that sum of them equals to 1
204  Q.bird+F+R3   522.017      52  1148.033     1227.917     1293.842
WARNING: Normalizing state frequencies so that sum of them equals to 1
221  Q.mammal      547.464      29  1152.928     1171.841     1234.245
WARNING: Normalizing state frequencies so that sum of them equals to 1
222  Q.mammal+I    544.709      30  1149.418     1169.858     1233.539
WARNING: Normalizing state frequencies so that sum of them equals to 1
223  Q.mammal+G4   543.851      30  1147.703     1168.142     1231.823
WARNING: Normalizing state frequencies so that sum of them equals to 1
224  Q.mammal+I+G4 543.621      31  1149.241     1171.286     1236.166
WARNING: Normalizing state frequencies so that sum of them equals to 1
225  Q.mammal+R2   538.608      31  1139.217     1161.261     1226.141
WARNING: Normalizing state frequencies so that sum of them equals to 1
226  Q.mammal+R3   538.608      33  1143.216     1168.716     1235.749
WARNING: Normalizing state frequencies so that sum of them equals to 1
243  Q.mammal+F    533.858      48  1163.717     1228.155     1298.310
WARNING: Normalizing state frequencies so that sum of them equals to 1
244  Q.mammal+F+I  531.054      49  1160.108     1228.163     1297.505
WARNING: Normalizing state frequencies so that sum of them equals to 1
245  Q.mammal+F+G4 529.923      49  1157.847     1225.902     1295.244
WARNING: Normalizing state frequencies so that sum of them equals to 1
246  Q.mammal+F+I+G4 529.603      50  1159.206     1231.037     1299.407
WARNING: Normalizing state frequencies so that sum of them equals to 1
247  Q.mammal+F+R2 523.225      50  1146.450     1218.281     1286.651
WARNING: Normalizing state frequencies so that sum of them equals to 1
248  Q.mammal+F+R3 523.225      52  1150.450     1230.334     1296.259
265  Q.insect      557.168      29  1172.335     1191.249     1253.652
266  Q.insect+I    554.657      30  1169.314     1189.753     1253.434
267  Q.insect+G4   553.865      30  1167.729     1188.169     1251.850
268  Q.insect+I+G4 553.697      31  1169.394     1191.439     1256.319
269  Q.insect+R2   549.408      31  1160.816     1182.861     1247.741
270  Q.insect+R3   549.408      33  1164.816     1190.316     1257.348
287  Q.insect+F    534.500      48  1164.999     1229.438     1299.592
288  Q.insect+F+I  532.501      49  1163.001     1231.057     1300.398
289  Q.insect+F+G4 531.479      49  1160.957     1229.013     1298.354
290  Q.insect+F+I+G4 531.380      50  1162.760     1234.591     1302.961
291  Q.insect+F+R2 525.786      50  1151.572     1223.403     1291.773
292  Q.insect+F+R3 525.785      52  1155.570     1235.454     1301.379
WARNING: Normalizing state frequencies so that sum of them equals to 1
309  Q.plant       548.792      29  1155.585     1174.498     1236.901
WARNING: Normalizing state frequencies so that sum of them equals to 1
310  Q.plant+I     545.573      30  1151.147     1171.586     1235.267
WARNING: Normalizing state frequencies so that sum of them equals to 1
311  Q.plant+G4    544.657      30  1149.314     1169.753     1233.434
WARNING: Normalizing state frequencies so that sum of them equals to 1
312  Q.plant+I+G4  544.361      31  1150.721     1172.766     1237.646
WARNING: Normalizing state frequencies so that sum of them equals to 1
313  Q.plant+R2    539.876      31  1141.752     1163.797     1228.677
WARNING: Normalizing state frequencies so that sum of them equals to 1
314  Q.plant+R3    539.876      33  1145.753     1171.253     1238.285
WARNING: Normalizing state frequencies so that sum of them equals to 1
331  Q.plant+F     532.655      48  1161.310     1225.749     1295.903
WARNING: Normalizing state frequencies so that sum of them equals to 1
332  Q.plant+F+I   529.954      49  1157.907     1225.963     1295.304
WARNING: Normalizing state frequencies so that sum of them equals to 1
333  Q.plant+F+G4  528.724      49  1155.448     1223.504     1292.845
WARNING: Normalizing state frequencies so that sum of them equals to 1
334  Q.plant+F+I+G4 528.446      50  1156.893     1228.724     1297.094
WARNING: Normalizing state frequencies so that sum of them equals to 1
335  Q.plant+F+R2  522.636      50  1145.271     1217.102     1285.473
WARNING: Normalizing state frequencies so that sum of them equals to 1
336  Q.plant+F+R3  522.635      52  1149.270     1229.154     1295.079
WARNING: Normalizing state frequencies so that sum of them equals to 1
353  Q.yeast       561.309      29  1180.618     1199.531     1261.934
WARNING: Normalizing state frequencies so that sum of them equals to 1
354  Q.yeast+I     558.514      30  1177.029     1197.468     1261.149
WARNING: Normalizing state frequencies so that sum of them equals to 1
355  Q.yeast+G4    557.706      30  1175.413     1195.853     1259.534
WARNING: Normalizing state frequencies so that sum of them equals to 1
356  Q.yeast+I+G4  557.475      31  1176.950     1198.994     1263.875
WARNING: Normalizing state frequencies so that sum of them equals to 1
357  Q.yeast+R2    553.187      31  1168.375     1190.419     1255.299
WARNING: Normalizing state frequencies so that sum of them equals to 1
358  Q.yeast+R3    553.187      33  1172.375     1197.875     1264.908
WARNING: Normalizing state frequencies so that sum of them equals to 1
375  Q.yeast+F     535.333      48  1166.666     1231.105     1301.259
WARNING: Normalizing state frequencies so that sum of them equals to 1
376  Q.yeast+F+I   533.144      49  1164.287     1232.343     1301.684
WARNING: Normalizing state frequencies so that sum of them equals to 1
377  Q.yeast+F+G4  532.091      49  1162.181     1230.237     1299.578
WARNING: Normalizing state frequencies so that sum of them equals to 1
378  Q.yeast+F+I+G4 531.935      50  1163.870     1235.701     1304.071
WARNING: Normalizing state frequencies so that sum of them equals to 1
379  Q.yeast+F+R2  526.458      50  1152.916     1224.747     1293.117
WARNING: Normalizing state frequencies so that sum of them equals to 1
380  Q.yeast+F+R3  526.457      52  1156.915     1236.799     1302.724
397  JTTDCMut      543.280      29  1144.560     1163.473     1225.877
398  JTTDCMut+I    541.242      30  1142.485     1162.924     1226.605
399  JTTDCMut+G4   540.461      30  1140.922     1161.362     1225.043
400  JTTDCMut+I+G4 540.423      31  1142.846     1164.891     1229.771
401  JTTDCMut+R2   536.957      31  1135.914     1157.958     1222.839
402  JTTDCMut+R3   536.957      33  1139.913     1165.413     1232.446
419  JTTDCMut+F    529.143      48  1154.287     1218.725     1288.880
420  JTTDCMut+F+I  527.363      49  1152.726     1220.782     1290.123
421  JTTDCMut+F+G4 526.413      49  1150.826     1218.881     1288.223
422  JTTDCMut+F+I+G4 526.404      50  1152.809     1224.640     1293.010
423  JTTDCMut+F+R2 521.755      50  1143.510     1215.341     1283.711
424  JTTDCMut+F+R3 521.754      52  1147.509     1227.393     1293.318
441  DCMut         549.746      29  1157.492     1176.405     1238.808
442  DCMut+I       547.763      30  1155.525     1175.965     1239.646
443  DCMut+G4      547.038      30  1154.076     1174.516     1238.197
444  DCMut+I+G4    547.051      31  1156.101     1178.146     1243.026
445  DCMut+R2      544.534      31  1151.068     1173.112     1237.992
446  DCMut+R3      544.583      33  1155.166     1180.666     1247.698
463  DCMut+F       532.310      48  1160.620     1225.058     1295.213
464  DCMut+F+I     530.515      49  1159.030     1227.086     1296.427
465  DCMut+F+G4    529.636      49  1157.272     1225.328     1294.669
466  DCMut+F+I+G4  529.656      50  1159.312     1231.143     1299.513
467  DCMut+F+R2    526.062      50  1152.125     1223.956     1292.326
468  DCMut+F+R3    526.062      52  1156.124     1236.008     1301.933
485  VT            547.116      29  1152.233     1171.146     1233.550
486  VT+I          545.008      30  1150.015     1170.455     1234.136
487  VT+G4         544.329      30  1148.659     1169.098     1232.779
488  VT+I+G4       544.296      31  1150.592     1172.636     1237.517
489  VT+R2         541.479      31  1144.959     1167.003     1231.883
490  VT+R3         541.527      33  1149.055     1174.555     1241.587
507  VT+F          531.334      48  1158.669     1223.107     1293.262
508  VT+F+I        529.507      49  1157.014     1225.069     1294.411
509  VT+F+G4       528.699      49  1155.398     1223.454     1292.795
510  VT+F+I+G4     528.703      50  1157.405     1229.236     1297.606
511  VT+F+R2       525.066      50  1150.132     1221.963     1290.334
512  VT+F+R3       525.066      52  1154.131     1234.016     1299.941
529  PMB           548.690      29  1155.380     1174.293     1236.697
530  PMB+I         546.243      30  1152.485     1172.925     1236.606
531  PMB+G4        545.586      30  1151.172     1171.612     1235.293
532  PMB+I+G4      545.493      31  1152.986     1175.030     1239.911
533  PMB+R2        542.772      31  1147.544     1169.589     1234.469
534  PMB+R3        542.771      33  1151.543     1177.043     1244.075
551  PMB+F         535.119      48  1166.237     1230.675     1300.830
552  PMB+F+I       532.987      49  1163.974     1232.030     1301.371
553  PMB+F+G4      532.196      49  1162.391     1230.447     1299.788
554  PMB+F+I+G4    532.136      50  1164.271     1236.102     1304.472
555  PMB+F+R2      528.815      50  1157.630     1229.461     1297.831
556  PMB+F+R3      528.818      52  1161.636     1241.520     1307.445
573  Blosum62      549.778      29  1157.557     1176.470     1238.873
574  Blosum62+I    547.229      30  1154.458     1174.897     1238.578
575  Blosum62+G4   546.545      30  1153.090     1173.530     1237.211
576  Blosum62+I+G4 546.420      31  1154.839     1176.884     1241.764
577  Blosum62+R2   543.280      31  1148.561     1170.605     1235.486
578  Blosum62+R3   543.280      33  1152.561     1178.061     1245.094
595  Blosum62+F    535.217      48  1166.435     1230.873     1301.028
596  Blosum62+F+I  533.007      49  1164.014     1232.070     1301.411
597  Blosum62+F+G4 532.196      49  1162.392     1230.448     1299.789
598  Blosum62+F+I+G4 532.111      50  1164.223     1236.054     1304.424
599  Blosum62+F+R2 528.416      50  1156.832     1228.663     1297.033
600  Blosum62+F+R3 528.415      52  1160.831     1240.715     1306.640
617  Dayhoff       549.804      29  1157.607     1176.520     1238.924
618  Dayhoff+I     547.810      30  1155.620     1176.059     1239.740
619  Dayhoff+G4    547.083      30  1154.166     1174.606     1238.287
620  Dayhoff+I+G4  547.093      31  1156.186     1178.231     1243.111
621  Dayhoff+R2    544.566      31  1151.132     1173.176     1238.057
622  Dayhoff+R3    544.613      33  1155.226     1180.726     1247.759
639  Dayhoff+F     532.371      48  1160.741     1225.179     1295.334
640  Dayhoff+F+I   530.568      49  1159.135     1227.191     1296.532
641  Dayhoff+F+G4  529.685      49  1157.370     1225.426     1294.767
642  Dayhoff+F+I+G4 529.705      50  1159.411     1231.242     1299.612
643  Dayhoff+F+R2  526.094      50  1152.188     1224.019     1292.389
644  Dayhoff+F+R3  526.094      52  1156.187     1236.071     1301.996
661  mtREV         580.561      29  1219.122     1238.035     1300.439
662  mtREV+I       575.305      30  1210.609     1231.049     1294.730
663  mtREV+G4      574.253      30  1208.505     1228.945     1292.626
664  mtREV+I+G4    573.515      31  1209.031     1231.075     1295.955
665  mtREV+R2      568.580      31  1199.159     1221.204     1286.084
666  mtREV+R3      568.581      33  1203.161     1228.661     1295.694
683  mtREV+F       538.993      48  1173.985     1238.424     1308.578
684  mtREV+F+I     535.040      49  1168.081     1236.136     1305.478
685  mtREV+F+G4    533.550      49  1165.100     1233.156     1302.497
686  mtREV+F+I+G4  533.016      50  1166.032     1237.862     1306.233
687  mtREV+F+R2    528.328      50  1156.656     1228.486     1296.857
688  mtREV+F+R3    528.327      52  1160.655     1240.539     1306.464
705  mtART         605.632      29  1269.263     1288.176     1350.580
706  mtART+I       593.501      30  1247.001     1267.441     1331.122
707  mtART+G4      591.491      30  1242.981     1263.421     1327.102
708  mtART+I+G4    588.736      31  1239.471     1261.516     1326.396
709  mtART+R2      583.094      31  1228.189     1250.233     1315.113
710  mtART+R3      583.077      33  1232.154     1257.654     1324.686
727  mtART+F       565.073      48  1226.146     1290.584     1360.739
728  mtART+F+I     556.651      49  1211.302     1279.357     1348.699
729  mtART+F+G4    553.738      49  1205.475     1273.531     1342.872
730  mtART+F+I+G4  551.532      50  1203.063     1274.894     1343.264
731  mtART+F+R2    544.330      50  1188.659     1260.490     1328.860
732  mtART+F+R3    544.317      52  1192.633     1272.517     1338.442
749  mtZOA         577.917      29  1213.834     1232.748     1295.151
750  mtZOA+I       571.946      30  1203.893     1224.332     1288.013
751  mtZOA+G4      570.449      30  1200.898     1221.337     1285.018
752  mtZOA+I+G4    569.187      31  1200.374     1222.419     1287.299
753  mtZOA+R2      562.341      31  1186.682     1208.727     1273.607
754  mtZOA+R3      562.347      33  1190.694     1216.194     1283.226
771  mtZOA+F       544.669      48  1185.338     1249.776     1319.931
772  mtZOA+F+I     540.654      49  1179.309     1247.364     1316.706
773  mtZOA+F+G4    538.764      49  1175.528     1243.583     1312.925
774  mtZOA+F+I+G4  537.942      50  1175.884     1247.715     1316.085
775  mtZOA+F+R2    531.178      50  1162.356     1234.187     1302.557
776  mtZOA+F+R3    531.181      52  1166.362     1246.246     1312.171
793  mtMet         587.517      29  1233.035     1251.948     1314.352
794  mtMet+I       582.815      30  1225.629     1246.069     1309.750
795  mtMet+G4      581.621      30  1223.241     1243.681     1307.362
796  mtMet+I+G4    580.825      31  1223.650     1245.695     1310.575
797  mtMet+R2      574.641      31  1211.281     1233.326     1298.206
798  mtMet+R3      574.640      33  1215.280     1240.780     1307.812
815  mtMet+F       537.885      48  1171.769     1236.208     1306.362
816  mtMet+F+I     534.763      49  1167.526     1235.582     1304.923
817  mtMet+F+G4    533.217      49  1164.433     1232.489     1301.830
818  mtMet+F+I+G4  532.685      50  1165.371     1237.202     1305.572
819  mtMet+F+R2    525.962      50  1151.924     1223.755     1292.125
820  mtMet+F+R3    525.961      52  1155.922     1235.806     1301.732
837  mtVer         582.917      29  1223.834     1242.747     1305.150
838  mtVer+I       577.440      30  1214.881     1235.321     1299.002
839  mtVer+G4      576.183      30  1212.367     1232.806     1296.487
840  mtVer+I+G4    575.307      31  1212.613     1234.658     1299.538
841  mtVer+R2      569.452      31  1200.905     1222.949     1287.829
842  mtVer+R3      569.452      33  1204.905     1230.405     1297.438
859  mtVer+F       537.017      48  1170.034     1234.472     1304.627
860  mtVer+F+I     533.423      49  1164.846     1232.902     1302.243
861  mtVer+F+G4    531.810      49  1161.621     1229.677     1299.018
862  mtVer+F+I+G4  531.231      50  1162.461     1234.292     1302.662
863  mtVer+F+R2    524.978      50  1149.956     1221.787     1290.157
864  mtVer+F+R3    524.977      52  1153.954     1233.838     1299.763
881  mtInv         597.799      29  1253.597     1272.510     1334.914
882  mtInv+I       593.642      30  1247.284     1267.723     1331.404
883  mtInv+G4      592.565      30  1245.131     1265.570     1329.251
884  mtInv+I+G4    591.900      31  1245.800     1267.844     1332.724
885  mtInv+R2      586.106      31  1234.213     1256.257     1321.137
886  mtInv+R3      586.106      33  1238.212     1263.712     1330.744
903  mtInv+F       537.348      48  1170.697     1235.135     1305.290
904  mtInv+F+I     534.767      49  1167.535     1235.590     1304.932
905  mtInv+F+G4    533.480      49  1164.960     1233.016     1302.357
906  mtInv+F+I+G4  533.143      50  1166.286     1238.117     1306.487
907  mtInv+F+R2    526.872      50  1153.745     1225.576     1293.946
908  mtInv+F+R3    526.872      52  1157.744     1237.628     1303.553
925  mtMAM         594.750      29  1247.500     1266.413     1328.817
926  mtMAM+I       583.624      30  1227.248     1247.687     1311.368
927  mtMAM+G4      581.780      30  1223.559     1243.999     1307.680
928  mtMAM+I+G4    579.799      31  1221.598     1243.642     1308.522
929  mtMAM+R2      575.083      31  1212.165     1234.210     1299.090
930  mtMAM+R3      575.036      33  1216.071     1241.571     1308.604
947  mtMAM+F       552.734      48  1201.468     1265.906     1336.061
948  mtMAM+F+I     544.297      49  1186.593     1254.649     1323.990
949  mtMAM+F+G4    541.516      49  1181.032     1249.088     1318.429
950  mtMAM+F+I+G4  540.058      50  1180.116     1251.947     1320.318
951  mtMAM+F+R2    534.736      50  1169.471     1241.302     1309.672
952  mtMAM+F+R3    534.709      52  1173.419     1253.303     1319.228
WARNING: Normalizing state frequencies so that sum of them equals to 1
969  FLAVI         550.766      29  1159.532     1178.445     1240.849
WARNING: Normalizing state frequencies so that sum of them equals to 1
970  FLAVI+I       546.221      30  1152.443     1172.882     1236.563
WARNING: Normalizing state frequencies so that sum of them equals to 1
971  FLAVI+G4      545.198      30  1150.396     1170.835     1234.516
WARNING: Normalizing state frequencies so that sum of them equals to 1
972  FLAVI+I+G4    544.698      31  1151.396     1173.441     1238.321
WARNING: Normalizing state frequencies so that sum of them equals to 1
973  FLAVI+R2      540.442      31  1142.884     1164.928     1229.808
WARNING: Normalizing state frequencies so that sum of them equals to 1
974  FLAVI+R3      540.443      33  1146.886     1172.386     1239.418
WARNING: Normalizing state frequencies so that sum of them equals to 1
991  FLAVI+F       534.246      48  1164.493     1228.931     1299.086
WARNING: Normalizing state frequencies so that sum of them equals to 1
992  FLAVI+F+I     530.628      49  1159.257     1227.312     1296.654
WARNING: Normalizing state frequencies so that sum of them equals to 1
993  FLAVI+F+G4    528.998      49  1155.996     1224.052     1293.393
WARNING: Normalizing state frequencies so that sum of them equals to 1
994  FLAVI+F+I+G4  528.545      50  1157.090     1228.921     1297.291
WARNING: Normalizing state frequencies so that sum of them equals to 1
995  FLAVI+F+R2    523.603      50  1147.205     1219.036     1287.406
WARNING: Normalizing state frequencies so that sum of them equals to 1
996  FLAVI+F+R3    523.604      52  1151.207     1231.091     1297.016
1013  HIVb          549.149      29  1156.298     1175.211     1237.615
1014  HIVb+I        545.564      30  1151.127     1171.567     1235.248
1015  HIVb+G4       544.755      30  1149.510     1169.949     1233.631
1016  HIVb+I+G4     544.508      31  1151.016     1173.061     1237.941
1017  HIVb+R2       541.691      31  1145.383     1167.427     1232.307
1018  HIVb+R3       541.691      33  1149.382     1174.882     1241.914
1035  HIVb+F        529.918      48  1155.836     1220.275     1290.429
1036  HIVb+F+I      526.978      49  1151.957     1220.012     1289.354
1037  HIVb+F+G4     525.806      49  1149.613     1217.669     1287.010
1038  HIVb+F+I+G4   525.576      50  1151.153     1222.984     1291.354
1039  HIVb+F+R2     521.296      50  1142.591     1214.422     1282.792
1040  HIVb+F+R3     521.295      52  1146.591     1226.475     1292.400
1057  HIVw          561.803      29  1181.606     1200.519     1262.922
1058  HIVw+I        558.061      30  1176.122     1196.562     1260.243
1059  HIVw+G4       557.405      30  1174.810     1195.249     1258.930
1060  HIVw+I+G4     557.204      31  1176.407     1198.452     1263.332
1061  HIVw+R2       555.453      31  1172.907     1194.951     1259.832
1062  HIVw+R3       555.490      33  1176.980     1202.480     1269.512
1079  HIVw+F        531.793      48  1159.586     1224.024     1294.179
1080  HIVw+F+I      529.064      49  1156.127     1224.183     1293.524
1081  HIVw+F+G4     528.120      49  1154.240     1222.296     1291.637
1082  HIVw+F+I+G4   527.948      50  1155.897     1227.728     1296.098
1083  HIVw+F+R2     524.129      50  1148.259     1220.090     1288.460
1084  HIVw+F+R3     524.132      52  1152.264     1232.149     1298.074
1101  FLU           549.606      29  1157.213     1176.126     1238.529
1102  FLU+I         546.523      30  1153.046     1173.485     1237.166
1103  FLU+G4        545.823      30  1151.646     1172.085     1235.766
1104  FLU+I+G4      545.660      31  1153.319     1175.364     1240.244
1105  FLU+R2        543.425      31  1148.849     1170.894     1235.774
1106  FLU+R3        543.448      33  1152.895     1178.395     1245.428
1123  FLU+F         530.564      48  1157.128     1221.567     1291.721
1124  FLU+F+I       527.925      49  1153.851     1221.906     1291.248
1125  FLU+F+G4      526.735      49  1151.470     1219.526     1288.867
1126  FLU+F+I+G4    526.580      50  1153.159     1224.990     1293.360
1127  FLU+F+R2      523.359      50  1146.718     1218.549     1286.919
1128  FLU+F+R3      523.363      52  1150.727     1230.611     1296.536
1145  rtREV         559.293      29  1176.586     1195.499     1257.903
1146  rtREV+I       556.121      30  1172.242     1192.681     1256.362
1147  rtREV+G4      555.368      30  1170.737     1191.176     1254.857
1148  rtREV+I+G4    555.103      31  1172.205     1194.250     1259.130
1149  rtREV+R2      551.565      31  1165.131     1187.175     1252.055
1150  rtREV+R3      551.568      33  1169.135     1194.635     1261.668
1167  rtREV+F       537.196      48  1170.393     1234.831     1304.986
1168  rtREV+F+I     534.615      49  1167.231     1235.287     1304.628
1169  rtREV+F+G4    533.588      49  1165.176     1233.231     1302.573
1170  rtREV+F+I+G4  533.363      50  1166.727     1238.558     1306.928
1171  rtREV+F+R2    528.780      50  1157.560     1229.391     1297.761
1172  rtREV+F+R3    528.780      52  1161.560     1241.444     1307.369
1189  cpREV         547.412      29  1152.824     1171.737     1234.140
1190  cpREV+I       544.934      30  1149.867     1170.307     1233.988
1191  cpREV+G4      544.251      30  1148.502     1168.942     1232.623
1192  cpREV+I+G4    544.177      31  1150.353     1172.398     1237.278
1193  cpREV+R2      542.056      31  1146.111     1168.156     1233.036
1194  cpREV+R3      542.086      33  1150.172     1175.672     1242.705
1211  cpREV+F       528.331      48  1152.662     1217.100     1287.255
1212  cpREV+F+I     526.504      49  1151.008     1219.063     1288.405
1213  cpREV+F+G4    525.600      49  1149.199     1217.255     1286.596
1214  cpREV+F+I+G4  525.636      50  1151.271     1223.102     1291.473
1215  cpREV+F+R2    522.796      50  1145.591     1217.422     1285.792
1216  cpREV+F+R3    522.800      52  1149.599     1229.483     1295.408
Akaike Information Criterion:           JTT+R2
Corrected Akaike Information Criterion: JTT+R2
Bayesian Information Criterion:         JTT+R2
Best-fit model: JTT+R2 chosen according to BIC

All model information printed to ./orthofinder/Results_Jul15/WorkingDirectory/Alignments_ids/OG0000084.model.gz
CPU time for ModelFinder: 7.056 seconds (0h:0m:7s)
Wall-clock time for ModelFinder: 19.256 seconds (0h:0m:19s)

NOTE: 0 MB RAM (0 GB) is required!
Estimate model parameters (epsilon = 0.100)
1. Initial log-likelihood: -536.641
Optimal log-likelihood: -536.641
Site proportion and rates:  (0.972,0.587) (0.028,15.130)
Parameters optimization took 1 rounds (0.004 sec)
Wrote distance file to... 
Computing ML distances based on estimated model parameters...
Calculating distance matrix: done in 0.00923705 secs using 99.79% CPU
Computing ML distances took 0.009259 sec (of wall-clock time) 0.009241 sec (of CPU time)
Setting up auxiliary I and S matrices: done in 2.40803e-05 secs using 99.67% CPU
Constructing RapidNJ tree: done in 3.00407e-05 secs using 99.86% CPU
Computing RapidNJ tree took 0.000086 sec (of wall-clock time) 0.000083 sec (of CPU time)
Log-likelihood of RapidNJ tree: -536.643
--------------------------------------------------------------------
|             INITIALIZING CANDIDATE TREE SET                      |
--------------------------------------------------------------------
Generating 98 parsimony trees... 0.057 second
Computing log-likelihood of 98 initial trees ... 0.141 seconds
Current best score: -536.641

Do NNI search on 20 best initial trees
Optimizing NNI: done in 0.0263429 secs using 8.917% CPU
Estimate model parameters (epsilon = 0.100)
BETTER TREE FOUND at iteration 1: -536.641
Optimizing NNI: done in 0.00237417 secs using 99.91% CPU
Optimizing NNI: done in 0.00465202 secs using 99.89% CPU
UPDATE BEST LOG-LIKELIHOOD: -536.641
Optimizing NNI: done in 0.028765 secs using 16.56% CPU
Optimizing NNI: done in 0.00470901 secs using 100% CPU
Optimizing NNI: done in 0.0286109 secs using 16.12% CPU
UPDATE BEST LOG-LIKELIHOOD: -536.641
Optimizing NNI: done in 0.0232818 secs using 19.42% CPU
Optimizing NNI: done in 0.00441098 secs using 99.91% CPU
Optimizing NNI: done in 0.00442719 secs using 99.91% CPU
Optimizing NNI: done in 0.0165069 secs using 26.7% CPU
Iteration 10 / LogL: -536.641 / Time: 0h:0m:0s
Optimizing NNI: done in 0.00513601 secs using 85.49% CPU
Optimizing NNI: done in 0.00434899 secs using 100% CPU
Optimizing NNI: done in 0.02545 secs using 17.17% CPU
Optimizing NNI: done in 0.005054 secs using 89.36% CPU
Optimizing NNI: done in 0.00450015 secs using 99.97% CPU
Optimizing NNI: done in 0.0129931 secs using 35.93% CPU
Optimizing NNI: done in 0.0213499 secs using 22.37% CPU
Optimizing NNI: done in 0.00479198 secs using 100% CPU
Optimizing NNI: done in 0.004673 secs using 99.76% CPU
Optimizing NNI: done in 0.00467706 secs using 100% CPU
Iteration 20 / LogL: -536.641 / Time: 0h:0m:0s
Finish initializing candidate tree set (6)
Current best tree score: -536.641 / CPU time: 0.457
Number of iterations: 20
--------------------------------------------------------------------
|               OPTIMIZING CANDIDATE TREE SET                      |
--------------------------------------------------------------------
Optimizing NNI: done in 0.022361 secs using 61.09% CPU
Optimizing NNI: done in 0.0159509 secs using 24.69% CPU
Optimizing NNI: done in 0.008847 secs using 99.99% CPU
Optimizing NNI: done in 0.0311098 secs using 22.53% CPU
Optimizing NNI: done in 0.0167589 secs using 28.41% CPU
Optimizing NNI: done in 0.0190239 secs using 36.97% CPU
Optimizing NNI: done in 0.00875998 secs using 99.99% CPU
Optimizing NNI: done in 0.0333409 secs using 27.94% CPU
Optimizing NNI: done in 0.0311971 secs using 23.08% CPU
Optimizing NNI: done in 0.0357349 secs using 32.85% CPU
Iteration 30 / LogL: -561.228 / Time: 0h:0m:0s (0h:0m:1s left)
Optimizing NNI: done in 0.0395591 secs using 39.33% CPU
Optimizing NNI: done in 0.0273111 secs using 41.42% CPU
Optimizing NNI: done in 0.00671601 secs using 100% CPU
Optimizing NNI: done in 0.0131409 secs using 36.47% CPU
Optimizing NNI: done in 0.025562 secs using 36.52% CPU
Optimizing NNI: done in 0.00751805 secs using 93.19% CPU
Optimizing NNI: done in 0.0323811 secs using 37.88% CPU
Optimizing NNI: done in 0.0236092 secs using 58.67% CPU
Optimizing NNI: done in 0.025085 secs using 37.72% CPU
Optimizing NNI: done in 0.033309 secs using 43.62% CPU
Iteration 40 / LogL: -536.641 / Time: 0h:0m:0s (0h:0m:1s left)
Optimizing NNI: done in 0.0043869 secs using 100% CPU
Optimizing NNI: done in 0.032181 secs using 37.8% CPU
Optimizing NNI: done in 0.015681 secs using 45.63% CPU
Optimizing NNI: done in 0.00717878 secs using 100% CPU
Optimizing NNI: done in 0.0250289 secs using 35.95% CPU
Optimizing NNI: done in 0.0171571 secs using 49.09% CPU
Optimizing NNI: done in 0.0239151 secs using 49.78% CPU
Optimizing NNI: done in 0.00477505 secs using 100% CPU
Optimizing NNI: done in 0.00477695 secs using 100% CPU
Optimizing NNI: done in 0.0312221 secs using 23.13% CPU
Iteration 50 / LogL: -536.641 / Time: 0h:0m:1s (0h:0m:1s left)
Optimizing NNI: done in 0.00724316 secs using 100% CPU
Optimizing NNI: done in 0.0272999 secs using 56.04% CPU
Optimizing NNI: done in 0.0212471 secs using 43.44% CPU
Optimizing NNI: done in 0.0278161 secs using 42.44% CPU
Optimizing NNI: done in 0.00925303 secs using 100% CPU
Optimizing NNI: done in 0.0315459 secs using 23.92% CPU
Optimizing NNI: done in 0.00928307 secs using 100% CPU
Optimizing NNI: done in 0.0611382 secs using 21.49% CPU
Optimizing NNI: done in 0.010169 secs using 100% CPU
Optimizing NNI: done in 0.028856 secs using 16.84% CPU
Iteration 60 / LogL: -536.641 / Time: 0h:0m:1s (0h:0m:0s left)
Optimizing NNI: done in 0.0273709 secs using 41.54% CPU
Optimizing NNI: done in 0.0296109 secs using 45.97% CPU
Optimizing NNI: done in 0.00942612 secs using 99.99% CPU
Optimizing NNI: done in 0.021909 secs using 32.69% CPU
Optimizing NNI: done in 0.012151 secs using 96.84% CPU
Optimizing NNI: done in 0.02317 secs using 30.95% CPU
Optimizing NNI: done in 0.024652 secs using 38.39% CPU
Optimizing NNI: done in 0.02456 secs using 39.68% CPU
Optimizing NNI: done in 0.011744 secs using 100% CPU
Optimizing NNI: done in 0.015496 secs using 45.41% CPU
Iteration 70 / LogL: -536.641 / Time: 0h:0m:1s (0h:0m:0s left)
Optimizing NNI: done in 0.00934482 secs using 100% CPU
Optimizing NNI: done in 0.02282 secs using 29.89% CPU
Optimizing NNI: done in 0.0261109 secs using 43.69% CPU
Optimizing NNI: done in 0.0231922 secs using 31% CPU
Optimizing NNI: done in 0.0303969 secs using 47.36% CPU
Optimizing NNI: done in 0.00699592 secs using 100% CPU
Optimizing NNI: done in 0.0212998 secs using 43.64% CPU
Optimizing NNI: done in 0.00741386 secs using 100% CPU
Optimizing NNI: done in 0.0310719 secs using 22.76% CPU
Optimizing NNI: done in 0.025357 secs using 36.92% CPU
Iteration 80 / LogL: -536.641 / Time: 0h:0m:1s (0h:0m:0s left)
Optimizing NNI: done in 0.0048511 secs using 99.98% CPU
Optimizing NNI: done in 0.019448 secs using 36.51% CPU
Optimizing NNI: done in 0.00911307 secs using 100% CPU
Optimizing NNI: done in 0.0276959 secs using 42.23% CPU
Optimizing NNI: done in 0.0196459 secs using 48.94% CPU
Optimizing NNI: done in 0.0261879 secs using 54.91% CPU
Optimizing NNI: done in 0.00977206 secs using 100% CPU
Optimizing NNI: done in 0.0254979 secs using 38.46% CPU
Optimizing NNI: done in 0.027184 secs using 26.43% CPU
Optimizing NNI: done in 0.039324 secs using 49.14% CPU
Iteration 90 / LogL: -536.642 / Time: 0h:0m:2s (0h:0m:0s left)
Optimizing NNI: done in 0.0305409 secs using 47.65% CPU
Optimizing NNI: done in 0.028111 secs using 43.09% CPU
Optimizing NNI: done in 0.012331 secs using 100% CPU
Optimizing NNI: done in 0.0277479 secs using 42.35% CPU
Optimizing NNI: done in 0.0319231 secs using 49.82% CPU
Optimizing NNI: done in 0.00725293 secs using 100% CPU
Optimizing NNI: done in 0.0233178 secs using 31.38% CPU
Optimizing NNI: done in 0.007195 secs using 100% CPU
Optimizing NNI: done in 0.023186 secs using 30.99% CPU
Optimizing NNI: done in 0.027986 secs using 42.84% CPU
Iteration 100 / LogL: -536.641 / Time: 0h:0m:2s (0h:0m:0s left)
Optimizing NNI: done in 0.006809 secs using 100% CPU
Optimizing NNI: done in 0.0254118 secs using 37.04% CPU
TREE SEARCH COMPLETED AFTER 102 ITERATIONS / Time: 0h:0m:2s

--------------------------------------------------------------------
|                    FINALIZING TREE SEARCH                        |
--------------------------------------------------------------------
Performs final model parameters optimization
Estimate model parameters (epsilon = 0.010)
1. Initial log-likelihood: -536.641
Optimal log-likelihood: -536.641
Site proportion and rates:  (0.972,0.587) (0.028,15.170)
Parameters optimization took 1 rounds (0.002 sec)
BEST SCORE FOUND : -536.641
Total tree length: 0.284

Total number of iterations: 102
CPU time used for tree search: 1.067 sec (0h:0m:1s)
Wall-clock time used for tree search: 2.208 sec (0h:0m:2s)
Total CPU time used: 1.095 sec (0h:0m:1s)
Total wall-clock time used: 2.285 sec (0h:0m:2s)

Analysis results written to: 
  IQ-TREE report:                ./orthofinder/Results_Jul15/WorkingDirectory/Alignments_ids/OG0000084.iqtree
  Maximum-likelihood tree:       ./orthofinder/Results_Jul15/WorkingDirectory/Alignments_ids/OG0000084.treefile
  Likelihood distances:          ./orthofinder/Results_Jul15/WorkingDirectory/Alignments_ids/OG0000084.mldist
  Screen log file:               ./orthofinder/Results_Jul15/WorkingDirectory/Alignments_ids/OG0000084.log

Date and Time: Mon Jul 15 10:53:04 2024
