IQ-TREE multicore version 2.2.0.5 COVID-edition for Linux 64-bit built Sep 26 2022
Developed by Bui Quang Minh, James Barbetti, Nguyen Lam Tung,
Olga Chernomor, Heiko Schmidt, Dominik Schrempf, Michael Woodhams, Ly Trong Nhan.

Host:    c046 (AVX2, FMA3, 503 GB RAM)
Command: iqtree -s ./orthofinder/Results_Jul15/WorkingDirectory/Alignments_ids/OG0000170.fa -pre ./orthofinder/Results_Jul15/WorkingDirectory/Alignments_ids/OG0000170
Seed:    643658 (Using SPRNG - Scalable Parallel Random Number Generator)
Time:    Mon Jul 15 11:05:00 2024
Kernel:  AVX+FMA - 1 threads (24 CPU cores detected)

HINT: Use -nt option to specify number of threads because your CPU has 24 cores!
HINT: -nt AUTO will automatically determine the best number of threads to use.

Reading alignment file ./orthofinder/Results_Jul15/WorkingDirectory/Alignments_ids/OG0000170.fa ... Fasta format detected
Reading fasta file: done in 0.000141144 secs using 94.94% CPU
Alignment most likely contains protein sequences
Constructing alignment: done in 0.000247002 secs using 99.59% CPU
Alignment has 6 sequences with 529 columns, 483 distinct patterns
174 parsimony-informative, 258 singleton sites, 97 constant sites
       Gap/Ambiguity  Composition  p-value
Analyzing sequences: done in 9.05991e-06 secs using 99.34% CPU
   1  0_102   19.09%    failed      0.64%
   2  1_81    20.04%    passed     43.02%
   3  2_194   20.79%    failed      3.99%
   4  3_161   13.80%    passed      7.83%
   5  4_48    11.15%    passed     97.01%
   6  5_86    10.78%    passed     50.44%
****  TOTAL   15.94%  2 sequences failed composition chi2 test (p-value<5%; df=19)
Checking for duplicate sequences: done in 1.28746e-05 secs using 108.7% CPU


Create initial parsimony tree by phylogenetic likelihood library (PLL)... 0.000 seconds
Perform fast likelihood tree search using LG+I+G model...
Estimate model parameters (epsilon = 5.000)
Perform nearest neighbor interchange...
Optimizing NNI: done in 0.0232038 secs using 31.05% CPU
Estimate model parameters (epsilon = 1.000)
1. Initial log-likelihood: -5858.517
Optimal log-likelihood: -5858.385
Proportion of invariable sites: 0.043
Gamma shape alpha: 3.641
Parameters optimization took 1 rounds (0.034 sec)
Time for fast ML tree search: 0.139 seconds

NOTE: ModelFinder requires 4 MB RAM!
ModelFinder will test up to 1232 protein models (sample size: 529) ...
 No. Model         -LnL         df  AIC          AICc         BIC
  1  LG            5892.148     9   11802.297    11802.643    11840.735
  2  LG+I          5867.977     10  11755.954    11756.379    11798.664
  3  LG+G4         5862.541     10  11745.083    11745.507    11787.793
  4  LG+I+G4       5858.336     11  11738.673    11739.183    11785.654
  5  LG+R2         5864.148     11  11750.297    11750.807    11797.277
  6  LG+R3         5862.111     13  11750.222    11750.928    11805.745
 14  LG+I+R2       5857.801     12  11739.602    11740.206    11790.854
 15  LG+I+R3       5857.487     14  11742.974    11743.791    11802.767
 25  LG+F+G4       5786.254     29  11630.508    11633.995    11754.367
 26  LG+F+I+G4     5781.994     30  11623.988    11627.723    11752.118
 36  LG+F+I+R2     5781.681     31  11625.362    11629.354    11757.763
 47  WAG+G4        5882.122     10  11784.244    11784.668    11826.953
 48  WAG+I+G4      5877.489     11  11776.978    11777.489    11823.959
 58  WAG+I+R2      5877.393     12  11778.786    11779.391    11830.038
 69  WAG+F+G4      5797.735     29  11653.471    11656.957    11777.329
 70  WAG+F+I+G4    5792.855     30  11645.710    11649.445    11773.839
 80  WAG+F+I+R2    5792.777     31  11647.554    11651.546    11779.955
 91  JTT+G4        5892.294     10  11804.587    11805.012    11847.297
 92  JTT+I+G4      5888.071     11  11798.141    11798.652    11845.122
102  JTT+I+R2      5887.908     12  11799.815    11800.420    11851.067
113  JTT+F+G4      5825.104     29  11708.209    11711.696    11832.067
114  JTT+F+I+G4    5820.574     30  11701.147    11704.882    11829.277
124  JTT+F+I+R2    5820.448     31  11702.896    11706.888    11835.297
WARNING: Normalizing state frequencies so that sum of them equals to 1
135  Q.pfam+G4     5859.132     10  11738.264    11738.689    11780.974
WARNING: Normalizing state frequencies so that sum of them equals to 1
136  Q.pfam+I+G4   5854.876     11  11731.753    11732.264    11778.734
WARNING: Normalizing state frequencies so that sum of them equals to 1
146  Q.pfam+I+R2   5854.349     12  11732.698    11733.303    11783.950
WARNING: Normalizing state frequencies so that sum of them equals to 1
157  Q.pfam+F+G4   5782.150     29  11622.300    11625.787    11746.158
WARNING: Normalizing state frequencies so that sum of them equals to 1
158  Q.pfam+F+I+G4 5777.916     30  11615.833    11619.568    11743.962
WARNING: Normalizing state frequencies so that sum of them equals to 1
168  Q.pfam+F+I+R2 5777.532     31  11617.065    11621.057    11749.465
WARNING: Normalizing state frequencies so that sum of them equals to 1
179  Q.bird+G4     5965.952     10  11951.903    11952.328    11994.613
WARNING: Normalizing state frequencies so that sum of them equals to 1
180  Q.bird+I+G4   5961.502     11  11945.005    11945.515    11991.986
WARNING: Normalizing state frequencies so that sum of them equals to 1
190  Q.bird+I+R2   5961.216     12  11946.432    11947.036    11997.684
WARNING: Normalizing state frequencies so that sum of them equals to 1
201  Q.bird+F+G4   5874.989     29  11807.978    11811.465    11931.837
WARNING: Normalizing state frequencies so that sum of them equals to 1
202  Q.bird+F+I+G4 5870.305     30  11800.609    11804.344    11928.739
WARNING: Normalizing state frequencies so that sum of them equals to 1
212  Q.bird+F+I+R2 5869.654     31  11801.309    11805.301    11933.710
WARNING: Normalizing state frequencies so that sum of them equals to 1
223  Q.mammal+G4   5945.408     10  11910.816    11911.241    11953.526
WARNING: Normalizing state frequencies so that sum of them equals to 1
224  Q.mammal+I+G4 5941.193     11  11904.386    11904.897    11951.367
WARNING: Normalizing state frequencies so that sum of them equals to 1
234  Q.mammal+I+R2 5940.888     12  11905.777    11906.381    11957.029
WARNING: Normalizing state frequencies so that sum of them equals to 1
245  Q.mammal+F+G4 5853.110     29  11764.220    11767.707    11888.079
WARNING: Normalizing state frequencies so that sum of them equals to 1
246  Q.mammal+F+I+G4 5848.644     30  11757.288    11761.023    11885.418
WARNING: Normalizing state frequencies so that sum of them equals to 1
256  Q.mammal+F+I+R2 5848.012     31  11758.024    11762.016    11890.424
267  Q.insect+G4   5860.209     10  11740.418    11740.842    11783.128
268  Q.insect+I+G4 5856.548     11  11735.095    11735.606    11782.076
278  Q.insect+I+R2 5856.261     12  11736.523    11737.128    11787.775
289  Q.insect+F+G4 5802.504     29  11663.008    11666.495    11786.867
290  Q.insect+F+I+G4 5799.058     30  11658.116    11661.851    11786.245
300  Q.insect+F+I+R2 5798.757     31  11659.514    11663.506    11791.915
WARNING: Normalizing state frequencies so that sum of them equals to 1
311  Q.plant+G4    5900.556     10  11821.111    11821.536    11863.821
WARNING: Normalizing state frequencies so that sum of them equals to 1
312  Q.plant+I+G4  5896.820     11  11815.640    11816.150    11862.620
WARNING: Normalizing state frequencies so that sum of them equals to 1
322  Q.plant+I+R2  5896.731     12  11817.462    11818.067    11868.714
WARNING: Normalizing state frequencies so that sum of them equals to 1
333  Q.plant+F+G4  5826.191     29  11710.383    11713.870    11834.242
WARNING: Normalizing state frequencies so that sum of them equals to 1
334  Q.plant+F+I+G4 5821.810     30  11703.620    11707.355    11831.749
WARNING: Normalizing state frequencies so that sum of them equals to 1
344  Q.plant+F+I+R2 5821.641     31  11705.282    11709.274    11837.683
WARNING: Normalizing state frequencies so that sum of them equals to 1
355  Q.yeast+G4    5843.107     10  11706.213    11706.638    11748.923
WARNING: Normalizing state frequencies so that sum of them equals to 1
356  Q.yeast+I+G4  5840.123     11  11702.245    11702.756    11749.226
WARNING: Normalizing state frequencies so that sum of them equals to 1
366  Q.yeast+I+R2  5839.610     12  11703.221    11703.825    11754.472
WARNING: Normalizing state frequencies so that sum of them equals to 1
377  Q.yeast+F+G4  5792.052     29  11642.103    11645.590    11765.962
WARNING: Normalizing state frequencies so that sum of them equals to 1
378  Q.yeast+F+I+G4 5789.260     30  11638.519    11642.254    11766.649
WARNING: Normalizing state frequencies so that sum of them equals to 1
388  Q.yeast+F+I+R2 5788.801     31  11639.601    11643.593    11772.002
399  JTTDCMut+G4   5892.469     10  11804.938    11805.363    11847.648
400  JTTDCMut+I+G4 5888.201     11  11798.403    11798.913    11845.383
410  JTTDCMut+I+R2 5888.043     12  11800.086    11800.691    11851.338
421  JTTDCMut+F+G4 5824.645     29  11707.290    11710.777    11831.149
422  JTTDCMut+F+I+G4 5820.116     30  11700.231    11703.966    11828.361
432  JTTDCMut+F+I+R2 5819.977     31  11701.953    11705.945    11834.354
443  DCMut+G4      5954.767     10  11929.535    11929.959    11972.245
444  DCMut+I+G4    5951.359     11  11924.718    11925.229    11971.699
454  DCMut+I+R2    5951.167     12  11926.335    11926.939    11977.587
465  DCMut+F+G4    5835.562     29  11729.125    11732.612    11852.983
466  DCMut+F+I+G4  5831.458     30  11722.916    11726.651    11851.046
476  DCMut+F+I+R2  5831.360     31  11724.720    11728.712    11857.121
487  VT+G4         5851.288     10  11722.575    11723.000    11765.285
488  VT+I+G4       5845.986     11  11713.972    11714.482    11760.952
498  VT+I+R2       5846.065     12  11716.130    11716.735    11767.382
509  VT+F+G4       5793.030     29  11644.060    11647.547    11767.919
510  VT+F+I+G4     5787.846     30  11635.692    11639.427    11763.822
520  VT+F+I+R2     5787.903     31  11637.807    11641.799    11770.207
531  PMB+G4        5878.640     10  11777.280    11777.705    11819.990
532  PMB+I+G4      5871.739     11  11765.479    11765.990    11812.460
542  PMB+I+R2      5871.886     12  11767.772    11768.377    11819.024
553  PMB+F+G4      5804.634     29  11667.268    11670.755    11791.126
554  PMB+F+I+G4    5798.361     30  11656.722    11660.457    11784.852
564  PMB+F+I+R2    5798.468     31  11658.936    11662.928    11791.337
575  Blosum62+G4   5875.389     10  11770.779    11771.203    11813.489
576  Blosum62+I+G4 5868.933     11  11759.866    11760.377    11806.847
586  Blosum62+I+R2 5869.022     12  11762.043    11762.648    11813.295
597  Blosum62+F+G4 5799.047     29  11656.095    11659.582    11779.953
598  Blosum62+F+I+G4 5793.197     30  11646.393    11650.128    11774.523
608  Blosum62+F+I+R2 5793.284     31  11648.567    11652.559    11780.968
619  Dayhoff+G4    5954.993     10  11929.986    11930.411    11972.696
620  Dayhoff+I+G4  5951.579     11  11925.159    11925.669    11972.140
630  Dayhoff+I+R2  5951.385     12  11926.770    11927.374    11978.022
641  Dayhoff+F+G4  5835.644     29  11729.289    11732.776    11853.147
642  Dayhoff+F+I+G4 5831.518     30  11723.036    11726.770    11851.165
652  Dayhoff+F+I+R2 5831.421     31  11724.842    11728.833    11857.242
663  mtREV+G4      6081.327     10  12182.654    12183.079    12225.364
664  mtREV+I+G4    6077.874     11  12177.748    12178.259    12224.729
674  mtREV+I+R2    6076.597     12  12177.195    12177.799    12228.446
685  mtREV+F+G4    5858.209     29  11774.419    11777.906    11898.278
686  mtREV+F+I+G4  5853.910     30  11767.820    11771.555    11895.950
696  mtREV+F+I+R2  5853.710     31  11769.420    11773.412    11901.821
707  mtART+G4      6087.183     10  12194.365    12194.790    12237.075
708  mtART+I+G4    6084.063     11  12190.126    12190.637    12237.107
718  mtART+I+R2    6081.956     12  12187.912    12188.517    12239.164
729  mtART+F+G4    5859.075     29  11776.150    11779.637    11900.009
730  mtART+F+I+G4  5855.708     30  11771.415    11775.150    11899.545
740  mtART+F+I+R2  5852.876     31  11767.751    11771.743    11900.152
751  mtZOA+G4      6038.411     10  12096.822    12097.246    12139.532
752  mtZOA+I+G4    6035.453     11  12092.906    12093.417    12139.887
762  mtZOA+I+R2    6033.172     12  12090.344    12090.949    12141.596
773  mtZOA+F+G4    5828.671     29  11715.341    11718.828    11839.200
774  mtZOA+F+I+G4  5825.358     30  11710.715    11714.450    11838.845
784  mtZOA+F+I+R2  5823.490     31  11708.980    11712.972    11841.381
795  mtMet+G4      6049.398     10  12118.796    12119.221    12161.506
796  mtMet+I+G4    6047.021     11  12116.042    12116.552    12163.023
806  mtMet+I+R2    6046.279     12  12116.559    12117.163    12167.811
817  mtMet+F+G4    5849.920     29  11757.839    11761.326    11881.698
818  mtMet+F+I+G4  5846.528     30  11753.057    11756.792    11881.187
828  mtMet+F+I+R2  5845.834     31  11753.668    11757.660    11886.068
839  mtVer+G4      6113.742     10  12247.484    12247.909    12290.194
840  mtVer+I+G4    6111.315     11  12244.629    12245.140    12291.610
850  mtVer+I+R2    6110.774     12  12245.549    12246.153    12296.801
861  mtVer+F+G4    5893.086     29  11844.172    11847.659    11968.030
862  mtVer+F+I+G4  5888.813     30  11837.625    11841.360    11965.755
872  mtVer+F+I+R2  5888.636     31  11839.272    11843.264    11971.672
883  mtInv+G4      6086.969     10  12193.938    12194.362    12236.647
884  mtInv+I+G4    6084.545     11  12191.091    12191.602    12238.072
894  mtInv+I+R2    6083.778     12  12191.556    12192.161    12242.808
905  mtInv+F+G4    5826.758     29  11711.517    11715.004    11835.376
906  mtInv+F+I+G4  5823.651     30  11707.303    11711.038    11835.432
916  mtInv+F+I+R2  5822.859     31  11707.719    11711.711    11840.120
927  mtMAM+G4      6147.619     10  12315.238    12315.663    12357.948
928  mtMAM+I+G4    6144.234     11  12310.469    12310.980    12357.450
938  mtMAM+I+R2    6144.421     12  12312.841    12313.446    12364.093
949  mtMAM+F+G4    5905.255     29  11868.510    11871.997    11992.369
950  mtMAM+F+I+G4  5899.318     30  11858.636    11862.371    11986.766
960  mtMAM+F+I+R2  5899.340     31  11860.680    11864.672    11993.081
WARNING: Normalizing state frequencies so that sum of them equals to 1
971  FLAVI+G4      6043.260     10  12106.519    12106.944    12149.229
WARNING: Normalizing state frequencies so that sum of them equals to 1
972  FLAVI+I+G4    6038.818     11  12099.636    12100.147    12146.617
WARNING: Normalizing state frequencies so that sum of them equals to 1
982  FLAVI+I+R2    6039.342     12  12102.685    12103.289    12153.937
WARNING: Normalizing state frequencies so that sum of them equals to 1
993  FLAVI+F+G4    5936.439     29  11930.879    11934.366    12054.737
WARNING: Normalizing state frequencies so that sum of them equals to 1
994  FLAVI+F+I+G4  5931.316     30  11922.633    11926.367    12050.762
WARNING: Normalizing state frequencies so that sum of them equals to 1
1004  FLAVI+F+I+R2  5932.089     31  11926.178    11930.169    12058.578
1015  HIVb+G4       5990.536     10  12001.072    12001.497    12043.782
1016  HIVb+I+G4     5985.686     11  11993.372    11993.882    12040.353
1026  HIVb+I+R2     5985.683     12  11995.365    11995.970    12046.617
1037  HIVb+F+G4     5891.822     29  11841.644    11845.131    11965.503
1038  HIVb+F+I+G4   5886.622     30  11833.245    11836.980    11961.374
1048  HIVb+F+I+R2   5886.923     31  11835.846    11839.838    11968.247
1059  HIVw+G4       6069.418     10  12158.836    12159.261    12201.546
1060  HIVw+I+G4     6064.820     11  12151.641    12152.151    12198.622
1070  HIVw+I+R2     6065.711     12  12155.421    12156.026    12206.673
1081  HIVw+F+G4     5989.937     29  12037.873    12041.360    12161.732
1082  HIVw+F+I+G4   5985.578     30  12031.155    12034.890    12159.285
1092  HIVw+F+I+R2   5986.012     31  12034.024    12038.016    12166.425
1103  FLU+G4        5877.904     10  11775.808    11776.232    11818.518
1104  FLU+I+G4      5871.417     11  11764.835    11765.346    11811.816
1114  FLU+I+R2      5871.544     12  11767.088    11767.693    11818.340
1125  FLU+F+G4      5853.507     29  11765.014    11768.501    11888.872
1126  FLU+F+I+G4    5847.275     30  11754.549    11758.284    11882.679
1136  FLU+F+I+R2    5847.290     31  11756.579    11760.571    11888.980
1147  rtREV+G4      5907.016     10  11834.033    11834.457    11876.742
1148  rtREV+I+G4    5901.953     11  11825.906    11826.417    11872.887
1158  rtREV+I+R2    5901.524     12  11827.048    11827.653    11878.300
1169  rtREV+F+G4    5795.106     29  11648.212    11651.699    11772.071
1170  rtREV+F+I+G4  5790.347     30  11640.694    11644.429    11768.824
1180  rtREV+F+I+R2  5790.155     31  11642.311    11646.303    11774.712
1191  cpREV+G4      5881.335     10  11782.669    11783.094    11825.379
1192  cpREV+I+G4    5878.333     11  11778.666    11779.177    11825.647
1202  cpREV+I+R2    5878.140     12  11780.279    11780.884    11831.531
1213  cpREV+F+G4    5823.337     29  11704.674    11708.161    11828.532
1214  cpREV+F+I+G4  5819.723     30  11699.447    11703.181    11827.576
1224  cpREV+F+I+R2  5819.753     31  11701.506    11705.498    11833.906
Akaike Information Criterion:           Q.pfam+F+I+G4
Corrected Akaike Information Criterion: Q.pfam+F+I+G4
Bayesian Information Criterion:         Q.pfam+F+I+G4
Best-fit model: Q.pfam+F+I+G4 chosen according to BIC

All model information printed to ./orthofinder/Results_Jul15/WorkingDirectory/Alignments_ids/OG0000170.model.gz
CPU time for ModelFinder: 7.197 seconds (0h:0m:7s)
Wall-clock time for ModelFinder: 11.996 seconds (0h:0m:11s)
WARNING: Normalizing state frequencies so that sum of them equals to 1

NOTE: 1 MB RAM (0 GB) is required!
Estimate model parameters (epsilon = 0.100)
Thoroughly optimizing +I+G parameters from 10 start values...
Init pinv, alpha: 0.000, 3.754 / Estimate: 0.000, 2.370 / LogL: -5782.152
Init pinv, alpha: 0.020, 3.754 / Estimate: 0.033, 3.508 / LogL: -5778.000
Init pinv, alpha: 0.041, 3.754 / Estimate: 0.040, 3.842 / LogL: -5777.918
Init pinv, alpha: 0.061, 3.754 / Estimate: 0.043, 4.089 / LogL: -5777.969
Init pinv, alpha: 0.081, 3.754 / Estimate: 0.043, 4.107 / LogL: -5777.965
Init pinv, alpha: 0.102, 3.754 / Estimate: 0.042, 4.051 / LogL: -5777.944
Init pinv, alpha: 0.122, 3.754 / Estimate: 0.042, 4.082 / LogL: -5777.953
Init pinv, alpha: 0.143, 3.754 / Estimate: 0.042, 4.106 / LogL: -5777.960
Init pinv, alpha: 0.163, 3.754 / Estimate: 0.043, 4.126 / LogL: -5777.967
Init pinv, alpha: 0.183, 3.754 / Estimate: 0.043, 4.144 / LogL: -5777.973
Optimal pinv,alpha: 0.040, 3.842 / LogL: -5777.918

Parameters optimization took 0.990 sec
Wrote distance file to... 
Computing ML distances based on estimated model parameters...
Calculating distance matrix: done in 0.00190187 secs using 99.95% CPU
Computing ML distances took 0.001935 sec (of wall-clock time) 0.001934 sec (of CPU time)
Setting up auxiliary I and S matrices: done in 1.81198e-05 secs using 104.9% CPU
Constructing RapidNJ tree: done in 1.40667e-05 secs using 99.53% CPU
Computing RapidNJ tree took 0.000058 sec (of wall-clock time) 0.000057 sec (of CPU time)
Log-likelihood of RapidNJ tree: -5780.820
--------------------------------------------------------------------
|             INITIALIZING CANDIDATE TREE SET                      |
--------------------------------------------------------------------
Generating 98 parsimony trees... 0.056 second
Computing log-likelihood of 5 initial trees ... 0.037 seconds
Current best score: -5777.918

Do NNI search on 7 best initial trees
Optimizing NNI: done in 0.034066 secs using 55.65% CPU
Optimizing NNI: done in 0.035768 secs using 66.44% CPU
Optimizing NNI: done in 0.0443089 secs using 59.3% CPU
Optimizing NNI: done in 0.0396519 secs using 38.69% CPU
Optimizing NNI: done in 0.0159819 secs using 95.89% CPU
Optimizing NNI: done in 0.0488389 secs using 31.65% CPU
Optimizing NNI: done in 0.0406611 secs using 38.87% CPU
Finish initializing candidate tree set (7)
Current best tree score: -5777.918 / CPU time: 0.364
Number of iterations: 7
--------------------------------------------------------------------
|               OPTIMIZING CANDIDATE TREE SET                      |
--------------------------------------------------------------------
Optimizing NNI: done in 0.0492139 secs using 51.23% CPU
Optimizing NNI: done in 0.0971448 secs using 34.3% CPU
Optimizing NNI: done in 0.093684 secs using 25.96% CPU
Iteration 10 / LogL: -5777.984 / Time: 0h:0m:1s
Optimizing NNI: done in 0.00705695 secs using 94.12% CPU
Optimizing NNI: done in 0.053406 secs using 45.59% CPU
Optimizing NNI: done in 0.0446429 secs using 55.12% CPU
Optimizing NNI: done in 0.055691 secs using 43.62% CPU
Optimizing NNI: done in 0.0476799 secs using 33.08% CPU
Optimizing NNI: done in 0.0376179 secs using 65.14% CPU
Optimizing NNI: done in 0.0676811 secs using 23.19% CPU
Optimizing NNI: done in 0.10584 secs using 31.97% CPU
Optimizing NNI: done in 0.0769632 secs using 32.43% CPU
Optimizing NNI: done in 0.0307832 secs using 22.04% CPU
Iteration 20 / LogL: -5780.612 / Time: 0h:0m:2s
Optimizing NNI: done in 0.08534 secs using 39.03% CPU
Optimizing NNI: done in 0.0317929 secs using 49.69% CPU
Optimizing NNI: done in 0.114031 secs using 29.84% CPU
Optimizing NNI: done in 0.060149 secs using 26.85% CPU
Optimizing NNI: done in 0.044327 secs using 36.39% CPU
Optimizing NNI: done in 0.0580552 secs using 43.43% CPU
Optimizing NNI: done in 0.097096 secs using 25.94% CPU
Optimizing NNI: done in 0.0934632 secs using 27.22% CPU
Optimizing NNI: done in 0.0728679 secs using 34.13% CPU
Optimizing NNI: done in 0.0669188 secs using 40.23% CPU
Iteration 30 / LogL: -5778.685 / Time: 0h:0m:2s (0h:0m:7s left)
Optimizing NNI: done in 0.065856 secs using 27.12% CPU
UPDATE BEST LOG-LIKELIHOOD: -5777.918
Optimizing NNI: done in 0.0748088 secs using 35.83% CPU
Optimizing NNI: done in 0.0778689 secs using 43.1% CPU
Optimizing NNI: done in 0.0309112 secs using 22.35% CPU
Optimizing NNI: done in 0.0767469 secs using 32.22% CPU
Optimizing NNI: done in 0.071913 secs using 22.13% CPU
Optimizing NNI: done in 0.0726111 secs using 33.9% CPU
Optimizing NNI: done in 0.073364 secs using 34.57% CPU
Optimizing NNI: done in 0.0400031 secs using 40.01% CPU
Optimizing NNI: done in 0.067656 secs using 23.15% CPU
UPDATE BEST LOG-LIKELIHOOD: -5777.918
Iteration 40 / LogL: -5777.918 / Time: 0h:0m:3s (0h:0m:5s left)
Optimizing NNI: done in 0.039737 secs using 39.52% CPU
UPDATE BEST LOG-LIKELIHOOD: -5777.918
Optimizing NNI: done in 0.0278561 secs using 56.87% CPU
Optimizing NNI: done in 0.00807714 secs using 87.15% CPU
Optimizing NNI: done in 0.0416219 secs using 42.33% CPU
UPDATE BEST LOG-LIKELIHOOD: -5777.918
Optimizing NNI: done in 0.030793 secs using 80.82% CPU
Optimizing NNI: done in 0.069061 secs using 36.9% CPU
Optimizing NNI: done in 0.0519512 secs using 47.53% CPU
Optimizing NNI: done in 0.036885 secs using 43.89% CPU
Optimizing NNI: done in 0.0366669 secs using 42.41% CPU
UPDATE BEST LOG-LIKELIHOOD: -5777.918
Optimizing NNI: done in 0.051331 secs using 48.62% CPU
Iteration 50 / LogL: -5778.004 / Time: 0h:0m:4s (0h:0m:4s left)
Optimizing NNI: done in 0.028265 secs using 55.63% CPU
Optimizing NNI: done in 0.0550089 secs using 45.31% CPU
Optimizing NNI: done in 0.0558529 secs using 44.09% CPU
Optimizing NNI: done in 0.0322881 secs using 48.67% CPU
Optimizing NNI: done in 0.0562258 secs using 43.22% CPU
Optimizing NNI: done in 0.0380988 secs using 41.07% CPU
Optimizing NNI: done in 0.0328619 secs using 46.17% CPU
Optimizing NNI: done in 0.039813 secs using 43.86% CPU
Optimizing NNI: done in 0.0628998 secs using 38.74% CPU
Optimizing NNI: done in 0.0375521 secs using 41.64% CPU
Iteration 60 / LogL: -5778.318 / Time: 0h:0m:4s (0h:0m:3s left)
Optimizing NNI: done in 0.0270312 secs using 56.56% CPU
Optimizing NNI: done in 0.023257 secs using 66.84% CPU
Optimizing NNI: done in 0.0179112 secs using 86.41% CPU
Optimizing NNI: done in 0.00835586 secs using 80.72% CPU
Optimizing NNI: done in 0.030479 secs using 87.07% CPU
Optimizing NNI: done in 0.026227 secs using 91.67% CPU
Optimizing NNI: done in 0.0288079 secs using 93% CPU
Optimizing NNI: done in 0.03298 secs using 73.69% CPU
Optimizing NNI: done in 0.027338 secs using 87.92% CPU
Optimizing NNI: done in 0.0321908 secs using 75.38% CPU
Iteration 70 / LogL: -5778.115 / Time: 0h:0m:4s (0h:0m:2s left)
Optimizing NNI: done in 0.0325062 secs using 75.75% CPU
Optimizing NNI: done in 0.0450852 secs using 53.89% CPU
Optimizing NNI: done in 0.0189781 secs using 80.61% CPU
Optimizing NNI: done in 0.033921 secs using 72.25% CPU
Optimizing NNI: done in 0.0273409 secs using 89.88% CPU
Optimizing NNI: done in 0.0165009 secs using 92.4% CPU
Optimizing NNI: done in 0.020956 secs using 74.25% CPU
Optimizing NNI: done in 0.0423591 secs using 37.26% CPU
Optimizing NNI: done in 0.041518 secs using 59.63% CPU
Optimizing NNI: done in 0.0611339 secs using 40.3% CPU
Iteration 80 / LogL: -5777.984 / Time: 0h:0m:5s (0h:0m:1s left)
Optimizing NNI: done in 0.026931 secs using 59.76% CPU
Optimizing NNI: done in 0.0285208 secs using 56.61% CPU
Optimizing NNI: done in 0.017036 secs using 91.77% CPU
Optimizing NNI: done in 0.030272 secs using 84.26% CPU
Optimizing NNI: done in 0.0174849 secs using 92.65% CPU
Optimizing NNI: done in 0.017185 secs using 90.78% CPU
Optimizing NNI: done in 0.0314701 secs using 78.25% CPU
Optimizing NNI: done in 0.0204 secs using 78.03% CPU
Optimizing NNI: done in 0.021209 secs using 75.49% CPU
Optimizing NNI: done in 0.043725 secs using 35.96% CPU
Iteration 90 / LogL: -5778.318 / Time: 0h:0m:5s (0h:0m:0s left)
Optimizing NNI: done in 0.0570409 secs using 43.86% CPU
Optimizing NNI: done in 0.131027 secs using 20.6% CPU
Optimizing NNI: done in 0.097173 secs using 25.9% CPU
Optimizing NNI: done in 0.106827 secs using 25.11% CPU
Optimizing NNI: done in 0.0556259 secs using 28.08% CPU
Optimizing NNI: done in 0.068918 secs using 36.13% CPU
Optimizing NNI: done in 0.042177 secs using 42.96% CPU
Optimizing NNI: done in 0.029779 secs using 91.87% CPU
Optimizing NNI: done in 0.030194 secs using 82.54% CPU
Optimizing NNI: done in 0.0194318 secs using 83.24% CPU
Iteration 100 / LogL: -5778.029 / Time: 0h:0m:6s (0h:0m:0s left)
Optimizing NNI: done in 0.0270011 secs using 93.44% CPU
TREE SEARCH COMPLETED AFTER 101 ITERATIONS / Time: 0h:0m:6s

--------------------------------------------------------------------
|                    FINALIZING TREE SEARCH                        |
--------------------------------------------------------------------
Performs final model parameters optimization
Estimate model parameters (epsilon = 0.010)
1. Initial log-likelihood: -5777.918
Optimal log-likelihood: -5777.915
Proportion of invariable sites: 0.039
Gamma shape alpha: 3.858
Parameters optimization took 1 rounds (0.013 sec)
BEST SCORE FOUND : -5777.915
Total tree length: 5.770

Total number of iterations: 101
CPU time used for tree search: 2.230 sec (0h:0m:2s)
Wall-clock time used for tree search: 5.013 sec (0h:0m:5s)
Total CPU time used: 2.740 sec (0h:0m:2s)
Total wall-clock time used: 6.078 sec (0h:0m:6s)

Analysis results written to: 
  IQ-TREE report:                ./orthofinder/Results_Jul15/WorkingDirectory/Alignments_ids/OG0000170.iqtree
  Maximum-likelihood tree:       ./orthofinder/Results_Jul15/WorkingDirectory/Alignments_ids/OG0000170.treefile
  Likelihood distances:          ./orthofinder/Results_Jul15/WorkingDirectory/Alignments_ids/OG0000170.mldist
  Screen log file:               ./orthofinder/Results_Jul15/WorkingDirectory/Alignments_ids/OG0000170.log

Date and Time: Mon Jul 15 11:05:18 2024
