IQ-TREE multicore version 2.2.0.5 COVID-edition for Linux 64-bit built Sep 26 2022
Developed by Bui Quang Minh, James Barbetti, Nguyen Lam Tung,
Olga Chernomor, Heiko Schmidt, Dominik Schrempf, Michael Woodhams, Ly Trong Nhan.

Host:    c046 (AVX2, FMA3, 503 GB RAM)
Command: iqtree -s ./orthofinder/Results_Jul15/WorkingDirectory/Alignments_ids/OG0000015.fa -pre ./orthofinder/Results_Jul15/WorkingDirectory/Alignments_ids/OG0000015
Seed:    390281 (Using SPRNG - Scalable Parallel Random Number Generator)
Time:    Mon Jul 15 10:52:18 2024
Kernel:  AVX+FMA - 1 threads (24 CPU cores detected)

HINT: Use -nt option to specify number of threads because your CPU has 24 cores!
HINT: -nt AUTO will automatically determine the best number of threads to use.

Reading alignment file ./orthofinder/Results_Jul15/WorkingDirectory/Alignments_ids/OG0000015.fa ... Fasta format detected
Reading fasta file: done in 0.000190973 secs using 98.97% CPU
Alignment most likely contains protein sequences
Constructing alignment: done in 0.000119925 secs using 99.23% CPU
Alignment has 45 sequences with 196 columns, 185 distinct patterns
95 parsimony-informative, 48 singleton sites, 53 constant sites
        Gap/Ambiguity  Composition  p-value
Analyzing sequences: done in 1.40667e-05 secs using 92.42% CPU
   1  0_46     25.00%    failed      0.51%
   2  1_79     28.57%    failed      0.00%
   3  2_187    39.29%    passed     30.10%
   4  3_89     36.22%    failed      0.27%
   5  4_30     30.10%    failed      0.05%
   6  5_155    28.57%    failed      0.07%
   7  6_67     59.69%    failed      1.21%
   8  7_97     54.59%    failed      0.36%
   9  8_11     60.71%    passed     91.43%
  10  9_11     60.71%    passed     91.43%
  11  10_131   60.71%    passed     91.43%
  12  11_121   60.71%    passed     91.43%
  13  12_32    65.82%    passed     99.73%
  14  13_32    65.82%    passed     99.73%
  15  14_29    65.82%    passed     99.97%
  16  15_31    65.82%    passed     99.73%
  17  16_29    62.76%    passed     97.53%
  18  17_30    65.82%    passed     99.73%
  19  18_34    62.76%    passed     92.79%
  20  19_33    65.82%    passed     99.97%
  21  20_51    65.82%    passed     99.97%
  22  21_31    65.82%    passed     99.97%
  23  22_34    65.82%    passed     99.97%
  24  23_29    65.82%    passed     99.97%
  25  24_33    65.82%    passed     99.97%
  26  25_30    65.82%    passed     99.97%
  27  26_33    65.82%    passed     99.97%
  28  27_30    56.63%    passed     95.60%
  29  28_29    62.76%    passed     99.95%
  30  29_43    65.82%    passed     99.97%
  31  30_29    65.82%    passed     99.97%
  32  31_74    65.82%    passed     99.97%
  33  32_45    65.82%    passed     99.97%
  34  33_45    65.82%    passed     99.97%
  35  34_30    65.82%    passed     99.97%
  36  35_31    65.82%    passed     99.97%
  37  36_33    65.82%    passed     99.73%
  38  37_29    65.82%    passed     99.97%
  39  38_30    65.82%    passed     99.98%
  40  39_31    55.61%    passed     99.98%
  41  40_31    65.82%    passed     99.97%
  42  41_30    65.82%    passed     99.97%
  43  42_113   65.82%    passed     99.97%
  44  43_82    53.06%    failed      4.54%
  45  44_73    53.06%    passed     12.43%
WARNING: 39 sequences contain more than 50% gaps/ambiguity
****  TOTAL    59.17%  8 sequences failed composition chi2 test (p-value<5%; df=19)
NOTE: 9_11 is identical to 8_11 but kept for subsequent analysis
NOTE: 13_32 is identical to 12_32 but kept for subsequent analysis
NOTE: 19_33 is identical to 14_29 but kept for subsequent analysis
Checking for duplicate sequences: done in 5.10216e-05 secs using 101.9% CPU
Identifying sites to remove: done in 5.31673e-05 secs using 99.69% CPU
NOTE: 22 identical sequences (see below) will be ignored for subsequent analysis
NOTE: 10_131 (identical to 8_11) is ignored but added at the end
NOTE: 11_121 (identical to 8_11) is ignored but added at the end
NOTE: 15_31 (identical to 12_32) is ignored but added at the end
NOTE: 17_30 (identical to 12_32) is ignored but added at the end
NOTE: 36_33 (identical to 12_32) is ignored but added at the end
NOTE: 20_51 (identical to 14_29) is ignored but added at the end
NOTE: 21_31 (identical to 14_29) is ignored but added at the end
NOTE: 22_34 (identical to 14_29) is ignored but added at the end
NOTE: 23_29 (identical to 14_29) is ignored but added at the end
NOTE: 24_33 (identical to 14_29) is ignored but added at the end
NOTE: 25_30 (identical to 14_29) is ignored but added at the end
NOTE: 26_33 (identical to 14_29) is ignored but added at the end
NOTE: 29_43 (identical to 14_29) is ignored but added at the end
NOTE: 30_29 (identical to 14_29) is ignored but added at the end
NOTE: 31_74 (identical to 14_29) is ignored but added at the end
NOTE: 32_45 (identical to 14_29) is ignored but added at the end
NOTE: 33_45 (identical to 14_29) is ignored but added at the end
NOTE: 34_30 (identical to 14_29) is ignored but added at the end
NOTE: 35_31 (identical to 14_29) is ignored but added at the end
NOTE: 37_29 (identical to 14_29) is ignored but added at the end
NOTE: 41_30 (identical to 14_29) is ignored but added at the end
NOTE: 42_113 (identical to 14_29) is ignored but added at the end
Alignment was printed to ./orthofinder/Results_Jul15/WorkingDirectory/Alignments_ids/OG0000015.uniqueseq.phy

For your convenience alignment with unique sequences printed to ./orthofinder/Results_Jul15/WorkingDirectory/Alignments_ids/OG0000015.uniqueseq.phy


Create initial parsimony tree by phylogenetic likelihood library (PLL)... 0.001 seconds
Perform fast likelihood tree search using LG+I+G model...
Estimate model parameters (epsilon = 5.000)
Perform nearest neighbor interchange...
Optimizing NNI: done in 0.702534 secs using 23.91% CPU
Estimate model parameters (epsilon = 1.000)
1. Initial log-likelihood: -3052.931
Optimal log-likelihood: -3052.875
Proportion of invariable sites: 0.060
Gamma shape alpha: 2.436
Parameters optimization took 1 rounds (0.058 sec)
Time for fast ML tree search: 0.910 seconds

NOTE: ModelFinder requires 7 MB RAM!
ModelFinder will test up to 1232 protein models (sample size: 196) ...
 No. Model         -LnL         df  AIC          AICc         BIC
  1  LG            3118.779     43  6323.558     6348.452     6464.516
  2  LG+I          3077.088     44  6242.177     6268.402     6386.414
  3  LG+G4         3062.008     44  6212.015     6238.240     6356.252
  4  LG+I+G4       3052.867     45  6195.735     6223.335     6343.250
  5  LG+R2         3059.537     45  6209.075     6236.675     6356.590
  6  LG+R3         3055.391     47  6204.781     6235.268     6358.853
 14  LG+I+R2       3051.649     46  6195.298     6224.319     6346.092
 15  LG+I+R3       3051.415     48  6198.830     6230.830     6356.180
 26  LG+F+I+G4     3042.350     64  6212.699     6276.211     6422.499
 36  LG+F+I+R2     3041.034     65  6212.069     6278.069     6425.146
 48  WAG+I+G4      3056.915     45  6203.830     6231.430     6351.345
 58  WAG+I+R2      3055.018     46  6202.036     6231.056     6352.829
 70  WAG+F+I+G4    3028.575     64  6185.150     6248.661     6394.949
 80  WAG+F+I+R2    3026.848     65  6183.696     6249.696     6396.774
 92  JTT+I+G4      3074.542     45  6239.084     6266.684     6386.600
102  JTT+I+R2      3072.712     46  6237.425     6266.445     6388.218
114  JTT+F+I+G4    3050.973     64  6229.947     6293.458     6439.746
124  JTT+F+I+R2    3049.316     65  6228.633     6294.633     6441.710
WARNING: Normalizing state frequencies so that sum of them equals to 1
136  Q.pfam+I+G4   3063.892     45  6217.784     6245.384     6365.299
WARNING: Normalizing state frequencies so that sum of them equals to 1
146  Q.pfam+I+R2   3062.735     46  6217.470     6246.490     6368.263
WARNING: Normalizing state frequencies so that sum of them equals to 1
158  Q.pfam+F+I+G4 3041.793     64  6211.586     6275.098     6421.386
WARNING: Normalizing state frequencies so that sum of them equals to 1
168  Q.pfam+F+I+R2 3040.669     65  6211.338     6277.338     6424.416
WARNING: Normalizing state frequencies so that sum of them equals to 1
180  Q.bird+I+G4   3112.861     45  6315.721     6343.321     6463.236
WARNING: Normalizing state frequencies so that sum of them equals to 1
190  Q.bird+I+R2   3112.918     46  6317.836     6346.856     6468.630
WARNING: Normalizing state frequencies so that sum of them equals to 1
202  Q.bird+F+I+G4 3095.803     64  6319.606     6383.118     6529.406
WARNING: Normalizing state frequencies so that sum of them equals to 1
212  Q.bird+F+I+R2 3095.707     65  6321.414     6387.414     6534.491
WARNING: Normalizing state frequencies so that sum of them equals to 1
224  Q.mammal+I+G4 3104.155     45  6298.310     6325.910     6445.825
WARNING: Normalizing state frequencies so that sum of them equals to 1
234  Q.mammal+I+R2 3104.033     46  6300.066     6329.086     6450.859
WARNING: Normalizing state frequencies so that sum of them equals to 1
246  Q.mammal+F+I+G4 3079.180     64  6286.361     6349.872     6496.160
WARNING: Normalizing state frequencies so that sum of them equals to 1
256  Q.mammal+F+I+R2 3078.762     65  6287.524     6353.524     6500.602
268  Q.insect+I+G4 3044.403     45  6178.806     6206.406     6326.321
278  Q.insect+I+R2 3044.024     46  6180.049     6209.069     6330.842
290  Q.insect+F+I+G4 3057.951     64  6243.902     6307.414     6453.701
300  Q.insect+F+I+R2 3057.254     65  6244.507     6310.507     6457.585
WARNING: Normalizing state frequencies so that sum of them equals to 1
312  Q.plant+I+G4  3084.611     45  6259.221     6286.821     6406.737
WARNING: Normalizing state frequencies so that sum of them equals to 1
322  Q.plant+I+R2  3086.133     46  6264.266     6293.286     6415.059
WARNING: Normalizing state frequencies so that sum of them equals to 1
334  Q.plant+F+I+G4 3077.810     64  6283.621     6347.132     6493.420
WARNING: Normalizing state frequencies so that sum of them equals to 1
344  Q.plant+F+I+R2 3078.553     65  6287.106     6353.106     6500.183
WARNING: Normalizing state frequencies so that sum of them equals to 1
356  Q.yeast+I+G4  3049.705     45  6189.410     6217.010     6336.925
WARNING: Normalizing state frequencies so that sum of them equals to 1
366  Q.yeast+I+R2  3050.013     46  6192.025     6221.045     6342.818
WARNING: Normalizing state frequencies so that sum of them equals to 1
378  Q.yeast+F+I+G4 3057.096     64  6242.191     6305.703     6451.991
WARNING: Normalizing state frequencies so that sum of them equals to 1
388  Q.yeast+F+I+R2 3056.430     65  6242.860     6308.860     6455.938
400  JTTDCMut+I+G4 3073.471     45  6236.942     6264.542     6384.457
410  JTTDCMut+I+R2 3071.632     46  6235.263     6264.283     6386.056
422  JTTDCMut+F+I+G4 3049.903     64  6227.806     6291.317     6437.605
432  JTTDCMut+F+I+R2 3048.250     65  6226.499     6292.499     6439.577
444  DCMut+I+G4    3087.217     45  6264.434     6292.034     6411.949
454  DCMut+I+R2    3086.570     46  6265.139     6294.159     6415.933
466  DCMut+F+I+G4  3048.734     64  6225.469     6288.980     6435.268
476  DCMut+F+I+R2  3047.445     65  6224.891     6290.891     6437.968
488  VT+I+G4       3051.234     45  6192.469     6220.069     6339.984
498  VT+I+R2       3048.733     46  6189.466     6218.486     6340.259
510  VT+F+I+G4     3034.630     64  6197.260     6260.771     6407.059
520  VT+F+I+R2     3032.401     65  6194.802     6260.802     6407.879
532  PMB+I+G4      3055.295     45  6200.591     6228.191     6348.106
542  PMB+I+R2      3053.034     46  6198.067     6227.087     6348.860
554  PMB+F+I+G4    3035.187     64  6198.374     6261.885     6408.173
564  PMB+F+I+R2    3033.195     65  6196.390     6262.390     6409.468
576  Blosum62+I+G4 3046.373     45  6182.746     6210.346     6330.261
586  Blosum62+I+R2 3043.955     46  6179.910     6208.930     6330.703
598  Blosum62+F+I+G4 3037.221     64  6202.442     6265.953     6412.241
608  Blosum62+F+I+R2 3034.695     65  6199.391     6265.391     6412.468
620  Dayhoff+I+G4  3087.143     45  6264.285     6291.885     6411.800
630  Dayhoff+I+R2  3086.514     46  6265.029     6294.049     6415.822
642  Dayhoff+F+I+G4 3048.726     64  6225.451     6288.963     6435.250
652  Dayhoff+F+I+R2 3047.451     65  6224.902     6290.902     6437.979
664  mtREV+I+G4    3210.097     45  6510.195     6537.795     6657.710
674  mtREV+I+R2    3205.390     46  6502.780     6531.800     6653.573
686  mtREV+F+I+G4  3073.707     64  6275.415     6338.926     6485.214
696  mtREV+F+I+R2  3074.006     65  6278.011     6344.011     6491.089
708  mtART+I+G4    3224.216     45  6538.432     6566.032     6685.947
718  mtART+I+R2    3227.150     46  6546.300     6575.320     6697.093
730  mtART+F+I+G4  3104.793     64  6337.586     6401.098     6547.386
740  mtART+F+I+R2  3110.687     65  6351.373     6417.373     6564.451
752  mtZOA+I+G4    3195.386     45  6480.772     6508.372     6628.287
762  mtZOA+I+R2    3195.804     46  6483.608     6512.629     6634.402
774  mtZOA+F+I+G4  3084.976     64  6297.952     6361.463     6507.751
784  mtZOA+F+I+R2  3087.820     65  6305.641     6371.641     6518.718
796  mtMet+I+G4    3169.835     45  6429.671     6457.271     6577.186
806  mtMet+I+R2    3166.912     46  6425.823     6454.844     6576.617
818  mtMet+F+I+G4  3081.673     64  6291.346     6354.858     6501.145
828  mtMet+F+I+R2  3083.145     65  6296.290     6362.290     6509.368
840  mtVer+I+G4    3235.306     45  6560.613     6588.213     6708.128
850  mtVer+I+R2    3233.954     46  6559.909     6588.929     6710.702
862  mtVer+F+I+G4  3113.446     64  6354.892     6418.404     6564.692
872  mtVer+F+I+R2  3115.976     65  6361.952     6427.952     6575.029
884  mtInv+I+G4    3173.373     45  6436.746     6464.346     6584.261
894  mtInv+I+R2    3171.148     46  6434.297     6463.317     6585.090
906  mtInv+F+I+G4  3071.369     64  6270.739     6334.250     6480.538
916  mtInv+F+I+R2  3071.623     65  6273.245     6339.245     6486.322
928  mtMAM+I+G4    3263.695     45  6617.390     6644.990     6764.905
938  mtMAM+I+R2    3264.834     46  6621.668     6650.688     6772.461
950  mtMAM+F+I+G4  3122.274     64  6372.548     6436.059     6582.347
960  mtMAM+F+I+R2  3125.736     65  6381.472     6447.472     6594.549
WARNING: Normalizing state frequencies so that sum of them equals to 1
972  FLAVI+I+G4    3173.139     45  6436.278     6463.878     6583.793
WARNING: Normalizing state frequencies so that sum of them equals to 1
982  FLAVI+I+R2    3177.746     46  6447.492     6476.512     6598.285
WARNING: Normalizing state frequencies so that sum of them equals to 1
994  FLAVI+F+I+G4  3123.559     64  6375.118     6438.630     6584.918
WARNING: Normalizing state frequencies so that sum of them equals to 1
1004  FLAVI+F+I+R2  3126.868     65  6383.736     6449.736     6596.813
1016  HIVb+I+G4     3119.170     45  6328.341     6355.941     6475.856
1026  HIVb+I+R2     3119.647     46  6331.294     6360.314     6482.087
1038  HIVb+F+I+G4   3098.564     64  6325.127     6388.638     6534.926
1048  HIVb+F+I+R2   3100.344     65  6330.688     6396.688     6543.765
1060  HIVw+I+G4     3190.595     45  6471.191     6498.791     6618.706
1070  HIVw+I+R2     3190.738     46  6473.476     6502.496     6624.269
1082  HIVw+F+I+G4   3139.134     64  6406.267     6469.779     6616.067
1092  HIVw+F+I+R2   3139.270     65  6408.540     6474.540     6621.617
1104  FLU+I+G4      3100.358     45  6290.717     6318.317     6438.232
1114  FLU+I+R2      3099.794     46  6291.589     6320.609     6442.382
1126  FLU+F+I+G4    3068.592     64  6265.184     6328.696     6474.984
1136  FLU+F+I+R2    3068.500     65  6267.000     6333.000     6480.077
1148  rtREV+I+G4    3080.312     45  6250.625     6278.225     6398.140
1158  rtREV+I+R2    3078.315     46  6248.630     6277.650     6399.423
1170  rtREV+F+I+G4  3062.116     64  6252.233     6315.744     6462.032
1180  rtREV+F+I+R2  3060.059     65  6250.117     6316.117     6463.195
1192  cpREV+I+G4    3070.159     45  6230.319     6257.919     6377.834
1202  cpREV+I+R2    3069.109     46  6230.218     6259.238     6381.012
1214  cpREV+F+I+G4  3054.591     64  6237.183     6300.694     6446.982
1224  cpREV+F+I+R2  3054.442     65  6238.883     6304.883     6451.961
Akaike Information Criterion:           Q.insect+I+G4
Corrected Akaike Information Criterion: Q.insect+I+G4
Bayesian Information Criterion:         Q.insect+I+G4
Best-fit model: Q.insect+I+G4 chosen according to BIC

All model information printed to ./orthofinder/Results_Jul15/WorkingDirectory/Alignments_ids/OG0000015.model.gz
CPU time for ModelFinder: 9.260 seconds (0h:0m:9s)
Wall-clock time for ModelFinder: 27.957 seconds (0h:0m:27s)

NOTE: 2 MB RAM (0 GB) is required!
Estimate model parameters (epsilon = 0.100)
Thoroughly optimizing +I+G parameters from 10 start values...
Init pinv, alpha: 0.000, 2.105 / Estimate: 0.000, 1.194 / LogL: -3052.689
Init pinv, alpha: 0.030, 2.105 / Estimate: 0.057, 2.051 / LogL: -3044.402
Init pinv, alpha: 0.060, 2.105 / Estimate: 0.059, 2.079 / LogL: -3044.398
Init pinv, alpha: 0.090, 2.105 / Estimate: 0.060, 2.075 / LogL: -3044.399
Init pinv, alpha: 0.120, 2.105 / Estimate: 0.061, 2.085 / LogL: -3044.404
Init pinv, alpha: 0.150, 2.105 / Estimate: 0.062, 2.091 / LogL: -3044.410
Init pinv, alpha: 0.180, 2.105 / Estimate: 0.061, 2.081 / LogL: -3044.400
Init pinv, alpha: 0.210, 2.105 / Estimate: 0.061, 2.084 / LogL: -3044.401
Init pinv, alpha: 0.240, 2.105 / Estimate: 0.061, 2.086 / LogL: -3044.402
Init pinv, alpha: 0.270, 2.105 / Estimate: 0.061, 2.088 / LogL: -3044.403
Optimal pinv,alpha: 0.059, 2.079 / LogL: -3044.398

Parameters optimization took 1.695 sec
Wrote distance file to... 
Computing ML distances based on estimated model parameters...
Calculating distance matrix: done in 0.075022 secs using 36.01% CPU
Computing ML distances took 0.075072 sec (of wall-clock time) 0.027066 sec (of CPU time)
Setting up auxiliary I and S matrices: done in 3.00407e-05 secs using 99.86% CPU
Constructing RapidNJ tree: done in 4.69685e-05 secs using 100.1% CPU
Computing RapidNJ tree took 0.000103 sec (of wall-clock time) 0.000102 sec (of CPU time)
Log-likelihood of RapidNJ tree: -3053.408
--------------------------------------------------------------------
|             INITIALIZING CANDIDATE TREE SET                      |
--------------------------------------------------------------------
Generating 98 parsimony trees... 0.216 second
Computing log-likelihood of 98 initial trees ... 1.230 seconds
Current best score: -3044.398

Do NNI search on 20 best initial trees
Optimizing NNI: done in 0.0430679 secs using 59.4% CPU
Estimate model parameters (epsilon = 0.100)
BETTER TREE FOUND at iteration 1: -3044.397
Optimizing NNI: done in 0.29666 secs using 47.51% CPU
Estimate model parameters (epsilon = 0.100)
BETTER TREE FOUND at iteration 2: -3039.949
Optimizing NNI: done in 0.21111 secs using 48.84% CPU
Optimizing NNI: done in 0.211072 secs using 49.25% CPU
Optimizing NNI: done in 0.225394 secs using 46.19% CPU
Optimizing NNI: done in 0.199059 secs using 57.16% CPU
Optimizing NNI: done in 0.253807 secs using 44.83% CPU
Optimizing NNI: done in 0.272814 secs using 38.44% CPU
Optimizing NNI: done in 0.31825 secs using 33.38% CPU
Optimizing NNI: done in 0.341214 secs using 29.88% CPU
Iteration 10 / LogL: -3044.411 / Time: 0h:0m:5s
Optimizing NNI: done in 0.321539 secs using 32.66% CPU
Optimizing NNI: done in 0.313993 secs using 33.82% CPU
Optimizing NNI: done in 0.328727 secs using 31.86% CPU
Optimizing NNI: done in 0.35298 secs using 33.08% CPU
Optimizing NNI: done in 0.30407 secs using 34.55% CPU
Optimizing NNI: done in 0.380132 secs using 27.38% CPU
Optimizing NNI: done in 0.340217 secs using 30.83% CPU
Optimizing NNI: done in 0.324593 secs using 33.14% CPU
Optimizing NNI: done in 0.409014 secs using 25.63% CPU
Optimizing NNI: done in 0.430567 secs using 25.46% CPU
Iteration 20 / LogL: -3044.411 / Time: 0h:0m:9s
Finish initializing candidate tree set (18)
Current best tree score: -3039.949 / CPU time: 7.547
Number of iterations: 20
--------------------------------------------------------------------
|               OPTIMIZING CANDIDATE TREE SET                      |
--------------------------------------------------------------------
Optimizing NNI: done in 0.214654 secs using 41% CPU
Optimizing NNI: done in 0.483253 secs using 37.5% CPU
BETTER TREE FOUND at iteration 22: -3039.943
Optimizing NNI: done in 0.285324 secs using 49.08% CPU
Optimizing NNI: done in 0.263003 secs using 47.35% CPU
Optimizing NNI: done in 0.305628 secs using 49.12% CPU
Optimizing NNI: done in 0.233563 secs using 34.91% CPU
Optimizing NNI: done in 0.552193 secs using 32.5% CPU
Optimizing NNI: done in 0.397455 secs using 33.39% CPU
Optimizing NNI: done in 0.721656 secs using 33.29% CPU
BETTER TREE FOUND at iteration 29: -3039.943
Optimizing NNI: done in 0.337598 secs using 34.83% CPU
Iteration 30 / LogL: -3044.412 / Time: 0h:0m:13s (0h:0m:45s left)
Optimizing NNI: done in 0.496931 secs using 32.51% CPU
Optimizing NNI: done in 0.416843 secs using 37.74% CPU
Optimizing NNI: done in 0.25417 secs using 44.91% CPU
Optimizing NNI: done in 0.36193 secs using 34.09% CPU
Optimizing NNI: done in 0.341634 secs using 35.24% CPU
BETTER TREE FOUND at iteration 35: -3039.943
Optimizing NNI: done in 0.111095 secs using 42.38% CPU
Optimizing NNI: done in 0.254055 secs using 37.64% CPU
Optimizing NNI: done in 0.338333 secs using 42.85% CPU
Optimizing NNI: done in 0.270814 secs using 47.43% CPU
Optimizing NNI: done in 0.433084 secs using 49.56% CPU
Iteration 40 / LogL: -3039.943 / Time: 0h:0m:16s (0h:0m:40s left)
Optimizing NNI: done in 0.232138 secs using 42.34% CPU
Optimizing NNI: done in 0.158535 secs using 34.42% CPU
Optimizing NNI: done in 0.162224 secs using 47.49% CPU
Optimizing NNI: done in 0.201882 secs using 46.6% CPU
Optimizing NNI: done in 0.425261 secs using 36.28% CPU
Optimizing NNI: done in 0.253867 secs using 59.02% CPU
Optimizing NNI: done in 0.126601 secs using 44.56% CPU
Optimizing NNI: done in 0.250228 secs using 48.86% CPU
Optimizing NNI: done in 0.24361 secs using 49.08% CPU
Optimizing NNI: done in 0.389183 secs using 45.53% CPU
Iteration 50 / LogL: -3039.943 / Time: 0h:0m:19s (0h:0m:33s left)
Optimizing NNI: done in 0.23186 secs using 50.44% CPU
BETTER TREE FOUND at iteration 51: -3039.943
Optimizing NNI: done in 0.207322 secs using 50.69% CPU
Optimizing NNI: done in 0.0895021 secs using 55.16% CPU
Optimizing NNI: done in 0.410682 secs using 36.67% CPU
Optimizing NNI: done in 0.28422 secs using 47.75% CPU
Optimizing NNI: done in 0.373241 secs using 38.9% CPU
Optimizing NNI: done in 0.330805 secs using 32.24% CPU
Optimizing NNI: done in 0.309805 secs using 39.32% CPU
Optimizing NNI: done in 0.527006 secs using 26.36% CPU
Optimizing NNI: done in 0.353611 secs using 31.3% CPU
Iteration 60 / LogL: -3039.943 / Time: 0h:0m:22s (0h:0m:34s left)
Optimizing NNI: done in 0.475658 secs using 31.3% CPU
Optimizing NNI: done in 0.609087 secs using 32.62% CPU
Optimizing NNI: done in 0.30396 secs using 47.36% CPU
Optimizing NNI: done in 0.15026 secs using 36.41% CPU
Optimizing NNI: done in 0.269908 secs using 43.68% CPU
Optimizing NNI: done in 0.23978 secs using 51.6% CPU
Optimizing NNI: done in 0.311554 secs using 37.15% CPU
Optimizing NNI: done in 0.262438 secs using 43.61% CPU
Optimizing NNI: done in 0.300913 secs using 43.31% CPU
Optimizing NNI: done in 0.296157 secs using 44.34% CPU
Iteration 70 / LogL: -3039.943 / Time: 0h:0m:25s (0h:0m:29s left)
Optimizing NNI: done in 0.240377 secs using 49.19% CPU
Optimizing NNI: done in 0.274287 secs using 43.11% CPU
UPDATE BEST LOG-LIKELIHOOD: -3039.943
Optimizing NNI: done in 0.267157 secs using 50.73% CPU
Optimizing NNI: done in 0.221103 secs using 49.7% CPU
Optimizing NNI: done in 0.357526 secs using 48.48% CPU
Optimizing NNI: done in 0.271036 secs using 49.91% CPU
Optimizing NNI: done in 0.25462 secs using 60.31% CPU
Optimizing NNI: done in 0.119501 secs using 46.43% CPU
Optimizing NNI: done in 0.31446 secs using 50.37% CPU
Optimizing NNI: done in 0.307519 secs using 47.97% CPU
Iteration 80 / LogL: -3044.406 / Time: 0h:0m:28s (0h:0m:25s left)
Optimizing NNI: done in 0.199634 secs using 51.91% CPU
Optimizing NNI: done in 0.229898 secs using 51.28% CPU
Optimizing NNI: done in 0.46353 secs using 48.22% CPU
Optimizing NNI: done in 0.18042 secs using 49% CPU
Optimizing NNI: done in 0.264235 secs using 61.09% CPU
Optimizing NNI: done in 0.075351 secs using 99.93% CPU
BETTER TREE FOUND at iteration 86: -3039.943
Optimizing NNI: done in 0.096278 secs using 99.88% CPU
Optimizing NNI: done in 0.272578 secs using 59.02% CPU
Optimizing NNI: done in 0.373026 secs using 50.38% CPU
Optimizing NNI: done in 0.267447 secs using 60.35% CPU
Iteration 90 / LogL: -3039.943 / Time: 0h:0m:30s (0h:0m:33s left)
Optimizing NNI: done in 0.302649 secs using 44.54% CPU
Optimizing NNI: done in 0.426042 secs using 44.59% CPU
Optimizing NNI: done in 0.233863 secs using 48.83% CPU
Optimizing NNI: done in 0.415054 secs using 50.64% CPU
Optimizing NNI: done in 0.245053 secs using 47.77% CPU
Optimizing NNI: done in 0.293616 secs using 49.59% CPU
Optimizing NNI: done in 0.254739 secs using 49.75% CPU
Optimizing NNI: done in 0.353868 secs using 50.27% CPU
Optimizing NNI: done in 0.27651 secs using 47.93% CPU
Optimizing NNI: done in 0.29209 secs using 50.7% CPU
Iteration 100 / LogL: -3039.948 / Time: 0h:0m:33s (0h:0m:29s left)
Optimizing NNI: done in 0.321938 secs using 50.31% CPU
Optimizing NNI: done in 0.346941 secs using 49.27% CPU
Optimizing NNI: done in 0.124284 secs using 48.5% CPU
Optimizing NNI: done in 0.267619 secs using 41.7% CPU
Optimizing NNI: done in 0.439882 secs using 49.07% CPU
Optimizing NNI: done in 0.158282 secs using 49.45% CPU
Optimizing NNI: done in 0.26413 secs using 51.52% CPU
Optimizing NNI: done in 0.349601 secs using 49.64% CPU
Optimizing NNI: done in 0.318961 secs using 49.84% CPU
Optimizing NNI: done in 0.289497 secs using 50.37% CPU
Iteration 110 / LogL: -3042.335 / Time: 0h:0m:36s (0h:0m:25s left)
Optimizing NNI: done in 0.248402 secs using 48.47% CPU
Optimizing NNI: done in 0.19547 secs using 50.88% CPU
Optimizing NNI: done in 0.265541 secs using 47.27% CPU
Optimizing NNI: done in 0.211197 secs using 53.59% CPU
Optimizing NNI: done in 0.206957 secs using 47.79% CPU
Optimizing NNI: done in 0.26917 secs using 52.43% CPU
Optimizing NNI: done in 0.328007 secs using 51.21% CPU
Optimizing NNI: done in 0.271373 secs using 46.93% CPU
Optimizing NNI: done in 0.271439 secs using 58.73% CPU
Optimizing NNI: done in 0.208658 secs using 84.34% CPU
UPDATE BEST LOG-LIKELIHOOD: -3039.943
Iteration 120 / LogL: -3039.943 / Time: 0h:0m:39s (0h:0m:21s left)
Optimizing NNI: done in 0.136982 secs using 88.31% CPU
Optimizing NNI: done in 0.248237 secs using 59.7% CPU
Optimizing NNI: done in 0.314751 secs using 46.14% CPU
Optimizing NNI: done in 0.158395 secs using 52.02% CPU
Optimizing NNI: done in 0.14833 secs using 67.63% CPU
Optimizing NNI: done in 0.204717 secs using 84.37% CPU
Optimizing NNI: done in 0.0865691 secs using 100% CPU
Optimizing NNI: done in 0.173208 secs using 72.27% CPU
Optimizing NNI: done in 0.207044 secs using 53.55% CPU
Optimizing NNI: done in 0.37692 secs using 49.06% CPU
Iteration 130 / LogL: -3039.943 / Time: 0h:0m:41s (0h:0m:17s left)
Optimizing NNI: done in 0.314679 secs using 50.35% CPU
Optimizing NNI: done in 0.256568 secs using 48.54% CPU
Optimizing NNI: done in 0.469572 secs using 48.89% CPU
Optimizing NNI: done in 0.288693 secs using 48.74% CPU
Optimizing NNI: done in 0.295741 secs using 49.96% CPU
Optimizing NNI: done in 0.372339 secs using 49.51% CPU
Optimizing NNI: done in 0.327282 secs using 51.1% CPU
Optimizing NNI: done in 0.354864 secs using 49.27% CPU
Optimizing NNI: done in 0.322082 secs using 50.31% CPU
Optimizing NNI: done in 0.296226 secs using 51.38% CPU
Iteration 140 / LogL: -3042.643 / Time: 0h:0m:44s (0h:0m:14s left)
Optimizing NNI: done in 0.421795 secs using 45.91% CPU
Optimizing NNI: done in 0.237566 secs using 52.85% CPU
Optimizing NNI: done in 0.109896 secs using 99.99% CPU
Optimizing NNI: done in 0.138973 secs using 99.42% CPU
Optimizing NNI: done in 0.174778 secs using 51.92% CPU
Optimizing NNI: done in 0.204615 secs using 51.13% CPU
Optimizing NNI: done in 0.265276 secs using 47.22% CPU
Optimizing NNI: done in 0.110227 secs using 41.95% CPU
Optimizing NNI: done in 0.262395 secs using 50.76% CPU
Optimizing NNI: done in 0.281714 secs using 48.87% CPU
Iteration 150 / LogL: -3039.950 / Time: 0h:0m:46s (0h:0m:11s left)
Optimizing NNI: done in 0.325347 secs using 50.81% CPU
Optimizing NNI: done in 0.163293 secs using 82.53% CPU
Optimizing NNI: done in 0.168662 secs using 90.51% CPU
Optimizing NNI: done in 0.202257 secs using 60.45% CPU
Optimizing NNI: done in 0.0466509 secs using 100% CPU
Optimizing NNI: done in 0.106002 secs using 100% CPU
Optimizing NNI: done in 0.3646 secs using 58.1% CPU
Optimizing NNI: done in 0.357913 secs using 59.77% CPU
Optimizing NNI: done in 0.312656 secs using 49.11% CPU
Optimizing NNI: done in 0.115113 secs using 100% CPU
Iteration 160 / LogL: -3039.949 / Time: 0h:0m:49s (0h:0m:8s left)
Optimizing NNI: done in 0.168848 secs using 95.19% CPU
Optimizing NNI: done in 0.1472 secs using 100% CPU
Optimizing NNI: done in 0.0943329 secs using 100% CPU
Optimizing NNI: done in 0.163335 secs using 99.99% CPU
Optimizing NNI: done in 0.117315 secs using 99.92% CPU
Optimizing NNI: done in 0.14856 secs using 89.23% CPU
Optimizing NNI: done in 0.231452 secs using 51.6% CPU
Optimizing NNI: done in 0.24893 secs using 48.58% CPU
Optimizing NNI: done in 0.260552 secs using 50.87% CPU
Optimizing NNI: done in 0.15883 secs using 49.6% CPU
Iteration 170 / LogL: -3039.949 / Time: 0h:0m:50s (0h:0m:4s left)
Optimizing NNI: done in 0.361099 secs using 51.26% CPU
Optimizing NNI: done in 0.185519 secs using 82.74% CPU
Optimizing NNI: done in 0.130976 secs using 100% CPU
Optimizing NNI: done in 0.128514 secs using 100% CPU
Optimizing NNI: done in 0.187509 secs using 91.41% CPU
Optimizing NNI: done in 0.156695 secs using 53.88% CPU
Optimizing NNI: done in 0.171002 secs using 81.29% CPU
Optimizing NNI: done in 0.128665 secs using 100% CPU
Optimizing NNI: done in 0.304988 secs using 68.52% CPU
BETTER TREE FOUND at iteration 179: -3039.943
Optimizing NNI: done in 0.095891 secs using 99.97% CPU
Iteration 180 / LogL: -3039.948 / Time: 0h:0m:52s (0h:0m:29s left)
Optimizing NNI: done in 0.182055 secs using 58.61% CPU
Optimizing NNI: done in 0.189442 secs using 74.61% CPU
Optimizing NNI: done in 0.213375 secs using 77.93% CPU
Optimizing NNI: done in 0.107071 secs using 100% CPU
Optimizing NNI: done in 0.256699 secs using 78.18% CPU
Optimizing NNI: done in 0.167422 secs using 73.7% CPU
Optimizing NNI: done in 0.196663 secs using 75.59% CPU
Optimizing NNI: done in 0.146196 secs using 99.93% CPU
Optimizing NNI: done in 0.220212 secs using 58.91% CPU
Optimizing NNI: done in 0.315792 secs using 49.33% CPU
Iteration 190 / LogL: -3039.949 / Time: 0h:0m:54s (0h:0m:25s left)
Optimizing NNI: done in 0.319512 secs using 50.83% CPU
Optimizing NNI: done in 0.267075 secs using 46.08% CPU
Optimizing NNI: done in 0.302272 secs using 57.29% CPU
Optimizing NNI: done in 0.135096 secs using 99.96% CPU
Optimizing NNI: done in 0.179456 secs using 81.71% CPU
Optimizing NNI: done in 0.110552 secs using 99.95% CPU
Optimizing NNI: done in 0.1787 secs using 99.95% CPU
Optimizing NNI: done in 0.126871 secs using 100% CPU
Optimizing NNI: done in 0.157917 secs using 79.1% CPU
Optimizing NNI: done in 0.284422 secs using 57.81% CPU
Iteration 200 / LogL: -3039.945 / Time: 0h:0m:56s (0h:0m:22s left)
Optimizing NNI: done in 0.224059 secs using 85.72% CPU
Optimizing NNI: done in 0.17531 secs using 68.04% CPU
Optimizing NNI: done in 0.0598121 secs using 100% CPU
Optimizing NNI: done in 0.23268 secs using 81.09% CPU
Optimizing NNI: done in 0.115557 secs using 100% CPU
Optimizing NNI: done in 0.179739 secs using 73.28% CPU
Optimizing NNI: done in 0.202259 secs using 92.08% CPU
Optimizing NNI: done in 0.0821929 secs using 100% CPU
Optimizing NNI: done in 0.163668 secs using 100% CPU
Optimizing NNI: done in 0.110961 secs using 100% CPU
Iteration 210 / LogL: -3039.948 / Time: 0h:0m:58s (0h:0m:19s left)
Optimizing NNI: done in 0.20506 secs using 99.99% CPU
Optimizing NNI: done in 0.133344 secs using 99.98% CPU
Optimizing NNI: done in 0.117556 secs using 100% CPU
Optimizing NNI: done in 0.121857 secs using 99.99% CPU
Optimizing NNI: done in 0.108488 secs using 100% CPU
Optimizing NNI: done in 0.128469 secs using 100% CPU
Optimizing NNI: done in 0.123525 secs using 100% CPU
Optimizing NNI: done in 0.149056 secs using 72.98% CPU
Optimizing NNI: done in 0.168607 secs using 100% CPU
Optimizing NNI: done in 0.068795 secs using 99.94% CPU
Iteration 220 / LogL: -3040.509 / Time: 0h:0m:59s (0h:0m:16s left)
Optimizing NNI: done in 0.126307 secs using 99.69% CPU
Optimizing NNI: done in 0.0428751 secs using 99.99% CPU
UPDATE BEST LOG-LIKELIHOOD: -3039.943
Optimizing NNI: done in 0.104461 secs using 100% CPU
Optimizing NNI: done in 0.135037 secs using 99.89% CPU
Optimizing NNI: done in 0.114632 secs using 100% CPU
Optimizing NNI: done in 0.125621 secs using 100% CPU
Optimizing NNI: done in 0.103599 secs using 100% CPU
Optimizing NNI: done in 0.103378 secs using 100% CPU
Optimizing NNI: done in 0.119379 secs using 100% CPU
Optimizing NNI: done in 0.147699 secs using 99.98% CPU
Iteration 230 / LogL: -3039.949 / Time: 0h:1m:0s (0h:0m:13s left)
Optimizing NNI: done in 0.150736 secs using 100% CPU
Optimizing NNI: done in 0.0835059 secs using 99.99% CPU
Optimizing NNI: done in 0.144786 secs using 100% CPU
Optimizing NNI: done in 0.132906 secs using 100% CPU
Optimizing NNI: done in 0.132744 secs using 100% CPU
Optimizing NNI: done in 0.201125 secs using 97.98% CPU
Optimizing NNI: done in 0.11196 secs using 100% CPU
Optimizing NNI: done in 0.211979 secs using 100% CPU
Optimizing NNI: done in 0.102044 secs using 100% CPU
Optimizing NNI: done in 0.0971279 secs using 100% CPU
Iteration 240 / LogL: -3053.829 / Time: 0h:1m:2s (0h:0m:10s left)
Optimizing NNI: done in 0.151707 secs using 99.93% CPU
Optimizing NNI: done in 0.137489 secs using 100% CPU
Optimizing NNI: done in 0.106469 secs using 100% CPU
Optimizing NNI: done in 0.144221 secs using 99.98% CPU
Optimizing NNI: done in 0.164843 secs using 100% CPU
Optimizing NNI: done in 0.0833001 secs using 100% CPU
Optimizing NNI: done in 0.106229 secs using 100% CPU
Optimizing NNI: done in 0.162082 secs using 100% CPU
Optimizing NNI: done in 0.148006 secs using 99.94% CPU
Optimizing NNI: done in 0.123475 secs using 100% CPU
Iteration 250 / LogL: -3039.949 / Time: 0h:1m:3s (0h:0m:7s left)
Optimizing NNI: done in 0.198307 secs using 99.99% CPU
Optimizing NNI: done in 0.230719 secs using 100% CPU
Optimizing NNI: done in 0.0587671 secs using 100% CPU
Optimizing NNI: done in 0.126273 secs using 100% CPU
Optimizing NNI: done in 0.0861819 secs using 100% CPU
Optimizing NNI: done in 0.174283 secs using 100% CPU
Optimizing NNI: done in 0.172434 secs using 100% CPU
Optimizing NNI: done in 0.116439 secs using 96.59% CPU
Optimizing NNI: done in 0.123514 secs using 100% CPU
Optimizing NNI: done in 0.118854 secs using 100% CPU
Iteration 260 / LogL: -3039.943 / Time: 0h:1m:4s (0h:0m:4s left)
Optimizing NNI: done in 0.135595 secs using 99.93% CPU
Optimizing NNI: done in 0.107274 secs using 100% CPU
Optimizing NNI: done in 0.145953 secs using 100% CPU
Optimizing NNI: done in 0.184201 secs using 100% CPU
Optimizing NNI: done in 0.112882 secs using 99.99% CPU
Optimizing NNI: done in 0.189177 secs using 100% CPU
Optimizing NNI: done in 0.152283 secs using 100% CPU
Optimizing NNI: done in 0.105577 secs using 100% CPU
Optimizing NNI: done in 0.107544 secs using 100% CPU
Optimizing NNI: done in 0.0981901 secs using 100% CPU
Iteration 270 / LogL: -3042.335 / Time: 0h:1m:6s (0h:0m:2s left)
Optimizing NNI: done in 0.142296 secs using 100% CPU
Optimizing NNI: done in 0.114294 secs using 100% CPU
Optimizing NNI: done in 0.151068 secs using 99.98% CPU
Optimizing NNI: done in 0.153456 secs using 100% CPU
Optimizing NNI: done in 0.184572 secs using 100% CPU
Optimizing NNI: done in 0.150417 secs using 100% CPU
Optimizing NNI: done in 0.107694 secs using 100% CPU
Optimizing NNI: done in 0.0929291 secs using 100% CPU
Optimizing NNI: done in 0.142112 secs using 100% CPU
Optimizing NNI: done in 0.106904 secs using 99.97% CPU
Iteration 280 / LogL: -3039.949 / Time: 0h:1m:7s (0h:0m:-1s left)
TREE SEARCH COMPLETED AFTER 280 ITERATIONS / Time: 0h:1m:7s

--------------------------------------------------------------------
|                    FINALIZING TREE SEARCH                        |
--------------------------------------------------------------------
Performs final model parameters optimization
Estimate model parameters (epsilon = 0.010)
1. Initial log-likelihood: -3039.943
Optimal log-likelihood: -3039.941
Proportion of invariable sites: 0.061
Gamma shape alpha: 2.139
Parameters optimization took 1 rounds (0.018 sec)
BEST SCORE FOUND : -3039.941
Total tree length: 14.279

Total number of iterations: 280
CPU time used for tree search: 38.059 sec (0h:0m:38s)
Wall-clock time used for tree search: 65.739 sec (0h:1m:5s)
Total CPU time used: 38.745 sec (0h:0m:38s)
Total wall-clock time used: 67.675 sec (0h:1m:7s)

Analysis results written to: 
  IQ-TREE report:                ./orthofinder/Results_Jul15/WorkingDirectory/Alignments_ids/OG0000015.iqtree
  Maximum-likelihood tree:       ./orthofinder/Results_Jul15/WorkingDirectory/Alignments_ids/OG0000015.treefile
  Likelihood distances:          ./orthofinder/Results_Jul15/WorkingDirectory/Alignments_ids/OG0000015.mldist
  Screen log file:               ./orthofinder/Results_Jul15/WorkingDirectory/Alignments_ids/OG0000015.log

Date and Time: Mon Jul 15 10:53:54 2024
