IQ-TREE multicore version 2.2.0.5 COVID-edition for Linux 64-bit built Sep 26 2022
Developed by Bui Quang Minh, James Barbetti, Nguyen Lam Tung,
Olga Chernomor, Heiko Schmidt, Dominik Schrempf, Michael Woodhams, Ly Trong Nhan.

Host:    c046 (AVX2, FMA3, 503 GB RAM)
Command: iqtree -s ./orthofinder/Results_Jul15/WorkingDirectory/Alignments_ids/OG0000189.fa -pre ./orthofinder/Results_Jul15/WorkingDirectory/Alignments_ids/OG0000189
Seed:    154156 (Using SPRNG - Scalable Parallel Random Number Generator)
Time:    Mon Jul 15 11:05:12 2024
Kernel:  AVX+FMA - 1 threads (24 CPU cores detected)

HINT: Use -nt option to specify number of threads because your CPU has 24 cores!
HINT: -nt AUTO will automatically determine the best number of threads to use.

Reading alignment file ./orthofinder/Results_Jul15/WorkingDirectory/Alignments_ids/OG0000189.fa ... Fasta format detected
Reading fasta file: done in 0.000108004 secs using 98.14% CPU
Alignment most likely contains protein sequences
Constructing alignment: done in 0.000175953 secs using 100% CPU
Alignment has 5 sequences with 449 columns, 403 distinct patterns
58 parsimony-informative, 291 singleton sites, 100 constant sites
       Gap/Ambiguity  Composition  p-value
Analyzing sequences: done in 6.91414e-06 secs using 101.2% CPU
   1  0_72    44.10%    passed     90.19%
   2  1_31    14.03%    failed      2.05%
   3  3_51    36.53%    passed     81.30%
   4  3_60    16.04%    passed     49.27%
   5  5_103   40.09%    passed     39.00%
****  TOTAL   30.16%  1 sequences failed composition chi2 test (p-value<5%; df=19)
Checking for duplicate sequences: done in 9.77516e-06 secs using 102.3% CPU


Create initial parsimony tree by phylogenetic likelihood library (PLL)... 0.001 seconds
Perform fast likelihood tree search using LG+I+G model...
Estimate model parameters (epsilon = 5.000)
Perform nearest neighbor interchange...
Optimizing NNI: done in 0.032788 secs using 26.8% CPU
Estimate model parameters (epsilon = 1.000)
1. Initial log-likelihood: -4018.536
Optimal log-likelihood: -4017.868
Proportion of invariable sites: 0.030
Gamma shape alpha: 2.388
Parameters optimization took 1 rounds (0.033 sec)
Time for fast ML tree search: 0.142 seconds

NOTE: ModelFinder requires 3 MB RAM!
ModelFinder will test up to 1232 protein models (sample size: 449) ...
 No. Model         -LnL         df  AIC          AICc         BIC
  1  LG            4037.072     7   8088.144     8088.398     8116.893
  2  LG+I          4028.852     8   8073.703     8074.031     8106.560
  3  LG+G4         4017.222     8   8050.444     8050.771     8083.300
  4  LG+I+G4       4017.220     9   8052.440     8052.850     8089.403
  5  LG+R2         4018.490     9   8054.979     8055.389     8091.942
  6  LG+R3         4016.802     11  8055.605     8056.209     8100.782
 14  LG+I+R2       4016.932     10  8053.863     8054.366     8094.934
 15  LG+I+R3       4015.791     12  8055.582     8056.297     8104.866
 25  LG+F+G4       3936.432     27  7926.864     7930.456     8037.754
 26  LG+F+I+G4     3936.259     28  7928.518     7932.384     8043.514
 27  LG+F+R2       3937.790     28  7931.581     7935.447     8046.577
 47  WAG+G4        4028.883     8   8073.766     8074.093     8106.622
 48  WAG+I+G4      4028.924     9   8075.848     8076.258     8112.811
 49  WAG+R2        4029.149     9   8076.297     8076.707     8113.260
 69  WAG+F+G4      3933.681     27  7921.363     7924.954     8032.253
 70  WAG+F+I+G4    3933.677     28  7923.354     7927.221     8038.351
 71  WAG+F+R2      3933.845     28  7923.690     7927.557     8038.687
 91  JTT+G4        4033.321     8   8082.642     8082.969     8115.498
 92  JTT+I+G4      4032.715     9   8083.430     8083.840     8120.393
 93  JTT+R2        4034.426     9   8086.852     8087.262     8123.815
113  JTT+F+G4      3947.709     27  7949.419     7953.010     8060.308
114  JTT+F+I+G4    3946.963     28  7949.927     7953.793     8064.923
115  JTT+F+R2      3948.941     28  7953.881     7957.748     8068.878
WARNING: Normalizing state frequencies so that sum of them equals to 1
135  Q.pfam+G4     4021.348     8   8058.697     8059.024     8091.553
WARNING: Normalizing state frequencies so that sum of them equals to 1
136  Q.pfam+I+G4   4021.257     9   8060.513     8060.923     8097.477
WARNING: Normalizing state frequencies so that sum of them equals to 1
137  Q.pfam+R2     4022.569     9   8063.138     8063.548     8100.101
WARNING: Normalizing state frequencies so that sum of them equals to 1
157  Q.pfam+F+G4   3936.046     27  7926.093     7929.684     8036.982
WARNING: Normalizing state frequencies so that sum of them equals to 1
158  Q.pfam+F+I+G4 3935.819     28  7927.637     7931.504     8042.634
WARNING: Normalizing state frequencies so that sum of them equals to 1
159  Q.pfam+F+R2   3937.452     28  7930.903     7934.770     8045.900
WARNING: Normalizing state frequencies so that sum of them equals to 1
179  Q.bird+G4     4068.819     8   8153.637     8153.965     8186.493
WARNING: Normalizing state frequencies so that sum of them equals to 1
180  Q.bird+I+G4   4067.593     9   8153.187     8153.597     8190.150
WARNING: Normalizing state frequencies so that sum of them equals to 1
181  Q.bird+R2     4071.248     9   8160.496     8160.906     8197.460
WARNING: Normalizing state frequencies so that sum of them equals to 1
201  Q.bird+F+G4   3979.551     27  8013.103     8016.694     8123.992
WARNING: Normalizing state frequencies so that sum of them equals to 1
202  Q.bird+F+I+G4 3978.056     28  8012.111     8015.978     8127.108
WARNING: Normalizing state frequencies so that sum of them equals to 1
203  Q.bird+F+R2   3982.072     28  8020.144     8024.010     8135.140
WARNING: Normalizing state frequencies so that sum of them equals to 1
223  Q.mammal+G4   4066.678     8   8149.356     8149.683     8182.212
WARNING: Normalizing state frequencies so that sum of them equals to 1
224  Q.mammal+I+G4 4066.049     9   8150.097     8150.507     8187.060
WARNING: Normalizing state frequencies so that sum of them equals to 1
225  Q.mammal+R2   4068.152     9   8154.304     8154.714     8191.267
WARNING: Normalizing state frequencies so that sum of them equals to 1
245  Q.mammal+F+G4 3968.977     27  7991.953     7995.545     8102.843
WARNING: Normalizing state frequencies so that sum of them equals to 1
246  Q.mammal+F+I+G4 3967.991     28  7991.983     7995.849     8106.979
WARNING: Normalizing state frequencies so that sum of them equals to 1
247  Q.mammal+F+R2 3970.267     28  7996.533     8000.400     8111.530
267  Q.insect+G4   4011.808     8   8039.617     8039.944     8072.473
268  Q.insect+I+G4 4011.454     9   8040.908     8041.318     8077.871
269  Q.insect+R2   4012.328     9   8042.656     8043.067     8079.620
289  Q.insect+F+G4 3948.854     27  7951.708     7955.299     8062.598
290  Q.insect+F+I+G4 3948.180     28  7952.359     7956.226     8067.356
291  Q.insect+F+R2 3950.106     28  7956.212     7960.079     8071.209
WARNING: Normalizing state frequencies so that sum of them equals to 1
311  Q.plant+G4    4038.850     8   8093.700     8094.028     8126.557
WARNING: Normalizing state frequencies so that sum of them equals to 1
312  Q.plant+I+G4  4038.518     9   8095.035     8095.445     8131.998
WARNING: Normalizing state frequencies so that sum of them equals to 1
313  Q.plant+R2    4041.513     9   8101.027     8101.437     8137.990
WARNING: Normalizing state frequencies so that sum of them equals to 1
333  Q.plant+F+G4  3958.261     27  7970.522     7974.114     8081.412
WARNING: Normalizing state frequencies so that sum of them equals to 1
334  Q.plant+F+I+G4 3957.565     28  7971.130     7974.997     8086.127
WARNING: Normalizing state frequencies so that sum of them equals to 1
335  Q.plant+F+R2  3961.048     28  7978.096     7981.962     8093.092
WARNING: Normalizing state frequencies so that sum of them equals to 1
355  Q.yeast+G4    3986.083     8   7988.167     7988.494     8021.023
WARNING: Normalizing state frequencies so that sum of them equals to 1
356  Q.yeast+I+G4  3985.981     9   7989.962     7990.372     8026.925
WARNING: Normalizing state frequencies so that sum of them equals to 1
357  Q.yeast+R2    3988.437     9   7994.874     7995.284     8031.837
WARNING: Normalizing state frequencies so that sum of them equals to 1
377  Q.yeast+F+G4  3941.162     27  7936.323     7939.915     8047.213
WARNING: Normalizing state frequencies so that sum of them equals to 1
378  Q.yeast+F+I+G4 3940.936     28  7937.872     7941.738     8052.868
WARNING: Normalizing state frequencies so that sum of them equals to 1
379  Q.yeast+F+R2  3943.605     28  7943.209     7947.076     8058.206
399  JTTDCMut+G4   4033.951     8   8083.902     8084.229     8116.758
400  JTTDCMut+I+G4 4033.361     9   8084.721     8085.131     8121.684
401  JTTDCMut+R2   4035.054     9   8088.108     8088.518     8125.071
421  JTTDCMut+F+G4 3948.336     27  7950.671     7954.263     8061.561
422  JTTDCMut+F+I+G4 3947.603     28  7951.206     7955.073     8066.202
423  JTTDCMut+F+R2 3949.569     28  7955.138     7959.005     8070.135
443  DCMut+G4      4064.480     8   8144.961     8145.288     8177.817
444  DCMut+I+G4    4064.495     9   8146.990     8147.400     8183.953
445  DCMut+R2      4066.181     9   8150.361     8150.771     8187.324
465  DCMut+F+G4    3951.337     27  7956.675     7960.266     8067.564
466  DCMut+F+I+G4  3951.311     28  7958.623     7962.489     8073.619
467  DCMut+F+R2    3952.715     28  7961.430     7965.297     8076.427
487  VT+G4         3997.154     8   8010.308     8010.635     8043.164
488  VT+I+G4       3996.698     9   8011.396     8011.806     8048.360
489  VT+R2         3997.389     9   8012.779     8013.189     8049.742
509  VT+F+G4       3928.183     27  7910.365     7913.956     8021.255
510  VT+F+I+G4     3927.552     28  7911.105     7914.971     8026.101
511  VT+F+R2       3928.464     28  7912.928     7916.795     8027.925
531  PMB+G4        4023.253     8   8062.507     8062.834     8095.363
532  PMB+I+G4      4022.689     9   8063.379     8063.789     8100.342
533  PMB+R2        4023.378     9   8064.757     8065.167     8101.720
553  PMB+F+G4      3929.314     27  7912.628     7916.220     8023.518
554  PMB+F+I+G4    3928.732     28  7913.464     7917.331     8028.461
555  PMB+F+R2      3929.492     28  7914.983     7918.850     8029.980
575  Blosum62+G4   4015.215     8   8046.430     8046.757     8079.286
576  Blosum62+I+G4 4014.473     9   8046.946     8047.356     8083.909
577  Blosum62+R2   4015.399     9   8048.799     8049.209     8085.762
597  Blosum62+F+G4 3928.445     27  7910.890     7914.482     8021.780
598  Blosum62+F+I+G4 3927.613     28  7911.226     7915.092     8026.222
599  Blosum62+F+R2 3928.735     28  7913.470     7917.337     8028.467
619  Dayhoff+G4    4064.608     8   8145.217     8145.544     8178.073
620  Dayhoff+I+G4  4064.624     9   8147.247     8147.657     8184.210
621  Dayhoff+R2    4066.347     9   8150.693     8151.103     8187.656
641  Dayhoff+F+G4  3951.406     27  7956.811     7960.403     8067.701
642  Dayhoff+F+I+G4 3951.359     28  7958.718     7962.584     8073.714
643  Dayhoff+F+R2  3952.793     28  7961.587     7965.453     8076.583
663  mtREV+G4      4142.581     8   8301.161     8301.488     8334.017
664  mtREV+I+G4    4141.294     9   8300.588     8300.998     8337.552
665  mtREV+R2      4145.544     9   8309.088     8309.498     8346.052
685  mtREV+F+G4    3972.269     27  7998.538     8002.130     8109.428
686  mtREV+F+I+G4  3972.010     28  8000.021     8003.888     8115.018
687  mtREV+F+R2    3974.271     28  8004.542     8008.408     8119.538
707  mtART+G4      4160.892     8   8337.785     8338.112     8370.641
708  mtART+I+G4    4160.104     9   8338.208     8338.618     8375.171
709  mtART+R2      4167.138     9   8352.275     8352.685     8389.238
729  mtART+F+G4    3970.382     27  7994.764     7998.356     8105.654
730  mtART+F+I+G4  3970.017     28  7996.035     7999.901     8111.031
731  mtART+F+R2    3972.441     28  8000.881     8004.748     8115.878
751  mtZOA+G4      4149.089     8   8314.178     8314.505     8347.034
752  mtZOA+I+G4    4148.265     9   8314.531     8314.941     8351.494
753  mtZOA+R2      4151.758     9   8321.515     8321.925     8358.479
773  mtZOA+F+G4    3954.996     27  7963.992     7967.583     8074.881
774  mtZOA+F+I+G4  3954.762     28  7965.523     7969.390     8080.520
775  mtZOA+F+R2    3956.781     28  7969.563     7973.429     8084.559
795  mtMet+G4      4093.353     8   8202.706     8203.034     8235.562
796  mtMet+I+G4    4092.206     9   8202.411     8202.821     8239.374
797  mtMet+R2      4091.774     9   8201.549     8201.959     8238.512
817  mtMet+F+G4    3955.716     27  7965.431     7969.023     8076.321
818  mtMet+F+I+G4  3955.432     28  7966.864     7970.731     8081.861
819  mtMet+F+R2    3957.993     28  7971.987     7975.853     8086.983
839  mtVer+G4      4151.783     8   8319.567     8319.894     8352.423
840  mtVer+I+G4    4149.725     9   8317.450     8317.860     8354.413
841  mtVer+R2      4150.494     9   8318.989     8319.399     8355.952
861  mtVer+F+G4    3974.541     27  8003.083     8006.674     8113.972
862  mtVer+F+I+G4  3974.305     28  8004.610     8008.477     8119.607
863  mtVer+F+R2    3977.907     28  8011.813     8015.680     8126.810
883  mtInv+G4      4116.602     8   8249.205     8249.532     8282.061
884  mtInv+I+G4    4115.738     9   8249.475     8249.885     8286.438
885  mtInv+R2      4115.637     9   8249.275     8249.685     8286.238
905  mtInv+F+G4    3944.840     27  7943.680     7947.271     8054.569
906  mtInv+F+I+G4  3944.729     28  7945.458     7949.324     8060.454
907  mtInv+F+R2    3945.874     28  7947.747     7951.614     8062.744
927  mtMAM+G4      4182.956     8   8381.912     8382.239     8414.768
928  mtMAM+I+G4    4180.637     9   8379.274     8379.684     8416.238
929  mtMAM+R2      4188.152     9   8394.305     8394.715     8431.268
949  mtMAM+F+G4    4000.198     27  8054.396     8057.987     8165.285
950  mtMAM+F+I+G4  3999.095     28  8054.190     8058.057     8169.187
951  mtMAM+F+R2    4003.569     28  8063.137     8067.004     8178.134
WARNING: Normalizing state frequencies so that sum of them equals to 1
971  FLAVI+G4      4130.725     8   8277.450     8277.777     8310.306
WARNING: Normalizing state frequencies so that sum of them equals to 1
972  FLAVI+I+G4    4130.703     9   8279.406     8279.816     8316.369
WARNING: Normalizing state frequencies so that sum of them equals to 1
973  FLAVI+R2      4134.279     9   8286.558     8286.968     8323.521
WARNING: Normalizing state frequencies so that sum of them equals to 1
993  FLAVI+F+G4    4005.111     27  8064.223     8067.814     8175.112
WARNING: Normalizing state frequencies so that sum of them equals to 1
994  FLAVI+F+I+G4  4004.718     28  8065.436     8069.302     8180.432
WARNING: Normalizing state frequencies so that sum of them equals to 1
995  FLAVI+F+R2    4008.167     28  8072.333     8076.200     8187.330
1015  HIVb+G4       4090.585     8   8197.171     8197.498     8230.027
1016  HIVb+I+G4     4090.530     9   8199.060     8199.470     8236.023
1017  HIVb+R2       4092.602     9   8203.204     8203.614     8240.167
1037  HIVb+F+G4     3980.033     27  8014.067     8017.658     8124.956
1038  HIVb+F+I+G4   3979.741     28  8015.481     8019.348     8130.478
1039  HIVb+F+R2     3982.060     28  8020.120     8023.987     8135.117
1059  HIVw+G4       4097.264     8   8210.528     8210.855     8243.384
1060  HIVw+I+G4     4097.230     9   8212.459     8212.869     8249.422
1061  HIVw+R2       4099.527     9   8217.053     8217.463     8254.017
1081  HIVw+F+G4     4002.124     27  8058.249     8061.840     8169.139
1082  HIVw+F+I+G4   4001.722     28  8059.444     8063.311     8174.441
1083  HIVw+F+R2     4003.761     28  8063.522     8067.388     8178.518
1103  FLU+G4        4040.577     8   8097.154     8097.481     8130.010
1104  FLU+I+G4      4040.479     9   8098.958     8099.368     8135.921
1105  FLU+R2        4042.640     9   8103.280     8103.690     8140.243
1125  FLU+F+G4      3965.699     27  7985.398     7988.989     8096.287
1126  FLU+F+I+G4    3965.463     28  7986.926     7990.793     8101.923
1127  FLU+F+R2      3966.782     28  7989.564     7993.430     8104.560
1147  rtREV+G4      4040.915     8   8097.830     8098.157     8130.686
1148  rtREV+I+G4    4039.980     9   8097.959     8098.369     8134.922
1149  rtREV+R2      4041.885     9   8101.769     8102.179     8138.732
1169  rtREV+F+G4    3938.743     27  7931.486     7935.077     8042.375
1170  rtREV+F+I+G4  3937.760     28  7931.521     7935.388     8046.518
1171  rtREV+F+R2    3940.044     28  7936.088     7939.954     8051.084
1191  cpREV+G4      4021.895     8   8059.790     8060.117     8092.646
1192  cpREV+I+G4    4022.239     9   8062.479     8062.889     8099.442
1193  cpREV+R2      4021.956     9   8061.912     8062.322     8098.875
1213  cpREV+F+G4    3938.967     27  7931.935     7935.526     8042.824
1214  cpREV+F+I+G4  3939.213     28  7934.427     7938.294     8049.424
1215  cpREV+F+R2    3938.977     28  7933.954     7937.821     8048.951
Akaike Information Criterion:           VT+F+G4
Corrected Akaike Information Criterion: VT+F+G4
Bayesian Information Criterion:         Q.yeast+G4
Best-fit model: Q.yeast+G4 chosen according to BIC

All model information printed to ./orthofinder/Results_Jul15/WorkingDirectory/Alignments_ids/OG0000189.model.gz
CPU time for ModelFinder: 4.943 seconds (0h:0m:4s)
Wall-clock time for ModelFinder: 11.533 seconds (0h:0m:11s)
WARNING: Normalizing state frequencies so that sum of them equals to 1

NOTE: 1 MB RAM (0 GB) is required!
Estimate model parameters (epsilon = 0.100)
1. Initial log-likelihood: -3986.083
Optimal log-likelihood: -3986.073
Gamma shape alpha: 1.603
Parameters optimization took 1 rounds (0.005 sec)
Wrote distance file to... 
Computing ML distances based on estimated model parameters...
Calculating distance matrix: done in 0.00160694 secs using 99.26% CPU
Computing ML distances took 0.001733 sec (of wall-clock time) 0.001719 sec (of CPU time)
Setting up auxiliary I and S matrices: done in 2.00272e-05 secs using 199.7% CPU
Constructing RapidNJ tree: done in 1.21593e-05 secs using 156.3% CPU
Computing RapidNJ tree took 0.000056 sec (of wall-clock time) 0.000109 sec (of CPU time)
Log-likelihood of RapidNJ tree: -3986.691
--------------------------------------------------------------------
|             INITIALIZING CANDIDATE TREE SET                      |
--------------------------------------------------------------------
Generating 98 parsimony trees... 0.036 second
Computing log-likelihood of 3 initial trees ... 0.005 seconds
Current best score: -3986.073

Do NNI search on 5 best initial trees
Optimizing NNI: done in 0.0278969 secs using 56.65% CPU
Optimizing NNI: done in 0.00883913 secs using 141.1% CPU
Optimizing NNI: done in 0.0258598 secs using 82.25% CPU
Optimizing NNI: done in 0.0302849 secs using 107.6% CPU
Optimizing NNI: done in 0.038218 secs using 64.44% CPU
Finish initializing candidate tree set (5)
Current best tree score: -3986.073 / CPU time: 0.241
Number of iterations: 5
--------------------------------------------------------------------
|               OPTIMIZING CANDIDATE TREE SET                      |
--------------------------------------------------------------------
Optimizing NNI: done in 0.00843287 secs using 99.93% CPU
UPDATE BEST LOG-LIKELIHOOD: -3986.073
Optimizing NNI: done in 0.00873804 secs using 99.9% CPU
UPDATE BEST LOG-LIKELIHOOD: -3986.073
Optimizing NNI: done in 0.00924301 secs using 99.88% CPU
Optimizing NNI: done in 0.00379205 secs using 99.97% CPU
Optimizing NNI: done in 0.0301809 secs using 46.93% CPU
Iteration 10 / LogL: -3986.117 / Time: 0h:0m:0s
Optimizing NNI: done in 0.0173819 secs using 51.32% CPU
Optimizing NNI: done in 0.0461299 secs using 30.61% CPU
Optimizing NNI: done in 0.00847793 secs using 100% CPU
Optimizing NNI: done in 0.030123 secs using 46.88% CPU
Optimizing NNI: done in 0.035444 secs using 54.86% CPU
Optimizing NNI: done in 0.035713 secs using 55.16% CPU
Optimizing NNI: done in 0.0351779 secs using 54.5% CPU
Optimizing NNI: done in 0.024848 secs using 35.51% CPU
UPDATE BEST LOG-LIKELIHOOD: -3986.073
Optimizing NNI: done in 0.0087719 secs using 99.92% CPU
UPDATE BEST LOG-LIKELIHOOD: -3986.073
Optimizing NNI: done in 0.0141261 secs using 99.86% CPU
Iteration 20 / LogL: -3986.127 / Time: 0h:0m:0s
Optimizing NNI: done in 0.0143528 secs using 99.99% CPU
Optimizing NNI: done in 0.037842 secs using 35.99% CPU
Optimizing NNI: done in 0.00411701 secs using 87.76% CPU
Optimizing NNI: done in 0.0247419 secs using 54.48% CPU
Optimizing NNI: done in 0.0125511 secs using 68.03% CPU
Optimizing NNI: done in 0.0215552 secs using 42.5% CPU
Optimizing NNI: done in 0.031472 secs using 61.98% CPU
Optimizing NNI: done in 0.0582049 secs using 24.6% CPU
Optimizing NNI: done in 0.0139079 secs using 99.87% CPU
Optimizing NNI: done in 0.0429211 secs using 43.43% CPU
Iteration 30 / LogL: -3986.076 / Time: 0h:0m:0s (0h:0m:2s left)
Optimizing NNI: done in 0.00963497 secs using 90.36% CPU
UPDATE BEST LOG-LIKELIHOOD: -3986.073
Optimizing NNI: done in 0.0326638 secs using 59.25% CPU
Optimizing NNI: done in 0.0252011 secs using 57.01% CPU
Optimizing NNI: done in 0.021172 secs using 43.33% CPU
Optimizing NNI: done in 0.0180702 secs using 51.27% CPU
Optimizing NNI: done in 0.032162 secs using 43.69% CPU
Optimizing NNI: done in 0.0386782 secs using 37.31% CPU
Optimizing NNI: done in 0.028877 secs using 68.68% CPU
Optimizing NNI: done in 0.038317 secs using 37.31% CPU
Optimizing NNI: done in 0.0429819 secs using 44.32% CPU
Iteration 40 / LogL: -3986.086 / Time: 0h:0m:1s (0h:0m:1s left)
Optimizing NNI: done in 0.0260589 secs using 52.61% CPU
Optimizing NNI: done in 0.0247579 secs using 58.41% CPU
Optimizing NNI: done in 0.0247319 secs using 35.31% CPU
Optimizing NNI: done in 0.022913 secs using 60.63% CPU
Optimizing NNI: done in 0.0343289 secs using 17.12% CPU
Optimizing NNI: done in 0.0306711 secs using 46.98% CPU
Optimizing NNI: done in 0.00858188 secs using 100% CPU
Optimizing NNI: done in 0.0222411 secs using 40.9% CPU
Optimizing NNI: done in 0.0289259 secs using 30.78% CPU
Optimizing NNI: done in 0.00887895 secs using 99.94% CPU
Iteration 50 / LogL: -3986.073 / Time: 0h:0m:1s (0h:0m:1s left)
Optimizing NNI: done in 0.026304 secs using 53.16% CPU
Optimizing NNI: done in 0.00919509 secs using 100% CPU
Optimizing NNI: done in 0.0300441 secs using 30.15% CPU
Optimizing NNI: done in 0.0265889 secs using 53.62% CPU
Optimizing NNI: done in 0.00385499 secs using 100% CPU
Optimizing NNI: done in 0.0305359 secs using 47.61% CPU
Optimizing NNI: done in 0.0212159 secs using 42.69% CPU
Optimizing NNI: done in 0.0342979 secs using 41.68% CPU
Optimizing NNI: done in 0.0385721 secs using 36.12% CPU
Optimizing NNI: done in 0.0363281 secs using 52.07% CPU
Iteration 60 / LogL: -3986.086 / Time: 0h:0m:1s (0h:0m:1s left)
Optimizing NNI: done in 0.00883198 secs using 100% CPU
Optimizing NNI: done in 0.0335181 secs using 26.97% CPU
Optimizing NNI: done in 0.0259972 secs using 53.66% CPU
Optimizing NNI: done in 0.040524 secs using 48.53% CPU
Optimizing NNI: done in 0.0349791 secs using 54.21% CPU
Optimizing NNI: done in 0.0103109 secs using 87.46% CPU
Optimizing NNI: done in 0.0223131 secs using 90.02% CPU
Optimizing NNI: done in 0.0154998 secs using 93.18% CPU
Optimizing NNI: done in 0.01526 secs using 91.78% CPU
Optimizing NNI: done in 0.00943589 secs using 95.29% CPU
Iteration 70 / LogL: -3986.075 / Time: 0h:0m:2s (0h:0m:0s left)
Optimizing NNI: done in 0.0107501 secs using 85.87% CPU
Optimizing NNI: done in 0.01509 secs using 95.14% CPU
Optimizing NNI: done in 0.013618 secs using 66.79% CPU
Optimizing NNI: done in 0.0155058 secs using 90.95% CPU
Optimizing NNI: done in 0.0155709 secs using 57.72% CPU
Optimizing NNI: done in 0.0231941 secs using 85.47% CPU
Optimizing NNI: done in 0.015353 secs using 93.1% CPU
Optimizing NNI: done in 0.0157759 secs using 90.64% CPU
Optimizing NNI: done in 0.0271199 secs using 73.52% CPU
Optimizing NNI: done in 0.00933695 secs using 100% CPU
Iteration 80 / LogL: -3986.339 / Time: 0h:0m:2s (0h:0m:0s left)
Optimizing NNI: done in 0.0112691 secs using 33.44% CPU
Optimizing NNI: done in 0.0144341 secs using 94.41% CPU
Optimizing NNI: done in 0.00990891 secs using 86.67% CPU
Optimizing NNI: done in 0.0203869 secs using 66.52% CPU
Optimizing NNI: done in 0.0188138 secs using 59.52% CPU
Optimizing NNI: done in 0.016711 secs using 85.97% CPU
Optimizing NNI: done in 0.0276649 secs using 51.77% CPU
Optimizing NNI: done in 0.00885916 secs using 100% CPU
Optimizing NNI: done in 0.0157549 secs using 91.53% CPU
Optimizing NNI: done in 0.0160971 secs using 87.96% CPU
Iteration 90 / LogL: -3986.078 / Time: 0h:0m:2s (0h:0m:0s left)
Optimizing NNI: done in 0.019217 secs using 74.84% CPU
Optimizing NNI: done in 0.015367 secs using 90.41% CPU
Optimizing NNI: done in 0.00938797 secs using 92.96% CPU
Optimizing NNI: done in 0.0212228 secs using 90.45% CPU
Optimizing NNI: done in 0.0245359 secs using 80.93% CPU
Optimizing NNI: done in 0.0217879 secs using 89.72% CPU
Optimizing NNI: done in 0.0153539 secs using 93.68% CPU
Optimizing NNI: done in 0.010766 secs using 85.5% CPU
Optimizing NNI: done in 0.00951195 secs using 96.26% CPU
Optimizing NNI: done in 0.0105529 secs using 86.87% CPU
Iteration 100 / LogL: -3986.786 / Time: 0h:0m:2s (0h:0m:0s left)
Optimizing NNI: done in 0.00912499 secs using 99.47% CPU
TREE SEARCH COMPLETED AFTER 101 ITERATIONS / Time: 0h:0m:2s

--------------------------------------------------------------------
|                    FINALIZING TREE SEARCH                        |
--------------------------------------------------------------------
Performs final model parameters optimization
Estimate model parameters (epsilon = 0.010)
1. Initial log-likelihood: -3986.073
Optimal log-likelihood: -3986.070
Gamma shape alpha: 1.590
Parameters optimization took 1 rounds (0.008 sec)
BEST SCORE FOUND : -3986.070
Total tree length: 8.039

Total number of iterations: 101
CPU time used for tree search: 1.419 sec (0h:0m:1s)
Wall-clock time used for tree search: 2.444 sec (0h:0m:2s)
Total CPU time used: 1.457 sec (0h:0m:1s)
Total wall-clock time used: 2.522 sec (0h:0m:2s)

Analysis results written to: 
  IQ-TREE report:                ./orthofinder/Results_Jul15/WorkingDirectory/Alignments_ids/OG0000189.iqtree
  Maximum-likelihood tree:       ./orthofinder/Results_Jul15/WorkingDirectory/Alignments_ids/OG0000189.treefile
  Likelihood distances:          ./orthofinder/Results_Jul15/WorkingDirectory/Alignments_ids/OG0000189.mldist
  Screen log file:               ./orthofinder/Results_Jul15/WorkingDirectory/Alignments_ids/OG0000189.log

Date and Time: Mon Jul 15 11:05:26 2024
