IQ-TREE multicore version 2.2.0.5 COVID-edition for Linux 64-bit built Sep 26 2022
Developed by Bui Quang Minh, James Barbetti, Nguyen Lam Tung,
Olga Chernomor, Heiko Schmidt, Dominik Schrempf, Michael Woodhams, Ly Trong Nhan.

Host:    c046 (AVX2, FMA3, 503 GB RAM)
Command: iqtree -s ./orthofinder/Results_Jul15/WorkingDirectory/Alignments_ids/OG0000202.fa -pre ./orthofinder/Results_Jul15/WorkingDirectory/Alignments_ids/OG0000202
Seed:    333550 (Using SPRNG - Scalable Parallel Random Number Generator)
Time:    Mon Jul 15 11:05:18 2024
Kernel:  AVX+FMA - 1 threads (24 CPU cores detected)

HINT: Use -nt option to specify number of threads because your CPU has 24 cores!
HINT: -nt AUTO will automatically determine the best number of threads to use.

Reading alignment file ./orthofinder/Results_Jul15/WorkingDirectory/Alignments_ids/OG0000202.fa ... Fasta format detected
Reading fasta file: done in 0.00016284 secs using 93.96% CPU
Alignment most likely contains protein sequences
Constructing alignment: done in 0.000105858 secs using 99.19% CPU
Alignment has 5 sequences with 146 columns, 128 distinct patterns
19 parsimony-informative, 85 singleton sites, 42 constant sites
       Gap/Ambiguity  Composition  p-value
Analyzing sequences: done in 4.76837e-06 secs using 125.8% CPU
   1  0_147   30.82%    passed      8.84%
   2  1_124   19.18%    passed     89.59%
   3  3_124   15.07%    passed     56.71%
   4  4_4      2.05%    passed     54.25%
   5  5_196    5.48%    passed     90.91%
****  TOTAL   14.52%  0 sequences failed composition chi2 test (p-value<5%; df=19)
Checking for duplicate sequences: done in 9.05991e-06 secs using 99.34% CPU


Create initial parsimony tree by phylogenetic likelihood library (PLL)... 0.000 seconds
Perform fast likelihood tree search using LG+I+G model...
Estimate model parameters (epsilon = 5.000)
Perform nearest neighbor interchange...
Optimizing NNI: done in 0.00131702 secs using 100% CPU
Estimate model parameters (epsilon = 1.000)
1. Initial log-likelihood: -1293.713
Optimal log-likelihood: -1293.686
Proportion of invariable sites: 0.148
Gamma shape alpha: 4.155
Parameters optimization took 1 rounds (0.003 sec)
Time for fast ML tree search: 0.012 seconds

NOTE: ModelFinder requires 1 MB RAM!
ModelFinder will test up to 1232 protein models (sample size: 146) ...
 No. Model         -LnL         df  AIC          AICc         BIC
  1  LG            1310.188     7   2634.375     2635.187     2655.261
  2  LG+I          1294.726     8   2605.453     2606.504     2629.322
  3  LG+G4         1295.924     8   2607.848     2608.899     2631.717
  4  LG+I+G4       1293.685     9   2605.369     2606.693     2632.222
  5  LG+R2         1294.824     9   2607.648     2608.971     2634.500
  6  LG+R3         1294.192     11  2610.384     2612.355     2643.204
 14  LG+I+R2       1293.708     10  2607.415     2609.045     2637.251
 15  LG+I+R3       1293.665     12  2611.329     2613.675     2647.133
 24  LG+F+I        1268.514     27  2591.028     2603.841     2671.585
 25  LG+F+G4       1267.733     27  2589.467     2602.281     2670.024
 26  LG+F+I+G4     1266.674     28  2589.349     2603.229     2672.890
 27  LG+F+R2       1267.317     28  2590.634     2604.514     2674.175
 36  LG+F+I+R2     1266.569     29  2591.137     2606.137     2677.662
 46  WAG+I         1294.410     8   2604.819     2605.871     2628.688
 47  WAG+G4        1296.273     8   2608.546     2609.597     2632.415
 48  WAG+I+G4      1294.204     9   2606.408     2607.731     2633.260
 49  WAG+R2        1295.051     9   2608.102     2609.425     2634.954
 58  WAG+I+R2      1294.314     10  2608.628     2610.257     2638.464
 68  WAG+F+I       1267.040     27  2588.080     2600.894     2668.638
 69  WAG+F+G4      1267.496     27  2588.992     2601.806     2669.549
 70  WAG+F+I+G4    1266.286     28  2588.573     2602.453     2672.114
 71  WAG+F+R2      1266.685     28  2589.369     2603.250     2672.910
 80  WAG+F+I+R2    1266.175     29  2590.350     2605.350     2676.875
 90  JTT+I         1305.883     8   2627.765     2628.816     2651.634
 91  JTT+G4        1308.078     8   2632.157     2633.208     2656.026
 92  JTT+I+G4      1305.408     9   2628.815     2630.139     2655.668
 93  JTT+R2        1306.312     9   2630.624     2631.947     2657.476
102  JTT+I+R2      1305.506     10  2631.012     2632.641     2660.848
112  JTT+F+I       1276.027     27  2606.054     2618.867     2686.611
113  JTT+F+G4      1276.307     27  2606.613     2619.427     2687.171
114  JTT+F+I+G4    1274.831     28  2605.661     2619.542     2689.202
115  JTT+F+R2      1276.101     28  2608.201     2622.082     2691.742
124  JTT+F+I+R2    1274.898     29  2607.797     2622.797     2694.322
WARNING: Normalizing state frequencies so that sum of them equals to 1
134  Q.pfam+I      1298.569     8   2613.139     2614.190     2637.008
WARNING: Normalizing state frequencies so that sum of them equals to 1
135  Q.pfam+G4     1300.465     8   2616.931     2617.982     2640.800
WARNING: Normalizing state frequencies so that sum of them equals to 1
136  Q.pfam+I+G4   1297.848     9   2613.697     2615.020     2640.549
WARNING: Normalizing state frequencies so that sum of them equals to 1
137  Q.pfam+R2     1298.810     9   2615.619     2616.943     2642.472
WARNING: Normalizing state frequencies so that sum of them equals to 1
146  Q.pfam+I+R2   1297.912     10  2615.824     2617.454     2645.660
WARNING: Normalizing state frequencies so that sum of them equals to 1
156  Q.pfam+F+I    1269.098     27  2592.196     2605.010     2672.753
WARNING: Normalizing state frequencies so that sum of them equals to 1
157  Q.pfam+F+G4   1268.942     27  2591.885     2604.698     2672.442
WARNING: Normalizing state frequencies so that sum of them equals to 1
158  Q.pfam+F+I+G4 1267.584     28  2591.169     2605.049     2674.710
WARNING: Normalizing state frequencies so that sum of them equals to 1
159  Q.pfam+F+R2   1268.274     28  2592.548     2606.428     2676.089
WARNING: Normalizing state frequencies so that sum of them equals to 1
168  Q.pfam+F+I+R2 1267.523     29  2593.047     2608.047     2679.571
WARNING: Normalizing state frequencies so that sum of them equals to 1
178  Q.bird+I      1343.410     8   2702.819     2703.870     2726.688
WARNING: Normalizing state frequencies so that sum of them equals to 1
179  Q.bird+G4     1343.727     8   2703.455     2704.506     2727.323
WARNING: Normalizing state frequencies so that sum of them equals to 1
180  Q.bird+I+G4   1340.437     9   2698.873     2700.197     2725.726
WARNING: Normalizing state frequencies so that sum of them equals to 1
181  Q.bird+R2     1343.311     9   2704.622     2705.946     2731.475
WARNING: Normalizing state frequencies so that sum of them equals to 1
190  Q.bird+I+R2   1340.093     10  2700.185     2701.815     2730.021
WARNING: Normalizing state frequencies so that sum of them equals to 1
200  Q.bird+F+I    1298.221     27  2650.442     2663.255     2730.999
WARNING: Normalizing state frequencies so that sum of them equals to 1
201  Q.bird+F+G4   1297.052     27  2648.104     2660.918     2728.662
WARNING: Normalizing state frequencies so that sum of them equals to 1
202  Q.bird+F+I+G4 1294.672     28  2645.345     2659.225     2728.886
WARNING: Normalizing state frequencies so that sum of them equals to 1
203  Q.bird+F+R2   1297.189     28  2650.379     2664.259     2733.920
WARNING: Normalizing state frequencies so that sum of them equals to 1
212  Q.bird+F+I+R2 1294.820     29  2647.640     2662.640     2734.164
WARNING: Normalizing state frequencies so that sum of them equals to 1
222  Q.mammal+I    1340.776     8   2697.552     2698.603     2721.421
WARNING: Normalizing state frequencies so that sum of them equals to 1
223  Q.mammal+G4   1341.878     8   2699.757     2700.808     2723.626
WARNING: Normalizing state frequencies so that sum of them equals to 1
224  Q.mammal+I+G4 1338.895     9   2695.789     2697.113     2722.642
WARNING: Normalizing state frequencies so that sum of them equals to 1
225  Q.mammal+R2   1341.025     9   2700.051     2701.374     2726.903
WARNING: Normalizing state frequencies so that sum of them equals to 1
234  Q.mammal+I+R2 1338.843     10  2697.685     2699.315     2727.521
WARNING: Normalizing state frequencies so that sum of them equals to 1
244  Q.mammal+F+I  1291.078     27  2636.157     2648.970     2716.714
WARNING: Normalizing state frequencies so that sum of them equals to 1
245  Q.mammal+F+G4 1291.057     27  2636.113     2648.927     2716.670
WARNING: Normalizing state frequencies so that sum of them equals to 1
246  Q.mammal+F+I+G4 1288.831     28  2633.663     2647.543     2717.204
WARNING: Normalizing state frequencies so that sum of them equals to 1
247  Q.mammal+F+R2 1290.752     28  2637.503     2651.383     2721.044
WARNING: Normalizing state frequencies so that sum of them equals to 1
256  Q.mammal+F+I+R2 1288.923     29  2635.845     2650.845     2722.370
266  Q.insect+I    1303.015     8   2622.029     2623.080     2645.898
267  Q.insect+G4   1304.644     8   2625.287     2626.338     2649.156
268  Q.insect+I+G4 1301.925     9   2621.850     2623.173     2648.702
269  Q.insect+R2   1303.279     9   2624.558     2625.882     2651.411
278  Q.insect+I+R2 1302.009     10  2624.019     2625.648     2653.855
288  Q.insect+F+I  1275.051     27  2604.103     2616.916     2684.660
289  Q.insect+F+G4 1274.768     27  2603.537     2616.350     2684.094
290  Q.insect+F+I+G4 1273.381     28  2602.761     2616.642     2686.302
291  Q.insect+F+R2 1274.600     28  2605.200     2619.081     2688.741
300  Q.insect+F+I+R2 1273.478     29  2604.955     2619.955     2691.480
WARNING: Normalizing state frequencies so that sum of them equals to 1
310  Q.plant+I     1317.169     8   2650.339     2651.390     2674.208
WARNING: Normalizing state frequencies so that sum of them equals to 1
311  Q.plant+G4    1317.479     8   2650.957     2652.008     2674.826
WARNING: Normalizing state frequencies so that sum of them equals to 1
312  Q.plant+I+G4  1314.571     9   2647.142     2648.465     2673.994
WARNING: Normalizing state frequencies so that sum of them equals to 1
313  Q.plant+R2    1317.250     9   2652.501     2653.824     2679.353
WARNING: Normalizing state frequencies so that sum of them equals to 1
322  Q.plant+I+R2  1314.634     10  2649.267     2650.897     2679.103
WARNING: Normalizing state frequencies so that sum of them equals to 1
332  Q.plant+F+I   1285.358     27  2624.717     2637.530     2705.274
WARNING: Normalizing state frequencies so that sum of them equals to 1
333  Q.plant+F+G4  1284.137     27  2622.273     2635.087     2702.831
WARNING: Normalizing state frequencies so that sum of them equals to 1
334  Q.plant+F+I+G4 1282.356     28  2620.711     2634.592     2704.252
WARNING: Normalizing state frequencies so that sum of them equals to 1
335  Q.plant+F+R2  1284.292     28  2624.584     2638.464     2708.125
WARNING: Normalizing state frequencies so that sum of them equals to 1
344  Q.plant+F+I+R2 1282.480     29  2622.960     2637.960     2709.484
WARNING: Normalizing state frequencies so that sum of them equals to 1
354  Q.yeast+I     1295.493     8   2606.985     2608.036     2630.854
WARNING: Normalizing state frequencies so that sum of them equals to 1
355  Q.yeast+G4    1296.609     8   2609.217     2610.268     2633.086
WARNING: Normalizing state frequencies so that sum of them equals to 1
356  Q.yeast+I+G4  1294.034     9   2606.069     2607.393     2632.921
WARNING: Normalizing state frequencies so that sum of them equals to 1
357  Q.yeast+R2    1295.245     9   2608.489     2609.813     2635.342
WARNING: Normalizing state frequencies so that sum of them equals to 1
366  Q.yeast+I+R2  1294.100     10  2608.200     2609.830     2638.036
WARNING: Normalizing state frequencies so that sum of them equals to 1
376  Q.yeast+F+I   1272.009     27  2598.019     2610.832     2678.576
WARNING: Normalizing state frequencies so that sum of them equals to 1
377  Q.yeast+F+G4  1271.396     27  2596.793     2609.606     2677.350
WARNING: Normalizing state frequencies so that sum of them equals to 1
378  Q.yeast+F+I+G4 1270.085     28  2596.171     2610.051     2679.712
WARNING: Normalizing state frequencies so that sum of them equals to 1
379  Q.yeast+F+R2  1271.021     28  2598.043     2611.923     2681.584
WARNING: Normalizing state frequencies so that sum of them equals to 1
388  Q.yeast+F+I+R2 1270.134     29  2598.269     2613.269     2684.794
398  JTTDCMut+I    1305.399     8   2626.797     2627.849     2650.666
399  JTTDCMut+G4   1307.598     8   2631.196     2632.247     2655.065
400  JTTDCMut+I+G4 1304.931     9   2627.862     2629.185     2654.714
401  JTTDCMut+R2   1305.919     9   2629.837     2631.161     2656.690
410  JTTDCMut+I+R2 1305.025     10  2630.050     2631.680     2659.886
420  JTTDCMut+F+I  1275.599     27  2605.197     2618.011     2685.755
421  JTTDCMut+F+G4 1275.929     27  2605.859     2618.672     2686.416
422  JTTDCMut+F+I+G4 1274.417     28  2604.833     2618.714     2688.374
423  JTTDCMut+F+R2 1275.672     28  2607.344     2621.224     2690.885
432  JTTDCMut+F+I+R2 1274.476     29  2606.953     2621.953     2693.477
442  DCMut+I       1303.822     8   2623.643     2624.694     2647.512
443  DCMut+G4      1305.087     8   2626.174     2627.225     2650.043
444  DCMut+I+G4    1303.135     9   2624.269     2625.593     2651.122
445  DCMut+R2      1304.299     9   2626.597     2627.921     2653.450
454  DCMut+I+R2    1303.178     10  2626.356     2627.986     2656.192
464  DCMut+F+I     1268.795     27  2591.590     2604.404     2672.148
465  DCMut+F+G4    1269.504     27  2593.008     2605.821     2673.565
466  DCMut+F+I+G4  1267.907     28  2591.814     2605.695     2675.355
467  DCMut+F+R2    1268.651     28  2593.302     2607.182     2676.842
476  DCMut+F+I+R2  1267.896     29  2593.792     2608.792     2680.317
486  VT+I          1291.091     8   2598.183     2599.234     2622.051
487  VT+G4         1294.637     8   2605.274     2606.325     2629.143
488  VT+I+G4       1291.094     9   2600.187     2601.511     2627.040
489  VT+R2         1291.472     9   2600.944     2602.267     2627.796
498  VT+I+R2       1291.372     10  2602.745     2604.374     2632.581
508  VT+F+I        1266.382     27  2586.763     2599.577     2667.321
509  VT+F+G4       1268.458     27  2590.917     2603.730     2671.474
510  VT+F+I+G4     1266.354     28  2588.708     2602.589     2672.249
511  VT+F+R2       1266.919     28  2589.839     2603.719     2673.380
520  VT+F+I+R2     1266.621     29  2591.241     2606.241     2677.766
530  PMB+I         1297.821     8   2611.642     2612.693     2635.510
531  PMB+G4        1301.503     8   2619.007     2620.058     2642.876
532  PMB+I+G4      1297.825     9   2613.650     2614.974     2640.503
533  PMB+R2        1298.286     9   2614.573     2615.897     2641.425
542  PMB+I+R2      1298.119     10  2616.238     2617.867     2646.074
552  PMB+F+I       1265.852     27  2585.703     2598.517     2666.260
553  PMB+F+G4      1268.032     27  2590.065     2602.878     2670.622
554  PMB+F+I+G4    1265.849     28  2587.697     2601.577     2671.238
555  PMB+F+R2      1266.291     28  2588.583     2602.463     2672.124
564  PMB+F+I+R2    1266.168     29  2590.337     2605.337     2676.861
574  Blosum62+I    1290.331     8   2596.663     2597.714     2620.532
575  Blosum62+G4   1293.763     8   2603.527     2604.578     2627.396
576  Blosum62+I+G4 1290.332     9   2598.664     2599.988     2625.517
577  Blosum62+R2   1290.783     9   2599.566     2600.889     2626.418
586  Blosum62+I+R2 1290.636     10  2601.272     2602.902     2631.108
596  Blosum62+F+I  1266.573     27  2587.146     2599.960     2667.704
597  Blosum62+F+G4 1268.588     27  2591.176     2603.990     2671.734
598  Blosum62+F+I+G4 1266.513     28  2589.027     2602.907     2672.568
599  Blosum62+F+R2 1266.804     28  2589.608     2603.489     2673.149
608  Blosum62+F+I+R2 1266.713     29  2591.426     2606.426     2677.950
618  Dayhoff+I     1303.957     8   2623.914     2624.965     2647.783
619  Dayhoff+G4    1305.175     8   2626.351     2627.402     2650.219
620  Dayhoff+I+G4  1303.236     9   2624.472     2625.795     2651.324
621  Dayhoff+R2    1304.390     9   2626.780     2628.104     2653.633
630  Dayhoff+I+R2  1303.274     10  2626.547     2628.177     2656.383
640  Dayhoff+F+I   1268.889     27  2591.779     2604.592     2672.336
641  Dayhoff+F+G4  1269.563     27  2593.125     2605.939     2673.683
642  Dayhoff+F+I+G4 1267.971     28  2591.941     2605.822     2675.482
643  Dayhoff+F+R2  1268.713     28  2593.426     2607.306     2676.967
652  Dayhoff+F+I+R2 1267.957     29  2593.914     2608.914     2680.439
662  mtREV+I       1367.201     8   2750.402     2751.453     2774.271
663  mtREV+G4      1369.189     8   2754.377     2755.428     2778.246
664  mtREV+I+G4    1365.047     9   2748.095     2749.418     2774.947
665  mtREV+R2      1367.543     9   2753.086     2754.410     2779.939
674  mtREV+I+R2    1364.836     10  2749.671     2751.301     2779.508
684  mtREV+F+I     1283.648     27  2621.296     2634.109     2701.853
685  mtREV+F+G4    1283.001     27  2620.003     2632.816     2700.560
686  mtREV+F+I+G4  1281.145     28  2618.290     2632.171     2701.831
687  mtREV+F+R2    1282.870     28  2621.739     2635.619     2705.280
696  mtREV+F+I+R2  1281.001     29  2620.002     2635.002     2706.527
706  mtART+I       1375.485     8   2766.970     2768.021     2790.839
707  mtART+G4      1368.735     8   2753.470     2754.521     2777.338
708  mtART+I+G4    1366.738     9   2751.477     2752.800     2778.329
709  mtART+R2      1368.056     9   2754.113     2755.436     2780.965
718  mtART+I+R2    1366.385     10  2752.771     2754.400     2782.607
728  mtART+F+I     1297.215     27  2648.431     2661.244     2728.988
729  mtART+F+G4    1287.772     27  2629.544     2642.357     2710.101
730  mtART+F+I+G4  1287.648     28  2631.296     2645.177     2714.837
731  mtART+F+R2    1287.349     28  2630.698     2644.579     2714.239
740  mtART+F+I+R2  1287.165     29  2632.331     2647.331     2718.855
750  mtZOA+I       1365.528     8   2747.057     2748.108     2770.926
751  mtZOA+G4      1363.362     8   2742.724     2743.775     2766.593
752  mtZOA+I+G4    1360.585     9   2739.169     2740.493     2766.021
753  mtZOA+R2      1361.567     9   2741.135     2742.458     2767.987
762  mtZOA+I+R2    1360.252     10  2740.505     2742.134     2770.341
772  mtZOA+F+I     1284.856     27  2623.711     2636.525     2704.269
773  mtZOA+F+G4    1280.325     27  2614.650     2627.463     2695.207
774  mtZOA+F+I+G4  1279.804     28  2615.607     2629.488     2699.148
775  mtZOA+F+R2    1279.440     28  2614.880     2628.761     2698.421
784  mtZOA+F+I+R2  1279.373     29  2616.747     2631.747     2703.272
794  mtMet+I       1361.198     8   2738.395     2739.446     2762.264
795  mtMet+G4      1360.631     8   2737.261     2738.313     2761.130
796  mtMet+I+G4    1357.705     9   2733.411     2734.734     2760.263
797  mtMet+R2      1357.797     9   2733.594     2734.918     2760.447
806  mtMet+I+R2    1357.331     10  2734.662     2736.292     2764.498
816  mtMet+F+I     1286.254     27  2626.508     2639.321     2707.065
817  mtMet+F+G4    1283.751     27  2621.502     2634.316     2702.060
818  mtMet+F+I+G4  1282.798     28  2621.596     2635.477     2705.137
819  mtMet+F+R2    1283.144     28  2622.288     2636.168     2705.829
828  mtMet+F+I+R2  1282.738     29  2623.476     2638.476     2710.000
838  mtVer+I       1382.175     8   2780.351     2781.402     2804.219
839  mtVer+G4      1379.473     8   2774.947     2775.998     2798.815
840  mtVer+I+G4    1377.035     9   2772.070     2773.394     2798.923
841  mtVer+R2      1376.413     9   2770.826     2772.149     2797.678
850  mtVer+I+R2    1376.134     10  2772.268     2773.897     2802.104
860  mtVer+F+I     1295.219     27  2644.438     2657.251     2724.995
861  mtVer+F+G4    1290.790     27  2635.580     2648.394     2716.138
862  mtVer+F+I+G4  1289.971     28  2635.942     2649.822     2719.483
863  mtVer+F+R2    1291.061     28  2638.122     2652.002     2721.663
872  mtVer+F+I+R2  1290.287     29  2638.575     2653.575     2725.099
882  mtInv+I       1365.074     8   2746.148     2747.199     2770.017
883  mtInv+G4      1366.376     8   2748.753     2749.804     2772.621
884  mtInv+I+G4    1363.147     9   2744.295     2745.618     2771.147
885  mtInv+R2      1363.543     9   2745.085     2746.409     2771.938
894  mtInv+I+R2    1362.909     10  2745.818     2747.447     2775.654
904  mtInv+F+I     1281.357     27  2616.714     2629.528     2697.271
905  mtInv+F+G4    1279.458     27  2612.915     2625.729     2693.473
906  mtInv+F+I+G4  1278.790     28  2613.580     2627.460     2697.121
907  mtInv+F+R2    1278.742     28  2613.484     2627.364     2697.025
916  mtInv+F+I+R2  1278.510     29  2615.019     2630.019     2701.544
926  mtMAM+I       1385.252     8   2786.505     2787.556     2810.374
927  mtMAM+G4      1379.782     8   2775.564     2776.615     2799.433
928  mtMAM+I+G4    1376.851     9   2771.703     2773.026     2798.555
929  mtMAM+R2      1377.115     9   2772.229     2773.553     2799.082
938  mtMAM+I+R2    1375.841     10  2771.682     2773.312     2801.518
948  mtMAM+F+I     1298.602     27  2651.205     2664.018     2731.762
949  mtMAM+F+G4    1293.396     27  2640.793     2653.606     2721.350
950  mtMAM+F+I+G4  1291.966     28  2639.931     2653.811     2723.472
951  mtMAM+F+R2    1294.353     28  2644.706     2658.586     2728.247
960  mtMAM+F+I+R2  1292.128     29  2642.257     2657.257     2728.781
WARNING: Normalizing state frequencies so that sum of them equals to 1
970  FLAVI+I       1366.560     8   2749.119     2750.170     2772.988
WARNING: Normalizing state frequencies so that sum of them equals to 1
971  FLAVI+G4      1360.938     8   2737.876     2738.927     2761.744
WARNING: Normalizing state frequencies so that sum of them equals to 1
972  FLAVI+I+G4    1359.068     9   2736.135     2737.459     2762.988
WARNING: Normalizing state frequencies so that sum of them equals to 1
973  FLAVI+R2      1363.086     9   2744.172     2745.495     2771.024
WARNING: Normalizing state frequencies so that sum of them equals to 1
982  FLAVI+I+R2    1359.468     10  2738.937     2740.566     2768.773
WARNING: Normalizing state frequencies so that sum of them equals to 1
992  FLAVI+F+I     1311.878     27  2677.756     2690.570     2758.314
WARNING: Normalizing state frequencies so that sum of them equals to 1
993  FLAVI+F+G4    1305.467     27  2664.935     2677.749     2745.492
WARNING: Normalizing state frequencies so that sum of them equals to 1
994  FLAVI+F+I+G4  1304.401     28  2664.803     2678.683     2748.344
WARNING: Normalizing state frequencies so that sum of them equals to 1
995  FLAVI+F+R2    1308.074     28  2672.149     2686.029     2755.689
WARNING: Normalizing state frequencies so that sum of them equals to 1
1004  FLAVI+F+I+R2  1304.825     29  2667.650     2682.650     2754.174
1014  HIVb+I        1326.806     8   2669.613     2670.664     2693.481
1015  HIVb+G4       1328.157     8   2672.313     2673.364     2696.182
1016  HIVb+I+G4     1324.358     9   2666.716     2668.040     2693.569
1017  HIVb+R2       1326.963     9   2671.926     2673.250     2698.778
1026  HIVb+I+R2     1323.999     10  2667.998     2669.628     2697.835
1036  HIVb+F+I      1295.517     27  2645.034     2657.847     2725.591
1037  HIVb+F+G4     1293.870     27  2641.741     2654.554     2722.298
1038  HIVb+F+I+G4   1291.588     28  2639.176     2653.056     2722.717
1039  HIVb+F+R2     1295.726     28  2647.453     2661.333     2730.994
1048  HIVb+F+I+R2   1291.461     29  2640.922     2655.922     2727.447
1058  HIVw+I        1346.047     8   2708.094     2709.145     2731.963
1059  HIVw+G4       1344.049     8   2704.097     2705.148     2727.966
1060  HIVw+I+G4     1340.713     9   2699.426     2700.750     2726.279
1061  HIVw+R2       1345.977     9   2709.954     2711.278     2736.807
1070  HIVw+I+R2     1338.993     10  2697.986     2699.616     2727.823
1080  HIVw+F+I      1317.385     27  2688.769     2701.583     2769.327
1081  HIVw+F+G4     1312.739     27  2679.478     2692.292     2760.035
1082  HIVw+F+I+G4   1310.865     28  2677.730     2691.611     2761.271
1083  HIVw+F+R2     1316.015     28  2688.030     2701.911     2771.571
1092  HIVw+F+I+R2   1309.323     29  2676.645     2691.645     2763.170
1102  FLU+I         1310.219     8   2636.438     2637.489     2660.306
1103  FLU+G4        1311.980     8   2639.960     2641.011     2663.829
1104  FLU+I+G4      1308.144     9   2634.288     2635.611     2661.140
1105  FLU+R2        1310.509     9   2639.019     2640.342     2665.871
1114  FLU+I+R2      1308.050     10  2636.101     2637.731     2665.937
1124  FLU+F+I       1286.697     27  2627.395     2640.209     2707.952
1125  FLU+F+G4      1285.658     27  2625.315     2638.129     2705.873
1126  FLU+F+I+G4    1283.248     28  2622.496     2636.376     2706.037
1127  FLU+F+R2      1286.748     28  2629.496     2643.376     2713.037
1136  FLU+F+I+R2    1283.160     29  2624.320     2639.320     2710.845
1146  rtREV+I       1299.969     8   2615.938     2616.989     2639.807
1147  rtREV+G4      1301.818     8   2619.635     2620.687     2643.504
1148  rtREV+I+G4    1299.182     9   2616.363     2617.687     2643.216
1149  rtREV+R2      1299.914     9   2617.829     2619.152     2644.681
1158  rtREV+I+R2    1299.207     10  2618.413     2620.043     2648.249
1168  rtREV+F+I     1272.149     27  2598.297     2611.111     2678.855
1169  rtREV+F+G4    1271.375     27  2596.750     2609.563     2677.307
1170  rtREV+F+I+G4  1270.120     28  2596.240     2610.120     2679.781
1171  rtREV+F+R2    1270.434     28  2596.869     2610.749     2680.410
1180  rtREV+F+I+R2  1269.980     29  2597.961     2612.961     2684.485
1190  cpREV+I       1302.101     8   2620.201     2621.252     2644.070
1191  cpREV+G4      1302.715     8   2621.430     2622.481     2645.298
1192  cpREV+I+G4    1301.148     9   2620.296     2621.619     2647.148
1193  cpREV+R2      1301.741     9   2621.483     2622.806     2648.335
1202  cpREV+I+R2    1301.044     10  2622.087     2623.717     2651.923
1212  cpREV+F+I     1277.129     27  2608.258     2621.071     2688.815
1213  cpREV+F+G4    1274.761     27  2603.521     2616.335     2684.079
1214  cpREV+F+I+G4  1274.404     28  2604.808     2618.689     2688.349
1215  cpREV+F+R2    1274.034     28  2604.067     2617.947     2687.608
1224  cpREV+F+I+R2  1274.010     29  2606.019     2621.019     2692.544
Akaike Information Criterion:           PMB+F+I
Corrected Akaike Information Criterion: Blosum62+I
Bayesian Information Criterion:         Blosum62+I
Best-fit model: Blosum62+I chosen according to BIC

All model information printed to ./orthofinder/Results_Jul15/WorkingDirectory/Alignments_ids/OG0000202.model.gz
CPU time for ModelFinder: 2.284 seconds (0h:0m:2s)
Wall-clock time for ModelFinder: 6.290 seconds (0h:0m:6s)

NOTE: 0 MB RAM (0 GB) is required!
Estimate model parameters (epsilon = 0.100)
1. Initial log-likelihood: -1290.331
Optimal log-likelihood: -1290.331
Proportion of invariable sites: 0.158
Parameters optimization took 1 rounds (0.001 sec)
Wrote distance file to... 
Computing ML distances based on estimated model parameters...
Calculating distance matrix: done in 0.000375986 secs using 99.47% CPU
Computing ML distances took 0.000401 sec (of wall-clock time) 0.000398 sec (of CPU time)
Setting up auxiliary I and S matrices: done in 1.81198e-05 secs using 93.82% CPU
Constructing RapidNJ tree: done in 2.40803e-05 secs using 95.51% CPU
Computing RapidNJ tree took 0.000062 sec (of wall-clock time) 0.000101 sec (of CPU time)
Log-likelihood of RapidNJ tree: -1290.331
--------------------------------------------------------------------
|             INITIALIZING CANDIDATE TREE SET                      |
--------------------------------------------------------------------
Generating 99 parsimony trees... 0.007 second
Computing log-likelihood of 6 initial trees ... 0.001 seconds
Current best score: -1290.331

Do NNI search on 7 best initial trees
Optimizing NNI: done in 0.00041008 secs using 199.2% CPU
Optimizing NNI: done in 0.000849009 secs using 194.2% CPU
Optimizing NNI: done in 0.000835896 secs using 99.41% CPU
Optimizing NNI: done in 0.000826836 secs using 99.54% CPU
Optimizing NNI: done in 0.000840187 secs using 99.98% CPU
Optimizing NNI: done in 0.00132012 secs using 99.84% CPU
Optimizing NNI: done in 0.00130582 secs using 99.55% CPU
Finish initializing candidate tree set (7)
Current best tree score: -1290.331 / CPU time: 0.048
Number of iterations: 7
--------------------------------------------------------------------
|               OPTIMIZING CANDIDATE TREE SET                      |
--------------------------------------------------------------------
Optimizing NNI: done in 0.000906944 secs using 99.34% CPU
UPDATE BEST LOG-LIKELIHOOD: -1290.331
Optimizing NNI: done in 0.000926018 secs using 99.46% CPU
Optimizing NNI: done in 0.000905991 secs using 99.78% CPU
UPDATE BEST LOG-LIKELIHOOD: -1290.331
Iteration 10 / LogL: -1290.331 / Time: 0h:0m:0s
Optimizing NNI: done in 0.00144482 secs using 99.94% CPU
Optimizing NNI: done in 0.000917912 secs using 100% CPU
Optimizing NNI: done in 0.001436 secs using 100.1% CPU
Optimizing NNI: done in 0.00146103 secs using 100% CPU
Optimizing NNI: done in 0.00146604 secs using 100.1% CPU
Optimizing NNI: done in 0.000931025 secs using 99.89% CPU
Optimizing NNI: done in 0.00146317 secs using 100.1% CPU
Optimizing NNI: done in 0.00146413 secs using 99.92% CPU
Optimizing NNI: done in 0.00141907 secs using 100.1% CPU
Optimizing NNI: done in 0.000918865 secs using 99.91% CPU
Iteration 20 / LogL: -1290.463 / Time: 0h:0m:0s
Optimizing NNI: done in 0.000916958 secs using 99.9% CPU
Optimizing NNI: done in 0.0174351 secs using 77.03% CPU
Optimizing NNI: done in 0.00138593 secs using 99.93% CPU
Optimizing NNI: done in 0.000876904 secs using 100.1% CPU
Optimizing NNI: done in 0.00139809 secs using 100.1% CPU
Optimizing NNI: done in 0.00139093 secs using 99.93% CPU
Optimizing NNI: done in 0.000375986 secs using 100.3% CPU
Optimizing NNI: done in 0.00142503 secs using 100% CPU
Optimizing NNI: done in 0.00137401 secs using 100% CPU
Optimizing NNI: done in 0.00141096 secs using 100% CPU
Iteration 30 / LogL: -1290.642 / Time: 0h:0m:0s (0h:0m:0s left)
Optimizing NNI: done in 0.00142217 secs using 99.99% CPU
Optimizing NNI: done in 0.00141096 secs using 100% CPU
Optimizing NNI: done in 0.000880003 secs using 100% CPU
Optimizing NNI: done in 0.01368 secs using 99.83% CPU
Optimizing NNI: done in 0.00136304 secs using 100% CPU
Optimizing NNI: done in 0.00141382 secs using 100.1% CPU
Optimizing NNI: done in 0.00134587 secs using 100.1% CPU
Optimizing NNI: done in 0.00138116 secs using 100.1% CPU
Optimizing NNI: done in 0.0013628 secs using 100.1% CPU
Optimizing NNI: done in 0.00136495 secs using 99.93% CPU
Iteration 40 / LogL: -1290.658 / Time: 0h:0m:0s (0h:0m:0s left)
Optimizing NNI: done in 0.000874996 secs using 100% CPU
Optimizing NNI: done in 0.00138497 secs using 99.93% CPU
Optimizing NNI: done in 0.00136709 secs using 99.99% CPU
Optimizing NNI: done in 0.000872135 secs using 100.1% CPU
Optimizing NNI: done in 0.017452 secs using 77.07% CPU
Optimizing NNI: done in 0.00136495 secs using 100% CPU
Optimizing NNI: done in 0.000880003 secs using 100% CPU
Optimizing NNI: done in 0.000937939 secs using 100.1% CPU
Optimizing NNI: done in 0.00146198 secs using 100% CPU
Optimizing NNI: done in 0.00137019 secs using 99.99% CPU
Iteration 50 / LogL: -1290.656 / Time: 0h:0m:0s (0h:0m:0s left)
Optimizing NNI: done in 0.00139308 secs using 99.99% CPU
Optimizing NNI: done in 0.000878096 secs using 99.99% CPU
Optimizing NNI: done in 0.00136089 secs using 100% CPU
Optimizing NNI: done in 0.000862837 secs using 100% CPU
Optimizing NNI: done in 0.000828981 secs using 99.88% CPU
UPDATE BEST LOG-LIKELIHOOD: -1290.331
Optimizing NNI: done in 0.00088501 secs using 100% CPU
Optimizing NNI: done in 0.00139999 secs using 100.1% CPU
Optimizing NNI: done in 0.000893116 secs using 547.5% CPU
Optimizing NNI: done in 0.000851154 secs using 99.86% CPU
UPDATE BEST LOG-LIKELIHOOD: -1290.331
Optimizing NNI: done in 0.00140786 secs using 99.94% CPU
Iteration 60 / LogL: -1290.658 / Time: 0h:0m:0s (0h:0m:0s left)
Optimizing NNI: done in 0.000891924 secs using 100% CPU
Optimizing NNI: done in 0.00140095 secs using 99.79% CPU
Optimizing NNI: done in 0.000892878 secs using 100% CPU
Optimizing NNI: done in 0.00138998 secs using 99.93% CPU
Optimizing NNI: done in 0.000862837 secs using 100.1% CPU
Optimizing NNI: done in 0.00141311 secs using 99.92% CPU
Optimizing NNI: done in 0.000854015 secs using 100% CPU
Optimizing NNI: done in 0.00140309 secs using 99.99% CPU
Optimizing NNI: done in 0.000851154 secs using 99.98% CPU
Optimizing NNI: done in 0.00137401 secs using 100% CPU
Iteration 70 / LogL: -1290.364 / Time: 0h:0m:0s (0h:0m:0s left)
Optimizing NNI: done in 0.00139308 secs using 99.92% CPU
Optimizing NNI: done in 0.000866175 secs using 99.98% CPU
Optimizing NNI: done in 0.000876904 secs using 99.9% CPU
Optimizing NNI: done in 0.00136995 secs using 100% CPU
Optimizing NNI: done in 0.00144196 secs using 100.1% CPU
Optimizing NNI: done in 0.00140309 secs using 99.99% CPU
Optimizing NNI: done in 0.000895977 secs using 100% CPU
Optimizing NNI: done in 0.000907898 secs using 100.1% CPU
Optimizing NNI: done in 0.00037694 secs using 100% CPU
Optimizing NNI: done in 0.00138903 secs using 100% CPU
Iteration 80 / LogL: -1290.474 / Time: 0h:0m:0s (0h:0m:0s left)
Optimizing NNI: done in 0.000828981 secs using 100.1% CPU
Optimizing NNI: done in 0.00135207 secs using 99.92% CPU
Optimizing NNI: done in 0.000864983 secs using 100% CPU
Optimizing NNI: done in 0.000871897 secs using 100% CPU
Optimizing NNI: done in 0.0173872 secs using 8% CPU
Optimizing NNI: done in 0.000385046 secs using 99.99% CPU
Optimizing NNI: done in 0.00106597 secs using 100% CPU
Optimizing NNI: done in 0.00139594 secs using 99.93% CPU
Optimizing NNI: done in 0.001405 secs using 100.1% CPU
Optimizing NNI: done in 0.000864029 secs using 99.88% CPU
Iteration 90 / LogL: -1290.464 / Time: 0h:0m:0s (0h:0m:0s left)
Optimizing NNI: done in 0.00139189 secs using 100% CPU
Optimizing NNI: done in 0.00142288 secs using 100.1% CPU
Optimizing NNI: done in 0.000371933 secs using 100% CPU
Optimizing NNI: done in 0.000841141 secs using 99.98% CPU
Optimizing NNI: done in 0.000370979 secs using 99.74% CPU
Optimizing NNI: done in 0.000878811 secs using 100% CPU
Optimizing NNI: done in 0.017395 secs using 8.129% CPU
Optimizing NNI: done in 0.00141096 secs using 100% CPU
Optimizing NNI: done in 0.00141597 secs using 100% CPU
Optimizing NNI: done in 0.0013721 secs using 99.99% CPU
Iteration 100 / LogL: -1290.658 / Time: 0h:0m:0s (0h:0m:0s left)
Optimizing NNI: done in 0.000852108 secs using 99.99% CPU
TREE SEARCH COMPLETED AFTER 101 ITERATIONS / Time: 0h:0m:0s

--------------------------------------------------------------------
|                    FINALIZING TREE SEARCH                        |
--------------------------------------------------------------------
Performs final model parameters optimization
Estimate model parameters (epsilon = 0.010)
1. Initial log-likelihood: -1290.331
Optimal log-likelihood: -1290.331
Proportion of invariable sites: 0.158
Parameters optimization took 1 rounds (0.000 sec)
BEST SCORE FOUND : -1290.331
Total tree length: 2.505

Total number of iterations: 101
CPU time used for tree search: 0.206 sec (0h:0m:0s)
Wall-clock time used for tree search: 0.286 sec (0h:0m:0s)
Total CPU time used: 0.229 sec (0h:0m:0s)
Total wall-clock time used: 0.342 sec (0h:0m:0s)

Analysis results written to: 
  IQ-TREE report:                ./orthofinder/Results_Jul15/WorkingDirectory/Alignments_ids/OG0000202.iqtree
  Maximum-likelihood tree:       ./orthofinder/Results_Jul15/WorkingDirectory/Alignments_ids/OG0000202.treefile
  Likelihood distances:          ./orthofinder/Results_Jul15/WorkingDirectory/Alignments_ids/OG0000202.mldist
  Screen log file:               ./orthofinder/Results_Jul15/WorkingDirectory/Alignments_ids/OG0000202.log

Date and Time: Mon Jul 15 11:05:24 2024
