IQ-TREE multicore version 2.2.0.5 COVID-edition for Linux 64-bit built Sep 26 2022
Developed by Bui Quang Minh, James Barbetti, Nguyen Lam Tung,
Olga Chernomor, Heiko Schmidt, Dominik Schrempf, Michael Woodhams, Ly Trong Nhan.

Host:    c046 (AVX2, FMA3, 503 GB RAM)
Command: iqtree -s ./orthofinder/Results_Jul15/WorkingDirectory/Alignments_ids/OG0000194.fa -pre ./orthofinder/Results_Jul15/WorkingDirectory/Alignments_ids/OG0000194
Seed:    274717 (Using SPRNG - Scalable Parallel Random Number Generator)
Time:    Mon Jul 15 11:05:14 2024
Kernel:  AVX+FMA - 1 threads (24 CPU cores detected)

HINT: Use -nt option to specify number of threads because your CPU has 24 cores!
HINT: -nt AUTO will automatically determine the best number of threads to use.

Reading alignment file ./orthofinder/Results_Jul15/WorkingDirectory/Alignments_ids/OG0000194.fa ... Fasta format detected
Reading fasta file: done in 0.000211954 secs
Alignment most likely contains protein sequences
Constructing alignment: done in 0.000442028 secs
Alignment has 5 sequences with 609 columns, 514 distinct patterns
130 parsimony-informative, 320 singleton sites, 159 constant sites
       Gap/Ambiguity  Composition  p-value
Analyzing sequences: done in 7.15256e-06 secs
   1  0_112   17.73%    passed     73.58%
   2  1_120   16.09%    passed     30.24%
   3  2_105   23.15%    failed      2.29%
   4  4_148   15.27%    passed     99.51%
   5  5_192   11.82%    passed     20.34%
****  TOTAL   16.81%  1 sequences failed composition chi2 test (p-value<5%; df=19)
Checking for duplicate sequences: done in 1.19209e-05 secs


Create initial parsimony tree by phylogenetic likelihood library (PLL)... 0.000 seconds
Perform fast likelihood tree search using LG+I+G model...
Estimate model parameters (epsilon = 5.000)
Perform nearest neighbor interchange...
Optimizing NNI: done in 0.00475502 secs using 99.94% CPU
Estimate model parameters (epsilon = 1.000)
1. Initial log-likelihood: -5644.583
Optimal log-likelihood: -5644.364
Proportion of invariable sites: 0.074
Gamma shape alpha: 2.222
Parameters optimization took 1 rounds (0.011 sec)
Time for fast ML tree search: 0.062 seconds

NOTE: ModelFinder requires 4 MB RAM!
ModelFinder will test up to 1232 protein models (sample size: 609) ...
 No. Model         -LnL         df  AIC          AICc         BIC
  1  LG            5702.408     7   11418.816    11419.002    11449.699
  2  LG+I          5659.500     8   11334.999    11335.239    11370.294
  3  LG+G4         5646.626     8   11309.252    11309.492    11344.546
  4  LG+I+G4       5644.217     9   11306.434    11306.734    11346.140
  5  LG+R2         5648.088     9   11314.175    11314.476    11353.882
  6  LG+R3         5644.986     11  11311.972    11312.414    11360.502
 14  LG+I+R2       5644.485     10  11308.971    11309.339    11353.089
 15  LG+I+R3       5643.829     12  11311.658    11312.182    11364.600
 25  LG+F+G4       5540.348     27  11134.695    11137.297    11253.814
 26  LG+F+I+G4     5537.900     28  11131.801    11134.601    11255.332
 27  LG+F+R2       5541.753     28  11139.507    11142.307    11263.038
 36  LG+F+I+R2     5538.183     29  11134.365    11137.370    11262.308
 47  WAG+G4        5685.874     8   11387.749    11387.989    11423.043
 48  WAG+I+G4      5682.582     9   11383.164    11383.465    11422.870
 49  WAG+R2        5685.215     9   11388.431    11388.731    11428.137
 58  WAG+I+R2      5682.587     10  11385.175    11385.542    11429.293
 69  WAG+F+G4      5544.349     27  11142.698    11145.301    11261.817
 70  WAG+F+I+G4    5541.130     28  11138.259    11141.059    11261.790
 71  WAG+F+R2      5543.642     28  11143.283    11146.083    11266.814
 80  WAG+F+I+R2    5541.192     29  11140.383    11143.389    11268.326
 91  JTT+G4        5702.210     8   11420.420    11420.660    11455.714
 92  JTT+I+G4      5699.460     9   11416.920    11417.221    11456.626
 93  JTT+R2        5702.299     9   11422.599    11422.899    11462.305
102  JTT+I+R2      5699.694     10  11419.388    11419.756    11463.506
113  JTT+F+G4      5564.036     27  11182.071    11184.674    11301.190
114  JTT+F+I+G4    5561.255     28  11178.510    11181.310    11302.041
115  JTT+F+R2      5563.228     28  11182.456    11185.256    11305.987
124  JTT+F+I+R2    5561.527     29  11181.054    11184.059    11308.997
WARNING: Normalizing state frequencies so that sum of them equals to 1
135  Q.pfam+G4     5669.811     8   11355.622    11355.862    11390.916
WARNING: Normalizing state frequencies so that sum of them equals to 1
136  Q.pfam+I+G4   5667.232     9   11352.463    11352.764    11392.170
WARNING: Normalizing state frequencies so that sum of them equals to 1
137  Q.pfam+R2     5670.657     9   11359.314    11359.614    11399.020
WARNING: Normalizing state frequencies so that sum of them equals to 1
146  Q.pfam+I+R2   5667.463     10  11354.927    11355.294    11399.045
WARNING: Normalizing state frequencies so that sum of them equals to 1
157  Q.pfam+F+G4   5543.356     27  11140.713    11143.315    11259.832
WARNING: Normalizing state frequencies so that sum of them equals to 1
158  Q.pfam+F+I+G4 5540.985     28  11137.969    11140.769    11261.500
WARNING: Normalizing state frequencies so that sum of them equals to 1
159  Q.pfam+F+R2   5543.662     28  11143.324    11146.124    11266.855
WARNING: Normalizing state frequencies so that sum of them equals to 1
168  Q.pfam+F+I+R2 5541.407     29  11140.814    11143.819    11268.757
WARNING: Normalizing state frequencies so that sum of them equals to 1
179  Q.bird+G4     5771.262     8   11558.524    11558.764    11593.818
WARNING: Normalizing state frequencies so that sum of them equals to 1
180  Q.bird+I+G4   5769.715     9   11557.430    11557.730    11597.136
WARNING: Normalizing state frequencies so that sum of them equals to 1
181  Q.bird+R2     5777.365     9   11572.730    11573.030    11612.436
WARNING: Normalizing state frequencies so that sum of them equals to 1
190  Q.bird+I+R2   5770.435     10  11560.871    11561.239    11604.989
WARNING: Normalizing state frequencies so that sum of them equals to 1
201  Q.bird+F+G4   5619.638     27  11293.276    11295.879    11412.395
WARNING: Normalizing state frequencies so that sum of them equals to 1
202  Q.bird+F+I+G4 5618.638     28  11293.276    11296.076    11416.807
WARNING: Normalizing state frequencies so that sum of them equals to 1
203  Q.bird+F+R2   5624.818     28  11305.636    11308.436    11429.166
WARNING: Normalizing state frequencies so that sum of them equals to 1
212  Q.bird+F+I+R2 5619.952     29  11297.905    11300.910    11425.848
WARNING: Normalizing state frequencies so that sum of them equals to 1
223  Q.mammal+G4   5766.868     8   11549.736    11549.976    11585.030
WARNING: Normalizing state frequencies so that sum of them equals to 1
224  Q.mammal+I+G4 5765.223     9   11548.447    11548.747    11588.153
WARNING: Normalizing state frequencies so that sum of them equals to 1
225  Q.mammal+R2   5770.667     9   11559.334    11559.634    11599.040
WARNING: Normalizing state frequencies so that sum of them equals to 1
234  Q.mammal+I+R2 5765.871     10  11551.742    11552.110    11595.861
WARNING: Normalizing state frequencies so that sum of them equals to 1
245  Q.mammal+F+G4 5606.441     27  11266.882    11269.484    11386.001
WARNING: Normalizing state frequencies so that sum of them equals to 1
246  Q.mammal+F+I+G4 5605.077     28  11266.154    11268.954    11389.685
WARNING: Normalizing state frequencies so that sum of them equals to 1
247  Q.mammal+F+R2 5608.791     28  11273.581    11276.381    11397.112
WARNING: Normalizing state frequencies so that sum of them equals to 1
256  Q.mammal+F+I+R2 5606.194     29  11270.388    11273.393    11398.330
267  Q.insect+G4   5620.472     8   11256.944    11257.184    11292.238
268  Q.insect+I+G4 5618.031     9   11254.062    11254.362    11293.768
269  Q.insect+R2   5621.739     9   11261.477    11261.778    11301.184
278  Q.insect+I+R2 5618.487     10  11256.974    11257.342    11301.092
289  Q.insect+F+G4 5557.847     27  11169.694    11172.296    11288.813
290  Q.insect+F+I+G4 5555.202     28  11166.404    11169.204    11289.934
291  Q.insect+F+R2 5558.395     28  11172.791    11175.591    11296.322
300  Q.insect+F+I+R2 5555.695     29  11169.391    11172.396    11297.334
WARNING: Normalizing state frequencies so that sum of them equals to 1
311  Q.plant+G4    5691.088     8   11398.176    11398.416    11433.470
WARNING: Normalizing state frequencies so that sum of them equals to 1
312  Q.plant+I+G4  5688.396     9   11394.791    11395.092    11434.498
WARNING: Normalizing state frequencies so that sum of them equals to 1
313  Q.plant+R2    5695.455     9   11408.909    11409.210    11448.615
WARNING: Normalizing state frequencies so that sum of them equals to 1
322  Q.plant+I+R2  5688.884     10  11397.769    11398.137    11441.887
WARNING: Normalizing state frequencies so that sum of them equals to 1
333  Q.plant+F+G4  5580.231     27  11214.461    11217.064    11333.580
WARNING: Normalizing state frequencies so that sum of them equals to 1
334  Q.plant+F+I+G4 5577.646     28  11211.291    11214.091    11334.822
WARNING: Normalizing state frequencies so that sum of them equals to 1
335  Q.plant+F+R2  5584.470     28  11224.939    11227.739    11348.470
WARNING: Normalizing state frequencies so that sum of them equals to 1
344  Q.plant+F+I+R2 5578.343     29  11214.686    11217.692    11342.629
WARNING: Normalizing state frequencies so that sum of them equals to 1
355  Q.yeast+G4    5597.925     8   11211.850    11212.090    11247.145
WARNING: Normalizing state frequencies so that sum of them equals to 1
356  Q.yeast+I+G4  5595.671     9   11209.341    11209.642    11249.048
WARNING: Normalizing state frequencies so that sum of them equals to 1
357  Q.yeast+R2    5600.222     9   11218.445    11218.745    11258.151
WARNING: Normalizing state frequencies so that sum of them equals to 1
366  Q.yeast+I+R2  5596.085     10  11212.169    11212.537    11256.287
WARNING: Normalizing state frequencies so that sum of them equals to 1
377  Q.yeast+F+G4  5541.978     27  11137.956    11140.558    11257.075
WARNING: Normalizing state frequencies so that sum of them equals to 1
378  Q.yeast+F+I+G4 5539.841     28  11135.682    11138.482    11259.213
WARNING: Normalizing state frequencies so that sum of them equals to 1
379  Q.yeast+F+R2  5543.422     28  11142.843    11145.643    11266.374
WARNING: Normalizing state frequencies so that sum of them equals to 1
388  Q.yeast+F+I+R2 5540.345     29  11138.690    11141.695    11266.633
399  JTTDCMut+G4   5700.198     8   11416.397    11416.637    11451.691
400  JTTDCMut+I+G4 5697.338     9   11412.676    11412.976    11452.382
401  JTTDCMut+R2   5700.064     9   11418.127    11418.428    11457.834
410  JTTDCMut+I+R2 5697.576     10  11415.151    11415.519    11459.269
421  JTTDCMut+F+G4 5561.763     27  11177.526    11180.129    11296.645
422  JTTDCMut+F+I+G4 5558.897     28  11173.794    11176.594    11297.324
423  JTTDCMut+F+R2 5560.871     28  11177.741    11180.541    11301.272
432  JTTDCMut+F+I+R2 5559.155     29  11176.310    11179.316    11304.253
443  DCMut+G4      5742.370     8   11500.740    11500.980    11536.035
444  DCMut+I+G4    5738.522     9   11495.044    11495.344    11534.750
445  DCMut+R2      5743.255     9   11504.510    11504.810    11544.216
454  DCMut+I+R2    5738.700     10  11497.400    11497.768    11541.518
465  DCMut+F+G4    5574.791     27  11203.582    11206.185    11322.701
466  DCMut+F+I+G4  5570.889     28  11197.778    11200.578    11321.309
467  DCMut+F+R2    5574.534     28  11205.068    11207.868    11328.599
476  DCMut+F+I+R2  5571.179     29  11200.359    11203.364    11328.301
487  VT+G4         5655.606     8   11327.211    11327.451    11362.506
488  VT+I+G4       5652.232     9   11322.464    11322.764    11362.170
489  VT+R2         5653.615     9   11325.230    11325.531    11364.936
498  VT+I+R2       5652.334     10  11324.667    11325.035    11368.785
509  VT+F+G4       5545.139     27  11144.277    11146.880    11263.396
510  VT+F+I+G4     5541.770     28  11139.541    11142.341    11263.071
511  VT+F+R2       5542.549     28  11141.098    11143.898    11264.629
520  VT+F+I+R2     5541.847     29  11141.694    11144.699    11269.637
531  PMB+G4        5694.410     8   11404.820    11405.060    11440.114
532  PMB+I+G4      5691.532     9   11401.064    11401.365    11440.771
533  PMB+R2        5692.903     9   11403.806    11404.106    11443.512
542  PMB+I+R2      5691.585     10  11403.170    11403.538    11447.289
553  PMB+F+G4      5564.403     27  11182.805    11185.407    11301.924
554  PMB+F+I+G4    5561.970     28  11179.940    11182.740    11303.471
555  PMB+F+R2      5562.920     28  11181.840    11184.640    11305.371
564  PMB+F+I+R2    5561.956     29  11181.912    11184.917    11309.855
575  Blosum62+G4   5664.191     8   11344.381    11344.621    11379.676
576  Blosum62+I+G4 5661.172     9   11340.343    11340.644    11380.050
577  Blosum62+R2   5663.010     9   11344.019    11344.320    11383.726
586  Blosum62+I+R2 5661.190     10  11342.379    11342.747    11386.498
597  Blosum62+F+G4 5553.819     27  11161.638    11164.241    11280.757
598  Blosum62+F+I+G4 5551.001     28  11158.001    11160.801    11281.532
599  Blosum62+F+R2 5552.667     28  11161.335    11164.135    11284.865
608  Blosum62+F+I+R2 5550.980     29  11159.959    11162.964    11287.902
619  Dayhoff+G4    5742.334     8   11500.668    11500.908    11535.962
620  Dayhoff+I+G4  5738.508     9   11495.016    11495.316    11534.722
621  Dayhoff+R2    5743.278     9   11504.555    11504.856    11544.262
630  Dayhoff+I+R2  5738.660     10  11497.320    11497.688    11541.438
641  Dayhoff+F+G4  5574.624     27  11203.248    11205.850    11322.367
642  Dayhoff+F+I+G4 5570.707     28  11197.415    11200.215    11320.946
643  Dayhoff+F+R2  5574.415     28  11204.829    11207.629    11328.360
652  Dayhoff+F+I+R2 5570.998     29  11199.996    11203.001    11327.938
663  mtREV+G4      5911.078     8   11838.156    11838.396    11873.451
664  mtREV+I+G4    5906.786     9   11831.571    11831.872    11871.278
665  mtREV+R2      5910.157     9   11838.313    11838.614    11878.020
674  mtREV+I+R2    5907.673     10  11835.346    11835.714    11879.464
685  mtREV+F+G4    5597.737     27  11249.475    11252.077    11368.594
686  mtREV+F+I+G4  5593.916     28  11243.833    11246.633    11367.364
687  mtREV+F+R2    5601.133     28  11258.265    11261.065    11381.796
696  mtREV+F+I+R2  5594.352     29  11246.705    11249.710    11374.648
707  mtART+G4      5957.272     8   11930.545    11930.785    11965.839
708  mtART+I+G4    5955.407     9   11928.815    11929.115    11968.521
709  mtART+R2      5967.715     9   11953.430    11953.730    11993.136
718  mtART+I+R2    5961.782     10  11943.564    11943.931    11987.682
729  mtART+F+G4    5613.050     27  11280.100    11282.703    11399.219
730  mtART+F+I+G4  5612.577     28  11281.154    11283.954    11404.685
731  mtART+F+R2    5627.728     28  11311.455    11314.255    11434.986
740  mtART+F+I+R2  5611.294     29  11280.588    11283.593    11408.531
751  mtZOA+G4      5924.987     8   11865.974    11866.214    11901.269
752  mtZOA+I+G4    5922.239     9   11862.478    11862.779    11902.185
753  mtZOA+R2      5928.717     9   11875.434    11875.735    11915.140
762  mtZOA+I+R2    5925.362     10  11870.724    11871.092    11914.842
773  mtZOA+F+G4    5580.369     27  11214.738    11217.340    11333.857
774  mtZOA+F+I+G4  5579.253     28  11214.505    11217.305    11338.036
775  mtZOA+F+R2    5588.766     28  11233.531    11236.331    11357.062
784  mtZOA+F+I+R2  5580.137     29  11218.275    11221.280    11346.218
795  mtMet+G4      5851.193     8   11718.386    11718.626    11753.680
796  mtMet+I+G4    5848.697     9   11715.395    11715.695    11755.101
797  mtMet+R2      5847.860     9   11713.721    11714.021    11753.427
806  mtMet+I+R2    5847.342     10  11714.683    11715.051    11758.802
817  mtMet+F+G4    5594.107     27  11242.213    11244.815    11361.332
818  mtMet+F+I+G4  5592.784     28  11241.568    11244.368    11365.098
819  mtMet+F+R2    5598.578     28  11253.156    11255.956    11376.687
828  mtMet+F+I+R2  5593.756     29  11245.511    11248.516    11373.454
839  mtVer+G4      5955.712     8   11927.423    11927.663    11962.718
840  mtVer+I+G4    5954.047     9   11926.094    11926.395    11965.801
841  mtVer+R2      5952.166     9   11922.332    11922.633    11962.039
850  mtVer+I+R2    5951.914     10  11923.828    11924.196    11967.946
861  mtVer+F+G4    5636.257     27  11326.513    11329.116    11445.632
862  mtVer+F+I+G4  5635.211     28  11326.422    11329.222    11449.953
863  mtVer+F+R2    5646.064     28  11348.128    11350.928    11471.658
872  mtVer+F+I+R2  5637.837     29  11333.674    11336.679    11461.617
883  mtInv+G4      5874.716     8   11765.432    11765.672    11800.726
884  mtInv+I+G4    5871.716     9   11761.432    11761.732    11801.138
885  mtInv+R2      5870.887     9   11759.775    11760.075    11799.481
894  mtInv+I+R2    5870.435     10  11760.869    11761.237    11804.988
905  mtInv+F+G4    5573.760     27  11201.520    11204.123    11320.640
906  mtInv+F+I+G4  5572.100     28  11200.200    11203.000    11323.731
907  mtInv+F+R2    5576.509     28  11209.017    11211.817    11332.548
916  mtInv+F+I+R2  5572.442     29  11202.884    11205.889    11330.827
927  mtMAM+G4      5967.270     8   11950.539    11950.779    11985.834
928  mtMAM+I+G4    5965.435     9   11948.870    11949.171    11988.576
929  mtMAM+R2      5970.729     9   11959.459    11959.759    11999.165
938  mtMAM+I+R2    5967.930     10  11955.859    11956.227    11999.978
949  mtMAM+F+G4    5644.462     27  11342.923    11345.525    11462.042
950  mtMAM+F+I+G4  5643.237     28  11342.473    11345.273    11466.004
951  mtMAM+F+R2    5658.913     28  11373.825    11376.625    11497.356
960  mtMAM+F+I+R2  5647.086     29  11352.173    11355.178    11480.115
WARNING: Normalizing state frequencies so that sum of them equals to 1
971  FLAVI+G4      5883.842     8   11783.685    11783.925    11818.979
WARNING: Normalizing state frequencies so that sum of them equals to 1
972  FLAVI+I+G4    5882.976     9   11783.951    11784.252    11823.657
WARNING: Normalizing state frequencies so that sum of them equals to 1
973  FLAVI+R2      5892.316     9   11802.632    11802.932    11842.338
WARNING: Normalizing state frequencies so that sum of them equals to 1
982  FLAVI+I+R2    5887.321     10  11794.642    11795.010    11838.760
WARNING: Normalizing state frequencies so that sum of them equals to 1
993  FLAVI+F+G4    5681.784     27  11417.568    11420.170    11536.687
WARNING: Normalizing state frequencies so that sum of them equals to 1
994  FLAVI+F+I+G4  5681.706     28  11419.412    11422.212    11542.943
WARNING: Normalizing state frequencies so that sum of them equals to 1
995  FLAVI+F+R2    5693.603     28  11443.206    11446.006    11566.737
WARNING: Normalizing state frequencies so that sum of them equals to 1
1004  FLAVI+F+I+R2  5684.944     29  11427.889    11430.894    11555.832
1015  HIVb+G4       5771.527     8   11559.054    11559.294    11594.348
1016  HIVb+I+G4     5769.284     9   11556.567    11556.868    11596.273
1017  HIVb+R2       5776.828     9   11571.655    11571.956    11611.362
1026  HIVb+I+R2     5769.519     10  11559.038    11559.405    11603.156
1037  HIVb+F+G4     5626.083     27  11306.167    11308.769    11425.286
1038  HIVb+F+I+G4   5623.490     28  11302.980    11305.780    11426.511
1039  HIVb+F+R2     5632.428     28  11320.856    11323.656    11444.387
1048  HIVb+F+I+R2   5623.598     29  11305.197    11308.202    11433.139
1059  HIVw+G4       5833.465     8   11682.929    11683.169    11718.224
1060  HIVw+I+G4     5832.870     9   11683.740    11684.040    11723.446
1061  HIVw+R2       5845.122     9   11708.244    11708.545    11747.951
1070  HIVw+I+R2     5832.969     10  11685.937    11686.305    11730.055
1081  HIVw+F+G4     5677.602     27  11409.204    11411.806    11528.323
1082  HIVw+F+I+G4   5676.431     28  11408.861    11411.661    11532.392
1083  HIVw+F+R2     5688.382     28  11432.763    11435.563    11556.294
1092  HIVw+F+I+R2   5674.769     29  11407.537    11410.542    11535.480
1103  FLU+G4        5737.908     8   11491.816    11492.056    11527.111
1104  FLU+I+G4      5735.975     9   11489.950    11490.251    11529.657
1105  FLU+R2        5743.731     9   11505.462    11505.762    11545.168
1114  FLU+I+R2      5735.463     10  11490.927    11491.295    11535.045
1125  FLU+F+G4      5628.739     27  11311.478    11314.081    11430.597
1126  FLU+F+I+G4    5627.447     28  11310.893    11313.693    11434.424
1127  FLU+F+R2      5634.052     28  11324.103    11326.903    11447.634
1136  FLU+F+I+R2    5628.493     29  11314.987    11317.992    11442.930
1147  rtREV+G4      5677.297     8   11370.595    11370.835    11405.890
1148  rtREV+I+G4    5674.779     9   11367.557    11367.858    11407.264
1149  rtREV+R2      5677.925     9   11373.850    11374.151    11413.557
1158  rtREV+I+R2    5675.033     10  11370.066    11370.434    11414.184
1169  rtREV+F+G4    5546.410     27  11146.820    11149.422    11265.939
1170  rtREV+F+I+G4  5544.053     28  11144.106    11146.906    11267.637
1171  rtREV+F+R2    5547.251     28  11150.502    11153.302    11274.033
1180  rtREV+F+I+R2  5544.485     29  11146.971    11149.976    11274.913
1191  cpREV+G4      5683.312     8   11382.623    11382.863    11417.918
1192  cpREV+I+G4    5680.724     9   11379.448    11379.748    11419.154
1193  cpREV+R2      5682.495     9   11382.991    11383.291    11422.697
1202  cpREV+I+R2    5680.919     10  11381.839    11382.206    11425.957
1213  cpREV+F+G4    5558.393     27  11170.785    11173.388    11289.904
1214  cpREV+F+I+G4  5555.392     28  11166.784    11169.584    11290.315
1215  cpREV+F+R2    5558.358     28  11172.717    11175.517    11296.247
1224  cpREV+F+I+R2  5555.364     29  11168.728    11171.733    11296.671
Akaike Information Criterion:           LG+F+I+G4
Corrected Akaike Information Criterion: LG+F+I+G4
Bayesian Information Criterion:         Q.yeast+G4
Best-fit model: Q.yeast+G4 chosen according to BIC

All model information printed to ./orthofinder/Results_Jul15/WorkingDirectory/Alignments_ids/OG0000194.model.gz
CPU time for ModelFinder: 8.997 seconds (0h:0m:8s)
Wall-clock time for ModelFinder: 24.809 seconds (0h:0m:24s)
WARNING: Normalizing state frequencies so that sum of them equals to 1

NOTE: 1 MB RAM (0 GB) is required!
Estimate model parameters (epsilon = 0.100)
1. Initial log-likelihood: -5597.925
Optimal log-likelihood: -5597.923
Gamma shape alpha: 1.142
Parameters optimization took 1 rounds (0.006 sec)
Wrote distance file to... 
Computing ML distances based on estimated model parameters...
Calculating distance matrix: done in 0.001405 secs using 100.1% CPU
Computing ML distances took 0.001447 sec (of wall-clock time) 0.001447 sec (of CPU time)
Setting up auxiliary I and S matrices: done in 3.29018e-05 secs using 206.7% CPU
Constructing RapidNJ tree: done in 2.00272e-05 secs using 204.7% CPU
Computing RapidNJ tree took 0.000093 sec (of wall-clock time) 0.000182 sec (of CPU time)
Log-likelihood of RapidNJ tree: -5597.923
--------------------------------------------------------------------
|             INITIALIZING CANDIDATE TREE SET                      |
--------------------------------------------------------------------
Generating 99 parsimony trees... 0.060 second
Computing log-likelihood of 4 initial trees ... 0.008 seconds
Current best score: -5597.923

Do NNI search on 5 best initial trees
Optimizing NNI: done in 0.0250299 secs using 52.76% CPU
Optimizing NNI: done in 0.0313261 secs using 65.4% CPU
Optimizing NNI: done in 0.0342562 secs using 60.26% CPU
Optimizing NNI: done in 0.020858 secs using 58.93% CPU
Optimizing NNI: done in 0.02529 secs using 47.88% CPU
Finish initializing candidate tree set (5)
Current best tree score: -5597.923 / CPU time: 0.226
Number of iterations: 5
--------------------------------------------------------------------
|               OPTIMIZING CANDIDATE TREE SET                      |
--------------------------------------------------------------------
Optimizing NNI: done in 0.0115111 secs using 99.23% CPU
Optimizing NNI: done in 0.061522 secs using 28.16% CPU
Optimizing NNI: done in 0.0259619 secs using 70.27% CPU
Optimizing NNI: done in 0.0303252 secs using 38.99% CPU
Optimizing NNI: done in 0.0553219 secs using 34.11% CPU
Iteration 10 / LogL: -5602.555 / Time: 0h:0m:0s
Optimizing NNI: done in 0.042706 secs using 43.89% CPU
Optimizing NNI: done in 0.0392451 secs using 47.95% CPU
Optimizing NNI: done in 0.0195818 secs using 97.17% CPU
Optimizing NNI: done in 0.0284641 secs using 63.6% CPU
Optimizing NNI: done in 0.03688 secs using 48.27% CPU
Optimizing NNI: done in 0.0501089 secs using 36.12% CPU
Optimizing NNI: done in 0.0270321 secs using 43.12% CPU
Optimizing NNI: done in 0.0384569 secs using 48.04% CPU
Optimizing NNI: done in 0.0274229 secs using 41.64% CPU
Optimizing NNI: done in 0.0113249 secs using 99.99% CPU
Iteration 20 / LogL: -5598.656 / Time: 0h:0m:0s
Optimizing NNI: done in 0.028115 secs using 66.78% CPU
Optimizing NNI: done in 0.0271649 secs using 42.54% CPU
Optimizing NNI: done in 0.035234 secs using 52.13% CPU
Optimizing NNI: done in 0.0123498 secs using 95.68% CPU
Optimizing NNI: done in 0.0560141 secs using 33.05% CPU
Optimizing NNI: done in 0.0174849 secs using 65.93% CPU
Optimizing NNI: done in 0.024049 secs using 48.04% CPU
Optimizing NNI: done in 0.0153611 secs using 70.01% CPU
Optimizing NNI: done in 0.0316491 secs using 36.8% CPU
Optimizing NNI: done in 0.0345609 secs using 53.7% CPU
Iteration 30 / LogL: -5598.547 / Time: 0h:0m:1s (0h:0m:3s left)
Optimizing NNI: done in 0.0187671 secs using 59.95% CPU
UPDATE BEST LOG-LIKELIHOOD: -5597.923
Optimizing NNI: done in 0.018868 secs using 97.33% CPU
Optimizing NNI: done in 0.0342469 secs using 53.26% CPU
Optimizing NNI: done in 0.027339 secs using 41.49% CPU
Optimizing NNI: done in 0.042455 secs using 43.44% CPU
Optimizing NNI: done in 0.0466239 secs using 25.14% CPU
Optimizing NNI: done in 0.01424 secs using 77.97% CPU
Optimizing NNI: done in 0.0178511 secs using 99.44% CPU
Optimizing NNI: done in 0.02016 secs using 55.08% CPU
Optimizing NNI: done in 0.04668 secs using 38.07% CPU
Iteration 40 / LogL: -5598.534 / Time: 0h:0m:1s (0h:0m:2s left)
Optimizing NNI: done in 0.032696 secs using 54.42% CPU
Optimizing NNI: done in 0.041419 secs using 42.03% CPU
Optimizing NNI: done in 0.026716 secs using 40.1% CPU
Optimizing NNI: done in 0.033468 secs using 52.22% CPU
Optimizing NNI: done in 0.0333419 secs using 52% CPU
Optimizing NNI: done in 0.035465 secs using 32.36% CPU
Optimizing NNI: done in 0.0241508 secs using 45.44% CPU
Optimizing NNI: done in 0.019069 secs using 55.24% CPU
Optimizing NNI: done in 0.030818 secs using 59.12% CPU
Optimizing NNI: done in 0.0354381 secs using 32.24% CPU
UPDATE BEST LOG-LIKELIHOOD: -5597.923
Iteration 50 / LogL: -5597.923 / Time: 0h:0m:1s (0h:0m:1s left)
Optimizing NNI: done in 0.0345528 secs using 53.72% CPU
Optimizing NNI: done in 0.011585 secs using 99.91% CPU
Optimizing NNI: done in 0.033622 secs using 52.4% CPU
Optimizing NNI: done in 0.056756 secs using 33.13% CPU
Optimizing NNI: done in 0.0186241 secs using 98.44% CPU
Optimizing NNI: done in 0.0116 secs using 96.75% CPU
Optimizing NNI: done in 0.0398481 secs using 37.11% CPU
Optimizing NNI: done in 0.03409 secs using 52.88% CPU
Optimizing NNI: done in 0.022975 secs using 47.73% CPU
Optimizing NNI: done in 0.0335789 secs using 53.38% CPU
Iteration 60 / LogL: -5598.649 / Time: 0h:0m:2s (0h:0m:1s left)
Optimizing NNI: done in 0.0341511 secs using 53.12% CPU
Optimizing NNI: done in 0.0271201 secs using 40.97% CPU
UPDATE BEST LOG-LIKELIHOOD: -5597.923
Optimizing NNI: done in 0.0113521 secs using 99.48% CPU
Optimizing NNI: done in 0.03372 secs using 52.53% CPU
Optimizing NNI: done in 0.0343869 secs using 53.29% CPU
Optimizing NNI: done in 0.027792 secs using 42.54% CPU
Optimizing NNI: done in 0.011523 secs using 99.99% CPU
UPDATE BEST LOG-LIKELIHOOD: -5597.923
Optimizing NNI: done in 0.0349391 secs using 54.2% CPU
Optimizing NNI: done in 0.0341148 secs using 53.87% CPU
Optimizing NNI: done in 0.029423 secs using 60.1% CPU
Iteration 70 / LogL: -5598.534 / Time: 0h:0m:2s (0h:0m:1s left)
Optimizing NNI: done in 0.0269079 secs using 40.61% CPU
Optimizing NNI: done in 0.0120101 secs using 99.97% CPU
Optimizing NNI: done in 0.0196519 secs using 59.67% CPU
Optimizing NNI: done in 0.0424271 secs using 43.43% CPU
Optimizing NNI: done in 0.049664 secs using 37.66% CPU
Optimizing NNI: done in 0.0231571 secs using 75.87% CPU
Optimizing NNI: done in 0.012501 secs using 94.53% CPU
Optimizing NNI: done in 0.0180621 secs using 99.41% CPU
Optimizing NNI: done in 0.0143969 secs using 82.11% CPU
Optimizing NNI: done in 0.0383749 secs using 48.09% CPU
Iteration 80 / LogL: -5601.526 / Time: 0h:0m:2s (0h:0m:0s left)
Optimizing NNI: done in 0.043637 secs using 24.37% CPU
UPDATE BEST LOG-LIKELIHOOD: -5597.923
Optimizing NNI: done in 0.0278718 secs using 64.82% CPU
Optimizing NNI: done in 0.037091 secs using 49.74% CPU
Optimizing NNI: done in 0.0271001 secs using 42.23% CPU
Optimizing NNI: done in 0.015033 secs using 78.56% CPU
Optimizing NNI: done in 0.0280499 secs using 61.46% CPU
Optimizing NNI: done in 0.0456851 secs using 39.28% CPU
Optimizing NNI: done in 0.03088 secs using 59.79% CPU
Optimizing NNI: done in 0.0226929 secs using 50.59% CPU
Optimizing NNI: done in 0.0588109 secs using 31.49% CPU
Iteration 90 / LogL: -5603.645 / Time: 0h:0m:3s (0h:0m:0s left)
Optimizing NNI: done in 0.0113399 secs using 99.9% CPU
Optimizing NNI: done in 0.0269542 secs using 40.66% CPU
Optimizing NNI: done in 0.0332549 secs using 51.73% CPU
Optimizing NNI: done in 0.0338259 secs using 52.72% CPU
Optimizing NNI: done in 0.0267441 secs using 40.14% CPU
UPDATE BEST LOG-LIKELIHOOD: -5597.923
Optimizing NNI: done in 0.01756 secs using 99.87% CPU
Optimizing NNI: done in 0.046921 secs using 37.12% CPU
Optimizing NNI: done in 0.014811 secs using 74.94% CPU
Optimizing NNI: done in 0.0312781 secs using 35.92% CPU
Optimizing NNI: done in 0.0321109 secs using 34.71% CPU
Iteration 100 / LogL: -5598.656 / Time: 0h:0m:3s (0h:0m:0s left)
Optimizing NNI: done in 0.03036 secs using 57.46% CPU
TREE SEARCH COMPLETED AFTER 101 ITERATIONS / Time: 0h:0m:3s

--------------------------------------------------------------------
|                    FINALIZING TREE SEARCH                        |
--------------------------------------------------------------------
Performs final model parameters optimization
Estimate model parameters (epsilon = 0.010)
1. Initial log-likelihood: -5597.923
Optimal log-likelihood: -5597.922
Gamma shape alpha: 1.139
Parameters optimization took 1 rounds (0.026 sec)
BEST SCORE FOUND : -5597.922
Total tree length: 6.582

Total number of iterations: 101
CPU time used for tree search: 1.630 sec (0h:0m:1s)
Wall-clock time used for tree search: 3.373 sec (0h:0m:3s)
Total CPU time used: 1.685 sec (0h:0m:1s)
Total wall-clock time used: 3.592 sec (0h:0m:3s)

Analysis results written to: 
  IQ-TREE report:                ./orthofinder/Results_Jul15/WorkingDirectory/Alignments_ids/OG0000194.iqtree
  Maximum-likelihood tree:       ./orthofinder/Results_Jul15/WorkingDirectory/Alignments_ids/OG0000194.treefile
  Likelihood distances:          ./orthofinder/Results_Jul15/WorkingDirectory/Alignments_ids/OG0000194.mldist
  Screen log file:               ./orthofinder/Results_Jul15/WorkingDirectory/Alignments_ids/OG0000194.log

Date and Time: Mon Jul 15 11:05:42 2024
