IQ-TREE multicore version 2.2.0.5 COVID-edition for Linux 64-bit built Sep 26 2022
Developed by Bui Quang Minh, James Barbetti, Nguyen Lam Tung,
Olga Chernomor, Heiko Schmidt, Dominik Schrempf, Michael Woodhams, Ly Trong Nhan.

Host:    c046 (AVX2, FMA3, 503 GB RAM)
Command: iqtree -s ./orthofinder/Results_Jul15/WorkingDirectory/Alignments_ids/OG0000289.fa -pre ./orthofinder/Results_Jul15/WorkingDirectory/Alignments_ids/OG0000289
Seed:    631046 (Using SPRNG - Scalable Parallel Random Number Generator)
Time:    Mon Jul 15 11:05:40 2024
Kernel:  AVX+FMA - 1 threads (24 CPU cores detected)

HINT: Use -nt option to specify number of threads because your CPU has 24 cores!
HINT: -nt AUTO will automatically determine the best number of threads to use.

Reading alignment file ./orthofinder/Results_Jul15/WorkingDirectory/Alignments_ids/OG0000289.fa ... Fasta format detected
Reading fasta file: done in 8.89301e-05 secs
Alignment most likely contains protein sequences
Constructing alignment: done in 7.10487e-05 secs
Alignment has 3 sequences with 155 columns, 121 distinct patterns
0 parsimony-informative, 103 singleton sites, 52 constant sites
       Gap/Ambiguity  Composition  p-value
Analyzing sequences: done in 3.09944e-06 secs
   1  0_82    14.19%    passed     92.40%
   2  1_158   18.06%    passed     90.96%
   3  2_205    5.16%    passed     87.24%
****  TOTAL   12.47%  0 sequences failed composition chi2 test (p-value<5%; df=19)
Checking for duplicate sequences: done in 5.96046e-06 secs


Create initial parsimony tree by phylogenetic likelihood library (PLL)... 0.000 seconds
Perform fast likelihood tree search using LG+I+G model...
Estimate model parameters (epsilon = 5.000)
Perform nearest neighbor interchange...
Optimizing NNI: done in 1.50204e-05 secs using 46.6% CPU
Estimate model parameters (epsilon = 1.000)
1. Initial log-likelihood: -996.155
Optimal log-likelihood: -995.864
Proportion of invariable sites: 0.123
Gamma shape alpha: 2.875
Parameters optimization took 1 rounds (0.001 sec)
Time for fast ML tree search: 0.004 seconds

NOTE: ModelFinder requires 0 MB RAM!
ModelFinder will test up to 1232 protein models (sample size: 155) ...
 No. Model         -LnL         df  AIC          AICc         BIC
  1  LG            1001.962     3   2009.925     2010.084     2019.055
  2  LG+I          996.192      4   2000.383     2000.650     2012.557
  3  LG+G4         995.765      4   1999.530     1999.797     2011.704
  4  LG+I+G4       995.719      5   2001.437     2001.840     2016.654
  5  LG+R2         995.763      5   2001.525     2001.928     2016.742
  6  LG+R3         995.458      7   2004.915     2005.677     2026.219
 14  LG+I+R2       995.678      6   2003.356     2003.924     2021.617
 15  LG+I+R3       995.627      8   2007.254     2008.241     2031.602
 23  LG+F          979.711      22  2003.423     2011.089     2070.378
 24  LG+F+I        973.174      23  1992.349     2000.776     2062.348
 25  LG+F+G4       973.542      23  1993.085     2001.512     2063.083
 26  LG+F+I+G4     973.022      24  1994.044     2003.275     2067.086
 27  LG+F+R2       973.762      24  1995.524     2004.754     2068.566
 36  LG+F+I+R2     973.057      25  1996.113     2006.191     2072.199
 45  WAG           1010.292     3   2026.584     2026.743     2035.714
 46  WAG+I         1007.411     4   2022.822     2023.089     2034.996
 47  WAG+G4        1007.744     4   2023.488     2023.755     2035.662
 48  WAG+I+G4      1007.414     5   2024.827     2025.230     2040.045
 49  WAG+R2        1007.750     5   2025.500     2025.902     2040.717
 58  WAG+I+R2      1007.433     6   2026.867     2027.434     2045.127
 67  WAG+F         979.397      22  2002.793     2010.460     2069.749
 68  WAG+F+I       975.442      23  1996.883     2005.311     2066.882
 69  WAG+F+G4      976.037      23  1998.074     2006.502     2068.073
 70  WAG+F+I+G4    975.485      24  1998.970     2008.201     2072.012
 71  WAG+F+R2      976.228      24  2000.456     2009.686     2073.498
 80  WAG+F+I+R2    975.526      25  2001.051     2011.129     2077.137
 89  JTT           1014.516     3   2035.032     2035.191     2044.162
 90  JTT+I         1008.427     4   2024.854     2025.121     2037.028
 91  JTT+G4        1008.407     4   2024.814     2025.081     2036.988
 92  JTT+I+G4      1008.092     5   2026.184     2026.587     2041.401
 93  JTT+R2        1008.485     5   2026.970     2027.373     2042.187
102  JTT+I+R2      1008.067     6   2028.133     2028.701     2046.394
111  JTT+F         984.822      22  2013.644     2021.311     2080.599
112  JTT+F+I       977.436      23  2000.872     2009.300     2070.871
113  JTT+F+G4      978.546      23  2003.091     2011.519     2073.090
114  JTT+F+I+G4    977.441      24  2002.881     2012.112     2075.923
115  JTT+F+R2      978.471      24  2004.942     2014.173     2077.985
124  JTT+F+I+R2    977.480      25  2004.959     2015.037     2081.045
WARNING: Normalizing state frequencies so that sum of them equals to 1
133  Q.pfam        1004.181     3   2014.361     2014.520     2023.492
WARNING: Normalizing state frequencies so that sum of them equals to 1
134  Q.pfam+I      998.349      4   2004.698     2004.965     2016.872
WARNING: Normalizing state frequencies so that sum of them equals to 1
135  Q.pfam+G4     998.045      4   2004.090     2004.357     2016.264
WARNING: Normalizing state frequencies so that sum of them equals to 1
136  Q.pfam+I+G4   997.912      5   2005.824     2006.227     2021.041
WARNING: Normalizing state frequencies so that sum of them equals to 1
137  Q.pfam+R2     997.976      5   2005.951     2006.354     2021.168
WARNING: Normalizing state frequencies so that sum of them equals to 1
146  Q.pfam+I+R2   997.861      6   2007.721     2008.289     2025.982
WARNING: Normalizing state frequencies so that sum of them equals to 1
155  Q.pfam+F      979.447      22  2002.894     2010.560     2069.849
WARNING: Normalizing state frequencies so that sum of them equals to 1
156  Q.pfam+F+I    972.859      23  1991.718     2000.145     2061.717
WARNING: Normalizing state frequencies so that sum of them equals to 1
157  Q.pfam+F+G4   973.456      23  1992.912     2001.340     2062.911
WARNING: Normalizing state frequencies so that sum of them equals to 1
158  Q.pfam+F+I+G4 972.778      24  1993.556     2002.787     2066.598
WARNING: Normalizing state frequencies so that sum of them equals to 1
159  Q.pfam+F+R2   973.385      24  1994.771     2004.001     2067.813
WARNING: Normalizing state frequencies so that sum of them equals to 1
168  Q.pfam+F+I+R2 972.826      25  1995.652     2005.730     2071.738
WARNING: Normalizing state frequencies so that sum of them equals to 1
177  Q.bird        1025.742     3   2057.484     2057.643     2066.614
WARNING: Normalizing state frequencies so that sum of them equals to 1
178  Q.bird+I      1012.473     4   2032.945     2033.212     2045.119
WARNING: Normalizing state frequencies so that sum of them equals to 1
179  Q.bird+G4     1010.212     4   2028.424     2028.691     2040.598
WARNING: Normalizing state frequencies so that sum of them equals to 1
180  Q.bird+I+G4   1010.012     5   2030.023     2030.426     2045.240
WARNING: Normalizing state frequencies so that sum of them equals to 1
181  Q.bird+R2     1009.885     5   2029.770     2030.173     2044.987
WARNING: Normalizing state frequencies so that sum of them equals to 1
190  Q.bird+I+R2   1010.098     6   2032.196     2032.763     2050.456
WARNING: Normalizing state frequencies so that sum of them equals to 1
199  Q.bird+F      995.920      22  2035.840     2043.507     2102.795
WARNING: Normalizing state frequencies so that sum of them equals to 1
200  Q.bird+F+I    981.111      23  2008.222     2016.650     2078.221
WARNING: Normalizing state frequencies so that sum of them equals to 1
201  Q.bird+F+G4   981.729      23  2009.457     2017.885     2079.456
WARNING: Normalizing state frequencies so that sum of them equals to 1
202  Q.bird+F+I+G4 980.497      24  2008.995     2018.226     2082.037
WARNING: Normalizing state frequencies so that sum of them equals to 1
203  Q.bird+F+R2   980.198      24  2008.397     2017.628     2081.439
WARNING: Normalizing state frequencies so that sum of them equals to 1
212  Q.bird+F+I+R2 980.575      25  2011.151     2021.228     2087.236
WARNING: Normalizing state frequencies so that sum of them equals to 1
221  Q.mammal      1024.074     3   2054.149     2054.308     2063.279
WARNING: Normalizing state frequencies so that sum of them equals to 1
222  Q.mammal+I    1013.164     4   2034.328     2034.595     2046.502
WARNING: Normalizing state frequencies so that sum of them equals to 1
223  Q.mammal+G4   1011.406     4   2030.812     2031.079     2042.986
WARNING: Normalizing state frequencies so that sum of them equals to 1
224  Q.mammal+I+G4 1011.246     5   2032.491     2032.894     2047.709
WARNING: Normalizing state frequencies so that sum of them equals to 1
225  Q.mammal+R2   1011.208     5   2032.417     2032.820     2047.634
WARNING: Normalizing state frequencies so that sum of them equals to 1
234  Q.mammal+I+R2 1011.207     6   2034.415     2034.982     2052.675
WARNING: Normalizing state frequencies so that sum of them equals to 1
243  Q.mammal+F    992.201      22  2028.402     2036.069     2095.357
WARNING: Normalizing state frequencies so that sum of them equals to 1
244  Q.mammal+F+I  980.055      23  2006.110     2014.537     2076.109
WARNING: Normalizing state frequencies so that sum of them equals to 1
245  Q.mammal+F+G4 980.978      23  2007.956     2016.384     2077.955
WARNING: Normalizing state frequencies so that sum of them equals to 1
246  Q.mammal+F+I+G4 979.728      24  2007.457     2016.688     2080.499
WARNING: Normalizing state frequencies so that sum of them equals to 1
247  Q.mammal+F+R2 979.489      24  2006.978     2016.209     2080.020
WARNING: Normalizing state frequencies so that sum of them equals to 1
256  Q.mammal+F+I+R2 979.786      25  2009.572     2019.650     2085.658
265  Q.insect      999.696      3   2005.392     2005.551     2014.522
266  Q.insect+I    991.184      4   1990.368     1990.635     2002.542
267  Q.insect+G4   991.159      4   1990.318     1990.584     2002.491
268  Q.insect+I+G4 990.656      5   1991.312     1991.715     2006.529
269  Q.insect+R2   990.421      5   1990.842     1991.245     2006.059
278  Q.insect+I+R2 990.699      6   1993.398     1993.966     2011.659
287  Q.insect+F    984.086      22  2012.173     2019.840     2079.128
288  Q.insect+F+I  975.298      23  1996.596     2005.024     2066.595
289  Q.insect+F+G4 976.450      23  1998.900     2007.328     2068.899
290  Q.insect+F+I+G4 975.319      24  1998.638     2007.869     2071.681
291  Q.insect+F+R2 975.307      24  1998.614     2007.845     2071.657
300  Q.insect+F+I+R2 975.333      25  2000.665     2010.743     2076.751
WARNING: Normalizing state frequencies so that sum of them equals to 1
309  Q.plant       1013.039     3   2032.078     2032.237     2041.208
WARNING: Normalizing state frequencies so that sum of them equals to 1
310  Q.plant+I     1002.470     4   2012.939     2013.206     2025.113
WARNING: Normalizing state frequencies so that sum of them equals to 1
311  Q.plant+G4    1000.517     4   2009.034     2009.301     2021.208
WARNING: Normalizing state frequencies so that sum of them equals to 1
312  Q.plant+I+G4  1000.384     5   2010.768     2011.171     2025.985
WARNING: Normalizing state frequencies so that sum of them equals to 1
313  Q.plant+R2    1000.391     5   2010.782     2011.184     2025.999
WARNING: Normalizing state frequencies so that sum of them equals to 1
322  Q.plant+I+R2  1000.422     6   2012.844     2013.412     2031.105
WARNING: Normalizing state frequencies so that sum of them equals to 1
331  Q.plant+F     988.853      22  2021.707     2029.373     2088.662
WARNING: Normalizing state frequencies so that sum of them equals to 1
332  Q.plant+F+I   978.015      23  2002.030     2010.457     2072.029
WARNING: Normalizing state frequencies so that sum of them equals to 1
333  Q.plant+F+G4  977.689      23  2001.378     2009.805     2071.376
WARNING: Normalizing state frequencies so that sum of them equals to 1
334  Q.plant+F+I+G4 977.046      24  2002.092     2011.323     2075.135
WARNING: Normalizing state frequencies so that sum of them equals to 1
335  Q.plant+F+R2  977.238      24  2002.475     2011.706     2075.518
WARNING: Normalizing state frequencies so that sum of them equals to 1
344  Q.plant+F+I+R2 977.078      25  2004.155     2014.233     2080.241
WARNING: Normalizing state frequencies so that sum of them equals to 1
353  Q.yeast       995.369      3   1996.738     1996.897     2005.868
WARNING: Normalizing state frequencies so that sum of them equals to 1
354  Q.yeast+I     986.225      4   1980.450     1980.717     1992.624
WARNING: Normalizing state frequencies so that sum of them equals to 1
355  Q.yeast+G4    986.348      4   1980.695     1980.962     1992.869
WARNING: Normalizing state frequencies so that sum of them equals to 1
356  Q.yeast+I+G4  985.780      5   1981.559     1981.962     1996.776
WARNING: Normalizing state frequencies so that sum of them equals to 1
357  Q.yeast+R2    985.797      5   1981.595     1981.998     1996.812
WARNING: Normalizing state frequencies so that sum of them equals to 1
366  Q.yeast+I+R2  985.822      6   1983.643     1984.211     2001.904
WARNING: Normalizing state frequencies so that sum of them equals to 1
375  Q.yeast+F     983.949      22  2011.899     2019.565     2078.854
WARNING: Normalizing state frequencies so that sum of them equals to 1
376  Q.yeast+F+I   975.000      23  1996.000     2004.428     2065.999
WARNING: Normalizing state frequencies so that sum of them equals to 1
377  Q.yeast+F+G4  975.854      23  1997.708     2006.135     2067.707
WARNING: Normalizing state frequencies so that sum of them equals to 1
378  Q.yeast+F+I+G4 974.868      24  1997.736     2006.967     2070.778
WARNING: Normalizing state frequencies so that sum of them equals to 1
379  Q.yeast+F+R2  975.042      24  1998.083     2007.314     2071.126
WARNING: Normalizing state frequencies so that sum of them equals to 1
388  Q.yeast+F+I+R2 974.930      25  1999.860     2009.938     2075.946
397  JTTDCMut      1014.450     3   2034.901     2035.060     2044.031
398  JTTDCMut+I    1008.547     4   2025.095     2025.361     2037.268
399  JTTDCMut+G4   1008.571     4   2025.143     2025.410     2037.317
400  JTTDCMut+I+G4 1008.219     5   2026.439     2026.841     2041.656
401  JTTDCMut+R2   1008.655     5   2027.311     2027.713     2042.528
410  JTTDCMut+I+R2 1008.214     6   2028.427     2028.995     2046.688
419  JTTDCMut+F    984.679      22  2013.359     2021.026     2080.314
420  JTTDCMut+F+I  977.387      23  2000.774     2009.202     2070.773
421  JTTDCMut+F+G4 978.542      23  2003.083     2011.511     2073.082
422  JTTDCMut+F+I+G4 977.390      24  2002.779     2012.010     2075.822
423  JTTDCMut+F+R2 978.583      24  2005.165     2014.396     2078.207
432  JTTDCMut+F+I+R2 977.445      25  2004.890     2014.967     2080.975
441  DCMut         1029.705     3   2065.410     2065.569     2074.540
442  DCMut+I       1023.465     4   2054.930     2055.197     2067.104
443  DCMut+G4      1023.256     4   2054.513     2054.779     2066.686
444  DCMut+I+G4    1022.935     5   2055.870     2056.272     2071.087
445  DCMut+R2      1023.740     5   2057.481     2057.883     2072.698
454  DCMut+I+R2    1022.779     6   2057.558     2058.125     2075.818
463  DCMut+F       989.708      22  2023.416     2031.082     2090.371
464  DCMut+F+I     981.995      23  2009.990     2018.417     2079.988
465  DCMut+F+G4    982.789      23  2011.578     2020.005     2081.576
466  DCMut+F+I+G4  981.775      24  2011.550     2020.781     2084.592
467  DCMut+F+R2    983.413      24  2014.825     2024.056     2087.868
476  DCMut+F+I+R2  981.720      25  2013.440     2023.518     2089.526
485  VT            997.894      3   2001.788     2001.947     2010.918
486  VT+I          996.169      4   2000.339     2000.606     2012.513
487  VT+G4         996.585      4   2001.170     2001.437     2013.344
488  VT+I+G4       996.195      5   2002.390     2002.792     2017.607
489  VT+R2         996.493      5   2002.987     2003.389     2018.204
498  VT+I+R2       996.300      6   2004.600     2005.167     2022.860
507  VT+F          975.628      22  1995.255     2002.922     2062.211
508  VT+F+I        973.310      23  1992.621     2001.048     2062.620
509  VT+F+G4       974.052      23  1994.104     2002.531     2064.102
510  VT+F+I+G4     973.314      24  1994.627     2003.858     2067.669
511  VT+F+R2       973.988      24  1995.977     2005.207     2069.019
520  VT+F+I+R2     973.495      25  1996.991     2007.068     2073.076
529  PMB           1006.394     3   2018.787     2018.946     2027.918
530  PMB+I         1005.506     4   2019.012     2019.279     2031.186
531  PMB+G4        1005.977     4   2019.954     2020.221     2032.128
532  PMB+I+G4      1005.573     5   2021.146     2021.548     2036.363
533  PMB+R2        1005.940     5   2021.881     2022.283     2037.098
542  PMB+I+R2      1005.656     6   2023.312     2023.880     2041.573
551  PMB+F         973.930      22  1991.860     1999.527     2058.815
552  PMB+F+I       972.589      23  1991.178     1999.605     2061.176
553  PMB+F+G4      973.220      23  1992.440     2000.867     2062.438
554  PMB+F+I+G4    972.643      24  1993.286     2002.516     2066.328
555  PMB+F+R2      973.180      24  1994.359     2003.590     2067.401
564  PMB+F+I+R2    972.746      25  1995.491     2005.569     2071.577
573  Blosum62      1002.711     3   2011.423     2011.582     2020.553
574  Blosum62+I    1001.529     4   2011.058     2011.325     2023.232
575  Blosum62+G4   1001.839     4   2011.677     2011.944     2023.851
576  Blosum62+I+G4 1001.593     5   2013.185     2013.588     2028.402
577  Blosum62+R2   1001.749     5   2013.498     2013.901     2028.715
586  Blosum62+I+R2 1001.629     6   2015.259     2015.826     2033.519
595  Blosum62+F    974.681      22  1993.362     2001.029     2060.318
596  Blosum62+F+I  973.012      23  1992.024     2000.452     2062.023
597  Blosum62+F+G4 973.464      23  1992.928     2001.356     2062.927
598  Blosum62+F+I+G4 973.046      24  1994.091     2003.322     2067.133
599  Blosum62+F+R2 973.362      24  1994.724     2003.955     2067.766
608  Blosum62+F+I+R2 973.154      25  1996.308     2006.385     2072.393
617  Dayhoff       1029.842     3   2065.684     2065.843     2074.814
618  Dayhoff+I     1023.531     4   2055.062     2055.329     2067.236
619  Dayhoff+G4    1023.285     4   2054.569     2054.836     2066.743
620  Dayhoff+I+G4  1022.973     5   2055.946     2056.349     2071.163
621  Dayhoff+R2    1023.777     5   2057.555     2057.958     2072.772
630  Dayhoff+I+R2  1022.809     6   2057.617     2058.185     2075.878
639  Dayhoff+F     989.768      22  2023.535     2031.202     2090.491
640  Dayhoff+F+I   981.992      23  2009.983     2018.411     2079.982
641  Dayhoff+F+G4  982.777      23  2011.554     2019.981     2081.553
642  Dayhoff+F+I+G4 981.762      24  2011.523     2020.754     2084.565
643  Dayhoff+F+R2  983.408      24  2014.815     2024.046     2087.858
652  Dayhoff+F+I+R2 981.704      25  2013.408     2023.486     2089.494
661  mtREV         1075.775     3   2157.550     2157.709     2166.680
662  mtREV+I       1062.989     4   2133.978     2134.244     2146.151
663  mtREV+G4      1060.876     4   2129.751     2130.018     2141.925
664  mtREV+I+G4    1060.597     5   2131.195     2131.597     2146.412
665  mtREV+R2      1059.335     5   2128.670     2129.073     2143.887
674  mtREV+I+R2    1060.091     6   2132.181     2132.749     2150.442
683  mtREV+F       989.031      22  2022.062     2029.729     2089.018
684  mtREV+F+I     979.740      23  2005.479     2013.907     2075.478
685  mtREV+F+G4    977.502      23  2001.004     2009.431     2071.002
686  mtREV+F+I+G4  977.430      24  2002.860     2012.091     2075.902
687  mtREV+F+R2    978.007      24  2004.014     2013.244     2077.056
696  mtREV+F+I+R2  977.093      25  2004.185     2014.263     2080.271
705  mtART         1091.367     3   2188.733     2188.892     2197.863
706  mtART+I       1071.930     4   2151.861     2152.128     2164.035
707  mtART+G4      1069.163     4   2146.325     2146.592     2158.499
708  mtART+I+G4    1068.713     5   2147.427     2147.830     2162.644
709  mtART+R2      1068.081     5   2146.163     2146.565     2161.380
718  mtART+I+R2    1069.061     6   2150.122     2150.690     2168.383
727  mtART+F       1001.332     22  2046.665     2054.331     2113.620
728  mtART+F+I     985.115      23  2016.231     2024.658     2086.230
729  mtART+F+G4    982.182      23  2010.365     2018.792     2080.364
730  mtART+F+I+G4  981.909      24  2011.818     2021.048     2084.860
731  mtART+F+R2    983.318      24  2014.635     2023.866     2087.678
740  mtART+F+I+R2  981.450      25  2012.900     2022.977     2088.985
749  mtZOA         1082.384     3   2170.768     2170.927     2179.898
750  mtZOA+I       1065.662     4   2139.325     2139.591     2151.498
751  mtZOA+G4      1065.693     4   2139.385     2139.652     2151.559
752  mtZOA+I+G4    1064.566     5   2139.131     2139.534     2154.348
753  mtZOA+R2      1062.691     5   2135.381     2135.784     2150.598
762  mtZOA+I+R2    1064.623     6   2141.247     2141.815     2159.507
771  mtZOA+F       993.636      22  2031.272     2038.939     2098.227
772  mtZOA+F+I     979.745      23  2005.490     2013.918     2075.489
773  mtZOA+F+G4    979.203      23  2004.406     2012.834     2074.405
774  mtZOA+F+I+G4  978.439      24  2004.878     2014.109     2077.920
775  mtZOA+F+R2    979.199      24  2006.398     2015.629     2079.440
784  mtZOA+F+I+R2  978.196      25  2006.391     2016.469     2082.477
793  mtMet         1068.147     3   2142.294     2142.453     2151.424
794  mtMet+I       1052.286     4   2112.572     2112.839     2124.746
795  mtMet+G4      1053.300     4   2114.600     2114.866     2126.773
796  mtMet+I+G4    1051.681     5   2113.362     2113.765     2128.580
797  mtMet+R2      1049.898     5   2109.795     2110.198     2125.013
806  mtMet+I+R2    1051.624     6   2115.248     2115.815     2133.508
815  mtMet+F       992.979      22  2029.958     2037.625     2096.913
816  mtMet+F+I     980.154      23  2006.307     2014.735     2076.306
817  mtMet+F+G4    979.921      23  2005.842     2014.269     2075.841
818  mtMet+F+I+G4  979.076      24  2006.152     2015.383     2079.194
819  mtMet+F+R2    979.611      24  2007.222     2016.453     2080.264
828  mtMet+F+I+R2  978.977      25  2007.954     2018.032     2084.040
837  mtVer         1087.611     3   2181.222     2181.381     2190.352
838  mtVer+I       1066.403     4   2140.805     2141.072     2152.979
839  mtVer+G4      1067.785     4   2143.570     2143.837     2155.744
840  mtVer+I+G4    1065.661     5   2141.323     2141.725     2156.540
841  mtVer+R2      1063.543     5   2137.087     2137.489     2152.304
850  mtVer+I+R2    1065.578     6   2143.156     2143.723     2161.416
859  mtVer+F       997.760      22  2039.520     2047.186     2106.475
860  mtVer+F+I     981.870      23  2009.740     2018.168     2079.739
861  mtVer+F+G4    981.788      23  2009.577     2018.004     2079.575
862  mtVer+F+I+G4  980.479      24  2008.958     2018.189     2082.000
863  mtVer+F+R2    981.520      24  2011.039     2020.270     2084.081
872  mtVer+F+I+R2  980.231      25  2010.461     2020.539     2086.547
881  mtInv         1068.232     3   2142.464     2142.623     2151.595
882  mtInv+I       1056.839     4   2121.679     2121.945     2133.852
883  mtInv+G4      1057.958     4   2123.916     2124.183     2136.090
884  mtInv+I+G4    1056.538     5   2123.075     2123.478     2138.292
885  mtInv+R2      1055.518     5   2121.036     2121.438     2136.253
894  mtInv+I+R2    1056.539     6   2125.079     2125.646     2143.339
903  mtInv+F       987.010      22  2018.019     2025.686     2084.974
904  mtInv+F+I     977.505      23  2001.010     2009.438     2071.009
905  mtInv+F+G4    977.507      23  2001.013     2009.441     2071.012
906  mtInv+F+I+G4  976.821      24  2001.642     2010.873     2074.684
907  mtInv+F+R2    977.994      24  2003.989     2013.219     2077.031
916  mtInv+F+I+R2  976.766      25  2003.532     2013.609     2079.617
925  mtMAM         1092.025     3   2190.051     2190.210     2199.181
926  mtMAM+I       1067.636     4   2143.272     2143.538     2155.445
927  mtMAM+G4      1066.956     4   2141.912     2142.179     2154.086
928  mtMAM+I+G4    1065.526     5   2141.053     2141.456     2156.270
929  mtMAM+R2      1062.696     5   2135.392     2135.795     2150.610
938  mtMAM+I+R2    1063.077     6   2138.154     2138.722     2156.415
947  mtMAM+F       1000.418     22  2044.836     2052.502     2111.791
948  mtMAM+F+I     982.897      23  2011.794     2020.222     2081.793
949  mtMAM+F+G4    981.434      23  2008.869     2017.296     2078.867
950  mtMAM+F+I+G4  980.546      24  2009.092     2018.323     2082.134
951  mtMAM+F+R2    981.490      24  2010.980     2020.210     2084.022
960  mtMAM+F+I+R2  980.409      25  2010.818     2020.896     2086.904
WARNING: Normalizing state frequencies so that sum of them equals to 1
969  FLAVI         1051.638     3   2109.275     2109.434     2118.406
WARNING: Normalizing state frequencies so that sum of them equals to 1
970  FLAVI+I       1034.395     4   2076.790     2077.057     2088.964
WARNING: Normalizing state frequencies so that sum of them equals to 1
971  FLAVI+G4      1030.519     4   2069.038     2069.305     2081.212
WARNING: Normalizing state frequencies so that sum of them equals to 1
972  FLAVI+I+G4    1030.577     5   2071.154     2071.557     2086.371
WARNING: Normalizing state frequencies so that sum of them equals to 1
973  FLAVI+R2      1031.321     5   2072.643     2073.045     2087.860
WARNING: Normalizing state frequencies so that sum of them equals to 1
982  FLAVI+I+R2    1030.128     6   2072.256     2072.824     2090.517
WARNING: Normalizing state frequencies so that sum of them equals to 1
991  FLAVI+F       1005.400     22  2054.800     2062.467     2121.755
WARNING: Normalizing state frequencies so that sum of them equals to 1
992  FLAVI+F+I     988.991      23  2023.983     2032.410     2093.982
WARNING: Normalizing state frequencies so that sum of them equals to 1
993  FLAVI+F+G4    987.061      23  2020.121     2028.549     2090.120
WARNING: Normalizing state frequencies so that sum of them equals to 1
994  FLAVI+F+I+G4  986.782      24  2021.563     2030.794     2094.606
WARNING: Normalizing state frequencies so that sum of them equals to 1
995  FLAVI+F+R2    987.688      24  2023.377     2032.608     2096.419
WARNING: Normalizing state frequencies so that sum of them equals to 1
1004  FLAVI+F+I+R2  985.629      25  2021.257     2031.335     2097.343
1013  HIVb          1027.541     3   2061.082     2061.241     2070.212
1014  HIVb+I        1019.420     4   2046.840     2047.107     2059.014
1015  HIVb+G4       1016.289     4   2040.578     2040.844     2052.751
1016  HIVb+I+G4     1016.547     5   2043.095     2043.498     2058.312
1017  HIVb+R2       1016.853     5   2043.707     2044.109     2058.924
1026  HIVb+I+R2     1016.313     6   2044.626     2045.194     2062.887
1035  HIVb+F        996.354      22  2036.708     2044.375     2103.664
1036  HIVb+F+I      986.642      23  2019.283     2027.711     2089.282
1037  HIVb+F+G4     983.745      23  2013.490     2021.918     2083.489
1038  HIVb+F+I+G4   983.841      24  2015.683     2024.913     2088.725
1039  HIVb+F+R2     984.623      24  2017.246     2026.476     2090.288
1048  HIVb+F+I+R2   983.043      25  2016.086     2026.163     2092.171
1057  HIVw          1033.357     3   2072.715     2072.874     2081.845
1058  HIVw+I        1018.690     4   2045.380     2045.647     2057.554
1059  HIVw+G4       1016.583     4   2041.166     2041.433     2053.340
1060  HIVw+I+G4     1016.182     5   2042.363     2042.766     2057.580
1061  HIVw+R2       1018.322     5   2046.644     2047.047     2061.862
1070  HIVw+I+R2     1015.031     6   2042.062     2042.630     2060.323
1079  HIVw+F        1005.414     22  2054.829     2062.495     2121.784
1080  HIVw+F+I      990.746      23  2027.492     2035.920     2097.491
1081  HIVw+F+G4     989.121      23  2024.243     2032.670     2094.242
1082  HIVw+F+I+G4   988.572      24  2025.144     2034.375     2098.186
1083  HIVw+F+R2     990.917      24  2029.834     2039.065     2102.877
1092  HIVw+F+I+R2   987.203      25  2024.406     2034.483     2100.491
1101  FLU           1019.115     3   2044.230     2044.389     2053.361
1102  FLU+I         1008.003     4   2024.006     2024.273     2036.180
1103  FLU+G4        1007.465     4   2022.931     2023.197     2035.104
1104  FLU+I+G4      1007.043     5   2024.087     2024.489     2039.304
1105  FLU+R2        1007.769     5   2025.538     2025.941     2040.755
1114  FLU+I+R2      1006.945     6   2025.890     2026.457     2044.150
1123  FLU+F         994.807      22  2033.614     2041.281     2100.569
1124  FLU+F+I       983.333      23  2012.665     2021.093     2082.664
1125  FLU+F+G4      982.841      23  2011.681     2020.109     2081.680
1126  FLU+F+I+G4    982.385      24  2012.771     2022.002     2085.813
1127  FLU+F+R2      983.167      24  2014.334     2023.565     2087.376
1136  FLU+F+I+R2    982.206      25  2014.411     2024.489     2090.497
1145  rtREV         1014.151     3   2034.303     2034.462     2043.433
1146  rtREV+I       1009.227     4   2026.453     2026.720     2038.627
1147  rtREV+G4      1009.194     4   2026.388     2026.655     2038.562
1148  rtREV+I+G4    1009.015     5   2028.029     2028.432     2043.247
1149  rtREV+R2      1009.062     5   2028.123     2028.526     2043.340
1158  rtREV+I+R2    1008.976     6   2029.953     2030.520     2048.213
1167  rtREV+F       980.885      22  2005.771     2013.438     2072.726
1168  rtREV+F+I     975.408      23  1996.816     2005.243     2066.814
1169  rtREV+F+G4    975.960      23  1997.920     2006.347     2067.919
1170  rtREV+F+I+G4  975.351      24  1998.701     2007.932     2071.743
1171  rtREV+F+R2    975.962      24  1999.924     2009.155     2072.967
1180  rtREV+F+I+R2  975.398      25  2000.796     2010.874     2076.882
1189  cpREV         1009.829     3   2025.658     2025.817     2034.788
1190  cpREV+I       1006.176     4   2020.353     2020.619     2032.526
1191  cpREV+G4      1005.874     4   2019.748     2020.014     2031.921
1192  cpREV+I+G4    1005.885     5   2021.769     2022.172     2036.986
1193  cpREV+R2      1006.115     5   2022.231     2022.633     2037.448
1202  cpREV+I+R2    1005.750     6   2023.499     2024.067     2041.760
1211  cpREV+F       983.519      22  2011.037     2018.704     2077.993
1212  cpREV+F+I     978.929      23  2003.858     2012.286     2073.857
1213  cpREV+F+G4    978.427      23  2002.855     2011.282     2072.854
1214  cpREV+F+I+G4  978.385      24  2004.769     2014.000     2077.811
1215  cpREV+F+R2    978.948      24  2005.897     2015.128     2078.939
1224  cpREV+F+I+R2  977.350      25  2004.701     2014.778     2080.786
Akaike Information Criterion:           Q.yeast+I
Corrected Akaike Information Criterion: Q.yeast+I
Bayesian Information Criterion:         Q.yeast+I
Best-fit model: Q.yeast+I chosen according to BIC

All model information printed to ./orthofinder/Results_Jul15/WorkingDirectory/Alignments_ids/OG0000289.model.gz
CPU time for ModelFinder: 0.870 seconds (0h:0m:0s)
Wall-clock time for ModelFinder: 2.691 seconds (0h:0m:2s)
WARNING: Normalizing state frequencies so that sum of them equals to 1

NOTE: 0 MB RAM (0 GB) is required!
Estimate model parameters (epsilon = 0.100)
1. Initial log-likelihood: -986.225
Optimal log-likelihood: -986.221
Proportion of invariable sites: 0.147
Parameters optimization took 1 rounds (0.000 sec)
Wrote distance file to... 
Computing ML distances based on estimated model parameters...
Calculating distance matrix: done in 0.000163794 secs using 100.1% CPU
Computing ML distances took 0.000195 sec (of wall-clock time) 0.000196 sec (of CPU time)
Setting up auxiliary I and S matrices: done in 2.28882e-05 secs using 214.1% CPU
Constructing RapidNJ tree: done in 9.53674e-07 secs
Computing RapidNJ tree took 0.000051 sec (of wall-clock time) 0.000102 sec (of CPU time)
Log-likelihood of RapidNJ tree: -986.221
--------------------------------------------------------------------
|             INITIALIZING CANDIDATE TREE SET                      |
--------------------------------------------------------------------
Generating 99 parsimony trees... 0.004 second
Current best score: -986.221

Do NNI search on 1 best initial trees
Optimizing NNI: done in 3.8147e-06 secs using 104.9% CPU
Finish initializing candidate tree set (1)
Current best tree score: -986.221 / CPU time: 0.009
Number of iterations: 1
--------------------------------------------------------------------
|               OPTIMIZING CANDIDATE TREE SET                      |
--------------------------------------------------------------------
Optimizing NNI: done in 4.05312e-06 secs using 74.02% CPU
Optimizing NNI: done in 1.90735e-06 secs using 52.43% CPU
Optimizing NNI: done in 1.19209e-06 secs using 83.89% CPU
Optimizing NNI: done in 9.53674e-07 secs
Optimizing NNI: done in 1.19209e-06 secs using 83.89% CPU
Optimizing NNI: done in 9.53674e-07 secs using 104.9% CPU
Optimizing NNI: done in 0 secs
Optimizing NNI: done in 9.53674e-07 secs
Optimizing NNI: done in 9.53674e-07 secs using 104.9% CPU
Iteration 10 / LogL: -986.221 / Time: 0h:0m:0s
Optimizing NNI: done in 9.53674e-07 secs using 104.9% CPU
Optimizing NNI: done in 9.53674e-07 secs
Optimizing NNI: done in 0 secs
Optimizing NNI: done in 9.53674e-07 secs
Optimizing NNI: done in 0 secs
Optimizing NNI: done in 0 secs
Optimizing NNI: done in 9.53674e-07 secs using 104.9% CPU
Optimizing NNI: done in 9.53674e-07 secs using 104.9% CPU
Optimizing NNI: done in 0 secs
Optimizing NNI: done in 0 secs
Iteration 20 / LogL: -986.221 / Time: 0h:0m:0s
Optimizing NNI: done in 9.53674e-07 secs
Optimizing NNI: done in 9.53674e-07 secs
Optimizing NNI: done in 9.53674e-07 secs using 104.9% CPU
Optimizing NNI: done in 9.53674e-07 secs using 104.9% CPU
Optimizing NNI: done in 9.53674e-07 secs
Optimizing NNI: done in 9.53674e-07 secs using 104.9% CPU
Optimizing NNI: done in 9.53674e-07 secs using 104.9% CPU
Optimizing NNI: done in 0 secs
Optimizing NNI: done in 9.53674e-07 secs using 104.9% CPU
Optimizing NNI: done in 9.53674e-07 secs using 104.9% CPU
Iteration 30 / LogL: -986.221 / Time: 0h:0m:0s (0h:0m:0s left)
Optimizing NNI: done in 9.53674e-07 secs using 104.9% CPU
Optimizing NNI: done in 9.53674e-07 secs using 104.9% CPU
Optimizing NNI: done in 9.53674e-07 secs using 104.9% CPU
Optimizing NNI: done in 0 secs
Optimizing NNI: done in 9.53674e-07 secs using 104.9% CPU
Optimizing NNI: done in 0 secs
Optimizing NNI: done in 9.53674e-07 secs using 104.9% CPU
Optimizing NNI: done in 9.53674e-07 secs using 104.9% CPU
Optimizing NNI: done in 0 secs
Optimizing NNI: done in 9.53674e-07 secs using 104.9% CPU
Iteration 40 / LogL: -986.221 / Time: 0h:0m:0s (0h:0m:0s left)
Optimizing NNI: done in 9.53674e-07 secs
Optimizing NNI: done in 1.19209e-06 secs using 83.89% CPU
Optimizing NNI: done in 9.53674e-07 secs
Optimizing NNI: done in 2.14577e-06 secs using 46.6% CPU
Optimizing NNI: done in 9.53674e-07 secs using 104.9% CPU
Optimizing NNI: done in 1.19209e-06 secs using 83.89% CPU
Optimizing NNI: done in 9.53674e-07 secs using 104.9% CPU
Optimizing NNI: done in 9.53674e-07 secs using 104.9% CPU
Optimizing NNI: done in 9.53674e-07 secs using 104.9% CPU
Optimizing NNI: done in 9.53674e-07 secs using 104.9% CPU
Iteration 50 / LogL: -986.221 / Time: 0h:0m:0s (0h:0m:0s left)
Optimizing NNI: done in 1.19209e-06 secs using 83.89% CPU
Optimizing NNI: done in 9.53674e-07 secs using 104.9% CPU
Optimizing NNI: done in 9.53674e-07 secs
Optimizing NNI: done in 1.19209e-06 secs using 83.89% CPU
Optimizing NNI: done in 0 secs
Optimizing NNI: done in 9.53674e-07 secs
Optimizing NNI: done in 9.53674e-07 secs using 104.9% CPU
Optimizing NNI: done in 1.19209e-06 secs using 83.89% CPU
Optimizing NNI: done in 9.53674e-07 secs using 104.9% CPU
Optimizing NNI: done in 9.53674e-07 secs using 104.9% CPU
Iteration 60 / LogL: -986.221 / Time: 0h:0m:0s (0h:0m:0s left)
Optimizing NNI: done in 9.53674e-07 secs
Optimizing NNI: done in 1.19209e-06 secs
Optimizing NNI: done in 0 secs
Optimizing NNI: done in 9.53674e-07 secs using 104.9% CPU
Optimizing NNI: done in 9.53674e-07 secs using 104.9% CPU
Optimizing NNI: done in 9.53674e-07 secs using 104.9% CPU
Optimizing NNI: done in 9.53674e-07 secs
Optimizing NNI: done in 1.19209e-06 secs
Optimizing NNI: done in 9.53674e-07 secs
Optimizing NNI: done in 9.53674e-07 secs
Iteration 70 / LogL: -986.221 / Time: 0h:0m:0s (0h:0m:0s left)
Optimizing NNI: done in 9.53674e-07 secs using 104.9% CPU
Optimizing NNI: done in 9.53674e-07 secs using 104.9% CPU
Optimizing NNI: done in 9.53674e-07 secs using 104.9% CPU
Optimizing NNI: done in 1.19209e-06 secs using 83.89% CPU
Optimizing NNI: done in 0 secs
Optimizing NNI: done in 9.53674e-07 secs using 104.9% CPU
Optimizing NNI: done in 0 secs
Optimizing NNI: done in 9.53674e-07 secs using 104.9% CPU
Optimizing NNI: done in 1.19209e-06 secs using 83.89% CPU
Optimizing NNI: done in 9.53674e-07 secs
Iteration 80 / LogL: -986.221 / Time: 0h:0m:0s (0h:0m:0s left)
Optimizing NNI: done in 9.53674e-07 secs using 104.9% CPU
Optimizing NNI: done in 9.53674e-07 secs using 104.9% CPU
Optimizing NNI: done in 9.53674e-07 secs
Optimizing NNI: done in 0 secs
Optimizing NNI: done in 1.19209e-06 secs
Optimizing NNI: done in 9.53674e-07 secs
Optimizing NNI: done in 9.53674e-07 secs using 734% CPU
Optimizing NNI: done in 9.53674e-07 secs
Optimizing NNI: done in 9.53674e-07 secs using 104.9% CPU
Optimizing NNI: done in 1.19209e-06 secs using 83.89% CPU
Iteration 90 / LogL: -986.221 / Time: 0h:0m:0s (0h:0m:0s left)
Optimizing NNI: done in 0 secs
Optimizing NNI: done in 9.53674e-07 secs using 104.9% CPU
Optimizing NNI: done in 0 secs
Optimizing NNI: done in 1.19209e-06 secs using 83.89% CPU
Optimizing NNI: done in 9.53674e-07 secs using 104.9% CPU
Optimizing NNI: done in 1.19209e-06 secs using 83.89% CPU
Optimizing NNI: done in 9.53674e-07 secs using 104.9% CPU
Optimizing NNI: done in 0 secs
Optimizing NNI: done in 9.53674e-07 secs using 104.9% CPU
Optimizing NNI: done in 9.53674e-07 secs using 104.9% CPU
Iteration 100 / LogL: -986.221 / Time: 0h:0m:0s (0h:0m:0s left)
Optimizing NNI: done in 9.53674e-07 secs using 104.9% CPU
TREE SEARCH COMPLETED AFTER 101 ITERATIONS / Time: 0h:0m:0s

--------------------------------------------------------------------
|                    FINALIZING TREE SEARCH                        |
--------------------------------------------------------------------
Performs final model parameters optimization
Estimate model parameters (epsilon = 0.010)
1. Initial log-likelihood: -986.221
Optimal log-likelihood: -986.220
Proportion of invariable sites: 0.147
Parameters optimization took 1 rounds (0.000 sec)
BEST SCORE FOUND : -986.220
Total tree length: 3.309

Total number of iterations: 101
CPU time used for tree search: 0.007 sec (0h:0m:0s)
Wall-clock time used for tree search: 0.014 sec (0h:0m:0s)
Total CPU time used: 0.017 sec (0h:0m:0s)
Total wall-clock time used: 0.071 sec (0h:0m:0s)

Analysis results written to: 
  IQ-TREE report:                ./orthofinder/Results_Jul15/WorkingDirectory/Alignments_ids/OG0000289.iqtree
  Maximum-likelihood tree:       ./orthofinder/Results_Jul15/WorkingDirectory/Alignments_ids/OG0000289.treefile
  Likelihood distances:          ./orthofinder/Results_Jul15/WorkingDirectory/Alignments_ids/OG0000289.mldist
  Screen log file:               ./orthofinder/Results_Jul15/WorkingDirectory/Alignments_ids/OG0000289.log

Date and Time: Mon Jul 15 11:05:43 2024
