IQ-TREE multicore version 2.2.0.5 COVID-edition for Linux 64-bit built Sep 26 2022
Developed by Bui Quang Minh, James Barbetti, Nguyen Lam Tung,
Olga Chernomor, Heiko Schmidt, Dominik Schrempf, Michael Woodhams, Ly Trong Nhan.

Host:    c148 (AVX2, FMA3, 503 GB RAM)
Command: iqtree -s ./orthofinder/Results_Jul04/WorkingDirectory/Alignments_ids/OG0000092.fa -pre ./orthofinder/Results_Jul04/WorkingDirectory/Alignments_ids/OG0000092
Seed:    996906 (Using SPRNG - Scalable Parallel Random Number Generator)
Time:    Thu Jul  4 10:36:35 2024
Kernel:  AVX+FMA - 1 threads (24 CPU cores detected)

HINT: Use -nt option to specify number of threads because your CPU has 24 cores!
HINT: -nt AUTO will automatically determine the best number of threads to use.

Reading alignment file ./orthofinder/Results_Jul04/WorkingDirectory/Alignments_ids/OG0000092.fa ... Fasta format detected
Reading fasta file: done in 0.000153065 secs using 49% CPU
Alignment most likely contains protein sequences
Constructing alignment: done in 9.799e-05 secs using 50.01% CPU
Alignment has 31 sequences with 159 columns, 102 distinct patterns
47 parsimony-informative, 6 singleton sites, 106 constant sites
        Gap/Ambiguity  Composition  p-value
Analyzing sequences: done in 6.91414e-06 secs using 57.85% CPU
   1  0_101    16.35%    passed     98.00%
   2  2_104     4.40%    passed    100.00%
   3  3_111    74.21%    passed     99.93%
   4  4_101    13.84%    passed    100.00%
   5  5_97     13.84%    passed    100.00%
   6  6_97     19.50%    passed     98.23%
   7  9_100    33.33%    passed    100.00%
   8  11_97    13.84%    passed    100.00%
   9  15_97    21.38%    passed     99.35%
  10  16_97    21.38%    passed     99.35%
  11  17_100   13.84%    passed    100.00%
  12  18_97    13.84%    passed    100.00%
  13  19_100   13.84%    passed    100.00%
  14  20_99    16.35%    passed     98.00%
  15  21_98    13.84%    passed    100.00%
  16  22_102   16.35%    passed     99.92%
  17  26_104    9.43%    passed     99.97%
  18  27_101   16.35%    passed     98.00%
  19  28_105   16.35%    passed     99.92%
  20  29_101   33.33%    passed    100.00%
  21  32_97    13.84%    passed    100.00%
  22  33_98    33.33%    passed    100.00%
  23  34_109   33.33%    passed    100.00%
  24  35_119   33.33%    passed    100.00%
  25  36_99    33.33%    passed    100.00%
  26  37_101   33.33%    passed    100.00%
  27  39_97    28.93%    passed    100.00%
  28  40_99    13.84%    passed    100.00%
  29  41_101   13.84%    passed    100.00%
  30  42_100   16.35%    passed     99.92%
  31  43_98    13.84%    passed    100.00%
WARNING: 1 sequences contain more than 50% gaps/ambiguity
****  TOTAL    21.38%  0 sequences failed composition chi2 test (p-value<5%; df=19)
NOTE: 20_99 is identical to 0_101 but kept for subsequent analysis
NOTE: 11_97 is identical to 4_101 but kept for subsequent analysis
NOTE: 17_100 is identical to 5_97 but kept for subsequent analysis
NOTE: 33_98 is identical to 9_100 but kept for subsequent analysis
NOTE: 16_97 is identical to 15_97 but kept for subsequent analysis
NOTE: 28_105 is identical to 22_102 but kept for subsequent analysis
NOTE: 34_109 is identical to 29_101 but kept for subsequent analysis
Checking for duplicate sequences: done in 3.09944e-05 secs using 51.62% CPU
Identifying sites to remove: done in 4.48227e-05 secs using 49.08% CPU
NOTE: 12 identical sequences (see below) will be ignored for subsequent analysis
NOTE: 27_101 (identical to 0_101) is ignored but added at the end
NOTE: 21_98 (identical to 4_101) is ignored but added at the end
NOTE: 40_99 (identical to 4_101) is ignored but added at the end
NOTE: 18_97 (identical to 5_97) is ignored but added at the end
NOTE: 19_100 (identical to 5_97) is ignored but added at the end
NOTE: 32_97 (identical to 5_97) is ignored but added at the end
NOTE: 41_101 (identical to 5_97) is ignored but added at the end
NOTE: 43_98 (identical to 5_97) is ignored but added at the end
NOTE: 42_100 (identical to 22_102) is ignored but added at the end
NOTE: 35_119 (identical to 29_101) is ignored but added at the end
NOTE: 36_99 (identical to 29_101) is ignored but added at the end
NOTE: 37_101 (identical to 29_101) is ignored but added at the end
Alignment was printed to ./orthofinder/Results_Jul04/WorkingDirectory/Alignments_ids/OG0000092.uniqueseq.phy

For your convenience alignment with unique sequences printed to ./orthofinder/Results_Jul04/WorkingDirectory/Alignments_ids/OG0000092.uniqueseq.phy


Create initial parsimony tree by phylogenetic likelihood library (PLL)... 0.000 seconds
Perform fast likelihood tree search using LG+I+G model...
Estimate model parameters (epsilon = 5.000)
Perform nearest neighbor interchange...
Optimizing NNI: done in 0.0433259 secs using 26.13% CPU
Estimate model parameters (epsilon = 1.000)
1. Initial log-likelihood: -922.725
Optimal log-likelihood: -922.725
Proportion of invariable sites: 0.326
Gamma shape alpha: 6.895
Parameters optimization took 1 rounds (0.040 sec)
Time for fast ML tree search: 0.177 seconds

NOTE: ModelFinder requires 3 MB RAM!
ModelFinder will test up to 1232 protein models (sample size: 159) ...
 No. Model         -LnL         df  AIC          AICc         BIC
  1  LG            926.306      35  1922.613     1943.100     2030.024
  2  LG+I          922.764      36  1917.529     1939.365     2028.009
  3  LG+G4         922.753      36  1917.506     1939.342     2027.986
  4  LG+I+G4       922.725      37  1919.449     1942.689     2032.999
  5  LG+R2         922.934      37  1919.868     1943.108     2033.417
  6  LG+R3         922.740      39  1923.480     1949.698     2043.167
 14  LG+I+R2       922.723      38  1921.445     1946.145     2038.063
 15  LG+I+R3       922.716      40  1925.433     1953.229     2048.189
 23  LG+F          917.056      54  1942.112     1999.227     2107.833
 24  LG+F+I        913.497      55  1936.993     1996.799     2105.783
 25  LG+F+G4       913.570      55  1937.139     1996.945     2105.929
 26  LG+F+I+G4     913.493      56  1938.986     2001.574     2110.845
 27  LG+F+R2       913.732      56  1939.464     2002.052     2111.322
 45  WAG           924.683      35  1919.366     1939.853     2026.777
 46  WAG+I         921.996      36  1915.992     1937.828     2026.472
 47  WAG+G4        921.994      36  1915.987     1937.823     2026.468
 48  WAG+I+G4      921.976      37  1917.951     1941.191     2031.501
 49  WAG+R2        922.039      37  1918.078     1941.317     2031.627
 67  WAG+F         914.065      54  1936.129     1993.245     2101.850
 68  WAG+F+I       911.345      55  1932.690     1992.496     2101.480
 69  WAG+F+G4      911.518      55  1933.036     1992.842     2101.826
 70  WAG+F+I+G4    911.352      56  1934.705     1997.293     2106.563
 71  WAG+F+R2      911.504      56  1935.007     1997.596     2106.866
 89  JTT           912.008      35  1894.015     1914.503     2001.427
 90  JTT+I         909.238      36  1890.475     1912.311     2000.956
 91  JTT+G4        909.231      36  1890.462     1912.298     2000.942
 92  JTT+I+G4      909.213      37  1892.426     1915.666     2005.975
 93  JTT+R2        909.281      37  1892.562     1915.802     2006.112
111  JTT+F         904.167      54  1916.334     1973.450     2082.055
112  JTT+F+I       901.378      55  1912.757     1972.562     2081.546
113  JTT+F+G4      901.521      55  1913.041     1972.847     2081.831
114  JTT+F+I+G4    901.380      56  1914.760     1977.348     2086.619
115  JTT+F+R2      901.528      56  1915.057     1977.645     2086.916
WARNING: Normalizing state frequencies so that sum of them equals to 1
133  Q.pfam        923.722      35  1917.443     1937.931     2024.855
WARNING: Normalizing state frequencies so that sum of them equals to 1
134  Q.pfam+I      920.487      36  1912.974     1934.810     2023.455
WARNING: Normalizing state frequencies so that sum of them equals to 1
135  Q.pfam+G4     920.532      36  1913.064     1934.900     2023.545
WARNING: Normalizing state frequencies so that sum of them equals to 1
136  Q.pfam+I+G4   920.468      37  1914.936     1938.175     2028.485
WARNING: Normalizing state frequencies so that sum of them equals to 1
137  Q.pfam+R2     920.628      37  1915.256     1938.496     2028.806
WARNING: Normalizing state frequencies so that sum of them equals to 1
155  Q.pfam+F      914.676      54  1937.353     1994.468     2103.074
WARNING: Normalizing state frequencies so that sum of them equals to 1
156  Q.pfam+F+I    911.347      55  1932.693     1992.499     2101.483
WARNING: Normalizing state frequencies so that sum of them equals to 1
157  Q.pfam+F+G4   911.464      55  1932.928     1992.734     2101.718
WARNING: Normalizing state frequencies so that sum of them equals to 1
158  Q.pfam+F+I+G4 911.353      56  1934.706     1997.294     2106.564
WARNING: Normalizing state frequencies so that sum of them equals to 1
159  Q.pfam+F+R2   911.513      56  1935.026     1997.614     2106.884
WARNING: Normalizing state frequencies so that sum of them equals to 1
177  Q.bird        906.253      35  1882.506     1902.994     1989.918
WARNING: Normalizing state frequencies so that sum of them equals to 1
178  Q.bird+I      902.762      36  1877.525     1899.361     1988.005
WARNING: Normalizing state frequencies so that sum of them equals to 1
179  Q.bird+G4     902.724      36  1877.449     1899.285     1987.929
WARNING: Normalizing state frequencies so that sum of them equals to 1
180  Q.bird+I+G4   902.704      37  1879.409     1902.649     1992.958
WARNING: Normalizing state frequencies so that sum of them equals to 1
181  Q.bird+R2     902.881      37  1879.761     1903.001     1993.311
WARNING: Normalizing state frequencies so that sum of them equals to 1
199  Q.bird+F      900.623      54  1909.246     1966.361     2074.967
WARNING: Normalizing state frequencies so that sum of them equals to 1
200  Q.bird+F+I    896.834      55  1903.669     1963.474     2072.458
WARNING: Normalizing state frequencies so that sum of them equals to 1
201  Q.bird+F+G4   896.970      55  1903.941     1963.747     2072.731
WARNING: Normalizing state frequencies so that sum of them equals to 1
202  Q.bird+F+I+G4 896.824      56  1905.649     1968.237     2077.508
WARNING: Normalizing state frequencies so that sum of them equals to 1
203  Q.bird+F+R2   897.143      56  1906.285     1968.874     2078.144
WARNING: Normalizing state frequencies so that sum of them equals to 1
221  Q.mammal      906.935      35  1883.869     1904.357     1991.281
WARNING: Normalizing state frequencies so that sum of them equals to 1
222  Q.mammal+I    903.653      36  1879.306     1901.142     1989.787
WARNING: Normalizing state frequencies so that sum of them equals to 1
223  Q.mammal+G4   903.581      36  1879.162     1900.998     1989.643
WARNING: Normalizing state frequencies so that sum of them equals to 1
224  Q.mammal+I+G4 903.593      37  1881.187     1904.426     1994.736
WARNING: Normalizing state frequencies so that sum of them equals to 1
225  Q.mammal+R2   903.727      37  1881.454     1904.693     1995.003
WARNING: Normalizing state frequencies so that sum of them equals to 1
243  Q.mammal+F    901.350      54  1910.700     1967.815     2076.421
WARNING: Normalizing state frequencies so that sum of them equals to 1
244  Q.mammal+F+I  897.732      55  1905.464     1965.269     2074.253
WARNING: Normalizing state frequencies so that sum of them equals to 1
245  Q.mammal+F+G4 897.823      55  1905.645     1965.451     2074.435
WARNING: Normalizing state frequencies so that sum of them equals to 1
246  Q.mammal+F+I+G4 897.717      56  1907.435     1970.023     2079.293
WARNING: Normalizing state frequencies so that sum of them equals to 1
247  Q.mammal+F+R2 897.991      56  1907.981     1970.569     2079.840
265  Q.insect      924.969      35  1919.939     1940.426     2027.350
266  Q.insect+I    921.870      36  1915.739     1937.575     2026.220
267  Q.insect+G4   921.834      36  1915.668     1937.504     2026.148
268  Q.insect+I+G4 921.833      37  1917.665     1940.905     2031.215
269  Q.insect+R2   921.923      37  1917.846     1941.085     2031.395
287  Q.insect+F    913.135      54  1934.271     1991.386     2099.991
288  Q.insect+F+I  909.684      55  1929.368     1989.174     2098.158
289  Q.insect+F+G4 909.620      55  1929.240     1989.046     2098.030
290  Q.insect+F+I+G4 909.632      56  1931.265     1993.853     2103.124
291  Q.insect+F+R2 909.772      56  1931.545     1994.133     2103.404
WARNING: Normalizing state frequencies so that sum of them equals to 1
309  Q.plant       913.642      35  1897.284     1917.772     2004.696
WARNING: Normalizing state frequencies so that sum of them equals to 1
310  Q.plant+I     909.950      36  1891.899     1913.735     2002.380
WARNING: Normalizing state frequencies so that sum of them equals to 1
311  Q.plant+G4    909.804      36  1891.608     1913.444     2002.088
WARNING: Normalizing state frequencies so that sum of them equals to 1
312  Q.plant+I+G4  909.848      37  1893.695     1916.935     2007.245
WARNING: Normalizing state frequencies so that sum of them equals to 1
313  Q.plant+R2    910.002      37  1894.005     1917.244     2007.554
WARNING: Normalizing state frequencies so that sum of them equals to 1
331  Q.plant+F     905.707      54  1919.414     1976.529     2085.135
WARNING: Normalizing state frequencies so that sum of them equals to 1
332  Q.plant+F+I   901.670      55  1913.341     1973.146     2082.130
WARNING: Normalizing state frequencies so that sum of them equals to 1
333  Q.plant+F+G4  901.583      55  1913.167     1972.972     2081.956
WARNING: Normalizing state frequencies so that sum of them equals to 1
334  Q.plant+F+I+G4 901.578      56  1915.156     1977.744     2087.015
WARNING: Normalizing state frequencies so that sum of them equals to 1
335  Q.plant+F+R2  901.830      56  1915.660     1978.249     2087.519
WARNING: Normalizing state frequencies so that sum of them equals to 1
353  Q.yeast       931.755      35  1933.509     1953.997     2040.921
WARNING: Normalizing state frequencies so that sum of them equals to 1
354  Q.yeast+I     928.886      36  1929.773     1951.609     2040.253
WARNING: Normalizing state frequencies so that sum of them equals to 1
355  Q.yeast+G4    928.946      36  1929.892     1951.728     2040.373
WARNING: Normalizing state frequencies so that sum of them equals to 1
356  Q.yeast+I+G4  928.877      37  1931.754     1954.994     2045.303
WARNING: Normalizing state frequencies so that sum of them equals to 1
357  Q.yeast+R2    928.979      37  1931.959     1955.198     2045.508
WARNING: Normalizing state frequencies so that sum of them equals to 1
375  Q.yeast+F     915.117      54  1938.234     1995.349     2103.955
WARNING: Normalizing state frequencies so that sum of them equals to 1
376  Q.yeast+F+I   911.819      55  1933.637     1993.443     2102.427
WARNING: Normalizing state frequencies so that sum of them equals to 1
377  Q.yeast+F+G4  911.793      55  1933.586     1993.391     2102.375
WARNING: Normalizing state frequencies so that sum of them equals to 1
378  Q.yeast+F+I+G4 911.783      56  1935.566     1998.154     2107.424
WARNING: Normalizing state frequencies so that sum of them equals to 1
379  Q.yeast+F+R2  911.885      56  1935.769     1998.357     2107.628
397  JTTDCMut      912.505      35  1895.011     1915.499     2002.423
398  JTTDCMut+I    909.738      36  1891.476     1913.312     2001.956
399  JTTDCMut+G4   909.699      36  1891.398     1913.234     2001.878
400  JTTDCMut+I+G4 909.706      37  1893.411     1916.651     2006.961
401  JTTDCMut+R2   909.743      37  1893.485     1916.725     2007.035
419  JTTDCMut+F    904.445      54  1916.889     1974.005     2082.610
420  JTTDCMut+F+I  901.641      55  1913.283     1973.089     2082.073
421  JTTDCMut+F+G4 901.761      55  1913.522     1973.328     2082.311
422  JTTDCMut+F+I+G4 901.639      56  1915.279     1977.867     2087.138
423  JTTDCMut+F+R2 901.761      56  1915.521     1978.110     2087.380
441  DCMut         936.417      35  1942.835     1963.323     2050.246
442  DCMut+I       932.817      36  1937.633     1959.469     2048.114
443  DCMut+G4      932.342      36  1936.684     1958.520     2047.164
444  DCMut+I+G4    932.582      37  1939.165     1962.404     2052.714
445  DCMut+R2      932.591      37  1939.182     1962.422     2052.732
463  DCMut+F       920.604      54  1949.208     2006.323     2114.929
464  DCMut+F+I     917.116      55  1944.231     2004.037     2113.021
465  DCMut+F+G4    916.961      55  1943.921     2003.727     2112.711
466  DCMut+F+I+G4  917.030      56  1946.059     2008.647     2117.918
467  DCMut+F+R2    917.087      56  1946.174     2008.763     2118.033
485  VT            921.837      35  1913.674     1934.162     2021.086
486  VT+I          919.437      36  1910.875     1932.711     2021.356
487  VT+G4         919.581      36  1911.162     1932.998     2021.642
488  VT+I+G4       919.438      37  1912.875     1936.115     2026.425
489  VT+R2         919.534      37  1913.069     1936.309     2026.618
507  VT+F          913.418      54  1934.837     1991.952     2100.557
508  VT+F+I        910.960      55  1931.921     1991.727     2100.711
509  VT+F+G4       911.183      55  1932.367     1992.172     2101.156
510  VT+F+I+G4     910.963      56  1933.926     1996.514     2105.785
511  VT+F+R2       911.112      56  1934.224     1996.812     2106.083
529  PMB           927.378      35  1924.756     1945.244     2032.168
530  PMB+I         924.621      36  1921.241     1943.077     2031.722
531  PMB+G4        924.723      36  1921.446     1943.282     2031.927
532  PMB+I+G4      924.620      37  1923.241     1946.481     2036.790
533  PMB+R2        924.722      37  1923.443     1946.683     2036.993
551  PMB+F         922.602      54  1953.205     2010.320     2118.926
552  PMB+F+I       919.884      55  1949.768     2009.574     2118.558
553  PMB+F+G4      920.029      55  1950.058     2009.864     2118.848
554  PMB+F+I+G4    919.891      56  1951.782     2014.371     2123.641
555  PMB+F+R2      920.005      56  1952.011     2014.599     2123.869
573  Blosum62      933.805      35  1937.611     1958.099     2045.022
574  Blosum62+I    930.664      36  1933.327     1955.163     2043.808
575  Blosum62+G4   930.770      36  1933.541     1955.377     2044.021
576  Blosum62+I+G4 930.663      37  1935.327     1958.566     2048.876
577  Blosum62+R2   930.814      37  1935.627     1958.867     2049.177
595  Blosum62+F    926.694      54  1961.389     2018.504     2127.110
596  Blosum62+F+I  923.675      55  1957.350     2017.155     2126.139
597  Blosum62+F+G4 923.862      55  1957.725     2017.530     2126.514
598  Blosum62+F+I+G4 923.692      56  1959.384     2021.972     2131.242
599  Blosum62+F+R2 923.863      56  1959.725     2022.314     2131.584
617  Dayhoff       936.491      35  1942.982     1963.470     2050.394
618  Dayhoff+I     932.870      36  1937.740     1959.576     2048.220
619  Dayhoff+G4    932.389      36  1936.777     1958.613     2047.258
620  Dayhoff+I+G4  932.631      37  1939.261     1962.501     2052.811
621  Dayhoff+R2    932.642      37  1939.285     1962.524     2052.834
639  Dayhoff+F     920.645      54  1949.291     2006.406     2115.012
640  Dayhoff+F+I   917.140      55  1944.280     2004.086     2113.070
641  Dayhoff+F+G4  916.983      55  1943.965     2003.771     2112.755
642  Dayhoff+F+I+G4 917.052      56  1946.104     2008.692     2117.962
643  Dayhoff+F+R2  917.112      56  1946.225     2008.813     2118.083
661  mtREV         963.886      35  1997.771     2018.259     2105.183
662  mtREV+I       956.477      36  1984.953     2006.789     2095.434
663  mtREV+G4      955.196      36  1982.392     2004.228     2092.873
664  mtREV+I+G4    955.516      37  1985.031     2008.271     2098.581
665  mtREV+R2      955.028      37  1984.056     2007.295     2097.605
683  mtREV+F       919.837      54  1947.674     2004.789     2113.395
684  mtREV+F+I     914.408      55  1938.816     1998.622     2107.606
685  mtREV+F+G4    913.755      55  1937.509     1997.315     2106.299
686  mtREV+F+I+G4  913.990      56  1939.981     2002.569     2111.840
687  mtREV+F+R2    913.779      56  1939.558     2002.146     2111.417
705  mtART         997.158      35  2064.315     2084.803     2171.727
706  mtART+I       982.946      36  2037.892     2059.728     2148.372
707  mtART+G4      978.139      36  2028.277     2050.113     2138.758
708  mtART+I+G4    978.469      37  2030.938     2054.178     2144.488
709  mtART+R2      977.861      37  2029.722     2052.962     2143.272
727  mtART+F       956.064      54  2020.128     2077.243     2185.848
728  mtART+F+I     945.628      55  2001.256     2061.062     2170.046
729  mtART+F+G4    942.470      55  1994.939     2054.745     2163.729
730  mtART+F+I+G4  942.949      56  1997.898     2060.486     2169.756
731  mtART+F+R2    941.612      56  1995.225     2057.813     2167.083
749  mtZOA         965.670      35  2001.341     2021.828     2108.752
750  mtZOA+I       956.704      36  1985.407     2007.243     2095.888
751  mtZOA+G4      954.547      36  1981.093     2002.929     2091.574
752  mtZOA+I+G4    954.892      37  1983.783     2007.023     2097.333
753  mtZOA+R2      954.102      37  1982.204     2005.443     2095.753
771  mtZOA+F       932.011      54  1972.022     2029.138     2137.743
772  mtZOA+F+I     926.269      55  1962.539     2022.345     2131.329
773  mtZOA+F+G4    925.328      55  1960.656     2020.461     2129.445
774  mtZOA+F+I+G4  925.629      56  1963.258     2025.846     2135.117
775  mtZOA+F+R2    925.290      56  1962.581     2025.169     2134.440
793  mtMet         963.962      35  1997.925     2018.413     2105.336
794  mtMet+I       957.713      36  1987.425     2009.261     2097.906
795  mtMet+G4      957.105      36  1986.211     2008.047     2096.691
796  mtMet+I+G4    957.217      37  1988.434     2011.673     2101.983
797  mtMet+R2      957.308      37  1988.615     2011.855     2102.165
815  mtMet+F       913.620      54  1935.240     1992.355     2100.961
816  mtMet+F+I     909.268      55  1928.536     1988.342     2097.326
817  mtMet+F+G4    909.135      55  1928.270     1988.076     2097.060
818  mtMet+F+I+G4  909.164      56  1930.327     1992.915     2102.186
819  mtMet+F+R2    909.340      56  1930.680     1993.269     2102.539
837  mtVer         965.684      35  2001.369     2021.857     2108.781
838  mtVer+I       959.019      36  1990.037     2011.873     2100.518
839  mtVer+G4      958.050      36  1988.100     2009.936     2098.580
840  mtVer+I+G4    958.217      37  1990.435     2013.675     2103.984
841  mtVer+R2      958.270      37  1990.541     2013.780     2104.090
859  mtVer+F       914.067      54  1936.133     1993.249     2101.854
860  mtVer+F+I     909.059      55  1928.118     1987.924     2096.908
861  mtVer+F+G4    908.937      55  1927.874     1987.680     2096.664
862  mtVer+F+I+G4  908.940      56  1929.880     1992.469     2101.739
863  mtVer+F+R2    909.143      56  1930.286     1992.874     2102.145
881  mtInv         974.474      35  2018.948     2039.436     2126.360
882  mtInv+I       968.766      36  2009.532     2031.368     2120.013
883  mtInv+G4      968.271      36  2008.542     2030.378     2119.023
884  mtInv+I+G4    968.375      37  2010.751     2033.990     2124.300
885  mtInv+R2      968.442      37  2010.885     2034.124     2124.434
903  mtInv+F       914.174      54  1936.349     1993.464     2102.070
904  mtInv+F+I     910.463      55  1930.925     1990.731     2099.715
905  mtInv+F+G4    910.231      55  1930.462     1990.267     2099.251
906  mtInv+F+I+G4  910.332      56  1932.664     1995.252     2104.522
907  mtInv+F+R2    910.469      56  1932.939     1995.527     2104.797
925  mtMAM         976.045      35  2022.090     2042.577     2129.501
926  mtMAM+I       964.261      36  2000.521     2022.358     2111.002
927  mtMAM+G4      961.594      36  1995.188     2017.024     2105.669
928  mtMAM+I+G4    961.854      37  1997.708     2020.948     2111.257
929  mtMAM+R2      961.613      37  1997.225     2020.465     2110.775
947  mtMAM+F       929.660      54  1967.319     2024.435     2133.040
948  mtMAM+F+I     919.560      55  1949.121     2008.927     2117.911
949  mtMAM+F+G4    918.792      55  1947.584     2007.390     2116.374
950  mtMAM+F+I+G4  918.940      56  1949.880     2012.468     2121.738
951  mtMAM+F+R2    918.876      56  1949.753     2012.341     2121.611
WARNING: Normalizing state frequencies so that sum of them equals to 1
969  FLAVI         940.257      35  1950.513     1971.001     2057.925
WARNING: Normalizing state frequencies so that sum of them equals to 1
970  FLAVI+I       932.270      36  1936.539     1958.375     2047.020
WARNING: Normalizing state frequencies so that sum of them equals to 1
971  FLAVI+G4      932.117      36  1936.233     1958.069     2046.714
WARNING: Normalizing state frequencies so that sum of them equals to 1
972  FLAVI+I+G4    932.056      37  1938.111     1961.351     2051.661
WARNING: Normalizing state frequencies so that sum of them equals to 1
973  FLAVI+R2      932.300      37  1938.600     1961.840     2052.149
WARNING: Normalizing state frequencies so that sum of them equals to 1
991  FLAVI+F       922.933      54  1953.866     2010.981     2119.587
WARNING: Normalizing state frequencies so that sum of them equals to 1
992  FLAVI+F+I     914.831      55  1939.662     1999.468     2108.452
WARNING: Normalizing state frequencies so that sum of them equals to 1
993  FLAVI+F+G4    915.097      55  1940.194     2000.000     2108.984
WARNING: Normalizing state frequencies so that sum of them equals to 1
994  FLAVI+F+I+G4  914.903      56  1941.806     2004.394     2113.665
WARNING: Normalizing state frequencies so that sum of them equals to 1
995  FLAVI+F+R2    915.275      56  1942.551     2005.139     2114.410
1013  HIVb          926.907      35  1923.813     1944.301     2031.225
1014  HIVb+I        921.672      36  1915.343     1937.179     2025.824
1015  HIVb+G4       921.472      36  1914.943     1936.779     2025.424
1016  HIVb+I+G4     921.466      37  1916.931     1940.171     2030.481
1017  HIVb+R2       921.676      37  1917.352     1940.592     2030.902
1035  HIVb+F        911.998      54  1931.997     1989.112     2097.718
1036  HIVb+F+I      905.982      55  1921.964     1981.770     2090.754
1037  HIVb+F+G4     905.935      55  1921.869     1981.675     2090.659
1038  HIVb+F+I+G4   905.851      56  1923.702     1986.290     2095.561
1039  HIVb+F+R2     906.148      56  1924.297     1986.885     2096.155
1057  HIVw          955.490      35  1980.980     2001.468     2088.392
1058  HIVw+I        951.311      36  1974.622     1996.458     2085.103
1059  HIVw+G4       950.768      36  1973.535     1995.371     2084.016
1060  HIVw+I+G4     950.959      37  1975.917     1999.157     2089.467
1061  HIVw+R2       951.120      37  1976.241     1999.480     2089.790
1079  HIVw+F        924.306      54  1956.611     2013.727     2122.332
1080  HIVw+F+I      918.530      55  1947.060     2006.866     2115.850
1081  HIVw+F+G4     918.284      55  1946.569     2006.374     2115.358
1082  HIVw+F+I+G4   918.265      56  1948.531     2011.119     2120.390
1083  HIVw+F+R2     918.568      56  1949.136     2011.724     2120.994
1101  FLU           934.624      35  1939.247     1959.735     2046.659
1102  FLU+I         929.672      36  1931.345     1953.181     2041.825
1103  FLU+G4        929.536      36  1931.072     1952.908     2041.552
1104  FLU+I+G4      929.552      37  1933.104     1956.343     2046.653
1105  FLU+R2        929.680      37  1933.360     1956.600     2046.910
1123  FLU+F         916.765      54  1941.529     1998.645     2107.250
1124  FLU+F+I       910.305      55  1930.611     1990.417     2099.400
1125  FLU+F+G4      910.590      55  1931.180     1990.986     2099.970
1126  FLU+F+I+G4    910.409      56  1932.818     1995.406     2104.676
1127  FLU+F+R2      910.595      56  1933.190     1995.779     2105.049
1145  rtREV         944.839      35  1959.679     1980.166     2067.090
1146  rtREV+I       941.007      36  1954.014     1975.850     2064.495
1147  rtREV+G4      940.878      36  1953.756     1975.592     2064.236
1148  rtREV+I+G4    940.920      37  1955.840     1979.079     2069.389
1149  rtREV+R2      941.079      37  1956.159     1979.398     2069.708
1167  rtREV+F       928.403      54  1964.806     2021.922     2130.527
1168  rtREV+F+I     924.600      55  1959.200     2019.006     2127.990
1169  rtREV+F+G4    924.556      55  1959.112     2018.918     2127.902
1170  rtREV+F+I+G4  924.556      56  1961.113     2023.701     2132.971
1171  rtREV+F+R2    924.753      56  1961.505     2024.094     2133.364
1189  cpREV         926.438      35  1922.877     1943.364     2030.288
1190  cpREV+I       922.507      36  1917.014     1938.850     2027.494
1191  cpREV+G4      922.275      36  1916.549     1938.385     2027.030
1192  cpREV+I+G4    922.345      37  1918.691     1941.930     2032.240
1193  cpREV+R2      922.577      37  1919.155     1942.395     2032.704
1211  cpREV+F       917.807      54  1943.615     2000.730     2109.336
1212  cpREV+F+I     913.825      55  1937.651     1997.457     2106.441
1213  cpREV+F+G4    913.583      55  1937.166     1996.972     2105.955
1214  cpREV+F+I+G4  913.657      56  1939.315     2001.903     2111.173
1215  cpREV+F+R2    913.894      56  1939.789     2002.377     2111.647
Akaike Information Criterion:           Q.bird+G4
Corrected Akaike Information Criterion: Q.bird+G4
Bayesian Information Criterion:         Q.bird+G4
Best-fit model: Q.bird+G4 chosen according to BIC

All model information printed to ./orthofinder/Results_Jul04/WorkingDirectory/Alignments_ids/OG0000092.model.gz
CPU time for ModelFinder: 4.502 seconds (0h:0m:4s)
Wall-clock time for ModelFinder: 16.676 seconds (0h:0m:16s)
WARNING: Normalizing state frequencies so that sum of them equals to 1

NOTE: 1 MB RAM (0 GB) is required!
Estimate model parameters (epsilon = 0.100)
1. Initial log-likelihood: -902.724
Optimal log-likelihood: -902.724
Gamma shape alpha: 0.973
Parameters optimization took 1 rounds (0.032 sec)
Wrote distance file to... 
Computing ML distances based on estimated model parameters...
Calculating distance matrix: done in 0.0337319 secs using 64.29% CPU
Computing ML distances took 0.033836 sec (of wall-clock time) 0.021785 sec (of CPU time)
Setting up auxiliary I and S matrices: done in 6.60419e-05 secs using 98.42% CPU
Constructing RapidNJ tree: done in 5.10216e-05 secs using 98% CPU
Computing RapidNJ tree took 0.000176 sec (of wall-clock time) 0.000173 sec (of CPU time)
Log-likelihood of RapidNJ tree: -912.464
--------------------------------------------------------------------
|             INITIALIZING CANDIDATE TREE SET                      |
--------------------------------------------------------------------
Generating 98 parsimony trees... 0.134 second
Computing log-likelihood of 98 initial trees ... 0.866 seconds
Current best score: -901.537

Do NNI search on 20 best initial trees
Optimizing NNI: done in 0.110856 secs using 13.42% CPU
Estimate model parameters (epsilon = 0.100)
BETTER TREE FOUND at iteration 1: -901.483
Optimizing NNI: done in 0.0984421 secs using 26.87% CPU
BETTER TREE FOUND at iteration 2: -901.483
Optimizing NNI: done in 0.098181 secs using 26.65% CPU
Optimizing NNI: done in 0.0587342 secs using 31.86% CPU
Optimizing NNI: done in 0.0980291 secs using 26.56% CPU
UPDATE BEST LOG-LIKELIHOOD: -901.483
Optimizing NNI: done in 0.121937 secs using 21.26% CPU
UPDATE BEST LOG-LIKELIHOOD: -901.483
Optimizing NNI: done in 0.066972 secs using 28.35% CPU
Optimizing NNI: done in 0.0909789 secs using 20.87% CPU
Optimizing NNI: done in 0.0707948 secs using 26.52% CPU
Optimizing NNI: done in 0.0984869 secs using 26.89% CPU
Iteration 10 / LogL: -901.495 / Time: 0h:0m:2s
Optimizing NNI: done in 0.0902102 secs using 23.38% CPU
Optimizing NNI: done in 0.121507 secs using 22% CPU
Optimizing NNI: done in 0.0669141 secs using 28.25% CPU
Optimizing NNI: done in 0.129938 secs using 26.13% CPU
Optimizing NNI: done in 0.13181 secs using 27.17% CPU
Optimizing NNI: done in 0.124101 secs using 22.65% CPU
Optimizing NNI: done in 0.09971 secs using 27.79% CPU
Optimizing NNI: done in 0.108148 secs using 26.04% CPU
Optimizing NNI: done in 0.0907578 secs using 20.67% CPU
Optimizing NNI: done in 0.0666349 secs using 27.97% CPU
Iteration 20 / LogL: -902.710 / Time: 0h:0m:3s
Finish initializing candidate tree set (15)
Current best tree score: -901.483 / CPU time: 3.043
Number of iterations: 20
--------------------------------------------------------------------
|               OPTIMIZING CANDIDATE TREE SET                      |
--------------------------------------------------------------------
Optimizing NNI: done in 0.148876 secs using 32.83% CPU
Optimizing NNI: done in 0.217905 secs using 28.47% CPU
Optimizing NNI: done in 0.204023 secs using 33.34% CPU
Optimizing NNI: done in 0.217096 secs using 28.14% CPU
Optimizing NNI: done in 0.0894639 secs using 32.96% CPU
Optimizing NNI: done in 0.154431 secs using 32.65% CPU
Optimizing NNI: done in 0.291019 secs using 27.15% CPU
Optimizing NNI: done in 0.202712 secs using 28.95% CPU
Optimizing NNI: done in 0.22854 secs using 26.88% CPU
Optimizing NNI: done in 0.176259 secs using 29.64% CPU
Iteration 30 / LogL: -901.483 / Time: 0h:0m:5s (0h:0m:12s left)
Optimizing NNI: done in 0.150579 secs using 30.95% CPU
Optimizing NNI: done in 0.0994279 secs using 39.62% CPU
Optimizing NNI: done in 0.171649 secs using 30.09% CPU
Optimizing NNI: done in 0.0417271 secs using 42.48% CPU
Optimizing NNI: done in 0.147114 secs using 34.74% CPU
Optimizing NNI: done in 0.110829 secs using 35.03% CPU
Optimizing NNI: done in 0.158755 secs using 31.97% CPU
Optimizing NNI: done in 0.172744 secs using 28.22% CPU
Optimizing NNI: done in 0.146246 secs using 34.35% CPU
Optimizing NNI: done in 0.116463 secs using 38.18% CPU
Iteration 40 / LogL: -901.484 / Time: 0h:0m:6s (0h:0m:10s left)
Optimizing NNI: done in 0.144898 secs using 33.74% CPU
Optimizing NNI: done in 0.134473 secs using 28.61% CPU
Optimizing NNI: done in 0.106144 secs using 35.94% CPU
Optimizing NNI: done in 0.143523 secs using 33.08% CPU
Optimizing NNI: done in 0.137686 secs using 33.17% CPU
Optimizing NNI: done in 0.143171 secs using 32.95% CPU
Optimizing NNI: done in 0.116024 secs using 34.5% CPU
Optimizing NNI: done in 0.279058 secs using 32.12% CPU
Optimizing NNI: done in 0.157459 secs using 32.13% CPU
Optimizing NNI: done in 0.106771 secs using 32.58% CPU
Iteration 50 / LogL: -901.496 / Time: 0h:0m:7s (0h:0m:8s left)
Optimizing NNI: done in 0.123182 secs using 31.81% CPU
Optimizing NNI: done in 0.119775 secs using 39.88% CPU
Optimizing NNI: done in 0.121718 secs using 47.43% CPU
Optimizing NNI: done in 0.115077 secs using 48.53% CPU
Optimizing NNI: done in 0.0681851 secs using 53.07% CPU
Optimizing NNI: done in 0.060302 secs using 78.73% CPU
Optimizing NNI: done in 0.0821211 secs using 51.29% CPU
Optimizing NNI: done in 0.054239 secs using 45.69% CPU
Optimizing NNI: done in 0.074995 secs using 59.25% CPU
Optimizing NNI: done in 0.0474348 secs using 100% CPU
Iteration 60 / LogL: -901.483 / Time: 0h:0m:8s (0h:0m:6s left)
Optimizing NNI: done in 0.0385339 secs using 100% CPU
Optimizing NNI: done in 0.0363989 secs using 100% CPU
Optimizing NNI: done in 0.154857 secs using 50.93% CPU
Optimizing NNI: done in 0.0714021 secs using 55.19% CPU
Optimizing NNI: done in 0.0423021 secs using 71.62% CPU
Optimizing NNI: done in 0.11554 secs using 41.15% CPU
Optimizing NNI: done in 0.077961 secs using 38.42% CPU
Optimizing NNI: done in 0.134721 secs using 28.73% CPU
Optimizing NNI: done in 0.072156 secs using 50.11% CPU
Optimizing NNI: done in 0.114823 secs using 44.27% CPU
Iteration 70 / LogL: -903.684 / Time: 0h:0m:9s (0h:0m:4s left)
Optimizing NNI: done in 0.0674899 secs using 34.81% CPU
Optimizing NNI: done in 0.080627 secs using 35.49% CPU
Optimizing NNI: done in 0.118607 secs using 32.53% CPU
Optimizing NNI: done in 0.112368 secs using 32.36% CPU
Optimizing NNI: done in 0.096168 secs using 50.09% CPU
Optimizing NNI: done in 0.0623982 secs using 48.73% CPU
Optimizing NNI: done in 0.14926 secs using 46.4% CPU
Optimizing NNI: done in 0.061224 secs using 47.73% CPU
Optimizing NNI: done in 0.070533 secs using 54.62% CPU
Optimizing NNI: done in 0.101076 secs using 52.84% CPU
Iteration 80 / LogL: -912.202 / Time: 0h:0m:10s (0h:0m:2s left)
Optimizing NNI: done in 0.067652 secs using 52.7% CPU
Optimizing NNI: done in 0.0842359 secs using 43.01% CPU
Optimizing NNI: done in 0.0618792 secs using 48.24% CPU
Optimizing NNI: done in 0.0661631 secs using 57.54% CPU
Optimizing NNI: done in 0.12882 secs using 50.32% CPU
Optimizing NNI: done in 0.067488 secs using 58.5% CPU
Optimizing NNI: done in 0.121947 secs using 47.52% CPU
Optimizing NNI: done in 0.097513 secs using 50.78% CPU
Optimizing NNI: done in 0.06861 secs using 59.18% CPU
Optimizing NNI: done in 0.0596349 secs using 100% CPU
Iteration 90 / LogL: -901.483 / Time: 0h:0m:11s (0h:0m:1s left)
Optimizing NNI: done in 0.0793688 secs using 59.64% CPU
Optimizing NNI: done in 0.0970089 secs using 50.52% CPU
Optimizing NNI: done in 0.123891 secs using 48.34% CPU
Optimizing NNI: done in 0.0801661 secs using 49.16% CPU
Optimizing NNI: done in 0.0596189 secs using 46.33% CPU
Optimizing NNI: done in 0.136417 secs using 50.15% CPU
Optimizing NNI: done in 0.0730851 secs using 56.22% CPU
Optimizing NNI: done in 0.0724189 secs using 55.81% CPU
Optimizing NNI: done in 0.092829 secs using 52.6% CPU
Optimizing NNI: done in 0.161753 secs using 38.18% CPU
Iteration 100 / LogL: -901.483 / Time: 0h:0m:12s (0h:0m:0s left)
Optimizing NNI: done in 0.115184 secs using 51.38% CPU
Optimizing NNI: done in 0.0858531 secs using 44.1% CPU
Optimizing NNI: done in 0.109635 secs using 45.27% CPU
TREE SEARCH COMPLETED AFTER 103 ITERATIONS / Time: 0h:0m:12s

--------------------------------------------------------------------
|                    FINALIZING TREE SEARCH                        |
--------------------------------------------------------------------
Performs final model parameters optimization
Estimate model parameters (epsilon = 0.010)
1. Initial log-likelihood: -901.483
Optimal log-likelihood: -901.483
Gamma shape alpha: 0.991
Parameters optimization took 1 rounds (0.007 sec)
BEST SCORE FOUND : -901.483
Total tree length: 0.673

Total number of iterations: 103
CPU time used for tree search: 4.758 sec (0h:0m:4s)
Wall-clock time used for tree search: 12.692 sec (0h:0m:12s)
Total CPU time used: 4.838 sec (0h:0m:4s)
Total wall-clock time used: 12.848 sec (0h:0m:12s)

Analysis results written to: 
  IQ-TREE report:                ./orthofinder/Results_Jul04/WorkingDirectory/Alignments_ids/OG0000092.iqtree
  Maximum-likelihood tree:       ./orthofinder/Results_Jul04/WorkingDirectory/Alignments_ids/OG0000092.treefile
  Likelihood distances:          ./orthofinder/Results_Jul04/WorkingDirectory/Alignments_ids/OG0000092.mldist
  Screen log file:               ./orthofinder/Results_Jul04/WorkingDirectory/Alignments_ids/OG0000092.log

Date and Time: Thu Jul  4 10:37:05 2024
