IQ-TREE multicore version 2.2.0.5 COVID-edition for Linux 64-bit built Sep 26 2022
Developed by Bui Quang Minh, James Barbetti, Nguyen Lam Tung,
Olga Chernomor, Heiko Schmidt, Dominik Schrempf, Michael Woodhams, Ly Trong Nhan.

Host:    c148 (AVX2, FMA3, 503 GB RAM)
Command: iqtree -s ./orthofinder/Results_Jul04/WorkingDirectory/Alignments_ids/OG0000052.fa -pre ./orthofinder/Results_Jul04/WorkingDirectory/Alignments_ids/OG0000052
Seed:    651879 (Using SPRNG - Scalable Parallel Random Number Generator)
Time:    Thu Jul  4 10:36:04 2024
Kernel:  AVX+FMA - 1 threads (24 CPU cores detected)

HINT: Use -nt option to specify number of threads because your CPU has 24 cores!
HINT: -nt AUTO will automatically determine the best number of threads to use.

Reading alignment file ./orthofinder/Results_Jul04/WorkingDirectory/Alignments_ids/OG0000052.fa ... Fasta format detected
Reading fasta file: done in 0.000346899 secs using 89.07% CPU
Alignment most likely contains protein sequences
Constructing alignment: done in 0.000213146 secs using 99.93% CPU
Alignment has 35 sequences with 462 columns, 238 distinct patterns
237 parsimony-informative, 2 singleton sites, 223 constant sites
        Gap/Ambiguity  Composition  p-value
Analyzing sequences: done in 1.38283e-05 secs using 108.5% CPU
   1  0_94     16.45%    passed    100.00%
   2  2_96     16.23%    passed    100.00%
   3  3_101    16.23%    passed    100.00%
   4  4_94     16.23%    passed    100.00%
   5  5_104    16.23%    passed    100.00%
   6  6_90     15.80%    passed    100.00%
   7  9_93     16.23%    passed    100.00%
   8  11_90    16.23%    passed    100.00%
   9  15_90    16.45%    passed     99.98%
  10  16_90    16.45%    passed     99.98%
  11  17_93    16.23%    passed    100.00%
  12  18_90    16.23%    passed    100.00%
  13  19_93    16.23%    passed    100.00%
  14  20_92    16.45%    passed    100.00%
  15  21_91    16.23%    passed    100.00%
  16  22_95    16.45%    passed    100.00%
  17  23_54    18.18%    failed      0.00%
  18  25_55    18.18%    failed      0.00%
  19  26_111   16.23%    passed    100.00%
  20  27_94    16.45%    passed    100.00%
  21  28_98    16.45%    passed    100.00%
  22  29_94    16.23%    passed    100.00%
  23  31_34    18.18%    failed      0.00%
  24  32_104   16.23%    passed    100.00%
  25  33_105   16.23%    passed    100.00%
  26  34_36    16.23%    passed    100.00%
  27  35_112   16.23%    passed    100.00%
  28  36_92    16.23%    passed    100.00%
  29  37_94    16.23%    passed    100.00%
  30  38_79    18.18%    failed      0.00%
  31  39_90    16.23%    passed    100.00%
  32  40_92    16.23%    passed    100.00%
  33  41_94    16.23%    passed    100.00%
  34  42_93    16.45%    passed    100.00%
  35  43_91    16.23%    passed    100.00%
****  TOTAL    16.49%  4 sequences failed composition chi2 test (p-value<5%; df=19)
NOTE: 20_92 is identical to 0_94 but kept for subsequent analysis
NOTE: 9_93 is identical to 4_94 but kept for subsequent analysis
NOTE: 19_93 is identical to 18_90 but kept for subsequent analysis
NOTE: 25_55 is identical to 23_54 but kept for subsequent analysis
Checking for duplicate sequences: done in 4.3869e-05 secs using 100.3% CPU
Identifying sites to remove: done in 7.20024e-05 secs using 100% CPU
NOTE: 19 identical sequences (see below) will be ignored for subsequent analysis
NOTE: 22_95 (identical to 0_94) is ignored but added at the end
NOTE: 27_94 (identical to 0_94) is ignored but added at the end
NOTE: 28_98 (identical to 0_94) is ignored but added at the end
NOTE: 42_93 (identical to 0_94) is ignored but added at the end
NOTE: 11_90 (identical to 4_94) is ignored but added at the end
NOTE: 21_91 (identical to 4_94) is ignored but added at the end
NOTE: 26_111 (identical to 4_94) is ignored but added at the end
NOTE: 32_104 (identical to 4_94) is ignored but added at the end
NOTE: 33_105 (identical to 4_94) is ignored but added at the end
NOTE: 39_90 (identical to 4_94) is ignored but added at the end
NOTE: 40_92 (identical to 4_94) is ignored but added at the end
NOTE: 29_94 (identical to 18_90) is ignored but added at the end
NOTE: 34_36 (identical to 18_90) is ignored but added at the end
NOTE: 35_112 (identical to 18_90) is ignored but added at the end
NOTE: 36_92 (identical to 18_90) is ignored but added at the end
NOTE: 37_94 (identical to 18_90) is ignored but added at the end
NOTE: 43_91 (identical to 18_90) is ignored but added at the end
NOTE: 31_34 (identical to 23_54) is ignored but added at the end
NOTE: 38_79 (identical to 23_54) is ignored but added at the end
Alignment was printed to ./orthofinder/Results_Jul04/WorkingDirectory/Alignments_ids/OG0000052.uniqueseq.phy

For your convenience alignment with unique sequences printed to ./orthofinder/Results_Jul04/WorkingDirectory/Alignments_ids/OG0000052.uniqueseq.phy


Create initial parsimony tree by phylogenetic likelihood library (PLL)... 0.000 seconds
Perform fast likelihood tree search using LG+I+G model...
Estimate model parameters (epsilon = 5.000)
Perform nearest neighbor interchange...
Optimizing NNI: done in 0.027513 secs using 99.99% CPU
Estimate model parameters (epsilon = 1.000)
1. Initial log-likelihood: -2621.918
Optimal log-likelihood: -2620.424
Proportion of invariable sites: 0.173
Gamma shape alpha: 2.457
Parameters optimization took 1 rounds (0.025 sec)
Time for fast ML tree search: 0.142 seconds

NOTE: ModelFinder requires 6 MB RAM!
ModelFinder will test up to 1232 protein models (sample size: 462) ...
 No. Model         -LnL         df  AIC          AICc         BIC
  1  LG            2630.184     29  5318.368     5322.395     5438.299
  2  LG+I          2620.719     30  5301.438     5305.754     5425.505
  3  LG+G4         2618.584     30  5297.168     5301.484     5421.235
  4  LG+I+G4       2619.123     31  5300.246     5304.860     5428.448
  5  LG+R2         2619.515     31  5301.031     5305.644     5429.233
  6  LG+R3         2618.885     33  5303.769     5309.012     5440.243
 14  LG+I+R2       2618.882     32  5301.765     5306.688     5434.103
 15  LG+I+R3       2616.181     34  5300.361     5305.935     5440.970
 24  LG+F+I        2603.375     49  5304.749     5316.642     5507.392
 25  LG+F+G4       2600.943     49  5299.886     5311.779     5502.528
 26  LG+F+I+G4     2601.621     50  5303.241     5315.650     5510.020
 27  LG+F+R2       2601.782     50  5303.565     5315.974     5510.343
 46  WAG+I         2617.767     30  5295.534     5299.850     5419.601
 47  WAG+G4        2615.752     30  5291.504     5295.819     5415.571
 48  WAG+I+G4      2616.733     31  5295.466     5300.080     5423.668
 49  WAG+R2        2616.257     31  5294.515     5299.129     5422.718
 68  WAG+F+I       2599.968     49  5297.935     5309.829     5500.578
 69  WAG+F+G4      2597.599     49  5293.197     5305.091     5495.840
 70  WAG+F+I+G4    2598.662     50  5297.323     5309.732     5504.102
 71  WAG+F+R2      2598.064     50  5296.128     5308.537     5502.907
 90  JTT+I         2617.759     30  5295.518     5299.834     5419.585
 91  JTT+G4        2616.830     30  5293.660     5297.976     5417.727
 92  JTT+I+G4      2616.940     31  5295.879     5300.493     5424.082
 93  JTT+R2        2617.572     31  5297.143     5301.757     5425.346
112  JTT+F+I       2603.363     49  5304.727     5316.620     5507.370
113  JTT+F+G4      2602.418     49  5302.837     5314.730     5505.480
114  JTT+F+I+G4    2602.543     50  5305.086     5317.494     5511.864
115  JTT+F+R2      2603.248     50  5306.496     5318.904     5513.274
WARNING: Normalizing state frequencies so that sum of them equals to 1
134  Q.pfam+I      2618.485     30  5296.970     5301.286     5421.037
WARNING: Normalizing state frequencies so that sum of them equals to 1
135  Q.pfam+G4     2617.119     30  5294.238     5298.553     5418.305
WARNING: Normalizing state frequencies so that sum of them equals to 1
136  Q.pfam+I+G4   2617.381     31  5296.763     5301.377     5424.965
WARNING: Normalizing state frequencies so that sum of them equals to 1
137  Q.pfam+R2     2618.043     31  5298.086     5302.700     5426.289
WARNING: Normalizing state frequencies so that sum of them equals to 1
156  Q.pfam+F+I    2603.154     49  5304.309     5316.202     5506.951
WARNING: Normalizing state frequencies so that sum of them equals to 1
157  Q.pfam+F+G4   2601.703     49  5301.406     5313.300     5504.049
WARNING: Normalizing state frequencies so that sum of them equals to 1
158  Q.pfam+F+I+G4 2601.994     50  5303.987     5316.396     5510.766
WARNING: Normalizing state frequencies so that sum of them equals to 1
159  Q.pfam+F+R2   2602.635     50  5305.270     5317.679     5512.048
WARNING: Normalizing state frequencies so that sum of them equals to 1
178  Q.bird+I      2636.561     30  5333.122     5337.438     5457.189
WARNING: Normalizing state frequencies so that sum of them equals to 1
179  Q.bird+G4     2637.488     30  5334.977     5339.293     5459.044
WARNING: Normalizing state frequencies so that sum of them equals to 1
180  Q.bird+I+G4   2635.860     31  5333.720     5338.334     5461.922
WARNING: Normalizing state frequencies so that sum of them equals to 1
181  Q.bird+R2     2640.297     31  5342.594     5347.208     5470.796
WARNING: Normalizing state frequencies so that sum of them equals to 1
200  Q.bird+F+I    2612.239     49  5322.479     5334.372     5525.121
WARNING: Normalizing state frequencies so that sum of them equals to 1
201  Q.bird+F+G4   2613.657     49  5325.313     5337.206     5527.956
WARNING: Normalizing state frequencies so that sum of them equals to 1
202  Q.bird+F+I+G4 2611.614     50  5323.228     5335.636     5530.006
WARNING: Normalizing state frequencies so that sum of them equals to 1
203  Q.bird+F+R2   2617.259     50  5334.519     5346.927     5541.297
WARNING: Normalizing state frequencies so that sum of them equals to 1
222  Q.mammal+I    2636.049     30  5332.099     5336.414     5456.166
WARNING: Normalizing state frequencies so that sum of them equals to 1
223  Q.mammal+G4   2636.991     30  5333.983     5338.298     5458.050
WARNING: Normalizing state frequencies so that sum of them equals to 1
224  Q.mammal+I+G4 2635.506     31  5333.012     5337.626     5461.215
WARNING: Normalizing state frequencies so that sum of them equals to 1
225  Q.mammal+R2   2638.807     31  5339.614     5344.228     5467.817
WARNING: Normalizing state frequencies so that sum of them equals to 1
244  Q.mammal+F+I  2608.838     49  5315.677     5327.570     5518.319
WARNING: Normalizing state frequencies so that sum of them equals to 1
245  Q.mammal+F+G4 2610.387     49  5318.775     5330.668     5521.417
WARNING: Normalizing state frequencies so that sum of them equals to 1
246  Q.mammal+F+I+G4 2608.409     50  5316.819     5329.227     5523.597
WARNING: Normalizing state frequencies so that sum of them equals to 1
247  Q.mammal+F+R2 2612.638     50  5325.276     5337.685     5532.055
266  Q.insect+I    2647.317     30  5354.633     5358.949     5478.700
267  Q.insect+G4   2646.423     30  5352.845     5357.161     5476.912
268  Q.insect+I+G4 2646.119     31  5354.237     5358.851     5482.440
269  Q.insect+R2   2647.646     31  5357.291     5361.905     5485.494
288  Q.insect+F+I  2609.240     49  5316.479     5328.372     5519.122
289  Q.insect+F+G4 2607.240     49  5312.480     5324.373     5515.122
290  Q.insect+F+I+G4 2607.557     50  5315.113     5327.522     5521.892
291  Q.insect+F+R2 2608.412     50  5316.823     5329.232     5523.601
WARNING: Normalizing state frequencies so that sum of them equals to 1
310  Q.plant+I     2632.200     30  5324.400     5328.716     5448.467
WARNING: Normalizing state frequencies so that sum of them equals to 1
311  Q.plant+G4    2632.331     30  5324.663     5328.978     5448.730
WARNING: Normalizing state frequencies so that sum of them equals to 1
312  Q.plant+I+G4  2631.272     31  5324.543     5329.157     5452.746
WARNING: Normalizing state frequencies so that sum of them equals to 1
313  Q.plant+R2    2634.118     31  5330.236     5334.850     5458.439
WARNING: Normalizing state frequencies so that sum of them equals to 1
332  Q.plant+F+I   2604.147     49  5306.293     5318.186     5508.936
WARNING: Normalizing state frequencies so that sum of them equals to 1
333  Q.plant+F+G4  2603.612     49  5305.223     5317.117     5507.866
WARNING: Normalizing state frequencies so that sum of them equals to 1
334  Q.plant+F+I+G4 2603.026     50  5306.053     5318.462     5512.831
WARNING: Normalizing state frequencies so that sum of them equals to 1
335  Q.plant+F+R2  2605.501     50  5311.002     5323.411     5517.780
WARNING: Normalizing state frequencies so that sum of them equals to 1
354  Q.yeast+I     2657.511     30  5375.021     5379.337     5499.088
WARNING: Normalizing state frequencies so that sum of them equals to 1
355  Q.yeast+G4    2657.091     30  5374.182     5378.498     5498.249
WARNING: Normalizing state frequencies so that sum of them equals to 1
356  Q.yeast+I+G4  2656.464     31  5374.927     5379.541     5503.130
WARNING: Normalizing state frequencies so that sum of them equals to 1
357  Q.yeast+R2    2658.467     31  5378.934     5383.548     5507.136
WARNING: Normalizing state frequencies so that sum of them equals to 1
376  Q.yeast+F+I   2606.857     49  5311.714     5323.608     5514.357
WARNING: Normalizing state frequencies so that sum of them equals to 1
377  Q.yeast+F+G4  2605.718     49  5309.437     5321.330     5512.079
WARNING: Normalizing state frequencies so that sum of them equals to 1
378  Q.yeast+F+I+G4 2605.604     50  5311.208     5323.617     5517.986
WARNING: Normalizing state frequencies so that sum of them equals to 1
379  Q.yeast+F+R2  2607.131     50  5314.263     5326.672     5521.041
398  JTTDCMut+I    2618.616     30  5297.231     5301.547     5421.298
399  JTTDCMut+G4   2617.663     30  5295.326     5299.642     5419.393
400  JTTDCMut+I+G4 2617.810     31  5297.619     5302.233     5425.822
401  JTTDCMut+R2   2618.380     31  5298.759     5303.373     5426.962
420  JTTDCMut+F+I  2603.435     49  5304.870     5316.764     5507.513
421  JTTDCMut+F+G4 2602.460     49  5302.919     5314.812     5505.562
422  JTTDCMut+F+I+G4 2602.621     50  5305.242     5317.651     5512.021
423  JTTDCMut+F+R2 2603.262     50  5306.524     5318.933     5513.302
442  DCMut+I       2644.873     30  5349.747     5354.062     5473.813
443  DCMut+G4      2642.428     30  5344.857     5349.172     5468.924
444  DCMut+I+G4    2643.070     31  5348.140     5352.754     5476.342
445  DCMut+R2      2643.183     31  5348.366     5352.980     5476.569
464  DCMut+F+I     2606.698     49  5311.396     5323.289     5514.038
465  DCMut+F+G4    2604.196     49  5306.392     5318.285     5509.035
466  DCMut+F+I+G4  2604.848     50  5309.696     5322.105     5516.474
467  DCMut+F+R2    2605.107     50  5310.214     5322.623     5516.993
486  VT+I          2623.377     30  5306.755     5311.070     5430.822
487  VT+G4         2621.525     30  5303.049     5307.365     5427.116
488  VT+I+G4       2622.583     31  5307.166     5311.780     5435.369
489  VT+R2         2621.858     31  5305.716     5310.330     5433.918
508  VT+F+I        2605.797     49  5309.593     5321.486     5512.236
509  VT+F+G4       2603.746     49  5305.493     5317.386     5508.135
510  VT+F+I+G4     2604.830     50  5309.661     5322.069     5516.439
511  VT+F+R2       2604.032     50  5308.063     5320.472     5514.841
530  PMB+I         2637.070     30  5334.140     5338.455     5458.207
531  PMB+G4        2635.503     30  5331.006     5335.322     5455.073
532  PMB+I+G4      2636.588     31  5335.176     5339.790     5463.378
533  PMB+R2        2635.784     31  5333.568     5338.182     5461.771
552  PMB+F+I       2613.214     49  5324.429     5336.322     5527.072
553  PMB+F+G4      2611.312     49  5320.624     5332.517     5523.267
554  PMB+F+I+G4    2612.473     50  5324.947     5337.355     5531.725
555  PMB+F+R2      2611.533     50  5323.065     5335.474     5529.844
574  Blosum62+I    2632.911     30  5325.822     5330.137     5449.888
575  Blosum62+G4   2631.407     30  5322.813     5327.129     5446.880
576  Blosum62+I+G4 2632.512     31  5327.024     5331.638     5455.227
577  Blosum62+R2   2631.720     31  5325.439     5330.053     5453.642
596  Blosum62+F+I  2609.711     49  5317.421     5329.314     5520.064
597  Blosum62+F+G4 2607.779     49  5313.558     5325.451     5516.201
598  Blosum62+F+I+G4 2608.971     50  5317.942     5330.351     5524.720
599  Blosum62+F+R2 2608.035     50  5316.070     5328.479     5522.849
618  Dayhoff+I     2644.826     30  5349.653     5353.968     5473.719
619  Dayhoff+G4    2642.379     30  5344.757     5349.073     5468.824
620  Dayhoff+I+G4  2643.011     31  5348.022     5352.636     5476.224
621  Dayhoff+R2    2643.143     31  5348.285     5352.899     5476.488
640  Dayhoff+F+I   2606.677     49  5311.353     5323.246     5513.996
641  Dayhoff+F+G4  2604.176     49  5306.352     5318.245     5508.995
642  Dayhoff+F+I+G4 2604.819     50  5309.638     5322.047     5516.416
643  Dayhoff+F+R2  2605.098     50  5310.196     5322.605     5516.974
662  mtREV+I       2764.619     30  5589.238     5593.553     5713.305
663  mtREV+G4      2763.304     30  5586.608     5590.923     5710.675
664  mtREV+I+G4    2762.547     31  5587.093     5591.707     5715.296
665  mtREV+R2      2768.176     31  5598.352     5602.966     5726.555
684  mtREV+F+I     2624.180     49  5346.359     5358.252     5549.002
685  mtREV+F+G4    2619.715     49  5337.431     5349.324     5540.073
686  mtREV+F+I+G4  2620.131     50  5340.263     5352.672     5547.041
687  mtREV+F+R2    2623.472     50  5346.944     5359.353     5553.722
706  mtART+I       2827.042     30  5714.084     5718.400     5838.151
707  mtART+G4      2824.866     30  5709.733     5714.048     5833.800
708  mtART+I+G4    2821.628     31  5705.256     5709.870     5833.459
709  mtART+R2      2842.789     31  5747.579     5752.192     5875.781
728  mtART+F+I     2658.693     49  5415.387     5427.280     5618.030
729  mtART+F+G4    2651.016     49  5400.031     5411.924     5602.674
730  mtART+F+I+G4  2649.900     50  5399.800     5412.209     5606.579
731  mtART+F+R2    2669.192     50  5438.384     5450.793     5645.162
750  mtZOA+I       2763.141     30  5586.281     5590.597     5710.348
751  mtZOA+G4      2765.319     30  5590.638     5594.954     5714.705
752  mtZOA+I+G4    2762.007     31  5586.013     5590.627     5714.216
753  mtZOA+R2      2773.619     31  5609.238     5613.852     5737.440
772  mtZOA+F+I     2630.176     49  5358.353     5370.246     5560.995
773  mtZOA+F+G4    2626.072     49  5350.144     5362.037     5552.787
774  mtZOA+F+I+G4  2625.799     50  5351.599     5364.008     5558.377
775  mtZOA+F+R2    2634.887     50  5369.775     5382.184     5576.553
794  mtMet+I       2803.558     30  5667.117     5671.432     5791.184
795  mtMet+G4      2806.733     30  5673.466     5677.781     5797.533
796  mtMet+I+G4    2803.208     31  5668.415     5673.029     5796.618
797  mtMet+R2      2810.973     31  5683.946     5688.560     5812.148
816  mtMet+F+I     2620.602     49  5339.203     5351.097     5541.846
817  mtMet+F+G4    2618.150     49  5334.300     5346.194     5536.943
818  mtMet+F+I+G4  2617.745     50  5335.489     5347.898     5542.268
819  mtMet+F+R2    2623.756     50  5347.512     5359.921     5554.290
838  mtVer+I       2773.462     30  5606.925     5611.240     5730.992
839  mtVer+G4      2776.861     30  5613.722     5618.038     5737.789
840  mtVer+I+G4    2772.845     31  5607.690     5612.304     5735.893
841  mtVer+R2      2784.799     31  5631.598     5636.212     5759.801
860  mtVer+F+I     2621.824     49  5341.648     5353.541     5544.290
861  mtVer+F+G4    2619.473     49  5336.945     5348.838     5539.588
862  mtVer+F+I+G4  2618.731     50  5337.462     5349.871     5544.240
863  mtVer+F+R2    2627.551     50  5355.103     5367.511     5561.881
882  mtInv+I       2862.036     30  5784.073     5788.388     5908.139
883  mtInv+G4      2864.661     30  5789.322     5793.638     5913.389
884  mtInv+I+G4    2861.760     31  5785.520     5790.134     5913.723
885  mtInv+R2      2865.939     31  5793.879     5798.493     5922.081
904  mtInv+F+I     2616.757     49  5331.514     5343.407     5534.156
905  mtInv+F+G4    2613.688     49  5325.376     5337.269     5528.018
906  mtInv+F+I+G4  2613.932     50  5327.865     5340.274     5534.643
907  mtInv+F+R2    2616.599     50  5333.199     5345.608     5539.977
926  mtMAM+I       2783.548     30  5627.096     5631.411     5751.163
927  mtMAM+G4      2784.390     30  5628.781     5633.096     5752.848
928  mtMAM+I+G4    2779.874     31  5621.749     5626.363     5749.951
929  mtMAM+R2      2800.319     31  5662.637     5667.251     5790.840
948  mtMAM+F+I     2640.967     49  5379.933     5391.826     5582.576
949  mtMAM+F+G4    2637.898     49  5373.796     5385.689     5576.439
950  mtMAM+F+I+G4  2635.536     50  5371.072     5383.481     5577.850
951  mtMAM+F+R2    2652.136     50  5404.271     5416.680     5611.049
WARNING: Normalizing state frequencies so that sum of them equals to 1
970  FLAVI+I       2668.532     30  5397.064     5401.379     5521.130
WARNING: Normalizing state frequencies so that sum of them equals to 1
971  FLAVI+G4      2667.814     30  5395.628     5399.944     5519.695
WARNING: Normalizing state frequencies so that sum of them equals to 1
972  FLAVI+I+G4    2666.288     31  5394.575     5399.189     5522.778
WARNING: Normalizing state frequencies so that sum of them equals to 1
973  FLAVI+R2      2676.388     31  5414.777     5419.391     5542.979
WARNING: Normalizing state frequencies so that sum of them equals to 1
992  FLAVI+F+I     2633.195     49  5364.390     5376.283     5567.032
WARNING: Normalizing state frequencies so that sum of them equals to 1
993  FLAVI+F+G4    2631.546     49  5361.093     5372.986     5563.735
WARNING: Normalizing state frequencies so that sum of them equals to 1
994  FLAVI+F+I+G4  2630.289     50  5360.577     5372.986     5567.356
WARNING: Normalizing state frequencies so that sum of them equals to 1
995  FLAVI+F+R2    2641.029     50  5382.057     5394.466     5588.835
1014  HIVb+I        2644.828     30  5349.656     5353.972     5473.723
1015  HIVb+G4       2643.766     30  5347.531     5351.847     5471.598
1016  HIVb+I+G4     2643.401     31  5348.801     5353.415     5477.004
1017  HIVb+R2       2645.217     31  5352.435     5357.049     5480.637
1036  HIVb+F+I      2611.572     49  5321.144     5333.037     5523.786
1037  HIVb+F+G4     2610.171     49  5318.342     5330.236     5520.985
1038  HIVb+F+I+G4   2609.997     50  5319.994     5332.403     5526.772
1039  HIVb+F+R2     2612.362     50  5324.723     5337.132     5531.501
1058  HIVw+I        2717.066     30  5494.132     5498.448     5618.199
1059  HIVw+G4       2716.174     30  5492.347     5496.663     5616.414
1060  HIVw+I+G4     2715.328     31  5492.656     5497.270     5620.859
1061  HIVw+R2       2720.232     31  5502.464     5507.078     5630.667
1080  HIVw+F+I      2627.521     49  5353.041     5364.934     5555.684
1081  HIVw+F+G4     2625.918     49  5349.835     5361.728     5552.478
1082  HIVw+F+I+G4   2625.448     50  5350.896     5363.305     5557.674
1083  HIVw+F+R2     2630.646     50  5361.293     5373.701     5568.071
1102  FLU+I         2658.074     30  5376.148     5380.463     5500.215
1103  FLU+G4        2659.504     30  5379.008     5383.323     5503.075
1104  FLU+I+G4      2657.476     31  5376.951     5381.565     5505.154
1105  FLU+R2        2662.262     31  5386.525     5391.139     5514.727
1124  FLU+F+I       2608.613     49  5315.226     5327.119     5517.868
1125  FLU+F+G4      2609.665     49  5317.330     5329.223     5519.972
1126  FLU+F+I+G4    2607.978     50  5315.955     5328.364     5522.733
1127  FLU+F+R2      2612.702     50  5325.405     5337.814     5532.183
1146  rtREV+I       2656.027     30  5372.055     5376.370     5496.122
1147  rtREV+G4      2654.337     30  5368.673     5372.989     5492.740
1148  rtREV+I+G4    2654.723     31  5371.447     5376.061     5499.650
1149  rtREV+R2      2655.245     31  5372.490     5377.104     5500.692
1168  rtREV+F+I     2613.342     49  5324.683     5336.576     5527.326
1169  rtREV+F+G4    2611.325     49  5320.650     5332.544     5523.293
1170  rtREV+F+I+G4  2611.782     50  5323.564     5335.973     5530.343
1171  rtREV+F+R2    2612.342     50  5324.684     5337.092     5531.462
1190  cpREV+I       2644.313     30  5348.626     5352.942     5472.693
1191  cpREV+G4      2641.501     30  5343.001     5347.317     5467.068
1192  cpREV+I+G4    2642.504     31  5347.007     5351.621     5475.210
1193  cpREV+R2      2642.228     31  5346.455     5351.069     5474.658
1212  cpREV+F+I     2605.256     49  5308.511     5320.404     5511.154
1213  cpREV+F+G4    2601.257     49  5300.514     5312.408     5503.157
1214  cpREV+F+I+G4  2602.290     50  5304.581     5316.989     5511.359
1215  cpREV+F+R2    2601.807     50  5303.613     5316.022     5510.392
Akaike Information Criterion:           WAG+G4
Corrected Akaike Information Criterion: WAG+G4
Bayesian Information Criterion:         WAG+G4
Best-fit model: WAG+G4 chosen according to BIC

All model information printed to ./orthofinder/Results_Jul04/WorkingDirectory/Alignments_ids/OG0000052.model.gz
CPU time for ModelFinder: 16.007 seconds (0h:0m:16s)
Wall-clock time for ModelFinder: 34.618 seconds (0h:0m:34s)

NOTE: 2 MB RAM (0 GB) is required!
Estimate model parameters (epsilon = 0.100)
1. Initial log-likelihood: -2615.752
Optimal log-likelihood: -2615.727
Gamma shape alpha: 1.534
Parameters optimization took 1 rounds (0.044 sec)
Wrote distance file to... 
Computing ML distances based on estimated model parameters...
Calculating distance matrix: done in 0.0307839 secs using 48.03% CPU
Computing ML distances took 0.030845 sec (of wall-clock time) 0.014845 sec (of CPU time)
Setting up auxiliary I and S matrices: done in 2.69413e-05 secs using 100.2% CPU
Constructing RapidNJ tree: done in 4.41074e-05 secs using 99.76% CPU
Computing RapidNJ tree took 0.000103 sec (of wall-clock time) 0.000101 sec (of CPU time)
Log-likelihood of RapidNJ tree: -2615.018
--------------------------------------------------------------------
|             INITIALIZING CANDIDATE TREE SET                      |
--------------------------------------------------------------------
Generating 98 parsimony trees... 0.085 second
Computing log-likelihood of 98 initial trees ... 0.761 seconds
Current best score: -2615.018

Do NNI search on 20 best initial trees
Optimizing NNI: done in 0.0640469 secs using 50.04% CPU
Estimate model parameters (epsilon = 0.100)
BETTER TREE FOUND at iteration 1: -2614.298
Optimizing NNI: done in 0.063957 secs using 44.38% CPU
Optimizing NNI: done in 0.0898039 secs using 47.17% CPU
Optimizing NNI: done in 0.0956528 secs using 49.81% CPU
Optimizing NNI: done in 0.0951869 secs using 49.56% CPU
Optimizing NNI: done in 0.0933261 secs using 44.25% CPU
Optimizing NNI: done in 0.0860641 secs using 54.48% CPU
Optimizing NNI: done in 0.101017 secs using 46.58% CPU
Optimizing NNI: done in 0.085063 secs using 47.93% CPU
Optimizing NNI: done in 0.0948541 secs using 49.39% CPU
Iteration 10 / LogL: -2615.713 / Time: 0h:0m:1s
Optimizing NNI: done in 0.101891 secs using 48.95% CPU
Optimizing NNI: done in 0.0899029 secs using 37.7% CPU
Optimizing NNI: done in 0.0975831 secs using 50.8% CPU
Optimizing NNI: done in 0.074338 secs using 56.97% CPU
Optimizing NNI: done in 0.0652049 secs using 52% CPU
Optimizing NNI: done in 0.0975859 secs using 50.8% CPU
Optimizing NNI: done in 0.0657489 secs using 51.22% CPU
Optimizing NNI: done in 0.0915658 secs using 53.97% CPU
Optimizing NNI: done in 0.113513 secs using 43.67% CPU
Optimizing NNI: done in 0.097527 secs using 50.78% CPU
Iteration 20 / LogL: -2615.713 / Time: 0h:0m:2s
Finish initializing candidate tree set (5)
Current best tree score: -2614.298 / CPU time: 2.759
Number of iterations: 20
--------------------------------------------------------------------
|               OPTIMIZING CANDIDATE TREE SET                      |
--------------------------------------------------------------------
Optimizing NNI: done in 0.271684 secs using 50.46% CPU
UPDATE BEST LOG-LIKELIHOOD: -2614.298
Optimizing NNI: done in 0.160364 secs using 40.08% CPU
Optimizing NNI: done in 0.386495 secs using 45.15% CPU
Optimizing NNI: done in 0.151809 secs using 36.41% CPU
Optimizing NNI: done in 0.127275 secs using 52.81% CPU
BETTER TREE FOUND at iteration 25: -2614.298
Optimizing NNI: done in 0.37128 secs using 51.06% CPU
Optimizing NNI: done in 0.202539 secs using 41.76% CPU
Estimate model parameters (epsilon = 0.100)
BETTER TREE FOUND at iteration 27: -2614.207
Optimizing NNI: done in 0.208488 secs using 50.1% CPU
Optimizing NNI: done in 0.23383 secs using 44.86% CPU
Optimizing NNI: done in 0.129758 secs using 38.33% CPU
UPDATE BEST LOG-LIKELIHOOD: -2614.207
Iteration 30 / LogL: -2614.207 / Time: 0h:0m:5s (0h:0m:17s left)
Optimizing NNI: done in 0.154579 secs using 44.49% CPU
Optimizing NNI: done in 0.093025 secs using 51.73% CPU
Optimizing NNI: done in 0.175508 secs using 44.48% CPU
Optimizing NNI: done in 0.115778 secs using 51.6% CPU
Optimizing NNI: done in 0.161713 secs using 52.44% CPU
Optimizing NNI: done in 0.155496 secs using 45.94% CPU
Optimizing NNI: done in 0.179324 secs using 42% CPU
Optimizing NNI: done in 0.178471 secs using 49.7% CPU
Optimizing NNI: done in 0.185528 secs using 35.37% CPU
Optimizing NNI: done in 0.169589 secs using 37.33% CPU
Iteration 40 / LogL: -3464.385 / Time: 0h:0m:6s (0h:0m:15s left)
Optimizing NNI: done in 0.13569 secs using 47.71% CPU
BETTER TREE FOUND at iteration 41: -2614.207
Optimizing NNI: done in 0.112403 secs using 48.78% CPU
BETTER TREE FOUND at iteration 42: -2614.207
Optimizing NNI: done in 0.136208 secs using 50.77% CPU
Optimizing NNI: done in 0.0949249 secs using 46.76% CPU
Optimizing NNI: done in 0.0863302 secs using 44.39% CPU
BETTER TREE FOUND at iteration 45: -2614.207
Optimizing NNI: done in 0.160798 secs using 56.46% CPU
Optimizing NNI: done in 0.178942 secs using 37.41% CPU
Optimizing NNI: done in 0.14315 secs using 49.67% CPU
BETTER TREE FOUND at iteration 48: -2614.206
Optimizing NNI: done in 0.143093 secs using 44.09% CPU
Optimizing NNI: done in 0.128491 secs using 40.85% CPU
Iteration 50 / LogL: -2614.207 / Time: 0h:0m:8s (0h:0m:16s left)
Optimizing NNI: done in 0.145539 secs using 34.04% CPU
Optimizing NNI: done in 0.175378 secs using 38.42% CPU
Optimizing NNI: done in 0.133717 secs using 41.24% CPU
Optimizing NNI: done in 0.152006 secs using 42.08% CPU
Optimizing NNI: done in 0.19255 secs using 50.14% CPU
Optimizing NNI: done in 0.188755 secs using 49.13% CPU
Optimizing NNI: done in 0.130306 secs using 50.87% CPU
Optimizing NNI: done in 0.183777 secs using 47.86% CPU
Optimizing NNI: done in 0.11014 secs using 50.75% CPU
Optimizing NNI: done in 0.159751 secs using 52.45% CPU
Iteration 60 / LogL: -2614.207 / Time: 0h:0m:9s (0h:0m:14s left)
Optimizing NNI: done in 0.175204 secs using 36.07% CPU
Optimizing NNI: done in 0.180194 secs using 48.94% CPU
Optimizing NNI: done in 0.160267 secs using 50.09% CPU
Optimizing NNI: done in 0.262963 secs using 39.13% CPU
Optimizing NNI: done in 0.178668 secs using 32.84% CPU
Optimizing NNI: done in 0.414373 secs using 33.4% CPU
Optimizing NNI: done in 0.215234 secs using 40.52% CPU
Optimizing NNI: done in 0.128263 secs using 43.86% CPU
Optimizing NNI: done in 0.134947 secs using 40.71% CPU
Optimizing NNI: done in 0.097194 secs using 50.6% CPU
Iteration 70 / LogL: -2614.207 / Time: 0h:0m:11s (0h:0m:13s left)
Optimizing NNI: done in 0.123206 secs using 54.51% CPU
Optimizing NNI: done in 0.105124 secs using 54.35% CPU
Optimizing NNI: done in 0.149259 secs using 33.03% CPU
Optimizing NNI: done in 0.114289 secs using 47.5% CPU
Optimizing NNI: done in 0.0984771 secs using 51.29% CPU
Optimizing NNI: done in 0.110996 secs using 85.58% CPU
Optimizing NNI: done in 0.0541739 secs using 100% CPU
Optimizing NNI: done in 0.0800929 secs using 99.96% CPU
Optimizing NNI: done in 0.127265 secs using 74.87% CPU
Optimizing NNI: done in 0.077482 secs using 58.66% CPU
Iteration 80 / LogL: -2614.207 / Time: 0h:0m:12s (0h:0m:11s left)
Optimizing NNI: done in 0.13346 secs using 52.05% CPU
Optimizing NNI: done in 0.061481 secs using 47.97% CPU
Optimizing NNI: done in 0.127909 secs using 49.96% CPU
Optimizing NNI: done in 0.169354 secs using 43.33% CPU
Optimizing NNI: done in 0.108627 secs using 55.81% CPU
Optimizing NNI: done in 0.0674911 secs using 76.29% CPU
Optimizing NNI: done in 0.04934 secs using 100% CPU
Optimizing NNI: done in 0.0380809 secs using 99.93% CPU
Optimizing NNI: done in 0.0378232 secs using 100% CPU
Optimizing NNI: done in 0.0942321 secs using 99.98% CPU
Iteration 90 / LogL: -2614.207 / Time: 0h:0m:13s (0h:0m:8s left)
Optimizing NNI: done in 0.130102 secs using 56.93% CPU
Optimizing NNI: done in 0.130872 secs using 51.09% CPU
Optimizing NNI: done in 0.100118 secs using 68.03% CPU
Optimizing NNI: done in 0.0693488 secs using 100% CPU
Optimizing NNI: done in 0.0623291 secs using 99.98% CPU
Optimizing NNI: done in 0.0999119 secs using 51.96% CPU
Optimizing NNI: done in 0.16303 secs using 50.92% CPU
Optimizing NNI: done in 0.097605 secs using 50.83% CPU
Optimizing NNI: done in 0.0939171 secs using 48.89% CPU
Optimizing NNI: done in 0.0986009 secs using 51.27% CPU
Iteration 100 / LogL: -2614.207 / Time: 0h:0m:14s (0h:0m:7s left)
Optimizing NNI: done in 0.19957 secs using 49.94% CPU
Optimizing NNI: done in 0.0856662 secs using 43.94% CPU
Optimizing NNI: done in 0.132467 secs using 51.69% CPU
Optimizing NNI: done in 0.08271 secs using 61.31% CPU
Optimizing NNI: done in 0.0567391 secs using 100% CPU
Optimizing NNI: done in 0.0673828 secs using 100% CPU
Optimizing NNI: done in 0.068526 secs using 100% CPU
Optimizing NNI: done in 0.079802 secs using 74.92% CPU
Optimizing NNI: done in 0.0462639 secs using 100% CPU
Optimizing NNI: done in 0.0988879 secs using 51.46% CPU
UPDATE BEST LOG-LIKELIHOOD: -2614.206
Iteration 110 / LogL: -2614.206 / Time: 0h:0m:15s (0h:0m:5s left)
Optimizing NNI: done in 0.166875 secs using 50.81% CPU
Optimizing NNI: done in 0.077261 secs using 56.39% CPU
Optimizing NNI: done in 0.136648 secs using 49.22% CPU
Optimizing NNI: done in 0.120759 secs using 46.47% CPU
Optimizing NNI: done in 0.0939779 secs using 49.01% CPU
Optimizing NNI: done in 0.148038 secs using 45.59% CPU
Optimizing NNI: done in 0.138375 secs using 34.77% CPU
Optimizing NNI: done in 0.112 secs using 32.12% CPU
Optimizing NNI: done in 0.299704 secs using 30.57% CPU
Optimizing NNI: done in 0.170859 secs using 36.79% CPU
Iteration 120 / LogL: -2614.918 / Time: 0h:0m:17s (0h:0m:4s left)
Optimizing NNI: done in 0.103807 secs using 53.76% CPU
Optimizing NNI: done in 0.150972 secs using 47.01% CPU
Optimizing NNI: done in 0.189232 secs using 49.27% CPU
Optimizing NNI: done in 0.169598 secs using 52.79% CPU
Optimizing NNI: done in 0.149514 secs using 46.49% CPU
Optimizing NNI: done in 0.07357 secs using 56.27% CPU
Optimizing NNI: done in 0.253679 secs using 47.95% CPU
Optimizing NNI: done in 0.191912 secs using 49.99% CPU
Optimizing NNI: done in 0.203019 secs using 33.02% CPU
Optimizing NNI: done in 0.218681 secs using 34.13% CPU
Iteration 130 / LogL: -2614.207 / Time: 0h:0m:19s (0h:0m:2s left)
Optimizing NNI: done in 0.292502 secs using 34.35% CPU
Optimizing NNI: done in 0.185943 secs using 35.47% CPU
Optimizing NNI: done in 0.208573 secs using 32.88% CPU
Optimizing NNI: done in 0.1053 secs using 43.03% CPU
Optimizing NNI: done in 0.219145 secs using 45.21% CPU
Optimizing NNI: done in 0.119303 secs using 46.35% CPU
Optimizing NNI: done in 0.132357 secs using 51.64% CPU
Optimizing NNI: done in 0.119663 secs using 49.85% CPU
Optimizing NNI: done in 0.17727 secs using 41.34% CPU
Optimizing NNI: done in 0.230222 secs using 42.66% CPU
Iteration 140 / LogL: -2614.207 / Time: 0h:0m:20s (0h:0m:1s left)
Optimizing NNI: done in 0.173249 secs using 39.95% CPU
Optimizing NNI: done in 0.155568 secs using 48.93% CPU
Optimizing NNI: done in 0.174973 secs using 40.57% CPU
Optimizing NNI: done in 0.126612 secs using 53.34% CPU
Optimizing NNI: done in 0.223632 secs using 33.74% CPU
Optimizing NNI: done in 0.167885 secs using 41.17% CPU
Optimizing NNI: done in 0.177243 secs using 43.58% CPU
Optimizing NNI: done in 0.149247 secs using 35.67% CPU
Optimizing NNI: done in 0.255381 secs using 46.75% CPU
TREE SEARCH COMPLETED AFTER 149 ITERATIONS / Time: 0h:0m:22s

--------------------------------------------------------------------
|                    FINALIZING TREE SEARCH                        |
--------------------------------------------------------------------
Performs final model parameters optimization
Estimate model parameters (epsilon = 0.010)
1. Initial log-likelihood: -2614.206
Optimal log-likelihood: -2614.191
Gamma shape alpha: 1.810
Parameters optimization took 1 rounds (0.072 sec)
BEST SCORE FOUND : -2614.191
Total tree length: 2.218

Total number of iterations: 149
CPU time used for tree search: 10.651 sec (0h:0m:10s)
Wall-clock time used for tree search: 22.369 sec (0h:0m:22s)
Total CPU time used: 10.761 sec (0h:0m:10s)
Total wall-clock time used: 22.603 sec (0h:0m:22s)

Analysis results written to: 
  IQ-TREE report:                ./orthofinder/Results_Jul04/WorkingDirectory/Alignments_ids/OG0000052.iqtree
  Maximum-likelihood tree:       ./orthofinder/Results_Jul04/WorkingDirectory/Alignments_ids/OG0000052.treefile
  Likelihood distances:          ./orthofinder/Results_Jul04/WorkingDirectory/Alignments_ids/OG0000052.mldist
  Screen log file:               ./orthofinder/Results_Jul04/WorkingDirectory/Alignments_ids/OG0000052.log

Date and Time: Thu Jul  4 10:37:01 2024
