IQ-TREE multicore version 2.2.0.5 COVID-edition for Linux 64-bit built Sep 26 2022
Developed by Bui Quang Minh, James Barbetti, Nguyen Lam Tung,
Olga Chernomor, Heiko Schmidt, Dominik Schrempf, Michael Woodhams, Ly Trong Nhan.

Host:    c148 (AVX2, FMA3, 503 GB RAM)
Command: iqtree -s ./orthofinder/Results_Jul04/WorkingDirectory/Alignments_ids/OG0000160.fa -pre ./orthofinder/Results_Jul04/WorkingDirectory/Alignments_ids/OG0000160
Seed:    439447 (Using SPRNG - Scalable Parallel Random Number Generator)
Time:    Thu Jul  4 10:41:22 2024
Kernel:  AVX+FMA - 1 threads (24 CPU cores detected)

HINT: Use -nt option to specify number of threads because your CPU has 24 cores!
HINT: -nt AUTO will automatically determine the best number of threads to use.

Reading alignment file ./orthofinder/Results_Jul04/WorkingDirectory/Alignments_ids/OG0000160.fa ... Fasta format detected
Reading fasta file: done in 0.00014782 secs using 99.45% CPU
Alignment most likely contains protein sequences
Constructing alignment: done in 0.000540018 secs using 99.81% CPU
Alignment has 6 sequences with 1193 columns, 694 distinct patterns
118 parsimony-informative, 501 singleton sites, 574 constant sites
        Gap/Ambiguity  Composition  p-value
Analyzing sequences: done in 7.86781e-06 secs using 114.4% CPU
   1  1_10     14.17%    failed      0.00%
   2  12_90    62.87%    failed      0.00%
   3  14_88    34.28%    failed      0.00%
   4  14_107   85.58%    failed      0.01%
   5  24_29    61.94%    failed      0.00%
   6  30_32    59.60%    failed      0.00%
WARNING: 4 sequences contain more than 50% gaps/ambiguity
****  TOTAL    53.07%  6 sequences failed composition chi2 test (p-value<5%; df=19)
Checking for duplicate sequences: done in 1.19209e-05 secs using 100.7% CPU


Create initial parsimony tree by phylogenetic likelihood library (PLL)... 0.000 seconds
Perform fast likelihood tree search using LG+I+G model...
Estimate model parameters (epsilon = 5.000)
Perform nearest neighbor interchange...
Optimizing NNI: done in 0.0341539 secs using 29.72% CPU
Estimate model parameters (epsilon = 1.000)
1. Initial log-likelihood: -8323.283
2. Current log-likelihood: -8322.126
Optimal log-likelihood: -8321.497
Proportion of invariable sites: 0.039
Gamma shape alpha: 4.267
Parameters optimization took 2 rounds (0.126 sec)
Time for fast ML tree search: 0.569 seconds

NOTE: ModelFinder requires 6 MB RAM!
ModelFinder will test up to 1232 protein models (sample size: 1193) ...
 No. Model         -LnL         df  AIC          AICc         BIC
  1  LG            8350.019     9   16718.039    16718.191    16763.797
  2  LG+I          8329.838     10  16679.677    16679.863    16730.519
  3  LG+G4         8322.872     10  16665.744    16665.930    16716.586
  4  LG+I+G4       8320.796     11  16663.592    16663.816    16719.519
  5  LG+R2         8322.825     11  16667.650    16667.874    16723.577
  6  LG+R3         8321.340     13  16668.680    16668.988    16734.775
 14  LG+I+R2       8320.954     12  16665.908    16666.172    16726.918
 15  LG+I+R3       8320.692     14  16669.384    16669.741    16740.563
 25  LG+F+G4       8182.633     29  16423.266    16424.763    16570.709
 26  LG+F+I+G4     8180.213     30  16420.425    16422.026    16572.952
 27  LG+F+R2       8184.239     30  16428.479    16430.080    16581.006
 47  WAG+G4        8392.117     10  16804.233    16804.419    16855.075
 48  WAG+I+G4      8390.210     11  16802.420    16802.644    16858.347
 49  WAG+R2        8392.474     11  16806.948    16807.172    16862.875
 69  WAG+F+G4      8195.398     29  16448.795    16450.291    16596.238
 70  WAG+F+I+G4    8192.982     30  16445.964    16447.565    16598.491
 71  WAG+F+R2      8197.030     30  16454.061    16455.661    16606.587
 91  JTT+G4        8387.762     10  16795.523    16795.709    16846.365
 92  JTT+I+G4      8386.094     11  16794.187    16794.411    16850.114
 93  JTT+R2        8388.288     11  16798.575    16798.799    16854.502
113  JTT+F+G4      8198.937     29  16455.874    16457.370    16603.316
114  JTT+F+I+G4    8196.362     30  16452.724    16454.325    16605.251
115  JTT+F+R2      8200.812     30  16461.625    16463.226    16614.152
WARNING: Normalizing state frequencies so that sum of them equals to 1
135  Q.pfam+G4     8330.551     10  16681.101    16681.287    16731.944
WARNING: Normalizing state frequencies so that sum of them equals to 1
136  Q.pfam+I+G4   8327.107     11  16676.214    16676.437    16732.140
WARNING: Normalizing state frequencies so that sum of them equals to 1
137  Q.pfam+R2     8328.912     11  16679.824    16680.048    16735.751
WARNING: Normalizing state frequencies so that sum of them equals to 1
157  Q.pfam+F+G4   8179.659     29  16417.318    16418.814    16564.760
WARNING: Normalizing state frequencies so that sum of them equals to 1
158  Q.pfam+F+I+G4 8176.788     30  16413.576    16415.176    16566.102
WARNING: Normalizing state frequencies so that sum of them equals to 1
159  Q.pfam+F+R2   8181.019     30  16422.037    16423.638    16574.564
WARNING: Normalizing state frequencies so that sum of them equals to 1
179  Q.bird+G4     8414.306     10  16848.611    16848.797    16899.454
WARNING: Normalizing state frequencies so that sum of them equals to 1
180  Q.bird+I+G4   8411.436     11  16844.872    16845.096    16900.799
WARNING: Normalizing state frequencies so that sum of them equals to 1
181  Q.bird+R2     8412.650     11  16847.300    16847.523    16903.226
WARNING: Normalizing state frequencies so that sum of them equals to 1
201  Q.bird+F+G4   8231.188     29  16520.375    16521.871    16667.818
WARNING: Normalizing state frequencies so that sum of them equals to 1
202  Q.bird+F+I+G4 8227.931     30  16515.862    16517.462    16668.388
WARNING: Normalizing state frequencies so that sum of them equals to 1
203  Q.bird+F+R2   8233.067     30  16526.133    16527.734    16678.660
WARNING: Normalizing state frequencies so that sum of them equals to 1
223  Q.mammal+G4   8390.680     10  16801.361    16801.547    16852.203
WARNING: Normalizing state frequencies so that sum of them equals to 1
224  Q.mammal+I+G4 8388.216     11  16798.432    16798.656    16854.359
WARNING: Normalizing state frequencies so that sum of them equals to 1
225  Q.mammal+R2   8389.585     11  16801.170    16801.394    16857.097
WARNING: Normalizing state frequencies so that sum of them equals to 1
245  Q.mammal+F+G4 8212.769     29  16483.538    16485.034    16630.981
WARNING: Normalizing state frequencies so that sum of them equals to 1
246  Q.mammal+F+I+G4 8209.772     30  16479.544    16481.145    16632.071
WARNING: Normalizing state frequencies so that sum of them equals to 1
247  Q.mammal+F+R2 8214.102     30  16488.204    16489.804    16640.731
267  Q.insect+G4   8353.300     10  16726.600    16726.786    16777.443
268  Q.insect+I+G4 8349.533     11  16721.066    16721.289    16776.992
269  Q.insect+R2   8352.244     11  16726.489    16726.712    16782.415
289  Q.insect+F+G4 8186.497     29  16430.994    16432.491    16578.437
290  Q.insect+F+I+G4 8182.518     30  16425.037    16426.638    16577.564
291  Q.insect+F+R2 8188.883     30  16437.765    16439.366    16590.292
WARNING: Normalizing state frequencies so that sum of them equals to 1
311  Q.plant+G4    8377.670     10  16775.340    16775.526    16826.182
WARNING: Normalizing state frequencies so that sum of them equals to 1
312  Q.plant+I+G4  8373.048     11  16768.096    16768.320    16824.023
WARNING: Normalizing state frequencies so that sum of them equals to 1
313  Q.plant+R2    8375.409     11  16772.817    16773.041    16828.744
WARNING: Normalizing state frequencies so that sum of them equals to 1
333  Q.plant+F+G4  8208.866     29  16475.733    16477.229    16623.175
WARNING: Normalizing state frequencies so that sum of them equals to 1
334  Q.plant+F+I+G4 8204.355     30  16468.710    16470.311    16621.237
WARNING: Normalizing state frequencies so that sum of them equals to 1
335  Q.plant+F+R2  8211.027     30  16482.053    16483.654    16634.580
WARNING: Normalizing state frequencies so that sum of them equals to 1
355  Q.yeast+G4    8362.033     10  16744.066    16744.252    16794.908
WARNING: Normalizing state frequencies so that sum of them equals to 1
356  Q.yeast+I+G4  8357.489     11  16736.977    16737.201    16792.904
WARNING: Normalizing state frequencies so that sum of them equals to 1
357  Q.yeast+R2    8360.034     11  16742.068    16742.291    16797.994
WARNING: Normalizing state frequencies so that sum of them equals to 1
377  Q.yeast+F+G4  8190.686     29  16439.372    16440.869    16586.815
WARNING: Normalizing state frequencies so that sum of them equals to 1
378  Q.yeast+F+I+G4 8186.565     30  16433.131    16434.732    16585.658
WARNING: Normalizing state frequencies so that sum of them equals to 1
379  Q.yeast+F+R2  8191.998     30  16443.997    16445.597    16596.524
399  JTTDCMut+G4   8390.529     10  16801.057    16801.243    16851.899
400  JTTDCMut+I+G4 8388.897     11  16799.795    16800.018    16855.721
401  JTTDCMut+R2   8391.024     11  16804.049    16804.272    16859.975
421  JTTDCMut+F+G4 8198.825     29  16455.650    16457.146    16603.093
422  JTTDCMut+F+I+G4 8196.324     30  16452.648    16454.249    16605.175
423  JTTDCMut+F+R2 8200.716     30  16461.431    16463.032    16613.958
443  DCMut+G4      8498.065     10  17016.130    17016.316    17066.972
444  DCMut+I+G4    8496.160     11  17014.320    17014.544    17070.247
445  DCMut+R2      8499.283     11  17020.565    17020.789    17076.492
465  DCMut+F+G4    8227.848     29  16513.695    16515.191    16661.138
466  DCMut+F+I+G4  8225.034     30  16510.067    16511.668    16662.594
467  DCMut+F+R2    8230.596     30  16521.192    16522.793    16673.719
487  VT+G4         8342.281     10  16704.562    16704.749    16755.405
488  VT+I+G4       8339.399     11  16700.798    16701.021    16756.724
489  VT+R2         8342.477     11  16706.955    16707.178    16762.881
509  VT+F+G4       8183.838     29  16425.677    16427.173    16573.119
510  VT+F+I+G4     8180.546     30  16421.093    16422.693    16573.619
511  VT+F+R2       8184.597     30  16429.193    16430.794    16581.720
531  PMB+G4        8437.545     10  16895.089    16895.275    16945.932
532  PMB+I+G4      8434.652     11  16891.305    16891.528    16947.231
533  PMB+R2        8437.665     11  16897.330    16897.554    16953.257
553  PMB+F+G4      8191.342     29  16440.683    16442.179    16588.126
554  PMB+F+I+G4    8188.743     30  16437.485    16439.086    16590.012
555  PMB+F+R2      8191.930     30  16443.860    16445.460    16596.386
575  Blosum62+G4   8427.573     10  16875.146    16875.332    16925.988
576  Blosum62+I+G4 8424.999     11  16871.997    16872.221    16927.924
577  Blosum62+R2   8427.680     11  16877.361    16877.584    16933.287
597  Blosum62+F+G4 8198.426     29  16454.853    16456.349    16602.295
598  Blosum62+F+I+G4 8195.730     30  16451.461    16453.062    16603.988
599  Blosum62+F+R2 8199.013     30  16458.026    16459.627    16610.553
619  Dayhoff+G4    8498.062     10  17016.124    17016.310    17066.966
620  Dayhoff+I+G4  8496.141     11  17014.283    17014.506    17070.209
621  Dayhoff+R2    8499.292     11  17020.585    17020.808    17076.511
641  Dayhoff+F+G4  8227.932     29  16513.865    16515.361    16661.307
642  Dayhoff+F+I+G4 8225.094     30  16510.187    16511.788    16662.714
643  Dayhoff+F+R2  8230.705     30  16521.411    16523.012    16673.938
663  mtREV+G4      9101.086     10  18222.171    18222.357    18273.013
664  mtREV+I+G4    9096.747     11  18215.493    18215.717    18271.420
665  mtREV+R2      9095.793     11  18213.586    18213.810    18269.513
685  mtREV+F+G4    8226.564     29  16511.129    16512.625    16658.571
686  mtREV+F+I+G4  8222.859     30  16505.717    16507.318    16658.244
687  mtREV+F+R2    8226.739     30  16513.478    16515.079    16666.005
707  mtART+G4      9238.469     10  18496.939    18497.125    18547.781
708  mtART+I+G4    9231.611     11  18485.221    18485.445    18541.148
709  mtART+R2      9235.695     11  18493.390    18493.614    18549.317
729  mtART+F+G4    8251.011     29  16560.021    16561.518    16707.464
730  mtART+F+I+G4  8246.219     30  16552.437    16554.038    16704.964
731  mtART+F+R2    8253.333     30  16566.666    16568.267    16719.193
751  mtZOA+G4      9087.102     10  18194.203    18194.389    18245.046
752  mtZOA+I+G4    9079.216     11  18180.432    18180.655    18236.358
753  mtZOA+R2      9074.256     11  18170.513    18170.736    18226.439
773  mtZOA+F+G4    8225.958     29  16509.915    16511.412    16657.358
774  mtZOA+F+I+G4  8221.614     30  16503.228    16504.829    16655.755
775  mtZOA+F+R2    8227.606     30  16515.213    16516.813    16667.740
795  mtMet+G4      9168.192     10  18356.384    18356.570    18407.227
796  mtMet+I+G4    9162.238     11  18346.476    18346.700    18402.403
797  mtMet+R2      9154.140     11  18330.281    18330.504    18386.207
817  mtMet+F+G4    8216.703     29  16491.406    16492.902    16638.848
818  mtMet+F+I+G4  8212.926     30  16485.853    16487.453    16638.380
819  mtMet+F+R2    8217.480     30  16494.960    16496.561    16647.487
839  mtVer+G4      9166.510     10  18353.021    18353.207    18403.863
840  mtVer+I+G4    9161.004     11  18344.008    18344.232    18399.935
841  mtVer+R2      9151.046     11  18324.092    18324.315    18380.018
861  mtVer+F+G4    8246.916     29  16551.832    16553.328    16699.274
862  mtVer+F+I+G4  8243.014     30  16546.029    16547.630    16698.556
863  mtVer+F+R2    8249.391     30  16558.783    16560.383    16711.309
883  mtInv+G4      9292.734     10  18605.469    18605.655    18656.311
884  mtInv+I+G4    9286.519     11  18595.039    18595.263    18650.965
885  mtInv+R2      9282.056     11  18586.112    18586.336    18642.039
905  mtInv+F+G4    8204.473     29  16466.946    16468.442    16614.389
906  mtInv+F+I+G4  8200.955     30  16461.909    16463.510    16614.436
907  mtInv+F+R2    8205.696     30  16471.391    16472.992    16623.918
927  mtMAM+G4      9181.781     10  18383.563    18383.749    18434.405
928  mtMAM+I+G4    9177.126     11  18376.252    18376.476    18432.179
929  mtMAM+R2      9168.816     11  18359.632    18359.855    18415.558
949  mtMAM+F+G4    8263.977     29  16585.955    16587.451    16733.397
950  mtMAM+F+I+G4  8260.537     30  16581.074    16582.675    16733.601
951  mtMAM+F+R2    8267.026     30  16594.051    16595.652    16746.578
WARNING: Normalizing state frequencies so that sum of them equals to 1
971  FLAVI+G4      8590.098     10  17200.196    17200.382    17251.038
WARNING: Normalizing state frequencies so that sum of them equals to 1
972  FLAVI+I+G4    8589.104     11  17200.209    17200.432    17256.135
WARNING: Normalizing state frequencies so that sum of them equals to 1
973  FLAVI+R2      8590.900     11  17203.799    17204.023    17259.726
WARNING: Normalizing state frequencies so that sum of them equals to 1
993  FLAVI+F+G4    8276.859     29  16611.718    16613.214    16759.160
WARNING: Normalizing state frequencies so that sum of them equals to 1
994  FLAVI+F+I+G4  8273.474     30  16606.949    16608.549    16759.475
WARNING: Normalizing state frequencies so that sum of them equals to 1
995  FLAVI+F+R2    8281.397     30  16622.794    16624.395    16775.321
1015  HIVb+G4       8474.942     10  16969.884    16970.070    17020.726
1016  HIVb+I+G4     8471.591     11  16965.181    16965.405    17021.108
1017  HIVb+R2       8473.935     11  16969.871    16970.094    17025.797
1037  HIVb+F+G4     8239.724     29  16537.449    16538.945    16684.891
1038  HIVb+F+I+G4   8235.751     30  16531.503    16533.103    16684.030
1039  HIVb+F+R2     8243.816     30  16547.632    16549.233    16700.159
1059  HIVw+G4       8728.440     10  17476.879    17477.065    17527.722
1060  HIVw+I+G4     8727.020     11  17476.040    17476.264    17531.967
1061  HIVw+R2       8730.389     11  17482.778    17483.002    17538.705
1081  HIVw+F+G4     8307.392     29  16672.783    16674.280    16820.226
1082  HIVw+F+I+G4   8303.350     30  16666.700    16668.300    16819.226
1083  HIVw+F+R2     8310.912     30  16681.825    16683.426    16834.352
1103  FLU+G4        8497.069     10  17014.138    17014.325    17064.981
1104  FLU+I+G4      8494.711     11  17011.422    17011.645    17067.348
1105  FLU+R2        8495.544     11  17013.087    17013.311    17069.014
1125  FLU+F+G4      8225.783     29  16509.566    16511.063    16657.009
1126  FLU+F+I+G4    8221.112     30  16502.224    16503.825    16654.751
1127  FLU+F+R2      8224.495     30  16508.989    16510.590    16661.516
1147  rtREV+G4      8416.366     10  16852.733    16852.919    16903.575
1148  rtREV+I+G4    8413.583     11  16849.166    16849.389    16905.092
1149  rtREV+R2      8414.836     11  16851.673    16851.896    16907.599
1169  rtREV+F+G4    8181.083     29  16420.165    16421.661    16567.608
1170  rtREV+F+I+G4  8177.371     30  16414.741    16416.342    16567.268
1171  rtREV+F+R2    8179.926     30  16419.853    16421.454    16572.380
1191  cpREV+G4      8453.087     10  16926.174    16926.360    16977.017
1192  cpREV+I+G4    8450.746     11  16923.492    16923.715    16979.418
1193  cpREV+R2      8450.437     11  16922.874    16923.098    16978.801
1213  cpREV+F+G4    8225.463     29  16508.926    16510.422    16656.369
1214  cpREV+F+I+G4  8222.195     30  16504.390    16505.990    16656.916
1215  cpREV+F+R2    8223.116     30  16506.231    16507.832    16658.758
Akaike Information Criterion:           Q.pfam+F+I+G4
Corrected Akaike Information Criterion: Q.pfam+F+I+G4
Bayesian Information Criterion:         Q.pfam+F+G4
Best-fit model: Q.pfam+F+G4 chosen according to BIC

All model information printed to ./orthofinder/Results_Jul04/WorkingDirectory/Alignments_ids/OG0000160.model.gz
CPU time for ModelFinder: 14.688 seconds (0h:0m:14s)
Wall-clock time for ModelFinder: 41.420 seconds (0h:0m:41s)
WARNING: Normalizing state frequencies so that sum of them equals to 1

NOTE: 2 MB RAM (0 GB) is required!
Estimate model parameters (epsilon = 0.100)
1. Initial log-likelihood: -8179.659
Optimal log-likelihood: -8179.636
Gamma shape alpha: 2.127
Parameters optimization took 1 rounds (0.010 sec)
Wrote distance file to... 
Computing ML distances based on estimated model parameters...
Calculating distance matrix: done in 0.00192022 secs using 99.73% CPU
Computing ML distances took 0.001944 sec (of wall-clock time) 0.001939 sec (of CPU time)
Setting up auxiliary I and S matrices: done in 5.00679e-05 secs using 49.93% CPU
Constructing RapidNJ tree: done in 1.3113e-05 secs using 99.14% CPU
Computing RapidNJ tree took 0.000080 sec (of wall-clock time) 0.000054 sec (of CPU time)
Log-likelihood of RapidNJ tree: -8177.976
--------------------------------------------------------------------
|             INITIALIZING CANDIDATE TREE SET                      |
--------------------------------------------------------------------
Generating 98 parsimony trees... 0.022 second
Computing log-likelihood of 5 initial trees ... 0.017 seconds
Current best score: -8177.976

Do NNI search on 7 best initial trees
Optimizing NNI: done in 0.00987291 secs using 200% CPU
Optimizing NNI: done in 0.0214078 secs using 200% CPU
Optimizing NNI: done in 0.021369 secs using 199.9% CPU
Optimizing NNI: done in 0.0330179 secs using 200% CPU
Optimizing NNI: done in 0.03338 secs using 199.9% CPU
Optimizing NNI: done in 0.033499 secs using 131.4% CPU
Optimizing NNI: done in 0.0331271 secs using 99.99% CPU
Finish initializing candidate tree set (7)
Current best tree score: -8177.976 / CPU time: 0.231
Number of iterations: 7
--------------------------------------------------------------------
|               OPTIMIZING CANDIDATE TREE SET                      |
--------------------------------------------------------------------
Optimizing NNI: done in 0.0332761 secs using 99.98% CPU
Optimizing NNI: done in 0.0333991 secs using 100% CPU
Optimizing NNI: done in 0.02144 secs using 99.99% CPU
UPDATE BEST LOG-LIKELIHOOD: -8177.976
Iteration 10 / LogL: -8177.976 / Time: 0h:0m:0s
Optimizing NNI: done in 0.0332141 secs using 99.98% CPU
Optimizing NNI: done in 0.0336108 secs using 99.99% CPU
Optimizing NNI: done in 0.033143 secs using 99.93% CPU
Optimizing NNI: done in 0.0451691 secs using 99.99% CPU
Optimizing NNI: done in 0.033505 secs using 99.99% CPU
Optimizing NNI: done in 0.0330021 secs using 99.98% CPU
Optimizing NNI: done in 0.036303 secs using 99.98% CPU
Optimizing NNI: done in 0.021709 secs using 100% CPU
Optimizing NNI: done in 0.021225 secs using 99.97% CPU
UPDATE BEST LOG-LIKELIHOOD: -8177.976
Optimizing NNI: done in 0.0339589 secs using 99.97% CPU
Iteration 20 / LogL: -8178.464 / Time: 0h:0m:0s
Optimizing NNI: done in 0.0331271 secs using 99.98% CPU
Optimizing NNI: done in 0.0334451 secs using 99.98% CPU
Optimizing NNI: done in 0.0331249 secs using 99.99% CPU
Optimizing NNI: done in 0.0329521 secs using 99.98% CPU
Optimizing NNI: done in 0.033917 secs using 99.98% CPU
Optimizing NNI: done in 0.021143 secs using 99.97% CPU
UPDATE BEST LOG-LIKELIHOOD: -8177.976
Optimizing NNI: done in 0.045265 secs using 94.38% CPU
Optimizing NNI: done in 0.0215099 secs using 99.99% CPU
Optimizing NNI: done in 0.021076 secs using 99.98% CPU
UPDATE BEST LOG-LIKELIHOOD: -8177.976
Optimizing NNI: done in 0.021307 secs using 99.97% CPU
UPDATE BEST LOG-LIKELIHOOD: -8177.976
Iteration 30 / LogL: -8177.976 / Time: 0h:0m:1s (0h:0m:2s left)
Optimizing NNI: done in 0.033973 secs using 100% CPU
Optimizing NNI: done in 0.0337319 secs using 99.99% CPU
Optimizing NNI: done in 0.0453088 secs using 99.98% CPU
Optimizing NNI: done in 0.033591 secs using 99.99% CPU
Optimizing NNI: done in 0.021461 secs using 99.98% CPU
UPDATE BEST LOG-LIKELIHOOD: -8177.976
Optimizing NNI: done in 0.021805 secs using 99.96% CPU
Optimizing NNI: done in 0.0331118 secs using 99.99% CPU
Optimizing NNI: done in 0.033287 secs using 99.98% CPU
Optimizing NNI: done in 0.0215399 secs using 99.99% CPU
UPDATE BEST LOG-LIKELIHOOD: -8177.976
Optimizing NNI: done in 0.033848 secs using 99.99% CPU
Iteration 40 / LogL: -8178.387 / Time: 0h:0m:1s (0h:0m:2s left)
Optimizing NNI: done in 0.0214221 secs using 99.98% CPU
Optimizing NNI: done in 0.0214641 secs using 99.99% CPU
Optimizing NNI: done in 0.0336621 secs using 99.98% CPU
Optimizing NNI: done in 0.045439 secs using 99.99% CPU
Optimizing NNI: done in 0.0331349 secs using 99.98% CPU
Optimizing NNI: done in 0.033669 secs using 99.99% CPU
Optimizing NNI: done in 0.033632 secs using 99.99% CPU
Optimizing NNI: done in 0.033576 secs using 99.98% CPU
Optimizing NNI: done in 0.0212748 secs using 99.99% CPU
Optimizing NNI: done in 0.033217 secs using 99.98% CPU
Iteration 50 / LogL: -8178.000 / Time: 0h:0m:1s (0h:0m:1s left)
Optimizing NNI: done in 0.0335732 secs using 99.99% CPU
Optimizing NNI: done in 0.033108 secs using 99.98% CPU
Optimizing NNI: done in 0.0330479 secs using 99.99% CPU
Optimizing NNI: done in 0.0334561 secs using 99.98% CPU
Optimizing NNI: done in 0.0447159 secs using 99.99% CPU
Optimizing NNI: done in 0.0338111 secs using 99.96% CPU
Optimizing NNI: done in 0.033783 secs using 99.99% CPU
Optimizing NNI: done in 0.0335751 secs using 99.99% CPU
Optimizing NNI: done in 0.03335 secs using 99.98% CPU
Optimizing NNI: done in 0.0338111 secs using 99.98% CPU
Iteration 60 / LogL: -8178.094 / Time: 0h:0m:2s (0h:0m:1s left)
Optimizing NNI: done in 0.0336599 secs using 99.98% CPU
Optimizing NNI: done in 0.0337582 secs using 99.99% CPU
Optimizing NNI: done in 0.033752 secs using 99.99% CPU
Optimizing NNI: done in 0.033603 secs using 99.98% CPU
Optimizing NNI: done in 0.036927 secs using 99.99% CPU
Optimizing NNI: done in 0.0364959 secs using 99.99% CPU
Optimizing NNI: done in 0.0330029 secs using 99.98% CPU
Optimizing NNI: done in 0.021281 secs using 100% CPU
Optimizing NNI: done in 0.03334 secs using 99.99% CPU
Optimizing NNI: done in 0.0330598 secs using 99.99% CPU
Iteration 70 / LogL: -8178.748 / Time: 0h:0m:2s (0h:0m:1s left)
Optimizing NNI: done in 0.0336869 secs using 99.99% CPU
Optimizing NNI: done in 0.0336959 secs using 99.98% CPU
Optimizing NNI: done in 0.0336311 secs using 99.99% CPU
Optimizing NNI: done in 0.0212901 secs using 99.98% CPU
Optimizing NNI: done in 0.0336699 secs using 99.99% CPU
Optimizing NNI: done in 0.0332499 secs using 99.99% CPU
Optimizing NNI: done in 0.0337059 secs using 99.98% CPU
Optimizing NNI: done in 0.0337451 secs using 99.99% CPU
Optimizing NNI: done in 0.033608 secs using 99.98% CPU
Optimizing NNI: done in 0.0211771 secs using 100% CPU
UPDATE BEST LOG-LIKELIHOOD: -8177.976
Iteration 80 / LogL: -8177.976 / Time: 0h:0m:2s (0h:0m:0s left)
Optimizing NNI: done in 0.0219471 secs using 99.99% CPU
Optimizing NNI: done in 0.0452468 secs using 99.95% CPU
Optimizing NNI: done in 0.033252 secs using 99.98% CPU
Optimizing NNI: done in 0.0331321 secs using 99.99% CPU
Optimizing NNI: done in 0.0334029 secs using 99.95% CPU
Optimizing NNI: done in 0.0333161 secs using 99.99% CPU
Optimizing NNI: done in 0.021389 secs using 99.98% CPU
Optimizing NNI: done in 0.0336621 secs using 100% CPU
Optimizing NNI: done in 0.0332479 secs using 99.98% CPU
Optimizing NNI: done in 0.0453119 secs using 100% CPU
Iteration 90 / LogL: -8178.352 / Time: 0h:0m:3s (0h:0m:0s left)
Optimizing NNI: done in 0.0336461 secs using 99.99% CPU
Optimizing NNI: done in 0.021373 secs using 99.98% CPU
Optimizing NNI: done in 0.0332699 secs using 99.99% CPU
Optimizing NNI: done in 0.0451798 secs using 99.98% CPU
Optimizing NNI: done in 0.021085 secs using 100% CPU
UPDATE BEST LOG-LIKELIHOOD: -8177.976
Optimizing NNI: done in 0.03667 secs using 99.95% CPU
Optimizing NNI: done in 0.02156 secs using 100% CPU
Optimizing NNI: done in 0.033669 secs using 99.98% CPU
Optimizing NNI: done in 0.033721 secs using 99.99% CPU
Optimizing NNI: done in 0.0338929 secs using 99.99% CPU
Iteration 100 / LogL: -8178.816 / Time: 0h:0m:3s (0h:0m:0s left)
Optimizing NNI: done in 0.0334949 secs using 99.98% CPU
TREE SEARCH COMPLETED AFTER 101 ITERATIONS / Time: 0h:0m:3s

--------------------------------------------------------------------
|                    FINALIZING TREE SEARCH                        |
--------------------------------------------------------------------
Performs final model parameters optimization
Estimate model parameters (epsilon = 0.010)
1. Initial log-likelihood: -8177.976
Optimal log-likelihood: -8177.975
Gamma shape alpha: 2.120
Parameters optimization took 1 rounds (0.010 sec)
BEST SCORE FOUND : -8177.975
Total tree length: 7.339

Total number of iterations: 101
CPU time used for tree search: 3.479 sec (0h:0m:3s)
Wall-clock time used for tree search: 3.317 sec (0h:0m:3s)
Total CPU time used: 3.540 sec (0h:0m:3s)
Total wall-clock time used: 3.377 sec (0h:0m:3s)

Analysis results written to: 
  IQ-TREE report:                ./orthofinder/Results_Jul04/WorkingDirectory/Alignments_ids/OG0000160.iqtree
  Maximum-likelihood tree:       ./orthofinder/Results_Jul04/WorkingDirectory/Alignments_ids/OG0000160.treefile
  Likelihood distances:          ./orthofinder/Results_Jul04/WorkingDirectory/Alignments_ids/OG0000160.mldist
  Screen log file:               ./orthofinder/Results_Jul04/WorkingDirectory/Alignments_ids/OG0000160.log

Date and Time: Thu Jul  4 10:42:07 2024
