IQ-TREE multicore version 2.2.0.5 COVID-edition for Linux 64-bit built Sep 26 2022
Developed by Bui Quang Minh, James Barbetti, Nguyen Lam Tung,
Olga Chernomor, Heiko Schmidt, Dominik Schrempf, Michael Woodhams, Ly Trong Nhan.

Host:    c148 (AVX2, FMA3, 503 GB RAM)
Command: iqtree -s ./orthofinder/Results_Jul04/WorkingDirectory/Alignments_ids/OG0000181.fa -pre ./orthofinder/Results_Jul04/WorkingDirectory/Alignments_ids/OG0000181
Seed:    19844 (Using SPRNG - Scalable Parallel Random Number Generator)
Time:    Thu Jul  4 10:41:30 2024
Kernel:  AVX+FMA - 1 threads (24 CPU cores detected)

HINT: Use -nt option to specify number of threads because your CPU has 24 cores!
HINT: -nt AUTO will automatically determine the best number of threads to use.

Reading alignment file ./orthofinder/Results_Jul04/WorkingDirectory/Alignments_ids/OG0000181.fa ... Fasta format detected
Reading fasta file: done in 0.000142097 secs using 75.3% CPU
Alignment most likely contains protein sequences
Constructing alignment: done in 0.000118971 secs using 100% CPU
Alignment has 5 sequences with 238 columns, 222 distinct patterns
38 parsimony-informative, 153 singleton sites, 47 constant sites
        Gap/Ambiguity  Composition  p-value
Analyzing sequences: done in 6.91414e-06 secs using 86.78% CPU
   1  7_104    15.97%    passed     79.45%
   2  8_94      7.98%    passed     54.39%
   3  10_116   15.97%    passed     92.32%
   4  13_139   26.05%    passed     51.35%
   5  14_3     29.83%    passed     87.76%
****  TOTAL    19.16%  0 sequences failed composition chi2 test (p-value<5%; df=19)
Checking for duplicate sequences: done in 9.05991e-06 secs using 99.34% CPU


Create initial parsimony tree by phylogenetic likelihood library (PLL)... 0.000 seconds
Perform fast likelihood tree search using LG+I+G model...
Estimate model parameters (epsilon = 5.000)
Perform nearest neighbor interchange...
Optimizing NNI: done in 0.020309 secs using 10.16% CPU
Estimate model parameters (epsilon = 1.000)
1. Initial log-likelihood: -2300.843
Optimal log-likelihood: -2300.397
Proportion of invariable sites: 0.042
Gamma shape alpha: 1.446
Parameters optimization took 1 rounds (0.005 sec)
Time for fast ML tree search: 0.039 seconds

NOTE: ModelFinder requires 1 MB RAM!
ModelFinder will test up to 1232 protein models (sample size: 238) ...
 No. Model         -LnL         df  AIC          AICc         BIC
  1  LG            2327.665     7   4669.330     4669.817     4693.636
  2  LG+I          2315.244     8   4646.488     4647.117     4674.266
  3  LG+G4         2299.575     8   4615.150     4615.778     4642.928
  4  LG+I+G4       2299.979     9   4617.959     4618.748     4649.209
  5  LG+R2         2299.947     9   4617.894     4618.683     4649.144
  6  LG+R3         2299.536     11  4621.071     4622.240     4659.266
 14  LG+I+R2       2299.871     10  4619.742     4620.711     4654.464
 15  LG+I+R3       2299.693     12  4623.386     4624.773     4665.054
 25  LG+F+G4       2252.849     27  4559.698     4566.898     4653.450
 26  LG+F+I+G4     2253.288     28  4562.577     4570.347     4659.801
 27  LG+F+R2       2252.905     28  4561.810     4569.580     4659.033
 47  WAG+G4        2310.896     8   4637.792     4638.421     4665.570
 48  WAG+I+G4      2310.927     9   4639.853     4640.643     4671.104
 49  WAG+R2        2311.637     9   4641.273     4642.063     4672.524
 69  WAG+F+G4      2258.595     27  4571.190     4578.390     4664.942
 70  WAG+F+I+G4    2258.721     28  4573.441     4581.212     4670.665
 71  WAG+F+R2      2259.338     28  4574.677     4582.447     4671.900
 91  JTT+G4        2312.796     8   4641.592     4642.221     4669.370
 92  JTT+I+G4      2312.988     9   4643.975     4644.765     4675.226
 93  JTT+R2        2313.792     9   4645.584     4646.373     4676.834
113  JTT+F+G4      2257.724     27  4569.448     4576.648     4663.200
114  JTT+F+I+G4    2258.020     28  4572.041     4579.811     4669.264
115  JTT+F+R2      2258.392     28  4572.783     4580.553     4670.007
WARNING: Normalizing state frequencies so that sum of them equals to 1
135  Q.pfam+G4     2310.457     8   4636.915     4637.544     4664.693
WARNING: Normalizing state frequencies so that sum of them equals to 1
136  Q.pfam+I+G4   2310.852     9   4639.704     4640.494     4670.955
WARNING: Normalizing state frequencies so that sum of them equals to 1
137  Q.pfam+R2     2310.795     9   4639.590     4640.380     4670.841
WARNING: Normalizing state frequencies so that sum of them equals to 1
157  Q.pfam+F+G4   2252.710     27  4559.421     4566.621     4653.172
WARNING: Normalizing state frequencies so that sum of them equals to 1
158  Q.pfam+F+I+G4 2253.152     28  4562.304     4570.075     4659.528
WARNING: Normalizing state frequencies so that sum of them equals to 1
159  Q.pfam+F+R2   2252.591     28  4561.183     4568.953     4658.407
WARNING: Normalizing state frequencies so that sum of them equals to 1
179  Q.bird+G4     2334.115     8   4684.230     4684.859     4712.008
WARNING: Normalizing state frequencies so that sum of them equals to 1
180  Q.bird+I+G4   2334.352     9   4686.704     4687.494     4717.955
WARNING: Normalizing state frequencies so that sum of them equals to 1
181  Q.bird+R2     2336.063     9   4690.127     4690.916     4721.377
WARNING: Normalizing state frequencies so that sum of them equals to 1
201  Q.bird+F+G4   2273.398     27  4600.796     4607.996     4694.547
WARNING: Normalizing state frequencies so that sum of them equals to 1
202  Q.bird+F+I+G4 2273.716     28  4603.432     4611.203     4700.656
WARNING: Normalizing state frequencies so that sum of them equals to 1
203  Q.bird+F+R2   2275.111     28  4606.222     4613.992     4703.445
WARNING: Normalizing state frequencies so that sum of them equals to 1
223  Q.mammal+G4   2333.509     8   4683.018     4683.647     4710.797
WARNING: Normalizing state frequencies so that sum of them equals to 1
224  Q.mammal+I+G4 2333.843     9   4685.686     4686.475     4716.936
WARNING: Normalizing state frequencies so that sum of them equals to 1
225  Q.mammal+R2   2334.709     9   4687.418     4688.208     4718.669
WARNING: Normalizing state frequencies so that sum of them equals to 1
245  Q.mammal+F+G4 2266.066     27  4586.131     4593.331     4679.883
WARNING: Normalizing state frequencies so that sum of them equals to 1
246  Q.mammal+F+I+G4 2266.407     28  4588.814     4596.584     4686.037
WARNING: Normalizing state frequencies so that sum of them equals to 1
247  Q.mammal+F+R2 2266.957     28  4589.913     4597.683     4687.137
267  Q.insect+G4   2282.033     8   4580.067     4580.696     4607.845
268  Q.insect+I+G4 2282.395     9   4582.790     4583.580     4614.041
269  Q.insect+R2   2282.535     9   4583.070     4583.860     4614.320
289  Q.insect+F+G4 2250.182     27  4554.363     4561.563     4648.115
290  Q.insect+F+I+G4 2250.620     28  4557.241     4565.011     4654.464
291  Q.insect+F+R2 2250.119     28  4556.239     4564.009     4653.462
WARNING: Normalizing state frequencies so that sum of them equals to 1
311  Q.plant+G4    2309.678     8   4635.356     4635.985     4663.134
WARNING: Normalizing state frequencies so that sum of them equals to 1
312  Q.plant+I+G4  2309.862     9   4637.724     4638.514     4668.975
WARNING: Normalizing state frequencies so that sum of them equals to 1
313  Q.plant+R2    2310.829     9   4639.657     4640.447     4670.907
WARNING: Normalizing state frequencies so that sum of them equals to 1
333  Q.plant+F+G4  2259.833     27  4573.666     4580.866     4667.418
WARNING: Normalizing state frequencies so that sum of them equals to 1
334  Q.plant+F+I+G4 2260.155     28  4576.310     4584.080     4673.534
WARNING: Normalizing state frequencies so that sum of them equals to 1
335  Q.plant+F+R2  2260.179     28  4576.357     4584.128     4673.581
WARNING: Normalizing state frequencies so that sum of them equals to 1
355  Q.yeast+G4    2288.471     8   4592.941     4593.570     4620.719
WARNING: Normalizing state frequencies so that sum of them equals to 1
356  Q.yeast+I+G4  2288.777     9   4595.554     4596.343     4626.804
WARNING: Normalizing state frequencies so that sum of them equals to 1
357  Q.yeast+R2    2288.760     9   4595.521     4596.310     4626.771
WARNING: Normalizing state frequencies so that sum of them equals to 1
377  Q.yeast+F+G4  2251.909     27  4557.817     4565.017     4651.569
WARNING: Normalizing state frequencies so that sum of them equals to 1
378  Q.yeast+F+I+G4 2252.338     28  4560.677     4568.447     4657.900
WARNING: Normalizing state frequencies so that sum of them equals to 1
379  Q.yeast+F+R2  2251.651     28  4559.302     4567.073     4656.526
399  JTTDCMut+G4   2312.331     8   4640.663     4641.292     4668.441
400  JTTDCMut+I+G4 2312.496     9   4642.992     4643.782     4674.243
401  JTTDCMut+R2   2313.381     9   4644.761     4645.551     4676.012
421  JTTDCMut+F+G4 2257.667     27  4569.333     4576.533     4663.085
422  JTTDCMut+F+I+G4 2257.948     28  4571.895     4579.665     4669.119
423  JTTDCMut+F+R2 2258.378     28  4572.755     4580.525     4669.979
443  DCMut+G4      2326.718     8   4669.436     4670.065     4697.215
444  DCMut+I+G4    2326.809     9   4671.618     4672.408     4702.869
445  DCMut+R2      2328.506     9   4675.011     4675.801     4706.262
465  DCMut+F+G4    2272.059     27  4598.118     4605.318     4691.869
466  DCMut+F+I+G4  2272.010     28  4600.021     4607.791     4697.244
467  DCMut+F+R2    2273.305     28  4602.611     4610.381     4699.834
487  VT+G4         2304.263     8   4624.526     4625.154     4652.304
488  VT+I+G4       2304.449     9   4626.897     4627.687     4658.148
489  VT+R2         2304.417     9   4626.835     4627.624     4658.085
509  VT+F+G4       2256.018     27  4566.035     4573.235     4659.787
510  VT+F+I+G4     2256.317     28  4568.633     4576.404     4665.857
511  VT+F+R2       2256.048     28  4568.096     4575.866     4665.319
531  PMB+G4        2318.701     8   4653.402     4654.031     4681.180
532  PMB+I+G4      2319.090     9   4656.179     4656.969     4687.430
533  PMB+R2        2318.586     9   4655.171     4655.961     4686.422
553  PMB+F+G4      2265.725     27  4585.450     4592.650     4679.201
554  PMB+F+I+G4    2266.079     28  4588.157     4595.928     4685.381
555  PMB+F+R2      2265.515     28  4587.030     4594.800     4684.253
575  Blosum62+G4   2302.597     8   4621.195     4621.824     4648.973
576  Blosum62+I+G4 2302.996     9   4623.992     4624.782     4655.243
577  Blosum62+R2   2302.314     9   4622.627     4623.417     4653.878
597  Blosum62+F+G4 2261.656     27  4577.312     4584.512     4671.064
598  Blosum62+F+I+G4 2262.014     28  4580.028     4587.799     4677.252
599  Blosum62+F+R2 2261.363     28  4578.725     4586.496     4675.949
619  Dayhoff+G4    2326.748     8   4669.496     4670.125     4697.274
620  Dayhoff+I+G4  2326.831     9   4671.662     4672.451     4702.912
621  Dayhoff+R2    2328.609     9   4675.218     4676.008     4706.469
641  Dayhoff+F+G4  2272.068     27  4598.136     4605.336     4691.887
642  Dayhoff+F+I+G4 2272.007     28  4600.013     4607.784     4697.237
643  Dayhoff+F+R2  2273.377     28  4602.754     4610.524     4699.978
663  mtREV+G4      2432.921     8   4881.841     4882.470     4909.620
664  mtREV+I+G4    2433.266     9   4884.532     4885.322     4915.783
665  mtREV+R2      2433.112     9   4884.224     4885.013     4915.474
685  mtREV+F+G4    2270.180     27  4594.359     4601.559     4688.111
686  mtREV+F+I+G4  2270.213     28  4596.427     4604.197     4693.650
687  mtREV+F+R2    2272.526     28  4601.051     4608.822     4698.275
707  mtART+G4      2436.044     8   4888.089     4888.717     4915.867
708  mtART+I+G4    2436.247     9   4890.494     4891.284     4921.745
709  mtART+R2      2435.642     9   4889.283     4890.073     4920.534
729  mtART+F+G4    2277.220     27  4608.440     4615.640     4702.191
730  mtART+F+I+G4  2277.466     28  4610.932     4618.702     4708.155
731  mtART+F+R2    2276.759     28  4609.518     4617.288     4706.741
751  mtZOA+G4      2429.244     8   4874.488     4875.117     4902.266
752  mtZOA+I+G4    2429.281     9   4876.561     4877.351     4907.811
753  mtZOA+R2      2428.350     9   4874.700     4875.489     4905.950
773  mtZOA+F+G4    2269.400     27  4592.800     4600.000     4686.551
774  mtZOA+F+I+G4  2269.598     28  4595.195     4602.965     4692.419
775  mtZOA+F+R2    2269.307     28  4594.613     4602.383     4691.837
795  mtMet+G4      2395.510     8   4807.020     4807.648     4834.798
796  mtMet+I+G4    2395.720     9   4809.439     4810.229     4840.690
797  mtMet+R2      2393.792     9   4805.584     4806.373     4836.834
817  mtMet+F+G4    2271.015     27  4596.030     4603.230     4689.781
818  mtMet+F+I+G4  2271.149     28  4598.299     4606.069     4695.522
819  mtMet+F+R2    2271.467     28  4598.933     4606.704     4696.157
839  mtVer+G4      2441.834     8   4899.667     4900.296     4927.445
840  mtVer+I+G4    2442.005     9   4902.009     4902.798     4933.259
841  mtVer+R2      2440.895     9   4899.790     4900.580     4931.041
861  mtVer+F+G4    2280.866     27  4615.731     4622.931     4709.483
862  mtVer+F+I+G4  2280.201     28  4616.402     4624.173     4713.626
863  mtVer+F+R2    2282.144     28  4620.288     4628.058     4717.511
883  mtInv+G4      2399.742     8   4815.485     4816.114     4843.263
884  mtInv+I+G4    2399.943     9   4817.887     4818.676     4849.137
885  mtInv+R2      2397.827     9   4813.653     4814.443     4844.904
905  mtInv+F+G4    2264.249     27  4582.498     4589.698     4676.249
906  mtInv+F+I+G4  2264.447     28  4584.894     4592.664     4682.117
907  mtInv+F+R2    2264.155     28  4584.310     4592.080     4681.533
927  mtMAM+G4      2450.579     8   4917.157     4917.786     4944.935
928  mtMAM+I+G4    2450.863     9   4919.726     4920.516     4950.977
929  mtMAM+R2      2451.772     9   4921.544     4922.333     4952.794
949  mtMAM+F+G4    2284.809     27  4623.618     4630.818     4717.370
950  mtMAM+F+I+G4  2284.849     28  4625.699     4633.469     4722.922
951  mtMAM+F+R2    2286.533     28  4629.065     4636.836     4726.289
WARNING: Normalizing state frequencies so that sum of them equals to 1
971  FLAVI+G4      2372.315     8   4760.630     4761.259     4788.408
WARNING: Normalizing state frequencies so that sum of them equals to 1
972  FLAVI+I+G4    2372.063     9   4762.127     4762.916     4793.377
WARNING: Normalizing state frequencies so that sum of them equals to 1
973  FLAVI+R2      2375.867     9   4769.734     4770.524     4800.984
WARNING: Normalizing state frequencies so that sum of them equals to 1
993  FLAVI+F+G4    2287.931     27  4629.862     4637.062     4723.613
WARNING: Normalizing state frequencies so that sum of them equals to 1
994  FLAVI+F+I+G4  2288.062     28  4632.123     4639.894     4729.347
WARNING: Normalizing state frequencies so that sum of them equals to 1
995  FLAVI+F+R2    2289.882     28  4635.764     4643.534     4732.987
1015  HIVb+G4       2338.744     8   4693.487     4694.116     4721.265
1016  HIVb+I+G4     2338.724     9   4695.448     4696.237     4726.698
1017  HIVb+R2       2341.193     9   4700.386     4701.176     4731.637
1037  HIVb+F+G4     2273.601     27  4601.202     4608.402     4694.953
1038  HIVb+F+I+G4   2273.777     28  4603.553     4611.324     4700.777
1039  HIVb+F+R2     2276.017     28  4608.034     4615.804     4705.257
1059  HIVw+G4       2376.836     8   4769.672     4770.301     4797.450
1060  HIVw+I+G4     2376.286     9   4770.571     4771.361     4801.822
1061  HIVw+R2       2385.330     9   4788.660     4789.449     4819.910
1081  HIVw+F+G4     2301.012     27  4656.025     4663.225     4749.776
1082  HIVw+F+I+G4   2301.026     28  4658.052     4665.822     4755.275
1083  HIVw+F+R2     2307.049     28  4670.098     4677.868     4767.322
1103  FLU+G4        2339.945     8   4695.890     4696.519     4723.669
1104  FLU+I+G4      2340.023     9   4698.045     4698.835     4729.296
1105  FLU+R2        2344.671     9   4707.342     4708.131     4738.592
1125  FLU+F+G4      2282.867     27  4619.735     4626.935     4713.486
1126  FLU+F+I+G4    2283.146     28  4622.293     4630.063     4719.516
1127  FLU+F+R2      2286.549     28  4629.097     4636.868     4726.321
1147  rtREV+G4      2310.972     8   4637.944     4638.572     4665.722
1148  rtREV+I+G4    2311.391     9   4640.782     4641.571     4672.032
1149  rtREV+R2      2310.791     9   4639.581     4640.371     4670.832
1169  rtREV+F+G4    2254.180     27  4562.360     4569.560     4656.112
1170  rtREV+F+I+G4  2254.554     28  4565.107     4572.878     4662.331
1171  rtREV+F+R2    2253.683     28  4563.366     4571.136     4660.589
1191  cpREV+G4      2329.188     8   4674.375     4675.004     4702.153
1192  cpREV+I+G4    2328.923     9   4675.847     4676.636     4707.097
1193  cpREV+R2      2331.239     9   4680.478     4681.268     4711.729
1213  cpREV+F+G4    2266.307     27  4586.615     4593.815     4680.366
1214  cpREV+F+I+G4  2265.769     28  4587.538     4595.309     4684.762
1215  cpREV+F+R2    2268.476     28  4592.952     4600.722     4690.175
Akaike Information Criterion:           Q.insect+F+G4
Corrected Akaike Information Criterion: Q.insect+F+G4
Bayesian Information Criterion:         Q.insect+G4
Best-fit model: Q.insect+G4 chosen according to BIC

All model information printed to ./orthofinder/Results_Jul04/WorkingDirectory/Alignments_ids/OG0000181.model.gz
CPU time for ModelFinder: 2.111 seconds (0h:0m:2s)
Wall-clock time for ModelFinder: 4.128 seconds (0h:0m:4s)

NOTE: 0 MB RAM (0 GB) is required!
Estimate model parameters (epsilon = 0.100)
1. Initial log-likelihood: -2282.033
Optimal log-likelihood: -2282.032
Gamma shape alpha: 1.100
Parameters optimization took 1 rounds (0.003 sec)
Wrote distance file to... 
Computing ML distances based on estimated model parameters...
Calculating distance matrix: done in 0.00134778 secs using 99.5% CPU
Computing ML distances took 0.001365 sec (of wall-clock time) 0.001358 sec (of CPU time)
Setting up auxiliary I and S matrices: done in 3.09944e-05 secs using 100% CPU
Constructing RapidNJ tree: done in 2.00272e-05 secs using 104.9% CPU
Computing RapidNJ tree took 0.000096 sec (of wall-clock time) 0.000094 sec (of CPU time)
Log-likelihood of RapidNJ tree: -2282.032
--------------------------------------------------------------------
|             INITIALIZING CANDIDATE TREE SET                      |
--------------------------------------------------------------------
Generating 99 parsimony trees... 0.016 second
Computing log-likelihood of 4 initial trees ... 0.003 seconds
Current best score: -2282.032

Do NNI search on 5 best initial trees
Optimizing NNI: done in 0.00206208 secs using 99.85% CPU
Optimizing NNI: done in 0.00458789 secs using 172.4% CPU
Optimizing NNI: done in 0.020582 secs using 67.8% CPU
Optimizing NNI: done in 0.00460005 secs using 100% CPU
Optimizing NNI: done in 0.00462294 secs using 132% CPU
Finish initializing candidate tree set (5)
Current best tree score: -2282.032 / CPU time: 0.072
Number of iterations: 5
--------------------------------------------------------------------
|               OPTIMIZING CANDIDATE TREE SET                      |
--------------------------------------------------------------------
Optimizing NNI: done in 0.00449109 secs using 199.5% CPU
UPDATE BEST LOG-LIKELIHOOD: -2282.031
Optimizing NNI: done in 0.00713897 secs using 199.7% CPU
Optimizing NNI: done in 0.00715303 secs using 129.5% CPU
Optimizing NNI: done in 0.020541 secs using 69.73% CPU
Optimizing NNI: done in 0.00469708 secs using 121.3% CPU
Iteration 10 / LogL: -2282.199 / Time: 0h:0m:0s
Optimizing NNI: done in 0.00196314 secs using 199.1% CPU
Optimizing NNI: done in 0.0231521 secs using 71.52% CPU
Optimizing NNI: done in 0.00730515 secs using 140% CPU
Optimizing NNI: done in 0.019208 secs using 90.64% CPU
Optimizing NNI: done in 0.00729609 secs using 115.7% CPU
Optimizing NNI: done in 0.0233319 secs using 57.11% CPU
Optimizing NNI: done in 0.00460696 secs using 99.78% CPU
Optimizing NNI: done in 0.0231771 secs using 31.65% CPU
Optimizing NNI: done in 0.00735712 secs using 96.36% CPU
Optimizing NNI: done in 0.004601 secs using 100% CPU
Iteration 20 / LogL: -2282.405 / Time: 0h:0m:0s
Optimizing NNI: done in 0.0231571 secs using 30.91% CPU
Optimizing NNI: done in 0.00727201 secs using 100% CPU
Optimizing NNI: done in 0.0234878 secs using 31.77% CPU
Optimizing NNI: done in 0.00197196 secs using 100% CPU
Optimizing NNI: done in 0.00726104 secs using 100% CPU
Optimizing NNI: done in 0.0207181 secs using 22.78% CPU
Optimizing NNI: done in 0.00725102 secs using 100% CPU
Optimizing NNI: done in 0.0234952 secs using 31.9% CPU
Optimizing NNI: done in 0.007236 secs using 99.99% CPU
Optimizing NNI: done in 0.016571 secs using 44.38% CPU
Iteration 30 / LogL: -2282.474 / Time: 0h:0m:0s (0h:0m:1s left)
Optimizing NNI: done in 0.00716186 secs using 100% CPU
Optimizing NNI: done in 0.01526 secs using 48.82% CPU
Optimizing NNI: done in 0.0121081 secs using 40.76% CPU
Optimizing NNI: done in 0.00463796 secs using 100% CPU
UPDATE BEST LOG-LIKELIHOOD: -2282.031
Optimizing NNI: done in 0.00714302 secs using 100% CPU
Optimizing NNI: done in 0.0233879 secs using 31.1% CPU
Optimizing NNI: done in 0.004704 secs using 99.96% CPU
Optimizing NNI: done in 0.00451899 secs using 100% CPU
UPDATE BEST LOG-LIKELIHOOD: -2282.031
Optimizing NNI: done in 0.00725698 secs using 99.93% CPU
Optimizing NNI: done in 0.00725985 secs using 100% CPU
Iteration 40 / LogL: -2282.119 / Time: 0h:0m:0s (0h:0m:0s left)
Optimizing NNI: done in 0.0116451 secs using 61.68% CPU
Optimizing NNI: done in 0.00452209 secs using 100% CPU
Optimizing NNI: done in 0.00464392 secs using 100% CPU
UPDATE BEST LOG-LIKELIHOOD: -2282.031
Optimizing NNI: done in 0.00729203 secs using 99.97% CPU
Optimizing NNI: done in 0.00712204 secs using 100% CPU
Optimizing NNI: done in 0.02336 secs using 31.37% CPU
Optimizing NNI: done in 0.00445509 secs using 99.98% CPU
UPDATE BEST LOG-LIKELIHOOD: -2282.031
Optimizing NNI: done in 0.00707603 secs using 99.7% CPU
Optimizing NNI: done in 0.00720787 secs using 100% CPU
Optimizing NNI: done in 0.023345 secs using 31.4% CPU
Iteration 50 / LogL: -2282.065 / Time: 0h:0m:0s (0h:0m:0s left)
Optimizing NNI: done in 0.00470996 secs using 100% CPU
Optimizing NNI: done in 0.0233481 secs using 31.47% CPU
Optimizing NNI: done in 0.00470996 secs using 100% CPU
Optimizing NNI: done in 0.00457001 secs using 100% CPU
Optimizing NNI: done in 0.0233262 secs using 31.43% CPU
Optimizing NNI: done in 0.00730896 secs using 99.82% CPU
Optimizing NNI: done in 0.00448823 secs using 99.99% CPU
UPDATE BEST LOG-LIKELIHOOD: -2282.031
Optimizing NNI: done in 0.00462508 secs using 99.93% CPU
UPDATE BEST LOG-LIKELIHOOD: -2282.031
Optimizing NNI: done in 0.00448394 secs using 99.87% CPU
UPDATE BEST LOG-LIKELIHOOD: -2282.031
Optimizing NNI: done in 0.0046711 secs using 99.98% CPU
Iteration 60 / LogL: -2282.405 / Time: 0h:0m:0s (0h:0m:0s left)
Optimizing NNI: done in 0.0193601 secs using 38.02% CPU
Optimizing NNI: done in 0.00444603 secs using 99.98% CPU
UPDATE BEST LOG-LIKELIHOOD: -2282.031
Optimizing NNI: done in 0.00472403 secs using 99.64% CPU
Optimizing NNI: done in 0.00465512 secs using 99.98% CPU
Optimizing NNI: done in 0.0231709 secs using 30.97% CPU
Optimizing NNI: done in 0.00196695 secs using 99.95% CPU
Optimizing NNI: done in 0.00738883 secs using 99.99% CPU
Optimizing NNI: done in 0.0233309 secs using 31.43% CPU
Optimizing NNI: done in 0.00737786 secs using 100% CPU
Optimizing NNI: done in 0.00457501 secs using 100% CPU
Iteration 70 / LogL: -2282.413 / Time: 0h:0m:1s (0h:0m:0s left)
Optimizing NNI: done in 0.023319 secs using 31.39% CPU
Optimizing NNI: done in 0.00451899 secs using 100% CPU
Optimizing NNI: done in 0.016619 secs using 27.7% CPU
Optimizing NNI: done in 0.00468707 secs using 99.98% CPU
Optimizing NNI: done in 0.004673 secs using 100% CPU
Optimizing NNI: done in 0.00468683 secs using 99.98% CPU
Optimizing NNI: done in 0.023303 secs using 31.34% CPU
Optimizing NNI: done in 0.00736094 secs using 100% CPU
Optimizing NNI: done in 0.0233619 secs using 31.53% CPU
Optimizing NNI: done in 0.00469208 secs using 99.98% CPU
Iteration 80 / LogL: -2282.199 / Time: 0h:0m:1s (0h:0m:0s left)
Optimizing NNI: done in 0.0233588 secs using 31.47% CPU
Optimizing NNI: done in 0.0074141 secs using 100% CPU
Optimizing NNI: done in 0.00456905 secs using 100% CPU
Optimizing NNI: done in 0.0232241 secs using 31.11% CPU
Optimizing NNI: done in 0.00735402 secs using 100% CPU
Optimizing NNI: done in 0.0207171 secs using 22.76% CPU
Optimizing NNI: done in 0.00730896 secs using 100% CPU
Optimizing NNI: done in 0.00446916 secs using 99.97% CPU
UPDATE BEST LOG-LIKELIHOOD: -2282.031
Optimizing NNI: done in 0.0047369 secs using 99.69% CPU
Optimizing NNI: done in 0.00717592 secs using 100% CPU
Iteration 90 / LogL: -2282.081 / Time: 0h:0m:1s (0h:0m:0s left)
Optimizing NNI: done in 0.020565 secs using 22.18% CPU
Optimizing NNI: done in 0.00471616 secs using 100% CPU
Optimizing NNI: done in 0.00722289 secs using 100% CPU
Optimizing NNI: done in 0.02071 secs using 22.78% CPU
Optimizing NNI: done in 0.00737214 secs using 100% CPU
Optimizing NNI: done in 0.0231199 secs using 30.79% CPU
Optimizing NNI: done in 0.00731087 secs using 99.99% CPU
Optimizing NNI: done in 0.00454402 secs using 100% CPU
Optimizing NNI: done in 0.020586 secs using 22.27% CPU
Optimizing NNI: done in 0.0045681 secs using 100% CPU
UPDATE BEST LOG-LIKELIHOOD: -2282.031
Iteration 100 / LogL: -2282.031 / Time: 0h:0m:1s (0h:0m:0s left)
Optimizing NNI: done in 0.00447702 secs using 99.98% CPU
UPDATE BEST LOG-LIKELIHOOD: -2282.031
TREE SEARCH COMPLETED AFTER 101 ITERATIONS / Time: 0h:0m:1s

--------------------------------------------------------------------
|                    FINALIZING TREE SEARCH                        |
--------------------------------------------------------------------
Performs final model parameters optimization
Estimate model parameters (epsilon = 0.010)
1. Initial log-likelihood: -2282.031
Optimal log-likelihood: -2282.031
Gamma shape alpha: 1.097
Parameters optimization took 1 rounds (0.002 sec)
BEST SCORE FOUND : -2282.031
Total tree length: 7.857

Total number of iterations: 101
CPU time used for tree search: 0.729 sec (0h:0m:0s)
Wall-clock time used for tree search: 1.310 sec (0h:0m:1s)
Total CPU time used: 0.752 sec (0h:0m:0s)
Total wall-clock time used: 1.411 sec (0h:0m:1s)

Analysis results written to: 
  IQ-TREE report:                ./orthofinder/Results_Jul04/WorkingDirectory/Alignments_ids/OG0000181.iqtree
  Maximum-likelihood tree:       ./orthofinder/Results_Jul04/WorkingDirectory/Alignments_ids/OG0000181.treefile
  Likelihood distances:          ./orthofinder/Results_Jul04/WorkingDirectory/Alignments_ids/OG0000181.mldist
  Screen log file:               ./orthofinder/Results_Jul04/WorkingDirectory/Alignments_ids/OG0000181.log

Date and Time: Thu Jul  4 10:41:35 2024
