IQ-TREE multicore version 2.2.0.5 COVID-edition for Linux 64-bit built Sep 26 2022
Developed by Bui Quang Minh, James Barbetti, Nguyen Lam Tung,
Olga Chernomor, Heiko Schmidt, Dominik Schrempf, Michael Woodhams, Ly Trong Nhan.

Host:    c148 (AVX2, FMA3, 503 GB RAM)
Command: iqtree -s ./orthofinder/Results_Jul04/WorkingDirectory/Alignments_ids/OG0000046.fa -pre ./orthofinder/Results_Jul04/WorkingDirectory/Alignments_ids/OG0000046
Seed:    27642 (Using SPRNG - Scalable Parallel Random Number Generator)
Time:    Thu Jul  4 10:36:03 2024
Kernel:  AVX+FMA - 1 threads (24 CPU cores detected)

HINT: Use -nt option to specify number of threads because your CPU has 24 cores!
HINT: -nt AUTO will automatically determine the best number of threads to use.

Reading alignment file ./orthofinder/Results_Jul04/WorkingDirectory/Alignments_ids/OG0000046.fa ... Fasta format detected
Reading fasta file: done in 0.000175953 secs using 97.75% CPU
Alignment most likely contains protein sequences
Constructing alignment: done in 9.20296e-05 secs using 99.97% CPU
Alignment has 35 sequences with 181 columns, 108 distinct patterns
53 parsimony-informative, 16 singleton sites, 112 constant sites
       Gap/Ambiguity  Composition  p-value
Analyzing sequences: done in 8.10623e-06 secs using 98.69% CPU
   1  0_57    52.49%    passed    100.00%
   2  2_57    52.49%    passed    100.00%
   3  3_61    52.49%    passed    100.00%
   4  4_56    52.49%    passed    100.00%
   5  5_17    52.49%    passed    100.00%
   6  6_56    52.49%    passed    100.00%
   7  9_56    52.49%    passed    100.00%
   8  14_12    8.84%    failed      0.00%
   9  15_57   52.49%    passed    100.00%
  10  16_57   52.49%    passed    100.00%
  11  17_58   52.49%    passed    100.00%
  12  18_55   52.49%    passed    100.00%
  13  19_58   52.49%    passed    100.00%
  14  20_54   52.49%    passed    100.00%
  15  21_56   52.49%    passed    100.00%
  16  22_58   52.49%    passed    100.00%
  17  23_38   45.86%    passed     35.69%
  18  25_39   45.86%    passed     35.69%
  19  26_47   52.49%    passed    100.00%
  20  27_58   52.49%    passed    100.00%
  21  28_59   52.49%    passed    100.00%
  22  29_59   52.49%    passed    100.00%
  23  31_18   50.83%    passed     43.53%
  24  32_18   52.49%    passed    100.00%
  25  33_18   52.49%    passed    100.00%
  26  34_21   52.49%    passed    100.00%
  27  35_76   52.49%    passed    100.00%
  28  36_57   52.49%    passed    100.00%
  29  37_60   52.49%    passed    100.00%
  30  38_95   45.86%    passed     47.87%
  31  39_55   52.49%    passed    100.00%
  32  40_57   52.49%    passed    100.00%
  33  41_59   52.49%    passed    100.00%
  34  42_57   52.49%    passed    100.00%
  35  43_56   52.49%    passed    100.00%
WARNING: 31 sequences contain more than 50% gaps/ambiguity
****  TOTAL   50.62%  1 sequences failed composition chi2 test (p-value<5%; df=19)
NOTE: 20_54 is identical to 0_57 but kept for subsequent analysis
NOTE: 4_56 is identical to 2_57 but kept for subsequent analysis
NOTE: 5_17 is identical to 3_61 but kept for subsequent analysis
NOTE: 33_18 is identical to 6_56 but kept for subsequent analysis
NOTE: 16_57 is identical to 15_57 but kept for subsequent analysis
NOTE: 42_57 is identical to 22_58 but kept for subsequent analysis
NOTE: 25_39 is identical to 23_38 but kept for subsequent analysis
Checking for duplicate sequences: done in 3.88622e-05 secs using 97.78% CPU
Identifying sites to remove: done in 3.60012e-05 secs using 97.22% CPU
NOTE: 18 identical sequences (see below) will be ignored for subsequent analysis
NOTE: 27_58 (identical to 0_57) is ignored but added at the end
NOTE: 9_56 (identical to 2_57) is ignored but added at the end
NOTE: 21_56 (identical to 2_57) is ignored but added at the end
NOTE: 26_47 (identical to 2_57) is ignored but added at the end
NOTE: 28_59 (identical to 2_57) is ignored but added at the end
NOTE: 32_18 (identical to 2_57) is ignored but added at the end
NOTE: 39_55 (identical to 2_57) is ignored but added at the end
NOTE: 40_57 (identical to 2_57) is ignored but added at the end
NOTE: 41_59 (identical to 2_57) is ignored but added at the end
NOTE: 17_58 (identical to 3_61) is ignored but added at the end
NOTE: 18_55 (identical to 3_61) is ignored but added at the end
NOTE: 19_58 (identical to 3_61) is ignored but added at the end
NOTE: 29_59 (identical to 3_61) is ignored but added at the end
NOTE: 34_21 (identical to 3_61) is ignored but added at the end
NOTE: 35_76 (identical to 3_61) is ignored but added at the end
NOTE: 36_57 (identical to 3_61) is ignored but added at the end
NOTE: 37_60 (identical to 3_61) is ignored but added at the end
NOTE: 43_56 (identical to 3_61) is ignored but added at the end
Alignment was printed to ./orthofinder/Results_Jul04/WorkingDirectory/Alignments_ids/OG0000046.uniqueseq.phy

For your convenience alignment with unique sequences printed to ./orthofinder/Results_Jul04/WorkingDirectory/Alignments_ids/OG0000046.uniqueseq.phy


Create initial parsimony tree by phylogenetic likelihood library (PLL)... 0.000 seconds
Perform fast likelihood tree search using LG+I+G model...
Estimate model parameters (epsilon = 5.000)
Perform nearest neighbor interchange...
Optimizing NNI: done in 0.070569 secs using 53.2% CPU
Estimate model parameters (epsilon = 1.000)
1. Initial log-likelihood: -990.681
2. Current log-likelihood: -989.642
Optimal log-likelihood: -989.034
Proportion of invariable sites: 0.156
Gamma shape alpha: 998.261
Parameters optimization took 2 rounds (0.028 sec)
Time for fast ML tree search: 0.202 seconds

NOTE: ModelFinder requires 3 MB RAM!
ModelFinder will test up to 1232 protein models (sample size: 181) ...
 No. Model         -LnL         df  AIC          AICc         BIC
  1  LG            992.058      31  2046.115     2059.431     2145.269
  2  LG+I          988.613      32  2041.226     2055.497     2143.578
  3  LG+G4         989.324      32  2042.647     2056.918     2144.999
  4  LG+I+G4       988.680      33  2043.361     2058.626     2148.911
  5  LG+R2         989.126      33  2044.252     2059.517     2149.802
  6  LG+R3         988.666      35  2047.332     2064.711     2159.280
 14  LG+I+R2       988.636      34  2045.272     2061.573     2154.021
 15  LG+I+R3       988.618      36  2049.236     2067.736     2164.382
 23  LG+F          999.162      50  2098.325     2137.556     2258.250
 24  LG+F+I        995.687      51  2093.373     2134.490     2256.497
 25  LG+F+G4       996.575      51  2095.149     2136.266     2258.273
 26  LG+F+I+G4     995.773      52  2095.546     2138.608     2261.868
 27  LG+F+R2       996.388      52  2096.777     2139.839     2263.098
 45  WAG           997.162      31  2056.324     2069.639     2155.477
 46  WAG+I         995.295      32  2054.589     2068.859     2156.941
 47  WAG+G4        995.995      32  2055.991     2070.261     2158.342
 48  WAG+I+G4      995.440      33  2056.880     2072.145     2162.430
 49  WAG+R2        995.941      33  2057.883     2073.148     2163.433
 67  WAG+F         997.277      50  2094.554     2133.785     2254.479
 68  WAG+F+I       995.425      51  2092.849     2133.965     2255.973
 69  WAG+F+G4      996.222      51  2094.444     2135.561     2257.568
 70  WAG+F+I+G4    995.529      52  2095.058     2138.121     2261.380
 71  WAG+F+R2      996.151      52  2096.302     2139.364     2262.624
 89  JTT           995.583      31  2053.166     2066.482     2152.320
 90  JTT+I         992.727      32  2049.453     2063.723     2151.805
 91  JTT+G4        992.879      32  2049.757     2064.027     2152.109
 92  JTT+I+G4      992.789      33  2051.577     2066.843     2157.128
 93  JTT+R2        992.848      33  2051.696     2066.961     2157.246
111  JTT+F         999.733      50  2099.466     2138.697     2259.391
112  JTT+F+I       997.249      51  2096.498     2137.615     2259.622
113  JTT+F+G4      997.464      51  2096.928     2138.044     2260.051
114  JTT+F+I+G4    997.350      52  2098.701     2141.763     2265.022
115  JTT+F+R2      997.415      52  2098.829     2141.892     2265.151
WARNING: Normalizing state frequencies so that sum of them equals to 1
133  Q.pfam        994.150      31  2050.300     2063.615     2149.453
WARNING: Normalizing state frequencies so that sum of them equals to 1
134  Q.pfam+I      991.570      32  2047.141     2061.411     2149.493
WARNING: Normalizing state frequencies so that sum of them equals to 1
135  Q.pfam+G4     991.943      32  2047.885     2062.155     2150.237
WARNING: Normalizing state frequencies so that sum of them equals to 1
136  Q.pfam+I+G4   991.684      33  2049.369     2064.634     2154.919
WARNING: Normalizing state frequencies so that sum of them equals to 1
137  Q.pfam+R2     991.791      33  2049.581     2064.846     2155.131
WARNING: Normalizing state frequencies so that sum of them equals to 1
155  Q.pfam+F      999.281      50  2098.562     2137.793     2258.487
WARNING: Normalizing state frequencies so that sum of them equals to 1
156  Q.pfam+F+I    996.171      51  2094.342     2135.458     2257.465
WARNING: Normalizing state frequencies so that sum of them equals to 1
157  Q.pfam+F+G4   996.816      51  2095.631     2136.748     2258.755
WARNING: Normalizing state frequencies so that sum of them equals to 1
158  Q.pfam+F+I+G4 996.277      52  2096.553     2139.616     2262.875
WARNING: Normalizing state frequencies so that sum of them equals to 1
159  Q.pfam+F+R2   996.614      52  2097.227     2140.290     2263.549
WARNING: Normalizing state frequencies so that sum of them equals to 1
177  Q.bird        1001.622     31  2065.244     2078.559     2164.397
WARNING: Normalizing state frequencies so that sum of them equals to 1
178  Q.bird+I      997.191      32  2058.382     2072.652     2160.734
WARNING: Normalizing state frequencies so that sum of them equals to 1
179  Q.bird+G4     996.055      32  2056.110     2070.381     2158.462
WARNING: Normalizing state frequencies so that sum of them equals to 1
180  Q.bird+I+G4   996.298      33  2058.595     2073.861     2164.146
WARNING: Normalizing state frequencies so that sum of them equals to 1
181  Q.bird+R2     995.969      33  2057.938     2073.204     2163.489
WARNING: Normalizing state frequencies so that sum of them equals to 1
199  Q.bird+F      1010.215     50  2120.430     2159.660     2280.354
WARNING: Normalizing state frequencies so that sum of them equals to 1
200  Q.bird+F+I    1004.907     51  2111.815     2152.931     2274.938
WARNING: Normalizing state frequencies so that sum of them equals to 1
201  Q.bird+F+G4   1004.182     51  2110.364     2151.480     2273.487
WARNING: Normalizing state frequencies so that sum of them equals to 1
202  Q.bird+F+I+G4 1004.154     52  2112.307     2155.370     2278.629
WARNING: Normalizing state frequencies so that sum of them equals to 1
203  Q.bird+F+R2   1004.278     52  2112.555     2155.618     2278.877
WARNING: Normalizing state frequencies so that sum of them equals to 1
221  Q.mammal      1000.692     31  2063.385     2076.700     2162.538
WARNING: Normalizing state frequencies so that sum of them equals to 1
222  Q.mammal+I    997.379      32  2058.758     2073.028     2161.110
WARNING: Normalizing state frequencies so that sum of them equals to 1
223  Q.mammal+G4   996.317      32  2056.634     2070.904     2158.985
WARNING: Normalizing state frequencies so that sum of them equals to 1
224  Q.mammal+I+G4 996.728      33  2059.457     2074.722     2165.007
WARNING: Normalizing state frequencies so that sum of them equals to 1
225  Q.mammal+R2   996.260      33  2058.519     2073.785     2164.070
WARNING: Normalizing state frequencies so that sum of them equals to 1
243  Q.mammal+F    1006.418     50  2112.835     2152.066     2272.760
WARNING: Normalizing state frequencies so that sum of them equals to 1
244  Q.mammal+F+I  1002.185     51  2106.370     2147.486     2269.494
WARNING: Normalizing state frequencies so that sum of them equals to 1
245  Q.mammal+F+G4 1001.645     51  2105.291     2146.407     2268.414
WARNING: Normalizing state frequencies so that sum of them equals to 1
246  Q.mammal+F+I+G4 1001.714     52  2107.427     2150.490     2273.749
WARNING: Normalizing state frequencies so that sum of them equals to 1
247  Q.mammal+F+R2 1001.729     52  2107.458     2150.520     2273.779
265  Q.insect      990.400      31  2042.800     2056.116     2141.954
266  Q.insect+I    987.267      32  2038.534     2052.804     2140.886
267  Q.insect+G4   986.961      32  2037.922     2052.192     2140.274
268  Q.insect+I+G4 987.149      33  2040.299     2055.564     2145.849
269  Q.insect+R2   986.890      33  2039.780     2055.045     2145.330
287  Q.insect+F    1001.530     50  2103.059     2142.290     2262.984
288  Q.insect+F+I  998.167      51  2098.334     2139.450     2261.457
289  Q.insect+F+G4 998.181      51  2098.363     2139.479     2261.486
290  Q.insect+F+I+G4 998.156      52  2100.313     2143.375     2266.635
291  Q.insect+F+R2 998.146      52  2100.292     2143.355     2266.614
WARNING: Normalizing state frequencies so that sum of them equals to 1
309  Q.plant       993.886      31  2049.772     2063.088     2148.926
WARNING: Normalizing state frequencies so that sum of them equals to 1
310  Q.plant+I     990.424      32  2044.848     2059.118     2147.200
WARNING: Normalizing state frequencies so that sum of them equals to 1
311  Q.plant+G4    989.621      32  2043.242     2057.513     2145.594
WARNING: Normalizing state frequencies so that sum of them equals to 1
312  Q.plant+I+G4  989.874      33  2045.749     2061.014     2151.299
WARNING: Normalizing state frequencies so that sum of them equals to 1
313  Q.plant+R2    989.524      33  2045.048     2060.313     2150.598
WARNING: Normalizing state frequencies so that sum of them equals to 1
331  Q.plant+F     1004.150     50  2108.301     2147.532     2268.226
WARNING: Normalizing state frequencies so that sum of them equals to 1
332  Q.plant+F+I   999.778      51  2101.557     2142.673     2264.680
WARNING: Normalizing state frequencies so that sum of them equals to 1
333  Q.plant+F+G4  999.759      51  2101.517     2142.634     2264.641
WARNING: Normalizing state frequencies so that sum of them equals to 1
334  Q.plant+F+I+G4 999.613      52  2103.226     2146.289     2269.548
WARNING: Normalizing state frequencies so that sum of them equals to 1
335  Q.plant+F+R2  999.744      52  2103.488     2146.550     2269.810
WARNING: Normalizing state frequencies so that sum of them equals to 1
353  Q.yeast       992.632      31  2047.263     2060.579     2146.417
WARNING: Normalizing state frequencies so that sum of them equals to 1
354  Q.yeast+I     990.099      32  2044.198     2058.468     2146.550
WARNING: Normalizing state frequencies so that sum of them equals to 1
355  Q.yeast+G4    989.993      32  2043.985     2058.256     2146.337
WARNING: Normalizing state frequencies so that sum of them equals to 1
356  Q.yeast+I+G4  990.051      33  2046.102     2061.367     2151.652
WARNING: Normalizing state frequencies so that sum of them equals to 1
357  Q.yeast+R2    989.957      33  2045.914     2061.179     2151.465
WARNING: Normalizing state frequencies so that sum of them equals to 1
375  Q.yeast+F     1000.232     50  2100.464     2139.695     2260.389
WARNING: Normalizing state frequencies so that sum of them equals to 1
376  Q.yeast+F+I   997.247      51  2096.493     2137.609     2259.616
WARNING: Normalizing state frequencies so that sum of them equals to 1
377  Q.yeast+F+G4  997.391      51  2096.782     2137.898     2259.905
WARNING: Normalizing state frequencies so that sum of them equals to 1
378  Q.yeast+F+I+G4 997.242      52  2098.485     2141.547     2264.807
WARNING: Normalizing state frequencies so that sum of them equals to 1
379  Q.yeast+F+R2  997.361      52  2098.722     2141.785     2265.044
397  JTTDCMut      995.508      31  2053.016     2066.331     2152.169
398  JTTDCMut+I    992.692      32  2049.383     2063.653     2151.735
399  JTTDCMut+G4   992.863      32  2049.727     2063.997     2152.079
400  JTTDCMut+I+G4 992.760      33  2051.520     2066.785     2157.070
401  JTTDCMut+R2   992.810      33  2051.619     2066.884     2157.170
419  JTTDCMut+F    999.309      50  2098.618     2137.848     2258.543
420  JTTDCMut+F+I  996.903      51  2095.806     2136.923     2258.930
421  JTTDCMut+F+G4 997.114      51  2096.228     2137.344     2259.351
422  JTTDCMut+F+I+G4 997.010      52  2098.020     2141.083     2264.342
423  JTTDCMut+F+R2 997.061      52  2098.123     2141.185     2264.445
441  DCMut         1013.623     31  2089.246     2102.561     2188.399
442  DCMut+I       1009.531     32  2083.062     2097.332     2185.414
443  DCMut+G4      1008.901     32  2081.802     2096.072     2184.154
444  DCMut+I+G4    1009.021     33  2084.041     2099.307     2189.592
445  DCMut+R2      1009.088     33  2084.175     2099.441     2189.726
463  DCMut+F       1001.859     50  2103.718     2142.949     2263.643
464  DCMut+F+I     998.731      51  2099.462     2140.579     2262.586
465  DCMut+F+G4    998.218      51  2098.437     2139.553     2261.560
466  DCMut+F+I+G4  998.379      52  2100.758     2143.820     2267.080
467  DCMut+F+R2    998.247      52  2100.494     2143.557     2266.816
485  VT            992.854      31  2047.709     2061.024     2146.862
486  VT+I          991.665      32  2047.330     2061.600     2149.682
487  VT+G4         992.077      32  2048.154     2062.424     2150.506
488  VT+I+G4       991.806      33  2049.612     2064.878     2155.163
489  VT+R2         992.022      33  2050.044     2065.309     2155.594
507  VT+F          998.133      50  2096.265     2135.496     2256.190
508  VT+F+I        996.987      51  2095.973     2137.090     2259.097
509  VT+F+G4       997.486      51  2096.973     2138.089     2260.096
510  VT+F+I+G4     997.146      52  2098.293     2141.355     2264.615
511  VT+F+R2       997.429      52  2098.858     2141.920     2265.179
529  PMB           999.486      31  2060.972     2074.288     2160.126
530  PMB+I         998.283      32  2060.565     2074.835     2162.917
531  PMB+G4        998.559      32  2061.117     2075.387     2163.469
532  PMB+I+G4      998.420      33  2062.839     2078.104     2168.389
533  PMB+R2        998.486      33  2062.973     2078.238     2168.523
551  PMB+F         1001.793     50  2103.586     2142.817     2263.511
552  PMB+F+I       1000.399     51  2102.798     2143.914     2265.921
553  PMB+F+G4      1000.851     51  2103.703     2144.819     2266.826
554  PMB+F+I+G4    1000.528     52  2105.056     2148.119     2271.378
555  PMB+F+R2      1000.756     52  2105.511     2148.574     2271.833
573  Blosum62      996.380      31  2054.760     2068.075     2153.913
574  Blosum62+I    994.725      32  2053.450     2067.721     2155.802
575  Blosum62+G4   995.224      32  2054.448     2068.718     2156.800
576  Blosum62+I+G4 994.828      33  2055.656     2070.922     2161.207
577  Blosum62+R2   995.136      33  2056.271     2071.537     2161.822
595  Blosum62+F    1001.795     50  2103.590     2142.820     2263.515
596  Blosum62+F+I  1000.176     51  2102.352     2143.468     2265.475
597  Blosum62+F+G4 1000.792     51  2103.584     2144.700     2266.707
598  Blosum62+F+I+G4 1000.294     52  2104.588     2147.651     2270.910
599  Blosum62+F+R2 1000.694     52  2105.389     2148.451     2271.710
617  Dayhoff       1013.561     31  2089.121     2102.437     2188.275
618  Dayhoff+I     1009.447     32  2082.895     2097.165     2185.247
619  Dayhoff+G4    1008.821     32  2081.642     2095.912     2183.994
620  Dayhoff+I+G4  1008.936     33  2083.871     2099.137     2189.422
621  Dayhoff+R2    1009.010     33  2084.020     2099.286     2189.571
639  Dayhoff+F     1001.796     50  2103.591     2142.822     2263.516
640  Dayhoff+F+I   998.661      51  2099.323     2140.439     2262.446
641  Dayhoff+F+G4  998.140      51  2098.279     2139.396     2261.403
642  Dayhoff+F+I+G4 998.303      52  2100.606     2143.668     2266.927
643  Dayhoff+F+R2  998.168      52  2100.337     2143.399     2266.659
661  mtREV         1076.006     31  2214.013     2227.328     2313.166
662  mtREV+I       1068.579     32  2201.157     2215.427     2303.509
663  mtREV+G4      1066.075     32  2196.151     2210.421     2298.503
664  mtREV+I+G4    1066.250     33  2198.500     2213.765     2304.050
665  mtREV+R2      1065.394     33  2196.787     2212.053     2302.338
683  mtREV+F       1011.548     50  2123.095     2162.326     2283.020
684  mtREV+F+I     1006.318     51  2114.636     2155.752     2277.760
685  mtREV+F+G4    1004.585     51  2111.169     2152.286     2274.293
686  mtREV+F+I+G4  1004.791     52  2113.583     2156.645     2279.905
687  mtREV+F+R2    1004.466     52  2112.932     2155.994     2279.254
705  mtART         1081.369     31  2224.738     2238.053     2323.891
706  mtART+I       1071.455     32  2206.909     2221.179     2309.261
707  mtART+G4      1064.317     32  2192.634     2206.904     2294.986
708  mtART+I+G4    1064.617     33  2195.233     2210.499     2300.784
709  mtART+R2      1064.966     33  2195.933     2211.198     2301.483
727  mtART+F       1030.918     50  2161.836     2201.067     2321.761
728  mtART+F+I     1020.442     51  2142.883     2184.000     2306.007
729  mtART+F+G4    1013.779     51  2129.559     2170.675     2292.682
730  mtART+F+I+G4  1014.194     52  2132.388     2175.450     2298.710
731  mtART+F+R2    1015.900     52  2135.800     2178.863     2302.122
749  mtZOA         1069.693     31  2201.385     2214.701     2300.539
750  mtZOA+I       1061.442     32  2186.884     2201.155     2289.236
751  mtZOA+G4      1056.193     32  2176.387     2190.657     2278.739
752  mtZOA+I+G4    1056.536     33  2179.072     2194.337     2284.622
753  mtZOA+R2      1055.959     33  2177.918     2193.183     2283.468
771  mtZOA+F       1020.343     50  2140.686     2179.916     2300.610
772  mtZOA+F+I     1012.700     51  2127.400     2168.516     2290.523
773  mtZOA+F+G4    1008.586     51  2119.173     2160.289     2282.296
774  mtZOA+F+I+G4  1008.963     52  2121.927     2164.989     2288.248
775  mtZOA+F+R2    1009.147     52  2122.294     2165.357     2288.616
793  mtMet         1067.214     31  2196.428     2209.744     2295.582
794  mtMet+I       1061.490     32  2186.980     2201.250     2289.332
795  mtMet+G4      1058.290     32  2180.579     2194.850     2282.931
796  mtMet+I+G4    1058.658     33  2183.315     2198.581     2288.866
797  mtMet+R2      1057.739     33  2181.478     2196.744     2287.029
815  mtMet+F       1013.008     50  2126.017     2165.247     2285.941
816  mtMet+F+I     1008.180     51  2118.361     2159.477     2281.484
817  mtMet+F+G4    1005.618     51  2113.236     2154.352     2276.359
818  mtMet+F+I+G4  1006.060     52  2116.121     2159.183     2282.442
819  mtMet+F+R2    1005.781     52  2115.563     2158.625     2281.884
837  mtVer         1085.717     31  2233.434     2246.749     2332.587
838  mtVer+I       1076.101     32  2216.203     2230.473     2318.554
839  mtVer+G4      1071.481     32  2206.962     2221.232     2309.314
840  mtVer+I+G4    1071.731     33  2209.461     2224.726     2315.011
841  mtVer+R2      1070.996     33  2207.992     2223.257     2313.542
859  mtVer+F       1017.617     50  2135.235     2174.466     2295.160
860  mtVer+F+I     1011.479     51  2124.958     2166.074     2288.081
861  mtVer+F+G4    1007.042     51  2116.083     2157.199     2279.206
862  mtVer+F+I+G4  1007.560     52  2119.120     2162.182     2285.442
863  mtVer+F+R2    1007.242     52  2118.484     2161.546     2284.805
881  mtInv         1070.955     31  2203.911     2217.226     2303.064
882  mtInv+I       1066.528     32  2197.056     2211.327     2299.408
883  mtInv+G4      1064.150     32  2192.301     2206.571     2294.653
884  mtInv+I+G4    1064.548     33  2195.097     2210.362     2300.647
885  mtInv+R2      1063.701     33  2193.403     2208.668     2298.953
903  mtInv+F       1011.168     50  2122.335     2161.566     2282.260
904  mtInv+F+I     1006.714     51  2115.428     2156.544     2278.552
905  mtInv+F+G4    1005.070     51  2112.140     2153.256     2275.263
906  mtInv+F+I+G4  1005.397     52  2114.794     2157.857     2281.116
907  mtInv+F+R2    1005.106     52  2114.212     2157.275     2280.534
925  mtMAM         1092.328     31  2246.656     2259.971     2345.809
926  mtMAM+I       1078.647     32  2221.294     2235.564     2323.646
927  mtMAM+G4      1070.338     32  2204.677     2218.947     2307.029
928  mtMAM+I+G4    1070.613     33  2207.225     2222.490     2312.775
929  mtMAM+R2      1071.731     33  2209.461     2224.727     2315.012
947  mtMAM+F       1026.571     50  2153.143     2192.373     2313.067
948  mtMAM+F+I     1016.909     51  2135.818     2176.934     2298.941
949  mtMAM+F+G4    1010.076     51  2122.153     2163.269     2285.276
950  mtMAM+F+I+G4  1010.525     52  2125.050     2168.113     2291.372
951  mtMAM+F+R2    1011.421     52  2126.842     2169.904     2293.163
WARNING: Normalizing state frequencies so that sum of them equals to 1
969  FLAVI         1027.219     31  2116.439     2129.754     2215.592
WARNING: Normalizing state frequencies so that sum of them equals to 1
970  FLAVI+I       1019.359     32  2102.719     2116.989     2205.070
WARNING: Normalizing state frequencies so that sum of them equals to 1
971  FLAVI+G4      1015.131     32  2094.261     2108.531     2196.613
WARNING: Normalizing state frequencies so that sum of them equals to 1
972  FLAVI+I+G4    1015.665     33  2097.330     2112.595     2202.880
WARNING: Normalizing state frequencies so that sum of them equals to 1
973  FLAVI+R2      1015.575     33  2097.150     2112.415     2202.700
WARNING: Normalizing state frequencies so that sum of them equals to 1
991  FLAVI+F       1018.119     50  2136.238     2175.469     2296.163
WARNING: Normalizing state frequencies so that sum of them equals to 1
992  FLAVI+F+I     1011.871     51  2125.742     2166.859     2288.866
WARNING: Normalizing state frequencies so that sum of them equals to 1
993  FLAVI+F+G4    1008.003     51  2118.005     2159.122     2281.129
WARNING: Normalizing state frequencies so that sum of them equals to 1
994  FLAVI+F+I+G4  1008.574     52  2121.149     2164.211     2287.471
WARNING: Normalizing state frequencies so that sum of them equals to 1
995  FLAVI+F+R2    1008.410     52  2120.819     2163.882     2287.141
1013  HIVb          1002.346     31  2066.692     2080.008     2165.846
1014  HIVb+I        997.595      32  2059.191     2073.461     2161.543
1015  HIVb+G4       997.334      32  2058.668     2072.938     2161.020
1016  HIVb+I+G4     997.245      33  2060.490     2075.756     2166.041
1017  HIVb+R2       997.244      33  2060.488     2075.754     2166.039
1035  HIVb+F        1005.311     50  2110.622     2149.853     2270.547
1036  HIVb+F+I      1001.302     51  2104.603     2145.720     2267.727
1037  HIVb+F+G4     1000.588     51  2103.177     2144.293     2266.300
1038  HIVb+F+I+G4   1000.722     52  2105.444     2148.507     2271.766
1039  HIVb+F+R2     1000.545     52  2105.090     2148.153     2271.412
1057  HIVw          1033.492     31  2128.985     2142.300     2228.138
1058  HIVw+I        1024.277     32  2112.553     2126.823     2214.905
1059  HIVw+G4       1020.885     32  2105.769     2120.040     2208.121
1060  HIVw+I+G4     1021.211     33  2108.421     2123.687     2213.972
1061  HIVw+R2       1022.097     33  2110.195     2125.460     2215.745
1079  HIVw+F        1022.922     50  2145.844     2185.074     2305.768
1080  HIVw+F+I      1017.139     51  2136.278     2177.395     2299.402
1081  HIVw+F+G4     1013.278     51  2128.555     2169.671     2291.678
1082  HIVw+F+I+G4   1013.793     52  2131.585     2174.648     2297.907
1083  HIVw+F+R2     1013.090     52  2130.180     2173.243     2296.502
1101  FLU           1006.114     31  2074.228     2087.544     2173.382
1102  FLU+I         1000.931     32  2065.861     2080.132     2168.213
1103  FLU+G4        1000.181     32  2064.362     2078.633     2166.714
1104  FLU+I+G4      1000.288     33  2066.576     2081.842     2172.127
1105  FLU+R2        1000.553     33  2067.107     2082.372     2172.657
1123  FLU+F         1009.628     50  2119.255     2158.486     2279.180
1124  FLU+F+I       1005.078     51  2112.156     2153.272     2275.279
1125  FLU+F+G4      1003.926     51  2109.853     2150.969     2272.976
1126  FLU+F+I+G4    1004.067     52  2112.134     2155.197     2278.456
1127  FLU+F+R2      1004.416     52  2112.832     2155.894     2279.153
1145  rtREV         1005.310     31  2072.621     2085.936     2171.774
1146  rtREV+I       1001.261     32  2066.523     2080.793     2168.875
1147  rtREV+G4      1002.702     32  2069.404     2083.675     2171.756
1148  rtREV+I+G4    1001.330     33  2068.660     2083.925     2174.210
1149  rtREV+R2      1002.491     33  2070.982     2086.247     2176.532
1167  rtREV+F       1000.147     50  2100.295     2139.525     2260.219
1168  rtREV+F+I     996.864      51  2095.729     2136.845     2258.852
1169  rtREV+F+G4    997.743      51  2097.486     2138.602     2260.609
1170  rtREV+F+I+G4  996.964      52  2097.929     2140.991     2264.250
1171  rtREV+F+R2    997.564      52  2099.127     2142.190     2265.449
1189  cpREV         1004.631     31  2071.262     2084.577     2170.415
1190  cpREV+I       1002.112     32  2068.223     2082.493     2170.575
1191  cpREV+G4      1002.027     32  2068.053     2082.324     2170.405
1192  cpREV+I+G4    1002.083     33  2070.165     2085.430     2175.715
1193  cpREV+R2      1001.981     33  2069.961     2085.227     2175.512
1211  cpREV+F       1001.886     50  2103.771     2143.002     2263.696
1212  cpREV+F+I     999.796      51  2101.593     2142.709     2264.716
1213  cpREV+F+G4    999.616      51  2101.232     2142.348     2264.355
1214  cpREV+F+I+G4  999.781      52  2103.561     2146.624     2269.883
1215  cpREV+F+R2    999.571      52  2103.142     2146.205     2269.464
Akaike Information Criterion:           Q.insect+G4
Corrected Akaike Information Criterion: Q.insect+G4
Bayesian Information Criterion:         Q.insect+G4
Best-fit model: Q.insect+G4 chosen according to BIC

All model information printed to ./orthofinder/Results_Jul04/WorkingDirectory/Alignments_ids/OG0000046.model.gz
CPU time for ModelFinder: 6.356 seconds (0h:0m:6s)
Wall-clock time for ModelFinder: 15.204 seconds (0h:0m:15s)

NOTE: 1 MB RAM (0 GB) is required!
Estimate model parameters (epsilon = 0.100)
1. Initial log-likelihood: -986.961
Optimal log-likelihood: -986.957
Gamma shape alpha: 1.502
Parameters optimization took 1 rounds (0.023 sec)
Wrote distance file to... 
Computing ML distances based on estimated model parameters...
Calculating distance matrix: done in 0.0144269 secs using 75.53% CPU
Computing ML distances took 0.014457 sec (of wall-clock time) 0.010927 sec (of CPU time)
Setting up auxiliary I and S matrices: done in 2.7895e-05 secs using 100.4% CPU
Constructing RapidNJ tree: done in 4.19617e-05 secs using 100.1% CPU
Computing RapidNJ tree took 0.000101 sec (of wall-clock time) 0.000100 sec (of CPU time)
Log-likelihood of RapidNJ tree: -987.235
--------------------------------------------------------------------
|             INITIALIZING CANDIDATE TREE SET                      |
--------------------------------------------------------------------
Generating 98 parsimony trees... 0.140 second
Computing log-likelihood of 98 initial trees ... 0.473 seconds
Current best score: -986.957

Do NNI search on 20 best initial trees
Optimizing NNI: done in 0.025758 secs using 37.84% CPU
Estimate model parameters (epsilon = 0.100)
BETTER TREE FOUND at iteration 1: -986.956
Optimizing NNI: done in 0.0354989 secs using 49.74% CPU
Optimizing NNI: done in 0.0725651 secs using 45.94% CPU
UPDATE BEST LOG-LIKELIHOOD: -986.956
Optimizing NNI: done in 0.0614972 secs using 55.79% CPU
UPDATE BEST LOG-LIKELIHOOD: -986.956
Optimizing NNI: done in 0.0858779 secs using 39.68% CPU
Optimizing NNI: done in 0.0614662 secs using 54.41% CPU
Optimizing NNI: done in 0.0869899 secs using 40.18% CPU
Optimizing NNI: done in 0.074441 secs using 46.28% CPU
Optimizing NNI: done in 0.0927072 secs using 48.2% CPU
UPDATE BEST LOG-LIKELIHOOD: -986.956
Optimizing NNI: done in 0.108712 secs using 41.12% CPU
Iteration 10 / LogL: -986.956 / Time: 0h:0m:1s
Optimizing NNI: done in 0.0910652 secs using 47.31% CPU
Optimizing NNI: done in 0.075666 secs using 57.69% CPU
Optimizing NNI: done in 0.0750949 secs using 57.37% CPU
Optimizing NNI: done in 0.0916719 secs using 47.63% CPU
Optimizing NNI: done in 0.099654 secs using 43.82% CPU
Optimizing NNI: done in 0.0414562 secs using 61.4% CPU
Optimizing NNI: done in 0.056839 secs using 43.7% CPU
Optimizing NNI: done in 0.0558369 secs using 44.79% CPU
Optimizing NNI: done in 0.057323 secs using 44.18% CPU
Optimizing NNI: done in 0.0436881 secs using 63.37% CPU
Iteration 20 / LogL: -987.991 / Time: 0h:0m:2s
Finish initializing candidate tree set (4)
Current best tree score: -986.956 / CPU time: 2.049
Number of iterations: 20
--------------------------------------------------------------------
|               OPTIMIZING CANDIDATE TREE SET                      |
--------------------------------------------------------------------
Optimizing NNI: done in 0.100697 secs using 52.33% CPU
UPDATE BEST LOG-LIKELIHOOD: -986.956
Optimizing NNI: done in 0.078316 secs using 59.14% CPU
Optimizing NNI: done in 0.097789 secs using 50.9% CPU
Optimizing NNI: done in 0.0358531 secs using 55.38% CPU
Optimizing NNI: done in 0.126958 secs using 50.72% CPU
Optimizing NNI: done in 0.086781 secs using 44.69% CPU
Optimizing NNI: done in 0.062393 secs using 48.71% CPU
Optimizing NNI: done in 0.0851431 secs using 57.7% CPU
Optimizing NNI: done in 0.104041 secs using 53.86% CPU
Optimizing NNI: done in 0.118076 secs using 46.44% CPU
Iteration 30 / LogL: -992.685 / Time: 0h:0m:3s (0h:0m:7s left)
Optimizing NNI: done in 0.160669 secs using 35.27% CPU
Optimizing NNI: done in 0.144206 secs using 50.02% CPU
Optimizing NNI: done in 0.0992022 secs using 51.62% CPU
Optimizing NNI: done in 0.125333 secs using 43.97% CPU
Optimizing NNI: done in 0.125201 secs using 48.89% CPU
Optimizing NNI: done in 0.0951478 secs using 49.56% CPU
Optimizing NNI: done in 0.107635 secs using 54.7% CPU
Optimizing NNI: done in 0.0542672 secs using 54.34% CPU
Optimizing NNI: done in 0.111807 secs using 45.72% CPU
Optimizing NNI: done in 0.129373 secs using 50.53% CPU
Iteration 40 / LogL: -986.956 / Time: 0h:0m:4s (0h:0m:6s left)
Optimizing NNI: done in 0.125324 secs using 48.93% CPU
Optimizing NNI: done in 0.111056 secs using 35.16% CPU
Optimizing NNI: done in 0.130043 secs using 49% CPU
Optimizing NNI: done in 0.108404 secs using 38.91% CPU
Optimizing NNI: done in 0.104628 secs using 38.13% CPU
Optimizing NNI: done in 0.0864041 secs using 48.93% CPU
Optimizing NNI: done in 0.101564 secs using 40.52% CPU
Optimizing NNI: done in 0.13587 secs using 35.25% CPU
Optimizing NNI: done in 0.0882058 secs using 45.59% CPU
Optimizing NNI: done in 0.15058 secs using 52.19% CPU
Iteration 50 / LogL: -986.957 / Time: 0h:0m:5s (0h:0m:5s left)
Optimizing NNI: done in 0.0490069 secs using 91.3% CPU
Optimizing NNI: done in 0.0489209 secs using 100% CPU
Optimizing NNI: done in 0.0534601 secs using 95.1% CPU
Optimizing NNI: done in 0.0532169 secs using 98.74% CPU
Optimizing NNI: done in 0.042933 secs using 99.16% CPU
Optimizing NNI: done in 0.0401661 secs using 98.51% CPU
Optimizing NNI: done in 0.043133 secs using 93.06% CPU
Optimizing NNI: done in 0.040729 secs using 93.97% CPU
Optimizing NNI: done in 0.0421739 secs using 94.25% CPU
Optimizing NNI: done in 0.041924 secs using 88.25% CPU
UPDATE BEST LOG-LIKELIHOOD: -986.956
Iteration 60 / LogL: -986.956 / Time: 0h:0m:5s (0h:0m:4s left)
Optimizing NNI: done in 0.0789759 secs using 49.33% CPU
Optimizing NNI: done in 0.0830591 secs using 58.19% CPU
Optimizing NNI: done in 0.086735 secs using 44.68% CPU
Optimizing NNI: done in 0.110524 secs using 45.71% CPU
Optimizing NNI: done in 0.0603502 secs using 53.61% CPU
Optimizing NNI: done in 0.122223 secs using 47.36% CPU
Optimizing NNI: done in 0.08111 secs using 53.32% CPU
Optimizing NNI: done in 0.110451 secs using 52.91% CPU
Optimizing NNI: done in 0.125074 secs using 48.84% CPU
Optimizing NNI: done in 0.093637 secs using 48.73% CPU
Iteration 70 / LogL: -986.956 / Time: 0h:0m:6s (0h:0m:3s left)
Optimizing NNI: done in 0.0953701 secs using 41.34% CPU
Optimizing NNI: done in 0.0581219 secs using 50.97% CPU
Optimizing NNI: done in 0.100499 secs using 47.41% CPU
Optimizing NNI: done in 0.072149 secs using 55.66% CPU
Optimizing NNI: done in 0.08198 secs using 46.3% CPU
Optimizing NNI: done in 0.0687692 secs using 41.84% CPU
Optimizing NNI: done in 0.0666602 secs using 57.99% CPU
Optimizing NNI: done in 0.100775 secs using 48.51% CPU
Optimizing NNI: done in 0.089704 secs using 46.49% CPU
Optimizing NNI: done in 0.0700779 secs using 54.34% CPU
Iteration 80 / LogL: -986.956 / Time: 0h:0m:7s (0h:0m:2s left)
Optimizing NNI: done in 0.114228 secs using 49.04% CPU
Optimizing NNI: done in 0.190249 secs using 30.62% CPU
Optimizing NNI: done in 0.138566 secs using 30.54% CPU
Optimizing NNI: done in 0.111785 secs using 35.59% CPU
Optimizing NNI: done in 0.122246 secs using 40.61% CPU
Optimizing NNI: done in 0.115841 secs using 49.99% CPU
Optimizing NNI: done in 0.132998 secs using 39.85% CPU
Optimizing NNI: done in 0.0930011 secs using 52.68% CPU
Optimizing NNI: done in 0.123109 secs using 48.02% CPU
Optimizing NNI: done in 0.068959 secs using 59.38% CPU
Iteration 90 / LogL: -986.956 / Time: 0h:0m:8s (0h:0m:1s left)
Optimizing NNI: done in 0.107435 secs using 55.34% CPU
Optimizing NNI: done in 0.116343 secs using 44.99% CPU
Optimizing NNI: done in 0.0514722 secs using 37.84% CPU
Optimizing NNI: done in 0.096849 secs using 54.55% CPU
Optimizing NNI: done in 0.0818169 secs using 45.08% CPU
Optimizing NNI: done in 0.0453191 secs using 64.7% CPU
Optimizing NNI: done in 0.134844 secs using 52.54% CPU
Optimizing NNI: done in 0.103788 secs using 53.74% CPU
Optimizing NNI: done in 0.0416529 secs using 61.59% CPU
Optimizing NNI: done in 0.0929949 secs using 48.38% CPU
Iteration 100 / LogL: -986.956 / Time: 0h:0m:9s (0h:0m:0s left)
Optimizing NNI: done in 0.102914 secs using 50.12% CPU
Optimizing NNI: done in 0.0758381 secs using 57.8% CPU
TREE SEARCH COMPLETED AFTER 102 ITERATIONS / Time: 0h:0m:9s

--------------------------------------------------------------------
|                    FINALIZING TREE SEARCH                        |
--------------------------------------------------------------------
Performs final model parameters optimization
Estimate model parameters (epsilon = 0.010)
1. Initial log-likelihood: -986.956
Optimal log-likelihood: -986.956
Gamma shape alpha: 1.525
Parameters optimization took 1 rounds (0.023 sec)
BEST SCORE FOUND : -986.956
Total tree length: 3.198

Total number of iterations: 102
CPU time used for tree search: 4.903 sec (0h:0m:4s)
Wall-clock time used for tree search: 9.855 sec (0h:0m:9s)
Total CPU time used: 4.971 sec (0h:0m:4s)
Total wall-clock time used: 10.007 sec (0h:0m:10s)

Analysis results written to: 
  IQ-TREE report:                ./orthofinder/Results_Jul04/WorkingDirectory/Alignments_ids/OG0000046.iqtree
  Maximum-likelihood tree:       ./orthofinder/Results_Jul04/WorkingDirectory/Alignments_ids/OG0000046.treefile
  Likelihood distances:          ./orthofinder/Results_Jul04/WorkingDirectory/Alignments_ids/OG0000046.mldist
  Screen log file:               ./orthofinder/Results_Jul04/WorkingDirectory/Alignments_ids/OG0000046.log

Date and Time: Thu Jul  4 10:36:28 2024
