[14:47:18] This is prokka 1.14.5
[14:47:18] Written by Torsten Seemann <torsten.seemann@gmail.com>
[14:47:18] Homepage is https://github.com/tseemann/prokka
[14:47:18] Local time is Thu Feb 13 14:47:18 2025
[14:47:18] You are han394
[14:47:18] Operating system is linux
[14:47:18] You have BioPerl 1.7.8
[14:47:18] System has 64 cores.
[14:47:18] Will use maximum of 8 cores.
[14:47:18] Annotating as >>> Viruses <<<
[14:47:18] Creating new output folder: ./prokka_outputs_1/AF303741
[14:47:18] Running: mkdir -p \.\/prokka_outputs_1\/AF303741
[14:47:18] Using filename prefix: AF303741.XXX
[14:47:18] Setting HMMER_NCPU=1
[14:47:18] Writing log to: ./prokka_outputs_1/AF303741/AF303741.log
[14:47:18] Command: /apps/prokka/1.14.5/bin/prokka ./genomes_1/AF303741.fasta --kingdom viruses --outdir ./prokka_outputs_1/AF303741 --prefix AF303741 --locustag AF303741
[14:47:18] Appending to PATH: /apps/prokka/1.14.5/bin/../binaries/linux
[14:47:18] Appending to PATH: /apps/prokka/1.14.5/bin/../binaries/linux/../common
[14:47:18] Appending to PATH: /apps/prokka/1.14.5/bin
[14:47:18] Looking for 'aragorn' - found /apps/prokka/1.14.5/binaries/linux/aragorn
[14:47:18] Determined aragorn version is 001002 from 'ARAGORN v1.2.38 Dean Laslett'
[14:47:18] Looking for 'blastp' - found /apps/prokka/1.14.5/binaries/linux/blastp
[14:47:18] Determined blastp version is 002009 from 'blastp: 2.9.0+'
[14:47:18] Looking for 'cmpress' - found /apps/prokka/1.14.5/binaries/linux/cmpress
[14:47:18] Determined cmpress version is 001001 from '# INFERNAL 1.1.2 (July 2016)'
[14:47:18] Looking for 'cmscan' - found /apps/prokka/1.14.5/binaries/linux/cmscan
[14:47:18] Determined cmscan version is 001001 from '# INFERNAL 1.1.2 (July 2016)'
[14:47:18] Looking for 'egrep' - found /usr/bin/egrep
[14:47:18] Looking for 'find' - found /usr/bin/find
[14:47:18] Looking for 'grep' - found /usr/bin/grep
[14:47:18] Looking for 'hmmpress' - found /apps/hmmer/3.4.0/bin/hmmpress
[14:47:18] Determined hmmpress version is 003004 from '# HMMER 3.4 (Aug 2023); http://hmmer.org/'
[14:47:18] Looking for 'hmmscan' - found /apps/hmmer/3.4.0/bin/hmmscan
[14:47:18] Determined hmmscan version is 003004 from '# HMMER 3.4 (Aug 2023); http://hmmer.org/'
[14:47:18] Looking for 'java' - found /apps/amazon-corretto/21.0.0.35.1/bin/java
[14:47:18] Looking for 'makeblastdb' - found /apps/prokka/1.14.5/binaries/linux/makeblastdb
[14:47:18] Determined makeblastdb version is 002009 from 'makeblastdb: 2.9.0+'
[14:47:18] Looking for 'minced' - found /apps/prokka/1.14.5/binaries/common/minced
[14:47:18] Determined minced version is 002000 from 'minced 0.2.0'
[14:47:18] Looking for 'parallel' - found /apps/parallel/20210322/bin/parallel
[14:47:18] Determined parallel version is 20210322 from 'GNU parallel 20210322'
[14:47:18] Looking for 'prodigal' - found /apps/prokka/1.14.5/binaries/linux/prodigal
[14:47:18] Determined prodigal version is 002006 from 'Prodigal V2.6.3: February, 2016'
[14:47:18] Looking for 'prokka-genbank_to_fasta_db' - found /apps/prokka/1.14.5/bin/prokka-genbank_to_fasta_db
[14:47:18] Looking for 'sed' - found /usr/bin/sed
[14:47:18] Looking for 'tbl2asn' - found /apps/prokka/1.14.5/binaries/linux/tbl2asn
[14:47:18] Determined tbl2asn version is 025008 from 'tbl2asn 25.8   arguments:'
[14:47:18] Using genetic code table 1.
[14:47:18] Loading and checking input file: ./genomes_1/AF303741.fasta
[14:47:18] Wrote 1 contigs totalling 212482 bp.
[14:47:18] Predicting tRNAs and tmRNAs
[14:47:18] Running: aragorn -l -gc1  -w \.\/prokka_outputs_1\/AF303741\/AF303741\.fna
[14:47:18] Found 0 tRNAs
[14:47:18] Disabling rRNA search: --kingdom=Viruses or --norrna=0
[14:47:18] Skipping ncRNA search, enable with --rfam if desired.
[14:47:18] Total of 0 tRNA + rRNA features
[14:47:18] Searching for CRISPR repeats
[14:47:18] Found 0 CRISPRs
[14:47:18] Predicting coding sequences
[14:47:18] Contigs total 212482 bp, so using single mode
[14:47:18] Running: prodigal -i \.\/prokka_outputs_1\/AF303741\/AF303741\.fna -c -m -g 1 -p single -f sco -q
[14:47:19] Found 204 CDS
[14:47:19] Connecting features back to sequences
[14:47:19] Not using genus-specific database. Try --usegenus to enable it.
[14:47:19] Annotating CDS, please be patient.
[14:47:19] Will use 8 CPUs for similarity searching.
[14:47:19] There are still 204 unannotated CDS left (started with 204)
[14:47:19] Will use blast to search against /apps/prokka/1.14.5/db/kingdom/Viruses/sprot with 8 CPUs
[14:47:19] Running: cat \.\/prokka_outputs_1\/AF303741\/AF303741\.sprot\.tmp\.63145\.faa | parallel --gnu --plain -j 8 --block 3956 --recstart '>' --pipe blastp -query - -db /apps/prokka/1.14.5/db/kingdom/Viruses/sprot -evalue 1e-09 -qcov_hsp_perc 80 -num_threads 1 -num_descriptions 1 -num_alignments 1 -seg no > \.\/prokka_outputs_1\/AF303741\/AF303741\.sprot\.tmp\.63145\.blast 2> /dev/null
[14:47:19] Deleting unwanted file: ./prokka_outputs_1/AF303741/AF303741.sprot.tmp.63145.faa
[14:47:19] Deleting unwanted file: ./prokka_outputs_1/AF303741/AF303741.sprot.tmp.63145.blast
[14:47:19] Labelling remaining 196 proteins as 'hypothetical protein'
[14:47:19] Found 5 unique /gene codes.
[14:47:19] Fixed 0 colliding /gene names.
[14:47:19] Adding /locus_tag identifiers
[14:47:19] Assigned 204 locus_tags to CDS and RNA features.
[14:47:19] Writing outputs to ./prokka_outputs_1/AF303741/
[14:47:19] Generating annotation statistics file
[14:47:19] Generating Genbank and Sequin files
[14:47:19] Running: tbl2asn -V b -a r10k -l paired-ends -M n -N 1 -y 'Annotated using prokka 1.14.5 from https://github.com/tseemann/prokka' -Z \.\/prokka_outputs_1\/AF303741\/AF303741\.err -i \.\/prokka_outputs_1\/AF303741\/AF303741\.fsa 2> /dev/null
[14:47:20] Deleting unwanted file: ./prokka_outputs_1/AF303741/errorsummary.val
[14:47:20] Deleting unwanted file: ./prokka_outputs_1/AF303741/AF303741.dr
[14:47:20] Deleting unwanted file: ./prokka_outputs_1/AF303741/AF303741.fixedproducts
[14:47:20] Deleting unwanted file: ./prokka_outputs_1/AF303741/AF303741.ecn
[14:47:20] Deleting unwanted file: ./prokka_outputs_1/AF303741/AF303741.val
[14:47:20] Repairing broken .GBK output that tbl2asn produces...
[14:47:20] Running: sed 's/COORDINATES: profile/COORDINATES:profile/' < \.\/prokka_outputs_1\/AF303741\/AF303741\.gbf > \.\/prokka_outputs_1\/AF303741\/AF303741\.gbk
[14:47:20] Deleting unwanted file: ./prokka_outputs_1/AF303741/AF303741.gbf
[14:47:20] Output files:
[14:47:20] ./prokka_outputs_1/AF303741/AF303741.fna
[14:47:20] ./prokka_outputs_1/AF303741/AF303741.tbl
[14:47:20] ./prokka_outputs_1/AF303741/AF303741.fsa
[14:47:20] ./prokka_outputs_1/AF303741/AF303741.sqn
[14:47:20] ./prokka_outputs_1/AF303741/AF303741.err
[14:47:20] ./prokka_outputs_1/AF303741/AF303741.gff
[14:47:20] ./prokka_outputs_1/AF303741/AF303741.ffn
[14:47:20] ./prokka_outputs_1/AF303741/AF303741.txt
[14:47:20] ./prokka_outputs_1/AF303741/AF303741.faa
[14:47:20] ./prokka_outputs_1/AF303741/AF303741.log
[14:47:20] ./prokka_outputs_1/AF303741/AF303741.tsv
[14:47:20] ./prokka_outputs_1/AF303741/AF303741.gbk
[14:47:20] Annotation finished successfully.
[14:47:20] Walltime used: 0.03 minutes
[14:47:20] If you use this result please cite the Prokka paper:
[14:47:20] Seemann T (2014) Prokka: rapid prokaryotic genome annotation. Bioinformatics. 30(14):2068-9.
[14:47:20] Type 'prokka --citation' for more details.
[14:47:20] Thank you, come again.
