IQ-TREE multicore version 2.2.0.5 COVID-edition for Linux 64-bit built Sep 26 2022
Developed by Bui Quang Minh, James Barbetti, Nguyen Lam Tung,
Olga Chernomor, Heiko Schmidt, Dominik Schrempf, Michael Woodhams, Ly Trong Nhan.

Host:    petrichor-login (AVX2, FMA3, 503 GB RAM)
Command: iqtree2 -s alignments_genus_muscle_edited_trimmed/OG0000018.fa -B 1000 -mset Blosum62,cpREV,Dayhoff,DCMut,FLAVI,FLU,HIVb,HIVw,JTT,JTTDCMut,LG,mtART,mtMAM,mtREV,mtZOA,mtMet,mtVer,mtInv,PMB,Q.bird,Q.insect,Q.mammal,Q.pfam,Q.plant,Q.yeast,rtREV,VT,WAG,Q.iridoviridae,Q.mcv -T 4 -pre iqtree_genus/OG0000018.fa
Seed:    744305 (Using SPRNG - Scalable Parallel Random Number Generator)
Time:    Tue Sep 23 15:41:04 2025
Kernel:  AVX+FMA - 4 threads (64 CPU cores detected)

Reading alignment file alignments_genus_muscle_edited_trimmed/OG0000018.fa ... Fasta format detected
Reading fasta file: done in 0.000236034 secs using 99.14% CPU
Alignment most likely contains protein sequences
Constructing alignment: done in 0.000179052 secs using 285.9% CPU
Alignment has 63 sequences with 123 columns, 95 distinct patterns
55 parsimony-informative, 15 singleton sites, 53 constant sites
                                                          Gap/Ambiguity  Composition  p-value
Analyzing sequences: done in 8.98838e-05 secs using 257% CPU
   1  MK637631_European_chub_iridovirus_ECIV                      0.00%    failed      0.00%
   2  ON743042_Megalocytivirus_pagrus1_RSIV                      29.27%    passed    100.00%
   3  BD143114_Megalocytivirus_pagrus1_RSIV                      29.27%    passed    100.00%
   4  MT128667_Megalocytivirus_pagrus1_ISKNV                     29.27%    passed    100.00%
   5  ON740976_Megalocytivirus_pagrus1_RSIV                      29.27%    passed    100.00%
   6  MG570132_Megalocytivirus_pagrus1_TRBIV                     29.27%    passed    100.00%
   7  MK098186_Megalocytivirus_pagrus1_RSIV                      29.27%    passed    100.00%
   8  MN562489_Megalocytivirus_lates1_SDDV                       31.71%    failed      0.00%
   9  OK042109_Megalocytivirus_pagrus1_RSIV                      29.27%    passed    100.00%
  10  MT798582_Megalocytivirus_pagrus1_RSIV                      29.27%    passed    100.00%
  11  OL774655_Megalocytivirus_pagrus1_RSIV                      29.27%    passed    100.00%
  12  23043610005_Megalocytivirus_pagrus1_ISKNV                  29.27%    passed    100.00%
  13  MW883598_Megalocytivirus_pagrus1_RSIV                      29.27%    passed    100.00%
  14  KC244182_Megalocytivirus_pagrus1_RSIV                      29.27%    passed    100.00%
  15  MW883594_Megalocytivirus_pagrus1_ISKNV                     29.27%    passed    100.00%
  16  MK098187_Megalocytivirus_pagrus1_RSIV                      29.27%    passed    100.00%
  17  23043610003_Megalocytivirus_pagrus1_ISKNV                  29.27%    passed    100.00%
  18  MW883599_Megalocytivirus_pagrus1_ISKNV                     29.27%    passed    100.00%
  19  PQ335173_PQ335174_Threespine_stickleback_iridovirus_TSIV   33.33%    passed     71.63%
  20  MW883601_Megalocytivirus_pagrus1_ISKNV                     29.27%    passed    100.00%
  21  GQ273492_Megalocytivirus_pagrus1_TRBIV                     29.27%    passed    100.00%
  22  MK689686_Megalocytivirus_pagrus1_RSIV                      29.27%    passed    100.00%
  23  MW883600_Megalocytivirus_pagrus1_ISKNV                     29.27%    passed    100.00%
  24  OL774654_Megalocytivirus_pagrus1_RSIV                      29.27%    passed    100.00%
  25  MW273353_Megalocytivirus_pagrus1_ISKNV                     29.27%    passed    100.00%
  26  MN432490_Megalocytivirus_pagrus1_ISKNV                     29.27%    passed    100.00%
  27  MW883596_Megalocytivirus_pagrus1_ISKNV                     29.27%    passed    100.00%
  28  MT521409_Megalocytivirus_lates1_SDDV                       31.71%    failed      0.00%
  29  OP896201_Megalocytivirus_pagrus1_ISKNV                     29.27%    passed    100.00%
  30  AY894343_Megalocytivirus_pagrus1_RSIV                      29.27%    passed    100.00%
  31  OM037668_Megalocytivirus_lates1_SDDV                       31.71%    failed      0.00%
  32  MW273354_Megalocytivirus_pagrus1_ISKNV                     29.27%    passed    100.00%
  33  OP009387_Megalocytivirus_pagrus1_ISKNV                     29.27%    passed    100.00%
  34  MT926123_Megalocytivirus_pagrus1_ISKNV                     29.27%    passed    100.00%
  35  PP974677_Megalocytivirus_pagrus1_ISKNV                     29.27%    passed    100.00%
  36  MW883603_Megalocytivirus_pagrus1_ISKNV                     29.27%    passed    100.00%
  37  OR670976_Megalocytivirus_pagrus1_ISKNV                     29.27%    passed    100.00%
  38  MT128666_Megalocytivirus_pagrus1_ISKNV                     29.27%    passed    100.00%
  39  AP017456_Megalocytivirus_pagrus1_RSIV                      29.27%    passed    100.00%
  40  MK098185_Megalocytivirus_pagrus1_RSIV                      29.27%    passed    100.00%
  41  OQ475017_Megalocytivirus_pagrus1_RSIV                      29.27%    passed    100.00%
  42  MW883593_Megalocytivirus_pagrus1_ISKNV                     29.27%    passed    100.00%
  43  KT781098_Megalocytivirus_pagrus1_ISKNV                     29.27%    passed    100.00%
  44  MW883595_Megalocytivirus_pagrus1_ISKNV                     29.27%    passed    100.00%
  45  AF371960_Megalocytivirus_pagrus1_ISKNV                     29.27%    passed    100.00%
  46  KT804738_Megalocytivirus_pagrus1_RSIV                      29.27%    passed    100.00%
  47  PP151097_Megalocytivirus_pagrus1_ISKNV                     29.27%    passed    100.00%
  48  MW883602_Megalocytivirus_pagrus1_ISKNV                     29.27%    passed    100.00%
  49  NC_003494_Megalocytivirus_pagrus1_ISKNV                    29.27%    passed    100.00%
  50  AB104413_Megalocytivirus_pagrus1_RSIV                      29.27%    passed    100.00%
  51  MT986830_Megalocytivirus_pagrus1_ISKNV                     29.27%    passed    100.00%
  52  MG570131_Megalocytivirus_pagrus1_TRBIV                     29.27%    passed    100.00%
  53  OR536350_Megalocytivirus_pagrus1_ISKNV                     29.27%    passed    100.00%
  54  OL774653_Megalocytivirus_pagrus1_RSIV                      29.27%    passed    100.00%
  55  MK689685_Megalocytivirus_pagrus1_ISKNV                     29.27%    passed    100.00%
  56  OK042108_Megalocytivirus_pagrus1_RSIV                      29.27%    passed    100.00%
  57  MW883606_Megalocytivirus_pagrus1_ISKNV                     29.27%    passed    100.00%
  58  OQ513807_Megalocytivirus_pagrus1_ISKNV                     29.27%    passed    100.00%
  59  OR356116_Megalocytivirus_pagrus1_ISKNV                     29.27%    passed    100.00%
  60  MW139932_Megalocytivirus_pagrus1_RSIV                      29.27%    passed    100.00%
  61  MW883597_Megalocytivirus_pagrus1_ISKNV                     29.27%    passed    100.00%
  62  ON212400_Megalocytivirus_pagrus1_ISKNV                     29.27%    passed    100.00%
  63  ON075463_Megalocytivirus_pagrus1_RSIV                      29.27%    passed    100.00%
****  TOTAL                                                      28.98%  4 sequences failed composition chi2 test (p-value<5%; df=19)
NOTE: ON740976_Megalocytivirus_pagrus1_RSIV is identical to ON743042_Megalocytivirus_pagrus1_RSIV but kept for subsequent analysis
NOTE: MK098186_Megalocytivirus_pagrus1_RSIV is identical to BD143114_Megalocytivirus_pagrus1_RSIV but kept for subsequent analysis
NOTE: 23043610005_Megalocytivirus_pagrus1_ISKNV is identical to MT128667_Megalocytivirus_pagrus1_ISKNV but kept for subsequent analysis
NOTE: MG570131_Megalocytivirus_pagrus1_TRBIV is identical to MG570132_Megalocytivirus_pagrus1_TRBIV but kept for subsequent analysis
NOTE: MT521409_Megalocytivirus_lates1_SDDV is identical to MN562489_Megalocytivirus_lates1_SDDV but kept for subsequent analysis
Checking for duplicate sequences: done in 0.00112891 secs using 156.3% CPU
Identifying sites to remove: done in 5.79357e-05 secs using 203.7% CPU
NOTE: 49 identical sequences (see below) will be ignored for subsequent analysis
NOTE: OK042109_Megalocytivirus_pagrus1_RSIV (identical to ON743042_Megalocytivirus_pagrus1_RSIV) is ignored but added at the end
NOTE: MT798582_Megalocytivirus_pagrus1_RSIV (identical to ON743042_Megalocytivirus_pagrus1_RSIV) is ignored but added at the end
NOTE: KC244182_Megalocytivirus_pagrus1_RSIV (identical to ON743042_Megalocytivirus_pagrus1_RSIV) is ignored but added at the end
NOTE: MK689686_Megalocytivirus_pagrus1_RSIV (identical to ON743042_Megalocytivirus_pagrus1_RSIV) is ignored but added at the end
NOTE: AY894343_Megalocytivirus_pagrus1_RSIV (identical to ON743042_Megalocytivirus_pagrus1_RSIV) is ignored but added at the end
NOTE: AP017456_Megalocytivirus_pagrus1_RSIV (identical to ON743042_Megalocytivirus_pagrus1_RSIV) is ignored but added at the end
NOTE: KT804738_Megalocytivirus_pagrus1_RSIV (identical to ON743042_Megalocytivirus_pagrus1_RSIV) is ignored but added at the end
NOTE: MT986830_Megalocytivirus_pagrus1_ISKNV (identical to ON743042_Megalocytivirus_pagrus1_RSIV) is ignored but added at the end
NOTE: OK042108_Megalocytivirus_pagrus1_RSIV (identical to ON743042_Megalocytivirus_pagrus1_RSIV) is ignored but added at the end
NOTE: ON075463_Megalocytivirus_pagrus1_RSIV (identical to ON743042_Megalocytivirus_pagrus1_RSIV) is ignored but added at the end
NOTE: OL774655_Megalocytivirus_pagrus1_RSIV (identical to BD143114_Megalocytivirus_pagrus1_RSIV) is ignored but added at the end
NOTE: MW883598_Megalocytivirus_pagrus1_RSIV (identical to BD143114_Megalocytivirus_pagrus1_RSIV) is ignored but added at the end
NOTE: MK098187_Megalocytivirus_pagrus1_RSIV (identical to BD143114_Megalocytivirus_pagrus1_RSIV) is ignored but added at the end
NOTE: OL774654_Megalocytivirus_pagrus1_RSIV (identical to BD143114_Megalocytivirus_pagrus1_RSIV) is ignored but added at the end
NOTE: MK098185_Megalocytivirus_pagrus1_RSIV (identical to BD143114_Megalocytivirus_pagrus1_RSIV) is ignored but added at the end
NOTE: OQ475017_Megalocytivirus_pagrus1_RSIV (identical to BD143114_Megalocytivirus_pagrus1_RSIV) is ignored but added at the end
NOTE: AB104413_Megalocytivirus_pagrus1_RSIV (identical to BD143114_Megalocytivirus_pagrus1_RSIV) is ignored but added at the end
NOTE: OL774653_Megalocytivirus_pagrus1_RSIV (identical to BD143114_Megalocytivirus_pagrus1_RSIV) is ignored but added at the end
NOTE: MW139932_Megalocytivirus_pagrus1_RSIV (identical to BD143114_Megalocytivirus_pagrus1_RSIV) is ignored but added at the end
NOTE: MW883594_Megalocytivirus_pagrus1_ISKNV (identical to MT128667_Megalocytivirus_pagrus1_ISKNV) is ignored but added at the end
NOTE: 23043610003_Megalocytivirus_pagrus1_ISKNV (identical to MT128667_Megalocytivirus_pagrus1_ISKNV) is ignored but added at the end
NOTE: MW883599_Megalocytivirus_pagrus1_ISKNV (identical to MT128667_Megalocytivirus_pagrus1_ISKNV) is ignored but added at the end
NOTE: MW883601_Megalocytivirus_pagrus1_ISKNV (identical to MT128667_Megalocytivirus_pagrus1_ISKNV) is ignored but added at the end
NOTE: MW883600_Megalocytivirus_pagrus1_ISKNV (identical to MT128667_Megalocytivirus_pagrus1_ISKNV) is ignored but added at the end
NOTE: MW273353_Megalocytivirus_pagrus1_ISKNV (identical to MT128667_Megalocytivirus_pagrus1_ISKNV) is ignored but added at the end
NOTE: MN432490_Megalocytivirus_pagrus1_ISKNV (identical to MT128667_Megalocytivirus_pagrus1_ISKNV) is ignored but added at the end
NOTE: MW883596_Megalocytivirus_pagrus1_ISKNV (identical to MT128667_Megalocytivirus_pagrus1_ISKNV) is ignored but added at the end
NOTE: OP896201_Megalocytivirus_pagrus1_ISKNV (identical to MT128667_Megalocytivirus_pagrus1_ISKNV) is ignored but added at the end
NOTE: MW273354_Megalocytivirus_pagrus1_ISKNV (identical to MT128667_Megalocytivirus_pagrus1_ISKNV) is ignored but added at the end
NOTE: OP009387_Megalocytivirus_pagrus1_ISKNV (identical to MT128667_Megalocytivirus_pagrus1_ISKNV) is ignored but added at the end
NOTE: PP974677_Megalocytivirus_pagrus1_ISKNV (identical to MT128667_Megalocytivirus_pagrus1_ISKNV) is ignored but added at the end
NOTE: MW883603_Megalocytivirus_pagrus1_ISKNV (identical to MT128667_Megalocytivirus_pagrus1_ISKNV) is ignored but added at the end
NOTE: OR670976_Megalocytivirus_pagrus1_ISKNV (identical to MT128667_Megalocytivirus_pagrus1_ISKNV) is ignored but added at the end
NOTE: MT128666_Megalocytivirus_pagrus1_ISKNV (identical to MT128667_Megalocytivirus_pagrus1_ISKNV) is ignored but added at the end
NOTE: MW883593_Megalocytivirus_pagrus1_ISKNV (identical to MT128667_Megalocytivirus_pagrus1_ISKNV) is ignored but added at the end
NOTE: KT781098_Megalocytivirus_pagrus1_ISKNV (identical to MT128667_Megalocytivirus_pagrus1_ISKNV) is ignored but added at the end
NOTE: MW883595_Megalocytivirus_pagrus1_ISKNV (identical to MT128667_Megalocytivirus_pagrus1_ISKNV) is ignored but added at the end
NOTE: AF371960_Megalocytivirus_pagrus1_ISKNV (identical to MT128667_Megalocytivirus_pagrus1_ISKNV) is ignored but added at the end
NOTE: PP151097_Megalocytivirus_pagrus1_ISKNV (identical to MT128667_Megalocytivirus_pagrus1_ISKNV) is ignored but added at the end
NOTE: MW883602_Megalocytivirus_pagrus1_ISKNV (identical to MT128667_Megalocytivirus_pagrus1_ISKNV) is ignored but added at the end
NOTE: NC_003494_Megalocytivirus_pagrus1_ISKNV (identical to MT128667_Megalocytivirus_pagrus1_ISKNV) is ignored but added at the end
NOTE: OR536350_Megalocytivirus_pagrus1_ISKNV (identical to MT128667_Megalocytivirus_pagrus1_ISKNV) is ignored but added at the end
NOTE: MK689685_Megalocytivirus_pagrus1_ISKNV (identical to MT128667_Megalocytivirus_pagrus1_ISKNV) is ignored but added at the end
NOTE: MW883606_Megalocytivirus_pagrus1_ISKNV (identical to MT128667_Megalocytivirus_pagrus1_ISKNV) is ignored but added at the end
NOTE: OQ513807_Megalocytivirus_pagrus1_ISKNV (identical to MT128667_Megalocytivirus_pagrus1_ISKNV) is ignored but added at the end
NOTE: OR356116_Megalocytivirus_pagrus1_ISKNV (identical to MT128667_Megalocytivirus_pagrus1_ISKNV) is ignored but added at the end
NOTE: MW883597_Megalocytivirus_pagrus1_ISKNV (identical to MT128667_Megalocytivirus_pagrus1_ISKNV) is ignored but added at the end
NOTE: ON212400_Megalocytivirus_pagrus1_ISKNV (identical to MT128667_Megalocytivirus_pagrus1_ISKNV) is ignored but added at the end
NOTE: OM037668_Megalocytivirus_lates1_SDDV (identical to MN562489_Megalocytivirus_lates1_SDDV) is ignored but added at the end
Alignment was printed to iqtree_genus/OG0000018.fa.uniqueseq.phy

For your convenience alignment with unique sequences printed to iqtree_genus/OG0000018.fa.uniqueseq.phy


Create initial parsimony tree by phylogenetic likelihood library (PLL)... 0.000 seconds
Perform fast likelihood tree search using LG+I+G model...
Estimate model parameters (epsilon = 5.000)
Perform nearest neighbor interchange...
Optimizing NNI: done in 0.0750208 secs using 133.6% CPU
Estimate model parameters (epsilon = 1.000)
1. Initial log-likelihood: -883.172
Optimal log-likelihood: -882.800
Proportion of invariable sites: 0.114
Gamma shape alpha: 5.265
Parameters optimization took 1 rounds (0.007 sec)
Time for fast ML tree search: 0.108 seconds

NOTE: ModelFinder requires 2 MB RAM!
ModelFinder will test up to 1320 protein models (sample size: 123) ...
 No. Model         -LnL         df  AIC          AICc         BIC
  1  Blosum62      894.033      25  1838.065     1851.467     1908.370
  2  Blosum62+I    893.462      26  1838.923     1853.548     1912.040
  3  Blosum62+G4   893.199      26  1838.397     1853.022     1911.514
  4  Blosum62+I+G4 893.499      27  1840.998     1856.914     1916.927
  5  Blosum62+R2   893.248      27  1840.496     1856.412     1916.425
  6  Blosum62+R3   893.186      29  1844.372     1863.082     1925.925
 14  Blosum62+I+R2 893.327      28  1842.655     1859.931     1921.396
 15  Blosum62+I+R3 893.196      30  1846.393     1866.610     1930.758
 23  Blosum62+F    886.137      44  1860.275     1911.044     1984.011
 24  Blosum62+F+I  885.864      45  1861.727     1915.494     1988.276
 25  Blosum62+F+G4 885.210      45  1860.420     1914.186     1986.968
 26  Blosum62+F+I+G4 885.731      46  1863.461     1920.356     1992.822
 27  Blosum62+F+R2 885.267      46  1862.533     1919.428     1991.894
 45  cpREV         897.679      25  1845.359     1858.761     1915.663
 46  cpREV+I       897.027      26  1846.053     1860.678     1919.170
 47  cpREV+G4      895.587      26  1843.174     1857.799     1916.290
 48  cpREV+I+G4    896.079      27  1846.157     1862.073     1922.086
 49  cpREV+R2      895.584      27  1845.167     1861.083     1921.096
 67  cpREV+F       888.087      44  1864.174     1914.944     1987.910
 68  cpREV+F+I     887.467      45  1864.934     1918.700     1991.483
 69  cpREV+F+G4    884.799      45  1859.598     1913.364     1986.146
 70  cpREV+F+I+G4  885.305      46  1862.610     1919.505     1991.971
 71  cpREV+F+R2    884.464      46  1860.928     1917.823     1990.289
 89  Dayhoff       902.934      25  1855.869     1869.271     1926.173
 90  Dayhoff+I     900.473      26  1852.946     1867.571     1926.063
 91  Dayhoff+G4    897.991      26  1847.981     1862.606     1921.098
 92  Dayhoff+I+G4  898.435      27  1850.870     1866.786     1926.799
 93  Dayhoff+R2    898.059      27  1850.119     1866.034     1926.048
111  Dayhoff+F     890.195      44  1868.389     1919.159     1992.126
112  Dayhoff+F+I   888.156      45  1866.312     1920.078     1992.860
113  Dayhoff+F+G4  885.220      45  1860.441     1914.207     1986.989
114  Dayhoff+F+I+G4 885.683      46  1863.367     1920.261     1992.727
115  Dayhoff+F+R2  885.109      46  1862.218     1919.113     1991.579
133  DCMut         902.930      25  1855.860     1869.262     1926.164
134  DCMut+I       900.491      26  1852.983     1867.608     1926.100
135  DCMut+G4      898.020      26  1848.040     1862.665     1921.157
136  DCMut+I+G4    898.467      27  1850.933     1866.849     1926.862
137  DCMut+R2      898.089      27  1850.177     1866.093     1926.106
155  DCMut+F       890.165      44  1868.330     1919.100     1992.066
156  DCMut+F+I     888.149      45  1866.298     1920.064     1992.846
157  DCMut+F+G4    885.233      45  1860.466     1914.232     1987.014
158  DCMut+F+I+G4  885.697      46  1863.393     1920.288     1992.754
159  DCMut+F+R2    885.124      46  1862.247     1919.142     1991.608
WARNING: Normalizing state frequencies so that sum of them equals to 1
177  FLAVI         924.094      25  1898.188     1911.590     1968.492
WARNING: Normalizing state frequencies so that sum of them equals to 1
178  FLAVI+I       916.802      26  1885.604     1900.229     1958.721
WARNING: Normalizing state frequencies so that sum of them equals to 1
179  FLAVI+G4      909.267      26  1870.535     1885.160     1943.651
WARNING: Normalizing state frequencies so that sum of them equals to 1
180  FLAVI+I+G4    909.675      27  1873.350     1889.266     1949.279
WARNING: Normalizing state frequencies so that sum of them equals to 1
181  FLAVI+R2      908.850      27  1871.700     1887.616     1947.629
WARNING: Normalizing state frequencies so that sum of them equals to 1
199  FLAVI+F       911.728      44  1911.457     1962.226     2035.193
WARNING: Normalizing state frequencies so that sum of them equals to 1
200  FLAVI+F+I     904.638      45  1899.275     1953.041     2025.823
WARNING: Normalizing state frequencies so that sum of them equals to 1
201  FLAVI+F+G4    896.066      45  1882.132     1935.898     2008.680
WARNING: Normalizing state frequencies so that sum of them equals to 1
202  FLAVI+F+I+G4  896.575      46  1885.151     1942.046     2014.511
WARNING: Normalizing state frequencies so that sum of them equals to 1
203  FLAVI+F+R2    896.005      46  1884.011     1940.905     2013.371
221  FLU           906.293      25  1862.585     1875.987     1932.890
222  FLU+I         903.716      26  1859.432     1874.057     1932.549
223  FLU+G4        899.984      26  1851.968     1866.593     1925.085
224  FLU+I+G4      900.453      27  1854.906     1870.822     1930.835
225  FLU+R2        899.731      27  1853.462     1869.377     1929.391
243  FLU+F         906.614      44  1901.229     1951.998     2024.965
244  FLU+F+I       903.850      45  1897.700     1951.466     2024.248
245  FLU+F+G4      898.065      45  1886.129     1939.895     2012.677
246  FLU+F+I+G4    898.553      46  1889.106     1946.001     2018.466
247  FLU+F+R2      897.552      46  1887.103     1943.998     2016.464
265  HIVb          908.023      25  1866.046     1879.448     1936.351
266  HIVb+I        905.542      26  1863.083     1877.708     1936.200
267  HIVb+G4       899.626      26  1851.252     1865.877     1924.369
268  HIVb+I+G4     900.128      27  1854.257     1870.173     1930.186
269  HIVb+R2       898.964      27  1851.929     1867.844     1927.858
287  HIVb+F        897.386      44  1882.772     1933.542     2006.508
288  HIVb+F+I      895.193      45  1880.387     1934.153     2006.935
289  HIVb+F+G4     888.489      45  1866.979     1920.745     1993.527
290  HIVb+F+I+G4   889.008      46  1870.016     1926.911     1999.377
291  HIVb+F+R2     887.877      46  1867.754     1924.649     1997.115
309  HIVw          932.532      25  1915.064     1928.466     1985.368
310  HIVw+I        928.240      26  1908.480     1923.105     1981.597
311  HIVw+G4       921.403      26  1894.805     1909.430     1967.922
312  HIVw+I+G4     921.929      27  1897.857     1913.773     1973.786
313  HIVw+R2       920.772      27  1895.543     1911.459     1971.472
331  HIVw+F        921.153      44  1930.306     1981.076     2054.043
332  HIVw+F+I      915.921      45  1921.843     1975.609     2048.391
333  HIVw+F+G4     908.549      45  1907.099     1960.865     2033.647
334  HIVw+F+I+G4   909.015      46  1910.031     1966.926     2039.391
335  HIVw+F+R2     908.443      46  1908.887     1965.781     2038.247
353  JTT           891.211      25  1832.422     1845.824     1902.727
354  JTT+I         889.592      26  1831.184     1845.809     1904.301
355  JTT+G4        888.175      26  1828.350     1842.975     1901.467
356  JTT+I+G4      888.574      27  1831.149     1847.064     1907.078
357  JTT+R2        888.279      27  1830.557     1846.473     1906.486
375  JTT+F         881.896      44  1851.792     1902.562     1975.529
376  JTT+F+I       880.663      45  1851.325     1905.092     1977.874
377  JTT+F+G4      878.720      45  1847.440     1901.206     1973.988
378  JTT+F+I+G4    879.189      46  1850.378     1907.272     1979.738
379  JTT+F+R2      878.740      46  1849.480     1906.375     1978.841
397  JTTDCMut      891.219      25  1832.437     1845.840     1902.742
398  JTTDCMut+I    889.627      26  1831.253     1845.878     1904.370
399  JTTDCMut+G4   888.212      26  1828.425     1843.050     1901.541
400  JTTDCMut+I+G4 888.618      27  1831.235     1847.151     1907.164
401  JTTDCMut+R2   888.308      27  1830.615     1846.531     1906.544
419  JTTDCMut+F    881.792      44  1851.584     1902.353     1975.320
420  JTTDCMut+F+I  880.600      45  1851.199     1904.965     1977.747
421  JTTDCMut+F+G4 878.651      45  1847.303     1901.069     1973.851
422  JTTDCMut+F+I+G4 879.127      46  1850.254     1907.149     1979.615
423  JTTDCMut+F+R2 878.658      46  1849.317     1906.211     1978.677
441  LG            885.146      25  1820.293     1833.695     1890.597
442  LG+I          883.394      26  1818.787     1833.412     1891.904
443  LG+G4         881.899      26  1815.799     1830.424     1888.915
444  LG+I+G4       882.351      27  1818.701     1834.617     1894.630
445  LG+R2         882.007      27  1818.015     1833.931     1893.944
463  LG+F          879.391      44  1846.782     1897.551     1970.518
464  LG+F+I        878.311      45  1846.623     1900.389     1973.171
465  LG+F+G4       876.230      45  1842.459     1896.226     1969.008
466  LG+F+I+G4     876.719      46  1845.438     1902.333     1974.799
467  LG+F+R2       876.189      46  1844.379     1901.274     1973.739
485  mtART         998.383      25  2046.766     2060.168     2117.071
486  mtART+I       984.058      26  2020.117     2034.742     2093.233
487  mtART+G4      977.201      26  2006.402     2021.027     2079.519
488  mtART+I+G4    977.004      27  2008.009     2023.925     2083.938
489  mtART+R2      977.834      27  2009.667     2025.583     2085.596
507  mtART+F       918.420      44  1924.840     1975.609     2048.576
508  mtART+F+I     911.138      45  1912.277     1966.043     2038.825
509  mtART+F+G4    902.666      45  1895.331     1949.098     2021.880
510  mtART+F+I+G4  903.022      46  1898.044     1954.939     2027.404
511  mtART+F+R2    903.050      46  1898.101     1954.996     2027.461
529  mtMAM         1015.143     25  2080.287     2093.689     2150.591
530  mtMAM+I       993.697      26  2039.394     2054.019     2112.511
531  mtMAM+G4      984.491      26  2020.981     2035.606     2094.098
532  mtMAM+I+G4    983.943      27  2021.885     2037.801     2097.814
533  mtMAM+R2      987.021      27  2028.042     2043.958     2103.971
551  mtMAM+F       944.973      44  1977.945     2028.714     2101.681
552  mtMAM+F+I     930.644      45  1951.288     2005.055     2077.837
553  mtMAM+F+G4    919.413      45  1928.827     1982.593     2055.375
554  mtMAM+F+I+G4  919.538      46  1931.076     1987.971     2060.437
555  mtMAM+F+R2    922.438      46  1936.875     1993.770     2066.236
573  mtREV         979.712      25  2009.424     2022.827     2079.729
574  mtREV+I       973.321      26  1998.642     2013.267     2071.759
575  mtREV+G4      967.806      26  1987.611     2002.236     2060.728
576  mtREV+I+G4    968.149      27  1990.298     2006.214     2066.227
577  mtREV+R2      968.081      27  1990.162     2006.078     2066.091
595  mtREV+F       915.038      44  1918.076     1968.845     2041.812
596  mtREV+F+I     911.415      45  1912.829     1966.596     2039.378
597  mtREV+F+G4    905.593      45  1901.187     1954.953     2027.735
598  mtREV+F+I+G4  906.062      46  1904.123     1961.018     2033.484
599  mtREV+F+R2    905.662      46  1903.324     1960.219     2032.685
617  mtZOA         973.042      25  1996.084     2009.486     2066.388
618  mtZOA+I       963.563      26  1979.127     1993.752     2052.243
619  mtZOA+G4      959.020      26  1970.041     1984.666     2043.157
620  mtZOA+I+G4    958.877      27  1971.754     1987.670     2047.683
621  mtZOA+R2      959.144      27  1972.287     1988.203     2048.216
639  mtZOA+F       899.805      44  1887.610     1938.379     2011.346
640  mtZOA+F+I     895.190      45  1880.380     1934.146     2006.928
641  mtZOA+F+G4    890.695      45  1871.390     1925.157     1997.939
642  mtZOA+F+I+G4  891.038      46  1874.075     1930.970     2003.436
643  mtZOA+F+R2    890.957      46  1873.914     1930.809     2003.274
661  mtMet         970.118      25  1990.235     2003.637     2060.540
662  mtMet+I       959.973      26  1971.947     1986.572     2045.063
663  mtMet+G4      956.008      26  1964.016     1978.641     2037.133
664  mtMet+I+G4    955.825      27  1965.650     1981.566     2041.579
665  mtMet+R2      955.898      27  1965.796     1981.712     2041.725
683  mtMet+F       906.558      44  1901.116     1951.885     2024.852
684  mtMet+F+I     900.309      45  1890.617     1944.384     2017.166
685  mtMet+F+G4    896.718      45  1883.436     1937.202     2009.984
686  mtMet+F+I+G4  896.937      46  1885.874     1942.769     2015.234
687  mtMet+F+R2    897.045      46  1886.090     1942.985     2015.451
705  mtVer         989.197      25  2028.395     2041.797     2098.700
706  mtVer+I       973.938      26  1999.876     2014.501     2072.993
707  mtVer+G4      968.183      26  1988.366     2002.991     2061.482
708  mtVer+I+G4    967.714      27  1989.428     2005.344     2065.357
709  mtVer+R2      968.380      27  1990.760     2006.676     2066.689
727  mtVer+F       924.049      44  1936.098     1986.867     2059.834
728  mtVer+F+I     912.789      45  1915.577     1969.344     2042.126
729  mtVer+F+G4    907.204      45  1904.408     1958.174     2030.956
730  mtVer+F+I+G4  907.233      46  1906.465     1963.360     2035.826
731  mtVer+F+R2    907.975      46  1907.949     1964.844     2037.310
749  mtInv         971.532      25  1993.064     2006.466     2063.368
750  mtInv+I       964.067      26  1980.135     1994.760     2053.252
751  mtInv+G4      961.557      26  1975.115     1989.740     2048.231
752  mtInv+I+G4    961.455      27  1976.910     1992.826     2052.839
753  mtInv+R2      961.492      27  1976.984     1992.900     2052.913
771  mtInv+F       896.186      44  1880.372     1931.141     2004.108
772  mtInv+F+I     892.680      45  1875.359     1929.125     2001.907
773  mtInv+F+G4    890.018      45  1870.035     1923.801     1996.583
774  mtInv+F+I+G4  890.347      46  1872.694     1929.588     2002.054
775  mtInv+F+R2    890.175      46  1872.350     1929.245     2001.711
793  PMB           897.212      25  1844.424     1857.826     1914.728
794  PMB+I         896.866      26  1845.731     1860.356     1918.848
795  PMB+G4        896.552      26  1845.104     1859.729     1918.221
796  PMB+I+G4      896.920      27  1847.840     1863.756     1923.769
797  PMB+R2        896.609      27  1847.218     1863.134     1923.147
815  PMB+F         885.830      44  1859.659     1910.429     1983.395
816  PMB+F+I       885.661      45  1861.323     1915.089     1987.871
817  PMB+F+G4      885.048      45  1860.096     1913.862     1986.644
818  PMB+F+I+G4    885.538      46  1863.075     1919.970     1992.436
819  PMB+F+R2      885.067      46  1862.133     1919.028     1991.494
WARNING: Normalizing state frequencies so that sum of them equals to 1
837  Q.bird        909.663      25  1869.325     1882.727     1939.630
WARNING: Normalizing state frequencies so that sum of them equals to 1
838  Q.bird+I      904.510      26  1861.021     1875.646     1934.138
WARNING: Normalizing state frequencies so that sum of them equals to 1
839  Q.bird+G4     900.050      26  1852.101     1866.726     1925.217
WARNING: Normalizing state frequencies so that sum of them equals to 1
840  Q.bird+I+G4   900.477      27  1854.954     1870.870     1930.883
WARNING: Normalizing state frequencies so that sum of them equals to 1
841  Q.bird+R2     900.141      27  1854.283     1870.199     1930.212
WARNING: Normalizing state frequencies so that sum of them equals to 1
859  Q.bird+F      900.971      44  1889.943     1940.712     2013.679
WARNING: Normalizing state frequencies so that sum of them equals to 1
860  Q.bird+F+I    894.553      45  1879.107     1932.873     2005.655
WARNING: Normalizing state frequencies so that sum of them equals to 1
861  Q.bird+F+G4   889.916      45  1869.833     1923.599     1996.381
WARNING: Normalizing state frequencies so that sum of them equals to 1
862  Q.bird+F+I+G4 890.279      46  1872.558     1929.452     2001.918
WARNING: Normalizing state frequencies so that sum of them equals to 1
863  Q.bird+F+R2   890.146      46  1872.292     1929.187     2001.653
881  Q.insect      881.165      25  1812.330     1825.732     1882.635
882  Q.insect+I    878.143      26  1808.285     1822.910     1881.402
883  Q.insect+G4   876.057      26  1804.114     1818.739     1877.231
884  Q.insect+I+G4 876.456      27  1806.913     1822.829     1882.842
885  Q.insect+R2   876.318      27  1806.637     1822.552     1882.566
903  Q.insect+F    877.129      44  1842.258     1893.027     1965.994
904  Q.insect+F+I  875.370      45  1840.740     1894.506     1967.288
905  Q.insect+F+G4 873.486      45  1836.972     1890.738     1963.520
906  Q.insect+F+I+G4 873.936      46  1839.872     1896.767     1969.233
907  Q.insect+F+R2 873.612      46  1839.225     1896.120     1968.585
WARNING: Normalizing state frequencies so that sum of them equals to 1
925  Q.mammal      905.586      25  1861.172     1874.574     1931.477
WARNING: Normalizing state frequencies so that sum of them equals to 1
926  Q.mammal+I    901.782      26  1855.563     1870.188     1928.680
WARNING: Normalizing state frequencies so that sum of them equals to 1
927  Q.mammal+G4   898.329      26  1848.658     1863.283     1921.775
WARNING: Normalizing state frequencies so that sum of them equals to 1
928  Q.mammal+I+G4 898.771      27  1851.541     1867.457     1927.470
WARNING: Normalizing state frequencies so that sum of them equals to 1
929  Q.mammal+R2   898.392      27  1850.784     1866.699     1926.713
WARNING: Normalizing state frequencies so that sum of them equals to 1
947  Q.mammal+F    895.105      44  1878.209     1928.978     2001.945
WARNING: Normalizing state frequencies so that sum of them equals to 1
948  Q.mammal+F+I  890.600      45  1871.200     1924.966     1997.748
WARNING: Normalizing state frequencies so that sum of them equals to 1
949  Q.mammal+F+G4 887.222      45  1864.444     1918.211     1990.993
WARNING: Normalizing state frequencies so that sum of them equals to 1
950  Q.mammal+F+I+G4 887.580      46  1867.161     1924.056     1996.521
WARNING: Normalizing state frequencies so that sum of them equals to 1
951  Q.mammal+F+R2 887.332      46  1866.665     1923.559     1996.025
WARNING: Normalizing state frequencies so that sum of them equals to 1
969  Q.pfam        890.039      25  1830.079     1843.481     1900.383
WARNING: Normalizing state frequencies so that sum of them equals to 1
970  Q.pfam+I      888.033      26  1828.067     1842.692     1901.184
WARNING: Normalizing state frequencies so that sum of them equals to 1
971  Q.pfam+G4     886.808      26  1825.616     1840.241     1898.733
WARNING: Normalizing state frequencies so that sum of them equals to 1
972  Q.pfam+I+G4   887.143      27  1828.286     1844.202     1904.215
WARNING: Normalizing state frequencies so that sum of them equals to 1
973  Q.pfam+R2     886.936      27  1827.872     1843.787     1903.801
WARNING: Normalizing state frequencies so that sum of them equals to 1
991  Q.pfam+F      880.869      44  1849.738     1900.507     1973.474
WARNING: Normalizing state frequencies so that sum of them equals to 1
992  Q.pfam+F+I    879.351      45  1848.703     1902.469     1975.251
WARNING: Normalizing state frequencies so that sum of them equals to 1
993  Q.pfam+F+G4   877.754      45  1845.507     1899.273     1972.056
WARNING: Normalizing state frequencies so that sum of them equals to 1
994  Q.pfam+F+I+G4 878.179      46  1848.359     1905.254     1977.719
WARNING: Normalizing state frequencies so that sum of them equals to 1
995  Q.pfam+F+R2   877.807      46  1847.614     1904.509     1976.974
WARNING: Normalizing state frequencies so that sum of them equals to 1
1013  Q.plant       897.366      25  1844.733     1858.135     1915.037
WARNING: Normalizing state frequencies so that sum of them equals to 1
1014  Q.plant+I     893.191      26  1838.383     1853.008     1911.499
WARNING: Normalizing state frequencies so that sum of them equals to 1
1015  Q.plant+G4    888.904      26  1829.807     1844.432     1902.924
WARNING: Normalizing state frequencies so that sum of them equals to 1
1016  Q.plant+I+G4  889.380      27  1832.759     1848.675     1908.688
WARNING: Normalizing state frequencies so that sum of them equals to 1
1017  Q.plant+R2    889.145      27  1832.289     1848.205     1908.218
WARNING: Normalizing state frequencies so that sum of them equals to 1
1035  Q.plant+F     887.747      44  1863.494     1914.263     1987.230
WARNING: Normalizing state frequencies so that sum of them equals to 1
1036  Q.plant+F+I   884.617      45  1859.233     1912.999     1985.781
WARNING: Normalizing state frequencies so that sum of them equals to 1
1037  Q.plant+F+G4  880.009      45  1850.018     1903.784     1976.566
WARNING: Normalizing state frequencies so that sum of them equals to 1
1038  Q.plant+F+I+G4 880.501      46  1853.001     1909.896     1982.362
WARNING: Normalizing state frequencies so that sum of them equals to 1
1039  Q.plant+F+R2  879.981      46  1851.962     1908.856     1981.322
WARNING: Normalizing state frequencies so that sum of them equals to 1
1057  Q.yeast       882.977      25  1815.954     1829.356     1886.258
WARNING: Normalizing state frequencies so that sum of them equals to 1
1058  Q.yeast+I     880.053      26  1812.107     1826.732     1885.223
WARNING: Normalizing state frequencies so that sum of them equals to 1
1059  Q.yeast+G4    878.241      26  1808.483     1823.108     1881.600
WARNING: Normalizing state frequencies so that sum of them equals to 1
1060  Q.yeast+I+G4  878.594      27  1811.189     1827.104     1887.118
WARNING: Normalizing state frequencies so that sum of them equals to 1
1061  Q.yeast+R2    878.510      27  1811.019     1826.935     1886.948
WARNING: Normalizing state frequencies so that sum of them equals to 1
1079  Q.yeast+F     877.390      44  1842.780     1893.549     1966.516
WARNING: Normalizing state frequencies so that sum of them equals to 1
1080  Q.yeast+F+I   875.584      45  1841.168     1894.934     1967.716
WARNING: Normalizing state frequencies so that sum of them equals to 1
1081  Q.yeast+F+G4  873.749      45  1837.498     1891.264     1964.047
WARNING: Normalizing state frequencies so that sum of them equals to 1
1082  Q.yeast+F+I+G4 874.171      46  1840.343     1897.238     1969.703
WARNING: Normalizing state frequencies so that sum of them equals to 1
1083  Q.yeast+F+R2  873.873      46  1839.745     1896.640     1969.106
1101  rtREV         892.204      25  1834.407     1847.809     1904.712
1102  rtREV+I       890.395      26  1832.790     1847.415     1905.907
1103  rtREV+G4      888.856      26  1829.713     1844.338     1902.829
1104  rtREV+I+G4    889.308      27  1832.616     1848.532     1908.545
1105  rtREV+R2      888.957      27  1831.914     1847.830     1907.843
1123  rtREV+F       882.962      44  1853.923     1904.693     1977.660
1124  rtREV+F+I     882.021      45  1854.042     1907.808     1980.590
1125  rtREV+F+G4    880.069      45  1850.139     1903.905     1976.687
1126  rtREV+F+I+G4  880.566      46  1853.133     1910.028     1982.493
1127  rtREV+F+R2    880.021      46  1852.042     1908.937     1981.403
1145  VT            888.246      25  1826.492     1839.894     1896.796
1146  VT+I          887.642      26  1827.283     1841.908     1900.400
1147  VT+G4         887.285      26  1826.571     1841.196     1899.687
1148  VT+I+G4       887.634      27  1829.268     1845.184     1905.197
1149  VT+R2         887.343      27  1828.687     1844.602     1904.616
1167  VT+F          880.601      44  1849.202     1899.971     1972.938
1168  VT+F+I        880.246      45  1850.492     1904.258     1977.040
1169  VT+F+G4       879.634      45  1849.267     1903.033     1975.815
1170  VT+F+I+G4     880.112      46  1852.224     1909.119     1981.584
1171  VT+F+R2       879.687      46  1851.374     1908.269     1980.734
1189  WAG           891.650      25  1833.300     1846.702     1903.604
1190  WAG+I         890.948      26  1833.897     1848.522     1907.013
1191  WAG+G4        890.020      26  1832.041     1846.666     1905.157
1192  WAG+I+G4      890.474      27  1834.948     1850.864     1910.877
1193  WAG+R2        890.072      27  1834.143     1850.059     1910.072
1211  WAG+F         883.373      44  1854.746     1905.515     1978.482
1212  WAG+F+I       882.883      45  1855.766     1909.532     1982.314
1213  WAG+F+G4      881.349      45  1852.698     1906.464     1979.246
1214  WAG+F+I+G4    881.856      46  1855.712     1912.607     1985.073
1215  WAG+F+R2      881.276      46  1854.553     1911.448     1983.913
Reading model parameters from file Q.iridoviridae
1233  Q.iridoviridae 879.315      25  1808.630     1822.032     1878.935
Reading model parameters from file Q.iridoviridae
1234  Q.iridoviridae+I 877.886      26  1807.772     1822.397     1880.889
Reading model parameters from file Q.iridoviridae
1235  Q.iridoviridae+G4 876.722      26  1805.444     1820.069     1878.561
Reading model parameters from file Q.iridoviridae
1236  Q.iridoviridae+I+G4 877.104      27  1808.208     1824.123     1884.137
Reading model parameters from file Q.iridoviridae
1237  Q.iridoviridae+R2 876.775      27  1807.549     1823.465     1883.478
Reading model parameters from file Q.iridoviridae
1255  Q.iridoviridae+F 879.786      44  1847.571     1898.340     1971.307
Reading model parameters from file Q.iridoviridae
1256  Q.iridoviridae+F+I 878.862      45  1847.724     1901.490     1974.272
Reading model parameters from file Q.iridoviridae
1257  Q.iridoviridae+F+G4 877.201      45  1844.403     1898.169     1970.951
Reading model parameters from file Q.iridoviridae
1258  Q.iridoviridae+F+I+G4 877.669      46  1847.339     1904.233     1976.699
Reading model parameters from file Q.iridoviridae
1259  Q.iridoviridae+F+R2 877.175      46  1846.351     1903.245     1975.711
Reading model parameters from file Q.mcv
WARNING: Normalizing state frequencies so that sum of them equals to 1
1277  Q.mcv         895.111      25  1840.222     1853.624     1910.526
Reading model parameters from file Q.mcv
WARNING: Normalizing state frequencies so that sum of them equals to 1
1278  Q.mcv+I       893.641      26  1839.281     1853.906     1912.398
Reading model parameters from file Q.mcv
WARNING: Normalizing state frequencies so that sum of them equals to 1
1279  Q.mcv+G4      892.000      26  1835.999     1850.624     1909.116
Reading model parameters from file Q.mcv
WARNING: Normalizing state frequencies so that sum of them equals to 1
1280  Q.mcv+I+G4    892.451      27  1838.902     1854.817     1914.831
Reading model parameters from file Q.mcv
WARNING: Normalizing state frequencies so that sum of them equals to 1
1281  Q.mcv+R2      892.089      27  1838.178     1854.094     1914.107
Reading model parameters from file Q.mcv
WARNING: Normalizing state frequencies so that sum of them equals to 1
1299  Q.mcv+F       883.552      44  1855.105     1905.874     1978.841
Reading model parameters from file Q.mcv
WARNING: Normalizing state frequencies so that sum of them equals to 1
1300  Q.mcv+F+I     882.259      45  1854.518     1908.284     1981.066
Reading model parameters from file Q.mcv
WARNING: Normalizing state frequencies so that sum of them equals to 1
1301  Q.mcv+F+G4    879.289      45  1848.578     1902.344     1975.126
Reading model parameters from file Q.mcv
WARNING: Normalizing state frequencies so that sum of them equals to 1
1302  Q.mcv+F+I+G4  879.833      46  1851.666     1908.560     1981.026
Reading model parameters from file Q.mcv
WARNING: Normalizing state frequencies so that sum of them equals to 1
1303  Q.mcv+F+R2    879.207      46  1850.413     1907.308     1979.774
Akaike Information Criterion:           Q.insect+G4
Corrected Akaike Information Criterion: Q.insect+G4
Bayesian Information Criterion:         Q.insect+G4
Best-fit model: Q.insect+G4 chosen according to BIC

All model information printed to iqtree_genus/OG0000018.fa.model.gz
CPU time for ModelFinder: 15.048 seconds (0h:0m:15s)
Wall-clock time for ModelFinder: 8.929 seconds (0h:0m:8s)
WARNING: States(s) W rarely appear in alignment and may cause numerical problems
Generating 1000 samples for ultrafast bootstrap (seed: 744305)...

NOTE: 1 MB RAM (0 GB) is required!
Estimate model parameters (epsilon = 0.100)
1. Initial log-likelihood: -876.057
Optimal log-likelihood: -876.055
Gamma shape alpha: 1.599
Parameters optimization took 1 rounds (0.003 sec)
Wrote distance file to... 
Computing ML distances based on estimated model parameters...
Calculating distance matrix: done in 0.0470259 secs using 42.58% CPU
Computing ML distances took 0.047109 sec (of wall-clock time) 0.020107 sec (of CPU time)
Setting up auxiliary I and S matrices: done in 4.48227e-05 secs using 1.08e+04% CPU
Constructing RapidNJ tree: done in 0.000193119 secs using 186.4% CPU
Computing RapidNJ tree took 0.000293 sec (of wall-clock time) 0.005318 sec (of CPU time)
Log-likelihood of RapidNJ tree: -874.141
--------------------------------------------------------------------
|             INITIALIZING CANDIDATE TREE SET                      |
--------------------------------------------------------------------
Generating 98 parsimony trees... 0.026 second
Computing log-likelihood of 98 initial trees ... 0.209 seconds
Current best score: -874.141

Do NNI search on 20 best initial trees
Optimizing NNI: done in 0.00556016 secs using 395.3% CPU
Estimate model parameters (epsilon = 0.100)
BETTER TREE FOUND at iteration 1: -874.136
Optimizing NNI: done in 0.0101979 secs using 398.1% CPU
Optimizing NNI: done in 0.0170321 secs using 399% CPU
BETTER TREE FOUND at iteration 3: -874.136
Optimizing NNI: done in 0.0668311 secs using 104.1% CPU
Optimizing NNI: done in 0.0338361 secs using 399.2% CPU
Optimizing NNI: done in 0.080209 secs using 150.7% CPU
Optimizing NNI: done in 0.033283 secs using 399.1% CPU
Optimizing NNI: done in 0.0278351 secs using 399.3% CPU
Optimizing NNI: done in 0.0834391 secs using 159.4% CPU
Optimizing NNI: done in 0.022507 secs using 399.3% CPU
Iteration 10 / LogL: -874.136 / Time: 0h:0m:0s
Optimizing NNI: done in 0.072588 secs using 128.4% CPU
Optimizing NNI: done in 0.0221331 secs using 399.1% CPU
Optimizing NNI: done in 1.08247 secs using 31.4% CPU
Optimizing NNI: done in 0.127165 secs using 180.1% CPU
Optimizing NNI: done in 0.067589 secs using 124% CPU
Optimizing NNI: done in 0.018548 secs using 352.9% CPU
Optimizing NNI: done in 0.0191481 secs using 349% CPU
Optimizing NNI: done in 0.0682549 secs using 108.5% CPU
Optimizing NNI: done in 0.016104 secs using 402.2% CPU
Optimizing NNI: done in 0.070138 secs using 100% CPU
Iteration 20 / LogL: -876.056 / Time: 0h:0m:2s
Finish initializing candidate tree set (9)
Current best tree score: -874.136 / CPU time: 2.299
Number of iterations: 20
--------------------------------------------------------------------
|               OPTIMIZING CANDIDATE TREE SET                      |
--------------------------------------------------------------------
Optimizing NNI: done in 0.00837183 secs using 352.7% CPU
BETTER TREE FOUND at iteration 21: -874.136
Optimizing NNI: done in 0.019537 secs using 399.6% CPU
Optimizing NNI: done in 0.078625 secs using 151.4% CPU
Estimate model parameters (epsilon = 0.100)
BETTER TREE FOUND at iteration 23: -873.947
Optimizing NNI: done in 0.092999 secs using 188.5% CPU
Optimizing NNI: done in 0.0245421 secs using 384% CPU
Optimizing NNI: done in 0.020457 secs using 398.8% CPU
Optimizing NNI: done in 0.0803812 secs using 154.6% CPU
Optimizing NNI: done in 0.0265698 secs using 397.7% CPU
Optimizing NNI: done in 0.077894 secs using 144.3% CPU
BETTER TREE FOUND at iteration 29: -873.947
Optimizing NNI: done in 0.0173328 secs using 399.3% CPU
Iteration 30 / LogL: -873.947 / Time: 0h:0m:2s (0h:0m:9s left)
Optimizing NNI: done in 0.091321 secs using 180.8% CPU
Optimizing NNI: done in 0.072592 secs using 129% CPU
Optimizing NNI: done in 0.0276151 secs using 390.9% CPU
Optimizing NNI: done in 0.074378 secs using 133.7% CPU
UPDATE BEST LOG-LIKELIHOOD: -873.947
Optimizing NNI: done in 0.015146 secs using 397% CPU
Optimizing NNI: done in 0.0727069 secs using 131.1% CPU
BETTER TREE FOUND at iteration 36: -873.947
Optimizing NNI: done in 0.0113199 secs using 397.2% CPU
Optimizing NNI: done in 0.0824201 secs using 157.9% CPU
Optimizing NNI: done in 0.017453 secs using 397.9% CPU
Optimizing NNI: done in 0.076493 secs using 137.6% CPU
Iteration 40 / LogL: -873.947 / Time: 0h:0m:3s (0h:0m:8s left)
Optimizing NNI: done in 0.0279479 secs using 397.3% CPU
Optimizing NNI: done in 0.0680518 secs using 109.3% CPU
Optimizing NNI: done in 0.039433 secs using 349.2% CPU
Optimizing NNI: done in 0.066529 secs using 110% CPU
Optimizing NNI: done in 0.0166788 secs using 398.3% CPU
Optimizing NNI: done in 0.0729179 secs using 124.1% CPU
Optimizing NNI: done in 0.019722 secs using 397.9% CPU
Optimizing NNI: done in 0.075053 secs using 126.8% CPU
Optimizing NNI: done in 0.016521 secs using 373.9% CPU
Optimizing NNI: done in 0.011606 secs using 398% CPU
Iteration 50 / LogL: -873.947 / Time: 0h:0m:3s (0h:0m:6s left)
Log-likelihood cutoff on original alignment: -894.230
Optimizing NNI: done in 0.0218549 secs using 379.5% CPU
Optimizing NNI: done in 0.0687752 secs using 108.3% CPU
Optimizing NNI: done in 0.0336668 secs using 398.7% CPU
Optimizing NNI: done in 0.0117519 secs using 396.7% CPU
Optimizing NNI: done in 0.0211501 secs using 396.8% CPU
Optimizing NNI: done in 0.0611088 secs using 71.96% CPU
Optimizing NNI: done in 0.0115628 secs using 300.5% CPU
Optimizing NNI: done in 0.0167801 secs using 362.8% CPU
Optimizing NNI: done in 0.0728631 secs using 131.9% CPU
Optimizing NNI: done in 0.00571203 secs using 310.1% CPU
Iteration 60 / LogL: -873.947 / Time: 0h:0m:4s (0h:0m:5s left)
Optimizing NNI: done in 0.0152352 secs using 414.9% CPU
Optimizing NNI: done in 0.074841 secs using 144.3% CPU
Optimizing NNI: done in 0.0170369 secs using 397.9% CPU
Optimizing NNI: done in 0.0793149 secs using 134.9% CPU
Optimizing NNI: done in 0.02156 secs using 399.2% CPU
Optimizing NNI: done in 0.158797 secs using 118.3% CPU
Optimizing NNI: done in 0.0212839 secs using 384.1% CPU
Optimizing NNI: done in 0.099869 secs using 180.6% CPU
Optimizing NNI: done in 0.0147302 secs using 383% CPU
UPDATE BEST LOG-LIKELIHOOD: -873.947
Optimizing NNI: done in 0.0381749 secs using 368.2% CPU
Iteration 70 / LogL: -873.947 / Time: 0h:0m:5s (0h:0m:4s left)
Optimizing NNI: done in 0.077888 secs using 141.1% CPU
Optimizing NNI: done in 0.0194979 secs using 387.1% CPU
Optimizing NNI: done in 0.086612 secs using 160.9% CPU
Optimizing NNI: done in 0.0709059 secs using 121.2% CPU
Optimizing NNI: done in 0.015229 secs using 399.1% CPU
UPDATE BEST LOG-LIKELIHOOD: -873.947
Optimizing NNI: done in 0.019347 secs using 398.9% CPU
Optimizing NNI: done in 0.059998 secs using 76.31% CPU
Optimizing NNI: done in 0.094954 secs using 192.7% CPU
Optimizing NNI: done in 0.00513887 secs using 397.4% CPU
UPDATE BEST LOG-LIKELIHOOD: -873.947
Optimizing NNI: done in 0.0191998 secs using 399.9% CPU
Iteration 80 / LogL: -873.947 / Time: 0h:0m:5s (0h:0m:3s left)
Optimizing NNI: done in 0.0714178 secs using 123.8% CPU
Optimizing NNI: done in 0.029254 secs using 391.5% CPU
Optimizing NNI: done in 0.0776658 secs using 144.3% CPU
Optimizing NNI: done in 0.0771151 secs using 136.4% CPU
Optimizing NNI: done in 0.015718 secs using 399% CPU
Optimizing NNI: done in 0.021106 secs using 399.1% CPU
Optimizing NNI: done in 0.0690811 secs using 117.1% CPU
Optimizing NNI: done in 0.015681 secs using 396.9% CPU
Optimizing NNI: done in 0.070015 secs using 112.5% CPU
Optimizing NNI: done in 0.0197442 secs using 397.6% CPU
Iteration 90 / LogL: -873.947 / Time: 0h:0m:6s (0h:0m:3s left)
Optimizing NNI: done in 0.0764768 secs using 142.9% CPU
Optimizing NNI: done in 0.0270231 secs using 398.5% CPU
Optimizing NNI: done in 0.0729861 secs using 127.1% CPU
Optimizing NNI: done in 0.020808 secs using 398.8% CPU
Optimizing NNI: done in 0.0645041 secs using 92.76% CPU
Optimizing NNI: done in 0.0186 secs using 399.4% CPU
Optimizing NNI: done in 0.078073 secs using 145.1% CPU
UPDATE BEST LOG-LIKELIHOOD: -873.947
Optimizing NNI: done in 0.0242541 secs using 399.6% CPU
Optimizing NNI: done in 0.079284 secs using 140.8% CPU
Optimizing NNI: done in 0.0206389 secs using 390.6% CPU
Iteration 100 / LogL: -873.947 / Time: 0h:0m:6s (0h:0m:2s left)
Log-likelihood cutoff on original alignment: -894.230
NOTE: Bootstrap correlation coefficient of split occurrence frequencies: 0.995
Optimizing NNI: done in 0.022562 secs using 410.7% CPU
Optimizing NNI: done in 0.081959 secs using 156.4% CPU
Optimizing NNI: done in 0.0829391 secs using 145.2% CPU
Optimizing NNI: done in 0.028964 secs using 379.2% CPU
Optimizing NNI: done in 0.06709 secs using 108.1% CPU
Optimizing NNI: done in 0.02771 secs using 369.2% CPU
Optimizing NNI: done in 0.0923419 secs using 180.5% CPU
Optimizing NNI: done in 0.0756221 secs using 122.6% CPU
Optimizing NNI: done in 0.0246069 secs using 390.2% CPU
Optimizing NNI: done in 0.0857649 secs using 159.1% CPU
Iteration 110 / LogL: -873.947 / Time: 0h:0m:7s (0h:0m:5s left)
Optimizing NNI: done in 0.0188792 secs using 388.3% CPU
Optimizing NNI: done in 0.0154409 secs using 391.1% CPU
Optimizing NNI: done in 0.028034 secs using 393.9% CPU
Optimizing NNI: done in 0.0175879 secs using 393.5% CPU
Optimizing NNI: done in 0.0226839 secs using 391.9% CPU
Optimizing NNI: done in 0.087383 secs using 164.8% CPU
Optimizing NNI: done in 0.0795329 secs using 150.4% CPU
Optimizing NNI: done in 0.0171261 secs using 398.8% CPU
Optimizing NNI: done in 0.0706811 secs using 116.9% CPU
Optimizing NNI: done in 0.023818 secs using 399.3% CPU
Iteration 120 / LogL: -873.947 / Time: 0h:0m:7s (0h:0m:5s left)
Optimizing NNI: done in 0.068176 secs using 109.4% CPU
Optimizing NNI: done in 0.0205619 secs using 396.4% CPU
Optimizing NNI: done in 0.0896678 secs using 177.3% CPU
Optimizing NNI: done in 0.086802 secs using 178% CPU
Optimizing NNI: done in 0.0220292 secs using 397.1% CPU
Optimizing NNI: done in 0.075748 secs using 141.2% CPU
Optimizing NNI: done in 0.0149119 secs using 387.4% CPU
Optimizing NNI: done in 0.0896409 secs using 153.9% CPU
Optimizing NNI: done in 0.077152 secs using 146.3% CPU
Optimizing NNI: done in 0.0177331 secs using 396% CPU
Iteration 130 / LogL: -876.134 / Time: 0h:0m:8s (0h:0m:4s left)
Optimizing NNI: done in 0.0715599 secs using 127.6% CPU
Optimizing NNI: done in 0.016906 secs using 398.6% CPU
Optimizing NNI: done in 0.0214942 secs using 398% CPU
Optimizing NNI: done in 0.110676 secs using 210.7% CPU
Optimizing NNI: done in 0.088757 secs using 168.2% CPU
Optimizing NNI: done in 0.0822551 secs using 167.8% CPU
Optimizing NNI: done in 0.010664 secs using 437.6% CPU
TREE SEARCH COMPLETED AFTER 137 ITERATIONS / Time: 0h:0m:8s

--------------------------------------------------------------------
|                    FINALIZING TREE SEARCH                        |
--------------------------------------------------------------------
Performs final model parameters optimization
Estimate model parameters (epsilon = 0.010)
1. Initial log-likelihood: -873.947
Optimal log-likelihood: -873.947
Gamma shape alpha: 1.609
Parameters optimization took 1 rounds (0.003 sec)
BEST SCORE FOUND : -873.947
Creating bootstrap support values...
Split supports printed to NEXUS file iqtree_genus/OG0000018.fa.splits.nex
Total tree length: 2.840

Total number of iterations: 137
CPU time used for tree search: 15.445 sec (0h:0m:15s)
Wall-clock time used for tree search: 8.729 sec (0h:0m:8s)
Total CPU time used: 15.692 sec (0h:0m:15s)
Total wall-clock time used: 8.890 sec (0h:0m:8s)

Computing bootstrap consensus tree...
Reading input file iqtree_genus/OG0000018.fa.splits.nex...
14 taxa and 141 splits.
Consensus tree written to iqtree_genus/OG0000018.fa.contree
Reading input trees file iqtree_genus/OG0000018.fa.contree
Log-likelihood of consensus tree: -873.949

Analysis results written to: 
  IQ-TREE report:                iqtree_genus/OG0000018.fa.iqtree
  Maximum-likelihood tree:       iqtree_genus/OG0000018.fa.treefile
  Likelihood distances:          iqtree_genus/OG0000018.fa.mldist

Ultrafast bootstrap approximation results written to:
  Split support values:          iqtree_genus/OG0000018.fa.splits.nex
  Consensus tree:                iqtree_genus/OG0000018.fa.contree
  Screen log file:               iqtree_genus/OG0000018.fa.log

Date and Time: Tue Sep 23 15:41:22 2025
