Discrepancy Report Results

Summary
FATAL: MISSING_PROTEIN_ID:124 proteins have invalid IDs.
DISC_SOURCE_QUALS_ASNDISC:strain (all present, all unique)
DISC_SOURCE_QUALS_ASNDISC:taxname (all present, all unique)
DISC_FEATURE_COUNT:CDS: 124 present
DISC_COUNT_NUCLEOTIDES:1 nucleotide Bioseqs are present
FEATURE_LOCATION_CONFLICT:124 features have inconsistent gene locations.
DISC_QUALITY_SCORES:Quality scores are missing on all sequences.
ONCALLER_COMMENT_PRESENT:1 comment descriptors were found (all same)
SHORT_PROT_SEQUENCES:1 protein sequences are shorter than 50 aa.
MISSING_GENOMEASSEMBLY_COMMENTS:1 bioseqs are missing GenomeAssembly structured comments
MOLTYPE_NOT_MRNA:1 molecule types are not set as mRNA.
TECHNIQUE_NOT_TSA:1 technique are not set as TSA
MISSING_STRUCTURED_COMMENT:1 sequences do not include structured comments.
MISSING_PROJECT:125 sequences do not include project.
DISC_INCONSISTENT_MOLINFO_TECH:Molinfo Technique Report (some missing, all same)


Detailed Report

FATAL: DiscRep_ALL:MISSING_PROTEIN_ID::124 proteins have invalid IDs.
./prokka_outputs_1/OR670976/OR670976:OR670976.1_1 (length 378)
./prokka_outputs_1/OR670976/OR670976:OR670976.1_2 (length 151)
./prokka_outputs_1/OR670976/OR670976:OR670976.1_3 (length 101)
./prokka_outputs_1/OR670976/OR670976:OR670976.1_4 (length 163)
./prokka_outputs_1/OR670976/OR670976:OR670976.1_5 (length 186)
./prokka_outputs_1/OR670976/OR670976:OR670976.1_6 (length 101)
./prokka_outputs_1/OR670976/OR670976:OR670976.1_7 (length 453)
./prokka_outputs_1/OR670976/OR670976:OR670976.1_8 (length 485)
./prokka_outputs_1/OR670976/OR670976:OR670976.1_9 (length 525)
./prokka_outputs_1/OR670976/OR670976:OR670976.1_10 (length 72)
./prokka_outputs_1/OR670976/OR670976:OR670976.1_11 (length 80)
./prokka_outputs_1/OR670976/OR670976:OR670976.1_12 (length 130)
./prokka_outputs_1/OR670976/OR670976:OR670976.1_13 (length 86)
./prokka_outputs_1/OR670976/OR670976:OR670976.1_14 (length 110)
./prokka_outputs_1/OR670976/OR670976:OR670976.1_15 (length 461)
./prokka_outputs_1/OR670976/OR670976:OR670976.1_16 (length 97)
./prokka_outputs_1/OR670976/OR670976:OR670976.1_17 (length 313)
./prokka_outputs_1/OR670976/OR670976:OR670976.1_18 (length 263)
./prokka_outputs_1/OR670976/OR670976:OR670976.1_19 (length 195)
./prokka_outputs_1/OR670976/OR670976:OR670976.1_20 (length 110)
./prokka_outputs_1/OR670976/OR670976:OR670976.1_21 (length 948)
./prokka_outputs_1/OR670976/OR670976:OR670976.1_22 (length 194)
./prokka_outputs_1/OR670976/OR670976:OR670976.1_23 (length 499)
./prokka_outputs_1/OR670976/OR670976:OR670976.1_24 (length 52)
./prokka_outputs_1/OR670976/OR670976:OR670976.1_25 (length 134)
./prokka_outputs_1/OR670976/OR670976:OR670976.1_26 (length 102)
./prokka_outputs_1/OR670976/OR670976:OR670976.1_27 (length 59)
./prokka_outputs_1/OR670976/OR670976:OR670976.1_28 (length 322)
./prokka_outputs_1/OR670976/OR670976:OR670976.1_29 (length 166)
./prokka_outputs_1/OR670976/OR670976:OR670976.1_30 (length 107)
./prokka_outputs_1/OR670976/OR670976:OR670976.1_31 (length 298)
./prokka_outputs_1/OR670976/OR670976:OR670976.1_32 (length 1168)
./prokka_outputs_1/OR670976/OR670976:OR670976.1_33 (length 67)
./prokka_outputs_1/OR670976/OR670976:OR670976.1_34 (length 200)
./prokka_outputs_1/OR670976/OR670976:OR670976.1_35 (length 188)
./prokka_outputs_1/OR670976/OR670976:OR670976.1_36 (length 300)
./prokka_outputs_1/OR670976/OR670976:OR670976.1_37 (length 1044)
./prokka_outputs_1/OR670976/OR670976:OR670976.1_38 (length 382)
./prokka_outputs_1/OR670976/OR670976:OR670976.1_39 (length 341)
./prokka_outputs_1/OR670976/OR670976:OR670976.1_40 (length 450)
./prokka_outputs_1/OR670976/OR670976:OR670976.1_41 (length 478)
./prokka_outputs_1/OR670976/OR670976:OR670976.1_42 (length 290)
./prokka_outputs_1/OR670976/OR670976:OR670976.1_43 (length 379)
./prokka_outputs_1/OR670976/OR670976:OR670976.1_44 (length 430)
./prokka_outputs_1/OR670976/OR670976:OR670976.1_45 (length 197)
./prokka_outputs_1/OR670976/OR670976:OR670976.1_46 (length 120)
./prokka_outputs_1/OR670976/OR670976:OR670976.1_47 (length 266)
./prokka_outputs_1/OR670976/OR670976:OR670976.1_48 (length 304)
./prokka_outputs_1/OR670976/OR670976:OR670976.1_49 (length 227)
./prokka_outputs_1/OR670976/OR670976:OR670976.1_50 (length 82)
./prokka_outputs_1/OR670976/OR670976:OR670976.1_51 (length 69)
./prokka_outputs_1/OR670976/OR670976:OR670976.1_52 (length 114)
./prokka_outputs_1/OR670976/OR670976:OR670976.1_53 (length 56)
./prokka_outputs_1/OR670976/OR670976:OR670976.1_54 (length 142)
./prokka_outputs_1/OR670976/OR670976:OR670976.1_55 (length 150)
./prokka_outputs_1/OR670976/OR670976:OR670976.1_56 (length 63)
./prokka_outputs_1/OR670976/OR670976:OR670976.1_57 (length 308)
./prokka_outputs_1/OR670976/OR670976:OR670976.1_58 (length 308)
./prokka_outputs_1/OR670976/OR670976:OR670976.1_59 (length 215)
./prokka_outputs_1/OR670976/OR670976:OR670976.1_60 (length 86)
./prokka_outputs_1/OR670976/OR670976:OR670976.1_61 (length 99)
./prokka_outputs_1/OR670976/OR670976:OR670976.1_62 (length 198)
./prokka_outputs_1/OR670976/OR670976:OR670976.1_63 (length 267)
./prokka_outputs_1/OR670976/OR670976:OR670976.1_64 (length 1208)
./prokka_outputs_1/OR670976/OR670976:OR670976.1_65 (length 122)
./prokka_outputs_1/OR670976/OR670976:OR670976.1_66 (length 882)
./prokka_outputs_1/OR670976/OR670976:OR670976.1_67 (length 491)
./prokka_outputs_1/OR670976/OR670976:OR670976.1_68 (length 95)
./prokka_outputs_1/OR670976/OR670976:OR670976.1_69 (length 305)
./prokka_outputs_1/OR670976/OR670976:OR670976.1_70 (length 55)
./prokka_outputs_1/OR670976/OR670976:OR670976.1_71 (length 194)
./prokka_outputs_1/OR670976/OR670976:OR670976.1_72 (length 477)
./prokka_outputs_1/OR670976/OR670976:OR670976.1_73 (length 221)
./prokka_outputs_1/OR670976/OR670976:OR670976.1_74 (length 141)
./prokka_outputs_1/OR670976/OR670976:OR670976.1_75 (length 536)
./prokka_outputs_1/OR670976/OR670976:OR670976.1_76 (length 200)
./prokka_outputs_1/OR670976/OR670976:OR670976.1_77 (length 139)
./prokka_outputs_1/OR670976/OR670976:OR670976.1_78 (length 336)
./prokka_outputs_1/OR670976/OR670976:OR670976.1_79 (length 88)
./prokka_outputs_1/OR670976/OR670976:OR670976.1_80 (length 990)
./prokka_outputs_1/OR670976/OR670976:OR670976.1_81 (length 444)
./prokka_outputs_1/OR670976/OR670976:OR670976.1_82 (length 154)
./prokka_outputs_1/OR670976/OR670976:OR670976.1_83 (length 73)
./prokka_outputs_1/OR670976/OR670976:OR670976.1_84 (length 165)
./prokka_outputs_1/OR670976/OR670976:OR670976.1_85 (length 368)
./prokka_outputs_1/OR670976/OR670976:OR670976.1_86 (length 119)
./prokka_outputs_1/OR670976/OR670976:OR670976.1_87 (length 451)
./prokka_outputs_1/OR670976/OR670976:OR670976.1_88 (length 192)
./prokka_outputs_1/OR670976/OR670976:OR670976.1_89 (length 135)
./prokka_outputs_1/OR670976/OR670976:OR670976.1_90 (length 256)
./prokka_outputs_1/OR670976/OR670976:OR670976.1_91 (length 137)
./prokka_outputs_1/OR670976/OR670976:OR670976.1_92 (length 518)
./prokka_outputs_1/OR670976/OR670976:OR670976.1_93 (length 320)
./prokka_outputs_1/OR670976/OR670976:OR670976.1_94 (length 56)
./prokka_outputs_1/OR670976/OR670976:OR670976.1_95 (length 262)
./prokka_outputs_1/OR670976/OR670976:OR670976.1_96 (length 396)
./prokka_outputs_1/OR670976/OR670976:OR670976.1_97 (length 250)
./prokka_outputs_1/OR670976/OR670976:OR670976.1_98 (length 163)
./prokka_outputs_1/OR670976/OR670976:OR670976.1_99 (length 107)
./prokka_outputs_1/OR670976/OR670976:OR670976.1_100 (length 181)
./prokka_outputs_1/OR670976/OR670976:OR670976.1_101 (length 171)
./prokka_outputs_1/OR670976/OR670976:OR670976.1_102 (length 479)
./prokka_outputs_1/OR670976/OR670976:OR670976.1_103 (length 132)
./prokka_outputs_1/OR670976/OR670976:OR670976.1_104 (length 258)
./prokka_outputs_1/OR670976/OR670976:OR670976.1_105 (length 121)
./prokka_outputs_1/OR670976/OR670976:OR670976.1_106 (length 31)
./prokka_outputs_1/OR670976/OR670976:OR670976.1_107 (length 315)
./prokka_outputs_1/OR670976/OR670976:OR670976.1_108 (length 199)
./prokka_outputs_1/OR670976/OR670976:OR670976.1_109 (length 921)
./prokka_outputs_1/OR670976/OR670976:OR670976.1_110 (length 51)
./prokka_outputs_1/OR670976/OR670976:OR670976.1_111 (length 296)
./prokka_outputs_1/OR670976/OR670976:OR670976.1_112 (length 247)
./prokka_outputs_1/OR670976/OR670976:OR670976.1_113 (length 167)
./prokka_outputs_1/OR670976/OR670976:OR670976.1_114 (length 860)
./prokka_outputs_1/OR670976/OR670976:OR670976.1_115 (length 336)
./prokka_outputs_1/OR670976/OR670976:OR670976.1_116 (length 463)
./prokka_outputs_1/OR670976/OR670976:OR670976.1_117 (length 218)
./prokka_outputs_1/OR670976/OR670976:OR670976.1_118 (length 86)
./prokka_outputs_1/OR670976/OR670976:OR670976.1_119 (length 439)
./prokka_outputs_1/OR670976/OR670976:OR670976.1_120 (length 169)
./prokka_outputs_1/OR670976/OR670976:OR670976.1_121 (length 216)
./prokka_outputs_1/OR670976/OR670976:OR670976.1_122 (length 239)
./prokka_outputs_1/OR670976/OR670976:OR670976.1_123 (length 123)
./prokka_outputs_1/OR670976/OR670976:OR670976.1_124 (length 228)

DiscRep_ALL:DISC_SOURCE_QUALS_ASNDISC::strain (all present, all unique)
DiscRep_SUB:DISC_SOURCE_QUALS_ASNDISC::1 sources have unique values for strain
DiscRep_ALL:DISC_SOURCE_QUALS_ASNDISC::taxname (all present, all unique)
DiscRep_SUB:DISC_SOURCE_QUALS_ASNDISC::1 sources have unique values for taxname
DiscRep_ALL:DISC_FEATURE_COUNT::CDS: 124 present
DiscRep_ALL:DISC_COUNT_NUCLEOTIDES::1 nucleotide Bioseqs are present
./prokka_outputs_1/OR670976/OR670976:OR670976.1 (length 111831)

DiscRep_ALL:FEATURE_LOCATION_CONFLICT::124 features have inconsistent gene locations.
DiscRep_SUB:FEATURE_LOCATION_CONFLICT::Coding region xref gene does not exist
./prokka_outputs_1/OR670976/OR670976:CDS	hypothetical protein	OR670976.1:c1270-134	OR670976_00001

DiscRep_SUB:FEATURE_LOCATION_CONFLICT::Coding region xref gene does not exist
./prokka_outputs_1/OR670976/OR670976:CDS	hypothetical protein	OR670976.1:c1695-1240	OR670976_00002

DiscRep_SUB:FEATURE_LOCATION_CONFLICT::Coding region xref gene does not exist
./prokka_outputs_1/OR670976/OR670976:CDS	hypothetical protein	OR670976.1:c2077-1772	OR670976_00003

DiscRep_SUB:FEATURE_LOCATION_CONFLICT::Coding region xref gene does not exist
./prokka_outputs_1/OR670976/OR670976:CDS	hypothetical protein	OR670976.1:c2568-2077	OR670976_00004

DiscRep_SUB:FEATURE_LOCATION_CONFLICT::Coding region xref gene does not exist
./prokka_outputs_1/OR670976/OR670976:CDS	hypothetical protein	OR670976.1:c3453-2893	OR670976_00005

DiscRep_SUB:FEATURE_LOCATION_CONFLICT::Coding region xref gene does not exist
./prokka_outputs_1/OR670976/OR670976:CDS	hypothetical protein	OR670976.1:c3790-3485	OR670976_00006

DiscRep_SUB:FEATURE_LOCATION_CONFLICT::Coding region xref gene does not exist
./prokka_outputs_1/OR670976/OR670976:CDS	Major capsid protein	OR670976.1:c5155-3794	OR670976_00007

DiscRep_SUB:FEATURE_LOCATION_CONFLICT::Coding region xref gene does not exist
./prokka_outputs_1/OR670976/OR670976:CDS	hypothetical protein	OR670976.1:c6631-5174	OR670976_00008

DiscRep_SUB:FEATURE_LOCATION_CONFLICT::Coding region xref gene does not exist
./prokka_outputs_1/OR670976/OR670976:CDS	hypothetical protein	OR670976.1:6669-8246	OR670976_00009

DiscRep_SUB:FEATURE_LOCATION_CONFLICT::Coding region xref gene does not exist
./prokka_outputs_1/OR670976/OR670976:CDS	hypothetical protein	OR670976.1:c8418-8200	OR670976_00010

DiscRep_SUB:FEATURE_LOCATION_CONFLICT::Coding region xref gene does not exist
./prokka_outputs_1/OR670976/OR670976:CDS	hypothetical protein	OR670976.1:8448-8690	OR670976_00011

DiscRep_SUB:FEATURE_LOCATION_CONFLICT::Coding region xref gene does not exist
./prokka_outputs_1/OR670976/OR670976:CDS	hypothetical protein	OR670976.1:c9054-8662	OR670976_00012

DiscRep_SUB:FEATURE_LOCATION_CONFLICT::Coding region xref gene does not exist
./prokka_outputs_1/OR670976/OR670976:CDS	hypothetical protein	OR670976.1:c9311-9051	OR670976_00013

DiscRep_SUB:FEATURE_LOCATION_CONFLICT::Coding region xref gene does not exist
./prokka_outputs_1/OR670976/OR670976:CDS	hypothetical protein	OR670976.1:9330-9662	OR670976_00014

DiscRep_SUB:FEATURE_LOCATION_CONFLICT::Coding region xref gene does not exist
./prokka_outputs_1/OR670976/OR670976:CDS	hypothetical protein	OR670976.1:9669-11054	OR670976_00015

DiscRep_SUB:FEATURE_LOCATION_CONFLICT::Coding region xref gene does not exist
./prokka_outputs_1/OR670976/OR670976:CDS	hypothetical protein	OR670976.1:c11310-11017	OR670976_00016

DiscRep_SUB:FEATURE_LOCATION_CONFLICT::Coding region xref gene does not exist
./prokka_outputs_1/OR670976/OR670976:CDS	hypothetical protein	OR670976.1:11327-12268	OR670976_00017

DiscRep_SUB:FEATURE_LOCATION_CONFLICT::Coding region xref gene does not exist
./prokka_outputs_1/OR670976/OR670976:CDS	hypothetical protein	OR670976.1:12278-13069	OR670976_00018

DiscRep_SUB:FEATURE_LOCATION_CONFLICT::Coding region xref gene does not exist
./prokka_outputs_1/OR670976/OR670976:CDS	hypothetical protein	OR670976.1:c13716-13129	OR670976_00019

DiscRep_SUB:FEATURE_LOCATION_CONFLICT::Coding region xref gene does not exist
./prokka_outputs_1/OR670976/OR670976:CDS	hypothetical protein	OR670976.1:c14063-13731	OR670976_00020

DiscRep_SUB:FEATURE_LOCATION_CONFLICT::Coding region xref gene does not exist
./prokka_outputs_1/OR670976/OR670976:CDS	hypothetical protein	OR670976.1:14579-17425	OR670976_00021

DiscRep_SUB:FEATURE_LOCATION_CONFLICT::Coding region xref gene does not exist
./prokka_outputs_1/OR670976/OR670976:CDS	hypothetical protein	OR670976.1:17422-18006	OR670976_00022

DiscRep_SUB:FEATURE_LOCATION_CONFLICT::Coding region xref gene does not exist
./prokka_outputs_1/OR670976/OR670976:CDS	hypothetical protein	OR670976.1:c19489-17990	OR670976_00023

DiscRep_SUB:FEATURE_LOCATION_CONFLICT::Coding region xref gene does not exist
./prokka_outputs_1/OR670976/OR670976:CDS	hypothetical protein	OR670976.1:20454-20612	OR670976_00024

DiscRep_SUB:FEATURE_LOCATION_CONFLICT::Coding region xref gene does not exist
./prokka_outputs_1/OR670976/OR670976:CDS	hypothetical protein	OR670976.1:21224-21628	OR670976_00025

DiscRep_SUB:FEATURE_LOCATION_CONFLICT::Coding region xref gene does not exist
./prokka_outputs_1/OR670976/OR670976:CDS	hypothetical protein	OR670976.1:22391-22699	OR670976_00026

DiscRep_SUB:FEATURE_LOCATION_CONFLICT::Coding region xref gene does not exist
./prokka_outputs_1/OR670976/OR670976:CDS	hypothetical protein	OR670976.1:c22836-22657	OR670976_00027

DiscRep_SUB:FEATURE_LOCATION_CONFLICT::Coding region xref gene does not exist
./prokka_outputs_1/OR670976/OR670976:CDS	Ribonucleoside-diphosphate reductase small chain	OR670976.1:23031-23999	OR670976_00028

DiscRep_SUB:FEATURE_LOCATION_CONFLICT::Coding region xref gene does not exist
./prokka_outputs_1/OR670976/OR670976:CDS	hypothetical protein	OR670976.1:24120-24620	OR670976_00029

DiscRep_SUB:FEATURE_LOCATION_CONFLICT::Coding region xref gene does not exist
./prokka_outputs_1/OR670976/OR670976:CDS	hypothetical protein	OR670976.1:c24978-24655	OR670976_00030

DiscRep_SUB:FEATURE_LOCATION_CONFLICT::Coding region xref gene does not exist
./prokka_outputs_1/OR670976/OR670976:CDS	hypothetical protein	OR670976.1:c25896-25000	OR670976_00031

DiscRep_SUB:FEATURE_LOCATION_CONFLICT::Coding region xref gene does not exist
./prokka_outputs_1/OR670976/OR670976:CDS	hypothetical protein	OR670976.1:c29419-25913	OR670976_00032

DiscRep_SUB:FEATURE_LOCATION_CONFLICT::Coding region xref gene does not exist
./prokka_outputs_1/OR670976/OR670976:CDS	hypothetical protein	OR670976.1:c29629-29426	OR670976_00033

DiscRep_SUB:FEATURE_LOCATION_CONFLICT::Coding region xref gene does not exist
./prokka_outputs_1/OR670976/OR670976:CDS	hypothetical protein	OR670976.1:c30319-29717	OR670976_00034

DiscRep_SUB:FEATURE_LOCATION_CONFLICT::Coding region xref gene does not exist
./prokka_outputs_1/OR670976/OR670976:CDS	hypothetical protein	OR670976.1:30328-30894	OR670976_00035

DiscRep_SUB:FEATURE_LOCATION_CONFLICT::Coding region xref gene does not exist
./prokka_outputs_1/OR670976/OR670976:CDS	hypothetical protein	OR670976.1:c31873-30971	OR670976_00036

DiscRep_SUB:FEATURE_LOCATION_CONFLICT::Coding region xref gene does not exist
./prokka_outputs_1/OR670976/OR670976:CDS	DNA-directed RNA polymerase subunit 2	OR670976.1:31977-35111	OR670976_00037

DiscRep_SUB:FEATURE_LOCATION_CONFLICT::Coding region xref gene does not exist
./prokka_outputs_1/OR670976/OR670976:CDS	hypothetical protein	OR670976.1:c36341-35193	OR670976_00038

DiscRep_SUB:FEATURE_LOCATION_CONFLICT::Coding region xref gene does not exist
./prokka_outputs_1/OR670976/OR670976:CDS	hypothetical protein	OR670976.1:36409-37434	OR670976_00039

DiscRep_SUB:FEATURE_LOCATION_CONFLICT::Coding region xref gene does not exist
./prokka_outputs_1/OR670976/OR670976:CDS	hypothetical protein	OR670976.1:c38783-37431	OR670976_00040

DiscRep_SUB:FEATURE_LOCATION_CONFLICT::Coding region xref gene does not exist
./prokka_outputs_1/OR670976/OR670976:CDS	hypothetical protein	OR670976.1:c40228-38792	OR670976_00041

DiscRep_SUB:FEATURE_LOCATION_CONFLICT::Coding region xref gene does not exist
./prokka_outputs_1/OR670976/OR670976:CDS	hypothetical protein	OR670976.1:40272-41144	OR670976_00042

DiscRep_SUB:FEATURE_LOCATION_CONFLICT::Coding region xref gene does not exist
./prokka_outputs_1/OR670976/OR670976:CDS	hypothetical protein	OR670976.1:c42276-41137	OR670976_00043

DiscRep_SUB:FEATURE_LOCATION_CONFLICT::Coding region xref gene does not exist
./prokka_outputs_1/OR670976/OR670976:CDS	hypothetical protein	OR670976.1:c43570-42278	OR670976_00044

DiscRep_SUB:FEATURE_LOCATION_CONFLICT::Coding region xref gene does not exist
./prokka_outputs_1/OR670976/OR670976:CDS	hypothetical protein	OR670976.1:43636-44229	OR670976_00045

DiscRep_SUB:FEATURE_LOCATION_CONFLICT::Coding region xref gene does not exist
./prokka_outputs_1/OR670976/OR670976:CDS	hypothetical protein	OR670976.1:c44675-44313	OR670976_00046

DiscRep_SUB:FEATURE_LOCATION_CONFLICT::Coding region xref gene does not exist
./prokka_outputs_1/OR670976/OR670976:CDS	hypothetical protein	OR670976.1:c45478-44678	OR670976_00047

DiscRep_SUB:FEATURE_LOCATION_CONFLICT::Coding region xref gene does not exist
./prokka_outputs_1/OR670976/OR670976:CDS	hypothetical protein	OR670976.1:c46397-45483	OR670976_00048

DiscRep_SUB:FEATURE_LOCATION_CONFLICT::Coding region xref gene does not exist
./prokka_outputs_1/OR670976/OR670976:CDS	hypothetical protein	OR670976.1:c47074-46391	OR670976_00049

DiscRep_SUB:FEATURE_LOCATION_CONFLICT::Coding region xref gene does not exist
./prokka_outputs_1/OR670976/OR670976:CDS	hypothetical protein	OR670976.1:47095-47343	OR670976_00050

DiscRep_SUB:FEATURE_LOCATION_CONFLICT::Coding region xref gene does not exist
./prokka_outputs_1/OR670976/OR670976:CDS	hypothetical protein	OR670976.1:47288-47497	OR670976_00051

DiscRep_SUB:FEATURE_LOCATION_CONFLICT::Coding region xref gene does not exist
./prokka_outputs_1/OR670976/OR670976:CDS	hypothetical protein	OR670976.1:47494-47838	OR670976_00052

DiscRep_SUB:FEATURE_LOCATION_CONFLICT::Coding region xref gene does not exist
./prokka_outputs_1/OR670976/OR670976:CDS	hypothetical protein	OR670976.1:47854-48024	OR670976_00053

DiscRep_SUB:FEATURE_LOCATION_CONFLICT::Coding region xref gene does not exist
./prokka_outputs_1/OR670976/OR670976:CDS	hypothetical protein	OR670976.1:c48511-48083	OR670976_00054

DiscRep_SUB:FEATURE_LOCATION_CONFLICT::Coding region xref gene does not exist
./prokka_outputs_1/OR670976/OR670976:CDS	hypothetical protein	OR670976.1:c49236-48784	OR670976_00055

DiscRep_SUB:FEATURE_LOCATION_CONFLICT::Coding region xref gene does not exist
./prokka_outputs_1/OR670976/OR670976:CDS	hypothetical protein	OR670976.1:c49464-49273	OR670976_00056

DiscRep_SUB:FEATURE_LOCATION_CONFLICT::Coding region xref gene does not exist
./prokka_outputs_1/OR670976/OR670976:CDS	hypothetical protein	OR670976.1:c50392-49466	OR670976_00057

DiscRep_SUB:FEATURE_LOCATION_CONFLICT::Coding region xref gene does not exist
./prokka_outputs_1/OR670976/OR670976:CDS	hypothetical protein	OR670976.1:c51341-50415	OR670976_00058

DiscRep_SUB:FEATURE_LOCATION_CONFLICT::Coding region xref gene does not exist
./prokka_outputs_1/OR670976/OR670976:CDS	hypothetical protein	OR670976.1:c51999-51352	OR670976_00059

DiscRep_SUB:FEATURE_LOCATION_CONFLICT::Coding region xref gene does not exist
./prokka_outputs_1/OR670976/OR670976:CDS	hypothetical protein	OR670976.1:c52266-52006	OR670976_00060

DiscRep_SUB:FEATURE_LOCATION_CONFLICT::Coding region xref gene does not exist
./prokka_outputs_1/OR670976/OR670976:CDS	hypothetical protein	OR670976.1:c52592-52293	OR670976_00061

DiscRep_SUB:FEATURE_LOCATION_CONFLICT::Coding region xref gene does not exist
./prokka_outputs_1/OR670976/OR670976:CDS	hypothetical protein	OR670976.1:c53178-52582	OR670976_00062

DiscRep_SUB:FEATURE_LOCATION_CONFLICT::Coding region xref gene does not exist
./prokka_outputs_1/OR670976/OR670976:CDS	hypothetical protein	OR670976.1:c53995-53192	OR670976_00063

DiscRep_SUB:FEATURE_LOCATION_CONFLICT::Coding region xref gene does not exist
./prokka_outputs_1/OR670976/OR670976:CDS	hypothetical protein	OR670976.1:c57618-53992	OR670976_00064

DiscRep_SUB:FEATURE_LOCATION_CONFLICT::Coding region xref gene does not exist
./prokka_outputs_1/OR670976/OR670976:CDS	hypothetical protein	OR670976.1:c58046-57678	OR670976_00065

DiscRep_SUB:FEATURE_LOCATION_CONFLICT::Coding region xref gene does not exist
./prokka_outputs_1/OR670976/OR670976:CDS	hypothetical protein	OR670976.1:c60708-58060	OR670976_00066

DiscRep_SUB:FEATURE_LOCATION_CONFLICT::Coding region xref gene does not exist
./prokka_outputs_1/OR670976/OR670976:CDS	hypothetical protein	OR670976.1:c62226-60751	OR670976_00067

DiscRep_SUB:FEATURE_LOCATION_CONFLICT::Coding region xref gene does not exist
./prokka_outputs_1/OR670976/OR670976:CDS	hypothetical protein	OR670976.1:c62559-62272	OR670976_00068

DiscRep_SUB:FEATURE_LOCATION_CONFLICT::Coding region xref gene does not exist
./prokka_outputs_1/OR670976/OR670976:CDS	hypothetical protein	OR670976.1:c63732-62815	OR670976_00069

DiscRep_SUB:FEATURE_LOCATION_CONFLICT::Coding region xref gene does not exist
./prokka_outputs_1/OR670976/OR670976:CDS	hypothetical protein	OR670976.1:63743-63910	OR670976_00070

DiscRep_SUB:FEATURE_LOCATION_CONFLICT::Coding region xref gene does not exist
./prokka_outputs_1/OR670976/OR670976:CDS	hypothetical protein	OR670976.1:c64688-64104	OR670976_00071

DiscRep_SUB:FEATURE_LOCATION_CONFLICT::Coding region xref gene does not exist
./prokka_outputs_1/OR670976/OR670976:CDS	hypothetical protein	OR670976.1:c66162-64729	OR670976_00072

DiscRep_SUB:FEATURE_LOCATION_CONFLICT::Coding region xref gene does not exist
./prokka_outputs_1/OR670976/OR670976:CDS	hypothetical protein	OR670976.1:c66834-66169	OR670976_00073

DiscRep_SUB:FEATURE_LOCATION_CONFLICT::Coding region xref gene does not exist
./prokka_outputs_1/OR670976/OR670976:CDS	hypothetical protein	OR670976.1:66946-67371	OR670976_00074

DiscRep_SUB:FEATURE_LOCATION_CONFLICT::Coding region xref gene does not exist
./prokka_outputs_1/OR670976/OR670976:CDS	hypothetical protein	OR670976.1:c68875-67265	OR670976_00075

DiscRep_SUB:FEATURE_LOCATION_CONFLICT::Coding region xref gene does not exist
./prokka_outputs_1/OR670976/OR670976:CDS	hypothetical protein	OR670976.1:69006-69608	OR670976_00076

DiscRep_SUB:FEATURE_LOCATION_CONFLICT::Coding region xref gene does not exist
./prokka_outputs_1/OR670976/OR670976:CDS	hypothetical protein	OR670976.1:69650-70069	OR670976_00077

DiscRep_SUB:FEATURE_LOCATION_CONFLICT::Coding region xref gene does not exist
./prokka_outputs_1/OR670976/OR670976:CDS	hypothetical protein	OR670976.1:70119-71129	OR670976_00078

DiscRep_SUB:FEATURE_LOCATION_CONFLICT::Coding region xref gene does not exist
./prokka_outputs_1/OR670976/OR670976:CDS	hypothetical protein	OR670976.1:c71490-71224	OR670976_00079

DiscRep_SUB:FEATURE_LOCATION_CONFLICT::Coding region xref gene does not exist
./prokka_outputs_1/OR670976/OR670976:CDS	hypothetical protein	OR670976.1:c74464-71492	OR670976_00080

DiscRep_SUB:FEATURE_LOCATION_CONFLICT::Coding region xref gene does not exist
./prokka_outputs_1/OR670976/OR670976:CDS	hypothetical protein	OR670976.1:74482-75816	OR670976_00081

DiscRep_SUB:FEATURE_LOCATION_CONFLICT::Coding region xref gene does not exist
./prokka_outputs_1/OR670976/OR670976:CDS	hypothetical protein	OR670976.1:75813-76277	OR670976_00082

DiscRep_SUB:FEATURE_LOCATION_CONFLICT::Coding region xref gene does not exist
./prokka_outputs_1/OR670976/OR670976:CDS	hypothetical protein	OR670976.1:c76500-76279	OR670976_00083

DiscRep_SUB:FEATURE_LOCATION_CONFLICT::Coding region xref gene does not exist
./prokka_outputs_1/OR670976/OR670976:CDS	hypothetical protein	OR670976.1:76814-77311	OR670976_00084

DiscRep_SUB:FEATURE_LOCATION_CONFLICT::Coding region xref gene does not exist
./prokka_outputs_1/OR670976/OR670976:CDS	hypothetical protein	OR670976.1:c78454-77348	OR670976_00085

DiscRep_SUB:FEATURE_LOCATION_CONFLICT::Coding region xref gene does not exist
./prokka_outputs_1/OR670976/OR670976:CDS	hypothetical protein	OR670976.1:78506-78865	OR670976_00086

DiscRep_SUB:FEATURE_LOCATION_CONFLICT::Coding region xref gene does not exist
./prokka_outputs_1/OR670976/OR670976:CDS	hypothetical protein	OR670976.1:c80328-78973	OR670976_00087

DiscRep_SUB:FEATURE_LOCATION_CONFLICT::Coding region xref gene does not exist
./prokka_outputs_1/OR670976/OR670976:CDS	hypothetical protein	OR670976.1:80355-80933	OR670976_00088

DiscRep_SUB:FEATURE_LOCATION_CONFLICT::Coding region xref gene does not exist
./prokka_outputs_1/OR670976/OR670976:CDS	hypothetical protein	OR670976.1:80987-81394	OR670976_00089

DiscRep_SUB:FEATURE_LOCATION_CONFLICT::Coding region xref gene does not exist
./prokka_outputs_1/OR670976/OR670976:CDS	hypothetical protein	OR670976.1:81387-82157	OR670976_00090

DiscRep_SUB:FEATURE_LOCATION_CONFLICT::Coding region xref gene does not exist
./prokka_outputs_1/OR670976/OR670976:CDS	hypothetical protein	OR670976.1:c82567-82154	OR670976_00091

DiscRep_SUB:FEATURE_LOCATION_CONFLICT::Coding region xref gene does not exist
./prokka_outputs_1/OR670976/OR670976:CDS	hypothetical protein	OR670976.1:82611-84167	OR670976_00092

DiscRep_SUB:FEATURE_LOCATION_CONFLICT::Coding region xref gene does not exist
./prokka_outputs_1/OR670976/OR670976:CDS	hypothetical protein	OR670976.1:c85110-84148	OR670976_00093

DiscRep_SUB:FEATURE_LOCATION_CONFLICT::Coding region xref gene does not exist
./prokka_outputs_1/OR670976/OR670976:CDS	hypothetical protein	OR670976.1:85140-85310	OR670976_00094

DiscRep_SUB:FEATURE_LOCATION_CONFLICT::Coding region xref gene does not exist
./prokka_outputs_1/OR670976/OR670976:CDS	hypothetical protein	OR670976.1:c86095-85307	OR670976_00095

DiscRep_SUB:FEATURE_LOCATION_CONFLICT::Coding region xref gene does not exist
./prokka_outputs_1/OR670976/OR670976:CDS	hypothetical protein	OR670976.1:c87958-86768	OR670976_00096

DiscRep_SUB:FEATURE_LOCATION_CONFLICT::Coding region xref gene does not exist
./prokka_outputs_1/OR670976/OR670976:CDS	hypothetical protein	OR670976.1:c88718-87966	OR670976_00097

DiscRep_SUB:FEATURE_LOCATION_CONFLICT::Coding region xref gene does not exist
./prokka_outputs_1/OR670976/OR670976:CDS	hypothetical protein	OR670976.1:c89200-88709	OR670976_00098

DiscRep_SUB:FEATURE_LOCATION_CONFLICT::Coding region xref gene does not exist
./prokka_outputs_1/OR670976/OR670976:CDS	hypothetical protein	OR670976.1:c89572-89249	OR670976_00099

DiscRep_SUB:FEATURE_LOCATION_CONFLICT::Coding region xref gene does not exist
./prokka_outputs_1/OR670976/OR670976:CDS	hypothetical protein	OR670976.1:c90164-89619	OR670976_00100

DiscRep_SUB:FEATURE_LOCATION_CONFLICT::Coding region xref gene does not exist
./prokka_outputs_1/OR670976/OR670976:CDS	hypothetical protein	OR670976.1:c90726-90211	OR670976_00101

DiscRep_SUB:FEATURE_LOCATION_CONFLICT::Coding region xref gene does not exist
./prokka_outputs_1/OR670976/OR670976:CDS	hypothetical protein	OR670976.1:90786-92225	OR670976_00102

DiscRep_SUB:FEATURE_LOCATION_CONFLICT::Coding region xref gene does not exist
./prokka_outputs_1/OR670976/OR670976:CDS	hypothetical protein	OR670976.1:92232-92630	OR670976_00103

DiscRep_SUB:FEATURE_LOCATION_CONFLICT::Coding region xref gene does not exist
./prokka_outputs_1/OR670976/OR670976:CDS	hypothetical protein	OR670976.1:92684-93460	OR670976_00104

DiscRep_SUB:FEATURE_LOCATION_CONFLICT::Coding region xref gene does not exist
./prokka_outputs_1/OR670976/OR670976:CDS	hypothetical protein	OR670976.1:93462-93827	OR670976_00105

DiscRep_SUB:FEATURE_LOCATION_CONFLICT::Coding region xref gene does not exist
./prokka_outputs_1/OR670976/OR670976:CDS	hypothetical protein	OR670976.1:93809-93904	OR670976_00106

DiscRep_SUB:FEATURE_LOCATION_CONFLICT::Coding region xref gene does not exist
./prokka_outputs_1/OR670976/OR670976:CDS	hypothetical protein	OR670976.1:c94898-93951	OR670976_00107

DiscRep_SUB:FEATURE_LOCATION_CONFLICT::Coding region xref gene does not exist
./prokka_outputs_1/OR670976/OR670976:CDS	hypothetical protein	OR670976.1:c95562-94963	OR670976_00108

DiscRep_SUB:FEATURE_LOCATION_CONFLICT::Coding region xref gene does not exist
./prokka_outputs_1/OR670976/OR670976:CDS	hypothetical protein	OR670976.1:c98419-95654	OR670976_00109

DiscRep_SUB:FEATURE_LOCATION_CONFLICT::Coding region xref gene does not exist
./prokka_outputs_1/OR670976/OR670976:CDS	hypothetical protein	OR670976.1:98466-98621	OR670976_00110

DiscRep_SUB:FEATURE_LOCATION_CONFLICT::Coding region xref gene does not exist
./prokka_outputs_1/OR670976/OR670976:CDS	hypothetical protein	OR670976.1:c99508-98618	OR670976_00111

DiscRep_SUB:FEATURE_LOCATION_CONFLICT::Coding region xref gene does not exist
./prokka_outputs_1/OR670976/OR670976:CDS	hypothetical protein	OR670976.1:99528-100271	OR670976_00112

DiscRep_SUB:FEATURE_LOCATION_CONFLICT::Coding region xref gene does not exist
./prokka_outputs_1/OR670976/OR670976:CDS	hypothetical protein	OR670976.1:c100764-100261	OR670976_00113

DiscRep_SUB:FEATURE_LOCATION_CONFLICT::Coding region xref gene does not exist
./prokka_outputs_1/OR670976/OR670976:CDS	hypothetical protein	OR670976.1:c103385-100803	OR670976_00114

DiscRep_SUB:FEATURE_LOCATION_CONFLICT::Coding region xref gene does not exist
./prokka_outputs_1/OR670976/OR670976:CDS	hypothetical protein	OR670976.1:103672-104682	OR670976_00115

DiscRep_SUB:FEATURE_LOCATION_CONFLICT::Coding region xref gene does not exist
./prokka_outputs_1/OR670976/OR670976:CDS	hypothetical protein	OR670976.1:104745-106136	OR670976_00116

DiscRep_SUB:FEATURE_LOCATION_CONFLICT::Coding region xref gene does not exist
./prokka_outputs_1/OR670976/OR670976:CDS	hypothetical protein	OR670976.1:c106846-106190	OR670976_00117

DiscRep_SUB:FEATURE_LOCATION_CONFLICT::Coding region xref gene does not exist
./prokka_outputs_1/OR670976/OR670976:CDS	hypothetical protein	OR670976.1:106961-107221	OR670976_00118

DiscRep_SUB:FEATURE_LOCATION_CONFLICT::Coding region xref gene does not exist
./prokka_outputs_1/OR670976/OR670976:CDS	hypothetical protein	OR670976.1:c108511-107192	OR670976_00119

DiscRep_SUB:FEATURE_LOCATION_CONFLICT::Coding region xref gene does not exist
./prokka_outputs_1/OR670976/OR670976:CDS	hypothetical protein	OR670976.1:108893-109402	OR670976_00120

DiscRep_SUB:FEATURE_LOCATION_CONFLICT::Coding region xref gene does not exist
./prokka_outputs_1/OR670976/OR670976:CDS	hypothetical protein	OR670976.1:c110053-109403	OR670976_00121

DiscRep_SUB:FEATURE_LOCATION_CONFLICT::Coding region xref gene does not exist
./prokka_outputs_1/OR670976/OR670976:CDS	hypothetical protein	OR670976.1:110063-110782	OR670976_00122

DiscRep_SUB:FEATURE_LOCATION_CONFLICT::Coding region xref gene does not exist
./prokka_outputs_1/OR670976/OR670976:CDS	hypothetical protein	OR670976.1:c111125-110754	OR670976_00123

DiscRep_SUB:FEATURE_LOCATION_CONFLICT::Coding region xref gene does not exist
./prokka_outputs_1/OR670976/OR670976:CDS	hypothetical protein	OR670976.1:c111820-111134	OR670976_00124

DiscRep_ALL:DISC_QUALITY_SCORES::Quality scores are missing on all sequences.

DiscRep_ALL:ONCALLER_COMMENT_PRESENT::1 comment descriptors were found (all same)
./prokka_outputs_1/OR670976/OR670976:OR670976.1:Annotated using prokka 1.14.5 from https://github.com/tseemann/prokka

DiscRep_ALL:SHORT_PROT_SEQUENCES::1 protein sequences are shorter than 50 aa.
./prokka_outputs_1/OR670976/OR670976:OR670976.1_106 (length 31)

DiscRep_ALL:MISSING_GENOMEASSEMBLY_COMMENTS::1 bioseqs are missing GenomeAssembly structured comments
./prokka_outputs_1/OR670976/OR670976:OR670976.1 (length 111831)

DiscRep_ALL:MOLTYPE_NOT_MRNA::1 molecule types are not set as mRNA.
./prokka_outputs_1/OR670976/OR670976:OR670976.1 (length 111831)

DiscRep_ALL:TECHNIQUE_NOT_TSA::1 technique are not set as TSA
./prokka_outputs_1/OR670976/OR670976:OR670976.1 (length 111831)

DiscRep_ALL:MISSING_STRUCTURED_COMMENT::1 sequences do not include structured comments.
./prokka_outputs_1/OR670976/OR670976:OR670976.1 (length 111831)

DiscRep_ALL:MISSING_PROJECT::125 sequences do not include project.
./prokka_outputs_1/OR670976/OR670976:OR670976.1 (length 111831)
./prokka_outputs_1/OR670976/OR670976:OR670976.1_1 (length 378)
./prokka_outputs_1/OR670976/OR670976:OR670976.1_2 (length 151)
./prokka_outputs_1/OR670976/OR670976:OR670976.1_3 (length 101)
./prokka_outputs_1/OR670976/OR670976:OR670976.1_4 (length 163)
./prokka_outputs_1/OR670976/OR670976:OR670976.1_5 (length 186)
./prokka_outputs_1/OR670976/OR670976:OR670976.1_6 (length 101)
./prokka_outputs_1/OR670976/OR670976:OR670976.1_7 (length 453)
./prokka_outputs_1/OR670976/OR670976:OR670976.1_8 (length 485)
./prokka_outputs_1/OR670976/OR670976:OR670976.1_9 (length 525)
./prokka_outputs_1/OR670976/OR670976:OR670976.1_10 (length 72)
./prokka_outputs_1/OR670976/OR670976:OR670976.1_11 (length 80)
./prokka_outputs_1/OR670976/OR670976:OR670976.1_12 (length 130)
./prokka_outputs_1/OR670976/OR670976:OR670976.1_13 (length 86)
./prokka_outputs_1/OR670976/OR670976:OR670976.1_14 (length 110)
./prokka_outputs_1/OR670976/OR670976:OR670976.1_15 (length 461)
./prokka_outputs_1/OR670976/OR670976:OR670976.1_16 (length 97)
./prokka_outputs_1/OR670976/OR670976:OR670976.1_17 (length 313)
./prokka_outputs_1/OR670976/OR670976:OR670976.1_18 (length 263)
./prokka_outputs_1/OR670976/OR670976:OR670976.1_19 (length 195)
./prokka_outputs_1/OR670976/OR670976:OR670976.1_20 (length 110)
./prokka_outputs_1/OR670976/OR670976:OR670976.1_21 (length 948)
./prokka_outputs_1/OR670976/OR670976:OR670976.1_22 (length 194)
./prokka_outputs_1/OR670976/OR670976:OR670976.1_23 (length 499)
./prokka_outputs_1/OR670976/OR670976:OR670976.1_24 (length 52)
./prokka_outputs_1/OR670976/OR670976:OR670976.1_25 (length 134)
./prokka_outputs_1/OR670976/OR670976:OR670976.1_26 (length 102)
./prokka_outputs_1/OR670976/OR670976:OR670976.1_27 (length 59)
./prokka_outputs_1/OR670976/OR670976:OR670976.1_28 (length 322)
./prokka_outputs_1/OR670976/OR670976:OR670976.1_29 (length 166)
./prokka_outputs_1/OR670976/OR670976:OR670976.1_30 (length 107)
./prokka_outputs_1/OR670976/OR670976:OR670976.1_31 (length 298)
./prokka_outputs_1/OR670976/OR670976:OR670976.1_32 (length 1168)
./prokka_outputs_1/OR670976/OR670976:OR670976.1_33 (length 67)
./prokka_outputs_1/OR670976/OR670976:OR670976.1_34 (length 200)
./prokka_outputs_1/OR670976/OR670976:OR670976.1_35 (length 188)
./prokka_outputs_1/OR670976/OR670976:OR670976.1_36 (length 300)
./prokka_outputs_1/OR670976/OR670976:OR670976.1_37 (length 1044)
./prokka_outputs_1/OR670976/OR670976:OR670976.1_38 (length 382)
./prokka_outputs_1/OR670976/OR670976:OR670976.1_39 (length 341)
./prokka_outputs_1/OR670976/OR670976:OR670976.1_40 (length 450)
./prokka_outputs_1/OR670976/OR670976:OR670976.1_41 (length 478)
./prokka_outputs_1/OR670976/OR670976:OR670976.1_42 (length 290)
./prokka_outputs_1/OR670976/OR670976:OR670976.1_43 (length 379)
./prokka_outputs_1/OR670976/OR670976:OR670976.1_44 (length 430)
./prokka_outputs_1/OR670976/OR670976:OR670976.1_45 (length 197)
./prokka_outputs_1/OR670976/OR670976:OR670976.1_46 (length 120)
./prokka_outputs_1/OR670976/OR670976:OR670976.1_47 (length 266)
./prokka_outputs_1/OR670976/OR670976:OR670976.1_48 (length 304)
./prokka_outputs_1/OR670976/OR670976:OR670976.1_49 (length 227)
./prokka_outputs_1/OR670976/OR670976:OR670976.1_50 (length 82)
./prokka_outputs_1/OR670976/OR670976:OR670976.1_51 (length 69)
./prokka_outputs_1/OR670976/OR670976:OR670976.1_52 (length 114)
./prokka_outputs_1/OR670976/OR670976:OR670976.1_53 (length 56)
./prokka_outputs_1/OR670976/OR670976:OR670976.1_54 (length 142)
./prokka_outputs_1/OR670976/OR670976:OR670976.1_55 (length 150)
./prokka_outputs_1/OR670976/OR670976:OR670976.1_56 (length 63)
./prokka_outputs_1/OR670976/OR670976:OR670976.1_57 (length 308)
./prokka_outputs_1/OR670976/OR670976:OR670976.1_58 (length 308)
./prokka_outputs_1/OR670976/OR670976:OR670976.1_59 (length 215)
./prokka_outputs_1/OR670976/OR670976:OR670976.1_60 (length 86)
./prokka_outputs_1/OR670976/OR670976:OR670976.1_61 (length 99)
./prokka_outputs_1/OR670976/OR670976:OR670976.1_62 (length 198)
./prokka_outputs_1/OR670976/OR670976:OR670976.1_63 (length 267)
./prokka_outputs_1/OR670976/OR670976:OR670976.1_64 (length 1208)
./prokka_outputs_1/OR670976/OR670976:OR670976.1_65 (length 122)
./prokka_outputs_1/OR670976/OR670976:OR670976.1_66 (length 882)
./prokka_outputs_1/OR670976/OR670976:OR670976.1_67 (length 491)
./prokka_outputs_1/OR670976/OR670976:OR670976.1_68 (length 95)
./prokka_outputs_1/OR670976/OR670976:OR670976.1_69 (length 305)
./prokka_outputs_1/OR670976/OR670976:OR670976.1_70 (length 55)
./prokka_outputs_1/OR670976/OR670976:OR670976.1_71 (length 194)
./prokka_outputs_1/OR670976/OR670976:OR670976.1_72 (length 477)
./prokka_outputs_1/OR670976/OR670976:OR670976.1_73 (length 221)
./prokka_outputs_1/OR670976/OR670976:OR670976.1_74 (length 141)
./prokka_outputs_1/OR670976/OR670976:OR670976.1_75 (length 536)
./prokka_outputs_1/OR670976/OR670976:OR670976.1_76 (length 200)
./prokka_outputs_1/OR670976/OR670976:OR670976.1_77 (length 139)
./prokka_outputs_1/OR670976/OR670976:OR670976.1_78 (length 336)
./prokka_outputs_1/OR670976/OR670976:OR670976.1_79 (length 88)
./prokka_outputs_1/OR670976/OR670976:OR670976.1_80 (length 990)
./prokka_outputs_1/OR670976/OR670976:OR670976.1_81 (length 444)
./prokka_outputs_1/OR670976/OR670976:OR670976.1_82 (length 154)
./prokka_outputs_1/OR670976/OR670976:OR670976.1_83 (length 73)
./prokka_outputs_1/OR670976/OR670976:OR670976.1_84 (length 165)
./prokka_outputs_1/OR670976/OR670976:OR670976.1_85 (length 368)
./prokka_outputs_1/OR670976/OR670976:OR670976.1_86 (length 119)
./prokka_outputs_1/OR670976/OR670976:OR670976.1_87 (length 451)
./prokka_outputs_1/OR670976/OR670976:OR670976.1_88 (length 192)
./prokka_outputs_1/OR670976/OR670976:OR670976.1_89 (length 135)
./prokka_outputs_1/OR670976/OR670976:OR670976.1_90 (length 256)
./prokka_outputs_1/OR670976/OR670976:OR670976.1_91 (length 137)
./prokka_outputs_1/OR670976/OR670976:OR670976.1_92 (length 518)
./prokka_outputs_1/OR670976/OR670976:OR670976.1_93 (length 320)
./prokka_outputs_1/OR670976/OR670976:OR670976.1_94 (length 56)
./prokka_outputs_1/OR670976/OR670976:OR670976.1_95 (length 262)
./prokka_outputs_1/OR670976/OR670976:OR670976.1_96 (length 396)
./prokka_outputs_1/OR670976/OR670976:OR670976.1_97 (length 250)
./prokka_outputs_1/OR670976/OR670976:OR670976.1_98 (length 163)
./prokka_outputs_1/OR670976/OR670976:OR670976.1_99 (length 107)
./prokka_outputs_1/OR670976/OR670976:OR670976.1_100 (length 181)
./prokka_outputs_1/OR670976/OR670976:OR670976.1_101 (length 171)
./prokka_outputs_1/OR670976/OR670976:OR670976.1_102 (length 479)
./prokka_outputs_1/OR670976/OR670976:OR670976.1_103 (length 132)
./prokka_outputs_1/OR670976/OR670976:OR670976.1_104 (length 258)
./prokka_outputs_1/OR670976/OR670976:OR670976.1_105 (length 121)
./prokka_outputs_1/OR670976/OR670976:OR670976.1_106 (length 31)
./prokka_outputs_1/OR670976/OR670976:OR670976.1_107 (length 315)
./prokka_outputs_1/OR670976/OR670976:OR670976.1_108 (length 199)
./prokka_outputs_1/OR670976/OR670976:OR670976.1_109 (length 921)
./prokka_outputs_1/OR670976/OR670976:OR670976.1_110 (length 51)
./prokka_outputs_1/OR670976/OR670976:OR670976.1_111 (length 296)
./prokka_outputs_1/OR670976/OR670976:OR670976.1_112 (length 247)
./prokka_outputs_1/OR670976/OR670976:OR670976.1_113 (length 167)
./prokka_outputs_1/OR670976/OR670976:OR670976.1_114 (length 860)
./prokka_outputs_1/OR670976/OR670976:OR670976.1_115 (length 336)
./prokka_outputs_1/OR670976/OR670976:OR670976.1_116 (length 463)
./prokka_outputs_1/OR670976/OR670976:OR670976.1_117 (length 218)
./prokka_outputs_1/OR670976/OR670976:OR670976.1_118 (length 86)
./prokka_outputs_1/OR670976/OR670976:OR670976.1_119 (length 439)
./prokka_outputs_1/OR670976/OR670976:OR670976.1_120 (length 169)
./prokka_outputs_1/OR670976/OR670976:OR670976.1_121 (length 216)
./prokka_outputs_1/OR670976/OR670976:OR670976.1_122 (length 239)
./prokka_outputs_1/OR670976/OR670976:OR670976.1_123 (length 123)
./prokka_outputs_1/OR670976/OR670976:OR670976.1_124 (length 228)

DiscRep_ALL:DISC_INCONSISTENT_MOLINFO_TECH::Molinfo Technique Report (some missing, all same)
DiscRep_SUB:DISC_INCONSISTENT_MOLINFO_TECH::technique (all missing)
DiscRep_SUB:DISC_INCONSISTENT_MOLINFO_TECH::1 Molinfos are missing field technique
./prokka_outputs_1/OR670976/OR670976:OR670976.1 (length 111831)

