[12:42:21] This is prokka 1.14.5
[12:42:21] Written by Torsten Seemann <torsten.seemann@gmail.com>
[12:42:21] Homepage is https://github.com/tseemann/prokka
[12:42:21] Local time is Fri Nov 29 12:42:21 2024
[12:42:21] You are han394
[12:42:21] Operating system is linux
[12:42:21] You have BioPerl 1.7.8
[12:42:21] System has 64 cores.
[12:42:21] Will use maximum of 8 cores.
[12:42:21] Annotating as >>> Viruses <<<
[12:42:21] Creating new output folder: ./prokka_outputs/AY532606
[12:42:21] Running: mkdir -p \.\/prokka_outputs\/AY532606
[12:42:21] Using filename prefix: AY532606.XXX
[12:42:21] Setting HMMER_NCPU=1
[12:42:21] Writing log to: ./prokka_outputs/AY532606/AY532606.log
[12:42:21] Command: /apps/prokka/1.14.5/bin/prokka ./genomes_1/AY532606.fasta --kingdom viruses --outdir ./prokka_outputs/AY532606 --prefix AY532606 --locustag AY532606
[12:42:21] Appending to PATH: /apps/prokka/1.14.5/bin/../binaries/linux
[12:42:21] Appending to PATH: /apps/prokka/1.14.5/bin/../binaries/linux/../common
[12:42:21] Appending to PATH: /apps/prokka/1.14.5/bin
[12:42:21] Looking for 'aragorn' - found /apps/prokka/1.14.5/binaries/linux/aragorn
[12:42:21] Determined aragorn version is 001002 from 'ARAGORN v1.2.38 Dean Laslett'
[12:42:21] Looking for 'blastp' - found /apps/prokka/1.14.5/binaries/linux/blastp
[12:42:21] Determined blastp version is 002009 from 'blastp: 2.9.0+'
[12:42:21] Looking for 'cmpress' - found /apps/prokka/1.14.5/binaries/linux/cmpress
[12:42:21] Determined cmpress version is 001001 from '# INFERNAL 1.1.2 (July 2016)'
[12:42:21] Looking for 'cmscan' - found /apps/prokka/1.14.5/binaries/linux/cmscan
[12:42:21] Determined cmscan version is 001001 from '# INFERNAL 1.1.2 (July 2016)'
[12:42:21] Looking for 'egrep' - found /usr/bin/egrep
[12:42:21] Looking for 'find' - found /usr/bin/find
[12:42:21] Looking for 'grep' - found /usr/bin/grep
[12:42:21] Looking for 'hmmpress' - found /apps/hmmer/3.4.0/bin/hmmpress
[12:42:21] Determined hmmpress version is 003004 from '# HMMER 3.4 (Aug 2023); http://hmmer.org/'
[12:42:21] Looking for 'hmmscan' - found /apps/hmmer/3.4.0/bin/hmmscan
[12:42:21] Determined hmmscan version is 003004 from '# HMMER 3.4 (Aug 2023); http://hmmer.org/'
[12:42:21] Looking for 'java' - found /apps/amazon-corretto/21.0.0.35.1/bin/java
[12:42:21] Looking for 'makeblastdb' - found /apps/prokka/1.14.5/binaries/linux/makeblastdb
[12:42:21] Determined makeblastdb version is 002009 from 'makeblastdb: 2.9.0+'
[12:42:21] Looking for 'minced' - found /apps/prokka/1.14.5/binaries/common/minced
[12:42:21] Determined minced version is 002000 from 'minced 0.2.0'
[12:42:21] Looking for 'parallel' - found /apps/parallel/20210322/bin/parallel
[12:42:21] Determined parallel version is 20210322 from 'GNU parallel 20210322'
[12:42:21] Looking for 'prodigal' - found /apps/prokka/1.14.5/binaries/linux/prodigal
[12:42:21] Determined prodigal version is 002006 from 'Prodigal V2.6.3: February, 2016'
[12:42:21] Looking for 'prokka-genbank_to_fasta_db' - found /apps/prokka/1.14.5/bin/prokka-genbank_to_fasta_db
[12:42:21] Looking for 'sed' - found /usr/bin/sed
[12:42:21] Looking for 'tbl2asn' - found /apps/prokka/1.14.5/binaries/linux/tbl2asn
[12:42:21] Determined tbl2asn version is 025008 from 'tbl2asn 25.8   arguments:'
[12:42:21] Using genetic code table 1.
[12:42:21] Loading and checking input file: ./genomes_1/AY532606.fasta
[12:42:21] Wrote 1 contigs totalling 112080 bp.
[12:42:21] Predicting tRNAs and tmRNAs
[12:42:21] Running: aragorn -l -gc1  -w \.\/prokka_outputs\/AY532606\/AY532606\.fna
[12:42:21] Found 0 tRNAs
[12:42:21] Disabling rRNA search: --kingdom=Viruses or --norrna=0
[12:42:21] Skipping ncRNA search, enable with --rfam if desired.
[12:42:21] Total of 0 tRNA + rRNA features
[12:42:21] Searching for CRISPR repeats
[12:42:21] CRISPR1 AY532606.1 22315 with 3 spacers
[12:42:21] Found 1 CRISPRs
[12:42:21] Predicting coding sequences
[12:42:21] Contigs total 112080 bp, so using single mode
[12:42:21] Running: prodigal -i \.\/prokka_outputs\/AY532606\/AY532606\.fna -c -m -g 1 -p single -f sco -q
[12:42:21] Found 127 CDS
[12:42:21] Connecting features back to sequences
[12:42:21] Not using genus-specific database. Try --usegenus to enable it.
[12:42:21] Annotating CDS, please be patient.
[12:42:21] Will use 8 CPUs for similarity searching.
[12:42:21] There are still 127 unannotated CDS left (started with 127)
[12:42:21] Will use blast to search against /apps/prokka/1.14.5/db/kingdom/Viruses/sprot with 8 CPUs
[12:42:21] Running: cat \.\/prokka_outputs\/AY532606\/AY532606\.sprot\.tmp\.61624\.faa | parallel --gnu --plain -j 8 --block 2176 --recstart '>' --pipe blastp -query - -db /apps/prokka/1.14.5/db/kingdom/Viruses/sprot -evalue 1e-09 -qcov_hsp_perc 80 -num_threads 1 -num_descriptions 1 -num_alignments 1 -seg no > \.\/prokka_outputs\/AY532606\/AY532606\.sprot\.tmp\.61624\.blast 2> /dev/null
[12:42:23] Deleting unwanted file: ./prokka_outputs/AY532606/AY532606.sprot.tmp.61624.faa
[12:42:23] Deleting unwanted file: ./prokka_outputs/AY532606/AY532606.sprot.tmp.61624.blast
[12:42:23] Labelling remaining 125 proteins as 'hypothetical protein'
[12:42:23] Found 1 unique /gene codes.
[12:42:23] Fixed 0 colliding /gene names.
[12:42:23] Adding /locus_tag identifiers
[12:42:23] Assigned 127 locus_tags to CDS and RNA features.
[12:42:23] Writing outputs to ./prokka_outputs/AY532606/
[12:42:23] Generating annotation statistics file
[12:42:23] Generating Genbank and Sequin files
[12:42:23] Running: tbl2asn -V b -a r10k -l paired-ends -M n -N 1 -y 'Annotated using prokka 1.14.5 from https://github.com/tseemann/prokka' -Z \.\/prokka_outputs\/AY532606\/AY532606\.err -i \.\/prokka_outputs\/AY532606\/AY532606\.fsa 2> /dev/null
[12:42:23] Deleting unwanted file: ./prokka_outputs/AY532606/errorsummary.val
[12:42:23] Deleting unwanted file: ./prokka_outputs/AY532606/AY532606.dr
[12:42:23] Deleting unwanted file: ./prokka_outputs/AY532606/AY532606.fixedproducts
[12:42:23] Deleting unwanted file: ./prokka_outputs/AY532606/AY532606.ecn
[12:42:23] Deleting unwanted file: ./prokka_outputs/AY532606/AY532606.val
[12:42:23] Repairing broken .GBK output that tbl2asn produces...
[12:42:23] Running: sed 's/COORDINATES: profile/COORDINATES:profile/' < \.\/prokka_outputs\/AY532606\/AY532606\.gbf > \.\/prokka_outputs\/AY532606\/AY532606\.gbk
[12:42:23] Deleting unwanted file: ./prokka_outputs/AY532606/AY532606.gbf
[12:42:23] Output files:
[12:42:23] ./prokka_outputs/AY532606/AY532606.txt
[12:42:23] ./prokka_outputs/AY532606/AY532606.gff
[12:42:23] ./prokka_outputs/AY532606/AY532606.gbk
[12:42:23] ./prokka_outputs/AY532606/AY532606.tsv
[12:42:23] ./prokka_outputs/AY532606/AY532606.sqn
[12:42:23] ./prokka_outputs/AY532606/AY532606.fsa
[12:42:23] ./prokka_outputs/AY532606/AY532606.err
[12:42:23] ./prokka_outputs/AY532606/AY532606.faa
[12:42:23] ./prokka_outputs/AY532606/AY532606.log
[12:42:23] ./prokka_outputs/AY532606/AY532606.fna
[12:42:23] ./prokka_outputs/AY532606/AY532606.tbl
[12:42:23] ./prokka_outputs/AY532606/AY532606.ffn
[12:42:23] Annotation finished successfully.
[12:42:23] Walltime used: 0.03 minutes
[12:42:23] If you use this result please cite the Prokka paper:
[12:42:23] Seemann T (2014) Prokka: rapid prokaryotic genome annotation. Bioinformatics. 30(14):2068-9.
[12:42:23] Type 'prokka --citation' for more details.
[12:42:23] Thank you, come again.
