IQ-TREE multicore version 2.2.0.5 COVID-edition for Linux 64-bit built Sep 26 2022
Developed by Bui Quang Minh, James Barbetti, Nguyen Lam Tung,
Olga Chernomor, Heiko Schmidt, Dominik Schrempf, Michael Woodhams, Ly Trong Nhan.

Host:    petrichor-dm (AVX2, FMA3, 503 GB RAM)
Command: iqtree2 -s alignments_species_muscle5_edited_trimmed/OG0000056.fa -B 1000 -mset Blosum62,cpREV,Dayhoff,DCMut,FLAVI,FLU,HIVb,HIVw,JTT,JTTDCMut,LG,mtART,mtMAM,mtREV,mtZOA,mtMet,mtVer,mtInv,PMB,Q.bird,Q.insect,Q.mammal,Q.pfam,Q.plant,Q.yeast,rtREV,VT,WAG,Q.iridoviridae,Q.mcv -T 4 -pre iqtree_species/OG0000056.fa
Seed:    193916 (Using SPRNG - Scalable Parallel Random Number Generator)
Time:    Thu Apr  3 12:58:40 2025
Kernel:  AVX+FMA - 4 threads (32 CPU cores detected)

Reading alignment file alignments_species_muscle5_edited_trimmed/OG0000056.fa ... Fasta format detected
Reading fasta file: done in 0.000651836 secs using 52.31% CPU
Alignment most likely contains protein sequences
Constructing alignment: done in 0.000231981 secs using 313% CPU
Alignment has 58 sequences with 256 columns, 37 distinct patterns
14 parsimony-informative, 3 singleton sites, 239 constant sites
                                           Gap/Ambiguity  Composition  p-value
Analyzing sequences: done in 7.86781e-06 secs using 76.26% CPU
   1  MW273354_Megalocytivirus_pagrus1_ISKNV       0.00%    passed    100.00%
   2  OL774653_Megalocytivirus_pagrus1_RSIV        0.00%    passed    100.00%
   3  MG570132_Megalocytivirus_pagrus1_TRBIV       0.00%    passed    100.00%
   4  ON740976_Megalocytivirus_pagrus1_RSIV        0.00%    passed    100.00%
   5  OL774655_Megalocytivirus_pagrus1_RSIV        0.00%    passed    100.00%
   6  MW883602_Megalocytivirus_pagrus1_ISKNV       0.00%    passed    100.00%
   7  MW883599_Megalocytivirus_pagrus1_ISKNV       0.00%    passed    100.00%
   8  OL774654_Megalocytivirus_pagrus1_RSIV        0.00%    passed    100.00%
   9  MT926123_Megalocytivirus_pagrus1_ISKNV       0.00%    passed    100.00%
  10  AF371960_Megalocytivirus_pagrus1_ISKNV       0.00%    passed    100.00%
  11  OQ475017_Megalocytivirus_pagrus1_RSIV        0.00%    passed    100.00%
  12  AY894343_Megalocytivirus_pagrus1_RSIV        0.00%    passed    100.00%
  13  KT804738_Megalocytivirus_pagrus1_RSIV        0.00%    passed    100.00%
  14  OQ513807_Megalocytivirus_pagrus1_ISKNV       0.00%    passed    100.00%
  15  MW883597_Megalocytivirus_pagrus1_ISKNV       0.00%    passed    100.00%
  16  MW883596_Megalocytivirus_pagrus1_ISKNV       0.00%    passed    100.00%
  17  MK098185_Megalocytivirus_pagrus1_RSIV        0.00%    passed    100.00%
  18  MN432490_Megalocytivirus_pagrus1_ISKNV       0.00%    passed    100.00%
  19  PP974677_Megalocytivirus_pagrus1_ISKNV       0.00%    passed    100.00%
  20  MK689686_Megalocytivirus_pagrus1_RSIV        0.00%    passed    100.00%
  21  ON212400_Megalocytivirus_pagrus1_ISKNV       0.00%    passed    100.00%
  22  KC244182_Megalocytivirus_pagrus1_RSIV        0.00%    passed    100.00%
  23  OK042108_Megalocytivirus_pagrus1_RSIV        0.00%    passed    100.00%
  24  MW883593_Megalocytivirus_pagrus1_ISKNV       0.00%    passed    100.00%
  25  MW883594_Megalocytivirus_pagrus1_ISKNV       0.00%    passed    100.00%
  26  MW883601_Megalocytivirus_pagrus1_ISKNV       0.00%    passed    100.00%
  27  MG570131_Megalocytivirus_pagrus1_TRBIV       0.00%    passed    100.00%
  28  OK042109_Megalocytivirus_pagrus1_RSIV        0.00%    passed    100.00%
  29  MW273353_Megalocytivirus_pagrus1_ISKNV       0.00%    passed    100.00%
  30  AP017456_Megalocytivirus_pagrus1_RSIV        0.00%    passed    100.00%
  31  OP896201_Megalocytivirus_pagrus1_ISKNV       0.00%    passed    100.00%
  32  MW883600_Megalocytivirus_pagrus1_ISKNV       0.00%    passed    100.00%
  33  NC_003494_Megalocytivirus_pagrus1_ISKNV      0.00%    passed    100.00%
  34  AB104413_Megalocytivirus_pagrus1_RSIV        0.00%    passed    100.00%
  35  MT128666_Megalocytivirus_pagrus1_ISKNV       0.00%    passed    100.00%
  36  GQ273492_Megalocytivirus_pagrus1_TRBIV       0.00%    passed    100.00%
  37  OR670976_Megalocytivirus_pagrus1_ISKNV       0.00%    passed    100.00%
  38  MW883595_Megalocytivirus_pagrus1_ISKNV       0.00%    passed    100.00%
  39  MT128667_Megalocytivirus_pagrus1_ISKNV       0.00%    passed    100.00%
  40  OR536350_Megalocytivirus_pagrus1_ISKNV       0.00%    passed    100.00%
  41  23043610003_Megalocytivirus_pagrus1_ISKNV    0.00%    passed    100.00%
  42  ON075463_Megalocytivirus_pagrus1_RSIV        0.00%    passed    100.00%
  43  MK098187_Megalocytivirus_pagrus1_RSIV        0.00%    passed    100.00%
  44  MT798582_Megalocytivirus_pagrus1_RSIV        0.00%    passed    100.00%
  45  OR356116_Megalocytivirus_pagrus1_ISKNV       0.00%    passed    100.00%
  46  MW139932_Megalocytivirus_pagrus1_RSIV        0.00%    passed    100.00%
  47  BD143114_Megalocytivirus_pagrus1_RSIV        0.00%    passed    100.00%
  48  MW883598_Megalocytivirus_pagrus1_RSIV        0.00%    passed    100.00%
  49  KT781098_Megalocytivirus_pagrus1_ISKNV       0.00%    passed    100.00%
  50  MW883603_Megalocytivirus_pagrus1_ISKNV       0.00%    passed    100.00%
  51  PP151097_Megalocytivirus_pagrus1_ISKNV       0.00%    passed    100.00%
  52  23043610005_Megalocytivirus_pagrus1_ISKNV    0.00%    passed    100.00%
  53  MW883606_Megalocytivirus_pagrus1_ISKNV       0.00%    passed    100.00%
  54  OP009387_Megalocytivirus_pagrus1_ISKNV       0.00%    passed    100.00%
  55  MK098186_Megalocytivirus_pagrus1_RSIV        0.00%    passed    100.00%
  56  MT986830_Megalocytivirus_pagrus1_ISKNV       0.00%    passed    100.00%
  57  ON743042_Megalocytivirus_pagrus1_RSIV        0.00%    passed    100.00%
  58  MK689685_Megalocytivirus_pagrus1_ISKNV       0.00%    passed    100.00%
****  TOTAL                                        0.00%  0 sequences failed composition chi2 test (p-value<5%; df=19)
NOTE: MW883602_Megalocytivirus_pagrus1_ISKNV is identical to MW273354_Megalocytivirus_pagrus1_ISKNV but kept for subsequent analysis
NOTE: OL774655_Megalocytivirus_pagrus1_RSIV is identical to OL774653_Megalocytivirus_pagrus1_RSIV but kept for subsequent analysis
NOTE: KT804738_Megalocytivirus_pagrus1_RSIV is identical to ON740976_Megalocytivirus_pagrus1_RSIV but kept for subsequent analysis
NOTE: PP974677_Megalocytivirus_pagrus1_ISKNV is identical to MN432490_Megalocytivirus_pagrus1_ISKNV but kept for subsequent analysis
NOTE: MK098186_Megalocytivirus_pagrus1_RSIV is identical to MK098187_Megalocytivirus_pagrus1_RSIV but kept for subsequent analysis
Checking for duplicate sequences: done in 0.000103951 secs using 295.3% CPU
Identifying sites to remove: done in 5.50747e-05 secs using 308.7% CPU
NOTE: 44 identical sequences (see below) will be ignored for subsequent analysis
NOTE: MW883599_Megalocytivirus_pagrus1_ISKNV (identical to MW273354_Megalocytivirus_pagrus1_ISKNV) is ignored but added at the end
NOTE: MT926123_Megalocytivirus_pagrus1_ISKNV (identical to MW273354_Megalocytivirus_pagrus1_ISKNV) is ignored but added at the end
NOTE: AF371960_Megalocytivirus_pagrus1_ISKNV (identical to MW273354_Megalocytivirus_pagrus1_ISKNV) is ignored but added at the end
NOTE: OQ513807_Megalocytivirus_pagrus1_ISKNV (identical to MW273354_Megalocytivirus_pagrus1_ISKNV) is ignored but added at the end
NOTE: MW883597_Megalocytivirus_pagrus1_ISKNV (identical to MW273354_Megalocytivirus_pagrus1_ISKNV) is ignored but added at the end
NOTE: MW883596_Megalocytivirus_pagrus1_ISKNV (identical to MW273354_Megalocytivirus_pagrus1_ISKNV) is ignored but added at the end
NOTE: ON212400_Megalocytivirus_pagrus1_ISKNV (identical to MW273354_Megalocytivirus_pagrus1_ISKNV) is ignored but added at the end
NOTE: MW883593_Megalocytivirus_pagrus1_ISKNV (identical to MW273354_Megalocytivirus_pagrus1_ISKNV) is ignored but added at the end
NOTE: MW883594_Megalocytivirus_pagrus1_ISKNV (identical to MW273354_Megalocytivirus_pagrus1_ISKNV) is ignored but added at the end
NOTE: MW883601_Megalocytivirus_pagrus1_ISKNV (identical to MW273354_Megalocytivirus_pagrus1_ISKNV) is ignored but added at the end
NOTE: MW273353_Megalocytivirus_pagrus1_ISKNV (identical to MW273354_Megalocytivirus_pagrus1_ISKNV) is ignored but added at the end
NOTE: OP896201_Megalocytivirus_pagrus1_ISKNV (identical to MW273354_Megalocytivirus_pagrus1_ISKNV) is ignored but added at the end
NOTE: MW883600_Megalocytivirus_pagrus1_ISKNV (identical to MW273354_Megalocytivirus_pagrus1_ISKNV) is ignored but added at the end
NOTE: NC_003494_Megalocytivirus_pagrus1_ISKNV (identical to MW273354_Megalocytivirus_pagrus1_ISKNV) is ignored but added at the end
NOTE: MT128666_Megalocytivirus_pagrus1_ISKNV (identical to MW273354_Megalocytivirus_pagrus1_ISKNV) is ignored but added at the end
NOTE: OR670976_Megalocytivirus_pagrus1_ISKNV (identical to MW273354_Megalocytivirus_pagrus1_ISKNV) is ignored but added at the end
NOTE: MT128667_Megalocytivirus_pagrus1_ISKNV (identical to MW273354_Megalocytivirus_pagrus1_ISKNV) is ignored but added at the end
NOTE: OR536350_Megalocytivirus_pagrus1_ISKNV (identical to MW273354_Megalocytivirus_pagrus1_ISKNV) is ignored but added at the end
NOTE: 23043610003_Megalocytivirus_pagrus1_ISKNV (identical to MW273354_Megalocytivirus_pagrus1_ISKNV) is ignored but added at the end
NOTE: OR356116_Megalocytivirus_pagrus1_ISKNV (identical to MW273354_Megalocytivirus_pagrus1_ISKNV) is ignored but added at the end
NOTE: KT781098_Megalocytivirus_pagrus1_ISKNV (identical to MW273354_Megalocytivirus_pagrus1_ISKNV) is ignored but added at the end
NOTE: MW883603_Megalocytivirus_pagrus1_ISKNV (identical to MW273354_Megalocytivirus_pagrus1_ISKNV) is ignored but added at the end
NOTE: 23043610005_Megalocytivirus_pagrus1_ISKNV (identical to MW273354_Megalocytivirus_pagrus1_ISKNV) is ignored but added at the end
NOTE: MW883606_Megalocytivirus_pagrus1_ISKNV (identical to MW273354_Megalocytivirus_pagrus1_ISKNV) is ignored but added at the end
NOTE: MK689685_Megalocytivirus_pagrus1_ISKNV (identical to MW273354_Megalocytivirus_pagrus1_ISKNV) is ignored but added at the end
NOTE: OL774654_Megalocytivirus_pagrus1_RSIV (identical to OL774653_Megalocytivirus_pagrus1_RSIV) is ignored but added at the end
NOTE: OQ475017_Megalocytivirus_pagrus1_RSIV (identical to OL774653_Megalocytivirus_pagrus1_RSIV) is ignored but added at the end
NOTE: MK098185_Megalocytivirus_pagrus1_RSIV (identical to OL774653_Megalocytivirus_pagrus1_RSIV) is ignored but added at the end
NOTE: AB104413_Megalocytivirus_pagrus1_RSIV (identical to OL774653_Megalocytivirus_pagrus1_RSIV) is ignored but added at the end
NOTE: MW139932_Megalocytivirus_pagrus1_RSIV (identical to OL774653_Megalocytivirus_pagrus1_RSIV) is ignored but added at the end
NOTE: BD143114_Megalocytivirus_pagrus1_RSIV (identical to OL774653_Megalocytivirus_pagrus1_RSIV) is ignored but added at the end
NOTE: MK689686_Megalocytivirus_pagrus1_RSIV (identical to ON740976_Megalocytivirus_pagrus1_RSIV) is ignored but added at the end
NOTE: KC244182_Megalocytivirus_pagrus1_RSIV (identical to ON740976_Megalocytivirus_pagrus1_RSIV) is ignored but added at the end
NOTE: OK042108_Megalocytivirus_pagrus1_RSIV (identical to ON740976_Megalocytivirus_pagrus1_RSIV) is ignored but added at the end
NOTE: OK042109_Megalocytivirus_pagrus1_RSIV (identical to ON740976_Megalocytivirus_pagrus1_RSIV) is ignored but added at the end
NOTE: AP017456_Megalocytivirus_pagrus1_RSIV (identical to ON740976_Megalocytivirus_pagrus1_RSIV) is ignored but added at the end
NOTE: ON075463_Megalocytivirus_pagrus1_RSIV (identical to ON740976_Megalocytivirus_pagrus1_RSIV) is ignored but added at the end
NOTE: MT798582_Megalocytivirus_pagrus1_RSIV (identical to ON740976_Megalocytivirus_pagrus1_RSIV) is ignored but added at the end
NOTE: MW883598_Megalocytivirus_pagrus1_RSIV (identical to ON740976_Megalocytivirus_pagrus1_RSIV) is ignored but added at the end
NOTE: ON743042_Megalocytivirus_pagrus1_RSIV (identical to ON740976_Megalocytivirus_pagrus1_RSIV) is ignored but added at the end
NOTE: MW883595_Megalocytivirus_pagrus1_ISKNV (identical to MN432490_Megalocytivirus_pagrus1_ISKNV) is ignored but added at the end
NOTE: PP151097_Megalocytivirus_pagrus1_ISKNV (identical to MN432490_Megalocytivirus_pagrus1_ISKNV) is ignored but added at the end
NOTE: OP009387_Megalocytivirus_pagrus1_ISKNV (identical to MN432490_Megalocytivirus_pagrus1_ISKNV) is ignored but added at the end
NOTE: MT986830_Megalocytivirus_pagrus1_ISKNV (identical to MN432490_Megalocytivirus_pagrus1_ISKNV) is ignored but added at the end
Alignment was printed to iqtree_species/OG0000056.fa.uniqueseq.phy

For your convenience alignment with unique sequences printed to iqtree_species/OG0000056.fa.uniqueseq.phy


Create initial parsimony tree by phylogenetic likelihood library (PLL)... 0.000 seconds
WARNING: Number of threads seems too high for short alignments. Use -T AUTO to determine best number of threads.
Perform fast likelihood tree search using LG+I+G model...
Estimate model parameters (epsilon = 5.000)
Perform nearest neighbor interchange...
Optimizing NNI: done in 0.0126512 secs using 230.5% CPU
Estimate model parameters (epsilon = 1.000)
1. Initial log-likelihood: -895.904
Optimal log-likelihood: -895.904
Proportion of invariable sites: 0.467
Gamma shape alpha: 998.404
Parameters optimization took 1 rounds (0.012 sec)
Time for fast ML tree search: 0.040 seconds

NOTE: ModelFinder requires 1 MB RAM!
ModelFinder will test up to 1320 protein models (sample size: 256) ...
 No. Model         -LnL         df  AIC          AICc         BIC
WARNING: Number of threads seems too high for short alignments. Use -T AUTO to determine best number of threads.
  1  Blosum62      901.183      25  1852.365     1858.018     1940.995
WARNING: Number of threads seems too high for short alignments. Use -T AUTO to determine best number of threads.
  2  Blosum62+I    901.010      26  1854.020     1860.151     1946.195
WARNING: Number of threads seems too high for short alignments. Use -T AUTO to determine best number of threads.
  3  Blosum62+G4   901.021      26  1854.042     1860.173     1946.216
WARNING: Number of threads seems too high for short alignments. Use -T AUTO to determine best number of threads.
  4  Blosum62+I+G4 901.010      27  1856.020     1862.652     1951.740
WARNING: Number of threads seems too high for short alignments. Use -T AUTO to determine best number of threads.
  5  Blosum62+R2   901.043      27  1856.087     1862.718     1951.807
WARNING: Number of threads seems too high for short alignments. Use -T AUTO to determine best number of threads.
  6  Blosum62+R3   901.026      29  1860.053     1867.752     1962.863
WARNING: Number of threads seems too high for short alignments. Use -T AUTO to determine best number of threads.
 14  Blosum62+I+R2 901.098      28  1858.196     1865.350     1957.461
WARNING: Number of threads seems too high for short alignments. Use -T AUTO to determine best number of threads.
 15  Blosum62+I+R3 901.126      30  1862.252     1870.519     1968.608
WARNING: Number of threads seems too high for short alignments. Use -T AUTO to determine best number of threads.
 23  Blosum62+F    887.291      44  1862.581     1881.349     2018.569
WARNING: Number of threads seems too high for short alignments. Use -T AUTO to determine best number of threads.
 24  Blosum62+F+I  887.121      45  1864.242     1883.957     2023.775
WARNING: Number of threads seems too high for short alignments. Use -T AUTO to determine best number of threads.
 25  Blosum62+F+G4 887.132      45  1864.264     1883.979     2023.797
WARNING: Number of threads seems too high for short alignments. Use -T AUTO to determine best number of threads.
 45  cpREV         902.977      25  1855.953     1861.605     1944.583
WARNING: Number of threads seems too high for short alignments. Use -T AUTO to determine best number of threads.
 46  cpREV+I       902.702      26  1857.404     1863.535     1949.579
WARNING: Number of threads seems too high for short alignments. Use -T AUTO to determine best number of threads.
 47  cpREV+G4      902.716      26  1857.432     1863.563     1949.607
WARNING: Number of threads seems too high for short alignments. Use -T AUTO to determine best number of threads.
 67  cpREV+F       882.688      44  1853.375     1872.143     2009.363
WARNING: Number of threads seems too high for short alignments. Use -T AUTO to determine best number of threads.
 68  cpREV+F+I     882.433      45  1854.866     1874.580     2014.399
WARNING: Number of threads seems too high for short alignments. Use -T AUTO to determine best number of threads.
 69  cpREV+F+G4    882.448      45  1854.896     1874.610     2014.429
WARNING: Number of threads seems too high for short alignments. Use -T AUTO to determine best number of threads.
 89  Dayhoff       904.410      25  1858.820     1864.472     1947.449
WARNING: Number of threads seems too high for short alignments. Use -T AUTO to determine best number of threads.
 90  Dayhoff+I     904.202      26  1860.405     1866.536     1952.579
WARNING: Number of threads seems too high for short alignments. Use -T AUTO to determine best number of threads.
 91  Dayhoff+G4    904.218      26  1860.436     1866.567     1952.610
WARNING: Number of threads seems too high for short alignments. Use -T AUTO to determine best number of threads.
111  Dayhoff+F     881.652      44  1851.304     1870.071     2007.291
WARNING: Number of threads seems too high for short alignments. Use -T AUTO to determine best number of threads.
112  Dayhoff+F+I   881.452      45  1852.905     1872.619     2012.438
WARNING: Number of threads seems too high for short alignments. Use -T AUTO to determine best number of threads.
113  Dayhoff+F+G4  881.468      45  1852.936     1872.650     2012.469
WARNING: Number of threads seems too high for short alignments. Use -T AUTO to determine best number of threads.
133  DCMut         904.423      25  1858.845     1864.497     1947.475
WARNING: Number of threads seems too high for short alignments. Use -T AUTO to determine best number of threads.
134  DCMut+I       904.216      26  1860.432     1866.563     1952.607
WARNING: Number of threads seems too high for short alignments. Use -T AUTO to determine best number of threads.
135  DCMut+G4      904.232      26  1860.463     1866.594     1952.638
WARNING: Number of threads seems too high for short alignments. Use -T AUTO to determine best number of threads.
155  DCMut+F       881.662      44  1851.324     1870.091     2007.311
WARNING: Number of threads seems too high for short alignments. Use -T AUTO to determine best number of threads.
156  DCMut+F+I     881.463      45  1852.927     1872.641     2012.460
WARNING: Number of threads seems too high for short alignments. Use -T AUTO to determine best number of threads.
157  DCMut+F+G4    881.479      45  1852.957     1872.672     2012.490
WARNING: Normalizing state frequencies so that sum of them equals to 1
WARNING: Number of threads seems too high for short alignments. Use -T AUTO to determine best number of threads.
177  FLAVI         892.159      25  1834.318     1839.970     1922.947
WARNING: Normalizing state frequencies so that sum of them equals to 1
WARNING: Number of threads seems too high for short alignments. Use -T AUTO to determine best number of threads.
178  FLAVI+I       891.974      26  1835.948     1842.079     1928.123
WARNING: Normalizing state frequencies so that sum of them equals to 1
WARNING: Number of threads seems too high for short alignments. Use -T AUTO to determine best number of threads.
179  FLAVI+G4      891.988      26  1835.977     1842.108     1928.151
WARNING: Normalizing state frequencies so that sum of them equals to 1
WARNING: Number of threads seems too high for short alignments. Use -T AUTO to determine best number of threads.
199  FLAVI+F       873.221      44  1834.442     1853.210     1990.430
WARNING: Normalizing state frequencies so that sum of them equals to 1
WARNING: Number of threads seems too high for short alignments. Use -T AUTO to determine best number of threads.
200  FLAVI+F+I     873.045      45  1836.090     1855.805     1995.623
WARNING: Normalizing state frequencies so that sum of them equals to 1
WARNING: Number of threads seems too high for short alignments. Use -T AUTO to determine best number of threads.
201  FLAVI+F+G4    873.060      45  1836.119     1855.833     1995.652
WARNING: Number of threads seems too high for short alignments. Use -T AUTO to determine best number of threads.
221  FLU           903.084      25  1856.168     1861.820     1944.797
WARNING: Number of threads seems too high for short alignments. Use -T AUTO to determine best number of threads.
222  FLU+I         902.937      26  1857.875     1864.006     1950.049
WARNING: Number of threads seems too high for short alignments. Use -T AUTO to determine best number of threads.
223  FLU+G4        902.945      26  1857.891     1864.022     1950.065
WARNING: Number of threads seems too high for short alignments. Use -T AUTO to determine best number of threads.
243  FLU+F         874.709      44  1837.419     1856.187     1993.407
WARNING: Number of threads seems too high for short alignments. Use -T AUTO to determine best number of threads.
244  FLU+F+I       874.570      45  1839.140     1858.855     1998.673
WARNING: Number of threads seems too high for short alignments. Use -T AUTO to determine best number of threads.
245  FLU+F+G4      874.581      45  1839.163     1858.877     1998.696
WARNING: Number of threads seems too high for short alignments. Use -T AUTO to determine best number of threads.
265  HIVb          899.382      25  1848.763     1854.415     1937.392
WARNING: Number of threads seems too high for short alignments. Use -T AUTO to determine best number of threads.
266  HIVb+I        899.312      26  1850.625     1856.756     1942.799
WARNING: Number of threads seems too high for short alignments. Use -T AUTO to determine best number of threads.
267  HIVb+G4       899.327      26  1850.653     1856.784     1942.828
WARNING: Number of threads seems too high for short alignments. Use -T AUTO to determine best number of threads.
287  HIVb+F        870.626      44  1829.252     1848.020     1985.240
WARNING: Number of threads seems too high for short alignments. Use -T AUTO to determine best number of threads.
288  HIVb+F+I      870.574      45  1831.149     1850.863     1990.682
WARNING: Number of threads seems too high for short alignments. Use -T AUTO to determine best number of threads.
289  HIVb+F+G4     870.589      45  1831.179     1850.893     1990.712
WARNING: Number of threads seems too high for short alignments. Use -T AUTO to determine best number of threads.
309  HIVw          919.109      25  1888.219     1893.871     1976.848
WARNING: Number of threads seems too high for short alignments. Use -T AUTO to determine best number of threads.
310  HIVw+I        918.961      26  1889.922     1896.053     1982.096
WARNING: Number of threads seems too high for short alignments. Use -T AUTO to determine best number of threads.
311  HIVw+G4       918.966      26  1889.932     1896.063     1982.106
WARNING: Number of threads seems too high for short alignments. Use -T AUTO to determine best number of threads.
331  HIVw+F        874.231      44  1836.463     1855.231     1992.451
WARNING: Number of threads seems too high for short alignments. Use -T AUTO to determine best number of threads.
332  HIVw+F+I      874.118      45  1838.237     1857.951     1997.770
WARNING: Number of threads seems too high for short alignments. Use -T AUTO to determine best number of threads.
333  HIVw+F+G4     874.129      45  1838.258     1857.972     1997.791
WARNING: Number of threads seems too high for short alignments. Use -T AUTO to determine best number of threads.
353  JTT           891.981      25  1833.962     1839.615     1922.592
WARNING: Number of threads seems too high for short alignments. Use -T AUTO to determine best number of threads.
354  JTT+I         891.866      26  1835.732     1841.863     1927.907
WARNING: Number of threads seems too high for short alignments. Use -T AUTO to determine best number of threads.
355  JTT+G4        891.880      26  1835.760     1841.891     1927.935
WARNING: Number of threads seems too high for short alignments. Use -T AUTO to determine best number of threads.
375  JTT+F         876.445      44  1840.890     1859.658     1996.878
WARNING: Number of threads seems too high for short alignments. Use -T AUTO to determine best number of threads.
376  JTT+F+I       876.334      45  1842.668     1862.382     2002.201
WARNING: Number of threads seems too high for short alignments. Use -T AUTO to determine best number of threads.
377  JTT+F+G4      876.349      45  1842.697     1862.411     2002.230
WARNING: Number of threads seems too high for short alignments. Use -T AUTO to determine best number of threads.
397  JTTDCMut      892.225      25  1834.451     1840.103     1923.080
WARNING: Number of threads seems too high for short alignments. Use -T AUTO to determine best number of threads.
398  JTTDCMut+I    892.111      26  1836.221     1842.352     1928.396
WARNING: Number of threads seems too high for short alignments. Use -T AUTO to determine best number of threads.
399  JTTDCMut+G4   892.124      26  1836.249     1842.380     1928.423
WARNING: Number of threads seems too high for short alignments. Use -T AUTO to determine best number of threads.
419  JTTDCMut+F    876.548      44  1841.097     1859.865     1997.085
WARNING: Number of threads seems too high for short alignments. Use -T AUTO to determine best number of threads.
420  JTTDCMut+F+I  876.436      45  1842.872     1862.586     2002.405
WARNING: Number of threads seems too high for short alignments. Use -T AUTO to determine best number of threads.
421  JTTDCMut+F+G4 876.451      45  1842.902     1862.616     2002.435
WARNING: Number of threads seems too high for short alignments. Use -T AUTO to determine best number of threads.
441  LG            896.070      25  1842.140     1847.792     1930.770
WARNING: Number of threads seems too high for short alignments. Use -T AUTO to determine best number of threads.
442  LG+I          895.904      26  1843.808     1849.939     1935.982
WARNING: Number of threads seems too high for short alignments. Use -T AUTO to determine best number of threads.
443  LG+G4         895.915      26  1843.829     1849.960     1936.004
WARNING: Number of threads seems too high for short alignments. Use -T AUTO to determine best number of threads.
463  LG+F          881.727      44  1851.454     1870.222     2007.442
WARNING: Number of threads seems too high for short alignments. Use -T AUTO to determine best number of threads.
464  LG+F+I        881.568      45  1853.135     1872.850     2012.668
WARNING: Number of threads seems too high for short alignments. Use -T AUTO to determine best number of threads.
465  LG+F+G4       881.580      45  1853.159     1872.873     2012.692
WARNING: Number of threads seems too high for short alignments. Use -T AUTO to determine best number of threads.
485  mtART         934.380      25  1918.760     1924.413     2007.390
WARNING: Number of threads seems too high for short alignments. Use -T AUTO to determine best number of threads.
486  mtART+I       933.656      26  1919.312     1925.443     2011.487
WARNING: Number of threads seems too high for short alignments. Use -T AUTO to determine best number of threads.
487  mtART+G4      933.655      26  1919.311     1925.442     2011.486
WARNING: Number of threads seems too high for short alignments. Use -T AUTO to determine best number of threads.
507  mtART+F       889.214      44  1866.428     1885.196     2022.416
WARNING: Number of threads seems too high for short alignments. Use -T AUTO to determine best number of threads.
508  mtART+F+I     888.394      45  1866.788     1886.502     2026.321
WARNING: Number of threads seems too high for short alignments. Use -T AUTO to determine best number of threads.
509  mtART+F+G4    888.394      45  1866.788     1886.503     2026.321
WARNING: Number of threads seems too high for short alignments. Use -T AUTO to determine best number of threads.
529  mtMAM         927.932      25  1905.864     1911.516     1994.494
WARNING: Number of threads seems too high for short alignments. Use -T AUTO to determine best number of threads.
530  mtMAM+I       926.201      26  1904.403     1910.534     1996.577
WARNING: Number of threads seems too high for short alignments. Use -T AUTO to determine best number of threads.
531  mtMAM+G4      926.202      26  1904.405     1910.536     1996.579
WARNING: Number of threads seems too high for short alignments. Use -T AUTO to determine best number of threads.
551  mtMAM+F       884.007      44  1856.014     1874.782     2012.002
WARNING: Number of threads seems too high for short alignments. Use -T AUTO to determine best number of threads.
552  mtMAM+F+I     882.610      45  1855.220     1874.934     2014.753
WARNING: Number of threads seems too high for short alignments. Use -T AUTO to determine best number of threads.
553  mtMAM+F+G4    882.613      45  1855.227     1874.941     2014.760
WARNING: Number of threads seems too high for short alignments. Use -T AUTO to determine best number of threads.
573  mtREV         923.878      25  1897.755     1903.408     1986.385
WARNING: Number of threads seems too high for short alignments. Use -T AUTO to determine best number of threads.
574  mtREV+I       923.679      26  1899.357     1905.488     1991.532
WARNING: Number of threads seems too high for short alignments. Use -T AUTO to determine best number of threads.
575  mtREV+G4      923.699      26  1899.397     1905.528     1991.572
WARNING: Number of threads seems too high for short alignments. Use -T AUTO to determine best number of threads.
595  mtREV+F       881.400      44  1850.800     1869.568     2006.788
WARNING: Number of threads seems too high for short alignments. Use -T AUTO to determine best number of threads.
596  mtREV+F+I     881.205      45  1852.409     1872.123     2011.942
WARNING: Number of threads seems too high for short alignments. Use -T AUTO to determine best number of threads.
597  mtREV+F+G4    881.226      45  1852.452     1872.166     2011.985
WARNING: Number of threads seems too high for short alignments. Use -T AUTO to determine best number of threads.
617  mtZOA         924.409      25  1898.819     1904.471     1987.448
WARNING: Number of threads seems too high for short alignments. Use -T AUTO to determine best number of threads.
618  mtZOA+I       924.032      26  1900.063     1906.194     1992.238
WARNING: Number of threads seems too high for short alignments. Use -T AUTO to determine best number of threads.
619  mtZOA+G4      924.046      26  1900.092     1906.223     1992.267
WARNING: Number of threads seems too high for short alignments. Use -T AUTO to determine best number of threads.
639  mtZOA+F       883.929      44  1855.859     1874.627     2011.847
WARNING: Number of threads seems too high for short alignments. Use -T AUTO to determine best number of threads.
640  mtZOA+F+I     883.612      45  1857.224     1876.938     2016.757
WARNING: Number of threads seems too high for short alignments. Use -T AUTO to determine best number of threads.
641  mtZOA+F+G4    883.629      45  1857.258     1876.972     2016.791
WARNING: Number of threads seems too high for short alignments. Use -T AUTO to determine best number of threads.
661  mtMet         922.337      25  1894.675     1900.327     1983.304
WARNING: Number of threads seems too high for short alignments. Use -T AUTO to determine best number of threads.
662  mtMet+I       922.129      26  1896.258     1902.389     1988.433
WARNING: Number of threads seems too high for short alignments. Use -T AUTO to determine best number of threads.
663  mtMet+G4      922.150      26  1896.299     1902.430     1988.474
WARNING: Number of threads seems too high for short alignments. Use -T AUTO to determine best number of threads.
683  mtMet+F       877.365      44  1842.729     1861.497     1998.717
WARNING: Number of threads seems too high for short alignments. Use -T AUTO to determine best number of threads.
684  mtMet+F+I     877.209      45  1844.417     1864.132     2003.950
WARNING: Number of threads seems too high for short alignments. Use -T AUTO to determine best number of threads.
685  mtMet+F+G4    877.231      45  1844.462     1864.176     2003.995
WARNING: Number of threads seems too high for short alignments. Use -T AUTO to determine best number of threads.
705  mtVer         926.260      25  1902.520     1908.172     1991.149
WARNING: Number of threads seems too high for short alignments. Use -T AUTO to determine best number of threads.
706  mtVer+I       925.899      26  1903.797     1909.928     1995.972
WARNING: Number of threads seems too high for short alignments. Use -T AUTO to determine best number of threads.
707  mtVer+G4      925.920      26  1903.839     1909.970     1996.014
WARNING: Number of threads seems too high for short alignments. Use -T AUTO to determine best number of threads.
727  mtVer+F       879.413      44  1846.826     1865.594     2002.814
WARNING: Number of threads seems too high for short alignments. Use -T AUTO to determine best number of threads.
728  mtVer+F+I     879.154      45  1848.308     1868.022     2007.841
WARNING: Number of threads seems too high for short alignments. Use -T AUTO to determine best number of threads.
729  mtVer+F+G4    879.175      45  1848.351     1868.065     2007.884
WARNING: Number of threads seems too high for short alignments. Use -T AUTO to determine best number of threads.
749  mtInv         937.874      25  1925.749     1931.401     2014.378
WARNING: Number of threads seems too high for short alignments. Use -T AUTO to determine best number of threads.
750  mtInv+I       937.700      26  1927.401     1933.532     2019.576
WARNING: Number of threads seems too high for short alignments. Use -T AUTO to determine best number of threads.
751  mtInv+G4      937.719      26  1927.437     1933.568     2019.612
WARNING: Number of threads seems too high for short alignments. Use -T AUTO to determine best number of threads.
771  mtInv+F       879.305      44  1846.609     1865.377     2002.597
WARNING: Number of threads seems too high for short alignments. Use -T AUTO to determine best number of threads.
772  mtInv+F+I     879.107      45  1848.215     1867.929     2007.748
WARNING: Number of threads seems too high for short alignments. Use -T AUTO to determine best number of threads.
773  mtInv+F+G4    879.127      45  1848.254     1867.968     2007.787
WARNING: Number of threads seems too high for short alignments. Use -T AUTO to determine best number of threads.
793  PMB           901.668      25  1853.336     1858.988     1941.965
WARNING: Number of threads seems too high for short alignments. Use -T AUTO to determine best number of threads.
794  PMB+I         901.510      26  1855.020     1861.151     1947.194
WARNING: Number of threads seems too high for short alignments. Use -T AUTO to determine best number of threads.
795  PMB+G4        901.520      26  1855.041     1861.172     1947.215
WARNING: Number of threads seems too high for short alignments. Use -T AUTO to determine best number of threads.
815  PMB+F         886.252      44  1860.504     1879.271     2016.491
WARNING: Number of threads seems too high for short alignments. Use -T AUTO to determine best number of threads.
816  PMB+F+I       886.096      45  1862.192     1881.906     2021.725
WARNING: Number of threads seems too high for short alignments. Use -T AUTO to determine best number of threads.
817  PMB+F+G4      886.107      45  1862.213     1881.927     2021.746
WARNING: Normalizing state frequencies so that sum of them equals to 1
WARNING: Number of threads seems too high for short alignments. Use -T AUTO to determine best number of threads.
837  Q.bird        891.590      25  1833.181     1838.833     1921.810
WARNING: Normalizing state frequencies so that sum of them equals to 1
WARNING: Number of threads seems too high for short alignments. Use -T AUTO to determine best number of threads.
838  Q.bird+I      891.518      26  1835.036     1841.167     1927.211
WARNING: Normalizing state frequencies so that sum of them equals to 1
WARNING: Number of threads seems too high for short alignments. Use -T AUTO to determine best number of threads.
839  Q.bird+G4     891.531      26  1835.062     1841.193     1927.236
WARNING: Normalizing state frequencies so that sum of them equals to 1
WARNING: Number of threads seems too high for short alignments. Use -T AUTO to determine best number of threads.
859  Q.bird+F      871.087      44  1830.174     1848.942     1986.162
WARNING: Normalizing state frequencies so that sum of them equals to 1
WARNING: Number of threads seems too high for short alignments. Use -T AUTO to determine best number of threads.
860  Q.bird+F+I    871.011      45  1832.023     1851.737     1991.556
WARNING: Normalizing state frequencies so that sum of them equals to 1
WARNING: Number of threads seems too high for short alignments. Use -T AUTO to determine best number of threads.
861  Q.bird+F+G4   871.027      45  1832.055     1851.769     1991.588
WARNING: Number of threads seems too high for short alignments. Use -T AUTO to determine best number of threads.
881  Q.insect      894.450      25  1838.900     1844.552     1927.529
WARNING: Number of threads seems too high for short alignments. Use -T AUTO to determine best number of threads.
882  Q.insect+I    894.324      26  1840.649     1846.780     1932.823
WARNING: Number of threads seems too high for short alignments. Use -T AUTO to determine best number of threads.
883  Q.insect+G4   894.337      26  1840.674     1846.805     1932.848
WARNING: Number of threads seems too high for short alignments. Use -T AUTO to determine best number of threads.
903  Q.insect+F    879.599      44  1847.198     1865.965     2003.185
WARNING: Number of threads seems too high for short alignments. Use -T AUTO to determine best number of threads.
904  Q.insect+F+I  879.449      45  1848.898     1868.612     2008.431
WARNING: Number of threads seems too high for short alignments. Use -T AUTO to determine best number of threads.
905  Q.insect+F+G4 879.462      45  1848.925     1868.639     2008.458
WARNING: Normalizing state frequencies so that sum of them equals to 1
WARNING: Number of threads seems too high for short alignments. Use -T AUTO to determine best number of threads.
925  Q.mammal      895.023      25  1840.046     1845.698     1928.675
WARNING: Normalizing state frequencies so that sum of them equals to 1
WARNING: Number of threads seems too high for short alignments. Use -T AUTO to determine best number of threads.
926  Q.mammal+I    894.934      26  1841.868     1847.999     1934.042
WARNING: Normalizing state frequencies so that sum of them equals to 1
WARNING: Number of threads seems too high for short alignments. Use -T AUTO to determine best number of threads.
927  Q.mammal+G4   894.946      26  1841.893     1848.024     1934.067
WARNING: Normalizing state frequencies so that sum of them equals to 1
WARNING: Number of threads seems too high for short alignments. Use -T AUTO to determine best number of threads.
947  Q.mammal+F    872.854      44  1833.708     1852.476     1989.696
WARNING: Normalizing state frequencies so that sum of them equals to 1
WARNING: Number of threads seems too high for short alignments. Use -T AUTO to determine best number of threads.
948  Q.mammal+F+I  872.753      45  1835.506     1855.220     1995.039
WARNING: Normalizing state frequencies so that sum of them equals to 1
WARNING: Number of threads seems too high for short alignments. Use -T AUTO to determine best number of threads.
949  Q.mammal+F+G4 872.768      45  1835.537     1855.251     1995.070
WARNING: Normalizing state frequencies so that sum of them equals to 1
WARNING: Number of threads seems too high for short alignments. Use -T AUTO to determine best number of threads.
969  Q.pfam        897.360      25  1844.720     1850.372     1933.350
WARNING: Normalizing state frequencies so that sum of them equals to 1
WARNING: Number of threads seems too high for short alignments. Use -T AUTO to determine best number of threads.
970  Q.pfam+I      897.191      26  1846.381     1852.512     1938.556
WARNING: Normalizing state frequencies so that sum of them equals to 1
WARNING: Number of threads seems too high for short alignments. Use -T AUTO to determine best number of threads.
971  Q.pfam+G4     897.201      26  1846.402     1852.533     1938.577
WARNING: Normalizing state frequencies so that sum of them equals to 1
WARNING: Number of threads seems too high for short alignments. Use -T AUTO to determine best number of threads.
991  Q.pfam+F      881.617      44  1851.234     1870.002     2007.222
WARNING: Normalizing state frequencies so that sum of them equals to 1
WARNING: Number of threads seems too high for short alignments. Use -T AUTO to determine best number of threads.
992  Q.pfam+F+I    881.452      45  1852.904     1872.618     2012.437
WARNING: Normalizing state frequencies so that sum of them equals to 1
WARNING: Number of threads seems too high for short alignments. Use -T AUTO to determine best number of threads.
993  Q.pfam+F+G4   881.462      45  1852.925     1872.639     2012.458
WARNING: Normalizing state frequencies so that sum of them equals to 1
WARNING: Number of threads seems too high for short alignments. Use -T AUTO to determine best number of threads.
1013  Q.plant       889.332      25  1828.665     1834.317     1917.294
WARNING: Normalizing state frequencies so that sum of them equals to 1
WARNING: Number of threads seems too high for short alignments. Use -T AUTO to determine best number of threads.
1014  Q.plant+I     889.238      26  1830.477     1836.608     1922.652
WARNING: Normalizing state frequencies so that sum of them equals to 1
WARNING: Number of threads seems too high for short alignments. Use -T AUTO to determine best number of threads.
1015  Q.plant+G4    889.253      26  1830.505     1836.636     1922.680
WARNING: Normalizing state frequencies so that sum of them equals to 1
WARNING: Number of threads seems too high for short alignments. Use -T AUTO to determine best number of threads.
1035  Q.plant+F     874.024      44  1836.047     1854.815     1992.035
WARNING: Normalizing state frequencies so that sum of them equals to 1
WARNING: Number of threads seems too high for short alignments. Use -T AUTO to determine best number of threads.
1036  Q.plant+F+I   873.921      45  1837.843     1857.557     1997.375
WARNING: Normalizing state frequencies so that sum of them equals to 1
WARNING: Number of threads seems too high for short alignments. Use -T AUTO to determine best number of threads.
1037  Q.plant+F+G4  873.936      45  1837.872     1857.587     1997.405
WARNING: Normalizing state frequencies so that sum of them equals to 1
WARNING: Number of threads seems too high for short alignments. Use -T AUTO to determine best number of threads.
1057  Q.yeast       900.487      25  1850.974     1856.626     1939.603
WARNING: Normalizing state frequencies so that sum of them equals to 1
WARNING: Number of threads seems too high for short alignments. Use -T AUTO to determine best number of threads.
1058  Q.yeast+I     900.362      26  1852.723     1858.854     1944.898
WARNING: Normalizing state frequencies so that sum of them equals to 1
WARNING: Number of threads seems too high for short alignments. Use -T AUTO to determine best number of threads.
1059  Q.yeast+G4    900.373      26  1852.745     1858.876     1944.920
WARNING: Normalizing state frequencies so that sum of them equals to 1
WARNING: Number of threads seems too high for short alignments. Use -T AUTO to determine best number of threads.
1079  Q.yeast+F     880.264      44  1848.529     1867.297     2004.517
WARNING: Normalizing state frequencies so that sum of them equals to 1
WARNING: Number of threads seems too high for short alignments. Use -T AUTO to determine best number of threads.
1080  Q.yeast+F+I   880.111      45  1850.222     1869.936     2009.755
WARNING: Normalizing state frequencies so that sum of them equals to 1
WARNING: Number of threads seems too high for short alignments. Use -T AUTO to determine best number of threads.
1081  Q.yeast+F+G4  880.123      45  1850.245     1869.960     2009.778
WARNING: Number of threads seems too high for short alignments. Use -T AUTO to determine best number of threads.
1101  rtREV         913.812      25  1877.625     1883.277     1966.254
WARNING: Number of threads seems too high for short alignments. Use -T AUTO to determine best number of threads.
1102  rtREV+I       913.605      26  1879.210     1885.341     1971.384
WARNING: Number of threads seems too high for short alignments. Use -T AUTO to determine best number of threads.
1103  rtREV+G4      913.615      26  1879.231     1885.362     1971.405
WARNING: Number of threads seems too high for short alignments. Use -T AUTO to determine best number of threads.
1123  rtREV+F       884.498      44  1856.996     1875.764     2012.984
WARNING: Number of threads seems too high for short alignments. Use -T AUTO to determine best number of threads.
1124  rtREV+F+I     884.313      45  1858.626     1878.340     2018.159
WARNING: Number of threads seems too high for short alignments. Use -T AUTO to determine best number of threads.
1125  rtREV+F+G4    884.325      45  1858.651     1878.365     2018.184
WARNING: Number of threads seems too high for short alignments. Use -T AUTO to determine best number of threads.
1145  VT            897.130      25  1844.260     1849.912     1932.890
WARNING: Number of threads seems too high for short alignments. Use -T AUTO to determine best number of threads.
1146  VT+I          897.003      26  1846.007     1852.138     1938.181
WARNING: Number of threads seems too high for short alignments. Use -T AUTO to determine best number of threads.
1147  VT+G4         897.016      26  1846.032     1852.163     1938.206
WARNING: Number of threads seems too high for short alignments. Use -T AUTO to determine best number of threads.
1167  VT+F          881.852      44  1851.704     1870.471     2007.692
WARNING: Number of threads seems too high for short alignments. Use -T AUTO to determine best number of threads.
1168  VT+F+I        881.728      45  1853.455     1873.170     2012.988
WARNING: Number of threads seems too high for short alignments. Use -T AUTO to determine best number of threads.
1169  VT+F+G4       881.740      45  1853.481     1873.195     2013.014
WARNING: Number of threads seems too high for short alignments. Use -T AUTO to determine best number of threads.
1189  WAG           897.689      25  1845.377     1851.029     1934.007
WARNING: Number of threads seems too high for short alignments. Use -T AUTO to determine best number of threads.
1190  WAG+I         897.519      26  1847.037     1853.168     1939.212
WARNING: Number of threads seems too high for short alignments. Use -T AUTO to determine best number of threads.
1191  WAG+G4        897.530      26  1847.060     1853.191     1939.235
WARNING: Number of threads seems too high for short alignments. Use -T AUTO to determine best number of threads.
1211  WAG+F         882.063      44  1852.126     1870.894     2008.114
WARNING: Number of threads seems too high for short alignments. Use -T AUTO to determine best number of threads.
1212  WAG+F+I       881.898      45  1853.796     1873.510     2013.329
WARNING: Number of threads seems too high for short alignments. Use -T AUTO to determine best number of threads.
1213  WAG+F+G4      881.909      45  1853.819     1873.533     2013.352
Reading model parameters from file Q.iridoviridae
WARNING: Number of threads seems too high for short alignments. Use -T AUTO to determine best number of threads.
1233  Q.iridoviridae 891.071      25  1832.142     1837.794     1920.771
Reading model parameters from file Q.iridoviridae
WARNING: Number of threads seems too high for short alignments. Use -T AUTO to determine best number of threads.
1234  Q.iridoviridae+I 890.971      26  1833.942     1840.073     1926.117
Reading model parameters from file Q.iridoviridae
WARNING: Number of threads seems too high for short alignments. Use -T AUTO to determine best number of threads.
1235  Q.iridoviridae+G4 890.983      26  1833.966     1840.097     1926.141
Reading model parameters from file Q.iridoviridae
WARNING: Number of threads seems too high for short alignments. Use -T AUTO to determine best number of threads.
1255  Q.iridoviridae+F 878.602      44  1845.205     1863.972     2001.193
Reading model parameters from file Q.iridoviridae
WARNING: Number of threads seems too high for short alignments. Use -T AUTO to determine best number of threads.
1256  Q.iridoviridae+F+I 878.505      45  1847.011     1866.725     2006.544
Reading model parameters from file Q.iridoviridae
WARNING: Number of threads seems too high for short alignments. Use -T AUTO to determine best number of threads.
1257  Q.iridoviridae+F+G4 878.519      45  1847.038     1866.752     2006.571
Reading model parameters from file Q.mcv
WARNING: Normalizing state frequencies so that sum of them equals to 1
WARNING: Number of threads seems too high for short alignments. Use -T AUTO to determine best number of threads.
1277  Q.mcv         886.059      25  1822.119     1827.771     1910.748
Reading model parameters from file Q.mcv
WARNING: Normalizing state frequencies so that sum of them equals to 1
WARNING: Number of threads seems too high for short alignments. Use -T AUTO to determine best number of threads.
1278  Q.mcv+I       885.940      26  1823.880     1830.011     1916.054
Reading model parameters from file Q.mcv
WARNING: Normalizing state frequencies so that sum of them equals to 1
WARNING: Number of threads seems too high for short alignments. Use -T AUTO to determine best number of threads.
1279  Q.mcv+G4      885.953      26  1823.907     1830.038     1916.082
Reading model parameters from file Q.mcv
WARNING: Normalizing state frequencies so that sum of them equals to 1
WARNING: Number of threads seems too high for short alignments. Use -T AUTO to determine best number of threads.
1299  Q.mcv+F       875.881      44  1839.761     1858.529     1995.749
Reading model parameters from file Q.mcv
WARNING: Normalizing state frequencies so that sum of them equals to 1
WARNING: Number of threads seems too high for short alignments. Use -T AUTO to determine best number of threads.
1300  Q.mcv+F+I     875.784      45  1841.569     1861.283     2001.102
Reading model parameters from file Q.mcv
WARNING: Normalizing state frequencies so that sum of them equals to 1
WARNING: Number of threads seems too high for short alignments. Use -T AUTO to determine best number of threads.
1301  Q.mcv+F+G4    875.798      45  1841.596     1861.311     2001.129
Akaike Information Criterion:           Q.mcv
Corrected Akaike Information Criterion: Q.mcv
Bayesian Information Criterion:         Q.mcv
Best-fit model: Q.mcv chosen according to BIC

All model information printed to iqtree_species/OG0000056.fa.model.gz
CPU time for ModelFinder: 3.484 seconds (0h:0m:3s)
Wall-clock time for ModelFinder: 1.028 seconds (0h:0m:1s)
Generating 1000 samples for ultrafast bootstrap (seed: 193916)...
Reading model parameters from file Q.mcv
WARNING: Normalizing state frequencies so that sum of them equals to 1

NOTE: 0 MB RAM (0 GB) is required!
WARNING: Number of threads seems too high for short alignments. Use -T AUTO to determine best number of threads.
Estimate model parameters (epsilon = 0.100)
1. Initial log-likelihood: -886.059
Optimal log-likelihood: -886.059
Parameters optimization took 1 rounds (0.002 sec)
Wrote distance file to... 
Computing ML distances based on estimated model parameters...
Calculating distance matrix: done in 0.00226402 secs using 387.8% CPU
Computing ML distances took 0.002310 sec (of wall-clock time) 0.008895 sec (of CPU time)
Setting up auxiliary I and S matrices: done in 0.000155926 secs using 515% CPU
Constructing RapidNJ tree: done in 0.000610113 secs using 212.6% CPU
Computing RapidNJ tree took 0.000817 sec (of wall-clock time) 0.003429 sec (of CPU time)
Log-likelihood of RapidNJ tree: -886.063
--------------------------------------------------------------------
|             INITIALIZING CANDIDATE TREE SET                      |
--------------------------------------------------------------------
Generating 98 parsimony trees... 0.051 second
Computing log-likelihood of 98 initial trees ... 0.170 seconds
Current best score: -886.059

Do NNI search on 20 best initial trees
Optimizing NNI: done in 0.00776601 secs using 348.2% CPU
Estimate model parameters (epsilon = 0.100)
BETTER TREE FOUND at iteration 1: -886.059
Optimizing NNI: done in 0.00787616 secs using 399.4% CPU
Optimizing NNI: done in 0.00650811 secs using 399.6% CPU
Optimizing NNI: done in 0.00738502 secs using 399.5% CPU
UPDATE BEST LOG-LIKELIHOOD: -886.059
Optimizing NNI: done in 0.00761294 secs using 350.1% CPU
Optimizing NNI: done in 0.00713301 secs using 398.7% CPU
UPDATE BEST LOG-LIKELIHOOD: -886.059
Optimizing NNI: done in 0.00734091 secs using 399.9% CPU
Optimizing NNI: done in 0.00758886 secs using 399.6% CPU
Optimizing NNI: done in 0.007828 secs using 399.2% CPU
Optimizing NNI: done in 0.013952 secs using 370.1% CPU
Iteration 10 / LogL: -886.059 / Time: 0h:0m:0s
Optimizing NNI: done in 0.0143628 secs using 373.8% CPU
Optimizing NNI: done in 0.01331 secs using 398.1% CPU
UPDATE BEST LOG-LIKELIHOOD: -886.059
Optimizing NNI: done in 0.0158539 secs using 399.8% CPU
Optimizing NNI: done in 0.014854 secs using 400% CPU
Optimizing NNI: done in 0.0131302 secs using 400% CPU
Optimizing NNI: done in 0.0127919 secs using 400.1% CPU
Optimizing NNI: done in 0.014595 secs using 399.8% CPU
Optimizing NNI: done in 0.0210509 secs using 399.8% CPU
Optimizing NNI: done in 0.0218351 secs using 400% CPU
Optimizing NNI: done in 0.0155182 secs using 399.5% CPU
Iteration 20 / LogL: -886.060 / Time: 0h:0m:0s
Finish initializing candidate tree set (3)
Current best tree score: -886.059 / CPU time: 0.474
Number of iterations: 20
--------------------------------------------------------------------
|               OPTIMIZING CANDIDATE TREE SET                      |
--------------------------------------------------------------------
Optimizing NNI: done in 0.0172341 secs using 400% CPU
Optimizing NNI: done in 0.0213971 secs using 397.6% CPU
Optimizing NNI: done in 0.025919 secs using 400% CPU
Optimizing NNI: done in 0.016458 secs using 367.1% CPU
Optimizing NNI: done in 0.032023 secs using 325.6% CPU
Optimizing NNI: done in 0.016326 secs using 399.6% CPU
Optimizing NNI: done in 0.0274608 secs using 357.8% CPU
Optimizing NNI: done in 0.0399039 secs using 330.8% CPU
Optimizing NNI: done in 0.00973892 secs using 397.7% CPU
Optimizing NNI: done in 0.0213358 secs using 362.8% CPU
Iteration 30 / LogL: -886.059 / Time: 0h:0m:0s (0h:0m:1s left)
Optimizing NNI: done in 0.0158539 secs using 372.7% CPU
Optimizing NNI: done in 0.0310199 secs using 387.3% CPU
Optimizing NNI: done in 0.00547504 secs using 396.5% CPU
Optimizing NNI: done in 0.0108311 secs using 398.5% CPU
Optimizing NNI: done in 0.025207 secs using 400.8% CPU
Optimizing NNI: done in 0.0209219 secs using 394.1% CPU
Optimizing NNI: done in 0.0153561 secs using 399.6% CPU
Optimizing NNI: done in 0.0104771 secs using 399% CPU
Optimizing NNI: done in 0.0243671 secs using 400.1% CPU
Optimizing NNI: done in 0.00897408 secs using 394.3% CPU
Iteration 40 / LogL: -886.062 / Time: 0h:0m:0s (0h:0m:1s left)
Optimizing NNI: done in 0.0148499 secs using 398% CPU
Optimizing NNI: done in 0.0106559 secs using 386.7% CPU
Optimizing NNI: done in 0.0106561 secs using 382.5% CPU
Optimizing NNI: done in 0.0118239 secs using 399.2% CPU
Optimizing NNI: done in 0.0120831 secs using 382.7% CPU
Optimizing NNI: done in 0.021626 secs using 399.7% CPU
Optimizing NNI: done in 0.015116 secs using 395.7% CPU
Optimizing NNI: done in 0.0102971 secs using 363.1% CPU
Optimizing NNI: done in 0.0172219 secs using 377.4% CPU
Optimizing NNI: done in 0.019845 secs using 396.2% CPU
Iteration 50 / LogL: -886.060 / Time: 0h:0m:1s (0h:0m:1s left)
Log-likelihood cutoff on original alignment: -917.505
Optimizing NNI: done in 0.0395041 secs using 347% CPU
Optimizing NNI: done in 0.0157309 secs using 393.2% CPU
Optimizing NNI: done in 0.00964093 secs using 397.7% CPU
Optimizing NNI: done in 0.0249131 secs using 363% CPU
Optimizing NNI: done in 0.0207 secs using 351.8% CPU
Optimizing NNI: done in 0.0450809 secs using 305.1% CPU
Optimizing NNI: done in 0.0176251 secs using 334% CPU
Optimizing NNI: done in 0.0186322 secs using 320.9% CPU
Optimizing NNI: done in 0.0237281 secs using 358.2% CPU
Optimizing NNI: done in 0.0145092 secs using 315.3% CPU
Iteration 60 / LogL: -886.059 / Time: 0h:0m:1s (0h:0m:1s left)
Optimizing NNI: done in 0.0332992 secs using 325.3% CPU
Optimizing NNI: done in 0.023957 secs using 321.2% CPU
Optimizing NNI: done in 0.0361562 secs using 344.5% CPU
Optimizing NNI: done in 0.0168581 secs using 297.1% CPU
Optimizing NNI: done in 0.017803 secs using 335.9% CPU
Optimizing NNI: done in 0.0386379 secs using 348% CPU
Optimizing NNI: done in 0.0150571 secs using 342.2% CPU
Optimizing NNI: done in 0.027976 secs using 312.1% CPU
Optimizing NNI: done in 0.022161 secs using 358.8% CPU
Optimizing NNI: done in 0.0334959 secs using 315.4% CPU
Iteration 70 / LogL: -886.062 / Time: 0h:0m:1s (0h:0m:0s left)
Optimizing NNI: done in 0.0207419 secs using 344.4% CPU
Optimizing NNI: done in 0.048811 secs using 348.3% CPU
Optimizing NNI: done in 0.0344551 secs using 339.5% CPU
Optimizing NNI: done in 0.0188799 secs using 361.2% CPU
Optimizing NNI: done in 0.023392 secs using 362% CPU
Optimizing NNI: done in 0.0219009 secs using 386.4% CPU
Optimizing NNI: done in 0.008389 secs using 383.8% CPU
Optimizing NNI: done in 0.034842 secs using 352.5% CPU
Optimizing NNI: done in 0.02337 secs using 309.3% CPU
Optimizing NNI: done in 0.0222261 secs using 370.4% CPU
Iteration 80 / LogL: -886.061 / Time: 0h:0m:2s (0h:0m:0s left)
Optimizing NNI: done in 0.0226219 secs using 344.1% CPU
Optimizing NNI: done in 0.014349 secs using 365.9% CPU
Optimizing NNI: done in 0.00946498 secs using 396% CPU
Optimizing NNI: done in 0.0242059 secs using 331.6% CPU
Optimizing NNI: done in 0.0407219 secs using 350.2% CPU
Optimizing NNI: done in 0.017391 secs using 322.2% CPU
Optimizing NNI: done in 0.0200732 secs using 340% CPU
Optimizing NNI: done in 0.0225122 secs using 361.1% CPU
Optimizing NNI: done in 0.0177891 secs using 362.8% CPU
Optimizing NNI: done in 0.017812 secs using 329% CPU
Iteration 90 / LogL: -894.398 / Time: 0h:0m:2s (0h:0m:0s left)
Optimizing NNI: done in 0.0329971 secs using 338.4% CPU
Optimizing NNI: done in 0.0203621 secs using 310.7% CPU
Optimizing NNI: done in 0.023757 secs using 307.3% CPU
Optimizing NNI: done in 0.0246921 secs using 340.5% CPU
Optimizing NNI: done in 0.0352762 secs using 316.6% CPU
Optimizing NNI: done in 0.037941 secs using 352.5% CPU
Optimizing NNI: done in 0.019917 secs using 351.9% CPU
Optimizing NNI: done in 0.0387309 secs using 322% CPU
Optimizing NNI: done in 0.0177112 secs using 296.7% CPU
Optimizing NNI: done in 0.015764 secs using 310.5% CPU
Iteration 100 / LogL: -896.689 / Time: 0h:0m:2s (0h:0m:0s left)
Log-likelihood cutoff on original alignment: -917.504
NOTE: Bootstrap correlation coefficient of split occurrence frequencies: 0.997
Optimizing NNI: done in 0.00814486 secs using 378.7% CPU
Optimizing NNI: done in 0.045557 secs using 329.5% CPU
TREE SEARCH COMPLETED AFTER 102 ITERATIONS / Time: 0h:0m:2s

--------------------------------------------------------------------
|                    FINALIZING TREE SEARCH                        |
--------------------------------------------------------------------
Performs final model parameters optimization
Estimate model parameters (epsilon = 0.010)
1. Initial log-likelihood: -886.059
Optimal log-likelihood: -886.059
Parameters optimization took 1 rounds (0.003 sec)
BEST SCORE FOUND : -886.059
Creating bootstrap support values...
Split supports printed to NEXUS file iqtree_species/OG0000056.fa.splits.nex
Total tree length: 0.069

Total number of iterations: 102
CPU time used for tree search: 9.740 sec (0h:0m:9s)
Wall-clock time used for tree search: 2.750 sec (0h:0m:2s)
Total CPU time used: 9.921 sec (0h:0m:9s)
Total wall-clock time used: 2.798 sec (0h:0m:2s)

Computing bootstrap consensus tree...
Reading input file iqtree_species/OG0000056.fa.splits.nex...
14 taxa and 99 splits.
Consensus tree written to iqtree_species/OG0000056.fa.contree
Reading input trees file iqtree_species/OG0000056.fa.contree
Log-likelihood of consensus tree: -886.066

Analysis results written to: 
  IQ-TREE report:                iqtree_species/OG0000056.fa.iqtree
  Maximum-likelihood tree:       iqtree_species/OG0000056.fa.treefile
  Likelihood distances:          iqtree_species/OG0000056.fa.mldist

Ultrafast bootstrap approximation results written to:
  Split support values:          iqtree_species/OG0000056.fa.splits.nex
  Consensus tree:                iqtree_species/OG0000056.fa.contree
  Screen log file:               iqtree_species/OG0000056.fa.log

Date and Time: Thu Apr  3 12:58:44 2025
