IQ-TREE multicore version 2.2.0.5 COVID-edition for Linux 64-bit built Sep 26 2022
Developed by Bui Quang Minh, James Barbetti, Nguyen Lam Tung,
Olga Chernomor, Heiko Schmidt, Dominik Schrempf, Michael Woodhams, Ly Trong Nhan.

Host:    petrichor-dm (AVX2, FMA3, 503 GB RAM)
Command: iqtree2 -s alignments_genus_muscle5_edited_trimmed/OG0000081.fa -B 1000 -mset Blosum62,cpREV,Dayhoff,DCMut,FLAVI,FLU,HIVb,HIVw,JTT,JTTDCMut,LG,mtART,mtMAM,mtREV,mtZOA,mtMet,mtVer,mtInv,PMB,Q.bird,Q.insect,Q.mammal,Q.pfam,Q.plant,Q.yeast,rtREV,VT,WAG,Q.iridoviridae,Q.mcv -T 1 -pre iqtree_genus/OG0000081.fa
Seed:    739667 (Using SPRNG - Scalable Parallel Random Number Generator)
Time:    Wed Apr  2 14:43:11 2025
Kernel:  AVX+FMA - 1 threads (32 CPU cores detected)

HINT: Use -nt option to specify number of threads because your CPU has 32 cores!
HINT: -nt AUTO will automatically determine the best number of threads to use.

Reading alignment file alignments_genus_muscle5_edited_trimmed/OG0000081.fa ... Fasta format detected
Reading fasta file: done in 0.000191927 secs
Alignment most likely contains protein sequences
Constructing alignment: done in 0.000102997 secs
Alignment has 58 sequences with 95 columns, 67 distinct patterns
11 parsimony-informative, 47 singleton sites, 37 constant sites
                                                          Gap/Ambiguity  Composition  p-value
Analyzing sequences: done in 9.05991e-06 secs
   1  OP009387_Megalocytivirus_pagrus1_ISKNV                      0.00%    passed    100.00%
   2  MT986830_Megalocytivirus_pagrus1_ISKNV                      0.00%    passed    100.00%
   3  OQ475017_Megalocytivirus_pagrus1_RSIV                       0.00%    passed    100.00%
   4  ON743042_Megalocytivirus_pagrus1_RSIV                       0.00%    passed    100.00%
   5  MT128667_Megalocytivirus_pagrus1_ISKNV                      0.00%    passed    100.00%
   6  MT128666_Megalocytivirus_pagrus1_ISKNV                      0.00%    passed    100.00%
   7  MW883602_Megalocytivirus_pagrus1_ISKNV                      0.00%    passed    100.00%
   8  NC_003494_Megalocytivirus_pagrus1_ISKNV                     0.00%    passed    100.00%
   9  KC244182_Megalocytivirus_pagrus1_RSIV                       0.00%    passed    100.00%
  10  OK042108_Megalocytivirus_pagrus1_RSIV                       0.00%    passed    100.00%
  11  ON212400_Megalocytivirus_pagrus1_ISKNV                      0.00%    passed    100.00%
  12  MW883596_Megalocytivirus_pagrus1_ISKNV                      0.00%    passed    100.00%
  13  MW883603_Megalocytivirus_pagrus1_ISKNV                      0.00%    passed    100.00%
  14  PP974677_Megalocytivirus_pagrus1_ISKNV                      0.00%    passed    100.00%
  15  MK689686_Megalocytivirus_pagrus1_RSIV                       0.00%    passed    100.00%
  16  MW883600_Megalocytivirus_pagrus1_ISKNV                      0.00%    passed    100.00%
  17  MW883594_Megalocytivirus_pagrus1_ISKNV                      0.00%    passed    100.00%
  18  OP896201_Megalocytivirus_pagrus1_ISKNV                      0.00%    passed    100.00%
  19  MW883606_Megalocytivirus_pagrus1_ISKNV                      0.00%    passed    100.00%
  20  OL774655_Megalocytivirus_pagrus1_RSIV                       0.00%    passed    100.00%
  21  AB104413_Megalocytivirus_pagrus1_RSIV                       0.00%    passed    100.00%
  22  AY894343_Megalocytivirus_pagrus1_RSIV                       0.00%    passed    100.00%
  23  MT798582_Megalocytivirus_pagrus1_RSIV                       0.00%    passed    100.00%
  24  MK689685_Megalocytivirus_pagrus1_ISKNV                      0.00%    passed    100.00%
  25  PP151097_Megalocytivirus_pagrus1_ISKNV                      0.00%    passed    100.00%
  26  MW273354_Megalocytivirus_pagrus1_ISKNV                      0.00%    passed    100.00%
  27  KT804738_Megalocytivirus_pagrus1_RSIV                       0.00%    passed    100.00%
  28  MW273353_Megalocytivirus_pagrus1_ISKNV                      0.00%    passed    100.00%
  29  MN432490_Megalocytivirus_pagrus1_ISKNV                      0.00%    passed    100.00%
  30  MG570132_Megalocytivirus_pagrus1_TRBIV                      0.00%    passed    100.00%
  31  MW883601_Megalocytivirus_pagrus1_ISKNV                      0.00%    passed    100.00%
  32  MW139932_Megalocytivirus_pagrus1_RSIV                       0.00%    passed    100.00%
  33  ON740976_Megalocytivirus_pagrus1_RSIV                       0.00%    passed    100.00%
  34  MG570131_Megalocytivirus_pagrus1_TRBIV                      0.00%    passed    100.00%
  35  OL774654_Megalocytivirus_pagrus1_RSIV                       0.00%    passed    100.00%
  36  OR670976_Megalocytivirus_pagrus1_ISKNV                      0.00%    passed    100.00%
  37  MW883593_Megalocytivirus_pagrus1_ISKNV                      0.00%    passed    100.00%
  38  MK098185_Megalocytivirus_pagrus1_RSIV                       0.00%    passed    100.00%
  39  PQ335173_PQ335174_Threespine_stickleback_iridovirus_TSIV    0.00%    failed      4.95%
  40  MW883595_Megalocytivirus_pagrus1_ISKNV                      0.00%    passed    100.00%
  41  OR356116_Megalocytivirus_pagrus1_ISKNV                      0.00%    passed    100.00%
  42  OQ513807_Megalocytivirus_pagrus1_ISKNV                      0.00%    passed    100.00%
  43  23043610003_Megalocytivirus_pagrus1_ISKNV                   0.00%    passed    100.00%
  44  MK098187_Megalocytivirus_pagrus1_RSIV                       0.00%    passed    100.00%
  45  MK098186_Megalocytivirus_pagrus1_RSIV                       0.00%    passed    100.00%
  46  23043610005_Megalocytivirus_pagrus1_ISKNV                   0.00%    passed    100.00%
  47  OL774653_Megalocytivirus_pagrus1_RSIV                       0.00%    passed    100.00%
  48  MW883599_Megalocytivirus_pagrus1_ISKNV                      0.00%    passed    100.00%
  49  KT781098_Megalocytivirus_pagrus1_ISKNV                      0.00%    passed    100.00%
  50  MW883597_Megalocytivirus_pagrus1_ISKNV                      0.00%    passed    100.00%
  51  BD143114_Megalocytivirus_pagrus1_RSIV                       0.00%    passed    100.00%
  52  OR536350_Megalocytivirus_pagrus1_ISKNV                      0.00%    passed    100.00%
  53  MW883598_Megalocytivirus_pagrus1_RSIV                       0.00%    passed    100.00%
  54  MT926123_Megalocytivirus_pagrus1_ISKNV                      0.00%    passed    100.00%
  55  AP017456_Megalocytivirus_pagrus1_RSIV                       0.00%    passed    100.00%
  56  OK042109_Megalocytivirus_pagrus1_RSIV                       0.00%    passed    100.00%
  57  ON075463_Megalocytivirus_pagrus1_RSIV                       0.00%    passed    100.00%
  58  AF371960_Megalocytivirus_pagrus1_ISKNV                      0.00%    passed    100.00%
****  TOTAL                                                       0.00%  1 sequences failed composition chi2 test (p-value<5%; df=19)
NOTE: MT986830_Megalocytivirus_pagrus1_ISKNV is identical to OP009387_Megalocytivirus_pagrus1_ISKNV but kept for subsequent analysis
NOTE: OL774655_Megalocytivirus_pagrus1_RSIV is identical to OQ475017_Megalocytivirus_pagrus1_RSIV but kept for subsequent analysis
NOTE: KC244182_Megalocytivirus_pagrus1_RSIV is identical to ON743042_Megalocytivirus_pagrus1_RSIV but kept for subsequent analysis
NOTE: MW883595_Megalocytivirus_pagrus1_ISKNV is identical to MN432490_Megalocytivirus_pagrus1_ISKNV but kept for subsequent analysis
NOTE: MG570131_Megalocytivirus_pagrus1_TRBIV is identical to MG570132_Megalocytivirus_pagrus1_TRBIV but kept for subsequent analysis
Checking for duplicate sequences: done in 7.51019e-05 secs
Identifying sites to remove: done in 2.5034e-05 secs
NOTE: 46 identical sequences (see below) will be ignored for subsequent analysis
NOTE: MT128667_Megalocytivirus_pagrus1_ISKNV (identical to OP009387_Megalocytivirus_pagrus1_ISKNV) is ignored but added at the end
NOTE: MT128666_Megalocytivirus_pagrus1_ISKNV (identical to OP009387_Megalocytivirus_pagrus1_ISKNV) is ignored but added at the end
NOTE: MW883602_Megalocytivirus_pagrus1_ISKNV (identical to OP009387_Megalocytivirus_pagrus1_ISKNV) is ignored but added at the end
NOTE: NC_003494_Megalocytivirus_pagrus1_ISKNV (identical to OP009387_Megalocytivirus_pagrus1_ISKNV) is ignored but added at the end
NOTE: ON212400_Megalocytivirus_pagrus1_ISKNV (identical to OP009387_Megalocytivirus_pagrus1_ISKNV) is ignored but added at the end
NOTE: MW883596_Megalocytivirus_pagrus1_ISKNV (identical to OP009387_Megalocytivirus_pagrus1_ISKNV) is ignored but added at the end
NOTE: MW883603_Megalocytivirus_pagrus1_ISKNV (identical to OP009387_Megalocytivirus_pagrus1_ISKNV) is ignored but added at the end
NOTE: PP974677_Megalocytivirus_pagrus1_ISKNV (identical to OP009387_Megalocytivirus_pagrus1_ISKNV) is ignored but added at the end
NOTE: MW883600_Megalocytivirus_pagrus1_ISKNV (identical to OP009387_Megalocytivirus_pagrus1_ISKNV) is ignored but added at the end
NOTE: MW883594_Megalocytivirus_pagrus1_ISKNV (identical to OP009387_Megalocytivirus_pagrus1_ISKNV) is ignored but added at the end
NOTE: OP896201_Megalocytivirus_pagrus1_ISKNV (identical to OP009387_Megalocytivirus_pagrus1_ISKNV) is ignored but added at the end
NOTE: MW883606_Megalocytivirus_pagrus1_ISKNV (identical to OP009387_Megalocytivirus_pagrus1_ISKNV) is ignored but added at the end
NOTE: MK689685_Megalocytivirus_pagrus1_ISKNV (identical to OP009387_Megalocytivirus_pagrus1_ISKNV) is ignored but added at the end
NOTE: PP151097_Megalocytivirus_pagrus1_ISKNV (identical to OP009387_Megalocytivirus_pagrus1_ISKNV) is ignored but added at the end
NOTE: MW273354_Megalocytivirus_pagrus1_ISKNV (identical to OP009387_Megalocytivirus_pagrus1_ISKNV) is ignored but added at the end
NOTE: MW273353_Megalocytivirus_pagrus1_ISKNV (identical to OP009387_Megalocytivirus_pagrus1_ISKNV) is ignored but added at the end
NOTE: MW883601_Megalocytivirus_pagrus1_ISKNV (identical to OP009387_Megalocytivirus_pagrus1_ISKNV) is ignored but added at the end
NOTE: OR670976_Megalocytivirus_pagrus1_ISKNV (identical to OP009387_Megalocytivirus_pagrus1_ISKNV) is ignored but added at the end
NOTE: MW883593_Megalocytivirus_pagrus1_ISKNV (identical to OP009387_Megalocytivirus_pagrus1_ISKNV) is ignored but added at the end
NOTE: OR356116_Megalocytivirus_pagrus1_ISKNV (identical to OP009387_Megalocytivirus_pagrus1_ISKNV) is ignored but added at the end
NOTE: OQ513807_Megalocytivirus_pagrus1_ISKNV (identical to OP009387_Megalocytivirus_pagrus1_ISKNV) is ignored but added at the end
NOTE: 23043610003_Megalocytivirus_pagrus1_ISKNV (identical to OP009387_Megalocytivirus_pagrus1_ISKNV) is ignored but added at the end
NOTE: 23043610005_Megalocytivirus_pagrus1_ISKNV (identical to OP009387_Megalocytivirus_pagrus1_ISKNV) is ignored but added at the end
NOTE: MW883599_Megalocytivirus_pagrus1_ISKNV (identical to OP009387_Megalocytivirus_pagrus1_ISKNV) is ignored but added at the end
NOTE: KT781098_Megalocytivirus_pagrus1_ISKNV (identical to OP009387_Megalocytivirus_pagrus1_ISKNV) is ignored but added at the end
NOTE: MW883597_Megalocytivirus_pagrus1_ISKNV (identical to OP009387_Megalocytivirus_pagrus1_ISKNV) is ignored but added at the end
NOTE: OR536350_Megalocytivirus_pagrus1_ISKNV (identical to OP009387_Megalocytivirus_pagrus1_ISKNV) is ignored but added at the end
NOTE: MT926123_Megalocytivirus_pagrus1_ISKNV (identical to OP009387_Megalocytivirus_pagrus1_ISKNV) is ignored but added at the end
NOTE: AF371960_Megalocytivirus_pagrus1_ISKNV (identical to OP009387_Megalocytivirus_pagrus1_ISKNV) is ignored but added at the end
NOTE: AB104413_Megalocytivirus_pagrus1_RSIV (identical to OQ475017_Megalocytivirus_pagrus1_RSIV) is ignored but added at the end
NOTE: MW139932_Megalocytivirus_pagrus1_RSIV (identical to OQ475017_Megalocytivirus_pagrus1_RSIV) is ignored but added at the end
NOTE: OL774654_Megalocytivirus_pagrus1_RSIV (identical to OQ475017_Megalocytivirus_pagrus1_RSIV) is ignored but added at the end
NOTE: MK098185_Megalocytivirus_pagrus1_RSIV (identical to OQ475017_Megalocytivirus_pagrus1_RSIV) is ignored but added at the end
NOTE: MK098187_Megalocytivirus_pagrus1_RSIV (identical to OQ475017_Megalocytivirus_pagrus1_RSIV) is ignored but added at the end
NOTE: MK098186_Megalocytivirus_pagrus1_RSIV (identical to OQ475017_Megalocytivirus_pagrus1_RSIV) is ignored but added at the end
NOTE: OL774653_Megalocytivirus_pagrus1_RSIV (identical to OQ475017_Megalocytivirus_pagrus1_RSIV) is ignored but added at the end
NOTE: BD143114_Megalocytivirus_pagrus1_RSIV (identical to OQ475017_Megalocytivirus_pagrus1_RSIV) is ignored but added at the end
NOTE: OK042108_Megalocytivirus_pagrus1_RSIV (identical to ON743042_Megalocytivirus_pagrus1_RSIV) is ignored but added at the end
NOTE: MK689686_Megalocytivirus_pagrus1_RSIV (identical to ON743042_Megalocytivirus_pagrus1_RSIV) is ignored but added at the end
NOTE: AY894343_Megalocytivirus_pagrus1_RSIV (identical to ON743042_Megalocytivirus_pagrus1_RSIV) is ignored but added at the end
NOTE: MT798582_Megalocytivirus_pagrus1_RSIV (identical to ON743042_Megalocytivirus_pagrus1_RSIV) is ignored but added at the end
NOTE: KT804738_Megalocytivirus_pagrus1_RSIV (identical to ON743042_Megalocytivirus_pagrus1_RSIV) is ignored but added at the end
NOTE: MW883598_Megalocytivirus_pagrus1_RSIV (identical to ON743042_Megalocytivirus_pagrus1_RSIV) is ignored but added at the end
NOTE: AP017456_Megalocytivirus_pagrus1_RSIV (identical to ON743042_Megalocytivirus_pagrus1_RSIV) is ignored but added at the end
NOTE: OK042109_Megalocytivirus_pagrus1_RSIV (identical to ON743042_Megalocytivirus_pagrus1_RSIV) is ignored but added at the end
NOTE: ON075463_Megalocytivirus_pagrus1_RSIV (identical to ON743042_Megalocytivirus_pagrus1_RSIV) is ignored but added at the end
Alignment was printed to iqtree_genus/OG0000081.fa.uniqueseq.phy

For your convenience alignment with unique sequences printed to iqtree_genus/OG0000081.fa.uniqueseq.phy


Create initial parsimony tree by phylogenetic likelihood library (PLL)... 0.000 seconds
Perform fast likelihood tree search using LG+I+G model...
Estimate model parameters (epsilon = 5.000)
Perform nearest neighbor interchange...
Optimizing NNI: done in 0.00815606 secs using 100% CPU
Estimate model parameters (epsilon = 1.000)
1. Initial log-likelihood: -583.358
Optimal log-likelihood: -582.761
Proportion of invariable sites: 0.183
Gamma shape alpha: 5.899
Parameters optimization took 1 rounds (0.008 sec)
Time for fast ML tree search: 0.024 seconds

NOTE: ModelFinder requires 1 MB RAM!
ModelFinder will test up to 1320 protein models (sample size: 95) ...
 No. Model         -LnL         df  AIC          AICc         BIC
  1  Blosum62      578.187      21  1198.374     1211.032     1252.005
  2  Blosum62+I    578.187      22  1200.374     1214.430     1256.559
  3  Blosum62+G4   578.188      22  1200.377     1214.432     1256.562
  4  Blosum62+I+G4 578.757      23  1203.515     1219.064     1262.254
  5  Blosum62+R2   578.373      23  1202.747     1218.296     1261.486
  6  Blosum62+R3   578.296      25  1206.592     1225.433     1270.439
 14  Blosum62+I+R2 578.497      24  1204.994     1222.137     1266.287
 15  Blosum62+I+R3 578.429      26  1208.857     1229.504     1275.258
 23  Blosum62+F    562.131      40  1204.262     1265.003     1306.417
 24  Blosum62+F+I  562.131      41  1206.262     1271.243     1310.971
 25  Blosum62+F+G4 562.133      41  1206.267     1271.248     1310.976
 27  Blosum62+F+R2 562.235      42  1208.470     1277.932     1315.733
 45  cpREV         585.758      21  1213.516     1226.174     1267.148
 46  cpREV+I       585.377      22  1214.755     1228.810     1270.940
 47  cpREV+G4      585.411      22  1214.822     1228.877     1271.007
 49  cpREV+R2      585.392      23  1216.784     1232.334     1275.523
 67  cpREV+F       559.229      40  1198.458     1259.199     1300.614
 68  cpREV+F+I     559.072      41  1200.143     1265.124     1304.852
 69  cpREV+F+G4    559.177      41  1200.354     1265.335     1305.063
 71  cpREV+F+R2    559.246      42  1202.492     1271.953     1309.755
 89  Dayhoff       579.030      21  1200.060     1212.718     1253.692
 90  Dayhoff+I     578.844      22  1201.687     1215.743     1257.873
 91  Dayhoff+G4    578.434      22  1200.868     1214.924     1257.054
 93  Dayhoff+R2    578.422      23  1202.843     1218.392     1261.582
111  Dayhoff+F     556.076      40  1192.152     1252.892     1294.307
112  Dayhoff+F+I   556.074      41  1194.148     1259.130     1298.857
113  Dayhoff+F+G4  555.954      41  1193.907     1258.888     1298.616
115  Dayhoff+F+R2  556.002      42  1196.003     1265.465     1303.266
133  DCMut         579.030      21  1200.061     1212.718     1253.692
134  DCMut+I       578.850      22  1201.700     1215.755     1257.885
135  DCMut+G4      578.449      22  1200.897     1214.953     1257.083
137  DCMut+R2      578.437      23  1202.874     1218.423     1261.613
155  DCMut+F       556.081      40  1192.162     1252.902     1294.317
156  DCMut+F+I     556.080      41  1194.159     1259.140     1298.868
157  DCMut+F+G4    555.964      41  1193.928     1258.909     1298.637
159  DCMut+F+R2    556.013      42  1196.027     1265.488     1303.289
WARNING: Normalizing state frequencies so that sum of them equals to 1
177  FLAVI         588.758      21  1219.515     1232.173     1273.147
WARNING: Normalizing state frequencies so that sum of them equals to 1
178  FLAVI+I       584.459      22  1212.918     1226.974     1269.103
WARNING: Normalizing state frequencies so that sum of them equals to 1
179  FLAVI+G4      583.116      22  1210.233     1224.288     1266.418
WARNING: Normalizing state frequencies so that sum of them equals to 1
181  FLAVI+R2      583.369      23  1212.737     1228.287     1271.476
WARNING: Normalizing state frequencies so that sum of them equals to 1
199  FLAVI+F       568.060      40  1216.120     1276.861     1318.275
WARNING: Normalizing state frequencies so that sum of them equals to 1
200  FLAVI+F+I     564.845      41  1211.690     1276.671     1316.399
WARNING: Normalizing state frequencies so that sum of them equals to 1
201  FLAVI+F+G4    563.476      41  1208.952     1273.933     1313.661
WARNING: Normalizing state frequencies so that sum of them equals to 1
203  FLAVI+F+R2    563.687      42  1211.374     1280.835     1318.636
221  FLU           578.499      21  1198.999     1211.656     1252.630
222  FLU+I         576.631      22  1197.262     1211.318     1253.447
223  FLU+G4        575.529      22  1195.058     1209.114     1251.244
225  FLU+R2        575.528      23  1197.056     1212.606     1255.795
243  FLU+F         556.680      40  1193.360     1254.101     1295.515
244  FLU+F+I       555.816      41  1193.632     1258.613     1298.341
245  FLU+F+G4      554.948      41  1191.897     1256.878     1296.605
247  FLU+F+R2      554.971      42  1193.943     1263.404     1301.206
265  HIVb          580.229      21  1202.458     1215.116     1256.090
266  HIVb+I        577.939      22  1199.878     1213.934     1256.064
267  HIVb+G4       577.897      22  1199.793     1213.849     1255.979
269  HIVb+R2       577.892      23  1201.783     1217.332     1260.522
287  HIVb+F        560.299      40  1200.598     1261.339     1302.753
288  HIVb+F+I      558.561      41  1199.122     1264.104     1303.831
289  HIVb+F+G4     558.625      41  1199.250     1264.231     1303.959
291  HIVb+F+R2     558.643      42  1201.287     1270.748     1308.549
309  HIVw          588.945      21  1219.890     1232.547     1273.521
310  HIVw+I        585.902      22  1215.805     1229.860     1271.990
311  HIVw+G4       585.295      22  1214.589     1228.645     1270.775
313  HIVw+R2       585.548      23  1217.096     1232.646     1275.836
331  HIVw+F        560.813      40  1201.627     1262.367     1303.782
332  HIVw+F+I      559.458      41  1200.916     1265.897     1305.625
333  HIVw+F+G4     558.581      41  1199.162     1264.144     1303.871
335  HIVw+F+R2     558.777      42  1201.555     1271.016     1308.817
353  JTT           575.011      21  1192.022     1204.680     1245.653
354  JTT+I         574.704      22  1193.407     1207.463     1249.593
355  JTT+G4        574.494      22  1192.988     1207.044     1249.174
357  JTT+R2        574.521      23  1195.043     1210.592     1253.782
375  JTT+F         557.151      40  1194.303     1255.044     1296.458
376  JTT+F+I       557.028      41  1196.055     1261.036     1300.764
377  JTT+F+G4      556.957      41  1195.914     1260.895     1300.623
379  JTT+F+R2      556.990      42  1197.981     1267.442     1305.244
397  JTTDCMut      575.385      21  1192.769     1205.427     1246.401
398  JTTDCMut+I    575.074      22  1194.148     1208.204     1250.333
399  JTTDCMut+G4   574.882      22  1193.764     1207.819     1249.949
401  JTTDCMut+R2   574.909      23  1195.817     1211.366     1254.556
419  JTTDCMut+F    557.264      40  1194.527     1255.268     1296.682
420  JTTDCMut+F+I  557.147      41  1196.294     1261.275     1301.003
421  JTTDCMut+F+G4 557.088      41  1196.176     1261.157     1300.885
423  JTTDCMut+F+R2 557.125      42  1198.249     1267.711     1305.512
441  LG            582.767      21  1207.533     1220.191     1261.165
442  LG+I          582.423      22  1208.846     1222.902     1265.031
443  LG+G4         582.173      22  1208.347     1222.402     1264.532
445  LG+R2         582.163      23  1210.326     1225.875     1269.065
463  LG+F          560.849      40  1201.698     1262.439     1303.853
464  LG+F+I        560.762      41  1203.524     1268.506     1308.233
465  LG+F+G4       560.684      41  1203.368     1268.349     1308.077
467  LG+F+R2       560.695      42  1205.389     1274.851     1312.652
485  mtART         637.971      21  1317.943     1330.600     1371.574
486  mtART+I       626.287      22  1296.574     1310.630     1352.759
487  mtART+G4      623.386      22  1290.772     1304.827     1346.957
489  mtART+R2      625.328      23  1296.656     1312.205     1355.395
507  mtART+F       579.596      40  1239.192     1299.933     1341.347
508  mtART+F+I     575.963      41  1233.926     1298.907     1338.635
509  mtART+F+G4    572.845      41  1227.689     1292.670     1332.398
511  mtART+F+R2    572.574      42  1229.149     1298.610     1336.411
529  mtMAM         622.415      21  1286.830     1299.488     1340.462
530  mtMAM+I       617.000      22  1278.000     1292.056     1334.185
531  mtMAM+G4      611.576      22  1267.152     1281.207     1323.337
533  mtMAM+R2      612.021      23  1270.041     1285.591     1328.780
551  mtMAM+F       573.257      40  1226.515     1287.256     1328.670
552  mtMAM+F+I     569.450      41  1220.899     1285.880     1325.608
553  mtMAM+F+G4    565.483      41  1212.966     1277.948     1317.675
555  mtMAM+F+R2    565.292      42  1214.585     1284.046     1321.848
573  mtREV         613.174      21  1268.347     1281.005     1321.979
574  mtREV+I       611.395      22  1266.789     1280.845     1322.975
575  mtREV+G4      609.455      22  1262.911     1276.966     1319.096
577  mtREV+R2      608.865      23  1263.730     1279.280     1322.469
595  mtREV+F       565.023      40  1210.046     1270.787     1312.201
596  mtREV+F+I     563.989      41  1209.977     1274.958     1314.686
597  mtREV+F+G4    562.928      41  1207.856     1272.837     1312.565
599  mtREV+F+R2    562.836      42  1209.673     1279.135     1316.936
617  mtZOA         618.285      21  1278.570     1291.228     1332.202
618  mtZOA+I       611.186      22  1266.373     1280.428     1322.558
619  mtZOA+G4      609.787      22  1263.573     1277.629     1319.759
621  mtZOA+R2      609.926      23  1265.853     1281.402     1324.592
639  mtZOA+F       569.214      40  1218.427     1279.168     1320.582
640  mtZOA+F+I     567.064      41  1216.128     1281.109     1320.837
641  mtZOA+F+G4    565.721      41  1213.443     1278.424     1318.152
643  mtZOA+F+R2    565.246      42  1214.491     1283.953     1321.754
661  mtMet         614.836      21  1271.672     1284.329     1325.303
662  mtMet+I       612.149      22  1268.298     1282.353     1324.483
663  mtMet+G4      610.272      22  1264.543     1278.599     1320.728
665  mtMet+R2      609.725      23  1265.449     1280.999     1324.189
683  mtMet+F       561.978      40  1203.956     1264.696     1306.111
684  mtMet+F+I     561.213      41  1204.427     1269.408     1309.136
685  mtMet+F+G4    560.369      41  1202.738     1267.719     1307.446
687  mtMet+F+R2    560.239      42  1204.477     1273.939     1311.740
705  mtVer         615.055      21  1272.111     1284.769     1325.742
706  mtVer+I       611.362      22  1266.724     1280.780     1322.909
707  mtVer+G4      608.066      22  1260.132     1274.188     1316.318
709  mtVer+R2      607.563      23  1261.126     1276.675     1319.865
727  mtVer+F       564.736      40  1209.472     1270.213     1311.627
728  mtVer+F+I     562.882      41  1207.764     1272.745     1312.473
729  mtVer+F+G4    561.033      41  1204.067     1269.048     1308.776
731  mtVer+F+R2    560.362      42  1204.724     1274.185     1311.987
749  mtInv         624.718      21  1291.435     1304.093     1345.067
750  mtInv+I       622.784      22  1289.567     1303.623     1345.753
751  mtInv+G4      621.710      22  1287.420     1301.476     1343.606
753  mtInv+R2      621.417      23  1288.834     1304.383     1347.573
771  mtInv+F       561.551      40  1203.102     1263.843     1305.257
772  mtInv+F+I     561.223      41  1204.446     1269.427     1309.155
773  mtInv+F+G4    560.805      41  1203.610     1268.591     1308.319
775  mtInv+F+R2    560.761      42  1205.521     1274.983     1312.784
793  PMB           576.963      21  1195.927     1208.584     1249.558
794  PMB+I         576.963      22  1197.927     1211.982     1254.112
795  PMB+G4        576.964      22  1197.929     1211.984     1254.114
797  PMB+R2        577.146      23  1200.292     1215.841     1259.031
815  PMB+F         561.358      40  1202.717     1263.458     1304.872
816  PMB+F+I       561.358      41  1204.717     1269.698     1309.426
817  PMB+F+G4      561.361      41  1204.721     1269.702     1309.430
819  PMB+F+R2      561.466      42  1206.933     1276.394     1314.196
WARNING: Normalizing state frequencies so that sum of them equals to 1
837  Q.bird        583.700      21  1209.400     1222.058     1263.032
WARNING: Normalizing state frequencies so that sum of them equals to 1
838  Q.bird+I      580.891      22  1205.782     1219.837     1261.967
WARNING: Normalizing state frequencies so that sum of them equals to 1
839  Q.bird+G4     579.697      22  1203.394     1217.449     1259.579
WARNING: Normalizing state frequencies so that sum of them equals to 1
841  Q.bird+R2     579.589      23  1205.177     1220.726     1263.916
WARNING: Normalizing state frequencies so that sum of them equals to 1
859  Q.bird+F      566.767      40  1213.534     1274.275     1315.689
WARNING: Normalizing state frequencies so that sum of them equals to 1
860  Q.bird+F+I    564.071      41  1210.143     1275.124     1314.852
WARNING: Normalizing state frequencies so that sum of them equals to 1
861  Q.bird+F+G4   562.843      41  1207.686     1272.667     1312.395
WARNING: Normalizing state frequencies so that sum of them equals to 1
863  Q.bird+F+R2   562.687      42  1209.375     1278.836     1316.638
881  Q.insect      583.816      21  1209.631     1222.289     1263.263
882  Q.insect+I    583.044      22  1210.088     1224.143     1266.273
883  Q.insect+G4   582.658      22  1209.315     1223.371     1265.500
885  Q.insect+R2   582.590      23  1211.180     1226.729     1269.919
903  Q.insect+F    560.331      40  1200.662     1261.403     1302.818
904  Q.insect+F+I  560.149      41  1202.299     1267.280     1307.008
905  Q.insect+F+G4 560.052      41  1202.104     1267.085     1306.813
907  Q.insect+F+R2 560.045      42  1204.090     1273.551     1311.353
WARNING: Normalizing state frequencies so that sum of them equals to 1
925  Q.mammal      582.230      21  1206.460     1219.117     1260.091
WARNING: Normalizing state frequencies so that sum of them equals to 1
926  Q.mammal+I    580.590      22  1205.181     1219.236     1261.366
WARNING: Normalizing state frequencies so that sum of them equals to 1
927  Q.mammal+G4   579.703      22  1203.407     1217.462     1259.592
WARNING: Normalizing state frequencies so that sum of them equals to 1
929  Q.mammal+R2   579.656      23  1205.312     1220.861     1264.051
WARNING: Normalizing state frequencies so that sum of them equals to 1
947  Q.mammal+F    563.510      40  1207.019     1267.760     1309.174
WARNING: Normalizing state frequencies so that sum of them equals to 1
948  Q.mammal+F+I  562.342      41  1206.684     1271.665     1311.393
WARNING: Normalizing state frequencies so that sum of them equals to 1
949  Q.mammal+F+G4 561.552      41  1205.103     1270.084     1309.812
WARNING: Normalizing state frequencies so that sum of them equals to 1
951  Q.mammal+F+R2 561.480      42  1206.961     1276.423     1314.224
WARNING: Normalizing state frequencies so that sum of them equals to 1
969  Q.pfam        586.425      21  1214.850     1227.508     1268.482
WARNING: Normalizing state frequencies so that sum of them equals to 1
970  Q.pfam+I      585.982      22  1215.964     1230.020     1272.149
WARNING: Normalizing state frequencies so that sum of them equals to 1
971  Q.pfam+G4     585.769      22  1215.538     1229.593     1271.723
WARNING: Normalizing state frequencies so that sum of them equals to 1
973  Q.pfam+R2     585.743      23  1217.485     1233.035     1276.224
WARNING: Normalizing state frequencies so that sum of them equals to 1
991  Q.pfam+F      562.000      40  1203.999     1264.740     1306.155
WARNING: Normalizing state frequencies so that sum of them equals to 1
992  Q.pfam+F+I    561.905      41  1205.810     1270.791     1310.519
WARNING: Normalizing state frequencies so that sum of them equals to 1
993  Q.pfam+F+G4   561.799      41  1205.597     1270.579     1310.306
WARNING: Normalizing state frequencies so that sum of them equals to 1
995  Q.pfam+F+R2   561.794      42  1207.589     1277.050     1314.851
WARNING: Normalizing state frequencies so that sum of them equals to 1
1013  Q.plant       589.440      21  1220.880     1233.537     1274.511
WARNING: Normalizing state frequencies so that sum of them equals to 1
1014  Q.plant+I     585.627      22  1215.253     1229.309     1271.438
WARNING: Normalizing state frequencies so that sum of them equals to 1
1015  Q.plant+G4    585.145      22  1214.290     1228.346     1270.476
WARNING: Normalizing state frequencies so that sum of them equals to 1
1017  Q.plant+R2    585.059      23  1216.119     1231.668     1274.858
WARNING: Normalizing state frequencies so that sum of them equals to 1
1035  Q.plant+F     562.689      40  1205.379     1266.120     1307.534
WARNING: Normalizing state frequencies so that sum of them equals to 1
1036  Q.plant+F+I   560.357      41  1202.713     1267.694     1307.422
WARNING: Normalizing state frequencies so that sum of them equals to 1
1037  Q.plant+F+G4  560.267      41  1202.534     1267.515     1307.243
WARNING: Normalizing state frequencies so that sum of them equals to 1
1039  Q.plant+F+R2  560.228      42  1204.456     1273.918     1311.719
WARNING: Normalizing state frequencies so that sum of them equals to 1
1057  Q.yeast       595.704      21  1233.407     1246.065     1287.039
WARNING: Normalizing state frequencies so that sum of them equals to 1
1058  Q.yeast+I     594.074      22  1232.147     1246.203     1288.332
WARNING: Normalizing state frequencies so that sum of them equals to 1
1059  Q.yeast+G4    593.847      22  1231.693     1245.749     1287.878
WARNING: Normalizing state frequencies so that sum of them equals to 1
1061  Q.yeast+R2    593.690      23  1233.380     1248.929     1292.119
WARNING: Normalizing state frequencies so that sum of them equals to 1
1079  Q.yeast+F     562.841      40  1205.683     1266.423     1307.838
WARNING: Normalizing state frequencies so that sum of them equals to 1
1080  Q.yeast+F+I   562.237      41  1206.474     1271.455     1311.183
WARNING: Normalizing state frequencies so that sum of them equals to 1
1081  Q.yeast+F+G4  562.218      41  1206.435     1271.417     1311.144
WARNING: Normalizing state frequencies so that sum of them equals to 1
1083  Q.yeast+F+R2  562.136      42  1208.271     1277.733     1315.534
1101  rtREV         588.033      21  1218.066     1230.723     1271.697
1102  rtREV+I       587.525      22  1219.050     1233.106     1275.235
1103  rtREV+G4      587.287      22  1218.574     1232.630     1274.759
1105  rtREV+R2      587.252      23  1220.504     1236.053     1279.243
1123  rtREV+F       564.091      40  1208.182     1268.922     1310.337
1124  rtREV+F+I     563.784      41  1209.567     1274.548     1314.276
1125  rtREV+F+G4    563.654      41  1209.309     1274.290     1314.018
1127  rtREV+F+R2    563.629      42  1211.258     1280.719     1318.521
1145  VT            579.581      21  1201.162     1213.819     1254.793
1146  VT+I          579.581      22  1203.162     1217.218     1259.347
1147  VT+G4         579.582      22  1203.163     1217.219     1259.349
1149  VT+R2         579.755      23  1205.511     1221.060     1264.250
1167  VT+F          558.778      40  1197.556     1258.296     1299.711
1168  VT+F+I        558.778      41  1199.556     1264.537     1304.265
1169  VT+F+G4       558.780      41  1199.559     1264.540     1304.268
1171  VT+F+R2       558.900      42  1201.801     1271.262     1309.064
1189  WAG           577.434      21  1196.868     1209.525     1250.499
1190  WAG+I         577.434      22  1198.868     1212.923     1255.053
1191  WAG+G4        577.420      22  1198.841     1212.896     1255.026
1193  WAG+R2        577.487      23  1200.974     1216.523     1259.713
1211  WAG+F         556.488      40  1192.976     1253.717     1295.132
1212  WAG+F+I       556.488      41  1194.976     1259.958     1299.685
1213  WAG+F+G4      556.489      41  1194.978     1259.959     1299.687
1215  WAG+F+R2      556.636      42  1197.272     1266.733     1304.535
Reading model parameters from file Q.iridoviridae
1233  Q.iridoviridae 573.826      21  1189.651     1202.309     1243.283
Reading model parameters from file Q.iridoviridae
1234  Q.iridoviridae+I 573.813      22  1191.625     1205.681     1247.810
Reading model parameters from file Q.iridoviridae
1235  Q.iridoviridae+G4 573.747      22  1191.493     1205.549     1247.678
Reading model parameters from file Q.iridoviridae
1237  Q.iridoviridae+R2 573.810      23  1193.620     1209.170     1252.359
Reading model parameters from file Q.iridoviridae
1255  Q.iridoviridae+F 557.007      40  1194.014     1254.755     1296.170
Reading model parameters from file Q.iridoviridae
1256  Q.iridoviridae+F+I 557.007      41  1196.014     1260.996     1300.723
Reading model parameters from file Q.iridoviridae
1257  Q.iridoviridae+F+G4 557.011      41  1196.022     1261.003     1300.731
Reading model parameters from file Q.iridoviridae
1259  Q.iridoviridae+F+R2 557.090      42  1198.179     1267.641     1305.442
Reading model parameters from file Q.mcv
WARNING: Normalizing state frequencies so that sum of them equals to 1
1277  Q.mcv         563.343      21  1168.685     1181.343     1222.317
Reading model parameters from file Q.mcv
WARNING: Normalizing state frequencies so that sum of them equals to 1
1278  Q.mcv+I       563.060      22  1170.120     1184.175     1226.305
Reading model parameters from file Q.mcv
WARNING: Normalizing state frequencies so that sum of them equals to 1
1279  Q.mcv+G4      562.874      22  1169.747     1183.803     1225.932
Reading model parameters from file Q.mcv
WARNING: Normalizing state frequencies so that sum of them equals to 1
1281  Q.mcv+R2      562.874      23  1171.748     1187.298     1230.487
Reading model parameters from file Q.mcv
WARNING: Normalizing state frequencies so that sum of them equals to 1
1299  Q.mcv+F       553.966      40  1187.931     1248.672     1290.086
Reading model parameters from file Q.mcv
WARNING: Normalizing state frequencies so that sum of them equals to 1
1300  Q.mcv+F+I     553.846      41  1189.691     1254.672     1294.400
Reading model parameters from file Q.mcv
WARNING: Normalizing state frequencies so that sum of them equals to 1
1301  Q.mcv+F+G4    553.788      41  1189.577     1254.558     1294.286
Reading model parameters from file Q.mcv
WARNING: Normalizing state frequencies so that sum of them equals to 1
1303  Q.mcv+F+R2    553.813      42  1191.627     1261.089     1298.890
Akaike Information Criterion:           Q.mcv
Corrected Akaike Information Criterion: Q.mcv
Bayesian Information Criterion:         Q.mcv
Best-fit model: Q.mcv chosen according to BIC

All model information printed to iqtree_genus/OG0000081.fa.model.gz
CPU time for ModelFinder: 2.054 seconds (0h:0m:2s)
Wall-clock time for ModelFinder: 2.065 seconds (0h:0m:2s)
Generating 1000 samples for ultrafast bootstrap (seed: 739667)...
Reading model parameters from file Q.mcv
WARNING: Normalizing state frequencies so that sum of them equals to 1

NOTE: 0 MB RAM (0 GB) is required!
Estimate model parameters (epsilon = 0.100)
1. Initial log-likelihood: -563.343
Optimal log-likelihood: -563.343
Parameters optimization took 1 rounds (0.000 sec)
Wrote distance file to... 
Computing ML distances based on estimated model parameters...
Calculating distance matrix: done in 0.00222206 secs using 100% CPU
Computing ML distances took 0.002243 sec (of wall-clock time) 0.002245 sec (of CPU time)
Setting up auxiliary I and S matrices: done in 3.09944e-05 secs
Constructing RapidNJ tree: done in 4.69685e-05 secs
Computing RapidNJ tree took 0.000109 sec (of wall-clock time) 0.000000 sec (of CPU time)
Log-likelihood of RapidNJ tree: -563.343
--------------------------------------------------------------------
|             INITIALIZING CANDIDATE TREE SET                      |
--------------------------------------------------------------------
Generating 98 parsimony trees... 0.021 second
Computing log-likelihood of 98 initial trees ... 0.029 seconds
Current best score: -563.343

Do NNI search on 20 best initial trees
Optimizing NNI: done in 0.00174022 secs using 199.9% CPU
Estimate model parameters (epsilon = 0.100)
BETTER TREE FOUND at iteration 1: -563.343
Optimizing NNI: done in 0.00163221 secs using 200.1% CPU
BETTER TREE FOUND at iteration 2: -563.343
Optimizing NNI: done in 0.00159478 secs using 200% CPU
UPDATE BEST LOG-LIKELIHOOD: -563.343
Optimizing NNI: done in 0.001616 secs using 199.9% CPU
Optimizing NNI: done in 0.00159502 secs using 199.7% CPU
Optimizing NNI: done in 0.00161219 secs
UPDATE BEST LOG-LIKELIHOOD: -563.343
Optimizing NNI: done in 0.00163198 secs using 170.8% CPU
Optimizing NNI: done in 0.00162506 secs using 198.4% CPU
Optimizing NNI: done in 0.00161099 secs using 200.1% CPU
Optimizing NNI: done in 0.00160694 secs using 199.9% CPU
UPDATE BEST LOG-LIKELIHOOD: -563.343
Iteration 10 / LogL: -563.343 / Time: 0h:0m:0s
Optimizing NNI: done in 0.0016191 secs using 199.9% CPU
UPDATE BEST LOG-LIKELIHOOD: -563.343
Optimizing NNI: done in 0.00160694 secs using 200% CPU
Optimizing NNI: done in 0.00161409 secs using 199.9% CPU
Optimizing NNI: done in 0.00160909 secs using 199.9% CPU
Optimizing NNI: done in 0.00160503 secs using 200% CPU
Optimizing NNI: done in 0.00161314 secs using 199.8% CPU
Optimizing NNI: done in 0.00138187 secs using 199.9% CPU
Optimizing NNI: done in 0.00319886 secs using 200% CPU
Optimizing NNI: done in 0.00318813 secs using 200% CPU
Optimizing NNI: done in 0.00318313 secs using 200.1% CPU
Iteration 20 / LogL: -563.343 / Time: 0h:0m:0s
Finish initializing candidate tree set (2)
Current best tree score: -563.343 / CPU time: 0.094
Number of iterations: 20
--------------------------------------------------------------------
|               OPTIMIZING CANDIDATE TREE SET                      |
--------------------------------------------------------------------
Optimizing NNI: done in 0.00586414 secs using 200% CPU
Optimizing NNI: done in 0.004246 secs using 126.5% CPU
Optimizing NNI: done in 0.00458908 secs using 199.8% CPU
Optimizing NNI: done in 0.00406599 secs using 200% CPU
Optimizing NNI: done in 0.00581717 secs using 131.5% CPU
Optimizing NNI: done in 0.00278592 secs using 200% CPU
Optimizing NNI: done in 0.00399184 secs using 127% CPU
Optimizing NNI: done in 0.00266695 secs using 200.1% CPU
Optimizing NNI: done in 0.00433588 secs using 199.8% CPU
Optimizing NNI: done in 0.00728488 secs using 200% CPU
Iteration 30 / LogL: -563.343 / Time: 0h:0m:0s (0h:0m:0s left)
Optimizing NNI: done in 0.00371718 secs using 199.9% CPU
Optimizing NNI: done in 0.00265908 secs using 200% CPU
Optimizing NNI: done in 0.00283813 secs using 199.9% CPU
Optimizing NNI: done in 0.00260091 secs using 200.2% CPU
Optimizing NNI: done in 0.0056901 secs using 199.9% CPU
Optimizing NNI: done in 0.00559998 secs using 200% CPU
Optimizing NNI: done in 0.00452685 secs using 131.7% CPU
Optimizing NNI: done in 0.00641203 secs using 100% CPU
Optimizing NNI: done in 0.00447798 secs using 100% CPU
Optimizing NNI: done in 0.002671 secs using 100% CPU
Iteration 40 / LogL: -568.572 / Time: 0h:0m:0s (0h:0m:0s left)
Optimizing NNI: done in 0.00233698 secs using 100% CPU
Optimizing NNI: done in 0.00566101 secs using 100% CPU
Optimizing NNI: done in 0.00410104 secs using 100% CPU
Optimizing NNI: done in 0.00679994 secs using 100% CPU
Optimizing NNI: done in 0.00562811 secs using 100% CPU
Optimizing NNI: done in 0.00539207 secs using 100% CPU
Optimizing NNI: done in 0.00451183 secs using 100% CPU
Optimizing NNI: done in 0.00268602 secs using 99.96% CPU
Optimizing NNI: done in 0.00563502 secs using 99.98% CPU
Optimizing NNI: done in 0.00282311 secs using 100% CPU
Iteration 50 / LogL: -563.343 / Time: 0h:0m:0s (0h:0m:0s left)
Log-likelihood cutoff on original alignment: -577.410
Optimizing NNI: done in 0.00432706 secs using 99.88% CPU
Optimizing NNI: done in 0.00545716 secs using 99.98% CPU
Optimizing NNI: done in 0.00295615 secs using 99.99% CPU
Optimizing NNI: done in 0.00552583 secs using 100% CPU
Optimizing NNI: done in 0.0036099 secs using 99.98% CPU
Optimizing NNI: done in 0.00588107 secs using 100% CPU
Optimizing NNI: done in 0.00570393 secs using 100% CPU
Optimizing NNI: done in 0.00429082 secs using 100% CPU
Optimizing NNI: done in 0.00280094 secs using 100% CPU
Optimizing NNI: done in 0.00415993 secs using 100% CPU
Iteration 60 / LogL: -563.343 / Time: 0h:0m:0s (0h:0m:0s left)
Optimizing NNI: done in 0.00273013 secs using 100% CPU
Optimizing NNI: done in 0.00351501 secs using 100% CPU
Optimizing NNI: done in 0.00131392 secs using 100% CPU
Optimizing NNI: done in 0.00436616 secs using 99.97% CPU
Optimizing NNI: done in 0.00439215 secs using 99.97% CPU
Optimizing NNI: done in 0.00437093 secs using 100% CPU
Optimizing NNI: done in 0.00357103 secs using 100% CPU
Optimizing NNI: done in 0.00297594 secs using 100% CPU
Optimizing NNI: done in 0.0040741 secs using 100% CPU
Optimizing NNI: done in 0.00398111 secs using 100% CPU
Iteration 70 / LogL: -563.343 / Time: 0h:0m:0s (0h:0m:0s left)
Optimizing NNI: done in 0.00274205 secs using 100% CPU
Optimizing NNI: done in 0.00279999 secs using 100% CPU
Optimizing NNI: done in 0.00443506 secs using 100% CPU
Optimizing NNI: done in 0.00407195 secs using 100% CPU
Optimizing NNI: done in 0.0036459 secs using 100% CPU
Optimizing NNI: done in 0.00291491 secs using 100% CPU
Optimizing NNI: done in 0.00294995 secs using 100% CPU
Optimizing NNI: done in 0.00276399 secs using 99.96% CPU
Optimizing NNI: done in 0.00375605 secs using 100% CPU
Optimizing NNI: done in 0.00571203 secs using 100% CPU
Iteration 80 / LogL: -563.343 / Time: 0h:0m:0s (0h:0m:0s left)
Optimizing NNI: done in 0.00559592 secs using 99.98% CPU
Optimizing NNI: done in 0.00509501 secs using 100% CPU
Optimizing NNI: done in 0.00439095 secs using 100% CPU
Optimizing NNI: done in 0.00297904 secs using 100% CPU
Optimizing NNI: done in 0.002599 secs using 100% CPU
Optimizing NNI: done in 0.00425315 secs using 100% CPU
Optimizing NNI: done in 0.004426 secs using 100% CPU
Optimizing NNI: done in 0.00410295 secs using 100% CPU
Optimizing NNI: done in 0.00371981 secs using 100% CPU
Optimizing NNI: done in 0.00415111 secs using 100% CPU
Iteration 90 / LogL: -563.343 / Time: 0h:0m:0s (0h:0m:0s left)
Optimizing NNI: done in 0.00149703 secs using 100% CPU
Optimizing NNI: done in 0.00436091 secs using 100% CPU
Optimizing NNI: done in 0.00371909 secs using 100% CPU
Optimizing NNI: done in 0.0043118 secs using 99.98% CPU
Optimizing NNI: done in 0.00536799 secs using 99.98% CPU
Optimizing NNI: done in 0.00374794 secs using 100% CPU
Optimizing NNI: done in 0.00426102 secs using 99.98% CPU
Optimizing NNI: done in 0.005651 secs using 100% CPU
Optimizing NNI: done in 0.00425887 secs using 99.7% CPU
Optimizing NNI: done in 0.00298095 secs using 100% CPU
Iteration 100 / LogL: -563.343 / Time: 0h:0m:0s (0h:0m:0s left)
Log-likelihood cutoff on original alignment: -582.635
NOTE: Bootstrap correlation coefficient of split occurrence frequencies: 0.990
Optimizing NNI: done in 0.00416613 secs using 100% CPU
Optimizing NNI: done in 0.00433016 secs using 100% CPU
Optimizing NNI: done in 0.0058229 secs using 100% CPU
TREE SEARCH COMPLETED AFTER 103 ITERATIONS / Time: 0h:0m:0s

--------------------------------------------------------------------
|                    FINALIZING TREE SEARCH                        |
--------------------------------------------------------------------
Performs final model parameters optimization
Estimate model parameters (epsilon = 0.010)
1. Initial log-likelihood: -563.343
Optimal log-likelihood: -563.343
Parameters optimization took 1 rounds (0.000 sec)
BEST SCORE FOUND : -563.343
Creating bootstrap support values...
Split supports printed to NEXUS file iqtree_genus/OG0000081.fa.splits.nex
Total tree length: 1.271

Total number of iterations: 103
CPU time used for tree search: 0.816 sec (0h:0m:0s)
Wall-clock time used for tree search: 0.644 sec (0h:0m:0s)
Total CPU time used: 0.842 sec (0h:0m:0s)
Total wall-clock time used: 0.676 sec (0h:0m:0s)

Computing bootstrap consensus tree...
Reading input file iqtree_genus/OG0000081.fa.splits.nex...
12 taxa and 90 splits.
Consensus tree written to iqtree_genus/OG0000081.fa.contree
Reading input trees file iqtree_genus/OG0000081.fa.contree
Log-likelihood of consensus tree: -563.344

Analysis results written to: 
  IQ-TREE report:                iqtree_genus/OG0000081.fa.iqtree
  Maximum-likelihood tree:       iqtree_genus/OG0000081.fa.treefile
  Likelihood distances:          iqtree_genus/OG0000081.fa.mldist

Ultrafast bootstrap approximation results written to:
  Split support values:          iqtree_genus/OG0000081.fa.splits.nex
  Consensus tree:                iqtree_genus/OG0000081.fa.contree
  Screen log file:               iqtree_genus/OG0000081.fa.log

Date and Time: Wed Apr  2 14:43:14 2025
