IQ-TREE multicore version 2.2.0.5 COVID-edition for Linux 64-bit built Sep 26 2022
Developed by Bui Quang Minh, James Barbetti, Nguyen Lam Tung,
Olga Chernomor, Heiko Schmidt, Dominik Schrempf, Michael Woodhams, Ly Trong Nhan.

Host:    petrichor-dm (AVX2, FMA3, 503 GB RAM)
Command: iqtree2 -s alignments_genus_muscle5_edited_trimmed/OG0000017.fa -B 1000 -mset Blosum62,cpREV,Dayhoff,DCMut,FLAVI,FLU,HIVb,HIVw,JTT,JTTDCMut,LG,mtART,mtMAM,mtREV,mtZOA,mtMet,mtVer,mtInv,PMB,Q.bird,Q.insect,Q.mammal,Q.pfam,Q.plant,Q.yeast,rtREV,VT,WAG,Q.iridoviridae,Q.mcv -T 1 -pre iqtree_genus/OG0000017.fa
Seed:    45149 (Using SPRNG - Scalable Parallel Random Number Generator)
Time:    Wed Apr  2 13:58:58 2025
Kernel:  AVX+FMA - 1 threads (32 CPU cores detected)

HINT: Use -nt option to specify number of threads because your CPU has 32 cores!
HINT: -nt AUTO will automatically determine the best number of threads to use.

Reading alignment file alignments_genus_muscle5_edited_trimmed/OG0000017.fa ... Fasta format detected
Reading fasta file: done in 0.000623941 secs using 50.65% CPU
Alignment most likely contains protein sequences
Constructing alignment: done in 0.000213146 secs using 99.93% CPU
Alignment has 62 sequences with 227 columns, 116 distinct patterns
87 parsimony-informative, 17 singleton sites, 123 constant sites
                                                          Gap/Ambiguity  Composition  p-value
Analyzing sequences: done in 1.19209e-05 secs using 100.7% CPU
   1  KC244182_Megalocytivirus_pagrus1_RSIV                       0.00%    passed    100.00%
   2  OQ513807_Megalocytivirus_pagrus1_ISKNV                      0.00%    passed    100.00%
   3  MW883593_Megalocytivirus_pagrus1_ISKNV                      0.00%    passed    100.00%
   4  KT804738_Megalocytivirus_pagrus1_RSIV                       0.00%    passed    100.00%
   5  OL774655_Megalocytivirus_pagrus1_RSIV                       0.00%    passed    100.00%
   6  MW883602_Megalocytivirus_pagrus1_ISKNV                      0.00%    passed    100.00%
   7  MN562489_Megalocytivirus_lates1_SDDV                        0.88%    failed      0.99%
   8  MT986830_Megalocytivirus_pagrus1_ISKNV                      0.00%    passed    100.00%
   9  MW273354_Megalocytivirus_pagrus1_ISKNV                      0.00%    passed    100.00%
  10  MK098187_Megalocytivirus_pagrus1_RSIV                       0.00%    passed    100.00%
  11  MN432490_Megalocytivirus_pagrus1_ISKNV                      0.00%    passed    100.00%
  12  OQ475017_Megalocytivirus_pagrus1_RSIV                       0.00%    passed    100.00%
  13  ON212400_Megalocytivirus_pagrus1_ISKNV                      0.00%    passed    100.00%
  14  KT781098_Megalocytivirus_pagrus1_ISKNV                      0.00%    passed    100.00%
  15  MW883601_Megalocytivirus_pagrus1_ISKNV                      0.00%    passed    100.00%
  16  MW883595_Megalocytivirus_pagrus1_ISKNV                      0.00%    passed    100.00%
  17  ON743042_Megalocytivirus_pagrus1_RSIV                       0.00%    passed    100.00%
  18  PQ335173_PQ335174_Threespine_stickleback_iridovirus_TSIV    0.00%    failed      2.17%
  19  OL774654_Megalocytivirus_pagrus1_RSIV                       0.00%    passed    100.00%
  20  OP896201_Megalocytivirus_pagrus1_ISKNV                      0.00%    passed    100.00%
  21  MW883597_Megalocytivirus_pagrus1_ISKNV                      0.00%    passed    100.00%
  22  ON740976_Megalocytivirus_pagrus1_RSIV                       0.00%    passed    100.00%
  23  MK689686_Megalocytivirus_pagrus1_RSIV                       0.00%    passed    100.00%
  24  MT128667_Megalocytivirus_pagrus1_ISKNV                      0.00%    passed    100.00%
  25  MW883596_Megalocytivirus_pagrus1_ISKNV                      0.00%    passed    100.00%
  26  23043610005_Megalocytivirus_pagrus1_ISKNV                   0.00%    passed    100.00%
  27  MT521409_Megalocytivirus_lates1_SDDV                        0.88%    failed      0.99%
  28  AY894343_Megalocytivirus_pagrus1_RSIV                       0.00%    passed    100.00%
  29  OR356116_Megalocytivirus_pagrus1_ISKNV                      0.00%    passed    100.00%
  30  OM037668_Megalocytivirus_lates1_SDDV                        0.88%    failed      0.99%
  31  MT128666_Megalocytivirus_pagrus1_ISKNV                      0.00%    passed    100.00%
  32  BD143114_Megalocytivirus_pagrus1_RSIV                       0.00%    passed    100.00%
  33  OP009387_Megalocytivirus_pagrus1_ISKNV                      0.00%    passed    100.00%
  34  MG570131_Megalocytivirus_pagrus1_TRBIV                      0.00%    passed    100.00%
  35  OK042109_Megalocytivirus_pagrus1_RSIV                       0.00%    passed    100.00%
  36  PP151097_Megalocytivirus_pagrus1_ISKNV                      0.00%    passed    100.00%
  37  MW883594_Megalocytivirus_pagrus1_ISKNV                      0.00%    passed    100.00%
  38  OR536350_Megalocytivirus_pagrus1_ISKNV                      0.00%    passed    100.00%
  39  MW883603_Megalocytivirus_pagrus1_ISKNV                      0.00%    passed    100.00%
  40  AP017456_Megalocytivirus_pagrus1_RSIV                       0.00%    passed    100.00%
  41  MK689685_Megalocytivirus_pagrus1_ISKNV                      0.00%    passed    100.00%
  42  NC_003494_Megalocytivirus_pagrus1_ISKNV                     0.00%    passed    100.00%
  43  AF371960_Megalocytivirus_pagrus1_ISKNV                      0.00%    passed    100.00%
  44  OR670976_Megalocytivirus_pagrus1_ISKNV                      0.00%    passed    100.00%
  45  MW883606_Megalocytivirus_pagrus1_ISKNV                      0.00%    passed    100.00%
  46  GQ273492_Megalocytivirus_pagrus1_TRBIV                      0.00%    passed    100.00%
  47  OL774653_Megalocytivirus_pagrus1_RSIV                       0.00%    passed    100.00%
  48  MW883598_Megalocytivirus_pagrus1_RSIV                       0.00%    passed    100.00%
  49  MG570132_Megalocytivirus_pagrus1_TRBIV                      0.00%    passed    100.00%
  50  MW273353_Megalocytivirus_pagrus1_ISKNV                      0.00%    passed    100.00%
  51  ON075463_Megalocytivirus_pagrus1_RSIV                       0.00%    passed    100.00%
  52  PP974677_Megalocytivirus_pagrus1_ISKNV                      0.00%    passed    100.00%
  53  MT798582_Megalocytivirus_pagrus1_RSIV                       0.00%    passed    100.00%
  54  MW883600_Megalocytivirus_pagrus1_ISKNV                      0.00%    passed    100.00%
  55  MW139932_Megalocytivirus_pagrus1_RSIV                       0.00%    passed    100.00%
  56  OK042108_Megalocytivirus_pagrus1_RSIV                       0.00%    passed    100.00%
  57  AB104413_Megalocytivirus_pagrus1_RSIV                       0.00%    passed    100.00%
  58  MW883599_Megalocytivirus_pagrus1_ISKNV                      0.00%    passed    100.00%
  59  MT926123_Megalocytivirus_pagrus1_ISKNV                      0.00%    passed    100.00%
  60  23043610003_Megalocytivirus_pagrus1_ISKNV                   0.00%    passed    100.00%
  61  MK098185_Megalocytivirus_pagrus1_RSIV                       0.00%    passed    100.00%
  62  MK098186_Megalocytivirus_pagrus1_RSIV                       0.00%    passed    100.00%
****  TOTAL                                                       0.04%  4 sequences failed composition chi2 test (p-value<5%; df=19)
NOTE: KT804738_Megalocytivirus_pagrus1_RSIV is identical to KC244182_Megalocytivirus_pagrus1_RSIV but kept for subsequent analysis
NOTE: MW883593_Megalocytivirus_pagrus1_ISKNV is identical to OQ513807_Megalocytivirus_pagrus1_ISKNV but kept for subsequent analysis
NOTE: MK098187_Megalocytivirus_pagrus1_RSIV is identical to OL774655_Megalocytivirus_pagrus1_RSIV but kept for subsequent analysis
NOTE: MT521409_Megalocytivirus_lates1_SDDV is identical to MN562489_Megalocytivirus_lates1_SDDV but kept for subsequent analysis
NOTE: MW883595_Megalocytivirus_pagrus1_ISKNV is identical to MN432490_Megalocytivirus_pagrus1_ISKNV but kept for subsequent analysis
NOTE: PP974677_Megalocytivirus_pagrus1_ISKNV is identical to PP151097_Megalocytivirus_pagrus1_ISKNV but kept for subsequent analysis
Checking for duplicate sequences: done in 9.60827e-05 secs using 98.87% CPU
Identifying sites to remove: done in 5.60284e-05 secs using 99.95% CPU
NOTE: 45 identical sequences (see below) will be ignored for subsequent analysis
NOTE: MT986830_Megalocytivirus_pagrus1_ISKNV (identical to KC244182_Megalocytivirus_pagrus1_RSIV) is ignored but added at the end
NOTE: ON743042_Megalocytivirus_pagrus1_RSIV (identical to KC244182_Megalocytivirus_pagrus1_RSIV) is ignored but added at the end
NOTE: MK689686_Megalocytivirus_pagrus1_RSIV (identical to KC244182_Megalocytivirus_pagrus1_RSIV) is ignored but added at the end
NOTE: AY894343_Megalocytivirus_pagrus1_RSIV (identical to KC244182_Megalocytivirus_pagrus1_RSIV) is ignored but added at the end
NOTE: OK042109_Megalocytivirus_pagrus1_RSIV (identical to KC244182_Megalocytivirus_pagrus1_RSIV) is ignored but added at the end
NOTE: AP017456_Megalocytivirus_pagrus1_RSIV (identical to KC244182_Megalocytivirus_pagrus1_RSIV) is ignored but added at the end
NOTE: ON075463_Megalocytivirus_pagrus1_RSIV (identical to KC244182_Megalocytivirus_pagrus1_RSIV) is ignored but added at the end
NOTE: MT798582_Megalocytivirus_pagrus1_RSIV (identical to KC244182_Megalocytivirus_pagrus1_RSIV) is ignored but added at the end
NOTE: MW883602_Megalocytivirus_pagrus1_ISKNV (identical to OQ513807_Megalocytivirus_pagrus1_ISKNV) is ignored but added at the end
NOTE: MW273354_Megalocytivirus_pagrus1_ISKNV (identical to OQ513807_Megalocytivirus_pagrus1_ISKNV) is ignored but added at the end
NOTE: ON212400_Megalocytivirus_pagrus1_ISKNV (identical to OQ513807_Megalocytivirus_pagrus1_ISKNV) is ignored but added at the end
NOTE: KT781098_Megalocytivirus_pagrus1_ISKNV (identical to OQ513807_Megalocytivirus_pagrus1_ISKNV) is ignored but added at the end
NOTE: MW883601_Megalocytivirus_pagrus1_ISKNV (identical to OQ513807_Megalocytivirus_pagrus1_ISKNV) is ignored but added at the end
NOTE: OP896201_Megalocytivirus_pagrus1_ISKNV (identical to OQ513807_Megalocytivirus_pagrus1_ISKNV) is ignored but added at the end
NOTE: MW883597_Megalocytivirus_pagrus1_ISKNV (identical to OQ513807_Megalocytivirus_pagrus1_ISKNV) is ignored but added at the end
NOTE: MT128667_Megalocytivirus_pagrus1_ISKNV (identical to OQ513807_Megalocytivirus_pagrus1_ISKNV) is ignored but added at the end
NOTE: MW883596_Megalocytivirus_pagrus1_ISKNV (identical to OQ513807_Megalocytivirus_pagrus1_ISKNV) is ignored but added at the end
NOTE: 23043610005_Megalocytivirus_pagrus1_ISKNV (identical to OQ513807_Megalocytivirus_pagrus1_ISKNV) is ignored but added at the end
NOTE: OR356116_Megalocytivirus_pagrus1_ISKNV (identical to OQ513807_Megalocytivirus_pagrus1_ISKNV) is ignored but added at the end
NOTE: MT128666_Megalocytivirus_pagrus1_ISKNV (identical to OQ513807_Megalocytivirus_pagrus1_ISKNV) is ignored but added at the end
NOTE: MW883594_Megalocytivirus_pagrus1_ISKNV (identical to OQ513807_Megalocytivirus_pagrus1_ISKNV) is ignored but added at the end
NOTE: OR536350_Megalocytivirus_pagrus1_ISKNV (identical to OQ513807_Megalocytivirus_pagrus1_ISKNV) is ignored but added at the end
NOTE: MW883603_Megalocytivirus_pagrus1_ISKNV (identical to OQ513807_Megalocytivirus_pagrus1_ISKNV) is ignored but added at the end
NOTE: MK689685_Megalocytivirus_pagrus1_ISKNV (identical to OQ513807_Megalocytivirus_pagrus1_ISKNV) is ignored but added at the end
NOTE: NC_003494_Megalocytivirus_pagrus1_ISKNV (identical to OQ513807_Megalocytivirus_pagrus1_ISKNV) is ignored but added at the end
NOTE: AF371960_Megalocytivirus_pagrus1_ISKNV (identical to OQ513807_Megalocytivirus_pagrus1_ISKNV) is ignored but added at the end
NOTE: OR670976_Megalocytivirus_pagrus1_ISKNV (identical to OQ513807_Megalocytivirus_pagrus1_ISKNV) is ignored but added at the end
NOTE: MW883606_Megalocytivirus_pagrus1_ISKNV (identical to OQ513807_Megalocytivirus_pagrus1_ISKNV) is ignored but added at the end
NOTE: MW273353_Megalocytivirus_pagrus1_ISKNV (identical to OQ513807_Megalocytivirus_pagrus1_ISKNV) is ignored but added at the end
NOTE: MW883600_Megalocytivirus_pagrus1_ISKNV (identical to OQ513807_Megalocytivirus_pagrus1_ISKNV) is ignored but added at the end
NOTE: MT926123_Megalocytivirus_pagrus1_ISKNV (identical to OQ513807_Megalocytivirus_pagrus1_ISKNV) is ignored but added at the end
NOTE: 23043610003_Megalocytivirus_pagrus1_ISKNV (identical to OQ513807_Megalocytivirus_pagrus1_ISKNV) is ignored but added at the end
NOTE: OQ475017_Megalocytivirus_pagrus1_RSIV (identical to OL774655_Megalocytivirus_pagrus1_RSIV) is ignored but added at the end
NOTE: OL774654_Megalocytivirus_pagrus1_RSIV (identical to OL774655_Megalocytivirus_pagrus1_RSIV) is ignored but added at the end
NOTE: ON740976_Megalocytivirus_pagrus1_RSIV (identical to OL774655_Megalocytivirus_pagrus1_RSIV) is ignored but added at the end
NOTE: BD143114_Megalocytivirus_pagrus1_RSIV (identical to OL774655_Megalocytivirus_pagrus1_RSIV) is ignored but added at the end
NOTE: OL774653_Megalocytivirus_pagrus1_RSIV (identical to OL774655_Megalocytivirus_pagrus1_RSIV) is ignored but added at the end
NOTE: MW883598_Megalocytivirus_pagrus1_RSIV (identical to OL774655_Megalocytivirus_pagrus1_RSIV) is ignored but added at the end
NOTE: MW139932_Megalocytivirus_pagrus1_RSIV (identical to OL774655_Megalocytivirus_pagrus1_RSIV) is ignored but added at the end
NOTE: OK042108_Megalocytivirus_pagrus1_RSIV (identical to OL774655_Megalocytivirus_pagrus1_RSIV) is ignored but added at the end
NOTE: AB104413_Megalocytivirus_pagrus1_RSIV (identical to OL774655_Megalocytivirus_pagrus1_RSIV) is ignored but added at the end
NOTE: MK098185_Megalocytivirus_pagrus1_RSIV (identical to OL774655_Megalocytivirus_pagrus1_RSIV) is ignored but added at the end
NOTE: MK098186_Megalocytivirus_pagrus1_RSIV (identical to OL774655_Megalocytivirus_pagrus1_RSIV) is ignored but added at the end
NOTE: OM037668_Megalocytivirus_lates1_SDDV (identical to MN562489_Megalocytivirus_lates1_SDDV) is ignored but added at the end
NOTE: OP009387_Megalocytivirus_pagrus1_ISKNV (identical to MN432490_Megalocytivirus_pagrus1_ISKNV) is ignored but added at the end
Alignment was printed to iqtree_genus/OG0000017.fa.uniqueseq.phy

For your convenience alignment with unique sequences printed to iqtree_genus/OG0000017.fa.uniqueseq.phy


Create initial parsimony tree by phylogenetic likelihood library (PLL)... 0.000 seconds
Perform fast likelihood tree search using LG+I+G model...
Estimate model parameters (epsilon = 5.000)
Perform nearest neighbor interchange...
Optimizing NNI: done in 0.0335748 secs using 99.99% CPU
Estimate model parameters (epsilon = 1.000)
1. Initial log-likelihood: -1417.070
Optimal log-likelihood: -1417.048
Proportion of invariable sites: 0.261
Gamma shape alpha: 1.477
Parameters optimization took 1 rounds (0.008 sec)
Time for fast ML tree search: 0.073 seconds

NOTE: ModelFinder requires 4 MB RAM!
ModelFinder will test up to 1320 protein models (sample size: 227) ...
 No. Model         -LnL         df  AIC          AICc         BIC
  1  Blosum62      1424.097     31  2910.194     2920.368     3016.367
  2  Blosum62+I    1417.933     32  2899.865     2910.752     3009.464
  3  Blosum62+G4   1416.296     32  2896.591     2907.478     3006.190
  4  Blosum62+I+G4 1416.830     33  2899.660     2911.287     3012.683
  5  Blosum62+R2   1416.644     33  2899.287     2910.914     3012.310
  6  Blosum62+R3   1416.199     35  2902.398     2915.592     3022.272
 14  Blosum62+I+R2 1416.857     34  2901.714     2914.110     3018.162
 15  Blosum62+I+R3 1416.297     36  2904.593     2918.614     3027.891
 24  Blosum62+F+I  1409.357     51  2920.713     2951.022     3095.386
 25  Blosum62+F+G4 1408.252     51  2918.505     2948.813     3093.177
 26  Blosum62+F+I+G4 1408.556     52  2921.112     2952.791     3099.210
 27  Blosum62+F+R2 1408.631     52  2921.262     2952.940     3099.359
 46  cpREV+I       1427.484     32  2918.968     2929.855     3028.567
 47  cpREV+G4      1426.082     32  2916.164     2927.051     3025.763
 48  cpREV+I+G4    1426.122     33  2918.244     2929.871     3031.267
 49  cpREV+R2      1426.280     33  2918.560     2930.187     3031.583
 68  cpREV+F+I     1406.562     51  2915.123     2945.432     3089.796
 69  cpREV+F+G4    1406.178     51  2914.357     2944.665     3089.029
 70  cpREV+F+I+G4  1405.936     52  2915.873     2947.551     3093.970
 71  cpREV+F+R2    1406.680     52  2917.360     2949.039     3095.458
 90  Dayhoff+I     1424.622     32  2913.244     2924.130     3022.842
 91  Dayhoff+G4    1422.220     32  2908.441     2919.327     3018.039
 92  Dayhoff+I+G4  1422.334     33  2910.669     2922.296     3023.692
 93  Dayhoff+R2    1422.490     33  2910.980     2922.607     3024.003
112  Dayhoff+F+I   1412.476     51  2926.952     2957.260     3101.624
113  Dayhoff+F+G4  1410.858     51  2923.717     2954.025     3098.389
114  Dayhoff+F+I+G4 1410.852     52  2925.704     2957.382     3103.801
115  Dayhoff+F+R2  1411.325     52  2926.650     2958.328     3104.747
134  DCMut+I       1424.536     32  2913.072     2923.959     3022.670
135  DCMut+G4      1422.152     32  2908.303     2919.190     3017.902
136  DCMut+I+G4    1422.270     33  2910.541     2922.168     3023.564
137  DCMut+R2      1422.413     33  2910.826     2922.453     3023.849
156  DCMut+F+I     1412.399     51  2926.797     2957.106     3101.470
157  DCMut+F+G4    1410.795     51  2923.590     2953.898     3098.262
158  DCMut+F+I+G4  1410.792     52  2925.585     2957.263     3103.682
159  DCMut+F+R2    1411.246     52  2926.493     2958.171     3104.590
WARNING: Normalizing state frequencies so that sum of them equals to 1
178  FLAVI+I       1453.354     32  2970.709     2981.595     3080.307
WARNING: Normalizing state frequencies so that sum of them equals to 1
179  FLAVI+G4      1443.081     32  2950.161     2961.048     3059.760
WARNING: Normalizing state frequencies so that sum of them equals to 1
180  FLAVI+I+G4    1443.397     33  2952.794     2964.421     3065.817
WARNING: Normalizing state frequencies so that sum of them equals to 1
181  FLAVI+R2      1447.578     33  2961.155     2972.782     3074.178
WARNING: Normalizing state frequencies so that sum of them equals to 1
200  FLAVI+F+I     1433.517     51  2969.034     2999.342     3143.706
WARNING: Normalizing state frequencies so that sum of them equals to 1
201  FLAVI+F+G4    1425.433     51  2952.866     2983.174     3127.538
WARNING: Normalizing state frequencies so that sum of them equals to 1
202  FLAVI+F+I+G4  1425.691     52  2955.382     2987.060     3133.479
WARNING: Normalizing state frequencies so that sum of them equals to 1
203  FLAVI+F+R2    1430.922     52  2965.844     2997.523     3143.942
222  FLU+I         1440.064     32  2944.128     2955.014     3053.726
223  FLU+G4        1432.949     32  2929.899     2940.785     3039.497
224  FLU+I+G4      1433.577     33  2933.155     2944.782     3046.178
225  FLU+R2        1431.788     33  2929.575     2941.202     3042.599
244  FLU+F+I       1417.572     51  2937.143     2967.452     3111.816
245  FLU+F+G4      1410.985     51  2923.971     2954.279     3098.643
246  FLU+F+I+G4    1411.596     52  2927.193     2958.871     3105.290
247  FLU+F+R2      1410.868     52  2925.737     2957.415     3103.834
266  HIVb+I        1428.661     32  2921.323     2932.209     3030.921
267  HIVb+G4       1425.225     32  2914.451     2925.337     3024.049
268  HIVb+I+G4     1425.302     33  2916.603     2928.230     3029.627
269  HIVb+R2       1426.667     33  2919.334     2930.961     3032.357
288  HIVb+F+I      1413.494     51  2928.988     2959.297     3103.661
289  HIVb+F+G4     1411.162     51  2924.325     2954.633     3098.997
290  HIVb+F+I+G4   1411.069     52  2926.138     2957.816     3104.236
291  HIVb+F+R2     1413.618     52  2931.237     2962.915     3109.334
310  HIVw+I        1467.547     32  2999.094     3009.981     3108.692
311  HIVw+G4       1459.028     32  2982.056     2992.942     3091.654
312  HIVw+I+G4     1459.444     33  2984.888     2996.515     3097.912
313  HIVw+R2       1459.742     33  2985.483     2997.110     3098.507
332  HIVw+F+I      1428.305     51  2958.610     2988.918     3133.282
333  HIVw+F+G4     1420.828     51  2943.656     2973.965     3118.329
334  HIVw+F+I+G4   1421.191     52  2946.381     2978.060     3124.479
335  HIVw+F+R2     1422.689     52  2949.378     2981.056     3127.475
354  JTT+I         1414.054     32  2892.108     2902.994     3001.706
355  JTT+G4        1411.781     32  2887.563     2898.449     2997.161
356  JTT+I+G4      1412.108     33  2890.216     2901.843     3003.240
357  JTT+R2        1411.725     33  2889.451     2901.078     3002.474
376  JTT+F+I       1405.515     51  2913.030     2943.338     3087.702
377  JTT+F+G4      1403.940     51  2909.880     2940.189     3084.553
378  JTT+F+I+G4    1404.098     52  2912.196     2943.874     3090.293
379  JTT+F+R2      1404.097     52  2912.193     2943.871     3090.290
398  JTTDCMut+I    1413.620     32  2891.239     2902.126     3000.838
399  JTTDCMut+G4   1411.337     32  2886.674     2897.560     2996.272
400  JTTDCMut+I+G4 1411.665     33  2889.330     2900.957     3002.353
401  JTTDCMut+R2   1411.295     33  2888.590     2900.217     3001.613
420  JTTDCMut+F+I  1405.293     51  2912.585     2942.894     3087.258
421  JTTDCMut+F+G4 1403.699     51  2909.397     2939.706     3084.070
422  JTTDCMut+F+I+G4 1403.861     52  2911.721     2943.400     3089.819
423  JTTDCMut+F+R2 1403.868     52  2911.735     2943.413     3089.832
442  LG+I          1419.258     32  2902.516     2913.402     3012.114
443  LG+G4         1416.568     32  2897.136     2908.023     3006.735
444  LG+I+G4       1417.029     33  2900.059     2911.686     3013.082
445  LG+R2         1416.311     33  2898.622     2910.249     3011.645
464  LG+F+I        1404.591     51  2911.181     2941.490     3085.854
465  LG+F+G4       1402.869     51  2907.739     2938.047     3082.411
466  LG+F+I+G4     1403.076     52  2910.152     2941.830     3088.250
467  LG+F+R2       1402.992     52  2909.984     2941.662     3088.081
486  mtART+I       1546.956     32  3157.912     3168.798     3267.510
487  mtART+G4      1526.723     32  3117.447     3128.333     3227.045
488  mtART+I+G4    1527.273     33  3120.547     3132.174     3233.570
489  mtART+R2      1537.178     33  3140.356     3151.983     3253.379
508  mtART+F+I     1454.427     51  3010.853     3041.162     3185.526
509  mtART+F+G4    1436.964     51  2975.928     3006.237     3150.600
510  mtART+F+I+G4  1437.395     52  2978.790     3010.468     3156.887
511  mtART+F+R2    1446.644     52  2997.289     3028.967     3175.386
530  mtMAM+I       1531.478     32  3126.957     3137.843     3236.555
531  mtMAM+G4      1515.778     32  3095.556     3106.442     3205.154
532  mtMAM+I+G4    1516.150     33  3098.300     3109.927     3211.323
533  mtMAM+R2      1526.498     33  3118.996     3130.623     3232.019
552  mtMAM+F+I     1441.755     51  2985.509     3015.818     3160.182
553  mtMAM+F+G4    1430.940     51  2963.881     2994.190     3138.553
554  mtMAM+F+I+G4  1431.010     52  2966.020     2997.698     3144.117
555  mtMAM+F+R2    1441.726     52  2987.452     3019.130     3165.550
574  mtREV+I       1506.769     32  3077.538     3088.424     3187.136
575  mtREV+G4      1500.290     32  3064.581     3075.467     3174.179
576  mtREV+I+G4    1500.661     33  3067.321     3078.948     3180.345
577  mtREV+R2      1501.793     33  3069.587     3081.214     3182.610
596  mtREV+F+I     1418.492     51  2938.983     2969.292     3113.656
597  mtREV+F+G4    1415.041     51  2932.081     2962.390     3106.754
598  mtREV+F+I+G4  1415.138     52  2934.275     2965.953     3112.373
599  mtREV+F+R2    1416.566     52  2937.133     2968.811     3115.230
618  mtZOA+I       1513.851     32  3091.702     3102.589     3201.301
619  mtZOA+G4      1499.720     32  3063.440     3074.327     3173.038
620  mtZOA+I+G4    1500.565     33  3067.129     3078.756     3180.153
621  mtZOA+R2      1503.484     33  3072.967     3084.594     3185.991
640  mtZOA+F+I     1436.102     51  2974.205     3004.513     3148.877
641  mtZOA+F+G4    1426.267     51  2954.534     2984.842     3129.206
642  mtZOA+F+I+G4  1426.771     52  2957.543     2989.221     3135.640
643  mtZOA+F+R2    1429.716     52  2963.432     2995.111     3141.530
662  mtMet+I       1523.412     32  3110.824     3121.710     3220.422
663  mtMet+G4      1512.021     32  3088.043     3098.929     3197.641
664  mtMet+I+G4    1512.904     33  3091.809     3103.436     3204.832
665  mtMet+R2      1512.409     33  3090.818     3102.445     3203.842
684  mtMet+F+I     1429.410     51  2960.821     2991.129     3135.493
685  mtMet+F+G4    1421.866     51  2945.733     2976.041     3120.405
686  mtMet+F+I+G4  1422.358     52  2948.716     2980.394     3126.813
687  mtMet+F+R2    1423.078     52  2950.156     2981.834     3128.254
706  mtVer+I       1530.204     32  3124.408     3135.295     3234.007
707  mtVer+G4      1517.177     32  3098.354     3109.241     3207.953
708  mtVer+I+G4    1517.935     33  3101.870     3113.497     3214.894
709  mtVer+R2      1519.992     33  3105.985     3117.612     3219.008
728  mtVer+F+I     1438.383     51  2978.767     3009.075     3153.439
729  mtVer+F+G4    1429.871     51  2961.742     2992.050     3136.414
730  mtVer+F+I+G4  1430.126     52  2964.252     2995.930     3142.349
731  mtVer+F+R2    1433.654     52  2971.308     3002.986     3149.405
750  mtInv+I       1544.294     32  3152.587     3163.474     3262.186
751  mtInv+G4      1535.243     32  3134.486     3145.373     3244.085
752  mtInv+I+G4    1536.025     33  3138.049     3149.676     3251.073
753  mtInv+R2      1534.654     33  3135.308     3146.935     3248.331
772  mtInv+F+I     1425.569     51  2953.138     2983.447     3127.811
773  mtInv+F+G4    1420.065     51  2942.130     2972.439     3116.803
774  mtInv+F+I+G4  1420.440     52  2944.880     2976.559     3122.978
775  mtInv+F+R2    1420.135     52  2944.270     2975.948     3122.367
794  PMB+I         1418.470     32  2900.941     2911.827     3010.539
795  PMB+G4        1416.963     32  2897.925     2908.812     3007.524
796  PMB+I+G4      1417.432     33  2900.864     2912.491     3013.887
797  PMB+R2        1417.375     33  2900.750     2912.377     3013.773
816  PMB+F+I       1412.228     51  2926.455     2956.764     3101.128
817  PMB+F+G4      1411.232     51  2924.465     2954.773     3099.137
818  PMB+F+I+G4    1411.501     52  2927.002     2958.680     3105.100
819  PMB+F+R2      1411.591     52  2927.182     2958.861     3105.280
WARNING: Normalizing state frequencies so that sum of them equals to 1
838  Q.bird+I      1434.689     32  2933.379     2944.265     3042.977
WARNING: Normalizing state frequencies so that sum of them equals to 1
839  Q.bird+G4     1428.323     32  2920.646     2931.533     3030.244
WARNING: Normalizing state frequencies so that sum of them equals to 1
840  Q.bird+I+G4   1428.820     33  2923.641     2935.268     3036.664
WARNING: Normalizing state frequencies so that sum of them equals to 1
841  Q.bird+R2     1427.795     33  2921.590     2933.217     3034.613
WARNING: Normalizing state frequencies so that sum of them equals to 1
860  Q.bird+F+I    1422.937     51  2947.874     2978.183     3122.547
WARNING: Normalizing state frequencies so that sum of them equals to 1
861  Q.bird+F+G4   1416.708     51  2935.416     2965.725     3110.089
WARNING: Normalizing state frequencies so that sum of them equals to 1
862  Q.bird+F+I+G4 1417.150     52  2938.300     2969.979     3116.398
WARNING: Normalizing state frequencies so that sum of them equals to 1
863  Q.bird+F+R2   1416.919     52  2937.838     2969.516     3115.935
882  Q.insect+I    1434.415     32  2932.831     2943.718     3042.429
883  Q.insect+G4   1430.830     32  2925.660     2936.547     3035.259
884  Q.insect+I+G4 1431.333     33  2928.666     2940.293     3041.689
885  Q.insect+R2   1430.009     33  2926.018     2937.645     3039.041
904  Q.insect+F+I  1409.145     51  2920.290     2950.598     3094.962
905  Q.insect+F+G4 1406.978     51  2915.957     2946.265     3090.629
906  Q.insect+F+I+G4 1407.191     52  2918.382     2950.060     3096.479
907  Q.insect+F+R2 1406.908     52  2917.817     2949.495     3095.914
WARNING: Normalizing state frequencies so that sum of them equals to 1
926  Q.mammal+I    1432.374     32  2928.748     2939.635     3038.346
WARNING: Normalizing state frequencies so that sum of them equals to 1
927  Q.mammal+G4   1427.293     32  2918.586     2929.473     3028.185
WARNING: Normalizing state frequencies so that sum of them equals to 1
928  Q.mammal+I+G4 1427.786     33  2921.571     2933.198     3034.595
WARNING: Normalizing state frequencies so that sum of them equals to 1
929  Q.mammal+R2   1426.318     33  2918.635     2930.262     3031.659
WARNING: Normalizing state frequencies so that sum of them equals to 1
948  Q.mammal+F+I  1418.846     51  2939.692     2970.000     3114.364
WARNING: Normalizing state frequencies so that sum of them equals to 1
949  Q.mammal+F+G4 1413.969     51  2929.938     2960.246     3104.610
WARNING: Normalizing state frequencies so that sum of them equals to 1
950  Q.mammal+F+I+G4 1414.404     52  2932.807     2964.485     3110.905
WARNING: Normalizing state frequencies so that sum of them equals to 1
951  Q.mammal+F+R2 1413.397     52  2930.794     2962.473     3108.892
WARNING: Normalizing state frequencies so that sum of them equals to 1
970  Q.pfam+I      1419.580     32  2903.159     2914.046     3012.758
WARNING: Normalizing state frequencies so that sum of them equals to 1
971  Q.pfam+G4     1416.969     32  2897.937     2908.824     3007.536
WARNING: Normalizing state frequencies so that sum of them equals to 1
972  Q.pfam+I+G4   1417.481     33  2900.962     2912.589     3013.986
WARNING: Normalizing state frequencies so that sum of them equals to 1
973  Q.pfam+R2     1416.710     33  2899.420     2911.046     3012.443
WARNING: Normalizing state frequencies so that sum of them equals to 1
992  Q.pfam+F+I    1403.415     51  2908.830     2939.138     3083.502
WARNING: Normalizing state frequencies so that sum of them equals to 1
993  Q.pfam+F+G4   1401.554     51  2905.108     2935.416     3079.780
WARNING: Normalizing state frequencies so that sum of them equals to 1
994  Q.pfam+F+I+G4 1401.869     52  2907.739     2939.417     3085.836
WARNING: Normalizing state frequencies so that sum of them equals to 1
995  Q.pfam+F+R2   1401.583     52  2907.167     2938.845     3085.264
WARNING: Normalizing state frequencies so that sum of them equals to 1
1014  Q.plant+I     1427.890     32  2919.780     2930.667     3029.379
WARNING: Normalizing state frequencies so that sum of them equals to 1
1015  Q.plant+G4    1423.666     32  2911.332     2922.218     3020.930
WARNING: Normalizing state frequencies so that sum of them equals to 1
1016  Q.plant+I+G4  1424.020     33  2914.039     2925.666     3027.063
WARNING: Normalizing state frequencies so that sum of them equals to 1
1017  Q.plant+R2    1423.429     33  2912.857     2924.484     3025.881
WARNING: Normalizing state frequencies so that sum of them equals to 1
1036  Q.plant+F+I   1407.553     51  2917.107     2947.415     3091.779
WARNING: Normalizing state frequencies so that sum of them equals to 1
1037  Q.plant+F+G4  1405.000     51  2912.000     2942.309     3086.673
WARNING: Normalizing state frequencies so that sum of them equals to 1
1038  Q.plant+F+I+G4 1405.095     52  2914.189     2945.867     3092.287
WARNING: Normalizing state frequencies so that sum of them equals to 1
1039  Q.plant+F+R2  1405.489     52  2914.977     2946.655     3093.075
WARNING: Normalizing state frequencies so that sum of them equals to 1
1058  Q.yeast+I     1441.942     32  2947.884     2958.771     3057.483
WARNING: Normalizing state frequencies so that sum of them equals to 1
1059  Q.yeast+G4    1438.428     32  2940.856     2951.743     3050.455
WARNING: Normalizing state frequencies so that sum of them equals to 1
1060  Q.yeast+I+G4  1439.037     33  2944.074     2955.701     3057.098
WARNING: Normalizing state frequencies so that sum of them equals to 1
1061  Q.yeast+R2    1437.567     33  2941.134     2952.761     3054.158
WARNING: Normalizing state frequencies so that sum of them equals to 1
1080  Q.yeast+F+I   1405.282     51  2912.563     2942.872     3087.236
WARNING: Normalizing state frequencies so that sum of them equals to 1
1081  Q.yeast+F+G4  1402.892     51  2907.783     2938.092     3082.456
WARNING: Normalizing state frequencies so that sum of them equals to 1
1082  Q.yeast+F+I+G4 1403.228     52  2910.457     2942.135     3088.554
WARNING: Normalizing state frequencies so that sum of them equals to 1
1083  Q.yeast+F+R2  1402.797     52  2909.594     2941.273     3087.692
1102  rtREV+I       1422.727     32  2909.455     2920.341     3019.053
1103  rtREV+G4      1419.966     32  2903.931     2914.818     3013.530
1104  rtREV+I+G4    1420.430     33  2906.860     2918.487     3019.883
1105  rtREV+R2      1419.713     33  2905.426     2917.053     3018.450
1124  rtREV+F+I     1407.820     51  2917.641     2947.949     3092.313
1125  rtREV+F+G4    1405.544     51  2913.087     2943.396     3087.760
1126  rtREV+F+I+G4  1405.839     52  2915.678     2947.356     3093.776
1127  rtREV+F+R2    1405.503     52  2915.006     2946.684     3093.103
1146  VT+I          1415.410     32  2894.820     2905.707     3004.418
1147  VT+G4         1414.320     32  2892.640     2903.527     3002.239
1148  VT+I+G4       1414.648     33  2895.296     2906.923     3008.320
1149  VT+R2         1414.632     33  2895.264     2906.891     3008.287
1168  VT+F+I        1401.619     51  2905.239     2935.547     3079.911
1169  VT+F+G4       1401.088     51  2904.176     2934.484     3078.848
1170  VT+F+I+G4     1401.193     52  2906.385     2938.063     3084.483
1171  VT+F+R2       1401.373     52  2906.745     2938.423     3084.842
1190  WAG+I         1410.188     32  2884.376     2895.263     2993.975
1191  WAG+G4        1408.959     32  2881.919     2892.805     2991.517
1192  WAG+I+G4      1409.200     33  2884.399     2896.026     2997.422
1193  WAG+R2        1409.180     33  2884.359     2895.986     2997.382
1212  WAG+F+I       1400.718     51  2903.436     2933.745     3078.109
1213  WAG+F+G4      1400.019     51  2902.038     2932.347     3076.711
1214  WAG+F+I+G4    1400.097     52  2904.193     2935.871     3082.291
1215  WAG+F+R2      1400.271     52  2904.542     2936.221     3082.640
Reading model parameters from file Q.iridoviridae
1234  Q.iridoviridae+I 1413.408     32  2890.816     2901.702     3000.414
Reading model parameters from file Q.iridoviridae
1235  Q.iridoviridae+G4 1410.701     32  2885.402     2896.288     2995.000
Reading model parameters from file Q.iridoviridae
1236  Q.iridoviridae+I+G4 1411.236     33  2888.471     2900.098     3001.495
Reading model parameters from file Q.iridoviridae
1237  Q.iridoviridae+R2 1410.387     33  2886.774     2898.401     2999.797
Reading model parameters from file Q.iridoviridae
1256  Q.iridoviridae+F+I 1400.568     51  2903.136     2933.445     3077.808
Reading model parameters from file Q.iridoviridae
1257  Q.iridoviridae+F+G4 1398.808     51  2899.616     2929.925     3074.289
Reading model parameters from file Q.iridoviridae
1258  Q.iridoviridae+F+I+G4 1399.108     52  2902.215     2933.893     3080.313
Reading model parameters from file Q.iridoviridae
1259  Q.iridoviridae+F+R2 1398.932     52  2901.863     2933.541     3079.961
Reading model parameters from file Q.mcv
WARNING: Normalizing state frequencies so that sum of them equals to 1
1278  Q.mcv+I       1401.699     32  2867.398     2878.285     2976.997
Reading model parameters from file Q.mcv
WARNING: Normalizing state frequencies so that sum of them equals to 1
1279  Q.mcv+G4      1398.930     32  2861.859     2872.746     2971.457
Reading model parameters from file Q.mcv
WARNING: Normalizing state frequencies so that sum of them equals to 1
1280  Q.mcv+I+G4    1399.293     33  2864.586     2876.213     2977.610
Reading model parameters from file Q.mcv
WARNING: Normalizing state frequencies so that sum of them equals to 1
1281  Q.mcv+R2      1398.756     33  2863.512     2875.139     2976.536
Reading model parameters from file Q.mcv
WARNING: Normalizing state frequencies so that sum of them equals to 1
1300  Q.mcv+F+I     1399.019     51  2900.037     2930.346     3074.710
Reading model parameters from file Q.mcv
WARNING: Normalizing state frequencies so that sum of them equals to 1
1301  Q.mcv+F+G4    1396.927     51  2895.853     2926.162     3070.526
Reading model parameters from file Q.mcv
WARNING: Normalizing state frequencies so that sum of them equals to 1
1302  Q.mcv+F+I+G4  1397.162     52  2898.324     2930.002     3076.421
Reading model parameters from file Q.mcv
WARNING: Normalizing state frequencies so that sum of them equals to 1
1303  Q.mcv+F+R2    1397.066     52  2898.132     2929.810     3076.230
Akaike Information Criterion:           Q.mcv+G4
Corrected Akaike Information Criterion: Q.mcv+G4
Bayesian Information Criterion:         Q.mcv+G4
Best-fit model: Q.mcv+G4 chosen according to BIC

All model information printed to iqtree_genus/OG0000017.fa.model.gz
CPU time for ModelFinder: 7.422 seconds (0h:0m:7s)
Wall-clock time for ModelFinder: 7.439 seconds (0h:0m:7s)
Generating 1000 samples for ultrafast bootstrap (seed: 45149)...
Reading model parameters from file Q.mcv
WARNING: Normalizing state frequencies so that sum of them equals to 1

NOTE: 1 MB RAM (0 GB) is required!
Estimate model parameters (epsilon = 0.100)
1. Initial log-likelihood: -1398.930
Optimal log-likelihood: -1398.926
Gamma shape alpha: 0.572
Parameters optimization took 1 rounds (0.007 sec)
Wrote distance file to... 
Computing ML distances based on estimated model parameters...
Calculating distance matrix: done in 0.0117579 secs using 99.99% CPU
Computing ML distances took 0.011787 sec (of wall-clock time) 0.011787 sec (of CPU time)
Setting up auxiliary I and S matrices: done in 3.8147e-05 secs using 99.61% CPU
Constructing RapidNJ tree: done in 4.50611e-05 secs using 208.6% CPU
Computing RapidNJ tree took 0.000114 sec (of wall-clock time) 0.000162 sec (of CPU time)
Log-likelihood of RapidNJ tree: -1398.928
--------------------------------------------------------------------
|             INITIALIZING CANDIDATE TREE SET                      |
--------------------------------------------------------------------
Generating 98 parsimony trees... 0.040 second
Computing log-likelihood of 98 initial trees ... 0.206 seconds
Current best score: -1398.926

Do NNI search on 20 best initial trees
Optimizing NNI: done in 0.0115221 secs using 100% CPU
Estimate model parameters (epsilon = 0.100)
BETTER TREE FOUND at iteration 1: -1398.926
Optimizing NNI: done in 0.0111439 secs using 100% CPU
Optimizing NNI: done in 0.0422881 secs using 100% CPU
BETTER TREE FOUND at iteration 3: -1398.926
Optimizing NNI: done in 0.041445 secs using 100% CPU
Optimizing NNI: done in 0.0424612 secs using 100% CPU
Optimizing NNI: done in 0.0428271 secs using 100% CPU
Optimizing NNI: done in 0.041723 secs using 100% CPU
Optimizing NNI: done in 0.041904 secs using 100% CPU
Optimizing NNI: done in 0.0417709 secs using 100% CPU
Optimizing NNI: done in 0.0426321 secs using 100% CPU
Iteration 10 / LogL: -1398.926 / Time: 0h:0m:0s
Optimizing NNI: done in 0.0426121 secs using 100% CPU
Optimizing NNI: done in 0.042696 secs using 100% CPU
Optimizing NNI: done in 0.0417459 secs using 99.97% CPU
Optimizing NNI: done in 0.0417099 secs using 100% CPU
Optimizing NNI: done in 0.0417271 secs using 100% CPU
Optimizing NNI: done in 0.0416901 secs using 100% CPU
Optimizing NNI: done in 0.041105 secs using 99.98% CPU
Optimizing NNI: done in 0.04091 secs using 100% CPU
Optimizing NNI: done in 0.0417161 secs using 100% CPU
Optimizing NNI: done in 0.041532 secs using 100% CPU
Iteration 20 / LogL: -1398.926 / Time: 0h:0m:1s
Finish initializing candidate tree set (10)
Current best tree score: -1398.926 / CPU time: 1.046
Number of iterations: 20
--------------------------------------------------------------------
|               OPTIMIZING CANDIDATE TREE SET                      |
--------------------------------------------------------------------
Optimizing NNI: done in 0.0398269 secs using 100% CPU
Optimizing NNI: done in 0.0983469 secs using 100% CPU
Optimizing NNI: done in 0.040282 secs using 100% CPU
Optimizing NNI: done in 0.0473351 secs using 100% CPU
Optimizing NNI: done in 0.0872781 secs using 100% CPU
Optimizing NNI: done in 0.070914 secs using 100% CPU
Optimizing NNI: done in 0.040776 secs using 100% CPU
Optimizing NNI: done in 0.0397401 secs using 100% CPU
Optimizing NNI: done in 0.059973 secs using 100% CPU
Optimizing NNI: done in 0.021152 secs using 100% CPU
Iteration 30 / LogL: -1400.121 / Time: 0h:0m:1s (0h:0m:4s left)
Optimizing NNI: done in 0.040405 secs using 100% CPU
Optimizing NNI: done in 0.0352099 secs using 100% CPU
Optimizing NNI: done in 0.082494 secs using 100% CPU
Optimizing NNI: done in 0.0552711 secs using 100% CPU
Optimizing NNI: done in 0.042563 secs using 100% CPU
Optimizing NNI: done in 0.0721271 secs using 100% CPU
Optimizing NNI: done in 0.041204 secs using 100% CPU
Optimizing NNI: done in 0.0277901 secs using 100% CPU
Optimizing NNI: done in 0.0398741 secs using 100% CPU
Optimizing NNI: done in 0.0378859 secs using 100% CPU
Iteration 40 / LogL: -1398.926 / Time: 0h:0m:2s (0h:0m:3s left)
Optimizing NNI: done in 0.0522518 secs using 100% CPU
Optimizing NNI: done in 0.063015 secs using 100% CPU
Optimizing NNI: done in 0.0496669 secs using 100% CPU
Optimizing NNI: done in 0.0620348 secs using 100% CPU
Optimizing NNI: done in 0.0842538 secs using 100% CPU
Optimizing NNI: done in 0.0425081 secs using 100% CPU
Optimizing NNI: done in 0.0708292 secs using 100% CPU
Optimizing NNI: done in 0.070585 secs using 100% CPU
Optimizing NNI: done in 0.0490861 secs using 100% CPU
Optimizing NNI: done in 0.0758228 secs using 100% CPU
Iteration 50 / LogL: -1398.926 / Time: 0h:0m:2s (0h:0m:3s left)
Log-likelihood cutoff on original alignment: -1415.771
Optimizing NNI: done in 0.0574841 secs using 100% CPU
Optimizing NNI: done in 0.0871601 secs using 99.99% CPU
Optimizing NNI: done in 0.021961 secs using 100% CPU
Optimizing NNI: done in 0.0420449 secs using 100% CPU
Optimizing NNI: done in 0.054368 secs using 100% CPU
Optimizing NNI: done in 0.0548251 secs using 100% CPU
Optimizing NNI: done in 0.104541 secs using 100% CPU
Optimizing NNI: done in 0.068912 secs using 100% CPU
Optimizing NNI: done in 0.0565 secs using 100% CPU
Optimizing NNI: done in 0.062562 secs using 100% CPU
Iteration 60 / LogL: -1398.926 / Time: 0h:0m:3s (0h:0m:2s left)
Optimizing NNI: done in 0.0442021 secs using 100% CPU
Optimizing NNI: done in 0.0475099 secs using 100% CPU
Optimizing NNI: done in 0.041455 secs using 100% CPU
Optimizing NNI: done in 0.0557692 secs using 100% CPU
Optimizing NNI: done in 0.0697761 secs using 100% CPU
Optimizing NNI: done in 0.052731 secs using 100% CPU
Optimizing NNI: done in 0.0584991 secs using 100% CPU
Optimizing NNI: done in 0.0665848 secs using 100% CPU
Optimizing NNI: done in 0.060802 secs using 99.99% CPU
Optimizing NNI: done in 0.041425 secs using 100% CPU
Iteration 70 / LogL: -1398.927 / Time: 0h:0m:4s (0h:0m:1s left)
Optimizing NNI: done in 0.0361331 secs using 100% CPU
BETTER TREE FOUND at iteration 71: -1398.926
Optimizing NNI: done in 0.0380349 secs using 100% CPU
Optimizing NNI: done in 0.0572882 secs using 98.11% CPU
Optimizing NNI: done in 0.0496111 secs using 100% CPU
Optimizing NNI: done in 0.0427642 secs using 100% CPU
Optimizing NNI: done in 0.0373831 secs using 100% CPU
Optimizing NNI: done in 0.0608571 secs using 100% CPU
Optimizing NNI: done in 0.0287621 secs using 100% CPU
Optimizing NNI: done in 0.0879731 secs using 100% CPU
Optimizing NNI: done in 0.0400229 secs using 100% CPU
Iteration 80 / LogL: -1398.927 / Time: 0h:0m:4s (0h:0m:5s left)
Optimizing NNI: done in 0.07546 secs using 100% CPU
Optimizing NNI: done in 0.0730379 secs using 100% CPU
Optimizing NNI: done in 0.0636518 secs using 100% CPU
Optimizing NNI: done in 0.039674 secs using 96.99% CPU
UPDATE BEST LOG-LIKELIHOOD: -1398.926
Optimizing NNI: done in 0.0539601 secs using 100% CPU
Optimizing NNI: done in 0.056313 secs using 100% CPU
Optimizing NNI: done in 0.071084 secs using 99.99% CPU
Optimizing NNI: done in 0.044172 secs using 100% CPU
Optimizing NNI: done in 0.060137 secs using 100% CPU
Optimizing NNI: done in 0.0607772 secs using 100% CPU
Iteration 90 / LogL: -1398.926 / Time: 0h:0m:5s (0h:0m:4s left)
Optimizing NNI: done in 0.092633 secs using 100% CPU
Optimizing NNI: done in 0.0284791 secs using 100% CPU
Optimizing NNI: done in 0.051105 secs using 100% CPU
Optimizing NNI: done in 0.0703831 secs using 100% CPU
Optimizing NNI: done in 0.0595012 secs using 100% CPU
Optimizing NNI: done in 0.0361431 secs using 100% CPU
UPDATE BEST LOG-LIKELIHOOD: -1398.926
Optimizing NNI: done in 0.0359368 secs using 100% CPU
Optimizing NNI: done in 0.0718479 secs using 100% CPU
Optimizing NNI: done in 0.0437989 secs using 100% CPU
Optimizing NNI: done in 0.0596611 secs using 100% CPU
Iteration 100 / LogL: -1398.926 / Time: 0h:0m:5s (0h:0m:4s left)
Log-likelihood cutoff on original alignment: -1417.374
NOTE: Bootstrap correlation coefficient of split occurrence frequencies: 0.992
Optimizing NNI: done in 0.039696 secs using 99.98% CPU
Optimizing NNI: done in 0.073292 secs using 100% CPU
Optimizing NNI: done in 0.0304511 secs using 100% CPU
Optimizing NNI: done in 0.038533 secs using 99.97% CPU
Optimizing NNI: done in 0.0427861 secs using 100% CPU
Optimizing NNI: done in 0.0663481 secs using 100% CPU
Optimizing NNI: done in 0.0553019 secs using 100% CPU
Optimizing NNI: done in 0.0467589 secs using 100% CPU
Optimizing NNI: done in 0.0580618 secs using 100% CPU
Optimizing NNI: done in 0.041208 secs using 100% CPU
Iteration 110 / LogL: -1398.926 / Time: 0h:0m:6s (0h:0m:5s left)
Optimizing NNI: done in 0.079375 secs using 100% CPU
Optimizing NNI: done in 0.064141 secs using 100% CPU
Optimizing NNI: done in 0.052964 secs using 100% CPU
Optimizing NNI: done in 0.0716128 secs using 100% CPU
Optimizing NNI: done in 0.0611429 secs using 100% CPU
Optimizing NNI: done in 0.0629001 secs using 100% CPU
Optimizing NNI: done in 0.0433791 secs using 100% CPU
Optimizing NNI: done in 0.053674 secs using 100% CPU
Optimizing NNI: done in 0.030992 secs using 99.98% CPU
Optimizing NNI: done in 0.061306 secs using 100% CPU
Iteration 120 / LogL: -1398.927 / Time: 0h:0m:6s (0h:0m:4s left)
Optimizing NNI: done in 0.0430019 secs using 99.98% CPU
Optimizing NNI: done in 0.0492589 secs using 100% CPU
Optimizing NNI: done in 0.06025 secs using 100% CPU
Optimizing NNI: done in 0.0712209 secs using 100% CPU
Optimizing NNI: done in 0.058394 secs using 100% CPU
Optimizing NNI: done in 0.0639148 secs using 100% CPU
Optimizing NNI: done in 0.0577509 secs using 100% CPU
Optimizing NNI: done in 0.053184 secs using 100% CPU
Optimizing NNI: done in 0.0564508 secs using 100% CPU
Optimizing NNI: done in 0.046737 secs using 100% CPU
Iteration 130 / LogL: -1398.927 / Time: 0h:0m:7s (0h:0m:4s left)
Optimizing NNI: done in 0.061893 secs using 100% CPU
Optimizing NNI: done in 0.0515749 secs using 100% CPU
Optimizing NNI: done in 0.0657651 secs using 100% CPU
Optimizing NNI: done in 0.065002 secs using 100% CPU
Optimizing NNI: done in 0.0493429 secs using 100% CPU
Optimizing NNI: done in 0.051331 secs using 100% CPU
Optimizing NNI: done in 0.052104 secs using 100% CPU
Optimizing NNI: done in 0.040282 secs using 100% CPU
Optimizing NNI: done in 0.0508409 secs using 100% CPU
Optimizing NNI: done in 0.0111229 secs using 99.99% CPU
UPDATE BEST LOG-LIKELIHOOD: -1398.926
Iteration 140 / LogL: -1398.926 / Time: 0h:0m:8s (0h:0m:3s left)
Optimizing NNI: done in 0.0780201 secs using 100% CPU
Optimizing NNI: done in 0.0493011 secs using 100% CPU
Optimizing NNI: done in 0.0739262 secs using 100% CPU
Optimizing NNI: done in 0.0220051 secs using 100% CPU
Optimizing NNI: done in 0.044158 secs using 100% CPU
Optimizing NNI: done in 0.0758531 secs using 99.98% CPU
Optimizing NNI: done in 0.0422089 secs using 100% CPU
Optimizing NNI: done in 0.0725062 secs using 100% CPU
Optimizing NNI: done in 0.0541139 secs using 100% CPU
Optimizing NNI: done in 0.043596 secs using 100% CPU
Iteration 150 / LogL: -1401.741 / Time: 0h:0m:8s (0h:0m:2s left)
Log-likelihood cutoff on original alignment: -1418.719
Optimizing NNI: done in 0.065594 secs using 99.99% CPU
Optimizing NNI: done in 0.057936 secs using 100% CPU
Optimizing NNI: done in 0.0648501 secs using 100% CPU
Optimizing NNI: done in 0.0597231 secs using 100% CPU
Optimizing NNI: done in 0.0812201 secs using 100% CPU
Optimizing NNI: done in 0.037544 secs using 100% CPU
Optimizing NNI: done in 0.061938 secs using 100% CPU
Optimizing NNI: done in 0.0493319 secs using 100% CPU
Optimizing NNI: done in 0.053998 secs using 100% CPU
Optimizing NNI: done in 0.0304511 secs using 100% CPU
Iteration 160 / LogL: -1402.218 / Time: 0h:0m:9s (0h:0m:2s left)
Optimizing NNI: done in 0.060667 secs using 100% CPU
Optimizing NNI: done in 0.105987 secs using 100% CPU
Optimizing NNI: done in 0.0709069 secs using 100% CPU
Optimizing NNI: done in 0.049355 secs using 100% CPU
Optimizing NNI: done in 0.071908 secs using 100% CPU
Optimizing NNI: done in 0.0437469 secs using 100% CPU
Optimizing NNI: done in 0.058392 secs using 100% CPU
Optimizing NNI: done in 0.0664859 secs using 100% CPU
Optimizing NNI: done in 0.0422711 secs using 100% CPU
Optimizing NNI: done in 0.0547562 secs using 100% CPU
Iteration 170 / LogL: -1401.741 / Time: 0h:0m:9s (0h:0m:1s left)
Optimizing NNI: done in 0.029403 secs using 100% CPU
Optimizing NNI: done in 0.0536499 secs using 99.98% CPU
TREE SEARCH COMPLETED AFTER 172 ITERATIONS / Time: 0h:0m:9s

--------------------------------------------------------------------
|                    FINALIZING TREE SEARCH                        |
--------------------------------------------------------------------
Performs final model parameters optimization
Estimate model parameters (epsilon = 0.010)
1. Initial log-likelihood: -1398.926
Optimal log-likelihood: -1398.926
Gamma shape alpha: 0.569
Parameters optimization took 1 rounds (0.008 sec)
BEST SCORE FOUND : -1398.926
Creating bootstrap support values...
Split supports printed to NEXUS file iqtree_genus/OG0000017.fa.splits.nex
Total tree length: 1.242

Total number of iterations: 172
CPU time used for tree search: 10.074 sec (0h:0m:10s)
Wall-clock time used for tree search: 9.939 sec (0h:0m:9s)
Total CPU time used: 10.147 sec (0h:0m:10s)
Total wall-clock time used: 10.014 sec (0h:0m:10s)

Computing bootstrap consensus tree...
Reading input file iqtree_genus/OG0000017.fa.splits.nex...
17 taxa and 189 splits.
Consensus tree written to iqtree_genus/OG0000017.fa.contree
Reading input trees file iqtree_genus/OG0000017.fa.contree
Log-likelihood of consensus tree: -1398.929

Analysis results written to: 
  IQ-TREE report:                iqtree_genus/OG0000017.fa.iqtree
  Maximum-likelihood tree:       iqtree_genus/OG0000017.fa.treefile
  Likelihood distances:          iqtree_genus/OG0000017.fa.mldist

Ultrafast bootstrap approximation results written to:
  Split support values:          iqtree_genus/OG0000017.fa.splits.nex
  Consensus tree:                iqtree_genus/OG0000017.fa.contree
  Screen log file:               iqtree_genus/OG0000017.fa.log

Date and Time: Wed Apr  2 13:59:15 2025
