IQ-TREE multicore version 2.2.0.5 COVID-edition for Linux 64-bit built Sep 26 2022
Developed by Bui Quang Minh, James Barbetti, Nguyen Lam Tung,
Olga Chernomor, Heiko Schmidt, Dominik Schrempf, Michael Woodhams, Ly Trong Nhan.

Host:    petrichor-dm (AVX2, FMA3, 503 GB RAM)
Command: iqtree2 -s alignments_genus_muscle5_edited_trimmed/OG0000028.fa -B 1000 -mset Blosum62,cpREV,Dayhoff,DCMut,FLAVI,FLU,HIVb,HIVw,JTT,JTTDCMut,LG,mtART,mtMAM,mtREV,mtZOA,mtMet,mtVer,mtInv,PMB,Q.bird,Q.insect,Q.mammal,Q.pfam,Q.plant,Q.yeast,rtREV,VT,WAG,Q.iridoviridae,Q.mcv -T 1 -pre iqtree_genus/OG0000028.fa
Seed:    211963 (Using SPRNG - Scalable Parallel Random Number Generator)
Time:    Wed Apr  2 14:05:05 2025
Kernel:  AVX+FMA - 1 threads (32 CPU cores detected)

HINT: Use -nt option to specify number of threads because your CPU has 32 cores!
HINT: -nt AUTO will automatically determine the best number of threads to use.

Reading alignment file alignments_genus_muscle5_edited_trimmed/OG0000028.fa ... Fasta format detected
Reading fasta file: done in 0.000271082 secs
Alignment most likely contains protein sequences
Constructing alignment: done in 0.0001719 secs
Alignment has 62 sequences with 165 columns, 143 distinct patterns
114 parsimony-informative, 21 singleton sites, 30 constant sites
                                                          Gap/Ambiguity  Composition  p-value
Analyzing sequences: done in 1.5974e-05 secs
   1  MK689685_Megalocytivirus_pagrus1_ISKNV                      0.00%    passed    100.00%
   2  AB104413_Megalocytivirus_pagrus1_RSIV                       0.00%    passed    100.00%
   3  ON075463_Megalocytivirus_pagrus1_RSIV                       0.00%    passed    100.00%
   4  MK689686_Megalocytivirus_pagrus1_RSIV                       0.00%    passed    100.00%
   5  MW883596_Megalocytivirus_pagrus1_ISKNV                      0.00%    passed    100.00%
   6  OQ513807_Megalocytivirus_pagrus1_ISKNV                      0.00%    passed    100.00%
   7  MN562489_Megalocytivirus_lates1_SDDV                        1.21%    failed      0.01%
   8  MT986830_Megalocytivirus_pagrus1_ISKNV                      0.00%    passed    100.00%
   9  OL774655_Megalocytivirus_pagrus1_RSIV                       0.00%    passed    100.00%
  10  MT128667_Megalocytivirus_pagrus1_ISKNV                      0.00%    passed    100.00%
  11  OQ475017_Megalocytivirus_pagrus1_RSIV                       0.00%    passed    100.00%
  12  MW883600_Megalocytivirus_pagrus1_ISKNV                      0.00%    passed    100.00%
  13  PP151097_Megalocytivirus_pagrus1_ISKNV                      0.00%    passed    100.00%
  14  MW883606_Megalocytivirus_pagrus1_ISKNV                      0.00%    passed    100.00%
  15  OP896201_Megalocytivirus_pagrus1_ISKNV                      0.00%    passed    100.00%
  16  MG570132_Megalocytivirus_pagrus1_TRBIV                      0.00%    passed    100.00%
  17  MW883599_Megalocytivirus_pagrus1_ISKNV                      0.00%    passed    100.00%
  18  PQ335173_PQ335174_Threespine_stickleback_iridovirus_TSIV    1.21%    passed     92.97%
  19  MW883595_Megalocytivirus_pagrus1_ISKNV                      0.00%    passed    100.00%
  20  PP974677_Megalocytivirus_pagrus1_ISKNV                      0.00%    passed    100.00%
  21  ON743042_Megalocytivirus_pagrus1_RSIV                       0.00%    passed    100.00%
  22  MW883598_Megalocytivirus_pagrus1_RSIV                       0.00%    passed    100.00%
  23  MT798582_Megalocytivirus_pagrus1_RSIV                       0.00%    passed    100.00%
  24  OK042109_Megalocytivirus_pagrus1_RSIV                       0.00%    passed    100.00%
  25  ON740976_Megalocytivirus_pagrus1_RSIV                       0.00%    passed    100.00%
  26  MW883602_Megalocytivirus_pagrus1_ISKNV                      0.00%    passed    100.00%
  27  MT521409_Megalocytivirus_lates1_SDDV                        1.21%    failed      0.01%
  28  KT781098_Megalocytivirus_pagrus1_ISKNV                      0.00%    passed    100.00%
  29  BD143114_Megalocytivirus_pagrus1_RSIV                       0.00%    passed    100.00%
  30  OM037668_Megalocytivirus_lates1_SDDV                        1.21%    failed      0.01%
  31  OK042108_Megalocytivirus_pagrus1_RSIV                       0.00%    passed    100.00%
  32  KT804738_Megalocytivirus_pagrus1_RSIV                       0.00%    passed    100.00%
  33  MG570131_Megalocytivirus_pagrus1_TRBIV                      0.00%    passed    100.00%
  34  GQ273492_Megalocytivirus_pagrus1_TRBIV                      0.00%    passed    100.00%
  35  MW883593_Megalocytivirus_pagrus1_ISKNV                      0.00%    passed    100.00%
  36  23043610005_Megalocytivirus_pagrus1_ISKNV                   0.00%    passed    100.00%
  37  ON212400_Megalocytivirus_pagrus1_ISKNV                      0.00%    passed    100.00%
  38  MK098185_Megalocytivirus_pagrus1_RSIV                       0.00%    passed    100.00%
  39  OR356116_Megalocytivirus_pagrus1_ISKNV                      0.00%    passed    100.00%
  40  KC244182_Megalocytivirus_pagrus1_RSIV                       0.00%    passed    100.00%
  41  NC_003494_Megalocytivirus_pagrus1_ISKNV                     0.00%    passed    100.00%
  42  OR670976_Megalocytivirus_pagrus1_ISKNV                      0.00%    passed    100.00%
  43  MW883603_Megalocytivirus_pagrus1_ISKNV                      0.00%    passed    100.00%
  44  MK098186_Megalocytivirus_pagrus1_RSIV                       0.00%    passed    100.00%
  45  OR536350_Megalocytivirus_pagrus1_ISKNV                      0.00%    passed    100.00%
  46  23043610003_Megalocytivirus_pagrus1_ISKNV                   0.00%    passed    100.00%
  47  MW883594_Megalocytivirus_pagrus1_ISKNV                      0.00%    passed    100.00%
  48  MW273353_Megalocytivirus_pagrus1_ISKNV                      0.00%    passed    100.00%
  49  MK098187_Megalocytivirus_pagrus1_RSIV                       0.00%    passed    100.00%
  50  OL774654_Megalocytivirus_pagrus1_RSIV                       0.00%    passed    100.00%
  51  MW883597_Megalocytivirus_pagrus1_ISKNV                      0.00%    passed    100.00%
  52  AF371960_Megalocytivirus_pagrus1_ISKNV                      0.00%    passed    100.00%
  53  MT926123_Megalocytivirus_pagrus1_ISKNV                      0.00%    passed    100.00%
  54  OP009387_Megalocytivirus_pagrus1_ISKNV                      0.00%    passed    100.00%
  55  MW139932_Megalocytivirus_pagrus1_RSIV                       0.00%    passed    100.00%
  56  MW273354_Megalocytivirus_pagrus1_ISKNV                      0.00%    passed    100.00%
  57  AY894343_Megalocytivirus_pagrus1_RSIV                       0.00%    passed    100.00%
  58  AP017456_Megalocytivirus_pagrus1_RSIV                       0.00%    passed    100.00%
  59  OL774653_Megalocytivirus_pagrus1_RSIV                       0.00%    passed    100.00%
  60  MW883601_Megalocytivirus_pagrus1_ISKNV                      0.00%    passed    100.00%
  61  MN432490_Megalocytivirus_pagrus1_ISKNV                      0.00%    passed    100.00%
  62  MT128666_Megalocytivirus_pagrus1_ISKNV                      0.00%    passed    100.00%
****  TOTAL                                                       0.08%  3 sequences failed composition chi2 test (p-value<5%; df=19)
NOTE: MW883596_Megalocytivirus_pagrus1_ISKNV is identical to MK689685_Megalocytivirus_pagrus1_ISKNV but kept for subsequent analysis
NOTE: BD143114_Megalocytivirus_pagrus1_RSIV is identical to AB104413_Megalocytivirus_pagrus1_RSIV but kept for subsequent analysis
NOTE: MK689686_Megalocytivirus_pagrus1_RSIV is identical to ON075463_Megalocytivirus_pagrus1_RSIV but kept for subsequent analysis
NOTE: MT521409_Megalocytivirus_lates1_SDDV is identical to MN562489_Megalocytivirus_lates1_SDDV but kept for subsequent analysis
NOTE: PP151097_Megalocytivirus_pagrus1_ISKNV is identical to MT986830_Megalocytivirus_pagrus1_ISKNV but kept for subsequent analysis
NOTE: OL774654_Megalocytivirus_pagrus1_RSIV is identical to OL774655_Megalocytivirus_pagrus1_RSIV but kept for subsequent analysis
NOTE: MG570131_Megalocytivirus_pagrus1_TRBIV is identical to MG570132_Megalocytivirus_pagrus1_TRBIV but kept for subsequent analysis
Checking for duplicate sequences: done in 0.000128031 secs
Identifying sites to remove: done in 5.38826e-05 secs
NOTE: 44 identical sequences (see below) will be ignored for subsequent analysis
NOTE: OQ513807_Megalocytivirus_pagrus1_ISKNV (identical to MK689685_Megalocytivirus_pagrus1_ISKNV) is ignored but added at the end
NOTE: MT128667_Megalocytivirus_pagrus1_ISKNV (identical to MK689685_Megalocytivirus_pagrus1_ISKNV) is ignored but added at the end
NOTE: MW883600_Megalocytivirus_pagrus1_ISKNV (identical to MK689685_Megalocytivirus_pagrus1_ISKNV) is ignored but added at the end
NOTE: MW883606_Megalocytivirus_pagrus1_ISKNV (identical to MK689685_Megalocytivirus_pagrus1_ISKNV) is ignored but added at the end
NOTE: OP896201_Megalocytivirus_pagrus1_ISKNV (identical to MK689685_Megalocytivirus_pagrus1_ISKNV) is ignored but added at the end
NOTE: MW883599_Megalocytivirus_pagrus1_ISKNV (identical to MK689685_Megalocytivirus_pagrus1_ISKNV) is ignored but added at the end
NOTE: MW883602_Megalocytivirus_pagrus1_ISKNV (identical to MK689685_Megalocytivirus_pagrus1_ISKNV) is ignored but added at the end
NOTE: KT781098_Megalocytivirus_pagrus1_ISKNV (identical to MK689685_Megalocytivirus_pagrus1_ISKNV) is ignored but added at the end
NOTE: MW883593_Megalocytivirus_pagrus1_ISKNV (identical to MK689685_Megalocytivirus_pagrus1_ISKNV) is ignored but added at the end
NOTE: 23043610005_Megalocytivirus_pagrus1_ISKNV (identical to MK689685_Megalocytivirus_pagrus1_ISKNV) is ignored but added at the end
NOTE: ON212400_Megalocytivirus_pagrus1_ISKNV (identical to MK689685_Megalocytivirus_pagrus1_ISKNV) is ignored but added at the end
NOTE: OR356116_Megalocytivirus_pagrus1_ISKNV (identical to MK689685_Megalocytivirus_pagrus1_ISKNV) is ignored but added at the end
NOTE: NC_003494_Megalocytivirus_pagrus1_ISKNV (identical to MK689685_Megalocytivirus_pagrus1_ISKNV) is ignored but added at the end
NOTE: OR670976_Megalocytivirus_pagrus1_ISKNV (identical to MK689685_Megalocytivirus_pagrus1_ISKNV) is ignored but added at the end
NOTE: MW883603_Megalocytivirus_pagrus1_ISKNV (identical to MK689685_Megalocytivirus_pagrus1_ISKNV) is ignored but added at the end
NOTE: OR536350_Megalocytivirus_pagrus1_ISKNV (identical to MK689685_Megalocytivirus_pagrus1_ISKNV) is ignored but added at the end
NOTE: 23043610003_Megalocytivirus_pagrus1_ISKNV (identical to MK689685_Megalocytivirus_pagrus1_ISKNV) is ignored but added at the end
NOTE: MW883594_Megalocytivirus_pagrus1_ISKNV (identical to MK689685_Megalocytivirus_pagrus1_ISKNV) is ignored but added at the end
NOTE: MW273353_Megalocytivirus_pagrus1_ISKNV (identical to MK689685_Megalocytivirus_pagrus1_ISKNV) is ignored but added at the end
NOTE: MW883597_Megalocytivirus_pagrus1_ISKNV (identical to MK689685_Megalocytivirus_pagrus1_ISKNV) is ignored but added at the end
NOTE: AF371960_Megalocytivirus_pagrus1_ISKNV (identical to MK689685_Megalocytivirus_pagrus1_ISKNV) is ignored but added at the end
NOTE: MT926123_Megalocytivirus_pagrus1_ISKNV (identical to MK689685_Megalocytivirus_pagrus1_ISKNV) is ignored but added at the end
NOTE: MW273354_Megalocytivirus_pagrus1_ISKNV (identical to MK689685_Megalocytivirus_pagrus1_ISKNV) is ignored but added at the end
NOTE: MT128666_Megalocytivirus_pagrus1_ISKNV (identical to MK689685_Megalocytivirus_pagrus1_ISKNV) is ignored but added at the end
NOTE: MK098185_Megalocytivirus_pagrus1_RSIV (identical to AB104413_Megalocytivirus_pagrus1_RSIV) is ignored but added at the end
NOTE: MK098186_Megalocytivirus_pagrus1_RSIV (identical to AB104413_Megalocytivirus_pagrus1_RSIV) is ignored but added at the end
NOTE: MK098187_Megalocytivirus_pagrus1_RSIV (identical to AB104413_Megalocytivirus_pagrus1_RSIV) is ignored but added at the end
NOTE: ON743042_Megalocytivirus_pagrus1_RSIV (identical to ON075463_Megalocytivirus_pagrus1_RSIV) is ignored but added at the end
NOTE: MW883598_Megalocytivirus_pagrus1_RSIV (identical to ON075463_Megalocytivirus_pagrus1_RSIV) is ignored but added at the end
NOTE: MT798582_Megalocytivirus_pagrus1_RSIV (identical to ON075463_Megalocytivirus_pagrus1_RSIV) is ignored but added at the end
NOTE: OK042109_Megalocytivirus_pagrus1_RSIV (identical to ON075463_Megalocytivirus_pagrus1_RSIV) is ignored but added at the end
NOTE: ON740976_Megalocytivirus_pagrus1_RSIV (identical to ON075463_Megalocytivirus_pagrus1_RSIV) is ignored but added at the end
NOTE: OK042108_Megalocytivirus_pagrus1_RSIV (identical to ON075463_Megalocytivirus_pagrus1_RSIV) is ignored but added at the end
NOTE: KT804738_Megalocytivirus_pagrus1_RSIV (identical to ON075463_Megalocytivirus_pagrus1_RSIV) is ignored but added at the end
NOTE: KC244182_Megalocytivirus_pagrus1_RSIV (identical to ON075463_Megalocytivirus_pagrus1_RSIV) is ignored but added at the end
NOTE: AY894343_Megalocytivirus_pagrus1_RSIV (identical to ON075463_Megalocytivirus_pagrus1_RSIV) is ignored but added at the end
NOTE: AP017456_Megalocytivirus_pagrus1_RSIV (identical to ON075463_Megalocytivirus_pagrus1_RSIV) is ignored but added at the end
NOTE: OM037668_Megalocytivirus_lates1_SDDV (identical to MN562489_Megalocytivirus_lates1_SDDV) is ignored but added at the end
NOTE: MW883595_Megalocytivirus_pagrus1_ISKNV (identical to MT986830_Megalocytivirus_pagrus1_ISKNV) is ignored but added at the end
NOTE: PP974677_Megalocytivirus_pagrus1_ISKNV (identical to MT986830_Megalocytivirus_pagrus1_ISKNV) is ignored but added at the end
NOTE: OP009387_Megalocytivirus_pagrus1_ISKNV (identical to MT986830_Megalocytivirus_pagrus1_ISKNV) is ignored but added at the end
NOTE: MN432490_Megalocytivirus_pagrus1_ISKNV (identical to MT986830_Megalocytivirus_pagrus1_ISKNV) is ignored but added at the end
NOTE: MW139932_Megalocytivirus_pagrus1_RSIV (identical to OL774655_Megalocytivirus_pagrus1_RSIV) is ignored but added at the end
NOTE: OL774653_Megalocytivirus_pagrus1_RSIV (identical to OL774655_Megalocytivirus_pagrus1_RSIV) is ignored but added at the end
Alignment was printed to iqtree_genus/OG0000028.fa.uniqueseq.phy

For your convenience alignment with unique sequences printed to iqtree_genus/OG0000028.fa.uniqueseq.phy


Create initial parsimony tree by phylogenetic likelihood library (PLL)... 0.001 seconds
Perform fast likelihood tree search using LG+I+G model...
Estimate model parameters (epsilon = 5.000)
Perform nearest neighbor interchange...
Optimizing NNI: done in 0.0375688 secs using 100% CPU
Estimate model parameters (epsilon = 1.000)
1. Initial log-likelihood: -1331.523
Optimal log-likelihood: -1331.048
Proportion of invariable sites: 0.059
Gamma shape alpha: 998.328
Parameters optimization took 1 rounds (0.018 sec)
Time for fast ML tree search: 0.102 seconds

NOTE: ModelFinder requires 5 MB RAM!
ModelFinder will test up to 1320 protein models (sample size: 165) ...
 No. Model         -LnL         df  AIC          AICc         BIC
  1  Blosum62      1350.162     33  2766.324     2783.454     2868.820
  2  Blosum62+I    1350.162     34  2768.324     2786.632     2873.926
  3  Blosum62+G4   1350.164     34  2768.328     2786.635     2873.930
  4  Blosum62+I+G4 1350.483     35  2770.966     2790.501     2879.674
  5  Blosum62+R2   1350.281     35  2770.562     2790.097     2879.270
  6  Blosum62+R3   1350.257     37  2774.515     2796.657     2889.435
 14  Blosum62+I+R2 1350.344     36  2772.687     2793.500     2884.501
 15  Blosum62+I+R3 1350.258     38  2776.516     2800.039     2894.541
 23  Blosum62+F    1332.530     52  2769.060     2818.274     2930.569
 24  Blosum62+F+I  1332.530     53  2771.060     2822.628     2935.675
 25  Blosum62+F+G4 1332.532     53  2771.063     2822.631     2935.679
 45  cpREV         1345.748     33  2757.496     2774.625     2859.992
 46  cpREV+I       1344.863     34  2757.726     2776.033     2863.328
 47  cpREV+G4      1345.337     34  2758.674     2776.981     2864.276
 67  cpREV+F       1323.982     52  2751.963     2801.177     2913.472
 68  cpREV+F+I     1323.555     53  2753.110     2804.677     2917.725
 69  cpREV+F+G4    1323.702     53  2753.404     2804.971     2918.019
 89  Dayhoff       1339.359     33  2744.719     2761.848     2847.215
 90  Dayhoff+I     1339.357     34  2746.713     2765.021     2852.315
 91  Dayhoff+G4    1339.359     34  2746.718     2765.025     2852.320
111  Dayhoff+F     1311.913     52  2727.825     2777.039     2889.334
112  Dayhoff+F+I   1311.913     53  2729.825     2781.393     2894.441
113  Dayhoff+F+G4  1311.913     53  2729.827     2781.394     2894.442
133  DCMut         1339.434     33  2744.869     2761.998     2847.365
134  DCMut+I       1339.433     34  2746.866     2765.173     2852.468
135  DCMut+G4      1339.435     34  2746.870     2765.177     2852.472
155  DCMut+F       1311.976     52  2727.951     2777.166     2889.460
156  DCMut+F+I     1311.976     53  2729.952     2781.519     2894.567
157  DCMut+F+G4    1311.976     53  2729.953     2781.520     2894.568
WARNING: Normalizing state frequencies so that sum of them equals to 1
177  FLAVI         1358.603     33  2783.205     2800.335     2885.702
WARNING: Normalizing state frequencies so that sum of them equals to 1
178  FLAVI+I       1355.054     34  2778.109     2796.416     2883.711
WARNING: Normalizing state frequencies so that sum of them equals to 1
179  FLAVI+G4      1356.011     34  2780.022     2798.330     2885.624
WARNING: Normalizing state frequencies so that sum of them equals to 1
199  FLAVI+F       1337.093     52  2778.185     2827.399     2939.694
WARNING: Normalizing state frequencies so that sum of them equals to 1
200  FLAVI+F+I     1335.693     53  2777.386     2828.953     2942.001
WARNING: Normalizing state frequencies so that sum of them equals to 1
201  FLAVI+F+G4    1334.818     53  2775.635     2827.203     2940.251
221  FLU           1334.789     33  2735.579     2752.709     2838.075
222  FLU+I         1333.687     34  2735.375     2753.683     2840.977
223  FLU+G4        1334.372     34  2736.743     2755.051     2842.345
243  FLU+F         1316.601     52  2737.202     2786.416     2898.711
244  FLU+F+I       1316.546     53  2739.092     2790.660     2903.708
245  FLU+F+G4      1316.357     53  2738.714     2790.282     2903.329
265  HIVb          1340.373     33  2746.746     2763.876     2849.242
266  HIVb+I        1338.403     34  2744.807     2763.115     2850.409
267  HIVb+G4       1339.763     34  2747.526     2765.833     2853.128
287  HIVb+F        1314.877     52  2733.754     2782.968     2895.263
288  HIVb+F+I      1314.372     53  2734.744     2786.312     2899.359
289  HIVb+F+G4     1314.599     53  2735.197     2786.765     2899.813
309  HIVw          1379.187     33  2824.374     2841.503     2926.870
310  HIVw+I        1374.525     34  2817.050     2835.358     2922.652
311  HIVw+G4       1375.829     34  2819.659     2837.966     2925.261
331  HIVw+F        1342.593     52  2789.185     2838.400     2950.695
332  HIVw+F+I      1341.226     53  2788.453     2840.020     2953.068
333  HIVw+F+G4     1341.398     53  2788.795     2840.363     2953.410
353  JTT           1327.598     33  2721.196     2738.326     2823.692
354  JTT+I         1327.542     34  2723.084     2741.392     2828.686
355  JTT+G4        1327.598     34  2723.197     2741.504     2828.799
375  JTT+F         1310.305     52  2724.611     2773.825     2886.120
376  JTT+F+I       1310.305     53  2726.611     2778.179     2891.226
377  JTT+F+G4      1310.308     53  2726.616     2778.183     2891.231
397  JTTDCMut      1327.335     33  2720.670     2737.800     2823.166
398  JTTDCMut+I    1327.294     34  2722.588     2740.896     2828.190
399  JTTDCMut+G4   1327.336     34  2722.672     2740.979     2828.274
419  JTTDCMut+F    1310.127     52  2724.254     2773.469     2885.763
420  JTTDCMut+F+I  1310.127     53  2726.254     2777.822     2890.870
421  JTTDCMut+F+G4 1310.130     53  2726.259     2777.827     2890.874
441  LG            1330.832     33  2727.665     2744.794     2830.161
442  LG+I          1330.677     34  2729.354     2747.661     2834.956
443  LG+G4         1330.529     34  2729.058     2747.366     2834.661
463  LG+F          1313.798     52  2731.597     2780.811     2893.106
464  LG+F+I        1313.780     53  2733.561     2785.128     2898.176
465  LG+F+G4       1313.684     53  2733.367     2784.935     2897.982
485  mtART         1438.694     33  2943.388     2960.517     3045.884
486  mtART+I       1430.985     34  2929.970     2948.277     3035.572
487  mtART+G4      1424.396     34  2916.793     2935.100     3022.395
507  mtART+F       1361.418     52  2826.837     2876.051     2988.346
508  mtART+F+I     1358.692     53  2823.383     2874.951     2987.998
509  mtART+F+G4    1352.202     53  2810.404     2861.972     2975.019
529  mtMAM         1429.227     33  2924.454     2941.584     3026.950
530  mtMAM+I       1416.248     34  2900.497     2918.804     3006.099
531  mtMAM+G4      1414.716     34  2897.432     2915.739     3003.034
551  mtMAM+F       1357.217     52  2818.434     2867.648     2979.943
552  mtMAM+F+I     1353.820     53  2813.639     2865.207     2978.255
553  mtMAM+F+G4    1350.716     53  2807.431     2858.999     2972.046
573  mtREV         1396.018     33  2858.036     2875.166     2960.533
574  mtREV+I       1392.945     34  2853.890     2872.198     2959.492
575  mtREV+G4      1392.741     34  2853.481     2871.789     2959.083
595  mtREV+F       1335.551     52  2775.103     2824.317     2936.612
596  mtREV+F+I     1335.101     53  2776.202     2827.770     2940.817
597  mtREV+F+G4    1334.368     53  2774.736     2826.304     2939.351
617  mtZOA         1400.962     33  2867.923     2885.053     2970.420
618  mtZOA+I       1396.442     34  2860.885     2879.193     2966.487
619  mtZOA+G4      1394.015     34  2856.030     2874.338     2961.633
639  mtZOA+F       1335.569     52  2775.138     2824.353     2936.648
640  mtZOA+F+I     1334.292     53  2774.584     2826.152     2939.199
641  mtZOA+F+G4    1332.073     53  2770.145     2821.713     2934.760
661  mtMet         1402.463     33  2870.926     2888.056     2973.422
662  mtMet+I       1398.154     34  2864.308     2882.616     2969.911
663  mtMet+G4      1398.573     34  2865.146     2883.454     2970.748
683  mtMet+F       1327.688     52  2759.375     2808.589     2920.884
684  mtMet+F+I     1327.222     53  2760.444     2812.012     2925.059
685  mtMet+F+G4    1326.475     53  2758.950     2810.518     2923.565
705  mtVer         1399.834     33  2865.668     2882.798     2968.164
706  mtVer+I       1392.616     34  2853.232     2871.539     2958.834
707  mtVer+G4      1393.124     34  2854.248     2872.556     2959.851
727  mtVer+F       1336.442     52  2776.884     2826.098     2938.393
728  mtVer+F+I     1335.505     53  2777.010     2828.578     2941.626
729  mtVer+F+G4    1333.676     53  2773.351     2824.919     2937.966
749  mtInv         1422.510     33  2911.021     2928.151     3013.517
750  mtInv+I       1420.191     34  2908.383     2926.690     3013.985
751  mtInv+G4      1420.158     34  2908.317     2926.624     3013.919
771  mtInv+F       1324.182     52  2752.364     2801.579     2913.873
772  mtInv+F+I     1323.959     53  2753.919     2805.486     2918.534
773  mtInv+F+G4    1323.597     53  2753.193     2804.761     2917.808
793  PMB           1349.025     33  2764.049     2781.179     2866.545
794  PMB+I         1349.025     34  2766.049     2784.357     2871.651
795  PMB+G4        1349.029     34  2766.058     2784.366     2871.660
815  PMB+F         1329.103     52  2762.207     2811.421     2923.716
816  PMB+F+I       1329.103     53  2764.207     2815.774     2928.822
817  PMB+F+G4      1329.109     53  2764.218     2815.785     2928.833
WARNING: Normalizing state frequencies so that sum of them equals to 1
837  Q.bird        1340.813     33  2747.625     2764.755     2850.122
WARNING: Normalizing state frequencies so that sum of them equals to 1
838  Q.bird+I      1339.820     34  2747.640     2765.947     2853.242
WARNING: Normalizing state frequencies so that sum of them equals to 1
839  Q.bird+G4     1340.425     34  2748.850     2767.157     2854.452
WARNING: Normalizing state frequencies so that sum of them equals to 1
859  Q.bird+F      1317.225     52  2738.450     2787.665     2899.959
WARNING: Normalizing state frequencies so that sum of them equals to 1
860  Q.bird+F+I    1316.962     53  2739.925     2791.492     2904.540
WARNING: Normalizing state frequencies so that sum of them equals to 1
861  Q.bird+F+G4   1316.840     53  2739.679     2791.247     2904.294
881  Q.insect      1330.934     33  2727.867     2744.997     2830.363
882  Q.insect+I    1330.828     34  2729.657     2747.964     2835.259
883  Q.insect+G4   1330.819     34  2729.639     2747.946     2835.241
903  Q.insect+F    1311.231     52  2726.462     2775.676     2887.971
904  Q.insect+F+I  1311.231     53  2728.462     2780.030     2893.077
905  Q.insect+F+G4 1311.225     53  2728.449     2780.017     2893.065
WARNING: Normalizing state frequencies so that sum of them equals to 1
925  Q.mammal      1338.732     33  2743.464     2760.594     2845.961
WARNING: Normalizing state frequencies so that sum of them equals to 1
926  Q.mammal+I    1338.505     34  2745.010     2763.317     2850.612
WARNING: Normalizing state frequencies so that sum of them equals to 1
927  Q.mammal+G4   1338.649     34  2745.298     2763.605     2850.900
WARNING: Normalizing state frequencies so that sum of them equals to 1
947  Q.mammal+F    1314.477     52  2732.954     2782.169     2894.464
WARNING: Normalizing state frequencies so that sum of them equals to 1
948  Q.mammal+F+I  1314.477     53  2734.954     2786.521     2899.569
WARNING: Normalizing state frequencies so that sum of them equals to 1
949  Q.mammal+F+G4 1314.409     53  2734.817     2786.385     2899.433
WARNING: Normalizing state frequencies so that sum of them equals to 1
969  Q.pfam        1330.920     33  2727.840     2744.970     2830.336
WARNING: Normalizing state frequencies so that sum of them equals to 1
970  Q.pfam+I      1330.901     34  2729.802     2748.110     2835.404
WARNING: Normalizing state frequencies so that sum of them equals to 1
971  Q.pfam+G4     1330.780     34  2729.561     2747.869     2835.163
WARNING: Normalizing state frequencies so that sum of them equals to 1
991  Q.pfam+F      1312.745     52  2729.489     2778.704     2890.999
WARNING: Normalizing state frequencies so that sum of them equals to 1
992  Q.pfam+F+I    1312.745     53  2731.489     2783.057     2896.105
WARNING: Normalizing state frequencies so that sum of them equals to 1
993  Q.pfam+F+G4   1312.725     53  2731.451     2783.018     2896.066
WARNING: Normalizing state frequencies so that sum of them equals to 1
1013  Q.plant       1328.542     33  2723.083     2740.213     2825.580
WARNING: Normalizing state frequencies so that sum of them equals to 1
1014  Q.plant+I     1328.196     34  2724.393     2742.700     2829.995
WARNING: Normalizing state frequencies so that sum of them equals to 1
1015  Q.plant+G4    1328.181     34  2724.362     2742.670     2829.964
WARNING: Normalizing state frequencies so that sum of them equals to 1
1035  Q.plant+F     1307.005     52  2718.010     2767.224     2879.519
WARNING: Normalizing state frequencies so that sum of them equals to 1
1036  Q.plant+F+I   1306.996     53  2719.992     2771.559     2884.607
WARNING: Normalizing state frequencies so that sum of them equals to 1
1037  Q.plant+F+G4  1306.872     53  2719.745     2771.312     2884.360
WARNING: Normalizing state frequencies so that sum of them equals to 1
1057  Q.yeast       1333.000     33  2732.001     2749.130     2834.497
WARNING: Normalizing state frequencies so that sum of them equals to 1
1058  Q.yeast+I     1332.807     34  2733.614     2751.922     2839.216
WARNING: Normalizing state frequencies so that sum of them equals to 1
1059  Q.yeast+G4    1332.726     34  2733.451     2751.759     2839.053
WARNING: Normalizing state frequencies so that sum of them equals to 1
1079  Q.yeast+F     1310.926     52  2725.852     2775.066     2887.361
WARNING: Normalizing state frequencies so that sum of them equals to 1
1080  Q.yeast+F+I   1310.926     53  2727.852     2779.419     2892.467
WARNING: Normalizing state frequencies so that sum of them equals to 1
1081  Q.yeast+F+G4  1310.899     53  2727.799     2779.366     2892.414
1101  rtREV         1345.587     33  2757.175     2774.305     2859.671
1102  rtREV+I       1345.308     34  2758.617     2776.924     2864.219
1103  rtREV+G4      1345.073     34  2758.146     2776.454     2863.748
1123  rtREV+F       1326.595     52  2757.189     2806.404     2918.699
1124  rtREV+F+I     1326.424     53  2758.849     2810.416     2923.464
1125  rtREV+F+G4    1326.184     53  2758.369     2809.936     2922.984
1145  VT            1332.501     33  2731.001     2748.131     2833.497
1146  VT+I          1332.501     34  2733.001     2751.309     2838.603
1147  VT+G4         1332.505     34  2733.010     2751.317     2838.612
1167  VT+F          1317.769     52  2739.538     2788.752     2901.047
1168  VT+F+I        1317.769     53  2741.538     2793.105     2906.153
1169  VT+F+G4       1317.775     53  2741.550     2793.117     2906.165
1189  WAG           1332.228     33  2730.457     2747.586     2832.953
1190  WAG+I         1332.228     34  2732.457     2750.764     2838.059
1191  WAG+G4        1332.229     34  2732.459     2750.766     2838.061
1211  WAG+F         1316.024     52  2736.047     2785.261     2897.556
1212  WAG+F+I       1316.024     53  2738.047     2789.615     2902.663
1213  WAG+F+G4      1316.026     53  2738.052     2789.619     2902.667
Reading model parameters from file Q.iridoviridae
1233  Q.iridoviridae 1325.075     33  2716.151     2733.280     2818.647
Reading model parameters from file Q.iridoviridae
1234  Q.iridoviridae+I 1324.993     34  2717.987     2736.294     2823.589
Reading model parameters from file Q.iridoviridae
1235  Q.iridoviridae+G4 1325.013     34  2718.025     2736.333     2823.627
Reading model parameters from file Q.iridoviridae
1255  Q.iridoviridae+F 1311.010     52  2726.021     2775.235     2887.530
Reading model parameters from file Q.iridoviridae
1256  Q.iridoviridae+F+I 1311.008     53  2728.016     2779.583     2892.631
Reading model parameters from file Q.iridoviridae
1257  Q.iridoviridae+F+G4 1311.001     53  2728.002     2779.570     2892.617
Reading model parameters from file Q.mcv
WARNING: Normalizing state frequencies so that sum of them equals to 1
1277  Q.mcv         1321.442     33  2708.885     2726.014     2811.381
Reading model parameters from file Q.mcv
WARNING: Normalizing state frequencies so that sum of them equals to 1
1278  Q.mcv+I       1321.132     34  2710.264     2728.572     2815.867
Reading model parameters from file Q.mcv
WARNING: Normalizing state frequencies so that sum of them equals to 1
1279  Q.mcv+G4      1321.275     34  2710.551     2728.859     2816.153
Reading model parameters from file Q.mcv
WARNING: Normalizing state frequencies so that sum of them equals to 1
1299  Q.mcv+F       1306.134     52  2716.268     2765.482     2877.777
Reading model parameters from file Q.mcv
WARNING: Normalizing state frequencies so that sum of them equals to 1
1300  Q.mcv+F+I     1306.095     53  2718.190     2769.757     2882.805
Reading model parameters from file Q.mcv
WARNING: Normalizing state frequencies so that sum of them equals to 1
1301  Q.mcv+F+G4    1306.112     53  2718.224     2769.791     2882.839
Akaike Information Criterion:           Q.mcv
Corrected Akaike Information Criterion: Q.mcv
Bayesian Information Criterion:         Q.mcv
Best-fit model: Q.mcv chosen according to BIC

All model information printed to iqtree_genus/OG0000028.fa.model.gz
CPU time for ModelFinder: 5.412 seconds (0h:0m:5s)
Wall-clock time for ModelFinder: 5.424 seconds (0h:0m:5s)
Generating 1000 samples for ultrafast bootstrap (seed: 211963)...
Reading model parameters from file Q.mcv
WARNING: Normalizing state frequencies so that sum of them equals to 1

NOTE: 1 MB RAM (0 GB) is required!
Estimate model parameters (epsilon = 0.100)
1. Initial log-likelihood: -1321.442
Optimal log-likelihood: -1321.442
Parameters optimization took 1 rounds (0.001 sec)
Wrote distance file to... 
Computing ML distances based on estimated model parameters...
Calculating distance matrix: done in 0.00387096 secs using 100% CPU
Computing ML distances took 0.003901 sec (of wall-clock time) 0.003902 sec (of CPU time)
Setting up auxiliary I and S matrices: done in 4.31538e-05 secs using 97.33% CPU
Constructing RapidNJ tree: done in 6.50883e-05 secs using 173.6% CPU
Computing RapidNJ tree took 0.000141 sec (of wall-clock time) 0.000189 sec (of CPU time)
Log-likelihood of RapidNJ tree: -1321.443
--------------------------------------------------------------------
|             INITIALIZING CANDIDATE TREE SET                      |
--------------------------------------------------------------------
Generating 98 parsimony trees... 0.055 second
Computing log-likelihood of 98 initial trees ... 0.081 seconds
Current best score: -1321.442

Do NNI search on 20 best initial trees
Optimizing NNI: done in 0.00482297 secs using 199.9% CPU
Estimate model parameters (epsilon = 0.100)
BETTER TREE FOUND at iteration 1: -1321.442
Optimizing NNI: done in 0.0046711 secs using 200% CPU
Optimizing NNI: done in 0.0115659 secs using 165.4% CPU
BETTER TREE FOUND at iteration 3: -1321.442
Optimizing NNI: done in 0.0121531 secs using 200% CPU
Optimizing NNI: done in 0.013036 secs using 199.9% CPU
Optimizing NNI: done in 0.011945 secs using 141.1% CPU
BETTER TREE FOUND at iteration 6: -1321.442
Optimizing NNI: done in 0.012888 secs using 99.99% CPU
Optimizing NNI: done in 0.0128291 secs using 100% CPU
Optimizing NNI: done in 0.012953 secs using 100% CPU
Optimizing NNI: done in 0.012913 secs using 100% CPU
Iteration 10 / LogL: -1321.442 / Time: 0h:0m:0s
Optimizing NNI: done in 0.0128748 secs using 100% CPU
UPDATE BEST LOG-LIKELIHOOD: -1321.442
Optimizing NNI: done in 0.0128572 secs using 100% CPU
Optimizing NNI: done in 0.012037 secs using 99.99% CPU
BETTER TREE FOUND at iteration 13: -1321.442
Optimizing NNI: done in 0.0119541 secs using 99.99% CPU
UPDATE BEST LOG-LIKELIHOOD: -1321.442
Optimizing NNI: done in 0.0128741 secs using 100% CPU
BETTER TREE FOUND at iteration 15: -1321.442
Optimizing NNI: done in 0.0128701 secs using 100% CPU
Optimizing NNI: done in 0.0129781 secs using 100% CPU
Optimizing NNI: done in 0.0128241 secs using 100% CPU
Optimizing NNI: done in 0.012629 secs using 100% CPU
Optimizing NNI: done in 0.0127029 secs using 100% CPU
Iteration 20 / LogL: -1321.442 / Time: 0h:0m:0s
Finish initializing candidate tree set (7)
Current best tree score: -1321.442 / CPU time: 0.383
Number of iterations: 20
--------------------------------------------------------------------
|               OPTIMIZING CANDIDATE TREE SET                      |
--------------------------------------------------------------------
Optimizing NNI: done in 0.0270369 secs using 99.99% CPU
Optimizing NNI: done in 0.00825405 secs using 99.99% CPU
Optimizing NNI: done in 0.0120471 secs using 100% CPU
Optimizing NNI: done in 0.00829005 secs using 99.99% CPU
BETTER TREE FOUND at iteration 24: -1321.442
Optimizing NNI: done in 0.016176 secs using 91.18% CPU
Optimizing NNI: done in 0.0281041 secs using 99.99% CPU
Optimizing NNI: done in 0.016305 secs using 99.99% CPU
Optimizing NNI: done in 0.020618 secs using 100% CPU
Optimizing NNI: done in 0.0196929 secs using 100% CPU
Optimizing NNI: done in 0.019522 secs using 100% CPU
Iteration 30 / LogL: -1321.443 / Time: 0h:0m:0s (0h:0m:1s left)
Optimizing NNI: done in 0.03163 secs using 100% CPU
Optimizing NNI: done in 0.012439 secs using 100% CPU
BETTER TREE FOUND at iteration 32: -1321.442
Optimizing NNI: done in 0.0175531 secs using 100% CPU
Optimizing NNI: done in 0.011272 secs using 100% CPU
Optimizing NNI: done in 0.0179899 secs using 100% CPU
Optimizing NNI: done in 0.0212729 secs using 100% CPU
Optimizing NNI: done in 0.0208189 secs using 100% CPU
Optimizing NNI: done in 0.0147619 secs using 100% CPU
Optimizing NNI: done in 0.0235209 secs using 99.96% CPU
Optimizing NNI: done in 0.00777102 secs using 99.99% CPU
Iteration 40 / LogL: -1336.853 / Time: 0h:0m:0s (0h:0m:1s left)
Optimizing NNI: done in 0.017889 secs using 99.99% CPU
Optimizing NNI: done in 0.0111449 secs using 100% CPU
Optimizing NNI: done in 0.0123091 secs using 99.99% CPU
Optimizing NNI: done in 0.0200582 secs using 99.99% CPU
Optimizing NNI: done in 0.00822496 secs using 99.99% CPU
Optimizing NNI: done in 0.0144401 secs using 100% CPU
Optimizing NNI: done in 0.020231 secs using 100% CPU
Optimizing NNI: done in 0.00821495 secs using 100% CPU
Optimizing NNI: done in 0.022085 secs using 100% CPU
Optimizing NNI: done in 0.0238171 secs using 100% CPU
Iteration 50 / LogL: -1337.229 / Time: 0h:0m:0s (0h:0m:1s left)
Log-likelihood cutoff on original alignment: -1347.895
Optimizing NNI: done in 0.0102901 secs using 99.82% CPU
Optimizing NNI: done in 0.030736 secs using 99.99% CPU
Optimizing NNI: done in 0.0195808 secs using 100% CPU
Optimizing NNI: done in 0.01634 secs using 100% CPU
Optimizing NNI: done in 0.0164981 secs using 99.99% CPU
Optimizing NNI: done in 0.00849915 secs using 100% CPU
Optimizing NNI: done in 0.0148621 secs using 99.99% CPU
Optimizing NNI: done in 0.016324 secs using 100% CPU
Optimizing NNI: done in 0.022727 secs using 100% CPU
UPDATE BEST LOG-LIKELIHOOD: -1321.442
Optimizing NNI: done in 0.0189688 secs using 100% CPU
Iteration 60 / LogL: -1321.443 / Time: 0h:0m:1s (0h:0m:1s left)
Optimizing NNI: done in 0.018918 secs using 99.99% CPU
Optimizing NNI: done in 0.0183699 secs using 100% CPU
Optimizing NNI: done in 0.00829601 secs using 100% CPU
Optimizing NNI: done in 0.011447 secs using 100% CPU
Optimizing NNI: done in 0.0127251 secs using 100% CPU
Optimizing NNI: done in 0.00817704 secs using 100% CPU
Optimizing NNI: done in 0.0115709 secs using 99.99% CPU
Optimizing NNI: done in 0.0201399 secs using 100% CPU
Optimizing NNI: done in 0.015871 secs using 100% CPU
Optimizing NNI: done in 0.0164101 secs using 100% CPU
Iteration 70 / LogL: -1321.442 / Time: 0h:0m:1s (0h:0m:1s left)
Optimizing NNI: done in 0.016119 secs using 99.99% CPU
Optimizing NNI: done in 0.011421 secs using 100% CPU
Optimizing NNI: done in 0.014174 secs using 100% CPU
Optimizing NNI: done in 0.019738 secs using 100% CPU
Optimizing NNI: done in 0.016191 secs using 100% CPU
Optimizing NNI: done in 0.021419 secs using 100% CPU
Optimizing NNI: done in 0.0217719 secs using 100% CPU
Optimizing NNI: done in 0.014178 secs using 99.99% CPU
Optimizing NNI: done in 0.021579 secs using 100% CPU
Optimizing NNI: done in 0.01281 secs using 100% CPU
Iteration 80 / LogL: -1321.443 / Time: 0h:0m:1s (0h:0m:1s left)
Optimizing NNI: done in 0.013675 secs using 100% CPU
Optimizing NNI: done in 0.0140789 secs using 100% CPU
Optimizing NNI: done in 0.0151021 secs using 99.99% CPU
Optimizing NNI: done in 0.0157969 secs using 99.99% CPU
Optimizing NNI: done in 0.0232639 secs using 99.96% CPU
Optimizing NNI: done in 0.019882 secs using 100% CPU
Optimizing NNI: done in 0.0176389 secs using 99.99% CPU
Optimizing NNI: done in 0.0164261 secs using 100% CPU
Optimizing NNI: done in 0.00753903 secs using 99.99% CPU
Optimizing NNI: done in 0.0126729 secs using 100% CPU
Iteration 90 / LogL: -1324.585 / Time: 0h:0m:1s (0h:0m:0s left)
Optimizing NNI: done in 0.0146182 secs using 100% CPU
Optimizing NNI: done in 0.0199211 secs using 100% CPU
Optimizing NNI: done in 0.0168281 secs using 99.99% CPU
Optimizing NNI: done in 0.0144441 secs using 100% CPU
Optimizing NNI: done in 0.0158288 secs using 100% CPU
Optimizing NNI: done in 0.0121439 secs using 100% CPU
Optimizing NNI: done in 0.012511 secs using 99.99% CPU
Optimizing NNI: done in 0.012013 secs using 100% CPU
Optimizing NNI: done in 0.0143602 secs using 100% CPU
UPDATE BEST LOG-LIKELIHOOD: -1321.442
Optimizing NNI: done in 0.00681615 secs using 100% CPU
Iteration 100 / LogL: -1321.443 / Time: 0h:0m:1s (0h:0m:0s left)
Log-likelihood cutoff on original alignment: -1347.974
NOTE: Bootstrap correlation coefficient of split occurrence frequencies: 0.992
Optimizing NNI: done in 0.028801 secs using 100% CPU
Optimizing NNI: done in 0.011466 secs using 99.99% CPU
Optimizing NNI: done in 0.024745 secs using 100% CPU
Optimizing NNI: done in 0.016098 secs using 100% CPU
Optimizing NNI: done in 0.016505 secs using 100% CPU
Optimizing NNI: done in 0.0190661 secs using 99.99% CPU
Optimizing NNI: done in 0.0195489 secs using 100% CPU
Optimizing NNI: done in 0.029237 secs using 100% CPU
Optimizing NNI: done in 0.024626 secs using 100% CPU
Optimizing NNI: done in 0.0191381 secs using 100% CPU
Iteration 110 / LogL: -1321.442 / Time: 0h:0m:2s (0h:0m:1s left)
Optimizing NNI: done in 0.020237 secs using 100% CPU
Optimizing NNI: done in 0.00774598 secs using 100% CPU
Optimizing NNI: done in 0.0235209 secs using 100% CPU
Optimizing NNI: done in 0.0178599 secs using 100% CPU
Optimizing NNI: done in 0.00802994 secs using 100% CPU
BETTER TREE FOUND at iteration 115: -1321.442
Optimizing NNI: done in 0.01319 secs using 100% CPU
Optimizing NNI: done in 0.0223539 secs using 100% CPU
Optimizing NNI: done in 0.019985 secs using 100% CPU
Optimizing NNI: done in 0.019485 secs using 99.99% CPU
Optimizing NNI: done in 0.019321 secs using 100% CPU
Iteration 120 / LogL: -1321.443 / Time: 0h:0m:2s (0h:0m:1s left)
Optimizing NNI: done in 0.0106339 secs using 100% CPU
Optimizing NNI: done in 0.014318 secs using 100% CPU
Optimizing NNI: done in 0.0145409 secs using 100% CPU
Optimizing NNI: done in 0.0221729 secs using 100% CPU
Optimizing NNI: done in 0.0161541 secs using 100% CPU
Optimizing NNI: done in 0.00828815 secs using 100% CPU
Optimizing NNI: done in 0.0166659 secs using 100% CPU
Optimizing NNI: done in 0.00447917 secs using 100% CPU
Optimizing NNI: done in 0.0120158 secs using 100% CPU
Optimizing NNI: done in 0.0231421 secs using 100% CPU
Iteration 130 / LogL: -1321.442 / Time: 0h:0m:2s (0h:0m:1s left)
Optimizing NNI: done in 0.0137069 secs using 100% CPU
Optimizing NNI: done in 0.017642 secs using 99.99% CPU
Optimizing NNI: done in 0.00937295 secs using 100% CPU
Optimizing NNI: done in 0.01349 secs using 100% CPU
Optimizing NNI: done in 0.0208371 secs using 100% CPU
Optimizing NNI: done in 0.024725 secs using 100% CPU
Optimizing NNI: done in 0.0210879 secs using 100% CPU
Optimizing NNI: done in 0.0228031 secs using 100% CPU
Optimizing NNI: done in 0.0121741 secs using 99.99% CPU
Optimizing NNI: done in 0.022619 secs using 100% CPU
Iteration 140 / LogL: -1321.444 / Time: 0h:0m:2s (0h:0m:1s left)
Optimizing NNI: done in 0.0248828 secs using 100% CPU
Optimizing NNI: done in 0.0154431 secs using 100% CPU
Optimizing NNI: done in 0.0190601 secs using 99.95% CPU
Optimizing NNI: done in 0.017302 secs using 100% CPU
Optimizing NNI: done in 0.013998 secs using 100% CPU
Optimizing NNI: done in 0.0196931 secs using 100% CPU
Optimizing NNI: done in 0.021718 secs using 100% CPU
Optimizing NNI: done in 0.020443 secs using 100% CPU
Optimizing NNI: done in 0.0195069 secs using 100% CPU
Optimizing NNI: done in 0.0143659 secs using 100% CPU
Iteration 150 / LogL: -1321.703 / Time: 0h:0m:2s (0h:0m:1s left)
Log-likelihood cutoff on original alignment: -1348.368
Optimizing NNI: done in 0.0223839 secs using 100% CPU
Optimizing NNI: done in 0.0162809 secs using 99.99% CPU
Optimizing NNI: done in 0.0140851 secs using 100% CPU
Optimizing NNI: done in 0.0286331 secs using 100% CPU
Optimizing NNI: done in 0.0246921 secs using 100% CPU
Optimizing NNI: done in 0.023124 secs using 100% CPU
Optimizing NNI: done in 0.014698 secs using 100% CPU
Optimizing NNI: done in 0.0177221 secs using 100% CPU
Optimizing NNI: done in 0.0130169 secs using 100% CPU
Optimizing NNI: done in 0.012049 secs using 100% CPU
Iteration 160 / LogL: -1321.442 / Time: 0h:0m:3s (0h:0m:1s left)
Optimizing NNI: done in 0.0225759 secs using 100% CPU
Optimizing NNI: done in 0.030865 secs using 100% CPU
Optimizing NNI: done in 0.0157621 secs using 100% CPU
Optimizing NNI: done in 0.0107601 secs using 99.99% CPU
Optimizing NNI: done in 0.00467396 secs using 100% CPU
UPDATE BEST LOG-LIKELIHOOD: -1321.442
Optimizing NNI: done in 0.0179539 secs using 100% CPU
Optimizing NNI: done in 0.021791 secs using 100% CPU
Optimizing NNI: done in 0.0115108 secs using 100% CPU
Optimizing NNI: done in 0.0152531 secs using 100% CPU
Optimizing NNI: done in 0.0238461 secs using 100% CPU
Iteration 170 / LogL: -1321.443 / Time: 0h:0m:3s (0h:0m:0s left)
Optimizing NNI: done in 0.0127811 secs using 100% CPU
Optimizing NNI: done in 0.0272601 secs using 100% CPU
Optimizing NNI: done in 0.0179439 secs using 100% CPU
Optimizing NNI: done in 0.011724 secs using 100% CPU
Optimizing NNI: done in 0.0208402 secs using 100% CPU
Optimizing NNI: done in 0.0130601 secs using 99.99% CPU
Optimizing NNI: done in 0.020669 secs using 100% CPU
Optimizing NNI: done in 0.0177338 secs using 100% CPU
Optimizing NNI: done in 0.00904989 secs using 99.99% CPU
Optimizing NNI: done in 0.0118201 secs using 100% CPU
Iteration 180 / LogL: -1321.458 / Time: 0h:0m:3s (0h:0m:0s left)
Optimizing NNI: done in 0.0206828 secs using 100% CPU
Optimizing NNI: done in 0.0193639 secs using 100% CPU
Optimizing NNI: done in 0.018255 secs using 78.19% CPU
Optimizing NNI: done in 0.0161591 secs using 100% CPU
Optimizing NNI: done in 0.0191309 secs using 99.96% CPU
Optimizing NNI: done in 0.0165329 secs using 100% CPU
Optimizing NNI: done in 0.015841 secs using 100% CPU
Optimizing NNI: done in 0.0156021 secs using 100% CPU
Optimizing NNI: done in 0.0304692 secs using 99.97% CPU
Optimizing NNI: done in 0.020514 secs using 100% CPU
Iteration 190 / LogL: -1321.442 / Time: 0h:0m:3s (0h:0m:0s left)
Optimizing NNI: done in 0.0168359 secs using 99.99% CPU
Optimizing NNI: done in 0.0150371 secs using 99.99% CPU
Optimizing NNI: done in 0.0195801 secs using 100% CPU
Optimizing NNI: done in 0.01175 secs using 100% CPU
Optimizing NNI: done in 0.016762 secs using 100% CPU
Optimizing NNI: done in 0.0165162 secs using 100% CPU
Optimizing NNI: done in 0.023356 secs using 100% CPU
Optimizing NNI: done in 0.0189791 secs using 99.99% CPU
Optimizing NNI: done in 0.0188711 secs using 100% CPU
Optimizing NNI: done in 0.014524 secs using 100% CPU
Iteration 200 / LogL: -1321.442 / Time: 0h:0m:4s (0h:0m:0s left)
Log-likelihood cutoff on original alignment: -1350.075
NOTE: Bootstrap correlation coefficient of split occurrence frequencies: 0.994
Optimizing NNI: done in 0.0178831 secs using 99.99% CPU
Optimizing NNI: done in 0.0199621 secs using 100% CPU
Optimizing NNI: done in 0.01511 secs using 100% CPU
Optimizing NNI: done in 0.0190058 secs using 100% CPU
Optimizing NNI: done in 0.0222709 secs using 100% CPU
Optimizing NNI: done in 0.015291 secs using 99.99% CPU
Optimizing NNI: done in 0.0101092 secs using 100% CPU
Optimizing NNI: done in 0.0179908 secs using 100% CPU
Optimizing NNI: done in 0.012033 secs using 99.99% CPU
Optimizing NNI: done in 0.00711489 secs using 100% CPU
UPDATE BEST LOG-LIKELIHOOD: -1321.442
Iteration 210 / LogL: -1321.442 / Time: 0h:0m:4s (0h:0m:1s left)
Optimizing NNI: done in 0.0252461 secs using 100% CPU
Optimizing NNI: done in 0.0199211 secs using 99.94% CPU
Optimizing NNI: done in 0.0117919 secs using 100% CPU
Optimizing NNI: done in 0.0141001 secs using 99.99% CPU
Optimizing NNI: done in 0.012177 secs using 100% CPU
Optimizing NNI: done in 0.016861 secs using 100% CPU
TREE SEARCH COMPLETED AFTER 216 ITERATIONS / Time: 0h:0m:4s

--------------------------------------------------------------------
|                    FINALIZING TREE SEARCH                        |
--------------------------------------------------------------------
Performs final model parameters optimization
Estimate model parameters (epsilon = 0.010)
1. Initial log-likelihood: -1321.442
Optimal log-likelihood: -1321.442
Parameters optimization took 1 rounds (0.003 sec)
BEST SCORE FOUND : -1321.442
Creating bootstrap support values...
Split supports printed to NEXUS file iqtree_genus/OG0000028.fa.splits.nex
Total tree length: 2.042

Total number of iterations: 216
CPU time used for tree search: 4.481 sec (0h:0m:4s)
Wall-clock time used for tree search: 4.323 sec (0h:0m:4s)
Total CPU time used: 4.520 sec (0h:0m:4s)
Total wall-clock time used: 4.368 sec (0h:0m:4s)

Computing bootstrap consensus tree...
Reading input file iqtree_genus/OG0000028.fa.splits.nex...
18 taxa and 149 splits.
Consensus tree written to iqtree_genus/OG0000028.fa.contree
Reading input trees file iqtree_genus/OG0000028.fa.contree
Log-likelihood of consensus tree: -1321.447

Analysis results written to: 
  IQ-TREE report:                iqtree_genus/OG0000028.fa.iqtree
  Maximum-likelihood tree:       iqtree_genus/OG0000028.fa.treefile
  Likelihood distances:          iqtree_genus/OG0000028.fa.mldist

Ultrafast bootstrap approximation results written to:
  Split support values:          iqtree_genus/OG0000028.fa.splits.nex
  Consensus tree:                iqtree_genus/OG0000028.fa.contree
  Screen log file:               iqtree_genus/OG0000028.fa.log

Date and Time: Wed Apr  2 14:05:15 2025
