IQ-TREE multicore version 2.2.0.5 COVID-edition for Linux 64-bit built Sep 26 2022
Developed by Bui Quang Minh, James Barbetti, Nguyen Lam Tung,
Olga Chernomor, Heiko Schmidt, Dominik Schrempf, Michael Woodhams, Ly Trong Nhan.

Host:    petrichor-dm (AVX2, FMA3, 503 GB RAM)
Command: iqtree2 -s alignments_genus_muscle5_edited_trimmed/OG0000030.fa -B 1000 -mset Blosum62,cpREV,Dayhoff,DCMut,FLAVI,FLU,HIVb,HIVw,JTT,JTTDCMut,LG,mtART,mtMAM,mtREV,mtZOA,mtMet,mtVer,mtInv,PMB,Q.bird,Q.insect,Q.mammal,Q.pfam,Q.plant,Q.yeast,rtREV,VT,WAG,Q.iridoviridae,Q.mcv -T 1 -pre iqtree_genus/OG0000030.fa
Seed:    973566 (Using SPRNG - Scalable Parallel Random Number Generator)
Time:    Wed Apr  2 14:06:10 2025
Kernel:  AVX+FMA - 1 threads (32 CPU cores detected)

HINT: Use -nt option to specify number of threads because your CPU has 32 cores!
HINT: -nt AUTO will automatically determine the best number of threads to use.

Reading alignment file alignments_genus_muscle5_edited_trimmed/OG0000030.fa ... Fasta format detected
Reading fasta file: done in 0.000221014 secs
Alignment most likely contains protein sequences
Constructing alignment: done in 0.000126839 secs
Alignment has 62 sequences with 119 columns, 91 distinct patterns
65 parsimony-informative, 13 singleton sites, 41 constant sites
                                                          Gap/Ambiguity  Composition  p-value
Analyzing sequences: done in 1.09673e-05 secs
   1  AY894343_Megalocytivirus_pagrus1_RSIV                       0.00%    passed    100.00%
   2  OQ513807_Megalocytivirus_pagrus1_ISKNV                      0.00%    passed    100.00%
   3  NC_003494_Megalocytivirus_pagrus1_ISKNV                     0.00%    passed    100.00%
   4  BD143114_Megalocytivirus_pagrus1_RSIV                       0.00%    passed    100.00%
   5  MW139932_Megalocytivirus_pagrus1_RSIV                       0.00%    passed    100.00%
   6  ON212400_Megalocytivirus_pagrus1_ISKNV                      0.00%    passed    100.00%
   7  MN562489_Megalocytivirus_lates1_SDDV                        6.72%    passed     33.19%
   8  MK689686_Megalocytivirus_pagrus1_RSIV                       0.00%    passed    100.00%
   9  MW883606_Megalocytivirus_pagrus1_ISKNV                      0.00%    passed    100.00%
  10  KT804738_Megalocytivirus_pagrus1_RSIV                       0.00%    passed    100.00%
  11  PP974677_Megalocytivirus_pagrus1_ISKNV                      0.00%    passed    100.00%
  12  MW883594_Megalocytivirus_pagrus1_ISKNV                      0.00%    passed    100.00%
  13  OP896201_Megalocytivirus_pagrus1_ISKNV                      0.00%    passed    100.00%
  14  MW883598_Megalocytivirus_pagrus1_RSIV                       0.00%    passed    100.00%
  15  ON075463_Megalocytivirus_pagrus1_RSIV                       0.00%    passed    100.00%
  16  MK098186_Megalocytivirus_pagrus1_RSIV                       0.00%    passed    100.00%
  17  MW883593_Megalocytivirus_pagrus1_ISKNV                      0.00%    passed    100.00%
  18  PQ335173_PQ335174_Threespine_stickleback_iridovirus_TSIV    0.00%    passed     79.96%
  19  MT986830_Megalocytivirus_pagrus1_ISKNV                      0.00%    passed    100.00%
  20  OQ475017_Megalocytivirus_pagrus1_RSIV                       0.00%    passed    100.00%
  21  OL774654_Megalocytivirus_pagrus1_RSIV                       0.00%    passed    100.00%
  22  MW273354_Megalocytivirus_pagrus1_ISKNV                      0.00%    passed    100.00%
  23  MK098185_Megalocytivirus_pagrus1_RSIV                       0.00%    passed    100.00%
  24  MW883601_Megalocytivirus_pagrus1_ISKNV                      0.00%    passed    100.00%
  25  OL774653_Megalocytivirus_pagrus1_RSIV                       0.00%    passed    100.00%
  26  MW883596_Megalocytivirus_pagrus1_ISKNV                      0.00%    passed    100.00%
  27  MT521409_Megalocytivirus_lates1_SDDV                        6.72%    passed     33.19%
  28  AF371960_Megalocytivirus_pagrus1_ISKNV                      0.00%    passed    100.00%
  29  OR356116_Megalocytivirus_pagrus1_ISKNV                      0.00%    passed    100.00%
  30  OM037668_Megalocytivirus_lates1_SDDV                        6.72%    passed     33.19%
  31  MW883600_Megalocytivirus_pagrus1_ISKNV                      0.00%    passed    100.00%
  32  AP017456_Megalocytivirus_pagrus1_RSIV                       0.00%    passed    100.00%
  33  MK098187_Megalocytivirus_pagrus1_RSIV                       0.00%    passed    100.00%
  34  OK042109_Megalocytivirus_pagrus1_RSIV                       0.00%    passed    100.00%
  35  MT798582_Megalocytivirus_pagrus1_RSIV                       0.00%    passed    100.00%
  36  MG570131_Megalocytivirus_pagrus1_TRBIV                      0.00%    passed    100.00%
  37  OK042108_Megalocytivirus_pagrus1_RSIV                       0.00%    passed    100.00%
  38  OR536350_Megalocytivirus_pagrus1_ISKNV                      0.00%    passed    100.00%
  39  ON740976_Megalocytivirus_pagrus1_RSIV                       0.00%    passed    100.00%
  40  AB104413_Megalocytivirus_pagrus1_RSIV                       0.00%    passed    100.00%
  41  MW883599_Megalocytivirus_pagrus1_ISKNV                      0.00%    passed    100.00%
  42  OP009387_Megalocytivirus_pagrus1_ISKNV                      0.00%    passed    100.00%
  43  MW883597_Megalocytivirus_pagrus1_ISKNV                      0.00%    passed    100.00%
  44  OR670976_Megalocytivirus_pagrus1_ISKNV                      0.00%    passed    100.00%
  45  ON743042_Megalocytivirus_pagrus1_RSIV                       0.00%    passed    100.00%
  46  MG570132_Megalocytivirus_pagrus1_TRBIV                      0.00%    passed    100.00%
  47  MT926123_Megalocytivirus_pagrus1_ISKNV                      0.00%    passed    100.00%
  48  MT128666_Megalocytivirus_pagrus1_ISKNV                      0.00%    passed    100.00%
  49  PP151097_Megalocytivirus_pagrus1_ISKNV                      0.00%    passed    100.00%
  50  MW883603_Megalocytivirus_pagrus1_ISKNV                      0.00%    passed    100.00%
  51  MW273353_Megalocytivirus_pagrus1_ISKNV                      0.00%    passed    100.00%
  52  GQ273492_Megalocytivirus_pagrus1_TRBIV                      0.00%    passed    100.00%
  53  MK689685_Megalocytivirus_pagrus1_ISKNV                      0.00%    passed    100.00%
  54  OL774655_Megalocytivirus_pagrus1_RSIV                       0.00%    passed    100.00%
  55  MN432490_Megalocytivirus_pagrus1_ISKNV                      0.00%    passed    100.00%
  56  MT128667_Megalocytivirus_pagrus1_ISKNV                      0.00%    passed    100.00%
  57  23043610005_Megalocytivirus_pagrus1_ISKNV                   0.00%    passed    100.00%
  58  23043610003_Megalocytivirus_pagrus1_ISKNV                   0.00%    passed    100.00%
  59  MW883602_Megalocytivirus_pagrus1_ISKNV                      0.00%    passed    100.00%
  60  MW883595_Megalocytivirus_pagrus1_ISKNV                      0.00%    passed    100.00%
  61  KC244182_Megalocytivirus_pagrus1_RSIV                       0.00%    passed    100.00%
  62  KT781098_Megalocytivirus_pagrus1_ISKNV                      0.00%    passed    100.00%
****  TOTAL                                                       0.33%  0 sequences failed composition chi2 test (p-value<5%; df=19)
NOTE: BD143114_Megalocytivirus_pagrus1_RSIV is identical to AY894343_Megalocytivirus_pagrus1_RSIV but kept for subsequent analysis
NOTE: NC_003494_Megalocytivirus_pagrus1_ISKNV is identical to OQ513807_Megalocytivirus_pagrus1_ISKNV but kept for subsequent analysis
NOTE: MT521409_Megalocytivirus_lates1_SDDV is identical to MN562489_Megalocytivirus_lates1_SDDV but kept for subsequent analysis
NOTE: MK098187_Megalocytivirus_pagrus1_RSIV is identical to MK098186_Megalocytivirus_pagrus1_RSIV but kept for subsequent analysis
NOTE: MW883599_Megalocytivirus_pagrus1_ISKNV is identical to MW883601_Megalocytivirus_pagrus1_ISKNV but kept for subsequent analysis
NOTE: MG570132_Megalocytivirus_pagrus1_TRBIV is identical to MG570131_Megalocytivirus_pagrus1_TRBIV but kept for subsequent analysis
Checking for duplicate sequences: done in 8.70228e-05 secs
Identifying sites to remove: done in 3.31402e-05 secs
NOTE: 47 identical sequences (see below) will be ignored for subsequent analysis
NOTE: MW139932_Megalocytivirus_pagrus1_RSIV (identical to AY894343_Megalocytivirus_pagrus1_RSIV) is ignored but added at the end
NOTE: MK689686_Megalocytivirus_pagrus1_RSIV (identical to AY894343_Megalocytivirus_pagrus1_RSIV) is ignored but added at the end
NOTE: KT804738_Megalocytivirus_pagrus1_RSIV (identical to AY894343_Megalocytivirus_pagrus1_RSIV) is ignored but added at the end
NOTE: MW883598_Megalocytivirus_pagrus1_RSIV (identical to AY894343_Megalocytivirus_pagrus1_RSIV) is ignored but added at the end
NOTE: ON075463_Megalocytivirus_pagrus1_RSIV (identical to AY894343_Megalocytivirus_pagrus1_RSIV) is ignored but added at the end
NOTE: OQ475017_Megalocytivirus_pagrus1_RSIV (identical to AY894343_Megalocytivirus_pagrus1_RSIV) is ignored but added at the end
NOTE: OL774654_Megalocytivirus_pagrus1_RSIV (identical to AY894343_Megalocytivirus_pagrus1_RSIV) is ignored but added at the end
NOTE: MK098185_Megalocytivirus_pagrus1_RSIV (identical to AY894343_Megalocytivirus_pagrus1_RSIV) is ignored but added at the end
NOTE: OL774653_Megalocytivirus_pagrus1_RSIV (identical to AY894343_Megalocytivirus_pagrus1_RSIV) is ignored but added at the end
NOTE: AP017456_Megalocytivirus_pagrus1_RSIV (identical to AY894343_Megalocytivirus_pagrus1_RSIV) is ignored but added at the end
NOTE: MT798582_Megalocytivirus_pagrus1_RSIV (identical to AY894343_Megalocytivirus_pagrus1_RSIV) is ignored but added at the end
NOTE: OK042108_Megalocytivirus_pagrus1_RSIV (identical to AY894343_Megalocytivirus_pagrus1_RSIV) is ignored but added at the end
NOTE: ON740976_Megalocytivirus_pagrus1_RSIV (identical to AY894343_Megalocytivirus_pagrus1_RSIV) is ignored but added at the end
NOTE: AB104413_Megalocytivirus_pagrus1_RSIV (identical to AY894343_Megalocytivirus_pagrus1_RSIV) is ignored but added at the end
NOTE: ON743042_Megalocytivirus_pagrus1_RSIV (identical to AY894343_Megalocytivirus_pagrus1_RSIV) is ignored but added at the end
NOTE: OL774655_Megalocytivirus_pagrus1_RSIV (identical to AY894343_Megalocytivirus_pagrus1_RSIV) is ignored but added at the end
NOTE: KC244182_Megalocytivirus_pagrus1_RSIV (identical to AY894343_Megalocytivirus_pagrus1_RSIV) is ignored but added at the end
NOTE: ON212400_Megalocytivirus_pagrus1_ISKNV (identical to OQ513807_Megalocytivirus_pagrus1_ISKNV) is ignored but added at the end
NOTE: MW883606_Megalocytivirus_pagrus1_ISKNV (identical to OQ513807_Megalocytivirus_pagrus1_ISKNV) is ignored but added at the end
NOTE: PP974677_Megalocytivirus_pagrus1_ISKNV (identical to OQ513807_Megalocytivirus_pagrus1_ISKNV) is ignored but added at the end
NOTE: MW883594_Megalocytivirus_pagrus1_ISKNV (identical to OQ513807_Megalocytivirus_pagrus1_ISKNV) is ignored but added at the end
NOTE: OP896201_Megalocytivirus_pagrus1_ISKNV (identical to OQ513807_Megalocytivirus_pagrus1_ISKNV) is ignored but added at the end
NOTE: MW883593_Megalocytivirus_pagrus1_ISKNV (identical to OQ513807_Megalocytivirus_pagrus1_ISKNV) is ignored but added at the end
NOTE: MT986830_Megalocytivirus_pagrus1_ISKNV (identical to OQ513807_Megalocytivirus_pagrus1_ISKNV) is ignored but added at the end
NOTE: MW273354_Megalocytivirus_pagrus1_ISKNV (identical to OQ513807_Megalocytivirus_pagrus1_ISKNV) is ignored but added at the end
NOTE: MW883596_Megalocytivirus_pagrus1_ISKNV (identical to OQ513807_Megalocytivirus_pagrus1_ISKNV) is ignored but added at the end
NOTE: AF371960_Megalocytivirus_pagrus1_ISKNV (identical to OQ513807_Megalocytivirus_pagrus1_ISKNV) is ignored but added at the end
NOTE: OR356116_Megalocytivirus_pagrus1_ISKNV (identical to OQ513807_Megalocytivirus_pagrus1_ISKNV) is ignored but added at the end
NOTE: MW883600_Megalocytivirus_pagrus1_ISKNV (identical to OQ513807_Megalocytivirus_pagrus1_ISKNV) is ignored but added at the end
NOTE: OR536350_Megalocytivirus_pagrus1_ISKNV (identical to OQ513807_Megalocytivirus_pagrus1_ISKNV) is ignored but added at the end
NOTE: OP009387_Megalocytivirus_pagrus1_ISKNV (identical to OQ513807_Megalocytivirus_pagrus1_ISKNV) is ignored but added at the end
NOTE: MW883597_Megalocytivirus_pagrus1_ISKNV (identical to OQ513807_Megalocytivirus_pagrus1_ISKNV) is ignored but added at the end
NOTE: OR670976_Megalocytivirus_pagrus1_ISKNV (identical to OQ513807_Megalocytivirus_pagrus1_ISKNV) is ignored but added at the end
NOTE: MT926123_Megalocytivirus_pagrus1_ISKNV (identical to OQ513807_Megalocytivirus_pagrus1_ISKNV) is ignored but added at the end
NOTE: MT128666_Megalocytivirus_pagrus1_ISKNV (identical to OQ513807_Megalocytivirus_pagrus1_ISKNV) is ignored but added at the end
NOTE: PP151097_Megalocytivirus_pagrus1_ISKNV (identical to OQ513807_Megalocytivirus_pagrus1_ISKNV) is ignored but added at the end
NOTE: MW883603_Megalocytivirus_pagrus1_ISKNV (identical to OQ513807_Megalocytivirus_pagrus1_ISKNV) is ignored but added at the end
NOTE: MW273353_Megalocytivirus_pagrus1_ISKNV (identical to OQ513807_Megalocytivirus_pagrus1_ISKNV) is ignored but added at the end
NOTE: MK689685_Megalocytivirus_pagrus1_ISKNV (identical to OQ513807_Megalocytivirus_pagrus1_ISKNV) is ignored but added at the end
NOTE: MN432490_Megalocytivirus_pagrus1_ISKNV (identical to OQ513807_Megalocytivirus_pagrus1_ISKNV) is ignored but added at the end
NOTE: MT128667_Megalocytivirus_pagrus1_ISKNV (identical to OQ513807_Megalocytivirus_pagrus1_ISKNV) is ignored but added at the end
NOTE: 23043610005_Megalocytivirus_pagrus1_ISKNV (identical to OQ513807_Megalocytivirus_pagrus1_ISKNV) is ignored but added at the end
NOTE: 23043610003_Megalocytivirus_pagrus1_ISKNV (identical to OQ513807_Megalocytivirus_pagrus1_ISKNV) is ignored but added at the end
NOTE: MW883602_Megalocytivirus_pagrus1_ISKNV (identical to OQ513807_Megalocytivirus_pagrus1_ISKNV) is ignored but added at the end
NOTE: MW883595_Megalocytivirus_pagrus1_ISKNV (identical to OQ513807_Megalocytivirus_pagrus1_ISKNV) is ignored but added at the end
NOTE: KT781098_Megalocytivirus_pagrus1_ISKNV (identical to OQ513807_Megalocytivirus_pagrus1_ISKNV) is ignored but added at the end
NOTE: OM037668_Megalocytivirus_lates1_SDDV (identical to MN562489_Megalocytivirus_lates1_SDDV) is ignored but added at the end
Alignment was printed to iqtree_genus/OG0000030.fa.uniqueseq.phy

For your convenience alignment with unique sequences printed to iqtree_genus/OG0000030.fa.uniqueseq.phy


Create initial parsimony tree by phylogenetic likelihood library (PLL)... 0.000 seconds
Perform fast likelihood tree search using LG+I+G model...
Estimate model parameters (epsilon = 5.000)
Perform nearest neighbor interchange...
Optimizing NNI: done in 0.018117 secs using 100% CPU
Estimate model parameters (epsilon = 1.000)
1. Initial log-likelihood: -861.875
Optimal log-likelihood: -861.810
Proportion of invariable sites: 0.148
Gamma shape alpha: 1.962
Parameters optimization took 1 rounds (0.005 sec)
Time for fast ML tree search: 0.046 seconds

NOTE: ModelFinder requires 3 MB RAM!
ModelFinder will test up to 1320 protein models (sample size: 119) ...
 No. Model         -LnL         df  AIC          AICc         BIC
  1  Blosum62      874.373      27  1802.746     1819.361     1877.782
  2  Blosum62+I    871.701      28  1799.403     1817.447     1877.218
  3  Blosum62+G4   869.944      28  1795.888     1813.933     1873.704
  4  Blosum62+I+G4 870.487      29  1798.973     1818.524     1879.568
  5  Blosum62+R2   870.076      29  1798.151     1817.702     1878.746
  6  Blosum62+R3   869.622      31  1801.244     1824.048     1887.396
 14  Blosum62+I+R2 870.229      30  1800.458     1821.595     1883.832
 15  Blosum62+I+R3 869.780      32  1803.559     1828.117     1892.491
 23  Blosum62+F    872.011      46  1836.022     1896.078     1963.862
 24  Blosum62+F+I  869.336      47  1832.672     1896.222     1963.291
 25  Blosum62+F+G4 867.643      47  1829.286     1892.835     1959.904
 26  Blosum62+F+I+G4 868.167      48  1832.335     1899.535     1965.733
 27  Blosum62+F+R2 867.721      48  1831.442     1898.642     1964.840
 45  cpREV         876.320      27  1806.641     1823.256     1881.677
 46  cpREV+I       872.063      28  1800.127     1818.171     1877.942
 47  cpREV+G4      869.370      28  1794.740     1812.784     1872.555
 48  cpREV+I+G4    870.029      29  1798.058     1817.609     1878.653
 49  cpREV+R2      868.923      29  1795.845     1815.396     1876.440
 67  cpREV+F       869.220      46  1830.439     1890.495     1958.279
 68  cpREV+F+I     865.297      47  1824.593     1888.143     1955.212
 69  cpREV+F+G4    862.683      47  1819.366     1882.915     1949.985
 70  cpREV+F+I+G4  863.356      48  1822.711     1889.911     1956.109
 71  cpREV+F+R2    862.308      48  1820.616     1887.816     1954.014
 89  Dayhoff       877.473      27  1808.946     1825.561     1883.982
 90  Dayhoff+I     872.067      28  1800.134     1818.179     1877.950
 91  Dayhoff+G4    869.116      28  1794.233     1812.277     1872.048
 92  Dayhoff+I+G4  869.737      29  1797.475     1817.025     1878.069
 93  Dayhoff+R2    868.621      29  1795.242     1814.793     1875.837
111  Dayhoff+F     869.204      46  1830.408     1890.464     1958.248
112  Dayhoff+F+I   863.613      47  1821.225     1884.775     1951.844
113  Dayhoff+F+G4  860.353      47  1814.705     1878.255     1945.324
114  Dayhoff+F+I+G4 860.913      48  1817.827     1885.027     1951.225
115  Dayhoff+F+R2  859.724      48  1815.448     1882.648     1948.846
133  DCMut         877.474      27  1808.948     1825.564     1883.985
134  DCMut+I       872.120      28  1800.241     1818.285     1878.056
135  DCMut+G4      869.187      28  1794.374     1812.418     1872.189
136  DCMut+I+G4    869.810      29  1797.620     1817.171     1878.215
137  DCMut+R2      868.700      29  1795.399     1814.950     1875.994
155  DCMut+F       869.197      46  1830.393     1890.449     1958.233
156  DCMut+F+I     863.652      47  1821.304     1884.853     1951.923
157  DCMut+F+G4    860.411      47  1814.823     1878.372     1945.442
158  DCMut+F+I+G4  860.973      48  1817.946     1885.146     1951.344
159  DCMut+F+R2    859.789      48  1815.578     1882.778     1948.976
WARNING: Normalizing state frequencies so that sum of them equals to 1
177  FLAVI         904.780      27  1863.560     1880.175     1938.596
WARNING: Normalizing state frequencies so that sum of them equals to 1
178  FLAVI+I       892.405      28  1840.809     1858.854     1918.625
WARNING: Normalizing state frequencies so that sum of them equals to 1
179  FLAVI+G4      885.896      28  1827.792     1845.836     1905.608
WARNING: Normalizing state frequencies so that sum of them equals to 1
180  FLAVI+I+G4    886.348      29  1830.695     1850.246     1911.290
WARNING: Normalizing state frequencies so that sum of them equals to 1
181  FLAVI+R2      885.243      29  1828.486     1848.036     1909.080
WARNING: Normalizing state frequencies so that sum of them equals to 1
199  FLAVI+F       893.459      46  1878.918     1938.974     2006.758
WARNING: Normalizing state frequencies so that sum of them equals to 1
200  FLAVI+F+I     879.991      47  1853.983     1917.532     1984.602
WARNING: Normalizing state frequencies so that sum of them equals to 1
201  FLAVI+F+G4    874.122      47  1842.244     1905.793     1972.863
WARNING: Normalizing state frequencies so that sum of them equals to 1
202  FLAVI+F+I+G4  874.481      48  1844.962     1912.162     1978.360
WARNING: Normalizing state frequencies so that sum of them equals to 1
203  FLAVI+F+R2    873.672      48  1843.344     1910.544     1976.741
221  FLU           896.466      27  1846.932     1863.548     1921.969
222  FLU+I         885.715      28  1827.431     1845.475     1905.246
223  FLU+G4        881.737      28  1819.474     1837.518     1897.289
224  FLU+I+G4      882.034      29  1822.068     1841.619     1902.663
225  FLU+R2        881.451      29  1820.902     1840.452     1901.496
243  FLU+F         882.949      46  1857.899     1917.954     1985.738
244  FLU+F+I       873.096      47  1840.192     1903.741     1970.811
245  FLU+F+G4      868.053      47  1830.106     1893.655     1960.724
246  FLU+F+I+G4    868.451      48  1832.902     1900.102     1966.300
247  FLU+F+R2      867.474      48  1830.948     1898.148     1964.346
265  HIVb          891.655      27  1837.309     1853.925     1912.346
266  HIVb+I        880.838      28  1817.676     1835.721     1895.492
267  HIVb+G4       878.619      28  1813.238     1831.282     1891.053
268  HIVb+I+G4     878.748      29  1815.496     1835.046     1896.090
269  HIVb+R2       878.288      29  1814.576     1834.126     1895.170
287  HIVb+F        880.066      46  1852.132     1912.188     1979.972
288  HIVb+F+I      870.271      47  1834.543     1898.092     1965.162
289  HIVb+F+G4     866.926      47  1827.852     1891.401     1958.470
290  HIVb+F+I+G4   867.215      48  1830.430     1897.630     1963.828
291  HIVb+F+R2     866.511      48  1829.023     1896.223     1962.421
309  HIVw          922.965      27  1899.931     1916.546     1974.967
310  HIVw+I        909.262      28  1874.523     1892.568     1952.339
311  HIVw+G4       905.935      28  1867.871     1885.915     1945.686
312  HIVw+I+G4     906.080      29  1870.159     1889.710     1950.754
313  HIVw+R2       905.889      29  1869.777     1889.328     1950.372
331  HIVw+F        890.367      46  1872.734     1932.789     2000.573
332  HIVw+F+I      879.678      47  1853.356     1916.905     1983.975
333  HIVw+F+G4     876.291      47  1846.583     1910.132     1977.202
334  HIVw+F+I+G4   876.514      48  1849.029     1916.229     1982.426
335  HIVw+F+R2     876.111      48  1848.221     1915.421     1981.619
353  JTT           867.254      27  1788.508     1805.124     1863.545
354  JTT+I         862.809      28  1781.617     1799.662     1859.433
355  JTT+G4        861.054      28  1778.108     1796.153     1855.924
356  JTT+I+G4      861.476      29  1780.952     1800.502     1861.546
357  JTT+R2        860.964      29  1779.927     1799.478     1860.522
375  JTT+F         864.026      46  1820.053     1880.108     1947.892
376  JTT+F+I       859.812      47  1813.625     1877.174     1944.243
377  JTT+F+G4      857.765      47  1809.531     1873.080     1940.150
378  JTT+F+I+G4    858.249      48  1812.499     1879.699     1945.897
379  JTT+F+R2      857.592      48  1811.184     1878.384     1944.582
397  JTTDCMut      868.194      27  1790.388     1807.003     1865.424
398  JTTDCMut+I    863.727      28  1783.455     1801.499     1861.270
399  JTTDCMut+G4   861.886      28  1779.772     1797.816     1857.587
400  JTTDCMut+I+G4 862.359      29  1782.717     1802.268     1863.312
401  JTTDCMut+R2   861.801      29  1781.602     1801.152     1862.196
419  JTTDCMut+F    864.916      46  1821.832     1881.887     1949.672
420  JTTDCMut+F+I  860.675      47  1815.349     1878.899     1945.968
421  JTTDCMut+F+G4 858.529      47  1811.057     1874.607     1941.676
422  JTTDCMut+F+I+G4 859.027      48  1814.053     1881.253     1947.451
423  JTTDCMut+F+R2 858.351      48  1812.702     1879.902     1946.100
441  LG            868.789      27  1791.579     1808.194     1866.615
442  LG+I          863.777      28  1783.554     1801.599     1861.370
443  LG+G4         861.202      28  1778.404     1796.449     1856.220
444  LG+I+G4       861.708      29  1781.416     1800.967     1862.011
445  LG+R2         860.894      29  1779.789     1799.339     1860.383
463  LG+F          866.047      46  1824.093     1884.149     1951.933
464  LG+F+I        861.065      47  1816.131     1879.680     1946.749
465  LG+F+G4       858.549      47  1811.098     1874.647     1941.717
466  LG+F+I+G4     859.042      48  1814.085     1881.285     1947.483
467  LG+F+R2       858.209      48  1812.418     1879.618     1945.816
485  mtART         935.838      27  1925.676     1942.291     2000.712
486  mtART+I       918.165      28  1892.331     1910.375     1970.146
487  mtART+G4      908.210      28  1872.419     1890.464     1950.235
488  mtART+I+G4    908.568      29  1875.135     1894.686     1955.730
489  mtART+R2      910.817      29  1879.635     1899.185     1960.229
507  mtART+F       896.127      46  1884.255     1944.310     2012.094
508  mtART+F+I     881.600      47  1857.200     1920.750     1987.819
509  mtART+F+G4    872.718      47  1839.436     1902.985     1970.055
510  mtART+F+I+G4  873.100      48  1842.200     1909.400     1975.598
511  mtART+F+R2    874.655      48  1845.310     1912.510     1978.708
529  mtMAM         932.831      27  1919.661     1936.277     1994.698
530  mtMAM+I       915.449      28  1886.898     1904.942     1964.713
531  mtMAM+G4      907.096      28  1870.192     1888.236     1948.007
532  mtMAM+I+G4    907.442      29  1872.885     1892.435     1953.479
533  mtMAM+R2      908.994      29  1875.989     1895.539     1956.583
551  mtMAM+F       891.933      46  1875.866     1935.921     2003.706
552  mtMAM+F+I     876.890      47  1847.781     1911.330     1978.400
553  mtMAM+F+G4    870.848      47  1835.696     1899.245     1966.315
554  mtMAM+F+I+G4  871.098      48  1838.196     1905.396     1971.594
555  mtMAM+F+R2    871.801      48  1839.603     1906.803     1973.001
573  mtREV         911.460      27  1876.921     1893.536     1951.957
574  mtREV+I       903.535      28  1863.071     1881.115     1940.886
575  mtREV+G4      900.317      28  1856.634     1874.678     1934.449
576  mtREV+I+G4    900.694      29  1859.387     1878.938     1939.982
577  mtREV+R2      899.829      29  1857.657     1877.208     1938.252
595  mtREV+F       872.826      46  1837.651     1897.707     1965.491
596  mtREV+F+I     865.665      47  1825.330     1888.879     1955.949
597  mtREV+F+G4    863.224      47  1820.447     1883.997     1951.066
598  mtREV+F+I+G4  863.507      48  1823.013     1890.213     1956.411
599  mtREV+F+R2    862.817      48  1821.635     1888.835     1955.033
617  mtZOA         908.425      27  1870.850     1887.465     1945.886
618  mtZOA+I       896.482      28  1848.964     1867.008     1926.779
619  mtZOA+G4      889.907      28  1835.815     1853.859     1913.630
620  mtZOA+I+G4    890.362      29  1838.724     1858.274     1919.318
621  mtZOA+R2      889.896      29  1837.791     1857.342     1918.386
639  mtZOA+F       877.460      46  1846.920     1906.975     1974.759
640  mtZOA+F+I     868.143      47  1830.286     1893.835     1960.904
641  mtZOA+F+G4    863.032      47  1820.064     1883.613     1950.683
642  mtZOA+F+I+G4  863.458      48  1822.916     1890.116     1956.314
643  mtZOA+F+R2    862.470      48  1820.940     1888.140     1954.338
661  mtMet         922.048      27  1898.097     1914.712     1973.133
662  mtMet+I       912.218      28  1880.437     1898.481     1958.252
663  mtMet+G4      907.125      28  1870.250     1888.295     1948.066
664  mtMet+I+G4    907.596      29  1873.192     1892.742     1953.786
665  mtMet+R2      906.443      29  1870.887     1890.437     1951.481
683  mtMet+F       874.160      46  1840.320     1900.375     1968.160
684  mtMet+F+I     865.527      47  1825.055     1888.604     1955.673
685  mtMet+F+G4    862.144      47  1818.288     1881.837     1948.907
686  mtMet+F+I+G4  862.429      48  1820.858     1888.058     1954.256
687  mtMet+F+R2    861.660      48  1819.319     1886.519     1952.717
705  mtVer         927.543      27  1909.086     1925.701     1984.122
706  mtVer+I       915.002      28  1886.004     1904.049     1963.820
707  mtVer+G4      908.616      28  1873.231     1891.276     1951.047
708  mtVer+I+G4    909.083      29  1876.167     1895.717     1956.761
709  mtVer+R2      908.220      29  1874.440     1893.990     1955.034
727  mtVer+F       881.387      46  1854.773     1914.829     1982.613
728  mtVer+F+I     870.703      47  1835.406     1898.955     1966.025
729  mtVer+F+G4    866.430      47  1826.860     1890.409     1957.478
730  mtVer+F+I+G4  866.738      48  1829.477     1896.677     1962.875
731  mtVer+F+R2    865.872      48  1827.744     1894.944     1961.142
749  mtInv         931.443      27  1916.887     1933.502     1991.923
750  mtInv+I       924.218      28  1904.437     1922.481     1982.252
751  mtInv+G4      919.983      28  1895.966     1914.011     1973.782
752  mtInv+I+G4    920.500      29  1899.000     1918.551     1979.595
753  mtInv+R2      919.137      29  1896.273     1915.824     1976.868
771  mtInv+F       869.359      46  1830.718     1890.774     1958.558
772  mtInv+F+I     863.311      47  1820.621     1884.171     1951.240
773  mtInv+F+G4    860.682      47  1815.365     1878.914     1945.983
774  mtInv+F+I+G4  861.076      48  1818.153     1885.353     1951.551
775  mtInv+F+R2    860.127      48  1816.254     1883.454     1949.652
793  PMB           875.025      27  1804.051     1820.666     1879.087
794  PMB+I         872.868      28  1801.736     1819.781     1879.552
795  PMB+G4        870.884      28  1797.768     1815.813     1875.584
796  PMB+I+G4      871.523      29  1801.046     1820.597     1881.641
797  PMB+R2        870.969      29  1799.939     1819.489     1880.533
815  PMB+F         872.194      46  1836.388     1896.443     1964.227
816  PMB+F+I       869.895      47  1833.790     1897.339     1964.409
817  PMB+F+G4      867.913      47  1829.827     1893.376     1960.446
818  PMB+F+I+G4    868.529      48  1833.058     1900.258     1966.456
819  PMB+F+R2      867.978      48  1831.955     1899.155     1965.353
WARNING: Normalizing state frequencies so that sum of them equals to 1
837  Q.bird        877.098      27  1808.196     1824.811     1883.232
WARNING: Normalizing state frequencies so that sum of them equals to 1
838  Q.bird+I      868.071      28  1792.143     1810.187     1869.958
WARNING: Normalizing state frequencies so that sum of them equals to 1
839  Q.bird+G4     866.329      28  1788.659     1806.703     1866.474
WARNING: Normalizing state frequencies so that sum of them equals to 1
840  Q.bird+I+G4   866.449      29  1790.897     1810.448     1871.492
WARNING: Normalizing state frequencies so that sum of them equals to 1
841  Q.bird+R2     865.991      29  1789.982     1809.533     1870.577
WARNING: Normalizing state frequencies so that sum of them equals to 1
859  Q.bird+F      872.251      46  1836.502     1896.558     1964.342
WARNING: Normalizing state frequencies so that sum of them equals to 1
860  Q.bird+F+I    862.800      47  1819.599     1883.149     1950.218
WARNING: Normalizing state frequencies so that sum of them equals to 1
861  Q.bird+F+G4   860.656      47  1815.312     1878.861     1945.931
WARNING: Normalizing state frequencies so that sum of them equals to 1
862  Q.bird+F+I+G4 860.790      48  1817.579     1884.779     1950.977
WARNING: Normalizing state frequencies so that sum of them equals to 1
863  Q.bird+F+R2   860.162      48  1816.324     1883.524     1949.721
881  Q.insect      871.996      27  1797.993     1814.608     1873.029
882  Q.insect+I    866.662      28  1789.325     1807.369     1867.140
883  Q.insect+G4   864.321      28  1784.641     1802.686     1862.457
884  Q.insect+I+G4 864.782      29  1787.564     1807.114     1868.158
885  Q.insect+R2   863.938      29  1785.876     1805.427     1866.471
903  Q.insect+F    863.564      46  1819.128     1879.183     1946.967
904  Q.insect+F+I  858.289      47  1810.578     1874.128     1941.197
905  Q.insect+F+G4 856.187      47  1806.373     1869.923     1936.992
906  Q.insect+F+I+G4 856.596      48  1809.191     1876.391     1942.589
907  Q.insect+F+R2 855.828      48  1807.656     1874.856     1941.054
WARNING: Normalizing state frequencies so that sum of them equals to 1
925  Q.mammal      875.608      27  1805.217     1821.832     1880.253
WARNING: Normalizing state frequencies so that sum of them equals to 1
926  Q.mammal+I    869.155      28  1794.309     1812.354     1872.125
WARNING: Normalizing state frequencies so that sum of them equals to 1
927  Q.mammal+G4   866.960      28  1789.920     1807.964     1867.735
WARNING: Normalizing state frequencies so that sum of them equals to 1
928  Q.mammal+I+G4 867.327      29  1792.654     1812.205     1873.249
WARNING: Normalizing state frequencies so that sum of them equals to 1
929  Q.mammal+R2   866.697      29  1791.394     1810.944     1871.988
WARNING: Normalizing state frequencies so that sum of them equals to 1
947  Q.mammal+F    870.330      46  1832.659     1892.715     1960.499
WARNING: Normalizing state frequencies so that sum of them equals to 1
948  Q.mammal+F+I  863.149      47  1820.299     1883.848     1950.918
WARNING: Normalizing state frequencies so that sum of them equals to 1
949  Q.mammal+F+G4 860.425      47  1814.849     1878.399     1945.468
WARNING: Normalizing state frequencies so that sum of them equals to 1
950  Q.mammal+F+I+G4 860.807      48  1817.615     1884.815     1951.013
WARNING: Normalizing state frequencies so that sum of them equals to 1
951  Q.mammal+F+R2 859.944      48  1815.889     1883.089     1949.287
WARNING: Normalizing state frequencies so that sum of them equals to 1
969  Q.pfam        866.907      27  1787.815     1804.430     1862.851
WARNING: Normalizing state frequencies so that sum of them equals to 1
970  Q.pfam+I      862.870      28  1781.741     1799.785     1859.556
WARNING: Normalizing state frequencies so that sum of them equals to 1
971  Q.pfam+G4     860.324      28  1776.649     1794.693     1854.464
WARNING: Normalizing state frequencies so that sum of them equals to 1
972  Q.pfam+I+G4   860.985      29  1779.970     1799.520     1860.564
WARNING: Normalizing state frequencies so that sum of them equals to 1
973  Q.pfam+R2     860.059      29  1778.117     1797.668     1858.712
WARNING: Normalizing state frequencies so that sum of them equals to 1
991  Q.pfam+F      864.755      46  1821.510     1881.565     1949.349
WARNING: Normalizing state frequencies so that sum of them equals to 1
992  Q.pfam+F+I    860.604      47  1815.207     1878.757     1945.826
WARNING: Normalizing state frequencies so that sum of them equals to 1
993  Q.pfam+F+G4   857.835      47  1809.669     1873.219     1940.288
WARNING: Normalizing state frequencies so that sum of them equals to 1
994  Q.pfam+F+I+G4 858.451      48  1812.903     1880.103     1946.301
WARNING: Normalizing state frequencies so that sum of them equals to 1
995  Q.pfam+F+R2   857.466      48  1810.932     1878.132     1944.330
WARNING: Normalizing state frequencies so that sum of them equals to 1
1013  Q.plant       870.212      27  1794.423     1811.039     1869.460
WARNING: Normalizing state frequencies so that sum of them equals to 1
1014  Q.plant+I     862.540      28  1781.080     1799.125     1858.896
WARNING: Normalizing state frequencies so that sum of them equals to 1
1015  Q.plant+G4    859.898      28  1775.796     1793.841     1853.612
WARNING: Normalizing state frequencies so that sum of them equals to 1
1016  Q.plant+I+G4  860.245      29  1778.490     1798.041     1859.085
WARNING: Normalizing state frequencies so that sum of them equals to 1
1017  Q.plant+R2    859.430      29  1776.861     1796.411     1857.455
WARNING: Normalizing state frequencies so that sum of them equals to 1
1035  Q.plant+F     867.486      46  1826.972     1887.028     1954.812
WARNING: Normalizing state frequencies so that sum of them equals to 1
1036  Q.plant+F+I   860.040      47  1814.080     1877.629     1944.699
WARNING: Normalizing state frequencies so that sum of them equals to 1
1037  Q.plant+F+G4  857.377      47  1808.754     1872.303     1939.373
WARNING: Normalizing state frequencies so that sum of them equals to 1
1038  Q.plant+F+I+G4 857.724      48  1811.448     1878.648     1944.846
WARNING: Normalizing state frequencies so that sum of them equals to 1
1039  Q.plant+F+R2  856.842      48  1809.684     1876.884     1943.082
WARNING: Normalizing state frequencies so that sum of them equals to 1
1057  Q.yeast       875.934      27  1805.869     1822.484     1880.905
WARNING: Normalizing state frequencies so that sum of them equals to 1
1058  Q.yeast+I     870.412      28  1796.824     1814.868     1874.639
WARNING: Normalizing state frequencies so that sum of them equals to 1
1059  Q.yeast+G4    867.898      28  1791.797     1809.841     1869.612
WARNING: Normalizing state frequencies so that sum of them equals to 1
1060  Q.yeast+I+G4  868.377      29  1794.754     1814.304     1875.348
WARNING: Normalizing state frequencies so that sum of them equals to 1
1061  Q.yeast+R2    867.559      29  1793.118     1812.669     1873.713
WARNING: Normalizing state frequencies so that sum of them equals to 1
1079  Q.yeast+F     863.729      46  1819.458     1879.513     1947.297
WARNING: Normalizing state frequencies so that sum of them equals to 1
1080  Q.yeast+F+I   859.015      47  1812.030     1875.580     1942.649
WARNING: Normalizing state frequencies so that sum of them equals to 1
1081  Q.yeast+F+G4  856.605      47  1807.209     1870.759     1937.828
WARNING: Normalizing state frequencies so that sum of them equals to 1
1082  Q.yeast+F+I+G4 857.111      48  1810.223     1877.423     1943.621
WARNING: Normalizing state frequencies so that sum of them equals to 1
1083  Q.yeast+F+R2  856.224      48  1808.449     1875.649     1941.847
1101  rtREV         880.769      27  1815.537     1832.153     1890.574
1102  rtREV+I       876.195      28  1808.390     1826.434     1886.205
1103  rtREV+G4      873.856      28  1803.712     1821.756     1881.527
1104  rtREV+I+G4    874.379      29  1806.758     1826.309     1887.353
1105  rtREV+R2      873.712      29  1805.424     1824.974     1886.018
1123  rtREV+F       868.563      46  1829.125     1889.181     1956.965
1124  rtREV+F+I     863.164      47  1820.329     1883.878     1950.947
1125  rtREV+F+G4    860.548      47  1815.097     1878.646     1945.715
1126  rtREV+F+I+G4  861.040      48  1818.079     1885.279     1951.477
1127  rtREV+F+R2    860.253      48  1816.505     1883.705     1949.903
1145  VT            869.685      27  1793.370     1809.985     1868.406
1146  VT+I          867.162      28  1790.323     1808.368     1868.139
1147  VT+G4         865.614      28  1787.229     1805.273     1865.044
1148  VT+I+G4       866.125      29  1790.251     1809.801     1870.845
1149  VT+R2         865.699      29  1789.397     1808.948     1869.992
1167  VT+F          866.274      46  1824.549     1884.604     1952.388
1168  VT+F+I        863.901      47  1821.801     1885.351     1952.420
1169  VT+F+G4       862.294      47  1818.588     1882.138     1949.207
1170  VT+F+I+G4     862.828      48  1821.655     1888.855     1955.053
1171  VT+F+R2       862.366      48  1820.732     1887.932     1954.130
1189  WAG           869.614      27  1793.228     1809.843     1868.264
1190  WAG+I         866.383      28  1788.766     1806.810     1866.582
1191  WAG+G4        864.108      28  1784.217     1802.261     1862.032
1192  WAG+I+G4      864.722      29  1787.445     1806.996     1868.040
1193  WAG+R2        864.058      29  1786.117     1805.667     1866.711
1211  WAG+F         866.847      46  1825.694     1885.749     1953.533
1212  WAG+F+I       863.628      47  1821.255     1884.804     1951.874
1213  WAG+F+G4      861.160      47  1816.320     1879.869     1946.939
1214  WAG+F+I+G4    861.799      48  1819.598     1886.798     1952.996
1215  WAG+F+R2      860.960      48  1817.919     1885.119     1951.317
Reading model parameters from file Q.iridoviridae
1233  Q.iridoviridae 870.117      27  1794.234     1810.849     1869.270
Reading model parameters from file Q.iridoviridae
1234  Q.iridoviridae+I 865.565      28  1787.131     1805.175     1864.946
Reading model parameters from file Q.iridoviridae
1235  Q.iridoviridae+G4 863.444      28  1782.889     1800.933     1860.704
Reading model parameters from file Q.iridoviridae
1236  Q.iridoviridae+I+G4 863.922      29  1785.844     1805.394     1866.438
Reading model parameters from file Q.iridoviridae
1237  Q.iridoviridae+R2 863.340      29  1784.680     1804.231     1865.275
Reading model parameters from file Q.iridoviridae
1255  Q.iridoviridae+F 864.094      46  1820.188     1880.244     1948.028
Reading model parameters from file Q.iridoviridae
1256  Q.iridoviridae+F+I 859.769      47  1813.538     1877.087     1944.157
Reading model parameters from file Q.iridoviridae
1257  Q.iridoviridae+F+G4 857.878      47  1809.756     1873.305     1940.375
Reading model parameters from file Q.iridoviridae
1258  Q.iridoviridae+F+I+G4 858.314      48  1812.629     1879.829     1946.027
Reading model parameters from file Q.iridoviridae
1259  Q.iridoviridae+F+R2 857.794      48  1811.589     1878.789     1944.987
Reading model parameters from file Q.mcv
WARNING: Normalizing state frequencies so that sum of them equals to 1
1277  Q.mcv         861.067      27  1776.135     1792.750     1851.171
Reading model parameters from file Q.mcv
WARNING: Normalizing state frequencies so that sum of them equals to 1
1278  Q.mcv+I       855.410      28  1766.821     1784.865     1844.636
Reading model parameters from file Q.mcv
WARNING: Normalizing state frequencies so that sum of them equals to 1
1279  Q.mcv+G4      853.132      28  1762.264     1780.308     1840.079
Reading model parameters from file Q.mcv
WARNING: Normalizing state frequencies so that sum of them equals to 1
1280  Q.mcv+I+G4    853.584      29  1765.167     1784.718     1845.762
Reading model parameters from file Q.mcv
WARNING: Normalizing state frequencies so that sum of them equals to 1
1281  Q.mcv+R2      852.923      29  1763.845     1783.396     1844.440
Reading model parameters from file Q.mcv
WARNING: Normalizing state frequencies so that sum of them equals to 1
1299  Q.mcv+F       860.313      46  1812.626     1872.681     1940.466
Reading model parameters from file Q.mcv
WARNING: Normalizing state frequencies so that sum of them equals to 1
1300  Q.mcv+F+I     854.887      47  1803.775     1867.324     1934.394
Reading model parameters from file Q.mcv
WARNING: Normalizing state frequencies so that sum of them equals to 1
1301  Q.mcv+F+G4    852.559      47  1799.118     1862.668     1929.737
Reading model parameters from file Q.mcv
WARNING: Normalizing state frequencies so that sum of them equals to 1
1302  Q.mcv+F+I+G4  853.022      48  1802.044     1869.244     1935.442
Reading model parameters from file Q.mcv
WARNING: Normalizing state frequencies so that sum of them equals to 1
1303  Q.mcv+F+R2    852.311      48  1800.621     1867.821     1934.019
Akaike Information Criterion:           Q.mcv+G4
Corrected Akaike Information Criterion: Q.mcv+G4
Bayesian Information Criterion:         Q.mcv+G4
Best-fit model: Q.mcv+G4 chosen according to BIC

All model information printed to iqtree_genus/OG0000030.fa.model.gz
CPU time for ModelFinder: 3.913 seconds (0h:0m:3s)
Wall-clock time for ModelFinder: 3.939 seconds (0h:0m:3s)
Generating 1000 samples for ultrafast bootstrap (seed: 973566)...
Reading model parameters from file Q.mcv
WARNING: Normalizing state frequencies so that sum of them equals to 1

NOTE: 1 MB RAM (0 GB) is required!
Estimate model parameters (epsilon = 0.100)
1. Initial log-likelihood: -853.132
Optimal log-likelihood: -853.131
Gamma shape alpha: 1.048
Parameters optimization took 1 rounds (0.005 sec)
Wrote distance file to... 
Computing ML distances based on estimated model parameters...
Calculating distance matrix: done in 0.0142531 secs using 99.99% CPU
Computing ML distances took 0.014280 sec (of wall-clock time) 0.014281 sec (of CPU time)
Setting up auxiliary I and S matrices: done in 3.38554e-05 secs using 97.47% CPU
Constructing RapidNJ tree: done in 5.29289e-05 secs using 194.6% CPU
Computing RapidNJ tree took 0.000120 sec (of wall-clock time) 0.000170 sec (of CPU time)
Log-likelihood of RapidNJ tree: -853.133
--------------------------------------------------------------------
|             INITIALIZING CANDIDATE TREE SET                      |
--------------------------------------------------------------------
Generating 98 parsimony trees... 0.032 second
Computing log-likelihood of 98 initial trees ... 0.149 seconds
Current best score: -853.131

Do NNI search on 20 best initial trees
Optimizing NNI: done in 0.00776887 secs using 197.2% CPU
Estimate model parameters (epsilon = 0.100)
BETTER TREE FOUND at iteration 1: -853.131
Optimizing NNI: done in 0.00804019 secs using 100% CPU
Optimizing NNI: done in 0.028801 secs using 99.98% CPU
Optimizing NNI: done in 0.0287001 secs using 100% CPU
Optimizing NNI: done in 0.0263841 secs using 100% CPU
Optimizing NNI: done in 0.0263269 secs using 100% CPU
Optimizing NNI: done in 0.0287421 secs using 100% CPU
Optimizing NNI: done in 0.028769 secs using 100% CPU
Optimizing NNI: done in 0.0287988 secs using 100% CPU
Optimizing NNI: done in 0.032934 secs using 100% CPU
Iteration 10 / LogL: -853.132 / Time: 0h:0m:0s
Optimizing NNI: done in 0.032896 secs using 99.95% CPU
Optimizing NNI: done in 0.0343719 secs using 100% CPU
Optimizing NNI: done in 0.034281 secs using 100% CPU
Optimizing NNI: done in 0.034132 secs using 100% CPU
Optimizing NNI: done in 0.0341508 secs using 100% CPU
Optimizing NNI: done in 0.032908 secs using 100% CPU
Optimizing NNI: done in 0.034241 secs using 100% CPU
Optimizing NNI: done in 0.038604 secs using 100% CPU
Optimizing NNI: done in 0.040669 secs using 100% CPU
Optimizing NNI: done in 0.040518 secs using 100% CPU
Iteration 20 / LogL: -853.132 / Time: 0h:0m:0s
Finish initializing candidate tree set (3)
Current best tree score: -853.131 / CPU time: 0.800
Number of iterations: 20
--------------------------------------------------------------------
|               OPTIMIZING CANDIDATE TREE SET                      |
--------------------------------------------------------------------
Optimizing NNI: done in 0.0622489 secs using 100% CPU
Optimizing NNI: done in 0.021239 secs using 100% CPU
Optimizing NNI: done in 0.0496738 secs using 100% CPU
Optimizing NNI: done in 0.060425 secs using 100% CPU
Optimizing NNI: done in 0.0383701 secs using 100% CPU
Optimizing NNI: done in 0.034987 secs using 100% CPU
Optimizing NNI: done in 0.0600171 secs using 100% CPU
Optimizing NNI: done in 0.0465329 secs using 100% CPU
Optimizing NNI: done in 0.045059 secs using 100% CPU
Optimizing NNI: done in 0.0517149 secs using 99.99% CPU
Iteration 30 / LogL: -853.132 / Time: 0h:0m:1s (0h:0m:3s left)
Optimizing NNI: done in 0.039741 secs using 100% CPU
Optimizing NNI: done in 0.022325 secs using 99.96% CPU
Optimizing NNI: done in 0.0577631 secs using 99.98% CPU
Optimizing NNI: done in 0.054909 secs using 99.99% CPU
Optimizing NNI: done in 0.0313871 secs using 100% CPU
Optimizing NNI: done in 0.0426879 secs using 99.96% CPU
Optimizing NNI: done in 0.0619552 secs using 100% CPU
Optimizing NNI: done in 0.0221519 secs using 100% CPU
Optimizing NNI: done in 0.035629 secs using 100% CPU
Optimizing NNI: done in 0.0628629 secs using 100% CPU
Iteration 40 / LogL: -853.132 / Time: 0h:0m:1s (0h:0m:2s left)
Optimizing NNI: done in 0.0381169 secs using 100% CPU
Optimizing NNI: done in 0.020983 secs using 100% CPU
Optimizing NNI: done in 0.0598528 secs using 100% CPU
Optimizing NNI: done in 0.043035 secs using 100% CPU
Optimizing NNI: done in 0.043787 secs using 100% CPU
Optimizing NNI: done in 0.0152931 secs using 100% CPU
Optimizing NNI: done in 0.046823 secs using 100% CPU
Optimizing NNI: done in 0.0444782 secs using 100% CPU
Optimizing NNI: done in 0.0289569 secs using 100% CPU
Optimizing NNI: done in 0.033586 secs using 100% CPU
Iteration 50 / LogL: -853.132 / Time: 0h:0m:2s (0h:0m:2s left)
Log-likelihood cutoff on original alignment: -870.686
Optimizing NNI: done in 0.042882 secs using 100% CPU
Optimizing NNI: done in 0.0529599 secs using 99.99% CPU
Optimizing NNI: done in 0.0152309 secs using 100% CPU
UPDATE BEST LOG-LIKELIHOOD: -853.131
Optimizing NNI: done in 0.0353799 secs using 100% CPU
Optimizing NNI: done in 0.0378911 secs using 99.98% CPU
Optimizing NNI: done in 0.0435009 secs using 99.99% CPU
Optimizing NNI: done in 0.0395501 secs using 100% CPU
Optimizing NNI: done in 0.0348818 secs using 99.97% CPU
Optimizing NNI: done in 0.0536089 secs using 100% CPU
Optimizing NNI: done in 0.0457969 secs using 100% CPU
Iteration 60 / LogL: -853.132 / Time: 0h:0m:2s (0h:0m:1s left)
Optimizing NNI: done in 0.0283132 secs using 100% CPU
Optimizing NNI: done in 0.0461309 secs using 100% CPU
Optimizing NNI: done in 0.0328431 secs using 100% CPU
Optimizing NNI: done in 0.0273881 secs using 100% CPU
Optimizing NNI: done in 0.048912 secs using 100% CPU
Optimizing NNI: done in 0.0526791 secs using 100% CPU
Optimizing NNI: done in 0.030715 secs using 100% CPU
Optimizing NNI: done in 0.0519569 secs using 100% CPU
Optimizing NNI: done in 0.052278 secs using 100% CPU
Optimizing NNI: done in 0.047904 secs using 100% CPU
Iteration 70 / LogL: -853.132 / Time: 0h:0m:3s (0h:0m:1s left)
Optimizing NNI: done in 0.0479002 secs using 100% CPU
Optimizing NNI: done in 0.076592 secs using 100% CPU
Optimizing NNI: done in 0.0121028 secs using 100% CPU
Optimizing NNI: done in 0.0189409 secs using 100% CPU
Optimizing NNI: done in 0.0535319 secs using 100% CPU
Optimizing NNI: done in 0.0522869 secs using 100% CPU
Optimizing NNI: done in 0.0523169 secs using 99.98% CPU
Optimizing NNI: done in 0.047904 secs using 99.99% CPU
Optimizing NNI: done in 0.0471709 secs using 99.98% CPU
Optimizing NNI: done in 0.0669861 secs using 100% CPU
Iteration 80 / LogL: -853.133 / Time: 0h:0m:3s (0h:0m:0s left)
Optimizing NNI: done in 0.0351441 secs using 100% CPU
Optimizing NNI: done in 0.015038 secs using 99.99% CPU
Optimizing NNI: done in 0.058244 secs using 100% CPU
Optimizing NNI: done in 0.0215511 secs using 99.99% CPU
Optimizing NNI: done in 0.0415142 secs using 100% CPU
Optimizing NNI: done in 0.054213 secs using 100% CPU
Optimizing NNI: done in 0.0687361 secs using 100% CPU
Optimizing NNI: done in 0.028204 secs using 100% CPU
Optimizing NNI: done in 0.0330491 secs using 100% CPU
Optimizing NNI: done in 0.0466571 secs using 100% CPU
Iteration 90 / LogL: -853.132 / Time: 0h:0m:4s (0h:0m:0s left)
Optimizing NNI: done in 0.055505 secs using 100% CPU
Optimizing NNI: done in 0.0527699 secs using 100% CPU
Optimizing NNI: done in 0.034615 secs using 100% CPU
Optimizing NNI: done in 0.0151041 secs using 99.99% CPU
Optimizing NNI: done in 0.0213609 secs using 100% CPU
Optimizing NNI: done in 0.048317 secs using 100% CPU
Optimizing NNI: done in 0.0315559 secs using 100% CPU
Optimizing NNI: done in 0.0652449 secs using 100% CPU
Optimizing NNI: done in 0.0224831 secs using 100% CPU
Optimizing NNI: done in 0.0311351 secs using 100% CPU
Iteration 100 / LogL: -853.132 / Time: 0h:0m:4s (0h:0m:0s left)
Log-likelihood cutoff on original alignment: -873.831
NOTE: Bootstrap correlation coefficient of split occurrence frequencies: 0.997
Optimizing NNI: done in 0.01104 secs using 99.9% CPU
Optimizing NNI: done in 0.0427589 secs using 100% CPU
TREE SEARCH COMPLETED AFTER 102 ITERATIONS / Time: 0h:0m:4s

--------------------------------------------------------------------
|                    FINALIZING TREE SEARCH                        |
--------------------------------------------------------------------
Performs final model parameters optimization
Estimate model parameters (epsilon = 0.010)
1. Initial log-likelihood: -853.131
Optimal log-likelihood: -853.131
Gamma shape alpha: 1.051
Parameters optimization took 1 rounds (0.005 sec)
BEST SCORE FOUND : -853.131
Creating bootstrap support values...
Split supports printed to NEXUS file iqtree_genus/OG0000030.fa.splits.nex
Total tree length: 2.030

Total number of iterations: 102
CPU time used for tree search: 4.635 sec (0h:0m:4s)
Wall-clock time used for tree search: 4.460 sec (0h:0m:4s)
Total CPU time used: 4.701 sec (0h:0m:4s)
Total wall-clock time used: 4.523 sec (0h:0m:4s)

Computing bootstrap consensus tree...
Reading input file iqtree_genus/OG0000030.fa.splits.nex...
15 taxa and 131 splits.
Consensus tree written to iqtree_genus/OG0000030.fa.contree
Reading input trees file iqtree_genus/OG0000030.fa.contree
Log-likelihood of consensus tree: -853.133

Analysis results written to: 
  IQ-TREE report:                iqtree_genus/OG0000030.fa.iqtree
  Maximum-likelihood tree:       iqtree_genus/OG0000030.fa.treefile
  Likelihood distances:          iqtree_genus/OG0000030.fa.mldist

Ultrafast bootstrap approximation results written to:
  Split support values:          iqtree_genus/OG0000030.fa.splits.nex
  Consensus tree:                iqtree_genus/OG0000030.fa.contree
  Screen log file:               iqtree_genus/OG0000030.fa.log

Date and Time: Wed Apr  2 14:06:19 2025
