IQ-TREE multicore version 2.2.0.5 COVID-edition for Linux 64-bit built Sep 26 2022
Developed by Bui Quang Minh, James Barbetti, Nguyen Lam Tung,
Olga Chernomor, Heiko Schmidt, Dominik Schrempf, Michael Woodhams, Ly Trong Nhan.

Host:    petrichor-dm (AVX2, FMA3, 503 GB RAM)
Command: iqtree2 -s alignments_genus_muscle5_edited_trimmed/OG0000024.fa -B 1000 -mset Blosum62,cpREV,Dayhoff,DCMut,FLAVI,FLU,HIVb,HIVw,JTT,JTTDCMut,LG,mtART,mtMAM,mtREV,mtZOA,mtMet,mtVer,mtInv,PMB,Q.bird,Q.insect,Q.mammal,Q.pfam,Q.plant,Q.yeast,rtREV,VT,WAG,Q.iridoviridae,Q.mcv -T 1 -pre iqtree_genus/OG0000024.fa
Seed:    992690 (Using SPRNG - Scalable Parallel Random Number Generator)
Time:    Wed Apr  2 14:01:17 2025
Kernel:  AVX+FMA - 1 threads (32 CPU cores detected)

HINT: Use -nt option to specify number of threads because your CPU has 32 cores!
HINT: -nt AUTO will automatically determine the best number of threads to use.

Reading alignment file alignments_genus_muscle5_edited_trimmed/OG0000024.fa ... Fasta format detected
Reading fasta file: done in 0.000678062 secs
Alignment most likely contains protein sequences
Constructing alignment: done in 0.000252962 secs
Alignment has 62 sequences with 267 columns, 166 distinct patterns
154 parsimony-informative, 9 singleton sites, 104 constant sites
                                                          Gap/Ambiguity  Composition  p-value
Analyzing sequences: done in 1.81198e-05 secs
   1  MT798582_Megalocytivirus_pagrus1_RSIV                       0.00%    passed    100.00%
   2  MW273353_Megalocytivirus_pagrus1_ISKNV                      0.00%    passed    100.00%
   3  ON212400_Megalocytivirus_pagrus1_ISKNV                      0.00%    passed    100.00%
   4  MK689686_Megalocytivirus_pagrus1_RSIV                       0.00%    passed    100.00%
   5  MK098185_Megalocytivirus_pagrus1_RSIV                       0.00%    passed    100.00%
   6  MW883600_Megalocytivirus_pagrus1_ISKNV                      0.00%    passed    100.00%
   7  MN562489_Megalocytivirus_lates1_SDDV                        0.75%    failed      3.15%
   8  MG570131_Megalocytivirus_pagrus1_TRBIV                      0.00%    passed    100.00%
   9  OP896201_Megalocytivirus_pagrus1_ISKNV                      0.00%    passed    100.00%
  10  AY894343_Megalocytivirus_pagrus1_RSIV                       0.00%    passed    100.00%
  11  MK689685_Megalocytivirus_pagrus1_ISKNV                      0.00%    passed    100.00%
  12  GQ273492_Megalocytivirus_pagrus1_TRBIV                      0.00%    passed    100.00%
  13  MW883593_Megalocytivirus_pagrus1_ISKNV                      0.00%    passed    100.00%
  14  PP974677_Megalocytivirus_pagrus1_ISKNV                      0.00%    passed    100.00%
  15  MW883601_Megalocytivirus_pagrus1_ISKNV                      0.00%    passed    100.00%
  16  KT781098_Megalocytivirus_pagrus1_ISKNV                      0.00%    passed    100.00%
  17  OK042109_Megalocytivirus_pagrus1_RSIV                       0.00%    passed    100.00%
  18  PQ335173_PQ335174_Threespine_stickleback_iridovirus_TSIV    0.37%    passed     97.10%
  19  MK098186_Megalocytivirus_pagrus1_RSIV                       0.00%    passed    100.00%
  20  MW273354_Megalocytivirus_pagrus1_ISKNV                      0.00%    passed    100.00%
  21  MW883603_Megalocytivirus_pagrus1_ISKNV                      0.00%    passed    100.00%
  22  AB104413_Megalocytivirus_pagrus1_RSIV                       0.00%    passed    100.00%
  23  AP017456_Megalocytivirus_pagrus1_RSIV                       0.00%    passed    100.00%
  24  OR536350_Megalocytivirus_pagrus1_ISKNV                      0.00%    passed    100.00%
  25  MW883606_Megalocytivirus_pagrus1_ISKNV                      0.00%    passed    100.00%
  26  23043610005_Megalocytivirus_pagrus1_ISKNV                   0.00%    passed    100.00%
  27  MT521409_Megalocytivirus_lates1_SDDV                        0.75%    failed      3.15%
  28  OK042108_Megalocytivirus_pagrus1_RSIV                       0.00%    passed    100.00%
  29  MT986830_Megalocytivirus_pagrus1_ISKNV                      0.00%    passed    100.00%
  30  OM037668_Megalocytivirus_lates1_SDDV                        0.75%    failed      3.15%
  31  OR670976_Megalocytivirus_pagrus1_ISKNV                      0.00%    passed    100.00%
  32  MW883598_Megalocytivirus_pagrus1_RSIV                       0.00%    passed    100.00%
  33  AF371960_Megalocytivirus_pagrus1_ISKNV                      0.00%    passed    100.00%
  34  OP009387_Megalocytivirus_pagrus1_ISKNV                      0.00%    passed    100.00%
  35  MW139932_Megalocytivirus_pagrus1_RSIV                       0.00%    passed    100.00%
  36  MN432490_Megalocytivirus_pagrus1_ISKNV                      0.00%    passed    100.00%
  37  NC_003494_Megalocytivirus_pagrus1_ISKNV                     0.00%    passed    100.00%
  38  MT926123_Megalocytivirus_pagrus1_ISKNV                      0.00%    passed    100.00%
  39  MW883599_Megalocytivirus_pagrus1_ISKNV                      0.00%    passed    100.00%
  40  ON075463_Megalocytivirus_pagrus1_RSIV                       0.00%    passed    100.00%
  41  PP151097_Megalocytivirus_pagrus1_ISKNV                      0.00%    passed    100.00%
  42  MW883596_Megalocytivirus_pagrus1_ISKNV                      0.00%    passed    100.00%
  43  23043610003_Megalocytivirus_pagrus1_ISKNV                   0.00%    passed    100.00%
  44  MT128667_Megalocytivirus_pagrus1_ISKNV                      0.00%    passed    100.00%
  45  MW883597_Megalocytivirus_pagrus1_ISKNV                      0.00%    passed    100.00%
  46  MW883595_Megalocytivirus_pagrus1_ISKNV                      0.00%    passed    100.00%
  47  MK098187_Megalocytivirus_pagrus1_RSIV                       0.00%    passed    100.00%
  48  OL774654_Megalocytivirus_pagrus1_RSIV                       0.00%    passed    100.00%
  49  MT128666_Megalocytivirus_pagrus1_ISKNV                      0.00%    passed    100.00%
  50  OQ513807_Megalocytivirus_pagrus1_ISKNV                      0.00%    passed    100.00%
  51  BD143114_Megalocytivirus_pagrus1_RSIV                       0.00%    passed    100.00%
  52  OQ475017_Megalocytivirus_pagrus1_RSIV                       0.00%    passed    100.00%
  53  MG570132_Megalocytivirus_pagrus1_TRBIV                      0.00%    passed    100.00%
  54  MW883602_Megalocytivirus_pagrus1_ISKNV                      0.00%    passed    100.00%
  55  OL774655_Megalocytivirus_pagrus1_RSIV                       0.00%    passed    100.00%
  56  OL774653_Megalocytivirus_pagrus1_RSIV                       0.00%    passed    100.00%
  57  ON740976_Megalocytivirus_pagrus1_RSIV                       0.00%    passed    100.00%
  58  ON743042_Megalocytivirus_pagrus1_RSIV                       0.00%    passed    100.00%
  59  OR356116_Megalocytivirus_pagrus1_ISKNV                      0.00%    passed    100.00%
  60  MW883594_Megalocytivirus_pagrus1_ISKNV                      0.00%    passed    100.00%
  61  KT804738_Megalocytivirus_pagrus1_RSIV                       0.00%    passed    100.00%
  62  KC244182_Megalocytivirus_pagrus1_RSIV                       0.00%    passed    100.00%
****  TOTAL                                                       0.04%  3 sequences failed composition chi2 test (p-value<5%; df=19)
NOTE: MK689686_Megalocytivirus_pagrus1_RSIV is identical to MT798582_Megalocytivirus_pagrus1_RSIV but kept for subsequent analysis
NOTE: ON212400_Megalocytivirus_pagrus1_ISKNV is identical to MW273353_Megalocytivirus_pagrus1_ISKNV but kept for subsequent analysis
NOTE: MK098186_Megalocytivirus_pagrus1_RSIV is identical to MK098185_Megalocytivirus_pagrus1_RSIV but kept for subsequent analysis
NOTE: MT521409_Megalocytivirus_lates1_SDDV is identical to MN562489_Megalocytivirus_lates1_SDDV but kept for subsequent analysis
NOTE: MG570132_Megalocytivirus_pagrus1_TRBIV is identical to MG570131_Megalocytivirus_pagrus1_TRBIV but kept for subsequent analysis
NOTE: OK042109_Megalocytivirus_pagrus1_RSIV is identical to GQ273492_Megalocytivirus_pagrus1_TRBIV but kept for subsequent analysis
NOTE: 23043610003_Megalocytivirus_pagrus1_ISKNV is identical to 23043610005_Megalocytivirus_pagrus1_ISKNV but kept for subsequent analysis
Checking for duplicate sequences: done in 0.000128984 secs
Identifying sites to remove: done in 6.50883e-05 secs
NOTE: 47 identical sequences (see below) will be ignored for subsequent analysis
NOTE: AY894343_Megalocytivirus_pagrus1_RSIV (identical to MT798582_Megalocytivirus_pagrus1_RSIV) is ignored but added at the end
NOTE: AP017456_Megalocytivirus_pagrus1_RSIV (identical to MT798582_Megalocytivirus_pagrus1_RSIV) is ignored but added at the end
NOTE: OK042108_Megalocytivirus_pagrus1_RSIV (identical to MT798582_Megalocytivirus_pagrus1_RSIV) is ignored but added at the end
NOTE: MW883598_Megalocytivirus_pagrus1_RSIV (identical to MT798582_Megalocytivirus_pagrus1_RSIV) is ignored but added at the end
NOTE: ON075463_Megalocytivirus_pagrus1_RSIV (identical to MT798582_Megalocytivirus_pagrus1_RSIV) is ignored but added at the end
NOTE: OQ475017_Megalocytivirus_pagrus1_RSIV (identical to MT798582_Megalocytivirus_pagrus1_RSIV) is ignored but added at the end
NOTE: ON740976_Megalocytivirus_pagrus1_RSIV (identical to MT798582_Megalocytivirus_pagrus1_RSIV) is ignored but added at the end
NOTE: ON743042_Megalocytivirus_pagrus1_RSIV (identical to MT798582_Megalocytivirus_pagrus1_RSIV) is ignored but added at the end
NOTE: KT804738_Megalocytivirus_pagrus1_RSIV (identical to MT798582_Megalocytivirus_pagrus1_RSIV) is ignored but added at the end
NOTE: KC244182_Megalocytivirus_pagrus1_RSIV (identical to MT798582_Megalocytivirus_pagrus1_RSIV) is ignored but added at the end
NOTE: MW883600_Megalocytivirus_pagrus1_ISKNV (identical to MW273353_Megalocytivirus_pagrus1_ISKNV) is ignored but added at the end
NOTE: OP896201_Megalocytivirus_pagrus1_ISKNV (identical to MW273353_Megalocytivirus_pagrus1_ISKNV) is ignored but added at the end
NOTE: MK689685_Megalocytivirus_pagrus1_ISKNV (identical to MW273353_Megalocytivirus_pagrus1_ISKNV) is ignored but added at the end
NOTE: MW883593_Megalocytivirus_pagrus1_ISKNV (identical to MW273353_Megalocytivirus_pagrus1_ISKNV) is ignored but added at the end
NOTE: PP974677_Megalocytivirus_pagrus1_ISKNV (identical to MW273353_Megalocytivirus_pagrus1_ISKNV) is ignored but added at the end
NOTE: MW883601_Megalocytivirus_pagrus1_ISKNV (identical to MW273353_Megalocytivirus_pagrus1_ISKNV) is ignored but added at the end
NOTE: KT781098_Megalocytivirus_pagrus1_ISKNV (identical to MW273353_Megalocytivirus_pagrus1_ISKNV) is ignored but added at the end
NOTE: MW273354_Megalocytivirus_pagrus1_ISKNV (identical to MW273353_Megalocytivirus_pagrus1_ISKNV) is ignored but added at the end
NOTE: MW883603_Megalocytivirus_pagrus1_ISKNV (identical to MW273353_Megalocytivirus_pagrus1_ISKNV) is ignored but added at the end
NOTE: OR536350_Megalocytivirus_pagrus1_ISKNV (identical to MW273353_Megalocytivirus_pagrus1_ISKNV) is ignored but added at the end
NOTE: MW883606_Megalocytivirus_pagrus1_ISKNV (identical to MW273353_Megalocytivirus_pagrus1_ISKNV) is ignored but added at the end
NOTE: MT986830_Megalocytivirus_pagrus1_ISKNV (identical to MW273353_Megalocytivirus_pagrus1_ISKNV) is ignored but added at the end
NOTE: OR670976_Megalocytivirus_pagrus1_ISKNV (identical to MW273353_Megalocytivirus_pagrus1_ISKNV) is ignored but added at the end
NOTE: AF371960_Megalocytivirus_pagrus1_ISKNV (identical to MW273353_Megalocytivirus_pagrus1_ISKNV) is ignored but added at the end
NOTE: OP009387_Megalocytivirus_pagrus1_ISKNV (identical to MW273353_Megalocytivirus_pagrus1_ISKNV) is ignored but added at the end
NOTE: MN432490_Megalocytivirus_pagrus1_ISKNV (identical to MW273353_Megalocytivirus_pagrus1_ISKNV) is ignored but added at the end
NOTE: NC_003494_Megalocytivirus_pagrus1_ISKNV (identical to MW273353_Megalocytivirus_pagrus1_ISKNV) is ignored but added at the end
NOTE: MT926123_Megalocytivirus_pagrus1_ISKNV (identical to MW273353_Megalocytivirus_pagrus1_ISKNV) is ignored but added at the end
NOTE: MW883599_Megalocytivirus_pagrus1_ISKNV (identical to MW273353_Megalocytivirus_pagrus1_ISKNV) is ignored but added at the end
NOTE: PP151097_Megalocytivirus_pagrus1_ISKNV (identical to MW273353_Megalocytivirus_pagrus1_ISKNV) is ignored but added at the end
NOTE: MW883596_Megalocytivirus_pagrus1_ISKNV (identical to MW273353_Megalocytivirus_pagrus1_ISKNV) is ignored but added at the end
NOTE: MT128667_Megalocytivirus_pagrus1_ISKNV (identical to MW273353_Megalocytivirus_pagrus1_ISKNV) is ignored but added at the end
NOTE: MW883597_Megalocytivirus_pagrus1_ISKNV (identical to MW273353_Megalocytivirus_pagrus1_ISKNV) is ignored but added at the end
NOTE: MW883595_Megalocytivirus_pagrus1_ISKNV (identical to MW273353_Megalocytivirus_pagrus1_ISKNV) is ignored but added at the end
NOTE: MT128666_Megalocytivirus_pagrus1_ISKNV (identical to MW273353_Megalocytivirus_pagrus1_ISKNV) is ignored but added at the end
NOTE: OQ513807_Megalocytivirus_pagrus1_ISKNV (identical to MW273353_Megalocytivirus_pagrus1_ISKNV) is ignored but added at the end
NOTE: MW883602_Megalocytivirus_pagrus1_ISKNV (identical to MW273353_Megalocytivirus_pagrus1_ISKNV) is ignored but added at the end
NOTE: OR356116_Megalocytivirus_pagrus1_ISKNV (identical to MW273353_Megalocytivirus_pagrus1_ISKNV) is ignored but added at the end
NOTE: AB104413_Megalocytivirus_pagrus1_RSIV (identical to MK098185_Megalocytivirus_pagrus1_RSIV) is ignored but added at the end
NOTE: MW139932_Megalocytivirus_pagrus1_RSIV (identical to MK098185_Megalocytivirus_pagrus1_RSIV) is ignored but added at the end
NOTE: MK098187_Megalocytivirus_pagrus1_RSIV (identical to MK098185_Megalocytivirus_pagrus1_RSIV) is ignored but added at the end
NOTE: OL774654_Megalocytivirus_pagrus1_RSIV (identical to MK098185_Megalocytivirus_pagrus1_RSIV) is ignored but added at the end
NOTE: BD143114_Megalocytivirus_pagrus1_RSIV (identical to MK098185_Megalocytivirus_pagrus1_RSIV) is ignored but added at the end
NOTE: OL774655_Megalocytivirus_pagrus1_RSIV (identical to MK098185_Megalocytivirus_pagrus1_RSIV) is ignored but added at the end
NOTE: OL774653_Megalocytivirus_pagrus1_RSIV (identical to MK098185_Megalocytivirus_pagrus1_RSIV) is ignored but added at the end
NOTE: OM037668_Megalocytivirus_lates1_SDDV (identical to MN562489_Megalocytivirus_lates1_SDDV) is ignored but added at the end
NOTE: MW883594_Megalocytivirus_pagrus1_ISKNV (identical to 23043610005_Megalocytivirus_pagrus1_ISKNV) is ignored but added at the end
Alignment was printed to iqtree_genus/OG0000024.fa.uniqueseq.phy

For your convenience alignment with unique sequences printed to iqtree_genus/OG0000024.fa.uniqueseq.phy


Create initial parsimony tree by phylogenetic likelihood library (PLL)... 0.000 seconds
Perform fast likelihood tree search using LG+I+G model...
Estimate model parameters (epsilon = 5.000)
Perform nearest neighbor interchange...
Optimizing NNI: done in 0.029973 secs using 100% CPU
Estimate model parameters (epsilon = 1.000)
1. Initial log-likelihood: -1900.827
Optimal log-likelihood: -1900.712
Proportion of invariable sites: 0.168
Gamma shape alpha: 0.983
Parameters optimization took 1 rounds (0.009 sec)
Time for fast ML tree search: 0.060 seconds

NOTE: ModelFinder requires 5 MB RAM!
ModelFinder will test up to 1320 protein models (sample size: 267) ...
 No. Model         -LnL         df  AIC          AICc         BIC
  1  Blosum62      1948.455     27  3950.911     3957.237     4047.767
  2  Blosum62+I    1932.138     28  3920.276     3927.100     4020.719
  3  Blosum62+G4   1924.702     28  3905.404     3912.228     4005.847
  4  Blosum62+I+G4 1925.651     29  3909.303     3916.644     4013.333
  5  Blosum62+R2   1921.478     29  3900.956     3908.298     4004.987
  6  Blosum62+R3   1921.169     31  3904.338     3912.780     4015.542
 14  Blosum62+I+R2 1920.880     30  3901.761     3909.642     4009.378
 15  Blosum62+I+R3 1920.856     32  3905.712     3914.737     4020.504
 25  Blosum62+F+G4 1905.947     47  3905.894     3926.497     4074.495
 26  Blosum62+F+I+G4 1907.008     48  3910.016     3931.594     4082.204
 27  Blosum62+F+R2 1901.919     48  3899.838     3921.416     4072.026
 36  Blosum62+F+I+R2 1901.607     49  3901.213     3923.794     4076.988
 47  cpREV+G4      1917.816     28  3891.632     3898.455     3992.075
 48  cpREV+I+G4    1918.922     29  3895.844     3903.185     3999.874
 49  cpREV+R2      1915.404     29  3888.808     3896.150     3992.839
 58  cpREV+I+R2    1914.910     30  3889.820     3897.702     3997.438
 69  cpREV+F+G4    1885.582     47  3865.164     3885.767     4033.764
 70  cpREV+F+I+G4  1886.780     48  3869.561     3891.139     4041.749
 71  cpREV+F+R2    1881.883     48  3859.766     3881.344     4031.954
 80  cpREV+F+I+R2  1881.740     49  3861.479     3884.060     4037.255
 91  Dayhoff+G4    1900.488     28  3856.976     3863.799     3957.419
 92  Dayhoff+I+G4  1901.447     29  3860.893     3868.235     3964.923
 93  Dayhoff+R2    1900.017     29  3858.033     3865.375     3962.063
102  Dayhoff+I+R2  1899.430     30  3858.860     3866.741     3966.477
113  Dayhoff+F+G4  1873.612     47  3841.224     3861.827     4009.825
114  Dayhoff+F+I+G4 1874.579     48  3845.158     3866.736     4017.346
115  Dayhoff+F+R2  1872.915     48  3841.830     3863.408     4014.018
124  Dayhoff+F+I+R2 1872.214     49  3842.428     3865.009     4018.203
135  DCMut+G4      1900.603     28  3857.207     3864.030     3957.650
136  DCMut+I+G4    1901.564     29  3861.127     3868.469     3965.158
137  DCMut+R2      1900.122     29  3858.243     3865.585     3962.274
146  DCMut+I+R2    1899.466     30  3858.933     3866.814     3966.550
157  DCMut+F+G4    1873.723     47  3841.446     3862.049     4010.046
158  DCMut+F+I+G4  1874.688     48  3845.377     3866.955     4017.565
159  DCMut+F+R2    1873.017     48  3842.033     3863.611     4014.221
168  DCMut+F+I+R2  1872.322     49  3842.645     3865.226     4018.420
WARNING: Normalizing state frequencies so that sum of them equals to 1
179  FLAVI+G4      1922.925     28  3901.850     3908.673     4002.293
WARNING: Normalizing state frequencies so that sum of them equals to 1
180  FLAVI+I+G4    1923.873     29  3905.746     3913.088     4009.777
WARNING: Normalizing state frequencies so that sum of them equals to 1
181  FLAVI+R2      1925.037     29  3908.074     3915.416     4012.104
WARNING: Normalizing state frequencies so that sum of them equals to 1
190  FLAVI+I+R2    1920.585     30  3901.169     3909.051     4008.787
WARNING: Normalizing state frequencies so that sum of them equals to 1
201  FLAVI+F+G4    1888.479     47  3870.959     3891.562     4039.560
WARNING: Normalizing state frequencies so that sum of them equals to 1
202  FLAVI+F+I+G4  1889.623     48  3875.246     3896.824     4047.434
WARNING: Normalizing state frequencies so that sum of them equals to 1
203  FLAVI+F+R2    1890.933     48  3877.867     3899.445     4050.055
WARNING: Normalizing state frequencies so that sum of them equals to 1
212  FLAVI+F+I+R2  1885.671     49  3869.341     3891.922     4045.116
223  FLU+G4        1916.650     28  3889.299     3896.123     3989.742
224  FLU+I+G4      1917.667     29  3893.334     3900.676     3997.364
225  FLU+R2        1915.613     29  3889.225     3896.567     3993.255
234  FLU+I+R2      1913.190     30  3886.381     3894.262     3993.998
245  FLU+F+G4      1883.074     47  3860.149     3880.751     4028.749
246  FLU+F+I+G4    1884.193     48  3864.385     3885.963     4036.573
247  FLU+F+R2      1882.085     48  3860.171     3881.749     4032.359
256  FLU+F+I+R2    1878.642     49  3855.285     3877.865     4031.060
267  HIVb+G4       1909.747     28  3875.494     3882.317     3975.937
268  HIVb+I+G4     1910.739     29  3879.479     3886.820     3983.509
269  HIVb+R2       1908.978     29  3875.956     3883.298     3979.987
278  HIVb+I+R2     1907.860     30  3875.720     3883.602     3983.338
289  HIVb+F+G4     1878.165     47  3850.331     3870.933     4018.931
290  HIVb+F+I+G4   1879.205     48  3854.411     3875.989     4026.598
291  HIVb+F+R2     1877.460     48  3850.920     3872.498     4023.108
300  HIVb+F+I+R2   1876.118     49  3850.236     3872.816     4026.011
311  HIVw+G4       1959.375     28  3974.750     3981.573     4075.192
312  HIVw+I+G4     1960.575     29  3979.151     3986.492     4083.181
313  HIVw+R2       1956.425     29  3970.850     3978.191     4074.880
322  HIVw+I+R2     1954.866     30  3969.732     3977.613     4077.349
333  HIVw+F+G4     1890.935     47  3875.869     3896.472     4044.470
334  HIVw+F+I+G4   1892.141     48  3880.282     3901.860     4052.470
335  HIVw+F+R2     1888.017     48  3872.034     3893.612     4044.222
344  HIVw+F+I+R2   1886.420     49  3870.840     3893.421     4046.615
355  JTT+G4        1886.445     28  3828.889     3835.713     3929.332
356  JTT+I+G4      1887.483     29  3832.966     3840.307     3936.996
357  JTT+R2        1884.360     29  3826.719     3834.061     3930.750
366  JTT+I+R2      1884.313     30  3828.626     3836.508     3936.244
377  JTT+F+G4      1868.589     47  3831.178     3851.781     3999.779
378  JTT+F+I+G4    1869.661     48  3835.322     3856.900     4007.510
379  JTT+F+R2      1866.320     48  3828.640     3850.218     4000.828
388  JTT+F+I+R2    1866.244     49  3830.489     3853.069     4006.264
399  JTTDCMut+G4   1886.829     28  3829.658     3836.481     3930.101
400  JTTDCMut+I+G4 1887.880     29  3833.760     3841.102     3937.790
401  JTTDCMut+R2   1884.696     29  3827.392     3834.734     3931.423
410  JTTDCMut+I+R2 1884.653     30  3829.307     3837.188     3936.924
421  JTTDCMut+F+G4 1868.893     47  3831.786     3852.388     4000.386
422  JTTDCMut+F+I+G4 1869.971     48  3835.942     3857.520     4008.130
423  JTTDCMut+F+R2 1866.571     48  3829.142     3850.720     4001.330
432  JTTDCMut+F+I+R2 1866.527     49  3831.055     3853.636     4006.830
443  LG+G4         1899.391     28  3854.782     3861.606     3955.225
444  LG+I+G4       1900.447     29  3858.893     3866.235     3962.923
445  LG+R2         1897.034     29  3852.068     3859.409     3956.098
454  LG+I+R2       1896.310     30  3852.621     3860.502     3960.238
465  LG+F+G4       1883.864     47  3861.727     3882.330     4030.328
466  LG+F+I+G4     1884.980     48  3865.960     3887.538     4038.148
467  LG+F+R2       1881.162     48  3858.323     3879.901     4030.511
476  LG+F+I+R2     1880.391     49  3858.782     3881.363     4034.558
487  mtART+G4      2023.670     28  4103.341     4110.164     4203.784
488  mtART+I+G4    2024.898     29  4107.795     4115.137     4211.825
489  mtART+R2      2034.160     29  4126.319     4133.661     4230.349
498  mtART+I+R2    2023.295     30  4106.590     4114.471     4214.207
509  mtART+F+G4    1911.498     47  3916.997     3937.599     4085.597
510  mtART+F+I+G4  1912.701     48  3921.403     3942.981     4093.591
511  mtART+F+R2    1917.825     48  3931.651     3953.229     4103.839
520  mtART+F+I+R2  1910.256     49  3918.511     3941.092     4094.287
531  mtMAM+G4      2004.540     28  4065.080     4071.904     4165.523
532  mtMAM+I+G4    2005.805     29  4069.611     4076.953     4173.641
533  mtMAM+R2      2014.495     29  4086.990     4094.331     4191.020
542  mtMAM+I+R2    2004.251     30  4068.502     4076.383     4176.119
553  mtMAM+F+G4    1912.553     47  3919.105     3939.708     4087.706
554  mtMAM+F+I+G4  1913.909     48  3923.818     3945.396     4096.005
555  mtMAM+F+R2    1921.700     48  3939.401     3960.979     4111.589
564  mtMAM+F+I+R2  1912.092     49  3922.184     3944.764     4097.959
575  mtREV+G4      1990.933     28  4037.867     4044.690     4138.310
576  mtREV+I+G4    1992.100     29  4042.200     4049.542     4146.230
577  mtREV+R2      1990.078     29  4038.157     4045.499     4142.187
586  mtREV+I+R2    1988.521     30  4037.043     4044.924     4144.660
597  mtREV+F+G4    1898.933     47  3891.867     3912.469     4060.467
598  mtREV+F+I+G4  1900.172     48  3896.344     3917.922     4068.532
599  mtREV+F+R2    1896.515     48  3889.031     3910.608     4061.218
608  mtREV+F+I+R2  1895.558     49  3889.115     3911.696     4064.890
619  mtZOA+G4      1988.922     28  4033.844     4040.668     4134.287
620  mtZOA+I+G4    1989.933     29  4037.866     4045.208     4141.896
621  mtZOA+R2      1991.722     29  4041.443     4048.785     4145.474
630  mtZOA+I+R2    1987.906     30  4035.812     4043.693     4143.429
641  mtZOA+F+G4    1893.589     47  3881.177     3901.780     4049.778
642  mtZOA+F+I+G4  1894.725     48  3885.450     3907.028     4057.638
643  mtZOA+F+R2    1893.954     48  3883.907     3905.485     4056.095
652  mtZOA+F+I+R2  1890.332     49  3878.663     3901.244     4054.438
663  mtMet+G4      1995.516     28  4047.031     4053.855     4147.474
664  mtMet+I+G4    1996.424     29  4050.849     4058.191     4154.879
665  mtMet+R2      1996.491     29  4050.983     4058.325     4155.013
674  mtMet+I+R2    1994.516     30  4049.033     4056.914     4156.650
685  mtMet+F+G4    1887.303     47  3868.605     3889.208     4037.206
686  mtMet+F+I+G4  1888.417     48  3872.833     3894.411     4045.021
687  mtMet+F+R2    1886.715     48  3869.430     3891.008     4041.618
696  mtMet+F+I+R2  1884.372     49  3866.745     3889.325     4042.520
707  mtVer+G4      1988.673     28  4033.346     4040.169     4133.789
708  mtVer+I+G4    1989.588     29  4037.177     4044.519     4141.207
709  mtVer+R2      1990.633     29  4039.265     4046.607     4143.296
718  mtVer+I+R2    1988.252     30  4036.504     4044.385     4144.121
729  mtVer+F+G4    1897.331     47  3888.662     3909.265     4057.263
730  mtVer+F+I+G4  1898.440     48  3892.881     3914.459     4065.068
731  mtVer+F+R2    1898.814     48  3893.627     3915.205     4065.815
740  mtVer+F+I+R2  1895.412     49  3888.825     3911.405     4064.600
751  mtInv+G4      2032.640     28  4121.279     4128.103     4221.722
752  mtInv+I+G4    2033.495     29  4124.989     4132.331     4229.019
753  mtInv+R2      2032.727     29  4123.455     4130.796     4227.485
762  mtInv+I+R2    2031.604     30  4123.208     4131.089     4230.825
773  mtInv+F+G4    1886.616     47  3867.231     3887.834     4035.832
774  mtInv+F+I+G4  1887.786     48  3871.571     3893.149     4043.759
775  mtInv+F+R2    1884.189     48  3864.378     3885.956     4036.566
784  mtInv+F+I+R2  1883.000     49  3864.000     3886.581     4039.775
795  PMB+G4        1926.194     28  3908.388     3915.212     4008.831
796  PMB+I+G4      1927.107     29  3912.213     3919.555     4016.243
797  PMB+R2        1923.118     29  3904.236     3911.578     4008.266
806  PMB+I+R2      1922.650     30  3905.301     3913.182     4012.918
817  PMB+F+G4      1907.072     47  3908.144     3928.747     4076.745
818  PMB+F+I+G4    1908.071     48  3912.142     3933.720     4084.330
819  PMB+F+R2      1903.376     48  3902.752     3924.330     4074.940
828  PMB+F+I+R2    1903.068     49  3904.136     3926.717     4079.912
WARNING: Normalizing state frequencies so that sum of them equals to 1
839  Q.bird+G4     1897.084     28  3850.167     3856.991     3950.610
WARNING: Normalizing state frequencies so that sum of them equals to 1
840  Q.bird+I+G4   1898.030     29  3854.060     3861.401     3958.090
WARNING: Normalizing state frequencies so that sum of them equals to 1
841  Q.bird+R2     1896.874     29  3851.748     3859.090     3955.778
WARNING: Normalizing state frequencies so that sum of them equals to 1
850  Q.bird+I+R2   1895.488     30  3850.975     3858.857     3958.593
WARNING: Normalizing state frequencies so that sum of them equals to 1
861  Q.bird+F+G4   1876.142     47  3846.284     3866.886     4014.884
WARNING: Normalizing state frequencies so that sum of them equals to 1
862  Q.bird+F+I+G4 1877.099     48  3850.199     3871.777     4022.387
WARNING: Normalizing state frequencies so that sum of them equals to 1
863  Q.bird+F+R2   1876.269     48  3848.539     3870.117     4020.727
WARNING: Normalizing state frequencies so that sum of them equals to 1
872  Q.bird+F+I+R2 1874.266     49  3846.531     3869.112     4022.306
883  Q.insect+G4   1891.492     28  3838.984     3845.808     3939.427
884  Q.insect+I+G4 1892.380     29  3842.760     3850.102     3946.790
885  Q.insect+R2   1890.669     29  3839.338     3846.680     3943.368
894  Q.insect+I+R2 1889.928     30  3839.855     3847.737     3947.473
905  Q.insect+F+G4 1873.359     47  3840.717     3861.320     4009.318
906  Q.insect+F+I+G4 1874.331     48  3844.663     3866.241     4016.851
907  Q.insect+F+R2 1872.241     48  3840.483     3862.061     4012.670
916  Q.insect+F+I+R2 1871.537     49  3841.074     3863.654     4016.849
WARNING: Normalizing state frequencies so that sum of them equals to 1
927  Q.mammal+G4   1898.207     28  3852.414     3859.238     3952.857
WARNING: Normalizing state frequencies so that sum of them equals to 1
928  Q.mammal+I+G4 1899.232     29  3856.464     3863.805     3960.494
WARNING: Normalizing state frequencies so that sum of them equals to 1
929  Q.mammal+R2   1897.344     29  3852.687     3860.029     3956.717
WARNING: Normalizing state frequencies so that sum of them equals to 1
938  Q.mammal+I+R2 1896.498     30  3852.996     3860.877     3960.614
WARNING: Normalizing state frequencies so that sum of them equals to 1
949  Q.mammal+F+G4 1876.226     47  3846.451     3867.054     4015.052
WARNING: Normalizing state frequencies so that sum of them equals to 1
950  Q.mammal+F+I+G4 1877.216     48  3850.432     3872.010     4022.620
WARNING: Normalizing state frequencies so that sum of them equals to 1
951  Q.mammal+F+R2 1875.602     48  3847.204     3868.782     4019.392
WARNING: Normalizing state frequencies so that sum of them equals to 1
960  Q.mammal+F+I+R2 1874.199     49  3846.398     3868.979     4022.173
WARNING: Normalizing state frequencies so that sum of them equals to 1
971  Q.pfam+G4     1903.691     28  3863.382     3870.205     3963.825
WARNING: Normalizing state frequencies so that sum of them equals to 1
972  Q.pfam+I+G4   1904.685     29  3867.370     3874.712     3971.400
WARNING: Normalizing state frequencies so that sum of them equals to 1
973  Q.pfam+R2     1901.757     29  3861.514     3868.856     3965.545
WARNING: Normalizing state frequencies so that sum of them equals to 1
982  Q.pfam+I+R2   1901.055     30  3862.110     3869.991     3969.727
WARNING: Normalizing state frequencies so that sum of them equals to 1
993  Q.pfam+F+G4   1885.389     47  3864.777     3885.380     4033.378
WARNING: Normalizing state frequencies so that sum of them equals to 1
994  Q.pfam+F+I+G4 1886.501     48  3869.001     3890.579     4041.189
WARNING: Normalizing state frequencies so that sum of them equals to 1
995  Q.pfam+F+R2   1883.239     48  3862.478     3884.056     4034.666
WARNING: Normalizing state frequencies so that sum of them equals to 1
1004  Q.pfam+F+I+R2 1882.300     49  3862.600     3885.181     4038.375
WARNING: Normalizing state frequencies so that sum of them equals to 1
1015  Q.plant+G4    1893.655     28  3843.310     3850.133     3943.753
WARNING: Normalizing state frequencies so that sum of them equals to 1
1016  Q.plant+I+G4  1894.646     29  3847.293     3854.635     3951.323
WARNING: Normalizing state frequencies so that sum of them equals to 1
1017  Q.plant+R2    1892.769     29  3843.538     3850.880     3947.568
WARNING: Normalizing state frequencies so that sum of them equals to 1
1026  Q.plant+I+R2  1891.877     30  3843.755     3851.636     3951.372
WARNING: Normalizing state frequencies so that sum of them equals to 1
1037  Q.plant+F+G4  1871.847     47  3837.693     3858.296     4006.294
WARNING: Normalizing state frequencies so that sum of them equals to 1
1038  Q.plant+F+I+G4 1872.972     48  3841.944     3863.522     4014.132
WARNING: Normalizing state frequencies so that sum of them equals to 1
1039  Q.plant+F+R2  1870.370     48  3836.740     3858.318     4008.928
WARNING: Normalizing state frequencies so that sum of them equals to 1
1048  Q.plant+F+I+R2 1869.445     49  3836.891     3859.471     4012.666
WARNING: Normalizing state frequencies so that sum of them equals to 1
1059  Q.yeast+G4    1903.336     28  3862.672     3869.495     3963.115
WARNING: Normalizing state frequencies so that sum of them equals to 1
1060  Q.yeast+I+G4  1904.256     29  3866.513     3873.854     3970.543
WARNING: Normalizing state frequencies so that sum of them equals to 1
1061  Q.yeast+R2    1902.394     29  3862.789     3870.131     3966.819
WARNING: Normalizing state frequencies so that sum of them equals to 1
1070  Q.yeast+I+R2  1901.524     30  3863.049     3870.930     3970.666
WARNING: Normalizing state frequencies so that sum of them equals to 1
1081  Q.yeast+F+G4  1875.046     47  3844.092     3864.695     4012.693
WARNING: Normalizing state frequencies so that sum of them equals to 1
1082  Q.yeast+F+I+G4 1876.116     48  3848.233     3869.810     4020.420
WARNING: Normalizing state frequencies so that sum of them equals to 1
1083  Q.yeast+F+R2  1873.522     48  3843.045     3864.623     4015.233
WARNING: Normalizing state frequencies so that sum of them equals to 1
1092  Q.yeast+F+I+R2 1872.885     49  3843.769     3866.350     4019.544
1103  rtREV+G4      1919.347     28  3894.694     3901.517     3995.137
1104  rtREV+I+G4    1920.426     29  3898.851     3906.193     4002.882
1105  rtREV+R2      1916.611     29  3891.223     3898.565     3995.253
1114  rtREV+I+R2    1915.603     30  3891.205     3899.087     3998.823
1125  rtREV+F+G4    1895.834     47  3885.668     3906.271     4054.269
1126  rtREV+F+I+G4  1896.895     48  3889.789     3911.367     4061.977
1127  rtREV+F+R2    1893.194     48  3882.388     3903.966     4054.576
1136  rtREV+F+I+R2  1891.926     49  3881.853     3904.434     4057.628
1147  VT+G4         1902.847     28  3861.694     3868.517     3962.137
1148  VT+I+G4       1903.811     29  3865.622     3872.964     3969.652
1149  VT+R2         1900.176     29  3858.352     3865.694     3962.383
1158  VT+I+R2       1900.004     30  3860.007     3867.889     3967.625
1169  VT+F+G4       1885.492     47  3864.984     3885.587     4033.585
1170  VT+F+I+G4     1886.523     48  3869.047     3890.625     4041.235
1171  VT+F+R2       1882.287     48  3860.575     3882.153     4032.763
1180  VT+F+I+R2     1882.225     49  3862.450     3885.030     4038.225
1191  WAG+G4        1901.970     28  3859.940     3866.763     3960.383
1192  WAG+I+G4      1902.986     29  3863.972     3871.314     3968.002
1193  WAG+R2        1899.316     29  3856.632     3863.974     3960.662
1202  WAG+I+R2      1898.993     30  3857.986     3865.867     3965.603
1213  WAG+F+G4      1885.592     47  3865.184     3885.787     4033.785
1214  WAG+F+I+G4    1886.669     48  3869.338     3890.916     4041.526
1215  WAG+F+R2      1882.316     48  3860.632     3882.210     4032.820
1224  WAG+F+I+R2    1882.117     49  3862.234     3884.815     4038.010
Reading model parameters from file Q.iridoviridae
1235  Q.iridoviridae+G4 1886.662     28  3829.324     3836.148     3929.767
Reading model parameters from file Q.iridoviridae
1236  Q.iridoviridae+I+G4 1887.710     29  3833.420     3840.761     3937.450
Reading model parameters from file Q.iridoviridae
1237  Q.iridoviridae+R2 1884.356     29  3826.712     3834.054     3930.742
Reading model parameters from file Q.iridoviridae
1246  Q.iridoviridae+I+R2 1883.710     30  3827.419     3835.301     3935.037
Reading model parameters from file Q.iridoviridae
1257  Q.iridoviridae+F+G4 1873.282     47  3840.563     3861.166     4009.164
Reading model parameters from file Q.iridoviridae
1258  Q.iridoviridae+F+I+G4 1874.341     48  3844.682     3866.260     4016.870
Reading model parameters from file Q.iridoviridae
1259  Q.iridoviridae+F+R2 1870.664     48  3837.328     3858.906     4009.516
Reading model parameters from file Q.iridoviridae
1268  Q.iridoviridae+F+I+R2 1870.219     49  3838.437     3861.018     4014.212
Reading model parameters from file Q.mcv
WARNING: Normalizing state frequencies so that sum of them equals to 1
1279  Q.mcv+G4      1870.249     28  3796.498     3803.322     3896.941
Reading model parameters from file Q.mcv
WARNING: Normalizing state frequencies so that sum of them equals to 1
1280  Q.mcv+I+G4    1871.394     29  3800.788     3808.130     3904.818
Reading model parameters from file Q.mcv
WARNING: Normalizing state frequencies so that sum of them equals to 1
1281  Q.mcv+R2      1868.315     29  3794.631     3801.973     3898.661
Reading model parameters from file Q.mcv
WARNING: Normalizing state frequencies so that sum of them equals to 1
1290  Q.mcv+I+R2    1868.329     30  3796.658     3804.540     3904.276
Reading model parameters from file Q.mcv
WARNING: Normalizing state frequencies so that sum of them equals to 1
1301  Q.mcv+F+G4    1863.619     47  3821.239     3841.842     3989.839
Reading model parameters from file Q.mcv
WARNING: Normalizing state frequencies so that sum of them equals to 1
1302  Q.mcv+F+I+G4  1864.699     48  3825.397     3846.975     3997.585
Reading model parameters from file Q.mcv
WARNING: Normalizing state frequencies so that sum of them equals to 1
1303  Q.mcv+F+R2    1861.638     48  3819.276     3840.854     3991.464
Reading model parameters from file Q.mcv
WARNING: Normalizing state frequencies so that sum of them equals to 1
1312  Q.mcv+F+I+R2  1861.562     49  3821.125     3843.705     3996.900
Akaike Information Criterion:           Q.mcv+R2
Corrected Akaike Information Criterion: Q.mcv+R2
Bayesian Information Criterion:         Q.mcv+G4
Best-fit model: Q.mcv+G4 chosen according to BIC

All model information printed to iqtree_genus/OG0000024.fa.model.gz
CPU time for ModelFinder: 12.110 seconds (0h:0m:12s)
Wall-clock time for ModelFinder: 12.163 seconds (0h:0m:12s)
Generating 1000 samples for ultrafast bootstrap (seed: 992690)...
Reading model parameters from file Q.mcv
WARNING: Normalizing state frequencies so that sum of them equals to 1

NOTE: 2 MB RAM (0 GB) is required!
Estimate model parameters (epsilon = 0.100)
1. Initial log-likelihood: -1870.249
Optimal log-likelihood: -1870.247
Gamma shape alpha: 0.665
Parameters optimization took 1 rounds (0.009 sec)
Wrote distance file to... 
Computing ML distances based on estimated model parameters...
Calculating distance matrix: done in 0.0117769 secs using 99.92% CPU
Computing ML distances took 0.011808 sec (of wall-clock time) 0.011797 sec (of CPU time)
Setting up auxiliary I and S matrices: done in 2.5034e-05 secs using 99.86% CPU
Constructing RapidNJ tree: done in 4.31538e-05 secs using 99.64% CPU
Computing RapidNJ tree took 0.000095 sec (of wall-clock time) 0.000095 sec (of CPU time)
Log-likelihood of RapidNJ tree: -1870.247
--------------------------------------------------------------------
|             INITIALIZING CANDIDATE TREE SET                      |
--------------------------------------------------------------------
Generating 98 parsimony trees... 0.045 second
Computing log-likelihood of 98 initial trees ... 0.248 seconds
Current best score: -1870.247

Do NNI search on 20 best initial trees
Optimizing NNI: done in 0.0130649 secs using 99.96% CPU
Estimate model parameters (epsilon = 0.100)
BETTER TREE FOUND at iteration 1: -1870.246
Optimizing NNI: done in 0.0130119 secs using 100% CPU
Optimizing NNI: done in 0.0599229 secs using 100% CPU
BETTER TREE FOUND at iteration 3: -1870.246
Optimizing NNI: done in 0.059881 secs using 99.99% CPU
Optimizing NNI: done in 0.0597799 secs using 100% CPU
Optimizing NNI: done in 0.059906 secs using 100% CPU
Optimizing NNI: done in 0.0476742 secs using 100% CPU
Optimizing NNI: done in 0.0477159 secs using 100% CPU
Optimizing NNI: done in 0.03901 secs using 100% CPU
Optimizing NNI: done in 0.058831 secs using 100% CPU
Iteration 10 / LogL: -1870.246 / Time: 0h:0m:0s
Optimizing NNI: done in 0.056879 secs using 100% CPU
Optimizing NNI: done in 0.0689521 secs using 100% CPU
UPDATE BEST LOG-LIKELIHOOD: -1870.246
Optimizing NNI: done in 0.069108 secs using 100% CPU
Optimizing NNI: done in 0.0656281 secs using 100% CPU
UPDATE BEST LOG-LIKELIHOOD: -1870.246
Optimizing NNI: done in 0.0653422 secs using 100% CPU
Optimizing NNI: done in 0.0637312 secs using 99.99% CPU
Optimizing NNI: done in 0.052609 secs using 99.98% CPU
Optimizing NNI: done in 0.0519538 secs using 100% CPU
Optimizing NNI: done in 0.062274 secs using 100% CPU
Optimizing NNI: done in 0.071188 secs using 100% CPU
Iteration 20 / LogL: -1870.247 / Time: 0h:0m:1s
Finish initializing candidate tree set (6)
Current best tree score: -1870.246 / CPU time: 1.405
Number of iterations: 20
--------------------------------------------------------------------
|               OPTIMIZING CANDIDATE TREE SET                      |
--------------------------------------------------------------------
Optimizing NNI: done in 0.0785048 secs using 100% CPU
Optimizing NNI: done in 0.0548558 secs using 100% CPU
Optimizing NNI: done in 0.0550549 secs using 100% CPU
Optimizing NNI: done in 0.0855238 secs using 100% CPU
Optimizing NNI: done in 0.0548201 secs using 100% CPU
Optimizing NNI: done in 0.068887 secs using 100% CPU
Optimizing NNI: done in 0.0625379 secs using 100% CPU
Optimizing NNI: done in 0.042748 secs using 100% CPU
Optimizing NNI: done in 0.052794 secs using 100% CPU
Optimizing NNI: done in 0.055269 secs using 100% CPU
Iteration 30 / LogL: -1870.246 / Time: 0h:0m:2s (0h:0m:5s left)
Optimizing NNI: done in 0.0719359 secs using 99.99% CPU
Optimizing NNI: done in 0.0596499 secs using 100% CPU
Optimizing NNI: done in 0.0591149 secs using 99.98% CPU
Optimizing NNI: done in 0.103002 secs using 100% CPU
Optimizing NNI: done in 0.0786309 secs using 100% CPU
Optimizing NNI: done in 0.0917921 secs using 100% CPU
Optimizing NNI: done in 0.101815 secs using 100% CPU
Optimizing NNI: done in 0.053437 secs using 100% CPU
Optimizing NNI: done in 0.0644639 secs using 100% CPU
Optimizing NNI: done in 0.09321 secs using 100% CPU
Iteration 40 / LogL: -1870.246 / Time: 0h:0m:2s (0h:0m:4s left)
Optimizing NNI: done in 0.0534668 secs using 100% CPU
Optimizing NNI: done in 0.057348 secs using 100% CPU
UPDATE BEST LOG-LIKELIHOOD: -1870.245
Optimizing NNI: done in 0.0547872 secs using 99.98% CPU
Optimizing NNI: done in 0.071918 secs using 100% CPU
Optimizing NNI: done in 0.090647 secs using 100% CPU
Optimizing NNI: done in 0.107079 secs using 99.99% CPU
Optimizing NNI: done in 0.0443552 secs using 100% CPU
Optimizing NNI: done in 0.0758431 secs using 100% CPU
Optimizing NNI: done in 0.0965209 secs using 100% CPU
Optimizing NNI: done in 0.0693941 secs using 100% CPU
Iteration 50 / LogL: -1872.866 / Time: 0h:0m:3s (0h:0m:3s left)
Log-likelihood cutoff on original alignment: -1890.861
Optimizing NNI: done in 0.0743558 secs using 99.98% CPU
Optimizing NNI: done in 0.0905049 secs using 100% CPU
Optimizing NNI: done in 0.0575051 secs using 100% CPU
Optimizing NNI: done in 0.096108 secs using 100% CPU
Optimizing NNI: done in 0.111432 secs using 100% CPU
Optimizing NNI: done in 0.0633478 secs using 100% CPU
Optimizing NNI: done in 0.066427 secs using 100% CPU
Optimizing NNI: done in 0.047565 secs using 99.98% CPU
Optimizing NNI: done in 0.0561681 secs using 100% CPU
Optimizing NNI: done in 0.160239 secs using 100% CPU
Iteration 60 / LogL: -1870.247 / Time: 0h:0m:4s (0h:0m:3s left)
Optimizing NNI: done in 0.080874 secs using 100% CPU
Optimizing NNI: done in 0.1255 secs using 100% CPU
Optimizing NNI: done in 0.117336 secs using 100% CPU
Optimizing NNI: done in 0.0786412 secs using 100% CPU
Optimizing NNI: done in 0.115793 secs using 100% CPU
Optimizing NNI: done in 0.0698271 secs using 100% CPU
Optimizing NNI: done in 0.0953989 secs using 100% CPU
Optimizing NNI: done in 0.0820761 secs using 99.99% CPU
Optimizing NNI: done in 0.084034 secs using 100% CPU
Optimizing NNI: done in 0.0768108 secs using 100% CPU
Iteration 70 / LogL: -1870.249 / Time: 0h:0m:5s (0h:0m:2s left)
Optimizing NNI: done in 0.0240579 secs using 100% CPU
Optimizing NNI: done in 0.0648661 secs using 100% CPU
Optimizing NNI: done in 0.0943708 secs using 100% CPU
Optimizing NNI: done in 0.059145 secs using 100% CPU
Optimizing NNI: done in 0.055608 secs using 100% CPU
Optimizing NNI: done in 0.0557039 secs using 100% CPU
Optimizing NNI: done in 0.0761511 secs using 100% CPU
Optimizing NNI: done in 0.102087 secs using 100% CPU
Optimizing NNI: done in 0.107268 secs using 100% CPU
Optimizing NNI: done in 0.0575299 secs using 99.99% CPU
Iteration 80 / LogL: -1870.246 / Time: 0h:0m:6s (0h:0m:1s left)
Optimizing NNI: done in 0.0569482 secs using 100% CPU
Optimizing NNI: done in 0.0562248 secs using 100% CPU
Optimizing NNI: done in 0.0422559 secs using 100% CPU
Optimizing NNI: done in 0.057601 secs using 100% CPU
Optimizing NNI: done in 0.077548 secs using 100% CPU
Optimizing NNI: done in 0.0654581 secs using 100% CPU
Optimizing NNI: done in 0.061275 secs using 100% CPU
Optimizing NNI: done in 0.09586 secs using 99.98% CPU
Optimizing NNI: done in 0.143108 secs using 100% CPU
Optimizing NNI: done in 0.0939181 secs using 100% CPU
Iteration 90 / LogL: -1870.247 / Time: 0h:0m:6s (0h:0m:1s left)
Optimizing NNI: done in 0.123884 secs using 100% CPU
Optimizing NNI: done in 0.066391 secs using 100% CPU
Optimizing NNI: done in 0.119253 secs using 100% CPU
Optimizing NNI: done in 0.065376 secs using 100% CPU
Optimizing NNI: done in 0.034472 secs using 100% CPU
Optimizing NNI: done in 0.0614729 secs using 100% CPU
Optimizing NNI: done in 0.094259 secs using 100% CPU
Optimizing NNI: done in 0.0780921 secs using 100% CPU
Optimizing NNI: done in 0.0244999 secs using 100% CPU
Optimizing NNI: done in 0.0668099 secs using 100% CPU
Iteration 100 / LogL: -1870.246 / Time: 0h:0m:7s (0h:0m:0s left)
Log-likelihood cutoff on original alignment: -1892.609
NOTE: Bootstrap correlation coefficient of split occurrence frequencies: 0.996
Optimizing NNI: done in 0.072541 secs using 100% CPU
Optimizing NNI: done in 0.0904219 secs using 100% CPU
Optimizing NNI: done in 0.0561011 secs using 100% CPU
Optimizing NNI: done in 0.0484068 secs using 100% CPU
TREE SEARCH COMPLETED AFTER 104 ITERATIONS / Time: 0h:0m:8s

--------------------------------------------------------------------
|                    FINALIZING TREE SEARCH                        |
--------------------------------------------------------------------
Performs final model parameters optimization
Estimate model parameters (epsilon = 0.010)
1. Initial log-likelihood: -1870.245
Optimal log-likelihood: -1870.245
Gamma shape alpha: 0.662
Parameters optimization took 1 rounds (0.008 sec)
BEST SCORE FOUND : -1870.245
Creating bootstrap support values...
Split supports printed to NEXUS file iqtree_genus/OG0000024.fa.splits.nex
Total tree length: 2.349

Total number of iterations: 104
CPU time used for tree search: 8.150 sec (0h:0m:8s)
Wall-clock time used for tree search: 7.987 sec (0h:0m:7s)
Total CPU time used: 8.226 sec (0h:0m:8s)
Total wall-clock time used: 8.064 sec (0h:0m:8s)

Computing bootstrap consensus tree...
Reading input file iqtree_genus/OG0000024.fa.splits.nex...
15 taxa and 100 splits.
Consensus tree written to iqtree_genus/OG0000024.fa.contree
Reading input trees file iqtree_genus/OG0000024.fa.contree
Log-likelihood of consensus tree: -1870.253

Analysis results written to: 
  IQ-TREE report:                iqtree_genus/OG0000024.fa.iqtree
  Maximum-likelihood tree:       iqtree_genus/OG0000024.fa.treefile
  Likelihood distances:          iqtree_genus/OG0000024.fa.mldist

Ultrafast bootstrap approximation results written to:
  Split support values:          iqtree_genus/OG0000024.fa.splits.nex
  Consensus tree:                iqtree_genus/OG0000024.fa.contree
  Screen log file:               iqtree_genus/OG0000024.fa.log

Date and Time: Wed Apr  2 14:01:38 2025
