IQ-TREE multicore version 2.2.0.5 COVID-edition for Linux 64-bit built Sep 26 2022
Developed by Bui Quang Minh, James Barbetti, Nguyen Lam Tung,
Olga Chernomor, Heiko Schmidt, Dominik Schrempf, Michael Woodhams, Ly Trong Nhan.

Host:    petrichor-dm (AVX2, FMA3, 503 GB RAM)
Command: iqtree2 -s alignments_genus_muscle5_edited_trimmed/OG0000041.fa -B 1000 -mset Blosum62,cpREV,Dayhoff,DCMut,FLAVI,FLU,HIVb,HIVw,JTT,JTTDCMut,LG,mtART,mtMAM,mtREV,mtZOA,mtMet,mtVer,mtInv,PMB,Q.bird,Q.insect,Q.mammal,Q.pfam,Q.plant,Q.yeast,rtREV,VT,WAG,Q.iridoviridae,Q.mcv -T 1 -pre iqtree_genus/OG0000041.fa
Seed:    993952 (Using SPRNG - Scalable Parallel Random Number Generator)
Time:    Wed Apr  2 14:13:08 2025
Kernel:  AVX+FMA - 1 threads (32 CPU cores detected)

HINT: Use -nt option to specify number of threads because your CPU has 32 cores!
HINT: -nt AUTO will automatically determine the best number of threads to use.

Reading alignment file alignments_genus_muscle5_edited_trimmed/OG0000041.fa ... Fasta format detected
Reading fasta file: done in 0.000628948 secs
Alignment most likely contains protein sequences
Constructing alignment: done in 0.000227928 secs
Alignment has 62 sequences with 247 columns, 120 distinct patterns
110 parsimony-informative, 8 singleton sites, 129 constant sites
                                                          Gap/Ambiguity  Composition  p-value
Analyzing sequences: done in 1.28746e-05 secs
   1  ON743042_Megalocytivirus_pagrus1_RSIV                       0.00%    passed    100.00%
   2  GQ273492_Megalocytivirus_pagrus1_TRBIV                      0.00%    passed    100.00%
   3  MT128666_Megalocytivirus_pagrus1_ISKNV                      0.00%    passed    100.00%
   4  ON740976_Megalocytivirus_pagrus1_RSIV                       0.00%    passed    100.00%
   5  MW883600_Megalocytivirus_pagrus1_ISKNV                      0.00%    passed    100.00%
   6  MK098185_Megalocytivirus_pagrus1_RSIV                       0.00%    passed    100.00%
   7  MN562489_Megalocytivirus_lates1_SDDV                        1.21%    passed     12.72%
   8  OK042109_Megalocytivirus_pagrus1_RSIV                       0.00%    passed    100.00%
   9  MT128667_Megalocytivirus_pagrus1_ISKNV                      0.00%    passed    100.00%
  10  OL774655_Megalocytivirus_pagrus1_RSIV                       0.00%    passed    100.00%
  11  AB104413_Megalocytivirus_pagrus1_RSIV                       0.00%    passed    100.00%
  12  MW883596_Megalocytivirus_pagrus1_ISKNV                      0.00%    passed    100.00%
  13  KT781098_Megalocytivirus_pagrus1_ISKNV                      0.00%    passed    100.00%
  14  MW273354_Megalocytivirus_pagrus1_ISKNV                      0.00%    passed    100.00%
  15  MK098186_Megalocytivirus_pagrus1_RSIV                       0.00%    passed    100.00%
  16  23043610005_Megalocytivirus_pagrus1_ISKNV                   0.00%    passed    100.00%
  17  MW883597_Megalocytivirus_pagrus1_ISKNV                      0.00%    passed    100.00%
  18  PQ335173_PQ335174_Threespine_stickleback_iridovirus_TSIV    0.81%    passed     99.92%
  19  MW883601_Megalocytivirus_pagrus1_ISKNV                      0.00%    passed    100.00%
  20  KC244182_Megalocytivirus_pagrus1_RSIV                       0.00%    passed    100.00%
  21  MK689685_Megalocytivirus_pagrus1_ISKNV                      0.00%    passed    100.00%
  22  MW883598_Megalocytivirus_pagrus1_RSIV                       0.00%    passed    100.00%
  23  OL774654_Megalocytivirus_pagrus1_RSIV                       0.00%    passed    100.00%
  24  MT986830_Megalocytivirus_pagrus1_ISKNV                      0.00%    passed    100.00%
  25  MK689686_Megalocytivirus_pagrus1_RSIV                       0.00%    passed    100.00%
  26  MW883594_Megalocytivirus_pagrus1_ISKNV                      0.00%    passed    100.00%
  27  MT521409_Megalocytivirus_lates1_SDDV                        1.21%    passed     12.72%
  28  OP896201_Megalocytivirus_pagrus1_ISKNV                      0.00%    passed    100.00%
  29  BD143114_Megalocytivirus_pagrus1_RSIV                       0.00%    passed    100.00%
  30  OM037668_Megalocytivirus_lates1_SDDV                        1.21%    passed     12.72%
  31  MW139932_Megalocytivirus_pagrus1_RSIV                       0.00%    passed    100.00%
  32  OP009387_Megalocytivirus_pagrus1_ISKNV                      0.00%    passed    100.00%
  33  23043610003_Megalocytivirus_pagrus1_ISKNV                   0.00%    passed    100.00%
  34  PP974677_Megalocytivirus_pagrus1_ISKNV                      0.00%    passed    100.00%
  35  MW883603_Megalocytivirus_pagrus1_ISKNV                      0.00%    passed    100.00%
  36  OR670976_Megalocytivirus_pagrus1_ISKNV                      0.00%    passed    100.00%
  37  MN432490_Megalocytivirus_pagrus1_ISKNV                      0.00%    passed    100.00%
  38  AY894343_Megalocytivirus_pagrus1_RSIV                       0.00%    passed    100.00%
  39  MG570132_Megalocytivirus_pagrus1_TRBIV                      0.00%    passed    100.00%
  40  OQ475017_Megalocytivirus_pagrus1_RSIV                       0.00%    passed    100.00%
  41  MW273353_Megalocytivirus_pagrus1_ISKNV                      0.00%    passed    100.00%
  42  KT804738_Megalocytivirus_pagrus1_RSIV                       0.00%    passed    100.00%
  43  MW883593_Megalocytivirus_pagrus1_ISKNV                      0.00%    passed    100.00%
  44  AP017456_Megalocytivirus_pagrus1_RSIV                       0.00%    passed    100.00%
  45  MG570131_Megalocytivirus_pagrus1_TRBIV                      0.00%    passed    100.00%
  46  PP151097_Megalocytivirus_pagrus1_ISKNV                      0.00%    passed    100.00%
  47  MW883602_Megalocytivirus_pagrus1_ISKNV                      0.00%    passed    100.00%
  48  NC_003494_Megalocytivirus_pagrus1_ISKNV                     0.00%    passed    100.00%
  49  AF371960_Megalocytivirus_pagrus1_ISKNV                      0.00%    passed    100.00%
  50  MT798582_Megalocytivirus_pagrus1_RSIV                       0.00%    passed    100.00%
  51  MW883599_Megalocytivirus_pagrus1_ISKNV                      0.00%    passed    100.00%
  52  OR536350_Megalocytivirus_pagrus1_ISKNV                      0.00%    passed    100.00%
  53  OL774653_Megalocytivirus_pagrus1_RSIV                       0.00%    passed    100.00%
  54  MK098187_Megalocytivirus_pagrus1_RSIV                       0.00%    passed    100.00%
  55  OK042108_Megalocytivirus_pagrus1_RSIV                       0.00%    passed    100.00%
  56  MW883606_Megalocytivirus_pagrus1_ISKNV                      0.00%    passed    100.00%
  57  OQ513807_Megalocytivirus_pagrus1_ISKNV                      0.00%    passed    100.00%
  58  OR356116_Megalocytivirus_pagrus1_ISKNV                      0.00%    passed    100.00%
  59  MT926123_Megalocytivirus_pagrus1_ISKNV                      0.00%    passed    100.00%
  60  MW883595_Megalocytivirus_pagrus1_ISKNV                      0.00%    passed    100.00%
  61  ON212400_Megalocytivirus_pagrus1_ISKNV                      0.00%    passed    100.00%
  62  ON075463_Megalocytivirus_pagrus1_RSIV                       0.00%    passed    100.00%
****  TOTAL                                                       0.07%  0 sequences failed composition chi2 test (p-value<5%; df=19)
NOTE: ON740976_Megalocytivirus_pagrus1_RSIV is identical to ON743042_Megalocytivirus_pagrus1_RSIV but kept for subsequent analysis
NOTE: MW883600_Megalocytivirus_pagrus1_ISKNV is identical to MT128666_Megalocytivirus_pagrus1_ISKNV but kept for subsequent analysis
NOTE: OL774655_Megalocytivirus_pagrus1_RSIV is identical to MK098185_Megalocytivirus_pagrus1_RSIV but kept for subsequent analysis
NOTE: MT521409_Megalocytivirus_lates1_SDDV is identical to MN562489_Megalocytivirus_lates1_SDDV but kept for subsequent analysis
NOTE: MG570131_Megalocytivirus_pagrus1_TRBIV is identical to MG570132_Megalocytivirus_pagrus1_TRBIV but kept for subsequent analysis
Checking for duplicate sequences: done in 0.000101089 secs using 48.47% CPU
Identifying sites to remove: done in 5.29289e-05 secs using 102% CPU
NOTE: 50 identical sequences (see below) will be ignored for subsequent analysis
NOTE: OK042109_Megalocytivirus_pagrus1_RSIV (identical to ON743042_Megalocytivirus_pagrus1_RSIV) is ignored but added at the end
NOTE: KC244182_Megalocytivirus_pagrus1_RSIV (identical to ON743042_Megalocytivirus_pagrus1_RSIV) is ignored but added at the end
NOTE: MW883598_Megalocytivirus_pagrus1_RSIV (identical to ON743042_Megalocytivirus_pagrus1_RSIV) is ignored but added at the end
NOTE: OL774654_Megalocytivirus_pagrus1_RSIV (identical to ON743042_Megalocytivirus_pagrus1_RSIV) is ignored but added at the end
NOTE: MK689686_Megalocytivirus_pagrus1_RSIV (identical to ON743042_Megalocytivirus_pagrus1_RSIV) is ignored but added at the end
NOTE: AY894343_Megalocytivirus_pagrus1_RSIV (identical to ON743042_Megalocytivirus_pagrus1_RSIV) is ignored but added at the end
NOTE: KT804738_Megalocytivirus_pagrus1_RSIV (identical to ON743042_Megalocytivirus_pagrus1_RSIV) is ignored but added at the end
NOTE: AP017456_Megalocytivirus_pagrus1_RSIV (identical to ON743042_Megalocytivirus_pagrus1_RSIV) is ignored but added at the end
NOTE: MT798582_Megalocytivirus_pagrus1_RSIV (identical to ON743042_Megalocytivirus_pagrus1_RSIV) is ignored but added at the end
NOTE: OL774653_Megalocytivirus_pagrus1_RSIV (identical to ON743042_Megalocytivirus_pagrus1_RSIV) is ignored but added at the end
NOTE: OK042108_Megalocytivirus_pagrus1_RSIV (identical to ON743042_Megalocytivirus_pagrus1_RSIV) is ignored but added at the end
NOTE: ON075463_Megalocytivirus_pagrus1_RSIV (identical to ON743042_Megalocytivirus_pagrus1_RSIV) is ignored but added at the end
NOTE: MT128667_Megalocytivirus_pagrus1_ISKNV (identical to MT128666_Megalocytivirus_pagrus1_ISKNV) is ignored but added at the end
NOTE: MW883596_Megalocytivirus_pagrus1_ISKNV (identical to MT128666_Megalocytivirus_pagrus1_ISKNV) is ignored but added at the end
NOTE: KT781098_Megalocytivirus_pagrus1_ISKNV (identical to MT128666_Megalocytivirus_pagrus1_ISKNV) is ignored but added at the end
NOTE: MW273354_Megalocytivirus_pagrus1_ISKNV (identical to MT128666_Megalocytivirus_pagrus1_ISKNV) is ignored but added at the end
NOTE: 23043610005_Megalocytivirus_pagrus1_ISKNV (identical to MT128666_Megalocytivirus_pagrus1_ISKNV) is ignored but added at the end
NOTE: MW883597_Megalocytivirus_pagrus1_ISKNV (identical to MT128666_Megalocytivirus_pagrus1_ISKNV) is ignored but added at the end
NOTE: MW883601_Megalocytivirus_pagrus1_ISKNV (identical to MT128666_Megalocytivirus_pagrus1_ISKNV) is ignored but added at the end
NOTE: MK689685_Megalocytivirus_pagrus1_ISKNV (identical to MT128666_Megalocytivirus_pagrus1_ISKNV) is ignored but added at the end
NOTE: MT986830_Megalocytivirus_pagrus1_ISKNV (identical to MT128666_Megalocytivirus_pagrus1_ISKNV) is ignored but added at the end
NOTE: MW883594_Megalocytivirus_pagrus1_ISKNV (identical to MT128666_Megalocytivirus_pagrus1_ISKNV) is ignored but added at the end
NOTE: OP896201_Megalocytivirus_pagrus1_ISKNV (identical to MT128666_Megalocytivirus_pagrus1_ISKNV) is ignored but added at the end
NOTE: OP009387_Megalocytivirus_pagrus1_ISKNV (identical to MT128666_Megalocytivirus_pagrus1_ISKNV) is ignored but added at the end
NOTE: 23043610003_Megalocytivirus_pagrus1_ISKNV (identical to MT128666_Megalocytivirus_pagrus1_ISKNV) is ignored but added at the end
NOTE: PP974677_Megalocytivirus_pagrus1_ISKNV (identical to MT128666_Megalocytivirus_pagrus1_ISKNV) is ignored but added at the end
NOTE: MW883603_Megalocytivirus_pagrus1_ISKNV (identical to MT128666_Megalocytivirus_pagrus1_ISKNV) is ignored but added at the end
NOTE: OR670976_Megalocytivirus_pagrus1_ISKNV (identical to MT128666_Megalocytivirus_pagrus1_ISKNV) is ignored but added at the end
NOTE: MN432490_Megalocytivirus_pagrus1_ISKNV (identical to MT128666_Megalocytivirus_pagrus1_ISKNV) is ignored but added at the end
NOTE: MW273353_Megalocytivirus_pagrus1_ISKNV (identical to MT128666_Megalocytivirus_pagrus1_ISKNV) is ignored but added at the end
NOTE: MW883593_Megalocytivirus_pagrus1_ISKNV (identical to MT128666_Megalocytivirus_pagrus1_ISKNV) is ignored but added at the end
NOTE: PP151097_Megalocytivirus_pagrus1_ISKNV (identical to MT128666_Megalocytivirus_pagrus1_ISKNV) is ignored but added at the end
NOTE: MW883602_Megalocytivirus_pagrus1_ISKNV (identical to MT128666_Megalocytivirus_pagrus1_ISKNV) is ignored but added at the end
NOTE: NC_003494_Megalocytivirus_pagrus1_ISKNV (identical to MT128666_Megalocytivirus_pagrus1_ISKNV) is ignored but added at the end
NOTE: AF371960_Megalocytivirus_pagrus1_ISKNV (identical to MT128666_Megalocytivirus_pagrus1_ISKNV) is ignored but added at the end
NOTE: MW883599_Megalocytivirus_pagrus1_ISKNV (identical to MT128666_Megalocytivirus_pagrus1_ISKNV) is ignored but added at the end
NOTE: OR536350_Megalocytivirus_pagrus1_ISKNV (identical to MT128666_Megalocytivirus_pagrus1_ISKNV) is ignored but added at the end
NOTE: MW883606_Megalocytivirus_pagrus1_ISKNV (identical to MT128666_Megalocytivirus_pagrus1_ISKNV) is ignored but added at the end
NOTE: OQ513807_Megalocytivirus_pagrus1_ISKNV (identical to MT128666_Megalocytivirus_pagrus1_ISKNV) is ignored but added at the end
NOTE: OR356116_Megalocytivirus_pagrus1_ISKNV (identical to MT128666_Megalocytivirus_pagrus1_ISKNV) is ignored but added at the end
NOTE: MT926123_Megalocytivirus_pagrus1_ISKNV (identical to MT128666_Megalocytivirus_pagrus1_ISKNV) is ignored but added at the end
NOTE: MW883595_Megalocytivirus_pagrus1_ISKNV (identical to MT128666_Megalocytivirus_pagrus1_ISKNV) is ignored but added at the end
NOTE: ON212400_Megalocytivirus_pagrus1_ISKNV (identical to MT128666_Megalocytivirus_pagrus1_ISKNV) is ignored but added at the end
NOTE: AB104413_Megalocytivirus_pagrus1_RSIV (identical to MK098185_Megalocytivirus_pagrus1_RSIV) is ignored but added at the end
NOTE: MK098186_Megalocytivirus_pagrus1_RSIV (identical to MK098185_Megalocytivirus_pagrus1_RSIV) is ignored but added at the end
NOTE: BD143114_Megalocytivirus_pagrus1_RSIV (identical to MK098185_Megalocytivirus_pagrus1_RSIV) is ignored but added at the end
NOTE: MW139932_Megalocytivirus_pagrus1_RSIV (identical to MK098185_Megalocytivirus_pagrus1_RSIV) is ignored but added at the end
NOTE: OQ475017_Megalocytivirus_pagrus1_RSIV (identical to MK098185_Megalocytivirus_pagrus1_RSIV) is ignored but added at the end
NOTE: MK098187_Megalocytivirus_pagrus1_RSIV (identical to MK098185_Megalocytivirus_pagrus1_RSIV) is ignored but added at the end
NOTE: OM037668_Megalocytivirus_lates1_SDDV (identical to MN562489_Megalocytivirus_lates1_SDDV) is ignored but added at the end
Alignment was printed to iqtree_genus/OG0000041.fa.uniqueseq.phy

For your convenience alignment with unique sequences printed to iqtree_genus/OG0000041.fa.uniqueseq.phy


Create initial parsimony tree by phylogenetic likelihood library (PLL)... 0.000 seconds
Perform fast likelihood tree search using LG+I+G model...
Estimate model parameters (epsilon = 5.000)
Perform nearest neighbor interchange...
Optimizing NNI: done in 0.024471 secs using 100% CPU
Estimate model parameters (epsilon = 1.000)
1. Initial log-likelihood: -1444.496
Optimal log-likelihood: -1444.469
Proportion of invariable sites: 0.248
Gamma shape alpha: 1.182
Parameters optimization took 1 rounds (0.006 sec)
Time for fast ML tree search: 0.051 seconds

NOTE: ModelFinder requires 3 MB RAM!
ModelFinder will test up to 1320 protein models (sample size: 247) ...
 No. Model         -LnL         df  AIC          AICc         BIC
  1  Blosum62      1460.392     21  2962.784     2966.891     3036.481
  2  Blosum62+I    1452.594     22  2949.188     2953.706     3026.395
  3  Blosum62+G4   1450.757     22  2945.515     2950.033     3022.721
  4  Blosum62+I+G4 1451.217     23  2948.435     2953.385     3029.151
  5  Blosum62+R2   1451.125     23  2948.250     2953.201     3028.966
  6  Blosum62+R3   1445.345     25  2940.689     2946.572     3028.424
  7  Blosum62+R4   1445.419     27  2944.838     2951.742     3039.592
 14  Blosum62+I+R2 1451.393     24  2950.786     2956.192     3035.012
 15  Blosum62+I+R3 1445.185     26  2942.371     2948.752     3033.615
 16  Blosum62+I+R4 1445.233     28  2946.466     2953.916     3044.729
 24  Blosum62+F+I  1432.338     41  2946.676     2963.476     3090.561
 25  Blosum62+F+G4 1429.991     41  2941.981     2958.781     3085.866
 26  Blosum62+F+I+G4 1430.634     42  2945.268     2962.974     3092.662
 27  Blosum62+F+R2 1423.370     42  2930.741     2948.447     3078.135
 28  Blosum62+F+R3 1423.216     44  2934.432     2954.036     3088.845
 46  cpREV+I       1451.657     22  2947.315     2951.832     3024.521
 47  cpREV+G4      1448.996     22  2941.993     2946.510     3019.199
 48  cpREV+I+G4    1449.403     23  2944.806     2949.756     3025.522
 49  cpREV+R2      1446.227     23  2938.454     2943.405     3019.170
 50  cpREV+R3      1445.553     25  2941.106     2946.989     3028.841
 68  cpREV+F+I     1422.484     41  2926.968     2943.768     3070.853
 69  cpREV+F+G4    1418.826     41  2919.652     2936.452     3063.537
 70  cpREV+F+I+G4  1419.588     42  2923.177     2940.883     3070.571
 71  cpREV+F+R2    1413.932     42  2911.864     2929.570     3059.258
 72  cpREV+F+R3    1413.951     44  2915.902     2935.506     3070.315
 90  Dayhoff+I     1441.396     22  2926.791     2931.309     3003.998
 91  Dayhoff+G4    1438.222     22  2920.443     2924.961     2997.650
 92  Dayhoff+I+G4  1438.822     23  2923.645     2928.596     3004.361
 93  Dayhoff+R2    1432.646     23  2911.291     2916.242     2992.007
 94  Dayhoff+R3    1432.657     25  2915.314     2921.196     3003.048
112  Dayhoff+F+I   1423.406     41  2928.813     2945.613     3072.698
113  Dayhoff+F+G4  1418.993     41  2919.986     2936.786     3063.871
114  Dayhoff+F+I+G4 1419.796     42  2923.592     2941.298     3070.986
115  Dayhoff+F+R2  1413.350     42  2910.700     2928.406     3058.095
116  Dayhoff+F+R3  1413.431     44  2914.862     2934.466     3069.275
134  DCMut+I       1441.358     22  2926.717     2931.234     3003.923
135  DCMut+G4      1438.190     22  2920.379     2924.897     2997.586
136  DCMut+I+G4    1438.794     23  2923.588     2928.538     3004.304
137  DCMut+R2      1432.530     23  2911.059     2916.010     2991.775
138  DCMut+R3      1432.564     25  2915.129     2921.011     3002.863
156  DCMut+F+I     1423.337     41  2928.673     2945.473     3072.558
157  DCMut+F+G4    1418.949     41  2919.899     2936.699     3063.784
158  DCMut+F+I+G4  1419.758     42  2923.515     2941.221     3070.909
159  DCMut+F+R2    1413.228     42  2910.456     2928.162     3057.851
160  DCMut+F+R3    1413.314     44  2914.629     2934.233     3069.042
WARNING: Normalizing state frequencies so that sum of them equals to 1
178  FLAVI+I       1488.295     22  3020.591     3025.108     3097.797
WARNING: Normalizing state frequencies so that sum of them equals to 1
179  FLAVI+G4      1476.018     22  2996.037     3000.555     3073.243
WARNING: Normalizing state frequencies so that sum of them equals to 1
180  FLAVI+I+G4    1475.808     23  2997.617     3002.568     3078.333
WARNING: Normalizing state frequencies so that sum of them equals to 1
181  FLAVI+R2      1476.388     23  2998.776     3003.726     3079.492
WARNING: Normalizing state frequencies so that sum of them equals to 1
182  FLAVI+R3      1476.134     25  3002.267     3008.150     3090.002
WARNING: Normalizing state frequencies so that sum of them equals to 1
200  FLAVI+F+I     1461.470     41  3004.940     3021.740     3148.825
WARNING: Normalizing state frequencies so that sum of them equals to 1
201  FLAVI+F+G4    1445.751     41  2973.501     2990.301     3117.386
WARNING: Normalizing state frequencies so that sum of them equals to 1
202  FLAVI+F+I+G4  1445.581     42  2975.161     2992.867     3122.555
WARNING: Normalizing state frequencies so that sum of them equals to 1
203  FLAVI+F+R2    1444.177     42  2972.354     2990.060     3119.748
WARNING: Normalizing state frequencies so that sum of them equals to 1
204  FLAVI+F+R3    1440.599     44  2969.198     2988.801     3123.611
222  FLU+I         1472.620     22  2989.240     2993.758     3066.447
223  FLU+G4        1467.020     22  2978.040     2982.558     3055.247
224  FLU+I+G4      1466.967     23  2979.933     2984.884     3060.649
225  FLU+R2        1464.944     23  2975.888     2980.839     3056.604
226  FLU+R3        1461.886     25  2973.772     2979.654     3061.506
244  FLU+F+I       1439.855     41  2961.711     2978.511     3105.596
245  FLU+F+G4      1433.011     41  2948.022     2964.822     3091.907
246  FLU+F+I+G4    1433.280     42  2950.561     2968.266     3097.955
247  FLU+F+R2      1430.314     42  2944.628     2962.333     3092.022
248  FLU+F+R3      1427.390     44  2942.780     2962.384     3097.193
266  HIVb+I        1479.661     22  3003.323     3007.841     3080.529
267  HIVb+G4       1472.936     22  2989.871     2994.389     3067.078
268  HIVb+I+G4     1472.980     23  2991.959     2996.910     3072.675
269  HIVb+R2       1470.831     23  2987.661     2992.612     3068.377
270  HIVb+R3       1468.232     25  2986.463     2992.346     3074.198
288  HIVb+F+I      1440.492     41  2962.984     2979.784     3106.869
289  HIVb+F+G4     1431.325     41  2944.651     2961.451     3088.536
290  HIVb+F+I+G4   1431.671     42  2947.342     2965.048     3094.736
291  HIVb+F+R2     1427.878     42  2939.755     2957.461     3087.150
292  HIVb+F+R3     1427.588     44  2943.175     2962.779     3097.589
310  HIVw+I        1512.076     22  3068.153     3072.671     3145.359
311  HIVw+G4       1506.505     22  3057.009     3061.527     3134.216
312  HIVw+I+G4     1505.944     23  3057.889     3062.840     3138.605
313  HIVw+R2       1508.185     23  3062.370     3067.321     3143.086
314  HIVw+R3       1508.247     25  3066.494     3072.376     3154.229
332  HIVw+F+I      1458.370     41  2998.740     3015.540     3142.625
333  HIVw+F+G4     1450.482     41  2982.964     2999.764     3126.849
334  HIVw+F+I+G4   1450.241     42  2984.482     3002.187     3131.876
335  HIVw+F+R2     1450.261     42  2984.522     3002.228     3131.916
336  HIVw+F+R3     1450.315     44  2988.630     3008.234     3143.044
354  JTT+I         1443.070     22  2930.139     2934.657     3007.346
355  JTT+G4        1439.226     22  2922.452     2926.970     2999.659
356  JTT+I+G4      1439.813     23  2925.626     2930.577     3006.342
357  JTT+R2        1432.249     23  2910.498     2915.448     2991.214
358  JTT+R3        1432.333     25  2914.667     2920.549     3002.401
376  JTT+F+I       1424.890     41  2931.779     2948.579     3075.664
377  JTT+F+G4      1420.227     41  2922.454     2939.254     3066.339
378  JTT+F+I+G4    1420.996     42  2925.992     2943.698     3073.386
379  JTT+F+R2      1412.782     42  2909.564     2927.269     3056.958
380  JTT+F+R3      1412.599     44  2913.198     2932.802     3067.611
398  JTTDCMut+I    1442.300     22  2928.599     2933.117     3005.806
399  JTTDCMut+G4   1438.450     22  2920.900     2925.418     2998.106
400  JTTDCMut+I+G4 1439.074     23  2924.148     2929.099     3004.864
401  JTTDCMut+R2   1431.250     23  2908.500     2913.451     2989.216
402  JTTDCMut+R3   1431.343     25  2912.685     2918.568     3000.420
420  JTTDCMut+F+I  1424.314     41  2930.628     2947.428     3074.513
421  JTTDCMut+F+G4 1419.627     41  2921.254     2938.054     3065.139
422  JTTDCMut+F+I+G4 1420.431     42  2924.862     2942.568     3072.256
423  JTTDCMut+F+R2 1411.943     42  2907.886     2925.592     3055.280
424  JTTDCMut+F+R3 1411.792     44  2911.585     2931.189     3065.998
442  LG+I          1447.528     22  2939.056     2943.574     3016.262
443  LG+G4         1444.011     22  2932.022     2936.539     3009.228
444  LG+I+G4       1444.394     23  2934.789     2939.739     3015.505
445  LG+R2         1438.794     23  2923.587     2928.538     3004.303
446  LG+R3         1438.667     25  2927.333     2933.215     3015.068
464  LG+F+I        1427.668     41  2937.335     2954.135     3081.220
465  LG+F+G4       1423.213     41  2928.426     2945.226     3072.311
466  LG+F+I+G4     1423.845     42  2931.690     2949.396     3079.085
467  LG+F+R2       1417.245     42  2918.490     2936.196     3065.884
468  LG+F+R3       1417.253     44  2922.507     2942.111     3076.920
486  mtART+I       1561.789     22  3167.578     3172.096     3244.785
487  mtART+G4      1542.240     22  3128.480     3132.998     3205.687
488  mtART+I+G4    1541.788     23  3129.577     3134.527     3210.293
489  mtART+R2      1543.706     23  3133.412     3138.362     3214.128
490  mtART+R3      1544.128     25  3138.255     3144.138     3225.990
508  mtART+F+I     1481.764     41  3045.529     3062.329     3189.413
509  mtART+F+G4    1460.315     41  3002.630     3019.430     3146.515
510  mtART+F+I+G4  1459.946     42  3003.892     3021.598     3151.286
511  mtART+F+R2    1459.037     42  3002.075     3019.780     3149.469
512  mtART+F+R3    1459.106     44  3006.212     3025.816     3160.625
530  mtMAM+I       1555.116     22  3154.232     3158.750     3231.438
531  mtMAM+G4      1536.608     22  3117.215     3121.733     3194.422
532  mtMAM+I+G4    1536.163     23  3118.326     3123.276     3199.042
533  mtMAM+R2      1540.853     23  3127.706     3132.656     3208.421
534  mtMAM+R3      1540.732     25  3131.465     3137.347     3219.199
552  mtMAM+F+I     1474.050     41  3030.100     3046.900     3173.985
553  mtMAM+F+G4    1454.911     41  2991.822     3008.622     3135.707
554  mtMAM+F+I+G4  1454.858     42  2993.716     3011.422     3141.110
555  mtMAM+F+R2    1456.249     42  2996.498     3014.204     3143.893
556  mtMAM+F+R3    1455.505     44  2999.010     3018.614     3153.423
574  mtREV+I       1527.946     22  3099.891     3104.409     3177.098
575  mtREV+G4      1519.021     22  3082.043     3086.561     3159.249
576  mtREV+I+G4    1519.278     23  3084.556     3089.506     3165.272
577  mtREV+R2      1517.224     23  3080.448     3085.399     3161.164
578  mtREV+R3      1517.111     25  3084.222     3090.104     3171.956
596  mtREV+F+I     1445.684     41  2973.369     2990.169     3117.254
597  mtREV+F+G4    1436.492     41  2954.983     2971.783     3098.868
598  mtREV+F+I+G4  1437.123     42  2958.246     2975.951     3105.640
599  mtREV+F+R2    1430.749     42  2945.498     2963.204     3092.892
600  mtREV+F+R3    1430.774     44  2949.547     2969.151     3103.960
618  mtZOA+I       1527.059     22  3098.119     3102.637     3175.325
619  mtZOA+G4      1513.485     22  3070.969     3075.487     3148.176
620  mtZOA+I+G4    1513.744     23  3073.488     3078.438     3154.204
621  mtZOA+R2      1513.138     23  3072.276     3077.226     3152.991
622  mtZOA+R3      1513.112     25  3076.224     3082.106     3163.959
640  mtZOA+F+I     1460.403     41  3002.805     3019.605     3146.690
641  mtZOA+F+G4    1446.122     41  2974.243     2991.043     3118.128
642  mtZOA+F+I+G4  1446.619     42  2977.238     2994.944     3124.632
643  mtZOA+F+R2    1443.748     42  2971.497     2989.203     3118.891
644  mtZOA+F+R3    1443.723     44  2975.447     2995.051     3129.860
662  mtMet+I       1542.448     22  3128.897     3133.415     3206.103
663  mtMet+G4      1532.804     22  3109.609     3114.127     3186.815
664  mtMet+I+G4    1532.858     23  3111.716     3116.666     3192.431
665  mtMet+R2      1533.011     23  3112.022     3116.972     3192.738
666  mtMet+R3      1532.911     25  3115.822     3121.705     3203.557
684  mtMet+F+I     1454.853     41  2991.706     3008.506     3135.591
685  mtMet+F+G4    1444.118     41  2970.236     2987.036     3114.121
686  mtMet+F+I+G4  1444.469     42  2972.938     2990.644     3120.333
687  mtMet+F+R2    1442.309     42  2968.618     2986.324     3116.013
688  mtMet+F+R3    1442.126     44  2972.251     2991.855     3126.664
706  mtVer+I       1545.203     22  3134.407     3138.925     3211.613
707  mtVer+G4      1532.963     22  3109.926     3114.444     3187.132
708  mtVer+I+G4    1532.953     23  3111.906     3116.857     3192.622
709  mtVer+R2      1534.145     23  3114.289     3119.240     3195.005
710  mtVer+R3      1534.002     25  3118.003     3123.886     3205.738
728  mtVer+F+I     1461.675     41  3005.350     3022.150     3149.235
729  mtVer+F+G4    1447.522     41  2977.045     2993.845     3120.930
730  mtVer+F+I+G4  1447.911     42  2979.821     2997.527     3127.216
731  mtVer+F+R2    1445.461     42  2974.922     2992.628     3122.317
732  mtVer+F+R3    1445.258     44  2978.517     2998.121     3132.930
750  mtInv+I       1561.801     22  3167.602     3172.120     3244.809
751  mtInv+G4      1553.796     22  3151.592     3156.110     3228.798
752  mtInv+I+G4    1554.085     23  3154.170     3159.121     3234.886
753  mtInv+R2      1552.893     23  3151.785     3156.736     3232.501
754  mtInv+R3      1552.713     25  3155.426     3161.309     3243.161
772  mtInv+F+I     1447.164     41  2976.328     2993.128     3120.213
773  mtInv+F+G4    1438.412     41  2958.823     2975.623     3102.708
774  mtInv+F+I+G4  1438.968     42  2961.935     2979.641     3109.330
775  mtInv+F+R2    1434.796     42  2953.592     2971.298     3100.987
776  mtInv+F+R3    1434.847     44  2957.694     2977.298     3112.107
794  PMB+I         1452.044     22  2948.089     2952.606     3025.295
795  PMB+G4        1449.598     22  2943.196     2947.714     3020.403
796  PMB+I+G4      1450.219     23  2946.439     2951.390     3027.155
797  PMB+R2        1442.402     23  2930.805     2935.756     3011.521
798  PMB+R3        1442.272     25  2934.544     2940.427     3022.279
816  PMB+F+I       1433.321     41  2948.641     2965.441     3092.526
817  PMB+F+G4      1430.515     41  2943.031     2959.831     3086.916
818  PMB+F+I+G4    1431.306     42  2946.611     2964.317     3094.006
819  PMB+F+R2      1422.379     42  2928.759     2946.464     3076.153
820  PMB+F+R3      1422.293     44  2932.585     2952.189     3086.998
WARNING: Normalizing state frequencies so that sum of them equals to 1
838  Q.bird+I      1462.769     22  2969.538     2974.056     3046.744
WARNING: Normalizing state frequencies so that sum of them equals to 1
839  Q.bird+G4     1454.814     22  2953.628     2958.145     3030.834
WARNING: Normalizing state frequencies so that sum of them equals to 1
840  Q.bird+I+G4   1454.912     23  2955.825     2960.775     3036.541
WARNING: Normalizing state frequencies so that sum of them equals to 1
841  Q.bird+R2     1451.787     23  2949.573     2954.524     3030.289
WARNING: Normalizing state frequencies so that sum of them equals to 1
842  Q.bird+R3     1449.703     25  2949.406     2955.288     3037.140
WARNING: Normalizing state frequencies so that sum of them equals to 1
860  Q.bird+F+I    1444.170     41  2970.341     2987.141     3114.226
WARNING: Normalizing state frequencies so that sum of them equals to 1
861  Q.bird+F+G4   1434.741     41  2951.483     2968.283     3095.368
WARNING: Normalizing state frequencies so that sum of them equals to 1
862  Q.bird+F+I+G4 1434.918     42  2953.837     2971.542     3101.231
WARNING: Normalizing state frequencies so that sum of them equals to 1
863  Q.bird+F+R2   1433.132     42  2950.264     2967.969     3097.658
WARNING: Normalizing state frequencies so that sum of them equals to 1
864  Q.bird+F+R3   1433.189     44  2954.379     2973.983     3108.792
882  Q.insect+I    1455.175     22  2954.349     2958.867     3031.556
883  Q.insect+G4   1450.191     22  2944.382     2948.899     3021.588
884  Q.insect+I+G4 1450.553     23  2947.105     2952.056     3027.821
885  Q.insect+R2   1444.607     23  2935.214     2940.164     3015.930
886  Q.insect+R3   1444.444     25  2938.888     2944.770     3026.623
904  Q.insect+F+I  1430.891     41  2943.783     2960.583     3087.668
905  Q.insect+F+G4 1424.788     41  2931.577     2948.377     3075.462
906  Q.insect+F+I+G4 1425.394     42  2934.789     2952.495     3082.183
907  Q.insect+F+R2 1418.441     42  2920.882     2938.588     3068.276
908  Q.insect+F+R3 1418.427     44  2924.854     2944.458     3079.267
WARNING: Normalizing state frequencies so that sum of them equals to 1
926  Q.mammal+I    1460.781     22  2965.562     2970.080     3042.769
WARNING: Normalizing state frequencies so that sum of them equals to 1
927  Q.mammal+G4   1453.706     22  2951.411     2955.929     3028.618
WARNING: Normalizing state frequencies so that sum of them equals to 1
928  Q.mammal+I+G4 1453.997     23  2953.995     2958.945     3034.710
WARNING: Normalizing state frequencies so that sum of them equals to 1
929  Q.mammal+R2   1448.826     23  2943.653     2948.604     3024.369
WARNING: Normalizing state frequencies so that sum of them equals to 1
930  Q.mammal+R3   1448.323     25  2946.645     2952.528     3034.380
WARNING: Normalizing state frequencies so that sum of them equals to 1
948  Q.mammal+F+I  1441.545     41  2965.089     2981.889     3108.974
WARNING: Normalizing state frequencies so that sum of them equals to 1
949  Q.mammal+F+G4 1433.039     41  2948.078     2964.878     3091.963
WARNING: Normalizing state frequencies so that sum of them equals to 1
950  Q.mammal+F+I+G4 1433.377     42  2950.755     2968.460     3098.149
WARNING: Normalizing state frequencies so that sum of them equals to 1
951  Q.mammal+F+R2 1429.384     42  2942.769     2960.474     3090.163
WARNING: Normalizing state frequencies so that sum of them equals to 1
952  Q.mammal+F+R3 1429.286     44  2946.572     2966.176     3100.985
WARNING: Normalizing state frequencies so that sum of them equals to 1
970  Q.pfam+I      1448.574     22  2941.148     2945.665     3018.354
WARNING: Normalizing state frequencies so that sum of them equals to 1
971  Q.pfam+G4     1445.178     22  2934.355     2938.873     3011.562
WARNING: Normalizing state frequencies so that sum of them equals to 1
972  Q.pfam+I+G4   1445.593     23  2937.185     2942.136     3017.901
WARNING: Normalizing state frequencies so that sum of them equals to 1
973  Q.pfam+R2     1440.149     23  2926.298     2931.249     3007.014
WARNING: Normalizing state frequencies so that sum of them equals to 1
974  Q.pfam+R3     1440.006     25  2930.012     2935.895     3017.747
WARNING: Normalizing state frequencies so that sum of them equals to 1
992  Q.pfam+F+I    1428.456     41  2938.911     2955.711     3082.796
WARNING: Normalizing state frequencies so that sum of them equals to 1
993  Q.pfam+F+G4   1424.235     41  2930.470     2947.270     3074.355
WARNING: Normalizing state frequencies so that sum of them equals to 1
994  Q.pfam+F+I+G4 1424.882     42  2933.765     2951.471     3081.159
WARNING: Normalizing state frequencies so that sum of them equals to 1
995  Q.pfam+F+R2   1418.405     42  2920.809     2938.515     3068.203
WARNING: Normalizing state frequencies so that sum of them equals to 1
996  Q.pfam+F+R3   1418.448     44  2924.895     2944.499     3079.309
WARNING: Normalizing state frequencies so that sum of them equals to 1
1014  Q.plant+I     1449.423     22  2942.847     2947.364     3020.053
WARNING: Normalizing state frequencies so that sum of them equals to 1
1015  Q.plant+G4    1443.280     22  2930.561     2935.078     3007.767
WARNING: Normalizing state frequencies so that sum of them equals to 1
1016  Q.plant+I+G4  1443.554     23  2933.108     2938.059     3013.824
WARNING: Normalizing state frequencies so that sum of them equals to 1
1017  Q.plant+R2    1439.718     23  2925.435     2930.386     3006.151
WARNING: Normalizing state frequencies so that sum of them equals to 1
1018  Q.plant+R3    1438.528     25  2927.056     2932.938     3014.791
WARNING: Normalizing state frequencies so that sum of them equals to 1
1036  Q.plant+F+I   1431.289     41  2944.579     2961.379     3088.464
WARNING: Normalizing state frequencies so that sum of them equals to 1
1037  Q.plant+F+G4  1423.669     41  2929.338     2946.138     3073.223
WARNING: Normalizing state frequencies so that sum of them equals to 1
1038  Q.plant+F+I+G4 1424.200     42  2932.399     2950.105     3079.794
WARNING: Normalizing state frequencies so that sum of them equals to 1
1039  Q.plant+F+R2  1419.744     42  2923.488     2941.194     3070.882
WARNING: Normalizing state frequencies so that sum of them equals to 1
1040  Q.plant+F+R3  1419.411     44  2926.823     2946.427     3081.236
WARNING: Normalizing state frequencies so that sum of them equals to 1
1058  Q.yeast+I     1459.739     22  2963.479     2967.996     3040.685
WARNING: Normalizing state frequencies so that sum of them equals to 1
1059  Q.yeast+G4    1455.369     22  2954.738     2959.256     3031.944
WARNING: Normalizing state frequencies so that sum of them equals to 1
1060  Q.yeast+I+G4  1455.711     23  2957.422     2962.373     3038.138
WARNING: Normalizing state frequencies so that sum of them equals to 1
1061  Q.yeast+R2    1450.406     23  2946.812     2951.762     3027.528
WARNING: Normalizing state frequencies so that sum of them equals to 1
1062  Q.yeast+R3    1450.133     25  2950.266     2956.148     3038.001
WARNING: Normalizing state frequencies so that sum of them equals to 1
1080  Q.yeast+F+I   1430.436     41  2942.871     2959.671     3086.756
WARNING: Normalizing state frequencies so that sum of them equals to 1
1081  Q.yeast+F+G4  1425.183     41  2932.366     2949.166     3076.251
WARNING: Normalizing state frequencies so that sum of them equals to 1
1082  Q.yeast+F+I+G4 1425.790     42  2935.579     2953.285     3082.974
WARNING: Normalizing state frequencies so that sum of them equals to 1
1083  Q.yeast+F+R2  1419.464     42  2922.928     2940.634     3070.322
WARNING: Normalizing state frequencies so that sum of them equals to 1
1084  Q.yeast+F+R3  1419.438     44  2926.876     2946.480     3081.289
1102  rtREV+I       1463.930     22  2971.860     2976.377     3049.066
1103  rtREV+G4      1461.633     22  2967.266     2971.783     3044.472
1104  rtREV+I+G4    1461.835     23  2969.670     2974.620     3050.386
1105  rtREV+R2      1457.578     23  2961.156     2966.107     3041.872
1106  rtREV+R3      1456.816     25  2963.631     2969.513     3051.366
1124  rtREV+F+I     1430.010     41  2942.020     2958.820     3085.905
1125  rtREV+F+G4    1426.412     41  2934.825     2951.625     3078.710
1126  rtREV+F+I+G4  1426.802     42  2937.604     2955.310     3084.998
1127  rtREV+F+R2    1421.349     42  2926.697     2944.403     3074.092
1128  rtREV+F+R3    1421.042     44  2930.083     2949.687     3084.496
1146  VT+I          1447.157     22  2938.314     2942.832     3015.521
1147  VT+G4         1444.873     22  2933.746     2938.264     3010.953
1148  VT+I+G4       1445.526     23  2937.052     2942.003     3017.768
1149  VT+R2         1437.967     23  2921.934     2926.885     3002.650
1150  VT+R3         1437.915     25  2925.830     2931.713     3013.565
1168  VT+F+I        1426.335     41  2934.669     2951.469     3078.554
1169  VT+F+G4       1423.733     41  2929.465     2946.265     3073.350
1170  VT+F+I+G4     1424.550     42  2933.099     2950.805     3080.494
1171  VT+F+R2       1416.298     42  2916.595     2934.301     3063.989
1172  VT+F+R3       1416.241     44  2920.482     2940.086     3074.895
1190  WAG+I         1438.864     22  2921.728     2926.245     2998.934
1191  WAG+G4        1436.853     22  2917.706     2922.223     2994.912
1192  WAG+I+G4      1437.327     23  2920.654     2925.604     3001.370
1193  WAG+R2        1430.665     23  2907.331     2912.281     2988.047
1194  WAG+R3        1430.356     25  2910.711     2916.594     2998.446
1212  WAG+F+I       1422.036     41  2926.072     2942.872     3069.957
1213  WAG+F+G4      1419.452     41  2920.904     2937.704     3064.789
1214  WAG+F+I+G4    1420.140     42  2924.281     2941.987     3071.675
1215  WAG+F+R2      1412.849     42  2909.699     2927.405     3057.093
1216  WAG+F+R3      1412.801     44  2913.601     2933.205     3068.014
Reading model parameters from file Q.iridoviridae
1234  Q.iridoviridae+I 1444.881     22  2933.763     2938.281     3010.969
Reading model parameters from file Q.iridoviridae
1235  Q.iridoviridae+G4 1441.650     22  2927.301     2931.818     3004.507
Reading model parameters from file Q.iridoviridae
1236  Q.iridoviridae+I+G4 1442.208     23  2930.416     2935.366     3011.132
Reading model parameters from file Q.iridoviridae
1237  Q.iridoviridae+R2 1435.343     23  2916.685     2921.636     2997.401
Reading model parameters from file Q.iridoviridae
1238  Q.iridoviridae+R3 1435.141     25  2920.283     2926.165     3008.017
Reading model parameters from file Q.iridoviridae
1256  Q.iridoviridae+F+I 1425.352     41  2932.703     2949.503     3076.588
Reading model parameters from file Q.iridoviridae
1257  Q.iridoviridae+F+G4 1421.460     41  2924.920     2941.720     3068.805
Reading model parameters from file Q.iridoviridae
1258  Q.iridoviridae+F+I+G4 1422.169     42  2928.337     2946.043     3075.731
Reading model parameters from file Q.iridoviridae
1259  Q.iridoviridae+F+R2 1414.939     42  2913.879     2931.584     3061.273
Reading model parameters from file Q.iridoviridae
1260  Q.iridoviridae+F+R3 1414.785     44  2917.569     2937.173     3071.982
Reading model parameters from file Q.mcv
WARNING: Normalizing state frequencies so that sum of them equals to 1
1278  Q.mcv+I       1441.571     22  2927.141     2931.659     3004.348
Reading model parameters from file Q.mcv
WARNING: Normalizing state frequencies so that sum of them equals to 1
1279  Q.mcv+G4      1437.241     22  2918.481     2922.999     2995.688
Reading model parameters from file Q.mcv
WARNING: Normalizing state frequencies so that sum of them equals to 1
1280  Q.mcv+I+G4    1437.696     23  2921.391     2926.342     3002.107
Reading model parameters from file Q.mcv
WARNING: Normalizing state frequencies so that sum of them equals to 1
1281  Q.mcv+R2      1432.299     23  2910.598     2915.548     2991.314
Reading model parameters from file Q.mcv
WARNING: Normalizing state frequencies so that sum of them equals to 1
1282  Q.mcv+R3      1431.959     25  2913.918     2919.801     3001.653
Reading model parameters from file Q.mcv
WARNING: Normalizing state frequencies so that sum of them equals to 1
1300  Q.mcv+F+I     1422.511     41  2927.022     2943.822     3070.907
Reading model parameters from file Q.mcv
WARNING: Normalizing state frequencies so that sum of them equals to 1
1301  Q.mcv+F+G4    1417.860     41  2917.720     2934.520     3061.605
Reading model parameters from file Q.mcv
WARNING: Normalizing state frequencies so that sum of them equals to 1
1302  Q.mcv+F+I+G4  1418.451     42  2920.901     2938.607     3068.296
Reading model parameters from file Q.mcv
WARNING: Normalizing state frequencies so that sum of them equals to 1
1303  Q.mcv+F+R2    1412.517     42  2909.033     2926.739     3056.427
Reading model parameters from file Q.mcv
WARNING: Normalizing state frequencies so that sum of them equals to 1
1304  Q.mcv+F+R3    1412.302     44  2912.603     2932.207     3067.016
Akaike Information Criterion:           WAG+R2
Corrected Akaike Information Criterion: WAG+R2
Bayesian Information Criterion:         WAG+R2
Best-fit model: WAG+R2 chosen according to BIC

All model information printed to iqtree_genus/OG0000041.fa.model.gz
CPU time for ModelFinder: 14.940 seconds (0h:0m:14s)
Wall-clock time for ModelFinder: 14.964 seconds (0h:0m:14s)
WARNING: States(s) W rarely appear in alignment and may cause numerical problems
Generating 1000 samples for ultrafast bootstrap (seed: 993952)...

NOTE: 1 MB RAM (0 GB) is required!
Estimate model parameters (epsilon = 0.100)
1. Initial log-likelihood: -1430.665
Optimal log-likelihood: -1430.633
Site proportion and rates:  (0.917,0.310) (0.083,8.643)
Parameters optimization took 1 rounds (0.005 sec)
Wrote distance file to... 
Computing ML distances based on estimated model parameters...
Calculating distance matrix: done in 0.00310087 secs using 99.94% CPU
Computing ML distances took 0.003128 sec (of wall-clock time) 0.003128 sec (of CPU time)
Setting up auxiliary I and S matrices: done in 2.88486e-05 secs using 100.5% CPU
Constructing RapidNJ tree: done in 3.29018e-05 secs using 100.3% CPU
Computing RapidNJ tree took 0.000092 sec (of wall-clock time) 0.000141 sec (of CPU time)
Log-likelihood of RapidNJ tree: -1432.840
--------------------------------------------------------------------
|             INITIALIZING CANDIDATE TREE SET                      |
--------------------------------------------------------------------
Generating 98 parsimony trees... 0.028 second
Computing log-likelihood of 95 initial trees ... 0.074 seconds
Current best score: -1430.201

Do NNI search on 20 best initial trees
Optimizing NNI: done in 0.00759721 secs using 200% CPU
Estimate model parameters (epsilon = 0.100)
BETTER TREE FOUND at iteration 1: -1430.074
Optimizing NNI: done in 0.00769091 secs using 200% CPU
UPDATE BEST LOG-LIKELIHOOD: -1430.074
Optimizing NNI: done in 0.00329089 secs using 200.1% CPU
Optimizing NNI: done in 0.00666404 secs using 140% CPU
Optimizing NNI: done in 0.00745893 secs using 199.9% CPU
Optimizing NNI: done in 0.0108869 secs using 200% CPU
Optimizing NNI: done in 0.011302 secs using 200% CPU
Optimizing NNI: done in 0.00746799 secs using 200% CPU
Optimizing NNI: done in 0.01911 secs using 200% CPU
UPDATE BEST LOG-LIKELIHOOD: -1430.074
Optimizing NNI: done in 0.0191619 secs using 110.9% CPU
UPDATE BEST LOG-LIKELIHOOD: -1430.074
Iteration 10 / LogL: -1430.074 / Time: 0h:0m:0s
Optimizing NNI: done in 0.0109179 secs using 100% CPU
Optimizing NNI: done in 0.0074091 secs using 100% CPU
Optimizing NNI: done in 0.00734901 secs using 100% CPU
Optimizing NNI: done in 0.0107329 secs using 100% CPU
Optimizing NNI: done in 0.0106649 secs using 100% CPU
Optimizing NNI: done in 0.0134251 secs using 99.99% CPU
Optimizing NNI: done in 0.011524 secs using 100% CPU
Optimizing NNI: done in 0.0112522 secs using 99.95% CPU
Optimizing NNI: done in 0.0111549 secs using 99.99% CPU
Optimizing NNI: done in 0.017216 secs using 99.99% CPU
Iteration 20 / LogL: -1430.076 / Time: 0h:0m:0s
Finish initializing candidate tree set (5)
Current best tree score: -1430.074 / CPU time: 0.327
Number of iterations: 20
--------------------------------------------------------------------
|               OPTIMIZING CANDIDATE TREE SET                      |
--------------------------------------------------------------------
Optimizing NNI: done in 0.017314 secs using 100% CPU
Optimizing NNI: done in 0.0138421 secs using 100% CPU
Optimizing NNI: done in 0.017498 secs using 100% CPU
Optimizing NNI: done in 0.0200319 secs using 99.95% CPU
Optimizing NNI: done in 0.00553489 secs using 99.98% CPU
Optimizing NNI: done in 0.0152791 secs using 99.99% CPU
Optimizing NNI: done in 0.015362 secs using 100% CPU
Optimizing NNI: done in 0.0228028 secs using 100% CPU
Optimizing NNI: done in 0.0135901 secs using 100% CPU
Optimizing NNI: done in 0.0238321 secs using 100% CPU
Iteration 30 / LogL: -1430.097 / Time: 0h:0m:0s (0h:0m:1s left)
Optimizing NNI: done in 0.01389 secs using 99.99% CPU
Optimizing NNI: done in 0.014966 secs using 100% CPU
Optimizing NNI: done in 0.00683093 secs using 99.99% CPU
Optimizing NNI: done in 0.0169501 secs using 100% CPU
Optimizing NNI: done in 0.0130639 secs using 100% CPU
Optimizing NNI: done in 0.0100532 secs using 100% CPU
Optimizing NNI: done in 0.019026 secs using 99.99% CPU
Optimizing NNI: done in 0.01724 secs using 100% CPU
Optimizing NNI: done in 0.0108368 secs using 100% CPU
Optimizing NNI: done in 0.0141098 secs using 100% CPU
Iteration 40 / LogL: -1430.137 / Time: 0h:0m:0s (0h:0m:1s left)
Optimizing NNI: done in 0.0175791 secs using 99.99% CPU
Optimizing NNI: done in 0.00615311 secs using 99.98% CPU
Optimizing NNI: done in 0.010006 secs using 99.99% CPU
Optimizing NNI: done in 0.018055 secs using 99.99% CPU
Optimizing NNI: done in 0.0188789 secs using 100% CPU
Optimizing NNI: done in 0.0110021 secs using 100% CPU
Optimizing NNI: done in 0.00617504 secs using 99.98% CPU
UPDATE BEST LOG-LIKELIHOOD: -1430.074
Optimizing NNI: done in 0.0175579 secs using 100% CPU
Optimizing NNI: done in 0.013406 secs using 99.99% CPU
Optimizing NNI: done in 0.015101 secs using 100% CPU
Iteration 50 / LogL: -1430.074 / Time: 0h:0m:0s (0h:0m:0s left)
Log-likelihood cutoff on original alignment: -1452.958
Optimizing NNI: done in 0.0108771 secs using 100% CPU
Optimizing NNI: done in 0.0139871 secs using 100% CPU
Optimizing NNI: done in 0.0190029 secs using 100% CPU
Optimizing NNI: done in 0.0144029 secs using 99.99% CPU
Optimizing NNI: done in 0.00967598 secs using 100% CPU
Optimizing NNI: done in 0.014462 secs using 99.99% CPU
Optimizing NNI: done in 0.0057919 secs using 100% CPU
Optimizing NNI: done in 0.0058701 secs using 100% CPU
UPDATE BEST LOG-LIKELIHOOD: -1430.074
Optimizing NNI: done in 0.0196609 secs using 100% CPU
Optimizing NNI: done in 0.018225 secs using 100% CPU
Iteration 60 / LogL: -1430.074 / Time: 0h:0m:1s (0h:0m:0s left)
Optimizing NNI: done in 0.0160182 secs using 99.99% CPU
Optimizing NNI: done in 0.011018 secs using 100% CPU
Optimizing NNI: done in 0.0136139 secs using 99.99% CPU
Optimizing NNI: done in 0.022701 secs using 100% CPU
Optimizing NNI: done in 0.013588 secs using 99.99% CPU
Optimizing NNI: done in 0.0141671 secs using 100% CPU
Optimizing NNI: done in 0.011548 secs using 100% CPU
Optimizing NNI: done in 0.0107501 secs using 99.99% CPU
Optimizing NNI: done in 0.01369 secs using 100% CPU
Optimizing NNI: done in 0.01406 secs using 100% CPU
Iteration 70 / LogL: -1430.079 / Time: 0h:0m:1s (0h:0m:0s left)
Optimizing NNI: done in 0.00586605 secs using 99.98% CPU
Optimizing NNI: done in 0.017756 secs using 100% CPU
Optimizing NNI: done in 0.0118301 secs using 100% CPU
Optimizing NNI: done in 0.0106201 secs using 100% CPU
Optimizing NNI: done in 0.0138781 secs using 100% CPU
Optimizing NNI: done in 0.0213161 secs using 100% CPU
Optimizing NNI: done in 0.00709701 secs using 100% CPU
Optimizing NNI: done in 0.0166242 secs using 99.99% CPU
Optimizing NNI: done in 0.017231 secs using 99.99% CPU
Optimizing NNI: done in 0.00578189 secs using 100% CPU
Iteration 80 / LogL: -1430.450 / Time: 0h:0m:1s (0h:0m:0s left)
Optimizing NNI: done in 0.00770998 secs using 99.99% CPU
Optimizing NNI: done in 0.018446 secs using 100% CPU
Optimizing NNI: done in 0.0134079 secs using 100% CPU
Optimizing NNI: done in 0.0221829 secs using 100% CPU
Optimizing NNI: done in 0.0134079 secs using 99.99% CPU
Optimizing NNI: done in 0.0157979 secs using 99.99% CPU
Optimizing NNI: done in 0.0185928 secs using 99.95% CPU
Optimizing NNI: done in 0.0192389 secs using 100% CPU
Optimizing NNI: done in 0.00385594 secs using 100% CPU
Optimizing NNI: done in 0.0113389 secs using 100% CPU
Iteration 90 / LogL: -1439.317 / Time: 0h:0m:1s (0h:0m:0s left)
Optimizing NNI: done in 0.014318 secs using 100% CPU
Optimizing NNI: done in 0.011342 secs using 100% CPU
Optimizing NNI: done in 0.0153949 secs using 99.99% CPU
Optimizing NNI: done in 0.0129621 secs using 100% CPU
Optimizing NNI: done in 0.00937104 secs using 100% CPU
Optimizing NNI: done in 0.0141129 secs using 100% CPU
Optimizing NNI: done in 0.00568509 secs using 99.98% CPU
Optimizing NNI: done in 0.00777411 secs using 100% CPU
Optimizing NNI: done in 0.010962 secs using 63.56% CPU
Optimizing NNI: done in 0.0149779 secs using 100% CPU
Iteration 100 / LogL: -1439.316 / Time: 0h:0m:1s (0h:0m:0s left)
Log-likelihood cutoff on original alignment: -1452.958
NOTE: Bootstrap correlation coefficient of split occurrence frequencies: 0.994
Optimizing NNI: done in 0.014709 secs using 100% CPU
Optimizing NNI: done in 0.0187371 secs using 99.99% CPU
TREE SEARCH COMPLETED AFTER 102 ITERATIONS / Time: 0h:0m:1s

--------------------------------------------------------------------
|                    FINALIZING TREE SEARCH                        |
--------------------------------------------------------------------
Performs final model parameters optimization
Estimate model parameters (epsilon = 0.010)
1. Initial log-likelihood: -1430.074
2. Current log-likelihood: -1430.055
3. Current log-likelihood: -1430.035
Optimal log-likelihood: -1430.033
Site proportion and rates:  (0.925,0.329) (0.075,9.323)
Parameters optimization took 3 rounds (0.015 sec)
BEST SCORE FOUND : -1430.033
Creating bootstrap support values...
Split supports printed to NEXUS file iqtree_genus/OG0000041.fa.splits.nex
Total tree length: 1.990

Total number of iterations: 102
CPU time used for tree search: 1.857 sec (0h:0m:1s)
Wall-clock time used for tree search: 1.678 sec (0h:0m:1s)
Total CPU time used: 1.918 sec (0h:0m:1s)
Total wall-clock time used: 1.736 sec (0h:0m:1s)

Computing bootstrap consensus tree...
Reading input file iqtree_genus/OG0000041.fa.splits.nex...
12 taxa and 113 splits.
Consensus tree written to iqtree_genus/OG0000041.fa.contree
Reading input trees file iqtree_genus/OG0000041.fa.contree
Log-likelihood of consensus tree: -1430.038

Analysis results written to: 
  IQ-TREE report:                iqtree_genus/OG0000041.fa.iqtree
  Maximum-likelihood tree:       iqtree_genus/OG0000041.fa.treefile
  Likelihood distances:          iqtree_genus/OG0000041.fa.mldist

Ultrafast bootstrap approximation results written to:
  Split support values:          iqtree_genus/OG0000041.fa.splits.nex
  Consensus tree:                iqtree_genus/OG0000041.fa.contree
  Screen log file:               iqtree_genus/OG0000041.fa.log

Date and Time: Wed Apr  2 14:13:25 2025
