IQ-TREE multicore version 2.2.0.5 COVID-edition for Linux 64-bit built Sep 26 2022
Developed by Bui Quang Minh, James Barbetti, Nguyen Lam Tung,
Olga Chernomor, Heiko Schmidt, Dominik Schrempf, Michael Woodhams, Ly Trong Nhan.

Host:    c148 (AVX2, FMA3, 503 GB RAM)
Command: iqtree -s ./orthofinder/Results_Jul04/WorkingDirectory/Alignments_ids/OG0000276.fa -pre ./orthofinder/Results_Jul04/WorkingDirectory/Alignments_ids/OG0000276
Seed:    440476 (Using SPRNG - Scalable Parallel Random Number Generator)
Time:    Thu Jul  4 10:41:53 2024
Kernel:  AVX+FMA - 1 threads (24 CPU cores detected)

HINT: Use -nt option to specify number of threads because your CPU has 24 cores!
HINT: -nt AUTO will automatically determine the best number of threads to use.

Reading alignment file ./orthofinder/Results_Jul04/WorkingDirectory/Alignments_ids/OG0000276.fa ... Fasta format detected
Reading fasta file: done in 0.000100136 secs using 97.87% CPU
Alignment most likely contains protein sequences
Constructing alignment: done in 9.799e-05 secs using 100% CPU
Alignment has 3 sequences with 248 columns, 190 distinct patterns
0 parsimony-informative, 169 singleton sites, 79 constant sites
        Gap/Ambiguity  Composition  p-value
Analyzing sequences: done in 5.00679e-06 secs using 99.86% CPU
   1  7_101    13.71%    passed     98.87%
   2  8_123     3.23%    passed     88.58%
   3  10_135   13.31%    passed     99.36%
****  TOTAL    10.08%  0 sequences failed composition chi2 test (p-value<5%; df=19)
Checking for duplicate sequences: done in 5.96046e-06 secs using 100.7% CPU


Create initial parsimony tree by phylogenetic likelihood library (PLL)... 0.000 seconds
Perform fast likelihood tree search using LG+I+G model...
Estimate model parameters (epsilon = 5.000)
Perform nearest neighbor interchange...
Optimizing NNI: done in 1.09673e-05 secs using 91.18% CPU
Estimate model parameters (epsilon = 1.000)
1. Initial log-likelihood: -1568.046
2. Current log-likelihood: -1566.852
3. Current log-likelihood: -1565.615
Optimal log-likelihood: -1565.183
Proportion of invariable sites: 0.109
Gamma shape alpha: 25.927
Parameters optimization took 3 rounds (0.006 sec)
Time for fast ML tree search: 0.009 seconds

NOTE: ModelFinder requires 0 MB RAM!
ModelFinder will test up to 1232 protein models (sample size: 248) ...
 No. Model         -LnL         df  AIC          AICc         BIC
  1  LG            1569.744     3   3145.488     3145.586     3156.028
  2  LG+I          1565.153     4   3138.305     3138.470     3152.359
  3  LG+G4         1566.207     4   3140.415     3140.579     3154.468
  4  LG+I+G4       1565.156     5   3140.312     3140.560     3157.879
  5  LG+R2         1566.385     5   3142.771     3143.018     3160.338
  6  LG+R3         1565.995     7   3145.991     3146.457     3170.585
 14  LG+I+R2       1565.304     6   3142.608     3142.956     3163.688
 15  LG+I+R3       1565.311     8   3146.622     3147.224     3174.729
 23  LG+F          1544.233     22  3132.466     3136.964     3209.761
 24  LG+F+I        1540.236     23  3126.472     3131.401     3207.281
 25  LG+F+G4       1540.758     23  3127.516     3132.445     3208.325
 26  LG+F+I+G4     1540.198     24  3128.396     3133.777     3212.718
 27  LG+F+R2       1540.963     24  3129.925     3135.307     3214.248
 45  WAG           1579.978     3   3165.956     3166.055     3176.497
 46  WAG+I         1577.663     4   3163.325     3163.490     3177.379
 47  WAG+G4        1578.155     4   3164.309     3164.474     3178.363
 48  WAG+I+G4      1577.687     5   3165.375     3165.622     3182.942
 49  WAG+R2        1578.153     5   3166.305     3166.553     3183.872
 67  WAG+F         1550.721     22  3145.443     3149.941     3222.738
 68  WAG+F+I       1547.940     23  3141.880     3146.808     3222.689
 69  WAG+F+G4      1548.114     23  3142.227     3147.156     3223.036
 70  WAG+F+I+G4    1547.972     24  3143.945     3149.326     3228.267
 71  WAG+F+R2      1548.145     24  3144.291     3149.672     3228.613
 89  JTT           1580.206     3   3166.413     3166.511     3176.953
 90  JTT+I         1575.731     4   3159.462     3159.626     3173.515
 91  JTT+G4        1577.249     4   3162.498     3162.663     3176.552
 92  JTT+I+G4      1575.734     5   3161.468     3161.716     3179.035
 93  JTT+R2        1577.345     5   3164.691     3164.939     3182.258
111  JTT+F         1548.870     22  3141.741     3146.238     3219.036
112  JTT+F+I       1544.622     23  3135.244     3140.172     3216.053
113  JTT+F+G4      1545.805     23  3137.609     3142.538     3218.418
114  JTT+F+I+G4    1544.624     24  3137.247     3142.628     3221.569
115  JTT+F+R2      1545.933     24  3139.865     3145.247     3224.188
WARNING: Normalizing state frequencies so that sum of them equals to 1
133  Q.pfam        1572.599     3   3151.199     3151.297     3161.739
WARNING: Normalizing state frequencies so that sum of them equals to 1
134  Q.pfam+I      1568.959     4   3145.919     3146.084     3159.973
WARNING: Normalizing state frequencies so that sum of them equals to 1
135  Q.pfam+G4     1570.018     4   3148.035     3148.200     3162.089
WARNING: Normalizing state frequencies so that sum of them equals to 1
136  Q.pfam+I+G4   1568.981     5   3147.962     3148.210     3165.529
WARNING: Normalizing state frequencies so that sum of them equals to 1
137  Q.pfam+R2     1570.147     5   3150.294     3150.542     3167.861
WARNING: Normalizing state frequencies so that sum of them equals to 1
155  Q.pfam+F      1543.559     22  3131.118     3135.615     3208.413
WARNING: Normalizing state frequencies so that sum of them equals to 1
156  Q.pfam+F+I    1540.300     23  3126.599     3131.528     3207.408
WARNING: Normalizing state frequencies so that sum of them equals to 1
157  Q.pfam+F+G4   1540.986     23  3127.972     3132.901     3208.781
WARNING: Normalizing state frequencies so that sum of them equals to 1
158  Q.pfam+F+I+G4 1540.333     24  3128.666     3134.047     3212.988
WARNING: Normalizing state frequencies so that sum of them equals to 1
159  Q.pfam+F+R2   1541.146     24  3130.292     3135.673     3214.614
WARNING: Normalizing state frequencies so that sum of them equals to 1
177  Q.bird        1595.642     3   3197.284     3197.383     3207.825
WARNING: Normalizing state frequencies so that sum of them equals to 1
178  Q.bird+I      1586.418     4   3180.836     3181.000     3194.889
WARNING: Normalizing state frequencies so that sum of them equals to 1
179  Q.bird+G4     1588.873     4   3185.745     3185.910     3199.799
WARNING: Normalizing state frequencies so that sum of them equals to 1
180  Q.bird+I+G4   1586.394     5   3182.787     3183.035     3200.355
WARNING: Normalizing state frequencies so that sum of them equals to 1
181  Q.bird+R2     1589.502     5   3189.004     3189.252     3206.571
WARNING: Normalizing state frequencies so that sum of them equals to 1
199  Q.bird+F      1561.768     22  3167.536     3172.034     3244.831
WARNING: Normalizing state frequencies so that sum of them equals to 1
200  Q.bird+F+I    1553.026     23  3152.052     3156.981     3232.861
WARNING: Normalizing state frequencies so that sum of them equals to 1
201  Q.bird+F+G4   1554.698     23  3155.396     3160.325     3236.205
WARNING: Normalizing state frequencies so that sum of them equals to 1
202  Q.bird+F+I+G4 1552.717     24  3153.435     3158.816     3237.757
WARNING: Normalizing state frequencies so that sum of them equals to 1
203  Q.bird+F+R2   1555.471     24  3158.942     3164.323     3243.264
WARNING: Normalizing state frequencies so that sum of them equals to 1
221  Q.mammal      1592.366     3   3190.732     3190.831     3201.273
WARNING: Normalizing state frequencies so that sum of them equals to 1
222  Q.mammal+I    1585.025     4   3178.051     3178.216     3192.105
WARNING: Normalizing state frequencies so that sum of them equals to 1
223  Q.mammal+G4   1587.603     4   3183.205     3183.370     3197.259
WARNING: Normalizing state frequencies so that sum of them equals to 1
224  Q.mammal+I+G4 1585.036     5   3180.072     3180.320     3197.639
WARNING: Normalizing state frequencies so that sum of them equals to 1
225  Q.mammal+R2   1587.860     5   3185.720     3185.967     3203.287
WARNING: Normalizing state frequencies so that sum of them equals to 1
243  Q.mammal+F    1555.032     22  3154.063     3158.561     3231.359
WARNING: Normalizing state frequencies so that sum of them equals to 1
244  Q.mammal+F+I  1548.381     23  3142.763     3147.691     3223.572
WARNING: Normalizing state frequencies so that sum of them equals to 1
245  Q.mammal+F+G4 1550.541     23  3147.082     3152.010     3227.891
WARNING: Normalizing state frequencies so that sum of them equals to 1
246  Q.mammal+F+I+G4 1548.383     24  3144.767     3150.148     3229.089
WARNING: Normalizing state frequencies so that sum of them equals to 1
247  Q.mammal+F+R2 1550.900     24  3149.800     3155.181     3234.122
265  Q.insect      1557.562     3   3121.124     3121.222     3131.664
266  Q.insect+I    1552.721     4   3113.443     3113.607     3127.496
267  Q.insect+G4   1554.647     4   3117.294     3117.459     3131.348
268  Q.insect+I+G4 1552.719     5   3115.438     3115.686     3133.005
269  Q.insect+R2   1554.805     5   3119.610     3119.858     3137.177
287  Q.insect+F    1540.835     22  3125.671     3130.169     3202.966
288  Q.insect+F+I  1536.618     23  3119.236     3124.165     3200.045
289  Q.insect+F+G4 1538.120     23  3122.241     3127.169     3203.050
290  Q.insect+F+I+G4 1536.633     24  3121.266     3126.647     3205.588
291  Q.insect+F+R2 1538.275     24  3124.549     3129.930     3208.871
WARNING: Normalizing state frequencies so that sum of them equals to 1
309  Q.plant       1572.312     3   3150.623     3150.722     3161.163
WARNING: Normalizing state frequencies so that sum of them equals to 1
310  Q.plant+I     1565.403     4   3138.807     3138.971     3152.860
WARNING: Normalizing state frequencies so that sum of them equals to 1
311  Q.plant+G4    1567.225     4   3142.451     3142.615     3156.505
WARNING: Normalizing state frequencies so that sum of them equals to 1
312  Q.plant+I+G4  1565.356     5   3140.712     3140.959     3158.279
WARNING: Normalizing state frequencies so that sum of them equals to 1
313  Q.plant+R2    1567.775     5   3145.550     3145.798     3163.117
WARNING: Normalizing state frequencies so that sum of them equals to 1
331  Q.plant+F     1548.120     22  3140.240     3144.737     3217.535
WARNING: Normalizing state frequencies so that sum of them equals to 1
332  Q.plant+F+I   1541.819     23  3129.639     3134.567     3210.447
WARNING: Normalizing state frequencies so that sum of them equals to 1
333  Q.plant+F+G4  1542.932     23  3131.864     3136.793     3212.673
WARNING: Normalizing state frequencies so that sum of them equals to 1
334  Q.plant+F+I+G4 1541.644     24  3131.289     3136.670     3215.611
WARNING: Normalizing state frequencies so that sum of them equals to 1
335  Q.plant+F+R2  1543.486     24  3134.971     3140.352     3219.294
WARNING: Normalizing state frequencies so that sum of them equals to 1
353  Q.yeast       1556.575     3   3119.150     3119.249     3129.690
WARNING: Normalizing state frequencies so that sum of them equals to 1
354  Q.yeast+I     1551.775     4   3111.550     3111.714     3125.604
WARNING: Normalizing state frequencies so that sum of them equals to 1
355  Q.yeast+G4    1553.210     4   3114.419     3114.584     3128.473
WARNING: Normalizing state frequencies so that sum of them equals to 1
356  Q.yeast+I+G4  1551.787     5   3113.574     3113.822     3131.141
WARNING: Normalizing state frequencies so that sum of them equals to 1
357  Q.yeast+R2    1553.441     5   3116.882     3117.130     3134.449
WARNING: Normalizing state frequencies so that sum of them equals to 1
375  Q.yeast+F     1543.242     22  3130.485     3134.983     3207.780
WARNING: Normalizing state frequencies so that sum of them equals to 1
376  Q.yeast+F+I   1538.960     23  3123.921     3128.850     3204.730
WARNING: Normalizing state frequencies so that sum of them equals to 1
377  Q.yeast+F+G4  1539.952     23  3125.904     3130.833     3206.713
WARNING: Normalizing state frequencies so that sum of them equals to 1
378  Q.yeast+F+I+G4 1538.991     24  3125.983     3131.364     3210.305
WARNING: Normalizing state frequencies so that sum of them equals to 1
379  Q.yeast+F+R2  1540.158     24  3128.317     3133.698     3212.639
397  JTTDCMut      1581.007     3   3168.013     3168.111     3178.553
398  JTTDCMut+I    1576.434     4   3160.868     3161.033     3174.922
399  JTTDCMut+G4   1577.945     4   3163.890     3164.054     3177.943
400  JTTDCMut+I+G4 1576.437     5   3162.874     3163.122     3180.441
401  JTTDCMut+R2   1578.039     5   3166.078     3166.326     3183.645
419  JTTDCMut+F    1549.503     22  3143.006     3147.504     3220.301
420  JTTDCMut+F+I  1545.134     23  3136.269     3141.197     3217.078
421  JTTDCMut+F+G4 1546.294     23  3138.588     3143.516     3219.397
422  JTTDCMut+F+I+G4 1545.144     24  3138.288     3143.669     3222.610
423  JTTDCMut+F+R2 1546.419     24  3140.839     3146.220     3225.161
441  DCMut         1593.171     3   3192.343     3192.441     3202.883
442  DCMut+I       1589.181     4   3186.361     3186.526     3200.415
443  DCMut+G4      1589.938     4   3187.876     3188.040     3201.929
444  DCMut+I+G4    1589.179     5   3188.358     3188.606     3205.925
445  DCMut+R2      1590.017     5   3190.034     3190.282     3207.602
463  DCMut+F       1554.282     22  3152.564     3157.061     3229.859
464  DCMut+F+I     1550.316     23  3146.631     3151.560     3227.440
465  DCMut+F+G4    1550.731     23  3147.462     3152.390     3228.271
466  DCMut+F+I+G4  1550.242     24  3148.485     3153.866     3232.807
467  DCMut+F+R2    1550.840     24  3149.679     3155.060     3234.001
485  VT            1571.109     3   3148.218     3148.317     3158.759
486  VT+I          1569.859     4   3147.719     3147.883     3161.772
487  VT+G4         1570.436     4   3148.873     3149.037     3162.926
488  VT+I+G4       1569.978     5   3149.956     3150.204     3167.524
489  VT+R2         1570.462     5   3150.924     3151.171     3168.491
507  VT+F          1546.693     22  3137.385     3141.883     3214.681
508  VT+F+I        1545.362     23  3136.723     3141.652     3217.532
509  VT+F+G4       1545.883     23  3137.766     3142.694     3218.574
510  VT+F+I+G4     1545.480     24  3138.961     3144.342     3223.283
511  VT+F+R2       1545.905     24  3139.811     3145.192     3224.133
529  PMB           1585.873     3   3177.746     3177.845     3188.286
530  PMB+I         1585.491     4   3178.982     3179.147     3193.036
531  PMB+G4        1585.711     4   3179.423     3179.587     3193.477
532  PMB+I+G4      1585.698     5   3181.395     3181.643     3198.962
533  PMB+R2        1585.771     5   3181.542     3181.790     3199.109
551  PMB+F         1548.518     22  3141.037     3145.534     3218.332
552  PMB+F+I       1547.882     23  3141.763     3146.692     3222.572
553  PMB+F+G4      1548.081     23  3142.162     3147.090     3222.971
554  PMB+F+I+G4    1548.055     24  3144.111     3149.492     3228.433
555  PMB+F+R2      1548.139     24  3144.279     3149.660     3228.601
573  Blosum62      1583.224     3   3172.448     3172.546     3182.988
574  Blosum62+I    1582.232     4   3172.465     3172.630     3186.519
575  Blosum62+G4   1582.579     4   3173.158     3173.323     3187.212
576  Blosum62+I+G4 1582.347     5   3174.695     3174.943     3192.262
577  Blosum62+R2   1582.593     5   3175.186     3175.434     3192.753
595  Blosum62+F    1551.949     22  3147.899     3152.396     3225.194
596  Blosum62+F+I  1550.579     23  3147.158     3152.087     3227.967
597  Blosum62+F+G4 1550.875     23  3147.750     3152.678     3228.558
598  Blosum62+F+I+G4 1550.694     24  3149.389     3154.770     3233.711
599  Blosum62+F+R2 1550.863     24  3149.726     3155.108     3234.049
617  Dayhoff       1593.217     3   3192.435     3192.533     3202.975
618  Dayhoff+I     1589.175     4   3186.350     3186.514     3200.403
619  Dayhoff+G4    1589.931     4   3187.862     3188.026     3201.916
620  Dayhoff+I+G4  1589.170     5   3188.339     3188.587     3205.906
621  Dayhoff+R2    1590.013     5   3190.027     3190.275     3207.594
639  Dayhoff+F     1554.324     22  3152.648     3157.146     3229.944
640  Dayhoff+F+I   1550.311     23  3146.622     3151.551     3227.431
641  Dayhoff+F+G4  1550.719     23  3147.438     3152.366     3228.247
642  Dayhoff+F+I+G4 1550.230     24  3148.459     3153.841     3232.782
643  Dayhoff+F+R2  1550.832     24  3149.664     3155.045     3233.986
661  mtREV         1656.788     3   3319.577     3319.675     3330.117
662  mtREV+I       1648.512     4   3305.024     3305.188     3319.078
663  mtREV+G4      1650.084     4   3308.167     3308.332     3322.221
664  mtREV+I+G4    1648.246     5   3306.493     3306.741     3324.060
665  mtREV+R2      1650.934     5   3311.867     3312.115     3329.434
683  mtREV+F       1564.396     22  3172.791     3177.289     3250.087
684  mtREV+F+I     1556.508     23  3159.016     3163.944     3239.824
685  mtREV+F+G4    1556.573     23  3159.147     3164.075     3239.955
686  mtREV+F+I+G4  1555.629     24  3159.258     3164.639     3243.580
687  mtREV+F+R2    1557.240     24  3162.480     3167.861     3246.802
705  mtART         1664.229     3   3334.459     3334.557     3344.999
706  mtART+I       1655.001     4   3318.001     3318.166     3332.055
707  mtART+G4      1655.282     4   3318.565     3318.730     3332.619
708  mtART+I+G4    1653.772     5   3317.544     3317.792     3335.111
709  mtART+R2      1656.820     5   3323.640     3323.888     3341.207
727  mtART+F       1555.525     22  3155.050     3159.548     3232.345
728  mtART+F+I     1547.680     23  3141.360     3146.289     3222.169
729  mtART+F+G4    1547.469     23  3140.938     3145.867     3221.747
730  mtART+F+I+G4  1546.259     24  3140.519     3145.900     3224.841
731  mtART+F+R2    1548.540     24  3145.080     3150.462     3229.403
749  mtZOA         1652.362     3   3310.724     3310.822     3321.264
750  mtZOA+I       1645.307     4   3298.613     3298.778     3312.667
751  mtZOA+G4      1647.547     4   3303.093     3303.258     3317.147
752  mtZOA+I+G4    1645.187     5   3300.374     3300.622     3317.941
753  mtZOA+R2      1648.390     5   3306.779     3307.027     3324.347
771  mtZOA+F       1548.257     22  3140.514     3145.012     3217.810
772  mtZOA+F+I     1541.933     23  3129.866     3134.795     3210.675
773  mtZOA+F+G4    1542.686     23  3131.371     3136.300     3212.180
774  mtZOA+F+I+G4  1541.422     24  3130.844     3136.225     3215.166
775  mtZOA+F+R2    1543.365     24  3134.730     3140.111     3219.052
793  mtMet         1638.395     3   3282.790     3282.889     3293.331
794  mtMet+I       1631.167     4   3270.334     3270.498     3284.387
795  mtMet+G4      1634.652     4   3277.303     3277.468     3291.357
796  mtMet+I+G4    1631.168     5   3272.335     3272.583     3289.902
797  mtMet+R2      1635.011     5   3280.022     3280.270     3297.589
815  mtMet+F       1551.827     22  3147.653     3152.151     3224.948
816  mtMet+F+I     1545.185     23  3136.370     3141.298     3217.178
817  mtMet+F+G4    1547.325     23  3140.651     3145.579     3221.459
818  mtMet+F+I+G4  1545.100     24  3138.201     3143.582     3222.523
819  mtMet+F+R2    1547.834     24  3143.668     3149.050     3227.991
837  mtVer         1658.704     3   3323.408     3323.507     3333.948
838  mtVer+I       1647.295     4   3302.590     3302.754     3316.643
839  mtVer+G4      1651.300     4   3310.600     3310.764     3324.654
840  mtVer+I+G4    1647.229     5   3304.459     3304.707     3322.026
841  mtVer+R2      1647.572     5   3305.145     3305.392     3322.712
859  mtVer+F       1565.543     22  3175.087     3179.584     3252.382
860  mtVer+F+I     1554.600     23  3155.201     3160.129     3236.010
861  mtVer+F+G4    1555.921     23  3157.842     3162.770     3238.651
862  mtVer+F+I+G4  1553.715     24  3155.431     3160.812     3239.753
863  mtVer+F+R2    1556.667     24  3161.334     3166.715     3245.656
881  mtInv         1648.425     3   3302.850     3302.948     3313.390
882  mtInv+I       1643.390     4   3294.781     3294.946     3308.835
883  mtInv+G4      1645.777     4   3299.555     3299.719     3313.609
884  mtInv+I+G4    1643.408     5   3296.816     3297.064     3314.383
885  mtInv+R2      1645.983     5   3301.966     3302.214     3319.534
903  mtInv+F       1545.101     22  3134.201     3138.699     3211.497
904  mtInv+F+I     1540.392     23  3126.785     3131.714     3207.594
905  mtInv+F+G4    1541.957     23  3129.913     3134.842     3210.722
906  mtInv+F+I+G4  1540.398     24  3128.797     3134.178     3213.119
907  mtInv+F+R2    1542.214     24  3132.428     3137.809     3216.750
925  mtMAM         1678.385     3   3362.771     3362.869     3373.311
926  mtMAM+I       1662.592     4   3333.184     3333.348     3347.237
927  mtMAM+G4      1664.014     4   3336.029     3336.193     3350.082
928  mtMAM+I+G4    1660.908     5   3331.816     3332.064     3349.384
929  mtMAM+R2      1662.263     5   3334.525     3334.773     3352.092
947  mtMAM+F       1575.872     22  3195.744     3200.242     3273.039
948  mtMAM+F+I     1562.265     23  3170.531     3175.459     3251.339
949  mtMAM+F+G4    1561.872     23  3169.743     3174.672     3250.552
950  mtMAM+F+I+G4  1559.841     24  3167.682     3173.063     3252.004
951  mtMAM+F+R2    1563.873     24  3175.746     3181.127     3260.068
WARNING: Normalizing state frequencies so that sum of them equals to 1
969  FLAVI         1623.973     3   3253.946     3254.044     3264.486
WARNING: Normalizing state frequencies so that sum of them equals to 1
970  FLAVI+I       1607.920     4   3223.840     3224.005     3237.894
WARNING: Normalizing state frequencies so that sum of them equals to 1
971  FLAVI+G4      1608.592     4   3225.183     3225.348     3239.237
WARNING: Normalizing state frequencies so that sum of them equals to 1
972  FLAVI+I+G4    1606.541     5   3223.081     3223.329     3240.648
WARNING: Normalizing state frequencies so that sum of them equals to 1
973  FLAVI+R2      1607.852     5   3225.703     3225.951     3243.271
WARNING: Normalizing state frequencies so that sum of them equals to 1
991  FLAVI+F       1579.660     22  3203.320     3207.817     3280.615
WARNING: Normalizing state frequencies so that sum of them equals to 1
992  FLAVI+F+I     1565.396     23  3176.792     3181.720     3257.600
WARNING: Normalizing state frequencies so that sum of them equals to 1
993  FLAVI+F+G4    1564.264     23  3174.528     3179.457     3255.337
WARNING: Normalizing state frequencies so that sum of them equals to 1
994  FLAVI+F+I+G4  1563.286     24  3174.571     3179.952     3258.894
WARNING: Normalizing state frequencies so that sum of them equals to 1
995  FLAVI+F+R2    1566.236     24  3180.472     3185.853     3264.794
1013  HIVb          1607.081     3   3220.162     3220.261     3230.702
1014  HIVb+I        1596.486     4   3200.972     3201.136     3215.026
1015  HIVb+G4       1597.781     4   3203.561     3203.726     3217.615
1016  HIVb+I+G4     1596.080     5   3202.160     3202.408     3219.727
1017  HIVb+R2       1598.574     5   3207.148     3207.396     3224.715
1035  HIVb+F        1562.816     22  3169.632     3174.130     3246.928
1036  HIVb+F+I      1555.045     23  3156.089     3161.018     3236.898
1037  HIVb+F+G4     1554.357     23  3154.714     3159.643     3235.523
1038  HIVb+F+I+G4   1553.774     24  3155.547     3160.929     3239.870
1039  HIVb+F+R2     1555.116     24  3158.233     3163.614     3242.555
1057  HIVw          1651.980     3   3309.960     3310.059     3320.501
1058  HIVw+I        1631.729     4   3271.459     3271.623     3285.513
1059  HIVw+G4       1631.117     4   3270.235     3270.399     3284.289
1060  HIVw+I+G4     1630.129     5   3270.259     3270.507     3287.826
1061  HIVw+R2       1631.892     5   3273.784     3274.032     3291.351
1079  HIVw+F        1590.623     22  3225.245     3229.743     3302.541
1080  HIVw+F+I      1575.269     23  3196.538     3201.467     3277.347
1081  HIVw+F+G4     1573.636     23  3193.273     3198.202     3274.082
1082  HIVw+F+I+G4   1572.890     24  3193.780     3199.161     3278.102
1083  HIVw+F+R2     1575.648     24  3199.295     3204.677     3283.618
1101  FLU           1601.332     3   3208.664     3208.763     3219.205
1102  FLU+I         1590.584     4   3189.169     3189.334     3203.223
1103  FLU+G4        1592.347     4   3192.693     3192.858     3206.747
1104  FLU+I+G4      1590.286     5   3190.572     3190.820     3208.139
1105  FLU+R2        1593.280     5   3196.559     3196.807     3214.127
1123  FLU+F         1564.240     22  3172.479     3176.977     3249.775
1124  FLU+F+I       1555.634     23  3157.269     3162.197     3238.078
1125  FLU+F+G4      1555.861     23  3157.722     3162.650     3238.531
1126  FLU+F+I+G4    1554.798     24  3157.595     3162.976     3241.917
1127  FLU+F+R2      1556.888     24  3161.775     3167.156     3246.097
1145  rtREV         1577.921     3   3161.843     3161.941     3172.383
1146  rtREV+I       1573.555     4   3155.110     3155.274     3169.163
1147  rtREV+G4      1574.586     4   3157.173     3157.337     3171.227
1148  rtREV+I+G4    1573.574     5   3157.148     3157.396     3174.715
1149  rtREV+R2      1574.674     5   3159.348     3159.596     3176.915
1167  rtREV+F       1546.399     22  3136.797     3141.295     3214.092
1168  rtREV+F+I     1542.819     23  3131.638     3136.567     3212.447
1169  rtREV+F+G4    1543.173     23  3132.346     3137.275     3213.155
1170  rtREV+F+I+G4  1542.811     24  3133.622     3139.004     3217.945
1171  rtREV+F+R2    1543.336     24  3134.672     3140.053     3218.995
1189  cpREV         1595.736     3   3197.473     3197.571     3208.013
1190  cpREV+I       1589.445     4   3186.891     3187.055     3200.945
1191  cpREV+G4      1589.812     4   3187.624     3187.788     3201.677
1192  cpREV+I+G4    1589.208     5   3188.416     3188.664     3205.983
1193  cpREV+R2      1590.129     5   3190.258     3190.506     3207.825
1211  cpREV+F       1561.857     22  3167.713     3172.211     3245.009
1212  cpREV+F+I     1556.109     23  3158.218     3163.146     3239.027
1213  cpREV+F+G4    1555.403     23  3156.806     3161.735     3237.615
1214  cpREV+F+I+G4  1555.262     24  3158.525     3163.906     3242.847
1215  cpREV+F+R2    1555.649     24  3159.299     3164.680     3243.621
Akaike Information Criterion:           Q.yeast+I
Corrected Akaike Information Criterion: Q.yeast+I
Bayesian Information Criterion:         Q.yeast+I
Best-fit model: Q.yeast+I chosen according to BIC

All model information printed to ./orthofinder/Results_Jul04/WorkingDirectory/Alignments_ids/OG0000276.model.gz
CPU time for ModelFinder: 0.859 seconds (0h:0m:0s)
Wall-clock time for ModelFinder: 2.831 seconds (0h:0m:2s)
WARNING: Normalizing state frequencies so that sum of them equals to 1

NOTE: 0 MB RAM (0 GB) is required!
Estimate model parameters (epsilon = 0.100)
1. Initial log-likelihood: -1551.775
Optimal log-likelihood: -1551.774
Proportion of invariable sites: 0.102
Parameters optimization took 1 rounds (0.000 sec)
Wrote distance file to... 
Computing ML distances based on estimated model parameters...
Calculating distance matrix: done in 0.000118017 secs using 99.14% CPU
Computing ML distances took 0.000153 sec (of wall-clock time) 0.000153 sec (of CPU time)
Setting up auxiliary I and S matrices: done in 2.00272e-05 secs using 194.7% CPU
Constructing RapidNJ tree: done in 1.19209e-06 secs using 83.89% CPU
Computing RapidNJ tree took 0.000053 sec (of wall-clock time) 0.000102 sec (of CPU time)
Log-likelihood of RapidNJ tree: -1551.775
--------------------------------------------------------------------
|             INITIALIZING CANDIDATE TREE SET                      |
--------------------------------------------------------------------
Generating 99 parsimony trees... 0.005 second
Current best score: -1551.774

Do NNI search on 1 best initial trees
Optimizing NNI: done in 3.09944e-06 secs using 64.53% CPU
Finish initializing candidate tree set (1)
Current best tree score: -1551.774 / CPU time: 0.010
Number of iterations: 1
--------------------------------------------------------------------
|               OPTIMIZING CANDIDATE TREE SET                      |
--------------------------------------------------------------------
Optimizing NNI: done in 1.90735e-06 secs using 104.9% CPU
Optimizing NNI: done in 9.53674e-07 secs using 104.9% CPU
Optimizing NNI: done in 9.53674e-07 secs using 104.9% CPU
Optimizing NNI: done in 9.53674e-07 secs
Optimizing NNI: done in 9.53674e-07 secs using 104.9% CPU
Optimizing NNI: done in 0 secs
Optimizing NNI: done in 0 secs
Optimizing NNI: done in 9.53674e-07 secs
Optimizing NNI: done in 1.19209e-06 secs
Iteration 10 / LogL: -1551.774 / Time: 0h:0m:0s
Optimizing NNI: done in 0 secs
Optimizing NNI: done in 9.53674e-07 secs using 104.9% CPU
Optimizing NNI: done in 9.53674e-07 secs using 104.9% CPU
Optimizing NNI: done in 1.19209e-06 secs using 83.89% CPU
Optimizing NNI: done in 0 secs
Optimizing NNI: done in 9.53674e-07 secs using 104.9% CPU
Optimizing NNI: done in 1.19209e-06 secs using 83.89% CPU
Optimizing NNI: done in 9.53674e-07 secs using 104.9% CPU
Optimizing NNI: done in 9.53674e-07 secs using 104.9% CPU
Optimizing NNI: done in 9.53674e-07 secs using 104.9% CPU
Iteration 20 / LogL: -1551.774 / Time: 0h:0m:0s
Optimizing NNI: done in 9.53674e-07 secs using 104.9% CPU
Optimizing NNI: done in 9.53674e-07 secs using 104.9% CPU
Optimizing NNI: done in 9.53674e-07 secs using 104.9% CPU
Optimizing NNI: done in 9.53674e-07 secs using 104.9% CPU
Optimizing NNI: done in 9.53674e-07 secs using 104.9% CPU
Optimizing NNI: done in 9.53674e-07 secs using 104.9% CPU
Optimizing NNI: done in 1.19209e-06 secs using 83.89% CPU
Optimizing NNI: done in 9.53674e-07 secs using 104.9% CPU
Optimizing NNI: done in 9.53674e-07 secs using 104.9% CPU
Optimizing NNI: done in 1.19209e-06 secs using 83.89% CPU
Iteration 30 / LogL: -1551.774 / Time: 0h:0m:0s (0h:0m:0s left)
Optimizing NNI: done in 0 secs
Optimizing NNI: done in 9.53674e-07 secs using 104.9% CPU
Optimizing NNI: done in 9.53674e-07 secs
Optimizing NNI: done in 0 secs
Optimizing NNI: done in 1.19209e-06 secs
Optimizing NNI: done in 9.53674e-07 secs using 104.9% CPU
Optimizing NNI: done in 9.53674e-07 secs using 104.9% CPU
Optimizing NNI: done in 1.19209e-06 secs
Optimizing NNI: done in 0 secs
Optimizing NNI: done in 9.53674e-07 secs using 104.9% CPU
Iteration 40 / LogL: -1551.774 / Time: 0h:0m:0s (0h:0m:0s left)
Optimizing NNI: done in 9.53674e-07 secs using 104.9% CPU
Optimizing NNI: done in 9.53674e-07 secs using 104.9% CPU
Optimizing NNI: done in 1.19209e-06 secs using 83.89% CPU
Optimizing NNI: done in 9.53674e-07 secs
Optimizing NNI: done in 0 secs
Optimizing NNI: done in 9.53674e-07 secs using 104.9% CPU
Optimizing NNI: done in 9.53674e-07 secs
Optimizing NNI: done in 0 secs
Optimizing NNI: done in 9.53674e-07 secs
Optimizing NNI: done in 9.53674e-07 secs using 104.9% CPU
Iteration 50 / LogL: -1551.774 / Time: 0h:0m:0s (0h:0m:0s left)
Optimizing NNI: done in 0 secs
Optimizing NNI: done in 9.53674e-07 secs using 104.9% CPU
Optimizing NNI: done in 0 secs
Optimizing NNI: done in 0 secs
Optimizing NNI: done in 9.53674e-07 secs using 104.9% CPU
Optimizing NNI: done in 9.53674e-07 secs using 104.9% CPU
Optimizing NNI: done in 9.53674e-07 secs using 104.9% CPU
Optimizing NNI: done in 0 secs
Optimizing NNI: done in 9.53674e-07 secs using 104.9% CPU
Optimizing NNI: done in 9.53674e-07 secs using 104.9% CPU
Iteration 60 / LogL: -1551.774 / Time: 0h:0m:0s (0h:0m:0s left)
Optimizing NNI: done in 5.00679e-06 secs using 79.89% CPU
Optimizing NNI: done in 9.53674e-07 secs using 209.7% CPU
Optimizing NNI: done in 9.53674e-07 secs
Optimizing NNI: done in 9.53674e-07 secs using 104.9% CPU
Optimizing NNI: done in 9.53674e-07 secs using 104.9% CPU
Optimizing NNI: done in 0 secs
Optimizing NNI: done in 0 secs
Optimizing NNI: done in 9.53674e-07 secs using 104.9% CPU
Optimizing NNI: done in 9.53674e-07 secs
Optimizing NNI: done in 1.19209e-06 secs using 83.89% CPU
Iteration 70 / LogL: -1551.774 / Time: 0h:0m:0s (0h:0m:0s left)
Optimizing NNI: done in 9.53674e-07 secs using 104.9% CPU
Optimizing NNI: done in 1.90735e-06 secs using 52.43% CPU
Optimizing NNI: done in 9.53674e-07 secs
Optimizing NNI: done in 9.53674e-07 secs using 104.9% CPU
Optimizing NNI: done in 9.53674e-07 secs using 209.7% CPU
Optimizing NNI: done in 2.86102e-06 secs using 104.9% CPU
Optimizing NNI: done in 9.53674e-07 secs using 104.9% CPU
Optimizing NNI: done in 0 secs
Optimizing NNI: done in 0 secs
Optimizing NNI: done in 9.53674e-07 secs
Iteration 80 / LogL: -1551.774 / Time: 0h:0m:0s (0h:0m:0s left)
Optimizing NNI: done in 1.19209e-06 secs using 83.89% CPU
Optimizing NNI: done in 9.53674e-07 secs using 104.9% CPU
Optimizing NNI: done in 9.53674e-07 secs using 104.9% CPU
Optimizing NNI: done in 9.53674e-07 secs using 104.9% CPU
Optimizing NNI: done in 1.19209e-06 secs
Optimizing NNI: done in 0 secs
Optimizing NNI: done in 6.91414e-06 secs using 101.2% CPU
Optimizing NNI: done in 1.90735e-06 secs
Optimizing NNI: done in 9.53674e-07 secs using 104.9% CPU
Optimizing NNI: done in 1.90735e-06 secs using 52.43% CPU
Iteration 90 / LogL: -1551.774 / Time: 0h:0m:0s (0h:0m:0s left)
Optimizing NNI: done in 3.09944e-06 secs using 64.53% CPU
Optimizing NNI: done in 0 secs
Optimizing NNI: done in 1.90735e-06 secs using 52.43% CPU
Optimizing NNI: done in 0 secs
Optimizing NNI: done in 9.53674e-07 secs
Optimizing NNI: done in 9.53674e-07 secs using 104.9% CPU
Optimizing NNI: done in 1.19209e-06 secs
Optimizing NNI: done in 9.53674e-07 secs using 104.9% CPU
Optimizing NNI: done in 0 secs
Optimizing NNI: done in 9.53674e-07 secs using 104.9% CPU
Iteration 100 / LogL: -1551.774 / Time: 0h:0m:0s (0h:0m:0s left)
Optimizing NNI: done in 1.90735e-06 secs using 52.43% CPU
TREE SEARCH COMPLETED AFTER 101 ITERATIONS / Time: 0h:0m:0s

--------------------------------------------------------------------
|                    FINALIZING TREE SEARCH                        |
--------------------------------------------------------------------
Performs final model parameters optimization
Estimate model parameters (epsilon = 0.010)
1. Initial log-likelihood: -1551.774
Optimal log-likelihood: -1551.774
Proportion of invariable sites: 0.102
Parameters optimization took 1 rounds (0.000 sec)
BEST SCORE FOUND : -1551.774
Total tree length: 2.821

Total number of iterations: 101
CPU time used for tree search: 0.017 sec (0h:0m:0s)
Wall-clock time used for tree search: 0.027 sec (0h:0m:0s)
Total CPU time used: 0.040 sec (0h:0m:0s)
Total wall-clock time used: 0.084 sec (0h:0m:0s)

Analysis results written to: 
  IQ-TREE report:                ./orthofinder/Results_Jul04/WorkingDirectory/Alignments_ids/OG0000276.iqtree
  Maximum-likelihood tree:       ./orthofinder/Results_Jul04/WorkingDirectory/Alignments_ids/OG0000276.treefile
  Likelihood distances:          ./orthofinder/Results_Jul04/WorkingDirectory/Alignments_ids/OG0000276.mldist
  Screen log file:               ./orthofinder/Results_Jul04/WorkingDirectory/Alignments_ids/OG0000276.log

Date and Time: Thu Jul  4 10:41:56 2024
