IQ-TREE multicore version 2.2.0.5 COVID-edition for Linux 64-bit built Sep 26 2022
Developed by Bui Quang Minh, James Barbetti, Nguyen Lam Tung,
Olga Chernomor, Heiko Schmidt, Dominik Schrempf, Michael Woodhams, Ly Trong Nhan.

Host:    c148 (AVX2, FMA3, 503 GB RAM)
Command: iqtree -s ./orthofinder/Results_Jul04/WorkingDirectory/Alignments_ids/OG0000009.fa -pre ./orthofinder/Results_Jul04/WorkingDirectory/Alignments_ids/OG0000009
Seed:    675565 (Using SPRNG - Scalable Parallel Random Number Generator)
Time:    Thu Jul  4 10:36:04 2024
Kernel:  AVX+FMA - 1 threads (24 CPU cores detected)

HINT: Use -nt option to specify number of threads because your CPU has 24 cores!
HINT: -nt AUTO will automatically determine the best number of threads to use.

Reading alignment file ./orthofinder/Results_Jul04/WorkingDirectory/Alignments_ids/OG0000009.fa ... Fasta format detected
Reading fasta file: done in 0.000440836 secs
Alignment most likely contains protein sequences
Constructing alignment: done in 0.000457048 secs
Alignment has 45 sequences with 547 columns, 536 distinct patterns
344 parsimony-informative, 164 singleton sites, 38 constant sites
        Gap/Ambiguity  Composition  p-value
Analyzing sequences: done in 4.1008e-05 secs using 97.54% CPU
   1  0_112    38.57%    passed     99.76%
   2  1_140    32.36%    failed      0.11%
   3  2_118    56.67%    passed     80.23%
   4  2_119    85.92%    passed     28.80%
   5  3_121    38.57%    passed     99.43%
   6  4_114    38.57%    passed     99.50%
   7  5_84     38.57%    passed     99.60%
   8  6_109    38.57%    passed     99.76%
   9  7_121    21.94%    failed      0.00%
  10  8_152    23.40%    failed      0.00%
  11  9_113    38.57%    passed     99.50%
  12  10_113   21.94%    failed      0.00%
  13  11_110   38.57%    passed     99.50%
  14  12_23    31.99%    failed      0.00%
  15  13_129   11.15%    failed      0.00%
  16  14_74    29.25%    failed      0.00%
  17  15_109   38.57%    passed     99.32%
  18  16_109   38.57%    passed     99.02%
  19  17_113   38.57%    passed     99.60%
  20  18_110   38.57%    passed     99.60%
  21  19_113   38.57%    passed     99.60%
  22  20_110   38.57%    passed     99.76%
  23  21_111   38.57%    passed     99.50%
  24  22_113   38.57%    passed     99.71%
  25  23_58    36.56%    passed     98.30%
  26  24_108   29.98%    failed      0.00%
  27  25_59    36.56%    passed     98.30%
  28  26_35    38.57%    passed     99.50%
  29  27_112   38.57%    passed     99.76%
  30  28_116   38.57%    passed     99.76%
  31  29_114   38.57%    passed     99.83%
  32  30_91    27.79%    failed      4.14%
  33  31_38    36.56%    passed     98.30%
  34  32_84    38.57%    passed     99.50%
  35  33_85    38.57%    passed     99.50%
  36  34_115   38.57%    passed     99.83%
  37  35_7     38.57%    passed     99.83%
  38  36_112   38.57%    passed     99.83%
  39  37_114   38.57%    passed     99.83%
  40  38_75    36.56%    passed     98.30%
  41  39_110   38.57%    passed     99.50%
  42  40_112   38.57%    passed     99.50%
  43  41_114   38.57%    passed     99.50%
  44  42_112   38.57%    passed     99.76%
  45  43_111   38.57%    passed     99.60%
WARNING: 2 sequences contain more than 50% gaps/ambiguity
****  TOTAL    37.24%  9 sequences failed composition chi2 test (p-value<5%; df=19)
NOTE: 20_110 is identical to 0_112 but kept for subsequent analysis
NOTE: 9_113 is identical to 4_114 but kept for subsequent analysis
NOTE: 17_113 is identical to 5_84 but kept for subsequent analysis
NOTE: 25_59 is identical to 23_58 but kept for subsequent analysis
NOTE: 34_115 is identical to 29_114 but kept for subsequent analysis
Checking for duplicate sequences: done in 9.5129e-05 secs using 99.86% CPU
Identifying sites to remove: done in 0.000131845 secs using 100.9% CPU
NOTE: 19 identical sequences (see below) will be ignored for subsequent analysis
NOTE: 27_112 (identical to 0_112) is ignored but added at the end
NOTE: 28_116 (identical to 0_112) is ignored but added at the end
NOTE: 42_112 (identical to 0_112) is ignored but added at the end
NOTE: 11_110 (identical to 4_114) is ignored but added at the end
NOTE: 21_111 (identical to 4_114) is ignored but added at the end
NOTE: 26_35 (identical to 4_114) is ignored but added at the end
NOTE: 32_84 (identical to 4_114) is ignored but added at the end
NOTE: 33_85 (identical to 4_114) is ignored but added at the end
NOTE: 39_110 (identical to 4_114) is ignored but added at the end
NOTE: 40_112 (identical to 4_114) is ignored but added at the end
NOTE: 41_114 (identical to 4_114) is ignored but added at the end
NOTE: 18_110 (identical to 5_84) is ignored but added at the end
NOTE: 19_113 (identical to 5_84) is ignored but added at the end
NOTE: 43_111 (identical to 5_84) is ignored but added at the end
NOTE: 31_38 (identical to 23_58) is ignored but added at the end
NOTE: 38_75 (identical to 23_58) is ignored but added at the end
NOTE: 35_7 (identical to 29_114) is ignored but added at the end
NOTE: 36_112 (identical to 29_114) is ignored but added at the end
NOTE: 37_114 (identical to 29_114) is ignored but added at the end
Alignment was printed to ./orthofinder/Results_Jul04/WorkingDirectory/Alignments_ids/OG0000009.uniqueseq.phy

For your convenience alignment with unique sequences printed to ./orthofinder/Results_Jul04/WorkingDirectory/Alignments_ids/OG0000009.uniqueseq.phy


Create initial parsimony tree by phylogenetic likelihood library (PLL)... 0.002 seconds
Perform fast likelihood tree search using LG+I+G model...
Estimate model parameters (epsilon = 5.000)
Perform nearest neighbor interchange...
Optimizing NNI: done in 0.546707 secs using 48.75% CPU
Estimate model parameters (epsilon = 1.000)
1. Initial log-likelihood: -10461.113
Optimal log-likelihood: -10461.011
Proportion of invariable sites: 0.017
Gamma shape alpha: 2.613
Parameters optimization took 1 rounds (0.109 sec)
Time for fast ML tree search: 0.979 seconds

NOTE: ModelFinder requires 22 MB RAM!
ModelFinder will test up to 1232 protein models (sample size: 547) ...
 No. Model         -LnL         df  AIC          AICc         BIC
  1  LG            10560.400    49  21218.799    21228.658    21429.717
  2  LG+I          10534.728    50  21169.455    21179.738    21384.678
  3  LG+G4         10463.504    50  21027.009    21037.291    21242.231
  4  LG+I+G4       10460.976    51  21023.952    21034.668    21243.479
  5  LG+R2         10457.610    51  21017.220    21027.935    21236.747
  6  LG+R3         10454.885    53  21015.771    21027.381    21243.906
 14  LG+I+R2       10456.583    52  21017.167    21028.325    21240.998
 15  LG+I+R3       10454.766    54  21017.532    21029.605    21249.973
 25  LG+F+G4       10473.361    69  21084.721    21104.973    21381.728
 26  LG+F+I+G4     10469.712    70  21079.423    21100.306    21380.735
 27  LG+F+R2       10468.797    70  21077.593    21098.476    21378.905
 28  LG+F+R3       10465.746    72  21075.493    21097.670    21385.413
 36  LG+F+I+R2     10466.415    71  21074.829    21096.353    21380.445
 47  WAG+G4        10510.996    50  21121.992    21132.274    21337.215
 48  WAG+I+G4      10507.432    51  21116.865    21127.580    21336.392
 49  WAG+R2        10502.679    51  21107.358    21118.073    21326.885
 50  WAG+R3        10501.686    53  21109.372    21120.982    21337.508
 58  WAG+I+R2      10502.039    52  21108.078    21119.236    21331.909
 69  WAG+F+G4      10464.596    69  21067.193    21087.444    21364.200
 70  WAG+F+I+G4    10460.245    70  21060.490    21081.372    21361.801
 71  WAG+F+R2      10458.980    70  21057.961    21078.843    21359.272
 72  WAG+F+R3      10457.158    72  21058.316    21080.493    21368.236
 80  WAG+F+I+R2    10457.441    71  21056.882    21078.406    21362.498
 91  JTT+G4        10551.937    50  21203.873    21214.155    21419.096
 92  JTT+I+G4      10549.816    51  21201.633    21212.348    21421.159
 93  JTT+R2        10541.562    51  21185.124    21195.839    21404.651
 94  JTT+R3        10540.700    53  21187.401    21199.011    21415.537
102  JTT+I+R2      10541.119    52  21186.239    21197.397    21410.070
113  JTT+F+G4      10522.954    69  21183.908    21204.160    21480.915
114  JTT+F+I+G4    10520.023    70  21180.047    21200.929    21481.358
115  JTT+F+R2      10514.006    70  21168.011    21188.894    21469.323
116  JTT+F+R3      10513.326    72  21170.652    21192.830    21480.573
124  JTT+F+I+R2    10512.893    71  21167.786    21189.310    21473.402
WARNING: Normalizing state frequencies so that sum of them equals to 1
135  Q.pfam+G4     10486.761    50  21073.522    21083.804    21288.744
WARNING: Normalizing state frequencies so that sum of them equals to 1
136  Q.pfam+I+G4   10484.140    51  21070.279    21080.994    21289.806
WARNING: Normalizing state frequencies so that sum of them equals to 1
137  Q.pfam+R2     10481.086    51  21064.171    21074.887    21283.698
WARNING: Normalizing state frequencies so that sum of them equals to 1
138  Q.pfam+R3     10478.636    53  21063.271    21074.882    21291.407
WARNING: Normalizing state frequencies so that sum of them equals to 1
146  Q.pfam+I+R2   10479.949    52  21063.898    21075.056    21287.729
WARNING: Normalizing state frequencies so that sum of them equals to 1
157  Q.pfam+F+G4   10470.772    69  21079.545    21099.796    21376.552
WARNING: Normalizing state frequencies so that sum of them equals to 1
158  Q.pfam+F+I+G4 10467.139    70  21074.277    21095.160    21375.589
WARNING: Normalizing state frequencies so that sum of them equals to 1
159  Q.pfam+F+R2   10465.578    70  21071.155    21092.038    21372.467
WARNING: Normalizing state frequencies so that sum of them equals to 1
160  Q.pfam+F+R3   10463.374    72  21070.748    21092.925    21380.668
WARNING: Normalizing state frequencies so that sum of them equals to 1
168  Q.pfam+F+I+R2 10463.330    71  21068.661    21090.185    21374.276
WARNING: Normalizing state frequencies so that sum of them equals to 1
179  Q.bird+G4     10694.281    50  21488.562    21498.844    21703.784
WARNING: Normalizing state frequencies so that sum of them equals to 1
180  Q.bird+I+G4   10691.777    51  21485.553    21496.268    21705.080
WARNING: Normalizing state frequencies so that sum of them equals to 1
181  Q.bird+R2     10687.049    51  21476.098    21486.813    21695.625
WARNING: Normalizing state frequencies so that sum of them equals to 1
182  Q.bird+R3     10682.460    53  21470.921    21482.531    21699.057
WARNING: Normalizing state frequencies so that sum of them equals to 1
190  Q.bird+I+R2   10685.517    52  21475.033    21486.191    21698.865
WARNING: Normalizing state frequencies so that sum of them equals to 1
201  Q.bird+F+G4   10655.159    69  21448.317    21468.569    21745.324
WARNING: Normalizing state frequencies so that sum of them equals to 1
202  Q.bird+F+I+G4 10652.341    70  21444.681    21465.563    21745.993
WARNING: Normalizing state frequencies so that sum of them equals to 1
203  Q.bird+F+R2   10645.108    70  21430.217    21451.099    21731.528
WARNING: Normalizing state frequencies so that sum of them equals to 1
204  Q.bird+F+R3   10642.338    72  21428.675    21450.853    21738.596
WARNING: Normalizing state frequencies so that sum of them equals to 1
212  Q.bird+F+I+R2 10643.485    71  21428.971    21450.495    21734.586
WARNING: Normalizing state frequencies so that sum of them equals to 1
223  Q.mammal+G4   10671.338    50  21442.677    21452.959    21657.899
WARNING: Normalizing state frequencies so that sum of them equals to 1
224  Q.mammal+I+G4 10667.787    51  21437.574    21448.290    21657.101
WARNING: Normalizing state frequencies so that sum of them equals to 1
225  Q.mammal+R2   10664.427    51  21430.854    21441.569    21650.381
WARNING: Normalizing state frequencies so that sum of them equals to 1
226  Q.mammal+R3   10661.073    53  21428.145    21439.756    21656.281
WARNING: Normalizing state frequencies so that sum of them equals to 1
234  Q.mammal+I+R2 10662.263    52  21428.525    21439.683    21652.357
WARNING: Normalizing state frequencies so that sum of them equals to 1
245  Q.mammal+F+G4 10612.956    69  21363.912    21384.164    21660.919
WARNING: Normalizing state frequencies so that sum of them equals to 1
246  Q.mammal+F+I+G4 10608.690    70  21357.379    21378.261    21658.691
WARNING: Normalizing state frequencies so that sum of them equals to 1
247  Q.mammal+F+R2 10604.008    70  21348.016    21368.898    21649.327
WARNING: Normalizing state frequencies so that sum of them equals to 1
248  Q.mammal+F+R3 10601.935    72  21347.870    21370.047    21657.790
WARNING: Normalizing state frequencies so that sum of them equals to 1
256  Q.mammal+F+I+R2 10601.421    71  21344.842    21366.366    21650.458
267  Q.insect+G4   10493.081    50  21086.162    21096.444    21301.384
268  Q.insect+I+G4 10489.637    51  21081.274    21091.989    21300.801
269  Q.insect+R2   10485.982    51  21073.964    21084.679    21293.491
270  Q.insect+R3   10483.847    53  21073.695    21085.306    21301.831
278  Q.insect+I+R2 10483.822    52  21071.643    21082.801    21295.475
289  Q.insect+F+G4 10537.744    69  21213.488    21233.739    21510.495
290  Q.insect+F+I+G4 10532.400    70  21204.800    21225.683    21506.112
291  Q.insect+F+R2 10532.724    70  21205.448    21226.331    21506.760
292  Q.insect+F+R3 10529.290    72  21202.580    21224.758    21512.501
300  Q.insect+F+I+R2 10528.309    71  21198.619    21220.143    21504.235
WARNING: Normalizing state frequencies so that sum of them equals to 1
311  Q.plant+G4    10574.488    50  21248.975    21259.258    21464.198
WARNING: Normalizing state frequencies so that sum of them equals to 1
312  Q.plant+I+G4  10572.356    51  21246.711    21257.426    21466.238
WARNING: Normalizing state frequencies so that sum of them equals to 1
313  Q.plant+R2    10571.106    51  21244.212    21254.928    21463.739
WARNING: Normalizing state frequencies so that sum of them equals to 1
314  Q.plant+R3    10564.139    53  21234.278    21245.888    21462.413
WARNING: Normalizing state frequencies so that sum of them equals to 1
322  Q.plant+I+R2  10569.346    52  21242.693    21253.850    21466.524
WARNING: Normalizing state frequencies so that sum of them equals to 1
333  Q.plant+F+G4  10570.873    69  21279.746    21299.998    21576.753
WARNING: Normalizing state frequencies so that sum of them equals to 1
334  Q.plant+F+I+G4 10567.341    70  21274.681    21295.564    21575.993
WARNING: Normalizing state frequencies so that sum of them equals to 1
335  Q.plant+F+R2  10568.122    70  21276.243    21297.126    21577.555
WARNING: Normalizing state frequencies so that sum of them equals to 1
336  Q.plant+F+R3  10560.689    72  21265.377    21287.554    21575.297
WARNING: Normalizing state frequencies so that sum of them equals to 1
344  Q.plant+F+I+R2 10564.572    71  21271.143    21292.668    21576.759
WARNING: Normalizing state frequencies so that sum of them equals to 1
355  Q.yeast+G4    10488.903    50  21077.806    21088.088    21293.028
WARNING: Normalizing state frequencies so that sum of them equals to 1
356  Q.yeast+I+G4  10487.153    51  21076.305    21087.021    21295.832
WARNING: Normalizing state frequencies so that sum of them equals to 1
357  Q.yeast+R2    10481.019    51  21064.039    21074.754    21283.566
WARNING: Normalizing state frequencies so that sum of them equals to 1
358  Q.yeast+R3    10478.411    53  21062.821    21074.432    21290.957
WARNING: Normalizing state frequencies so that sum of them equals to 1
366  Q.yeast+I+R2  10480.316    52  21064.631    21075.789    21288.463
WARNING: Normalizing state frequencies so that sum of them equals to 1
377  Q.yeast+F+G4  10511.997    69  21161.993    21182.245    21459.000
WARNING: Normalizing state frequencies so that sum of them equals to 1
378  Q.yeast+F+I+G4 10508.823    70  21157.647    21178.529    21458.958
WARNING: Normalizing state frequencies so that sum of them equals to 1
379  Q.yeast+F+R2  10506.310    70  21152.620    21173.503    21453.932
WARNING: Normalizing state frequencies so that sum of them equals to 1
380  Q.yeast+F+R3  10503.473    72  21150.946    21173.123    21460.866
WARNING: Normalizing state frequencies so that sum of them equals to 1
388  Q.yeast+F+I+R2 10504.361    71  21150.723    21172.247    21456.339
399  JTTDCMut+G4   10552.809    50  21205.619    21215.901    21420.841
400  JTTDCMut+I+G4 10550.741    51  21203.481    21214.196    21423.008
401  JTTDCMut+R2   10542.632    51  21187.265    21197.980    21406.792
402  JTTDCMut+R3   10541.824    53  21189.648    21201.259    21417.784
410  JTTDCMut+I+R2 10542.179    52  21188.357    21199.515    21412.189
421  JTTDCMut+F+G4 10524.131    69  21186.261    21206.513    21483.268
422  JTTDCMut+F+I+G4 10521.200    70  21182.400    21203.282    21483.711
423  JTTDCMut+F+R2 10515.315    70  21170.630    21191.512    21471.941
424  JTTDCMut+F+R3 10514.697    72  21173.394    21195.572    21483.315
432  JTTDCMut+F+I+R2 10514.126    71  21170.252    21191.776    21475.867
443  DCMut+G4      10648.153    50  21396.307    21406.589    21611.529
444  DCMut+I+G4    10645.814    51  21393.628    21404.343    21613.155
445  DCMut+R2      10646.974    51  21395.948    21406.664    21615.475
446  DCMut+R3      10643.354    53  21392.708    21404.319    21620.844
454  DCMut+I+R2    10644.886    52  21393.773    21404.931    21617.604
465  DCMut+F+G4    10549.525    69  21237.051    21257.302    21534.058
466  DCMut+F+I+G4  10546.675    70  21233.349    21254.232    21534.661
467  DCMut+F+R2    10548.687    70  21237.375    21258.257    21538.686
468  DCMut+F+R3    10545.759    72  21235.519    21257.696    21545.439
476  DCMut+F+I+R2  10545.892    71  21233.784    21255.308    21539.400
487  VT+G4         10479.194    50  21058.388    21068.670    21273.610
488  VT+I+G4       10475.526    51  21053.051    21063.767    21272.578
489  VT+R2         10467.295    51  21036.591    21047.306    21256.117
490  VT+R3         10467.265    53  21040.530    21052.140    21268.666
498  VT+I+R2       10467.133    52  21038.265    21049.423    21262.096
509  VT+F+G4       10467.796    69  21073.592    21093.843    21370.599
510  VT+F+I+G4     10463.381    70  21066.761    21087.644    21368.073
511  VT+F+R2       10458.313    70  21056.625    21077.507    21357.936
512  VT+F+R3       10457.978    72  21059.956    21082.133    21369.876
520  VT+F+I+R2     10457.640    71  21057.279    21078.803    21362.895
531  PMB+G4        10522.678    50  21145.357    21155.639    21360.579
532  PMB+I+G4      10516.425    51  21134.850    21145.565    21354.377
533  PMB+R2        10509.894    51  21121.787    21132.502    21341.314
534  PMB+R3        10510.719    53  21127.438    21139.048    21355.574
542  PMB+I+R2      10509.494    52  21122.987    21134.145    21346.818
553  PMB+F+G4      10488.124    69  21114.248    21134.500    21411.255
554  PMB+F+I+G4    10481.907    70  21103.814    21124.696    21405.125
555  PMB+F+R2      10478.224    70  21096.449    21117.331    21397.760
556  PMB+F+R3      10478.197    72  21100.393    21122.570    21410.313
564  PMB+F+I+R2    10477.347    71  21096.694    21118.218    21402.310
575  Blosum62+G4   10494.911    50  21089.822    21100.105    21305.045
576  Blosum62+I+G4 10488.819    51  21079.637    21090.352    21299.164
577  Blosum62+R2   10482.535    51  21067.070    21077.785    21286.597
578  Blosum62+R3   10483.372    53  21072.745    21084.355    21300.880
586  Blosum62+I+R2 10481.942    52  21067.884    21079.042    21291.716
597  Blosum62+F+G4 10487.504    69  21113.008    21133.260    21410.015
598  Blosum62+F+I+G4 10481.124    70  21102.248    21123.131    21403.560
599  Blosum62+F+R2 10477.679    70  21095.357    21116.240    21396.669
600  Blosum62+F+R3 10477.547    72  21099.094    21121.272    21409.015
608  Blosum62+F+I+R2 10476.673    71  21095.346    21116.871    21400.962
619  Dayhoff+G4    10648.312    50  21396.624    21406.906    21611.846
620  Dayhoff+I+G4  10645.956    51  21393.912    21404.627    21613.438
621  Dayhoff+R2    10647.159    51  21396.317    21407.032    21615.844
622  Dayhoff+R3    10643.524    53  21393.049    21404.659    21621.185
630  Dayhoff+I+R2  10645.068    52  21394.137    21405.295    21617.968
641  Dayhoff+F+G4  10549.604    69  21237.207    21257.459    21534.214
642  Dayhoff+F+I+G4 10546.763    70  21233.525    21254.408    21534.837
643  Dayhoff+F+R2  10548.779    70  21237.558    21258.441    21538.870
644  Dayhoff+F+R3  10545.837    72  21235.675    21257.852    21545.595
652  Dayhoff+F+I+R2 10545.987    71  21233.973    21255.497    21539.589
663  mtREV+G4      11059.713    50  22219.425    22229.708    22434.648
664  mtREV+I+G4    11057.242    51  22216.484    22227.199    22436.011
665  mtREV+R2      11056.263    51  22214.525    22225.241    22434.052
666  mtREV+R3      11049.048    53  22204.096    22215.706    22432.232
674  mtREV+I+R2    11054.091    52  22212.181    22223.339    22436.012
685  mtREV+F+G4    10603.899    69  21345.798    21366.050    21642.805
686  mtREV+F+I+G4  10602.201    70  21344.401    21365.284    21645.713
687  mtREV+F+R2    10604.765    70  21349.530    21370.412    21650.841
688  mtREV+F+R3    10599.012    72  21342.025    21364.202    21651.945
696  mtREV+F+I+R2  10602.282    71  21346.565    21368.089    21652.181
707  mtART+G4      11167.880    50  22435.759    22446.041    22650.981
708  mtART+I+G4    11163.708    51  22429.416    22440.131    22648.943
709  mtART+R2      11171.837    51  22445.675    22456.390    22665.201
710  mtART+R3      11155.819    53  22417.639    22429.249    22645.775
718  mtART+I+R2    11162.833    52  22429.665    22440.823    22653.496
729  mtART+F+G4    10674.552    69  21487.105    21507.356    21784.112
730  mtART+F+I+G4  10672.331    70  21484.661    21505.544    21785.973
731  mtART+F+R2    10686.233    70  21512.466    21533.349    21813.778
732  mtART+F+R3    10671.513    72  21487.026    21509.203    21796.946
740  mtART+F+I+R2  10680.914    71  21503.828    21525.352    21809.444
751  mtZOA+G4      11001.797    50  22103.593    22113.876    22318.816
752  mtZOA+I+G4    10999.754    51  22101.508    22112.223    22321.035
753  mtZOA+R2      10995.605    51  22093.209    22103.925    22312.736
754  mtZOA+R3      10986.776    53  22079.553    22091.163    22307.689
762  mtZOA+I+R2    10992.387    52  22088.773    22099.931    22312.604
773  mtZOA+F+G4    10592.464    69  21322.928    21343.179    21619.935
774  mtZOA+F+I+G4  10591.348    70  21322.697    21343.579    21624.008
775  mtZOA+F+R2    10597.375    70  21334.749    21355.632    21636.061
776  mtZOA+F+R3    10586.602    72  21317.205    21339.382    21627.125
784  mtZOA+F+I+R2  10594.938    71  21331.875    21353.400    21637.491
795  mtMet+G4      11000.526    50  22101.052    22111.334    22316.275
796  mtMet+I+G4    10997.708    51  22097.416    22108.131    22316.943
797  mtMet+R2      10984.658    51  22071.317    22082.032    22290.844
798  mtMet+R3      10982.470    53  22070.939    22082.550    22299.075
806  mtMet+I+R2    10982.794    52  22069.589    22080.747    22293.420
817  mtMet+F+G4    10595.116    69  21328.231    21348.483    21625.238
818  mtMet+F+I+G4  10592.804    70  21325.608    21346.490    21626.919
819  mtMet+F+R2    10593.133    70  21326.266    21347.148    21627.577
820  mtMet+F+R3    10588.197    72  21320.395    21342.572    21630.315
828  mtMet+F+I+R2  10591.251    71  21324.502    21346.027    21630.118
839  mtVer+G4      11144.630    50  22389.260    22399.542    22604.482
840  mtVer+I+G4    11141.429    51  22384.858    22395.573    22604.384
841  mtVer+R2      11133.794    51  22369.587    22380.303    22589.114
842  mtVer+R3      11122.638    53  22351.276    22362.886    22579.412
850  mtVer+I+R2    11130.119    52  22364.238    22375.396    22588.069
861  mtVer+F+G4    10693.123    69  21524.246    21544.498    21821.253
862  mtVer+F+I+G4  10688.439    70  21516.877    21537.759    21818.189
863  mtVer+F+R2    10692.070    70  21524.141    21545.023    21825.452
864  mtVer+F+R3    10682.553    72  21509.107    21531.284    21819.027
872  mtVer+F+I+R2  10687.290    71  21516.580    21538.105    21822.196
883  mtInv+G4      11064.028    50  22228.056    22238.338    22443.278
884  mtInv+I+G4    11060.147    51  22222.294    22233.009    22441.821
885  mtInv+R2      11047.574    51  22197.147    22207.863    22416.674
886  mtInv+R3      11047.064    53  22200.129    22211.739    22428.265
894  mtInv+I+R2    11045.489    52  22194.977    22206.135    22418.808
905  mtInv+F+G4    10548.468    69  21234.937    21255.188    21531.944
906  mtInv+F+I+G4  10545.884    70  21231.768    21252.651    21533.080
907  mtInv+F+R2    10546.999    70  21233.998    21254.880    21535.309
908  mtInv+F+R3    10542.191    72  21228.382    21250.560    21538.303
916  mtInv+F+I+R2  10544.662    71  21231.324    21252.849    21536.940
927  mtMAM+G4      11195.472    50  22490.944    22501.226    22706.166
928  mtMAM+I+G4    11191.526    51  22485.051    22495.767    22704.578
929  mtMAM+R2      11206.960    51  22515.920    22526.635    22735.447
930  mtMAM+R3      11181.577    53  22469.154    22480.764    22697.289
938  mtMAM+I+R2    11197.991    52  22499.982    22511.140    22723.813
949  mtMAM+F+G4    10757.272    69  21652.543    21672.795    21949.550
950  mtMAM+F+I+G4  10751.985    70  21643.970    21664.852    21945.281
951  mtMAM+F+R2    10768.220    70  21676.440    21697.323    21977.752
952  mtMAM+F+R3    10749.222    72  21642.443    21664.620    21952.364
960  mtMAM+F+I+R2  10758.590    71  21659.180    21680.704    21964.796
WARNING: Normalizing state frequencies so that sum of them equals to 1
971  FLAVI+G4      10857.264    50  21814.528    21824.811    22029.751
WARNING: Normalizing state frequencies so that sum of them equals to 1
972  FLAVI+I+G4    10854.966    51  21811.931    21822.646    22031.458
WARNING: Normalizing state frequencies so that sum of them equals to 1
973  FLAVI+R2      10858.936    51  21819.871    21830.586    22039.398
WARNING: Normalizing state frequencies so that sum of them equals to 1
974  FLAVI+R3      10843.046    53  21792.093    21803.703    22020.228
WARNING: Normalizing state frequencies so that sum of them equals to 1
982  FLAVI+I+R2    10856.241    52  21816.482    21827.640    22040.313
WARNING: Normalizing state frequencies so that sum of them equals to 1
993  FLAVI+F+G4    10750.075    69  21638.149    21658.401    21935.156
WARNING: Normalizing state frequencies so that sum of them equals to 1
994  FLAVI+F+I+G4  10745.267    70  21630.534    21651.416    21931.845
WARNING: Normalizing state frequencies so that sum of them equals to 1
995  FLAVI+F+R2    10751.835    70  21643.669    21664.552    21944.981
WARNING: Normalizing state frequencies so that sum of them equals to 1
996  FLAVI+F+R3    10738.520    72  21621.040    21643.218    21930.961
WARNING: Normalizing state frequencies so that sum of them equals to 1
1004  FLAVI+F+I+R2  10745.659    71  21633.319    21654.843    21938.935
1015  HIVb+G4       10688.553    50  21477.106    21487.388    21692.328
1016  HIVb+I+G4     10685.512    51  21473.025    21483.740    21692.552
1017  HIVb+R2       10682.802    51  21467.604    21478.319    21687.131
1018  HIVb+R3       10671.602    53  21449.203    21460.814    21677.339
1026  HIVb+I+R2     10681.012    52  21466.023    21477.181    21689.855
1037  HIVb+F+G4     10637.497    69  21412.994    21433.246    21710.001
1038  HIVb+F+I+G4   10632.961    70  21405.923    21426.805    21707.234
1039  HIVb+F+R2     10630.403    70  21400.806    21421.689    21702.118
1040  HIVb+F+R3     10622.465    72  21388.931    21411.108    21698.851
1048  HIVb+F+I+R2   10626.583    71  21395.166    21416.690    21700.782
1059  HIVw+G4       10945.758    50  21991.516    22001.799    22206.739
1060  HIVw+I+G4     10943.858    51  21989.715    22000.430    22209.242
1061  HIVw+R2       10948.048    51  21998.096    22008.811    22217.623
1062  HIVw+R3       10933.967    53  21973.934    21985.545    22202.070
1070  HIVw+I+R2     10945.844    52  21995.688    22006.846    22219.519
1081  HIVw+F+G4     10776.861    69  21691.723    21711.975    21988.730
1082  HIVw+F+I+G4   10771.840    70  21683.680    21704.562    21984.991
1083  HIVw+F+R2     10774.118    70  21688.237    21709.119    21989.548
1084  HIVw+F+R3     10764.356    72  21672.712    21694.890    21982.633
1092  HIVw+F+I+R2   10769.632    71  21681.265    21702.789    21986.881
1103  FLU+G4        10648.947    50  21397.893    21408.175    21613.115
1104  FLU+I+G4      10646.834    51  21395.668    21406.383    21615.195
1105  FLU+R2        10640.690    51  21383.381    21394.096    21602.908
1106  FLU+R3        10635.939    53  21377.878    21389.489    21606.014
1114  FLU+I+R2      10639.908    52  21383.816    21394.974    21607.648
1125  FLU+F+G4      10607.834    69  21353.668    21373.920    21650.675
1126  FLU+F+I+G4    10604.509    70  21349.017    21369.900    21650.329
1127  FLU+F+R2      10600.368    70  21340.737    21361.619    21642.048
1128  FLU+F+R3      10596.344    72  21336.689    21358.866    21646.609
1136  FLU+F+I+R2    10598.592    71  21339.185    21360.709    21644.800
1147  rtREV+G4      10564.282    50  21228.565    21238.847    21443.787
1148  rtREV+I+G4    10561.002    51  21224.005    21234.720    21443.532
1149  rtREV+R2      10556.613    51  21215.226    21225.941    21434.753
1150  rtREV+R3      10554.003    53  21214.006    21225.616    21442.142
1158  rtREV+I+R2    10555.947    52  21215.895    21227.052    21439.726
1169  rtREV+F+G4    10498.780    69  21135.559    21155.811    21432.566
1170  rtREV+F+I+G4  10494.088    70  21128.177    21149.059    21429.488
1171  rtREV+F+R2    10496.780    70  21133.560    21154.442    21434.871
1172  rtREV+F+R3    10491.334    72  21126.669    21148.846    21436.589
1180  rtREV+F+I+R2  10492.981    71  21127.962    21149.487    21433.578
1191  cpREV+G4      10557.152    50  21214.305    21224.587    21429.527
1192  cpREV+I+G4    10554.974    51  21211.949    21222.664    21431.476
1193  cpREV+R2      10552.091    51  21206.181    21216.896    21425.708
1194  cpREV+R3      10549.995    53  21205.990    21217.600    21434.125
1202  cpREV+I+R2    10551.640    52  21207.280    21218.438    21431.111
1213  cpREV+F+G4    10490.021    69  21118.042    21138.294    21415.049
1214  cpREV+F+I+G4  10487.679    70  21115.357    21136.239    21416.668
1215  cpREV+F+R2    10487.763    70  21115.525    21136.407    21416.837
1216  cpREV+F+R3    10485.094    72  21114.187    21136.364    21424.107
1224  cpREV+F+I+R2  10486.148    71  21114.297    21135.821    21419.913
Akaike Information Criterion:           LG+R3
Corrected Akaike Information Criterion: LG+R3
Bayesian Information Criterion:         LG+R2
Best-fit model: LG+R2 chosen according to BIC

All model information printed to ./orthofinder/Results_Jul04/WorkingDirectory/Alignments_ids/OG0000009.model.gz
CPU time for ModelFinder: 94.799 seconds (0h:1m:34s)
Wall-clock time for ModelFinder: 121.624 seconds (0h:2m:1s)

NOTE: 4 MB RAM (0 GB) is required!
Estimate model parameters (epsilon = 0.100)
1. Initial log-likelihood: -10457.610
Optimal log-likelihood: -10457.578
Site proportion and rates:  (0.258,0.307) (0.742,1.241)
Parameters optimization took 1 rounds (0.044 sec)
Wrote distance file to... 
Computing ML distances based on estimated model parameters...
Calculating distance matrix: done in 0.018079 secs using 99.99% CPU
Computing ML distances took 0.018135 sec (of wall-clock time) 0.018135 sec (of CPU time)
WARNING: Some pairwise ML distances are too long (saturated)
Setting up auxiliary I and S matrices: done in 5.60284e-05 secs using 99.95% CPU
Constructing RapidNJ tree: done in 7.70092e-05 secs using 138.9% CPU
Computing RapidNJ tree took 0.000189 sec (of wall-clock time) 0.000216 sec (of CPU time)
Log-likelihood of RapidNJ tree: -10488.378
--------------------------------------------------------------------
|             INITIALIZING CANDIDATE TREE SET                      |
--------------------------------------------------------------------
Generating 98 parsimony trees... 0.181 second
Computing log-likelihood of 98 initial trees ... 0.742 seconds
Current best score: -10457.578

Do NNI search on 20 best initial trees
Optimizing NNI: done in 0.036993 secs using 100% CPU
Estimate model parameters (epsilon = 0.100)
BETTER TREE FOUND at iteration 1: -10457.562
Optimizing NNI: done in 0.170507 secs using 100% CPU
BETTER TREE FOUND at iteration 2: -10457.562
Optimizing NNI: done in 0.169893 secs using 100% CPU
UPDATE BEST LOG-LIKELIHOOD: -10457.562
Optimizing NNI: done in 0.186147 secs using 99.99% CPU
Optimizing NNI: done in 0.186971 secs using 99.99% CPU
Optimizing NNI: done in 0.202718 secs using 100% CPU
BETTER TREE FOUND at iteration 6: -10457.561
Optimizing NNI: done in 0.19578 secs using 100% CPU
BETTER TREE FOUND at iteration 7: -10457.561
Optimizing NNI: done in 0.196683 secs using 100% CPU
Optimizing NNI: done in 0.219092 secs using 100% CPU
Optimizing NNI: done in 0.153131 secs using 99.99% CPU
Iteration 10 / LogL: -10457.562 / Time: 0h:0m:2s
Optimizing NNI: done in 0.176688 secs using 100% CPU
Optimizing NNI: done in 0.142932 secs using 100% CPU
Optimizing NNI: done in 0.142902 secs using 100% CPU
Optimizing NNI: done in 0.160634 secs using 100% CPU
Optimizing NNI: done in 0.207683 secs using 100% CPU
Optimizing NNI: done in 0.130345 secs using 99.99% CPU
Optimizing NNI: done in 0.216615 secs using 100% CPU
UPDATE BEST LOG-LIKELIHOOD: -10457.561
Optimizing NNI: done in 0.216655 secs using 100% CPU
Optimizing NNI: done in 0.2174 secs using 100% CPU
UPDATE BEST LOG-LIKELIHOOD: -10457.561
Optimizing NNI: done in 0.190266 secs using 100% CPU
Iteration 20 / LogL: -10457.561 / Time: 0h:0m:4s
Finish initializing candidate tree set (5)
Current best tree score: -10457.561 / CPU time: 4.524
Number of iterations: 20
--------------------------------------------------------------------
|               OPTIMIZING CANDIDATE TREE SET                      |
--------------------------------------------------------------------
Optimizing NNI: done in 0.16666 secs using 99.99% CPU
Optimizing NNI: done in 0.142084 secs using 100% CPU
Optimizing NNI: done in 0.177014 secs using 100% CPU
Optimizing NNI: done in 0.18909 secs using 100% CPU
Optimizing NNI: done in 0.184133 secs using 100% CPU
Optimizing NNI: done in 0.144096 secs using 100% CPU
Optimizing NNI: done in 0.249594 secs using 99.99% CPU
Optimizing NNI: done in 0.151525 secs using 100% CPU
Optimizing NNI: done in 0.161812 secs using 100% CPU
Optimizing NNI: done in 0.157149 secs using 100% CPU
Iteration 30 / LogL: -10457.562 / Time: 0h:0m:6s (0h:0m:16s left)
Optimizing NNI: done in 0.21297 secs using 100% CPU
Optimizing NNI: done in 0.162201 secs using 99.99% CPU
Optimizing NNI: done in 0.159444 secs using 100% CPU
Optimizing NNI: done in 0.16619 secs using 100% CPU
Optimizing NNI: done in 0.186401 secs using 100% CPU
Optimizing NNI: done in 0.24467 secs using 100% CPU
Optimizing NNI: done in 0.195225 secs using 100% CPU
Optimizing NNI: done in 0.252091 secs using 100% CPU
Optimizing NNI: done in 0.276326 secs using 100% CPU
Optimizing NNI: done in 0.182092 secs using 100% CPU
Iteration 40 / LogL: -10457.570 / Time: 0h:0m:8s (0h:0m:14s left)
Optimizing NNI: done in 0.240215 secs using 100% CPU
Optimizing NNI: done in 0.140852 secs using 100% CPU
Optimizing NNI: done in 0.182414 secs using 100% CPU
Optimizing NNI: done in 0.174175 secs using 100% CPU
Optimizing NNI: done in 0.162735 secs using 100% CPU
Optimizing NNI: done in 0.196931 secs using 100% CPU
Optimizing NNI: done in 0.156985 secs using 100% CPU
Optimizing NNI: done in 0.160593 secs using 100% CPU
Optimizing NNI: done in 0.170431 secs using 100% CPU
Optimizing NNI: done in 0.18059 secs using 100% CPU
Iteration 50 / LogL: -10457.564 / Time: 0h:0m:10s (0h:0m:11s left)
Optimizing NNI: done in 0.12657 secs using 100% CPU
Optimizing NNI: done in 0.143352 secs using 100% CPU
Optimizing NNI: done in 0.221156 secs using 100% CPU
Optimizing NNI: done in 0.158312 secs using 100% CPU
Optimizing NNI: done in 0.265343 secs using 100% CPU
Optimizing NNI: done in 0.140845 secs using 100% CPU
Optimizing NNI: done in 0.14242 secs using 100% CPU
Optimizing NNI: done in 0.100894 secs using 100% CPU
Optimizing NNI: done in 0.188422 secs using 100% CPU
Optimizing NNI: done in 0.153657 secs using 99.98% CPU
Iteration 60 / LogL: -10457.562 / Time: 0h:0m:11s (0h:0m:9s left)
Optimizing NNI: done in 0.145944 secs using 100% CPU
Optimizing NNI: done in 0.145607 secs using 99.99% CPU
Optimizing NNI: done in 0.166869 secs using 100% CPU
Optimizing NNI: done in 0.217541 secs using 100% CPU
Optimizing NNI: done in 0.245888 secs using 100% CPU
Optimizing NNI: done in 0.14917 secs using 100% CPU
Optimizing NNI: done in 0.16597 secs using 100% CPU
Optimizing NNI: done in 0.166787 secs using 100% CPU
Optimizing NNI: done in 0.154909 secs using 100% CPU
Optimizing NNI: done in 0.1345 secs using 100% CPU
Iteration 70 / LogL: -10457.561 / Time: 0h:0m:13s (0h:0m:7s left)
Optimizing NNI: done in 0.123115 secs using 99.97% CPU
Optimizing NNI: done in 0.163639 secs using 100% CPU
Optimizing NNI: done in 0.278294 secs using 100% CPU
Optimizing NNI: done in 0.2275 secs using 100% CPU
Optimizing NNI: done in 0.172952 secs using 100% CPU
Optimizing NNI: done in 0.158591 secs using 99.99% CPU
Optimizing NNI: done in 0.165401 secs using 100% CPU
Optimizing NNI: done in 0.25362 secs using 100% CPU
Optimizing NNI: done in 0.21568 secs using 100% CPU
Optimizing NNI: done in 0.148437 secs using 100% CPU
Iteration 80 / LogL: -10457.598 / Time: 0h:0m:15s (0h:0m:5s left)
Optimizing NNI: done in 0.094748 secs using 100% CPU
Optimizing NNI: done in 0.122317 secs using 100% CPU
Optimizing NNI: done in 0.210766 secs using 100% CPU
Optimizing NNI: done in 0.129658 secs using 100% CPU
Optimizing NNI: done in 0.232879 secs using 100% CPU
Optimizing NNI: done in 0.191242 secs using 100% CPU
Optimizing NNI: done in 0.2159 secs using 100% CPU
Optimizing NNI: done in 0.217676 secs using 99.99% CPU
Optimizing NNI: done in 0.187931 secs using 100% CPU
Optimizing NNI: done in 0.159522 secs using 100% CPU
Iteration 90 / LogL: -10457.576 / Time: 0h:0m:17s (0h:0m:3s left)
Optimizing NNI: done in 0.242426 secs using 100% CPU
Optimizing NNI: done in 0.172543 secs using 100% CPU
Optimizing NNI: done in 0.132554 secs using 100% CPU
Optimizing NNI: done in 0.171166 secs using 100% CPU
Optimizing NNI: done in 0.211373 secs using 100% CPU
Optimizing NNI: done in 0.131582 secs using 100% CPU
Optimizing NNI: done in 0.192848 secs using 100% CPU
Optimizing NNI: done in 0.218421 secs using 99.99% CPU
Optimizing NNI: done in 0.159226 secs using 100% CPU
Optimizing NNI: done in 0.14411 secs using 100% CPU
Iteration 100 / LogL: -10466.687 / Time: 0h:0m:19s (0h:0m:1s left)
Optimizing NNI: done in 0.190188 secs using 100% CPU
Optimizing NNI: done in 0.1627 secs using 100% CPU
Optimizing NNI: done in 0.162723 secs using 100% CPU
Optimizing NNI: done in 0.150852 secs using 100% CPU
Optimizing NNI: done in 0.166678 secs using 100% CPU
Optimizing NNI: done in 0.174183 secs using 100% CPU
Optimizing NNI: done in 0.184732 secs using 100% CPU
Optimizing NNI: done in 0.244579 secs using 100% CPU
TREE SEARCH COMPLETED AFTER 108 ITERATIONS / Time: 0h:0m:20s

--------------------------------------------------------------------
|                    FINALIZING TREE SEARCH                        |
--------------------------------------------------------------------
Performs final model parameters optimization
Estimate model parameters (epsilon = 0.010)
1. Initial log-likelihood: -10457.561
Optimal log-likelihood: -10457.555
Site proportion and rates:  (0.253,0.304) (0.747,1.236)
Parameters optimization took 1 rounds (0.040 sec)
BEST SCORE FOUND : -10457.555
Total tree length: 12.735

Total number of iterations: 108
CPU time used for tree search: 20.601 sec (0h:0m:20s)
Wall-clock time used for tree search: 20.446 sec (0h:0m:20s)
Total CPU time used: 20.795 sec (0h:0m:20s)
Total wall-clock time used: 20.600 sec (0h:0m:20s)

Analysis results written to: 
  IQ-TREE report:                ./orthofinder/Results_Jul04/WorkingDirectory/Alignments_ids/OG0000009.iqtree
  Maximum-likelihood tree:       ./orthofinder/Results_Jul04/WorkingDirectory/Alignments_ids/OG0000009.treefile
  Likelihood distances:          ./orthofinder/Results_Jul04/WorkingDirectory/Alignments_ids/OG0000009.mldist
  Screen log file:               ./orthofinder/Results_Jul04/WorkingDirectory/Alignments_ids/OG0000009.log

Date and Time: Thu Jul  4 10:38:26 2024
