IQ-TREE multicore version 2.2.0.5 COVID-edition for Linux 64-bit built Sep 26 2022
Developed by Bui Quang Minh, James Barbetti, Nguyen Lam Tung,
Olga Chernomor, Heiko Schmidt, Dominik Schrempf, Michael Woodhams, Ly Trong Nhan.

Host:    c148 (AVX2, FMA3, 503 GB RAM)
Command: iqtree -s ./orthofinder/Results_Jul04/WorkingDirectory/Alignments_ids/OG0000144.fa -pre ./orthofinder/Results_Jul04/WorkingDirectory/Alignments_ids/OG0000144
Seed:    398909 (Using SPRNG - Scalable Parallel Random Number Generator)
Time:    Thu Jul  4 10:41:21 2024
Kernel:  AVX+FMA - 1 threads (24 CPU cores detected)

HINT: Use -nt option to specify number of threads because your CPU has 24 cores!
HINT: -nt AUTO will automatically determine the best number of threads to use.

Reading alignment file ./orthofinder/Results_Jul04/WorkingDirectory/Alignments_ids/OG0000144.fa ... Fasta format detected
Reading fasta file: done in 9.48906e-05 secs using 99.06% CPU
Alignment most likely contains protein sequences
Constructing alignment: done in 0.000134945 secs using 100% CPU
Alignment has 9 sequences with 334 columns, 258 distinct patterns
205 parsimony-informative, 36 singleton sites, 92 constant sites
        Gap/Ambiguity  Composition  p-value
Analyzing sequences: done in 5.96046e-06 secs using 100.7% CPU
   1  23_65     5.69%    passed     99.23%
   2  23_120    3.29%    passed     99.58%
   3  24_21    14.37%    passed     71.43%
   4  25_66     5.69%    passed     99.23%
   5  25_121    3.29%    passed     99.58%
   6  31_45     5.69%    passed     99.23%
   7  31_102    3.29%    passed     99.58%
   8  38_14     3.29%    passed     99.58%
   9  38_69     5.69%    passed     99.23%
****  TOTAL     5.59%  0 sequences failed composition chi2 test (p-value<5%; df=19)
NOTE: 25_66 is identical to 23_65 but kept for subsequent analysis
NOTE: 25_121 is identical to 23_120 but kept for subsequent analysis
Checking for duplicate sequences: done in 1.50204e-05 secs using 99.86% CPU
Identifying sites to remove: done in 4.91142e-05 secs using 99.77% CPU
NOTE: 4 identical sequences (see below) will be ignored for subsequent analysis
NOTE: 31_45 (identical to 23_65) is ignored but added at the end
NOTE: 38_69 (identical to 23_65) is ignored but added at the end
NOTE: 31_102 (identical to 23_120) is ignored but added at the end
NOTE: 38_14 (identical to 23_120) is ignored but added at the end
Alignment was printed to ./orthofinder/Results_Jul04/WorkingDirectory/Alignments_ids/OG0000144.uniqueseq.phy

For your convenience alignment with unique sequences printed to ./orthofinder/Results_Jul04/WorkingDirectory/Alignments_ids/OG0000144.uniqueseq.phy


Create initial parsimony tree by phylogenetic likelihood library (PLL)... 0.000 seconds
Perform fast likelihood tree search using LG+I+G model...
Estimate model parameters (epsilon = 5.000)
Perform nearest neighbor interchange...
Optimizing NNI: done in 0.00225902 secs using 99.96% CPU
Estimate model parameters (epsilon = 1.000)
1. Initial log-likelihood: -2295.548
Optimal log-likelihood: -2295.258
Proportion of invariable sites: 0.110
Gamma shape alpha: 2.885
Parameters optimization took 1 rounds (0.029 sec)
Time for fast ML tree search: 0.064 seconds

NOTE: ModelFinder requires 2 MB RAM!
ModelFinder will test up to 1232 protein models (sample size: 334) ...
 No. Model         -LnL         df  AIC          AICc         BIC
  1  LG            2309.848     7   4633.697     4634.040     4660.375
  2  LG+I          2297.378     8   4610.755     4611.198     4641.244
  3  LG+G4         2294.961     8   4605.922     4606.365     4636.411
  4  LG+I+G4       2295.087     9   4608.174     4608.730     4642.475
  5  LG+R2         2295.026     9   4608.052     4608.607     4642.352
  6  LG+R3         2294.905     11  4611.810     4612.630     4653.733
 14  LG+I+R2       2294.778     10  4609.557     4610.238     4647.668
 15  LG+I+R3       2294.793     12  4613.586     4614.558     4659.320
 24  LG+F+I        2262.802     27  4579.604     4584.545     4682.505
 25  LG+F+G4       2260.256     27  4574.512     4579.454     4677.413
 26  LG+F+I+G4     2260.376     28  4576.751     4582.076     4683.463
 27  LG+F+R2       2260.361     28  4576.723     4582.047     4683.435
 46  WAG+I         2303.293     8   4622.586     4623.029     4653.075
 47  WAG+G4        2303.946     8   4623.892     4624.335     4654.381
 48  WAG+I+G4      2303.153     9   4624.305     4624.861     4658.605
 49  WAG+R2        2303.903     9   4625.805     4626.361     4660.106
 68  WAG+F+I       2263.935     27  4581.871     4586.812     4684.771
 69  WAG+F+G4      2264.530     27  4583.060     4588.002     4685.961
 70  WAG+F+I+G4    2263.686     28  4583.373     4588.697     4690.084
 71  WAG+F+R2      2264.547     28  4585.095     4590.419     4691.806
 90  JTT+I         2304.100     8   4624.200     4624.643     4654.689
 91  JTT+G4        2303.414     8   4622.827     4623.270     4653.316
 92  JTT+I+G4      2303.076     9   4624.152     4624.707     4658.452
 93  JTT+R2        2303.484     9   4624.969     4625.524     4659.269
112  JTT+F+I       2266.352     27  4586.704     4591.645     4689.605
113  JTT+F+G4      2265.646     27  4585.292     4590.233     4688.193
114  JTT+F+I+G4    2265.160     28  4586.320     4591.644     4693.032
115  JTT+F+R2      2265.766     28  4587.533     4592.857     4694.245
WARNING: Normalizing state frequencies so that sum of them equals to 1
134  Q.pfam+I      2305.174     8   4626.349     4626.792     4656.838
WARNING: Normalizing state frequencies so that sum of them equals to 1
135  Q.pfam+G4     2303.425     8   4622.849     4623.292     4653.338
WARNING: Normalizing state frequencies so that sum of them equals to 1
136  Q.pfam+I+G4   2303.456     9   4624.912     4625.467     4659.212
WARNING: Normalizing state frequencies so that sum of them equals to 1
137  Q.pfam+R2     2303.479     9   4624.958     4625.513     4659.258
WARNING: Normalizing state frequencies so that sum of them equals to 1
156  Q.pfam+F+I    2262.961     27  4579.922     4584.863     4682.823
WARNING: Normalizing state frequencies so that sum of them equals to 1
157  Q.pfam+F+G4   2261.319     27  4576.638     4581.579     4679.539
WARNING: Normalizing state frequencies so that sum of them equals to 1
158  Q.pfam+F+I+G4 2261.206     28  4578.412     4583.737     4685.124
WARNING: Normalizing state frequencies so that sum of them equals to 1
159  Q.pfam+F+R2   2261.397     28  4578.794     4584.118     4685.506
WARNING: Normalizing state frequencies so that sum of them equals to 1
178  Q.bird+I      2330.712     8   4677.424     4677.867     4707.914
WARNING: Normalizing state frequencies so that sum of them equals to 1
179  Q.bird+G4     2325.582     8   4667.163     4667.606     4697.652
WARNING: Normalizing state frequencies so that sum of them equals to 1
180  Q.bird+I+G4   2325.412     9   4668.824     4669.379     4703.124
WARNING: Normalizing state frequencies so that sum of them equals to 1
181  Q.bird+R2     2325.738     9   4669.476     4670.031     4703.776
WARNING: Normalizing state frequencies so that sum of them equals to 1
200  Q.bird+F+I    2283.203     27  4620.407     4625.348     4723.307
WARNING: Normalizing state frequencies so that sum of them equals to 1
201  Q.bird+F+G4   2277.823     27  4609.646     4614.588     4712.547
WARNING: Normalizing state frequencies so that sum of them equals to 1
202  Q.bird+F+I+G4 2277.123     28  4610.247     4615.571     4716.959
WARNING: Normalizing state frequencies so that sum of them equals to 1
203  Q.bird+F+R2   2277.835     28  4611.669     4616.994     4718.381
WARNING: Normalizing state frequencies so that sum of them equals to 1
222  Q.mammal+I    2331.242     8   4678.484     4678.927     4708.973
WARNING: Normalizing state frequencies so that sum of them equals to 1
223  Q.mammal+G4   2328.143     8   4672.286     4672.729     4702.775
WARNING: Normalizing state frequencies so that sum of them equals to 1
224  Q.mammal+I+G4 2327.933     9   4673.867     4674.422     4708.167
WARNING: Normalizing state frequencies so that sum of them equals to 1
225  Q.mammal+R2   2328.219     9   4674.438     4674.993     4708.738
WARNING: Normalizing state frequencies so that sum of them equals to 1
244  Q.mammal+F+I  2278.116     27  4610.232     4615.173     4713.132
WARNING: Normalizing state frequencies so that sum of them equals to 1
245  Q.mammal+F+G4 2275.102     27  4604.203     4609.145     4707.104
WARNING: Normalizing state frequencies so that sum of them equals to 1
246  Q.mammal+F+I+G4 2274.360     28  4604.720     4610.044     4711.432
WARNING: Normalizing state frequencies so that sum of them equals to 1
247  Q.mammal+F+R2 2275.106     28  4606.211     4611.536     4712.923
266  Q.insect+I    2295.844     8   4607.689     4608.132     4638.178
267  Q.insect+G4   2293.430     8   4602.861     4603.304     4633.350
268  Q.insect+I+G4 2293.309     9   4604.618     4605.174     4638.919
269  Q.insect+R2   2293.467     9   4604.934     4605.490     4639.234
288  Q.insect+F+I  2266.615     27  4587.230     4592.171     4690.131
289  Q.insect+F+G4 2264.752     27  4583.503     4588.444     4686.404
290  Q.insect+F+I+G4 2264.467     28  4584.935     4590.260     4691.647
291  Q.insect+F+R2 2264.853     28  4585.705     4591.030     4692.417
WARNING: Normalizing state frequencies so that sum of them equals to 1
310  Q.plant+I     2307.883     8   4631.767     4632.210     4662.256
WARNING: Normalizing state frequencies so that sum of them equals to 1
311  Q.plant+G4    2302.967     8   4621.934     4622.377     4652.423
WARNING: Normalizing state frequencies so that sum of them equals to 1
312  Q.plant+I+G4  2302.899     9   4623.797     4624.353     4658.098
WARNING: Normalizing state frequencies so that sum of them equals to 1
313  Q.plant+R2    2303.005     9   4624.010     4624.566     4658.311
WARNING: Normalizing state frequencies so that sum of them equals to 1
332  Q.plant+F+I   2271.698     27  4597.395     4602.336     4700.296
WARNING: Normalizing state frequencies so that sum of them equals to 1
333  Q.plant+F+G4  2267.245     27  4588.491     4593.432     4691.391
WARNING: Normalizing state frequencies so that sum of them equals to 1
334  Q.plant+F+I+G4 2267.005     28  4590.010     4595.334     4696.721
WARNING: Normalizing state frequencies so that sum of them equals to 1
335  Q.plant+F+R2  2267.244     28  4590.488     4595.813     4697.200
WARNING: Normalizing state frequencies so that sum of them equals to 1
354  Q.yeast+I     2296.283     8   4608.565     4609.008     4639.054
WARNING: Normalizing state frequencies so that sum of them equals to 1
355  Q.yeast+G4    2292.503     8   4601.007     4601.450     4631.496
WARNING: Normalizing state frequencies so that sum of them equals to 1
356  Q.yeast+I+G4  2292.806     9   4603.613     4604.169     4637.913
WARNING: Normalizing state frequencies so that sum of them equals to 1
357  Q.yeast+R2    2292.512     9   4603.023     4603.579     4637.324
WARNING: Normalizing state frequencies so that sum of them equals to 1
376  Q.yeast+F+I   2265.724     27  4585.447     4590.389     4688.348
WARNING: Normalizing state frequencies so that sum of them equals to 1
377  Q.yeast+F+G4  2262.536     27  4579.072     4584.013     4681.973
WARNING: Normalizing state frequencies so that sum of them equals to 1
378  Q.yeast+F+I+G4 2262.705     28  4581.410     4586.734     4688.122
WARNING: Normalizing state frequencies so that sum of them equals to 1
379  Q.yeast+F+R2  2262.520     28  4581.039     4586.364     4687.751
398  JTTDCMut+I    2304.865     8   4625.731     4626.174     4656.220
399  JTTDCMut+G4   2304.125     8   4624.249     4624.692     4654.738
400  JTTDCMut+I+G4 2303.806     9   4625.613     4626.168     4659.913
401  JTTDCMut+R2   2304.210     9   4626.421     4626.976     4660.721
420  JTTDCMut+F+I  2267.018     27  4588.037     4592.978     4690.938
421  JTTDCMut+F+G4 2266.161     27  4586.322     4591.264     4689.223
422  JTTDCMut+F+I+G4 2265.724     28  4587.449     4592.773     4694.161
423  JTTDCMut+F+R2 2266.322     28  4588.643     4593.968     4695.355
442  DCMut+I       2329.664     8   4675.328     4675.771     4705.817
443  DCMut+G4      2327.401     8   4670.801     4671.244     4701.290
444  DCMut+I+G4    2327.586     9   4673.173     4673.728     4707.473
445  DCMut+R2      2327.899     9   4673.797     4674.353     4708.097
464  DCMut+F+I     2274.857     27  4603.715     4608.656     4706.616
465  DCMut+F+G4    2272.839     27  4599.678     4604.619     4702.579
466  DCMut+F+I+G4  2272.792     28  4601.585     4606.909     4708.297
467  DCMut+F+R2    2273.418     28  4602.837     4608.161     4709.549
486  VT+I          2298.281     8   4612.561     4613.005     4643.051
487  VT+G4         2299.531     8   4615.061     4615.504     4645.550
488  VT+I+G4       2298.291     9   4614.581     4615.137     4648.881
489  VT+R2         2299.410     9   4616.820     4617.376     4651.120
508  VT+F+I        2264.174     27  4582.348     4587.290     4685.249
509  VT+F+G4       2265.549     27  4585.099     4590.040     4687.999
510  VT+F+I+G4     2264.185     28  4584.370     4589.695     4691.082
511  VT+F+R2       2265.450     28  4586.899     4592.224     4693.611
530  PMB+I         2316.065     8   4648.130     4648.573     4678.619
531  PMB+G4        2317.327     8   4650.654     4651.097     4681.143
532  PMB+I+G4      2316.072     9   4650.143     4650.699     4684.444
533  PMB+R2        2317.202     9   4652.403     4652.959     4686.703
552  PMB+F+I       2276.028     27  4606.056     4610.997     4708.957
553  PMB+F+G4      2277.203     27  4608.405     4613.346     4711.306
554  PMB+F+I+G4    2276.030     28  4608.060     4613.385     4714.772
555  PMB+F+R2      2277.103     28  4610.206     4615.531     4716.918
574  Blosum62+I    2304.256     8   4624.511     4624.954     4655.000
575  Blosum62+G4   2305.509     8   4627.018     4627.461     4657.507
576  Blosum62+I+G4 2304.257     9   4626.513     4627.069     4660.814
577  Blosum62+R2   2305.352     9   4628.704     4629.260     4663.004
596  Blosum62+F+I  2274.495     27  4602.990     4607.932     4705.891
597  Blosum62+F+G4 2275.661     27  4605.321     4610.262     4708.222
598  Blosum62+F+I+G4 2274.501     28  4605.002     4610.327     4711.714
599  Blosum62+F+R2 2275.541     28  4607.082     4612.407     4713.794
618  Dayhoff+I     2329.711     8   4675.423     4675.866     4705.912
619  Dayhoff+G4    2327.403     8   4670.805     4671.248     4701.294
620  Dayhoff+I+G4  2327.575     9   4673.151     4673.706     4707.451
621  Dayhoff+R2    2327.895     9   4673.790     4674.345     4708.090
640  Dayhoff+F+I   2274.897     27  4603.794     4608.735     4706.695
641  Dayhoff+F+G4  2272.817     27  4599.634     4604.576     4702.535
642  Dayhoff+F+I+G4 2272.782     28  4601.565     4606.889     4708.277
643  Dayhoff+F+R2  2273.422     28  4602.844     4608.169     4709.556
662  mtREV+I       2409.031     8   4834.062     4834.505     4864.551
663  mtREV+G4      2403.735     8   4823.470     4823.913     4853.959
664  mtREV+I+G4    2402.938     9   4823.875     4824.431     4858.176
665  mtREV+R2      2404.062     9   4826.124     4826.680     4860.424
684  mtREV+F+I     2274.407     27  4602.814     4607.755     4705.714
685  mtREV+F+G4    2270.696     27  4595.393     4600.334     4698.293
686  mtREV+F+I+G4  2269.707     28  4595.414     4600.739     4702.126
687  mtREV+F+R2    2271.474     28  4598.949     4604.273     4705.661
706  mtART+I       2427.636     8   4871.272     4871.715     4901.761
707  mtART+G4      2409.434     8   4834.868     4835.311     4865.357
708  mtART+I+G4    2409.193     9   4836.385     4836.941     4870.686
709  mtART+R2      2416.334     9   4850.668     4851.224     4884.969
728  mtART+F+I     2299.686     27  4653.373     4658.314     4756.274
729  mtART+F+G4    2283.662     27  4621.325     4626.266     4724.225
730  mtART+F+I+G4  2283.634     28  4623.268     4628.593     4729.980
731  mtART+F+R2    2288.724     28  4633.447     4638.772     4740.159
750  mtZOA+I       2406.797     8   4829.593     4830.037     4860.083
751  mtZOA+G4      2394.123     8   4804.246     4804.689     4834.735
752  mtZOA+I+G4    2393.843     9   4805.687     4806.242     4839.987
753  mtZOA+R2      2395.901     9   4809.802     4810.357     4844.102
772  mtZOA+F+I     2282.419     27  4618.838     4623.779     4721.739
773  mtZOA+F+G4    2272.620     27  4599.240     4604.182     4702.141
774  mtZOA+F+I+G4  2272.513     28  4601.026     4606.350     4707.738
775  mtZOA+F+R2    2273.943     28  4603.886     4609.210     4710.598
794  mtMet+I       2386.539     8   4789.077     4789.520     4819.566
795  mtMet+G4      2380.741     8   4777.481     4777.924     4807.971
796  mtMet+I+G4    2379.982     9   4777.964     4778.519     4812.264
797  mtMet+R2      2380.318     9   4778.635     4779.191     4812.935
816  mtMet+F+I     2275.183     27  4604.366     4609.307     4707.267
817  mtMet+F+G4    2270.333     27  4594.665     4599.607     4697.566
818  mtMet+F+I+G4  2269.702     28  4595.405     4600.730     4702.117
819  mtMet+F+R2    2270.649     28  4597.299     4602.623     4704.011
838  mtVer+I       2417.739     8   4851.478     4851.921     4881.967
839  mtVer+G4      2410.763     8   4837.526     4837.969     4868.015
840  mtVer+I+G4    2409.466     9   4836.931     4837.487     4871.232
841  mtVer+R2      2411.970     9   4841.940     4842.495     4876.240
860  mtVer+F+I     2282.088     27  4618.176     4623.117     4721.076
861  mtVer+F+G4    2274.847     27  4603.694     4608.635     4706.595
862  mtVer+F+I+G4  2273.922     28  4603.844     4609.169     4710.556
863  mtVer+F+R2    2276.870     28  4609.741     4615.065     4716.453
882  mtInv+I       2403.738     8   4823.477     4823.920     4853.966
883  mtInv+G4      2399.656     8   4815.312     4815.755     4845.801
884  mtInv+I+G4    2399.208     9   4816.416     4816.972     4850.716
885  mtInv+R2      2399.025     9   4816.050     4816.605     4850.350
904  mtInv+F+I     2270.942     27  4595.883     4600.824     4698.784
905  mtInv+F+G4    2267.971     27  4589.943     4594.884     4692.844
906  mtInv+F+I+G4  2267.580     28  4591.160     4596.485     4697.872
907  mtInv+F+R2    2268.214     28  4592.428     4597.753     4699.140
926  mtMAM+I       2424.283     8   4864.566     4865.009     4895.056
927  mtMAM+G4      2411.044     8   4838.088     4838.531     4868.578
928  mtMAM+I+G4    2409.681     9   4837.363     4837.918     4871.663
929  mtMAM+R2      2418.433     9   4854.867     4855.422     4889.167
948  mtMAM+F+I     2289.200     27  4632.400     4637.341     4735.301
949  mtMAM+F+G4    2277.854     27  4609.708     4614.649     4712.608
950  mtMAM+F+I+G4  2276.587     28  4609.174     4614.499     4715.886
951  mtMAM+F+R2    2283.472     28  4622.945     4628.270     4729.657
WARNING: Normalizing state frequencies so that sum of them equals to 1
970  FLAVI+I       2350.368     8   4716.736     4717.179     4747.225
WARNING: Normalizing state frequencies so that sum of them equals to 1
971  FLAVI+G4      2342.908     8   4701.817     4702.260     4732.306
WARNING: Normalizing state frequencies so that sum of them equals to 1
972  FLAVI+I+G4    2341.859     9   4701.718     4702.274     4736.019
WARNING: Normalizing state frequencies so that sum of them equals to 1
973  FLAVI+R2      2345.843     9   4709.687     4710.242     4743.987
WARNING: Normalizing state frequencies so that sum of them equals to 1
992  FLAVI+F+I     2293.134     27  4640.269     4645.210     4743.170
WARNING: Normalizing state frequencies so that sum of them equals to 1
993  FLAVI+F+G4    2284.349     27  4622.698     4627.639     4725.599
WARNING: Normalizing state frequencies so that sum of them equals to 1
994  FLAVI+F+I+G4  2283.705     28  4623.410     4628.735     4730.122
WARNING: Normalizing state frequencies so that sum of them equals to 1
995  FLAVI+F+R2    2287.501     28  4631.003     4636.327     4737.715
1014  HIVb+I        2336.521     8   4689.041     4689.485     4719.531
1015  HIVb+G4       2332.697     8   4681.395     4681.838     4711.884
1016  HIVb+I+G4     2332.318     9   4682.637     4683.192     4716.937
1017  HIVb+R2       2332.860     9   4683.720     4684.275     4718.020
1036  HIVb+F+I      2282.619     27  4619.237     4624.178     4722.138
1037  HIVb+F+G4     2277.178     27  4608.356     4613.297     4711.257
1038  HIVb+F+I+G4   2277.146     28  4610.292     4615.616     4717.004
1039  HIVb+F+R2     2277.504     28  4611.008     4616.333     4717.720
1058  HIVw+I        2363.425     8   4742.850     4743.293     4773.339
1059  HIVw+G4       2354.105     8   4724.209     4724.652     4754.698
1060  HIVw+I+G4     2354.351     9   4726.701     4727.257     4761.002
1061  HIVw+R2       2357.778     9   4733.556     4734.111     4767.856
1080  HIVw+F+I      2307.046     27  4668.092     4673.034     4770.993
1081  HIVw+F+G4     2296.034     27  4646.068     4651.010     4748.969
1082  HIVw+F+I+G4   2296.555     28  4649.110     4654.435     4755.822
1083  HIVw+F+R2     2298.838     28  4653.677     4659.001     4760.389
1102  FLU+I         2317.134     8   4650.267     4650.710     4680.756
1103  FLU+G4        2313.121     8   4642.241     4642.684     4672.730
1104  FLU+I+G4      2313.000     9   4643.999     4644.555     4678.300
1105  FLU+R2        2314.992     9   4647.985     4648.540     4682.285
1124  FLU+F+I       2286.888     27  4627.777     4632.718     4730.677
1125  FLU+F+G4      2281.273     27  4616.546     4621.487     4719.446
1126  FLU+F+I+G4    2281.300     28  4618.600     4623.925     4725.312
1127  FLU+F+R2      2283.224     28  4622.448     4627.772     4729.160
1146  rtREV+I       2324.735     8   4665.470     4665.913     4695.960
1147  rtREV+G4      2324.368     8   4664.736     4665.180     4695.226
1148  rtREV+I+G4    2323.728     9   4665.457     4666.012     4699.757
1149  rtREV+R2      2324.179     9   4666.357     4666.913     4700.657
1168  rtREV+F+I     2267.326     27  4588.653     4593.594     4691.554
1169  rtREV+F+G4    2266.122     27  4586.244     4591.185     4689.145
1170  rtREV+F+I+G4  2265.729     28  4587.458     4592.782     4694.170
1171  rtREV+F+R2    2266.016     28  4588.032     4593.357     4694.744
1190  cpREV+I       2315.591     8   4647.182     4647.625     4677.671
1191  cpREV+G4      2316.724     8   4649.448     4649.891     4679.937
1192  cpREV+I+G4    2315.244     9   4648.487     4649.043     4682.788
1193  cpREV+R2      2316.738     9   4651.476     4652.032     4685.777
1212  cpREV+F+I     2267.811     27  4589.621     4594.562     4692.522
1213  cpREV+F+G4    2267.956     27  4589.911     4594.852     4692.812
1214  cpREV+F+I+G4  2266.995     28  4589.991     4595.315     4696.703
1215  cpREV+F+R2    2268.272     28  4592.545     4597.869     4699.257
Akaike Information Criterion:           LG+F+G4
Corrected Akaike Information Criterion: LG+F+G4
Bayesian Information Criterion:         Q.yeast+G4
Best-fit model: Q.yeast+G4 chosen according to BIC

All model information printed to ./orthofinder/Results_Jul04/WorkingDirectory/Alignments_ids/OG0000144.model.gz
CPU time for ModelFinder: 2.517 seconds (0h:0m:2s)
Wall-clock time for ModelFinder: 9.687 seconds (0h:0m:9s)
WARNING: Normalizing state frequencies so that sum of them equals to 1

NOTE: 0 MB RAM (0 GB) is required!
Estimate model parameters (epsilon = 0.100)
1. Initial log-likelihood: -2292.503
Optimal log-likelihood: -2292.502
Gamma shape alpha: 1.197
Parameters optimization took 1 rounds (0.003 sec)
Wrote distance file to... 
Computing ML distances based on estimated model parameters...
Calculating distance matrix: done in 0.000750065 secs using 99.32% CPU
Computing ML distances took 0.000773 sec (of wall-clock time) 0.000768 sec (of CPU time)
Setting up auxiliary I and S matrices: done in 6.98566e-05 secs using 200.4% CPU
Constructing RapidNJ tree: done in 4.69685e-05 secs using 191.6% CPU
Computing RapidNJ tree took 0.000726 sec (of wall-clock time) 0.001156 sec (of CPU time)
Log-likelihood of RapidNJ tree: -2292.503
--------------------------------------------------------------------
|             INITIALIZING CANDIDATE TREE SET                      |
--------------------------------------------------------------------
Generating 99 parsimony trees... 0.009 second
Computing log-likelihood of 4 initial trees ... 0.028 seconds
Current best score: -2292.502

Do NNI search on 5 best initial trees
Optimizing NNI: done in 0.00241494 secs using 99.96% CPU
Optimizing NNI: done in 0.021559 secs using 82.13% CPU
Optimizing NNI: done in 0.00554299 secs using 199.7% CPU
Optimizing NNI: done in 0.0256288 secs using 71.31% CPU
Optimizing NNI: done in 0.0305951 secs using 59.82% CPU
Finish initializing candidate tree set (5)
Current best tree score: -2292.502 / CPU time: 0.145
Number of iterations: 5
--------------------------------------------------------------------
|               OPTIMIZING CANDIDATE TREE SET                      |
--------------------------------------------------------------------
Optimizing NNI: done in 0.00876021 secs using 142.2% CPU
Optimizing NNI: done in 0.00546908 secs using 99.98% CPU
Optimizing NNI: done in 0.00536513 secs using 99.66% CPU
Optimizing NNI: done in 0.0246859 secs using 36.08% CPU
Optimizing NNI: done in 0.00539613 secs using 100% CPU
UPDATE BEST LOG-LIKELIHOOD: -2292.502
Iteration 10 / LogL: -2292.502 / Time: 0h:0m:0s
Optimizing NNI: done in 0.00557399 secs using 99.98% CPU
Optimizing NNI: done in 0.012938 secs using 70.13% CPU
Optimizing NNI: done in 0.00913882 secs using 100% CPU
Optimizing NNI: done in 0.0193758 secs using 27.78% CPU
Optimizing NNI: done in 0.0084281 secs using 100% CPU
Optimizing NNI: done in 0.025244 secs using 33.89% CPU
Optimizing NNI: done in 0.0251548 secs using 36.33% CPU
Optimizing NNI: done in 0.0151598 secs using 37.33% CPU
Optimizing NNI: done in 0.00872302 secs using 100% CPU
Optimizing NNI: done in 0.0214181 secs using 25.88% CPU
Iteration 20 / LogL: -2294.480 / Time: 0h:0m:0s
Optimizing NNI: done in 0.0247471 secs using 35.85% CPU
Optimizing NNI: done in 0.0054419 secs using 100% CPU
UPDATE BEST LOG-LIKELIHOOD: -2292.502
Optimizing NNI: done in 0.00541615 secs using 41.69% CPU
Optimizing NNI: done in 0.00532913 secs using 100% CPU
UPDATE BEST LOG-LIKELIHOOD: -2292.502
Optimizing NNI: done in 0.00535989 secs using 100% CPU
Optimizing NNI: done in 0.00857782 secs using 99.98% CPU
Optimizing NNI: done in 0.0251529 secs using 36.37% CPU
Optimizing NNI: done in 0.0225599 secs using 37.58% CPU
Optimizing NNI: done in 0.0054481 secs using 100% CPU
UPDATE BEST LOG-LIKELIHOOD: -2292.502
Optimizing NNI: done in 0.00539207 secs using 99.98% CPU
Iteration 30 / LogL: -2294.480 / Time: 0h:0m:0s (0h:0m:1s left)
Optimizing NNI: done in 0.00868797 secs using 100% CPU
Optimizing NNI: done in 0.0254359 secs using 35.84% CPU
Optimizing NNI: done in 0.00529504 secs using 100% CPU
UPDATE BEST LOG-LIKELIHOOD: -2292.502
Optimizing NNI: done in 0.00530005 secs using 99.98% CPU
UPDATE BEST LOG-LIKELIHOOD: -2292.502
Optimizing NNI: done in 0.00554895 secs using 99.59% CPU
Optimizing NNI: done in 0.00528598 secs using 100% CPU
Optimizing NNI: done in 0.0246539 secs using 35.11% CPU
Optimizing NNI: done in 0.00855398 secs using 99.99% CPU
Optimizing NNI: done in 0.021394 secs using 25.21% CPU
Optimizing NNI: done in 0.00858808 secs using 99.99% CPU
Iteration 40 / LogL: -2292.776 / Time: 0h:0m:0s (0h:0m:1s left)
Optimizing NNI: done in 0.0213718 secs using 25.15% CPU
Optimizing NNI: done in 0.00897408 secs using 95.05% CPU
Optimizing NNI: done in 0.01719 secs using 50.62% CPU
Optimizing NNI: done in 0.00894904 secs using 100% CPU
Optimizing NNI: done in 0.0244961 secs using 34.69% CPU
Optimizing NNI: done in 0.00537896 secs using 100% CPU
Optimizing NNI: done in 0.029094 secs using 31.25% CPU
Optimizing NNI: done in 0.00855398 secs using 100% CPU
Optimizing NNI: done in 0.0250649 secs using 36.17% CPU
Optimizing NNI: done in 0.00861192 secs using 100% CPU
Iteration 50 / LogL: -2294.478 / Time: 0h:0m:0s (0h:0m:0s left)
Optimizing NNI: done in 0.021311 secs using 24.79% CPU
Optimizing NNI: done in 0.0207372 secs using 26.89% CPU
Optimizing NNI: done in 0.00846696 secs using 100% CPU
Optimizing NNI: done in 0.0244071 secs using 34.46% CPU
Optimizing NNI: done in 0.00852203 secs using 100% CPU
Optimizing NNI: done in 0.0154631 secs using 55.55% CPU
Optimizing NNI: done in 0.00553489 secs using 99.98% CPU
Optimizing NNI: done in 0.00870705 secs using 100% CPU
Optimizing NNI: done in 0.026298 secs using 24.57% CPU
Optimizing NNI: done in 0.0328381 secs using 26.93% CPU
Iteration 60 / LogL: -2292.776 / Time: 0h:0m:1s (0h:0m:0s left)
Optimizing NNI: done in 0.04511 secs using 19.93% CPU
Optimizing NNI: done in 0.036953 secs using 24.14% CPU
Optimizing NNI: done in 0.0189481 secs using 29.68% CPU
Optimizing NNI: done in 0.0367022 secs using 23.71% CPU
Optimizing NNI: done in 0.0294509 secs using 18.51% CPU
Optimizing NNI: done in 0.0377591 secs using 23.93% CPU
Optimizing NNI: done in 0.04087 secs using 21.17% CPU
Optimizing NNI: done in 0.026391 secs using 34.55% CPU
Optimizing NNI: done in 0.00536799 secs using 99.96% CPU
Optimizing NNI: done in 0.0344491 secs using 25.05% CPU
Iteration 70 / LogL: -2292.776 / Time: 0h:0m:1s (0h:0m:0s left)
Optimizing NNI: done in 0.00536394 secs using 100% CPU
Optimizing NNI: done in 0.041507 secs using 13.27% CPU
Optimizing NNI: done in 0.00546002 secs using 100% CPU
Optimizing NNI: done in 0.0133052 secs using 39.85% CPU
Optimizing NNI: done in 0.0446811 secs using 20.76% CPU
Optimizing NNI: done in 0.029634 secs using 29.31% CPU
Optimizing NNI: done in 0.024967 secs using 35.92% CPU
Optimizing NNI: done in 0.0166051 secs using 32.73% CPU
Optimizing NNI: done in 0.0246639 secs using 22.98% CPU
Optimizing NNI: done in 0.037307 secs using 23.76% CPU
Iteration 80 / LogL: -2292.778 / Time: 0h:0m:1s (0h:0m:0s left)
Optimizing NNI: done in 0.03651 secs using 15.15% CPU
Optimizing NNI: done in 0.038023 secs using 24.04% CPU
Optimizing NNI: done in 0.0136352 secs using 40.75% CPU
Optimizing NNI: done in 0.052701 secs using 16.64% CPU
Optimizing NNI: done in 0.0299878 secs using 28.88% CPU
Optimizing NNI: done in 0.0413392 secs using 21.3% CPU
Optimizing NNI: done in 0.00531793 secs using 99.98% CPU
Optimizing NNI: done in 0.0648241 secs using 13.61% CPU
Optimizing NNI: done in 0.0302329 secs using 30.35% CPU
Optimizing NNI: done in 0.0460012 secs using 20.05% CPU
Iteration 90 / LogL: -2294.385 / Time: 0h:0m:2s (0h:0m:0s left)
Optimizing NNI: done in 0.0160789 secs using 33.87% CPU
Optimizing NNI: done in 0.0446391 secs using 19.35% CPU
Optimizing NNI: done in 0.00559211 secs using 95.89% CPU
Optimizing NNI: done in 0.0452011 secs using 19.18% CPU
Optimizing NNI: done in 0.0416291 secs using 21.95% CPU
Optimizing NNI: done in 0.037555 secs using 14.79% CPU
Optimizing NNI: done in 0.0411091 secs using 22.16% CPU
Optimizing NNI: done in 0.0407641 secs using 21.51% CPU
Optimizing NNI: done in 0.040463 secs using 20.92% CPU
Optimizing NNI: done in 0.037612 secs using 14.92% CPU
Iteration 100 / LogL: -2292.811 / Time: 0h:0m:2s (0h:0m:0s left)
Optimizing NNI: done in 0.037565 secs using 14.82% CPU
TREE SEARCH COMPLETED AFTER 101 ITERATIONS / Time: 0h:0m:2s

--------------------------------------------------------------------
|                    FINALIZING TREE SEARCH                        |
--------------------------------------------------------------------
Performs final model parameters optimization
Estimate model parameters (epsilon = 0.010)
1. Initial log-likelihood: -2292.502
Optimal log-likelihood: -2292.502
Gamma shape alpha: 1.199
Parameters optimization took 1 rounds (0.002 sec)
BEST SCORE FOUND : -2292.502
Total tree length: 3.419

Total number of iterations: 101
CPU time used for tree search: 0.875 sec (0h:0m:0s)
Wall-clock time used for tree search: 2.361 sec (0h:0m:2s)
Total CPU time used: 0.906 sec (0h:0m:0s)
Total wall-clock time used: 2.426 sec (0h:0m:2s)

Analysis results written to: 
  IQ-TREE report:                ./orthofinder/Results_Jul04/WorkingDirectory/Alignments_ids/OG0000144.iqtree
  Maximum-likelihood tree:       ./orthofinder/Results_Jul04/WorkingDirectory/Alignments_ids/OG0000144.treefile
  Likelihood distances:          ./orthofinder/Results_Jul04/WorkingDirectory/Alignments_ids/OG0000144.mldist
  Screen log file:               ./orthofinder/Results_Jul04/WorkingDirectory/Alignments_ids/OG0000144.log

Date and Time: Thu Jul  4 10:41:33 2024
