IQ-TREE multicore version 2.2.0.5 COVID-edition for Linux 64-bit built Sep 26 2022
Developed by Bui Quang Minh, James Barbetti, Nguyen Lam Tung,
Olga Chernomor, Heiko Schmidt, Dominik Schrempf, Michael Woodhams, Ly Trong Nhan.

Host:    c148 (AVX2, FMA3, 503 GB RAM)
Command: iqtree -s ./orthofinder/Results_Jul04/WorkingDirectory/Alignments_ids/OG0000017.fa -pre ./orthofinder/Results_Jul04/WorkingDirectory/Alignments_ids/OG0000017
Seed:    856246 (Using SPRNG - Scalable Parallel Random Number Generator)
Time:    Thu Jul  4 10:36:03 2024
Kernel:  AVX+FMA - 1 threads (24 CPU cores detected)

HINT: Use -nt option to specify number of threads because your CPU has 24 cores!
HINT: -nt AUTO will automatically determine the best number of threads to use.

Reading alignment file ./orthofinder/Results_Jul04/WorkingDirectory/Alignments_ids/OG0000017.fa ... Fasta format detected
Reading fasta file: done in 0.000221968 secs
Alignment most likely contains protein sequences
Constructing alignment: done in 0.000123024 secs
Alignment has 44 sequences with 226 columns, 211 distinct patterns
125 parsimony-informative, 48 singleton sites, 53 constant sites
        Gap/Ambiguity  Composition  p-value
Analyzing sequences: done in 1.40667e-05 secs
   1  0_87     31.86%    passed    100.00%
   2  1_85     32.74%    passed     72.31%
   3  2_87     31.42%    passed    100.00%
   4  3_93     31.42%    passed    100.00%
   5  4_85     31.42%    passed    100.00%
   6  5_113    40.27%    passed     99.57%
   7  6_82     31.86%    passed     99.96%
   8  7_162    17.26%    failed      0.65%
   9  8_196    15.49%    failed      2.63%
  10  9_85     31.42%    passed    100.00%
  11  10_11    17.70%    failed      0.03%
  12  11_81    31.42%    passed    100.00%
  13  12_8     28.32%    passed      6.45%
  14  13_191   28.76%    failed      0.04%
  15  14_105   20.80%    failed      0.41%
  16  15_82    31.86%    passed     99.96%
  17  16_82    31.86%    passed     99.96%
  18  17_85    31.42%    passed    100.00%
  19  18_82    31.42%    passed    100.00%
  20  19_85    31.42%    passed    100.00%
  21  20_84    31.86%    passed    100.00%
  22  21_83    31.42%    passed    100.00%
  23  22_87    31.86%    passed     99.99%
  24  23_45    35.40%    passed     58.15%
  25  24_96    26.99%    passed     22.89%
  26  25_46    35.40%    passed     58.15%
  27  26_119   31.42%    passed    100.00%
  28  27_88    31.86%    passed    100.00%
  29  28_89    31.86%    passed     99.99%
  30  29_86    31.42%    passed    100.00%
  31  30_93    31.42%    passed     22.45%
  32  31_25    35.40%    passed     58.15%
  33  32_112   31.42%    passed    100.00%
  34  33_113   31.86%    passed     99.97%
  35  34_45    31.42%    passed    100.00%
  36  35_103   31.42%    passed    100.00%
  37  36_84    31.42%    passed    100.00%
  38  37_86    31.42%    passed    100.00%
  39  38_88    35.40%    passed     58.15%
  40  39_82    31.42%    passed    100.00%
  41  40_84    31.42%    passed    100.00%
  42  41_86    31.42%    passed    100.00%
  43  42_86    31.86%    passed     99.99%
  44  43_82    31.42%    passed    100.00%
****  TOTAL    30.64%  5 sequences failed composition chi2 test (p-value<5%; df=19)
NOTE: 20_84 is identical to 0_87 but kept for subsequent analysis
NOTE: 4_85 is identical to 2_87 but kept for subsequent analysis
NOTE: 16_82 is identical to 15_82 but kept for subsequent analysis
NOTE: 18_82 is identical to 17_85 but kept for subsequent analysis
NOTE: 28_89 is identical to 22_87 but kept for subsequent analysis
NOTE: 25_46 is identical to 23_45 but kept for subsequent analysis
Checking for duplicate sequences: done in 5.07832e-05 secs
Identifying sites to remove: done in 7.00951e-05 secs
NOTE: 18 identical sequences (see below) will be ignored for subsequent analysis
NOTE: 27_88 (identical to 0_87) is ignored but added at the end
NOTE: 9_85 (identical to 2_87) is ignored but added at the end
NOTE: 11_81 (identical to 2_87) is ignored but added at the end
NOTE: 21_83 (identical to 2_87) is ignored but added at the end
NOTE: 26_119 (identical to 2_87) is ignored but added at the end
NOTE: 32_112 (identical to 2_87) is ignored but added at the end
NOTE: 39_82 (identical to 2_87) is ignored but added at the end
NOTE: 40_84 (identical to 2_87) is ignored but added at the end
NOTE: 41_86 (identical to 2_87) is ignored but added at the end
NOTE: 19_85 (identical to 17_85) is ignored but added at the end
NOTE: 29_86 (identical to 17_85) is ignored but added at the end
NOTE: 34_45 (identical to 17_85) is ignored but added at the end
NOTE: 35_103 (identical to 17_85) is ignored but added at the end
NOTE: 36_84 (identical to 17_85) is ignored but added at the end
NOTE: 37_86 (identical to 17_85) is ignored but added at the end
NOTE: 42_86 (identical to 22_87) is ignored but added at the end
NOTE: 31_25 (identical to 23_45) is ignored but added at the end
NOTE: 38_88 (identical to 23_45) is ignored but added at the end
Alignment was printed to ./orthofinder/Results_Jul04/WorkingDirectory/Alignments_ids/OG0000017.uniqueseq.phy

For your convenience alignment with unique sequences printed to ./orthofinder/Results_Jul04/WorkingDirectory/Alignments_ids/OG0000017.uniqueseq.phy


Create initial parsimony tree by phylogenetic likelihood library (PLL)... 0.001 seconds
Perform fast likelihood tree search using LG+I+G model...
Estimate model parameters (epsilon = 5.000)
Perform nearest neighbor interchange...
Optimizing NNI: done in 0.336954 secs using 25.5% CPU
Estimate model parameters (epsilon = 1.000)
1. Initial log-likelihood: -3680.387
Optimal log-likelihood: -3680.382
Proportion of invariable sites: 0.117
Gamma shape alpha: 1.715
Parameters optimization took 1 rounds (0.021 sec)
Time for fast ML tree search: 0.615 seconds

NOTE: ModelFinder requires 9 MB RAM!
ModelFinder will test up to 1232 protein models (sample size: 226) ...
 No. Model         -LnL         df  AIC          AICc         BIC
  1  LG            3818.197     49  7734.395     7762.236     7902.001
  2  LG+I          3719.661     50  7539.322     7568.465     7710.348
  3  LG+G4         3688.814     50  7477.628     7506.771     7648.655
  4  LG+I+G4       3680.382     51  7462.764     7493.247     7637.211
  5  LG+R2         3694.129     51  7490.257     7520.740     7664.704
  6  LG+R3         3678.968     53  7463.935     7497.215     7645.224
  7  LG+R4         3674.269     55  7458.538     7494.774     7646.668
 14  LG+I+R2       3678.152     52  7460.305     7492.166     7638.173
 15  LG+I+R3       3674.022     54  7456.043     7490.780     7640.752
 26  LG+F+I+G4     3688.474     70  7516.947     7581.076     7756.385
 28  LG+F+R3       3687.818     72  7519.636     7588.342     7765.914
 29  LG+F+R4       3683.055     74  7514.111     7587.621     7767.231
 36  LG+F+I+R2     3687.230     71  7516.460     7582.850     7759.318
 37  LG+F+I+R3     3682.881     73  7511.761     7582.840     7761.460
 48  WAG+I+G4      3706.762     51  7515.525     7546.007     7689.972
 50  WAG+R3        3703.806     53  7513.612     7546.891     7694.900
 51  WAG+R4        3700.855     55  7511.710     7547.945     7699.840
 58  WAG+I+R2      3702.488     52  7508.977     7540.838     7686.845
 59  WAG+I+R3      3701.682     54  7511.363     7546.100     7696.072
 70  WAG+F+I+G4    3695.106     70  7530.211     7594.340     7769.649
 72  WAG+F+R3      3692.419     72  7528.838     7597.544     7775.117
 73  WAG+F+R4      3689.278     74  7526.557     7600.067     7779.676
 80  WAG+F+I+R2    3691.029     71  7524.058     7590.447     7766.916
 81  WAG+F+I+R3    3690.081     73  7526.161     7597.240     7775.860
 92  JTT+I+G4      3715.988     51  7533.976     7564.458     7708.423
 94  JTT+R3        3713.138     53  7532.277     7565.556     7713.565
 95  JTT+R4        3709.803     55  7529.605     7565.841     7717.735
102  JTT+I+R2      3711.424     52  7526.849     7558.710     7704.717
103  JTT+I+R3      3709.907     54  7527.815     7562.552     7712.524
114  JTT+F+I+G4    3710.022     70  7560.044     7624.173     7799.481
116  JTT+F+R3      3707.832     72  7559.665     7628.371     7805.943
117  JTT+F+R4      3704.300     74  7556.600     7630.110     7809.719
124  JTT+F+I+R2    3706.005     71  7554.010     7620.400     7796.868
125  JTT+F+I+R3    3704.322     73  7554.645     7625.724     7804.344
WARNING: Normalizing state frequencies so that sum of them equals to 1
136  Q.pfam+I+G4   3691.757     51  7485.514     7515.997     7659.961
WARNING: Normalizing state frequencies so that sum of them equals to 1
138  Q.pfam+R3     3689.373     53  7484.745     7518.024     7666.034
WARNING: Normalizing state frequencies so that sum of them equals to 1
139  Q.pfam+R4     3685.481     55  7480.962     7517.197     7669.091
WARNING: Normalizing state frequencies so that sum of them equals to 1
146  Q.pfam+I+R2   3687.601     52  7479.203     7511.064     7657.071
WARNING: Normalizing state frequencies so that sum of them equals to 1
147  Q.pfam+I+R3   3685.810     54  7479.621     7514.357     7664.329
WARNING: Normalizing state frequencies so that sum of them equals to 1
158  Q.pfam+F+I+G4 3692.870     70  7525.739     7589.868     7765.177
WARNING: Normalizing state frequencies so that sum of them equals to 1
160  Q.pfam+F+R3   3691.354     72  7526.707     7595.413     7772.986
WARNING: Normalizing state frequencies so that sum of them equals to 1
161  Q.pfam+F+R4   3687.327     74  7522.655     7596.165     7775.775
WARNING: Normalizing state frequencies so that sum of them equals to 1
168  Q.pfam+F+I+R2 3689.816     71  7521.632     7588.021     7764.490
WARNING: Normalizing state frequencies so that sum of them equals to 1
169  Q.pfam+F+I+R3 3687.535     73  7521.069     7592.148     7770.769
WARNING: Normalizing state frequencies so that sum of them equals to 1
180  Q.bird+I+G4   3762.302     51  7626.604     7657.087     7801.052
WARNING: Normalizing state frequencies so that sum of them equals to 1
182  Q.bird+R3     3763.318     53  7632.637     7665.916     7813.925
WARNING: Normalizing state frequencies so that sum of them equals to 1
183  Q.bird+R4     3756.421     55  7622.843     7659.078     7810.972
WARNING: Normalizing state frequencies so that sum of them equals to 1
190  Q.bird+I+R2   3762.736     52  7629.471     7661.332     7807.339
WARNING: Normalizing state frequencies so that sum of them equals to 1
191  Q.bird+I+R3   3756.405     54  7620.809     7655.546     7805.518
WARNING: Normalizing state frequencies so that sum of them equals to 1
202  Q.bird+F+I+G4 3753.536     70  7647.072     7711.201     7886.509
WARNING: Normalizing state frequencies so that sum of them equals to 1
204  Q.bird+F+R3   3754.740     72  7653.481     7722.187     7899.759
WARNING: Normalizing state frequencies so that sum of them equals to 1
205  Q.bird+F+R4   3748.073     74  7644.146     7717.656     7897.266
WARNING: Normalizing state frequencies so that sum of them equals to 1
212  Q.bird+F+I+R2 3753.311     71  7648.622     7715.011     7891.480
WARNING: Normalizing state frequencies so that sum of them equals to 1
213  Q.bird+F+I+R3 3747.228     73  7640.456     7711.534     7890.155
WARNING: Normalizing state frequencies so that sum of them equals to 1
224  Q.mammal+I+G4 3753.409     51  7608.819     7639.302     7783.266
WARNING: Normalizing state frequencies so that sum of them equals to 1
226  Q.mammal+R3   3753.149     53  7612.299     7645.578     7793.587
WARNING: Normalizing state frequencies so that sum of them equals to 1
227  Q.mammal+R4   3747.801     55  7605.602     7641.838     7793.732
WARNING: Normalizing state frequencies so that sum of them equals to 1
234  Q.mammal+I+R2 3752.241     52  7608.483     7640.344     7786.351
WARNING: Normalizing state frequencies so that sum of them equals to 1
235  Q.mammal+I+R3 3748.475     54  7604.950     7639.686     7789.658
WARNING: Normalizing state frequencies so that sum of them equals to 1
246  Q.mammal+F+I+G4 3739.198     70  7618.395     7682.524     7857.833
WARNING: Normalizing state frequencies so that sum of them equals to 1
248  Q.mammal+F+R3 3739.859     72  7623.717     7692.423     7869.996
WARNING: Normalizing state frequencies so that sum of them equals to 1
249  Q.mammal+F+R4 3734.399     74  7616.798     7690.308     7869.918
WARNING: Normalizing state frequencies so that sum of them equals to 1
256  Q.mammal+F+I+R2 3737.515     71  7617.029     7683.419     7859.887
WARNING: Normalizing state frequencies so that sum of them equals to 1
257  Q.mammal+F+I+R3 3733.958     73  7613.915     7684.994     7863.614
268  Q.insect+I+G4 3682.906     51  7467.812     7498.295     7642.259
270  Q.insect+R3   3683.078     53  7472.157     7505.436     7653.445
271  Q.insect+R4   3678.447     55  7466.894     7503.130     7655.024
278  Q.insect+I+R2 3680.201     52  7464.402     7496.264     7642.270
279  Q.insect+I+R3 3677.806     54  7463.611     7498.348     7648.320
290  Q.insect+F+I+G4 3701.595     70  7543.189     7607.319     7782.627
292  Q.insect+F+R3 3702.851     72  7549.702     7618.408     7795.981
293  Q.insect+F+R4 3698.317     74  7544.635     7618.145     7797.755
300  Q.insect+F+I+R2 3699.500     71  7540.999     7607.389     7783.857
301  Q.insect+F+I+R3 3697.242     73  7540.484     7611.563     7790.183
WARNING: Normalizing state frequencies so that sum of them equals to 1
312  Q.plant+I+G4  3713.227     51  7528.454     7558.936     7702.901
WARNING: Normalizing state frequencies so that sum of them equals to 1
314  Q.plant+R3    3715.146     53  7536.292     7569.571     7717.580
WARNING: Normalizing state frequencies so that sum of them equals to 1
315  Q.plant+R4    3708.564     55  7527.128     7563.363     7715.257
WARNING: Normalizing state frequencies so that sum of them equals to 1
322  Q.plant+I+R2  3713.729     52  7531.459     7563.320     7709.327
WARNING: Normalizing state frequencies so that sum of them equals to 1
323  Q.plant+I+R3  3707.938     54  7523.877     7558.614     7708.586
WARNING: Normalizing state frequencies so that sum of them equals to 1
334  Q.plant+F+I+G4 3721.255     70  7582.510     7646.639     7821.947
WARNING: Normalizing state frequencies so that sum of them equals to 1
336  Q.plant+F+R3  3724.914     72  7593.827     7662.533     7840.106
WARNING: Normalizing state frequencies so that sum of them equals to 1
337  Q.plant+F+R4  3718.166     74  7584.331     7657.841     7837.451
WARNING: Normalizing state frequencies so that sum of them equals to 1
344  Q.plant+F+I+R2 3722.045     71  7586.090     7652.479     7828.948
WARNING: Normalizing state frequencies so that sum of them equals to 1
345  Q.plant+F+I+R3 3716.743     73  7579.486     7650.565     7829.185
WARNING: Normalizing state frequencies so that sum of them equals to 1
356  Q.yeast+I+G4  3683.930     51  7469.860     7500.343     7644.308
WARNING: Normalizing state frequencies so that sum of them equals to 1
358  Q.yeast+R3    3684.038     53  7474.076     7507.355     7655.365
WARNING: Normalizing state frequencies so that sum of them equals to 1
359  Q.yeast+R4    3678.756     55  7467.513     7503.748     7655.642
WARNING: Normalizing state frequencies so that sum of them equals to 1
366  Q.yeast+I+R2  3681.455     52  7466.911     7498.772     7644.779
WARNING: Normalizing state frequencies so that sum of them equals to 1
367  Q.yeast+I+R3  3678.608     54  7465.215     7499.952     7649.924
WARNING: Normalizing state frequencies so that sum of them equals to 1
378  Q.yeast+F+I+G4 3698.313     70  7536.625     7600.754     7776.063
WARNING: Normalizing state frequencies so that sum of them equals to 1
380  Q.yeast+F+R3  3698.961     72  7541.922     7610.628     7788.200
WARNING: Normalizing state frequencies so that sum of them equals to 1
381  Q.yeast+F+R4  3693.510     74  7535.020     7608.530     7788.139
WARNING: Normalizing state frequencies so that sum of them equals to 1
388  Q.yeast+F+I+R2 3696.523     71  7535.045     7601.435     7777.903
WARNING: Normalizing state frequencies so that sum of them equals to 1
389  Q.yeast+F+I+R3 3693.490     73  7532.980     7604.059     7782.679
400  JTTDCMut+I+G4 3716.339     51  7534.678     7565.160     7709.125
402  JTTDCMut+R3   3713.612     53  7533.223     7566.502     7714.512
403  JTTDCMut+R4   3710.127     55  7530.254     7566.489     7718.383
410  JTTDCMut+I+R2 3711.978     52  7527.956     7559.817     7705.823
411  JTTDCMut+I+R3 3710.367     54  7528.734     7563.471     7713.443
422  JTTDCMut+F+I+G4 3710.530     70  7561.059     7625.189     7800.497
424  JTTDCMut+F+R3 3708.436     72  7560.872     7629.578     7807.151
425  JTTDCMut+F+R4 3704.884     74  7557.769     7631.279     7810.888
432  JTTDCMut+F+I+R2 3706.668     71  7555.335     7621.725     7798.193
433  JTTDCMut+F+I+R3 3704.903     73  7555.806     7626.885     7805.505
444  DCMut+I+G4    3745.677     51  7593.354     7623.837     7767.802
446  DCMut+R3      3746.364     53  7598.727     7632.006     7780.015
447  DCMut+R4      3740.587     55  7591.173     7627.409     7779.303
454  DCMut+I+R2    3744.560     52  7593.120     7624.982     7770.988
455  DCMut+I+R3    3741.080     54  7590.159     7624.896     7774.868
466  DCMut+F+I+G4  3714.406     70  7568.812     7632.941     7808.249
468  DCMut+F+R3    3714.113     72  7572.226     7640.932     7818.504
469  DCMut+F+R4    3708.699     74  7565.399     7638.909     7818.518
476  DCMut+F+I+R2  3711.686     71  7565.371     7631.761     7808.229
477  DCMut+F+I+R3  3709.339     73  7564.678     7635.757     7814.377
488  VT+I+G4       3701.382     51  7504.763     7535.246     7679.211
490  VT+R3         3696.037     53  7498.074     7531.353     7679.362
491  VT+R4         3695.520     55  7501.040     7537.275     7689.169
498  VT+I+R2       3694.698     52  7493.396     7525.258     7671.264
499  VT+I+R3       3695.535     54  7499.069     7533.806     7683.778
510  VT+F+I+G4     3702.305     70  7544.609     7608.738     7784.047
512  VT+F+R3       3697.282     72  7538.564     7607.270     7784.843
513  VT+F+R4       3696.723     74  7541.447     7614.957     7794.566
520  VT+F+I+R2     3695.822     71  7533.645     7600.034     7776.503
521  VT+F+I+R3     3695.898     73  7537.796     7608.875     7787.495
532  PMB+I+G4      3721.847     51  7545.694     7576.177     7720.141
534  PMB+R3        3716.114     53  7538.228     7571.507     7719.516
535  PMB+R4        3716.027     55  7542.054     7578.289     7730.183
542  PMB+I+R2      3714.436     52  7532.871     7564.732     7710.739
543  PMB+I+R3      3715.171     54  7538.343     7573.080     7723.052
554  PMB+F+I+G4    3715.763     70  7571.527     7635.656     7810.964
556  PMB+F+R3      3710.903     72  7565.806     7634.512     7812.084
557  PMB+F+R4      3710.871     74  7569.741     7643.251     7822.861
564  PMB+F+I+R2    3709.272     71  7560.543     7626.933     7803.401
565  PMB+F+I+R3    3710.031     73  7566.063     7637.142     7815.762
576  Blosum62+I+G4 3715.501     51  7533.003     7563.486     7707.450
578  Blosum62+R3   3710.560     53  7527.120     7560.400     7708.409
579  Blosum62+R4   3710.463     55  7530.925     7567.160     7719.055
586  Blosum62+I+R2 3708.899     52  7521.797     7553.658     7699.665
587  Blosum62+I+R3 3708.947     54  7525.895     7560.631     7710.604
598  Blosum62+F+I+G4 3719.412     70  7578.824     7642.953     7818.262
600  Blosum62+F+R3 3715.554     72  7575.108     7643.814     7821.387
601  Blosum62+F+R4 3715.120     74  7578.240     7651.750     7831.359
608  Blosum62+F+I+R2 3713.861     71  7569.721     7636.111     7812.579
609  Blosum62+F+I+R3 3713.791     73  7573.581     7644.660     7823.280
620  Dayhoff+I+G4  3745.624     51  7593.248     7623.730     7767.695
622  Dayhoff+R3    3746.367     53  7598.735     7632.014     7780.023
623  Dayhoff+R4    3740.650     55  7591.300     7627.535     7779.429
630  Dayhoff+I+R2  3744.588     52  7593.175     7625.037     7771.043
631  Dayhoff+I+R3  3741.048     54  7590.097     7624.834     7774.806
642  Dayhoff+F+I+G4 3714.277     70  7568.555     7632.684     7807.992
644  Dayhoff+F+R3  3714.093     72  7572.185     7640.891     7818.464
645  Dayhoff+F+R4  3708.569     74  7565.137     7638.647     7818.257
652  Dayhoff+F+I+R2 3711.626     71  7565.252     7631.642     7808.110
653  Dayhoff+F+I+R3 3709.224     73  7564.449     7635.528     7814.148
664  mtREV+I+G4    3889.304     51  7880.608     7911.091     8055.055
666  mtREV+R3      3886.702     53  7879.404     7912.684     8060.693
667  mtREV+R4      3881.848     55  7873.696     7909.932     8061.826
674  mtREV+I+R2    3885.213     52  7874.425     7906.286     8052.293
675  mtREV+I+R3    3881.991     54  7871.983     7906.720     8056.692
686  mtREV+F+I+G4  3760.175     70  7660.351     7724.480     7899.788
688  mtREV+F+R3    3761.694     72  7667.388     7736.094     7913.667
689  mtREV+F+R4    3755.928     74  7659.856     7733.366     7912.975
696  mtREV+F+I+R2  3760.230     71  7662.460     7728.849     7905.318
697  mtREV+F+I+R3  3754.414     73  7654.827     7725.906     7904.526
708  mtART+I+G4    3927.567     51  7957.135     7987.618     8131.582
710  mtART+R3      3941.586     53  7989.172     8022.451     8170.460
711  mtART+R4      3931.100     55  7972.199     8008.435     8160.329
718  mtART+I+R2    3940.613     52  7985.226     8017.087     8163.094
719  mtART+I+R3    3929.148     54  7966.297     8001.034     8151.006
730  mtART+F+I+G4  3775.065     70  7690.130     7754.259     7929.567
732  mtART+F+R3    3788.472     72  7720.944     7789.650     7967.223
733  mtART+F+R4    3778.205     74  7704.411     7777.921     7957.530
740  mtART+F+I+R2  3787.414     71  7716.828     7783.217     7959.686
741  mtART+F+I+R3  3775.297     73  7696.594     7767.673     7946.293
752  mtZOA+I+G4    3856.899     51  7815.798     7846.281     7990.245
754  mtZOA+R3      3862.462     53  7830.923     7864.202     8012.212
755  mtZOA+R4      3854.033     55  7818.067     7854.302     8006.196
762  mtZOA+I+R2    3860.659     52  7825.318     7857.179     8003.185
763  mtZOA+I+R3    3852.973     54  7813.945     7848.682     7998.654
774  mtZOA+F+I+G4  3734.624     70  7609.248     7673.377     7848.686
776  mtZOA+F+R3    3742.639     72  7629.277     7697.983     7875.556
777  mtZOA+F+R4    3734.141     74  7616.282     7689.792     7869.401
784  mtZOA+F+I+R2  3743.552     71  7629.105     7695.495     7871.963
785  mtZOA+F+I+R3  3730.928     73  7607.856     7678.935     7857.555
796  mtMet+I+G4    3866.463     51  7834.925     7865.408     8009.372
798  mtMet+R3      3866.311     53  7838.621     7871.901     8019.910
799  mtMet+R4      3858.898     55  7827.796     7864.032     8015.926
806  mtMet+I+R2    3865.457     52  7834.913     7866.775     8012.781
807  mtMet+I+R3    3858.943     54  7825.886     7860.623     8010.595
818  mtMet+F+I+G4  3749.106     70  7638.212     7702.342     7877.650
820  mtMet+F+R3    3752.646     72  7649.291     7717.997     7895.570
821  mtMet+F+R4    3744.831     74  7637.663     7711.173     7890.782
828  mtMet+F+I+R2  3753.724     71  7649.448     7715.838     7892.306
829  mtMet+F+I+R3  3743.078     73  7632.156     7703.235     7881.855
840  mtVer+I+G4    3917.734     51  7937.468     7967.951     8111.916
842  mtVer+R3      3922.489     53  7950.978     7984.257     8132.267
843  mtVer+R4      3912.906     55  7935.812     7972.048     8123.942
850  mtVer+I+R2    3920.380     52  7944.761     7976.622     8122.628
851  mtVer+I+R3    3911.872     54  7931.744     7966.481     8116.453
862  mtVer+F+I+G4  3801.825     70  7743.651     7807.780     7983.088
864  mtVer+F+R3    3815.356     72  7774.713     7843.418     8020.991
865  mtVer+F+R4    3803.792     74  7755.584     7829.094     8008.703
872  mtVer+F+I+R2  3812.114     71  7766.229     7832.618     8009.087
873  mtVer+F+I+R3  3798.542     73  7743.083     7814.162     7992.782
884  mtInv+I+G4    3892.098     51  7886.196     7916.679     8060.644
886  mtInv+R3      3889.309     53  7884.617     7917.897     8065.906
887  mtInv+R4      3884.118     55  7878.236     7914.472     8066.366
894  mtInv+I+R2    3888.677     52  7881.354     7913.215     8059.222
895  mtInv+I+R3    3883.784     54  7875.569     7910.306     8060.278
906  mtInv+F+I+G4  3728.803     70  7597.605     7661.734     7837.043
908  mtInv+F+R3    3729.961     72  7603.922     7672.628     7850.201
909  mtInv+F+R4    3724.015     74  7596.030     7669.540     7849.150
916  mtInv+F+I+R2  3729.781     71  7601.561     7667.951     7844.419
917  mtInv+F+I+R3  3723.649     73  7593.297     7664.376     7842.996
928  mtMAM+I+G4    3950.834     51  8003.668     8034.151     8178.115
930  mtMAM+R3      3958.202     53  8022.404     8055.683     8203.692
931  mtMAM+R4      3940.813     55  7991.627     8027.862     8179.756
938  mtMAM+I+R2    3955.338     52  8014.677     8046.538     8192.544
939  mtMAM+I+R3    3946.274     54  8000.547     8035.284     8185.256
950  mtMAM+F+I+G4  3827.587     70  7795.174     7859.303     8034.611
952  mtMAM+F+R3    3842.084     72  7828.169     7896.874     8074.447
953  mtMAM+F+R4    3830.390     74  7808.780     7882.290     8061.900
960  mtMAM+F+I+R2  3838.560     71  7819.120     7885.509     8061.978
961  mtMAM+F+I+R3  3826.455     73  7798.910     7869.989     8048.609
WARNING: Normalizing state frequencies so that sum of them equals to 1
972  FLAVI+I+G4    3813.188     51  7728.377     7758.859     7902.824
WARNING: Normalizing state frequencies so that sum of them equals to 1
974  FLAVI+R3      3820.396     53  7746.792     7780.071     7928.081
WARNING: Normalizing state frequencies so that sum of them equals to 1
975  FLAVI+R4      3810.881     55  7731.763     7767.998     7919.892
WARNING: Normalizing state frequencies so that sum of them equals to 1
982  FLAVI+I+R2    3821.201     52  7746.402     7778.263     7924.270
WARNING: Normalizing state frequencies so that sum of them equals to 1
983  FLAVI+I+R3    3807.779     54  7723.558     7758.295     7908.267
WARNING: Normalizing state frequencies so that sum of them equals to 1
994  FLAVI+F+I+G4  3802.961     70  7745.923     7810.052     7985.360
WARNING: Normalizing state frequencies so that sum of them equals to 1
996  FLAVI+F+R3    3814.475     72  7772.951     7841.657     8019.230
WARNING: Normalizing state frequencies so that sum of them equals to 1
997  FLAVI+F+R4    3803.589     74  7755.179     7828.689     8008.298
WARNING: Normalizing state frequencies so that sum of them equals to 1
1004  FLAVI+F+I+R2  3812.351     71  7766.703     7833.092     8009.561
WARNING: Normalizing state frequencies so that sum of them equals to 1
1005  FLAVI+F+I+R3  3797.974     73  7741.948     7813.027     7991.647
1016  HIVb+I+G4     3740.904     51  7583.808     7614.291     7758.256
1018  HIVb+R3       3740.245     53  7586.489     7619.768     7767.777
1019  HIVb+R4       3734.912     55  7579.824     7616.060     7767.954
1026  HIVb+I+R2     3741.996     52  7587.992     7619.853     7765.860
1027  HIVb+I+R3     3734.535     54  7577.070     7611.806     7761.778
1038  HIVb+F+I+G4   3743.358     70  7626.716     7690.845     7866.153
1040  HIVb+F+R3     3745.960     72  7635.920     7704.626     7882.199
1041  HIVb+F+R4     3739.614     74  7627.227     7700.737     7880.347
1048  HIVb+F+I+R2   3744.859     71  7631.719     7698.109     7874.577
1049  HIVb+F+I+R3   3738.596     73  7623.193     7694.272     7872.892
1060  HIVw+I+G4     3856.925     51  7815.850     7846.333     7990.297
1062  HIVw+R3       3866.659     53  7839.318     7872.597     8020.606
1063  HIVw+R4       3858.360     55  7826.720     7862.955     8014.849
1070  HIVw+I+R2     3863.767     52  7831.534     7863.396     8009.402
1071  HIVw+I+R3     3854.169     54  7816.338     7851.075     8001.047
1082  HIVw+F+I+G4   3827.794     70  7795.587     7859.716     8035.025
1084  HIVw+F+R3     3837.284     72  7818.567     7887.273     8064.846
1085  HIVw+F+R4     3828.930     74  7805.860     7879.370     8058.980
1092  HIVw+F+I+R2   3835.741     71  7813.482     7879.872     8056.340
1093  HIVw+F+I+R3   3824.647     73  7795.294     7866.373     8044.994
1104  FLU+I+G4      3741.131     51  7584.262     7614.745     7758.709
1106  FLU+R3        3736.769     53  7579.539     7612.818     7760.827
1107  FLU+R4        3731.906     55  7573.812     7610.047     7761.941
1114  FLU+I+R2      3743.210     52  7590.419     7622.281     7768.287
1115  FLU+I+R3      3731.863     54  7571.725     7606.462     7756.434
1126  FLU+F+I+G4    3732.741     70  7605.482     7669.611     7844.919
1128  FLU+F+R3      3734.198     72  7612.397     7681.103     7858.675
1129  FLU+F+R4      3725.245     74  7598.489     7671.999     7851.609
1136  FLU+F+I+R2    3736.311     71  7614.622     7681.012     7857.480
1137  FLU+F+I+R3    3724.650     73  7595.299     7666.378     7844.998
1148  rtREV+I+G4    3698.116     51  7498.233     7528.716     7672.680
1150  rtREV+R3      3694.403     53  7494.806     7528.085     7676.094
1151  rtREV+R4      3690.624     55  7491.248     7527.483     7679.377
1158  rtREV+I+R2    3692.018     52  7488.036     7519.897     7665.903
1159  rtREV+I+R3    3691.239     54  7490.478     7525.214     7675.186
1170  rtREV+F+I+G4  3703.056     70  7546.111     7610.240     7785.549
1172  rtREV+F+R3    3700.833     72  7545.666     7614.372     7791.945
1173  rtREV+F+R4    3697.089     74  7542.178     7615.688     7795.298
1180  rtREV+F+I+R2  3698.236     71  7538.471     7604.861     7781.329
1181  rtREV+F+I+R3  3696.909     73  7539.818     7610.897     7789.517
1192  cpREV+I+G4    3716.692     51  7535.384     7565.867     7709.832
1194  cpREV+R3      3716.374     53  7538.747     7572.027     7720.036
1195  cpREV+R4      3713.604     55  7537.209     7573.444     7725.338
1202  cpREV+I+R2    3716.275     52  7536.550     7568.412     7714.418
1203  cpREV+I+R3    3713.091     54  7534.182     7568.919     7718.891
1214  cpREV+F+I+G4  3724.811     70  7589.622     7653.751     7829.059
1216  cpREV+F+R3    3725.514     72  7595.027     7663.733     7841.306
1217  cpREV+F+R4    3721.581     74  7591.161     7664.671     7844.281
1224  cpREV+F+I+R2  3725.412     71  7592.825     7659.214     7835.683
1225  cpREV+F+I+R3  3720.936     73  7587.872     7658.951     7837.571
Akaike Information Criterion:           LG+I+R3
Corrected Akaike Information Criterion: LG+I+R3
Bayesian Information Criterion:         LG+I+G4
Best-fit model: LG+I+G4 chosen according to BIC

All model information printed to ./orthofinder/Results_Jul04/WorkingDirectory/Alignments_ids/OG0000017.model.gz
CPU time for ModelFinder: 95.150 seconds (0h:1m:35s)
Wall-clock time for ModelFinder: 123.057 seconds (0h:2m:3s)

NOTE: 3 MB RAM (0 GB) is required!
Estimate model parameters (epsilon = 0.100)
Thoroughly optimizing +I+G parameters from 10 start values...
Init pinv, alpha: 0.000, 1.715 / Estimate: 0.000, 0.813 / LogL: -3688.809
Init pinv, alpha: 0.026, 1.715 / Estimate: 0.114, 1.675 / LogL: -3680.393
Init pinv, alpha: 0.052, 1.715 / Estimate: 0.114, 1.677 / LogL: -3680.392
Init pinv, alpha: 0.078, 1.715 / Estimate: 0.114, 1.692 / LogL: -3680.388
Init pinv, alpha: 0.104, 1.715 / Estimate: 0.115, 1.704 / LogL: -3680.384
Init pinv, alpha: 0.130, 1.715 / Estimate: 0.118, 1.732 / LogL: -3680.383
Init pinv, alpha: 0.156, 1.715 / Estimate: 0.118, 1.731 / LogL: -3680.384
Init pinv, alpha: 0.182, 1.715 / Estimate: 0.118, 1.739 / LogL: -3680.385
Init pinv, alpha: 0.208, 1.715 / Estimate: 0.119, 1.748 / LogL: -3680.387
Init pinv, alpha: 0.235, 1.715 / Estimate: 0.119, 1.751 / LogL: -3680.388
Optimal pinv,alpha: 0.118, 1.732 / LogL: -3680.383

Parameters optimization took 1.089 sec
Wrote distance file to... 
Computing ML distances based on estimated model parameters...
Calculating distance matrix: done in 0.0310059 secs using 99.99% CPU
Computing ML distances took 0.031038 sec (of wall-clock time) 0.031035 sec (of CPU time)
Setting up auxiliary I and S matrices: done in 3.60012e-05 secs using 100% CPU
Constructing RapidNJ tree: done in 7.48634e-05 secs using 163% CPU
Computing RapidNJ tree took 0.000135 sec (of wall-clock time) 0.000182 sec (of CPU time)
Log-likelihood of RapidNJ tree: -3682.161
--------------------------------------------------------------------
|             INITIALIZING CANDIDATE TREE SET                      |
--------------------------------------------------------------------
Generating 98 parsimony trees... 0.111 second
Computing log-likelihood of 98 initial trees ... 0.597 seconds
Current best score: -3680.383

Do NNI search on 20 best initial trees
Optimizing NNI: done in 0.02566 secs using 99.99% CPU
Estimate model parameters (epsilon = 0.100)
BETTER TREE FOUND at iteration 1: -3680.382
Optimizing NNI: done in 0.108622 secs using 99.99% CPU
Estimate model parameters (epsilon = 0.100)
BETTER TREE FOUND at iteration 2: -3680.302
Optimizing NNI: done in 0.12884 secs using 99.98% CPU
Estimate model parameters (epsilon = 0.100)
BETTER TREE FOUND at iteration 3: -3680.204
Optimizing NNI: done in 0.11737 secs using 100% CPU
Optimizing NNI: done in 0.117363 secs using 99.99% CPU
Optimizing NNI: done in 0.139105 secs using 100% CPU
Optimizing NNI: done in 0.164424 secs using 99.99% CPU
Optimizing NNI: done in 0.139943 secs using 100% CPU
Optimizing NNI: done in 0.147647 secs using 100% CPU
Optimizing NNI: done in 0.145189 secs using 99.99% CPU
Iteration 10 / LogL: -3680.386 / Time: 0h:0m:3s
Optimizing NNI: done in 0.203352 secs using 100% CPU
UPDATE BEST LOG-LIKELIHOOD: -3680.204
Optimizing NNI: done in 0.152024 secs using 100% CPU
Optimizing NNI: done in 0.13324 secs using 100% CPU
Optimizing NNI: done in 0.134451 secs using 100% CPU
Optimizing NNI: done in 0.165975 secs using 100% CPU
Optimizing NNI: done in 0.135677 secs using 100% CPU
Optimizing NNI: done in 0.122059 secs using 99.99% CPU
Optimizing NNI: done in 0.119429 secs using 100% CPU
Optimizing NNI: done in 0.118907 secs using 100% CPU
Optimizing NNI: done in 0.103141 secs using 100% CPU
Iteration 20 / LogL: -3680.317 / Time: 0h:0m:4s
Finish initializing candidate tree set (7)
Current best tree score: -3680.204 / CPU time: 3.427
Number of iterations: 20
--------------------------------------------------------------------
|               OPTIMIZING CANDIDATE TREE SET                      |
--------------------------------------------------------------------
Optimizing NNI: done in 0.17443 secs using 99.14% CPU
Optimizing NNI: done in 0.16522 secs using 99.99% CPU
Optimizing NNI: done in 0.12937 secs using 100% CPU
Optimizing NNI: done in 0.134475 secs using 99.99% CPU
Optimizing NNI: done in 0.158136 secs using 100% CPU
Optimizing NNI: done in 0.1544 secs using 100% CPU
Optimizing NNI: done in 0.182211 secs using 100% CPU
Optimizing NNI: done in 0.167353 secs using 99.99% CPU
Optimizing NNI: done in 0.158807 secs using 100% CPU
Optimizing NNI: done in 0.119015 secs using 99.99% CPU
Iteration 30 / LogL: -3680.303 / Time: 0h:0m:6s (0h:0m:15s left)
Optimizing NNI: done in 0.156263 secs using 100% CPU
Estimate model parameters (epsilon = 0.100)
BETTER TREE FOUND at iteration 31: -3679.959
Optimizing NNI: done in 0.303548 secs using 100% CPU
Optimizing NNI: done in 0.157213 secs using 99.99% CPU
Optimizing NNI: done in 0.143086 secs using 100% CPU
Optimizing NNI: done in 0.20775 secs using 100% CPU
Optimizing NNI: done in 0.205772 secs using 99.98% CPU
Optimizing NNI: done in 0.112014 secs using 100% CPU
Optimizing NNI: done in 0.204252 secs using 100% CPU
Optimizing NNI: done in 0.163923 secs using 100% CPU
Optimizing NNI: done in 0.252965 secs using 99.99% CPU
Iteration 40 / LogL: -3680.263 / Time: 0h:0m:8s (0h:0m:18s left)
Optimizing NNI: done in 0.176892 secs using 99.99% CPU
Optimizing NNI: done in 0.136591 secs using 100% CPU
Optimizing NNI: done in 0.186016 secs using 99.99% CPU
Optimizing NNI: done in 0.0954151 secs using 100% CPU
Optimizing NNI: done in 0.156669 secs using 100% CPU
Optimizing NNI: done in 0.18666 secs using 100% CPU
Optimizing NNI: done in 0.180688 secs using 100% CPU
Optimizing NNI: done in 0.126081 secs using 100% CPU
BETTER TREE FOUND at iteration 48: -3679.959
Optimizing NNI: done in 0.116294 secs using 99.99% CPU
Optimizing NNI: done in 0.117865 secs using 100% CPU
Iteration 50 / LogL: -3679.959 / Time: 0h:0m:9s (0h:0m:19s left)
Optimizing NNI: done in 0.209335 secs using 99.99% CPU
Optimizing NNI: done in 0.153378 secs using 99.99% CPU
UPDATE BEST LOG-LIKELIHOOD: -3679.959
Optimizing NNI: done in 0.0719171 secs using 97.34% CPU
Optimizing NNI: done in 0.146359 secs using 100% CPU
Optimizing NNI: done in 0.197664 secs using 100% CPU
Optimizing NNI: done in 0.136323 secs using 99.99% CPU
Optimizing NNI: done in 0.141613 secs using 98.53% CPU
Optimizing NNI: done in 0.15039 secs using 99.99% CPU
Optimizing NNI: done in 0.13596 secs using 100% CPU
Optimizing NNI: done in 0.150187 secs using 99.99% CPU
Iteration 60 / LogL: -3679.959 / Time: 0h:0m:11s (0h:0m:16s left)
Optimizing NNI: done in 0.168965 secs using 99.98% CPU
Optimizing NNI: done in 0.150708 secs using 100% CPU
Optimizing NNI: done in 0.133014 secs using 100% CPU
Optimizing NNI: done in 0.175693 secs using 100% CPU
Optimizing NNI: done in 0.152873 secs using 99.99% CPU
Optimizing NNI: done in 0.136289 secs using 100% CPU
Optimizing NNI: done in 0.149818 secs using 99.99% CPU
Optimizing NNI: done in 0.15193 secs using 100% CPU
Optimizing NNI: done in 0.261254 secs using 100% CPU
Optimizing NNI: done in 0.14825 secs using 100% CPU
Iteration 70 / LogL: -3679.959 / Time: 0h:0m:12s (0h:0m:14s left)
Optimizing NNI: done in 0.156825 secs using 100% CPU
Optimizing NNI: done in 0.14343 secs using 100% CPU
Optimizing NNI: done in 0.145122 secs using 99.98% CPU
Optimizing NNI: done in 0.127602 secs using 100% CPU
Optimizing NNI: done in 0.18261 secs using 100% CPU
Optimizing NNI: done in 0.211186 secs using 100% CPU
Optimizing NNI: done in 0.186944 secs using 100% CPU
Optimizing NNI: done in 0.125991 secs using 100% CPU
Optimizing NNI: done in 0.149655 secs using 100% CPU
Optimizing NNI: done in 0.163654 secs using 100% CPU
Iteration 80 / LogL: -3679.959 / Time: 0h:0m:14s (0h:0m:12s left)
Optimizing NNI: done in 0.207655 secs using 100% CPU
Optimizing NNI: done in 0.141302 secs using 100% CPU
Optimizing NNI: done in 0.189123 secs using 100% CPU
Optimizing NNI: done in 0.192715 secs using 100% CPU
Optimizing NNI: done in 0.100218 secs using 100% CPU
UPDATE BEST LOG-LIKELIHOOD: -3679.959
Optimizing NNI: done in 0.171296 secs using 99.99% CPU
Optimizing NNI: done in 0.194011 secs using 100% CPU
Optimizing NNI: done in 0.152502 secs using 99.99% CPU
Optimizing NNI: done in 0.169704 secs using 100% CPU
Optimizing NNI: done in 0.180891 secs using 100% CPU
Iteration 90 / LogL: -3679.959 / Time: 0h:0m:16s (0h:0m:10s left)
Optimizing NNI: done in 0.177547 secs using 99.98% CPU
Optimizing NNI: done in 0.123869 secs using 100% CPU
Optimizing NNI: done in 0.194183 secs using 100% CPU
Optimizing NNI: done in 0.156559 secs using 100% CPU
Optimizing NNI: done in 0.12931 secs using 100% CPU
Optimizing NNI: done in 0.187103 secs using 100% CPU
Optimizing NNI: done in 0.175661 secs using 100% CPU
Optimizing NNI: done in 0.134799 secs using 99.99% CPU
Optimizing NNI: done in 0.180816 secs using 100% CPU
Optimizing NNI: done in 0.0918059 secs using 100% CPU
Iteration 100 / LogL: -3679.964 / Time: 0h:0m:17s (0h:0m:8s left)
Optimizing NNI: done in 0.132582 secs using 100% CPU
Optimizing NNI: done in 0.143639 secs using 100% CPU
Optimizing NNI: done in 0.164796 secs using 100% CPU
Optimizing NNI: done in 0.172268 secs using 100% CPU
Optimizing NNI: done in 0.251048 secs using 100% CPU
Optimizing NNI: done in 0.157194 secs using 100% CPU
Optimizing NNI: done in 0.141709 secs using 99.99% CPU
Optimizing NNI: done in 0.171387 secs using 100% CPU
Optimizing NNI: done in 0.122404 secs using 100% CPU
Optimizing NNI: done in 0.154222 secs using 100% CPU
Iteration 110 / LogL: -3679.962 / Time: 0h:0m:19s (0h:0m:6s left)
Optimizing NNI: done in 0.175774 secs using 100% CPU
Optimizing NNI: done in 0.120979 secs using 100% CPU
Optimizing NNI: done in 0.164043 secs using 100% CPU
Optimizing NNI: done in 0.142004 secs using 99.99% CPU
Optimizing NNI: done in 0.152272 secs using 100% CPU
Optimizing NNI: done in 0.157447 secs using 99.99% CPU
Optimizing NNI: done in 0.134185 secs using 100% CPU
Optimizing NNI: done in 0.134895 secs using 100% CPU
Optimizing NNI: done in 0.119452 secs using 99.99% CPU
Optimizing NNI: done in 0.185123 secs using 100% CPU
Iteration 120 / LogL: -3679.959 / Time: 0h:0m:20s (0h:0m:4s left)
Optimizing NNI: done in 0.137318 secs using 100% CPU
Optimizing NNI: done in 0.248245 secs using 100% CPU
Optimizing NNI: done in 0.1551 secs using 100% CPU
Optimizing NNI: done in 0.151014 secs using 99.95% CPU
BETTER TREE FOUND at iteration 124: -3679.959
Optimizing NNI: done in 0.209494 secs using 99.23% CPU
Optimizing NNI: done in 0.118118 secs using 100% CPU
Optimizing NNI: done in 0.151426 secs using 100% CPU
Optimizing NNI: done in 0.204993 secs using 100% CPU
Optimizing NNI: done in 0.166178 secs using 100% CPU
Optimizing NNI: done in 0.144895 secs using 99.99% CPU
Iteration 130 / LogL: -3679.960 / Time: 0h:0m:22s (0h:0m:16s left)
Optimizing NNI: done in 0.14344 secs using 100% CPU
Optimizing NNI: done in 0.143754 secs using 100% CPU
Optimizing NNI: done in 0.136145 secs using 100% CPU
Optimizing NNI: done in 0.186373 secs using 99.98% CPU
Optimizing NNI: done in 0.217981 secs using 100% CPU
Optimizing NNI: done in 0.180713 secs using 100% CPU
Optimizing NNI: done in 0.134297 secs using 100% CPU
Optimizing NNI: done in 0.131053 secs using 100% CPU
Optimizing NNI: done in 0.142317 secs using 100% CPU
Optimizing NNI: done in 0.161189 secs using 100% CPU
Iteration 140 / LogL: -3695.698 / Time: 0h:0m:24s (0h:0m:14s left)
Optimizing NNI: done in 0.14088 secs using 99.98% CPU
Optimizing NNI: done in 0.173505 secs using 100% CPU
Optimizing NNI: done in 0.108431 secs using 100% CPU
Optimizing NNI: done in 0.154923 secs using 100% CPU
Optimizing NNI: done in 0.0957491 secs using 100% CPU
Optimizing NNI: done in 0.0930319 secs using 100% CPU
Optimizing NNI: done in 0.185726 secs using 100% CPU
Optimizing NNI: done in 0.171305 secs using 100% CPU
Optimizing NNI: done in 0.148718 secs using 100% CPU
Optimizing NNI: done in 0.10557 secs using 99.99% CPU
Iteration 150 / LogL: -3679.959 / Time: 0h:0m:25s (0h:0m:12s left)
Optimizing NNI: done in 0.179242 secs using 100% CPU
Optimizing NNI: done in 0.197888 secs using 100% CPU
Optimizing NNI: done in 0.21381 secs using 100% CPU
Optimizing NNI: done in 0.148627 secs using 99.99% CPU
Optimizing NNI: done in 0.172833 secs using 100% CPU
Optimizing NNI: done in 0.137589 secs using 100% CPU
Optimizing NNI: done in 0.145737 secs using 100% CPU
Optimizing NNI: done in 0.159774 secs using 100% CPU
Optimizing NNI: done in 0.137081 secs using 99.99% CPU
Optimizing NNI: done in 0.117319 secs using 100% CPU
Iteration 160 / LogL: -3679.959 / Time: 0h:0m:27s (0h:0m:10s left)
Optimizing NNI: done in 0.130064 secs using 99.99% CPU
Optimizing NNI: done in 0.121529 secs using 98.08% CPU
Optimizing NNI: done in 0.124802 secs using 100% CPU
Optimizing NNI: done in 0.227564 secs using 100% CPU
Optimizing NNI: done in 0.135373 secs using 100% CPU
Optimizing NNI: done in 0.166284 secs using 100% CPU
Optimizing NNI: done in 0.180848 secs using 100% CPU
Optimizing NNI: done in 0.170203 secs using 100% CPU
Optimizing NNI: done in 0.154749 secs using 100% CPU
Optimizing NNI: done in 0.162591 secs using 100% CPU
Iteration 170 / LogL: -3679.959 / Time: 0h:0m:28s (0h:0m:9s left)
Optimizing NNI: done in 0.13891 secs using 99.99% CPU
Optimizing NNI: done in 0.11242 secs using 100% CPU
Optimizing NNI: done in 0.285885 secs using 100% CPU
Optimizing NNI: done in 0.096483 secs using 100% CPU
Optimizing NNI: done in 0.240918 secs using 100% CPU
Optimizing NNI: done in 0.100173 secs using 100% CPU
Optimizing NNI: done in 0.134021 secs using 100% CPU
Optimizing NNI: done in 0.168498 secs using 100% CPU
Optimizing NNI: done in 0.228616 secs using 100% CPU
Optimizing NNI: done in 0.103852 secs using 100% CPU
Iteration 180 / LogL: -3679.960 / Time: 0h:0m:30s (0h:0m:7s left)
Optimizing NNI: done in 0.155494 secs using 100% CPU
Optimizing NNI: done in 0.121167 secs using 100% CPU
Optimizing NNI: done in 0.202663 secs using 100% CPU
Optimizing NNI: done in 0.142933 secs using 100% CPU
Optimizing NNI: done in 0.117753 secs using 100% CPU
Optimizing NNI: done in 0.137928 secs using 100% CPU
Optimizing NNI: done in 0.195964 secs using 100% CPU
Optimizing NNI: done in 0.189555 secs using 100% CPU
Optimizing NNI: done in 0.235623 secs using 99.98% CPU
Optimizing NNI: done in 0.143536 secs using 99.99% CPU
Iteration 190 / LogL: -3679.962 / Time: 0h:0m:32s (0h:0m:5s left)
Optimizing NNI: done in 0.16209 secs using 100% CPU
Optimizing NNI: done in 0.13952 secs using 100% CPU
Optimizing NNI: done in 0.168711 secs using 99.98% CPU
Optimizing NNI: done in 0.223758 secs using 100% CPU
Optimizing NNI: done in 0.120828 secs using 100% CPU
Optimizing NNI: done in 0.136149 secs using 100% CPU
Optimizing NNI: done in 0.142226 secs using 100% CPU
Optimizing NNI: done in 0.173919 secs using 100% CPU
Optimizing NNI: done in 0.117198 secs using 100% CPU
Optimizing NNI: done in 0.158927 secs using 100% CPU
Iteration 200 / LogL: -3679.959 / Time: 0h:0m:33s (0h:0m:4s left)
Optimizing NNI: done in 0.173563 secs using 100% CPU
Optimizing NNI: done in 0.150487 secs using 99.99% CPU
Optimizing NNI: done in 0.101306 secs using 100% CPU
Optimizing NNI: done in 0.178976 secs using 99.99% CPU
Optimizing NNI: done in 0.104962 secs using 100% CPU
Optimizing NNI: done in 0.155384 secs using 100% CPU
Optimizing NNI: done in 0.159674 secs using 100% CPU
Optimizing NNI: done in 0.124021 secs using 100% CPU
Optimizing NNI: done in 0.185915 secs using 100% CPU
Optimizing NNI: done in 0.147096 secs using 99.99% CPU
Iteration 210 / LogL: -3679.960 / Time: 0h:0m:35s (0h:0m:2s left)
Optimizing NNI: done in 0.161088 secs using 100% CPU
Optimizing NNI: done in 0.171821 secs using 100% CPU
Optimizing NNI: done in 0.172509 secs using 100% CPU
Optimizing NNI: done in 0.149082 secs using 100% CPU
Optimizing NNI: done in 0.166799 secs using 100% CPU
Optimizing NNI: done in 0.156347 secs using 100% CPU
Optimizing NNI: done in 0.141335 secs using 100% CPU
Optimizing NNI: done in 0.179438 secs using 100% CPU
Optimizing NNI: done in 0.163301 secs using 100% CPU
Optimizing NNI: done in 0.21172 secs using 100% CPU
Iteration 220 / LogL: -3680.303 / Time: 0h:0m:36s (0h:0m:0s left)
Optimizing NNI: done in 0.050977 secs using 100% CPU
Optimizing NNI: done in 0.162157 secs using 100% CPU
Optimizing NNI: done in 0.197936 secs using 100% CPU
Optimizing NNI: done in 0.204634 secs using 100% CPU
Optimizing NNI: done in 0.221606 secs using 100% CPU
TREE SEARCH COMPLETED AFTER 225 ITERATIONS / Time: 0h:0m:37s

--------------------------------------------------------------------
|                    FINALIZING TREE SEARCH                        |
--------------------------------------------------------------------
Performs final model parameters optimization
Estimate model parameters (epsilon = 0.010)
1. Initial log-likelihood: -3679.959
Optimal log-likelihood: -3679.959
Proportion of invariable sites: 0.118
Gamma shape alpha: 1.721
Parameters optimization took 1 rounds (0.021 sec)
BEST SCORE FOUND : -3679.959
Total tree length: 10.167

Total number of iterations: 225
CPU time used for tree search: 36.530 sec (0h:0m:36s)
Wall-clock time used for tree search: 36.421 sec (0h:0m:36s)
Total CPU time used: 37.766 sec (0h:0m:37s)
Total wall-clock time used: 37.635 sec (0h:0m:37s)

Analysis results written to: 
  IQ-TREE report:                ./orthofinder/Results_Jul04/WorkingDirectory/Alignments_ids/OG0000017.iqtree
  Maximum-likelihood tree:       ./orthofinder/Results_Jul04/WorkingDirectory/Alignments_ids/OG0000017.treefile
  Likelihood distances:          ./orthofinder/Results_Jul04/WorkingDirectory/Alignments_ids/OG0000017.mldist
  Screen log file:               ./orthofinder/Results_Jul04/WorkingDirectory/Alignments_ids/OG0000017.log

Date and Time: Thu Jul  4 10:38:44 2024
