IQ-TREE multicore version 2.2.0.5 COVID-edition for Linux 64-bit built Sep 26 2022
Developed by Bui Quang Minh, James Barbetti, Nguyen Lam Tung,
Olga Chernomor, Heiko Schmidt, Dominik Schrempf, Michael Woodhams, Ly Trong Nhan.

Host:    c148 (AVX2, FMA3, 503 GB RAM)
Command: iqtree -s ./orthofinder/Results_Jul04/WorkingDirectory/Alignments_ids/OG0000062.fa -pre ./orthofinder/Results_Jul04/WorkingDirectory/Alignments_ids/OG0000062
Seed:    483487 (Using SPRNG - Scalable Parallel Random Number Generator)
Time:    Thu Jul  4 10:36:03 2024
Kernel:  AVX+FMA - 1 threads (24 CPU cores detected)

HINT: Use -nt option to specify number of threads because your CPU has 24 cores!
HINT: -nt AUTO will automatically determine the best number of threads to use.

Reading alignment file ./orthofinder/Results_Jul04/WorkingDirectory/Alignments_ids/OG0000062.fa ... Fasta format detected
Reading fasta file: done in 0.000241995 secs using 98.35% CPU
Alignment most likely contains protein sequences
Constructing alignment: done in 0.000146866 secs using 100.1% CPU
Alignment has 33 sequences with 325 columns, 168 distinct patterns
143 parsimony-informative, 2 singleton sites, 180 constant sites
        Gap/Ambiguity  Composition  p-value
Analyzing sequences: done in 1.09673e-05 secs using 100.3% CPU
   1  0_26      0.92%    passed    100.00%
   2  2_25      4.00%    passed    100.00%
   3  4_24      4.00%    passed    100.00%
   4  5_48      4.00%    passed    100.00%
   5  6_26      4.00%    passed    100.00%
   6  9_24      4.00%    passed    100.00%
   7  11_24     4.00%    passed    100.00%
   8  15_26     4.00%    passed    100.00%
   9  16_27     4.00%    passed    100.00%
  10  17_28     4.00%    passed    100.00%
  11  18_25     4.00%    passed    100.00%
  12  19_28     4.00%    passed    100.00%
  13  21_24     4.00%    passed    100.00%
  14  22_27     0.92%    passed    100.00%
  15  23_72     1.23%    passed     62.89%
  16  25_73     1.23%    passed     62.89%
  17  26_79    34.46%    passed    100.00%
  18  27_27     0.92%    passed    100.00%
  19  28_28     0.92%    passed    100.00%
  20  29_28    34.46%    passed     99.99%
  21  31_53     1.23%    passed     62.89%
  22  32_49     4.00%    passed    100.00%
  23  33_50     4.00%    passed    100.00%
  24  34_103   34.46%    passed     99.99%
  25  35_46    34.46%    passed     99.99%
  26  36_26    34.46%    passed     99.99%
  27  37_29    34.46%    passed     99.99%
  28  38_62     1.23%    passed     62.89%
  29  39_24     4.00%    passed    100.00%
  30  40_25     4.00%    passed    100.00%
  31  41_26     4.00%    passed    100.00%
  32  42_25     0.92%    passed    100.00%
  33  43_26     4.00%    passed    100.00%
****  TOTAL     8.74%  0 sequences failed composition chi2 test (p-value<5%; df=19)
NOTE: 27_27 is identical to 0_26 but kept for subsequent analysis
NOTE: 9_24 is identical to 4_24 but kept for subsequent analysis
NOTE: 17_28 is identical to 5_48 but kept for subsequent analysis
NOTE: 16_27 is identical to 15_26 but kept for subsequent analysis
NOTE: 33_50 is identical to 21_24 but kept for subsequent analysis
NOTE: 25_73 is identical to 23_72 but kept for subsequent analysis
NOTE: 34_103 is identical to 29_28 but kept for subsequent analysis
Checking for duplicate sequences: done in 3.79086e-05 secs using 100.2% CPU
Identifying sites to remove: done in 6.19888e-05 secs using 100% CPU
NOTE: 14 identical sequences (see below) will be ignored for subsequent analysis
NOTE: 28_28 (identical to 0_26) is ignored but added at the end
NOTE: 11_24 (identical to 4_24) is ignored but added at the end
NOTE: 18_25 (identical to 5_48) is ignored but added at the end
NOTE: 19_28 (identical to 5_48) is ignored but added at the end
NOTE: 32_49 (identical to 5_48) is ignored but added at the end
NOTE: 40_25 (identical to 5_48) is ignored but added at the end
NOTE: 41_26 (identical to 5_48) is ignored but added at the end
NOTE: 43_26 (identical to 5_48) is ignored but added at the end
NOTE: 39_24 (identical to 21_24) is ignored but added at the end
NOTE: 31_53 (identical to 23_72) is ignored but added at the end
NOTE: 38_62 (identical to 23_72) is ignored but added at the end
NOTE: 35_46 (identical to 29_28) is ignored but added at the end
NOTE: 36_26 (identical to 29_28) is ignored but added at the end
NOTE: 37_29 (identical to 29_28) is ignored but added at the end
Alignment was printed to ./orthofinder/Results_Jul04/WorkingDirectory/Alignments_ids/OG0000062.uniqueseq.phy

For your convenience alignment with unique sequences printed to ./orthofinder/Results_Jul04/WorkingDirectory/Alignments_ids/OG0000062.uniqueseq.phy


Create initial parsimony tree by phylogenetic likelihood library (PLL)... 0.000 seconds
Perform fast likelihood tree search using LG+I+G model...
Estimate model parameters (epsilon = 5.000)
Perform nearest neighbor interchange...
Optimizing NNI: done in 0.068553 secs using 45.73% CPU
Estimate model parameters (epsilon = 1.000)
1. Initial log-likelihood: -1746.826
Optimal log-likelihood: -1746.804
Proportion of invariable sites: 0.272
Gamma shape alpha: 1.605
Parameters optimization took 1 rounds (0.031 sec)
Time for fast ML tree search: 0.212 seconds

NOTE: ModelFinder requires 5 MB RAM!
ModelFinder will test up to 1232 protein models (sample size: 325) ...
 No. Model         -LnL         df  AIC          AICc         BIC
  1  LG            1758.657     35  3587.315     3596.035     3719.749
  2  LG+I          1748.425     36  3568.850     3578.100     3705.068
  3  LG+G4         1746.429     36  3564.857     3574.107     3701.075
  4  LG+I+G4       1746.791     37  3567.583     3577.381     3707.584
  5  LG+R2         1746.719     37  3567.437     3577.235     3707.439
  6  LG+R3         1746.291     39  3570.581     3581.529     3718.150
 14  LG+I+R2       1746.984     38  3569.968     3580.331     3713.753
 15  LG+I+R3       1746.081     40  3572.161     3583.711     3723.514
 24  LG+F+I        1738.507     55  3587.014     3609.913     3795.124
 25  LG+F+G4       1736.274     55  3582.549     3605.448     3790.659
 26  LG+F+I+G4     1736.668     56  3585.336     3609.157     3797.231
 27  LG+F+R2       1736.439     56  3584.879     3608.700     3796.773
 46  WAG+I         1754.214     36  3580.427     3589.677     3716.645
 47  WAG+G4        1753.518     36  3579.035     3588.285     3715.253
 48  WAG+I+G4      1753.702     37  3581.404     3591.202     3721.406
 49  WAG+R2        1753.978     37  3581.957     3591.755     3721.958
 68  WAG+F+I       1735.784     55  3581.569     3604.469     3789.679
 69  WAG+F+G4      1734.858     55  3579.716     3602.616     3787.827
 70  WAG+F+I+G4    1735.108     56  3582.215     3606.036     3794.109
 71  WAG+F+R2      1735.362     56  3582.725     3606.546     3794.619
 90  JTT+I         1752.095     36  3576.190     3585.440     3712.408
 91  JTT+G4        1751.243     36  3574.486     3583.736     3710.704
 92  JTT+I+G4      1751.317     37  3576.633     3586.431     3716.635
 93  JTT+R2        1751.511     37  3577.022     3586.820     3717.024
112  JTT+F+I       1735.372     55  3580.743     3603.643     3788.854
113  JTT+F+G4      1734.025     55  3578.049     3600.949     3786.160
114  JTT+F+I+G4    1734.240     56  3580.480     3604.301     3792.374
115  JTT+F+R2      1734.298     56  3580.595     3604.416     3792.489
WARNING: Normalizing state frequencies so that sum of them equals to 1
134  Q.pfam+I      1751.356     36  3574.713     3583.963     3710.931
WARNING: Normalizing state frequencies so that sum of them equals to 1
135  Q.pfam+G4     1749.309     36  3570.618     3579.868     3706.836
WARNING: Normalizing state frequencies so that sum of them equals to 1
136  Q.pfam+I+G4   1749.784     37  3573.569     3583.367     3713.570
WARNING: Normalizing state frequencies so that sum of them equals to 1
137  Q.pfam+R2     1749.656     37  3573.312     3583.110     3713.314
WARNING: Normalizing state frequencies so that sum of them equals to 1
156  Q.pfam+F+I    1739.542     55  3589.084     3611.984     3797.195
WARNING: Normalizing state frequencies so that sum of them equals to 1
157  Q.pfam+F+G4   1737.284     55  3584.568     3607.468     3792.679
WARNING: Normalizing state frequencies so that sum of them equals to 1
158  Q.pfam+F+I+G4 1737.786     56  3587.573     3611.394     3799.467
WARNING: Normalizing state frequencies so that sum of them equals to 1
159  Q.pfam+F+R2   1737.518     56  3587.035     3610.856     3798.929
WARNING: Normalizing state frequencies so that sum of them equals to 1
178  Q.bird+I      1771.009     36  3614.018     3623.268     3750.236
WARNING: Normalizing state frequencies so that sum of them equals to 1
179  Q.bird+G4     1769.680     36  3611.361     3620.611     3747.579
WARNING: Normalizing state frequencies so that sum of them equals to 1
180  Q.bird+I+G4   1769.428     37  3612.855     3622.653     3752.857
WARNING: Normalizing state frequencies so that sum of them equals to 1
181  Q.bird+R2     1771.846     37  3617.692     3627.490     3757.693
WARNING: Normalizing state frequencies so that sum of them equals to 1
200  Q.bird+F+I    1748.665     55  3607.330     3630.230     3815.440
WARNING: Normalizing state frequencies so that sum of them equals to 1
201  Q.bird+F+G4   1745.576     55  3601.153     3624.052     3809.263
WARNING: Normalizing state frequencies so that sum of them equals to 1
202  Q.bird+F+I+G4 1745.575     56  3603.149     3626.970     3815.044
WARNING: Normalizing state frequencies so that sum of them equals to 1
203  Q.bird+F+R2   1747.854     56  3607.708     3631.528     3819.602
WARNING: Normalizing state frequencies so that sum of them equals to 1
222  Q.mammal+I    1774.881     36  3621.761     3631.011     3757.979
WARNING: Normalizing state frequencies so that sum of them equals to 1
223  Q.mammal+G4   1773.492     36  3618.985     3628.235     3755.202
WARNING: Normalizing state frequencies so that sum of them equals to 1
224  Q.mammal+I+G4 1773.373     37  3620.747     3630.545     3760.748
WARNING: Normalizing state frequencies so that sum of them equals to 1
225  Q.mammal+R2   1774.583     37  3623.166     3632.964     3763.167
WARNING: Normalizing state frequencies so that sum of them equals to 1
244  Q.mammal+F+I  1748.213     55  3606.426     3629.326     3814.536
WARNING: Normalizing state frequencies so that sum of them equals to 1
245  Q.mammal+F+G4 1745.349     55  3600.699     3623.598     3808.809
WARNING: Normalizing state frequencies so that sum of them equals to 1
246  Q.mammal+F+I+G4 1745.454     56  3602.907     3626.728     3814.802
WARNING: Normalizing state frequencies so that sum of them equals to 1
247  Q.mammal+F+R2 1746.320     56  3604.639     3628.460     3816.534
266  Q.insect+I    1755.469     36  3582.938     3592.188     3719.156
267  Q.insect+G4   1753.528     36  3579.056     3588.306     3715.274
268  Q.insect+I+G4 1753.769     37  3581.538     3591.336     3721.540
269  Q.insect+R2   1753.782     37  3581.565     3591.363     3721.566
288  Q.insect+F+I  1740.363     55  3590.726     3613.626     3798.837
289  Q.insect+F+G4 1738.059     55  3586.118     3609.018     3794.229
290  Q.insect+F+I+G4 1738.407     56  3588.814     3612.635     3800.708
291  Q.insect+F+R2 1738.120     56  3588.239     3612.060     3800.134
WARNING: Normalizing state frequencies so that sum of them equals to 1
310  Q.plant+I     1752.121     36  3576.242     3585.492     3712.460
WARNING: Normalizing state frequencies so that sum of them equals to 1
311  Q.plant+G4    1750.176     36  3572.352     3581.602     3708.569
WARNING: Normalizing state frequencies so that sum of them equals to 1
312  Q.plant+I+G4  1750.170     37  3574.339     3584.137     3714.341
WARNING: Normalizing state frequencies so that sum of them equals to 1
313  Q.plant+R2    1751.205     37  3576.410     3586.208     3716.412
WARNING: Normalizing state frequencies so that sum of them equals to 1
332  Q.plant+F+I   1737.967     55  3585.934     3608.834     3794.045
WARNING: Normalizing state frequencies so that sum of them equals to 1
333  Q.plant+F+G4  1735.114     55  3580.228     3603.128     3788.339
WARNING: Normalizing state frequencies so that sum of them equals to 1
334  Q.plant+F+I+G4 1735.273     56  3582.545     3606.366     3794.439
WARNING: Normalizing state frequencies so that sum of them equals to 1
335  Q.plant+F+R2  1735.781     56  3583.561     3607.382     3795.455
WARNING: Normalizing state frequencies so that sum of them equals to 1
354  Q.yeast+I     1759.036     36  3590.072     3599.322     3726.289
WARNING: Normalizing state frequencies so that sum of them equals to 1
355  Q.yeast+G4    1756.684     36  3585.367     3594.617     3721.585
WARNING: Normalizing state frequencies so that sum of them equals to 1
356  Q.yeast+I+G4  1757.048     37  3588.095     3597.893     3728.097
WARNING: Normalizing state frequencies so that sum of them equals to 1
357  Q.yeast+R2    1756.771     37  3587.541     3597.339     3727.543
WARNING: Normalizing state frequencies so that sum of them equals to 1
376  Q.yeast+F+I   1740.132     55  3590.264     3613.164     3798.374
WARNING: Normalizing state frequencies so that sum of them equals to 1
377  Q.yeast+F+G4  1737.448     55  3584.897     3607.796     3793.007
WARNING: Normalizing state frequencies so that sum of them equals to 1
378  Q.yeast+F+I+G4 1737.921     56  3587.843     3611.663     3799.737
WARNING: Normalizing state frequencies so that sum of them equals to 1
379  Q.yeast+F+R2  1737.372     56  3586.745     3610.566     3798.639
398  JTTDCMut+I    1752.006     36  3576.012     3585.262     3712.230
399  JTTDCMut+G4   1751.192     36  3574.384     3583.634     3710.602
400  JTTDCMut+I+G4 1751.248     37  3576.496     3586.293     3716.497
401  JTTDCMut+R2   1751.451     37  3576.903     3586.701     3716.904
420  JTTDCMut+F+I  1734.986     55  3579.972     3602.871     3788.082
421  JTTDCMut+F+G4 1733.680     55  3577.360     3600.260     3785.471
422  JTTDCMut+F+I+G4 1733.888     56  3579.775     3603.596     3791.669
423  JTTDCMut+F+R2 1733.956     56  3579.912     3603.733     3791.806
442  DCMut+I       1778.397     36  3628.794     3638.044     3765.011
443  DCMut+G4      1777.641     36  3627.282     3636.532     3763.500
444  DCMut+I+G4    1777.550     37  3629.100     3638.898     3769.101
445  DCMut+R2      1778.186     37  3630.372     3640.170     3770.373
464  DCMut+F+I     1746.886     55  3603.772     3626.672     3811.882
465  DCMut+F+G4    1745.446     55  3600.893     3623.792     3809.003
466  DCMut+F+I+G4  1745.490     56  3602.980     3626.801     3814.874
467  DCMut+F+R2    1745.950     56  3603.900     3627.721     3815.794
486  VT+I          1752.803     36  3577.606     3586.856     3713.824
487  VT+G4         1751.703     36  3575.406     3584.656     3711.623
488  VT+I+G4       1752.355     37  3578.710     3588.508     3718.711
489  VT+R2         1752.110     37  3578.219     3588.017     3718.221
508  VT+F+I        1739.349     55  3588.698     3611.597     3796.808
509  VT+F+G4       1738.096     55  3586.191     3609.091     3794.302
510  VT+F+I+G4     1738.817     56  3589.634     3613.455     3801.528
511  VT+F+R2       1738.552     56  3589.105     3612.925     3800.999
530  PMB+I         1765.430     36  3602.860     3612.110     3739.078
531  PMB+G4        1764.233     36  3600.465     3609.715     3736.683
532  PMB+I+G4      1764.926     37  3603.852     3613.649     3743.853
533  PMB+R2        1764.674     37  3603.347     3613.145     3743.349
552  PMB+F+I       1747.640     55  3605.281     3628.180     3813.391
553  PMB+F+G4      1746.304     55  3602.608     3625.508     3810.718
554  PMB+F+I+G4    1746.988     56  3605.975     3629.796     3817.870
555  PMB+F+R2      1746.822     56  3605.645     3629.465     3817.539
574  Blosum62+I    1759.127     36  3590.254     3599.504     3726.471
575  Blosum62+G4   1757.741     36  3587.483     3596.733     3723.700
576  Blosum62+I+G4 1758.465     37  3590.930     3600.728     3730.931
577  Blosum62+R2   1758.262     37  3590.524     3600.322     3730.525
596  Blosum62+F+I  1747.468     55  3604.936     3627.836     3813.047
597  Blosum62+F+G4 1746.051     55  3602.102     3625.001     3810.212
598  Blosum62+F+I+G4 1746.756     56  3605.511     3629.332     3817.405
599  Blosum62+F+R2 1746.599     56  3605.199     3629.020     3817.093
618  Dayhoff+I     1778.324     36  3628.649     3637.899     3764.867
619  Dayhoff+G4    1777.570     36  3627.139     3636.389     3763.357
620  Dayhoff+I+G4  1777.474     37  3628.947     3638.745     3768.949
621  Dayhoff+R2    1778.124     37  3630.247     3640.045     3770.249
640  Dayhoff+F+I   1746.822     55  3603.644     3626.544     3811.754
641  Dayhoff+F+G4  1745.381     55  3600.763     3623.662     3808.873
642  Dayhoff+F+I+G4 1745.421     56  3602.841     3626.662     3814.736
643  Dayhoff+F+R2  1745.893     56  3603.786     3627.607     3815.680
662  mtREV+I       1832.168     36  3736.335     3745.585     3872.553
663  mtREV+G4      1829.548     36  3731.097     3740.347     3867.314
664  mtREV+I+G4    1829.466     37  3732.933     3742.731     3872.934
665  mtREV+R2      1831.052     37  3736.104     3745.902     3876.105
684  mtREV+F+I     1750.345     55  3610.689     3633.589     3818.800
685  mtREV+F+G4    1746.621     55  3603.242     3626.141     3811.352
686  mtREV+F+I+G4  1746.841     56  3605.681     3629.502     3817.575
687  mtREV+F+R2    1747.102     56  3606.203     3630.024     3818.097
706  mtART+I       1857.386     36  3786.772     3796.022     3922.990
707  mtART+G4      1848.926     36  3769.853     3779.103     3906.070
708  mtART+I+G4    1848.919     37  3771.839     3781.637     3911.840
709  mtART+R2      1859.508     37  3793.016     3802.814     3933.017
728  mtART+F+I     1776.384     55  3662.767     3685.667     3870.878
729  mtART+F+G4    1765.190     55  3640.380     3663.279     3848.490
730  mtART+F+I+G4  1765.629     56  3643.259     3667.080     3855.153
731  mtART+F+R2    1772.720     56  3657.440     3681.261     3869.335
750  mtZOA+I       1829.773     36  3731.546     3740.796     3867.764
751  mtZOA+G4      1823.254     36  3718.507     3727.757     3854.725
752  mtZOA+I+G4    1823.495     37  3720.990     3730.788     3860.991
753  mtZOA+R2      1828.172     37  3730.344     3740.142     3870.346
772  mtZOA+F+I     1756.278     55  3622.555     3645.455     3830.666
773  mtZOA+F+G4    1748.628     55  3607.256     3630.156     3815.366
774  mtZOA+F+I+G4  1749.055     56  3610.109     3633.930     3822.004
775  mtZOA+F+R2    1751.251     56  3614.503     3638.324     3826.397
794  mtMet+I       1841.020     36  3754.039     3763.289     3890.257
795  mtMet+G4      1837.260     36  3746.521     3755.771     3882.738
796  mtMet+I+G4    1837.282     37  3748.564     3758.361     3888.565
797  mtMet+R2      1839.845     37  3753.690     3763.488     3893.691
816  mtMet+F+I     1756.005     55  3622.010     3644.910     3830.121
817  mtMet+F+G4    1750.132     55  3610.263     3633.163     3818.374
818  mtMet+F+I+G4  1750.466     56  3612.931     3636.752     3824.825
819  mtMet+F+R2    1751.624     56  3615.248     3639.069     3827.142
838  mtVer+I       1851.570     36  3775.139     3784.389     3911.357
839  mtVer+G4      1848.684     36  3769.368     3778.618     3905.586
840  mtVer+I+G4    1848.287     37  3770.574     3780.372     3910.576
841  mtVer+R2      1854.691     37  3783.382     3793.180     3923.383
860  mtVer+F+I     1760.575     55  3631.150     3654.050     3839.261
861  mtVer+F+G4    1754.874     55  3619.747     3642.647     3827.857
862  mtVer+F+I+G4  1754.925     56  3621.850     3645.671     3833.744
863  mtVer+F+R2    1759.649     56  3631.298     3655.119     3843.193
882  mtInv+I       1857.620     36  3787.239     3796.489     3923.457
883  mtInv+G4      1854.204     36  3780.407     3789.657     3916.625
884  mtInv+I+G4    1854.382     37  3782.763     3792.561     3922.765
885  mtInv+R2      1855.024     37  3784.048     3793.846     3924.049
904  mtInv+F+I     1749.755     55  3609.509     3632.409     3817.620
905  mtInv+F+G4    1744.835     55  3599.671     3622.570     3807.781
906  mtInv+F+I+G4  1745.267     56  3602.535     3626.356     3814.429
907  mtInv+F+R2    1744.613     56  3601.225     3625.046     3813.119
926  mtMAM+I       1857.217     36  3786.433     3795.683     3922.651
927  mtMAM+G4      1850.246     36  3772.492     3781.742     3908.710
928  mtMAM+I+G4    1849.845     37  3773.690     3783.488     3913.692
929  mtMAM+R2      1861.873     37  3797.745     3807.543     3937.747
948  mtMAM+F+I     1774.033     55  3658.066     3680.966     3866.177
949  mtMAM+F+G4    1765.030     55  3640.061     3662.960     3848.171
950  mtMAM+F+I+G4  1765.001     56  3642.001     3665.822     3853.895
951  mtMAM+F+R2    1773.567     56  3659.133     3682.954     3871.028
WARNING: Normalizing state frequencies so that sum of them equals to 1
970  FLAVI+I       1784.255     36  3640.510     3649.760     3776.728
WARNING: Normalizing state frequencies so that sum of them equals to 1
971  FLAVI+G4      1781.895     36  3635.790     3645.040     3772.008
WARNING: Normalizing state frequencies so that sum of them equals to 1
972  FLAVI+I+G4    1781.488     37  3636.975     3646.773     3776.977
WARNING: Normalizing state frequencies so that sum of them equals to 1
973  FLAVI+R2      1789.451     37  3652.902     3662.700     3792.904
WARNING: Normalizing state frequencies so that sum of them equals to 1
992  FLAVI+F+I     1753.993     55  3617.986     3640.886     3826.096
WARNING: Normalizing state frequencies so that sum of them equals to 1
993  FLAVI+F+G4    1750.380     55  3610.759     3633.659     3818.870
WARNING: Normalizing state frequencies so that sum of them equals to 1
994  FLAVI+F+I+G4  1750.151     56  3612.302     3636.123     3824.196
WARNING: Normalizing state frequencies so that sum of them equals to 1
995  FLAVI+F+R2    1757.723     56  3627.446     3651.267     3839.340
1014  HIVb+I        1776.247     36  3624.495     3633.745     3760.713
1015  HIVb+G4       1775.209     36  3622.417     3631.667     3758.635
1016  HIVb+I+G4     1774.855     37  3623.711     3633.509     3763.712
1017  HIVb+R2       1777.473     37  3628.946     3638.744     3768.947
1036  HIVb+F+I      1746.780     55  3603.561     3626.460     3811.671
1037  HIVb+F+G4     1743.913     55  3597.826     3620.726     3805.937
1038  HIVb+F+I+G4   1743.874     56  3599.748     3623.569     3811.642
1039  HIVb+F+R2     1746.282     56  3604.563     3628.384     3816.457
1058  HIVw+I        1816.403     36  3704.807     3714.057     3841.025
1059  HIVw+G4       1817.066     36  3706.132     3715.382     3842.350
1060  HIVw+I+G4     1816.220     37  3706.440     3716.238     3846.442
1061  HIVw+R2       1821.854     37  3717.709     3727.507     3857.711
1080  HIVw+F+I      1758.912     55  3627.825     3650.724     3835.935
1081  HIVw+F+G4     1757.635     55  3625.271     3648.170     3833.381
1082  HIVw+F+I+G4   1757.170     56  3626.340     3650.161     3838.234
1083  HIVw+F+R2     1761.788     56  3635.576     3659.397     3847.470
1102  FLU+I         1788.392     36  3648.784     3658.034     3785.002
1103  FLU+G4        1788.198     36  3648.396     3657.646     3784.614
1104  FLU+I+G4      1787.643     37  3649.286     3659.084     3789.288
1105  FLU+R2        1790.620     37  3655.240     3665.038     3795.241
1124  FLU+F+I       1750.952     55  3611.904     3634.804     3820.014
1125  FLU+F+G4      1748.644     55  3607.287     3630.187     3815.398
1126  FLU+F+I+G4    1748.445     56  3608.889     3632.710     3820.783
1127  FLU+F+R2      1751.141     56  3614.283     3638.104     3826.177
1146  rtREV+I       1779.901     36  3631.802     3641.052     3768.020
1147  rtREV+G4      1778.251     36  3628.503     3637.753     3764.720
1148  rtREV+I+G4    1778.550     37  3631.100     3640.898     3771.102
1149  rtREV+R2      1778.648     37  3631.295     3641.093     3771.297
1168  rtREV+F+I     1746.555     55  3603.109     3626.009     3811.220
1169  rtREV+F+G4    1744.490     55  3598.980     3621.880     3807.091
1170  rtREV+F+I+G4  1744.820     56  3601.640     3625.460     3813.534
1171  rtREV+F+R2    1744.857     56  3601.714     3625.535     3813.608
1190  cpREV+I       1757.138     36  3586.277     3595.527     3722.494
1191  cpREV+G4      1756.273     36  3584.546     3593.796     3720.764
1192  cpREV+I+G4    1756.243     37  3586.485     3596.283     3726.487
1193  cpREV+R2      1756.738     37  3587.476     3597.274     3727.478
1212  cpREV+F+I     1732.814     55  3575.627     3598.527     3783.738
1213  cpREV+F+G4    1731.667     55  3573.333     3596.233     3781.444
1214  cpREV+F+I+G4  1731.678     56  3575.356     3599.177     3787.250
1215  cpREV+F+R2    1732.241     56  3576.483     3600.304     3788.377
Akaike Information Criterion:           LG+G4
Corrected Akaike Information Criterion: LG+G4
Bayesian Information Criterion:         LG+G4
Best-fit model: LG+G4 chosen according to BIC

All model information printed to ./orthofinder/Results_Jul04/WorkingDirectory/Alignments_ids/OG0000062.model.gz
CPU time for ModelFinder: 11.929 seconds (0h:0m:11s)
Wall-clock time for ModelFinder: 30.918 seconds (0h:0m:30s)

NOTE: 2 MB RAM (0 GB) is required!
Estimate model parameters (epsilon = 0.100)
1. Initial log-likelihood: -1746.429
Optimal log-likelihood: -1746.423
Gamma shape alpha: 0.628
Parameters optimization took 1 rounds (0.036 sec)
Wrote distance file to... 
Computing ML distances based on estimated model parameters...
Calculating distance matrix: done in 0.0311301 secs using 60.72% CPU
Computing ML distances took 0.031163 sec (of wall-clock time) 0.018935 sec (of CPU time)
Setting up auxiliary I and S matrices: done in 4.79221e-05 secs using 102.2% CPU
Constructing RapidNJ tree: done in 5.57899e-05 secs using 206.1% CPU
Computing RapidNJ tree took 0.000147 sec (of wall-clock time) 0.000203 sec (of CPU time)
Log-likelihood of RapidNJ tree: -1766.664
--------------------------------------------------------------------
|             INITIALIZING CANDIDATE TREE SET                      |
--------------------------------------------------------------------
Generating 98 parsimony trees... 0.105 second
Computing log-likelihood of 98 initial trees ... 0.614 seconds
Current best score: -1746.423

Do NNI search on 20 best initial trees
Optimizing NNI: done in 0.0566311 secs using 29.37% CPU
Estimate model parameters (epsilon = 0.100)
BETTER TREE FOUND at iteration 1: -1746.421
Optimizing NNI: done in 0.065484 secs using 99.98% CPU
Estimate model parameters (epsilon = 0.100)
BETTER TREE FOUND at iteration 2: -1746.393
Optimizing NNI: done in 0.0859139 secs using 49.19% CPU
Optimizing NNI: done in 0.129677 secs using 50.63% CPU
Optimizing NNI: done in 0.0942881 secs using 49.1% CPU
Optimizing NNI: done in 0.097208 secs using 50.62% CPU
Optimizing NNI: done in 0.095016 secs using 49.48% CPU
Optimizing NNI: done in 0.10738 secs using 44.12% CPU
Optimizing NNI: done in 0.121299 secs using 53.78% CPU
Optimizing NNI: done in 0.128296 secs using 50.1% CPU
Iteration 10 / LogL: -1746.393 / Time: 0h:0m:1s
Optimizing NNI: done in 0.126622 secs using 49.45% CPU
Optimizing NNI: done in 0.127044 secs using 49.63% CPU
Optimizing NNI: done in 0.126954 secs using 49.58% CPU
Optimizing NNI: done in 0.126703 secs using 49.49% CPU
Optimizing NNI: done in 0.127344 secs using 49.72% CPU
Optimizing NNI: done in 0.126588 secs using 49.45% CPU
Optimizing NNI: done in 0.128444 secs using 50.15% CPU
Optimizing NNI: done in 0.132508 secs using 48.26% CPU
Optimizing NNI: done in 0.164162 secs using 39.09% CPU
Optimizing NNI: done in 0.16528 secs using 39.49% CPU
Iteration 20 / LogL: -1746.393 / Time: 0h:0m:3s
Finish initializing candidate tree set (11)
Current best tree score: -1746.393 / CPU time: 3.131
Number of iterations: 20
--------------------------------------------------------------------
|               OPTIMIZING CANDIDATE TREE SET                      |
--------------------------------------------------------------------
Optimizing NNI: done in 0.164634 secs using 56.22% CPU
Optimizing NNI: done in 0.259107 secs using 58.32% CPU
Optimizing NNI: done in 0.200304 secs using 46.08% CPU
Optimizing NNI: done in 0.245056 secs using 38.23% CPU
Optimizing NNI: done in 0.307114 secs using 39.88% CPU
Optimizing NNI: done in 0.145704 secs using 54.13% CPU
Optimizing NNI: done in 0.226269 secs using 43.38% CPU
Optimizing NNI: done in 0.209906 secs using 45.98% CPU
Optimizing NNI: done in 0.209537 secs using 47.04% CPU
Optimizing NNI: done in 0.234375 secs using 40.28% CPU
Iteration 30 / LogL: -1746.395 / Time: 0h:0m:5s (0h:0m:13s left)
Optimizing NNI: done in 0.227676 secs using 45.51% CPU
Optimizing NNI: done in 0.322093 secs using 46.54% CPU
Optimizing NNI: done in 0.168736 secs using 47.85% CPU
Optimizing NNI: done in 0.090456 secs using 55.53% CPU
Optimizing NNI: done in 0.296007 secs using 41.89% CPU
Optimizing NNI: done in 0.246551 secs using 46.07% CPU
Optimizing NNI: done in 0.324225 secs using 51.88% CPU
Optimizing NNI: done in 0.220303 secs using 52.69% CPU
Optimizing NNI: done in 0.194338 secs using 46.1% CPU
Optimizing NNI: done in 0.082381 secs using 40.04% CPU
Iteration 40 / LogL: -1747.523 / Time: 0h:0m:7s (0h:0m:12s left)
Optimizing NNI: done in 0.106763 secs using 55.04% CPU
Optimizing NNI: done in 0.101405 secs using 52.67% CPU
Optimizing NNI: done in 0.260064 secs using 49.25% CPU
Optimizing NNI: done in 0.177684 secs using 43.72% CPU
Optimizing NNI: done in 0.165009 secs using 51.51% CPU
Optimizing NNI: done in 0.168725 secs using 54.5% CPU
Optimizing NNI: done in 0.211931 secs using 44.57% CPU
Optimizing NNI: done in 0.213176 secs using 49.46% CPU
Optimizing NNI: done in 0.110029 secs using 52.14% CPU
Optimizing NNI: done in 0.21104 secs using 47.69% CPU
Iteration 50 / LogL: -1746.395 / Time: 0h:0m:9s (0h:0m:10s left)
Optimizing NNI: done in 0.183008 secs using 51.19% CPU
Optimizing NNI: done in 0.0848541 secs using 53.64% CPU
Optimizing NNI: done in 0.22105 secs using 44.61% CPU
Optimizing NNI: done in 0.279098 secs using 47.71% CPU
Optimizing NNI: done in 0.229554 secs using 48.9% CPU
Optimizing NNI: done in 0.162899 secs using 47.17% CPU
Optimizing NNI: done in 0.241763 secs using 46.81% CPU
Optimizing NNI: done in 0.108432 secs using 55.73% CPU
Optimizing NNI: done in 0.155648 secs using 40.89% CPU
Optimizing NNI: done in 0.205211 secs using 49.17% CPU
Iteration 60 / LogL: -1746.395 / Time: 0h:0m:11s (0h:0m:8s left)
Optimizing NNI: done in 0.386197 secs using 38.9% CPU
Optimizing NNI: done in 0.247069 secs using 48.3% CPU
Optimizing NNI: done in 0.191184 secs using 49.78% CPU
Optimizing NNI: done in 0.188175 secs using 48.98% CPU
Optimizing NNI: done in 0.128012 secs using 50.11% CPU
Optimizing NNI: done in 0.319209 secs using 44.86% CPU
Optimizing NNI: done in 0.331253 secs using 42.04% CPU
Optimizing NNI: done in 0.173469 secs using 49.26% CPU
Optimizing NNI: done in 0.108027 secs using 44.46% CPU
Optimizing NNI: done in 0.401928 secs using 40.29% CPU
Iteration 70 / LogL: -2216.488 / Time: 0h:0m:13s (0h:0m:6s left)
Optimizing NNI: done in 0.164699 secs using 46.56% CPU
Optimizing NNI: done in 0.089402 secs using 50.78% CPU
Optimizing NNI: done in 0.152451 secs using 42.28% CPU
Optimizing NNI: done in 0.173382 secs using 47.13% CPU
Optimizing NNI: done in 0.197575 secs using 47.36% CPU
Optimizing NNI: done in 0.33637 secs using 48.85% CPU
Optimizing NNI: done in 0.222441 secs using 40.66% CPU
Optimizing NNI: done in 0.145473 secs using 42.25% CPU
Optimizing NNI: done in 0.236039 secs using 40.68% CPU
Optimizing NNI: done in 0.363555 secs using 43.79% CPU
Iteration 80 / LogL: -1746.396 / Time: 0h:0m:16s (0h:0m:4s left)
Optimizing NNI: done in 0.211894 secs using 61.17% CPU
Optimizing NNI: done in 0.0929639 secs using 99.98% CPU
Optimizing NNI: done in 0.156348 secs using 59.07% CPU
Optimizing NNI: done in 0.0903349 secs using 51.3% CPU
Optimizing NNI: done in 0.133226 secs using 48.91% CPU
Optimizing NNI: done in 0.320833 secs using 46.39% CPU
Optimizing NNI: done in 0.250367 secs using 48.88% CPU
Optimizing NNI: done in 0.12898 secs using 50.38% CPU
Optimizing NNI: done in 0.0669599 secs using 52.22% CPU
Optimizing NNI: done in 0.28195 secs using 47.49% CPU
Iteration 90 / LogL: -1746.396 / Time: 0h:0m:17s (0h:0m:2s left)
Optimizing NNI: done in 0.0996921 secs using 51.84% CPU
Optimizing NNI: done in 0.190202 secs using 49.52% CPU
Optimizing NNI: done in 0.187422 secs using 48.76% CPU
Optimizing NNI: done in 0.16808 secs using 52.42% CPU
Optimizing NNI: done in 0.233569 secs using 51.01% CPU
Optimizing NNI: done in 0.205242 secs using 53.2% CPU
Optimizing NNI: done in 0.282768 secs using 49.08% CPU
Optimizing NNI: done in 0.255877 secs using 49.97% CPU
Optimizing NNI: done in 0.243123 secs using 60.51% CPU
Optimizing NNI: done in 0.114561 secs using 99.96% CPU
Iteration 100 / LogL: -1747.154 / Time: 0h:0m:19s (0h:0m:0s left)
Optimizing NNI: done in 0.178806 secs using 64.22% CPU
Optimizing NNI: done in 0.162549 secs using 50.78% CPU
Optimizing NNI: done in 0.0936358 secs using 48.74% CPU
TREE SEARCH COMPLETED AFTER 103 ITERATIONS / Time: 0h:0m:20s

--------------------------------------------------------------------
|                    FINALIZING TREE SEARCH                        |
--------------------------------------------------------------------
Performs final model parameters optimization
Estimate model parameters (epsilon = 0.010)
1. Initial log-likelihood: -1746.393
Optimal log-likelihood: -1746.392
Gamma shape alpha: 0.612
Parameters optimization took 1 rounds (0.027 sec)
BEST SCORE FOUND : -1746.392
Total tree length: 1.157

Total number of iterations: 103
CPU time used for tree search: 9.769 sec (0h:0m:9s)
Wall-clock time used for tree search: 20.084 sec (0h:0m:20s)
Total CPU time used: 9.870 sec (0h:0m:9s)
Total wall-clock time used: 20.284 sec (0h:0m:20s)

Analysis results written to: 
  IQ-TREE report:                ./orthofinder/Results_Jul04/WorkingDirectory/Alignments_ids/OG0000062.iqtree
  Maximum-likelihood tree:       ./orthofinder/Results_Jul04/WorkingDirectory/Alignments_ids/OG0000062.treefile
  Likelihood distances:          ./orthofinder/Results_Jul04/WorkingDirectory/Alignments_ids/OG0000062.mldist
  Screen log file:               ./orthofinder/Results_Jul04/WorkingDirectory/Alignments_ids/OG0000062.log

Date and Time: Thu Jul  4 10:36:54 2024
