IQ-TREE multicore version 2.2.0.5 COVID-edition for Linux 64-bit built Sep 26 2022
Developed by Bui Quang Minh, James Barbetti, Nguyen Lam Tung,
Olga Chernomor, Heiko Schmidt, Dominik Schrempf, Michael Woodhams, Ly Trong Nhan.

Host:    c148 (AVX2, FMA3, 503 GB RAM)
Command: iqtree -s ./orthofinder/Results_Jul04/WorkingDirectory/Alignments_ids/OG0000198.fa -pre ./orthofinder/Results_Jul04/WorkingDirectory/Alignments_ids/OG0000198
Seed:    95641 (Using SPRNG - Scalable Parallel Random Number Generator)
Time:    Thu Jul  4 10:41:39 2024
Kernel:  AVX+FMA - 1 threads (24 CPU cores detected)

HINT: Use -nt option to specify number of threads because your CPU has 24 cores!
HINT: -nt AUTO will automatically determine the best number of threads to use.

Reading alignment file ./orthofinder/Results_Jul04/WorkingDirectory/Alignments_ids/OG0000198.fa ... Fasta format detected
Reading fasta file: done in 5.60284e-05 secs using 96.38% CPU
Alignment most likely contains protein sequences
Constructing alignment: done in 7.00951e-05 secs using 99.86% CPU
Alignment has 4 sequences with 172 columns, 157 distinct patterns
21 parsimony-informative, 113 singleton sites, 38 constant sites
       Gap/Ambiguity  Composition  p-value
Analyzing sequences: done in 3.09944e-06 secs using 129.1% CPU
   1  1_126    7.56%    passed     84.08%
   2  12_31   11.05%    passed     11.16%
   3  24_98    8.14%    passed     45.81%
   4  30_72    6.98%    failed      1.30%
****  TOTAL    8.43%  1 sequences failed composition chi2 test (p-value<5%; df=19)
Checking for duplicate sequences: done in 5.96046e-06 secs using 100.7% CPU


Create initial parsimony tree by phylogenetic likelihood library (PLL)... 0.000 seconds
Perform fast likelihood tree search using LG+I+G model...
Estimate model parameters (epsilon = 5.000)
Perform nearest neighbor interchange...
Optimizing NNI: done in 0.00067997 secs using 99.71% CPU
Estimate model parameters (epsilon = 1.000)
1. Initial log-likelihood: -1462.774
Optimal log-likelihood: -1462.453
Proportion of invariable sites: 0.069
Gamma shape alpha: 1.637
Parameters optimization took 1 rounds (0.003 sec)
Time for fast ML tree search: 0.009 seconds

NOTE: ModelFinder requires 1 MB RAM!
ModelFinder will test up to 1232 protein models (sample size: 172) ...
 No. Model         -LnL         df  AIC          AICc         BIC
  1  LG            1474.396     5   2958.792     2959.153     2974.529
  2  LG+I          1467.873     6   2947.746     2948.255     2966.631
  3  LG+G4         1461.633     6   2935.266     2935.775     2954.151
  4  LG+I+G4       1462.112     7   2938.224     2938.906     2960.256
  5  LG+R2         1461.941     7   2937.883     2938.566     2959.915
  6  LG+R3         1461.222     9   2940.444     2941.555     2968.771
 14  LG+I+R2       1461.649     8   2939.297     2940.181     2964.477
 15  LG+I+R3       1460.074     10  2940.147     2941.514     2971.622
 25  LG+F+G4       1441.170     25  2932.340     2941.244     3011.028
 26  LG+F+I+G4     1441.623     26  2935.246     2944.929     3017.081
 27  LG+F+R2       1441.905     26  2935.809     2945.492     3017.644
 47  WAG+G4        1456.536     6   2925.073     2925.582     2943.958
 48  WAG+I+G4      1456.873     7   2927.747     2928.430     2949.779
 49  WAG+R2        1456.607     7   2927.215     2927.897     2949.247
 69  WAG+F+G4      1436.763     25  2923.527     2932.431     3002.214
 70  WAG+F+I+G4    1437.067     26  2926.134     2935.817     3007.969
 71  WAG+F+R2      1436.928     26  2925.855     2935.538     3007.690
 91  JTT+G4        1465.611     6   2943.222     2943.731     2962.106
 92  JTT+I+G4      1466.147     7   2946.295     2946.978     2968.327
 93  JTT+R2        1465.483     7   2944.967     2945.650     2966.999
113  JTT+F+G4      1445.545     25  2941.091     2949.995     3019.778
114  JTT+F+I+G4    1445.953     26  2943.906     2953.589     3025.741
115  JTT+F+R2      1445.901     26  2943.802     2953.485     3025.637
WARNING: Normalizing state frequencies so that sum of them equals to 1
135  Q.pfam+G4     1463.454     6   2938.908     2939.417     2957.793
WARNING: Normalizing state frequencies so that sum of them equals to 1
136  Q.pfam+I+G4   1463.841     7   2941.681     2942.364     2963.714
WARNING: Normalizing state frequencies so that sum of them equals to 1
137  Q.pfam+R2     1463.849     7   2941.698     2942.381     2963.731
WARNING: Normalizing state frequencies so that sum of them equals to 1
157  Q.pfam+F+G4   1441.531     25  2933.063     2941.967     3011.750
WARNING: Normalizing state frequencies so that sum of them equals to 1
158  Q.pfam+F+I+G4 1441.763     26  2935.526     2945.209     3017.361
WARNING: Normalizing state frequencies so that sum of them equals to 1
159  Q.pfam+F+R2   1442.349     26  2936.699     2946.381     3018.533
WARNING: Normalizing state frequencies so that sum of them equals to 1
179  Q.bird+G4     1479.037     6   2970.074     2970.583     2988.959
WARNING: Normalizing state frequencies so that sum of them equals to 1
180  Q.bird+I+G4   1479.407     7   2972.815     2973.498     2994.847
WARNING: Normalizing state frequencies so that sum of them equals to 1
181  Q.bird+R2     1480.546     7   2975.091     2975.774     2997.124
WARNING: Normalizing state frequencies so that sum of them equals to 1
201  Q.bird+F+G4   1456.269     25  2962.538     2971.442     3041.226
WARNING: Normalizing state frequencies so that sum of them equals to 1
202  Q.bird+F+I+G4 1456.561     26  2965.122     2974.805     3046.957
WARNING: Normalizing state frequencies so that sum of them equals to 1
203  Q.bird+F+R2   1459.939     26  2971.878     2981.561     3053.713
WARNING: Normalizing state frequencies so that sum of them equals to 1
223  Q.mammal+G4   1478.489     6   2968.979     2969.488     2987.864
WARNING: Normalizing state frequencies so that sum of them equals to 1
224  Q.mammal+I+G4 1478.941     7   2971.882     2972.565     2993.914
WARNING: Normalizing state frequencies so that sum of them equals to 1
225  Q.mammal+R2   1479.398     7   2972.796     2973.479     2994.829
WARNING: Normalizing state frequencies so that sum of them equals to 1
245  Q.mammal+F+G4 1453.875     25  2957.751     2966.655     3036.438
WARNING: Normalizing state frequencies so that sum of them equals to 1
246  Q.mammal+F+I+G4 1454.160     26  2960.320     2970.003     3042.155
WARNING: Normalizing state frequencies so that sum of them equals to 1
247  Q.mammal+F+R2 1456.505     26  2965.009     2974.692     3046.844
267  Q.insect+G4   1468.782     6   2949.563     2950.072     2968.448
268  Q.insect+I+G4 1469.198     7   2952.395     2953.078     2974.428
269  Q.insect+R2   1469.467     7   2952.934     2953.617     2974.966
289  Q.insect+F+G4 1447.653     25  2945.306     2954.210     3023.993
290  Q.insect+F+I+G4 1448.057     26  2948.114     2957.797     3029.949
291  Q.insect+F+R2 1448.794     26  2949.588     2959.271     3031.423
WARNING: Normalizing state frequencies so that sum of them equals to 1
311  Q.plant+G4    1468.547     6   2949.095     2949.604     2967.980
WARNING: Normalizing state frequencies so that sum of them equals to 1
312  Q.plant+I+G4  1468.930     7   2951.860     2952.543     2973.893
WARNING: Normalizing state frequencies so that sum of them equals to 1
313  Q.plant+R2    1470.116     7   2954.233     2954.916     2976.265
WARNING: Normalizing state frequencies so that sum of them equals to 1
333  Q.plant+F+G4  1451.091     25  2952.182     2961.086     3030.870
WARNING: Normalizing state frequencies so that sum of them equals to 1
334  Q.plant+F+I+G4 1451.421     26  2954.841     2964.524     3036.676
WARNING: Normalizing state frequencies so that sum of them equals to 1
335  Q.plant+F+R2  1453.620     26  2959.240     2968.923     3041.075
WARNING: Normalizing state frequencies so that sum of them equals to 1
355  Q.yeast+G4    1473.227     6   2958.454     2958.964     2977.339
WARNING: Normalizing state frequencies so that sum of them equals to 1
356  Q.yeast+I+G4  1473.577     7   2961.154     2961.837     2983.186
WARNING: Normalizing state frequencies so that sum of them equals to 1
357  Q.yeast+R2    1473.929     7   2961.857     2962.540     2983.890
WARNING: Normalizing state frequencies so that sum of them equals to 1
377  Q.yeast+F+G4  1445.938     25  2941.876     2950.780     3020.563
WARNING: Normalizing state frequencies so that sum of them equals to 1
378  Q.yeast+F+I+G4 1446.262     26  2944.524     2954.207     3026.359
WARNING: Normalizing state frequencies so that sum of them equals to 1
379  Q.yeast+F+R2  1447.162     26  2946.324     2956.006     3028.158
399  JTTDCMut+G4   1465.379     6   2942.758     2943.267     2961.643
400  JTTDCMut+I+G4 1465.926     7   2945.852     2946.535     2967.885
401  JTTDCMut+R2   1465.141     7   2944.282     2944.965     2966.314
421  JTTDCMut+F+G4 1445.340     25  2940.681     2949.585     3019.368
422  JTTDCMut+F+I+G4 1445.762     26  2943.524     2953.206     3025.358
423  JTTDCMut+F+R2 1445.673     26  2943.347     2953.029     3025.182
443  DCMut+G4      1475.116     6   2962.232     2962.741     2981.117
444  DCMut+I+G4    1475.603     7   2965.207     2965.889     2987.239
445  DCMut+R2      1474.842     7   2963.683     2964.366     2985.716
465  DCMut+F+G4    1444.725     25  2939.450     2948.354     3018.137
466  DCMut+F+I+G4  1445.178     26  2942.355     2952.038     3024.190
467  DCMut+F+R2    1444.668     26  2941.336     2951.019     3023.171
487  VT+G4         1460.267     6   2932.535     2933.044     2951.419
488  VT+I+G4       1460.615     7   2935.231     2935.914     2957.263
489  VT+R2         1460.262     7   2934.523     2935.206     2956.556
509  VT+F+G4       1439.174     25  2928.347     2937.251     3007.034
510  VT+F+I+G4     1439.425     26  2930.850     2940.533     3012.685
511  VT+F+R2       1439.162     26  2930.325     2940.008     3012.160
531  PMB+G4        1456.033     6   2924.067     2924.576     2942.952
532  PMB+I+G4      1456.347     7   2926.694     2927.377     2948.727
533  PMB+R2        1456.083     7   2926.166     2926.849     2948.198
553  PMB+F+G4      1440.763     25  2931.526     2940.430     3010.214
554  PMB+F+I+G4    1440.982     26  2933.965     2943.648     3015.800
555  PMB+F+R2      1440.831     26  2933.662     2943.345     3015.497
575  Blosum62+G4   1457.331     6   2926.662     2927.171     2945.547
576  Blosum62+I+G4 1457.551     7   2929.101     2929.784     2951.134
577  Blosum62+R2   1457.348     7   2928.696     2929.378     2950.728
597  Blosum62+F+G4 1441.934     25  2933.867     2942.771     3012.555
598  Blosum62+F+I+G4 1442.087     26  2936.175     2945.857     3018.009
599  Blosum62+F+R2 1441.934     26  2935.868     2945.551     3017.703
619  Dayhoff+G4    1475.143     6   2962.285     2962.794     2981.170
620  Dayhoff+I+G4  1475.620     7   2965.241     2965.923     2987.273
621  Dayhoff+R2    1474.853     7   2963.706     2964.389     2985.739
641  Dayhoff+F+G4  1444.747     25  2939.495     2948.399     3018.182
642  Dayhoff+F+I+G4 1445.191     26  2942.381     2952.064     3024.216
643  Dayhoff+F+R2  1444.680     26  2941.361     2951.044     3023.196
663  mtREV+G4      1570.604     6   3153.208     3153.718     3172.093
664  mtREV+I+G4    1571.029     7   3156.058     3156.741     3178.090
665  mtREV+R2      1571.602     7   3157.205     3157.888     3179.237
685  mtREV+F+G4    1457.605     25  2965.209     2974.113     3043.897
686  mtREV+F+I+G4  1457.892     26  2967.784     2977.467     3049.619
687  mtREV+F+R2    1458.985     26  2969.969     2979.652     3051.804
707  mtART+G4      1570.144     6   3152.287     3152.796     3171.172
708  mtART+I+G4    1570.479     7   3154.959     3155.642     3176.991
709  mtART+R2      1572.684     7   3159.368     3160.051     3181.401
729  mtART+F+G4    1473.130     25  2996.261     3005.165     3074.948
730  mtART+F+I+G4  1473.455     26  2998.910     3008.593     3080.745
731  mtART+F+R2    1476.918     26  3005.836     3015.519     3087.671
751  mtZOA+G4      1546.059     6   3104.118     3104.627     3123.003
752  mtZOA+I+G4    1546.380     7   3106.760     3107.443     3128.792
753  mtZOA+R2      1547.206     7   3108.411     3109.094     3130.443
773  mtZOA+F+G4    1462.644     25  2975.288     2984.192     3053.975
774  mtZOA+F+I+G4  1462.964     26  2977.927     2987.610     3059.762
775  mtZOA+F+R2    1465.544     26  2983.088     2992.771     3064.923
795  mtMet+G4      1560.828     6   3133.657     3134.166     3152.542
796  mtMet+I+G4    1561.250     7   3136.500     3137.183     3158.532
797  mtMet+R2      1561.044     7   3136.087     3136.770     3158.120
817  mtMet+F+G4    1459.245     25  2968.490     2977.394     3047.178
818  mtMet+F+I+G4  1459.610     26  2971.219     2980.902     3053.054
819  mtMet+F+R2    1461.410     26  2974.821     2984.504     3056.656
839  mtVer+G4      1577.541     6   3167.081     3167.591     3185.966
840  mtVer+I+G4    1577.880     7   3169.761     3170.444     3191.793
841  mtVer+R2      1579.585     7   3173.169     3173.852     3195.201
861  mtVer+F+G4    1464.202     25  2978.404     2987.308     3057.091
862  mtVer+F+I+G4  1464.507     26  2981.013     2990.696     3062.848
863  mtVer+F+R2    1468.643     26  2989.286     2998.969     3071.121
883  mtInv+G4      1568.218     6   3148.435     3148.944     3167.320
884  mtInv+I+G4    1568.643     7   3151.286     3151.969     3173.318
885  mtInv+R2      1567.783     7   3149.567     3150.250     3171.599
905  mtInv+F+G4    1455.214     25  2960.428     2969.332     3039.116
906  mtInv+F+I+G4  1455.588     26  2963.176     2972.858     3045.010
907  mtInv+F+R2    1456.182     26  2964.363     2974.046     3046.198
927  mtMAM+G4      1581.079     6   3174.158     3174.667     3193.043
928  mtMAM+I+G4    1581.409     7   3176.819     3177.502     3198.851
929  mtMAM+R2      1586.660     7   3187.319     3188.002     3209.352
949  mtMAM+F+G4    1469.176     25  2988.353     2997.257     3067.040
950  mtMAM+F+I+G4  1469.436     26  2990.872     3000.555     3072.707
951  mtMAM+F+R2    1475.148     26  3002.296     3011.979     3084.131
WARNING: Normalizing state frequencies so that sum of them equals to 1
971  FLAVI+G4      1487.909     6   2987.818     2988.327     3006.703
WARNING: Normalizing state frequencies so that sum of them equals to 1
972  FLAVI+I+G4    1488.332     7   2990.663     2991.346     3012.696
WARNING: Normalizing state frequencies so that sum of them equals to 1
973  FLAVI+R2      1488.501     7   2991.002     2991.685     3013.034
WARNING: Normalizing state frequencies so that sum of them equals to 1
993  FLAVI+F+G4    1462.127     25  2974.253     2983.157     3052.940
WARNING: Normalizing state frequencies so that sum of them equals to 1
994  FLAVI+F+I+G4  1462.455     26  2976.911     2986.593     3058.745
WARNING: Normalizing state frequencies so that sum of them equals to 1
995  FLAVI+F+R2    1464.322     26  2980.643     2990.326     3062.478
1015  HIVb+G4       1476.110     6   2964.220     2964.729     2983.105
1016  HIVb+I+G4     1476.545     7   2967.089     2967.772     2989.122
1017  HIVb+R2       1475.892     7   2965.784     2966.467     2987.816
1037  HIVb+F+G4     1452.958     25  2955.916     2964.820     3034.603
1038  HIVb+F+I+G4   1453.343     26  2958.685     2968.368     3040.520
1039  HIVb+F+R2     1453.406     26  2958.812     2968.494     3040.647
1059  HIVw+G4       1503.298     6   3018.597     3019.106     3037.482
1060  HIVw+I+G4     1503.672     7   3021.343     3022.026     3043.376
1061  HIVw+R2       1502.451     7   3018.902     3019.585     3040.934
1081  HIVw+F+G4     1460.969     25  2971.939     2980.843     3050.626
1082  HIVw+F+I+G4   1461.156     26  2974.313     2983.996     3056.148
1083  HIVw+F+R2     1461.152     26  2974.304     2983.987     3056.139
1103  FLU+G4        1472.957     6   2957.913     2958.422     2976.798
1104  FLU+I+G4      1473.266     7   2960.531     2961.214     2982.564
1105  FLU+R2        1473.556     7   2961.113     2961.796     2983.145
1125  FLU+F+G4      1450.449     25  2950.899     2959.803     3029.586
1126  FLU+F+I+G4    1450.411     26  2952.823     2962.505     3034.657
1127  FLU+F+R2      1452.244     26  2956.489     2966.171     3038.323
1147  rtREV+G4      1470.928     6   2953.856     2954.366     2972.741
1148  rtREV+I+G4    1471.250     7   2956.500     2957.183     2978.533
1149  rtREV+R2      1471.086     7   2956.171     2956.854     2978.204
1169  rtREV+F+G4    1441.673     25  2933.346     2942.251     3012.034
1170  rtREV+F+I+G4  1441.878     26  2935.756     2945.439     3017.591
1171  rtREV+F+R2    1442.119     26  2936.238     2945.920     3018.072
1191  cpREV+G4      1472.361     6   2956.722     2957.231     2975.607
1192  cpREV+I+G4    1472.746     7   2959.491     2960.174     2981.524
1193  cpREV+R2      1472.388     7   2958.776     2959.458     2980.808
1213  cpREV+F+G4    1447.016     25  2944.032     2952.937     3022.720
1214  cpREV+F+I+G4  1447.361     26  2946.723     2956.405     3028.558
1215  cpREV+F+R2    1447.082     26  2946.164     2955.847     3027.999
Akaike Information Criterion:           WAG+F+G4
Corrected Akaike Information Criterion: PMB+G4
Bayesian Information Criterion:         PMB+G4
Best-fit model: PMB+G4 chosen according to BIC

All model information printed to ./orthofinder/Results_Jul04/WorkingDirectory/Alignments_ids/OG0000198.model.gz
CPU time for ModelFinder: 1.394 seconds (0h:0m:1s)
Wall-clock time for ModelFinder: 3.731 seconds (0h:0m:3s)

NOTE: 0 MB RAM (0 GB) is required!
Estimate model parameters (epsilon = 0.100)
1. Initial log-likelihood: -1456.033
Optimal log-likelihood: -1456.030
Gamma shape alpha: 2.585
Parameters optimization took 1 rounds (0.001 sec)
Wrote distance file to... 
Computing ML distances based on estimated model parameters...
Calculating distance matrix: done in 0.000814915 secs using 100% CPU
Computing ML distances took 0.000873 sec (of wall-clock time) 0.000873 sec (of CPU time)
Setting up auxiliary I and S matrices: done in 3.79086e-05 secs using 102.9% CPU
Constructing RapidNJ tree: done in 9.05991e-06 secs using 88.3% CPU
Computing RapidNJ tree took 0.000081 sec (of wall-clock time) 0.000079 sec (of CPU time)
Log-likelihood of RapidNJ tree: -1456.030
--------------------------------------------------------------------
|             INITIALIZING CANDIDATE TREE SET                      |
--------------------------------------------------------------------
Generating 99 parsimony trees... 0.005 second
Computing log-likelihood of 2 initial trees ... 0.001 seconds
Current best score: -1456.030

Do NNI search on 3 best initial trees
Optimizing NNI: done in 0.000765085 secs using 618% CPU
Optimizing NNI: done in 0.00168395 secs using 99.94% CPU
Optimizing NNI: done in 0.017755 secs using 9.924% CPU
Finish initializing candidate tree set (3)
Current best tree score: -1456.030 / CPU time: 0.031
Number of iterations: 3
--------------------------------------------------------------------
|               OPTIMIZING CANDIDATE TREE SET                      |
--------------------------------------------------------------------
Optimizing NNI: done in 0.00253201 secs using 100% CPU
Optimizing NNI: done in 0.00254202 secs using 258% CPU
Optimizing NNI: done in 0.00168204 secs using 100.1% CPU
Optimizing NNI: done in 0.00161695 secs using 100% CPU
UPDATE BEST LOG-LIKELIHOOD: -1456.030
Optimizing NNI: done in 0.000682116 secs using 99.84% CPU
Optimizing NNI: done in 0.00163817 secs using 100.1% CPU
UPDATE BEST LOG-LIKELIHOOD: -1456.030
Optimizing NNI: done in 0.00168705 secs using 99.94% CPU
Iteration 10 / LogL: -1456.161 / Time: 0h:0m:0s
Optimizing NNI: done in 0.00168991 secs using 100% CPU
Optimizing NNI: done in 0.00167489 secs using 100% CPU
Optimizing NNI: done in 0.00167203 secs using 100% CPU
Optimizing NNI: done in 0.00166988 secs using 100% CPU
Optimizing NNI: done in 0.00167799 secs using 100% CPU
Optimizing NNI: done in 0.026613 secs using 39.88% CPU
Optimizing NNI: done in 0.00163198 secs using 100.1% CPU
UPDATE BEST LOG-LIKELIHOOD: -1456.030
Optimizing NNI: done in 0.00170493 secs using 160.1% CPU
Optimizing NNI: done in 0.00252795 secs using 135.5% CPU
Optimizing NNI: done in 0.00167418 secs using 100% CPU
Iteration 20 / LogL: -1456.961 / Time: 0h:0m:0s
Optimizing NNI: done in 0.00159717 secs using 100.1% CPU
Optimizing NNI: done in 0.00169015 secs using 99.99% CPU
Optimizing NNI: done in 0.0217769 secs using 45.14% CPU
Optimizing NNI: done in 0.000639915 secs using 99.7% CPU
Optimizing NNI: done in 0.000639915 secs using 99.86% CPU
Optimizing NNI: done in 0.00160789 secs using 100% CPU
Optimizing NNI: done in 0.00159979 secs using 100.1% CPU
Optimizing NNI: done in 0.00167418 secs using 127.3% CPU
Optimizing NNI: done in 0.00252509 secs using 127.3% CPU
Optimizing NNI: done in 0.0258951 secs using 8.847% CPU
Iteration 30 / LogL: -1456.961 / Time: 0h:0m:0s (0h:0m:0s left)
Optimizing NNI: done in 0.000651121 secs using 100.1% CPU
Optimizing NNI: done in 0.0016911 secs using 100.1% CPU
Optimizing NNI: done in 0.00255084 secs using 99.97% CPU
Optimizing NNI: done in 0.001683 secs using 100.1% CPU
Optimizing NNI: done in 0.001688 secs using 100% CPU
Optimizing NNI: done in 0.00158906 secs using 100.1% CPU
Optimizing NNI: done in 0.025856 secs using 7.174% CPU
Optimizing NNI: done in 0.001688 secs using 100% CPU
Optimizing NNI: done in 0.00165391 secs using 98.92% CPU
Optimizing NNI: done in 0.00252318 secs using 99.99% CPU
Iteration 40 / LogL: -1456.204 / Time: 0h:0m:0s (0h:0m:0s left)
Optimizing NNI: done in 0.001688 secs using 100% CPU
Optimizing NNI: done in 0.000633001 secs using 100% CPU
Optimizing NNI: done in 0.00252199 secs using 100% CPU
Optimizing NNI: done in 0.00167799 secs using 100% CPU
Optimizing NNI: done in 0.0210521 secs using 8.384% CPU
Optimizing NNI: done in 0.00253201 secs using 100% CPU
Optimizing NNI: done in 0.00251603 secs using 99.96% CPU
Optimizing NNI: done in 0.00168395 secs using 99.94% CPU
Optimizing NNI: done in 0.0256741 secs using 6.481% CPU
Optimizing NNI: done in 0.000641823 secs using 100% CPU
Iteration 50 / LogL: -1503.549 / Time: 0h:0m:0s (0h:0m:0s left)
Optimizing NNI: done in 0.00167894 secs using 100.1% CPU
Optimizing NNI: done in 0.00161004 secs using 100.1% CPU
Optimizing NNI: done in 0.00159001 secs using 100.1% CPU
Optimizing NNI: done in 0.00168991 secs using 100.1% CPU
Optimizing NNI: done in 0.00166917 secs using 99.99% CPU
Optimizing NNI: done in 0.02983 secs using 6.101% CPU
Optimizing NNI: done in 0.00169301 secs using 100% CPU
Optimizing NNI: done in 0.00169086 secs using 100% CPU
Optimizing NNI: done in 0.00251698 secs using 100% CPU
Optimizing NNI: done in 0.001688 secs using 100% CPU
Iteration 60 / LogL: -1456.961 / Time: 0h:0m:0s (0h:0m:0s left)
Optimizing NNI: done in 0.00166917 secs using 99.99% CPU
Optimizing NNI: done in 0.025739 secs using 6.776% CPU
Optimizing NNI: done in 0.00168109 secs using 99.99% CPU
Optimizing NNI: done in 0.00252891 secs using 100% CPU
Optimizing NNI: done in 0.00168705 secs using 100% CPU
Optimizing NNI: done in 0.000643015 secs using 100.2% CPU
Optimizing NNI: done in 0.00167108 secs using 100% CPU
Optimizing NNI: done in 0.00168085 secs using 100% CPU
Optimizing NNI: done in 0.024667 secs using 2.712% CPU
Optimizing NNI: done in 0.00252509 secs using 100% CPU
Iteration 70 / LogL: -1456.204 / Time: 0h:0m:0s (0h:0m:0s left)
Optimizing NNI: done in 0.00168514 secs using 99.99% CPU
Optimizing NNI: done in 0.000636101 secs using 99.98% CPU
Optimizing NNI: done in 0.001683 secs using 100% CPU
Optimizing NNI: done in 0.000642061 secs using 99.83% CPU
Optimizing NNI: done in 0.00251389 secs using 100% CPU
Optimizing NNI: done in 0.0265779 secs using 9.7% CPU
Optimizing NNI: done in 0.00160599 secs using 100% CPU
Optimizing NNI: done in 0.00160813 secs using 99.99% CPU
Optimizing NNI: done in 0.000638008 secs using 100.2% CPU
Optimizing NNI: done in 0.00251293 secs using 100% CPU
Iteration 80 / LogL: -1456.204 / Time: 0h:0m:0s (0h:0m:0s left)
Optimizing NNI: done in 0.00167108 secs using 100% CPU
Optimizing NNI: done in 0.000634909 secs using 99.86% CPU
Optimizing NNI: done in 0.0258639 secs using 7.176% CPU
Optimizing NNI: done in 0.00168109 secs using 99.99% CPU
Optimizing NNI: done in 0.00169492 secs using 100.1% CPU
Optimizing NNI: done in 0.000638962 secs using 100.2% CPU
Optimizing NNI: done in 0.000642061 secs using 100.3% CPU
Optimizing NNI: done in 0.000642061 secs using 99.99% CPU
Optimizing NNI: done in 0.00168896 secs using 99.94% CPU
Optimizing NNI: done in 0.00167203 secs using 99.94% CPU
Iteration 90 / LogL: -1456.961 / Time: 0h:0m:0s (0h:0m:0s left)
Optimizing NNI: done in 0.0016849 secs using 100% CPU
Optimizing NNI: done in 0.00168705 secs using 100% CPU
Optimizing NNI: done in 0.00169587 secs using 100% CPU
Optimizing NNI: done in 0.000638962 secs using 100% CPU
Optimizing NNI: done in 0.00166988 secs using 100% CPU
Optimizing NNI: done in 0.0257959 secs using 6.935% CPU
Optimizing NNI: done in 0.00254202 secs using 100% CPU
Optimizing NNI: done in 0.000637054 secs using 99.99% CPU
Optimizing NNI: done in 0.00160384 secs using 100% CPU
Optimizing NNI: done in 0.00253606 secs using 100% CPU
Iteration 100 / LogL: -1456.204 / Time: 0h:0m:0s (0h:0m:0s left)
Optimizing NNI: done in 0.026602 secs using 9.796% CPU
TREE SEARCH COMPLETED AFTER 101 ITERATIONS / Time: 0h:0m:0s

--------------------------------------------------------------------
|                    FINALIZING TREE SEARCH                        |
--------------------------------------------------------------------
Performs final model parameters optimization
Estimate model parameters (epsilon = 0.010)
1. Initial log-likelihood: -1456.030
Optimal log-likelihood: -1456.030
Gamma shape alpha: 2.608
Parameters optimization took 1 rounds (0.001 sec)
BEST SCORE FOUND : -1456.030
Total tree length: 2.746

Total number of iterations: 101
CPU time used for tree search: 0.240 sec (0h:0m:0s)
Wall-clock time used for tree search: 0.571 sec (0h:0m:0s)
Total CPU time used: 0.289 sec (0h:0m:0s)
Total wall-clock time used: 0.687 sec (0h:0m:0s)

Analysis results written to: 
  IQ-TREE report:                ./orthofinder/Results_Jul04/WorkingDirectory/Alignments_ids/OG0000198.iqtree
  Maximum-likelihood tree:       ./orthofinder/Results_Jul04/WorkingDirectory/Alignments_ids/OG0000198.treefile
  Likelihood distances:          ./orthofinder/Results_Jul04/WorkingDirectory/Alignments_ids/OG0000198.mldist
  Screen log file:               ./orthofinder/Results_Jul04/WorkingDirectory/Alignments_ids/OG0000198.log

Date and Time: Thu Jul  4 10:41:43 2024
