IQ-TREE multicore version 2.2.0.5 COVID-edition for Linux 64-bit built Sep 26 2022
Developed by Bui Quang Minh, James Barbetti, Nguyen Lam Tung,
Olga Chernomor, Heiko Schmidt, Dominik Schrempf, Michael Woodhams, Ly Trong Nhan.

Host:    c094 (AVX2, FMA3, 503 GB RAM)
Command: iqtree2 -s ./3_mafft_alignments_clean/OG0000055.fasta_cleaned.fasta -B 1000 -m MFP -T 1 -pre iqtree/OG0000055.fasta_cleaned.fasta
Seed:    170149 (Using SPRNG - Scalable Parallel Random Number Generator)
Time:    Thu Sep 26 16:03:50 2024
Kernel:  AVX+FMA - 1 threads (32 CPU cores detected)

HINT: Use -nt option to specify number of threads because your CPU has 32 cores!
HINT: -nt AUTO will automatically determine the best number of threads to use.

Reading alignment file ./3_mafft_alignments_clean/OG0000055.fasta_cleaned.fasta ... Fasta format detected
Reading fasta file: done in 0.000339031 secs using 99.7% CPU
Alignment most likely contains protein sequences
Constructing alignment: done in 0.000281811 secs using 99.71% CPU
Alignment has 31 sequences with 445 columns, 230 distinct patterns
223 parsimony-informative, 5 singleton sites, 217 constant sites
                           Gap/Ambiguity  Composition  p-value
Analyzing sequences: done in 2.40803e-05 secs using 103.8% CPU
   1  AF371960_AF371960.1_00117    1.35%    passed    100.00%
   2  AY894343_MK689686.1_00116    1.80%    passed    100.00%
   3  BD143114_MK689686.1_00116    1.80%    passed    100.00%
   4  GQ273492_GQ273492.1_00114    2.02%    passed    100.00%
   5  KC244182_MK689686.1_00116    1.80%    passed    100.00%
   6  KT804738_MK689686.1_00116    1.80%    passed    100.00%
   7  MG570131_MG570131.1_00114    2.02%    passed    100.00%
   8  MG570132_MG570132.1_00114    2.02%    passed    100.00%
   9  MK098185_MK689686.1_00116    1.80%    passed    100.00%
  10  MK098186_MK689686.1_00116    1.80%    passed    100.00%
  11  MK098187_MK689686.1_00116    1.80%    passed    100.00%
  12  MK689685_AF371960.1_00117    1.35%    passed    100.00%
  13  MK689686_MK689686.1_00116    1.80%    passed    100.00%
  14  MN432490_AF371960.1_00117    1.35%    passed    100.00%
  15  MN562489_OM037668.1_00134   36.40%    failed      0.61%
  16  MT521409_OM037668.1_00134   36.40%    failed      0.61%
  17  MT798582_MK689686.1_00116    1.80%    passed    100.00%
  18  MT926123_AF371960.1_00117    1.35%    passed    100.00%
  19  MT986830_AF371960.1_00117    1.35%    passed    100.00%
  20  MW139932_MK689686.1_00116    1.80%    passed    100.00%
  21  OK042108_MK689686.1_00116    1.80%    passed    100.00%
  22  OK042109_MK689686.1_00116    1.80%    passed    100.00%
  23  OL774653_MK689686.1_00116    1.80%    passed    100.00%
  24  OL774654_MK689686.1_00116    1.80%    passed    100.00%
  25  OL774655_MK689686.1_00116    1.80%    passed    100.00%
  26  OM037668_OM037668.1_00134   36.40%    failed      0.61%
  27  ON075463_MK689686.1_00116    1.80%    passed    100.00%
  28  ON740976_MK689686.1_00116    1.80%    passed    100.00%
  29  ON743042_MK689686.1_00116    1.80%    passed    100.00%
  30  OP009387_AF371960.1_00117    1.35%    passed    100.00%
  31  OQ475017_OQ475017.1_00116    1.80%    passed    100.00%
****  TOTAL                        5.08%  3 sequences failed composition chi2 test (p-value<5%; df=19)
NOTE: MK689685_AF371960.1_00117 is identical to AF371960_AF371960.1_00117 but kept for subsequent analysis
NOTE: MK098185_MK689686.1_00116 is identical to BD143114_MK689686.1_00116 but kept for subsequent analysis
NOTE: MT798582_MK689686.1_00116 is identical to KC244182_MK689686.1_00116 but kept for subsequent analysis
NOTE: MK689686_MK689686.1_00116 is identical to KT804738_MK689686.1_00116 but kept for subsequent analysis
NOTE: MG570132_MG570132.1_00114 is identical to MG570131_MG570131.1_00114 but kept for subsequent analysis
NOTE: MT521409_OM037668.1_00134 is identical to MN562489_OM037668.1_00134 but kept for subsequent analysis
Checking for duplicate sequences: done in 6.58035e-05 secs using 98.78% CPU
Identifying sites to remove: done in 0.000149012 secs using 100.7% CPU
NOTE: 15 identical sequences (see below) will be ignored for subsequent analysis
NOTE: MT986830_AF371960.1_00117 (identical to AF371960_AF371960.1_00117) is ignored but added at the end
NOTE: OP009387_AF371960.1_00117 (identical to AF371960_AF371960.1_00117) is ignored but added at the end
NOTE: MK098186_MK689686.1_00116 (identical to BD143114_MK689686.1_00116) is ignored but added at the end
NOTE: MK098187_MK689686.1_00116 (identical to BD143114_MK689686.1_00116) is ignored but added at the end
NOTE: MW139932_MK689686.1_00116 (identical to BD143114_MK689686.1_00116) is ignored but added at the end
NOTE: OL774653_MK689686.1_00116 (identical to BD143114_MK689686.1_00116) is ignored but added at the end
NOTE: OL774654_MK689686.1_00116 (identical to BD143114_MK689686.1_00116) is ignored but added at the end
NOTE: OL774655_MK689686.1_00116 (identical to BD143114_MK689686.1_00116) is ignored but added at the end
NOTE: OQ475017_OQ475017.1_00116 (identical to BD143114_MK689686.1_00116) is ignored but added at the end
NOTE: OK042109_MK689686.1_00116 (identical to KC244182_MK689686.1_00116) is ignored but added at the end
NOTE: ON075463_MK689686.1_00116 (identical to KC244182_MK689686.1_00116) is ignored but added at the end
NOTE: ON740976_MK689686.1_00116 (identical to KC244182_MK689686.1_00116) is ignored but added at the end
NOTE: OK042108_MK689686.1_00116 (identical to KT804738_MK689686.1_00116) is ignored but added at the end
NOTE: ON743042_MK689686.1_00116 (identical to KT804738_MK689686.1_00116) is ignored but added at the end
NOTE: OM037668_OM037668.1_00134 (identical to MN562489_OM037668.1_00134) is ignored but added at the end
Alignment was printed to iqtree/OG0000055.fasta_cleaned.fasta.uniqueseq.phy

For your convenience alignment with unique sequences printed to iqtree/OG0000055.fasta_cleaned.fasta.uniqueseq.phy


Create initial parsimony tree by phylogenetic likelihood library (PLL)... 0.000 seconds
Perform fast likelihood tree search using LG+I+G model...
Estimate model parameters (epsilon = 5.000)
Perform nearest neighbor interchange...
Optimizing NNI: done in 0.020602 secs using 100% CPU
Estimate model parameters (epsilon = 1.000)
1. Initial log-likelihood: -2517.705
Optimal log-likelihood: -2516.636
Proportion of invariable sites: 0.142
Gamma shape alpha: 10.410
Parameters optimization took 1 rounds (0.028 sec)
Time for fast ML tree search: 0.135 seconds

NOTE: ModelFinder requires 7 MB RAM!
ModelFinder will test up to 1232 protein models (sample size: 445) ...
 No. Model         -LnL         df  AIC          AICc         BIC
  1  LG            2514.873     29  5087.746     5091.939     5206.591
  2  LG+I          2514.547     30  5089.095     5093.588     5212.037
  3  LG+G4         2512.723     30  5085.446     5089.938     5208.388
  4  LG+I+G4       2513.880     31  5089.761     5094.565     5216.801
  5  LG+R2         2512.682     31  5087.364     5092.168     5214.405
  6  LG+R3         2511.918     33  5089.836     5095.296     5225.073
 14  LG+I+R2       2513.163     32  5090.327     5095.453     5221.465
 15  LG+I+R3       2511.978     34  5091.955     5097.760     5231.290
 23  LG+F          2478.052     48  5052.104     5063.983     5248.812
 24  LG+F+I        2477.518     49  5053.035     5065.441     5253.841
 25  LG+F+G4       2475.665     49  5049.330     5061.735     5250.135
 27  LG+F+R2       2475.638     50  5051.276     5064.220     5256.180
 45  WAG           2514.548     29  5087.096     5091.288     5205.940
 46  WAG+I         2514.535     30  5089.071     5093.563     5212.013
 47  WAG+G4        2513.975     30  5087.950     5092.443     5210.892
 49  WAG+R2        2514.032     31  5090.063     5094.867     5217.103
 67  WAG+F         2472.678     48  5041.355     5053.234     5238.063
 68  WAG+F+I       2472.657     49  5043.313     5055.719     5244.119
 69  WAG+F+G4      2471.984     49  5041.968     5054.373     5242.774
 71  WAG+F+R2      2472.010     50  5044.021     5056.965     5248.924
 89  JTT           2511.744     29  5081.489     5085.682     5200.333
 90  JTT+I         2510.605     30  5081.210     5085.703     5204.152
 91  JTT+G4        2509.510     30  5079.019     5083.512     5201.962
 93  JTT+R2        2509.557     31  5081.114     5085.918     5208.155
111  JTT+F         2477.016     48  5050.032     5061.911     5246.740
112  JTT+F+I       2475.725     49  5049.450     5061.855     5250.256
113  JTT+F+G4      2474.288     49  5046.575     5058.981     5247.381
115  JTT+F+R2      2474.299     50  5048.597     5061.542     5253.501
WARNING: Normalizing state frequencies so that sum of them equals to 1
133  Q.pfam        2516.545     29  5091.089     5095.282     5209.934
WARNING: Normalizing state frequencies so that sum of them equals to 1
134  Q.pfam+I      2516.443     30  5092.885     5097.378     5215.827
WARNING: Normalizing state frequencies so that sum of them equals to 1
135  Q.pfam+G4     2515.100     30  5090.200     5094.693     5213.143
WARNING: Normalizing state frequencies so that sum of them equals to 1
137  Q.pfam+R2     2515.112     31  5092.225     5097.029     5219.265
WARNING: Normalizing state frequencies so that sum of them equals to 1
155  Q.pfam+F      2479.018     48  5054.036     5065.915     5250.744
WARNING: Normalizing state frequencies so that sum of them equals to 1
156  Q.pfam+F+I    2478.728     49  5055.457     5067.862     5256.262
WARNING: Normalizing state frequencies so that sum of them equals to 1
157  Q.pfam+F+G4   2477.168     49  5052.337     5064.742     5253.142
WARNING: Normalizing state frequencies so that sum of them equals to 1
159  Q.pfam+F+R2   2477.173     50  5054.346     5067.291     5259.250
WARNING: Normalizing state frequencies so that sum of them equals to 1
177  Q.bird        2534.235     29  5126.471     5130.664     5245.315
WARNING: Normalizing state frequencies so that sum of them equals to 1
178  Q.bird+I      2528.690     30  5117.380     5121.873     5240.322
WARNING: Normalizing state frequencies so that sum of them equals to 1
179  Q.bird+G4     2527.395     30  5114.790     5119.283     5237.732
WARNING: Normalizing state frequencies so that sum of them equals to 1
181  Q.bird+R2     2527.469     31  5116.938     5121.742     5243.979
WARNING: Normalizing state frequencies so that sum of them equals to 1
199  Q.bird+F      2493.235     48  5082.470     5094.349     5279.178
WARNING: Normalizing state frequencies so that sum of them equals to 1
200  Q.bird+F+I    2486.876     49  5071.753     5084.158     5272.558
WARNING: Normalizing state frequencies so that sum of them equals to 1
201  Q.bird+F+G4   2484.968     49  5067.937     5080.342     5268.742
WARNING: Normalizing state frequencies so that sum of them equals to 1
203  Q.bird+F+R2   2485.016     50  5070.032     5082.976     5274.935
WARNING: Normalizing state frequencies so that sum of them equals to 1
221  Q.mammal      2533.607     29  5125.214     5129.407     5244.058
WARNING: Normalizing state frequencies so that sum of them equals to 1
222  Q.mammal+I    2529.549     30  5119.097     5123.590     5242.040
WARNING: Normalizing state frequencies so that sum of them equals to 1
223  Q.mammal+G4   2528.308     30  5116.615     5121.108     5239.557
WARNING: Normalizing state frequencies so that sum of them equals to 1
225  Q.mammal+R2   2528.347     31  5118.694     5123.497     5245.734
WARNING: Normalizing state frequencies so that sum of them equals to 1
243  Q.mammal+F    2489.067     48  5074.134     5086.013     5270.841
WARNING: Normalizing state frequencies so that sum of them equals to 1
244  Q.mammal+F+I  2484.400     49  5066.799     5079.205     5267.605
WARNING: Normalizing state frequencies so that sum of them equals to 1
245  Q.mammal+F+G4 2482.623     49  5063.246     5075.651     5264.051
WARNING: Normalizing state frequencies so that sum of them equals to 1
247  Q.mammal+F+R2 2482.594     50  5065.189     5078.133     5270.092
265  Q.insect      2531.312     29  5120.623     5124.816     5239.468
266  Q.insect+I    2530.022     30  5120.044     5124.537     5242.987
267  Q.insect+G4   2527.840     30  5115.681     5120.174     5238.623
269  Q.insect+R2   2527.755     31  5117.511     5122.315     5244.551
287  Q.insect+F    2486.253     48  5068.506     5080.384     5265.213
288  Q.insect+F+I  2485.024     49  5068.049     5080.454     5268.854
289  Q.insect+F+G4 2482.898     49  5063.796     5076.201     5264.601
291  Q.insect+F+R2 2482.812     50  5065.623     5078.567     5270.527
WARNING: Normalizing state frequencies so that sum of them equals to 1
309  Q.plant       2518.579     29  5095.158     5099.351     5214.003
WARNING: Normalizing state frequencies so that sum of them equals to 1
310  Q.plant+I     2515.235     30  5090.471     5094.964     5213.413
WARNING: Normalizing state frequencies so that sum of them equals to 1
311  Q.plant+G4    2512.572     30  5085.144     5089.637     5208.086
WARNING: Normalizing state frequencies so that sum of them equals to 1
313  Q.plant+R2    2512.533     31  5087.066     5091.870     5214.107
WARNING: Normalizing state frequencies so that sum of them equals to 1
331  Q.plant+F     2475.920     48  5047.840     5059.719     5244.548
WARNING: Normalizing state frequencies so that sum of them equals to 1
332  Q.plant+F+I   2472.888     49  5043.776     5056.181     5244.581
WARNING: Normalizing state frequencies so that sum of them equals to 1
333  Q.plant+F+G4  2470.364     49  5038.728     5051.133     5239.534
WARNING: Normalizing state frequencies so that sum of them equals to 1
335  Q.plant+F+R2  2470.292     50  5040.585     5053.529     5245.489
WARNING: Normalizing state frequencies so that sum of them equals to 1
353  Q.yeast       2538.891     29  5135.781     5139.974     5254.625
WARNING: Normalizing state frequencies so that sum of them equals to 1
354  Q.yeast+I     2537.825     30  5135.649     5140.142     5258.592
WARNING: Normalizing state frequencies so that sum of them equals to 1
355  Q.yeast+G4    2535.608     30  5131.216     5135.709     5254.158
WARNING: Normalizing state frequencies so that sum of them equals to 1
357  Q.yeast+R2    2535.529     31  5133.058     5137.862     5260.098
WARNING: Normalizing state frequencies so that sum of them equals to 1
375  Q.yeast+F     2483.341     48  5062.682     5074.561     5259.390
WARNING: Normalizing state frequencies so that sum of them equals to 1
376  Q.yeast+F+I   2482.509     49  5063.018     5075.423     5263.824
WARNING: Normalizing state frequencies so that sum of them equals to 1
377  Q.yeast+F+G4  2480.590     49  5059.180     5071.585     5259.986
WARNING: Normalizing state frequencies so that sum of them equals to 1
379  Q.yeast+F+R2  2480.555     50  5061.110     5074.054     5266.014
397  JTTDCMut      2512.272     29  5082.545     5086.738     5201.389
398  JTTDCMut+I    2511.171     30  5082.342     5086.835     5205.284
399  JTTDCMut+G4   2510.037     30  5080.075     5084.567     5203.017
401  JTTDCMut+R2   2510.083     31  5082.166     5086.970     5209.206
419  JTTDCMut+F    2476.749     48  5049.497     5061.376     5246.205
420  JTTDCMut+F+I  2475.479     49  5048.959     5061.364     5249.765
421  JTTDCMut+F+G4 2473.973     49  5045.946     5058.351     5246.752
423  JTTDCMut+F+R2 2473.977     50  5047.955     5060.899     5252.858
441  DCMut         2537.612     29  5133.224     5137.416     5252.068
442  DCMut+I       2535.903     30  5131.807     5136.300     5254.749
443  DCMut+G4      2534.191     30  5128.382     5132.875     5251.324
445  DCMut+R2      2534.242     31  5130.484     5135.288     5257.524
463  DCMut+F       2484.652     48  5065.304     5077.183     5262.011
464  DCMut+F+I     2483.280     49  5064.560     5076.965     5265.366
465  DCMut+F+G4    2480.944     49  5059.888     5072.293     5260.693
467  DCMut+F+R2    2480.833     50  5061.666     5074.610     5266.569
485  VT            2513.808     29  5085.617     5089.810     5204.461
486  VT+I          2513.809     30  5087.617     5092.110     5210.559
487  VT+G4         2513.780     30  5087.560     5092.053     5210.502
489  VT+R2         2513.899     31  5089.797     5094.601     5216.837
507  VT+F          2478.766     48  5053.533     5065.412     5250.240
508  VT+F+I        2478.766     49  5055.533     5067.938     5256.338
509  VT+F+G4       2478.693     49  5055.386     5067.791     5256.191
511  VT+F+R2       2478.789     50  5057.578     5070.522     5262.482
529  PMB           2532.307     29  5122.614     5126.807     5241.459
530  PMB+I         2532.303     30  5124.605     5129.098     5247.548
531  PMB+G4        2532.303     30  5124.605     5129.098     5247.548
533  PMB+R2        2532.433     31  5126.865     5131.669     5253.905
551  PMB+F         2492.748     48  5081.497     5093.375     5278.204
552  PMB+F+I       2492.741     49  5083.482     5095.887     5284.288
553  PMB+F+G4      2492.686     49  5083.373     5095.778     5284.178
555  PMB+F+R2      2492.780     50  5085.560     5098.505     5290.464
573  Blosum62      2524.670     29  5107.341     5111.534     5226.185
574  Blosum62+I    2524.671     30  5109.342     5113.834     5232.284
575  Blosum62+G4   2524.623     30  5109.246     5113.739     5232.188
577  Blosum62+R2   2524.726     31  5111.453     5116.257     5238.493
595  Blosum62+F    2490.327     48  5076.654     5088.533     5273.362
596  Blosum62+F+I  2490.326     49  5078.653     5091.058     5279.459
597  Blosum62+F+G4 2490.268     49  5078.536     5090.941     5279.341
599  Blosum62+F+R2 2490.366     50  5080.732     5093.676     5285.635
617  Dayhoff       2537.565     29  5133.130     5137.323     5251.974
618  Dayhoff+I     2535.812     30  5131.624     5136.117     5254.567
619  Dayhoff+G4    2534.073     30  5128.146     5132.639     5251.088
621  Dayhoff+R2    2534.123     31  5130.246     5135.049     5257.286
639  Dayhoff+F     2484.614     48  5065.228     5077.107     5261.936
640  Dayhoff+F+I   2483.210     49  5064.419     5076.824     5265.225
641  Dayhoff+F+G4  2480.842     49  5059.684     5072.089     5260.490
643  Dayhoff+F+R2  2480.727     50  5061.454     5074.398     5266.357
661  mtREV         2603.054     29  5264.108     5268.301     5382.952
662  mtREV+I       2595.293     30  5250.587     5255.080     5373.529
663  mtREV+G4      2586.932     30  5233.864     5238.356     5356.806
665  mtREV+R2      2586.313     31  5234.626     5239.430     5361.666
683  mtREV+F       2503.460     48  5102.919     5114.798     5299.627
684  mtREV+F+I     2497.741     49  5093.482     5105.887     5294.287
685  mtREV+F+G4    2490.455     49  5078.909     5091.314     5279.715
687  mtREV+F+R2    2489.537     50  5079.075     5092.019     5283.978
705  mtART         2686.410     29  5430.820     5435.013     5549.664
706  mtART+I       2662.285     30  5384.571     5389.064     5507.513
707  mtART+G4      2644.436     30  5348.872     5353.364     5471.814
709  mtART+R2      2651.142     31  5364.283     5369.087     5491.323
727  mtART+F       2563.564     48  5223.129     5235.008     5419.837
728  mtART+F+I     2548.100     49  5194.199     5206.604     5395.005
729  mtART+F+G4    2528.631     49  5155.262     5167.667     5356.068
731  mtART+F+R2    2531.268     50  5162.535     5175.480     5367.439
749  mtZOA         2622.293     29  5302.586     5306.779     5421.430
750  mtZOA+I       2607.372     30  5274.744     5279.236     5397.686
751  mtZOA+G4      2597.199     30  5254.397     5258.890     5377.340
753  mtZOA+R2      2598.460     31  5258.920     5263.724     5385.960
771  mtZOA+F       2518.949     48  5133.897     5145.776     5330.605
772  mtZOA+F+I     2509.888     49  5117.776     5130.181     5318.582
773  mtZOA+F+G4    2499.347     49  5096.693     5109.099     5297.499
775  mtZOA+F+R2    2499.085     50  5098.170     5111.114     5303.074
793  mtMet         2630.374     29  5318.748     5322.940     5437.592
794  mtMet+I       2617.807     30  5295.614     5300.107     5418.557
795  mtMet+G4      2612.623     30  5285.246     5289.739     5408.188
797  mtMet+R2      2612.783     31  5287.567     5292.370     5414.607
815  mtMet+F       2501.293     48  5098.585     5110.464     5295.293
816  mtMet+F+I     2494.641     49  5087.281     5099.686     5288.087
817  mtMet+F+G4    2488.832     49  5075.664     5088.069     5276.470
819  mtMet+F+R2    2488.763     50  5077.527     5090.471     5282.431
837  mtVer         2616.342     29  5290.685     5294.878     5409.529
838  mtVer+I       2600.973     30  5261.946     5266.439     5384.888
839  mtVer+G4      2594.553     30  5249.106     5253.598     5372.048
841  mtVer+R2      2595.550     31  5253.099     5257.903     5380.140
859  mtVer+F       2503.199     48  5102.397     5114.276     5299.105
860  mtVer+F+I     2493.415     49  5084.831     5097.236     5285.637
861  mtVer+F+G4    2487.066     49  5072.132     5084.537     5272.938
863  mtVer+F+R2    2487.038     50  5074.077     5087.021     5278.981
881  mtInv         2671.811     29  5401.622     5405.815     5520.466
882  mtInv+I       2663.026     30  5386.052     5390.545     5508.995
883  mtInv+G4      2658.126     30  5376.252     5380.744     5499.194
885  mtInv+R2      2657.771     31  5377.542     5382.346     5504.582
903  mtInv+F       2495.035     48  5086.069     5097.948     5282.777
904  mtInv+F+I     2491.504     49  5081.008     5093.413     5281.813
905  mtInv+F+G4    2485.973     49  5069.945     5082.350     5270.751
907  mtInv+F+R2    2485.552     50  5071.103     5084.047     5276.007
925  mtMAM         2626.788     29  5311.577     5315.769     5430.421
926  mtMAM+I       2607.595     30  5275.190     5279.683     5398.132
927  mtMAM+G4      2594.649     30  5249.298     5253.791     5372.240
929  mtMAM+R2      2599.221     31  5260.443     5265.247     5387.483
947  mtMAM+F       2521.087     48  5138.174     5150.053     5334.882
948  mtMAM+F+I     2507.609     49  5113.217     5125.622     5314.023
949  mtMAM+F+G4    2497.179     49  5092.358     5104.763     5293.164
951  mtMAM+F+R2    2499.281     50  5098.562     5111.506     5303.466
WARNING: Normalizing state frequencies so that sum of them equals to 1
969  FLAVI         2560.244     29  5178.488     5182.681     5297.333
WARNING: Normalizing state frequencies so that sum of them equals to 1
970  FLAVI+I       2550.604     30  5161.208     5165.701     5284.150
WARNING: Normalizing state frequencies so that sum of them equals to 1
971  FLAVI+G4      2546.069     30  5152.138     5156.631     5275.081
WARNING: Normalizing state frequencies so that sum of them equals to 1
973  FLAVI+R2      2546.365     31  5154.730     5159.534     5281.771
WARNING: Normalizing state frequencies so that sum of them equals to 1
991  FLAVI+F       2501.849     48  5099.698     5111.577     5296.406
WARNING: Normalizing state frequencies so that sum of them equals to 1
992  FLAVI+F+I     2491.523     49  5081.046     5093.451     5281.851
WARNING: Normalizing state frequencies so that sum of them equals to 1
993  FLAVI+F+G4    2486.745     49  5071.490     5083.895     5272.296
WARNING: Normalizing state frequencies so that sum of them equals to 1
995  FLAVI+F+R2    2487.031     50  5074.061     5087.005     5278.965
1013  HIVb          2550.282     29  5158.564     5162.757     5277.408
1014  HIVb+I        2545.609     30  5151.218     5155.711     5274.160
1015  HIVb+G4       2543.737     30  5147.473     5151.966     5270.416
1017  HIVb+R2       2543.986     31  5149.971     5154.775     5277.012
1035  HIVb+F        2490.868     48  5077.736     5089.615     5274.444
1036  HIVb+F+I      2484.914     49  5067.828     5080.233     5268.634
1037  HIVb+F+G4     2482.759     49  5063.519     5075.924     5264.324
1039  HIVb+F+R2     2483.054     50  5066.108     5079.053     5271.012
1057  HIVw          2615.538     29  5289.077     5293.270     5407.921
1058  HIVw+I        2602.651     30  5265.303     5269.795     5388.245
1059  HIVw+G4       2598.825     30  5257.649     5262.142     5380.592
1061  HIVw+R2       2599.662     31  5261.325     5266.129     5388.365
1079  HIVw+F        2509.584     48  5115.169     5127.048     5311.876
1080  HIVw+F+I      2499.954     49  5097.909     5110.314     5298.714
1081  HIVw+F+G4     2495.399     49  5088.797     5101.202     5289.603
1083  HIVw+F+R2     2496.042     50  5092.083     5105.027     5296.987
1101  FLU           2556.046     29  5170.093     5174.286     5288.937
1102  FLU+I         2549.379     30  5158.758     5163.250     5281.700
1103  FLU+G4        2546.249     30  5152.497     5156.990     5275.439
1105  FLU+R2        2546.639     31  5155.277     5160.081     5282.318
1123  FLU+F         2493.364     48  5082.728     5094.607     5279.435
1124  FLU+F+I       2487.984     49  5073.968     5086.373     5274.774
1125  FLU+F+G4      2484.287     49  5066.574     5078.979     5267.380
1127  FLU+F+R2      2484.865     50  5069.729     5082.674     5274.633
1145  rtREV         2555.643     29  5169.286     5173.479     5288.130
1146  rtREV+I       2555.515     30  5171.030     5175.523     5293.973
1147  rtREV+G4      2554.450     30  5168.900     5173.393     5291.842
1149  rtREV+R2      2554.457     31  5170.915     5175.718     5297.955
1167  rtREV+F       2493.745     48  5083.490     5095.369     5280.198
1168  rtREV+F+I     2493.235     49  5084.470     5096.875     5285.276
1169  rtREV+F+G4    2491.605     49  5081.210     5093.616     5282.016
1171  rtREV+F+R2    2491.621     50  5083.242     5096.186     5288.145
1189  cpREV         2529.528     29  5117.057     5121.249     5235.901
1190  cpREV+I       2528.828     30  5117.656     5122.149     5240.598
1191  cpREV+G4      2526.700     30  5113.399     5117.892     5236.341
1193  cpREV+R2      2526.650     31  5115.301     5120.104     5242.341
1211  cpREV+F       2478.231     48  5052.463     5064.342     5249.170
1212  cpREV+F+I     2477.370     49  5052.741     5065.146     5253.546
1213  cpREV+F+G4    2475.181     49  5048.361     5060.766     5249.167
1215  cpREV+F+R2    2475.136     50  5050.273     5063.217     5255.177
Akaike Information Criterion:           Q.plant+F+G4
Corrected Akaike Information Criterion: Q.plant+F+G4
Bayesian Information Criterion:         JTT
Best-fit model: JTT chosen according to BIC

All model information printed to iqtree/OG0000055.fasta_cleaned.fasta.model.gz
CPU time for ModelFinder: 11.314 seconds (0h:0m:11s)
Wall-clock time for ModelFinder: 11.665 seconds (0h:0m:11s)
Generating 1000 samples for ultrafast bootstrap (seed: 170149)...

NOTE: 1 MB RAM (0 GB) is required!
Estimate model parameters (epsilon = 0.100)
1. Initial log-likelihood: -2511.744
Optimal log-likelihood: -2511.744
Parameters optimization took 1 rounds (0.002 sec)
Wrote distance file to... 
Computing ML distances based on estimated model parameters...
Calculating distance matrix: done in 0.00436211 secs using 99.47% CPU
Computing ML distances took 0.004398 sec (of wall-clock time) 0.004376 sec (of CPU time)
Setting up auxiliary I and S matrices: done in 3.00407e-05 secs using 203.1% CPU
Constructing RapidNJ tree: done in 5.29289e-05 secs using 196.5% CPU
Computing RapidNJ tree took 0.000149 sec (of wall-clock time) 0.000295 sec (of CPU time)
Log-likelihood of RapidNJ tree: -2516.316
--------------------------------------------------------------------
|             INITIALIZING CANDIDATE TREE SET                      |
--------------------------------------------------------------------
Generating 98 parsimony trees... 0.051 second
Computing log-likelihood of 98 initial trees ... 0.118 seconds
Current best score: -2511.744

Do NNI search on 20 best initial trees
Optimizing NNI: done in 0.00601697 secs using 200% CPU
Estimate model parameters (epsilon = 0.100)
BETTER TREE FOUND at iteration 1: -2511.744
Optimizing NNI: done in 0.0111361 secs using 200% CPU
Optimizing NNI: done in 0.011863 secs using 144.3% CPU
Optimizing NNI: done in 0.012151 secs using 100% CPU
Optimizing NNI: done in 0.0116289 secs using 100% CPU
Optimizing NNI: done in 0.0116041 secs using 100% CPU
Optimizing NNI: done in 0.012501 secs using 99.98% CPU
Optimizing NNI: done in 0.0124178 secs using 100% CPU
Optimizing NNI: done in 0.012444 secs using 100% CPU
Optimizing NNI: done in 0.0125539 secs using 99.99% CPU
Iteration 10 / LogL: -2511.746 / Time: 0h:0m:0s
Optimizing NNI: done in 0.00605297 secs using 100% CPU
Optimizing NNI: done in 0.00605106 secs using 100% CPU
Optimizing NNI: done in 0.0070591 secs using 100% CPU
Optimizing NNI: done in 0.00700712 secs using 100% CPU
Optimizing NNI: done in 0.00709605 secs using 99.99% CPU
Optimizing NNI: done in 0.00706506 secs using 99.99% CPU
Optimizing NNI: done in 0.00691104 secs using 100% CPU
Optimizing NNI: done in 0.00690103 secs using 99.99% CPU
Optimizing NNI: done in 0.0177579 secs using 100% CPU
Optimizing NNI: done in 0.0163531 secs using 100% CPU
Iteration 20 / LogL: -2511.746 / Time: 0h:0m:0s
Finish initializing candidate tree set (3)
Current best tree score: -2511.744 / CPU time: 0.386
Number of iterations: 20
--------------------------------------------------------------------
|               OPTIMIZING CANDIDATE TREE SET                      |
--------------------------------------------------------------------
Optimizing NNI: done in 0.019067 secs using 100% CPU
Optimizing NNI: done in 0.010391 secs using 99.99% CPU
Optimizing NNI: done in 0.016711 secs using 99.99% CPU
Optimizing NNI: done in 0.01091 secs using 99.8% CPU
Optimizing NNI: done in 0.0158329 secs using 100% CPU
Optimizing NNI: done in 0.017966 secs using 100% CPU
Optimizing NNI: done in 0.0177839 secs using 100% CPU
Optimizing NNI: done in 0.0153439 secs using 99.99% CPU
Optimizing NNI: done in 0.0176179 secs using 99.99% CPU
Optimizing NNI: done in 0.0254631 secs using 99.91% CPU
Iteration 30 / LogL: -2511.747 / Time: 0h:0m:0s (0h:0m:1s left)
Optimizing NNI: done in 0.026396 secs using 100% CPU
Optimizing NNI: done in 0.026047 secs using 99.9% CPU
Optimizing NNI: done in 0.0229101 secs using 100% CPU
Optimizing NNI: done in 0.0177829 secs using 100% CPU
Optimizing NNI: done in 0.018079 secs using 100% CPU
Optimizing NNI: done in 0.0157881 secs using 100% CPU
Optimizing NNI: done in 0.015379 secs using 100% CPU
Optimizing NNI: done in 0.020642 secs using 98.28% CPU
Optimizing NNI: done in 0.0319309 secs using 100% CPU
Optimizing NNI: done in 0.0303421 secs using 100% CPU
Iteration 40 / LogL: -2511.746 / Time: 0h:0m:0s (0h:0m:1s left)
Optimizing NNI: done in 0.017621 secs using 100% CPU
Optimizing NNI: done in 0.0188899 secs using 100% CPU
Optimizing NNI: done in 0.016593 secs using 99.99% CPU
Optimizing NNI: done in 0.0232401 secs using 100% CPU
Optimizing NNI: done in 0.031986 secs using 100% CPU
Optimizing NNI: done in 0.023741 secs using 100% CPU
Optimizing NNI: done in 0.0125 secs using 99.99% CPU
Optimizing NNI: done in 0.012408 secs using 100% CPU
Optimizing NNI: done in 0.0114069 secs using 99.99% CPU
Optimizing NNI: done in 0.021636 secs using 100% CPU
Iteration 50 / LogL: -2511.797 / Time: 0h:0m:1s (0h:0m:1s left)
Log-likelihood cutoff on original alignment: -2547.144
Optimizing NNI: done in 0.0246952 secs using 99.99% CPU
Optimizing NNI: done in 0.0239649 secs using 99.87% CPU
Optimizing NNI: done in 0.0319102 secs using 100% CPU
Optimizing NNI: done in 0.017921 secs using 77.73% CPU
Optimizing NNI: done in 0.0187061 secs using 99.98% CPU
Optimizing NNI: done in 0.016392 secs using 99.99% CPU
Optimizing NNI: done in 0.041296 secs using 100% CPU
Optimizing NNI: done in 0.0179 secs using 99.86% CPU
Optimizing NNI: done in 0.0207262 secs using 100% CPU
Optimizing NNI: done in 0.0173581 secs using 99.99% CPU
Iteration 60 / LogL: -2511.796 / Time: 0h:0m:1s (0h:0m:0s left)
Optimizing NNI: done in 0.0314541 secs using 100% CPU
Optimizing NNI: done in 0.0220051 secs using 100% CPU
Optimizing NNI: done in 0.021311 secs using 100% CPU
Optimizing NNI: done in 0.0278509 secs using 100% CPU
Optimizing NNI: done in 0.0313001 secs using 99.92% CPU
Optimizing NNI: done in 0.014781 secs using 100% CPU
Optimizing NNI: done in 0.0214291 secs using 100% CPU
Optimizing NNI: done in 0.0266089 secs using 100% CPU
Optimizing NNI: done in 0.0233581 secs using 100% CPU
Optimizing NNI: done in 0.0120931 secs using 100% CPU
Iteration 70 / LogL: -2511.796 / Time: 0h:0m:1s (0h:0m:0s left)
Optimizing NNI: done in 0.019419 secs using 100% CPU
Optimizing NNI: done in 0.018805 secs using 99.99% CPU
Optimizing NNI: done in 0.0228052 secs using 99.93% CPU
Optimizing NNI: done in 0.0222678 secs using 100% CPU
Optimizing NNI: done in 0.04667 secs using 100% CPU
Optimizing NNI: done in 0.032223 secs using 99.92% CPU
Optimizing NNI: done in 0.016675 secs using 100% CPU
Optimizing NNI: done in 0.010334 secs using 100% CPU
Optimizing NNI: done in 0.022104 secs using 100% CPU
Optimizing NNI: done in 0.0363722 secs using 100% CPU
Iteration 80 / LogL: -3208.690 / Time: 0h:0m:1s (0h:0m:0s left)
Optimizing NNI: done in 0.01232 secs using 99.99% CPU
Optimizing NNI: done in 0.0318222 secs using 100% CPU
Optimizing NNI: done in 0.020921 secs using 100% CPU
Optimizing NNI: done in 0.0303411 secs using 100% CPU
Optimizing NNI: done in 0.0215409 secs using 100% CPU
Optimizing NNI: done in 0.0204389 secs using 100% CPU
Optimizing NNI: done in 0.034446 secs using 99.97% CPU
Optimizing NNI: done in 0.025527 secs using 100% CPU
Optimizing NNI: done in 0.0272648 secs using 95.05% CPU
Optimizing NNI: done in 0.0110879 secs using 99.91% CPU
Iteration 90 / LogL: -2511.796 / Time: 0h:0m:2s (0h:0m:0s left)
Optimizing NNI: done in 0.0235209 secs using 93.5% CPU
Optimizing NNI: done in 0.017334 secs using 100% CPU
Optimizing NNI: done in 0.017266 secs using 99.95% CPU
Optimizing NNI: done in 0.0301359 secs using 100% CPU
Optimizing NNI: done in 0.018857 secs using 99.91% CPU
Optimizing NNI: done in 0.0220711 secs using 100% CPU
Optimizing NNI: done in 0.0164042 secs using 100% CPU
Optimizing NNI: done in 0.0197561 secs using 100% CPU
Optimizing NNI: done in 0.0288229 secs using 100% CPU
Optimizing NNI: done in 0.00993109 secs using 100% CPU
Iteration 100 / LogL: -2512.523 / Time: 0h:0m:2s (0h:0m:0s left)
Log-likelihood cutoff on original alignment: -2547.151
NOTE: Bootstrap correlation coefficient of split occurrence frequencies: 0.994
Optimizing NNI: done in 0.0292559 secs using 100% CPU
Optimizing NNI: done in 0.011301 secs using 99.99% CPU
TREE SEARCH COMPLETED AFTER 102 ITERATIONS / Time: 0h:0m:2s

--------------------------------------------------------------------
|                    FINALIZING TREE SEARCH                        |
--------------------------------------------------------------------
Performs final model parameters optimization
Estimate model parameters (epsilon = 0.010)
1. Initial log-likelihood: -2511.744
Optimal log-likelihood: -2511.744
Parameters optimization took 1 rounds (0.002 sec)
BEST SCORE FOUND : -2511.744
Creating bootstrap support values...
Split supports printed to NEXUS file iqtree/OG0000055.fasta_cleaned.fasta.splits.nex
Total tree length: 1.588

Total number of iterations: 102
CPU time used for tree search: 2.612 sec (0h:0m:2s)
Wall-clock time used for tree search: 2.427 sec (0h:0m:2s)
Total CPU time used: 2.681 sec (0h:0m:2s)
Total wall-clock time used: 2.500 sec (0h:0m:2s)

Computing bootstrap consensus tree...
Reading input file iqtree/OG0000055.fasta_cleaned.fasta.splits.nex...
16 taxa and 90 splits.
Consensus tree written to iqtree/OG0000055.fasta_cleaned.fasta.contree
Reading input trees file iqtree/OG0000055.fasta_cleaned.fasta.contree
Log-likelihood of consensus tree: -2511.751

Analysis results written to: 
  IQ-TREE report:                iqtree/OG0000055.fasta_cleaned.fasta.iqtree
  Maximum-likelihood tree:       iqtree/OG0000055.fasta_cleaned.fasta.treefile
  Likelihood distances:          iqtree/OG0000055.fasta_cleaned.fasta.mldist

Ultrafast bootstrap approximation results written to:
  Split support values:          iqtree/OG0000055.fasta_cleaned.fasta.splits.nex
  Consensus tree:                iqtree/OG0000055.fasta_cleaned.fasta.contree
  Screen log file:               iqtree/OG0000055.fasta_cleaned.fasta.log

Date and Time: Thu Sep 26 16:04:04 2024
