[17:48:07] This is prokka 1.14.5
[17:48:07] Written by Torsten Seemann <torsten.seemann@gmail.com>
[17:48:07] Homepage is https://github.com/tseemann/prokka
[17:48:07] Local time is Sun Jul  7 17:48:07 2024
[17:48:07] You are han394
[17:48:07] Operating system is linux
[17:48:07] You have BioPerl 1.7.8
[17:48:07] System has 64 cores.
[17:48:07] Will use maximum of 8 cores.
[17:48:07] Annotating as >>> Viruses <<<
[17:48:07] Creating new output folder: ./prokka_outputs/OP009387.1
[17:48:07] Running: mkdir -p \.\/prokka_outputs\/OP009387\.1
[17:48:07] Using filename prefix: OP009387.1.XXX
[17:48:07] Setting HMMER_NCPU=1
[17:48:07] Writing log to: ./prokka_outputs/OP009387.1/OP009387.1.log
[17:48:07] Command: /apps/prokka/1.14.5/bin/prokka ./Genomes/OP009387.1.fasta --kingdom viruses --outdir ./prokka_outputs/OP009387.1 --prefix OP009387.1 --locustag OP009387.1
[17:48:07] Appending to PATH: /apps/prokka/1.14.5/bin/../binaries/linux
[17:48:07] Appending to PATH: /apps/prokka/1.14.5/bin/../binaries/linux/../common
[17:48:07] Appending to PATH: /apps/prokka/1.14.5/bin
[17:48:07] Looking for 'aragorn' - found /apps/prokka/1.14.5/binaries/linux/aragorn
[17:48:07] Determined aragorn version is 001002 from 'ARAGORN v1.2.38 Dean Laslett'
[17:48:07] Looking for 'blastp' - found /apps/prokka/1.14.5/binaries/linux/blastp
[17:48:07] Determined blastp version is 002009 from 'blastp: 2.9.0+'
[17:48:07] Looking for 'cmpress' - found /apps/prokka/1.14.5/binaries/linux/cmpress
[17:48:07] Determined cmpress version is 001001 from '# INFERNAL 1.1.2 (July 2016)'
[17:48:07] Looking for 'cmscan' - found /apps/prokka/1.14.5/binaries/linux/cmscan
[17:48:07] Determined cmscan version is 001001 from '# INFERNAL 1.1.2 (July 2016)'
[17:48:07] Looking for 'egrep' - found /usr/bin/egrep
[17:48:07] Looking for 'find' - found /usr/bin/find
[17:48:07] Looking for 'grep' - found /usr/bin/grep
[17:48:07] Looking for 'hmmpress' - found /apps/hmmer/3.4.0/bin/hmmpress
[17:48:07] Determined hmmpress version is 003004 from '# HMMER 3.4 (Aug 2023); http://hmmer.org/'
[17:48:07] Looking for 'hmmscan' - found /apps/hmmer/3.4.0/bin/hmmscan
[17:48:07] Determined hmmscan version is 003004 from '# HMMER 3.4 (Aug 2023); http://hmmer.org/'
[17:48:07] Looking for 'java' - found /apps/amazon-corretto/21.0.0.35.1/bin/java
[17:48:07] Looking for 'makeblastdb' - found /apps/prokka/1.14.5/binaries/linux/makeblastdb
[17:48:07] Determined makeblastdb version is 002009 from 'makeblastdb: 2.9.0+'
[17:48:07] Looking for 'minced' - found /apps/prokka/1.14.5/binaries/common/minced
[17:48:07] Determined minced version is 002000 from 'minced 0.2.0'
[17:48:07] Looking for 'parallel' - found /apps/parallel/20210322/bin/parallel
[17:48:07] Determined parallel version is 20210322 from 'GNU parallel 20210322'
[17:48:07] Looking for 'prodigal' - found /apps/prokka/1.14.5/binaries/linux/prodigal
[17:48:07] Determined prodigal version is 002006 from 'Prodigal V2.6.3: February, 2016'
[17:48:07] Looking for 'prokka-genbank_to_fasta_db' - found /apps/prokka/1.14.5/bin/prokka-genbank_to_fasta_db
[17:48:07] Looking for 'sed' - found /usr/bin/sed
[17:48:07] Looking for 'tbl2asn' - found /apps/prokka/1.14.5/binaries/linux/tbl2asn
[17:48:07] Determined tbl2asn version is 025008 from 'tbl2asn 25.8   arguments:'
[17:48:07] Using genetic code table 1.
[17:48:07] Loading and checking input file: ./Genomes/OP009387.1.fasta
[17:48:07] Wrote 1 contigs totalling 112248 bp.
[17:48:07] Predicting tRNAs and tmRNAs
[17:48:07] Running: aragorn -l -gc1  -w \.\/prokka_outputs\/OP009387\.1\/OP009387\.1\.fna
[17:48:07] Found 0 tRNAs
[17:48:07] Disabling rRNA search: --kingdom=Viruses or --norrna=0
[17:48:07] Skipping ncRNA search, enable with --rfam if desired.
[17:48:07] Total of 0 tRNA + rRNA features
[17:48:07] Searching for CRISPR repeats
[17:48:07] CRISPR1 OP009387.1 21601 with 4 spacers
[17:48:07] Found 1 CRISPRs
[17:48:07] Predicting coding sequences
[17:48:07] Contigs total 112248 bp, so using single mode
[17:48:07] Running: prodigal -i \.\/prokka_outputs\/OP009387\.1\/OP009387\.1\.fna -c -m -g 1 -p single -f sco -q
[17:48:07] Excluding CDS which overlaps existing RNA (CRISPR) at OP009387.1:19475..22051 on + strand
[17:48:07] Found 123 CDS
[17:48:07] Connecting features back to sequences
[17:48:07] Not using genus-specific database. Try --usegenus to enable it.
[17:48:07] Annotating CDS, please be patient.
[17:48:07] Will use 8 CPUs for similarity searching.
[17:48:07] There are still 123 unannotated CDS left (started with 123)
[17:48:07] Will use blast to search against /apps/prokka/1.14.5/db/kingdom/Viruses/sprot with 8 CPUs
[17:48:07] Running: cat \.\/prokka_outputs\/OP009387\.1\/OP009387\.1\.sprot\.tmp\.51140\.faa | parallel --gnu --plain -j 8 --block 2206 --recstart '>' --pipe blastp -query - -db /apps/prokka/1.14.5/db/kingdom/Viruses/sprot -evalue 1e-09 -qcov_hsp_perc 80 -num_threads 1 -num_descriptions 1 -num_alignments 1 -seg no > \.\/prokka_outputs\/OP009387\.1\/OP009387\.1\.sprot\.tmp\.51140\.blast 2> /dev/null
[17:48:08] Deleting unwanted file: ./prokka_outputs/OP009387.1/OP009387.1.sprot.tmp.51140.faa
[17:48:08] Deleting unwanted file: ./prokka_outputs/OP009387.1/OP009387.1.sprot.tmp.51140.blast
[17:48:08] Labelling remaining 120 proteins as 'hypothetical protein'
[17:48:08] Found 2 unique /gene codes.
[17:48:08] Fixed 0 colliding /gene names.
[17:48:08] Adding /locus_tag identifiers
[17:48:08] Assigned 123 locus_tags to CDS and RNA features.
[17:48:08] Writing outputs to ./prokka_outputs/OP009387.1/
[17:48:08] Generating annotation statistics file
[17:48:08] Generating Genbank and Sequin files
[17:48:08] Running: tbl2asn -V b -a r10k -l paired-ends -M n -N 1 -y 'Annotated using prokka 1.14.5 from https://github.com/tseemann/prokka' -Z \.\/prokka_outputs\/OP009387\.1\/OP009387\.1\.err -i \.\/prokka_outputs\/OP009387\.1\/OP009387\.1\.fsa 2> /dev/null
[17:48:08] Deleting unwanted file: ./prokka_outputs/OP009387.1/errorsummary.val
[17:48:08] Deleting unwanted file: ./prokka_outputs/OP009387.1/OP009387.1.dr
[17:48:08] Deleting unwanted file: ./prokka_outputs/OP009387.1/OP009387.1.fixedproducts
[17:48:08] Deleting unwanted file: ./prokka_outputs/OP009387.1/OP009387.1.ecn
[17:48:08] Deleting unwanted file: ./prokka_outputs/OP009387.1/OP009387.1.val
[17:48:08] Repairing broken .GBK output that tbl2asn produces...
[17:48:08] Running: sed 's/COORDINATES: profile/COORDINATES:profile/' < \.\/prokka_outputs\/OP009387\.1\/OP009387\.1\.gbf > \.\/prokka_outputs\/OP009387\.1\/OP009387\.1\.gbk
[17:48:08] Deleting unwanted file: ./prokka_outputs/OP009387.1/OP009387.1.gbf
[17:48:08] Output files:
[17:48:08] ./prokka_outputs/OP009387.1/OP009387.1.faa
[17:48:08] ./prokka_outputs/OP009387.1/OP009387.1.ffn
[17:48:08] ./prokka_outputs/OP009387.1/OP009387.1.gbk
[17:48:08] ./prokka_outputs/OP009387.1/OP009387.1.tsv
[17:48:08] ./prokka_outputs/OP009387.1/OP009387.1.tbl
[17:48:08] ./prokka_outputs/OP009387.1/OP009387.1.fsa
[17:48:08] ./prokka_outputs/OP009387.1/OP009387.1.gff
[17:48:08] ./prokka_outputs/OP009387.1/OP009387.1.fna
[17:48:08] ./prokka_outputs/OP009387.1/OP009387.1.txt
[17:48:08] ./prokka_outputs/OP009387.1/OP009387.1.log
[17:48:08] ./prokka_outputs/OP009387.1/OP009387.1.err
[17:48:08] ./prokka_outputs/OP009387.1/OP009387.1.sqn
[17:48:08] Annotation finished successfully.
[17:48:08] Walltime used: 0.02 minutes
[17:48:08] If you use this result please cite the Prokka paper:
[17:48:08] Seemann T (2014) Prokka: rapid prokaryotic genome annotation. Bioinformatics. 30(14):2068-9.
[17:48:08] Type 'prokka --citation' for more details.
[17:48:08] Share and enjoy!
