[14:48:56] This is prokka 1.14.5
[14:48:56] Written by Torsten Seemann <torsten.seemann@gmail.com>
[14:48:56] Homepage is https://github.com/tseemann/prokka
[14:48:56] Local time is Thu Feb 13 14:48:56 2025
[14:48:56] You are han394
[14:48:56] Operating system is linux
[14:48:56] You have BioPerl 1.7.8
[14:48:56] System has 64 cores.
[14:48:56] Will use maximum of 8 cores.
[14:48:56] Annotating as >>> Viruses <<<
[14:48:56] Creating new output folder: ./prokka_outputs_1/OL774653
[14:48:56] Running: mkdir -p \.\/prokka_outputs_1\/OL774653
[14:48:56] Using filename prefix: OL774653.XXX
[14:48:56] Setting HMMER_NCPU=1
[14:48:56] Writing log to: ./prokka_outputs_1/OL774653/OL774653.log
[14:48:56] Command: /apps/prokka/1.14.5/bin/prokka ./genomes_1/OL774653.fasta --kingdom viruses --outdir ./prokka_outputs_1/OL774653 --prefix OL774653 --locustag OL774653
[14:48:56] Appending to PATH: /apps/prokka/1.14.5/bin/../binaries/linux
[14:48:56] Appending to PATH: /apps/prokka/1.14.5/bin/../binaries/linux/../common
[14:48:56] Appending to PATH: /apps/prokka/1.14.5/bin
[14:48:56] Looking for 'aragorn' - found /apps/prokka/1.14.5/binaries/linux/aragorn
[14:48:56] Determined aragorn version is 001002 from 'ARAGORN v1.2.38 Dean Laslett'
[14:48:56] Looking for 'blastp' - found /apps/prokka/1.14.5/binaries/linux/blastp
[14:48:56] Determined blastp version is 002009 from 'blastp: 2.9.0+'
[14:48:56] Looking for 'cmpress' - found /apps/prokka/1.14.5/binaries/linux/cmpress
[14:48:56] Determined cmpress version is 001001 from '# INFERNAL 1.1.2 (July 2016)'
[14:48:56] Looking for 'cmscan' - found /apps/prokka/1.14.5/binaries/linux/cmscan
[14:48:56] Determined cmscan version is 001001 from '# INFERNAL 1.1.2 (July 2016)'
[14:48:56] Looking for 'egrep' - found /usr/bin/egrep
[14:48:56] Looking for 'find' - found /usr/bin/find
[14:48:56] Looking for 'grep' - found /usr/bin/grep
[14:48:56] Looking for 'hmmpress' - found /apps/hmmer/3.4.0/bin/hmmpress
[14:48:56] Determined hmmpress version is 003004 from '# HMMER 3.4 (Aug 2023); http://hmmer.org/'
[14:48:56] Looking for 'hmmscan' - found /apps/hmmer/3.4.0/bin/hmmscan
[14:48:56] Determined hmmscan version is 003004 from '# HMMER 3.4 (Aug 2023); http://hmmer.org/'
[14:48:56] Looking for 'java' - found /apps/amazon-corretto/21.0.0.35.1/bin/java
[14:48:56] Looking for 'makeblastdb' - found /apps/prokka/1.14.5/binaries/linux/makeblastdb
[14:48:56] Determined makeblastdb version is 002009 from 'makeblastdb: 2.9.0+'
[14:48:56] Looking for 'minced' - found /apps/prokka/1.14.5/binaries/common/minced
[14:48:56] Determined minced version is 002000 from 'minced 0.2.0'
[14:48:56] Looking for 'parallel' - found /apps/parallel/20210322/bin/parallel
[14:48:56] Determined parallel version is 20210322 from 'GNU parallel 20210322'
[14:48:56] Looking for 'prodigal' - found /apps/prokka/1.14.5/binaries/linux/prodigal
[14:48:56] Determined prodigal version is 002006 from 'Prodigal V2.6.3: February, 2016'
[14:48:56] Looking for 'prokka-genbank_to_fasta_db' - found /apps/prokka/1.14.5/bin/prokka-genbank_to_fasta_db
[14:48:56] Looking for 'sed' - found /usr/bin/sed
[14:48:56] Looking for 'tbl2asn' - found /apps/prokka/1.14.5/binaries/linux/tbl2asn
[14:48:56] Determined tbl2asn version is 025008 from 'tbl2asn 25.8   arguments:'
[14:48:56] Using genetic code table 1.
[14:48:56] Loading and checking input file: ./genomes_1/OL774653.fasta
[14:48:56] Wrote 1 contigs totalling 111854 bp.
[14:48:56] Predicting tRNAs and tmRNAs
[14:48:56] Running: aragorn -l -gc1  -w \.\/prokka_outputs_1\/OL774653\/OL774653\.fna
[14:48:56] Found 0 tRNAs
[14:48:56] Disabling rRNA search: --kingdom=Viruses or --norrna=0
[14:48:56] Skipping ncRNA search, enable with --rfam if desired.
[14:48:56] Total of 0 tRNA + rRNA features
[14:48:56] Searching for CRISPR repeats
[14:48:56] Found 0 CRISPRs
[14:48:56] Predicting coding sequences
[14:48:56] Contigs total 111854 bp, so using single mode
[14:48:56] Running: prodigal -i \.\/prokka_outputs_1\/OL774653\/OL774653\.fna -c -m -g 1 -p single -f sco -q
[14:48:57] Found 124 CDS
[14:48:57] Connecting features back to sequences
[14:48:57] Not using genus-specific database. Try --usegenus to enable it.
[14:48:57] Annotating CDS, please be patient.
[14:48:57] Will use 8 CPUs for similarity searching.
[14:48:57] There are still 124 unannotated CDS left (started with 124)
[14:48:57] Will use blast to search against /apps/prokka/1.14.5/db/kingdom/Viruses/sprot with 8 CPUs
[14:48:57] Running: cat \.\/prokka_outputs_1\/OL774653\/OL774653\.sprot\.tmp\.8593\.faa | parallel --gnu --plain -j 8 --block 2179 --recstart '>' --pipe blastp -query - -db /apps/prokka/1.14.5/db/kingdom/Viruses/sprot -evalue 1e-09 -qcov_hsp_perc 80 -num_threads 1 -num_descriptions 1 -num_alignments 1 -seg no > \.\/prokka_outputs_1\/OL774653\/OL774653\.sprot\.tmp\.8593\.blast 2> /dev/null
[14:48:57] Deleting unwanted file: ./prokka_outputs_1/OL774653/OL774653.sprot.tmp.8593.faa
[14:48:57] Deleting unwanted file: ./prokka_outputs_1/OL774653/OL774653.sprot.tmp.8593.blast
[14:48:57] Labelling remaining 121 proteins as 'hypothetical protein'
[14:48:57] Found 2 unique /gene codes.
[14:48:57] Fixed 0 colliding /gene names.
[14:48:57] Adding /locus_tag identifiers
[14:48:57] Assigned 124 locus_tags to CDS and RNA features.
[14:48:57] Writing outputs to ./prokka_outputs_1/OL774653/
[14:48:57] Generating annotation statistics file
[14:48:57] Generating Genbank and Sequin files
[14:48:57] Running: tbl2asn -V b -a r10k -l paired-ends -M n -N 1 -y 'Annotated using prokka 1.14.5 from https://github.com/tseemann/prokka' -Z \.\/prokka_outputs_1\/OL774653\/OL774653\.err -i \.\/prokka_outputs_1\/OL774653\/OL774653\.fsa 2> /dev/null
[14:48:58] Deleting unwanted file: ./prokka_outputs_1/OL774653/errorsummary.val
[14:48:58] Deleting unwanted file: ./prokka_outputs_1/OL774653/OL774653.dr
[14:48:58] Deleting unwanted file: ./prokka_outputs_1/OL774653/OL774653.fixedproducts
[14:48:58] Deleting unwanted file: ./prokka_outputs_1/OL774653/OL774653.ecn
[14:48:58] Deleting unwanted file: ./prokka_outputs_1/OL774653/OL774653.val
[14:48:58] Repairing broken .GBK output that tbl2asn produces...
[14:48:58] Running: sed 's/COORDINATES: profile/COORDINATES:profile/' < \.\/prokka_outputs_1\/OL774653\/OL774653\.gbf > \.\/prokka_outputs_1\/OL774653\/OL774653\.gbk
[14:48:58] Deleting unwanted file: ./prokka_outputs_1/OL774653/OL774653.gbf
[14:48:58] Output files:
[14:48:58] ./prokka_outputs_1/OL774653/OL774653.fna
[14:48:58] ./prokka_outputs_1/OL774653/OL774653.faa
[14:48:58] ./prokka_outputs_1/OL774653/OL774653.err
[14:48:58] ./prokka_outputs_1/OL774653/OL774653.tsv
[14:48:58] ./prokka_outputs_1/OL774653/OL774653.log
[14:48:58] ./prokka_outputs_1/OL774653/OL774653.fsa
[14:48:58] ./prokka_outputs_1/OL774653/OL774653.tbl
[14:48:58] ./prokka_outputs_1/OL774653/OL774653.sqn
[14:48:58] ./prokka_outputs_1/OL774653/OL774653.txt
[14:48:58] ./prokka_outputs_1/OL774653/OL774653.ffn
[14:48:58] ./prokka_outputs_1/OL774653/OL774653.gff
[14:48:58] ./prokka_outputs_1/OL774653/OL774653.gbk
[14:48:58] Annotation finished successfully.
[14:48:58] Walltime used: 0.03 minutes
[14:48:58] If you use this result please cite the Prokka paper:
[14:48:58] Seemann T (2014) Prokka: rapid prokaryotic genome annotation. Bioinformatics. 30(14):2068-9.
[14:48:58] Type 'prokka --citation' for more details.
[14:48:58] Thank you, come again.
