IQ-TREE multicore version 2.2.0.5 COVID-edition for Linux 64-bit built Sep 26 2022
Developed by Bui Quang Minh, James Barbetti, Nguyen Lam Tung,
Olga Chernomor, Heiko Schmidt, Dominik Schrempf, Michael Woodhams, Ly Trong Nhan.

Host:    petrichor-dm (AVX2, FMA3, 503 GB RAM)
Command: iqtree2 -s alignments_family_muscle5_edited_trimmed/OG0000006.fa -B 1000 -mset Blosum62,cpREV,Dayhoff,DCMut,FLAVI,FLU,HIVb,HIVw,JTT,JTTDCMut,LG,mtART,mtMAM,mtREV,mtZOA,mtMet,mtVer,mtInv,PMB,Q.bird,Q.insect,Q.mammal,Q.pfam,Q.plant,Q.yeast,rtREV,VT,WAG,Q.iridoviridae,Q.mcv -T 4 -pre iqtree_family/OG0000006.fa
Seed:    693217 (Using SPRNG - Scalable Parallel Random Number Generator)
Time:    Thu Apr  3 13:01:01 2025
Kernel:  AVX+FMA - 4 threads (32 CPU cores detected)

Reading alignment file alignments_family_muscle5_edited_trimmed/OG0000006.fa ... Fasta format detected
Reading fasta file: done in 0.00211406 secs
Alignment most likely contains protein sequences
Constructing alignment: done in 0.00170684 secs using 183.7% CPU
Alignment has 71 sequences with 948 columns, 828 distinct patterns
770 parsimony-informative, 43 singleton sites, 135 constant sites
                                                          Gap/Ambiguity  Composition  p-value
Analyzing sequences: done in 0.000792027 secs using 311.2% CPU
   1  MT986830_Megalocytivirus_pagrus1_ISKNV                      0.00%    passed     99.99%
   2  OL774653_Megalocytivirus_pagrus1_RSIV                       0.11%    passed     99.99%
   3  MK098185_Megalocytivirus_pagrus1_RSIV                       0.11%    passed     99.99%
   4  MK689685_Megalocytivirus_pagrus1_ISKNV                      0.00%    passed    100.00%
   5  OP896201_Megalocytivirus_pagrus1_ISKNV                      0.00%    passed     99.99%
   6  OR536350_Megalocytivirus_pagrus1_ISKNV                      0.00%    passed    100.00%
   7  MW883596_Megalocytivirus_pagrus1_ISKNV                      0.00%    passed     99.99%
   8  OL774654_Megalocytivirus_pagrus1_RSIV                       0.11%    passed     99.99%
   9  MN803438_Lymphocystivirus_micropogonias1_n/a                5.06%    failed      0.00%
  10  OM037668_Megalocytivirus_lates1_SDDV                        1.27%    failed      0.00%
  11  MF599468_Decapodiridovirus_litopenaeus1_n/a                 3.69%    failed      0.00%
  12  PQ335173_PQ335174_Threespine_stickleback_iridovirus_TSIV    0.42%    passed     51.30%
  13  MW883599_Megalocytivirus_pagrus1_ISKNV                      0.00%    passed     99.99%
  14  ON743042_Megalocytivirus_pagrus1_RSIV                       0.11%    passed     99.99%
  15  MK689686_Megalocytivirus_pagrus1_RSIV                       0.00%    passed     99.98%
  16  HF920637_Iridovirus_armadillidium1_n/a                      3.27%    failed      0.00%
  17  MT128666_Megalocytivirus_pagrus1_ISKNV                      0.00%    passed     99.99%
  18  OK042109_Megalocytivirus_pagrus1_RSIV                       0.00%    passed     99.99%
  19  MW883602_Megalocytivirus_pagrus1_ISKNV                      0.00%    passed    100.00%
  20  OK042108_Megalocytivirus_pagrus1_RSIV                       0.11%    passed     99.99%
  21  MW273354_Megalocytivirus_pagrus1_ISKNV                      0.00%    passed     99.99%
  22  MW883595_Megalocytivirus_pagrus1_ISKNV                      0.00%    passed     99.99%
  23  OQ475017_Megalocytivirus_pagrus1_RSIV                       0.11%    passed     99.99%
  24  ON212400_Megalocytivirus_pagrus1_ISKNV                      0.00%    passed     99.99%
  25  MW273353_Megalocytivirus_pagrus1_ISKNV                      0.00%    passed    100.00%
  26  NC_003494_Megalocytivirus_pagrus1_ISKNV                     0.00%    passed     99.99%
  27  AP017456_Megalocytivirus_pagrus1_RSIV                       0.00%    passed     99.98%
  28  OQ513807_Megalocytivirus_pagrus1_ISKNV                      0.00%    passed     99.98%
  29  MW883594_Megalocytivirus_pagrus1_ISKNV                      0.00%    passed     99.99%
  30  MT798582_Megalocytivirus_pagrus1_RSIV                       0.00%    passed     99.99%
  31  PP151097_Megalocytivirus_pagrus1_ISKNV                      0.00%    passed     99.99%
  32  MN432490_Megalocytivirus_pagrus1_ISKNV                      0.00%    passed     99.99%
  33  MW883601_Megalocytivirus_pagrus1_ISKNV                      0.00%    passed     99.99%
  34  GQ273492_Megalocytivirus_pagrus1_TRBIV                      0.00%    passed    100.00%
  35  MT128667_Megalocytivirus_pagrus1_ISKNV                      0.00%    passed     99.99%
  36  AY521625_Ranavirus_epinephelus1_n/a                         1.90%    failed      0.06%
  37  OP009387_Megalocytivirus_pagrus1_ISKNV                      0.00%    passed     99.99%
  38  NC_005946_Ranavirus_rana1_n/a                               1.90%    failed      0.09%
  39  PP974677_Megalocytivirus_pagrus1_ISKNV                      0.00%    passed     99.99%
  40  MN562489_Megalocytivirus_lates1_SDDV                        1.27%    failed      0.00%
  41  OR356116_Megalocytivirus_pagrus1_ISKNV                      0.00%    passed     99.99%
  42  MG570131_Megalocytivirus_pagrus1_TRBIV                      0.00%    passed    100.00%
  43  ON075463_Megalocytivirus_pagrus1_RSIV                       0.00%    passed     99.99%
  44  MW139932_Megalocytivirus_pagrus1_RSIV                       0.11%    passed     99.99%
  45  AB104413_Megalocytivirus_pagrus1_RSIV                       0.11%    passed     99.99%
  46  MW883603_Megalocytivirus_pagrus1_ISKNV                      0.00%    passed     99.99%
  47  KX643370_Lymphocystivirus_sparus1_n/a                       5.06%    failed      0.00%
  48  23043610005_Megalocytivirus_pagrus1_ISKNV                   0.00%    passed    100.00%
  49  KT781098_Megalocytivirus_pagrus1_ISKNV                      0.00%    passed     99.99%
  50  MW883598_Megalocytivirus_pagrus1_RSIV                       0.00%    passed     99.98%
  51  KF938901_Chloriridovirus_anopheles1_n/a                     2.64%    failed      0.00%
  52  AF371960_Megalocytivirus_pagrus1_ISKNV                      0.00%    passed     99.99%
  53  KT804738_Megalocytivirus_pagrus1_RSIV                       0.00%    passed     99.98%
  54  KC244182_Megalocytivirus_pagrus1_RSIV                       0.00%    passed     99.99%
  55  MK098186_Megalocytivirus_pagrus1_RSIV                       0.11%    passed     99.99%
  56  23043610003_Megalocytivirus_pagrus1_ISKNV                   0.00%    passed    100.00%
  57  MW883593_Megalocytivirus_pagrus1_ISKNV                      0.00%    passed     99.99%
  58  MW883597_Megalocytivirus_pagrus1_ISKNV                      0.00%    passed     99.99%
  59  OL774655_Megalocytivirus_pagrus1_RSIV                       0.11%    passed     99.99%
  60  MG570132_Megalocytivirus_pagrus1_TRBIV                      0.00%    passed    100.00%
  61  MW883600_Megalocytivirus_pagrus1_ISKNV                      0.00%    passed     99.99%
  62  AY894343_Megalocytivirus_pagrus1_RSIV                       0.00%    passed     99.98%
  63  MK098187_Megalocytivirus_pagrus1_RSIV                       0.11%    passed     99.99%
  64  OR670976_Megalocytivirus_pagrus1_ISKNV                      0.00%    passed     99.98%
  65  AF303741_Iridovirus_chilo1_n/a                              2.85%    failed      0.00%
  66  MT926123_Megalocytivirus_pagrus1_ISKNV                      0.00%    passed     99.99%
  67  MW883606_Megalocytivirus_pagrus1_ISKNV                      0.00%    passed     99.99%
  68  MT521409_Megalocytivirus_lates1_SDDV                        1.27%    failed      0.00%
  69  HF920633_Chloriridovirus_simulium1_n/a                      2.32%    failed      0.00%
  70  BD143114_Megalocytivirus_pagrus1_RSIV                       0.11%    passed     99.99%
  71  ON740976_Megalocytivirus_pagrus1_RSIV                       0.11%    passed     99.99%
****  TOTAL                                                       0.48%  12 sequences failed composition chi2 test (p-value<5%; df=19)
NOTE: MW883595_Megalocytivirus_pagrus1_ISKNV is identical to MT986830_Megalocytivirus_pagrus1_ISKNV but kept for subsequent analysis
NOTE: MK098185_Megalocytivirus_pagrus1_RSIV is identical to OL774653_Megalocytivirus_pagrus1_RSIV but kept for subsequent analysis
NOTE: MW883599_Megalocytivirus_pagrus1_ISKNV is identical to OP896201_Megalocytivirus_pagrus1_ISKNV but kept for subsequent analysis
NOTE: MW883597_Megalocytivirus_pagrus1_ISKNV is identical to MW883596_Megalocytivirus_pagrus1_ISKNV but kept for subsequent analysis
NOTE: AP017456_Megalocytivirus_pagrus1_RSIV is identical to MK689686_Megalocytivirus_pagrus1_RSIV but kept for subsequent analysis
NOTE: MT798582_Megalocytivirus_pagrus1_RSIV is identical to OK042109_Megalocytivirus_pagrus1_RSIV but kept for subsequent analysis
NOTE: OR670976_Megalocytivirus_pagrus1_ISKNV is identical to OQ513807_Megalocytivirus_pagrus1_ISKNV but kept for subsequent analysis
NOTE: MT521409_Megalocytivirus_lates1_SDDV is identical to MN562489_Megalocytivirus_lates1_SDDV but kept for subsequent analysis
NOTE: 23043610003_Megalocytivirus_pagrus1_ISKNV is identical to 23043610005_Megalocytivirus_pagrus1_ISKNV but kept for subsequent analysis
NOTE: MK098187_Megalocytivirus_pagrus1_RSIV is identical to MK098186_Megalocytivirus_pagrus1_RSIV but kept for subsequent analysis
Checking for duplicate sequences: done in 0.000345945 secs using 400.9% CPU
Identifying sites to remove: done in 0.000619173 secs using 399.7% CPU
NOTE: 30 identical sequences (see below) will be ignored for subsequent analysis
NOTE: PP151097_Megalocytivirus_pagrus1_ISKNV (identical to MT986830_Megalocytivirus_pagrus1_ISKNV) is ignored but added at the end
NOTE: MN432490_Megalocytivirus_pagrus1_ISKNV (identical to MT986830_Megalocytivirus_pagrus1_ISKNV) is ignored but added at the end
NOTE: OP009387_Megalocytivirus_pagrus1_ISKNV (identical to MT986830_Megalocytivirus_pagrus1_ISKNV) is ignored but added at the end
NOTE: PP974677_Megalocytivirus_pagrus1_ISKNV (identical to MT986830_Megalocytivirus_pagrus1_ISKNV) is ignored but added at the end
NOTE: OL774654_Megalocytivirus_pagrus1_RSIV (identical to OL774653_Megalocytivirus_pagrus1_RSIV) is ignored but added at the end
NOTE: ON743042_Megalocytivirus_pagrus1_RSIV (identical to OL774653_Megalocytivirus_pagrus1_RSIV) is ignored but added at the end
NOTE: OK042108_Megalocytivirus_pagrus1_RSIV (identical to OL774653_Megalocytivirus_pagrus1_RSIV) is ignored but added at the end
NOTE: OQ475017_Megalocytivirus_pagrus1_RSIV (identical to OL774653_Megalocytivirus_pagrus1_RSIV) is ignored but added at the end
NOTE: MW139932_Megalocytivirus_pagrus1_RSIV (identical to OL774653_Megalocytivirus_pagrus1_RSIV) is ignored but added at the end
NOTE: AB104413_Megalocytivirus_pagrus1_RSIV (identical to OL774653_Megalocytivirus_pagrus1_RSIV) is ignored but added at the end
NOTE: OL774655_Megalocytivirus_pagrus1_RSIV (identical to OL774653_Megalocytivirus_pagrus1_RSIV) is ignored but added at the end
NOTE: BD143114_Megalocytivirus_pagrus1_RSIV (identical to OL774653_Megalocytivirus_pagrus1_RSIV) is ignored but added at the end
NOTE: ON740976_Megalocytivirus_pagrus1_RSIV (identical to OL774653_Megalocytivirus_pagrus1_RSIV) is ignored but added at the end
NOTE: MT128666_Megalocytivirus_pagrus1_ISKNV (identical to OP896201_Megalocytivirus_pagrus1_ISKNV) is ignored but added at the end
NOTE: MW273354_Megalocytivirus_pagrus1_ISKNV (identical to OP896201_Megalocytivirus_pagrus1_ISKNV) is ignored but added at the end
NOTE: ON212400_Megalocytivirus_pagrus1_ISKNV (identical to OP896201_Megalocytivirus_pagrus1_ISKNV) is ignored but added at the end
NOTE: NC_003494_Megalocytivirus_pagrus1_ISKNV (identical to OP896201_Megalocytivirus_pagrus1_ISKNV) is ignored but added at the end
NOTE: MW883594_Megalocytivirus_pagrus1_ISKNV (identical to OP896201_Megalocytivirus_pagrus1_ISKNV) is ignored but added at the end
NOTE: MW883601_Megalocytivirus_pagrus1_ISKNV (identical to OP896201_Megalocytivirus_pagrus1_ISKNV) is ignored but added at the end
NOTE: MT128667_Megalocytivirus_pagrus1_ISKNV (identical to OP896201_Megalocytivirus_pagrus1_ISKNV) is ignored but added at the end
NOTE: OR356116_Megalocytivirus_pagrus1_ISKNV (identical to OP896201_Megalocytivirus_pagrus1_ISKNV) is ignored but added at the end
NOTE: KT781098_Megalocytivirus_pagrus1_ISKNV (identical to OP896201_Megalocytivirus_pagrus1_ISKNV) is ignored but added at the end
NOTE: AF371960_Megalocytivirus_pagrus1_ISKNV (identical to OP896201_Megalocytivirus_pagrus1_ISKNV) is ignored but added at the end
NOTE: MW883593_Megalocytivirus_pagrus1_ISKNV (identical to OP896201_Megalocytivirus_pagrus1_ISKNV) is ignored but added at the end
NOTE: MT926123_Megalocytivirus_pagrus1_ISKNV (identical to OP896201_Megalocytivirus_pagrus1_ISKNV) is ignored but added at the end
NOTE: MW883606_Megalocytivirus_pagrus1_ISKNV (identical to OP896201_Megalocytivirus_pagrus1_ISKNV) is ignored but added at the end
NOTE: KT804738_Megalocytivirus_pagrus1_RSIV (identical to MK689686_Megalocytivirus_pagrus1_RSIV) is ignored but added at the end
NOTE: AY894343_Megalocytivirus_pagrus1_RSIV (identical to MK689686_Megalocytivirus_pagrus1_RSIV) is ignored but added at the end
NOTE: ON075463_Megalocytivirus_pagrus1_RSIV (identical to OK042109_Megalocytivirus_pagrus1_RSIV) is ignored but added at the end
NOTE: KC244182_Megalocytivirus_pagrus1_RSIV (identical to OK042109_Megalocytivirus_pagrus1_RSIV) is ignored but added at the end
Alignment was printed to iqtree_family/OG0000006.fa.uniqueseq.phy

For your convenience alignment with unique sequences printed to iqtree_family/OG0000006.fa.uniqueseq.phy

NOTE: Restoring information from model checkpoint file iqtree_family/OG0000006.fa.model.gz

CHECKPOINT: Initial tree restored
Perform fast likelihood tree search using LG+I+G model...
Estimate model parameters (epsilon = 5.000)
Perform nearest neighbor interchange...
Optimizing NNI: done in 0.410948 secs using 393% CPU
Estimate model parameters (epsilon = 1.000)
1. Initial log-likelihood: -19484.902
Optimal log-likelihood: -19484.803
Proportion of invariable sites: 0.077
Gamma shape alpha: 1.355
Parameters optimization took 1 rounds (0.056 sec)
Time for fast ML tree search: 0.643 seconds

NOTE: ModelFinder requires 56 MB RAM!
ModelFinder will test up to 1320 protein models (sample size: 948) ...
 No. Model         -LnL         df  AIC          AICc         BIC
  1  Blosum62      20052.055    79  40262.109    40276.672    40645.603
  2  Blosum62+I    19796.130    80  39752.260    39767.208    40140.609
  3  Blosum62+G4   19610.866    80  39381.732    39396.680    39770.080
  4  Blosum62+I+G4 19593.163    81  39348.326    39363.665    39741.529
  5  Blosum62+R2   19643.155    81  39448.311    39463.650    39841.513
  6  Blosum62+R3   19595.664    83  39357.328    39373.467    39760.239
  7  Blosum62+R4   19593.722    85  39357.443    39374.404    39770.064
 14  Blosum62+I+R2 19597.908    82  39359.817    39375.553    39757.874
 15  Blosum62+I+R3 19592.230    84  39352.460    39369.007    39760.226
 26  Blosum62+F+I+G4 19642.752    100 39485.504    39509.353    39970.940
 48  cpREV+I+G4    19680.061    81  39522.122    39537.461    39915.324
 70  cpREV+F+I+G4  19601.206    100 39402.413    39426.262    39887.848
 92  Dayhoff+I+G4  19770.540    81  39703.079    39718.419    40096.282
114  Dayhoff+F+I+G4 19713.285    100 39626.569    39650.418    40112.005
136  DCMut+I+G4    19770.187    81  39702.373    39717.713    40095.576
158  DCMut+F+I+G4  19712.591    100 39625.183    39649.032    40110.618
WARNING: Normalizing state frequencies so that sum of them equals to 1
180  FLAVI+I+G4    20306.905    81  40775.811    40791.150    41169.013
WARNING: Normalizing state frequencies so that sum of them equals to 1
202  FLAVI+F+I+G4  20240.740    100 40681.481    40705.330    41166.916
224  FLU+I+G4      19917.322    81  39996.644    40011.984    40389.847
246  FLU+F+I+G4    19898.650    100 39997.300    40021.149    40482.735
268  HIVb+I+G4     19998.364    81  40158.728    40174.067    40551.931
290  HIVb+F+I+G4   19952.985    100 40105.969    40129.818    40591.405
312  HIVw+I+G4     20650.666    81  41463.332    41478.671    41856.534
334  HIVw+F+I+G4   20376.023    100 40952.047    40975.896    41437.482
356  JTT+I+G4      19622.224    81  39406.447    39421.787    39799.650
378  JTT+F+I+G4    19641.135    100 39482.271    39506.119    39967.706
400  JTTDCMut+I+G4 19618.982    81  39399.964    39415.304    39793.167
422  JTTDCMut+F+I+G4 19639.010    100 39478.019    39501.868    39963.455
444  LG+I+G4       19484.714    81  39131.427    39146.767    39524.630
466  LG+F+I+G4     19529.539    100 39259.078    39282.927    39744.513
488  mtART+I+G4    20802.824    81  41767.648    41782.988    42160.851
510  mtART+F+I+G4  19953.032    100 40106.065    40129.914    40591.500
532  mtMAM+I+G4    21002.146    81  42166.291    42181.631    42559.494
554  mtMAM+F+I+G4  20145.411    100 40490.823    40514.671    40976.258
576  mtREV+I+G4    20676.859    81  41515.718    41531.058    41908.921
598  mtREV+F+I+G4  19776.814    100 39753.628    39777.477    40239.063
620  mtZOA+I+G4    20456.905    81  41075.809    41091.149    41469.012
642  mtZOA+F+I+G4  19783.521    100 39767.041    39790.890    40252.477
664  mtMet+I+G4    20574.723    81  41311.445    41326.785    41704.648
686  mtMet+F+I+G4  19823.127    100 39846.255    39870.104    40331.690
708  mtVer+I+G4    20848.566    81  41859.133    41874.472    42252.335
730  mtVer+F+I+G4  20062.826    100 40325.652    40349.501    40811.088
752  mtInv+I+G4    20653.859    81  41469.719    41485.058    41862.921
774  mtInv+F+I+G4  19716.048    100 39632.097    39655.946    40117.532
796  PMB+I+G4      19640.821    81  39443.641    39458.981    39836.844
818  PMB+F+I+G4    19639.056    100 39478.111    39501.960    39963.547
WARNING: Normalizing state frequencies so that sum of them equals to 1
840  Q.bird+I+G4   19945.783    81  40053.565    40068.905    40446.768
WARNING: Normalizing state frequencies so that sum of them equals to 1
862  Q.bird+F+I+G4 19971.238    100 40142.476    40166.325    40627.911
884  Q.insect+I+G4 19494.138    81  39150.277    39165.616    39543.479
906  Q.insect+F+I+G4 19606.273    100 39412.546    39436.395    39897.981
WARNING: Normalizing state frequencies so that sum of them equals to 1
928  Q.mammal+I+G4 19862.165    81  39886.330    39901.670    40279.533
WARNING: Normalizing state frequencies so that sum of them equals to 1
950  Q.mammal+F+I+G4 19862.026    100 39924.051    39947.900    40409.487
WARNING: Normalizing state frequencies so that sum of them equals to 1
972  Q.pfam+I+G4   19525.267    81  39212.535    39227.874    39605.737
WARNING: Normalizing state frequencies so that sum of them equals to 1
994  Q.pfam+F+I+G4 19535.023    100 39270.046    39293.895    39755.482
WARNING: Normalizing state frequencies so that sum of them equals to 1
1016  Q.plant+I+G4  19679.200    81  39520.400    39535.740    39913.603
WARNING: Normalizing state frequencies so that sum of them equals to 1
1038  Q.plant+F+I+G4 19734.017    100 39668.035    39691.883    40153.470
WARNING: Normalizing state frequencies so that sum of them equals to 1
1060  Q.yeast+I+G4  19517.466    81  39196.932    39212.271    39590.134
WARNING: Normalizing state frequencies so that sum of them equals to 1
1082  Q.yeast+F+I+G4 19578.341    100 39356.683    39380.531    39842.118
1104  rtREV+I+G4    19629.170    81  39420.340    39435.680    39813.543
1126  rtREV+F+I+G4  19595.629    100 39391.258    39415.107    39876.693
1148  VT+I+G4       19537.216    81  39236.432    39251.772    39629.635
1170  VT+F+I+G4     19555.383    100 39310.766    39334.615    39796.201
1192  WAG+I+G4      19543.251    81  39248.502    39263.841    39641.705
1214  WAG+F+I+G4    19545.524    100 39291.049    39314.897    39776.484
Reading model parameters from file Q.iridoviridae
1236  Q.iridoviridae+I+G4 19364.130    81  38890.260    38905.600    39283.463
Reading model parameters from file Q.iridoviridae
1258  Q.iridoviridae+F+I+G4 19488.867    100 39177.734    39201.583    39663.169
Reading model parameters from file Q.mcv
WARNING: Normalizing state frequencies so that sum of them equals to 1
1280  Q.mcv+I+G4    19712.777    81  39587.554    39602.894    39980.757
Reading model parameters from file Q.mcv
WARNING: Normalizing state frequencies so that sum of them equals to 1
1302  Q.mcv+F+I+G4  19610.274    100 39420.548    39444.397    39905.983
Akaike Information Criterion:           Q.iridoviridae+I+G4
Corrected Akaike Information Criterion: Q.iridoviridae+I+G4
Bayesian Information Criterion:         Q.iridoviridae+I+G4
Best-fit model: Q.iridoviridae+I+G4 chosen according to BIC

All model information printed to iqtree_family/OG0000006.fa.model.gz
CPU time for ModelFinder: 83.024 seconds (0h:1m:23s)
Wall-clock time for ModelFinder: 21.251 seconds (0h:0m:21s)
Generating 1000 samples for ultrafast bootstrap (seed: 693217)...
Reading model parameters from file Q.iridoviridae

NOTE: 24 MB RAM (0 GB) is required!
Estimate model parameters (epsilon = 0.100)
Thoroughly optimizing +I+G parameters from 10 start values...
Init pinv, alpha: 0.000, 1.515 / Estimate: 0.000, 0.998 / LogL: -19376.113
Init pinv, alpha: 0.016, 1.515 / Estimate: 0.080, 1.489 / LogL: -19364.153
Init pinv, alpha: 0.032, 1.515 / Estimate: 0.079, 1.487 / LogL: -19364.158
Init pinv, alpha: 0.047, 1.515 / Estimate: 0.078, 1.480 / LogL: -19364.179
Init pinv, alpha: 0.063, 1.515 / Estimate: 0.079, 1.483 / LogL: -19364.171
Init pinv, alpha: 0.079, 1.515 / Estimate: 0.080, 1.497 / LogL: -19364.141
Init pinv, alpha: 0.095, 1.515 / Estimate: 0.085, 1.529 / LogL: -19364.145
Init pinv, alpha: 0.111, 1.515 / Estimate: 0.085, 1.530 / LogL: -19364.148
Init pinv, alpha: 0.127, 1.515 / Estimate: 0.086, 1.536 / LogL: -19364.161
Init pinv, alpha: 0.142, 1.515 / Estimate: 0.086, 1.540 / LogL: -19364.173
Optimal pinv,alpha: 0.080, 1.497 / LogL: -19364.141

Parameters optimization took 3.491 sec
Wrote distance file to... 
Computing ML distances based on estimated model parameters...
Calculating distance matrix: done in 0.0351591 secs using 389.1% CPU
Computing ML distances took 0.035258 sec (of wall-clock time) 0.137094 sec (of CPU time)
Setting up auxiliary I and S matrices: done in 8.79765e-05 secs using 543.3% CPU
Constructing RapidNJ tree: done in 0.000634909 secs using 363.8% CPU
Computing RapidNJ tree took 0.000779 sec (of wall-clock time) 0.003076 sec (of CPU time)
Log-likelihood of RapidNJ tree: -19365.120
--------------------------------------------------------------------
|             INITIALIZING CANDIDATE TREE SET                      |
--------------------------------------------------------------------
Generating 98 parsimony trees... 0.062 second
Computing log-likelihood of 98 initial trees ... 1.545 seconds
Current best score: -19364.141

Do NNI search on 20 best initial trees
Optimizing NNI: done in 0.0864511 secs using 386.5% CPU
Estimate model parameters (epsilon = 0.100)
BETTER TREE FOUND at iteration 1: -19364.133
Optimizing NNI: done in 0.141755 secs using 391.3% CPU
Optimizing NNI: done in 0.244645 secs using 391.8% CPU
Optimizing NNI: done in 0.263824 secs using 392.2% CPU
Optimizing NNI: done in 0.21065 secs using 390.1% CPU
Optimizing NNI: done in 0.434482 secs using 392.9% CPU
Optimizing NNI: done in 0.282026 secs using 387.1% CPU
Optimizing NNI: done in 0.361493 secs using 392.1% CPU
Optimizing NNI: done in 0.48236 secs using 390.8% CPU
BETTER TREE FOUND at iteration 9: -19364.133
Optimizing NNI: done in 0.246118 secs using 388.5% CPU
Iteration 10 / LogL: -19366.425 / Time: 0h:0m:8s
Optimizing NNI: done in 0.411375 secs using 392.9% CPU
Optimizing NNI: done in 0.41579 secs using 395.5% CPU
Optimizing NNI: done in 0.38137 secs using 389.5% CPU
Optimizing NNI: done in 0.414552 secs using 390.3% CPU
Optimizing NNI: done in 0.364316 secs using 394.5% CPU
Optimizing NNI: done in 0.403367 secs using 391.9% CPU
Optimizing NNI: done in 0.415278 secs using 393.1% CPU
Optimizing NNI: done in 0.437649 secs using 393.5% CPU
Optimizing NNI: done in 0.446197 secs using 391.7% CPU
Optimizing NNI: done in 0.396112 secs using 392.3% CPU
Iteration 20 / LogL: -19364.133 / Time: 0h:0m:12s
Finish initializing candidate tree set (20)
Current best tree score: -19364.133 / CPU time: 8.580
Number of iterations: 20
--------------------------------------------------------------------
|               OPTIMIZING CANDIDATE TREE SET                      |
--------------------------------------------------------------------
Optimizing NNI: done in 0.345492 secs using 391.7% CPU
Optimizing NNI: done in 0.571817 secs using 394.3% CPU
Optimizing NNI: done in 0.613277 secs using 390.1% CPU
Optimizing NNI: done in 0.41631 secs using 389.2% CPU
Optimizing NNI: done in 0.536069 secs using 392% CPU
Optimizing NNI: done in 0.513178 secs using 393.3% CPU
Optimizing NNI: done in 0.534815 secs using 393.1% CPU
Optimizing NNI: done in 0.499884 secs using 388.7% CPU
Optimizing NNI: done in 0.530672 secs using 390.8% CPU
Optimizing NNI: done in 0.456174 secs using 395.9% CPU
Iteration 30 / LogL: -19364.136 / Time: 0h:0m:17s (0h:0m:47s left)
Optimizing NNI: done in 0.686778 secs using 393% CPU
Optimizing NNI: done in 0.663209 secs using 390.4% CPU
Optimizing NNI: done in 0.462486 secs using 393.3% CPU
Optimizing NNI: done in 0.545685 secs using 389.3% CPU
Optimizing NNI: done in 0.583072 secs using 393.9% CPU
Optimizing NNI: done in 0.64531 secs using 390.5% CPU
Optimizing NNI: done in 0.585997 secs using 392.7% CPU
Optimizing NNI: done in 0.667029 secs using 392.2% CPU
Optimizing NNI: done in 0.598738 secs using 390.5% CPU
Optimizing NNI: done in 0.464905 secs using 390.3% CPU
Iteration 40 / LogL: -19364.139 / Time: 0h:0m:23s (0h:0m:41s left)
Optimizing NNI: done in 0.498095 secs using 390.3% CPU
Optimizing NNI: done in 0.502375 secs using 393.3% CPU
Optimizing NNI: done in 0.619809 secs using 389.5% CPU
Optimizing NNI: done in 0.436674 secs using 390% CPU
Optimizing NNI: done in 0.583717 secs using 396.5% CPU
Optimizing NNI: done in 0.455027 secs using 394.3% CPU
Optimizing NNI: done in 0.319252 secs using 393.3% CPU
Optimizing NNI: done in 0.562203 secs using 391.5% CPU
Optimizing NNI: done in 0.405067 secs using 392.2% CPU
Optimizing NNI: done in 0.494285 secs using 394.1% CPU
Iteration 50 / LogL: -19364.135 / Time: 0h:0m:28s (0h:0m:33s left)
Log-likelihood cutoff on original alignment: -19404.527
Optimizing NNI: done in 0.486409 secs using 398.5% CPU
BETTER TREE FOUND at iteration 51: -19364.133
Optimizing NNI: done in 0.532743 secs using 391.4% CPU
Optimizing NNI: done in 0.346423 secs using 388.4% CPU
Optimizing NNI: done in 0.475512 secs using 392.2% CPU
Optimizing NNI: done in 0.407438 secs using 393.9% CPU
Optimizing NNI: done in 0.537037 secs using 393.4% CPU
Optimizing NNI: done in 0.426224 secs using 390.6% CPU
Optimizing NNI: done in 0.662199 secs using 388.6% CPU
Optimizing NNI: done in 0.572481 secs using 392.7% CPU
Optimizing NNI: done in 0.463998 secs using 390.5% CPU
Iteration 60 / LogL: -19364.146 / Time: 0h:0m:33s (0h:0m:51s left)
Optimizing NNI: done in 0.470374 secs using 389.7% CPU
Optimizing NNI: done in 0.486444 secs using 392.8% CPU
Optimizing NNI: done in 0.605495 secs using 394% CPU
Optimizing NNI: done in 0.571713 secs using 397.8% CPU
Optimizing NNI: done in 0.346256 secs using 389.5% CPU
Optimizing NNI: done in 0.412902 secs using 388.8% CPU
Optimizing NNI: done in 0.356643 secs using 392.6% CPU
Optimizing NNI: done in 0.454811 secs using 388.5% CPU
Optimizing NNI: done in 0.384272 secs using 390% CPU
Optimizing NNI: done in 0.46202 secs using 393% CPU
Iteration 70 / LogL: -19364.175 / Time: 0h:0m:37s (0h:0m:44s left)
Optimizing NNI: done in 0.573328 secs using 391.3% CPU
Optimizing NNI: done in 0.614124 secs using 392.2% CPU
Optimizing NNI: done in 0.502885 secs using 397.5% CPU
Optimizing NNI: done in 0.458703 secs using 388.2% CPU
Optimizing NNI: done in 0.542315 secs using 389.5% CPU
Optimizing NNI: done in 0.373234 secs using 388.2% CPU
Optimizing NNI: done in 0.580657 secs using 394% CPU
Optimizing NNI: done in 0.483396 secs using 396.4% CPU
Optimizing NNI: done in 0.472074 secs using 391.8% CPU
Optimizing NNI: done in 0.297564 secs using 395.6% CPU
Iteration 80 / LogL: -19364.143 / Time: 0h:0m:42s (0h:0m:38s left)
Optimizing NNI: done in 0.551694 secs using 389.2% CPU
Optimizing NNI: done in 0.435262 secs using 397% CPU
Optimizing NNI: done in 0.330269 secs using 390.6% CPU
Optimizing NNI: done in 0.61807 secs using 393.2% CPU
Optimizing NNI: done in 0.621267 secs using 391% CPU
Optimizing NNI: done in 0.584984 secs using 394.4% CPU
Optimizing NNI: done in 0.522704 secs using 389.1% CPU
Optimizing NNI: done in 0.575369 secs using 395.3% CPU
Optimizing NNI: done in 0.486859 secs using 389.9% CPU
Optimizing NNI: done in 0.461139 secs using 396.4% CPU
Iteration 90 / LogL: -19364.141 / Time: 0h:0m:48s (0h:0m:32s left)
Optimizing NNI: done in 0.488257 secs using 384.6% CPU
Optimizing NNI: done in 0.190986 secs using 397.2% CPU
Optimizing NNI: done in 0.617961 secs using 390.8% CPU
Optimizing NNI: done in 0.483823 secs using 391.3% CPU
Optimizing NNI: done in 0.570787 secs using 387.5% CPU
Optimizing NNI: done in 0.423308 secs using 393% CPU
Optimizing NNI: done in 0.519647 secs using 390.9% CPU
Optimizing NNI: done in 0.344422 secs using 391.5% CPU
Optimizing NNI: done in 0.753504 secs using 395.5% CPU
Optimizing NNI: done in 0.33749 secs using 399.7% CPU
Iteration 100 / LogL: -19406.771 / Time: 0h:0m:52s (0h:0m:27s left)
Log-likelihood cutoff on original alignment: -19404.527
NOTE: Bootstrap correlation coefficient of split occurrence frequencies: 0.995
Optimizing NNI: done in 0.614346 secs using 392% CPU
Optimizing NNI: done in 0.499522 secs using 394.6% CPU
Optimizing NNI: done in 0.586031 secs using 393.4% CPU
Optimizing NNI: done in 0.511946 secs using 394.1% CPU
Optimizing NNI: done in 0.569705 secs using 392.6% CPU
Optimizing NNI: done in 0.404793 secs using 398.8% CPU
Optimizing NNI: done in 0.651577 secs using 391.6% CPU
Optimizing NNI: done in 0.600296 secs using 395.5% CPU
Optimizing NNI: done in 0.652953 secs using 390.2% CPU
Optimizing NNI: done in 0.623946 secs using 392.8% CPU
Iteration 110 / LogL: -19457.700 / Time: 0h:0m:58s (0h:0m:48s left)
Optimizing NNI: done in 0.507238 secs using 393.6% CPU
Optimizing NNI: done in 0.569424 secs using 393.3% CPU
Optimizing NNI: done in 0.551528 secs using 388.9% CPU
Optimizing NNI: done in 0.295644 secs using 390.7% CPU
Optimizing NNI: done in 0.589003 secs using 394.1% CPU
Optimizing NNI: done in 0.478431 secs using 392.9% CPU
Optimizing NNI: done in 0.41237 secs using 395.2% CPU
Optimizing NNI: done in 0.445937 secs using 393.1% CPU
Optimizing NNI: done in 0.490194 secs using 398.1% CPU
Optimizing NNI: done in 0.542314 secs using 392% CPU
Iteration 120 / LogL: -19376.406 / Time: 0h:1m:3s (0h:0m:42s left)
Optimizing NNI: done in 0.51804 secs using 385.8% CPU
Optimizing NNI: done in 0.47163 secs using 388.1% CPU
Optimizing NNI: done in 0.484703 secs using 395.7% CPU
Optimizing NNI: done in 0.507345 secs using 394.3% CPU
Optimizing NNI: done in 0.388137 secs using 392.3% CPU
Optimizing NNI: done in 0.37517 secs using 383.6% CPU
Optimizing NNI: done in 0.589443 secs using 392% CPU
Optimizing NNI: done in 0.380692 secs using 394.4% CPU
Optimizing NNI: done in 0.458382 secs using 396.3% CPU
Optimizing NNI: done in 0.603855 secs using 392.2% CPU
Iteration 130 / LogL: -19382.731 / Time: 0h:1m:8s (0h:0m:37s left)
Optimizing NNI: done in 0.209184 secs using 388.1% CPU
Optimizing NNI: done in 0.650511 secs using 389.8% CPU
Optimizing NNI: done in 0.339045 secs using 392.9% CPU
Optimizing NNI: done in 0.666934 secs using 390.8% CPU
Optimizing NNI: done in 0.547629 secs using 393.7% CPU
Optimizing NNI: done in 0.466647 secs using 393.3% CPU
Optimizing NNI: done in 0.498974 secs using 392.7% CPU
Optimizing NNI: done in 0.529152 secs using 392.9% CPU
Optimizing NNI: done in 0.465036 secs using 395.5% CPU
Optimizing NNI: done in 0.540616 secs using 386.6% CPU
Iteration 140 / LogL: -19364.137 / Time: 0h:1m:13s (0h:0m:31s left)
Optimizing NNI: done in 0.432606 secs using 386% CPU
Optimizing NNI: done in 0.484967 secs using 394.2% CPU
Optimizing NNI: done in 0.556914 secs using 391.1% CPU
Optimizing NNI: done in 0.522568 secs using 393.7% CPU
Optimizing NNI: done in 0.706615 secs using 392.3% CPU
Optimizing NNI: done in 0.49075 secs using 394.7% CPU
Optimizing NNI: done in 0.355002 secs using 397.7% CPU
Optimizing NNI: done in 0.335151 secs using 394.4% CPU
Optimizing NNI: done in 0.611678 secs using 394.8% CPU
Optimizing NNI: done in 0.454907 secs using 391% CPU
Iteration 150 / LogL: -19364.152 / Time: 0h:1m:18s (0h:0m:26s left)
Log-likelihood cutoff on original alignment: -19405.148
Optimizing NNI: done in 0.48519 secs using 392.1% CPU
Optimizing NNI: done in 0.449586 secs using 385.6% CPU
TREE SEARCH COMPLETED AFTER 152 ITERATIONS / Time: 0h:1m:19s

--------------------------------------------------------------------
|                    FINALIZING TREE SEARCH                        |
--------------------------------------------------------------------
Performs final model parameters optimization
Estimate model parameters (epsilon = 0.010)
1. Initial log-likelihood: -19364.133
Optimal log-likelihood: -19364.130
Proportion of invariable sites: 0.082
Gamma shape alpha: 1.505
Parameters optimization took 1 rounds (0.055 sec)
BEST SCORE FOUND : -19364.130
Creating bootstrap support values...
Split supports printed to NEXUS file iqtree_family/OG0000006.fa.splits.nex
Total tree length: 7.577

Total number of iterations: 152
CPU time used for tree search: 297.708 sec (0h:4m:57s)
Wall-clock time used for tree search: 75.958 sec (0h:1m:15s)
Total CPU time used: 312.416 sec (0h:5m:12s)
Total wall-clock time used: 79.711 sec (0h:1m:19s)

Computing bootstrap consensus tree...
Reading input file iqtree_family/OG0000006.fa.splits.nex...
41 taxa and 649 splits.
Consensus tree written to iqtree_family/OG0000006.fa.contree
Reading input trees file iqtree_family/OG0000006.fa.contree
Log-likelihood of consensus tree: -19364.163

Analysis results written to: 
  IQ-TREE report:                iqtree_family/OG0000006.fa.iqtree
  Maximum-likelihood tree:       iqtree_family/OG0000006.fa.treefile
  Likelihood distances:          iqtree_family/OG0000006.fa.mldist

Ultrafast bootstrap approximation results written to:
  Split support values:          iqtree_family/OG0000006.fa.splits.nex
  Consensus tree:                iqtree_family/OG0000006.fa.contree
  Screen log file:               iqtree_family/OG0000006.fa.log

Date and Time: Thu Apr  3 13:02:42 2025
