IQ-TREE multicore version 2.2.0.5 COVID-edition for Linux 64-bit built Sep 26 2022
Developed by Bui Quang Minh, James Barbetti, Nguyen Lam Tung,
Olga Chernomor, Heiko Schmidt, Dominik Schrempf, Michael Woodhams, Ly Trong Nhan.

Host:    c213 (AVX2, FMA3, 503 GB RAM)
Command: iqtree2 -s orthofinder_iqtreetest/Results_Jul15/MultipleSequenceAlignments/OG0000050.fa -B 1000 -m MFP -T 1 -pre iqtree/OG0000050.fa.fa
Seed:    834681 (Using SPRNG - Scalable Parallel Random Number Generator)
Time:    Tue Jul 23 10:49:20 2024
Kernel:  AVX+FMA - 1 threads (32 CPU cores detected)

HINT: Use -nt option to specify number of threads because your CPU has 32 cores!
HINT: -nt AUTO will automatically determine the best number of threads to use.

Reading alignment file orthofinder_iqtreetest/Results_Jul15/MultipleSequenceAlignments/OG0000050.fa ... Fasta format detected
Reading fasta file: done in 0.00023818 secs using 97.83% CPU
Alignment most likely contains protein sequences
Constructing alignment: done in 0.000125885 secs using 100.1% CPU
Alignment has 35 sequences with 209 columns, 143 distinct patterns
133 parsimony-informative, 0 singleton sites, 76 constant sites
                                                               Gap/Ambiguity  Composition  p-value
Analyzing sequences: done in 1.00136e-05 secs using 99.86% CPU
   1  MCV_ML1_SDDV_MN562489_1_MCV_ML1_SDDV_MN562489.1_00091            2.39%    failed      0.05%
   2  MCV_ML1_SDDV_MT521409_1_MCV_ML1_SDDV_MT521409.1_00092            2.39%    failed      0.05%
   3  MCV_ML1_SDDV_NC_027778_1_MCV_ML1_SDDV_NC_027778.1_00072          2.39%    failed      0.05%
   4  MCV_ML1_SDDV_OM037668_1_MCV_ML1_SDDV_OM037668.1_00046            2.39%    failed      0.12%
   5  MCV_MP1_BCFI_MN432490_1_MCV_MP1_BCFI_MN432490.1_00019            6.70%    passed    100.00%
   6  MCV_MP1_BCFI_MT926123_1_MCV_MP1_BCFI_MT926123.1_00019            6.70%    passed     99.99%
   7  MCV_MP1_GSPI_KT804738_1_MCV_MP1_GSPI_KT804738.1_00019            6.70%    passed    100.00%
   8  MCV_MP1_ISKNV_AF371960_1_MCV_MP1_ISKNV_AF371960.1_00019          6.70%    passed    100.00%
   9  MCV_MP1_ISKNV_MK689685_1_MCV_MP1_ISKNV_MK689685.1_00019          6.70%    passed    100.00%
  10  MCV_MP1_LBUSV_OP009387_1_MCV_MP1_LBUSV_OP009387.1_00019          6.70%    passed    100.00%
  11  MCV_MP1_LYCI_AY779031_1_MCV_MP1_LYCI_AY779031.1_00019            6.70%    passed    100.00%
  12  MCV_MP1_LYCI_MW139932_1_MCV_MP1_LYCI_MW139932.1_00019            6.70%    passed    100.00%
  13  MCV_MP1_LYCI_OL774653_1_MCV_MP1_LYCI_OL774653.1_00036            6.70%    passed    100.00%
  14  MCV_MP1_LYCI_OL774654_1_MCV_MP1_LYCI_OL774654.1_00019            6.70%    passed    100.00%
  15  MCV_MP1_LYCI_OL774655_1_MCV_MP1_LYCI_OL774655.1_00019            6.70%    passed    100.00%
  16  MCV_MP1_OSGI_AY894343_1_MCV_MP1_OSGI_AY894343.1_00019            6.70%    passed    100.00%
  17  MCV_MP1_PI_MK098185_1_MCV_MP1_PI_MK098185.1_00019                6.70%    passed    100.00%
  18  MCV_MP1_PI_MK098186_1_MCV_MP1_PI_MK098186.1_00019                6.70%    passed    100.00%
  19  MCV_MP1_PI_MK098187_1_MCV_MP1_PI_MK098187.1_00019                6.70%    passed    100.00%
  20  MCV_MP1_RBIV_AY532606_1_MCV_MP1_RBIV_AY532606.1_00018            6.70%    passed    100.00%
  21  MCV_MP1_RBIV_KC244182_1_MCV_MP1_RBIV_KC244182.1_00018            6.70%    passed    100.00%
  22  MCV_MP1_RSIV_BD143114_1_MCV_MP1_RSIV_BD143114.1_00056            6.70%    passed    100.00%
  23  MCV_MP1_RSIV_MK689686_1_MCV_MP1_RSIV_MK689686.1_00018            6.70%    passed    100.00%
  24  MCV_MP1_RSIV_MT798582_1_MCV_MP1_RSIV_MT798582.1_00008            6.70%    passed    100.00%
  25  MCV_MP1_RSIV_OK042108_1_MCV_MP1_RSIV_OK042108.1_00058            6.70%    passed    100.00%
  26  MCV_MP1_RSIV_OK042109_1_MCV_MP1_RSIV_OK042109.1_00057            6.70%    passed    100.00%
  27  MCV_MP1_RSIV_ON740976_1_MCV_MP1_RSIV_ON740976.1_00018            6.70%    passed    100.00%
  28  MCV_MP1_RSIV_ON743042_1_MCV_MP1_RSIV_ON743042.1_00019            6.70%    passed    100.00%
  29  MCV_MP1_SKIV_MT986830_1_MCV_MP1_SKIV_MT986830.1_00019            6.70%    passed    100.00%
  30  MCV_MP1_SKIV_ON075463_1_MCV_MP1_SKIV_ON075463.1_00018            6.70%    passed    100.00%
  31  MCV_MP1_TRBIV_GQ273492_1_MCV_MP1_TRBIV_GQ273492.1_00019          6.70%    passed    100.00%
  32  MCV_Unclassified_MG570131_1_MCV_Unclassified_MG570131.1_00020    6.70%    passed    100.00%
  33  MCV_Unclassified_MG570132_1_MCV_Unclassified_MG570132.1_00020    6.70%    passed    100.00%
  34  MCV_Unclassified_OQ475017_1_MCV_Unclassified_OQ475017.1_00019    6.70%    passed    100.00%
  35  MCV_Unlassified_OL310752_1_MCV_Unlassified_OL310752.1_00007      6.70%    passed    100.00%
****  TOTAL                                                            6.21%  4 sequences failed composition chi2 test (p-value<5%; df=19)
NOTE: MCV_ML1_SDDV_MT521409_1_MCV_ML1_SDDV_MT521409.1_00092 is identical to MCV_ML1_SDDV_MN562489_1_MCV_ML1_SDDV_MN562489.1_00091 but kept for subsequent analysis
NOTE: MCV_MP1_LBUSV_OP009387_1_MCV_MP1_LBUSV_OP009387.1_00019 is identical to MCV_MP1_BCFI_MN432490_1_MCV_MP1_BCFI_MN432490.1_00019 but kept for subsequent analysis
NOTE: MCV_MP1_OSGI_AY894343_1_MCV_MP1_OSGI_AY894343.1_00019 is identical to MCV_MP1_GSPI_KT804738_1_MCV_MP1_GSPI_KT804738.1_00019 but kept for subsequent analysis
NOTE: MCV_MP1_ISKNV_MK689685_1_MCV_MP1_ISKNV_MK689685.1_00019 is identical to MCV_MP1_ISKNV_AF371960_1_MCV_MP1_ISKNV_AF371960.1_00019 but kept for subsequent analysis
NOTE: MCV_MP1_LYCI_OL774653_1_MCV_MP1_LYCI_OL774653.1_00036 is identical to MCV_MP1_LYCI_MW139932_1_MCV_MP1_LYCI_MW139932.1_00019 but kept for subsequent analysis
NOTE: MCV_MP1_PI_MK098186_1_MCV_MP1_PI_MK098186.1_00019 is identical to MCV_MP1_PI_MK098185_1_MCV_MP1_PI_MK098185.1_00019 but kept for subsequent analysis
NOTE: MCV_MP1_RBIV_KC244182_1_MCV_MP1_RBIV_KC244182.1_00018 is identical to MCV_MP1_RBIV_AY532606_1_MCV_MP1_RBIV_AY532606.1_00018 but kept for subsequent analysis
NOTE: MCV_MP1_TRBIV_GQ273492_1_MCV_MP1_TRBIV_GQ273492.1_00019 is identical to MCV_MP1_RSIV_OK042109_1_MCV_MP1_RSIV_OK042109.1_00057 but kept for subsequent analysis
Checking for duplicate sequences: done in 5.22137e-05 secs using 99.59% CPU
Identifying sites to remove: done in 6.48499e-05 secs using 100.2% CPU
NOTE: 14 identical sequences (see below) will be ignored for subsequent analysis
NOTE: MCV_ML1_SDDV_NC_027778_1_MCV_ML1_SDDV_NC_027778.1_00072 (identical to MCV_ML1_SDDV_MN562489_1_MCV_ML1_SDDV_MN562489.1_00091) is ignored but added at the end
NOTE: MCV_MP1_SKIV_MT986830_1_MCV_MP1_SKIV_MT986830.1_00019 (identical to MCV_MP1_BCFI_MN432490_1_MCV_MP1_BCFI_MN432490.1_00019) is ignored but added at the end
NOTE: MCV_MP1_RSIV_MK689686_1_MCV_MP1_RSIV_MK689686.1_00018 (identical to MCV_MP1_GSPI_KT804738_1_MCV_MP1_GSPI_KT804738.1_00019) is ignored but added at the end
NOTE: MCV_MP1_LYCI_OL774654_1_MCV_MP1_LYCI_OL774654.1_00019 (identical to MCV_MP1_LYCI_MW139932_1_MCV_MP1_LYCI_MW139932.1_00019) is ignored but added at the end
NOTE: MCV_MP1_LYCI_OL774655_1_MCV_MP1_LYCI_OL774655.1_00019 (identical to MCV_MP1_LYCI_MW139932_1_MCV_MP1_LYCI_MW139932.1_00019) is ignored but added at the end
NOTE: MCV_MP1_RSIV_ON740976_1_MCV_MP1_RSIV_ON740976.1_00018 (identical to MCV_MP1_LYCI_MW139932_1_MCV_MP1_LYCI_MW139932.1_00019) is ignored but added at the end
NOTE: MCV_Unlassified_OL310752_1_MCV_Unlassified_OL310752.1_00007 (identical to MCV_MP1_LYCI_MW139932_1_MCV_MP1_LYCI_MW139932.1_00019) is ignored but added at the end
NOTE: MCV_MP1_PI_MK098187_1_MCV_MP1_PI_MK098187.1_00019 (identical to MCV_MP1_PI_MK098185_1_MCV_MP1_PI_MK098185.1_00019) is ignored but added at the end
NOTE: MCV_MP1_RSIV_BD143114_1_MCV_MP1_RSIV_BD143114.1_00056 (identical to MCV_MP1_PI_MK098185_1_MCV_MP1_PI_MK098185.1_00019) is ignored but added at the end
NOTE: MCV_MP1_RSIV_OK042108_1_MCV_MP1_RSIV_OK042108.1_00058 (identical to MCV_MP1_PI_MK098185_1_MCV_MP1_PI_MK098185.1_00019) is ignored but added at the end
NOTE: MCV_MP1_RSIV_ON743042_1_MCV_MP1_RSIV_ON743042.1_00019 (identical to MCV_MP1_PI_MK098185_1_MCV_MP1_PI_MK098185.1_00019) is ignored but added at the end
NOTE: MCV_Unclassified_OQ475017_1_MCV_Unclassified_OQ475017.1_00019 (identical to MCV_MP1_PI_MK098185_1_MCV_MP1_PI_MK098185.1_00019) is ignored but added at the end
NOTE: MCV_MP1_RSIV_MT798582_1_MCV_MP1_RSIV_MT798582.1_00008 (identical to MCV_MP1_RBIV_AY532606_1_MCV_MP1_RBIV_AY532606.1_00018) is ignored but added at the end
NOTE: MCV_MP1_SKIV_ON075463_1_MCV_MP1_SKIV_ON075463.1_00018 (identical to MCV_MP1_RBIV_AY532606_1_MCV_MP1_RBIV_AY532606.1_00018) is ignored but added at the end
Alignment was printed to iqtree/OG0000050.fa.fa.uniqueseq.phy

For your convenience alignment with unique sequences printed to iqtree/OG0000050.fa.fa.uniqueseq.phy


Create initial parsimony tree by phylogenetic likelihood library (PLL)... 0.000 seconds
Perform fast likelihood tree search using LG+I+G model...
Estimate model parameters (epsilon = 5.000)
Perform nearest neighbor interchange...
Optimizing NNI: done in 0.0562012 secs using 100% CPU
Estimate model parameters (epsilon = 1.000)
1. Initial log-likelihood: -1402.982
Optimal log-likelihood: -1402.489
Proportion of invariable sites: 0.130
Gamma shape alpha: 4.213
Parameters optimization took 1 rounds (0.025 sec)
Time for fast ML tree search: 0.143 seconds

NOTE: ModelFinder requires 5 MB RAM!
ModelFinder will test up to 1232 protein models (sample size: 209) ...
 No. Model         -LnL         df  AIC          AICc         BIC
  1  LG            1404.651     39  2887.303     2905.764     3017.654
  2  LG+I          1403.148     40  2886.296     2905.820     3019.990
  3  LG+G4         1400.859     40  2881.719     2901.242     3015.412
  4  LG+I+G4       1401.680     41  2885.360     2905.982     3022.395
  5  LG+R2         1401.114     41  2884.229     2904.851     3021.264
  6  LG+R3         1397.648     43  2881.296     2904.229     3025.016
 14  LG+I+R2       1397.703     42  2879.407     2901.166     3019.785
 15  LG+I+R3       1397.656     44  2883.312     2907.458     3030.375
 23  LG+F          1393.897     58  2903.794     2949.421     3097.649
 24  LG+F+I        1392.716     59  2903.433     2950.949     3100.630
 25  LG+F+G4       1390.242     59  2898.483     2946.000     3095.681
 26  LG+F+I+G4     1391.037     60  2902.074     2951.533     3102.614
 27  LG+F+R2       1390.381     60  2900.762     2950.221     3101.302
 28  LG+F+R3       1386.852     62  2897.704     2951.211     3104.929
 36  LG+F+I+R2     1386.960     61  2895.920     2947.376     3099.803
 45  WAG           1402.848     39  2883.697     2902.158     3014.048
 46  WAG+I         1402.105     40  2884.209     2903.733     3017.902
 47  WAG+G4        1400.448     40  2880.896     2900.419     3014.589
 48  WAG+I+G4      1401.236     41  2884.472     2905.094     3021.507
 49  WAG+R2        1400.590     41  2883.181     2903.803     3020.216
 50  WAG+R3        1397.314     43  2880.629     2903.562     3024.349
 58  WAG+I+R2      1400.712     42  2885.424     2907.183     3025.802
 67  WAG+F         1390.306     58  2896.612     2942.238     3090.467
 68  WAG+F+I       1389.523     59  2897.046     2944.562     3094.243
 69  WAG+F+G4      1387.603     59  2893.207     2940.723     3090.404
 70  WAG+F+I+G4    1388.411     60  2896.823     2946.282     3097.363
 71  WAG+F+R2      1387.731     60  2895.462     2944.921     3096.002
 72  WAG+F+R3      1384.359     62  2892.718     2946.224     3099.942
 80  WAG+F+I+R2    1384.470     61  2890.940     2942.396     3094.822
 89  JTT           1395.775     39  2869.549     2888.011     2999.900
 90  JTT+I         1394.455     40  2868.910     2888.434     3002.603
 91  JTT+G4        1392.049     40  2864.098     2883.622     2997.792
 92  JTT+I+G4      1392.914     41  2867.827     2888.450     3004.863
 93  JTT+R2        1392.243     41  2866.486     2887.109     3003.522
 94  JTT+R3        1389.716     43  2865.432     2888.365     3009.152
102  JTT+I+R2      1389.879     42  2863.757     2885.516     3004.135
111  JTT+F         1387.577     58  2891.154     2936.781     3085.010
112  JTT+F+I       1386.273     59  2890.546     2938.063     3087.744
113  JTT+F+G4      1383.453     59  2884.905     2932.422     3082.103
114  JTT+F+I+G4    1384.265     60  2888.530     2937.990     3089.070
115  JTT+F+R2      1383.518     60  2887.037     2936.496     3087.577
116  JTT+F+R3      1380.986     62  2885.971     2939.478     3093.196
124  JTT+F+I+R2    1381.178     61  2884.355     2935.811     3088.238
WARNING: Normalizing state frequencies so that sum of them equals to 1
133  Q.pfam        1406.081     39  2890.161     2908.623     3020.512
WARNING: Normalizing state frequencies so that sum of them equals to 1
134  Q.pfam+I      1404.566     40  2889.133     2908.656     3022.826
WARNING: Normalizing state frequencies so that sum of them equals to 1
135  Q.pfam+G4     1402.487     40  2884.973     2904.497     3018.667
WARNING: Normalizing state frequencies so that sum of them equals to 1
136  Q.pfam+I+G4   1403.280     41  2888.560     2909.183     3025.596
WARNING: Normalizing state frequencies so that sum of them equals to 1
137  Q.pfam+R2     1402.760     41  2887.521     2908.143     3024.556
WARNING: Normalizing state frequencies so that sum of them equals to 1
138  Q.pfam+R3     1399.369     43  2884.738     2907.671     3028.458
WARNING: Normalizing state frequencies so that sum of them equals to 1
146  Q.pfam+I+R2   1399.364     42  2882.727     2904.486     3023.105
WARNING: Normalizing state frequencies so that sum of them equals to 1
155  Q.pfam+F      1394.515     58  2905.031     2950.657     3098.886
WARNING: Normalizing state frequencies so that sum of them equals to 1
156  Q.pfam+F+I    1393.237     59  2904.474     2951.990     3101.671
WARNING: Normalizing state frequencies so that sum of them equals to 1
157  Q.pfam+F+G4   1390.902     59  2899.804     2947.320     3097.001
WARNING: Normalizing state frequencies so that sum of them equals to 1
158  Q.pfam+F+I+G4 1391.665     60  2903.329     2952.789     3103.869
WARNING: Normalizing state frequencies so that sum of them equals to 1
159  Q.pfam+F+R2   1391.145     60  2902.289     2951.749     3102.829
WARNING: Normalizing state frequencies so that sum of them equals to 1
160  Q.pfam+F+R3   1387.629     62  2899.257     2952.764     3106.482
WARNING: Normalizing state frequencies so that sum of them equals to 1
168  Q.pfam+F+I+R2 1387.718     61  2897.436     2948.892     3101.318
WARNING: Normalizing state frequencies so that sum of them equals to 1
177  Q.bird        1406.258     39  2890.516     2908.978     3020.867
WARNING: Normalizing state frequencies so that sum of them equals to 1
178  Q.bird+I      1400.450     40  2880.900     2900.424     3014.594
WARNING: Normalizing state frequencies so that sum of them equals to 1
179  Q.bird+G4     1396.766     40  2873.533     2893.057     3007.226
WARNING: Normalizing state frequencies so that sum of them equals to 1
180  Q.bird+I+G4   1397.400     41  2876.800     2897.422     3013.835
WARNING: Normalizing state frequencies so that sum of them equals to 1
181  Q.bird+R2     1397.284     41  2876.569     2897.191     3013.604
WARNING: Normalizing state frequencies so that sum of them equals to 1
182  Q.bird+R3     1396.584     43  2879.169     2902.102     3022.889
WARNING: Normalizing state frequencies so that sum of them equals to 1
190  Q.bird+I+R2   1397.039     42  2878.077     2899.836     3018.455
WARNING: Normalizing state frequencies so that sum of them equals to 1
199  Q.bird+F      1399.025     58  2914.050     2959.677     3107.905
WARNING: Normalizing state frequencies so that sum of them equals to 1
200  Q.bird+F+I    1393.692     59  2905.383     2952.900     3102.581
WARNING: Normalizing state frequencies so that sum of them equals to 1
201  Q.bird+F+G4   1388.460     59  2894.920     2942.437     3092.118
WARNING: Normalizing state frequencies so that sum of them equals to 1
202  Q.bird+F+I+G4 1389.188     60  2898.377     2947.836     3098.917
WARNING: Normalizing state frequencies so that sum of them equals to 1
203  Q.bird+F+R2   1388.829     60  2897.657     2947.117     3098.197
WARNING: Normalizing state frequencies so that sum of them equals to 1
204  Q.bird+F+R3   1387.995     62  2899.991     2953.498     3107.216
WARNING: Normalizing state frequencies so that sum of them equals to 1
212  Q.bird+F+I+R2 1388.337     61  2898.674     2950.130     3102.557
WARNING: Normalizing state frequencies so that sum of them equals to 1
221  Q.mammal      1407.891     39  2893.782     2912.243     3024.133
WARNING: Normalizing state frequencies so that sum of them equals to 1
222  Q.mammal+I    1403.134     40  2886.269     2905.793     3019.962
WARNING: Normalizing state frequencies so that sum of them equals to 1
223  Q.mammal+G4   1399.639     40  2879.278     2898.801     3012.971
WARNING: Normalizing state frequencies so that sum of them equals to 1
224  Q.mammal+I+G4 1400.360     41  2882.721     2903.343     3019.756
WARNING: Normalizing state frequencies so that sum of them equals to 1
225  Q.mammal+R2   1400.119     41  2882.238     2902.861     3019.274
WARNING: Normalizing state frequencies so that sum of them equals to 1
226  Q.mammal+R3   1399.047     43  2884.095     2907.028     3027.815
WARNING: Normalizing state frequencies so that sum of them equals to 1
234  Q.mammal+I+R2 1399.546     42  2883.093     2904.852     3023.471
WARNING: Normalizing state frequencies so that sum of them equals to 1
243  Q.mammal+F    1398.238     58  2912.476     2958.102     3106.331
WARNING: Normalizing state frequencies so that sum of them equals to 1
244  Q.mammal+F+I  1394.068     59  2906.136     2953.653     3103.334
WARNING: Normalizing state frequencies so that sum of them equals to 1
245  Q.mammal+F+G4 1389.267     59  2896.533     2944.050     3093.731
WARNING: Normalizing state frequencies so that sum of them equals to 1
246  Q.mammal+F+I+G4 1389.986     60  2899.973     2949.432     3100.513
WARNING: Normalizing state frequencies so that sum of them equals to 1
247  Q.mammal+F+R2 1389.143     60  2898.287     2947.746     3098.827
WARNING: Normalizing state frequencies so that sum of them equals to 1
248  Q.mammal+F+R3 1388.154     62  2900.308     2953.815     3107.533
WARNING: Normalizing state frequencies so that sum of them equals to 1
256  Q.mammal+F+I+R2 1388.218     61  2898.436     2949.891     3102.318
265  Q.insect      1404.400     39  2886.801     2905.262     3017.152
266  Q.insect+I    1402.165     40  2884.331     2903.855     3018.024
267  Q.insect+G4   1399.644     40  2879.288     2898.812     3012.982
268  Q.insect+I+G4 1400.439     41  2882.879     2903.501     3019.914
269  Q.insect+R2   1399.939     41  2881.878     2902.500     3018.913
270  Q.insect+R3   1397.574     43  2881.147     2904.081     3024.868
278  Q.insect+I+R2 1397.645     42  2879.290     2901.049     3019.668
287  Q.insect+F    1395.585     58  2907.170     2952.797     3101.026
288  Q.insect+F+I  1393.911     59  2905.822     2953.339     3103.020
289  Q.insect+F+G4 1391.044     59  2900.088     2947.605     3097.286
290  Q.insect+F+I+G4 1391.872     60  2903.743     2953.203     3104.283
291  Q.insect+F+R2 1391.164     60  2902.329     2951.788     3102.869
292  Q.insect+F+R3 1388.512     62  2901.023     2954.530     3108.248
300  Q.insect+F+I+R2 1388.657     61  2899.313     2950.769     3103.195
WARNING: Normalizing state frequencies so that sum of them equals to 1
309  Q.plant       1402.002     39  2882.005     2900.466     3012.356
WARNING: Normalizing state frequencies so that sum of them equals to 1
310  Q.plant+I     1397.745     40  2875.491     2895.014     3009.184
WARNING: Normalizing state frequencies so that sum of them equals to 1
311  Q.plant+G4    1394.315     40  2868.630     2888.154     3002.323
WARNING: Normalizing state frequencies so that sum of them equals to 1
312  Q.plant+I+G4  1395.023     41  2872.046     2892.669     3009.081
WARNING: Normalizing state frequencies so that sum of them equals to 1
313  Q.plant+R2    1394.737     41  2871.474     2892.097     3008.509
WARNING: Normalizing state frequencies so that sum of them equals to 1
314  Q.plant+R3    1393.500     43  2873.001     2895.934     3016.721
WARNING: Normalizing state frequencies so that sum of them equals to 1
322  Q.plant+I+R2  1393.971     42  2871.943     2893.702     3012.321
WARNING: Normalizing state frequencies so that sum of them equals to 1
331  Q.plant+F     1391.047     58  2898.095     2943.722     3091.950
WARNING: Normalizing state frequencies so that sum of them equals to 1
332  Q.plant+F+I   1387.430     59  2892.861     2940.377     3090.058
WARNING: Normalizing state frequencies so that sum of them equals to 1
333  Q.plant+F+G4  1383.432     59  2884.864     2932.381     3082.062
WARNING: Normalizing state frequencies so that sum of them equals to 1
334  Q.plant+F+I+G4 1384.173     60  2888.347     2937.806     3088.887
WARNING: Normalizing state frequencies so that sum of them equals to 1
335  Q.plant+F+R2  1383.465     60  2886.930     2936.390     3087.471
WARNING: Normalizing state frequencies so that sum of them equals to 1
336  Q.plant+F+R3  1382.150     62  2888.299     2941.806     3095.524
WARNING: Normalizing state frequencies so that sum of them equals to 1
344  Q.plant+F+I+R2 1382.319     61  2886.637     2938.093     3090.520
WARNING: Normalizing state frequencies so that sum of them equals to 1
353  Q.yeast       1408.603     39  2895.205     2913.667     3025.556
WARNING: Normalizing state frequencies so that sum of them equals to 1
354  Q.yeast+I     1406.668     40  2893.336     2912.859     3027.029
WARNING: Normalizing state frequencies so that sum of them equals to 1
355  Q.yeast+G4    1404.485     40  2888.969     2908.493     3022.663
WARNING: Normalizing state frequencies so that sum of them equals to 1
356  Q.yeast+I+G4  1405.294     41  2892.589     2913.212     3029.625
WARNING: Normalizing state frequencies so that sum of them equals to 1
357  Q.yeast+R2    1404.771     41  2891.541     2912.164     3028.577
WARNING: Normalizing state frequencies so that sum of them equals to 1
358  Q.yeast+R3    1402.141     43  2890.281     2913.215     3034.002
WARNING: Normalizing state frequencies so that sum of them equals to 1
366  Q.yeast+I+R2  1404.706     42  2893.413     2915.172     3033.791
WARNING: Normalizing state frequencies so that sum of them equals to 1
375  Q.yeast+F     1395.946     58  2907.892     2953.518     3101.747
WARNING: Normalizing state frequencies so that sum of them equals to 1
376  Q.yeast+F+I   1394.566     59  2907.132     2954.649     3104.330
WARNING: Normalizing state frequencies so that sum of them equals to 1
377  Q.yeast+F+G4  1392.090     59  2902.180     2949.696     3099.377
WARNING: Normalizing state frequencies so that sum of them equals to 1
378  Q.yeast+F+I+G4 1392.933     60  2905.866     2955.326     3106.406
WARNING: Normalizing state frequencies so that sum of them equals to 1
379  Q.yeast+F+R2  1392.309     60  2904.617     2954.077     3105.157
WARNING: Normalizing state frequencies so that sum of them equals to 1
380  Q.yeast+F+R3  1389.268     62  2902.536     2956.043     3109.761
WARNING: Normalizing state frequencies so that sum of them equals to 1
388  Q.yeast+F+I+R2 1389.352     61  2900.705     2952.160     3104.587
397  JTTDCMut      1397.357     39  2872.713     2891.175     3003.064
398  JTTDCMut+I    1395.949     40  2871.898     2891.422     3005.591
399  JTTDCMut+G4   1393.500     40  2866.999     2886.523     3000.693
400  JTTDCMut+I+G4 1394.355     41  2870.710     2891.333     3007.746
401  JTTDCMut+R2   1393.697     41  2869.394     2890.017     3006.430
402  JTTDCMut+R3   1391.209     43  2868.418     2891.351     3012.138
410  JTTDCMut+I+R2 1391.415     42  2866.830     2888.589     3007.208
419  JTTDCMut+F    1388.728     58  2893.456     2939.083     3087.312
420  JTTDCMut+F+I  1387.337     59  2892.673     2940.190     3089.871
421  JTTDCMut+F+G4 1384.461     59  2886.921     2934.438     3084.119
422  JTTDCMut+F+I+G4 1385.265     60  2890.530     2939.990     3091.070
423  JTTDCMut+F+R2 1384.523     60  2889.047     2938.506     3089.587
424  JTTDCMut+F+R3 1382.119     62  2888.239     2941.745     3095.463
432  JTTDCMut+F+I+R2 1382.290     61  2886.580     2938.036     3090.462
441  DCMut         1419.304     39  2916.607     2935.069     3046.958
442  DCMut+I       1417.342     40  2914.684     2934.208     3048.378
443  DCMut+G4      1414.636     40  2909.272     2928.796     3042.965
444  DCMut+I+G4    1415.437     41  2912.875     2933.497     3049.910
445  DCMut+R2      1412.184     41  2906.368     2926.991     3043.404
446  DCMut+R3      1412.078     43  2910.157     2933.090     3053.877
454  DCMut+I+R2    1412.160     42  2908.319     2930.079     3048.698
463  DCMut+F       1399.173     58  2914.347     2959.973     3108.202
464  DCMut+F+I     1396.934     59  2911.867     2959.384     3109.065
465  DCMut+F+G4    1393.832     59  2905.664     2953.181     3102.862
466  DCMut+F+I+G4  1394.603     60  2909.206     2958.666     3109.746
467  DCMut+F+R2    1391.377     60  2902.753     2952.213     3103.293
468  DCMut+F+R3    1391.319     62  2906.638     2960.144     3113.862
476  DCMut+F+I+R2  1391.369     61  2904.737     2956.193     3108.620
485  VT            1402.175     39  2882.351     2900.812     3012.702
486  VT+I          1401.909     40  2883.818     2903.342     3017.511
487  VT+G4         1400.626     40  2881.251     2900.775     3014.945
488  VT+I+G4       1401.485     41  2884.971     2905.594     3022.006
489  VT+R2         1400.741     41  2883.482     2904.105     3020.518
490  VT+R3         1397.399     43  2880.799     2903.732     3024.519
498  VT+I+R2       1401.065     42  2886.130     2907.889     3026.508
507  VT+F          1392.957     58  2901.914     2947.540     3095.769
508  VT+F+I        1392.736     59  2903.473     2950.989     3100.670
509  VT+F+G4       1391.358     59  2900.717     2948.234     3097.914
510  VT+F+I+G4     1392.164     60  2904.327     2953.787     3104.867
511  VT+F+R2       1391.465     60  2902.929     2952.388     3103.469
512  VT+F+R3       1388.017     62  2900.035     2953.542     3107.260
520  VT+F+I+R2     1391.685     61  2905.369     2956.825     3109.252
529  PMB           1421.491     39  2920.982     2939.444     3051.333
530  PMB+I         1421.103     40  2922.207     2941.731     3055.900
531  PMB+G4        1419.880     40  2919.761     2939.285     3053.454
532  PMB+I+G4      1420.687     41  2923.374     2943.996     3060.409
533  PMB+R2        1420.018     41  2922.036     2942.659     3059.072
534  PMB+R3        1416.238     43  2918.475     2941.408     3062.195
542  PMB+I+R2      1420.297     42  2924.594     2946.353     3064.972
551  PMB+F         1404.833     58  2925.665     2971.292     3119.521
552  PMB+F+I       1404.464     59  2926.929     2974.446     3124.127
553  PMB+F+G4      1403.113     59  2924.225     2971.742     3121.423
554  PMB+F+I+G4    1403.934     60  2927.867     2977.327     3128.407
555  PMB+F+R2      1403.235     60  2926.470     2975.929     3127.010
556  PMB+F+R3      1399.466     62  2922.933     2976.440     3130.157
564  PMB+F+I+R2    1403.384     61  2928.767     2980.223     3132.650
573  Blosum62      1418.834     39  2915.667     2934.129     3046.018
574  Blosum62+I    1418.339     40  2916.677     2936.201     3050.371
575  Blosum62+G4   1416.900     40  2913.800     2933.323     3047.493
576  Blosum62+I+G4 1417.713     41  2917.426     2938.049     3054.462
577  Blosum62+R2   1417.032     41  2916.064     2936.687     3053.100
578  Blosum62+R3   1413.162     43  2912.323     2935.257     3056.044
586  Blosum62+I+R2 1417.191     42  2918.383     2940.142     3058.761
595  Blosum62+F    1405.428     58  2926.857     2972.483     3120.712
596  Blosum62+F+I  1405.036     59  2928.071     2975.588     3125.269
597  Blosum62+F+G4 1403.547     59  2925.094     2972.610     3122.291
598  Blosum62+F+I+G4 1404.389     60  2928.779     2978.238     3129.319
599  Blosum62+F+R2 1403.665     60  2927.330     2976.790     3127.870
600  Blosum62+F+R3 1399.799     62  2923.598     2977.105     3130.823
608  Blosum62+F+I+R2 1403.704     61  2929.408     2980.864     3133.291
617  Dayhoff       1419.309     39  2916.618     2935.080     3046.969
618  Dayhoff+I     1417.324     40  2914.648     2934.172     3048.341
619  Dayhoff+G4    1414.602     40  2909.205     2928.729     3042.898
620  Dayhoff+I+G4  1415.401     41  2912.803     2933.426     3049.839
621  Dayhoff+R2    1412.145     41  2906.291     2926.913     3043.326
622  Dayhoff+R3    1412.044     43  2910.088     2933.021     3053.808
630  Dayhoff+I+R2  1412.116     42  2908.232     2929.991     3048.610
639  Dayhoff+F     1399.203     58  2914.406     2960.032     3108.261
640  Dayhoff+F+I   1396.942     59  2911.883     2959.400     3109.081
641  Dayhoff+F+G4  1393.824     59  2905.648     2953.165     3102.846
642  Dayhoff+F+I+G4 1394.593     60  2909.186     2958.646     3109.726
643  Dayhoff+F+R2  1391.366     60  2902.733     2952.192     3103.273
644  Dayhoff+F+R3  1391.311     62  2906.621     2960.128     3113.846
652  Dayhoff+F+I+R2 1391.354     61  2904.709     2956.165     3108.591
661  mtREV         1452.513     39  2983.025     3001.487     3113.377
662  mtREV+I       1447.647     40  2975.294     2994.817     3108.987
663  mtREV+G4      1442.148     40  2964.296     2983.820     3097.989
664  mtREV+I+G4    1442.886     41  2967.771     2988.394     3104.807
665  mtREV+R2      1442.389     41  2966.779     2987.401     3103.814
666  mtREV+R3      1441.530     43  2969.060     2991.993     3112.780
674  mtREV+I+R2    1441.783     42  2967.566     2989.325     3107.944
683  mtREV+F       1401.481     58  2918.962     2964.589     3112.818
684  mtREV+F+I     1397.589     59  2913.179     2960.695     3110.376
685  mtREV+F+G4    1392.331     59  2902.661     2950.178     3099.859
686  mtREV+F+I+G4  1393.066     60  2906.132     2955.592     3106.672
687  mtREV+F+R2    1390.407     60  2900.814     2950.273     3101.354
688  mtREV+F+R3    1389.549     62  2903.098     2956.605     3110.322
696  mtREV+F+I+R2  1389.474     61  2900.948     2952.404     3104.830
705  mtART         1490.163     39  3058.327     3076.788     3188.678
706  mtART+I       1481.495     40  3042.989     3062.513     3176.683
707  mtART+G4      1471.571     40  3023.143     3042.667     3156.836
708  mtART+I+G4    1472.242     41  3026.483     3047.106     3163.519
709  mtART+R2      1471.811     41  3025.623     3046.246     3162.659
710  mtART+R3      1467.577     43  3021.154     3044.087     3164.875
718  mtART+I+R2    1466.947     42  3017.893     3039.652     3158.271
727  mtART+F       1433.121     58  2982.242     3027.869     3176.098
728  mtART+F+I     1427.022     59  2972.044     3019.561     3169.242
729  mtART+F+G4    1416.536     59  2951.071     2998.588     3148.269
730  mtART+F+I+G4  1417.286     60  2954.573     3004.032     3155.113
731  mtART+F+R2    1413.905     60  2947.809     2997.269     3148.349
732  mtART+F+R3    1412.387     62  2948.773     3002.280     3155.998
740  mtART+F+I+R2  1412.702     61  2947.404     2998.860     3151.287
749  mtZOA         1461.924     39  3001.848     3020.310     3132.199
750  mtZOA+I       1456.790     40  2993.579     3013.103     3127.273
751  mtZOA+G4      1450.284     40  2980.568     3000.091     3114.261
752  mtZOA+I+G4    1450.953     41  2983.907     3004.530     3120.943
753  mtZOA+R2      1449.768     41  2981.537     3002.160     3118.572
754  mtZOA+R3      1447.186     43  2980.372     3003.305     3124.092
762  mtZOA+I+R2    1446.933     42  2977.867     2999.626     3118.245
771  mtZOA+F       1409.207     58  2934.414     2980.040     3128.269
772  mtZOA+F+I     1405.910     59  2929.820     2977.337     3127.018
773  mtZOA+F+G4    1399.794     59  2917.589     2965.105     3114.786
774  mtZOA+F+I+G4  1400.579     60  2921.158     2970.618     3121.698
775  mtZOA+F+R2    1396.604     60  2913.208     2962.667     3113.748
776  mtZOA+F+R3    1396.325     62  2916.650     2970.157     3123.875
784  mtZOA+F+I+R2  1396.287     61  2914.574     2966.030     3118.457
793  mtMet         1454.179     39  2986.358     3004.819     3116.709
794  mtMet+I       1450.198     40  2980.396     2999.920     3114.090
795  mtMet+G4      1444.868     40  2969.735     2989.259     3103.429
796  mtMet+I+G4    1445.570     41  2973.139     2993.762     3110.175
797  mtMet+R2      1445.167     41  2972.334     2992.957     3109.370
798  mtMet+R3      1444.102     43  2974.205     2997.138     3117.925
806  mtMet+I+R2    1444.473     42  2972.946     2994.705     3113.324
815  mtMet+F       1400.672     58  2917.343     2962.970     3111.199
816  mtMet+F+I     1397.431     59  2912.862     2960.379     3110.060
817  mtMet+F+G4    1392.023     59  2902.045     2949.562     3099.243
818  mtMet+F+I+G4  1392.778     60  2905.556     2955.016     3106.096
819  mtMet+F+R2    1390.044     60  2900.088     2949.548     3100.628
820  mtMet+F+R3    1389.716     62  2903.432     2956.939     3110.657
828  mtMet+F+I+R2  1389.669     61  2901.339     2952.795     3105.221
837  mtVer         1454.477     39  2986.953     3005.415     3117.304
838  mtVer+I       1448.777     40  2977.555     2997.079     3111.248
839  mtVer+G4      1442.469     40  2964.939     2984.463     3098.632
840  mtVer+I+G4    1443.171     41  2968.342     2988.965     3105.378
841  mtVer+R2      1442.755     41  2967.511     2988.134     3104.546
842  mtVer+R3      1442.340     43  2970.679     2993.612     3114.400
850  mtVer+I+R2    1442.767     42  2969.534     2991.293     3109.912
859  mtVer+F       1404.365     58  2924.730     2970.356     3118.585
860  mtVer+F+I     1398.982     59  2915.964     2963.481     3113.162
861  mtVer+F+G4    1392.732     59  2903.464     2950.981     3100.662
862  mtVer+F+I+G4  1393.424     60  2906.848     2956.307     3107.388
863  mtVer+F+R2    1392.431     60  2904.863     2954.322     3105.403
864  mtVer+F+R3    1391.753     62  2907.507     2961.014     3114.731
872  mtVer+F+I+R2  1391.876     61  2905.752     2957.207     3109.634
881  mtInv         1470.823     39  3019.646     3038.107     3149.997
882  mtInv+I       1467.670     40  3015.340     3034.863     3149.033
883  mtInv+G4      1463.447     40  3006.893     3026.417     3140.586
884  mtInv+I+G4    1464.243     41  3010.485     3031.108     3147.521
885  mtInv+R2      1463.709     41  3009.418     3030.041     3146.454
886  mtInv+R3      1462.330     43  3010.659     3033.593     3154.380
894  mtInv+I+R2    1462.865     42  3009.730     3031.489     3150.108
903  mtInv+F       1397.614     58  2911.229     2956.855     3105.084
904  mtInv+F+I     1395.584     59  2909.168     2956.685     3106.366
905  mtInv+F+G4    1391.329     59  2900.658     2948.175     3097.856
906  mtInv+F+I+G4  1392.152     60  2904.304     2953.763     3104.844
907  mtInv+F+R2    1388.414     60  2896.827     2946.287     3097.367
908  mtInv+F+R3    1388.272     62  2900.544     2954.051     3107.769
916  mtInv+F+I+R2  1388.306     61  2898.612     2950.068     3102.495
925  mtMAM         1476.478     39  3030.956     3049.418     3161.307
926  mtMAM+I       1465.742     40  3011.484     3031.007     3145.177
927  mtMAM+G4      1454.504     40  2989.008     3008.532     3122.701
928  mtMAM+I+G4    1455.135     41  2992.270     3012.893     3129.306
929  mtMAM+R2      1455.479     41  2992.958     3013.581     3129.994
930  mtMAM+R3      1454.580     43  2995.160     3018.093     3138.880
938  mtMAM+I+R2    1455.050     42  2994.100     3015.859     3134.478
947  mtMAM+F       1422.231     58  2960.463     3006.090     3154.318
948  mtMAM+F+I     1413.279     59  2944.558     2992.074     3141.755
949  mtMAM+F+G4    1403.272     59  2924.544     2972.061     3121.742
950  mtMAM+F+I+G4  1403.940     60  2927.880     2977.339     3128.420
951  mtMAM+F+R2    1403.715     60  2927.430     2976.890     3127.970
952  mtMAM+F+R3    1402.717     62  2929.434     2982.941     3136.659
960  mtMAM+F+I+R2  1403.156     61  2928.313     2979.769     3132.195
WARNING: Normalizing state frequencies so that sum of them equals to 1
969  FLAVI         1431.778     39  2941.555     2960.017     3071.906
WARNING: Normalizing state frequencies so that sum of them equals to 1
970  FLAVI+I       1423.808     40  2927.615     2947.139     3061.309
WARNING: Normalizing state frequencies so that sum of them equals to 1
971  FLAVI+G4      1416.806     40  2913.611     2933.135     3047.304
WARNING: Normalizing state frequencies so that sum of them equals to 1
972  FLAVI+I+G4    1417.425     41  2916.851     2937.473     3053.886
WARNING: Normalizing state frequencies so that sum of them equals to 1
973  FLAVI+R2      1417.331     41  2916.663     2937.285     3053.698
WARNING: Normalizing state frequencies so that sum of them equals to 1
974  FLAVI+R3      1416.597     43  2919.194     2942.128     3062.915
WARNING: Normalizing state frequencies so that sum of them equals to 1
982  FLAVI+I+R2    1416.836     42  2917.671     2939.430     3058.049
WARNING: Normalizing state frequencies so that sum of them equals to 1
991  FLAVI+F       1412.979     58  2941.958     2987.584     3135.813
WARNING: Normalizing state frequencies so that sum of them equals to 1
992  FLAVI+F+I     1404.988     59  2927.976     2975.492     3125.173
WARNING: Normalizing state frequencies so that sum of them equals to 1
993  FLAVI+F+G4    1397.459     59  2912.919     2960.436     3110.117
WARNING: Normalizing state frequencies so that sum of them equals to 1
994  FLAVI+F+I+G4  1398.161     60  2916.322     2965.782     3116.862
WARNING: Normalizing state frequencies so that sum of them equals to 1
995  FLAVI+F+R2    1397.596     60  2915.192     2964.652     3115.732
WARNING: Normalizing state frequencies so that sum of them equals to 1
996  FLAVI+F+R3    1397.131     62  2918.263     2971.770     3125.488
WARNING: Normalizing state frequencies so that sum of them equals to 1
1004  FLAVI+F+I+R2  1397.541     61  2917.082     2968.538     3120.964
1013  HIVb          1421.219     39  2920.437     2938.899     3050.788
1014  HIVb+I        1415.303     40  2910.606     2930.130     3044.299
1015  HIVb+G4       1410.919     40  2901.838     2921.362     3035.532
1016  HIVb+I+G4     1411.599     41  2905.198     2925.821     3042.234
1017  HIVb+R2       1411.289     41  2904.578     2925.201     3041.614
1018  HIVb+R3       1410.393     43  2906.785     2929.719     3050.506
1026  HIVb+I+R2     1410.662     42  2905.324     2927.083     3045.702
1035  HIVb+F        1402.089     58  2920.179     2965.806     3114.034
1036  HIVb+F+I      1396.376     59  2910.753     2958.270     3107.951
1037  HIVb+F+G4     1390.642     59  2899.284     2946.801     3096.482
1038  HIVb+F+I+G4   1391.358     60  2902.717     2952.176     3103.257
1039  HIVb+F+R2     1390.226     60  2900.452     2949.911     3100.992
1040  HIVb+F+R3     1389.660     62  2903.320     2956.827     3110.545
1048  HIVb+F+I+R2   1389.763     61  2901.525     2952.981     3105.408
1057  HIVw          1456.136     39  2990.272     3008.733     3120.623
1058  HIVw+I        1446.407     40  2972.814     2992.338     3106.508
1059  HIVw+G4       1440.426     40  2960.853     2980.377     3094.546
1060  HIVw+I+G4     1441.001     41  2964.001     2984.624     3101.037
1061  HIVw+R2       1440.169     41  2962.337     2982.960     3099.373
1062  HIVw+R3       1439.757     43  2965.515     2988.448     3109.235
1070  HIVw+I+R2     1439.742     42  2963.484     2985.243     3103.862
1079  HIVw+F        1416.423     58  2948.846     2994.472     3142.701
1080  HIVw+F+I      1408.494     59  2934.989     2982.506     3132.187
1081  HIVw+F+G4     1400.851     59  2919.702     2967.219     3116.900
1082  HIVw+F+I+G4   1401.558     60  2923.115     2972.575     3123.655
1083  HIVw+F+R2     1399.470     60  2918.941     2968.400     3119.481
1084  HIVw+F+R3     1399.351     62  2922.701     2976.208     3129.926
1092  HIVw+F+I+R2   1399.480     61  2920.960     2972.416     3124.842
1101  FLU           1423.387     39  2924.773     2943.235     3055.124
1102  FLU+I         1418.479     40  2916.958     2936.482     3050.652
1103  FLU+G4        1413.429     40  2906.858     2926.382     3040.551
1104  FLU+I+G4      1414.156     41  2910.312     2930.935     3047.348
1105  FLU+R2        1410.204     41  2902.407     2923.030     3039.443
1106  FLU+R3        1410.014     43  2906.029     2928.962     3049.749
1114  FLU+I+R2      1409.624     42  2903.248     2925.007     3043.626
1123  FLU+F         1407.226     58  2930.452     2976.079     3124.308
1124  FLU+F+I       1402.887     59  2923.773     2971.290     3120.971
1125  FLU+F+G4      1396.203     59  2910.407     2957.923     3107.604
1126  FLU+F+I+G4    1396.944     60  2913.888     2963.348     3114.428
1127  FLU+F+R2      1392.499     60  2904.998     2954.458     3105.538
1128  FLU+F+R3      1392.377     62  2908.754     2962.261     3115.979
1136  FLU+F+I+R2    1392.172     61  2906.344     2957.800     3110.227
1145  rtREV         1424.775     39  2927.550     2946.012     3057.901
1146  rtREV+I       1423.030     40  2926.061     2945.585     3059.754
1147  rtREV+G4      1421.003     40  2922.005     2941.529     3055.698
1148  rtREV+I+G4    1421.751     41  2925.501     2946.124     3062.537
1149  rtREV+R2      1421.299     41  2924.598     2945.220     3061.633
1150  rtREV+R3      1417.853     43  2921.705     2944.639     3065.426
1158  rtREV+I+R2    1421.317     42  2926.635     2948.394     3067.013
1167  rtREV+F       1403.963     58  2923.927     2969.554     3117.782
1168  rtREV+F+I     1402.411     59  2922.823     2970.339     3120.020
1169  rtREV+F+G4    1399.977     59  2917.955     2965.471     3115.152
1170  rtREV+F+I+G4  1400.777     60  2921.554     2971.014     3122.094
1171  rtREV+F+R2    1400.270     60  2920.540     2970.000     3121.080
1172  rtREV+F+R3    1396.485     62  2916.971     2970.478     3124.196
1180  rtREV+F+I+R2  1396.522     61  2915.044     2966.499     3118.926
1189  cpREV         1419.394     39  2916.788     2935.249     3047.139
1190  cpREV+I       1418.020     40  2916.040     2935.564     3049.733
1191  cpREV+G4      1415.492     40  2910.985     2930.509     3044.678
1192  cpREV+I+G4    1416.281     41  2914.561     2935.184     3051.597
1193  cpREV+R2      1415.636     41  2913.272     2933.895     3050.308
1194  cpREV+R3      1411.963     43  2909.925     2932.859     3053.646
1202  cpREV+I+R2    1412.051     42  2908.103     2929.862     3048.481
1211  cpREV+F       1395.961     58  2907.923     2953.550     3101.778
1212  cpREV+F+I     1394.371     59  2906.742     2954.259     3103.940
1213  cpREV+F+G4    1391.332     59  2900.664     2948.181     3097.862
1214  cpREV+F+I+G4  1392.133     60  2904.267     2953.726     3104.807
1215  cpREV+F+R2    1388.305     60  2896.610     2946.069     3097.150
1216  cpREV+F+R3    1388.169     62  2900.338     2953.845     3107.563
1224  cpREV+F+I+R2  1388.272     61  2898.544     2950.000     3102.427
Akaike Information Criterion:           JTT+I+R2
Corrected Akaike Information Criterion: JTT+G4
Bayesian Information Criterion:         JTT+G4
Best-fit model: JTT+G4 chosen according to BIC

All model information printed to iqtree/OG0000050.fa.fa.model.gz
CPU time for ModelFinder: 36.224 seconds (0h:0m:36s)
Wall-clock time for ModelFinder: 36.620 seconds (0h:0m:36s)
Generating 1000 samples for ultrafast bootstrap (seed: 834681)...

NOTE: 2 MB RAM (0 GB) is required!
Estimate model parameters (epsilon = 0.100)
1. Initial log-likelihood: -1392.049
Optimal log-likelihood: -1392.049
Gamma shape alpha: 1.929
Parameters optimization took 1 rounds (0.011 sec)
Wrote distance file to... 
Computing ML distances based on estimated model parameters...
Calculating distance matrix: done in 0.028405 secs using 99.99% CPU
Computing ML distances took 0.028432 sec (of wall-clock time) 0.028431 sec (of CPU time)
Setting up auxiliary I and S matrices: done in 3.48091e-05 secs using 103.4% CPU
Constructing RapidNJ tree: done in 9.29832e-05 secs using 97.87% CPU
Computing RapidNJ tree took 0.000160 sec (of wall-clock time) 0.000158 sec (of CPU time)
Log-likelihood of RapidNJ tree: -1406.389
--------------------------------------------------------------------
|             INITIALIZING CANDIDATE TREE SET                      |
--------------------------------------------------------------------
Generating 98 parsimony trees... 0.060 second
Computing log-likelihood of 98 initial trees ... 0.320 seconds
Current best score: -1392.049

Do NNI search on 20 best initial trees
Optimizing NNI: done in 0.0148771 secs using 99.99% CPU
Estimate model parameters (epsilon = 0.100)
BETTER TREE FOUND at iteration 1: -1392.049
Optimizing NNI: done in 0.033901 secs using 100% CPU
BETTER TREE FOUND at iteration 2: -1392.048
Optimizing NNI: done in 0.0337498 secs using 100% CPU
Optimizing NNI: done in 0.033659 secs using 100% CPU
Optimizing NNI: done in 0.033747 secs using 100% CPU
Optimizing NNI: done in 0.034023 secs using 100% CPU
Optimizing NNI: done in 0.0340991 secs using 100% CPU
Optimizing NNI: done in 0.034518 secs using 100% CPU
Optimizing NNI: done in 0.0343411 secs using 100% CPU
Optimizing NNI: done in 0.0345151 secs using 100% CPU
Iteration 10 / LogL: -1392.048 / Time: 0h:0m:0s
Optimizing NNI: done in 0.0554681 secs using 100% CPU
Optimizing NNI: done in 0.0552371 secs using 100% CPU
Optimizing NNI: done in 0.053597 secs using 100% CPU
Optimizing NNI: done in 0.053813 secs using 100% CPU
Optimizing NNI: done in 0.0564079 secs using 100% CPU
Optimizing NNI: done in 0.0569329 secs using 100% CPU
Optimizing NNI: done in 0.0565059 secs using 100% CPU
Optimizing NNI: done in 0.0563111 secs using 100% CPU
Optimizing NNI: done in 0.0566049 secs using 100% CPU
Optimizing NNI: done in 0.0564482 secs using 94.53% CPU
Iteration 20 / LogL: -1392.049 / Time: 0h:0m:1s
Finish initializing candidate tree set (10)
Current best tree score: -1392.048 / CPU time: 1.291
Number of iterations: 20
--------------------------------------------------------------------
|               OPTIMIZING CANDIDATE TREE SET                      |
--------------------------------------------------------------------
Optimizing NNI: done in 0.133844 secs using 100% CPU
Optimizing NNI: done in 0.0890279 secs using 100% CPU
Optimizing NNI: done in 0.065455 secs using 100% CPU
Optimizing NNI: done in 0.0994129 secs using 100% CPU
Optimizing NNI: done in 0.079679 secs using 100% CPU
Optimizing NNI: done in 0.0695488 secs using 100% CPU
Optimizing NNI: done in 0.064085 secs using 100% CPU
Optimizing NNI: done in 0.126545 secs using 100% CPU
Optimizing NNI: done in 0.064256 secs using 100% CPU
UPDATE BEST LOG-LIKELIHOOD: -1392.048
Optimizing NNI: done in 0.074126 secs using 100% CPU
Iteration 30 / LogL: -1392.050 / Time: 0h:0m:2s (0h:0m:5s left)
Optimizing NNI: done in 0.060441 secs using 100% CPU
Optimizing NNI: done in 0.133129 secs using 99.98% CPU
Optimizing NNI: done in 0.067239 secs using 100% CPU
Optimizing NNI: done in 0.074007 secs using 100% CPU
Optimizing NNI: done in 0.0808141 secs using 100% CPU
Optimizing NNI: done in 0.0614228 secs using 100% CPU
Optimizing NNI: done in 0.080147 secs using 99.98% CPU
Optimizing NNI: done in 0.0866308 secs using 99.99% CPU
Optimizing NNI: done in 0.104326 secs using 100% CPU
Optimizing NNI: done in 0.0641441 secs using 100% CPU
Iteration 40 / LogL: -1392.049 / Time: 0h:0m:3s (0h:0m:4s left)
Optimizing NNI: done in 0.058773 secs using 100% CPU
Optimizing NNI: done in 0.0645502 secs using 100% CPU
Optimizing NNI: done in 0.0850129 secs using 100% CPU
Optimizing NNI: done in 0.134737 secs using 99.99% CPU
Optimizing NNI: done in 0.066715 secs using 100% CPU
Optimizing NNI: done in 0.109574 secs using 100% CPU
Optimizing NNI: done in 0.0680449 secs using 100% CPU
Optimizing NNI: done in 0.062053 secs using 100% CPU
Optimizing NNI: done in 0.064671 secs using 100% CPU
Optimizing NNI: done in 0.065125 secs using 100% CPU
Iteration 50 / LogL: -1392.050 / Time: 0h:0m:3s (0h:0m:4s left)
Log-likelihood cutoff on original alignment: -1420.914
Optimizing NNI: done in 0.102556 secs using 100% CPU
Optimizing NNI: done in 0.0793269 secs using 100% CPU
Optimizing NNI: done in 0.0946109 secs using 100% CPU
Optimizing NNI: done in 0.0809779 secs using 100% CPU
Optimizing NNI: done in 0.050595 secs using 99.98% CPU
Optimizing NNI: done in 0.135264 secs using 100% CPU
Optimizing NNI: done in 0.084723 secs using 100% CPU
Optimizing NNI: done in 0.0768528 secs using 100% CPU
Optimizing NNI: done in 0.119428 secs using 100% CPU
Optimizing NNI: done in 0.082823 secs using 100% CPU
Iteration 60 / LogL: -1392.050 / Time: 0h:0m:4s (0h:0m:3s left)
Optimizing NNI: done in 0.062444 secs using 100% CPU
Optimizing NNI: done in 0.0664651 secs using 100% CPU
Optimizing NNI: done in 0.0804322 secs using 100% CPU
Optimizing NNI: done in 0.12166 secs using 100% CPU
Optimizing NNI: done in 0.094681 secs using 99.99% CPU
Optimizing NNI: done in 0.026793 secs using 100% CPU
Optimizing NNI: done in 0.0823212 secs using 100% CPU
Optimizing NNI: done in 0.062824 secs using 100% CPU
Optimizing NNI: done in 0.072562 secs using 100% CPU
Optimizing NNI: done in 0.0931599 secs using 100% CPU
Iteration 70 / LogL: -1392.049 / Time: 0h:0m:5s (0h:0m:2s left)
Optimizing NNI: done in 0.114862 secs using 100% CPU
Optimizing NNI: done in 0.0655351 secs using 100% CPU
Optimizing NNI: done in 0.0509329 secs using 100% CPU
Optimizing NNI: done in 0.0918899 secs using 100% CPU
Optimizing NNI: done in 0.064589 secs using 100% CPU
Optimizing NNI: done in 0.073734 secs using 100% CPU
Optimizing NNI: done in 0.065649 secs using 100% CPU
Optimizing NNI: done in 0.109074 secs using 100% CPU
Optimizing NNI: done in 0.0504761 secs using 100% CPU
Optimizing NNI: done in 0.064518 secs using 100% CPU
Iteration 80 / LogL: -1392.050 / Time: 0h:0m:6s (0h:0m:1s left)
Optimizing NNI: done in 0.052129 secs using 100% CPU
Optimizing NNI: done in 0.0832028 secs using 100% CPU
Optimizing NNI: done in 0.065649 secs using 100% CPU
Optimizing NNI: done in 0.117999 secs using 100% CPU
Optimizing NNI: done in 0.0795219 secs using 100% CPU
Optimizing NNI: done in 0.0737538 secs using 100% CPU
Optimizing NNI: done in 0.0756381 secs using 100% CPU
Optimizing NNI: done in 0.0617781 secs using 100% CPU
Optimizing NNI: done in 0.0748339 secs using 100% CPU
Optimizing NNI: done in 0.07707 secs using 100% CPU
Iteration 90 / LogL: -1392.049 / Time: 0h:0m:7s (0h:0m:0s left)
Optimizing NNI: done in 0.050498 secs using 100% CPU
Optimizing NNI: done in 0.0765641 secs using 99.99% CPU
Optimizing NNI: done in 0.049813 secs using 100% CPU
Optimizing NNI: done in 0.112238 secs using 100% CPU
Optimizing NNI: done in 0.0521181 secs using 100% CPU
Optimizing NNI: done in 0.0808961 secs using 100% CPU
Optimizing NNI: done in 0.11979 secs using 100% CPU
Optimizing NNI: done in 0.0505319 secs using 100% CPU
Optimizing NNI: done in 0.0562341 secs using 100% CPU
Optimizing NNI: done in 0.077179 secs using 100% CPU
Iteration 100 / LogL: -1392.049 / Time: 0h:0m:8s (0h:0m:0s left)
Log-likelihood cutoff on original alignment: -1421.189
NOTE: Bootstrap correlation coefficient of split occurrence frequencies: 0.988
NOTE: UFBoot does not converge, continue at least 100 more iterations
Optimizing NNI: done in 0.073211 secs using 100% CPU
Optimizing NNI: done in 0.110329 secs using 99.31% CPU
Optimizing NNI: done in 0.0635521 secs using 100% CPU
Optimizing NNI: done in 0.0672009 secs using 99.99% CPU
Optimizing NNI: done in 0.066361 secs using 100% CPU
Optimizing NNI: done in 0.11033 secs using 100% CPU
Optimizing NNI: done in 0.0721638 secs using 100% CPU
Optimizing NNI: done in 0.0730748 secs using 100% CPU
Optimizing NNI: done in 0.062815 secs using 100% CPU
Optimizing NNI: done in 0.03284 secs using 100% CPU
Iteration 110 / LogL: -1392.050 / Time: 0h:0m:8s (0h:0m:7s left)
Optimizing NNI: done in 0.083338 secs using 100% CPU
Optimizing NNI: done in 0.0795219 secs using 100% CPU
Optimizing NNI: done in 0.056623 secs using 100% CPU
Optimizing NNI: done in 0.0604038 secs using 100% CPU
Optimizing NNI: done in 0.0936661 secs using 100% CPU
Optimizing NNI: done in 0.065887 secs using 100% CPU
Optimizing NNI: done in 0.0975928 secs using 99.99% CPU
Optimizing NNI: done in 0.0496101 secs using 100% CPU
Optimizing NNI: done in 0.077986 secs using 100% CPU
Optimizing NNI: done in 0.0782061 secs using 100% CPU
Iteration 120 / LogL: -1392.470 / Time: 0h:0m:9s (0h:0m:6s left)
Optimizing NNI: done in 0.068522 secs using 100% CPU
Optimizing NNI: done in 0.0784981 secs using 100% CPU
Optimizing NNI: done in 0.0660522 secs using 99.96% CPU
Optimizing NNI: done in 0.110222 secs using 100% CPU
Optimizing NNI: done in 0.0767081 secs using 100% CPU
Optimizing NNI: done in 0.064137 secs using 100% CPU
Optimizing NNI: done in 0.103707 secs using 100% CPU
Optimizing NNI: done in 0.0985751 secs using 100% CPU
Optimizing NNI: done in 0.0644672 secs using 100% CPU
Optimizing NNI: done in 0.0629148 secs using 99.99% CPU
Iteration 130 / LogL: -1392.049 / Time: 0h:0m:10s (0h:0m:5s left)
Optimizing NNI: done in 0.06845 secs using 100% CPU
Optimizing NNI: done in 0.0952489 secs using 100% CPU
Optimizing NNI: done in 0.0677221 secs using 100% CPU
Optimizing NNI: done in 0.063987 secs using 100% CPU
Optimizing NNI: done in 0.0771239 secs using 100% CPU
Optimizing NNI: done in 0.0856631 secs using 100% CPU
Optimizing NNI: done in 0.0833731 secs using 100% CPU
Optimizing NNI: done in 0.0679181 secs using 100% CPU
Optimizing NNI: done in 0.078409 secs using 100% CPU
Optimizing NNI: done in 0.0674551 secs using 100% CPU
Iteration 140 / LogL: -1392.048 / Time: 0h:0m:11s (0h:0m:4s left)
Optimizing NNI: done in 0.0776172 secs using 100% CPU
Optimizing NNI: done in 0.0825171 secs using 99.99% CPU
Optimizing NNI: done in 0.069097 secs using 100% CPU
Optimizing NNI: done in 0.0803399 secs using 100% CPU
Optimizing NNI: done in 0.102324 secs using 100% CPU
Optimizing NNI: done in 0.066716 secs using 100% CPU
Optimizing NNI: done in 0.0889351 secs using 100% CPU
Optimizing NNI: done in 0.058445 secs using 100% CPU
Optimizing NNI: done in 0.0302529 secs using 100% CPU
Optimizing NNI: done in 0.0522211 secs using 99.98% CPU
Iteration 150 / LogL: -1392.049 / Time: 0h:0m:11s (0h:0m:4s left)
Log-likelihood cutoff on original alignment: -1422.222
Optimizing NNI: done in 0.065479 secs using 100% CPU
Optimizing NNI: done in 0.0886819 secs using 100% CPU
Optimizing NNI: done in 0.0369849 secs using 100% CPU
Optimizing NNI: done in 0.049814 secs using 100% CPU
Optimizing NNI: done in 0.0629668 secs using 100% CPU
Optimizing NNI: done in 0.0840001 secs using 100% CPU
Optimizing NNI: done in 0.0507021 secs using 100% CPU
Optimizing NNI: done in 0.066304 secs using 100% CPU
Optimizing NNI: done in 0.066299 secs using 100% CPU
Optimizing NNI: done in 0.0501311 secs using 100% CPU
Iteration 160 / LogL: -1392.048 / Time: 0h:0m:12s (0h:0m:3s left)
Optimizing NNI: done in 0.0678 secs using 100% CPU
Optimizing NNI: done in 0.0818419 secs using 100% CPU
Optimizing NNI: done in 0.075191 secs using 100% CPU
Optimizing NNI: done in 0.066529 secs using 100% CPU
Optimizing NNI: done in 0.0951769 secs using 100% CPU
Optimizing NNI: done in 0.150185 secs using 100% CPU
Optimizing NNI: done in 0.056325 secs using 100% CPU
Optimizing NNI: done in 0.0908191 secs using 99.99% CPU
Optimizing NNI: done in 0.0799291 secs using 100% CPU
Optimizing NNI: done in 0.051291 secs using 100% CPU
Iteration 170 / LogL: -1392.049 / Time: 0h:0m:13s (0h:0m:2s left)
Optimizing NNI: done in 0.0635161 secs using 100% CPU
Optimizing NNI: done in 0.093132 secs using 100% CPU
Optimizing NNI: done in 0.0834138 secs using 100% CPU
Optimizing NNI: done in 0.0742838 secs using 100% CPU
Optimizing NNI: done in 0.107915 secs using 100% CPU
Optimizing NNI: done in 0.056782 secs using 100% CPU
Optimizing NNI: done in 0.0584681 secs using 100% CPU
Optimizing NNI: done in 0.0850458 secs using 100% CPU
Optimizing NNI: done in 0.0817821 secs using 100% CPU
Optimizing NNI: done in 0.0719039 secs using 100% CPU
Iteration 180 / LogL: -1392.469 / Time: 0h:0m:14s (0h:0m:1s left)
Optimizing NNI: done in 0.0796361 secs using 99.99% CPU
Optimizing NNI: done in 0.08075 secs using 100% CPU
Optimizing NNI: done in 0.128821 secs using 100% CPU
Optimizing NNI: done in 0.0660789 secs using 100% CPU
Optimizing NNI: done in 0.110595 secs using 100% CPU
Optimizing NNI: done in 0.0333512 secs using 100% CPU
Optimizing NNI: done in 0.046299 secs using 100% CPU
Optimizing NNI: done in 0.0851469 secs using 100% CPU
Optimizing NNI: done in 0.056972 secs using 100% CPU
Optimizing NNI: done in 0.0854499 secs using 100% CPU
Iteration 190 / LogL: -1392.049 / Time: 0h:0m:15s (0h:0m:0s left)
Optimizing NNI: done in 0.048913 secs using 100% CPU
Optimizing NNI: done in 0.102891 secs using 100% CPU
Optimizing NNI: done in 0.047519 secs using 100% CPU
Optimizing NNI: done in 0.0859652 secs using 100% CPU
Optimizing NNI: done in 0.0651438 secs using 100% CPU
Optimizing NNI: done in 0.0460989 secs using 100% CPU
Optimizing NNI: done in 0.0470431 secs using 100% CPU
Optimizing NNI: done in 0.0746348 secs using 100% CPU
Optimizing NNI: done in 0.062654 secs using 100% CPU
Optimizing NNI: done in 0.065567 secs using 100% CPU
Iteration 200 / LogL: -1405.909 / Time: 0h:0m:15s (0h:0m:0s left)
Log-likelihood cutoff on original alignment: -1422.260
NOTE: Bootstrap correlation coefficient of split occurrence frequencies: 0.997
TREE SEARCH COMPLETED AFTER 200 ITERATIONS / Time: 0h:0m:15s

--------------------------------------------------------------------
|                    FINALIZING TREE SEARCH                        |
--------------------------------------------------------------------
Performs final model parameters optimization
Estimate model parameters (epsilon = 0.010)
1. Initial log-likelihood: -1392.048
Optimal log-likelihood: -1392.048
Gamma shape alpha: 1.936
Parameters optimization took 1 rounds (0.010 sec)
BEST SCORE FOUND : -1392.048
Creating bootstrap support values...
Split supports printed to NEXUS file iqtree/OG0000050.fa.fa.splits.nex
Total tree length: 1.839

Total number of iterations: 200
CPU time used for tree search: 15.880 sec (0h:0m:15s)
Wall-clock time used for tree search: 15.709 sec (0h:0m:15s)
Total CPU time used: 16.004 sec (0h:0m:16s)
Total wall-clock time used: 15.818 sec (0h:0m:15s)

Computing bootstrap consensus tree...
Reading input file iqtree/OG0000050.fa.fa.splits.nex...
21 taxa and 129 splits.
Consensus tree written to iqtree/OG0000050.fa.fa.contree
Reading input trees file iqtree/OG0000050.fa.fa.contree
Log-likelihood of consensus tree: -1392.053

Analysis results written to: 
  IQ-TREE report:                iqtree/OG0000050.fa.fa.iqtree
  Maximum-likelihood tree:       iqtree/OG0000050.fa.fa.treefile
  Likelihood distances:          iqtree/OG0000050.fa.fa.mldist

Ultrafast bootstrap approximation results written to:
  Split support values:          iqtree/OG0000050.fa.fa.splits.nex
  Consensus tree:                iqtree/OG0000050.fa.fa.contree
  Screen log file:               iqtree/OG0000050.fa.fa.log

Date and Time: Tue Jul 23 10:50:13 2024
