[14:47:14] This is prokka 1.14.5
[14:47:14] Written by Torsten Seemann <torsten.seemann@gmail.com>
[14:47:14] Homepage is https://github.com/tseemann/prokka
[14:47:14] Local time is Thu Feb 13 14:47:14 2025
[14:47:14] You are han394
[14:47:14] Operating system is linux
[14:47:14] You have BioPerl 1.7.8
[14:47:14] System has 64 cores.
[14:47:14] Will use maximum of 8 cores.
[14:47:14] Annotating as >>> Viruses <<<
[14:47:14] Creating new output folder: ./prokka_outputs_1/23043610005
[14:47:14] Running: mkdir -p \.\/prokka_outputs_1\/23043610005
[14:47:14] Using filename prefix: 23043610005.XXX
[14:47:14] Setting HMMER_NCPU=1
[14:47:14] Writing log to: ./prokka_outputs_1/23043610005/23043610005.log
[14:47:14] Command: /apps/prokka/1.14.5/bin/prokka ./genomes_1/23043610005.fasta --kingdom viruses --outdir ./prokka_outputs_1/23043610005 --prefix 23043610005 --locustag 23043610005
[14:47:14] Appending to PATH: /apps/prokka/1.14.5/bin/../binaries/linux
[14:47:14] Appending to PATH: /apps/prokka/1.14.5/bin/../binaries/linux/../common
[14:47:14] Appending to PATH: /apps/prokka/1.14.5/bin
[14:47:14] Looking for 'aragorn' - found /apps/prokka/1.14.5/binaries/linux/aragorn
[14:47:14] Determined aragorn version is 001002 from 'ARAGORN v1.2.38 Dean Laslett'
[14:47:14] Looking for 'blastp' - found /apps/prokka/1.14.5/binaries/linux/blastp
[14:47:14] Determined blastp version is 002009 from 'blastp: 2.9.0+'
[14:47:14] Looking for 'cmpress' - found /apps/prokka/1.14.5/binaries/linux/cmpress
[14:47:14] Determined cmpress version is 001001 from '# INFERNAL 1.1.2 (July 2016)'
[14:47:14] Looking for 'cmscan' - found /apps/prokka/1.14.5/binaries/linux/cmscan
[14:47:14] Determined cmscan version is 001001 from '# INFERNAL 1.1.2 (July 2016)'
[14:47:14] Looking for 'egrep' - found /usr/bin/egrep
[14:47:14] Looking for 'find' - found /usr/bin/find
[14:47:14] Looking for 'grep' - found /usr/bin/grep
[14:47:14] Looking for 'hmmpress' - found /apps/hmmer/3.4.0/bin/hmmpress
[14:47:14] Determined hmmpress version is 003004 from '# HMMER 3.4 (Aug 2023); http://hmmer.org/'
[14:47:14] Looking for 'hmmscan' - found /apps/hmmer/3.4.0/bin/hmmscan
[14:47:14] Determined hmmscan version is 003004 from '# HMMER 3.4 (Aug 2023); http://hmmer.org/'
[14:47:14] Looking for 'java' - found /apps/amazon-corretto/21.0.0.35.1/bin/java
[14:47:14] Looking for 'makeblastdb' - found /apps/prokka/1.14.5/binaries/linux/makeblastdb
[14:47:14] Determined makeblastdb version is 002009 from 'makeblastdb: 2.9.0+'
[14:47:14] Looking for 'minced' - found /apps/prokka/1.14.5/binaries/common/minced
[14:47:15] Determined minced version is 002000 from 'minced 0.2.0'
[14:47:15] Looking for 'parallel' - found /apps/parallel/20210322/bin/parallel
[14:47:15] Determined parallel version is 20210322 from 'GNU parallel 20210322'
[14:47:15] Looking for 'prodigal' - found /apps/prokka/1.14.5/binaries/linux/prodigal
[14:47:15] Determined prodigal version is 002006 from 'Prodigal V2.6.3: February, 2016'
[14:47:15] Looking for 'prokka-genbank_to_fasta_db' - found /apps/prokka/1.14.5/bin/prokka-genbank_to_fasta_db
[14:47:15] Looking for 'sed' - found /usr/bin/sed
[14:47:15] Looking for 'tbl2asn' - found /apps/prokka/1.14.5/binaries/linux/tbl2asn
[14:47:15] Determined tbl2asn version is 025008 from 'tbl2asn 25.8   arguments:'
[14:47:15] Using genetic code table 1.
[14:47:15] Loading and checking input file: ./genomes_1/23043610005.fasta
[14:47:15] Wrote 1 contigs totalling 110927 bp.
[14:47:15] Predicting tRNAs and tmRNAs
[14:47:15] Running: aragorn -l -gc1  -w \.\/prokka_outputs_1\/23043610005\/23043610005\.fna
[14:47:15] Found 0 tRNAs
[14:47:15] Disabling rRNA search: --kingdom=Viruses or --norrna=0
[14:47:15] Skipping ncRNA search, enable with --rfam if desired.
[14:47:15] Total of 0 tRNA + rRNA features
[14:47:15] Searching for CRISPR repeats
[14:47:15] Found 0 CRISPRs
[14:47:15] Predicting coding sequences
[14:47:15] Contigs total 110927 bp, so using single mode
[14:47:15] Running: prodigal -i \.\/prokka_outputs_1\/23043610005\/23043610005\.fna -c -m -g 1 -p single -f sco -q
[14:47:15] Found 121 CDS
[14:47:15] Connecting features back to sequences
[14:47:15] Not using genus-specific database. Try --usegenus to enable it.
[14:47:15] Annotating CDS, please be patient.
[14:47:15] Will use 8 CPUs for similarity searching.
[14:47:15] There are still 121 unannotated CDS left (started with 121)
[14:47:15] Will use blast to search against /apps/prokka/1.14.5/db/kingdom/Viruses/sprot with 8 CPUs
[14:47:15] Running: cat \.\/prokka_outputs_1\/23043610005\/23043610005\.sprot\.tmp\.62813\.faa | parallel --gnu --plain -j 8 --block 2211 --recstart '>' --pipe blastp -query - -db /apps/prokka/1.14.5/db/kingdom/Viruses/sprot -evalue 1e-09 -qcov_hsp_perc 80 -num_threads 1 -num_descriptions 1 -num_alignments 1 -seg no > \.\/prokka_outputs_1\/23043610005\/23043610005\.sprot\.tmp\.62813\.blast 2> /dev/null
[14:47:16] Deleting unwanted file: ./prokka_outputs_1/23043610005/23043610005.sprot.tmp.62813.faa
[14:47:16] Deleting unwanted file: ./prokka_outputs_1/23043610005/23043610005.sprot.tmp.62813.blast
[14:47:16] Labelling remaining 119 proteins as 'hypothetical protein'
[14:47:16] Found 2 unique /gene codes.
[14:47:16] Fixed 0 colliding /gene names.
[14:47:16] Adding /locus_tag identifiers
[14:47:16] Assigned 121 locus_tags to CDS and RNA features.
[14:47:16] Writing outputs to ./prokka_outputs_1/23043610005/
[14:47:16] Generating annotation statistics file
[14:47:16] Generating Genbank and Sequin files
[14:47:16] Running: tbl2asn -V b -a r10k -l paired-ends -M n -N 1 -y 'Annotated using prokka 1.14.5 from https://github.com/tseemann/prokka' -Z \.\/prokka_outputs_1\/23043610005\/23043610005\.err -i \.\/prokka_outputs_1\/23043610005\/23043610005\.fsa 2> /dev/null
[14:47:16] Deleting unwanted file: ./prokka_outputs_1/23043610005/errorsummary.val
[14:47:16] Deleting unwanted file: ./prokka_outputs_1/23043610005/23043610005.dr
[14:47:16] Deleting unwanted file: ./prokka_outputs_1/23043610005/23043610005.fixedproducts
[14:47:16] Deleting unwanted file: ./prokka_outputs_1/23043610005/23043610005.ecn
[14:47:16] Deleting unwanted file: ./prokka_outputs_1/23043610005/23043610005.val
[14:47:16] Repairing broken .GBK output that tbl2asn produces...
[14:47:16] Running: sed 's/COORDINATES: profile/COORDINATES:profile/' < \.\/prokka_outputs_1\/23043610005\/23043610005\.gbf > \.\/prokka_outputs_1\/23043610005\/23043610005\.gbk
[14:47:16] Deleting unwanted file: ./prokka_outputs_1/23043610005/23043610005.gbf
[14:47:16] Output files:
[14:47:16] ./prokka_outputs_1/23043610005/23043610005.tbl
[14:47:16] ./prokka_outputs_1/23043610005/23043610005.log
[14:47:16] ./prokka_outputs_1/23043610005/23043610005.fsa
[14:47:16] ./prokka_outputs_1/23043610005/23043610005.faa
[14:47:16] ./prokka_outputs_1/23043610005/23043610005.gbk
[14:47:16] ./prokka_outputs_1/23043610005/23043610005.err
[14:47:16] ./prokka_outputs_1/23043610005/23043610005.sqn
[14:47:16] ./prokka_outputs_1/23043610005/23043610005.ffn
[14:47:16] ./prokka_outputs_1/23043610005/23043610005.fna
[14:47:16] ./prokka_outputs_1/23043610005/23043610005.txt
[14:47:16] ./prokka_outputs_1/23043610005/23043610005.tsv
[14:47:16] ./prokka_outputs_1/23043610005/23043610005.gff
[14:47:16] Annotation finished successfully.
[14:47:16] Walltime used: 0.03 minutes
[14:47:16] If you use this result please cite the Prokka paper:
[14:47:16] Seemann T (2014) Prokka: rapid prokaryotic genome annotation. Bioinformatics. 30(14):2068-9.
[14:47:16] Type 'prokka --citation' for more details.
[14:47:16] Thank you, come again.
