[17:47:37] This is prokka 1.14.5
[17:47:37] Written by Torsten Seemann <torsten.seemann@gmail.com>
[17:47:37] Homepage is https://github.com/tseemann/prokka
[17:47:37] Local time is Sun Jul  7 17:47:37 2024
[17:47:37] You are han394
[17:47:37] Operating system is linux
[17:47:37] You have BioPerl 1.7.8
[17:47:37] System has 64 cores.
[17:47:37] Will use maximum of 8 cores.
[17:47:37] Annotating as >>> Viruses <<<
[17:47:37] Creating new output folder: ./prokka_outputs/MN562489.1
[17:47:37] Running: mkdir -p \.\/prokka_outputs\/MN562489\.1
[17:47:37] Using filename prefix: MN562489.1.XXX
[17:47:37] Setting HMMER_NCPU=1
[17:47:37] Writing log to: ./prokka_outputs/MN562489.1/MN562489.1.log
[17:47:37] Command: /apps/prokka/1.14.5/bin/prokka ./Genomes/MN562489.1.fasta --kingdom viruses --outdir ./prokka_outputs/MN562489.1 --prefix MN562489.1 --locustag MN562489.1
[17:47:37] Appending to PATH: /apps/prokka/1.14.5/bin/../binaries/linux
[17:47:37] Appending to PATH: /apps/prokka/1.14.5/bin/../binaries/linux/../common
[17:47:37] Appending to PATH: /apps/prokka/1.14.5/bin
[17:47:37] Looking for 'aragorn' - found /apps/prokka/1.14.5/binaries/linux/aragorn
[17:47:37] Determined aragorn version is 001002 from 'ARAGORN v1.2.38 Dean Laslett'
[17:47:37] Looking for 'blastp' - found /apps/prokka/1.14.5/binaries/linux/blastp
[17:47:37] Determined blastp version is 002009 from 'blastp: 2.9.0+'
[17:47:37] Looking for 'cmpress' - found /apps/prokka/1.14.5/binaries/linux/cmpress
[17:47:37] Determined cmpress version is 001001 from '# INFERNAL 1.1.2 (July 2016)'
[17:47:37] Looking for 'cmscan' - found /apps/prokka/1.14.5/binaries/linux/cmscan
[17:47:37] Determined cmscan version is 001001 from '# INFERNAL 1.1.2 (July 2016)'
[17:47:37] Looking for 'egrep' - found /usr/bin/egrep
[17:47:37] Looking for 'find' - found /usr/bin/find
[17:47:37] Looking for 'grep' - found /usr/bin/grep
[17:47:37] Looking for 'hmmpress' - found /apps/hmmer/3.4.0/bin/hmmpress
[17:47:37] Determined hmmpress version is 003004 from '# HMMER 3.4 (Aug 2023); http://hmmer.org/'
[17:47:37] Looking for 'hmmscan' - found /apps/hmmer/3.4.0/bin/hmmscan
[17:47:37] Determined hmmscan version is 003004 from '# HMMER 3.4 (Aug 2023); http://hmmer.org/'
[17:47:37] Looking for 'java' - found /apps/amazon-corretto/21.0.0.35.1/bin/java
[17:47:37] Looking for 'makeblastdb' - found /apps/prokka/1.14.5/binaries/linux/makeblastdb
[17:47:37] Determined makeblastdb version is 002009 from 'makeblastdb: 2.9.0+'
[17:47:37] Looking for 'minced' - found /apps/prokka/1.14.5/binaries/common/minced
[17:47:37] Determined minced version is 002000 from 'minced 0.2.0'
[17:47:37] Looking for 'parallel' - found /apps/parallel/20210322/bin/parallel
[17:47:37] Determined parallel version is 20210322 from 'GNU parallel 20210322'
[17:47:37] Looking for 'prodigal' - found /apps/prokka/1.14.5/binaries/linux/prodigal
[17:47:37] Determined prodigal version is 002006 from 'Prodigal V2.6.3: February, 2016'
[17:47:37] Looking for 'prokka-genbank_to_fasta_db' - found /apps/prokka/1.14.5/bin/prokka-genbank_to_fasta_db
[17:47:37] Looking for 'sed' - found /usr/bin/sed
[17:47:37] Looking for 'tbl2asn' - found /apps/prokka/1.14.5/binaries/linux/tbl2asn
[17:47:37] Determined tbl2asn version is 025008 from 'tbl2asn 25.8   arguments:'
[17:47:37] Using genetic code table 1.
[17:47:37] Loading and checking input file: ./Genomes/MN562489.1.fasta
[17:47:37] Wrote 1 contigs totalling 131129 bp.
[17:47:37] Predicting tRNAs and tmRNAs
[17:47:37] Running: aragorn -l -gc1  -w \.\/prokka_outputs\/MN562489\.1\/MN562489\.1\.fna
[17:47:37] 1 tRNA-Ile [85289,85364] 36 (tat)
[17:47:37] Found 1 tRNAs
[17:47:37] Disabling rRNA search: --kingdom=Viruses or --norrna=0
[17:47:37] Skipping ncRNA search, enable with --rfam if desired.
[17:47:37] Total of 1 tRNA + rRNA features
[17:47:37] Searching for CRISPR repeats
[17:47:37] Found 0 CRISPRs
[17:47:37] Predicting coding sequences
[17:47:37] Contigs total 131129 bp, so using single mode
[17:47:37] Running: prodigal -i \.\/prokka_outputs\/MN562489\.1\/MN562489\.1\.fna -c -m -g 1 -p single -f sco -q
[17:47:38] Found 135 CDS
[17:47:38] Connecting features back to sequences
[17:47:38] Not using genus-specific database. Try --usegenus to enable it.
[17:47:38] Annotating CDS, please be patient.
[17:47:38] Will use 8 CPUs for similarity searching.
[17:47:38] There are still 135 unannotated CDS left (started with 135)
[17:47:38] Will use blast to search against /apps/prokka/1.14.5/db/kingdom/Viruses/sprot with 8 CPUs
[17:47:38] Running: cat \.\/prokka_outputs\/MN562489\.1\/MN562489\.1\.sprot\.tmp\.47922\.faa | parallel --gnu --plain -j 8 --block 2661 --recstart '>' --pipe blastp -query - -db /apps/prokka/1.14.5/db/kingdom/Viruses/sprot -evalue 1e-09 -qcov_hsp_perc 80 -num_threads 1 -num_descriptions 1 -num_alignments 1 -seg no > \.\/prokka_outputs\/MN562489\.1\/MN562489\.1\.sprot\.tmp\.47922\.blast 2> /dev/null
[17:47:38] Deleting unwanted file: ./prokka_outputs/MN562489.1/MN562489.1.sprot.tmp.47922.faa
[17:47:38] Deleting unwanted file: ./prokka_outputs/MN562489.1/MN562489.1.sprot.tmp.47922.blast
[17:47:38] Labelling remaining 128 proteins as 'hypothetical protein'
[17:47:38] Found 5 unique /gene codes.
[17:47:38] Fixed 0 colliding /gene names.
[17:47:38] Adding /locus_tag identifiers
[17:47:38] Assigned 136 locus_tags to CDS and RNA features.
[17:47:38] Writing outputs to ./prokka_outputs/MN562489.1/
[17:47:38] Generating annotation statistics file
[17:47:38] Generating Genbank and Sequin files
[17:47:38] Running: tbl2asn -V b -a r10k -l paired-ends -M n -N 1 -y 'Annotated using prokka 1.14.5 from https://github.com/tseemann/prokka' -Z \.\/prokka_outputs\/MN562489\.1\/MN562489\.1\.err -i \.\/prokka_outputs\/MN562489\.1\/MN562489\.1\.fsa 2> /dev/null
[17:47:39] Deleting unwanted file: ./prokka_outputs/MN562489.1/errorsummary.val
[17:47:39] Deleting unwanted file: ./prokka_outputs/MN562489.1/MN562489.1.dr
[17:47:39] Deleting unwanted file: ./prokka_outputs/MN562489.1/MN562489.1.fixedproducts
[17:47:39] Deleting unwanted file: ./prokka_outputs/MN562489.1/MN562489.1.ecn
[17:47:39] Deleting unwanted file: ./prokka_outputs/MN562489.1/MN562489.1.val
[17:47:39] Repairing broken .GBK output that tbl2asn produces...
[17:47:39] Running: sed 's/COORDINATES: profile/COORDINATES:profile/' < \.\/prokka_outputs\/MN562489\.1\/MN562489\.1\.gbf > \.\/prokka_outputs\/MN562489\.1\/MN562489\.1\.gbk
[17:47:39] Deleting unwanted file: ./prokka_outputs/MN562489.1/MN562489.1.gbf
[17:47:39] Output files:
[17:47:39] ./prokka_outputs/MN562489.1/MN562489.1.log
[17:47:39] ./prokka_outputs/MN562489.1/MN562489.1.fna
[17:47:39] ./prokka_outputs/MN562489.1/MN562489.1.gff
[17:47:39] ./prokka_outputs/MN562489.1/MN562489.1.ffn
[17:47:39] ./prokka_outputs/MN562489.1/MN562489.1.fsa
[17:47:39] ./prokka_outputs/MN562489.1/MN562489.1.faa
[17:47:39] ./prokka_outputs/MN562489.1/MN562489.1.err
[17:47:39] ./prokka_outputs/MN562489.1/MN562489.1.txt
[17:47:39] ./prokka_outputs/MN562489.1/MN562489.1.gbk
[17:47:39] ./prokka_outputs/MN562489.1/MN562489.1.tbl
[17:47:39] ./prokka_outputs/MN562489.1/MN562489.1.tsv
[17:47:39] ./prokka_outputs/MN562489.1/MN562489.1.sqn
[17:47:39] Annotation finished successfully.
[17:47:39] Walltime used: 0.03 minutes
[17:47:39] If you use this result please cite the Prokka paper:
[17:47:39] Seemann T (2014) Prokka: rapid prokaryotic genome annotation. Bioinformatics. 30(14):2068-9.
[17:47:39] Type 'prokka --citation' for more details.
[17:47:39] Thank you, come again.
