IQ-TREE multicore version 2.2.0.5 COVID-edition for Linux 64-bit built Sep 26 2022
Developed by Bui Quang Minh, James Barbetti, Nguyen Lam Tung,
Olga Chernomor, Heiko Schmidt, Dominik Schrempf, Michael Woodhams, Ly Trong Nhan.

Host:    petrichor-dm (AVX2, FMA3, 503 GB RAM)
Command: iqtree2 -s alignments_species_muscle5_edited_trimmed/OG0000074.fa -B 1000 -mset Blosum62,cpREV,Dayhoff,DCMut,FLAVI,FLU,HIVb,HIVw,JTT,JTTDCMut,LG,mtART,mtMAM,mtREV,mtZOA,mtMet,mtVer,mtInv,PMB,Q.bird,Q.insect,Q.mammal,Q.pfam,Q.plant,Q.yeast,rtREV,VT,WAG,Q.iridoviridae,Q.mcv -T 1 -pre iqtree_species/OG0000074.fa
Seed:    122856 (Using SPRNG - Scalable Parallel Random Number Generator)
Time:    Wed Apr  2 11:51:08 2025
Kernel:  AVX+FMA - 1 threads (32 CPU cores detected)

HINT: Use -nt option to specify number of threads because your CPU has 32 cores!
HINT: -nt AUTO will automatically determine the best number of threads to use.

Reading alignment file alignments_species_muscle5_edited_trimmed/OG0000074.fa ... Fasta format detected
Reading fasta file: done in 0.00123692 secs
Alignment most likely contains protein sequences
Constructing alignment: done in 0.000699043 secs using 99.85% CPU
Alignment has 58 sequences with 860 columns, 140 distinct patterns
79 parsimony-informative, 40 singleton sites, 741 constant sites
                                           Gap/Ambiguity  Composition  p-value
Analyzing sequences: done in 1.38283e-05 secs using 101.2% CPU
   1  ON740976_Megalocytivirus_pagrus1_RSIV        0.00%    passed    100.00%
   2  MK689685_Megalocytivirus_pagrus1_ISKNV       0.00%    passed    100.00%
   3  OQ475017_Megalocytivirus_pagrus1_RSIV        0.00%    passed    100.00%
   4  OR670976_Megalocytivirus_pagrus1_ISKNV       0.00%    passed    100.00%
   5  AF371960_Megalocytivirus_pagrus1_ISKNV       0.00%    passed    100.00%
   6  MW883595_Megalocytivirus_pagrus1_ISKNV       0.00%    passed    100.00%
   7  MW883600_Megalocytivirus_pagrus1_ISKNV       0.00%    passed    100.00%
   8  KT781098_Megalocytivirus_pagrus1_ISKNV       0.00%    passed    100.00%
   9  OK042109_Megalocytivirus_pagrus1_RSIV        0.00%    passed    100.00%
  10  MG570131_Megalocytivirus_pagrus1_TRBIV       0.12%    passed    100.00%
  11  MK098187_Megalocytivirus_pagrus1_RSIV        0.00%    passed    100.00%
  12  OQ513807_Megalocytivirus_pagrus1_ISKNV       0.00%    passed    100.00%
  13  KT804738_Megalocytivirus_pagrus1_RSIV        0.00%    passed    100.00%
  14  OL774654_Megalocytivirus_pagrus1_RSIV        0.00%    passed    100.00%
  15  PP974677_Megalocytivirus_pagrus1_ISKNV       0.00%    passed    100.00%
  16  MT986830_Megalocytivirus_pagrus1_ISKNV       0.00%    passed    100.00%
  17  MW273353_Megalocytivirus_pagrus1_ISKNV       0.00%    passed    100.00%
  18  OP896201_Megalocytivirus_pagrus1_ISKNV       0.00%    passed    100.00%
  19  MW883602_Megalocytivirus_pagrus1_ISKNV       0.00%    passed    100.00%
  20  KC244182_Megalocytivirus_pagrus1_RSIV        0.00%    passed    100.00%
  21  MW139932_Megalocytivirus_pagrus1_RSIV        0.00%    passed    100.00%
  22  23043610003_Megalocytivirus_pagrus1_ISKNV    0.00%    passed    100.00%
  23  MT128666_Megalocytivirus_pagrus1_ISKNV       0.00%    passed    100.00%
  24  ON743042_Megalocytivirus_pagrus1_RSIV        0.00%    passed    100.00%
  25  PP151097_Megalocytivirus_pagrus1_ISKNV       0.00%    passed    100.00%
  26  MN432490_Megalocytivirus_pagrus1_ISKNV       0.00%    passed    100.00%
  27  AY894343_Megalocytivirus_pagrus1_RSIV        0.70%    passed    100.00%
  28  MW883597_Megalocytivirus_pagrus1_ISKNV       0.00%    passed    100.00%
  29  ON075463_Megalocytivirus_pagrus1_RSIV        0.00%    passed    100.00%
  30  23043610005_Megalocytivirus_pagrus1_ISKNV    0.00%    passed    100.00%
  31  OL774653_Megalocytivirus_pagrus1_RSIV        0.00%    passed    100.00%
  32  OR536350_Megalocytivirus_pagrus1_ISKNV       0.00%    passed    100.00%
  33  BD143114_Megalocytivirus_pagrus1_RSIV        0.00%    passed    100.00%
  34  MW883593_Megalocytivirus_pagrus1_ISKNV       0.00%    passed    100.00%
  35  MW883598_Megalocytivirus_pagrus1_RSIV        0.00%    passed    100.00%
  36  MW883594_Megalocytivirus_pagrus1_ISKNV       0.00%    passed    100.00%
  37  MK098186_Megalocytivirus_pagrus1_RSIV        0.00%    passed    100.00%
  38  NC_003494_Megalocytivirus_pagrus1_ISKNV      0.00%    passed    100.00%
  39  OK042108_Megalocytivirus_pagrus1_RSIV        0.00%    passed    100.00%
  40  MK098185_Megalocytivirus_pagrus1_RSIV        0.00%    passed    100.00%
  41  OR356116_Megalocytivirus_pagrus1_ISKNV       0.00%    passed    100.00%
  42  MW883596_Megalocytivirus_pagrus1_ISKNV       0.00%    passed    100.00%
  43  MW883599_Megalocytivirus_pagrus1_ISKNV       0.00%    passed    100.00%
  44  AP017456_Megalocytivirus_pagrus1_RSIV        0.00%    passed    100.00%
  45  OL774655_Megalocytivirus_pagrus1_RSIV        0.00%    passed    100.00%
  46  MT926123_Megalocytivirus_pagrus1_ISKNV       0.00%    passed    100.00%
  47  MW273354_Megalocytivirus_pagrus1_ISKNV       0.00%    passed    100.00%
  48  MT128667_Megalocytivirus_pagrus1_ISKNV       0.00%    passed    100.00%
  49  MG570132_Megalocytivirus_pagrus1_TRBIV       0.12%    passed    100.00%
  50  OP009387_Megalocytivirus_pagrus1_ISKNV       0.00%    passed    100.00%
  51  MW883603_Megalocytivirus_pagrus1_ISKNV       0.00%    passed    100.00%
  52  MK689686_Megalocytivirus_pagrus1_RSIV        0.00%    passed    100.00%
  53  AB104413_Megalocytivirus_pagrus1_RSIV        0.00%    passed    100.00%
  54  MW883606_Megalocytivirus_pagrus1_ISKNV       0.00%    passed    100.00%
  55  MW883601_Megalocytivirus_pagrus1_ISKNV       0.00%    passed    100.00%
  56  ON212400_Megalocytivirus_pagrus1_ISKNV       0.00%    passed    100.00%
  57  GQ273492_Megalocytivirus_pagrus1_TRBIV       0.00%    passed    100.00%
  58  MT798582_Megalocytivirus_pagrus1_RSIV        0.00%    passed    100.00%
****  TOTAL                                        0.02%  0 sequences failed composition chi2 test (p-value<5%; df=19)
NOTE: OK042109_Megalocytivirus_pagrus1_RSIV is identical to ON740976_Megalocytivirus_pagrus1_RSIV but kept for subsequent analysis
NOTE: AF371960_Megalocytivirus_pagrus1_ISKNV is identical to MK689685_Megalocytivirus_pagrus1_ISKNV but kept for subsequent analysis
NOTE: MK098187_Megalocytivirus_pagrus1_RSIV is identical to OQ475017_Megalocytivirus_pagrus1_RSIV but kept for subsequent analysis
NOTE: OQ513807_Megalocytivirus_pagrus1_ISKNV is identical to OR670976_Megalocytivirus_pagrus1_ISKNV but kept for subsequent analysis
NOTE: MN432490_Megalocytivirus_pagrus1_ISKNV is identical to MW883595_Megalocytivirus_pagrus1_ISKNV but kept for subsequent analysis
NOTE: OR536350_Megalocytivirus_pagrus1_ISKNV is identical to MW883600_Megalocytivirus_pagrus1_ISKNV but kept for subsequent analysis
NOTE: MG570132_Megalocytivirus_pagrus1_TRBIV is identical to MG570131_Megalocytivirus_pagrus1_TRBIV but kept for subsequent analysis
NOTE: MW139932_Megalocytivirus_pagrus1_RSIV is identical to OL774654_Megalocytivirus_pagrus1_RSIV but kept for subsequent analysis
NOTE: MT986830_Megalocytivirus_pagrus1_ISKNV is identical to PP974677_Megalocytivirus_pagrus1_ISKNV but kept for subsequent analysis
NOTE: MT128667_Megalocytivirus_pagrus1_ISKNV is identical to MT128666_Megalocytivirus_pagrus1_ISKNV but kept for subsequent analysis
NOTE: MW883596_Megalocytivirus_pagrus1_ISKNV is identical to MW883597_Megalocytivirus_pagrus1_ISKNV but kept for subsequent analysis
Checking for duplicate sequences: done in 0.000114202 secs using 98.95% CPU
Identifying sites to remove: done in 0.000162125 secs using 99.31% CPU
NOTE: 32 identical sequences (see below) will be ignored for subsequent analysis
NOTE: KT804738_Megalocytivirus_pagrus1_RSIV (identical to ON740976_Megalocytivirus_pagrus1_RSIV) is ignored but added at the end
NOTE: KC244182_Megalocytivirus_pagrus1_RSIV (identical to ON740976_Megalocytivirus_pagrus1_RSIV) is ignored but added at the end
NOTE: ON743042_Megalocytivirus_pagrus1_RSIV (identical to ON740976_Megalocytivirus_pagrus1_RSIV) is ignored but added at the end
NOTE: ON075463_Megalocytivirus_pagrus1_RSIV (identical to ON740976_Megalocytivirus_pagrus1_RSIV) is ignored but added at the end
NOTE: MW883598_Megalocytivirus_pagrus1_RSIV (identical to ON740976_Megalocytivirus_pagrus1_RSIV) is ignored but added at the end
NOTE: OK042108_Megalocytivirus_pagrus1_RSIV (identical to ON740976_Megalocytivirus_pagrus1_RSIV) is ignored but added at the end
NOTE: AP017456_Megalocytivirus_pagrus1_RSIV (identical to ON740976_Megalocytivirus_pagrus1_RSIV) is ignored but added at the end
NOTE: MK689686_Megalocytivirus_pagrus1_RSIV (identical to ON740976_Megalocytivirus_pagrus1_RSIV) is ignored but added at the end
NOTE: MT798582_Megalocytivirus_pagrus1_RSIV (identical to ON740976_Megalocytivirus_pagrus1_RSIV) is ignored but added at the end
NOTE: KT781098_Megalocytivirus_pagrus1_ISKNV (identical to MK689685_Megalocytivirus_pagrus1_ISKNV) is ignored but added at the end
NOTE: MW273353_Megalocytivirus_pagrus1_ISKNV (identical to MK689685_Megalocytivirus_pagrus1_ISKNV) is ignored but added at the end
NOTE: OP896201_Megalocytivirus_pagrus1_ISKNV (identical to MK689685_Megalocytivirus_pagrus1_ISKNV) is ignored but added at the end
NOTE: MW883602_Megalocytivirus_pagrus1_ISKNV (identical to MK689685_Megalocytivirus_pagrus1_ISKNV) is ignored but added at the end
NOTE: 23043610003_Megalocytivirus_pagrus1_ISKNV (identical to MK689685_Megalocytivirus_pagrus1_ISKNV) is ignored but added at the end
NOTE: 23043610005_Megalocytivirus_pagrus1_ISKNV (identical to MK689685_Megalocytivirus_pagrus1_ISKNV) is ignored but added at the end
NOTE: MW883593_Megalocytivirus_pagrus1_ISKNV (identical to MK689685_Megalocytivirus_pagrus1_ISKNV) is ignored but added at the end
NOTE: MW883594_Megalocytivirus_pagrus1_ISKNV (identical to MK689685_Megalocytivirus_pagrus1_ISKNV) is ignored but added at the end
NOTE: NC_003494_Megalocytivirus_pagrus1_ISKNV (identical to MK689685_Megalocytivirus_pagrus1_ISKNV) is ignored but added at the end
NOTE: OR356116_Megalocytivirus_pagrus1_ISKNV (identical to MK689685_Megalocytivirus_pagrus1_ISKNV) is ignored but added at the end
NOTE: MW883599_Megalocytivirus_pagrus1_ISKNV (identical to MK689685_Megalocytivirus_pagrus1_ISKNV) is ignored but added at the end
NOTE: MT926123_Megalocytivirus_pagrus1_ISKNV (identical to MK689685_Megalocytivirus_pagrus1_ISKNV) is ignored but added at the end
NOTE: MW273354_Megalocytivirus_pagrus1_ISKNV (identical to MK689685_Megalocytivirus_pagrus1_ISKNV) is ignored but added at the end
NOTE: MW883603_Megalocytivirus_pagrus1_ISKNV (identical to MK689685_Megalocytivirus_pagrus1_ISKNV) is ignored but added at the end
NOTE: MW883606_Megalocytivirus_pagrus1_ISKNV (identical to MK689685_Megalocytivirus_pagrus1_ISKNV) is ignored but added at the end
NOTE: MW883601_Megalocytivirus_pagrus1_ISKNV (identical to MK689685_Megalocytivirus_pagrus1_ISKNV) is ignored but added at the end
NOTE: BD143114_Megalocytivirus_pagrus1_RSIV (identical to OQ475017_Megalocytivirus_pagrus1_RSIV) is ignored but added at the end
NOTE: MK098186_Megalocytivirus_pagrus1_RSIV (identical to OQ475017_Megalocytivirus_pagrus1_RSIV) is ignored but added at the end
NOTE: MK098185_Megalocytivirus_pagrus1_RSIV (identical to OQ475017_Megalocytivirus_pagrus1_RSIV) is ignored but added at the end
NOTE: AB104413_Megalocytivirus_pagrus1_RSIV (identical to OQ475017_Megalocytivirus_pagrus1_RSIV) is ignored but added at the end
NOTE: OP009387_Megalocytivirus_pagrus1_ISKNV (identical to MW883595_Megalocytivirus_pagrus1_ISKNV) is ignored but added at the end
NOTE: OL774653_Megalocytivirus_pagrus1_RSIV (identical to OL774654_Megalocytivirus_pagrus1_RSIV) is ignored but added at the end
NOTE: OL774655_Megalocytivirus_pagrus1_RSIV (identical to OL774654_Megalocytivirus_pagrus1_RSIV) is ignored but added at the end
Alignment was printed to iqtree_species/OG0000074.fa.uniqueseq.phy

For your convenience alignment with unique sequences printed to iqtree_species/OG0000074.fa.uniqueseq.phy


Create initial parsimony tree by phylogenetic likelihood library (PLL)... 0.000 seconds
Perform fast likelihood tree search using LG+I+G model...
Estimate model parameters (epsilon = 5.000)
Perform nearest neighbor interchange...
Optimizing NNI: done in 0.021106 secs using 100% CPU
Estimate model parameters (epsilon = 1.000)
1. Initial log-likelihood: -3602.546
Optimal log-likelihood: -3602.546
Proportion of invariable sites: 0.431
Gamma shape alpha: 3.063
Parameters optimization took 1 rounds (0.027 sec)
Time for fast ML tree search: 0.085 seconds

NOTE: ModelFinder requires 7 MB RAM!
ModelFinder will test up to 1320 protein models (sample size: 860) ...
 No. Model         -LnL         df  AIC          AICc         BIC
  1  Blosum62      3586.452     49  7270.904     7276.953     7503.994
  2  Blosum62+I    3582.343     50  7264.685     7270.989     7502.532
  3  Blosum62+G4   3582.545     50  7265.090     7271.394     7502.936
  4  Blosum62+I+G4 3582.430     51  7266.861     7273.425     7509.464
  5  Blosum62+R2   3583.410     51  7268.819     7275.383     7511.423
  6  Blosum62+R3   3582.654     53  7271.307     7278.409     7523.424
 14  Blosum62+I+R2 3582.612     52  7269.224     7276.054     7516.584
 15  Blosum62+I+R3 3582.498     54  7272.995     7280.374     7529.869
 23  Blosum62+F    3528.258     68  7192.516     7204.380     7515.988
 24  Blosum62+F+I  3524.343     69  7186.687     7198.915     7514.915
 25  Blosum62+F+G4 3524.525     69  7187.049     7199.277     7515.277
 26  Blosum62+F+I+G4 3524.412     70  7188.823     7201.421     7521.809
 27  Blosum62+F+R2 3525.302     70  7190.603     7203.202     7523.589
 45  cpREV         3623.875     49  7345.750     7351.800     7578.840
 46  cpREV+I       3617.518     50  7335.036     7341.340     7572.883
 47  cpREV+G4      3617.766     50  7335.531     7341.835     7573.378
 48  cpREV+I+G4    3617.740     51  7337.480     7344.044     7580.083
 49  cpREV+R2      3619.790     51  7341.581     7348.145     7584.184
 67  cpREV+F       3522.047     68  7180.095     7191.958     7503.566
 68  cpREV+F+I     3516.145     69  7170.290     7182.518     7498.518
 69  cpREV+F+G4    3516.369     69  7170.739     7182.967     7498.967
 70  cpREV+F+I+G4  3516.321     70  7172.642     7185.240     7505.627
 71  cpREV+F+R2    3518.122     70  7176.244     7188.842     7509.229
 89  Dayhoff       3611.720     49  7321.441     7327.490     7554.530
 90  Dayhoff+I     3603.218     50  7306.435     7312.739     7544.282
 91  Dayhoff+G4    3603.367     50  7306.733     7313.037     7544.580
 92  Dayhoff+I+G4  3603.379     51  7308.758     7315.322     7551.361
 93  Dayhoff+R2    3605.217     51  7312.434     7318.999     7555.038
111  Dayhoff+F     3530.112     68  7196.225     7208.088     7519.696
112  Dayhoff+F+I   3522.316     69  7182.632     7194.860     7510.860
113  Dayhoff+F+G4  3522.416     69  7182.831     7195.059     7511.060
114  Dayhoff+F+I+G4 3522.418     70  7184.836     7197.434     7517.821
115  Dayhoff+F+R2  3524.005     70  7188.009     7200.607     7520.994
133  DCMut         3611.897     49  7321.795     7327.844     7554.884
134  DCMut+I       3603.266     50  7306.533     7312.837     7544.380
135  DCMut+G4      3603.422     50  7306.844     7313.148     7544.690
136  DCMut+I+G4    3603.436     51  7308.872     7315.436     7551.476
137  DCMut+R2      3605.293     51  7312.585     7319.150     7555.189
155  DCMut+F       3530.438     68  7196.876     7208.739     7520.347
156  DCMut+F+I     3522.434     69  7182.869     7195.097     7511.097
157  DCMut+F+G4    3522.545     69  7183.091     7195.319     7511.319
158  DCMut+F+I+G4  3522.550     70  7185.099     7197.697     7518.084
159  DCMut+F+R2    3524.176     70  7188.352     7200.950     7521.337
WARNING: Normalizing state frequencies so that sum of them equals to 1
177  FLAVI         3679.983     49  7457.966     7464.015     7691.056
WARNING: Normalizing state frequencies so that sum of them equals to 1
178  FLAVI+I       3654.111     50  7408.222     7414.526     7646.069
WARNING: Normalizing state frequencies so that sum of them equals to 1
179  FLAVI+G4      3654.079     50  7408.158     7414.462     7646.005
WARNING: Normalizing state frequencies so that sum of them equals to 1
180  FLAVI+I+G4    3654.340     51  7410.680     7417.244     7653.284
WARNING: Normalizing state frequencies so that sum of them equals to 1
181  FLAVI+R2      3654.796     51  7411.592     7418.156     7654.196
WARNING: Normalizing state frequencies so that sum of them equals to 1
199  FLAVI+F       3581.834     68  7299.668     7311.532     7623.139
WARNING: Normalizing state frequencies so that sum of them equals to 1
200  FLAVI+F+I     3555.796     69  7249.591     7261.819     7577.820
WARNING: Normalizing state frequencies so that sum of them equals to 1
201  FLAVI+F+G4    3555.727     69  7249.454     7261.681     7577.682
WARNING: Normalizing state frequencies so that sum of them equals to 1
202  FLAVI+F+I+G4  3555.895     70  7251.790     7264.388     7584.775
WARNING: Normalizing state frequencies so that sum of them equals to 1
203  FLAVI+F+R2    3556.305     70  7252.610     7265.208     7585.595
221  FLU           3643.411     49  7384.823     7390.872     7617.913
222  FLU+I         3629.139     50  7358.277     7364.581     7596.124
223  FLU+G4        3629.353     50  7358.706     7365.010     7596.553
224  FLU+I+G4      3629.576     51  7361.152     7367.716     7603.755
225  FLU+R2        3630.353     51  7362.706     7369.271     7605.310
243  FLU+F         3552.739     68  7241.478     7253.342     7564.950
244  FLU+F+I       3539.322     69  7216.644     7228.872     7544.873
245  FLU+F+G4      3539.366     69  7216.731     7228.959     7544.959
246  FLU+F+I+G4    3539.477     70  7218.955     7231.553     7551.940
247  FLU+F+R2      3540.259     70  7220.518     7233.116     7553.503
265  HIVb          3645.566     49  7389.132     7395.182     7622.222
266  HIVb+I        3629.869     50  7359.739     7366.043     7597.585
267  HIVb+G4       3630.046     50  7360.092     7366.396     7597.939
268  HIVb+I+G4     3630.322     51  7362.644     7369.209     7605.248
269  HIVb+R2       3631.006     51  7364.013     7370.577     7606.616
287  HIVb+F        3551.511     68  7239.022     7250.885     7562.493
288  HIVb+F+I      3536.072     69  7210.144     7222.372     7538.372
289  HIVb+F+G4     3536.232     69  7210.464     7222.692     7538.692
290  HIVb+F+I+G4   3536.486     70  7212.971     7225.570     7545.957
291  HIVb+F+R2     3537.162     70  7214.323     7226.921     7547.308
309  HIVw          3742.150     49  7582.300     7588.349     7815.389
310  HIVw+I        3718.629     50  7537.257     7543.561     7775.104
311  HIVw+G4       3718.709     50  7537.418     7543.722     7775.264
312  HIVw+I+G4     3719.089     51  7540.178     7546.742     7782.782
313  HIVw+R2       3719.661     51  7541.321     7547.886     7783.925
331  HIVw+F        3578.944     68  7293.889     7305.752     7617.360
332  HIVw+F+I      3555.907     69  7249.813     7262.041     7578.042
333  HIVw+F+G4     3555.959     69  7249.918     7262.146     7578.147
334  HIVw+F+I+G4   3556.280     70  7252.559     7265.158     7585.545
335  HIVw+F+R2     3556.783     70  7253.565     7266.164     7586.551
353  JTT           3575.612     49  7249.224     7255.273     7482.314
354  JTT+I         3570.650     50  7241.300     7247.604     7479.146
355  JTT+G4        3570.866     50  7241.732     7248.036     7479.578
356  JTT+I+G4      3570.794     51  7243.587     7250.152     7486.191
357  JTT+R2        3572.185     51  7246.370     7252.934     7488.974
375  JTT+F         3510.646     68  7157.291     7169.155     7480.763
376  JTT+F+I       3505.926     69  7149.852     7162.079     7478.080
377  JTT+F+G4      3506.107     69  7150.214     7162.442     7478.443
378  JTT+F+I+G4    3506.035     70  7152.071     7164.669     7485.056
379  JTT+F+R2      3507.305     70  7154.611     7167.209     7487.596
397  JTTDCMut      3576.631     49  7251.262     7257.311     7484.352
398  JTTDCMut+I    3571.700     50  7243.401     7249.705     7481.248
399  JTTDCMut+G4   3571.927     50  7243.854     7250.158     7481.701
400  JTTDCMut+I+G4 3571.849     51  7245.699     7252.263     7488.302
401  JTTDCMut+R2   3573.222     51  7248.445     7255.009     7491.048
419  JTTDCMut+F    3511.388     68  7158.777     7170.640     7482.248
420  JTTDCMut+F+I  3506.684     69  7151.368     7163.596     7479.597
421  JTTDCMut+F+G4 3506.880     69  7151.760     7163.988     7479.989
422  JTTDCMut+F+I+G4 3506.801     70  7153.602     7166.200     7486.587
423  JTTDCMut+F+R2 3508.062     70  7156.123     7168.722     7489.109
441  LG            3607.750     49  7313.500     7319.549     7546.590
442  LG+I          3602.372     50  7304.744     7311.048     7542.591
443  LG+G4         3602.610     50  7305.220     7311.524     7543.066
444  LG+I+G4       3602.545     51  7307.091     7313.655     7549.695
445  LG+R2         3604.150     51  7310.301     7316.865     7552.904
463  LG+F          3525.171     68  7186.343     7198.206     7509.814
464  LG+F+I        3519.932     69  7177.864     7190.092     7506.092
465  LG+F+G4       3520.139     69  7178.277     7190.505     7506.505
466  LG+F+I+G4     3520.075     70  7180.150     7192.748     7513.135
467  LG+F+R2       3521.609     70  7183.218     7195.817     7516.204
485  mtART         3782.384     49  7662.769     7668.818     7895.858
486  mtART+I       3762.131     50  7624.261     7630.565     7862.108
487  mtART+G4      3761.982     50  7623.964     7630.268     7861.810
488  mtART+I+G4    3761.782     51  7625.563     7632.128     7868.167
489  mtART+R2      3762.402     51  7626.804     7633.369     7869.408
507  mtART+F       3577.722     68  7291.445     7303.308     7614.916
508  mtART+F+I     3562.027     69  7262.054     7274.282     7590.283
509  mtART+F+G4    3561.736     69  7261.472     7273.699     7589.700
510  mtART+F+I+G4  3561.554     70  7263.107     7275.706     7596.093
511  mtART+F+R2    3562.014     70  7264.028     7276.626     7597.013
529  mtMAM         3803.463     49  7704.927     7710.976     7938.016
530  mtMAM+I       3764.182     50  7628.363     7634.667     7866.210
531  mtMAM+G4      3763.908     50  7627.816     7634.120     7865.662
532  mtMAM+I+G4    3763.248     51  7628.496     7635.061     7871.100
533  mtMAM+R2      3764.489     51  7630.977     7637.542     7873.581
551  mtMAM+F       3604.663     68  7345.327     7357.190     7668.798
552  mtMAM+F+I     3570.424     69  7278.848     7291.076     7607.076
553  mtMAM+F+G4    3570.141     69  7278.282     7290.510     7606.510
554  mtMAM+F+I+G4  3569.434     70  7278.867     7291.466     7611.853
555  mtMAM+F+R2    3569.929     70  7279.857     7292.455     7612.842
573  mtREV         3738.886     49  7575.772     7581.821     7808.862
574  mtREV+I       3730.177     50  7560.354     7566.658     7798.200
575  mtREV+G4      3730.396     50  7560.792     7567.096     7798.639
576  mtREV+I+G4    3730.399     51  7562.798     7569.362     7805.402
577  mtREV+R2      3732.751     51  7567.503     7574.067     7810.106
595  mtREV+F       3538.588     68  7213.176     7225.040     7536.648
596  mtREV+F+I     3531.151     69  7200.301     7212.529     7528.529
597  mtREV+F+G4    3531.283     69  7200.565     7212.793     7528.794
598  mtREV+F+I+G4  3531.261     70  7202.521     7215.119     7535.506
599  mtREV+F+R2    3533.045     70  7206.090     7218.689     7539.076
617  mtZOA         3706.070     49  7510.140     7516.189     7743.229
618  mtZOA+I       3696.250     50  7492.500     7498.804     7730.347
619  mtZOA+G4      3696.396     50  7492.791     7499.095     7730.638
620  mtZOA+I+G4    3696.412     51  7494.824     7501.388     7737.427
621  mtZOA+R2      3698.153     51  7498.306     7504.870     7740.909
639  mtZOA+F       3535.035     68  7206.070     7217.933     7529.541
640  mtZOA+F+I     3527.818     69  7193.635     7205.863     7521.863
641  mtZOA+F+G4    3527.954     69  7193.908     7206.136     7522.137
642  mtZOA+F+I+G4  3527.927     70  7195.853     7208.452     7528.839
643  mtZOA+F+R2    3529.622     70  7199.245     7211.843     7532.230
661  mtMet         3751.641     49  7601.282     7607.332     7834.372
662  mtMet+I       3741.771     50  7583.542     7589.846     7821.389
663  mtMet+G4      3741.989     50  7583.979     7590.283     7821.825
664  mtMet+I+G4    3742.056     51  7586.111     7592.676     7828.715
665  mtMet+R2      3743.840     51  7589.679     7596.244     7832.283
683  mtMet+F       3517.751     68  7171.503     7183.366     7494.974
684  mtMet+F+I     3510.355     69  7158.711     7170.938     7486.939
685  mtMet+F+G4    3510.497     69  7158.994     7171.221     7487.222
686  mtMet+F+I+G4  3510.495     70  7160.990     7173.588     7493.975
687  mtMet+F+R2    3512.165     70  7164.330     7176.929     7497.316
705  mtVer         3768.439     49  7634.878     7640.927     7867.967
706  mtVer+I       3752.300     50  7604.599     7610.903     7842.446
707  mtVer+G4      3752.381     50  7604.762     7611.066     7842.608
708  mtVer+I+G4    3752.551     51  7607.103     7613.667     7849.706
709  mtVer+R2      3753.338     51  7608.675     7615.240     7851.279
727  mtVer+F       3545.128     68  7226.257     7238.120     7549.728
728  mtVer+F+I     3531.991     69  7201.981     7214.209     7530.210
729  mtVer+F+G4    3532.075     69  7202.150     7214.378     7530.379
730  mtVer+F+I+G4  3532.205     70  7204.410     7217.009     7537.396
731  mtVer+F+R2    3533.043     70  7206.087     7218.685     7539.072
749  mtInv         3809.003     49  7716.006     7722.055     7949.095
750  mtInv+I       3801.777     50  7703.553     7709.858     7941.400
751  mtInv+G4      3802.006     50  7704.012     7710.316     7941.858
752  mtInv+I+G4    3801.991     51  7705.983     7712.547     7948.587
753  mtInv+R2      3803.667     51  7709.334     7715.898     7951.938
771  mtInv+F       3509.973     68  7155.946     7167.810     7479.418
772  mtInv+F+I     3504.460     69  7146.921     7159.149     7475.149
773  mtInv+F+G4    3504.658     69  7147.316     7159.544     7475.544
774  mtInv+F+I+G4  3504.593     70  7149.185     7161.783     7482.170
775  mtInv+F+R2    3506.178     70  7152.356     7164.954     7485.341
793  PMB           3579.017     49  7256.034     7262.084     7489.124
794  PMB+I         3575.044     50  7250.087     7256.391     7487.934
795  PMB+G4        3575.252     50  7250.504     7256.808     7488.350
796  PMB+I+G4      3575.126     51  7252.253     7258.817     7494.856
797  PMB+R2        3576.011     51  7254.022     7260.586     7496.625
815  PMB+F         3527.243     68  7190.485     7202.349     7513.957
816  PMB+F+I       3523.485     69  7184.971     7197.199     7513.199
817  PMB+F+G4      3523.668     69  7185.335     7197.563     7513.563
818  PMB+F+I+G4    3523.546     70  7187.092     7199.690     7520.077
819  PMB+F+R2      3524.336     70  7188.671     7201.270     7521.657
WARNING: Normalizing state frequencies so that sum of them equals to 1
837  Q.bird        3594.145     49  7286.290     7292.340     7519.380
WARNING: Normalizing state frequencies so that sum of them equals to 1
838  Q.bird+I      3585.249     50  7270.498     7276.802     7508.345
WARNING: Normalizing state frequencies so that sum of them equals to 1
839  Q.bird+G4     3585.510     50  7271.020     7277.324     7508.867
WARNING: Normalizing state frequencies so that sum of them equals to 1
840  Q.bird+I+G4   3585.600     51  7273.199     7279.763     7515.803
WARNING: Normalizing state frequencies so that sum of them equals to 1
841  Q.bird+R2     3587.920     51  7277.840     7284.405     7520.444
WARNING: Normalizing state frequencies so that sum of them equals to 1
859  Q.bird+F      3520.010     68  7176.020     7187.884     7499.491
WARNING: Normalizing state frequencies so that sum of them equals to 1
860  Q.bird+F+I    3511.386     69  7160.772     7173.000     7489.000
WARNING: Normalizing state frequencies so that sum of them equals to 1
861  Q.bird+F+G4   3511.549     69  7161.098     7173.325     7489.326
WARNING: Normalizing state frequencies so that sum of them equals to 1
862  Q.bird+F+I+G4 3511.611     70  7163.222     7175.820     7496.207
WARNING: Normalizing state frequencies so that sum of them equals to 1
863  Q.bird+F+R2   3513.854     70  7167.708     7180.306     7500.693
881  Q.insect      3627.965     49  7353.931     7359.980     7587.020
882  Q.insect+I    3623.191     50  7346.382     7352.686     7584.228
883  Q.insect+G4   3623.402     50  7346.804     7353.108     7584.651
884  Q.insect+I+G4 3623.319     51  7348.639     7355.203     7591.242
885  Q.insect+R2   3624.575     51  7351.151     7357.715     7593.755
903  Q.insect+F    3518.690     68  7173.380     7185.244     7496.852
904  Q.insect+F+I  3514.041     69  7166.083     7178.311     7494.311
905  Q.insect+F+G4 3514.220     69  7166.441     7178.669     7494.669
906  Q.insect+F+I+G4 3514.143     70  7168.287     7180.885     7501.272
907  Q.insect+F+R2 3515.338     70  7170.675     7183.273     7503.661
WARNING: Normalizing state frequencies so that sum of them equals to 1
925  Q.mammal      3592.190     49  7282.381     7288.430     7515.471
WARNING: Normalizing state frequencies so that sum of them equals to 1
926  Q.mammal+I    3586.405     50  7272.810     7279.114     7510.656
WARNING: Normalizing state frequencies so that sum of them equals to 1
927  Q.mammal+G4   3586.630     50  7273.260     7279.564     7511.107
WARNING: Normalizing state frequencies so that sum of them equals to 1
928  Q.mammal+I+G4 3586.592     51  7275.184     7281.748     7517.787
WARNING: Normalizing state frequencies so that sum of them equals to 1
929  Q.mammal+R2   3588.339     51  7278.677     7285.242     7521.281
WARNING: Normalizing state frequencies so that sum of them equals to 1
947  Q.mammal+F    3512.783     68  7161.566     7173.429     7485.037
WARNING: Normalizing state frequencies so that sum of them equals to 1
948  Q.mammal+F+I  3506.943     69  7151.886     7164.114     7480.114
WARNING: Normalizing state frequencies so that sum of them equals to 1
949  Q.mammal+F+G4 3507.091     69  7152.181     7164.409     7480.409
WARNING: Normalizing state frequencies so that sum of them equals to 1
950  Q.mammal+F+I+G4 3507.069     70  7154.138     7166.737     7487.124
WARNING: Normalizing state frequencies so that sum of them equals to 1
951  Q.mammal+F+R2 3508.865     70  7157.729     7170.327     7490.714
WARNING: Normalizing state frequencies so that sum of them equals to 1
969  Q.pfam        3613.408     49  7324.816     7330.866     7557.906
WARNING: Normalizing state frequencies so that sum of them equals to 1
970  Q.pfam+I      3608.284     50  7316.569     7322.873     7554.415
WARNING: Normalizing state frequencies so that sum of them equals to 1
971  Q.pfam+G4     3608.519     50  7317.038     7323.342     7554.884
WARNING: Normalizing state frequencies so that sum of them equals to 1
972  Q.pfam+I+G4   3608.440     51  7318.880     7325.444     7561.483
WARNING: Normalizing state frequencies so that sum of them equals to 1
973  Q.pfam+R2     3609.853     51  7321.706     7328.271     7564.310
WARNING: Normalizing state frequencies so that sum of them equals to 1
991  Q.pfam+F      3525.415     68  7186.829     7198.693     7510.301
WARNING: Normalizing state frequencies so that sum of them equals to 1
992  Q.pfam+F+I    3520.354     69  7178.707     7190.935     7506.936
WARNING: Normalizing state frequencies so that sum of them equals to 1
993  Q.pfam+F+G4   3520.544     69  7179.088     7191.316     7507.317
WARNING: Normalizing state frequencies so that sum of them equals to 1
994  Q.pfam+F+I+G4 3520.477     70  7180.954     7193.552     7513.939
WARNING: Normalizing state frequencies so that sum of them equals to 1
995  Q.pfam+F+R2   3521.865     70  7183.730     7196.328     7516.715
WARNING: Normalizing state frequencies so that sum of them equals to 1
1013  Q.plant       3624.589     49  7347.179     7353.228     7580.268
WARNING: Normalizing state frequencies so that sum of them equals to 1
1014  Q.plant+I     3614.270     50  7328.541     7334.845     7566.387
WARNING: Normalizing state frequencies so that sum of them equals to 1
1015  Q.plant+G4    3614.481     50  7328.962     7335.266     7566.809
WARNING: Normalizing state frequencies so that sum of them equals to 1
1016  Q.plant+I+G4  3614.592     51  7331.184     7337.749     7573.788
WARNING: Normalizing state frequencies so that sum of them equals to 1
1017  Q.plant+R2    3616.021     51  7334.042     7340.607     7576.646
WARNING: Normalizing state frequencies so that sum of them equals to 1
1035  Q.plant+F     3530.904     68  7197.809     7209.672     7521.280
WARNING: Normalizing state frequencies so that sum of them equals to 1
1036  Q.plant+F+I   3520.746     69  7179.491     7191.719     7507.719
WARNING: Normalizing state frequencies so that sum of them equals to 1
1037  Q.plant+F+G4  3520.894     69  7179.788     7192.016     7508.017
WARNING: Normalizing state frequencies so that sum of them equals to 1
1038  Q.plant+F+I+G4 3520.989     70  7181.979     7194.577     7514.964
WARNING: Normalizing state frequencies so that sum of them equals to 1
1039  Q.plant+F+R2  3522.397     70  7184.793     7197.391     7517.778
WARNING: Normalizing state frequencies so that sum of them equals to 1
1057  Q.yeast       3666.289     49  7430.577     7436.627     7663.667
WARNING: Normalizing state frequencies so that sum of them equals to 1
1058  Q.yeast+I     3661.054     50  7422.107     7428.411     7659.954
WARNING: Normalizing state frequencies so that sum of them equals to 1
1059  Q.yeast+G4    3661.257     50  7422.513     7428.818     7660.360
WARNING: Normalizing state frequencies so that sum of them equals to 1
1060  Q.yeast+I+G4  3661.196     51  7424.392     7430.956     7666.995
WARNING: Normalizing state frequencies so that sum of them equals to 1
1061  Q.yeast+R2    3662.678     51  7427.356     7433.921     7669.960
WARNING: Normalizing state frequencies so that sum of them equals to 1
1079  Q.yeast+F     3525.574     68  7187.147     7199.011     7510.619
WARNING: Normalizing state frequencies so that sum of them equals to 1
1080  Q.yeast+F+I   3520.503     69  7179.007     7191.235     7507.235
WARNING: Normalizing state frequencies so that sum of them equals to 1
1081  Q.yeast+F+G4  3520.671     69  7179.341     7191.569     7507.569
WARNING: Normalizing state frequencies so that sum of them equals to 1
1082  Q.yeast+F+I+G4 3520.612     70  7181.225     7193.823     7514.210
WARNING: Normalizing state frequencies so that sum of them equals to 1
1083  Q.yeast+F+R2  3522.016     70  7184.032     7196.630     7517.017
1101  rtREV         3653.498     49  7404.996     7411.046     7638.086
1102  rtREV+I       3646.160     50  7392.319     7398.623     7630.166
1103  rtREV+G4      3646.495     50  7392.990     7399.294     7630.836
1104  rtREV+I+G4    3646.494     51  7394.988     7401.552     7637.591
1105  rtREV+R2      3648.161     51  7398.323     7404.887     7640.926
1123  rtREV+F       3542.750     68  7221.499     7233.363     7544.971
1124  rtREV+F+I     3535.902     69  7209.804     7222.031     7538.032
1125  rtREV+F+G4    3536.151     69  7210.302     7222.530     7538.530
1126  rtREV+F+I+G4  3536.131     70  7212.262     7224.860     7545.247
1127  rtREV+F+R2    3538.395     70  7216.789     7229.387     7549.774
1145  VT            3591.837     49  7281.675     7287.724     7514.764
1146  VT+I          3587.793     50  7275.586     7281.890     7513.433
1147  VT+G4         3588.002     50  7276.003     7282.307     7513.850
1148  VT+I+G4       3587.883     51  7277.766     7284.330     7520.369
1149  VT+R2         3588.797     51  7279.594     7286.158     7522.197
1167  VT+F          3514.492     68  7164.984     7176.848     7488.455
1168  VT+F+I        3510.632     69  7159.265     7171.493     7487.493
1169  VT+F+G4       3510.822     69  7159.644     7171.872     7487.873
1170  VT+F+I+G4     3510.704     70  7161.407     7174.006     7494.393
1171  VT+F+R2       3511.537     70  7163.073     7175.671     7496.058
1189  WAG           3588.021     49  7274.041     7280.091     7507.131
1190  WAG+I         3583.289     50  7266.578     7272.882     7504.425
1191  WAG+G4        3583.519     50  7267.039     7273.343     7504.885
1192  WAG+I+G4      3583.427     51  7268.854     7275.418     7511.458
1193  WAG+R2        3584.647     51  7271.295     7277.859     7513.898
1211  WAG+F         3519.314     68  7174.628     7186.492     7498.100
1212  WAG+F+I       3514.730     69  7167.460     7179.688     7495.688
1213  WAG+F+G4      3514.937     69  7167.874     7180.102     7496.102
1214  WAG+F+I+G4    3514.845     70  7169.690     7182.288     7502.675
1215  WAG+F+R2      3515.998     70  7171.996     7184.595     7504.982
Reading model parameters from file Q.iridoviridae
1233  Q.iridoviridae 3580.657     49  7259.314     7265.364     7492.404
Reading model parameters from file Q.iridoviridae
1234  Q.iridoviridae+I 3576.263     50  7252.525     7258.829     7490.372
Reading model parameters from file Q.iridoviridae
1235  Q.iridoviridae+G4 3576.500     50  7253.000     7259.304     7490.846
Reading model parameters from file Q.iridoviridae
1236  Q.iridoviridae+I+G4 3576.381     51  7254.762     7261.327     7497.366
Reading model parameters from file Q.iridoviridae
1237  Q.iridoviridae+R2 3577.442     51  7256.884     7263.449     7499.488
Reading model parameters from file Q.iridoviridae
1255  Q.iridoviridae+F 3510.776     68  7157.552     7169.415     7481.023
Reading model parameters from file Q.iridoviridae
1256  Q.iridoviridae+F+I 3506.602     69  7151.204     7163.432     7479.432
Reading model parameters from file Q.iridoviridae
1257  Q.iridoviridae+F+G4 3506.825     69  7151.650     7163.878     7479.879
Reading model parameters from file Q.iridoviridae
1258  Q.iridoviridae+F+I+G4 3506.697     70  7153.395     7165.993     7486.380
Reading model parameters from file Q.iridoviridae
1259  Q.iridoviridae+F+R2 3507.660     70  7155.321     7167.919     7488.306
Reading model parameters from file Q.mcv
WARNING: Normalizing state frequencies so that sum of them equals to 1
1277  Q.mcv         3521.487     49  7140.974     7147.024     7374.064
Reading model parameters from file Q.mcv
WARNING: Normalizing state frequencies so that sum of them equals to 1
1278  Q.mcv+I       3516.591     50  7133.181     7139.485     7371.028
Reading model parameters from file Q.mcv
WARNING: Normalizing state frequencies so that sum of them equals to 1
1279  Q.mcv+G4      3516.817     50  7133.634     7139.938     7371.481
Reading model parameters from file Q.mcv
WARNING: Normalizing state frequencies so that sum of them equals to 1
1280  Q.mcv+I+G4    3516.732     51  7135.463     7142.028     7378.067
Reading model parameters from file Q.mcv
WARNING: Normalizing state frequencies so that sum of them equals to 1
1281  Q.mcv+R2      3518.076     51  7138.152     7144.716     7380.755
Reading model parameters from file Q.mcv
WARNING: Normalizing state frequencies so that sum of them equals to 1
1299  Q.mcv+F       3503.390     68  7142.781     7154.644     7466.252
Reading model parameters from file Q.mcv
WARNING: Normalizing state frequencies so that sum of them equals to 1
1300  Q.mcv+F+I     3498.547     69  7135.093     7147.321     7463.321
Reading model parameters from file Q.mcv
WARNING: Normalizing state frequencies so that sum of them equals to 1
1301  Q.mcv+F+G4    3498.768     69  7135.537     7147.765     7463.765
Reading model parameters from file Q.mcv
WARNING: Normalizing state frequencies so that sum of them equals to 1
1302  Q.mcv+F+I+G4  3498.682     70  7137.365     7149.963     7470.350
Reading model parameters from file Q.mcv
WARNING: Normalizing state frequencies so that sum of them equals to 1
1303  Q.mcv+F+R2    3499.948     70  7139.896     7152.494     7472.881
Akaike Information Criterion:           Q.mcv+I
Corrected Akaike Information Criterion: Q.mcv+I
Bayesian Information Criterion:         Q.mcv+I
Best-fit model: Q.mcv+I chosen according to BIC

All model information printed to iqtree_species/OG0000074.fa.model.gz
CPU time for ModelFinder: 15.085 seconds (0h:0m:15s)
Wall-clock time for ModelFinder: 15.126 seconds (0h:0m:15s)
Generating 1000 samples for ultrafast bootstrap (seed: 122856)...
Reading model parameters from file Q.mcv
WARNING: Normalizing state frequencies so that sum of them equals to 1

NOTE: 1 MB RAM (0 GB) is required!
Estimate model parameters (epsilon = 0.100)
1. Initial log-likelihood: -3516.591
Optimal log-likelihood: -3516.591
Proportion of invariable sites: 0.534
Parameters optimization took 1 rounds (0.004 sec)
Wrote distance file to... 
Computing ML distances based on estimated model parameters...
Calculating distance matrix: done in 0.011168 secs using 99.97% CPU
Computing ML distances took 0.011203 sec (of wall-clock time) 0.011200 sec (of CPU time)
Setting up auxiliary I and S matrices: done in 5.50747e-05 secs using 99.86% CPU
Constructing RapidNJ tree: done in 9.39369e-05 secs using 161.8% CPU
Computing RapidNJ tree took 0.000181 sec (of wall-clock time) 0.000239 sec (of CPU time)
Log-likelihood of RapidNJ tree: -3518.809
--------------------------------------------------------------------
|             INITIALIZING CANDIDATE TREE SET                      |
--------------------------------------------------------------------
Generating 98 parsimony trees... 0.057 second
Computing log-likelihood of 98 initial trees ... 0.117 seconds
Current best score: -3516.591

Do NNI search on 20 best initial trees
Optimizing NNI: done in 0.00770593 secs using 148.1% CPU
Estimate model parameters (epsilon = 0.100)
BETTER TREE FOUND at iteration 1: -3516.591
Optimizing NNI: done in 0.013938 secs using 198.6% CPU
Optimizing NNI: done in 0.0136602 secs using 99.99% CPU
Optimizing NNI: done in 0.0138471 secs using 100% CPU
Optimizing NNI: done in 0.013864 secs using 100% CPU
Optimizing NNI: done in 0.013694 secs using 100% CPU
Optimizing NNI: done in 0.0136931 secs using 99.99% CPU
Optimizing NNI: done in 0.0137589 secs using 100% CPU
Optimizing NNI: done in 0.0135932 secs using 100% CPU
Optimizing NNI: done in 0.0136361 secs using 99.99% CPU
Iteration 10 / LogL: -3516.591 / Time: 0h:0m:0s
Optimizing NNI: done in 0.013413 secs using 100% CPU
Optimizing NNI: done in 0.0137739 secs using 99.99% CPU
Optimizing NNI: done in 0.013736 secs using 100% CPU
Optimizing NNI: done in 0.0134852 secs using 100% CPU
Optimizing NNI: done in 0.0136008 secs using 100% CPU
Optimizing NNI: done in 0.013581 secs using 100% CPU
Optimizing NNI: done in 0.013535 secs using 100% CPU
Optimizing NNI: done in 0.0136342 secs using 100% CPU
Optimizing NNI: done in 0.0137691 secs using 100% CPU
Optimizing NNI: done in 0.0135429 secs using 100% CPU
Iteration 20 / LogL: -3516.591 / Time: 0h:0m:0s
Finish initializing candidate tree set (20)
Current best tree score: -3516.591 / CPU time: 0.457
Number of iterations: 20
--------------------------------------------------------------------
|               OPTIMIZING CANDIDATE TREE SET                      |
--------------------------------------------------------------------
Optimizing NNI: done in 0.0232379 secs using 100% CPU
Optimizing NNI: done in 0.0316811 secs using 100% CPU
Optimizing NNI: done in 0.023963 secs using 100% CPU
Optimizing NNI: done in 0.0191679 secs using 100% CPU
Optimizing NNI: done in 0.035512 secs using 100% CPU
Optimizing NNI: done in 0.0187962 secs using 99.99% CPU
Optimizing NNI: done in 0.0281448 secs using 100% CPU
Optimizing NNI: done in 0.023227 secs using 100% CPU
Optimizing NNI: done in 0.0232191 secs using 100% CPU
Optimizing NNI: done in 0.028996 secs using 100% CPU
Iteration 30 / LogL: -3516.603 / Time: 0h:0m:0s (0h:0m:1s left)
Optimizing NNI: done in 0.0218852 secs using 100% CPU
Optimizing NNI: done in 0.01687 secs using 99.99% CPU
Optimizing NNI: done in 0.0194199 secs using 100% CPU
Optimizing NNI: done in 0.023807 secs using 100% CPU
Optimizing NNI: done in 0.0246172 secs using 100% CPU
Optimizing NNI: done in 0.0233881 secs using 100% CPU
Optimizing NNI: done in 0.0284989 secs using 100% CPU
Optimizing NNI: done in 0.0231631 secs using 100% CPU
Optimizing NNI: done in 0.0246539 secs using 100% CPU
Optimizing NNI: done in 0.0297742 secs using 99.98% CPU
Iteration 40 / LogL: -3516.594 / Time: 0h:0m:1s (0h:0m:1s left)
Optimizing NNI: done in 0.019326 secs using 99.99% CPU
Optimizing NNI: done in 0.0226538 secs using 100% CPU
Optimizing NNI: done in 0.048671 secs using 100% CPU
Optimizing NNI: done in 0.024745 secs using 100% CPU
Optimizing NNI: done in 0.017549 secs using 100% CPU
Optimizing NNI: done in 0.0300779 secs using 100% CPU
Optimizing NNI: done in 0.0271139 secs using 100% CPU
Optimizing NNI: done in 0.022316 secs using 100% CPU
Optimizing NNI: done in 0.0192251 secs using 100% CPU
Optimizing NNI: done in 0.031199 secs using 100% CPU
Iteration 50 / LogL: -3516.600 / Time: 0h:0m:1s (0h:0m:1s left)
Log-likelihood cutoff on original alignment: -3534.869
Optimizing NNI: done in 0.0236471 secs using 100% CPU
Optimizing NNI: done in 0.0401349 secs using 100% CPU
Optimizing NNI: done in 0.019834 secs using 100% CPU
Optimizing NNI: done in 0.029855 secs using 100% CPU
Optimizing NNI: done in 0.035465 secs using 100% CPU
Optimizing NNI: done in 0.0243511 secs using 100% CPU
Optimizing NNI: done in 0.0283999 secs using 100% CPU
Optimizing NNI: done in 0.0187149 secs using 100% CPU
Optimizing NNI: done in 0.034445 secs using 100% CPU
Optimizing NNI: done in 0.0324149 secs using 100% CPU
Iteration 60 / LogL: -3516.596 / Time: 0h:0m:1s (0h:0m:1s left)
Optimizing NNI: done in 0.021735 secs using 100% CPU
Optimizing NNI: done in 0.025223 secs using 100% CPU
Optimizing NNI: done in 0.01967 secs using 100% CPU
Optimizing NNI: done in 0.0293181 secs using 100% CPU
Optimizing NNI: done in 0.032433 secs using 100% CPU
Optimizing NNI: done in 0.0154631 secs using 100% CPU
Optimizing NNI: done in 0.034076 secs using 100% CPU
Optimizing NNI: done in 0.020184 secs using 99.99% CPU
Optimizing NNI: done in 0.0227962 secs using 100% CPU
Optimizing NNI: done in 0.028542 secs using 100% CPU
Iteration 70 / LogL: -3516.595 / Time: 0h:0m:1s (0h:0m:0s left)
Optimizing NNI: done in 0.0088439 secs using 99.99% CPU
Optimizing NNI: done in 0.0194988 secs using 100% CPU
Optimizing NNI: done in 0.0161059 secs using 100% CPU
Optimizing NNI: done in 0.0245562 secs using 100% CPU
Optimizing NNI: done in 0.0188789 secs using 100% CPU
Optimizing NNI: done in 0.0362251 secs using 100% CPU
Optimizing NNI: done in 0.01963 secs using 100% CPU
Optimizing NNI: done in 0.0362148 secs using 100% CPU
Optimizing NNI: done in 0.019073 secs using 99.99% CPU
Optimizing NNI: done in 0.0149641 secs using 99.87% CPU
Iteration 80 / LogL: -3580.454 / Time: 0h:0m:2s (0h:0m:0s left)
Optimizing NNI: done in 0.030143 secs using 100% CPU
Optimizing NNI: done in 0.0180659 secs using 100% CPU
Optimizing NNI: done in 0.0177 secs using 100% CPU
Optimizing NNI: done in 0.0239611 secs using 100% CPU
Optimizing NNI: done in 0.0195291 secs using 100% CPU
Optimizing NNI: done in 0.021718 secs using 100% CPU
Optimizing NNI: done in 0.0232201 secs using 100% CPU
Optimizing NNI: done in 0.034286 secs using 100% CPU
Optimizing NNI: done in 0.0196002 secs using 99.99% CPU
Optimizing NNI: done in 0.0197132 secs using 100% CPU
Iteration 90 / LogL: -3516.594 / Time: 0h:0m:2s (0h:0m:0s left)
Optimizing NNI: done in 0.0242801 secs using 100% CPU
Optimizing NNI: done in 0.0238669 secs using 100% CPU
Optimizing NNI: done in 0.0253758 secs using 100% CPU
Optimizing NNI: done in 0.023618 secs using 100% CPU
Optimizing NNI: done in 0.0169461 secs using 100% CPU
Optimizing NNI: done in 0.0355201 secs using 100% CPU
Optimizing NNI: done in 0.0267289 secs using 100% CPU
Optimizing NNI: done in 0.026794 secs using 100% CPU
Optimizing NNI: done in 0.0298381 secs using 100% CPU
Optimizing NNI: done in 0.0289669 secs using 100% CPU
Iteration 100 / LogL: -3516.592 / Time: 0h:0m:2s (0h:0m:0s left)
Log-likelihood cutoff on original alignment: -3537.948
NOTE: Bootstrap correlation coefficient of split occurrence frequencies: 0.982
NOTE: UFBoot does not converge, continue at least 100 more iterations
Optimizing NNI: done in 0.0177162 secs using 99.99% CPU
Optimizing NNI: done in 0.0271449 secs using 100% CPU
Optimizing NNI: done in 0.031023 secs using 99.99% CPU
Optimizing NNI: done in 0.0321422 secs using 100% CPU
Optimizing NNI: done in 0.0316451 secs using 100% CPU
Optimizing NNI: done in 0.026531 secs using 100% CPU
Optimizing NNI: done in 0.0299921 secs using 100% CPU
Optimizing NNI: done in 0.0316589 secs using 100% CPU
Optimizing NNI: done in 0.0192909 secs using 100% CPU
Optimizing NNI: done in 0.0296569 secs using 100% CPU
Iteration 110 / LogL: -3516.593 / Time: 0h:0m:3s (0h:0m:2s left)
Optimizing NNI: done in 0.0290022 secs using 100% CPU
Optimizing NNI: done in 0.0195429 secs using 100% CPU
Optimizing NNI: done in 0.0373218 secs using 100% CPU
Optimizing NNI: done in 0.0202699 secs using 100% CPU
Optimizing NNI: done in 0.024719 secs using 99.95% CPU
Optimizing NNI: done in 0.029959 secs using 100% CPU
Optimizing NNI: done in 0.01964 secs using 100% CPU
Optimizing NNI: done in 0.032058 secs using 100% CPU
Optimizing NNI: done in 0.027421 secs using 100% CPU
Optimizing NNI: done in 0.022846 secs using 100% CPU
Iteration 120 / LogL: -3516.592 / Time: 0h:0m:3s (0h:0m:2s left)
Optimizing NNI: done in 0.018322 secs using 99.99% CPU
Optimizing NNI: done in 0.0188739 secs using 100% CPU
Optimizing NNI: done in 0.026103 secs using 100% CPU
Optimizing NNI: done in 0.0358708 secs using 100% CPU
Optimizing NNI: done in 0.0205979 secs using 99.96% CPU
Optimizing NNI: done in 0.0258491 secs using 100% CPU
Optimizing NNI: done in 0.0241671 secs using 100% CPU
Optimizing NNI: done in 0.0270801 secs using 100% CPU
Optimizing NNI: done in 0.0290742 secs using 100% CPU
Optimizing NNI: done in 0.029099 secs using 100% CPU
Iteration 130 / LogL: -3537.621 / Time: 0h:0m:3s (0h:0m:1s left)
Optimizing NNI: done in 0.0299051 secs using 100% CPU
Optimizing NNI: done in 0.019572 secs using 100% CPU
Optimizing NNI: done in 0.026485 secs using 100% CPU
Optimizing NNI: done in 0.0232191 secs using 100% CPU
Optimizing NNI: done in 0.017777 secs using 99.99% CPU
Optimizing NNI: done in 0.022125 secs using 100% CPU
Optimizing NNI: done in 0.0281341 secs using 100% CPU
Optimizing NNI: done in 0.030477 secs using 100% CPU
Optimizing NNI: done in 0.0333369 secs using 100% CPU
Optimizing NNI: done in 0.0354111 secs using 100% CPU
Iteration 140 / LogL: -3516.591 / Time: 0h:0m:3s (0h:0m:1s left)
Optimizing NNI: done in 0.020484 secs using 100% CPU
Optimizing NNI: done in 0.019197 secs using 99.99% CPU
Optimizing NNI: done in 0.023819 secs using 100% CPU
Optimizing NNI: done in 0.0228879 secs using 100% CPU
Optimizing NNI: done in 0.0241988 secs using 100% CPU
Optimizing NNI: done in 0.0550492 secs using 100% CPU
Optimizing NNI: done in 0.039304 secs using 100% CPU
Optimizing NNI: done in 0.0433221 secs using 99.97% CPU
Optimizing NNI: done in 0.0297 secs using 100% CPU
Optimizing NNI: done in 0.018507 secs using 100% CPU
Iteration 150 / LogL: -3528.779 / Time: 0h:0m:4s (0h:0m:1s left)
Log-likelihood cutoff on original alignment: -3540.196
Optimizing NNI: done in 0.0327702 secs using 100% CPU
Optimizing NNI: done in 0.0179231 secs using 100% CPU
Optimizing NNI: done in 0.0191841 secs using 100% CPU
Optimizing NNI: done in 0.0243781 secs using 100% CPU
Optimizing NNI: done in 0.030071 secs using 100% CPU
Optimizing NNI: done in 0.0256641 secs using 100% CPU
Optimizing NNI: done in 0.0364351 secs using 100% CPU
Optimizing NNI: done in 0.0258079 secs using 100% CPU
Optimizing NNI: done in 0.0159659 secs using 100% CPU
Optimizing NNI: done in 0.025969 secs using 100% CPU
Iteration 160 / LogL: -3516.596 / Time: 0h:0m:4s (0h:0m:1s left)
Optimizing NNI: done in 0.024554 secs using 100% CPU
Optimizing NNI: done in 0.0289981 secs using 100% CPU
Optimizing NNI: done in 0.0320811 secs using 100% CPU
Optimizing NNI: done in 0.0250709 secs using 100% CPU
Optimizing NNI: done in 0.0189459 secs using 100% CPU
Optimizing NNI: done in 0.019598 secs using 100% CPU
Optimizing NNI: done in 0.027813 secs using 100% CPU
Optimizing NNI: done in 0.032022 secs using 100% CPU
Optimizing NNI: done in 0.0395141 secs using 100% CPU
Optimizing NNI: done in 0.0282021 secs using 100% CPU
Iteration 170 / LogL: -3516.592 / Time: 0h:0m:4s (0h:0m:0s left)
Optimizing NNI: done in 0.0183609 secs using 100% CPU
Optimizing NNI: done in 0.0277071 secs using 100% CPU
Optimizing NNI: done in 0.0248461 secs using 100% CPU
Optimizing NNI: done in 0.0213199 secs using 100% CPU
Optimizing NNI: done in 0.018265 secs using 100% CPU
Optimizing NNI: done in 0.0346079 secs using 100% CPU
Optimizing NNI: done in 0.0300422 secs using 100% CPU
Optimizing NNI: done in 0.03934 secs using 100% CPU
Optimizing NNI: done in 0.041362 secs using 99.98% CPU
Optimizing NNI: done in 0.0246041 secs using 100% CPU
Iteration 180 / LogL: -3516.592 / Time: 0h:0m:5s (0h:0m:0s left)
Optimizing NNI: done in 0.0125589 secs using 99.99% CPU
Optimizing NNI: done in 0.02689 secs using 100% CPU
Optimizing NNI: done in 0.0253589 secs using 100% CPU
Optimizing NNI: done in 0.0254481 secs using 100% CPU
Optimizing NNI: done in 0.0302701 secs using 100% CPU
Optimizing NNI: done in 0.0193062 secs using 100% CPU
Optimizing NNI: done in 0.0244758 secs using 100% CPU
Optimizing NNI: done in 0.03494 secs using 100% CPU
Optimizing NNI: done in 0.019491 secs using 97.32% CPU
Optimizing NNI: done in 0.0172598 secs using 100% CPU
Iteration 190 / LogL: -3524.474 / Time: 0h:0m:5s (0h:0m:0s left)
Optimizing NNI: done in 0.024996 secs using 100% CPU
Optimizing NNI: done in 0.023685 secs using 100% CPU
Optimizing NNI: done in 0.0245848 secs using 100% CPU
Optimizing NNI: done in 0.0252488 secs using 100% CPU
Optimizing NNI: done in 0.0246532 secs using 100% CPU
Optimizing NNI: done in 0.0253649 secs using 100% CPU
Optimizing NNI: done in 0.0184071 secs using 99.99% CPU
Optimizing NNI: done in 0.033668 secs using 100% CPU
Optimizing NNI: done in 0.032733 secs using 100% CPU
Optimizing NNI: done in 0.0269651 secs using 100% CPU
Iteration 200 / LogL: -3516.594 / Time: 0h:0m:5s (0h:0m:0s left)
Log-likelihood cutoff on original alignment: -3543.366
NOTE: Bootstrap correlation coefficient of split occurrence frequencies: 0.988
NOTE: UFBoot does not converge, continue at least 100 more iterations
Optimizing NNI: done in 0.024287 secs using 100% CPU
Optimizing NNI: done in 0.0260279 secs using 100% CPU
Optimizing NNI: done in 0.0177858 secs using 99.99% CPU
Optimizing NNI: done in 0.0243289 secs using 100% CPU
Optimizing NNI: done in 0.036993 secs using 100% CPU
Optimizing NNI: done in 0.0217941 secs using 100% CPU
Optimizing NNI: done in 0.0263429 secs using 100% CPU
Optimizing NNI: done in 0.023905 secs using 100% CPU
Optimizing NNI: done in 0.024359 secs using 100% CPU
Optimizing NNI: done in 0.0241952 secs using 100% CPU
Iteration 210 / LogL: -3516.594 / Time: 0h:0m:6s (0h:0m:2s left)
Optimizing NNI: done in 0.028872 secs using 100% CPU
Optimizing NNI: done in 0.0260708 secs using 100% CPU
Optimizing NNI: done in 0.031672 secs using 99.97% CPU
Optimizing NNI: done in 0.0323241 secs using 100% CPU
Optimizing NNI: done in 0.0188942 secs using 99.99% CPU
Optimizing NNI: done in 0.0242159 secs using 100% CPU
Optimizing NNI: done in 0.023735 secs using 100% CPU
Optimizing NNI: done in 0.0275142 secs using 100% CPU
Optimizing NNI: done in 0.01899 secs using 100% CPU
Optimizing NNI: done in 0.016072 secs using 100% CPU
Iteration 220 / LogL: -3516.591 / Time: 0h:0m:6s (0h:0m:2s left)
Optimizing NNI: done in 0.0305359 secs using 100% CPU
Optimizing NNI: done in 0.0374138 secs using 100% CPU
Optimizing NNI: done in 0.0241311 secs using 100% CPU
Optimizing NNI: done in 0.0228992 secs using 100% CPU
Optimizing NNI: done in 0.0275421 secs using 100% CPU
Optimizing NNI: done in 0.0169559 secs using 99.99% CPU
Optimizing NNI: done in 0.0230811 secs using 100% CPU
Optimizing NNI: done in 0.0262671 secs using 100% CPU
Optimizing NNI: done in 0.027072 secs using 100% CPU
Optimizing NNI: done in 0.0352042 secs using 100% CPU
Iteration 230 / LogL: -3516.596 / Time: 0h:0m:6s (0h:0m:2s left)
Optimizing NNI: done in 0.0153542 secs using 100% CPU
Optimizing NNI: done in 0.0238352 secs using 100% CPU
Optimizing NNI: done in 0.031209 secs using 100% CPU
Optimizing NNI: done in 0.016499 secs using 100% CPU
Optimizing NNI: done in 0.0243571 secs using 100% CPU
Optimizing NNI: done in 0.022464 secs using 100% CPU
Optimizing NNI: done in 0.0284419 secs using 100% CPU
Optimizing NNI: done in 0.0250368 secs using 100% CPU
Optimizing NNI: done in 0.020335 secs using 100% CPU
Optimizing NNI: done in 0.0251908 secs using 100% CPU
Iteration 240 / LogL: -3522.686 / Time: 0h:0m:6s (0h:0m:1s left)
Optimizing NNI: done in 0.0221519 secs using 100% CPU
Optimizing NNI: done in 0.0438321 secs using 100% CPU
Optimizing NNI: done in 0.0302191 secs using 100% CPU
Optimizing NNI: done in 0.0314071 secs using 100% CPU
Optimizing NNI: done in 0.032475 secs using 100% CPU
Optimizing NNI: done in 0.019454 secs using 100% CPU
Optimizing NNI: done in 0.0240629 secs using 100% CPU
Optimizing NNI: done in 0.025609 secs using 100% CPU
Optimizing NNI: done in 0.0413871 secs using 100% CPU
Optimizing NNI: done in 0.031846 secs using 100% CPU
Iteration 250 / LogL: -3516.596 / Time: 0h:0m:7s (0h:0m:1s left)
Log-likelihood cutoff on original alignment: -3544.440
Optimizing NNI: done in 0.024148 secs using 100% CPU
Optimizing NNI: done in 0.0244091 secs using 100% CPU
Optimizing NNI: done in 0.0271211 secs using 100% CPU
Optimizing NNI: done in 0.0237989 secs using 100% CPU
Optimizing NNI: done in 0.020098 secs using 100% CPU
Optimizing NNI: done in 0.025486 secs using 100% CPU
Optimizing NNI: done in 0.019505 secs using 99.99% CPU
Optimizing NNI: done in 0.0297379 secs using 100% CPU
Optimizing NNI: done in 0.0251939 secs using 100% CPU
Optimizing NNI: done in 0.0274808 secs using 100% CPU
Iteration 260 / LogL: -3516.597 / Time: 0h:0m:7s (0h:0m:1s left)
Optimizing NNI: done in 0.019294 secs using 100% CPU
Optimizing NNI: done in 0.025532 secs using 100% CPU
Optimizing NNI: done in 0.01899 secs using 99.99% CPU
Optimizing NNI: done in 0.0251732 secs using 100% CPU
Optimizing NNI: done in 0.025239 secs using 100% CPU
Optimizing NNI: done in 0.0222631 secs using 100% CPU
Optimizing NNI: done in 0.012064 secs using 100% CPU
Optimizing NNI: done in 0.0177698 secs using 100% CPU
Optimizing NNI: done in 0.0241458 secs using 100% CPU
Optimizing NNI: done in 0.0231309 secs using 100% CPU
Iteration 270 / LogL: -3516.596 / Time: 0h:0m:7s (0h:0m:0s left)
Optimizing NNI: done in 0.0238931 secs using 100% CPU
Optimizing NNI: done in 0.0287609 secs using 100% CPU
Optimizing NNI: done in 0.024914 secs using 100% CPU
Optimizing NNI: done in 0.025785 secs using 100% CPU
Optimizing NNI: done in 0.0244641 secs using 100% CPU
Optimizing NNI: done in 0.0125968 secs using 99.99% CPU
Optimizing NNI: done in 0.0118449 secs using 100% CPU
Optimizing NNI: done in 0.019263 secs using 100% CPU
Optimizing NNI: done in 0.0192239 secs using 100% CPU
Optimizing NNI: done in 0.019304 secs using 100% CPU
Iteration 280 / LogL: -3516.591 / Time: 0h:0m:8s (0h:0m:0s left)
Optimizing NNI: done in 0.026371 secs using 100% CPU
Optimizing NNI: done in 0.0333691 secs using 100% CPU
Optimizing NNI: done in 0.0445251 secs using 100% CPU
Optimizing NNI: done in 0.0173459 secs using 99.99% CPU
Optimizing NNI: done in 0.022336 secs using 100% CPU
Optimizing NNI: done in 0.021894 secs using 100% CPU
Optimizing NNI: done in 0.0232449 secs using 100% CPU
Optimizing NNI: done in 0.0193522 secs using 100% CPU
Optimizing NNI: done in 0.0184331 secs using 100% CPU
Optimizing NNI: done in 0.0376399 secs using 100% CPU
Iteration 290 / LogL: -3516.594 / Time: 0h:0m:8s (0h:0m:0s left)
Optimizing NNI: done in 0.029367 secs using 100% CPU
Optimizing NNI: done in 0.0255709 secs using 100% CPU
Optimizing NNI: done in 0.0260839 secs using 100% CPU
Optimizing NNI: done in 0.023406 secs using 100% CPU
Optimizing NNI: done in 0.0239341 secs using 100% CPU
Optimizing NNI: done in 0.0453501 secs using 100% CPU
Optimizing NNI: done in 0.030988 secs using 100% CPU
Optimizing NNI: done in 0.02582 secs using 100% CPU
Optimizing NNI: done in 0.016319 secs using 99.99% CPU
Optimizing NNI: done in 0.0261931 secs using 100% CPU
Iteration 300 / LogL: -3516.594 / Time: 0h:0m:8s (0h:0m:0s left)
Log-likelihood cutoff on original alignment: -3544.598
NOTE: Bootstrap correlation coefficient of split occurrence frequencies: 0.993
TREE SEARCH COMPLETED AFTER 300 ITERATIONS / Time: 0h:0m:8s

--------------------------------------------------------------------
|                    FINALIZING TREE SEARCH                        |
--------------------------------------------------------------------
Performs final model parameters optimization
Estimate model parameters (epsilon = 0.010)
1. Initial log-likelihood: -3516.591
Optimal log-likelihood: -3516.591
Proportion of invariable sites: 0.534
Parameters optimization took 1 rounds (0.004 sec)
BEST SCORE FOUND : -3516.591
Creating bootstrap support values...
Split supports printed to NEXUS file iqtree_species/OG0000074.fa.splits.nex
Total tree length: 0.175

Total number of iterations: 300
CPU time used for tree search: 8.944 sec (0h:0m:8s)
Wall-clock time used for tree search: 8.766 sec (0h:0m:8s)
Total CPU time used: 9.028 sec (0h:0m:9s)
Total wall-clock time used: 8.849 sec (0h:0m:8s)

Computing bootstrap consensus tree...
Reading input file iqtree_species/OG0000074.fa.splits.nex...
26 taxa and 303 splits.
Consensus tree written to iqtree_species/OG0000074.fa.contree
Reading input trees file iqtree_species/OG0000074.fa.contree
Log-likelihood of consensus tree: -3516.619

Analysis results written to: 
  IQ-TREE report:                iqtree_species/OG0000074.fa.iqtree
  Maximum-likelihood tree:       iqtree_species/OG0000074.fa.treefile
  Likelihood distances:          iqtree_species/OG0000074.fa.mldist

Ultrafast bootstrap approximation results written to:
  Split support values:          iqtree_species/OG0000074.fa.splits.nex
  Consensus tree:                iqtree_species/OG0000074.fa.contree
  Screen log file:               iqtree_species/OG0000074.fa.log

Date and Time: Wed Apr  2 11:51:32 2025
