IQ-TREE multicore version 2.2.0.5 COVID-edition for Linux 64-bit built Sep 26 2022
Developed by Bui Quang Minh, James Barbetti, Nguyen Lam Tung,
Olga Chernomor, Heiko Schmidt, Dominik Schrempf, Michael Woodhams, Ly Trong Nhan.

Host:    petrichor-dm (AVX2, FMA3, 503 GB RAM)
Command: iqtree2 -s alignments_species_muscle5_edited_trimmed/OG0000021.fa -B 1000 -mset Blosum62,cpREV,Dayhoff,DCMut,FLAVI,FLU,HIVb,HIVw,JTT,JTTDCMut,LG,mtART,mtMAM,mtREV,mtZOA,mtMet,mtVer,mtInv,PMB,Q.bird,Q.insect,Q.mammal,Q.pfam,Q.plant,Q.yeast,rtREV,VT,WAG,Q.iridoviridae,Q.mcv -T 1 -pre iqtree_species/OG0000021.fa
Seed:    240711 (Using SPRNG - Scalable Parallel Random Number Generator)
Time:    Wed Apr  2 11:43:31 2025
Kernel:  AVX+FMA - 1 threads (32 CPU cores detected)

HINT: Use -nt option to specify number of threads because your CPU has 32 cores!
HINT: -nt AUTO will automatically determine the best number of threads to use.

Reading alignment file alignments_species_muscle5_edited_trimmed/OG0000021.fa ... Fasta format detected
Reading fasta file: done in 0.00017786 secs using 48.91% CPU
Alignment most likely contains protein sequences
Constructing alignment: done in 7.60555e-05 secs using 49.96% CPU
Alignment has 58 sequences with 73 columns, 27 distinct patterns
4 parsimony-informative, 3 singleton sites, 66 constant sites
                                           Gap/Ambiguity  Composition  p-value
Analyzing sequences: done in 5.96046e-06 secs using 50.33% CPU
   1  MW883601_Megalocytivirus_pagrus1_ISKNV       0.00%    passed    100.00%
   2  MK098186_Megalocytivirus_pagrus1_RSIV        8.22%    passed    100.00%
   3  23043610003_Megalocytivirus_pagrus1_ISKNV    0.00%    passed    100.00%
   4  ON740976_Megalocytivirus_pagrus1_RSIV        8.22%    passed    100.00%
   5  MK689686_Megalocytivirus_pagrus1_RSIV        8.22%    passed    100.00%
   6  MW273354_Megalocytivirus_pagrus1_ISKNV       0.00%    passed    100.00%
   7  MW883595_Megalocytivirus_pagrus1_ISKNV       0.00%    passed    100.00%
   8  MK098187_Megalocytivirus_pagrus1_RSIV        8.22%    passed    100.00%
   9  MW883603_Megalocytivirus_pagrus1_ISKNV       0.00%    passed    100.00%
  10  OP896201_Megalocytivirus_pagrus1_ISKNV       0.00%    passed    100.00%
  11  23043610005_Megalocytivirus_pagrus1_ISKNV    0.00%    passed    100.00%
  12  MG570132_Megalocytivirus_pagrus1_TRBIV       8.22%    passed    100.00%
  13  MW883598_Megalocytivirus_pagrus1_RSIV        8.22%    passed    100.00%
  14  MN432490_Megalocytivirus_pagrus1_ISKNV       0.00%    passed    100.00%
  15  MW883596_Megalocytivirus_pagrus1_ISKNV       0.00%    passed    100.00%
  16  MW883597_Megalocytivirus_pagrus1_ISKNV       0.00%    passed    100.00%
  17  KT804738_Megalocytivirus_pagrus1_RSIV        8.22%    passed    100.00%
  18  OR356116_Megalocytivirus_pagrus1_ISKNV       0.00%    passed    100.00%
  19  GQ273492_Megalocytivirus_pagrus1_TRBIV       8.22%    passed    100.00%
  20  OK042108_Megalocytivirus_pagrus1_RSIV        8.22%    passed    100.00%
  21  MT128667_Megalocytivirus_pagrus1_ISKNV       0.00%    passed    100.00%
  22  MW139932_Megalocytivirus_pagrus1_RSIV        8.22%    passed    100.00%
  23  OL774654_Megalocytivirus_pagrus1_RSIV        8.22%    passed    100.00%
  24  MW883600_Megalocytivirus_pagrus1_ISKNV       0.00%    passed    100.00%
  25  MW883599_Megalocytivirus_pagrus1_ISKNV       0.00%    passed    100.00%
  26  MW883593_Megalocytivirus_pagrus1_ISKNV       0.00%    passed    100.00%
  27  MG570131_Megalocytivirus_pagrus1_TRBIV       0.00%    passed     99.50%
  28  OL774655_Megalocytivirus_pagrus1_RSIV        8.22%    passed    100.00%
  29  MW883602_Megalocytivirus_pagrus1_ISKNV       0.00%    passed    100.00%
  30  MT798582_Megalocytivirus_pagrus1_RSIV        8.22%    passed    100.00%
  31  MT128666_Megalocytivirus_pagrus1_ISKNV       0.00%    passed    100.00%
  32  MW883594_Megalocytivirus_pagrus1_ISKNV       0.00%    passed    100.00%
  33  MT926123_Megalocytivirus_pagrus1_ISKNV       0.00%    passed    100.00%
  34  BD143114_Megalocytivirus_pagrus1_RSIV        8.22%    passed    100.00%
  35  NC_003494_Megalocytivirus_pagrus1_ISKNV      0.00%    passed    100.00%
  36  AY894343_Megalocytivirus_pagrus1_RSIV        8.22%    passed    100.00%
  37  AF371960_Megalocytivirus_pagrus1_ISKNV       0.00%    passed    100.00%
  38  OR670976_Megalocytivirus_pagrus1_ISKNV       0.00%    passed    100.00%
  39  MW883606_Megalocytivirus_pagrus1_ISKNV       0.00%    passed    100.00%
  40  KT781098_Megalocytivirus_pagrus1_ISKNV       0.00%    passed    100.00%
  41  OQ513807_Megalocytivirus_pagrus1_ISKNV       0.00%    passed    100.00%
  42  ON075463_Megalocytivirus_pagrus1_RSIV        8.22%    passed    100.00%
  43  AP017456_Megalocytivirus_pagrus1_RSIV        8.22%    passed    100.00%
  44  OK042109_Megalocytivirus_pagrus1_RSIV        8.22%    passed    100.00%
  45  MK689685_Megalocytivirus_pagrus1_ISKNV       0.00%    passed    100.00%
  46  MK098185_Megalocytivirus_pagrus1_RSIV        8.22%    passed    100.00%
  47  KC244182_Megalocytivirus_pagrus1_RSIV        8.22%    passed    100.00%
  48  OL774653_Megalocytivirus_pagrus1_RSIV        8.22%    passed    100.00%
  49  OP009387_Megalocytivirus_pagrus1_ISKNV       0.00%    passed    100.00%
  50  MW273353_Megalocytivirus_pagrus1_ISKNV       0.00%    passed    100.00%
  51  PP974677_Megalocytivirus_pagrus1_ISKNV       0.00%    passed    100.00%
  52  OQ475017_Megalocytivirus_pagrus1_RSIV        0.00%    passed    100.00%
  53  MT986830_Megalocytivirus_pagrus1_ISKNV       0.00%    passed    100.00%
  54  PP151097_Megalocytivirus_pagrus1_ISKNV       0.00%    passed    100.00%
  55  AB104413_Megalocytivirus_pagrus1_RSIV        8.22%    passed    100.00%
  56  OR536350_Megalocytivirus_pagrus1_ISKNV       0.00%    passed    100.00%
  57  ON743042_Megalocytivirus_pagrus1_RSIV        8.22%    passed    100.00%
  58  ON212400_Megalocytivirus_pagrus1_ISKNV       0.00%    passed    100.00%
****  TOTAL                                        3.26%  0 sequences failed composition chi2 test (p-value<5%; df=19)
NOTE: 23043610003_Megalocytivirus_pagrus1_ISKNV is identical to MW883601_Megalocytivirus_pagrus1_ISKNV but kept for subsequent analysis
NOTE: ON740976_Megalocytivirus_pagrus1_RSIV is identical to MK098186_Megalocytivirus_pagrus1_RSIV but kept for subsequent analysis
Checking for duplicate sequences: done in 6.00815e-05 secs using 49.93% CPU
Identifying sites to remove: done in 1.50204e-05 secs using 46.6% CPU
NOTE: 49 identical sequences (see below) will be ignored for subsequent analysis
NOTE: MW273354_Megalocytivirus_pagrus1_ISKNV (identical to MW883601_Megalocytivirus_pagrus1_ISKNV) is ignored but added at the end
NOTE: MW883595_Megalocytivirus_pagrus1_ISKNV (identical to MW883601_Megalocytivirus_pagrus1_ISKNV) is ignored but added at the end
NOTE: MW883603_Megalocytivirus_pagrus1_ISKNV (identical to MW883601_Megalocytivirus_pagrus1_ISKNV) is ignored but added at the end
NOTE: OP896201_Megalocytivirus_pagrus1_ISKNV (identical to MW883601_Megalocytivirus_pagrus1_ISKNV) is ignored but added at the end
NOTE: 23043610005_Megalocytivirus_pagrus1_ISKNV (identical to MW883601_Megalocytivirus_pagrus1_ISKNV) is ignored but added at the end
NOTE: MN432490_Megalocytivirus_pagrus1_ISKNV (identical to MW883601_Megalocytivirus_pagrus1_ISKNV) is ignored but added at the end
NOTE: MW883596_Megalocytivirus_pagrus1_ISKNV (identical to MW883601_Megalocytivirus_pagrus1_ISKNV) is ignored but added at the end
NOTE: MW883597_Megalocytivirus_pagrus1_ISKNV (identical to MW883601_Megalocytivirus_pagrus1_ISKNV) is ignored but added at the end
NOTE: OR356116_Megalocytivirus_pagrus1_ISKNV (identical to MW883601_Megalocytivirus_pagrus1_ISKNV) is ignored but added at the end
NOTE: MT128667_Megalocytivirus_pagrus1_ISKNV (identical to MW883601_Megalocytivirus_pagrus1_ISKNV) is ignored but added at the end
NOTE: MW883600_Megalocytivirus_pagrus1_ISKNV (identical to MW883601_Megalocytivirus_pagrus1_ISKNV) is ignored but added at the end
NOTE: MW883599_Megalocytivirus_pagrus1_ISKNV (identical to MW883601_Megalocytivirus_pagrus1_ISKNV) is ignored but added at the end
NOTE: MW883593_Megalocytivirus_pagrus1_ISKNV (identical to MW883601_Megalocytivirus_pagrus1_ISKNV) is ignored but added at the end
NOTE: MW883602_Megalocytivirus_pagrus1_ISKNV (identical to MW883601_Megalocytivirus_pagrus1_ISKNV) is ignored but added at the end
NOTE: MT128666_Megalocytivirus_pagrus1_ISKNV (identical to MW883601_Megalocytivirus_pagrus1_ISKNV) is ignored but added at the end
NOTE: MW883594_Megalocytivirus_pagrus1_ISKNV (identical to MW883601_Megalocytivirus_pagrus1_ISKNV) is ignored but added at the end
NOTE: MT926123_Megalocytivirus_pagrus1_ISKNV (identical to MW883601_Megalocytivirus_pagrus1_ISKNV) is ignored but added at the end
NOTE: NC_003494_Megalocytivirus_pagrus1_ISKNV (identical to MW883601_Megalocytivirus_pagrus1_ISKNV) is ignored but added at the end
NOTE: AF371960_Megalocytivirus_pagrus1_ISKNV (identical to MW883601_Megalocytivirus_pagrus1_ISKNV) is ignored but added at the end
NOTE: OR670976_Megalocytivirus_pagrus1_ISKNV (identical to MW883601_Megalocytivirus_pagrus1_ISKNV) is ignored but added at the end
NOTE: MW883606_Megalocytivirus_pagrus1_ISKNV (identical to MW883601_Megalocytivirus_pagrus1_ISKNV) is ignored but added at the end
NOTE: KT781098_Megalocytivirus_pagrus1_ISKNV (identical to MW883601_Megalocytivirus_pagrus1_ISKNV) is ignored but added at the end
NOTE: OQ513807_Megalocytivirus_pagrus1_ISKNV (identical to MW883601_Megalocytivirus_pagrus1_ISKNV) is ignored but added at the end
NOTE: OP009387_Megalocytivirus_pagrus1_ISKNV (identical to MW883601_Megalocytivirus_pagrus1_ISKNV) is ignored but added at the end
NOTE: MW273353_Megalocytivirus_pagrus1_ISKNV (identical to MW883601_Megalocytivirus_pagrus1_ISKNV) is ignored but added at the end
NOTE: PP974677_Megalocytivirus_pagrus1_ISKNV (identical to MW883601_Megalocytivirus_pagrus1_ISKNV) is ignored but added at the end
NOTE: MT986830_Megalocytivirus_pagrus1_ISKNV (identical to MW883601_Megalocytivirus_pagrus1_ISKNV) is ignored but added at the end
NOTE: PP151097_Megalocytivirus_pagrus1_ISKNV (identical to MW883601_Megalocytivirus_pagrus1_ISKNV) is ignored but added at the end
NOTE: OR536350_Megalocytivirus_pagrus1_ISKNV (identical to MW883601_Megalocytivirus_pagrus1_ISKNV) is ignored but added at the end
NOTE: ON212400_Megalocytivirus_pagrus1_ISKNV (identical to MW883601_Megalocytivirus_pagrus1_ISKNV) is ignored but added at the end
NOTE: MK689686_Megalocytivirus_pagrus1_RSIV (identical to MK098186_Megalocytivirus_pagrus1_RSIV) is ignored but added at the end
NOTE: MK098187_Megalocytivirus_pagrus1_RSIV (identical to MK098186_Megalocytivirus_pagrus1_RSIV) is ignored but added at the end
NOTE: MW883598_Megalocytivirus_pagrus1_RSIV (identical to MK098186_Megalocytivirus_pagrus1_RSIV) is ignored but added at the end
NOTE: KT804738_Megalocytivirus_pagrus1_RSIV (identical to MK098186_Megalocytivirus_pagrus1_RSIV) is ignored but added at the end
NOTE: OK042108_Megalocytivirus_pagrus1_RSIV (identical to MK098186_Megalocytivirus_pagrus1_RSIV) is ignored but added at the end
NOTE: MW139932_Megalocytivirus_pagrus1_RSIV (identical to MK098186_Megalocytivirus_pagrus1_RSIV) is ignored but added at the end
NOTE: OL774654_Megalocytivirus_pagrus1_RSIV (identical to MK098186_Megalocytivirus_pagrus1_RSIV) is ignored but added at the end
NOTE: OL774655_Megalocytivirus_pagrus1_RSIV (identical to MK098186_Megalocytivirus_pagrus1_RSIV) is ignored but added at the end
NOTE: MT798582_Megalocytivirus_pagrus1_RSIV (identical to MK098186_Megalocytivirus_pagrus1_RSIV) is ignored but added at the end
NOTE: BD143114_Megalocytivirus_pagrus1_RSIV (identical to MK098186_Megalocytivirus_pagrus1_RSIV) is ignored but added at the end
NOTE: AY894343_Megalocytivirus_pagrus1_RSIV (identical to MK098186_Megalocytivirus_pagrus1_RSIV) is ignored but added at the end
NOTE: ON075463_Megalocytivirus_pagrus1_RSIV (identical to MK098186_Megalocytivirus_pagrus1_RSIV) is ignored but added at the end
NOTE: AP017456_Megalocytivirus_pagrus1_RSIV (identical to MK098186_Megalocytivirus_pagrus1_RSIV) is ignored but added at the end
NOTE: OK042109_Megalocytivirus_pagrus1_RSIV (identical to MK098186_Megalocytivirus_pagrus1_RSIV) is ignored but added at the end
NOTE: MK098185_Megalocytivirus_pagrus1_RSIV (identical to MK098186_Megalocytivirus_pagrus1_RSIV) is ignored but added at the end
NOTE: KC244182_Megalocytivirus_pagrus1_RSIV (identical to MK098186_Megalocytivirus_pagrus1_RSIV) is ignored but added at the end
NOTE: OL774653_Megalocytivirus_pagrus1_RSIV (identical to MK098186_Megalocytivirus_pagrus1_RSIV) is ignored but added at the end
NOTE: AB104413_Megalocytivirus_pagrus1_RSIV (identical to MK098186_Megalocytivirus_pagrus1_RSIV) is ignored but added at the end
NOTE: ON743042_Megalocytivirus_pagrus1_RSIV (identical to MK098186_Megalocytivirus_pagrus1_RSIV) is ignored but added at the end
Alignment was printed to iqtree_species/OG0000021.fa.uniqueseq.phy

For your convenience alignment with unique sequences printed to iqtree_species/OG0000021.fa.uniqueseq.phy


Create initial parsimony tree by phylogenetic likelihood library (PLL)... 0.000 seconds
Perform fast likelihood tree search using LG+I+G model...
Estimate model parameters (epsilon = 5.000)
Perform nearest neighbor interchange...
Optimizing NNI: done in 0.00135803 secs using 99.92% CPU
Estimate model parameters (epsilon = 1.000)
1. Initial log-likelihood: -272.457
Optimal log-likelihood: -272.455
Proportion of invariable sites: 0.447
Gamma shape alpha: 998.446
Parameters optimization took 1 rounds (0.002 sec)
Time for fast ML tree search: 0.006 seconds

NOTE: ModelFinder requires 0 MB RAM!
ModelFinder will test up to 1320 protein models (sample size: 73) ...
 No. Model         -LnL         df  AIC          AICc         BIC
  1  Blosum62      269.246      15  568.493      576.914      602.850
  2  Blosum62+I    269.246      16  570.493      580.207      607.140
  3  Blosum62+G4   269.247      16  570.493      580.208      607.141
  4  Blosum62+I+G4 269.435      17  572.870      583.997      611.808
  5  Blosum62+R2   269.338      17  572.677      583.804      611.615
  6  Blosum62+R3   269.352      19  576.704      591.043      620.222
 14  Blosum62+I+R2 269.582      18  575.165      587.831      616.393
 15  Blosum62+I+R3 269.504      20  579.008      595.162      624.817
 23  Blosum62+F    255.057      34  578.115      640.746      655.990
 24  Blosum62+F+I  255.057      35  580.115      648.223      660.281
 25  Blosum62+F+G4 255.058      35  580.115      648.223      660.281
 26  Blosum62+F+I+G4 255.226      36  582.453      656.453      664.909
 27  Blosum62+F+R2 255.141      36  582.282      656.282      664.738
 45  cpREV         273.708      15  577.417      585.838      611.774
 46  cpREV+I       273.708      16  579.417      589.131      616.064
 47  cpREV+G4      273.708      16  579.417      589.131      616.064
 48  cpREV+I+G4    273.825      17  581.650      592.777      620.588
 49  cpREV+R2      273.768      17  581.537      592.664      620.475
 67  cpREV+F       254.315      34  576.629      639.261      654.505
 68  cpREV+F+I     254.315      35  578.629      646.738      658.795
 69  cpREV+F+G4    254.315      35  578.630      646.738      658.796
 70  cpREV+F+I+G4  254.391      36  580.782      654.782      663.239
 71  cpREV+F+R2    254.355      36  580.710      654.710      663.166
 89  Dayhoff       268.855      15  567.710      576.132      602.067
 90  Dayhoff+I     268.855      16  569.710      579.425      606.358
 91  Dayhoff+G4    268.855      16  569.711      579.425      606.358
 92  Dayhoff+I+G4  268.992      17  571.984      583.111      610.922
 93  Dayhoff+R2    268.924      17  571.848      582.976      610.786
111  Dayhoff+F     255.077      34  578.154      640.786      656.030
112  Dayhoff+F+I   255.077      35  580.154      648.262      660.320
113  Dayhoff+F+G4  255.077      35  580.155      648.263      660.321
114  Dayhoff+F+I+G4 255.177      36  582.354      656.354      664.810
115  Dayhoff+F+R2  255.129      36  582.257      656.257      664.714
133  DCMut         268.860      15  567.720      576.141      602.077
134  DCMut+I       268.860      16  569.720      579.435      606.368
135  DCMut+G4      268.860      16  569.721      579.435      606.368
136  DCMut+I+G4    268.997      17  571.995      583.122      610.933
137  DCMut+R2      268.929      17  571.859      582.986      610.797
155  DCMut+F       255.081      34  578.162      640.794      656.038
156  DCMut+F+I     255.081      35  580.162      648.270      660.328
157  DCMut+F+G4    255.081      35  580.162      648.270      660.328
158  DCMut+F+I+G4  255.181      36  582.363      656.363      664.819
159  DCMut+F+R2    255.133      36  582.266      656.266      664.722
WARNING: Normalizing state frequencies so that sum of them equals to 1
177  FLAVI         272.569      15  575.139      583.560      609.496
WARNING: Normalizing state frequencies so that sum of them equals to 1
178  FLAVI+I       272.001      16  576.003      585.717      612.650
WARNING: Normalizing state frequencies so that sum of them equals to 1
179  FLAVI+G4      271.996      16  575.993      585.707      612.640
WARNING: Normalizing state frequencies so that sum of them equals to 1
180  FLAVI+I+G4    271.992      17  577.985      589.112      616.922
WARNING: Normalizing state frequencies so that sum of them equals to 1
181  FLAVI+R2      272.282      17  578.564      589.691      617.502
WARNING: Normalizing state frequencies so that sum of them equals to 1
199  FLAVI+F       255.565      34  579.129      641.761      657.005
WARNING: Normalizing state frequencies so that sum of them equals to 1
200  FLAVI+F+I     254.722      35  579.444      647.553      659.611
WARNING: Normalizing state frequencies so that sum of them equals to 1
201  FLAVI+F+G4    254.720      35  579.440      647.548      659.606
WARNING: Normalizing state frequencies so that sum of them equals to 1
202  FLAVI+F+I+G4  254.698      36  581.397      655.397      663.853
WARNING: Normalizing state frequencies so that sum of them equals to 1
203  FLAVI+F+R2    255.213      36  582.426      656.426      664.882
221  FLU           269.641      15  569.282      577.703      603.639
222  FLU+I         269.641      16  571.282      580.996      607.929
223  FLU+G4        269.641      16  571.282      580.996      607.929
224  FLU+I+G4      269.732      17  573.464      584.591      612.402
225  FLU+R2        269.688      17  573.376      584.503      612.314
243  FLU+F         254.309      34  576.618      639.249      654.493
244  FLU+F+I       254.309      35  578.618      646.726      658.784
245  FLU+F+G4      254.309      35  578.618      646.726      658.784
246  FLU+F+I+G4    254.360      36  580.719      654.719      663.176
247  FLU+F+R2      254.335      36  580.670      654.670      663.126
265  HIVb          271.631      15  573.263      581.684      607.620
266  HIVb+I        270.997      16  573.993      583.708      610.641
267  HIVb+G4       270.999      16  573.997      583.712      610.645
268  HIVb+I+G4     271.015      17  576.031      587.158      614.969
269  HIVb+R2       271.376      17  576.752      587.879      615.689
287  HIVb+F        256.035      34  580.069      642.701      657.945
288  HIVb+F+I      255.252      35  580.504      648.613      660.671
289  HIVb+F+G4     255.253      35  580.507      648.615      660.673
290  HIVb+F+I+G4   255.248      36  582.496      656.496      664.953
291  HIVb+F+R2     255.745      36  583.490      657.490      665.946
309  HIVw          272.741      15  575.482      583.903      609.839
310  HIVw+I        272.074      16  576.147      585.861      612.795
311  HIVw+G4       272.078      16  576.157      585.871      612.804
312  HIVw+I+G4     272.097      17  578.193      589.321      617.131
313  HIVw+R2       272.451      17  578.902      590.030      617.840
331  HIVw+F        253.803      34  575.606      638.238      653.482
332  HIVw+F+I      253.118      35  576.235      644.343      656.401
333  HIVw+F+G4     253.118      35  576.237      644.345      656.403
334  HIVw+F+I+G4   253.123      36  578.246      652.246      660.702
335  HIVw+F+R2     253.502      36  579.003      653.003      661.460
353  JTT           266.485      15  562.971      571.392      597.328
354  JTT+I         266.485      16  564.971      574.685      601.618
355  JTT+G4        266.486      16  564.971      574.686      601.619
356  JTT+I+G4      266.664      17  567.328      578.455      606.265
357  JTT+R2        266.573      17  567.146      578.273      606.084
375  JTT+F         252.799      34  573.598      636.230      651.474
376  JTT+F+I       252.799      35  575.598      643.706      655.764
377  JTT+F+G4      252.799      35  575.598      643.707      655.765
378  JTT+F+I+G4    252.947      36  577.894      651.894      660.350
379  JTT+F+R2      252.873      36  577.746      651.746      660.202
397  JTTDCMut      266.311      15  562.621      571.042      596.978
398  JTTDCMut+I    266.311      16  564.621      574.335      601.269
399  JTTDCMut+G4   266.311      16  564.622      574.336      601.269
400  JTTDCMut+I+G4 266.489      17  566.979      578.106      605.916
401  JTTDCMut+R2   266.398      17  566.796      577.924      605.734
419  JTTDCMut+F    252.726      34  573.452      636.083      651.327
420  JTTDCMut+F+I  252.726      35  575.452      643.560      655.618
421  JTTDCMut+F+G4 252.726      35  575.452      643.560      655.618
422  JTTDCMut+F+I+G4 252.875      36  577.750      651.750      660.206
423  JTTDCMut+F+R2 252.800      36  577.601      651.601      660.057
441  LG            272.326      15  574.652      583.073      609.009
442  LG+I          272.326      16  576.652      586.366      613.299
443  LG+G4         272.326      16  576.652      586.366      613.299
444  LG+I+G4       272.454      17  578.909      590.036      617.847
445  LG+R2         272.392      17  578.783      589.911      617.721
463  LG+F          256.553      34  581.107      643.738      658.982
464  LG+F+I        256.553      35  583.107      651.215      663.273
465  LG+F+G4       256.554      35  583.107      651.215      663.273
466  LG+F+I+G4     256.646      36  585.291      659.291      667.748
467  LG+F+R2       256.602      36  585.203      659.203      667.660
485  mtART         294.172      15  618.343      626.764      652.700
486  mtART+I       293.869      16  619.739      629.453      656.386
487  mtART+G4      293.868      16  619.736      629.451      656.384
488  mtART+I+G4    293.953      17  621.905      633.032      660.843
489  mtART+R2      294.098      17  622.196      633.323      661.134
507  mtART+F       258.530      34  585.061      647.692      662.936
508  mtART+F+I     258.351      35  586.703      654.811      666.869
509  mtART+F+G4    258.364      35  586.727      654.835      666.893
510  mtART+F+I+G4  258.398      36  588.796      662.796      671.252
511  mtART+F+R2    258.485      36  588.969      662.969      671.426
529  mtMAM         289.521      15  609.043      617.464      643.399
530  mtMAM+I       288.469      16  608.938      618.652      645.585
531  mtMAM+G4      288.469      16  608.938      618.652      645.585
532  mtMAM+I+G4    288.599      17  611.198      622.325      650.136
533  mtMAM+R2      289.134      17  612.268      623.395      651.206
551  mtMAM+F       255.928      34  579.855      642.487      657.731
552  mtMAM+F+I     255.033      35  580.067      648.175      660.233
553  mtMAM+F+G4    255.033      35  580.067      648.175      660.233
554  mtMAM+F+I+G4  255.105      36  582.210      656.210      664.666
555  mtMAM+F+R2    255.582      36  583.164      657.164      665.620
573  mtREV         286.785      15  603.570      611.991      637.927
574  mtREV+I       286.785      16  605.570      615.284      642.217
575  mtREV+G4      286.785      16  605.570      615.284      642.217
576  mtREV+I+G4    286.829      17  607.657      618.784      646.595
577  mtREV+R2      286.809      17  607.617      618.744      646.555
595  mtREV+F       253.500      34  575.000      637.631      652.875
596  mtREV+F+I     253.500      35  577.000      645.108      657.166
597  mtREV+F+G4    253.500      35  577.000      645.108      657.166
598  mtREV+F+I+G4  253.557      36  579.114      653.114      661.570
599  mtREV+F+R2    253.530      36  579.060      653.060      661.516
617  mtZOA         290.110      15  610.219      618.640      644.576
618  mtZOA+I       290.095      16  612.190      621.905      648.838
619  mtZOA+G4      290.104      16  612.208      621.922      648.855
620  mtZOA+I+G4    290.095      17  614.190      625.318      653.128
621  mtZOA+R2      290.102      17  614.204      625.331      653.142
639  mtZOA+F       257.431      34  582.861      645.493      660.737
640  mtZOA+F+I     257.412      35  584.824      652.932      664.990
641  mtZOA+F+G4    257.419      35  584.838      652.946      665.004
642  mtZOA+F+I+G4  257.413      36  586.826      660.826      669.283
643  mtZOA+F+R2    257.420      36  586.841      660.841      669.297
661  mtMet         288.450      15  606.901      615.322      641.257
662  mtMet+I       288.450      16  608.900      618.614      645.547
663  mtMet+G4      288.452      16  608.903      618.618      645.551
664  mtMet+I+G4    288.458      17  610.916      622.044      649.854
665  mtMet+R2      288.453      17  610.906      622.034      649.844
683  mtMet+F       254.392      34  576.785      639.416      654.661
684  mtMet+F+I     254.391      35  578.781      646.889      658.947
685  mtMet+F+G4    254.392      35  578.783      646.891      658.949
686  mtMet+F+I+G4  254.396      36  580.792      654.792      663.248
687  mtMet+F+R2    254.391      36  580.783      654.783      663.239
705  mtVer         288.075      15  606.150      614.571      640.507
706  mtVer+I       288.036      16  608.071      617.785      644.718
707  mtVer+G4      288.049      16  608.097      617.812      644.745
708  mtVer+I+G4    288.037      17  610.075      621.202      649.012
709  mtVer+R2      288.052      17  610.104      621.231      649.041
727  mtVer+F       254.308      34  576.616      639.248      654.492
728  mtVer+F+I     254.299      35  578.599      646.707      658.765
729  mtVer+F+G4    254.302      35  578.604      646.713      658.771
730  mtVer+F+I+G4  254.300      36  580.600      654.600      663.056
731  mtVer+F+R2    254.301      36  580.602      654.602      663.059
749  mtInv         294.004      15  618.008      626.429      652.365
750  mtInv+I       294.004      16  620.008      629.722      656.655
751  mtInv+G4      294.004      16  620.008      629.722      656.656
752  mtInv+I+G4    294.108      17  622.216      633.343      661.153
753  mtInv+R2      294.058      17  622.115      633.242      661.053
771  mtInv+F       254.757      34  577.514      640.146      655.390
772  mtInv+F+I     254.757      35  579.514      647.622      659.680
773  mtInv+F+G4    254.757      35  579.514      647.622      659.680
774  mtInv+F+I+G4  254.847      36  581.695      655.695      664.151
775  mtInv+F+R2    254.804      36  581.608      655.608      664.064
793  PMB           267.977      15  565.955      574.376      600.311
794  PMB+I         267.977      16  567.955      577.669      604.602
795  PMB+G4        267.977      16  567.955      577.669      604.602
796  PMB+I+G4      268.168      17  570.336      581.464      609.274
797  PMB+R2        268.070      17  570.141      581.268      609.079
815  PMB+F         254.852      34  577.705      640.336      655.580
816  PMB+F+I       254.852      35  579.705      647.813      659.871
817  PMB+F+G4      254.852      35  579.705      647.813      659.871
818  PMB+F+I+G4    255.029      36  582.057      656.057      664.514
819  PMB+F+R2      254.939      36  581.878      655.878      664.335
WARNING: Normalizing state frequencies so that sum of them equals to 1
837  Q.bird        266.954      15  563.909      572.330      598.266
WARNING: Normalizing state frequencies so that sum of them equals to 1
838  Q.bird+I      266.954      16  565.909      575.623      602.556
WARNING: Normalizing state frequencies so that sum of them equals to 1
839  Q.bird+G4     266.955      16  565.909      575.623      602.556
WARNING: Normalizing state frequencies so that sum of them equals to 1
840  Q.bird+I+G4   267.016      17  568.033      579.160      606.971
WARNING: Normalizing state frequencies so that sum of them equals to 1
841  Q.bird+R2     266.984      17  567.969      579.096      606.906
WARNING: Normalizing state frequencies so that sum of them equals to 1
859  Q.bird+F      252.899      34  573.799      636.431      651.675
WARNING: Normalizing state frequencies so that sum of them equals to 1
860  Q.bird+F+I    252.876      35  575.752      643.861      655.918
WARNING: Normalizing state frequencies so that sum of them equals to 1
861  Q.bird+F+G4   252.882      35  575.765      643.873      655.931
WARNING: Normalizing state frequencies so that sum of them equals to 1
862  Q.bird+F+I+G4 252.877      36  577.754      651.754      660.211
WARNING: Normalizing state frequencies so that sum of them equals to 1
863  Q.bird+F+R2   252.881      36  577.762      651.762      660.219
881  Q.insect      271.466      15  572.933      581.354      607.290
882  Q.insect+I    271.466      16  574.933      584.647      611.580
883  Q.insect+G4   271.467      16  574.933      584.648      611.581
884  Q.insect+I+G4 271.633      17  577.266      588.393      616.204
885  Q.insect+R2   271.549      17  577.099      588.226      616.036
903  Q.insect+F    255.269      34  578.538      641.170      656.414
904  Q.insect+F+I  255.269      35  580.538      648.646      660.704
905  Q.insect+F+G4 255.269      35  580.539      648.647      660.705
906  Q.insect+F+I+G4 255.390      36  582.780      656.780      665.237
907  Q.insect+F+R2 255.331      36  582.663      656.663      665.119
WARNING: Normalizing state frequencies so that sum of them equals to 1
925  Q.mammal      266.732      15  563.463      571.884      597.820
WARNING: Normalizing state frequencies so that sum of them equals to 1
926  Q.mammal+I    266.732      16  565.463      575.178      602.111
WARNING: Normalizing state frequencies so that sum of them equals to 1
927  Q.mammal+G4   266.732      16  565.464      575.178      602.111
WARNING: Normalizing state frequencies so that sum of them equals to 1
928  Q.mammal+I+G4 266.909      17  567.817      578.945      606.755
WARNING: Normalizing state frequencies so that sum of them equals to 1
929  Q.mammal+R2   266.818      17  567.637      578.764      606.575
WARNING: Normalizing state frequencies so that sum of them equals to 1
947  Q.mammal+F    252.440      34  572.880      635.512      650.756
WARNING: Normalizing state frequencies so that sum of them equals to 1
948  Q.mammal+F+I  252.440      35  574.880      642.989      655.047
WARNING: Normalizing state frequencies so that sum of them equals to 1
949  Q.mammal+F+G4 252.440      35  574.881      642.989      655.047
WARNING: Normalizing state frequencies so that sum of them equals to 1
950  Q.mammal+F+I+G4 252.569      36  577.138      651.138      659.594
WARNING: Normalizing state frequencies so that sum of them equals to 1
951  Q.mammal+F+R2 252.505      36  577.010      651.010      659.467
WARNING: Normalizing state frequencies so that sum of them equals to 1
969  Q.pfam        272.567      15  575.133      583.555      609.490
WARNING: Normalizing state frequencies so that sum of them equals to 1
970  Q.pfam+I      272.567      16  577.133      586.848      613.781
WARNING: Normalizing state frequencies so that sum of them equals to 1
971  Q.pfam+G4     272.567      16  577.134      586.848      613.781
WARNING: Normalizing state frequencies so that sum of them equals to 1
972  Q.pfam+I+G4   272.716      17  579.432      590.559      618.370
WARNING: Normalizing state frequencies so that sum of them equals to 1
973  Q.pfam+R2     272.642      17  579.284      590.411      618.222
WARNING: Normalizing state frequencies so that sum of them equals to 1
991  Q.pfam+F      255.975      34  579.951      642.582      657.826
WARNING: Normalizing state frequencies so that sum of them equals to 1
992  Q.pfam+F+I    255.975      35  581.951      650.059      662.117
WARNING: Normalizing state frequencies so that sum of them equals to 1
993  Q.pfam+F+G4   255.976      35  581.951      650.059      662.117
WARNING: Normalizing state frequencies so that sum of them equals to 1
994  Q.pfam+F+I+G4 256.103      36  584.205      658.205      666.662
WARNING: Normalizing state frequencies so that sum of them equals to 1
995  Q.pfam+F+R2   256.041      36  584.081      658.081      666.538
WARNING: Normalizing state frequencies so that sum of them equals to 1
1013  Q.plant       272.933      15  575.866      584.287      610.223
WARNING: Normalizing state frequencies so that sum of them equals to 1
1014  Q.plant+I     272.933      16  577.866      587.580      614.513
WARNING: Normalizing state frequencies so that sum of them equals to 1
1015  Q.plant+G4    272.933      16  577.866      587.580      614.513
WARNING: Normalizing state frequencies so that sum of them equals to 1
1016  Q.plant+I+G4  273.015      17  580.030      591.157      618.968
WARNING: Normalizing state frequencies so that sum of them equals to 1
1017  Q.plant+R2    272.975      17  579.951      591.078      618.889
WARNING: Normalizing state frequencies so that sum of them equals to 1
1035  Q.plant+F     254.777      34  577.553      640.185      655.429
WARNING: Normalizing state frequencies so that sum of them equals to 1
1036  Q.plant+F+I   254.773      35  579.547      647.655      659.713
WARNING: Normalizing state frequencies so that sum of them equals to 1
1037  Q.plant+F+G4  254.775      35  579.551      647.659      659.717
WARNING: Normalizing state frequencies so that sum of them equals to 1
1038  Q.plant+F+I+G4 254.777      36  581.553      655.553      664.010
WARNING: Normalizing state frequencies so that sum of them equals to 1
1039  Q.plant+F+R2  254.774      36  581.549      655.549      664.005
WARNING: Normalizing state frequencies so that sum of them equals to 1
1057  Q.yeast       277.458      15  584.916      593.337      619.273
WARNING: Normalizing state frequencies so that sum of them equals to 1
1058  Q.yeast+I     277.458      16  586.916      596.630      623.563
WARNING: Normalizing state frequencies so that sum of them equals to 1
1059  Q.yeast+G4    277.458      16  586.916      596.631      623.564
WARNING: Normalizing state frequencies so that sum of them equals to 1
1060  Q.yeast+I+G4  277.598      17  589.196      600.324      628.134
WARNING: Normalizing state frequencies so that sum of them equals to 1
1061  Q.yeast+R2    277.529      17  589.058      600.185      627.996
WARNING: Normalizing state frequencies so that sum of them equals to 1
1079  Q.yeast+F     256.906      34  581.813      644.444      659.688
WARNING: Normalizing state frequencies so that sum of them equals to 1
1080  Q.yeast+F+I   256.906      35  583.813      651.921      663.979
WARNING: Normalizing state frequencies so that sum of them equals to 1
1081  Q.yeast+F+G4  256.906      35  583.813      651.921      663.979
WARNING: Normalizing state frequencies so that sum of them equals to 1
1082  Q.yeast+F+I+G4 257.003      36  586.006      660.006      668.462
WARNING: Normalizing state frequencies so that sum of them equals to 1
1083  Q.yeast+F+R2  256.956      36  585.913      659.913      668.370
1101  rtREV         277.750      15  585.500      593.922      619.857
1102  rtREV+I       277.433      16  586.867      596.581      623.514
1103  rtREV+G4      277.449      16  586.897      596.611      623.544
1104  rtREV+I+G4    277.476      17  588.952      600.079      627.889
1105  rtREV+R2      277.628      17  589.256      600.384      628.194
1123  rtREV+F       259.580      34  587.161      649.792      665.036
1124  rtREV+F+I     259.222      35  588.445      656.553      668.611
1125  rtREV+F+G4    259.228      35  588.456      656.564      668.622
1126  rtREV+F+I+G4  259.252      36  590.504      664.504      672.960
1127  rtREV+F+R2    259.453      36  590.905      664.905      673.362
1145  VT            269.874      15  569.747      578.168      604.104
1146  VT+I          269.874      16  571.747      581.462      608.395
1147  VT+G4         269.874      16  571.748      581.462      608.395
1148  VT+I+G4       270.061      17  574.121      585.249      613.059
1149  VT+R2         269.965      17  573.930      585.058      612.868
1167  VT+F          254.344      34  576.689      639.320      654.564
1168  VT+F+I        254.344      35  578.689      646.797      658.855
1169  VT+F+G4       254.345      35  578.689      646.797      658.855
1170  VT+F+I+G4     254.513      36  581.025      655.025      663.482
1171  VT+F+R2       254.428      36  580.855      654.855      663.312
1189  WAG           268.510      15  567.021      575.442      601.377
1190  WAG+I         268.510      16  569.021      578.735      605.668
1191  WAG+G4        268.510      16  569.021      578.735      605.668
1192  WAG+I+G4      268.687      17  571.375      582.502      610.312
1193  WAG+R2        268.597      17  571.194      582.322      610.132
1211  WAG+F         254.295      34  576.591      639.222      654.466
1212  WAG+F+I       254.295      35  578.591      646.699      658.757
1213  WAG+F+G4      254.295      35  578.591      646.699      658.757
1214  WAG+F+I+G4    254.447      36  580.894      654.894      663.351
1215  WAG+F+R2      254.371      36  580.742      654.742      663.199
Reading model parameters from file Q.iridoviridae
1233  Q.iridoviridae 269.265      15  568.530      576.951      602.887
Reading model parameters from file Q.iridoviridae
1234  Q.iridoviridae+I 269.265      16  570.530      580.244      607.177
Reading model parameters from file Q.iridoviridae
1235  Q.iridoviridae+G4 269.265      16  570.530      580.244      607.178
Reading model parameters from file Q.iridoviridae
1236  Q.iridoviridae+I+G4 269.438      17  572.876      584.003      611.814
Reading model parameters from file Q.iridoviridae
1237  Q.iridoviridae+R2 269.350      17  572.700      583.828      611.638
Reading model parameters from file Q.iridoviridae
1255  Q.iridoviridae+F 255.382      34  578.764      641.396      656.640
Reading model parameters from file Q.iridoviridae
1256  Q.iridoviridae+F+I 255.382      35  580.764      648.872      660.930
Reading model parameters from file Q.iridoviridae
1257  Q.iridoviridae+F+G4 255.382      35  580.764      648.873      660.931
Reading model parameters from file Q.iridoviridae
1258  Q.iridoviridae+F+I+G4 255.524      36  583.047      657.047      665.504
Reading model parameters from file Q.iridoviridae
1259  Q.iridoviridae+F+R2 255.453      36  582.906      656.906      665.363
Reading model parameters from file Q.mcv
WARNING: Normalizing state frequencies so that sum of them equals to 1
1277  Q.mcv         265.067      15  560.134      568.555      594.491
Reading model parameters from file Q.mcv
WARNING: Normalizing state frequencies so that sum of them equals to 1
1278  Q.mcv+I       265.067      16  562.134      571.848      598.782
Reading model parameters from file Q.mcv
WARNING: Normalizing state frequencies so that sum of them equals to 1
1279  Q.mcv+G4      265.067      16  562.134      571.849      598.782
Reading model parameters from file Q.mcv
WARNING: Normalizing state frequencies so that sum of them equals to 1
1280  Q.mcv+I+G4    265.202      17  564.403      575.530      603.341
Reading model parameters from file Q.mcv
WARNING: Normalizing state frequencies so that sum of them equals to 1
1281  Q.mcv+R2      265.134      17  564.269      575.396      603.206
Reading model parameters from file Q.mcv
WARNING: Normalizing state frequencies so that sum of them equals to 1
1299  Q.mcv+F       254.591      34  577.183      639.815      655.059
Reading model parameters from file Q.mcv
WARNING: Normalizing state frequencies so that sum of them equals to 1
1300  Q.mcv+F+I     254.591      35  579.183      647.291      659.349
Reading model parameters from file Q.mcv
WARNING: Normalizing state frequencies so that sum of them equals to 1
1301  Q.mcv+F+G4    254.592      35  579.183      647.291      659.349
Reading model parameters from file Q.mcv
WARNING: Normalizing state frequencies so that sum of them equals to 1
1302  Q.mcv+F+I+G4  254.687      36  581.373      655.373      663.830
Reading model parameters from file Q.mcv
WARNING: Normalizing state frequencies so that sum of them equals to 1
1303  Q.mcv+F+R2    254.640      36  581.279      655.279      663.736
Akaike Information Criterion:           Q.mcv
Corrected Akaike Information Criterion: Q.mcv
Bayesian Information Criterion:         Q.mcv
Best-fit model: Q.mcv chosen according to BIC

All model information printed to iqtree_species/OG0000021.fa.model.gz
CPU time for ModelFinder: 0.646 seconds (0h:0m:0s)
Wall-clock time for ModelFinder: 0.660 seconds (0h:0m:0s)
WARNING: States(s) H, W rarely appear in alignment and may cause numerical problems
Generating 1000 samples for ultrafast bootstrap (seed: 240711)...
Reading model parameters from file Q.mcv
WARNING: Normalizing state frequencies so that sum of them equals to 1

NOTE: 0 MB RAM (0 GB) is required!
Estimate model parameters (epsilon = 0.100)
1. Initial log-likelihood: -265.067
Optimal log-likelihood: -265.067
Parameters optimization took 1 rounds (0.000 sec)
Wrote distance file to... 
Computing ML distances based on estimated model parameters...
Calculating distance matrix: done in 0.00159693 secs using 98.81% CPU
Computing ML distances took 0.001616 sec (of wall-clock time) 0.001598 sec (of CPU time)
Setting up auxiliary I and S matrices: done in 2.90871e-05 secs using 96.26% CPU
Constructing RapidNJ tree: done in 2.69413e-05 secs using 96.51% CPU
Computing RapidNJ tree took 0.000086 sec (of wall-clock time) 0.000084 sec (of CPU time)
Log-likelihood of RapidNJ tree: -265.068
--------------------------------------------------------------------
|             INITIALIZING CANDIDATE TREE SET                      |
--------------------------------------------------------------------
Generating 98 parsimony trees... 0.011 second
Computing log-likelihood of 97 initial trees ... 0.013 seconds
Current best score: -265.067

Do NNI search on 20 best initial trees
Optimizing NNI: done in 0.000688791 secs using 195.1% CPU
Estimate model parameters (epsilon = 0.100)
BETTER TREE FOUND at iteration 1: -265.067
Optimizing NNI: done in 0.000662088 secs using 195.4% CPU
BETTER TREE FOUND at iteration 2: -265.067
Optimizing NNI: done in 0.000658035 secs using 196.2% CPU
Optimizing NNI: done in 0.000648022 secs using 195.4% CPU
Optimizing NNI: done in 0.000651121 secs using 199.5% CPU
Optimizing NNI: done in 0.00064683 secs using 200.1% CPU
Optimizing NNI: done in 0.000639915 secs using 200.2% CPU
Optimizing NNI: done in 0.000643015 secs using 199.7% CPU
Optimizing NNI: done in 0.00064683 secs using 200.2% CPU
Optimizing NNI: done in 0.000643015 secs using 199.8% CPU
Iteration 10 / LogL: -265.067 / Time: 0h:0m:0s
Optimizing NNI: done in 0.000560999 secs using 200.2% CPU
Optimizing NNI: done in 0.000617981 secs using 199.5% CPU
Optimizing NNI: done in 0.000620842 secs using 200.1% CPU
UPDATE BEST LOG-LIKELIHOOD: -265.067
Optimizing NNI: done in 0.000627995 secs using 200.2% CPU
Optimizing NNI: done in 0.000626087 secs using 199.2% CPU
Optimizing NNI: done in 0.000637054 secs using 200.6% CPU
Optimizing NNI: done in 0.000634909 secs using 199.9% CPU
Optimizing NNI: done in 0.000631094 secs using 200.4% CPU
Optimizing NNI: done in 0.000620127 secs using 199% CPU
Optimizing NNI: done in 0.000622034 secs using 201% CPU
Iteration 20 / LogL: -265.067 / Time: 0h:0m:0s
Finish initializing candidate tree set (9)
Current best tree score: -265.067 / CPU time: 0.041
Number of iterations: 20
--------------------------------------------------------------------
|               OPTIMIZING CANDIDATE TREE SET                      |
--------------------------------------------------------------------
Optimizing NNI: done in 0.000639915 secs using 194.9% CPU
Optimizing NNI: done in 0.000618935 secs using 199.4% CPU
Optimizing NNI: done in 0.000633001 secs using 200.6% CPU
Optimizing NNI: done in 0.00171423 secs using 199.8% CPU
Optimizing NNI: done in 0.00102806 secs using 200.3% CPU
Optimizing NNI: done in 0.0017221 secs using 200.2% CPU
Optimizing NNI: done in 0.000624895 secs using 199.4% CPU
BETTER TREE FOUND at iteration 27: -265.067
Optimizing NNI: done in 0.000637054 secs using 199.4% CPU
Optimizing NNI: done in 0.000660896 secs using 200.2% CPU
Optimizing NNI: done in 0.00113201 secs using 199.8% CPU
Iteration 30 / LogL: -265.067 / Time: 0h:0m:0s (0h:0m:0s left)
Optimizing NNI: done in 0.00100708 secs using 199.8% CPU
Optimizing NNI: done in 0.00114799 secs using 200.2% CPU
Optimizing NNI: done in 0.00148916 secs using 199.8% CPU
Optimizing NNI: done in 0.00106215 secs using 200.1% CPU
Optimizing NNI: done in 0.000636816 secs using 199.7% CPU
Optimizing NNI: done in 0.00176001 secs using 199.9% CPU
Optimizing NNI: done in 0.000622034 secs using 200% CPU
Optimizing NNI: done in 0.00166893 secs using 200.3% CPU
Optimizing NNI: done in 0.00226402 secs using 199.8% CPU
Optimizing NNI: done in 0.000627041 secs using 200.3% CPU
Iteration 40 / LogL: -265.067 / Time: 0h:0m:0s (0h:0m:0s left)
Optimizing NNI: done in 0.00112104 secs using 199.6% CPU
Optimizing NNI: done in 0.00118804 secs using 199.6% CPU
Optimizing NNI: done in 0.000618935 secs using 199.4% CPU
Optimizing NNI: done in 0.00222206 secs using 199.9% CPU
Optimizing NNI: done in 0.00168204 secs using 199.9% CPU
Optimizing NNI: done in 0.000627995 secs using 199.5% CPU
Optimizing NNI: done in 0.00162697 secs using 199.9% CPU
Optimizing NNI: done in 0.00221705 secs using 200.2% CPU
Optimizing NNI: done in 0.00061202 secs using 199.3% CPU
Optimizing NNI: done in 0.000625849 secs using 199.4% CPU
Iteration 50 / LogL: -265.067 / Time: 0h:0m:0s (0h:0m:0s left)
Log-likelihood cutoff on original alignment: -287.050
Optimizing NNI: done in 0.00161409 secs using 197.2% CPU
Optimizing NNI: done in 0.000628948 secs using 199.7% CPU
Optimizing NNI: done in 0.00103712 secs using 200.1% CPU
Optimizing NNI: done in 0.000628948 secs using 199.9% CPU
Optimizing NNI: done in 0.00251007 secs using 200.2% CPU
Optimizing NNI: done in 0.00178909 secs using 200.3% CPU
Optimizing NNI: done in 0.00233388 secs using 32.09% CPU
Optimizing NNI: done in 0.00166488 secs using 200% CPU
Optimizing NNI: done in 0.000629902 secs using 200.5% CPU
Optimizing NNI: done in 0.00208092 secs using 200.1% CPU
Iteration 60 / LogL: -265.067 / Time: 0h:0m:0s (0h:0m:0s left)
Optimizing NNI: done in 0.000617981 secs using 200.5% CPU
Optimizing NNI: done in 0.000640869 secs using 200.2% CPU
Optimizing NNI: done in 0.00153112 secs using 199.7% CPU
Optimizing NNI: done in 0.000619888 secs using 200.4% CPU
Optimizing NNI: done in 0.000555992 secs using 200.2% CPU
UPDATE BEST LOG-LIKELIHOOD: -265.067
Optimizing NNI: done in 0.00112987 secs using 100% CPU
Optimizing NNI: done in 0.00103688 secs using 100% CPU
Optimizing NNI: done in 0.000623941 secs using 100% CPU
Optimizing NNI: done in 0.00174379 secs using 100% CPU
Optimizing NNI: done in 0.000638008 secs using 100% CPU
Iteration 70 / LogL: -265.067 / Time: 0h:0m:0s (0h:0m:0s left)
Optimizing NNI: done in 0.00102305 secs using 100.1% CPU
Optimizing NNI: done in 0.00104618 secs using 99.98% CPU
Optimizing NNI: done in 0.00209808 secs using 100% CPU
Optimizing NNI: done in 0.00115204 secs using 100% CPU
Optimizing NNI: done in 0.000624895 secs using 99.86% CPU
Optimizing NNI: done in 0.00113797 secs using 100% CPU
Optimizing NNI: done in 0.000619173 secs using 99.97% CPU
Optimizing NNI: done in 0.0014801 secs using 99.99% CPU
Optimizing NNI: done in 0.00230503 secs using 99.96% CPU
Optimizing NNI: done in 0.00104189 secs using 100.1% CPU
Iteration 80 / LogL: -265.067 / Time: 0h:0m:0s (0h:0m:0s left)
Optimizing NNI: done in 0.000989914 secs using 100% CPU
Optimizing NNI: done in 0.000618935 secs using 100% CPU
Optimizing NNI: done in 0.00102901 secs using 100% CPU
Optimizing NNI: done in 0.00177908 secs using 100% CPU
Optimizing NNI: done in 0.00061512 secs using 99.98% CPU
Optimizing NNI: done in 0.00163293 secs using 100% CPU
Optimizing NNI: done in 0.000640154 secs using 99.82% CPU
Optimizing NNI: done in 0.000620127 secs using 99.98% CPU
Optimizing NNI: done in 0.00101399 secs using 100% CPU
Optimizing NNI: done in 0.00202894 secs using 99.95% CPU
Iteration 90 / LogL: -265.067 / Time: 0h:0m:0s (0h:0m:0s left)
Optimizing NNI: done in 0.000634193 secs using 100.1% CPU
Optimizing NNI: done in 0.00104094 secs using 99.91% CPU
Optimizing NNI: done in 0.00156498 secs using 100% CPU
Optimizing NNI: done in 0.00109386 secs using 99.92% CPU
Optimizing NNI: done in 0.000616074 secs using 99.83% CPU
Optimizing NNI: done in 0.00154114 secs using 100.1% CPU
Optimizing NNI: done in 0.000617981 secs using 99.84% CPU
Optimizing NNI: done in 0.000619888 secs using 100% CPU
Optimizing NNI: done in 0.001544 secs using 100% CPU
Optimizing NNI: done in 0.000610113 secs using 99.98% CPU
Iteration 100 / LogL: -265.067 / Time: 0h:0m:0s (0h:0m:0s left)
Log-likelihood cutoff on original alignment: -287.050
NOTE: Bootstrap correlation coefficient of split occurrence frequencies: 0.896
NOTE: UFBoot does not converge, continue at least 100 more iterations
Optimizing NNI: done in 0.000624895 secs using 100% CPU
Optimizing NNI: done in 0.00165987 secs using 100% CPU
Optimizing NNI: done in 0.00103283 secs using 100% CPU
Optimizing NNI: done in 0.000619888 secs using 100% CPU
Optimizing NNI: done in 0.00156498 secs using 100% CPU
Optimizing NNI: done in 0.00155497 secs using 100% CPU
Optimizing NNI: done in 0.00102115 secs using 99.99% CPU
Optimizing NNI: done in 0.000622988 secs using 100.2% CPU
Optimizing NNI: done in 0.00153422 secs using 99.99% CPU
Optimizing NNI: done in 0.000622988 secs using 100% CPU
Iteration 110 / LogL: -265.067 / Time: 0h:0m:0s (0h:0m:0s left)
Optimizing NNI: done in 0.00102401 secs using 100% CPU
Optimizing NNI: done in 0.00227499 secs using 99.96% CPU
Optimizing NNI: done in 0.000607014 secs using 100% CPU
Optimizing NNI: done in 0.00158501 secs using 100% CPU
Optimizing NNI: done in 0.00229788 secs using 100% CPU
Optimizing NNI: done in 0.00103498 secs using 99.91% CPU
Optimizing NNI: done in 0.000634909 secs using 98.75% CPU
Optimizing NNI: done in 0.00208402 secs using 99.95% CPU
Optimizing NNI: done in 0.00111222 secs using 99.98% CPU
Optimizing NNI: done in 0.00235605 secs using 100% CPU
Iteration 120 / LogL: -265.067 / Time: 0h:0m:0s (0h:0m:0s left)
Optimizing NNI: done in 0.00114512 secs using 99.99% CPU
Optimizing NNI: done in 0.00153184 secs using 100.1% CPU
Optimizing NNI: done in 0.00061512 secs using 99.98% CPU
Optimizing NNI: done in 0.00101209 secs using 99.89% CPU
Optimizing NNI: done in 0.00117803 secs using 100% CPU
Optimizing NNI: done in 0.00109196 secs using 99.91% CPU
Optimizing NNI: done in 0.000613928 secs using 99.85% CPU
Optimizing NNI: done in 0.000613928 secs using 100.2% CPU
Optimizing NNI: done in 0.00152802 secs using 100.1% CPU
Optimizing NNI: done in 0.00226998 secs using 100% CPU
Iteration 130 / LogL: -265.067 / Time: 0h:0m:0s (0h:0m:0s left)
Optimizing NNI: done in 0.00153303 secs using 99.93% CPU
Optimizing NNI: done in 0.00103593 secs using 99.91% CPU
Optimizing NNI: done in 0.00166297 secs using 99.94% CPU
Optimizing NNI: done in 0.000624895 secs using 100% CPU
Optimizing NNI: done in 0.000590086 secs using 99.99% CPU
Optimizing NNI: done in 0.00165391 secs using 100% CPU
Optimizing NNI: done in 0.00111914 secs using 99.9% CPU
Optimizing NNI: done in 0.00236893 secs using 100% CPU
Optimizing NNI: done in 0.00124002 secs using 100.1% CPU
Optimizing NNI: done in 0.00063014 secs using 99.82% CPU
Iteration 140 / LogL: -265.067 / Time: 0h:0m:0s (0h:0m:0s left)
Optimizing NNI: done in 0.000620842 secs using 99.86% CPU
Optimizing NNI: done in 0.000967979 secs using 100% CPU
Optimizing NNI: done in 0.0016818 secs using 100.1% CPU
Optimizing NNI: done in 0.00169396 secs using 100% CPU
Optimizing NNI: done in 0.000612974 secs using 100% CPU
Optimizing NNI: done in 0.00232816 secs using 99.99% CPU
Optimizing NNI: done in 0.00110197 secs using 100% CPU
Optimizing NNI: done in 0.00113106 secs using 99.99% CPU
Optimizing NNI: done in 0.000622988 secs using 99.84% CPU
Optimizing NNI: done in 0.00169492 secs using 100% CPU
Iteration 150 / LogL: -265.068 / Time: 0h:0m:0s (0h:0m:0s left)
Log-likelihood cutoff on original alignment: -290.020
Optimizing NNI: done in 0.00170302 secs using 99.94% CPU
Optimizing NNI: done in 0.0014739 secs using 100% CPU
Optimizing NNI: done in 0.00153017 secs using 99.92% CPU
Optimizing NNI: done in 0.000613928 secs using 100.2% CPU
Optimizing NNI: done in 0.00107288 secs using 100% CPU
Optimizing NNI: done in 0.00136995 secs using 99.93% CPU
Optimizing NNI: done in 0.00062108 secs using 99.99% CPU
Optimizing NNI: done in 0.00106001 secs using 100% CPU
Optimizing NNI: done in 0.000961065 secs using 99.99% CPU
Optimizing NNI: done in 0.00115204 secs using 100% CPU
Iteration 160 / LogL: -265.067 / Time: 0h:0m:0s (0h:0m:0s left)
Optimizing NNI: done in 0.00105309 secs using 99.9% CPU
Optimizing NNI: done in 0.000613928 secs using 100% CPU
Optimizing NNI: done in 0.0010438 secs using 100% CPU
Optimizing NNI: done in 0.00061202 secs using 100% CPU
Optimizing NNI: done in 0.000611067 secs using 99.83% CPU
Optimizing NNI: done in 0.00228882 secs using 100% CPU
Optimizing NNI: done in 0.00113487 secs using 99.92% CPU
Optimizing NNI: done in 0.00216293 secs using 100% CPU
Optimizing NNI: done in 0.000617027 secs using 99.83% CPU
Optimizing NNI: done in 0.00060606 secs using 99.83% CPU
Iteration 170 / LogL: -265.067 / Time: 0h:0m:0s (0h:0m:0s left)
Optimizing NNI: done in 0.000622034 secs using 99.99% CPU
Optimizing NNI: done in 0.000609875 secs using 100% CPU
Optimizing NNI: done in 0.00165606 secs using 100.1% CPU
Optimizing NNI: done in 0.00152993 secs using 100% CPU
Optimizing NNI: done in 0.00219703 secs using 99.95% CPU
Optimizing NNI: done in 0.00121307 secs using 99.91% CPU
Optimizing NNI: done in 0.00156093 secs using 100.1% CPU
Optimizing NNI: done in 0.000625134 secs using 99.98% CPU
Optimizing NNI: done in 0.00176191 secs using 100% CPU
Optimizing NNI: done in 0.0011189 secs using 100% CPU
Iteration 180 / LogL: -265.067 / Time: 0h:0m:0s (0h:0m:0s left)
Optimizing NNI: done in 0.00172019 secs using 99.99% CPU
Optimizing NNI: done in 0.00103998 secs using 100% CPU
Optimizing NNI: done in 0.00061512 secs using 99.98% CPU
Optimizing NNI: done in 0.0017941 secs using 99.99% CPU
Optimizing NNI: done in 0.00104094 secs using 100% CPU
Optimizing NNI: done in 0.00206995 secs using 100% CPU
Optimizing NNI: done in 0.00150013 secs using 99.99% CPU
Optimizing NNI: done in 0.002877 secs using 99.97% CPU
Optimizing NNI: done in 0.00110888 secs using 100% CPU
Optimizing NNI: done in 0.00111794 secs using 100% CPU
Iteration 190 / LogL: -265.067 / Time: 0h:0m:0s (0h:0m:0s left)
Optimizing NNI: done in 0.00153899 secs using 100.1% CPU
Optimizing NNI: done in 0.00202703 secs using 100% CPU
Optimizing NNI: done in 0.001122 secs using 100% CPU
Optimizing NNI: done in 0.00169396 secs using 99.94% CPU
Optimizing NNI: done in 0.000976086 secs using 99.89% CPU
Optimizing NNI: done in 0.00154686 secs using 100.1% CPU
Optimizing NNI: done in 0.000599146 secs using 99.98% CPU
Optimizing NNI: done in 0.000602007 secs using 100% CPU
Optimizing NNI: done in 0.00111818 secs using 100.1% CPU
Optimizing NNI: done in 0.000610113 secs using 99.82% CPU
Iteration 200 / LogL: -265.067 / Time: 0h:0m:0s (0h:0m:0s left)
Log-likelihood cutoff on original alignment: -290.322
NOTE: Bootstrap correlation coefficient of split occurrence frequencies: 0.972
NOTE: UFBoot does not converge, continue at least 100 more iterations
Optimizing NNI: done in 0.00233507 secs using 100% CPU
Optimizing NNI: done in 0.000621796 secs using 99.87% CPU
Optimizing NNI: done in 0.000622034 secs using 100.2% CPU
Optimizing NNI: done in 0.000542879 secs using 100% CPU
Optimizing NNI: done in 0.000613928 secs using 100% CPU
Optimizing NNI: done in 0.000622988 secs using 99.84% CPU
Optimizing NNI: done in 0.00169992 secs using 99.95% CPU
Optimizing NNI: done in 0.000575066 secs using 99.99% CPU
Optimizing NNI: done in 0.00212502 secs using 100% CPU
Optimizing NNI: done in 0.00177193 secs using 100.1% CPU
Iteration 210 / LogL: -265.067 / Time: 0h:0m:0s (0h:0m:0s left)
Optimizing NNI: done in 0.000548124 secs using 100.2% CPU
Optimizing NNI: done in 0.000612974 secs using 100% CPU
Optimizing NNI: done in 0.000598907 secs using 99.85% CPU
Optimizing NNI: done in 0.00176907 secs using 100% CPU
Optimizing NNI: done in 0.001127 secs using 99.91% CPU
Optimizing NNI: done in 0.000625134 secs using 99.98% CPU
Optimizing NNI: done in 0.00209498 secs using 100% CPU
Optimizing NNI: done in 0.001055 secs using 100% CPU
Optimizing NNI: done in 0.000546932 secs using 100% CPU
Optimizing NNI: done in 0.001086 secs using 100.1% CPU
Iteration 220 / LogL: -277.683 / Time: 0h:0m:0s (0h:0m:0s left)
Optimizing NNI: done in 0.0011518 secs using 100% CPU
Optimizing NNI: done in 0.00153685 secs using 100% CPU
Optimizing NNI: done in 0.00205398 secs using 100% CPU
Optimizing NNI: done in 0.00176096 secs using 100% CPU
Optimizing NNI: done in 0.000602961 secs using 100% CPU
Optimizing NNI: done in 0.000607014 secs using 100% CPU
Optimizing NNI: done in 0.00108695 secs using 100% CPU
Optimizing NNI: done in 0.00112891 secs using 99.92% CPU
Optimizing NNI: done in 0.000599861 secs using 100% CPU
Optimizing NNI: done in 0.000601053 secs using 99.99% CPU
Iteration 230 / LogL: -265.067 / Time: 0h:0m:0s (0h:0m:0s left)
Optimizing NNI: done in 0.000614882 secs using 99.86% CPU
Optimizing NNI: done in 0.000598907 secs using 100% CPU
Optimizing NNI: done in 0.00205898 secs using 100% CPU
Optimizing NNI: done in 0.00104713 secs using 100.1% CPU
Optimizing NNI: done in 0.00175595 secs using 100% CPU
Optimizing NNI: done in 0.00232196 secs using 100% CPU
Optimizing NNI: done in 0.00101805 secs using 100% CPU
Optimizing NNI: done in 0.00216699 secs using 100% CPU
Optimizing NNI: done in 0.00162888 secs using 100% CPU
Optimizing NNI: done in 0.00106716 secs using 99.98% CPU
Iteration 240 / LogL: -265.067 / Time: 0h:0m:0s (0h:0m:0s left)
Optimizing NNI: done in 0.000594139 secs using 99.98% CPU
Optimizing NNI: done in 0.00154996 secs using 100% CPU
Optimizing NNI: done in 0.000614882 secs using 100% CPU
Optimizing NNI: done in 0.00110698 secs using 100% CPU
Optimizing NNI: done in 0.00166798 secs using 100% CPU
Optimizing NNI: done in 0.000974894 secs using 100% CPU
Optimizing NNI: done in 0.00173283 secs using 99.95% CPU
Optimizing NNI: done in 0.00207996 secs using 100% CPU
Optimizing NNI: done in 0.00167012 secs using 99.99% CPU
Optimizing NNI: done in 0.0016489 secs using 100% CPU
Iteration 250 / LogL: -265.067 / Time: 0h:0m:0s (0h:0m:0s left)
Log-likelihood cutoff on original alignment: -289.618
Optimizing NNI: done in 0.000640869 secs using 100% CPU
Optimizing NNI: done in 0.000617981 secs using 100% CPU
Optimizing NNI: done in 0.00208497 secs using 100% CPU
Optimizing NNI: done in 0.000610113 secs using 99.82% CPU
Optimizing NNI: done in 0.00172496 secs using 100% CPU
Optimizing NNI: done in 0.00168514 secs using 99.99% CPU
Optimizing NNI: done in 0.000548124 secs using 99.98% CPU
Optimizing NNI: done in 0.00174212 secs using 99.99% CPU
Optimizing NNI: done in 0.000612974 secs using 100% CPU
Optimizing NNI: done in 0.00102401 secs using 100% CPU
Iteration 260 / LogL: -265.067 / Time: 0h:0m:0s (0h:0m:0s left)
Optimizing NNI: done in 0.000609875 secs using 99.86% CPU
Optimizing NNI: done in 0.00107598 secs using 100% CPU
Optimizing NNI: done in 0.000610113 secs using 99.98% CPU
Optimizing NNI: done in 0.000939131 secs using 99.99% CPU
Optimizing NNI: done in 0.00115895 secs using 99.92% CPU
Optimizing NNI: done in 0.00061202 secs using 100% CPU
Optimizing NNI: done in 0.0013032 secs using 99.98% CPU
Optimizing NNI: done in 0.00166202 secs using 100.1% CPU
Optimizing NNI: done in 0.000618935 secs using 100% CPU
Optimizing NNI: done in 0.000602961 secs using 99.84% CPU
Iteration 270 / LogL: -265.067 / Time: 0h:0m:0s (0h:0m:0s left)
Optimizing NNI: done in 0.000616074 secs using 99.99% CPU
Optimizing NNI: done in 0.00060606 secs using 100.2% CPU
Optimizing NNI: done in 0.000611782 secs using 100.2% CPU
Optimizing NNI: done in 0.00176096 secs using 100% CPU
Optimizing NNI: done in 0.00101304 secs using 100% CPU
Optimizing NNI: done in 0.00104499 secs using 100% CPU
Optimizing NNI: done in 0.00235796 secs using 99.96% CPU
Optimizing NNI: done in 0.000527859 secs using 100.2% CPU
Optimizing NNI: done in 0.00111699 secs using 100% CPU
Optimizing NNI: done in 0.000617027 secs using 99.83% CPU
Iteration 280 / LogL: -265.067 / Time: 0h:0m:0s (0h:0m:0s left)
Optimizing NNI: done in 0.000611067 secs using 99.83% CPU
Optimizing NNI: done in 0.00105309 secs using 100.1% CPU
Optimizing NNI: done in 0.000969887 secs using 100% CPU
Optimizing NNI: done in 0.000611067 secs using 99.99% CPU
Optimizing NNI: done in 0.00105309 secs using 99.99% CPU
Optimizing NNI: done in 0.00105 secs using 99.91% CPU
Optimizing NNI: done in 0.000609875 secs using 99.86% CPU
Optimizing NNI: done in 0.002069 secs using 100% CPU
Optimizing NNI: done in 0.000622988 secs using 100% CPU
Optimizing NNI: done in 0.000627995 secs using 100% CPU
Iteration 290 / LogL: -265.067 / Time: 0h:0m:1s (0h:0m:0s left)
Optimizing NNI: done in 0.000614882 secs using 100% CPU
Optimizing NNI: done in 0.000602007 secs using 100% CPU
Optimizing NNI: done in 0.00117707 secs using 99.99% CPU
Optimizing NNI: done in 0.00153804 secs using 100% CPU
Optimizing NNI: done in 0.000607967 secs using 100% CPU
Optimizing NNI: done in 0.000977993 secs using 99.9% CPU
Optimizing NNI: done in 0.00105882 secs using 100% CPU
Optimizing NNI: done in 0.00225806 secs using 100% CPU
Optimizing NNI: done in 0.00104403 secs using 100% CPU
Optimizing NNI: done in 0.00105786 secs using 100% CPU
Iteration 300 / LogL: -265.067 / Time: 0h:0m:1s (0h:0m:0s left)
Log-likelihood cutoff on original alignment: -290.316
NOTE: Bootstrap correlation coefficient of split occurrence frequencies: 0.961
NOTE: UFBoot does not converge, continue at least 100 more iterations
Optimizing NNI: done in 0.00233102 secs using 100% CPU
Optimizing NNI: done in 0.000552177 secs using 99.97% CPU
Optimizing NNI: done in 0.000968933 secs using 100% CPU
Optimizing NNI: done in 0.0021162 secs using 99.94% CPU
Optimizing NNI: done in 0.000972986 secs using 99.9% CPU
Optimizing NNI: done in 0.000616074 secs using 99.99% CPU
Optimizing NNI: done in 0.00230384 secs using 100% CPU
Optimizing NNI: done in 0.0010581 secs using 99.99% CPU
Optimizing NNI: done in 0.000597 secs using 100% CPU
Optimizing NNI: done in 0.00104284 secs using 99.92% CPU
Iteration 310 / LogL: -265.067 / Time: 0h:0m:1s (0h:0m:0s left)
Optimizing NNI: done in 0.00107312 secs using 100.1% CPU
Optimizing NNI: done in 0.000593185 secs using 99.97% CPU
Optimizing NNI: done in 0.000595093 secs using 100.2% CPU
Optimizing NNI: done in 0.000626087 secs using 99.83% CPU
Optimizing NNI: done in 0.00169182 secs using 99.95% CPU
Optimizing NNI: done in 0.00169206 secs using 100% CPU
Optimizing NNI: done in 0.00176501 secs using 99.94% CPU
Optimizing NNI: done in 0.000980139 secs using 100.1% CPU
Optimizing NNI: done in 0.00104308 secs using 99.9% CPU
Optimizing NNI: done in 0.00167418 secs using 99.99% CPU
Iteration 320 / LogL: -265.067 / Time: 0h:0m:1s (0h:0m:0s left)
Optimizing NNI: done in 0.00164008 secs using 100% CPU
Optimizing NNI: done in 0.000604153 secs using 99.97% CPU
Optimizing NNI: done in 0.000602961 secs using 100% CPU
Optimizing NNI: done in 0.00175309 secs using 99.99% CPU
Optimizing NNI: done in 0.000596046 secs using 99.99% CPU
Optimizing NNI: done in 0.00166011 secs using 100.1% CPU
Optimizing NNI: done in 0.00117993 secs using 100% CPU
Optimizing NNI: done in 0.00060606 secs using 100.2% CPU
Optimizing NNI: done in 0.00157094 secs using 100% CPU
Optimizing NNI: done in 0.0010941 secs using 99.9% CPU
Iteration 330 / LogL: -265.067 / Time: 0h:0m:1s (0h:0m:0s left)
Optimizing NNI: done in 0.00105405 secs using 100% CPU
Optimizing NNI: done in 0.00061202 secs using 100% CPU
Optimizing NNI: done in 0.00208402 secs using 100% CPU
Optimizing NNI: done in 0.00105786 secs using 99.92% CPU
Optimizing NNI: done in 0.001127 secs using 100% CPU
Optimizing NNI: done in 0.00198603 secs using 99.95% CPU
Optimizing NNI: done in 0.00156212 secs using 99.99% CPU
Optimizing NNI: done in 0.00113392 secs using 99.92% CPU
Optimizing NNI: done in 0.00152588 secs using 100% CPU
Optimizing NNI: done in 0.001019 secs using 99.9% CPU
Iteration 340 / LogL: -265.067 / Time: 0h:0m:1s (0h:0m:0s left)
Optimizing NNI: done in 0.00109601 secs using 100% CPU
Optimizing NNI: done in 0.00111604 secs using 99.91% CPU
Optimizing NNI: done in 0.00150013 secs using 99.92% CPU
Optimizing NNI: done in 0.000612974 secs using 100% CPU
Optimizing NNI: done in 0.0009799 secs using 99.91% CPU
Optimizing NNI: done in 0.00106001 secs using 100.1% CPU
Optimizing NNI: done in 0.00207114 secs using 99.94% CPU
Optimizing NNI: done in 0.00158596 secs using 100% CPU
Optimizing NNI: done in 0.00104094 secs using 100% CPU
Optimizing NNI: done in 0.000594854 secs using 100% CPU
Iteration 350 / LogL: -265.067 / Time: 0h:0m:1s (0h:0m:0s left)
Log-likelihood cutoff on original alignment: -290.029
Optimizing NNI: done in 0.00217414 secs using 99.95% CPU
Optimizing NNI: done in 0.00162387 secs using 100% CPU
Optimizing NNI: done in 0.000648022 secs using 100.2% CPU
Optimizing NNI: done in 0.00162482 secs using 100.1% CPU
Optimizing NNI: done in 0.00169492 secs using 100% CPU
Optimizing NNI: done in 0.000959873 secs using 100% CPU
Optimizing NNI: done in 0.00113702 secs using 100% CPU
Optimizing NNI: done in 0.000611067 secs using 99.99% CPU
Optimizing NNI: done in 0.00118899 secs using 100% CPU
Optimizing NNI: done in 0.000598907 secs using 99.85% CPU
Iteration 360 / LogL: -265.067 / Time: 0h:0m:1s (0h:0m:0s left)
Optimizing NNI: done in 0.000604153 secs using 99.97% CPU
Optimizing NNI: done in 0.0006001 secs using 99.98% CPU
Optimizing NNI: done in 0.000602007 secs using 100% CPU
Optimizing NNI: done in 0.00168395 secs using 100% CPU
Optimizing NNI: done in 0.00206518 secs using 99.99% CPU
Optimizing NNI: done in 0.00165701 secs using 100% CPU
Optimizing NNI: done in 0.00061512 secs using 99.98% CPU
Optimizing NNI: done in 0.000607014 secs using 100% CPU
Optimizing NNI: done in 0.00097394 secs using 100% CPU
Optimizing NNI: done in 0.00207996 secs using 100% CPU
Iteration 370 / LogL: -265.067 / Time: 0h:0m:1s (0h:0m:0s left)
Optimizing NNI: done in 0.00160503 secs using 100% CPU
Optimizing NNI: done in 0.00107813 secs using 99.99% CPU
Optimizing NNI: done in 0.000607967 secs using 100% CPU
Optimizing NNI: done in 0.000616789 secs using 100% CPU
Optimizing NNI: done in 0.000608921 secs using 100% CPU
Optimizing NNI: done in 0.000610113 secs using 99.98% CPU
Optimizing NNI: done in 0.0014689 secs using 100.1% CPU
Optimizing NNI: done in 0.000607967 secs using 99.84% CPU
Optimizing NNI: done in 0.00111485 secs using 100.1% CPU
Optimizing NNI: done in 0.00173712 secs using 99.99% CPU
Iteration 380 / LogL: -265.067 / Time: 0h:0m:1s (0h:0m:0s left)
Optimizing NNI: done in 0.00102305 secs using 99.99% CPU
Optimizing NNI: done in 0.00206399 secs using 100% CPU
Optimizing NNI: done in 0.000611067 secs using 99.99% CPU
Optimizing NNI: done in 0.000607014 secs using 100% CPU
Optimizing NNI: done in 0.00172114 secs using 99.99% CPU
Optimizing NNI: done in 0.000985146 secs using 99.99% CPU
Optimizing NNI: done in 0.000596046 secs using 99.82% CPU
Optimizing NNI: done in 0.00155401 secs using 100% CPU
Optimizing NNI: done in 0.00109291 secs using 100.1% CPU
Optimizing NNI: done in 0.000607014 secs using 99.83% CPU
Iteration 390 / LogL: -265.067 / Time: 0h:0m:1s (0h:0m:0s left)
Optimizing NNI: done in 0.00114393 secs using 100.1% CPU
Optimizing NNI: done in 0.00116301 secs using 99.91% CPU
Optimizing NNI: done in 0.000609875 secs using 99.86% CPU
Optimizing NNI: done in 0.00240588 secs using 100% CPU
Optimizing NNI: done in 0.00209308 secs using 100% CPU
Optimizing NNI: done in 0.00146484 secs using 100% CPU
Optimizing NNI: done in 0.00171494 secs using 99.94% CPU
Optimizing NNI: done in 0.000619888 secs using 100% CPU
Optimizing NNI: done in 0.00111008 secs using 99.99% CPU
Optimizing NNI: done in 0.00152993 secs using 100% CPU
Iteration 400 / LogL: -265.067 / Time: 0h:0m:1s (0h:0m:0s left)
Log-likelihood cutoff on original alignment: -290.314
NOTE: Bootstrap correlation coefficient of split occurrence frequencies: 0.990
TREE SEARCH COMPLETED AFTER 400 ITERATIONS / Time: 0h:0m:1s

--------------------------------------------------------------------
|                    FINALIZING TREE SEARCH                        |
--------------------------------------------------------------------
Performs final model parameters optimization
Estimate model parameters (epsilon = 0.010)
1. Initial log-likelihood: -265.067
Optimal log-likelihood: -265.067
Parameters optimization took 1 rounds (0.000 sec)
BEST SCORE FOUND : -265.067
Creating bootstrap support values...
Split supports printed to NEXUS file iqtree_species/OG0000021.fa.splits.nex
Total tree length: 0.102

Total number of iterations: 400
CPU time used for tree search: 1.638 sec (0h:0m:1s)
Wall-clock time used for tree search: 1.461 sec (0h:0m:1s)
Total CPU time used: 1.660 sec (0h:0m:1s)
Total wall-clock time used: 1.488 sec (0h:0m:1s)

Computing bootstrap consensus tree...
Reading input file iqtree_species/OG0000021.fa.splits.nex...
9 taxa and 71 splits.
Consensus tree written to iqtree_species/OG0000021.fa.contree
Reading input trees file iqtree_species/OG0000021.fa.contree
Log-likelihood of consensus tree: -265.068

Analysis results written to: 
  IQ-TREE report:                iqtree_species/OG0000021.fa.iqtree
  Maximum-likelihood tree:       iqtree_species/OG0000021.fa.treefile
  Likelihood distances:          iqtree_species/OG0000021.fa.mldist

Ultrafast bootstrap approximation results written to:
  Split support values:          iqtree_species/OG0000021.fa.splits.nex
  Consensus tree:                iqtree_species/OG0000021.fa.contree
  Screen log file:               iqtree_species/OG0000021.fa.log

Date and Time: Wed Apr  2 11:43:33 2025
