IQ-TREE multicore version 2.2.0.5 COVID-edition for Linux 64-bit built Sep 26 2022
Developed by Bui Quang Minh, James Barbetti, Nguyen Lam Tung,
Olga Chernomor, Heiko Schmidt, Dominik Schrempf, Michael Woodhams, Ly Trong Nhan.

Host:    petrichor-dm (AVX2, FMA3, 503 GB RAM)
Command: iqtree2 -s alignments_species_muscle5_edited_trimmed/OG0000055.fa -B 1000 -mset Blosum62,cpREV,Dayhoff,DCMut,FLAVI,FLU,HIVb,HIVw,JTT,JTTDCMut,LG,mtART,mtMAM,mtREV,mtZOA,mtMet,mtVer,mtInv,PMB,Q.bird,Q.insect,Q.mammal,Q.pfam,Q.plant,Q.yeast,rtREV,VT,WAG,Q.iridoviridae,Q.mcv -T 1 -pre iqtree_species/OG0000055.fa
Seed:    574668 (Using SPRNG - Scalable Parallel Random Number Generator)
Time:    Wed Apr  2 11:48:31 2025
Kernel:  AVX+FMA - 1 threads (32 CPU cores detected)

HINT: Use -nt option to specify number of threads because your CPU has 32 cores!
HINT: -nt AUTO will automatically determine the best number of threads to use.

Reading alignment file alignments_species_muscle5_edited_trimmed/OG0000055.fa ... Fasta format detected
Reading fasta file: done in 0.000216961 secs
Alignment most likely contains protein sequences
Constructing alignment: done in 0.000138044 secs
Alignment has 58 sequences with 155 columns, 41 distinct patterns
20 parsimony-informative, 1 singleton sites, 134 constant sites
                                           Gap/Ambiguity  Composition  p-value
Analyzing sequences: done in 6.91414e-06 secs
   1  MW883597_Megalocytivirus_pagrus1_ISKNV       0.65%    passed    100.00%
   2  MW139932_Megalocytivirus_pagrus1_RSIV        0.00%    passed    100.00%
   3  GQ273492_Megalocytivirus_pagrus1_TRBIV       0.65%    passed    100.00%
   4  ON075463_Megalocytivirus_pagrus1_RSIV        0.00%    passed    100.00%
   5  OL774653_Megalocytivirus_pagrus1_RSIV        0.00%    passed    100.00%
   6  ON212400_Megalocytivirus_pagrus1_ISKNV       0.65%    passed    100.00%
   7  MW883603_Megalocytivirus_pagrus1_ISKNV       0.65%    passed    100.00%
   8  MW883598_Megalocytivirus_pagrus1_RSIV        0.00%    passed    100.00%
   9  MW883595_Megalocytivirus_pagrus1_ISKNV       0.65%    passed    100.00%
  10  MT986830_Megalocytivirus_pagrus1_ISKNV       0.65%    passed    100.00%
  11  MG570131_Megalocytivirus_pagrus1_TRBIV       0.65%    passed    100.00%
  12  ON743042_Megalocytivirus_pagrus1_RSIV        0.00%    passed    100.00%
  13  AP017456_Megalocytivirus_pagrus1_RSIV        0.00%    passed    100.00%
  14  OR670976_Megalocytivirus_pagrus1_ISKNV       0.65%    passed    100.00%
  15  MW883602_Megalocytivirus_pagrus1_ISKNV       0.65%    passed    100.00%
  16  MW883601_Megalocytivirus_pagrus1_ISKNV       0.65%    passed    100.00%
  17  MK098186_Megalocytivirus_pagrus1_RSIV        0.00%    passed    100.00%
  18  MT128666_Megalocytivirus_pagrus1_ISKNV       0.65%    passed    100.00%
  19  23043610003_Megalocytivirus_pagrus1_ISKNV    0.65%    passed    100.00%
  20  AY894343_Megalocytivirus_pagrus1_RSIV        0.00%    passed    100.00%
  21  OR356116_Megalocytivirus_pagrus1_ISKNV       0.65%    passed    100.00%
  22  OL774655_Megalocytivirus_pagrus1_RSIV        0.00%    passed    100.00%
  23  MK689686_Megalocytivirus_pagrus1_RSIV        0.00%    passed    100.00%
  24  MW883599_Megalocytivirus_pagrus1_ISKNV       0.65%    passed    100.00%
  25  MW883600_Megalocytivirus_pagrus1_ISKNV       0.65%    passed    100.00%
  26  NC_003494_Megalocytivirus_pagrus1_ISKNV      0.65%    passed    100.00%
  27  MG570132_Megalocytivirus_pagrus1_TRBIV       0.65%    passed    100.00%
  28  MT798582_Megalocytivirus_pagrus1_RSIV        0.00%    passed    100.00%
  29  MW883596_Megalocytivirus_pagrus1_ISKNV       0.65%    passed    100.00%
  30  OL774654_Megalocytivirus_pagrus1_RSIV        0.00%    passed    100.00%
  31  OR536350_Megalocytivirus_pagrus1_ISKNV       0.65%    passed    100.00%
  32  MW883606_Megalocytivirus_pagrus1_ISKNV       0.65%    passed    100.00%
  33  OQ513807_Megalocytivirus_pagrus1_ISKNV       0.65%    passed    100.00%
  34  BD143114_Megalocytivirus_pagrus1_RSIV        0.00%    passed    100.00%
  35  MW883593_Megalocytivirus_pagrus1_ISKNV       0.65%    passed    100.00%
  36  AB104413_Megalocytivirus_pagrus1_RSIV        0.00%    passed    100.00%
  37  OK042109_Megalocytivirus_pagrus1_RSIV        0.65%    passed    100.00%
  38  KT781098_Megalocytivirus_pagrus1_ISKNV       0.65%    passed    100.00%
  39  MW883594_Megalocytivirus_pagrus1_ISKNV       0.65%    passed    100.00%
  40  PP974677_Megalocytivirus_pagrus1_ISKNV       0.65%    passed    100.00%
  41  MT128667_Megalocytivirus_pagrus1_ISKNV       0.65%    passed    100.00%
  42  OK042108_Megalocytivirus_pagrus1_RSIV        0.00%    passed    100.00%
  43  OQ475017_Megalocytivirus_pagrus1_RSIV        0.00%    passed    100.00%
  44  KC244182_Megalocytivirus_pagrus1_RSIV        0.00%    passed    100.00%
  45  PP151097_Megalocytivirus_pagrus1_ISKNV       0.65%    passed    100.00%
  46  MK098187_Megalocytivirus_pagrus1_RSIV        0.00%    passed    100.00%
  47  MK098185_Megalocytivirus_pagrus1_RSIV        0.00%    passed    100.00%
  48  KT804738_Megalocytivirus_pagrus1_RSIV        0.00%    passed    100.00%
  49  MW273353_Megalocytivirus_pagrus1_ISKNV       0.65%    passed    100.00%
  50  OP009387_Megalocytivirus_pagrus1_ISKNV       0.65%    passed    100.00%
  51  23043610005_Megalocytivirus_pagrus1_ISKNV    0.65%    passed    100.00%
  52  MT926123_Megalocytivirus_pagrus1_ISKNV       0.65%    passed    100.00%
  53  OP896201_Megalocytivirus_pagrus1_ISKNV       0.65%    passed    100.00%
  54  AF371960_Megalocytivirus_pagrus1_ISKNV       0.65%    passed    100.00%
  55  MN432490_Megalocytivirus_pagrus1_ISKNV       0.65%    passed    100.00%
  56  MK689685_Megalocytivirus_pagrus1_ISKNV       0.65%    passed    100.00%
  57  ON740976_Megalocytivirus_pagrus1_RSIV        0.00%    passed    100.00%
  58  MW273354_Megalocytivirus_pagrus1_ISKNV       0.65%    passed    100.00%
****  TOTAL                                        0.41%  0 sequences failed composition chi2 test (p-value<5%; df=19)
NOTE: ON212400_Megalocytivirus_pagrus1_ISKNV is identical to MW883597_Megalocytivirus_pagrus1_ISKNV but kept for subsequent analysis
NOTE: OL774653_Megalocytivirus_pagrus1_RSIV is identical to MW139932_Megalocytivirus_pagrus1_RSIV but kept for subsequent analysis
NOTE: ON743042_Megalocytivirus_pagrus1_RSIV is identical to ON075463_Megalocytivirus_pagrus1_RSIV but kept for subsequent analysis
NOTE: MT986830_Megalocytivirus_pagrus1_ISKNV is identical to MW883595_Megalocytivirus_pagrus1_ISKNV but kept for subsequent analysis
NOTE: MG570132_Megalocytivirus_pagrus1_TRBIV is identical to MG570131_Megalocytivirus_pagrus1_TRBIV but kept for subsequent analysis
Checking for duplicate sequences: done in 7.48634e-05 secs
Identifying sites to remove: done in 3.00407e-05 secs
NOTE: 44 identical sequences (see below) will be ignored for subsequent analysis
NOTE: MW883603_Megalocytivirus_pagrus1_ISKNV (identical to MW883597_Megalocytivirus_pagrus1_ISKNV) is ignored but added at the end
NOTE: OR670976_Megalocytivirus_pagrus1_ISKNV (identical to MW883597_Megalocytivirus_pagrus1_ISKNV) is ignored but added at the end
NOTE: MW883602_Megalocytivirus_pagrus1_ISKNV (identical to MW883597_Megalocytivirus_pagrus1_ISKNV) is ignored but added at the end
NOTE: MW883601_Megalocytivirus_pagrus1_ISKNV (identical to MW883597_Megalocytivirus_pagrus1_ISKNV) is ignored but added at the end
NOTE: MT128666_Megalocytivirus_pagrus1_ISKNV (identical to MW883597_Megalocytivirus_pagrus1_ISKNV) is ignored but added at the end
NOTE: 23043610003_Megalocytivirus_pagrus1_ISKNV (identical to MW883597_Megalocytivirus_pagrus1_ISKNV) is ignored but added at the end
NOTE: OR356116_Megalocytivirus_pagrus1_ISKNV (identical to MW883597_Megalocytivirus_pagrus1_ISKNV) is ignored but added at the end
NOTE: MW883599_Megalocytivirus_pagrus1_ISKNV (identical to MW883597_Megalocytivirus_pagrus1_ISKNV) is ignored but added at the end
NOTE: MW883600_Megalocytivirus_pagrus1_ISKNV (identical to MW883597_Megalocytivirus_pagrus1_ISKNV) is ignored but added at the end
NOTE: NC_003494_Megalocytivirus_pagrus1_ISKNV (identical to MW883597_Megalocytivirus_pagrus1_ISKNV) is ignored but added at the end
NOTE: MW883596_Megalocytivirus_pagrus1_ISKNV (identical to MW883597_Megalocytivirus_pagrus1_ISKNV) is ignored but added at the end
NOTE: OR536350_Megalocytivirus_pagrus1_ISKNV (identical to MW883597_Megalocytivirus_pagrus1_ISKNV) is ignored but added at the end
NOTE: MW883606_Megalocytivirus_pagrus1_ISKNV (identical to MW883597_Megalocytivirus_pagrus1_ISKNV) is ignored but added at the end
NOTE: OQ513807_Megalocytivirus_pagrus1_ISKNV (identical to MW883597_Megalocytivirus_pagrus1_ISKNV) is ignored but added at the end
NOTE: MW883593_Megalocytivirus_pagrus1_ISKNV (identical to MW883597_Megalocytivirus_pagrus1_ISKNV) is ignored but added at the end
NOTE: KT781098_Megalocytivirus_pagrus1_ISKNV (identical to MW883597_Megalocytivirus_pagrus1_ISKNV) is ignored but added at the end
NOTE: MW883594_Megalocytivirus_pagrus1_ISKNV (identical to MW883597_Megalocytivirus_pagrus1_ISKNV) is ignored but added at the end
NOTE: MT128667_Megalocytivirus_pagrus1_ISKNV (identical to MW883597_Megalocytivirus_pagrus1_ISKNV) is ignored but added at the end
NOTE: MW273353_Megalocytivirus_pagrus1_ISKNV (identical to MW883597_Megalocytivirus_pagrus1_ISKNV) is ignored but added at the end
NOTE: 23043610005_Megalocytivirus_pagrus1_ISKNV (identical to MW883597_Megalocytivirus_pagrus1_ISKNV) is ignored but added at the end
NOTE: MT926123_Megalocytivirus_pagrus1_ISKNV (identical to MW883597_Megalocytivirus_pagrus1_ISKNV) is ignored but added at the end
NOTE: OP896201_Megalocytivirus_pagrus1_ISKNV (identical to MW883597_Megalocytivirus_pagrus1_ISKNV) is ignored but added at the end
NOTE: AF371960_Megalocytivirus_pagrus1_ISKNV (identical to MW883597_Megalocytivirus_pagrus1_ISKNV) is ignored but added at the end
NOTE: MK689685_Megalocytivirus_pagrus1_ISKNV (identical to MW883597_Megalocytivirus_pagrus1_ISKNV) is ignored but added at the end
NOTE: MW273354_Megalocytivirus_pagrus1_ISKNV (identical to MW883597_Megalocytivirus_pagrus1_ISKNV) is ignored but added at the end
NOTE: MK098186_Megalocytivirus_pagrus1_RSIV (identical to MW139932_Megalocytivirus_pagrus1_RSIV) is ignored but added at the end
NOTE: OL774655_Megalocytivirus_pagrus1_RSIV (identical to MW139932_Megalocytivirus_pagrus1_RSIV) is ignored but added at the end
NOTE: OL774654_Megalocytivirus_pagrus1_RSIV (identical to MW139932_Megalocytivirus_pagrus1_RSIV) is ignored but added at the end
NOTE: BD143114_Megalocytivirus_pagrus1_RSIV (identical to MW139932_Megalocytivirus_pagrus1_RSIV) is ignored but added at the end
NOTE: AB104413_Megalocytivirus_pagrus1_RSIV (identical to MW139932_Megalocytivirus_pagrus1_RSIV) is ignored but added at the end
NOTE: MK098187_Megalocytivirus_pagrus1_RSIV (identical to MW139932_Megalocytivirus_pagrus1_RSIV) is ignored but added at the end
NOTE: MK098185_Megalocytivirus_pagrus1_RSIV (identical to MW139932_Megalocytivirus_pagrus1_RSIV) is ignored but added at the end
NOTE: AP017456_Megalocytivirus_pagrus1_RSIV (identical to ON075463_Megalocytivirus_pagrus1_RSIV) is ignored but added at the end
NOTE: AY894343_Megalocytivirus_pagrus1_RSIV (identical to ON075463_Megalocytivirus_pagrus1_RSIV) is ignored but added at the end
NOTE: MK689686_Megalocytivirus_pagrus1_RSIV (identical to ON075463_Megalocytivirus_pagrus1_RSIV) is ignored but added at the end
NOTE: MT798582_Megalocytivirus_pagrus1_RSIV (identical to ON075463_Megalocytivirus_pagrus1_RSIV) is ignored but added at the end
NOTE: OK042108_Megalocytivirus_pagrus1_RSIV (identical to ON075463_Megalocytivirus_pagrus1_RSIV) is ignored but added at the end
NOTE: KC244182_Megalocytivirus_pagrus1_RSIV (identical to ON075463_Megalocytivirus_pagrus1_RSIV) is ignored but added at the end
NOTE: KT804738_Megalocytivirus_pagrus1_RSIV (identical to ON075463_Megalocytivirus_pagrus1_RSIV) is ignored but added at the end
NOTE: ON740976_Megalocytivirus_pagrus1_RSIV (identical to ON075463_Megalocytivirus_pagrus1_RSIV) is ignored but added at the end
NOTE: PP974677_Megalocytivirus_pagrus1_ISKNV (identical to MW883595_Megalocytivirus_pagrus1_ISKNV) is ignored but added at the end
NOTE: PP151097_Megalocytivirus_pagrus1_ISKNV (identical to MW883595_Megalocytivirus_pagrus1_ISKNV) is ignored but added at the end
NOTE: OP009387_Megalocytivirus_pagrus1_ISKNV (identical to MW883595_Megalocytivirus_pagrus1_ISKNV) is ignored but added at the end
NOTE: MN432490_Megalocytivirus_pagrus1_ISKNV (identical to MW883595_Megalocytivirus_pagrus1_ISKNV) is ignored but added at the end
Alignment was printed to iqtree_species/OG0000055.fa.uniqueseq.phy

For your convenience alignment with unique sequences printed to iqtree_species/OG0000055.fa.uniqueseq.phy


Create initial parsimony tree by phylogenetic likelihood library (PLL)... 0.000 seconds
Perform fast likelihood tree search using LG+I+G model...
Estimate model parameters (epsilon = 5.000)
Perform nearest neighbor interchange...
Optimizing NNI: done in 0.010946 secs using 99.41% CPU
Estimate model parameters (epsilon = 1.000)
1. Initial log-likelihood: -664.079
Optimal log-likelihood: -664.077
Proportion of invariable sites: 0.428
Gamma shape alpha: 0.190
Parameters optimization took 1 rounds (0.003 sec)
Time for fast ML tree search: 0.021 seconds

NOTE: ModelFinder requires 1 MB RAM!
ModelFinder will test up to 1320 protein models (sample size: 155) ...
 No. Model         -LnL         df  AIC          AICc         BIC
  1  Blosum62      679.097      25  1408.194     1418.272     1484.280
  2  Blosum62+I    666.368      26  1384.736     1395.705     1463.865
  3  Blosum62+G4   667.049      26  1386.097     1397.066     1465.226
  4  Blosum62+I+G4 666.497      27  1386.994     1398.900     1469.167
  5  Blosum62+R2   667.319      27  1388.639     1400.544     1470.811
  6  Blosum62+R3   666.923      29  1391.847     1405.767     1480.106
 14  Blosum62+I+R2 666.560      28  1389.119     1402.008     1474.335
 15  Blosum62+I+R3 666.554      30  1393.109     1408.109     1484.411
 24  Blosum62+F+I  652.674      45  1395.348     1433.330     1532.302
 25  Blosum62+F+G4 653.363      45  1396.726     1434.708     1533.680
 26  Blosum62+F+I+G4 652.776      46  1397.552     1437.589     1537.549
 27  Blosum62+F+R2 653.529      46  1399.058     1439.096     1539.056
 46  cpREV+I       669.625      26  1391.250     1402.218     1470.379
 47  cpREV+G4      670.609      26  1393.217     1404.186     1472.346
 48  cpREV+I+G4    669.677      27  1393.354     1405.260     1475.527
 49  cpREV+R2      670.780      27  1395.561     1407.466     1477.733
 68  cpREV+F+I     648.052      45  1386.104     1424.086     1523.058
 69  cpREV+F+G4    649.050      45  1388.100     1426.082     1525.055
 70  cpREV+F+I+G4  648.070      46  1388.141     1428.178     1528.138
 71  cpREV+F+R2    649.103      46  1390.206     1430.243     1530.203
 90  Dayhoff+I     670.786      26  1393.573     1404.542     1472.702
 91  Dayhoff+G4    672.311      26  1396.622     1407.591     1475.751
 92  Dayhoff+I+G4  670.422      27  1394.844     1406.750     1477.017
 93  Dayhoff+R2    670.990      27  1395.980     1407.886     1478.153
112  Dayhoff+F+I   654.559      45  1399.119     1437.101     1536.073
113  Dayhoff+F+G4  656.240      45  1402.479     1440.461     1539.434
114  Dayhoff+F+I+G4 654.354      46  1400.708     1440.745     1540.706
115  Dayhoff+F+R2  655.212      46  1402.423     1442.460     1542.421
134  DCMut+I       670.798      26  1393.597     1404.566     1472.726
135  DCMut+G4      672.320      26  1396.640     1407.609     1475.769
136  DCMut+I+G4    670.436      27  1394.873     1406.778     1477.045
137  DCMut+R2      670.999      27  1395.998     1407.903     1478.170
156  DCMut+F+I     654.576      45  1399.151     1437.133     1536.105
157  DCMut+F+G4    656.252      45  1402.504     1440.485     1539.458
158  DCMut+F+I+G4  654.370      46  1400.740     1440.777     1540.738
159  DCMut+F+R2    655.220      46  1402.440     1442.477     1542.437
WARNING: Normalizing state frequencies so that sum of them equals to 1
178  FLAVI+I       676.124      26  1404.248     1415.217     1483.377
WARNING: Normalizing state frequencies so that sum of them equals to 1
179  FLAVI+G4      677.437      26  1406.873     1417.842     1486.002
WARNING: Normalizing state frequencies so that sum of them equals to 1
180  FLAVI+I+G4    675.802      27  1405.603     1417.509     1487.776
WARNING: Normalizing state frequencies so that sum of them equals to 1
181  FLAVI+R2      676.600      27  1407.200     1419.105     1489.372
WARNING: Normalizing state frequencies so that sum of them equals to 1
200  FLAVI+F+I     651.832      45  1393.665     1431.647     1530.619
WARNING: Normalizing state frequencies so that sum of them equals to 1
201  FLAVI+F+G4    653.530      45  1397.061     1435.042     1534.015
WARNING: Normalizing state frequencies so that sum of them equals to 1
202  FLAVI+F+I+G4  651.133      46  1394.266     1434.303     1534.264
WARNING: Normalizing state frequencies so that sum of them equals to 1
203  FLAVI+F+R2    651.624      46  1395.247     1435.284     1535.245
222  FLU+I         682.388      26  1416.776     1427.744     1495.905
223  FLU+G4        683.514      26  1419.028     1429.996     1498.157
224  FLU+I+G4      681.983      27  1417.966     1429.871     1500.138
225  FLU+R2        682.236      27  1418.472     1430.378     1500.645
244  FLU+F+I       659.051      45  1408.101     1446.083     1545.055
245  FLU+F+G4      660.535      45  1411.070     1449.052     1548.024
246  FLU+F+I+G4    658.567      46  1409.134     1449.171     1549.132
247  FLU+F+R2      659.209      46  1410.418     1450.455     1550.416
266  HIVb+I        666.385      26  1384.771     1395.739     1463.900
267  HIVb+G4       667.742      26  1387.483     1398.452     1466.612
268  HIVb+I+G4     665.833      27  1385.666     1397.571     1467.838
269  HIVb+R2       665.737      27  1385.474     1397.379     1467.646
288  HIVb+F+I      648.092      45  1386.184     1424.166     1523.138
289  HIVb+F+G4     649.444      45  1388.889     1426.870     1525.843
290  HIVb+F+I+G4   647.371      46  1386.742     1426.779     1526.739
291  HIVb+F+R2     647.228      46  1386.457     1426.494     1526.455
310  HIVw+I        693.650      26  1439.301     1450.270     1518.430
311  HIVw+G4       695.293      26  1442.586     1453.555     1521.715
312  HIVw+I+G4     692.401      27  1438.802     1450.707     1520.974
313  HIVw+R2       691.539      27  1437.078     1448.983     1519.250
332  HIVw+F+I      660.724      45  1411.449     1449.431     1548.403
333  HIVw+F+G4     662.930      45  1415.861     1453.842     1552.815
334  HIVw+F+I+G4   658.462      46  1408.925     1448.962     1548.922
335  HIVw+F+R2     658.252      46  1408.505     1448.542     1548.502
354  JTT+I         662.034      26  1376.067     1387.036     1455.196
355  JTT+G4        662.603      26  1377.207     1388.175     1456.336
356  JTT+I+G4      662.041      27  1378.082     1389.988     1460.255
357  JTT+R2        662.664      27  1379.327     1391.233     1461.499
376  JTT+F+I       646.031      45  1382.063     1420.044     1519.017
377  JTT+F+G4      646.696      45  1383.391     1421.373     1520.345
378  JTT+F+I+G4    646.051      46  1384.101     1424.138     1524.099
379  JTT+F+R2      646.724      46  1385.447     1425.484     1525.445
398  JTTDCMut+I    662.444      26  1376.889     1387.857     1456.018
399  JTTDCMut+G4   663.024      26  1378.049     1389.017     1457.178
400  JTTDCMut+I+G4 662.454      27  1378.907     1390.813     1461.079
401  JTTDCMut+R2   663.095      27  1380.189     1392.095     1462.362
420  JTTDCMut+F+I  646.493      45  1382.986     1420.968     1519.940
421  JTTDCMut+F+G4 647.179      45  1384.358     1422.340     1521.312
422  JTTDCMut+F+I+G4 646.510      46  1385.020     1425.058     1525.018
423  JTTDCMut+F+R2 647.202      46  1386.404     1426.441     1526.401
442  LG+I          663.956      26  1379.912     1390.881     1459.041
443  LG+G4         664.546      26  1381.092     1392.061     1460.221
444  LG+I+G4       664.094      27  1382.188     1394.093     1464.360
445  LG+R2         664.920      27  1383.840     1395.745     1466.012
464  LG+F+I        647.116      45  1384.232     1422.213     1521.186
465  LG+F+G4       647.753      45  1385.505     1423.487     1522.459
466  LG+F+I+G4     647.216      46  1386.433     1426.470     1526.430
467  LG+F+R2       648.020      46  1388.040     1428.077     1528.037
486  mtART+I       709.179      26  1470.357     1481.326     1549.486
487  mtART+G4      710.187      26  1472.374     1483.343     1551.503
488  mtART+I+G4    709.476      27  1472.953     1484.858     1555.125
489  mtART+R2      712.631      27  1479.261     1491.167     1561.434
508  mtART+F+I     655.640      45  1401.280     1439.262     1538.234
509  mtART+F+G4    656.658      45  1403.316     1441.298     1540.270
510  mtART+F+I+G4  655.724      46  1403.449     1443.486     1543.446
511  mtART+F+R2    657.816      46  1407.632     1447.669     1547.630
530  mtMAM+I       698.417      26  1448.835     1459.803     1527.964
531  mtMAM+G4      699.484      26  1450.969     1461.938     1530.098
532  mtMAM+I+G4    698.598      27  1451.196     1463.101     1533.368
533  mtMAM+R2      701.651      27  1457.302     1469.208     1539.475
552  mtMAM+F+I     648.362      45  1386.725     1424.707     1523.679
553  mtMAM+F+G4    649.659      45  1389.318     1427.299     1526.272
554  mtMAM+F+I+G4  648.050      46  1388.101     1428.138     1528.098
555  mtMAM+F+R2    650.094      46  1392.187     1432.224     1532.185
574  mtREV+I       697.323      26  1446.646     1457.615     1525.775
575  mtREV+G4      698.375      26  1448.750     1459.719     1527.879
576  mtREV+I+G4    697.289      27  1448.579     1460.484     1530.751
577  mtREV+R2      698.712      27  1451.425     1463.330     1533.597
596  mtREV+F+I     646.128      45  1382.256     1420.238     1519.211
597  mtREV+F+G4    647.089      45  1384.178     1422.160     1521.132
598  mtREV+F+I+G4  645.821      46  1383.641     1423.678     1523.639
599  mtREV+F+R2    646.579      46  1385.158     1425.195     1525.156
618  mtZOA+I       693.771      26  1439.542     1450.510     1518.671
619  mtZOA+G4      694.460      26  1440.921     1451.889     1520.050
620  mtZOA+I+G4    694.071      27  1442.142     1454.047     1524.314
621  mtZOA+R2      696.502      27  1447.004     1458.909     1529.176
640  mtZOA+F+I     646.889      45  1383.779     1421.760     1520.733
641  mtZOA+F+G4    647.733      45  1385.466     1423.448     1522.421
642  mtZOA+F+I+G4  647.162      46  1386.325     1426.362     1526.322
643  mtZOA+F+R2    649.009      46  1390.018     1430.055     1530.016
662  mtMet+I       699.139      26  1450.279     1461.247     1529.408
663  mtMet+G4      699.808      26  1451.617     1462.586     1530.746
664  mtMet+I+G4    699.251      27  1452.502     1464.407     1534.674
665  mtMet+R2      700.817      27  1455.635     1467.540     1537.807
684  mtMet+F+I     643.875      45  1377.750     1415.731     1514.704
685  mtMet+F+G4    644.656      45  1379.313     1417.295     1516.267
686  mtMet+F+I+G4  643.965      46  1379.929     1419.966     1519.927
687  mtMet+F+R2    645.202      46  1382.404     1422.441     1522.402
706  mtVer+I       700.482      26  1452.964     1463.933     1532.093
707  mtVer+G4      701.451      26  1454.901     1465.870     1534.030
708  mtVer+I+G4    700.581      27  1455.162     1467.068     1537.335
709  mtVer+R2      702.747      27  1459.494     1471.399     1541.666
728  mtVer+F+I     646.374      45  1382.747     1420.729     1519.701
729  mtVer+F+G4    647.617      45  1385.234     1423.216     1522.188
730  mtVer+F+I+G4  646.286      46  1384.572     1424.609     1524.570
731  mtVer+F+R2    647.738      46  1387.476     1427.513     1527.474
750  mtInv+I       711.140      26  1474.280     1485.248     1553.409
751  mtInv+G4      711.785      26  1475.570     1486.539     1554.699
752  mtInv+I+G4    711.300      27  1476.599     1488.505     1558.772
753  mtInv+R2      712.683      27  1479.367     1491.272     1561.539
772  mtInv+F+I     644.665      45  1379.330     1417.311     1516.284
773  mtInv+F+G4    645.402      45  1380.804     1418.786     1517.758
774  mtInv+F+I+G4  644.855      46  1381.709     1421.746     1521.707
775  mtInv+F+R2    646.051      46  1384.103     1424.140     1524.100
794  PMB+I         664.315      26  1380.630     1391.599     1459.760
795  PMB+G4        664.964      26  1381.927     1392.896     1461.056
796  PMB+I+G4      664.478      27  1382.955     1394.861     1465.128
797  PMB+R2        665.361      27  1384.723     1396.628     1466.895
816  PMB+F+I       652.131      45  1394.263     1432.245     1531.217
817  PMB+F+G4      652.812      45  1395.624     1433.605     1532.578
818  PMB+F+I+G4    652.267      46  1396.534     1436.571     1536.531
819  PMB+F+R2      653.108      46  1398.216     1438.253     1538.213
WARNING: Normalizing state frequencies so that sum of them equals to 1
838  Q.bird+I      659.762      26  1371.524     1382.493     1450.653
WARNING: Normalizing state frequencies so that sum of them equals to 1
839  Q.bird+G4     660.218      26  1372.436     1383.405     1451.565
WARNING: Normalizing state frequencies so that sum of them equals to 1
840  Q.bird+I+G4   659.750      27  1373.499     1385.405     1455.672
WARNING: Normalizing state frequencies so that sum of them equals to 1
841  Q.bird+R2     660.441      27  1374.882     1386.787     1457.054
WARNING: Normalizing state frequencies so that sum of them equals to 1
860  Q.bird+F+I    644.616      45  1379.231     1417.213     1516.185
WARNING: Normalizing state frequencies so that sum of them equals to 1
861  Q.bird+F+G4   645.202      45  1380.404     1418.385     1517.358
WARNING: Normalizing state frequencies so that sum of them equals to 1
862  Q.bird+F+I+G4 644.647      46  1381.294     1421.332     1521.292
WARNING: Normalizing state frequencies so that sum of them equals to 1
863  Q.bird+F+R2   645.531      46  1383.062     1423.099     1523.060
882  Q.insect+I    664.549      26  1381.099     1392.068     1460.228
883  Q.insect+G4   665.085      26  1382.169     1393.138     1461.299
884  Q.insect+I+G4 664.668      27  1383.336     1395.242     1465.509
885  Q.insect+R2   665.501      27  1385.002     1396.907     1467.174
904  Q.insect+F+I  645.609      45  1381.218     1419.200     1518.172
905  Q.insect+F+G4 646.237      45  1382.475     1420.457     1519.429
906  Q.insect+F+I+G4 645.712      46  1383.424     1423.461     1523.421
907  Q.insect+F+R2 646.535      46  1385.069     1425.107     1525.067
WARNING: Normalizing state frequencies so that sum of them equals to 1
926  Q.mammal+I    661.007      26  1374.015     1384.984     1453.144
WARNING: Normalizing state frequencies so that sum of them equals to 1
927  Q.mammal+G4   661.453      26  1374.907     1385.875     1454.036
WARNING: Normalizing state frequencies so that sum of them equals to 1
928  Q.mammal+I+G4 661.072      27  1376.144     1388.050     1458.317
WARNING: Normalizing state frequencies so that sum of them equals to 1
929  Q.mammal+R2   661.790      27  1377.580     1389.486     1459.753
WARNING: Normalizing state frequencies so that sum of them equals to 1
948  Q.mammal+F+I  644.413      45  1378.825     1416.807     1515.779
WARNING: Normalizing state frequencies so that sum of them equals to 1
949  Q.mammal+F+G4 644.963      45  1379.926     1417.908     1516.881
WARNING: Normalizing state frequencies so that sum of them equals to 1
950  Q.mammal+F+I+G4 644.525      46  1381.050     1421.087     1521.048
WARNING: Normalizing state frequencies so that sum of them equals to 1
951  Q.mammal+F+R2 645.392      46  1382.784     1422.821     1522.782
WARNING: Normalizing state frequencies so that sum of them equals to 1
970  Q.pfam+I      666.387      26  1384.774     1395.743     1463.903
WARNING: Normalizing state frequencies so that sum of them equals to 1
971  Q.pfam+G4     666.879      26  1385.758     1396.727     1464.887
WARNING: Normalizing state frequencies so that sum of them equals to 1
972  Q.pfam+I+G4   666.644      27  1387.288     1399.194     1469.461
WARNING: Normalizing state frequencies so that sum of them equals to 1
973  Q.pfam+R2     667.623      27  1389.246     1401.151     1471.418
WARNING: Normalizing state frequencies so that sum of them equals to 1
992  Q.pfam+F+I    645.629      45  1381.257     1419.239     1518.211
WARNING: Normalizing state frequencies so that sum of them equals to 1
993  Q.pfam+F+G4   646.179      45  1382.359     1420.341     1519.313
WARNING: Normalizing state frequencies so that sum of them equals to 1
994  Q.pfam+F+I+G4 645.847      46  1383.693     1423.730     1523.691
WARNING: Normalizing state frequencies so that sum of them equals to 1
995  Q.pfam+F+R2   646.804      46  1385.608     1425.645     1525.605
WARNING: Normalizing state frequencies so that sum of them equals to 1
1014  Q.plant+I     663.155      26  1378.311     1389.280     1457.440
WARNING: Normalizing state frequencies so that sum of them equals to 1
1015  Q.plant+G4    663.702      26  1379.403     1390.372     1458.532
WARNING: Normalizing state frequencies so that sum of them equals to 1
1016  Q.plant+I+G4  663.212      27  1380.424     1392.330     1462.597
WARNING: Normalizing state frequencies so that sum of them equals to 1
1017  Q.plant+R2    663.967      27  1381.935     1393.840     1464.107
WARNING: Normalizing state frequencies so that sum of them equals to 1
1036  Q.plant+F+I   643.479      45  1376.957     1414.939     1513.911
WARNING: Normalizing state frequencies so that sum of them equals to 1
1037  Q.plant+F+G4  644.131      45  1378.262     1416.244     1515.216
WARNING: Normalizing state frequencies so that sum of them equals to 1
1038  Q.plant+F+I+G4 643.511      46  1379.022     1419.059     1519.020
WARNING: Normalizing state frequencies so that sum of them equals to 1
1039  Q.plant+F+R2  644.341      46  1380.682     1420.719     1520.679
WARNING: Normalizing state frequencies so that sum of them equals to 1
1058  Q.yeast+I     673.337      26  1398.674     1409.643     1477.803
WARNING: Normalizing state frequencies so that sum of them equals to 1
1059  Q.yeast+G4    673.781      26  1399.563     1410.531     1478.692
WARNING: Normalizing state frequencies so that sum of them equals to 1
1060  Q.yeast+I+G4  673.513      27  1401.025     1412.931     1483.198
WARNING: Normalizing state frequencies so that sum of them equals to 1
1061  Q.yeast+R2    674.381      27  1402.761     1414.667     1484.934
WARNING: Normalizing state frequencies so that sum of them equals to 1
1080  Q.yeast+F+I   645.837      45  1381.673     1419.655     1518.627
WARNING: Normalizing state frequencies so that sum of them equals to 1
1081  Q.yeast+F+G4  646.406      45  1382.812     1420.793     1519.766
WARNING: Normalizing state frequencies so that sum of them equals to 1
1082  Q.yeast+F+I+G4 645.995      46  1383.989     1424.027     1523.987
WARNING: Normalizing state frequencies so that sum of them equals to 1
1083  Q.yeast+F+R2  646.891      46  1385.783     1425.820     1525.780
1102  rtREV+I       668.691      26  1389.382     1400.351     1468.511
1103  rtREV+G4      669.381      26  1390.763     1401.731     1469.892
1104  rtREV+I+G4    668.946      27  1391.891     1403.797     1474.064
1105  rtREV+R2      670.101      27  1394.202     1406.108     1476.375
1124  rtREV+F+I     649.008      45  1388.017     1425.998     1524.971
1125  rtREV+F+G4    649.706      45  1389.413     1427.394     1526.367
1126  rtREV+F+I+G4  649.218      46  1390.437     1430.474     1530.435
1127  rtREV+F+R2    650.303      46  1392.607     1432.644     1532.604
1146  VT+I          665.658      26  1383.316     1394.285     1462.445
1147  VT+G4         666.159      26  1384.317     1395.286     1463.446
1148  VT+I+G4       665.775      27  1385.551     1397.456     1467.723
1149  VT+R2         666.484      27  1386.968     1398.873     1469.140
1168  VT+F+I        647.486      45  1384.971     1422.953     1521.925
1169  VT+F+G4       648.013      45  1386.025     1424.007     1522.979
1170  VT+F+I+G4     647.593      46  1387.187     1427.224     1527.185
1171  VT+F+R2       648.290      46  1388.579     1428.616     1528.577
1190  WAG+I         666.532      26  1385.064     1396.033     1464.193
1191  WAG+G4        667.233      26  1386.466     1397.435     1465.596
1192  WAG+I+G4      666.596      27  1387.192     1399.097     1469.364
1193  WAG+R2        667.331      27  1388.662     1400.568     1470.835
1212  WAG+F+I       649.667      45  1389.335     1427.316     1526.289
1213  WAG+F+G4      650.420      45  1390.840     1428.822     1527.795
1214  WAG+F+I+G4    649.727      46  1391.453     1431.490     1531.451
1215  WAG+F+R2      650.474      46  1392.948     1432.985     1532.945
Reading model parameters from file Q.iridoviridae
1234  Q.iridoviridae+I 662.678      26  1377.356     1388.325     1456.485
Reading model parameters from file Q.iridoviridae
1235  Q.iridoviridae+G4 663.207      26  1378.413     1389.382     1457.542
Reading model parameters from file Q.iridoviridae
1236  Q.iridoviridae+I+G4 662.675      27  1379.349     1391.255     1461.522
Reading model parameters from file Q.iridoviridae
1237  Q.iridoviridae+R2 663.251      27  1380.502     1392.408     1462.674
Reading model parameters from file Q.iridoviridae
1256  Q.iridoviridae+F+I 647.856      45  1385.712     1423.694     1522.667
Reading model parameters from file Q.iridoviridae
1257  Q.iridoviridae+F+G4 648.449      45  1386.897     1424.879     1523.852
Reading model parameters from file Q.iridoviridae
1258  Q.iridoviridae+F+I+G4 647.852      46  1387.704     1427.741     1527.702
Reading model parameters from file Q.iridoviridae
1259  Q.iridoviridae+F+R2 648.446      46  1388.893     1428.930     1528.890
Reading model parameters from file Q.mcv
WARNING: Normalizing state frequencies so that sum of them equals to 1
1278  Q.mcv+I       658.879      26  1369.758     1380.726     1448.887
Reading model parameters from file Q.mcv
WARNING: Normalizing state frequencies so that sum of them equals to 1
1279  Q.mcv+G4      659.611      26  1371.222     1382.191     1450.351
Reading model parameters from file Q.mcv
WARNING: Normalizing state frequencies so that sum of them equals to 1
1280  Q.mcv+I+G4    658.701      27  1371.402     1383.308     1453.575
Reading model parameters from file Q.mcv
WARNING: Normalizing state frequencies so that sum of them equals to 1
1281  Q.mcv+R2      658.973      27  1371.946     1383.851     1454.118
Reading model parameters from file Q.mcv
WARNING: Normalizing state frequencies so that sum of them equals to 1
1300  Q.mcv+F+I     647.798      45  1385.595     1423.577     1522.549
Reading model parameters from file Q.mcv
WARNING: Normalizing state frequencies so that sum of them equals to 1
1301  Q.mcv+F+G4    648.539      45  1387.077     1425.059     1524.031
Reading model parameters from file Q.mcv
WARNING: Normalizing state frequencies so that sum of them equals to 1
1302  Q.mcv+F+I+G4  647.672      46  1387.344     1427.381     1527.342
Reading model parameters from file Q.mcv
WARNING: Normalizing state frequencies so that sum of them equals to 1
1303  Q.mcv+F+R2    648.131      46  1388.261     1428.298     1528.259
Akaike Information Criterion:           Q.mcv+I
Corrected Akaike Information Criterion: Q.mcv+I
Bayesian Information Criterion:         Q.mcv+I
Best-fit model: Q.mcv+I chosen according to BIC

All model information printed to iqtree_species/OG0000055.fa.model.gz
CPU time for ModelFinder: 4.530 seconds (0h:0m:4s)
Wall-clock time for ModelFinder: 4.557 seconds (0h:0m:4s)
WARNING: States(s) W rarely appear in alignment and may cause numerical problems
Generating 1000 samples for ultrafast bootstrap (seed: 574668)...
Reading model parameters from file Q.mcv
WARNING: Normalizing state frequencies so that sum of them equals to 1

NOTE: 0 MB RAM (0 GB) is required!
Estimate model parameters (epsilon = 0.100)
1. Initial log-likelihood: -658.879
Optimal log-likelihood: -658.879
Proportion of invariable sites: 0.813
Parameters optimization took 1 rounds (0.001 sec)
Wrote distance file to... 
Computing ML distances based on estimated model parameters...
Calculating distance matrix: done in 0.00299597 secs using 100% CPU
Computing ML distances took 0.003022 sec (of wall-clock time) 0.003023 sec (of CPU time)
Setting up auxiliary I and S matrices: done in 3.29018e-05 secs using 100.3% CPU
Constructing RapidNJ tree: done in 4.50611e-05 secs using 224.1% CPU
Computing RapidNJ tree took 0.000164 sec (of wall-clock time) 0.000220 sec (of CPU time)
Log-likelihood of RapidNJ tree: -658.880
--------------------------------------------------------------------
|             INITIALIZING CANDIDATE TREE SET                      |
--------------------------------------------------------------------
Generating 99 parsimony trees... 0.029 second
Computing log-likelihood of 99 initial trees ... 0.028 seconds
Current best score: -658.879

Do NNI search on 20 best initial trees
Optimizing NNI: done in 0.00160694 secs using 198.7% CPU
Estimate model parameters (epsilon = 0.100)
BETTER TREE FOUND at iteration 1: -658.879
Optimizing NNI: done in 0.00285482 secs using 199.9% CPU
UPDATE BEST LOG-LIKELIHOOD: -658.879
Optimizing NNI: done in 0.00282216 secs using 199.8% CPU
Optimizing NNI: done in 0.003021 secs using 199.8% CPU
UPDATE BEST LOG-LIKELIHOOD: -658.879
Optimizing NNI: done in 0.00301194 secs using 200.1% CPU
Optimizing NNI: done in 0.00301099 secs using 199.9% CPU
Optimizing NNI: done in 0.00300789 secs using 200.1% CPU
Optimizing NNI: done in 0.00300908 secs using 200.1% CPU
Optimizing NNI: done in 0.00299907 secs using 200.1% CPU
Optimizing NNI: done in 0.00300789 secs using 200% CPU
UPDATE BEST LOG-LIKELIHOOD: -658.879
Iteration 10 / LogL: -658.879 / Time: 0h:0m:0s
Optimizing NNI: done in 0.00300312 secs using 200% CPU
Optimizing NNI: done in 0.00303197 secs using 199.9% CPU
Optimizing NNI: done in 0.0030241 secs using 200% CPU
Optimizing NNI: done in 0.00299096 secs using 200.1% CPU
Optimizing NNI: done in 0.00299597 secs using 200.2% CPU
Optimizing NNI: done in 0.00299597 secs using 199.8% CPU
Optimizing NNI: done in 0.00298619 secs using 200.1% CPU
Optimizing NNI: done in 0.00298285 secs using 200% CPU
Optimizing NNI: done in 0.00299096 secs using 200% CPU
Optimizing NNI: done in 0.00303483 secs using 199.9% CPU
Iteration 20 / LogL: -658.879 / Time: 0h:0m:0s
Finish initializing candidate tree set (4)
Current best tree score: -658.879 / CPU time: 0.123
Number of iterations: 20
--------------------------------------------------------------------
|               OPTIMIZING CANDIDATE TREE SET                      |
--------------------------------------------------------------------
Optimizing NNI: done in 0.00929904 secs using 200% CPU
Optimizing NNI: done in 0.00657296 secs using 200% CPU
Optimizing NNI: done in 0.00198698 secs
Optimizing NNI: done in 0.00397611 secs using 199.5% CPU
Optimizing NNI: done in 0.00697684 secs using 200% CPU
Optimizing NNI: done in 0.00781488 secs using 199.9% CPU
Optimizing NNI: done in 0.00217986 secs using 199.9% CPU
Optimizing NNI: done in 0.00415897 secs using 200% CPU
Optimizing NNI: done in 0.00544 secs using 200% CPU
Optimizing NNI: done in 0.00528693 secs using 200% CPU
Iteration 30 / LogL: -658.879 / Time: 0h:0m:0s (0h:0m:0s left)
Optimizing NNI: done in 0.00497293 secs using 100% CPU
Optimizing NNI: done in 0.00856805 secs using 100% CPU
Optimizing NNI: done in 0.00557995 secs using 100% CPU
Optimizing NNI: done in 0.00437403 secs using 100% CPU
Optimizing NNI: done in 0.00690198 secs using 100% CPU
Optimizing NNI: done in 0.00316691 secs using 100% CPU
Optimizing NNI: done in 0.006037 secs using 100% CPU
Optimizing NNI: done in 0.00515509 secs using 99.61% CPU
Optimizing NNI: done in 0.005337 secs using 99.98% CPU
UPDATE BEST LOG-LIKELIHOOD: -658.879
Optimizing NNI: done in 0.005651 secs using 100% CPU
Iteration 40 / LogL: -658.879 / Time: 0h:0m:0s (0h:0m:0s left)
Optimizing NNI: done in 0.00786304 secs using 99.99% CPU
Optimizing NNI: done in 0.00145984 secs using 99.94% CPU
UPDATE BEST LOG-LIKELIHOOD: -658.879
Optimizing NNI: done in 0.00534701 secs using 100% CPU
Optimizing NNI: done in 0.00529313 secs using 100% CPU
Optimizing NNI: done in 0.00631905 secs using 100% CPU
Optimizing NNI: done in 0.00665808 secs using 100% CPU
Optimizing NNI: done in 0.00275993 secs using 100% CPU
Optimizing NNI: done in 0.00449109 secs using 100% CPU
Optimizing NNI: done in 0.00635695 secs using 100% CPU
Optimizing NNI: done in 0.00280595 secs using 100% CPU
Iteration 50 / LogL: -658.879 / Time: 0h:0m:0s (0h:0m:0s left)
Log-likelihood cutoff on original alignment: -680.163
Optimizing NNI: done in 0.00589085 secs using 99.54% CPU
UPDATE BEST LOG-LIKELIHOOD: -658.879
Optimizing NNI: done in 0.00822401 secs using 99.99% CPU
Optimizing NNI: done in 0.00540304 secs using 100% CPU
Optimizing NNI: done in 0.00601315 secs using 100% CPU
Optimizing NNI: done in 0.00929594 secs using 100% CPU
Optimizing NNI: done in 0.00678706 secs using 100% CPU
Optimizing NNI: done in 0.00722289 secs using 100% CPU
Optimizing NNI: done in 0.00147796 secs using 100% CPU
Optimizing NNI: done in 0.00439095 secs using 100% CPU
Optimizing NNI: done in 0.00147295 secs using 100.1% CPU
UPDATE BEST LOG-LIKELIHOOD: -658.879
Iteration 60 / LogL: -658.879 / Time: 0h:0m:0s (0h:0m:0s left)
Optimizing NNI: done in 0.00641203 secs using 77.56% CPU
Optimizing NNI: done in 0.00674009 secs using 99.98% CPU
Optimizing NNI: done in 0.00585103 secs using 100% CPU
Optimizing NNI: done in 0.00914907 secs using 100% CPU
Optimizing NNI: done in 0.00559783 secs using 99.99% CPU
Optimizing NNI: done in 0.00536489 secs using 99.98% CPU
Optimizing NNI: done in 0.00689721 secs using 100% CPU
Optimizing NNI: done in 0.00422311 secs using 100% CPU
Optimizing NNI: done in 0.00538397 secs using 99.98% CPU
Optimizing NNI: done in 0.00395489 secs using 100% CPU
Iteration 70 / LogL: -673.366 / Time: 0h:0m:0s (0h:0m:0s left)
Optimizing NNI: done in 0.0070169 secs using 99.99% CPU
Optimizing NNI: done in 0.00445986 secs using 100% CPU
Optimizing NNI: done in 0.00890017 secs using 100% CPU
Optimizing NNI: done in 0.00411105 secs using 100% CPU
Optimizing NNI: done in 0.00784588 secs using 100% CPU
Optimizing NNI: done in 0.00562 secs using 100% CPU
Optimizing NNI: done in 0.00408316 secs using 100% CPU
Optimizing NNI: done in 0.00672293 secs using 99.99% CPU
Optimizing NNI: done in 0.006989 secs using 100% CPU
Optimizing NNI: done in 0.00552201 secs using 100% CPU
Iteration 80 / LogL: -658.879 / Time: 0h:0m:0s (0h:0m:0s left)
Optimizing NNI: done in 0.00545597 secs using 100% CPU
Optimizing NNI: done in 0.00530601 secs using 99.96% CPU
Optimizing NNI: done in 0.00567102 secs using 100% CPU
Optimizing NNI: done in 0.00775814 secs using 77.42% CPU
Optimizing NNI: done in 0.00679898 secs using 100% CPU
Optimizing NNI: done in 0.0096221 secs using 99.96% CPU
Optimizing NNI: done in 0.00414801 secs using 100% CPU
Optimizing NNI: done in 0.005934 secs using 100% CPU
Optimizing NNI: done in 0.00647688 secs using 100% CPU
Optimizing NNI: done in 0.00388288 secs using 100% CPU
Iteration 90 / LogL: -658.879 / Time: 0h:0m:0s (0h:0m:0s left)
Optimizing NNI: done in 0.0066011 secs using 100% CPU
Optimizing NNI: done in 0.00798321 secs using 100% CPU
Optimizing NNI: done in 0.00680184 secs using 100% CPU
Optimizing NNI: done in 0.00538492 secs using 99.98% CPU
Optimizing NNI: done in 0.00701213 secs using 100% CPU
Optimizing NNI: done in 0.00951004 secs using 100% CPU
Optimizing NNI: done in 0.00652099 secs using 100% CPU
Optimizing NNI: done in 0.00555396 secs using 99.98% CPU
Optimizing NNI: done in 0.00536585 secs using 100% CPU
Optimizing NNI: done in 0.00578785 secs using 100% CPU
Iteration 100 / LogL: -658.879 / Time: 0h:0m:0s (0h:0m:0s left)
Log-likelihood cutoff on original alignment: -680.936
NOTE: Bootstrap correlation coefficient of split occurrence frequencies: 0.995
Optimizing NNI: done in 0.00554514 secs using 100% CPU
Optimizing NNI: done in 0.00683117 secs using 99.98% CPU
TREE SEARCH COMPLETED AFTER 102 ITERATIONS / Time: 0h:0m:0s

--------------------------------------------------------------------
|                    FINALIZING TREE SEARCH                        |
--------------------------------------------------------------------
Performs final model parameters optimization
Estimate model parameters (epsilon = 0.010)
1. Initial log-likelihood: -658.879
Optimal log-likelihood: -658.879
Proportion of invariable sites: 0.813
Parameters optimization took 1 rounds (0.001 sec)
BEST SCORE FOUND : -658.879
Creating bootstrap support values...
Split supports printed to NEXUS file iqtree_species/OG0000055.fa.splits.nex
Total tree length: 0.268

Total number of iterations: 102
CPU time used for tree search: 0.982 sec (0h:0m:0s)
Wall-clock time used for tree search: 0.817 sec (0h:0m:0s)
Total CPU time used: 1.016 sec (0h:0m:1s)
Total wall-clock time used: 0.854 sec (0h:0m:0s)

Computing bootstrap consensus tree...
Reading input file iqtree_species/OG0000055.fa.splits.nex...
14 taxa and 95 splits.
Consensus tree written to iqtree_species/OG0000055.fa.contree
Reading input trees file iqtree_species/OG0000055.fa.contree
Log-likelihood of consensus tree: -658.882

Analysis results written to: 
  IQ-TREE report:                iqtree_species/OG0000055.fa.iqtree
  Maximum-likelihood tree:       iqtree_species/OG0000055.fa.treefile
  Likelihood distances:          iqtree_species/OG0000055.fa.mldist

Ultrafast bootstrap approximation results written to:
  Split support values:          iqtree_species/OG0000055.fa.splits.nex
  Consensus tree:                iqtree_species/OG0000055.fa.contree
  Screen log file:               iqtree_species/OG0000055.fa.log

Date and Time: Wed Apr  2 11:48:37 2025
