IQ-TREE multicore version 2.2.0.5 COVID-edition for Linux 64-bit built Sep 26 2022
Developed by Bui Quang Minh, James Barbetti, Nguyen Lam Tung,
Olga Chernomor, Heiko Schmidt, Dominik Schrempf, Michael Woodhams, Ly Trong Nhan.

Host:    petrichor-dm (AVX2, FMA3, 503 GB RAM)
Command: iqtree2 -s alignments_species_muscle5_edited_trimmed/OG0000067.fa -B 1000 -mset Blosum62,cpREV,Dayhoff,DCMut,FLAVI,FLU,HIVb,HIVw,JTT,JTTDCMut,LG,mtART,mtMAM,mtREV,mtZOA,mtMet,mtVer,mtInv,PMB,Q.bird,Q.insect,Q.mammal,Q.pfam,Q.plant,Q.yeast,rtREV,VT,WAG,Q.iridoviridae,Q.mcv -T 1 -pre iqtree_species/OG0000067.fa
Seed:    911089 (Using SPRNG - Scalable Parallel Random Number Generator)
Time:    Wed Apr  2 11:50:22 2025
Kernel:  AVX+FMA - 1 threads (32 CPU cores detected)

HINT: Use -nt option to specify number of threads because your CPU has 32 cores!
HINT: -nt AUTO will automatically determine the best number of threads to use.

Reading alignment file alignments_species_muscle5_edited_trimmed/OG0000067.fa ... Fasta format detected
Reading fasta file: done in 0.000205994 secs using 49.52% CPU
Alignment most likely contains protein sequences
Constructing alignment: done in 0.000133991 secs using 50% CPU
Alignment has 58 sequences with 137 columns, 76 distinct patterns
45 parsimony-informative, 6 singleton sites, 86 constant sites
                                           Gap/Ambiguity  Composition  p-value
Analyzing sequences: done in 1.00136e-05 secs using 49.93% CPU
   1  MW883603_Megalocytivirus_pagrus1_ISKNV       2.92%    passed    100.00%
   2  ON740976_Megalocytivirus_pagrus1_RSIV        0.00%    passed     99.83%
   3  OQ513807_Megalocytivirus_pagrus1_ISKNV       4.38%    passed    100.00%
   4  GQ273492_Megalocytivirus_pagrus1_TRBIV       6.57%    passed     94.90%
   5  MK098185_Megalocytivirus_pagrus1_RSIV        0.00%    passed     99.92%
   6  MW883593_Megalocytivirus_pagrus1_ISKNV       2.92%    passed    100.00%
   7  MW883597_Megalocytivirus_pagrus1_ISKNV       2.92%    passed    100.00%
   8  BD143114_Megalocytivirus_pagrus1_RSIV        0.00%    passed     99.92%
   9  NC_003494_Megalocytivirus_pagrus1_ISKNV      2.92%    passed    100.00%
  10  PP151097_Megalocytivirus_pagrus1_ISKNV       2.92%    passed    100.00%
  11  23043610003_Megalocytivirus_pagrus1_ISKNV    2.92%    passed    100.00%
  12  MG570132_Megalocytivirus_pagrus1_TRBIV       8.76%    passed     96.16%
  13  MW139932_Megalocytivirus_pagrus1_RSIV        0.00%    passed     99.92%
  14  MK689685_Megalocytivirus_pagrus1_ISKNV       2.92%    passed    100.00%
  15  MW883599_Megalocytivirus_pagrus1_ISKNV       2.92%    passed    100.00%
  16  MW883600_Megalocytivirus_pagrus1_ISKNV       2.92%    passed    100.00%
  17  MW883598_Megalocytivirus_pagrus1_RSIV        0.00%    passed     99.83%
  18  MW883595_Megalocytivirus_pagrus1_ISKNV       2.92%    passed    100.00%
  19  AB104413_Megalocytivirus_pagrus1_RSIV        0.00%    passed     99.92%
  20  OK042108_Megalocytivirus_pagrus1_RSIV        0.00%    passed     99.92%
  21  MT128667_Megalocytivirus_pagrus1_ISKNV       2.92%    passed    100.00%
  22  MK098187_Megalocytivirus_pagrus1_RSIV        0.00%    passed     99.92%
  23  OL774655_Megalocytivirus_pagrus1_RSIV        0.00%    passed     99.92%
  24  MW883602_Megalocytivirus_pagrus1_ISKNV       2.92%    passed    100.00%
  25  MW883601_Megalocytivirus_pagrus1_ISKNV       2.92%    passed    100.00%
  26  MW883594_Megalocytivirus_pagrus1_ISKNV       2.92%    passed    100.00%
  27  OR670976_Megalocytivirus_pagrus1_ISKNV       3.65%    passed    100.00%
  28  ON743042_Megalocytivirus_pagrus1_RSIV        0.00%    passed     99.92%
  29  MW883606_Megalocytivirus_pagrus1_ISKNV       2.92%    passed    100.00%
  30  MK098186_Megalocytivirus_pagrus1_RSIV        0.00%    passed     99.92%
  31  MT128666_Megalocytivirus_pagrus1_ISKNV       2.92%    passed    100.00%
  32  MW883596_Megalocytivirus_pagrus1_ISKNV       2.92%    passed    100.00%
  33  MT926123_Megalocytivirus_pagrus1_ISKNV       2.92%    passed    100.00%
  34  KT804738_Megalocytivirus_pagrus1_RSIV        0.00%    passed     99.83%
  35  OP896201_Megalocytivirus_pagrus1_ISKNV       2.92%    passed    100.00%
  36  KC244182_Megalocytivirus_pagrus1_RSIV        0.00%    passed     99.83%
  37  23043610005_Megalocytivirus_pagrus1_ISKNV    2.92%    passed    100.00%
  38  PP974677_Megalocytivirus_pagrus1_ISKNV       2.92%    passed    100.00%
  39  ON212400_Megalocytivirus_pagrus1_ISKNV       2.92%    passed    100.00%
  40  AF371960_Megalocytivirus_pagrus1_ISKNV       2.92%    passed    100.00%
  41  MT986830_Megalocytivirus_pagrus1_ISKNV       2.92%    passed    100.00%
  42  OQ475017_Megalocytivirus_pagrus1_RSIV        0.00%    passed     99.92%
  43  AY894343_Megalocytivirus_pagrus1_RSIV        0.00%    passed     99.83%
  44  OL774653_Megalocytivirus_pagrus1_RSIV        0.00%    passed     99.92%
  45  KT781098_Megalocytivirus_pagrus1_ISKNV       2.92%    passed    100.00%
  46  OK042109_Megalocytivirus_pagrus1_RSIV        0.00%    passed     99.83%
  47  MK689686_Megalocytivirus_pagrus1_RSIV        0.00%    passed     99.83%
  48  OL774654_Megalocytivirus_pagrus1_RSIV        0.00%    passed     99.92%
  49  OR536350_Megalocytivirus_pagrus1_ISKNV       2.92%    passed    100.00%
  50  MW273354_Megalocytivirus_pagrus1_ISKNV       2.92%    passed    100.00%
  51  ON075463_Megalocytivirus_pagrus1_RSIV        0.00%    passed     99.84%
  52  MN432490_Megalocytivirus_pagrus1_ISKNV       2.92%    passed    100.00%
  53  MW273353_Megalocytivirus_pagrus1_ISKNV       2.92%    passed     99.99%
  54  MT798582_Megalocytivirus_pagrus1_RSIV        0.00%    passed     99.84%
  55  AP017456_Megalocytivirus_pagrus1_RSIV        0.00%    passed     99.83%
  56  OP009387_Megalocytivirus_pagrus1_ISKNV       2.92%    passed    100.00%
  57  MG570131_Megalocytivirus_pagrus1_TRBIV       8.76%    passed     96.16%
  58  OR356116_Megalocytivirus_pagrus1_ISKNV       2.92%    passed    100.00%
****  TOTAL                                        2.11%  0 sequences failed composition chi2 test (p-value<5%; df=19)
NOTE: MW883593_Megalocytivirus_pagrus1_ISKNV is identical to MW883603_Megalocytivirus_pagrus1_ISKNV but kept for subsequent analysis
NOTE: MW883598_Megalocytivirus_pagrus1_RSIV is identical to ON740976_Megalocytivirus_pagrus1_RSIV but kept for subsequent analysis
NOTE: BD143114_Megalocytivirus_pagrus1_RSIV is identical to MK098185_Megalocytivirus_pagrus1_RSIV but kept for subsequent analysis
NOTE: MG570131_Megalocytivirus_pagrus1_TRBIV is identical to MG570132_Megalocytivirus_pagrus1_TRBIV but kept for subsequent analysis
NOTE: PP974677_Megalocytivirus_pagrus1_ISKNV is identical to MW883595_Megalocytivirus_pagrus1_ISKNV but kept for subsequent analysis
NOTE: MT798582_Megalocytivirus_pagrus1_RSIV is identical to ON075463_Megalocytivirus_pagrus1_RSIV but kept for subsequent analysis
Checking for duplicate sequences: done in 8.39233e-05 secs using 50.05% CPU
Identifying sites to remove: done in 3.60012e-05 secs using 50% CPU
NOTE: 42 identical sequences (see below) will be ignored for subsequent analysis
NOTE: MW883597_Megalocytivirus_pagrus1_ISKNV (identical to MW883603_Megalocytivirus_pagrus1_ISKNV) is ignored but added at the end
NOTE: NC_003494_Megalocytivirus_pagrus1_ISKNV (identical to MW883603_Megalocytivirus_pagrus1_ISKNV) is ignored but added at the end
NOTE: PP151097_Megalocytivirus_pagrus1_ISKNV (identical to MW883603_Megalocytivirus_pagrus1_ISKNV) is ignored but added at the end
NOTE: 23043610003_Megalocytivirus_pagrus1_ISKNV (identical to MW883603_Megalocytivirus_pagrus1_ISKNV) is ignored but added at the end
NOTE: MK689685_Megalocytivirus_pagrus1_ISKNV (identical to MW883603_Megalocytivirus_pagrus1_ISKNV) is ignored but added at the end
NOTE: MW883599_Megalocytivirus_pagrus1_ISKNV (identical to MW883603_Megalocytivirus_pagrus1_ISKNV) is ignored but added at the end
NOTE: MW883600_Megalocytivirus_pagrus1_ISKNV (identical to MW883603_Megalocytivirus_pagrus1_ISKNV) is ignored but added at the end
NOTE: MT128667_Megalocytivirus_pagrus1_ISKNV (identical to MW883603_Megalocytivirus_pagrus1_ISKNV) is ignored but added at the end
NOTE: MW883602_Megalocytivirus_pagrus1_ISKNV (identical to MW883603_Megalocytivirus_pagrus1_ISKNV) is ignored but added at the end
NOTE: MW883601_Megalocytivirus_pagrus1_ISKNV (identical to MW883603_Megalocytivirus_pagrus1_ISKNV) is ignored but added at the end
NOTE: MW883594_Megalocytivirus_pagrus1_ISKNV (identical to MW883603_Megalocytivirus_pagrus1_ISKNV) is ignored but added at the end
NOTE: MW883606_Megalocytivirus_pagrus1_ISKNV (identical to MW883603_Megalocytivirus_pagrus1_ISKNV) is ignored but added at the end
NOTE: MT128666_Megalocytivirus_pagrus1_ISKNV (identical to MW883603_Megalocytivirus_pagrus1_ISKNV) is ignored but added at the end
NOTE: MW883596_Megalocytivirus_pagrus1_ISKNV (identical to MW883603_Megalocytivirus_pagrus1_ISKNV) is ignored but added at the end
NOTE: MT926123_Megalocytivirus_pagrus1_ISKNV (identical to MW883603_Megalocytivirus_pagrus1_ISKNV) is ignored but added at the end
NOTE: OP896201_Megalocytivirus_pagrus1_ISKNV (identical to MW883603_Megalocytivirus_pagrus1_ISKNV) is ignored but added at the end
NOTE: 23043610005_Megalocytivirus_pagrus1_ISKNV (identical to MW883603_Megalocytivirus_pagrus1_ISKNV) is ignored but added at the end
NOTE: ON212400_Megalocytivirus_pagrus1_ISKNV (identical to MW883603_Megalocytivirus_pagrus1_ISKNV) is ignored but added at the end
NOTE: AF371960_Megalocytivirus_pagrus1_ISKNV (identical to MW883603_Megalocytivirus_pagrus1_ISKNV) is ignored but added at the end
NOTE: KT781098_Megalocytivirus_pagrus1_ISKNV (identical to MW883603_Megalocytivirus_pagrus1_ISKNV) is ignored but added at the end
NOTE: OR536350_Megalocytivirus_pagrus1_ISKNV (identical to MW883603_Megalocytivirus_pagrus1_ISKNV) is ignored but added at the end
NOTE: MW273354_Megalocytivirus_pagrus1_ISKNV (identical to MW883603_Megalocytivirus_pagrus1_ISKNV) is ignored but added at the end
NOTE: OR356116_Megalocytivirus_pagrus1_ISKNV (identical to MW883603_Megalocytivirus_pagrus1_ISKNV) is ignored but added at the end
NOTE: KT804738_Megalocytivirus_pagrus1_RSIV (identical to ON740976_Megalocytivirus_pagrus1_RSIV) is ignored but added at the end
NOTE: KC244182_Megalocytivirus_pagrus1_RSIV (identical to ON740976_Megalocytivirus_pagrus1_RSIV) is ignored but added at the end
NOTE: AY894343_Megalocytivirus_pagrus1_RSIV (identical to ON740976_Megalocytivirus_pagrus1_RSIV) is ignored but added at the end
NOTE: OK042109_Megalocytivirus_pagrus1_RSIV (identical to ON740976_Megalocytivirus_pagrus1_RSIV) is ignored but added at the end
NOTE: MK689686_Megalocytivirus_pagrus1_RSIV (identical to ON740976_Megalocytivirus_pagrus1_RSIV) is ignored but added at the end
NOTE: AP017456_Megalocytivirus_pagrus1_RSIV (identical to ON740976_Megalocytivirus_pagrus1_RSIV) is ignored but added at the end
NOTE: MW139932_Megalocytivirus_pagrus1_RSIV (identical to MK098185_Megalocytivirus_pagrus1_RSIV) is ignored but added at the end
NOTE: AB104413_Megalocytivirus_pagrus1_RSIV (identical to MK098185_Megalocytivirus_pagrus1_RSIV) is ignored but added at the end
NOTE: OK042108_Megalocytivirus_pagrus1_RSIV (identical to MK098185_Megalocytivirus_pagrus1_RSIV) is ignored but added at the end
NOTE: MK098187_Megalocytivirus_pagrus1_RSIV (identical to MK098185_Megalocytivirus_pagrus1_RSIV) is ignored but added at the end
NOTE: OL774655_Megalocytivirus_pagrus1_RSIV (identical to MK098185_Megalocytivirus_pagrus1_RSIV) is ignored but added at the end
NOTE: ON743042_Megalocytivirus_pagrus1_RSIV (identical to MK098185_Megalocytivirus_pagrus1_RSIV) is ignored but added at the end
NOTE: MK098186_Megalocytivirus_pagrus1_RSIV (identical to MK098185_Megalocytivirus_pagrus1_RSIV) is ignored but added at the end
NOTE: OQ475017_Megalocytivirus_pagrus1_RSIV (identical to MK098185_Megalocytivirus_pagrus1_RSIV) is ignored but added at the end
NOTE: OL774653_Megalocytivirus_pagrus1_RSIV (identical to MK098185_Megalocytivirus_pagrus1_RSIV) is ignored but added at the end
NOTE: OL774654_Megalocytivirus_pagrus1_RSIV (identical to MK098185_Megalocytivirus_pagrus1_RSIV) is ignored but added at the end
NOTE: MT986830_Megalocytivirus_pagrus1_ISKNV (identical to MW883595_Megalocytivirus_pagrus1_ISKNV) is ignored but added at the end
NOTE: MN432490_Megalocytivirus_pagrus1_ISKNV (identical to MW883595_Megalocytivirus_pagrus1_ISKNV) is ignored but added at the end
NOTE: OP009387_Megalocytivirus_pagrus1_ISKNV (identical to MW883595_Megalocytivirus_pagrus1_ISKNV) is ignored but added at the end
Alignment was printed to iqtree_species/OG0000067.fa.uniqueseq.phy

For your convenience alignment with unique sequences printed to iqtree_species/OG0000067.fa.uniqueseq.phy


Create initial parsimony tree by phylogenetic likelihood library (PLL)... 0.000 seconds
Perform fast likelihood tree search using LG+I+G model...
Estimate model parameters (epsilon = 5.000)
Perform nearest neighbor interchange...
Optimizing NNI: done in 0.012074 secs using 100% CPU
Estimate model parameters (epsilon = 1.000)
1. Initial log-likelihood: -810.529
Optimal log-likelihood: -810.514
Proportion of invariable sites: 0.321
Gamma shape alpha: 231.327
Parameters optimization took 1 rounds (0.009 sec)
Time for fast ML tree search: 0.032 seconds

NOTE: ModelFinder requires 2 MB RAM!
ModelFinder will test up to 1320 protein models (sample size: 137) ...
 No. Model         -LnL         df  AIC          AICc         BIC
  1  Blosum62      822.337      29  1702.674     1718.936     1787.353
  2  Blosum62+I    820.028      30  1700.056     1717.603     1787.656
  3  Blosum62+G4   820.492      30  1700.985     1718.532     1788.584
  4  Blosum62+I+G4 820.037      31  1702.073     1720.968     1792.593
  5  Blosum62+R2   820.322      31  1702.645     1721.540     1793.164
  6  Blosum62+R3   820.373      33  1706.745     1728.532     1803.105
 14  Blosum62+I+R2 820.237      32  1704.475     1724.783     1797.914
 15  Blosum62+I+R3 820.177      34  1708.354     1731.687     1807.633
 23  Blosum62+F    812.865      48  1721.730     1775.184     1861.889
 24  Blosum62+F+I  810.717      49  1719.434     1775.755     1862.513
 25  Blosum62+F+G4 811.206      49  1720.413     1776.734     1863.492
 26  Blosum62+F+I+G4 810.720      50  1721.440     1780.742     1867.439
 27  Blosum62+F+R2 811.005      50  1722.010     1781.312     1868.009
 45  cpREV         812.592      29  1683.184     1699.446     1767.863
 46  cpREV+I       809.757      30  1679.515     1697.062     1767.114
 47  cpREV+G4      810.146      30  1680.292     1697.839     1767.891
 48  cpREV+I+G4    809.787      31  1681.574     1700.469     1772.093
 49  cpREV+R2      810.079      31  1682.159     1701.054     1772.678
 67  cpREV+F       802.745      48  1701.489     1754.944     1841.648
 68  cpREV+F+I     799.842      49  1697.684     1754.006     1840.763
 69  cpREV+F+G4    800.296      49  1698.592     1754.913     1841.671
 70  cpREV+F+I+G4  799.889      50  1699.778     1759.081     1845.777
 71  cpREV+F+R2    800.212      50  1700.424     1759.726     1846.423
 89  Dayhoff       822.027      29  1702.053     1718.315     1786.733
 90  Dayhoff+I     818.910      30  1697.820     1715.368     1785.420
 91  Dayhoff+G4    819.150      30  1698.300     1715.847     1785.899
 92  Dayhoff+I+G4  818.932      31  1699.864     1718.760     1790.384
 93  Dayhoff+R2    819.152      31  1700.303     1719.198     1790.823
111  Dayhoff+F     807.878      48  1711.755     1765.210     1851.914
112  Dayhoff+F+I   804.935      49  1707.870     1764.192     1850.949
113  Dayhoff+F+G4  805.325      49  1708.651     1764.973     1851.730
114  Dayhoff+F+I+G4 804.975      50  1709.951     1769.253     1855.950
115  Dayhoff+F+R2  805.234      50  1710.468     1769.771     1856.467
133  DCMut         821.992      29  1701.983     1718.245     1786.663
134  DCMut+I       818.898      30  1697.796     1715.343     1785.395
135  DCMut+G4      819.139      30  1698.279     1715.826     1785.878
136  DCMut+I+G4    818.920      31  1699.839     1718.734     1790.359
137  DCMut+R2      819.137      31  1700.274     1719.170     1790.794
155  DCMut+F       807.871      48  1711.743     1765.197     1851.902
156  DCMut+F+I     804.949      49  1707.898     1764.220     1850.977
157  DCMut+F+G4    805.338      49  1708.676     1764.998     1851.755
158  DCMut+F+I+G4  804.988      50  1709.975     1769.278     1855.974
159  DCMut+F+R2    805.245      50  1710.489     1769.792     1856.489
WARNING: Normalizing state frequencies so that sum of them equals to 1
177  FLAVI         820.526      29  1699.053     1715.315     1783.732
WARNING: Normalizing state frequencies so that sum of them equals to 1
178  FLAVI+I       814.531      30  1689.063     1706.610     1776.662
WARNING: Normalizing state frequencies so that sum of them equals to 1
179  FLAVI+G4      814.844      30  1689.689     1707.236     1777.288
WARNING: Normalizing state frequencies so that sum of them equals to 1
180  FLAVI+I+G4    814.673      31  1691.346     1710.241     1781.865
WARNING: Normalizing state frequencies so that sum of them equals to 1
181  FLAVI+R2      814.815      31  1691.630     1710.525     1782.150
WARNING: Normalizing state frequencies so that sum of them equals to 1
199  FLAVI+F       803.991      48  1703.983     1757.437     1844.142
WARNING: Normalizing state frequencies so that sum of them equals to 1
200  FLAVI+F+I     798.471      49  1694.943     1751.264     1838.022
WARNING: Normalizing state frequencies so that sum of them equals to 1
201  FLAVI+F+G4    798.924      49  1695.848     1752.170     1838.927
WARNING: Normalizing state frequencies so that sum of them equals to 1
202  FLAVI+F+I+G4  798.676      50  1697.353     1756.655     1843.352
WARNING: Normalizing state frequencies so that sum of them equals to 1
203  FLAVI+F+R2    798.917      50  1697.835     1757.137     1843.834
221  FLU           817.486      29  1692.971     1709.233     1777.651
222  FLU+I         813.258      30  1686.517     1704.064     1774.116
223  FLU+G4        813.786      30  1687.572     1705.119     1775.172
224  FLU+I+G4      813.391      31  1688.781     1707.677     1779.301
225  FLU+R2        813.774      31  1689.549     1708.444     1780.068
243  FLU+F         800.707      48  1697.414     1750.869     1837.573
244  FLU+F+I       795.700      49  1689.400     1745.722     1832.479
245  FLU+F+G4      796.534      49  1691.067     1747.389     1834.146
246  FLU+F+I+G4    795.979      50  1691.958     1751.260     1837.957
247  FLU+F+R2      796.463      50  1692.926     1752.228     1838.925
265  HIVb          817.441      29  1692.883     1709.144     1777.562
266  HIVb+I        813.058      30  1686.115     1703.662     1773.714
267  HIVb+G4       813.325      30  1686.651     1704.198     1774.250
268  HIVb+I+G4     813.122      31  1688.244     1707.140     1778.764
269  HIVb+R2       813.442      31  1688.884     1707.780     1779.404
287  HIVb+F        801.882      48  1699.764     1753.218     1839.923
288  HIVb+F+I      797.065      49  1692.130     1748.452     1835.209
289  HIVb+F+G4     797.439      49  1692.879     1749.200     1835.958
290  HIVb+F+I+G4   797.190      50  1694.381     1753.683     1840.380
291  HIVb+F+R2     797.517      50  1695.034     1754.337     1841.033
309  HIVw          839.712      29  1737.424     1753.686     1822.103
310  HIVw+I        835.521      30  1731.043     1748.590     1818.642
311  HIVw+G4       835.519      30  1731.038     1748.585     1818.637
312  HIVw+I+G4     835.458      31  1732.916     1751.812     1823.436
313  HIVw+R2       835.682      31  1733.364     1752.259     1823.884
331  HIVw+F        809.750      48  1715.499     1768.954     1855.658
332  HIVw+F+I      804.445      49  1706.889     1763.211     1849.968
333  HIVw+F+G4     804.865      49  1707.731     1764.052     1850.810
334  HIVw+F+I+G4   804.619      50  1709.238     1768.541     1855.237
335  HIVw+F+R2     804.972      50  1709.944     1769.246     1855.943
353  JTT           800.648      29  1659.297     1675.558     1743.976
354  JTT+I         798.427      30  1656.855     1674.402     1744.454
355  JTT+G4        798.803      30  1657.607     1675.154     1745.206
356  JTT+I+G4      798.430      31  1658.859     1677.755     1749.379
357  JTT+R2        798.656      31  1659.313     1678.208     1749.832
375  JTT+F         792.297      48  1680.594     1734.049     1820.753
376  JTT+F+I       790.112      49  1678.224     1734.545     1821.303
377  JTT+F+G4      790.572      49  1679.145     1735.466     1822.224
378  JTT+F+I+G4    790.116      50  1680.233     1739.535     1826.232
379  JTT+F+R2      790.387      50  1680.775     1740.077     1826.774
397  JTTDCMut      800.838      29  1659.677     1675.938     1744.356
398  JTTDCMut+I    798.650      30  1657.299     1674.846     1744.898
399  JTTDCMut+G4   799.008      30  1658.017     1675.564     1745.616
400  JTTDCMut+I+G4 798.651      31  1659.302     1678.198     1749.822
401  JTTDCMut+R2   798.866      31  1659.732     1678.627     1750.251
419  JTTDCMut+F    792.331      48  1680.662     1734.117     1820.821
420  JTTDCMut+F+I  790.171      49  1678.342     1734.664     1821.421
421  JTTDCMut+F+G4 790.617      49  1679.233     1735.555     1822.312
422  JTTDCMut+F+I+G4 790.175      50  1680.350     1739.652     1826.349
423  JTTDCMut+F+R2 790.435      50  1680.871     1740.173     1826.870
441  LG            813.309      29  1684.617     1700.879     1769.297
442  LG+I          810.463      30  1680.925     1698.473     1768.525
443  LG+G4         810.951      30  1681.903     1699.450     1769.502
444  LG+I+G4       810.493      31  1682.985     1701.881     1773.505
445  LG+R2         810.803      31  1683.606     1702.502     1774.126
463  LG+F          802.904      48  1701.809     1755.263     1841.968
464  LG+F+I        800.101      49  1698.201     1754.523     1841.280
465  LG+F+G4       800.643      49  1699.285     1755.607     1842.364
466  LG+F+I+G4     800.136      50  1700.272     1759.574     1846.271
467  LG+F+R2       800.465      50  1700.930     1760.232     1846.929
485  mtART         880.889      29  1819.779     1836.041     1904.458
486  mtART+I       865.251      30  1790.503     1808.050     1878.102
487  mtART+G4      863.241      30  1786.482     1804.029     1874.082
488  mtART+I+G4    863.419      31  1788.838     1807.733     1879.358
489  mtART+R2      864.043      31  1790.087     1808.982     1880.606
507  mtART+F       839.231      48  1774.462     1827.917     1914.621
508  mtART+F+I     826.985      49  1751.970     1808.292     1895.049
509  mtART+F+G4    826.433      49  1750.866     1807.188     1893.945
510  mtART+F+I+G4  826.625      50  1753.249     1812.551     1899.248
511  mtART+F+R2    826.639      50  1753.278     1812.580     1899.277
529  mtMAM         868.438      29  1794.875     1811.137     1879.555
530  mtMAM+I       854.598      30  1769.196     1786.743     1856.795
531  mtMAM+G4      852.723      30  1765.446     1782.993     1853.046
532  mtMAM+I+G4    852.949      31  1767.898     1786.793     1858.417
533  mtMAM+R2      853.379      31  1768.758     1787.653     1859.277
551  mtMAM+F       820.284      48  1736.568     1790.023     1876.728
552  mtMAM+F+I     808.747      49  1715.494     1771.815     1858.573
553  mtMAM+F+G4    809.188      49  1716.376     1772.698     1859.455
554  mtMAM+F+I+G4  809.126      50  1718.252     1777.555     1864.251
555  mtMAM+F+R2    809.496      50  1718.991     1778.294     1864.990
573  mtREV         854.390      29  1766.780     1783.041     1851.459
574  mtREV+I       846.397      30  1752.794     1770.341     1840.393
575  mtREV+G4      846.440      30  1752.881     1770.428     1840.480
576  mtREV+I+G4    846.452      31  1754.904     1773.799     1845.423
577  mtREV+R2      846.364      31  1754.729     1773.624     1845.248
595  mtREV+F       809.897      48  1715.794     1769.249     1855.953
596  mtREV+F+I     804.238      49  1706.476     1762.798     1849.555
597  mtREV+F+G4    804.663      49  1707.327     1763.648     1850.406
598  mtREV+F+I+G4  804.456      50  1708.911     1768.213     1854.910
599  mtREV+F+R2    804.564      50  1709.128     1768.430     1855.127
617  mtZOA         850.980      29  1759.961     1776.222     1844.640
618  mtZOA+I       841.404      30  1742.807     1760.354     1830.407
619  mtZOA+G4      840.966      30  1741.933     1759.480     1829.532
620  mtZOA+I+G4    841.081      31  1744.163     1763.058     1834.682
621  mtZOA+R2      841.038      31  1744.075     1762.971     1834.595
639  mtZOA+F       816.469      48  1728.938     1782.393     1869.097
640  mtZOA+F+I     810.053      49  1718.105     1774.427     1861.185
641  mtZOA+F+G4    810.423      49  1718.847     1775.169     1861.926
642  mtZOA+F+I+G4  810.305      50  1720.610     1779.913     1866.609
643  mtZOA+F+R2    810.286      50  1720.572     1779.874     1866.571
661  mtMet         849.541      29  1757.082     1773.344     1841.762
662  mtMet+I       843.588      30  1747.176     1764.723     1834.776
663  mtMet+G4      843.694      30  1747.388     1764.935     1834.987
664  mtMet+I+G4    843.638      31  1749.276     1768.171     1839.795
665  mtMet+R2      843.565      31  1749.129     1768.024     1839.648
683  mtMet+F       800.092      48  1696.184     1749.638     1836.343
684  mtMet+F+I     795.847      49  1689.694     1746.016     1832.773
685  mtMet+F+G4    796.402      49  1690.803     1747.125     1833.883
686  mtMet+F+I+G4  796.030      50  1692.060     1751.362     1838.059
687  mtMet+F+R2    796.417      50  1692.833     1752.135     1838.832
705  mtVer         852.028      29  1762.057     1778.318     1846.736
706  mtVer+I       845.422      30  1750.844     1768.392     1838.444
707  mtVer+G4      845.037      30  1750.075     1767.622     1837.674
708  mtVer+I+G4    845.140      31  1752.279     1771.175     1842.799
709  mtVer+R2      844.944      31  1751.888     1770.783     1842.407
727  mtVer+F       801.044      48  1698.088     1751.543     1838.248
728  mtVer+F+I     796.228      49  1690.456     1746.778     1833.535
729  mtVer+F+G4    796.758      49  1691.516     1747.838     1834.595
730  mtVer+F+I+G4  796.458      50  1692.916     1752.218     1838.915
731  mtVer+F+R2    796.705      50  1693.410     1752.712     1839.409
749  mtInv         858.373      29  1774.746     1791.008     1859.426
750  mtInv+I       853.306      30  1766.612     1784.159     1854.212
751  mtInv+G4      853.561      30  1767.121     1784.668     1854.721
752  mtInv+I+G4    853.439      31  1768.877     1787.772     1859.397
753  mtInv+R2      853.488      31  1768.975     1787.871     1859.495
771  mtInv+F       800.249      48  1696.497     1749.952     1836.656
772  mtInv+F+I     796.708      49  1691.417     1747.739     1834.496
773  mtInv+F+G4    797.146      49  1692.291     1748.613     1835.370
774  mtInv+F+I+G4  796.818      50  1693.637     1752.939     1839.636
775  mtInv+F+R2    797.105      50  1694.210     1753.512     1840.209
793  PMB           815.423      29  1688.845     1705.107     1773.525
794  PMB+I         813.580      30  1687.160     1704.708     1774.760
795  PMB+G4        813.979      30  1687.957     1705.504     1775.557
796  PMB+I+G4      813.583      31  1689.167     1708.062     1779.686
797  PMB+R2        813.801      31  1689.603     1708.498     1780.122
815  PMB+F         809.025      48  1714.051     1767.505     1854.210
816  PMB+F+I       807.245      49  1712.490     1768.811     1855.569
817  PMB+F+G4      807.651      49  1713.302     1769.624     1856.381
818  PMB+F+I+G4    807.249      50  1714.497     1773.800     1860.496
819  PMB+F+R2      807.462      50  1714.923     1774.225     1860.922
WARNING: Normalizing state frequencies so that sum of them equals to 1
837  Q.bird        794.357      29  1646.715     1662.977     1731.394
WARNING: Normalizing state frequencies so that sum of them equals to 1
838  Q.bird+I      790.868      30  1641.736     1659.283     1729.336
WARNING: Normalizing state frequencies so that sum of them equals to 1
839  Q.bird+G4     791.281      30  1642.561     1660.108     1730.161
WARNING: Normalizing state frequencies so that sum of them equals to 1
840  Q.bird+I+G4   790.959      31  1643.917     1662.813     1734.437
WARNING: Normalizing state frequencies so that sum of them equals to 1
841  Q.bird+R2     791.267      31  1644.534     1663.429     1735.054
WARNING: Normalizing state frequencies so that sum of them equals to 1
859  Q.bird+F      789.025      48  1674.049     1727.504     1814.208
WARNING: Normalizing state frequencies so that sum of them equals to 1
860  Q.bird+F+I    785.330      49  1668.660     1724.982     1811.739
WARNING: Normalizing state frequencies so that sum of them equals to 1
861  Q.bird+F+G4   785.819      49  1669.638     1725.960     1812.717
WARNING: Normalizing state frequencies so that sum of them equals to 1
862  Q.bird+F+I+G4 785.462      50  1670.924     1730.226     1816.923
WARNING: Normalizing state frequencies so that sum of them equals to 1
863  Q.bird+F+R2   785.836      50  1671.672     1730.974     1817.671
881  Q.insect      813.181      29  1684.362     1700.623     1769.041
882  Q.insect+I    810.510      30  1681.021     1698.568     1768.620
883  Q.insect+G4   810.977      30  1681.953     1699.500     1769.553
884  Q.insect+I+G4 810.543      31  1683.085     1701.980     1773.605
885  Q.insect+R2   810.841      31  1683.683     1702.578     1774.202
903  Q.insect+F    800.716      48  1697.432     1750.887     1837.591
904  Q.insect+F+I  797.821      49  1693.641     1749.963     1836.720
905  Q.insect+F+G4 798.292      49  1694.583     1750.905     1837.663
906  Q.insect+F+I+G4 797.872      50  1695.743     1755.046     1841.743
907  Q.insect+F+R2 798.168      50  1696.335     1755.637     1842.334
WARNING: Normalizing state frequencies so that sum of them equals to 1
925  Q.mammal      795.523      29  1649.046     1665.307     1733.725
WARNING: Normalizing state frequencies so that sum of them equals to 1
926  Q.mammal+I    792.350      30  1644.699     1662.247     1732.299
WARNING: Normalizing state frequencies so that sum of them equals to 1
927  Q.mammal+G4   792.773      30  1645.545     1663.093     1733.145
WARNING: Normalizing state frequencies so that sum of them equals to 1
928  Q.mammal+I+G4 792.426      31  1646.852     1665.747     1737.371
WARNING: Normalizing state frequencies so that sum of them equals to 1
929  Q.mammal+R2   792.718      31  1647.435     1666.330     1737.955
WARNING: Normalizing state frequencies so that sum of them equals to 1
947  Q.mammal+F    790.685      48  1677.369     1730.824     1817.528
WARNING: Normalizing state frequencies so that sum of them equals to 1
948  Q.mammal+F+I  787.328      49  1672.656     1728.978     1815.735
WARNING: Normalizing state frequencies so that sum of them equals to 1
949  Q.mammal+F+G4 787.818      49  1673.637     1729.958     1816.716
WARNING: Normalizing state frequencies so that sum of them equals to 1
950  Q.mammal+F+I+G4 787.442      50  1674.884     1734.186     1820.883
WARNING: Normalizing state frequencies so that sum of them equals to 1
951  Q.mammal+F+R2 787.787      50  1675.574     1734.876     1821.573
WARNING: Normalizing state frequencies so that sum of them equals to 1
969  Q.pfam        810.498      29  1678.996     1695.258     1763.675
WARNING: Normalizing state frequencies so that sum of them equals to 1
970  Q.pfam+I      807.720      30  1675.439     1692.986     1763.039
WARNING: Normalizing state frequencies so that sum of them equals to 1
971  Q.pfam+G4     808.278      30  1676.556     1694.103     1764.155
WARNING: Normalizing state frequencies so that sum of them equals to 1
972  Q.pfam+I+G4   807.745      31  1677.491     1696.386     1768.010
WARNING: Normalizing state frequencies so that sum of them equals to 1
973  Q.pfam+R2     808.092      31  1678.184     1697.079     1768.703
WARNING: Normalizing state frequencies so that sum of them equals to 1
991  Q.pfam+F      801.440      48  1698.880     1752.334     1839.039
WARNING: Normalizing state frequencies so that sum of them equals to 1
992  Q.pfam+F+I    798.641      49  1695.283     1751.604     1838.362
WARNING: Normalizing state frequencies so that sum of them equals to 1
993  Q.pfam+F+G4   799.251      49  1696.502     1752.824     1839.581
WARNING: Normalizing state frequencies so that sum of them equals to 1
994  Q.pfam+F+I+G4 798.675      50  1697.349     1756.652     1843.348
WARNING: Normalizing state frequencies so that sum of them equals to 1
995  Q.pfam+F+R2   799.048      50  1698.096     1757.398     1844.095
WARNING: Normalizing state frequencies so that sum of them equals to 1
1013  Q.plant       800.372      29  1658.744     1675.006     1743.423
WARNING: Normalizing state frequencies so that sum of them equals to 1
1014  Q.plant+I     797.080      30  1654.161     1671.708     1741.760
WARNING: Normalizing state frequencies so that sum of them equals to 1
1015  Q.plant+G4    797.594      30  1655.188     1672.735     1742.788
WARNING: Normalizing state frequencies so that sum of them equals to 1
1016  Q.plant+I+G4  797.173      31  1656.346     1675.241     1746.865
WARNING: Normalizing state frequencies so that sum of them equals to 1
1017  Q.plant+R2    797.527      31  1657.054     1675.949     1747.573
WARNING: Normalizing state frequencies so that sum of them equals to 1
1035  Q.plant+F     792.964      48  1681.927     1735.382     1822.086
WARNING: Normalizing state frequencies so that sum of them equals to 1
1036  Q.plant+F+I   789.301      49  1676.602     1732.924     1819.681
WARNING: Normalizing state frequencies so that sum of them equals to 1
1037  Q.plant+F+G4  789.938      49  1677.876     1734.198     1820.955
WARNING: Normalizing state frequencies so that sum of them equals to 1
1038  Q.plant+F+I+G4 789.460      50  1678.921     1738.223     1824.920
WARNING: Normalizing state frequencies so that sum of them equals to 1
1039  Q.plant+F+R2  789.916      50  1679.833     1739.135     1825.832
WARNING: Normalizing state frequencies so that sum of them equals to 1
1057  Q.yeast       817.723      29  1693.446     1709.708     1778.126
WARNING: Normalizing state frequencies so that sum of them equals to 1
1058  Q.yeast+I     815.094      30  1690.188     1707.735     1777.787
WARNING: Normalizing state frequencies so that sum of them equals to 1
1059  Q.yeast+G4    815.652      30  1691.303     1708.851     1778.903
WARNING: Normalizing state frequencies so that sum of them equals to 1
1060  Q.yeast+I+G4  815.117      31  1692.234     1711.129     1782.754
WARNING: Normalizing state frequencies so that sum of them equals to 1
1061  Q.yeast+R2    815.459      31  1692.919     1711.814     1783.438
WARNING: Normalizing state frequencies so that sum of them equals to 1
1079  Q.yeast+F     801.774      48  1699.547     1753.002     1839.706
WARNING: Normalizing state frequencies so that sum of them equals to 1
1080  Q.yeast+F+I   798.813      49  1695.626     1751.948     1838.705
WARNING: Normalizing state frequencies so that sum of them equals to 1
1081  Q.yeast+F+G4  799.380      49  1696.759     1753.081     1839.838
WARNING: Normalizing state frequencies so that sum of them equals to 1
1082  Q.yeast+F+I+G4 798.872      50  1697.744     1757.047     1843.743
WARNING: Normalizing state frequencies so that sum of them equals to 1
1083  Q.yeast+F+R2  799.232      50  1698.464     1757.766     1844.463
1101  rtREV         831.819      29  1721.638     1737.899     1806.317
1102  rtREV+I       828.284      30  1716.568     1734.115     1804.167
1103  rtREV+G4      828.857      30  1717.714     1735.261     1805.313
1104  rtREV+I+G4    828.381      31  1718.761     1737.656     1809.281
1105  rtREV+R2      828.767      31  1719.535     1738.430     1810.054
1123  rtREV+F       814.275      48  1724.549     1778.004     1864.708
1124  rtREV+F+I     811.022      49  1720.044     1776.366     1863.123
1125  rtREV+F+G4    811.634      49  1721.268     1777.590     1864.347
1126  rtREV+F+I+G4  811.098      50  1722.196     1781.498     1868.195
1127  rtREV+F+R2    811.489      50  1722.979     1782.281     1868.978
1145  VT            809.533      29  1677.066     1693.327     1761.745
1146  VT+I          807.787      30  1675.574     1693.121     1763.174
1147  VT+G4         808.221      30  1676.443     1693.990     1764.042
1148  VT+I+G4       807.793      31  1677.586     1696.481     1768.105
1149  VT+R2         808.037      31  1678.073     1696.969     1768.593
1167  VT+F          800.522      48  1697.043     1750.498     1837.202
1168  VT+F+I        798.770      49  1695.541     1751.863     1838.620
1169  VT+F+G4       799.242      49  1696.485     1752.807     1839.564
1170  VT+F+I+G4     798.775      50  1697.549     1756.852     1843.548
1171  VT+F+R2       799.038      50  1698.075     1757.378     1844.075
1189  WAG           810.780      29  1679.560     1695.821     1764.239
1190  WAG+I         808.896      30  1677.791     1695.339     1765.391
1191  WAG+G4        809.300      30  1678.601     1696.148     1766.200
1192  WAG+I+G4      808.899      31  1679.798     1698.693     1770.317
1193  WAG+R2        809.133      31  1680.266     1699.162     1770.786
1211  WAG+F         800.725      48  1697.451     1750.905     1837.610
1212  WAG+F+I       798.893      49  1695.785     1752.107     1838.864
1213  WAG+F+G4      799.368      49  1696.736     1753.058     1839.815
1214  WAG+F+I+G4    798.896      50  1697.791     1757.093     1843.790
1215  WAG+F+R2      799.166      50  1698.332     1757.634     1844.331
Reading model parameters from file Q.iridoviridae
1233  Q.iridoviridae 818.666      29  1695.332     1711.593     1780.011
Reading model parameters from file Q.iridoviridae
1234  Q.iridoviridae+I 815.972      30  1691.944     1709.492     1779.544
Reading model parameters from file Q.iridoviridae
1235  Q.iridoviridae+G4 816.425      30  1692.849     1710.396     1780.448
Reading model parameters from file Q.iridoviridae
1236  Q.iridoviridae+I+G4 815.996      31  1693.992     1712.887     1784.511
Reading model parameters from file Q.iridoviridae
1237  Q.iridoviridae+R2 816.292      31  1694.585     1713.480     1785.104
Reading model parameters from file Q.iridoviridae
1255  Q.iridoviridae+F 804.277      48  1704.554     1758.009     1844.713
Reading model parameters from file Q.iridoviridae
1256  Q.iridoviridae+F+I 801.559      49  1701.117     1757.439     1844.196
Reading model parameters from file Q.iridoviridae
1257  Q.iridoviridae+F+G4 802.048      49  1702.096     1758.418     1845.175
Reading model parameters from file Q.iridoviridae
1258  Q.iridoviridae+F+I+G4 801.587      50  1703.175     1762.477     1849.174
Reading model parameters from file Q.iridoviridae
1259  Q.iridoviridae+F+R2 801.897      50  1703.794     1763.097     1849.794
Reading model parameters from file Q.mcv
WARNING: Normalizing state frequencies so that sum of them equals to 1
1277  Q.mcv         807.340      29  1672.680     1688.942     1757.360
Reading model parameters from file Q.mcv
WARNING: Normalizing state frequencies so that sum of them equals to 1
1278  Q.mcv+I       804.463      30  1668.926     1686.473     1756.525
Reading model parameters from file Q.mcv
WARNING: Normalizing state frequencies so that sum of them equals to 1
1279  Q.mcv+G4      804.923      30  1669.846     1687.393     1757.445
Reading model parameters from file Q.mcv
WARNING: Normalizing state frequencies so that sum of them equals to 1
1280  Q.mcv+I+G4    804.497      31  1670.995     1689.890     1761.514
Reading model parameters from file Q.mcv
WARNING: Normalizing state frequencies so that sum of them equals to 1
1281  Q.mcv+R2      804.813      31  1671.626     1690.521     1762.145
Reading model parameters from file Q.mcv
WARNING: Normalizing state frequencies so that sum of them equals to 1
1299  Q.mcv+F       797.121      48  1690.242     1743.696     1830.401
Reading model parameters from file Q.mcv
WARNING: Normalizing state frequencies so that sum of them equals to 1
1300  Q.mcv+F+I     794.801      49  1687.602     1743.923     1830.681
Reading model parameters from file Q.mcv
WARNING: Normalizing state frequencies so that sum of them equals to 1
1301  Q.mcv+F+G4    795.288      49  1688.576     1744.898     1831.656
Reading model parameters from file Q.mcv
WARNING: Normalizing state frequencies so that sum of them equals to 1
1302  Q.mcv+F+I+G4  794.807      50  1689.614     1748.916     1835.613
Reading model parameters from file Q.mcv
WARNING: Normalizing state frequencies so that sum of them equals to 1
1303  Q.mcv+F+R2    795.111      50  1690.221     1749.524     1836.221
Akaike Information Criterion:           Q.bird+I
Corrected Akaike Information Criterion: Q.bird+I
Bayesian Information Criterion:         Q.bird+I
Best-fit model: Q.bird+I chosen according to BIC

All model information printed to iqtree_species/OG0000067.fa.model.gz
CPU time for ModelFinder: 2.805 seconds (0h:0m:2s)
Wall-clock time for ModelFinder: 2.845 seconds (0h:0m:2s)
Generating 1000 samples for ultrafast bootstrap (seed: 911089)...
WARNING: Normalizing state frequencies so that sum of them equals to 1

NOTE: 0 MB RAM (0 GB) is required!
Estimate model parameters (epsilon = 0.100)
1. Initial log-likelihood: -790.868
Optimal log-likelihood: -790.868
Proportion of invariable sites: 0.376
Parameters optimization took 1 rounds (0.001 sec)
Wrote distance file to... 
Computing ML distances based on estimated model parameters...
Calculating distance matrix: done in 0.00324297 secs using 99.29% CPU
Computing ML distances took 0.003270 sec (of wall-clock time) 0.003248 sec (of CPU time)
Setting up auxiliary I and S matrices: done in 3.50475e-05 secs using 99.86% CPU
Constructing RapidNJ tree: done in 4.79221e-05 secs using 100.2% CPU
Computing RapidNJ tree took 0.000117 sec (of wall-clock time) 0.000116 sec (of CPU time)
Log-likelihood of RapidNJ tree: -790.869
--------------------------------------------------------------------
|             INITIALIZING CANDIDATE TREE SET                      |
--------------------------------------------------------------------
Generating 98 parsimony trees... 0.029 second
Computing log-likelihood of 98 initial trees ... 0.044 seconds
Current best score: -790.868

Do NNI search on 20 best initial trees
Optimizing NNI: done in 0.00255704 secs using 200.1% CPU
Estimate model parameters (epsilon = 0.100)
BETTER TREE FOUND at iteration 1: -790.868
Optimizing NNI: done in 0.0026319 secs using 200.2% CPU
Optimizing NNI: done in 0.00438094 secs using 199.2% CPU
UPDATE BEST LOG-LIKELIHOOD: -790.868
Optimizing NNI: done in 0.00478292 secs using 200% CPU
Optimizing NNI: done in 0.00434518 secs using 200% CPU
Optimizing NNI: done in 0.00470495 secs using 200.1% CPU
Optimizing NNI: done in 0.004951 secs using 200% CPU
Optimizing NNI: done in 0.00475693 secs using 200% CPU
Optimizing NNI: done in 0.00476193 secs using 200.1% CPU
Optimizing NNI: done in 0.00471282 secs using 199.9% CPU
Iteration 10 / LogL: -790.868 / Time: 0h:0m:0s
Optimizing NNI: done in 0.00474095 secs using 200% CPU
Optimizing NNI: done in 0.00467706 secs using 200% CPU
Optimizing NNI: done in 0.004776 secs using 200% CPU
Optimizing NNI: done in 0.00478196 secs using 200.1% CPU
Optimizing NNI: done in 0.00432706 secs using 200% CPU
Optimizing NNI: done in 0.00469995 secs using 200% CPU
Optimizing NNI: done in 0.00469398 secs using 200% CPU
Optimizing NNI: done in 0.00470996 secs using 200% CPU
Optimizing NNI: done in 0.00470901 secs using 200.1% CPU
Optimizing NNI: done in 0.00435519 secs using 200.1% CPU
Iteration 20 / LogL: -790.868 / Time: 0h:0m:0s
Finish initializing candidate tree set (13)
Current best tree score: -790.868 / CPU time: 0.171
Number of iterations: 20
--------------------------------------------------------------------
|               OPTIMIZING CANDIDATE TREE SET                      |
--------------------------------------------------------------------
Optimizing NNI: done in 0.00486898 secs using 200.1% CPU
Optimizing NNI: done in 0.00640988 secs using 200% CPU
BETTER TREE FOUND at iteration 22: -790.868
Optimizing NNI: done in 0.0112579 secs using 199.8% CPU
Optimizing NNI: done in 0.0135789 secs using 110.8% CPU
Optimizing NNI: done in 0.00694823 secs using 100% CPU
Optimizing NNI: done in 0.00996304 secs using 100% CPU
Optimizing NNI: done in 0.00993609 secs using 100% CPU
Optimizing NNI: done in 0.00865078 secs using 99.99% CPU
Optimizing NNI: done in 0.00896597 secs using 100% CPU
Optimizing NNI: done in 0.0125339 secs using 100% CPU
Iteration 30 / LogL: -790.869 / Time: 0h:0m:0s (0h:0m:0s left)
Optimizing NNI: done in 0.00688291 secs using 100% CPU
Optimizing NNI: done in 0.00634003 secs using 100% CPU
Optimizing NNI: done in 0.00898385 secs using 100% CPU
Optimizing NNI: done in 0.00771308 secs using 100% CPU
Optimizing NNI: done in 0.00837612 secs using 100% CPU
Optimizing NNI: done in 0.00893188 secs using 100% CPU
UPDATE BEST LOG-LIKELIHOOD: -790.868
Optimizing NNI: done in 0.00989819 secs using 99.99% CPU
Optimizing NNI: done in 0.00665593 secs using 100% CPU
UPDATE BEST LOG-LIKELIHOOD: -790.868
Optimizing NNI: done in 0.0099721 secs using 99.84% CPU
Optimizing NNI: done in 0.00634193 secs using 99.99% CPU
UPDATE BEST LOG-LIKELIHOOD: -790.868
Iteration 40 / LogL: -790.868 / Time: 0h:0m:0s (0h:0m:0s left)
Optimizing NNI: done in 0.00845289 secs using 99.91% CPU
Optimizing NNI: done in 0.0108891 secs using 99.99% CPU
Optimizing NNI: done in 0.0113118 secs using 100% CPU
Optimizing NNI: done in 0.0101089 secs using 100% CPU
Optimizing NNI: done in 0.010026 secs using 100% CPU
Optimizing NNI: done in 0.00833392 secs using 100% CPU
Optimizing NNI: done in 0.007864 secs using 99.99% CPU
Optimizing NNI: done in 0.00668502 secs using 99.98% CPU
Optimizing NNI: done in 0.0114739 secs using 99.98% CPU
Optimizing NNI: done in 0.010993 secs using 100% CPU
Iteration 50 / LogL: -790.869 / Time: 0h:0m:0s (0h:0m:0s left)
Log-likelihood cutoff on original alignment: -815.302
Optimizing NNI: done in 0.0112801 secs using 100% CPU
Optimizing NNI: done in 0.0126371 secs using 100% CPU
Optimizing NNI: done in 0.00812793 secs using 99.96% CPU
Optimizing NNI: done in 0.00553107 secs using 99.98% CPU
Optimizing NNI: done in 0.00787497 secs using 100% CPU
Optimizing NNI: done in 0.00830293 secs using 99.99% CPU
Optimizing NNI: done in 0.00792289 secs using 100% CPU
Optimizing NNI: done in 0.00666618 secs using 99.98% CPU
Optimizing NNI: done in 0.0084281 secs using 100% CPU
Optimizing NNI: done in 0.00973105 secs using 99.99% CPU
Iteration 60 / LogL: -790.868 / Time: 0h:0m:0s (0h:0m:0s left)
Optimizing NNI: done in 0.014168 secs using 99.93% CPU
Optimizing NNI: done in 0.0120671 secs using 100% CPU
Optimizing NNI: done in 0.00664115 secs using 99.98% CPU
Optimizing NNI: done in 0.0118279 secs using 100% CPU
Optimizing NNI: done in 0.00977302 secs using 100% CPU
Optimizing NNI: done in 0.0126209 secs using 100% CPU
Optimizing NNI: done in 0.00660491 secs using 100% CPU
Optimizing NNI: done in 0.00631404 secs using 99.98% CPU
Optimizing NNI: done in 0.011143 secs using 100% CPU
Optimizing NNI: done in 0.00999093 secs using 99.99% CPU
Iteration 70 / LogL: -790.868 / Time: 0h:0m:0s (0h:0m:0s left)
Optimizing NNI: done in 0.012944 secs using 100% CPU
Optimizing NNI: done in 0.00898886 secs using 99.98% CPU
Optimizing NNI: done in 0.00367093 secs using 100% CPU
Optimizing NNI: done in 0.00707293 secs using 100% CPU
Optimizing NNI: done in 0.00977683 secs using 100% CPU
Optimizing NNI: done in 0.00660515 secs using 99.98% CPU
Optimizing NNI: done in 0.00996184 secs using 100% CPU
Optimizing NNI: done in 0.0130591 secs using 100% CPU
Optimizing NNI: done in 0.0161831 secs using 100% CPU
Optimizing NNI: done in 0.00826192 secs using 100% CPU
Iteration 80 / LogL: -790.868 / Time: 0h:0m:0s (0h:0m:0s left)
Optimizing NNI: done in 0.00849795 secs using 100% CPU
Optimizing NNI: done in 0.00713611 secs using 99.97% CPU
Optimizing NNI: done in 0.0113399 secs using 100% CPU
Optimizing NNI: done in 0.00906491 secs using 100% CPU
Optimizing NNI: done in 0.0153201 secs using 99.99% CPU
Optimizing NNI: done in 0.00951695 secs using 100% CPU
Optimizing NNI: done in 0.012958 secs using 99.99% CPU
Optimizing NNI: done in 0.00807881 secs using 100% CPU
Optimizing NNI: done in 0.00895596 secs using 100% CPU
Optimizing NNI: done in 0.0053072 secs using 100% CPU
Iteration 90 / LogL: -790.978 / Time: 0h:0m:1s (0h:0m:0s left)
Optimizing NNI: done in 0.00804186 secs using 100% CPU
Optimizing NNI: done in 0.0131938 secs using 100% CPU
Optimizing NNI: done in 0.00246501 secs using 99.96% CPU
BETTER TREE FOUND at iteration 93: -790.868
Optimizing NNI: done in 0.00781298 secs using 100% CPU
Optimizing NNI: done in 0.00431514 secs using 100% CPU
Optimizing NNI: done in 0.0130129 secs using 100% CPU
Optimizing NNI: done in 0.011333 secs using 100% CPU
Optimizing NNI: done in 0.012203 secs using 100% CPU
Optimizing NNI: done in 0.015959 secs using 100% CPU
Optimizing NNI: done in 0.00624609 secs using 99.98% CPU
Iteration 100 / LogL: -790.868 / Time: 0h:0m:1s (0h:0m:1s left)
Log-likelihood cutoff on original alignment: -816.573
NOTE: Bootstrap correlation coefficient of split occurrence frequencies: 0.997
Optimizing NNI: done in 0.00639606 secs using 100% CPU
Optimizing NNI: done in 0.0109801 secs using 100% CPU
Optimizing NNI: done in 0.011029 secs using 100% CPU
Optimizing NNI: done in 0.0127981 secs using 100% CPU
Optimizing NNI: done in 0.00835085 secs using 100% CPU
Optimizing NNI: done in 0.0100651 secs using 99.99% CPU
Optimizing NNI: done in 0.010148 secs using 100% CPU
Optimizing NNI: done in 0.0145671 secs using 100% CPU
Optimizing NNI: done in 0.0105882 secs using 100% CPU
Optimizing NNI: done in 0.00952101 secs using 100% CPU
Iteration 110 / LogL: -790.869 / Time: 0h:0m:1s (0h:0m:1s left)
Optimizing NNI: done in 0.0129771 secs using 100% CPU
Optimizing NNI: done in 0.00801516 secs using 100% CPU
Optimizing NNI: done in 0.0108891 secs using 100% CPU
Optimizing NNI: done in 0.016901 secs using 99.99% CPU
Optimizing NNI: done in 0.007617 secs using 100% CPU
Optimizing NNI: done in 0.0108321 secs using 100% CPU
Optimizing NNI: done in 0.00581217 secs using 100% CPU
Optimizing NNI: done in 0.00892091 secs using 99.99% CPU
Optimizing NNI: done in 0.0146241 secs using 100% CPU
Optimizing NNI: done in 0.00433397 secs using 100% CPU
Iteration 120 / LogL: -790.868 / Time: 0h:0m:1s (0h:0m:0s left)
Optimizing NNI: done in 0.00366592 secs using 100% CPU
Optimizing NNI: done in 0.0106711 secs using 100% CPU
Optimizing NNI: done in 0.00763488 secs using 100% CPU
Optimizing NNI: done in 0.00864697 secs using 99.98% CPU
Optimizing NNI: done in 0.012022 secs using 100% CPU
Optimizing NNI: done in 0.007447 secs using 100% CPU
Optimizing NNI: done in 0.00577807 secs using 100% CPU
Optimizing NNI: done in 0.0084269 secs using 99.99% CPU
Optimizing NNI: done in 0.00963306 secs using 100% CPU
Optimizing NNI: done in 0.00679708 secs using 99.98% CPU
Iteration 130 / LogL: -790.868 / Time: 0h:0m:1s (0h:0m:0s left)
Optimizing NNI: done in 0.00739098 secs using 100% CPU
Optimizing NNI: done in 0.0077641 secs using 100% CPU
Optimizing NNI: done in 0.0100682 secs using 100% CPU
Optimizing NNI: done in 0.00883985 secs using 100% CPU
Optimizing NNI: done in 0.00669408 secs using 100% CPU
Optimizing NNI: done in 0.0103281 secs using 100% CPU
Optimizing NNI: done in 0.00858498 secs using 100% CPU
Optimizing NNI: done in 0.0142679 secs using 100% CPU
Optimizing NNI: done in 0.00644207 secs using 100% CPU
Optimizing NNI: done in 0.0108981 secs using 100% CPU
Iteration 140 / LogL: -790.868 / Time: 0h:0m:1s (0h:0m:0s left)
Optimizing NNI: done in 0.00775099 secs using 100% CPU
Optimizing NNI: done in 0.0130579 secs using 100% CPU
Optimizing NNI: done in 0.00899196 secs using 99.89% CPU
Optimizing NNI: done in 0.00664616 secs using 99.98% CPU
Optimizing NNI: done in 0.00865388 secs using 100% CPU
Optimizing NNI: done in 0.0102811 secs using 100% CPU
Optimizing NNI: done in 0.0109701 secs using 100% CPU
Optimizing NNI: done in 0.00876498 secs using 100% CPU
Optimizing NNI: done in 0.0086 secs using 100% CPU
Optimizing NNI: done in 0.010586 secs using 99.99% CPU
Iteration 150 / LogL: -790.868 / Time: 0h:0m:1s (0h:0m:0s left)
Log-likelihood cutoff on original alignment: -816.573
Optimizing NNI: done in 0.012784 secs using 99.99% CPU
Optimizing NNI: done in 0.00901699 secs using 99.99% CPU
Optimizing NNI: done in 0.0119641 secs using 100% CPU
Optimizing NNI: done in 0.00934792 secs using 100% CPU
Optimizing NNI: done in 0.00420403 secs using 100% CPU
Optimizing NNI: done in 0.0144382 secs using 99.99% CPU
Optimizing NNI: done in 0.0085659 secs using 99.99% CPU
Optimizing NNI: done in 0.00781298 secs using 100% CPU
Optimizing NNI: done in 0.0144711 secs using 100% CPU
Optimizing NNI: done in 0.0108731 secs using 99.99% CPU
Iteration 160 / LogL: -792.892 / Time: 0h:0m:1s (0h:0m:0s left)
Optimizing NNI: done in 0.00982594 secs using 100% CPU
Optimizing NNI: done in 0.00848198 secs using 99.99% CPU
Optimizing NNI: done in 0.00814319 secs using 100% CPU
Optimizing NNI: done in 0.0104909 secs using 100% CPU
Optimizing NNI: done in 0.0084331 secs using 100% CPU
Optimizing NNI: done in 0.00824022 secs using 99.99% CPU
Optimizing NNI: done in 0.00443196 secs using 100% CPU
Optimizing NNI: done in 0.015069 secs using 100% CPU
Optimizing NNI: done in 0.00798011 secs using 100% CPU
Optimizing NNI: done in 0.00781107 secs using 100% CPU
Iteration 170 / LogL: -790.868 / Time: 0h:0m:2s (0h:0m:0s left)
Optimizing NNI: done in 0.00968599 secs using 100% CPU
Optimizing NNI: done in 0.00953484 secs using 100% CPU
Optimizing NNI: done in 0.00853992 secs using 100% CPU
Optimizing NNI: done in 0.00763083 secs using 99.99% CPU
Optimizing NNI: done in 0.00392199 secs using 100% CPU
Optimizing NNI: done in 0.0126441 secs using 100% CPU
Optimizing NNI: done in 0.00615811 secs using 100% CPU
Optimizing NNI: done in 0.00846505 secs using 100% CPU
Optimizing NNI: done in 0.00850582 secs using 99.99% CPU
UPDATE BEST LOG-LIKELIHOOD: -790.868
Optimizing NNI: done in 0.00713778 secs using 100% CPU
Iteration 180 / LogL: -790.869 / Time: 0h:0m:2s (0h:0m:0s left)
Optimizing NNI: done in 0.00876904 secs using 99.99% CPU
Optimizing NNI: done in 0.012063 secs using 99.99% CPU
Optimizing NNI: done in 0.0116811 secs using 100% CPU
Optimizing NNI: done in 0.00566006 secs using 100% CPU
Optimizing NNI: done in 0.00631809 secs using 100% CPU
Optimizing NNI: done in 0.010504 secs using 100% CPU
Optimizing NNI: done in 0.00762105 secs using 100% CPU
Optimizing NNI: done in 0.00251389 secs using 100% CPU
Optimizing NNI: done in 0.00859189 secs using 100% CPU
Optimizing NNI: done in 0.00885105 secs using 100% CPU
Iteration 190 / LogL: -790.869 / Time: 0h:0m:2s (0h:0m:0s left)
Optimizing NNI: done in 0.00769591 secs using 100% CPU
Optimizing NNI: done in 0.00898504 secs using 100% CPU
Optimizing NNI: done in 0.006598 secs using 100% CPU
Optimizing NNI: done in 0.00870705 secs using 99.99% CPU
TREE SEARCH COMPLETED AFTER 194 ITERATIONS / Time: 0h:0m:2s

--------------------------------------------------------------------
|                    FINALIZING TREE SEARCH                        |
--------------------------------------------------------------------
Performs final model parameters optimization
Estimate model parameters (epsilon = 0.010)
1. Initial log-likelihood: -790.868
Optimal log-likelihood: -790.868
Proportion of invariable sites: 0.376
Parameters optimization took 1 rounds (0.001 sec)
BEST SCORE FOUND : -790.868
Creating bootstrap support values...
Split supports printed to NEXUS file iqtree_species/OG0000067.fa.splits.nex
Total tree length: 0.615

Total number of iterations: 194
CPU time used for tree search: 2.442 sec (0h:0m:2s)
Wall-clock time used for tree search: 2.257 sec (0h:0m:2s)
Total CPU time used: 2.480 sec (0h:0m:2s)
Total wall-clock time used: 2.297 sec (0h:0m:2s)

Computing bootstrap consensus tree...
Reading input file iqtree_species/OG0000067.fa.splits.nex...
16 taxa and 106 splits.
Consensus tree written to iqtree_species/OG0000067.fa.contree
Reading input trees file iqtree_species/OG0000067.fa.contree
Log-likelihood of consensus tree: -790.873

Analysis results written to: 
  IQ-TREE report:                iqtree_species/OG0000067.fa.iqtree
  Maximum-likelihood tree:       iqtree_species/OG0000067.fa.treefile
  Likelihood distances:          iqtree_species/OG0000067.fa.mldist

Ultrafast bootstrap approximation results written to:
  Split support values:          iqtree_species/OG0000067.fa.splits.nex
  Consensus tree:                iqtree_species/OG0000067.fa.contree
  Screen log file:               iqtree_species/OG0000067.fa.log

Date and Time: Wed Apr  2 11:50:28 2025
