Discrepancy Report Results

Summary
FATAL: MISSING_PROTEIN_ID:124 proteins have invalid IDs.
DISC_SOURCE_QUALS_ASNDISC:strain (all present, all unique)
DISC_SOURCE_QUALS_ASNDISC:taxname (all present, all unique)
DISC_FEATURE_COUNT:CDS: 124 present
DISC_COUNT_NUCLEOTIDES:1 nucleotide Bioseqs are present
FEATURE_LOCATION_CONFLICT:124 features have inconsistent gene locations.
DISC_QUALITY_SCORES:Quality scores are missing on all sequences.
ONCALLER_COMMENT_PRESENT:1 comment descriptors were found (all same)
SHORT_PROT_SEQUENCES:1 protein sequences are shorter than 50 aa.
MISSING_GENOMEASSEMBLY_COMMENTS:1 bioseqs are missing GenomeAssembly structured comments
MOLTYPE_NOT_MRNA:1 molecule types are not set as mRNA.
TECHNIQUE_NOT_TSA:1 technique are not set as TSA
MISSING_STRUCTURED_COMMENT:1 sequences do not include structured comments.
MISSING_PROJECT:125 sequences do not include project.
DISC_INCONSISTENT_MOLINFO_TECH:Molinfo Technique Report (some missing, all same)


Detailed Report

FATAL: DiscRep_ALL:MISSING_PROTEIN_ID::124 proteins have invalid IDs.
./prokka_outputs_1/MW883601/MW883601:MW883601.1_1 (length 378)
./prokka_outputs_1/MW883601/MW883601:MW883601.1_2 (length 151)
./prokka_outputs_1/MW883601/MW883601:MW883601.1_3 (length 97)
./prokka_outputs_1/MW883601/MW883601:MW883601.1_4 (length 163)
./prokka_outputs_1/MW883601/MW883601:MW883601.1_5 (length 186)
./prokka_outputs_1/MW883601/MW883601:MW883601.1_6 (length 101)
./prokka_outputs_1/MW883601/MW883601:MW883601.1_7 (length 453)
./prokka_outputs_1/MW883601/MW883601:MW883601.1_8 (length 485)
./prokka_outputs_1/MW883601/MW883601:MW883601.1_9 (length 514)
./prokka_outputs_1/MW883601/MW883601:MW883601.1_10 (length 72)
./prokka_outputs_1/MW883601/MW883601:MW883601.1_11 (length 80)
./prokka_outputs_1/MW883601/MW883601:MW883601.1_12 (length 130)
./prokka_outputs_1/MW883601/MW883601:MW883601.1_13 (length 86)
./prokka_outputs_1/MW883601/MW883601:MW883601.1_14 (length 110)
./prokka_outputs_1/MW883601/MW883601:MW883601.1_15 (length 461)
./prokka_outputs_1/MW883601/MW883601:MW883601.1_16 (length 97)
./prokka_outputs_1/MW883601/MW883601:MW883601.1_17 (length 313)
./prokka_outputs_1/MW883601/MW883601:MW883601.1_18 (length 263)
./prokka_outputs_1/MW883601/MW883601:MW883601.1_19 (length 195)
./prokka_outputs_1/MW883601/MW883601:MW883601.1_20 (length 110)
./prokka_outputs_1/MW883601/MW883601:MW883601.1_21 (length 63)
./prokka_outputs_1/MW883601/MW883601:MW883601.1_22 (length 948)
./prokka_outputs_1/MW883601/MW883601:MW883601.1_23 (length 161)
./prokka_outputs_1/MW883601/MW883601:MW883601.1_24 (length 499)
./prokka_outputs_1/MW883601/MW883601:MW883601.1_25 (length 52)
./prokka_outputs_1/MW883601/MW883601:MW883601.1_26 (length 302)
./prokka_outputs_1/MW883601/MW883601:MW883601.1_27 (length 102)
./prokka_outputs_1/MW883601/MW883601:MW883601.1_28 (length 59)
./prokka_outputs_1/MW883601/MW883601:MW883601.1_29 (length 130)
./prokka_outputs_1/MW883601/MW883601:MW883601.1_30 (length 189)
./prokka_outputs_1/MW883601/MW883601:MW883601.1_31 (length 107)
./prokka_outputs_1/MW883601/MW883601:MW883601.1_32 (length 298)
./prokka_outputs_1/MW883601/MW883601:MW883601.1_33 (length 1168)
./prokka_outputs_1/MW883601/MW883601:MW883601.1_34 (length 67)
./prokka_outputs_1/MW883601/MW883601:MW883601.1_35 (length 200)
./prokka_outputs_1/MW883601/MW883601:MW883601.1_36 (length 188)
./prokka_outputs_1/MW883601/MW883601:MW883601.1_37 (length 300)
./prokka_outputs_1/MW883601/MW883601:MW883601.1_38 (length 1044)
./prokka_outputs_1/MW883601/MW883601:MW883601.1_39 (length 377)
./prokka_outputs_1/MW883601/MW883601:MW883601.1_40 (length 341)
./prokka_outputs_1/MW883601/MW883601:MW883601.1_41 (length 450)
./prokka_outputs_1/MW883601/MW883601:MW883601.1_42 (length 478)
./prokka_outputs_1/MW883601/MW883601:MW883601.1_43 (length 290)
./prokka_outputs_1/MW883601/MW883601:MW883601.1_44 (length 379)
./prokka_outputs_1/MW883601/MW883601:MW883601.1_45 (length 430)
./prokka_outputs_1/MW883601/MW883601:MW883601.1_46 (length 197)
./prokka_outputs_1/MW883601/MW883601:MW883601.1_47 (length 120)
./prokka_outputs_1/MW883601/MW883601:MW883601.1_48 (length 266)
./prokka_outputs_1/MW883601/MW883601:MW883601.1_49 (length 304)
./prokka_outputs_1/MW883601/MW883601:MW883601.1_50 (length 227)
./prokka_outputs_1/MW883601/MW883601:MW883601.1_51 (length 87)
./prokka_outputs_1/MW883601/MW883601:MW883601.1_52 (length 114)
./prokka_outputs_1/MW883601/MW883601:MW883601.1_53 (length 56)
./prokka_outputs_1/MW883601/MW883601:MW883601.1_54 (length 142)
./prokka_outputs_1/MW883601/MW883601:MW883601.1_55 (length 150)
./prokka_outputs_1/MW883601/MW883601:MW883601.1_56 (length 308)
./prokka_outputs_1/MW883601/MW883601:MW883601.1_57 (length 308)
./prokka_outputs_1/MW883601/MW883601:MW883601.1_58 (length 215)
./prokka_outputs_1/MW883601/MW883601:MW883601.1_59 (length 86)
./prokka_outputs_1/MW883601/MW883601:MW883601.1_60 (length 99)
./prokka_outputs_1/MW883601/MW883601:MW883601.1_61 (length 221)
./prokka_outputs_1/MW883601/MW883601:MW883601.1_62 (length 267)
./prokka_outputs_1/MW883601/MW883601:MW883601.1_63 (length 1105)
./prokka_outputs_1/MW883601/MW883601:MW883601.1_64 (length 122)
./prokka_outputs_1/MW883601/MW883601:MW883601.1_65 (length 882)
./prokka_outputs_1/MW883601/MW883601:MW883601.1_66 (length 491)
./prokka_outputs_1/MW883601/MW883601:MW883601.1_67 (length 62)
./prokka_outputs_1/MW883601/MW883601:MW883601.1_68 (length 97)
./prokka_outputs_1/MW883601/MW883601:MW883601.1_69 (length 230)
./prokka_outputs_1/MW883601/MW883601:MW883601.1_70 (length 194)
./prokka_outputs_1/MW883601/MW883601:MW883601.1_71 (length 477)
./prokka_outputs_1/MW883601/MW883601:MW883601.1_72 (length 221)
./prokka_outputs_1/MW883601/MW883601:MW883601.1_73 (length 158)
./prokka_outputs_1/MW883601/MW883601:MW883601.1_74 (length 536)
./prokka_outputs_1/MW883601/MW883601:MW883601.1_75 (length 334)
./prokka_outputs_1/MW883601/MW883601:MW883601.1_76 (length 139)
./prokka_outputs_1/MW883601/MW883601:MW883601.1_77 (length 337)
./prokka_outputs_1/MW883601/MW883601:MW883601.1_78 (length 88)
./prokka_outputs_1/MW883601/MW883601:MW883601.1_79 (length 990)
./prokka_outputs_1/MW883601/MW883601:MW883601.1_80 (length 444)
./prokka_outputs_1/MW883601/MW883601:MW883601.1_81 (length 154)
./prokka_outputs_1/MW883601/MW883601:MW883601.1_82 (length 73)
./prokka_outputs_1/MW883601/MW883601:MW883601.1_83 (length 165)
./prokka_outputs_1/MW883601/MW883601:MW883601.1_84 (length 368)
./prokka_outputs_1/MW883601/MW883601:MW883601.1_85 (length 119)
./prokka_outputs_1/MW883601/MW883601:MW883601.1_86 (length 34)
./prokka_outputs_1/MW883601/MW883601:MW883601.1_87 (length 451)
./prokka_outputs_1/MW883601/MW883601:MW883601.1_88 (length 198)
./prokka_outputs_1/MW883601/MW883601:MW883601.1_89 (length 154)
./prokka_outputs_1/MW883601/MW883601:MW883601.1_90 (length 256)
./prokka_outputs_1/MW883601/MW883601:MW883601.1_91 (length 137)
./prokka_outputs_1/MW883601/MW883601:MW883601.1_92 (length 518)
./prokka_outputs_1/MW883601/MW883601:MW883601.1_93 (length 320)
./prokka_outputs_1/MW883601/MW883601:MW883601.1_94 (length 53)
./prokka_outputs_1/MW883601/MW883601:MW883601.1_95 (length 308)
./prokka_outputs_1/MW883601/MW883601:MW883601.1_96 (length 386)
./prokka_outputs_1/MW883601/MW883601:MW883601.1_97 (length 245)
./prokka_outputs_1/MW883601/MW883601:MW883601.1_98 (length 151)
./prokka_outputs_1/MW883601/MW883601:MW883601.1_99 (length 107)
./prokka_outputs_1/MW883601/MW883601:MW883601.1_100 (length 181)
./prokka_outputs_1/MW883601/MW883601:MW883601.1_101 (length 171)
./prokka_outputs_1/MW883601/MW883601:MW883601.1_102 (length 480)
./prokka_outputs_1/MW883601/MW883601:MW883601.1_103 (length 133)
./prokka_outputs_1/MW883601/MW883601:MW883601.1_104 (length 258)
./prokka_outputs_1/MW883601/MW883601:MW883601.1_105 (length 121)
./prokka_outputs_1/MW883601/MW883601:MW883601.1_106 (length 289)
./prokka_outputs_1/MW883601/MW883601:MW883601.1_107 (length 199)
./prokka_outputs_1/MW883601/MW883601:MW883601.1_108 (length 921)
./prokka_outputs_1/MW883601/MW883601:MW883601.1_109 (length 51)
./prokka_outputs_1/MW883601/MW883601:MW883601.1_110 (length 296)
./prokka_outputs_1/MW883601/MW883601:MW883601.1_111 (length 247)
./prokka_outputs_1/MW883601/MW883601:MW883601.1_112 (length 167)
./prokka_outputs_1/MW883601/MW883601:MW883601.1_113 (length 860)
./prokka_outputs_1/MW883601/MW883601:MW883601.1_114 (length 336)
./prokka_outputs_1/MW883601/MW883601:MW883601.1_115 (length 462)
./prokka_outputs_1/MW883601/MW883601:MW883601.1_116 (length 204)
./prokka_outputs_1/MW883601/MW883601:MW883601.1_117 (length 86)
./prokka_outputs_1/MW883601/MW883601:MW883601.1_118 (length 439)
./prokka_outputs_1/MW883601/MW883601:MW883601.1_119 (length 95)
./prokka_outputs_1/MW883601/MW883601:MW883601.1_120 (length 169)
./prokka_outputs_1/MW883601/MW883601:MW883601.1_121 (length 216)
./prokka_outputs_1/MW883601/MW883601:MW883601.1_122 (length 239)
./prokka_outputs_1/MW883601/MW883601:MW883601.1_123 (length 123)
./prokka_outputs_1/MW883601/MW883601:MW883601.1_124 (length 228)

DiscRep_ALL:DISC_SOURCE_QUALS_ASNDISC::strain (all present, all unique)
DiscRep_SUB:DISC_SOURCE_QUALS_ASNDISC::1 sources have unique values for strain
DiscRep_ALL:DISC_SOURCE_QUALS_ASNDISC::taxname (all present, all unique)
DiscRep_SUB:DISC_SOURCE_QUALS_ASNDISC::1 sources have unique values for taxname
DiscRep_ALL:DISC_FEATURE_COUNT::CDS: 124 present
DiscRep_ALL:DISC_COUNT_NUCLEOTIDES::1 nucleotide Bioseqs are present
./prokka_outputs_1/MW883601/MW883601:MW883601.1 (length 111014)

DiscRep_ALL:FEATURE_LOCATION_CONFLICT::124 features have inconsistent gene locations.
DiscRep_SUB:FEATURE_LOCATION_CONFLICT::Coding region xref gene does not exist
./prokka_outputs_1/MW883601/MW883601:CDS	hypothetical protein	MW883601.1:c1270-134	MW883601_00001

DiscRep_SUB:FEATURE_LOCATION_CONFLICT::Coding region xref gene does not exist
./prokka_outputs_1/MW883601/MW883601:CDS	hypothetical protein	MW883601.1:c1695-1240	MW883601_00002

DiscRep_SUB:FEATURE_LOCATION_CONFLICT::Coding region xref gene does not exist
./prokka_outputs_1/MW883601/MW883601:CDS	hypothetical protein	MW883601.1:c2076-1783	MW883601_00003

DiscRep_SUB:FEATURE_LOCATION_CONFLICT::Coding region xref gene does not exist
./prokka_outputs_1/MW883601/MW883601:CDS	hypothetical protein	MW883601.1:c2567-2076	MW883601_00004

DiscRep_SUB:FEATURE_LOCATION_CONFLICT::Coding region xref gene does not exist
./prokka_outputs_1/MW883601/MW883601:CDS	hypothetical protein	MW883601.1:c3452-2892	MW883601_00005

DiscRep_SUB:FEATURE_LOCATION_CONFLICT::Coding region xref gene does not exist
./prokka_outputs_1/MW883601/MW883601:CDS	hypothetical protein	MW883601.1:c3789-3484	MW883601_00006

DiscRep_SUB:FEATURE_LOCATION_CONFLICT::Coding region xref gene does not exist
./prokka_outputs_1/MW883601/MW883601:CDS	Major capsid protein	MW883601.1:c5154-3793	MW883601_00007

DiscRep_SUB:FEATURE_LOCATION_CONFLICT::Coding region xref gene does not exist
./prokka_outputs_1/MW883601/MW883601:CDS	hypothetical protein	MW883601.1:c6630-5173	MW883601_00008

DiscRep_SUB:FEATURE_LOCATION_CONFLICT::Coding region xref gene does not exist
./prokka_outputs_1/MW883601/MW883601:CDS	hypothetical protein	MW883601.1:6701-8245	MW883601_00009

DiscRep_SUB:FEATURE_LOCATION_CONFLICT::Coding region xref gene does not exist
./prokka_outputs_1/MW883601/MW883601:CDS	hypothetical protein	MW883601.1:c8417-8199	MW883601_00010

DiscRep_SUB:FEATURE_LOCATION_CONFLICT::Coding region xref gene does not exist
./prokka_outputs_1/MW883601/MW883601:CDS	hypothetical protein	MW883601.1:8447-8689	MW883601_00011

DiscRep_SUB:FEATURE_LOCATION_CONFLICT::Coding region xref gene does not exist
./prokka_outputs_1/MW883601/MW883601:CDS	hypothetical protein	MW883601.1:c9053-8661	MW883601_00012

DiscRep_SUB:FEATURE_LOCATION_CONFLICT::Coding region xref gene does not exist
./prokka_outputs_1/MW883601/MW883601:CDS	hypothetical protein	MW883601.1:c9310-9050	MW883601_00013

DiscRep_SUB:FEATURE_LOCATION_CONFLICT::Coding region xref gene does not exist
./prokka_outputs_1/MW883601/MW883601:CDS	hypothetical protein	MW883601.1:9329-9661	MW883601_00014

DiscRep_SUB:FEATURE_LOCATION_CONFLICT::Coding region xref gene does not exist
./prokka_outputs_1/MW883601/MW883601:CDS	hypothetical protein	MW883601.1:9668-11053	MW883601_00015

DiscRep_SUB:FEATURE_LOCATION_CONFLICT::Coding region xref gene does not exist
./prokka_outputs_1/MW883601/MW883601:CDS	hypothetical protein	MW883601.1:c11309-11016	MW883601_00016

DiscRep_SUB:FEATURE_LOCATION_CONFLICT::Coding region xref gene does not exist
./prokka_outputs_1/MW883601/MW883601:CDS	hypothetical protein	MW883601.1:11326-12267	MW883601_00017

DiscRep_SUB:FEATURE_LOCATION_CONFLICT::Coding region xref gene does not exist
./prokka_outputs_1/MW883601/MW883601:CDS	hypothetical protein	MW883601.1:12277-13068	MW883601_00018

DiscRep_SUB:FEATURE_LOCATION_CONFLICT::Coding region xref gene does not exist
./prokka_outputs_1/MW883601/MW883601:CDS	hypothetical protein	MW883601.1:c13715-13128	MW883601_00019

DiscRep_SUB:FEATURE_LOCATION_CONFLICT::Coding region xref gene does not exist
./prokka_outputs_1/MW883601/MW883601:CDS	hypothetical protein	MW883601.1:c14062-13730	MW883601_00020

DiscRep_SUB:FEATURE_LOCATION_CONFLICT::Coding region xref gene does not exist
./prokka_outputs_1/MW883601/MW883601:CDS	hypothetical protein	MW883601.1:c14512-14321	MW883601_00021

DiscRep_SUB:FEATURE_LOCATION_CONFLICT::Coding region xref gene does not exist
./prokka_outputs_1/MW883601/MW883601:CDS	hypothetical protein	MW883601.1:14578-17424	MW883601_00022

DiscRep_SUB:FEATURE_LOCATION_CONFLICT::Coding region xref gene does not exist
./prokka_outputs_1/MW883601/MW883601:CDS	hypothetical protein	MW883601.1:c17963-17478	MW883601_00023

DiscRep_SUB:FEATURE_LOCATION_CONFLICT::Coding region xref gene does not exist
./prokka_outputs_1/MW883601/MW883601:CDS	hypothetical protein	MW883601.1:c19488-17989	MW883601_00024

DiscRep_SUB:FEATURE_LOCATION_CONFLICT::Coding region xref gene does not exist
./prokka_outputs_1/MW883601/MW883601:CDS	hypothetical protein	MW883601.1:20453-20611	MW883601_00025

DiscRep_SUB:FEATURE_LOCATION_CONFLICT::Coding region xref gene does not exist
./prokka_outputs_1/MW883601/MW883601:CDS	hypothetical protein	MW883601.1:20608-21516	MW883601_00026

DiscRep_SUB:FEATURE_LOCATION_CONFLICT::Coding region xref gene does not exist
./prokka_outputs_1/MW883601/MW883601:CDS	hypothetical protein	MW883601.1:21513-21821	MW883601_00027

DiscRep_SUB:FEATURE_LOCATION_CONFLICT::Coding region xref gene does not exist
./prokka_outputs_1/MW883601/MW883601:CDS	hypothetical protein	MW883601.1:c21958-21779	MW883601_00028

DiscRep_SUB:FEATURE_LOCATION_CONFLICT::Coding region xref gene does not exist
./prokka_outputs_1/MW883601/MW883601:CDS	hypothetical protein	MW883601.1:c22473-22081	MW883601_00029

DiscRep_SUB:FEATURE_LOCATION_CONFLICT::Coding region xref gene does not exist
./prokka_outputs_1/MW883601/MW883601:CDS	hypothetical protein	MW883601.1:c23457-22888	MW883601_00030

DiscRep_SUB:FEATURE_LOCATION_CONFLICT::Coding region xref gene does not exist
./prokka_outputs_1/MW883601/MW883601:CDS	hypothetical protein	MW883601.1:c23812-23489	MW883601_00031

DiscRep_SUB:FEATURE_LOCATION_CONFLICT::Coding region xref gene does not exist
./prokka_outputs_1/MW883601/MW883601:CDS	hypothetical protein	MW883601.1:c24730-23834	MW883601_00032

DiscRep_SUB:FEATURE_LOCATION_CONFLICT::Coding region xref gene does not exist
./prokka_outputs_1/MW883601/MW883601:CDS	hypothetical protein	MW883601.1:c28253-24747	MW883601_00033

DiscRep_SUB:FEATURE_LOCATION_CONFLICT::Coding region xref gene does not exist
./prokka_outputs_1/MW883601/MW883601:CDS	hypothetical protein	MW883601.1:c28463-28260	MW883601_00034

DiscRep_SUB:FEATURE_LOCATION_CONFLICT::Coding region xref gene does not exist
./prokka_outputs_1/MW883601/MW883601:CDS	hypothetical protein	MW883601.1:c29153-28551	MW883601_00035

DiscRep_SUB:FEATURE_LOCATION_CONFLICT::Coding region xref gene does not exist
./prokka_outputs_1/MW883601/MW883601:CDS	hypothetical protein	MW883601.1:29162-29728	MW883601_00036

DiscRep_SUB:FEATURE_LOCATION_CONFLICT::Coding region xref gene does not exist
./prokka_outputs_1/MW883601/MW883601:CDS	hypothetical protein	MW883601.1:c30707-29805	MW883601_00037

DiscRep_SUB:FEATURE_LOCATION_CONFLICT::Coding region xref gene does not exist
./prokka_outputs_1/MW883601/MW883601:CDS	DNA-directed RNA polymerase subunit 2	MW883601.1:30811-33945	MW883601_00038

DiscRep_SUB:FEATURE_LOCATION_CONFLICT::Coding region xref gene does not exist
./prokka_outputs_1/MW883601/MW883601:CDS	hypothetical protein	MW883601.1:c35160-34027	MW883601_00039

DiscRep_SUB:FEATURE_LOCATION_CONFLICT::Coding region xref gene does not exist
./prokka_outputs_1/MW883601/MW883601:CDS	hypothetical protein	MW883601.1:35243-36268	MW883601_00040

DiscRep_SUB:FEATURE_LOCATION_CONFLICT::Coding region xref gene does not exist
./prokka_outputs_1/MW883601/MW883601:CDS	hypothetical protein	MW883601.1:c37617-36265	MW883601_00041

DiscRep_SUB:FEATURE_LOCATION_CONFLICT::Coding region xref gene does not exist
./prokka_outputs_1/MW883601/MW883601:CDS	hypothetical protein	MW883601.1:c39062-37626	MW883601_00042

DiscRep_SUB:FEATURE_LOCATION_CONFLICT::Coding region xref gene does not exist
./prokka_outputs_1/MW883601/MW883601:CDS	hypothetical protein	MW883601.1:39106-39978	MW883601_00043

DiscRep_SUB:FEATURE_LOCATION_CONFLICT::Coding region xref gene does not exist
./prokka_outputs_1/MW883601/MW883601:CDS	hypothetical protein	MW883601.1:c41110-39971	MW883601_00044

DiscRep_SUB:FEATURE_LOCATION_CONFLICT::Coding region xref gene does not exist
./prokka_outputs_1/MW883601/MW883601:CDS	hypothetical protein	MW883601.1:c42404-41112	MW883601_00045

DiscRep_SUB:FEATURE_LOCATION_CONFLICT::Coding region xref gene does not exist
./prokka_outputs_1/MW883601/MW883601:CDS	hypothetical protein	MW883601.1:42470-43063	MW883601_00046

DiscRep_SUB:FEATURE_LOCATION_CONFLICT::Coding region xref gene does not exist
./prokka_outputs_1/MW883601/MW883601:CDS	hypothetical protein	MW883601.1:c43509-43147	MW883601_00047

DiscRep_SUB:FEATURE_LOCATION_CONFLICT::Coding region xref gene does not exist
./prokka_outputs_1/MW883601/MW883601:CDS	hypothetical protein	MW883601.1:c44312-43512	MW883601_00048

DiscRep_SUB:FEATURE_LOCATION_CONFLICT::Coding region xref gene does not exist
./prokka_outputs_1/MW883601/MW883601:CDS	hypothetical protein	MW883601.1:c45231-44317	MW883601_00049

DiscRep_SUB:FEATURE_LOCATION_CONFLICT::Coding region xref gene does not exist
./prokka_outputs_1/MW883601/MW883601:CDS	hypothetical protein	MW883601.1:c45908-45225	MW883601_00050

DiscRep_SUB:FEATURE_LOCATION_CONFLICT::Coding region xref gene does not exist
./prokka_outputs_1/MW883601/MW883601:CDS	hypothetical protein	MW883601.1:46068-46331	MW883601_00051

DiscRep_SUB:FEATURE_LOCATION_CONFLICT::Coding region xref gene does not exist
./prokka_outputs_1/MW883601/MW883601:CDS	hypothetical protein	MW883601.1:46328-46672	MW883601_00052

DiscRep_SUB:FEATURE_LOCATION_CONFLICT::Coding region xref gene does not exist
./prokka_outputs_1/MW883601/MW883601:CDS	hypothetical protein	MW883601.1:46688-46858	MW883601_00053

DiscRep_SUB:FEATURE_LOCATION_CONFLICT::Coding region xref gene does not exist
./prokka_outputs_1/MW883601/MW883601:CDS	hypothetical protein	MW883601.1:c47345-46917	MW883601_00054

DiscRep_SUB:FEATURE_LOCATION_CONFLICT::Coding region xref gene does not exist
./prokka_outputs_1/MW883601/MW883601:CDS	hypothetical protein	MW883601.1:c48070-47618	MW883601_00055

DiscRep_SUB:FEATURE_LOCATION_CONFLICT::Coding region xref gene does not exist
./prokka_outputs_1/MW883601/MW883601:CDS	hypothetical protein	MW883601.1:c49226-48300	MW883601_00056

DiscRep_SUB:FEATURE_LOCATION_CONFLICT::Coding region xref gene does not exist
./prokka_outputs_1/MW883601/MW883601:CDS	hypothetical protein	MW883601.1:c50175-49249	MW883601_00057

DiscRep_SUB:FEATURE_LOCATION_CONFLICT::Coding region xref gene does not exist
./prokka_outputs_1/MW883601/MW883601:CDS	hypothetical protein	MW883601.1:c50833-50186	MW883601_00058

DiscRep_SUB:FEATURE_LOCATION_CONFLICT::Coding region xref gene does not exist
./prokka_outputs_1/MW883601/MW883601:CDS	hypothetical protein	MW883601.1:c51100-50840	MW883601_00059

DiscRep_SUB:FEATURE_LOCATION_CONFLICT::Coding region xref gene does not exist
./prokka_outputs_1/MW883601/MW883601:CDS	hypothetical protein	MW883601.1:c51426-51127	MW883601_00060

DiscRep_SUB:FEATURE_LOCATION_CONFLICT::Coding region xref gene does not exist
./prokka_outputs_1/MW883601/MW883601:CDS	hypothetical protein	MW883601.1:c52081-51416	MW883601_00061

DiscRep_SUB:FEATURE_LOCATION_CONFLICT::Coding region xref gene does not exist
./prokka_outputs_1/MW883601/MW883601:CDS	hypothetical protein	MW883601.1:c52829-52026	MW883601_00062

DiscRep_SUB:FEATURE_LOCATION_CONFLICT::Coding region xref gene does not exist
./prokka_outputs_1/MW883601/MW883601:CDS	hypothetical protein	MW883601.1:c56143-52826	MW883601_00063

DiscRep_SUB:FEATURE_LOCATION_CONFLICT::Coding region xref gene does not exist
./prokka_outputs_1/MW883601/MW883601:CDS	hypothetical protein	MW883601.1:c56874-56506	MW883601_00064

DiscRep_SUB:FEATURE_LOCATION_CONFLICT::Coding region xref gene does not exist
./prokka_outputs_1/MW883601/MW883601:CDS	hypothetical protein	MW883601.1:c59536-56888	MW883601_00065

DiscRep_SUB:FEATURE_LOCATION_CONFLICT::Coding region xref gene does not exist
./prokka_outputs_1/MW883601/MW883601:CDS	hypothetical protein	MW883601.1:c61054-59579	MW883601_00066

DiscRep_SUB:FEATURE_LOCATION_CONFLICT::Coding region xref gene does not exist
./prokka_outputs_1/MW883601/MW883601:CDS	hypothetical protein	MW883601.1:c61288-61100	MW883601_00067

DiscRep_SUB:FEATURE_LOCATION_CONFLICT::Coding region xref gene does not exist
./prokka_outputs_1/MW883601/MW883601:CDS	hypothetical protein	MW883601.1:61409-61702	MW883601_00068

DiscRep_SUB:FEATURE_LOCATION_CONFLICT::Coding region xref gene does not exist
./prokka_outputs_1/MW883601/MW883601:CDS	hypothetical protein	MW883601.1:c62335-61643	MW883601_00069

DiscRep_SUB:FEATURE_LOCATION_CONFLICT::Coding region xref gene does not exist
./prokka_outputs_1/MW883601/MW883601:CDS	hypothetical protein	MW883601.1:c63516-62932	MW883601_00070

DiscRep_SUB:FEATURE_LOCATION_CONFLICT::Coding region xref gene does not exist
./prokka_outputs_1/MW883601/MW883601:CDS	hypothetical protein	MW883601.1:c64990-63557	MW883601_00071

DiscRep_SUB:FEATURE_LOCATION_CONFLICT::Coding region xref gene does not exist
./prokka_outputs_1/MW883601/MW883601:CDS	hypothetical protein	MW883601.1:c65662-64997	MW883601_00072

DiscRep_SUB:FEATURE_LOCATION_CONFLICT::Coding region xref gene does not exist
./prokka_outputs_1/MW883601/MW883601:CDS	hypothetical protein	MW883601.1:65723-66199	MW883601_00073

DiscRep_SUB:FEATURE_LOCATION_CONFLICT::Coding region xref gene does not exist
./prokka_outputs_1/MW883601/MW883601:CDS	hypothetical protein	MW883601.1:c67703-66093	MW883601_00074

DiscRep_SUB:FEATURE_LOCATION_CONFLICT::Coding region xref gene does not exist
./prokka_outputs_1/MW883601/MW883601:CDS	hypothetical protein	MW883601.1:67834-68838	MW883601_00075

DiscRep_SUB:FEATURE_LOCATION_CONFLICT::Coding region xref gene does not exist
./prokka_outputs_1/MW883601/MW883601:CDS	hypothetical protein	MW883601.1:68864-69283	MW883601_00076

DiscRep_SUB:FEATURE_LOCATION_CONFLICT::Coding region xref gene does not exist
./prokka_outputs_1/MW883601/MW883601:CDS	hypothetical protein	MW883601.1:69330-70343	MW883601_00077

DiscRep_SUB:FEATURE_LOCATION_CONFLICT::Coding region xref gene does not exist
./prokka_outputs_1/MW883601/MW883601:CDS	hypothetical protein	MW883601.1:c70704-70438	MW883601_00078

DiscRep_SUB:FEATURE_LOCATION_CONFLICT::Coding region xref gene does not exist
./prokka_outputs_1/MW883601/MW883601:CDS	hypothetical protein	MW883601.1:c73678-70706	MW883601_00079

DiscRep_SUB:FEATURE_LOCATION_CONFLICT::Coding region xref gene does not exist
./prokka_outputs_1/MW883601/MW883601:CDS	hypothetical protein	MW883601.1:73696-75030	MW883601_00080

DiscRep_SUB:FEATURE_LOCATION_CONFLICT::Coding region xref gene does not exist
./prokka_outputs_1/MW883601/MW883601:CDS	hypothetical protein	MW883601.1:75027-75491	MW883601_00081

DiscRep_SUB:FEATURE_LOCATION_CONFLICT::Coding region xref gene does not exist
./prokka_outputs_1/MW883601/MW883601:CDS	hypothetical protein	MW883601.1:c75714-75493	MW883601_00082

DiscRep_SUB:FEATURE_LOCATION_CONFLICT::Coding region xref gene does not exist
./prokka_outputs_1/MW883601/MW883601:CDS	hypothetical protein	MW883601.1:76028-76525	MW883601_00083

DiscRep_SUB:FEATURE_LOCATION_CONFLICT::Coding region xref gene does not exist
./prokka_outputs_1/MW883601/MW883601:CDS	hypothetical protein	MW883601.1:c77668-76562	MW883601_00084

DiscRep_SUB:FEATURE_LOCATION_CONFLICT::Coding region xref gene does not exist
./prokka_outputs_1/MW883601/MW883601:CDS	hypothetical protein	MW883601.1:77720-78079	MW883601_00085

DiscRep_SUB:FEATURE_LOCATION_CONFLICT::Coding region xref gene does not exist
./prokka_outputs_1/MW883601/MW883601:CDS	hypothetical protein	MW883601.1:c78170-78066	MW883601_00086

DiscRep_SUB:FEATURE_LOCATION_CONFLICT::Coding region xref gene does not exist
./prokka_outputs_1/MW883601/MW883601:CDS	hypothetical protein	MW883601.1:c79542-78187	MW883601_00087

DiscRep_SUB:FEATURE_LOCATION_CONFLICT::Coding region xref gene does not exist
./prokka_outputs_1/MW883601/MW883601:CDS	hypothetical protein	MW883601.1:79545-80141	MW883601_00088

DiscRep_SUB:FEATURE_LOCATION_CONFLICT::Coding region xref gene does not exist
./prokka_outputs_1/MW883601/MW883601:CDS	hypothetical protein	MW883601.1:80138-80602	MW883601_00089

DiscRep_SUB:FEATURE_LOCATION_CONFLICT::Coding region xref gene does not exist
./prokka_outputs_1/MW883601/MW883601:CDS	hypothetical protein	MW883601.1:80595-81365	MW883601_00090

DiscRep_SUB:FEATURE_LOCATION_CONFLICT::Coding region xref gene does not exist
./prokka_outputs_1/MW883601/MW883601:CDS	hypothetical protein	MW883601.1:c81775-81362	MW883601_00091

DiscRep_SUB:FEATURE_LOCATION_CONFLICT::Coding region xref gene does not exist
./prokka_outputs_1/MW883601/MW883601:CDS	hypothetical protein	MW883601.1:81819-83375	MW883601_00092

DiscRep_SUB:FEATURE_LOCATION_CONFLICT::Coding region xref gene does not exist
./prokka_outputs_1/MW883601/MW883601:CDS	hypothetical protein	MW883601.1:c84318-83356	MW883601_00093

DiscRep_SUB:FEATURE_LOCATION_CONFLICT::Coding region xref gene does not exist
./prokka_outputs_1/MW883601/MW883601:CDS	hypothetical protein	MW883601.1:84357-84518	MW883601_00094

DiscRep_SUB:FEATURE_LOCATION_CONFLICT::Coding region xref gene does not exist
./prokka_outputs_1/MW883601/MW883601:CDS	hypothetical protein	MW883601.1:c85441-84515	MW883601_00095

DiscRep_SUB:FEATURE_LOCATION_CONFLICT::Coding region xref gene does not exist
./prokka_outputs_1/MW883601/MW883601:CDS	hypothetical protein	MW883601.1:c87136-85976	MW883601_00096

DiscRep_SUB:FEATURE_LOCATION_CONFLICT::Coding region xref gene does not exist
./prokka_outputs_1/MW883601/MW883601:CDS	hypothetical protein	MW883601.1:c87881-87144	MW883601_00097

DiscRep_SUB:FEATURE_LOCATION_CONFLICT::Coding region xref gene does not exist
./prokka_outputs_1/MW883601/MW883601:CDS	hypothetical protein	MW883601.1:c88342-87887	MW883601_00098

DiscRep_SUB:FEATURE_LOCATION_CONFLICT::Coding region xref gene does not exist
./prokka_outputs_1/MW883601/MW883601:CDS	hypothetical protein	MW883601.1:c88752-88429	MW883601_00099

DiscRep_SUB:FEATURE_LOCATION_CONFLICT::Coding region xref gene does not exist
./prokka_outputs_1/MW883601/MW883601:CDS	hypothetical protein	MW883601.1:c89344-88799	MW883601_00100

DiscRep_SUB:FEATURE_LOCATION_CONFLICT::Coding region xref gene does not exist
./prokka_outputs_1/MW883601/MW883601:CDS	hypothetical protein	MW883601.1:c89906-89391	MW883601_00101

DiscRep_SUB:FEATURE_LOCATION_CONFLICT::Coding region xref gene does not exist
./prokka_outputs_1/MW883601/MW883601:CDS	hypothetical protein	MW883601.1:89966-91408	MW883601_00102

DiscRep_SUB:FEATURE_LOCATION_CONFLICT::Coding region xref gene does not exist
./prokka_outputs_1/MW883601/MW883601:CDS	hypothetical protein	MW883601.1:91415-91816	MW883601_00103

DiscRep_SUB:FEATURE_LOCATION_CONFLICT::Coding region xref gene does not exist
./prokka_outputs_1/MW883601/MW883601:CDS	hypothetical protein	MW883601.1:91870-92646	MW883601_00104

DiscRep_SUB:FEATURE_LOCATION_CONFLICT::Coding region xref gene does not exist
./prokka_outputs_1/MW883601/MW883601:CDS	hypothetical protein	MW883601.1:92648-93013	MW883601_00105

DiscRep_SUB:FEATURE_LOCATION_CONFLICT::Coding region xref gene does not exist
./prokka_outputs_1/MW883601/MW883601:CDS	hypothetical protein	MW883601.1:c94006-93137	MW883601_00106

DiscRep_SUB:FEATURE_LOCATION_CONFLICT::Coding region xref gene does not exist
./prokka_outputs_1/MW883601/MW883601:CDS	hypothetical protein	MW883601.1:c94748-94149	MW883601_00107

DiscRep_SUB:FEATURE_LOCATION_CONFLICT::Coding region xref gene does not exist
./prokka_outputs_1/MW883601/MW883601:CDS	hypothetical protein	MW883601.1:c97605-94840	MW883601_00108

DiscRep_SUB:FEATURE_LOCATION_CONFLICT::Coding region xref gene does not exist
./prokka_outputs_1/MW883601/MW883601:CDS	hypothetical protein	MW883601.1:97652-97807	MW883601_00109

DiscRep_SUB:FEATURE_LOCATION_CONFLICT::Coding region xref gene does not exist
./prokka_outputs_1/MW883601/MW883601:CDS	hypothetical protein	MW883601.1:c98694-97804	MW883601_00110

DiscRep_SUB:FEATURE_LOCATION_CONFLICT::Coding region xref gene does not exist
./prokka_outputs_1/MW883601/MW883601:CDS	hypothetical protein	MW883601.1:98714-99457	MW883601_00111

DiscRep_SUB:FEATURE_LOCATION_CONFLICT::Coding region xref gene does not exist
./prokka_outputs_1/MW883601/MW883601:CDS	hypothetical protein	MW883601.1:c99950-99447	MW883601_00112

DiscRep_SUB:FEATURE_LOCATION_CONFLICT::Coding region xref gene does not exist
./prokka_outputs_1/MW883601/MW883601:CDS	hypothetical protein	MW883601.1:c102571-99989	MW883601_00113

DiscRep_SUB:FEATURE_LOCATION_CONFLICT::Coding region xref gene does not exist
./prokka_outputs_1/MW883601/MW883601:CDS	hypothetical protein	MW883601.1:102858-103868	MW883601_00114

DiscRep_SUB:FEATURE_LOCATION_CONFLICT::Coding region xref gene does not exist
./prokka_outputs_1/MW883601/MW883601:CDS	hypothetical protein	MW883601.1:103931-105319	MW883601_00115

DiscRep_SUB:FEATURE_LOCATION_CONFLICT::Coding region xref gene does not exist
./prokka_outputs_1/MW883601/MW883601:CDS	hypothetical protein	MW883601.1:c105987-105373	MW883601_00116

DiscRep_SUB:FEATURE_LOCATION_CONFLICT::Coding region xref gene does not exist
./prokka_outputs_1/MW883601/MW883601:CDS	hypothetical protein	MW883601.1:106144-106404	MW883601_00117

DiscRep_SUB:FEATURE_LOCATION_CONFLICT::Coding region xref gene does not exist
./prokka_outputs_1/MW883601/MW883601:CDS	hypothetical protein	MW883601.1:c107694-106375	MW883601_00118

DiscRep_SUB:FEATURE_LOCATION_CONFLICT::Coding region xref gene does not exist
./prokka_outputs_1/MW883601/MW883601:CDS	hypothetical protein	MW883601.1:107757-108044	MW883601_00119

DiscRep_SUB:FEATURE_LOCATION_CONFLICT::Coding region xref gene does not exist
./prokka_outputs_1/MW883601/MW883601:CDS	hypothetical protein	MW883601.1:108076-108585	MW883601_00120

DiscRep_SUB:FEATURE_LOCATION_CONFLICT::Coding region xref gene does not exist
./prokka_outputs_1/MW883601/MW883601:CDS	hypothetical protein	MW883601.1:c109236-108586	MW883601_00121

DiscRep_SUB:FEATURE_LOCATION_CONFLICT::Coding region xref gene does not exist
./prokka_outputs_1/MW883601/MW883601:CDS	hypothetical protein	MW883601.1:109246-109965	MW883601_00122

DiscRep_SUB:FEATURE_LOCATION_CONFLICT::Coding region xref gene does not exist
./prokka_outputs_1/MW883601/MW883601:CDS	hypothetical protein	MW883601.1:c110308-109937	MW883601_00123

DiscRep_SUB:FEATURE_LOCATION_CONFLICT::Coding region xref gene does not exist
./prokka_outputs_1/MW883601/MW883601:CDS	hypothetical protein	MW883601.1:c111003-110317	MW883601_00124

DiscRep_ALL:DISC_QUALITY_SCORES::Quality scores are missing on all sequences.

DiscRep_ALL:ONCALLER_COMMENT_PRESENT::1 comment descriptors were found (all same)
./prokka_outputs_1/MW883601/MW883601:MW883601.1:Annotated using prokka 1.14.5 from https://github.com/tseemann/prokka

DiscRep_ALL:SHORT_PROT_SEQUENCES::1 protein sequences are shorter than 50 aa.
./prokka_outputs_1/MW883601/MW883601:MW883601.1_86 (length 34)

DiscRep_ALL:MISSING_GENOMEASSEMBLY_COMMENTS::1 bioseqs are missing GenomeAssembly structured comments
./prokka_outputs_1/MW883601/MW883601:MW883601.1 (length 111014)

DiscRep_ALL:MOLTYPE_NOT_MRNA::1 molecule types are not set as mRNA.
./prokka_outputs_1/MW883601/MW883601:MW883601.1 (length 111014)

DiscRep_ALL:TECHNIQUE_NOT_TSA::1 technique are not set as TSA
./prokka_outputs_1/MW883601/MW883601:MW883601.1 (length 111014)

DiscRep_ALL:MISSING_STRUCTURED_COMMENT::1 sequences do not include structured comments.
./prokka_outputs_1/MW883601/MW883601:MW883601.1 (length 111014)

DiscRep_ALL:MISSING_PROJECT::125 sequences do not include project.
./prokka_outputs_1/MW883601/MW883601:MW883601.1 (length 111014)
./prokka_outputs_1/MW883601/MW883601:MW883601.1_1 (length 378)
./prokka_outputs_1/MW883601/MW883601:MW883601.1_2 (length 151)
./prokka_outputs_1/MW883601/MW883601:MW883601.1_3 (length 97)
./prokka_outputs_1/MW883601/MW883601:MW883601.1_4 (length 163)
./prokka_outputs_1/MW883601/MW883601:MW883601.1_5 (length 186)
./prokka_outputs_1/MW883601/MW883601:MW883601.1_6 (length 101)
./prokka_outputs_1/MW883601/MW883601:MW883601.1_7 (length 453)
./prokka_outputs_1/MW883601/MW883601:MW883601.1_8 (length 485)
./prokka_outputs_1/MW883601/MW883601:MW883601.1_9 (length 514)
./prokka_outputs_1/MW883601/MW883601:MW883601.1_10 (length 72)
./prokka_outputs_1/MW883601/MW883601:MW883601.1_11 (length 80)
./prokka_outputs_1/MW883601/MW883601:MW883601.1_12 (length 130)
./prokka_outputs_1/MW883601/MW883601:MW883601.1_13 (length 86)
./prokka_outputs_1/MW883601/MW883601:MW883601.1_14 (length 110)
./prokka_outputs_1/MW883601/MW883601:MW883601.1_15 (length 461)
./prokka_outputs_1/MW883601/MW883601:MW883601.1_16 (length 97)
./prokka_outputs_1/MW883601/MW883601:MW883601.1_17 (length 313)
./prokka_outputs_1/MW883601/MW883601:MW883601.1_18 (length 263)
./prokka_outputs_1/MW883601/MW883601:MW883601.1_19 (length 195)
./prokka_outputs_1/MW883601/MW883601:MW883601.1_20 (length 110)
./prokka_outputs_1/MW883601/MW883601:MW883601.1_21 (length 63)
./prokka_outputs_1/MW883601/MW883601:MW883601.1_22 (length 948)
./prokka_outputs_1/MW883601/MW883601:MW883601.1_23 (length 161)
./prokka_outputs_1/MW883601/MW883601:MW883601.1_24 (length 499)
./prokka_outputs_1/MW883601/MW883601:MW883601.1_25 (length 52)
./prokka_outputs_1/MW883601/MW883601:MW883601.1_26 (length 302)
./prokka_outputs_1/MW883601/MW883601:MW883601.1_27 (length 102)
./prokka_outputs_1/MW883601/MW883601:MW883601.1_28 (length 59)
./prokka_outputs_1/MW883601/MW883601:MW883601.1_29 (length 130)
./prokka_outputs_1/MW883601/MW883601:MW883601.1_30 (length 189)
./prokka_outputs_1/MW883601/MW883601:MW883601.1_31 (length 107)
./prokka_outputs_1/MW883601/MW883601:MW883601.1_32 (length 298)
./prokka_outputs_1/MW883601/MW883601:MW883601.1_33 (length 1168)
./prokka_outputs_1/MW883601/MW883601:MW883601.1_34 (length 67)
./prokka_outputs_1/MW883601/MW883601:MW883601.1_35 (length 200)
./prokka_outputs_1/MW883601/MW883601:MW883601.1_36 (length 188)
./prokka_outputs_1/MW883601/MW883601:MW883601.1_37 (length 300)
./prokka_outputs_1/MW883601/MW883601:MW883601.1_38 (length 1044)
./prokka_outputs_1/MW883601/MW883601:MW883601.1_39 (length 377)
./prokka_outputs_1/MW883601/MW883601:MW883601.1_40 (length 341)
./prokka_outputs_1/MW883601/MW883601:MW883601.1_41 (length 450)
./prokka_outputs_1/MW883601/MW883601:MW883601.1_42 (length 478)
./prokka_outputs_1/MW883601/MW883601:MW883601.1_43 (length 290)
./prokka_outputs_1/MW883601/MW883601:MW883601.1_44 (length 379)
./prokka_outputs_1/MW883601/MW883601:MW883601.1_45 (length 430)
./prokka_outputs_1/MW883601/MW883601:MW883601.1_46 (length 197)
./prokka_outputs_1/MW883601/MW883601:MW883601.1_47 (length 120)
./prokka_outputs_1/MW883601/MW883601:MW883601.1_48 (length 266)
./prokka_outputs_1/MW883601/MW883601:MW883601.1_49 (length 304)
./prokka_outputs_1/MW883601/MW883601:MW883601.1_50 (length 227)
./prokka_outputs_1/MW883601/MW883601:MW883601.1_51 (length 87)
./prokka_outputs_1/MW883601/MW883601:MW883601.1_52 (length 114)
./prokka_outputs_1/MW883601/MW883601:MW883601.1_53 (length 56)
./prokka_outputs_1/MW883601/MW883601:MW883601.1_54 (length 142)
./prokka_outputs_1/MW883601/MW883601:MW883601.1_55 (length 150)
./prokka_outputs_1/MW883601/MW883601:MW883601.1_56 (length 308)
./prokka_outputs_1/MW883601/MW883601:MW883601.1_57 (length 308)
./prokka_outputs_1/MW883601/MW883601:MW883601.1_58 (length 215)
./prokka_outputs_1/MW883601/MW883601:MW883601.1_59 (length 86)
./prokka_outputs_1/MW883601/MW883601:MW883601.1_60 (length 99)
./prokka_outputs_1/MW883601/MW883601:MW883601.1_61 (length 221)
./prokka_outputs_1/MW883601/MW883601:MW883601.1_62 (length 267)
./prokka_outputs_1/MW883601/MW883601:MW883601.1_63 (length 1105)
./prokka_outputs_1/MW883601/MW883601:MW883601.1_64 (length 122)
./prokka_outputs_1/MW883601/MW883601:MW883601.1_65 (length 882)
./prokka_outputs_1/MW883601/MW883601:MW883601.1_66 (length 491)
./prokka_outputs_1/MW883601/MW883601:MW883601.1_67 (length 62)
./prokka_outputs_1/MW883601/MW883601:MW883601.1_68 (length 97)
./prokka_outputs_1/MW883601/MW883601:MW883601.1_69 (length 230)
./prokka_outputs_1/MW883601/MW883601:MW883601.1_70 (length 194)
./prokka_outputs_1/MW883601/MW883601:MW883601.1_71 (length 477)
./prokka_outputs_1/MW883601/MW883601:MW883601.1_72 (length 221)
./prokka_outputs_1/MW883601/MW883601:MW883601.1_73 (length 158)
./prokka_outputs_1/MW883601/MW883601:MW883601.1_74 (length 536)
./prokka_outputs_1/MW883601/MW883601:MW883601.1_75 (length 334)
./prokka_outputs_1/MW883601/MW883601:MW883601.1_76 (length 139)
./prokka_outputs_1/MW883601/MW883601:MW883601.1_77 (length 337)
./prokka_outputs_1/MW883601/MW883601:MW883601.1_78 (length 88)
./prokka_outputs_1/MW883601/MW883601:MW883601.1_79 (length 990)
./prokka_outputs_1/MW883601/MW883601:MW883601.1_80 (length 444)
./prokka_outputs_1/MW883601/MW883601:MW883601.1_81 (length 154)
./prokka_outputs_1/MW883601/MW883601:MW883601.1_82 (length 73)
./prokka_outputs_1/MW883601/MW883601:MW883601.1_83 (length 165)
./prokka_outputs_1/MW883601/MW883601:MW883601.1_84 (length 368)
./prokka_outputs_1/MW883601/MW883601:MW883601.1_85 (length 119)
./prokka_outputs_1/MW883601/MW883601:MW883601.1_86 (length 34)
./prokka_outputs_1/MW883601/MW883601:MW883601.1_87 (length 451)
./prokka_outputs_1/MW883601/MW883601:MW883601.1_88 (length 198)
./prokka_outputs_1/MW883601/MW883601:MW883601.1_89 (length 154)
./prokka_outputs_1/MW883601/MW883601:MW883601.1_90 (length 256)
./prokka_outputs_1/MW883601/MW883601:MW883601.1_91 (length 137)
./prokka_outputs_1/MW883601/MW883601:MW883601.1_92 (length 518)
./prokka_outputs_1/MW883601/MW883601:MW883601.1_93 (length 320)
./prokka_outputs_1/MW883601/MW883601:MW883601.1_94 (length 53)
./prokka_outputs_1/MW883601/MW883601:MW883601.1_95 (length 308)
./prokka_outputs_1/MW883601/MW883601:MW883601.1_96 (length 386)
./prokka_outputs_1/MW883601/MW883601:MW883601.1_97 (length 245)
./prokka_outputs_1/MW883601/MW883601:MW883601.1_98 (length 151)
./prokka_outputs_1/MW883601/MW883601:MW883601.1_99 (length 107)
./prokka_outputs_1/MW883601/MW883601:MW883601.1_100 (length 181)
./prokka_outputs_1/MW883601/MW883601:MW883601.1_101 (length 171)
./prokka_outputs_1/MW883601/MW883601:MW883601.1_102 (length 480)
./prokka_outputs_1/MW883601/MW883601:MW883601.1_103 (length 133)
./prokka_outputs_1/MW883601/MW883601:MW883601.1_104 (length 258)
./prokka_outputs_1/MW883601/MW883601:MW883601.1_105 (length 121)
./prokka_outputs_1/MW883601/MW883601:MW883601.1_106 (length 289)
./prokka_outputs_1/MW883601/MW883601:MW883601.1_107 (length 199)
./prokka_outputs_1/MW883601/MW883601:MW883601.1_108 (length 921)
./prokka_outputs_1/MW883601/MW883601:MW883601.1_109 (length 51)
./prokka_outputs_1/MW883601/MW883601:MW883601.1_110 (length 296)
./prokka_outputs_1/MW883601/MW883601:MW883601.1_111 (length 247)
./prokka_outputs_1/MW883601/MW883601:MW883601.1_112 (length 167)
./prokka_outputs_1/MW883601/MW883601:MW883601.1_113 (length 860)
./prokka_outputs_1/MW883601/MW883601:MW883601.1_114 (length 336)
./prokka_outputs_1/MW883601/MW883601:MW883601.1_115 (length 462)
./prokka_outputs_1/MW883601/MW883601:MW883601.1_116 (length 204)
./prokka_outputs_1/MW883601/MW883601:MW883601.1_117 (length 86)
./prokka_outputs_1/MW883601/MW883601:MW883601.1_118 (length 439)
./prokka_outputs_1/MW883601/MW883601:MW883601.1_119 (length 95)
./prokka_outputs_1/MW883601/MW883601:MW883601.1_120 (length 169)
./prokka_outputs_1/MW883601/MW883601:MW883601.1_121 (length 216)
./prokka_outputs_1/MW883601/MW883601:MW883601.1_122 (length 239)
./prokka_outputs_1/MW883601/MW883601:MW883601.1_123 (length 123)
./prokka_outputs_1/MW883601/MW883601:MW883601.1_124 (length 228)

DiscRep_ALL:DISC_INCONSISTENT_MOLINFO_TECH::Molinfo Technique Report (some missing, all same)
DiscRep_SUB:DISC_INCONSISTENT_MOLINFO_TECH::technique (all missing)
DiscRep_SUB:DISC_INCONSISTENT_MOLINFO_TECH::1 Molinfos are missing field technique
./prokka_outputs_1/MW883601/MW883601:MW883601.1 (length 111014)

