Discrepancy Report Results

Summary
FATAL: MISSING_PROTEIN_ID:175 proteins have invalid IDs.
DISC_SOURCE_QUALS_ASNDISC:strain (all present, all unique)
DISC_SOURCE_QUALS_ASNDISC:taxname (all present, all unique)
DISC_FEATURE_COUNT:CDS: 175 present
DISC_COUNT_NUCLEOTIDES:1 nucleotide Bioseqs are present
FEATURE_LOCATION_CONFLICT:175 features have inconsistent gene locations.
DISC_QUALITY_SCORES:Quality scores are missing on all sequences.
ONCALLER_COMMENT_PRESENT:1 comment descriptors were found (all same)
SHORT_PROT_SEQUENCES:2 protein sequences are shorter than 50 aa.
MISSING_GENOMEASSEMBLY_COMMENTS:1 bioseqs are missing GenomeAssembly structured comments
MOLTYPE_NOT_MRNA:1 molecule types are not set as mRNA.
TECHNIQUE_NOT_TSA:1 technique are not set as TSA
MISSING_STRUCTURED_COMMENT:1 sequences do not include structured comments.
MISSING_PROJECT:176 sequences do not include project.
DISC_INCONSISTENT_MOLINFO_TECH:Molinfo Technique Report (some missing, all same)


Detailed Report

FATAL: DiscRep_ALL:MISSING_PROTEIN_ID::175 proteins have invalid IDs.
./prokka_outputs/MF599468.1/MF599468.1:MF599468.1_1 (length 182)
./prokka_outputs/MF599468.1/MF599468.1:MF599468.1_2 (length 368)
./prokka_outputs/MF599468.1/MF599468.1:MF599468.1_3 (length 137)
./prokka_outputs/MF599468.1/MF599468.1:MF599468.1_4 (length 167)
./prokka_outputs/MF599468.1/MF599468.1:MF599468.1_5 (length 69)
./prokka_outputs/MF599468.1/MF599468.1:MF599468.1_6 (length 445)
./prokka_outputs/MF599468.1/MF599468.1:MF599468.1_7 (length 131)
./prokka_outputs/MF599468.1/MF599468.1:MF599468.1_8 (length 105)
./prokka_outputs/MF599468.1/MF599468.1:MF599468.1_9 (length 158)
./prokka_outputs/MF599468.1/MF599468.1:MF599468.1_10 (length 1167)
./prokka_outputs/MF599468.1/MF599468.1:MF599468.1_11 (length 466)
./prokka_outputs/MF599468.1/MF599468.1:MF599468.1_12 (length 287)
./prokka_outputs/MF599468.1/MF599468.1:MF599468.1_13 (length 165)
./prokka_outputs/MF599468.1/MF599468.1:MF599468.1_14 (length 200)
./prokka_outputs/MF599468.1/MF599468.1:MF599468.1_15 (length 218)
./prokka_outputs/MF599468.1/MF599468.1:MF599468.1_16 (length 476)
./prokka_outputs/MF599468.1/MF599468.1:MF599468.1_17 (length 334)
./prokka_outputs/MF599468.1/MF599468.1:MF599468.1_18 (length 551)
./prokka_outputs/MF599468.1/MF599468.1:MF599468.1_19 (length 642)
./prokka_outputs/MF599468.1/MF599468.1:MF599468.1_20 (length 218)
./prokka_outputs/MF599468.1/MF599468.1:MF599468.1_21 (length 172)
./prokka_outputs/MF599468.1/MF599468.1:MF599468.1_22 (length 495)
./prokka_outputs/MF599468.1/MF599468.1:MF599468.1_23 (length 123)
./prokka_outputs/MF599468.1/MF599468.1:MF599468.1_24 (length 241)
./prokka_outputs/MF599468.1/MF599468.1:MF599468.1_25 (length 150)
./prokka_outputs/MF599468.1/MF599468.1:MF599468.1_26 (length 95)
./prokka_outputs/MF599468.1/MF599468.1:MF599468.1_27 (length 168)
./prokka_outputs/MF599468.1/MF599468.1:MF599468.1_28 (length 541)
./prokka_outputs/MF599468.1/MF599468.1:MF599468.1_29 (length 434)
./prokka_outputs/MF599468.1/MF599468.1:MF599468.1_30 (length 363)
./prokka_outputs/MF599468.1/MF599468.1:MF599468.1_31 (length 134)
./prokka_outputs/MF599468.1/MF599468.1:MF599468.1_32 (length 201)
./prokka_outputs/MF599468.1/MF599468.1:MF599468.1_33 (length 393)
./prokka_outputs/MF599468.1/MF599468.1:MF599468.1_34 (length 87)
./prokka_outputs/MF599468.1/MF599468.1:MF599468.1_35 (length 200)
./prokka_outputs/MF599468.1/MF599468.1:MF599468.1_36 (length 200)
./prokka_outputs/MF599468.1/MF599468.1:MF599468.1_37 (length 659)
./prokka_outputs/MF599468.1/MF599468.1:MF599468.1_38 (length 402)
./prokka_outputs/MF599468.1/MF599468.1:MF599468.1_39 (length 261)
./prokka_outputs/MF599468.1/MF599468.1:MF599468.1_40 (length 112)
./prokka_outputs/MF599468.1/MF599468.1:MF599468.1_41 (length 147)
./prokka_outputs/MF599468.1/MF599468.1:MF599468.1_42 (length 194)
./prokka_outputs/MF599468.1/MF599468.1:MF599468.1_43 (length 334)
./prokka_outputs/MF599468.1/MF599468.1:MF599468.1_44 (length 129)
./prokka_outputs/MF599468.1/MF599468.1:MF599468.1_45 (length 331)
./prokka_outputs/MF599468.1/MF599468.1:MF599468.1_46 (length 266)
./prokka_outputs/MF599468.1/MF599468.1:MF599468.1_47 (length 122)
./prokka_outputs/MF599468.1/MF599468.1:MF599468.1_48 (length 45)
./prokka_outputs/MF599468.1/MF599468.1:MF599468.1_49 (length 152)
./prokka_outputs/MF599468.1/MF599468.1:MF599468.1_50 (length 196)
./prokka_outputs/MF599468.1/MF599468.1:MF599468.1_51 (length 525)
./prokka_outputs/MF599468.1/MF599468.1:MF599468.1_52 (length 285)
./prokka_outputs/MF599468.1/MF599468.1:MF599468.1_53 (length 57)
./prokka_outputs/MF599468.1/MF599468.1:MF599468.1_54 (length 50)
./prokka_outputs/MF599468.1/MF599468.1:MF599468.1_55 (length 326)
./prokka_outputs/MF599468.1/MF599468.1:MF599468.1_56 (length 783)
./prokka_outputs/MF599468.1/MF599468.1:MF599468.1_57 (length 546)
./prokka_outputs/MF599468.1/MF599468.1:MF599468.1_58 (length 126)
./prokka_outputs/MF599468.1/MF599468.1:MF599468.1_59 (length 46)
./prokka_outputs/MF599468.1/MF599468.1:MF599468.1_60 (length 175)
./prokka_outputs/MF599468.1/MF599468.1:MF599468.1_61 (length 377)
./prokka_outputs/MF599468.1/MF599468.1:MF599468.1_62 (length 277)
./prokka_outputs/MF599468.1/MF599468.1:MF599468.1_63 (length 120)
./prokka_outputs/MF599468.1/MF599468.1:MF599468.1_64 (length 304)
./prokka_outputs/MF599468.1/MF599468.1:MF599468.1_65 (length 423)
./prokka_outputs/MF599468.1/MF599468.1:MF599468.1_66 (length 543)
./prokka_outputs/MF599468.1/MF599468.1:MF599468.1_67 (length 606)
./prokka_outputs/MF599468.1/MF599468.1:MF599468.1_68 (length 182)
./prokka_outputs/MF599468.1/MF599468.1:MF599468.1_69 (length 160)
./prokka_outputs/MF599468.1/MF599468.1:MF599468.1_70 (length 479)
./prokka_outputs/MF599468.1/MF599468.1:MF599468.1_71 (length 1126)
./prokka_outputs/MF599468.1/MF599468.1:MF599468.1_72 (length 461)
./prokka_outputs/MF599468.1/MF599468.1:MF599468.1_73 (length 210)
./prokka_outputs/MF599468.1/MF599468.1:MF599468.1_74 (length 160)
./prokka_outputs/MF599468.1/MF599468.1:MF599468.1_75 (length 402)
./prokka_outputs/MF599468.1/MF599468.1:MF599468.1_76 (length 77)
./prokka_outputs/MF599468.1/MF599468.1:MF599468.1_77 (length 155)
./prokka_outputs/MF599468.1/MF599468.1:MF599468.1_78 (length 162)
./prokka_outputs/MF599468.1/MF599468.1:MF599468.1_79 (length 1080)
./prokka_outputs/MF599468.1/MF599468.1:MF599468.1_80 (length 149)
./prokka_outputs/MF599468.1/MF599468.1:MF599468.1_81 (length 461)
./prokka_outputs/MF599468.1/MF599468.1:MF599468.1_82 (length 182)
./prokka_outputs/MF599468.1/MF599468.1:MF599468.1_83 (length 154)
./prokka_outputs/MF599468.1/MF599468.1:MF599468.1_84 (length 248)
./prokka_outputs/MF599468.1/MF599468.1:MF599468.1_85 (length 150)
./prokka_outputs/MF599468.1/MF599468.1:MF599468.1_86 (length 92)
./prokka_outputs/MF599468.1/MF599468.1:MF599468.1_87 (length 220)
./prokka_outputs/MF599468.1/MF599468.1:MF599468.1_88 (length 173)
./prokka_outputs/MF599468.1/MF599468.1:MF599468.1_89 (length 784)
./prokka_outputs/MF599468.1/MF599468.1:MF599468.1_90 (length 125)
./prokka_outputs/MF599468.1/MF599468.1:MF599468.1_91 (length 397)
./prokka_outputs/MF599468.1/MF599468.1:MF599468.1_92 (length 1005)
./prokka_outputs/MF599468.1/MF599468.1:MF599468.1_93 (length 150)
./prokka_outputs/MF599468.1/MF599468.1:MF599468.1_94 (length 184)
./prokka_outputs/MF599468.1/MF599468.1:MF599468.1_95 (length 170)
./prokka_outputs/MF599468.1/MF599468.1:MF599468.1_96 (length 508)
./prokka_outputs/MF599468.1/MF599468.1:MF599468.1_97 (length 471)
./prokka_outputs/MF599468.1/MF599468.1:MF599468.1_98 (length 192)
./prokka_outputs/MF599468.1/MF599468.1:MF599468.1_99 (length 144)
./prokka_outputs/MF599468.1/MF599468.1:MF599468.1_100 (length 188)
./prokka_outputs/MF599468.1/MF599468.1:MF599468.1_101 (length 421)
./prokka_outputs/MF599468.1/MF599468.1:MF599468.1_102 (length 286)
./prokka_outputs/MF599468.1/MF599468.1:MF599468.1_103 (length 65)
./prokka_outputs/MF599468.1/MF599468.1:MF599468.1_104 (length 384)
./prokka_outputs/MF599468.1/MF599468.1:MF599468.1_105 (length 289)
./prokka_outputs/MF599468.1/MF599468.1:MF599468.1_106 (length 179)
./prokka_outputs/MF599468.1/MF599468.1:MF599468.1_107 (length 294)
./prokka_outputs/MF599468.1/MF599468.1:MF599468.1_108 (length 172)
./prokka_outputs/MF599468.1/MF599468.1:MF599468.1_109 (length 174)
./prokka_outputs/MF599468.1/MF599468.1:MF599468.1_110 (length 194)
./prokka_outputs/MF599468.1/MF599468.1:MF599468.1_111 (length 161)
./prokka_outputs/MF599468.1/MF599468.1:MF599468.1_112 (length 1049)
./prokka_outputs/MF599468.1/MF599468.1:MF599468.1_113 (length 108)
./prokka_outputs/MF599468.1/MF599468.1:MF599468.1_114 (length 285)
./prokka_outputs/MF599468.1/MF599468.1:MF599468.1_115 (length 91)
./prokka_outputs/MF599468.1/MF599468.1:MF599468.1_116 (length 184)
./prokka_outputs/MF599468.1/MF599468.1:MF599468.1_117 (length 916)
./prokka_outputs/MF599468.1/MF599468.1:MF599468.1_118 (length 190)
./prokka_outputs/MF599468.1/MF599468.1:MF599468.1_119 (length 188)
./prokka_outputs/MF599468.1/MF599468.1:MF599468.1_120 (length 241)
./prokka_outputs/MF599468.1/MF599468.1:MF599468.1_121 (length 296)
./prokka_outputs/MF599468.1/MF599468.1:MF599468.1_122 (length 256)
./prokka_outputs/MF599468.1/MF599468.1:MF599468.1_123 (length 97)
./prokka_outputs/MF599468.1/MF599468.1:MF599468.1_124 (length 112)
./prokka_outputs/MF599468.1/MF599468.1:MF599468.1_125 (length 124)
./prokka_outputs/MF599468.1/MF599468.1:MF599468.1_126 (length 225)
./prokka_outputs/MF599468.1/MF599468.1:MF599468.1_127 (length 643)
./prokka_outputs/MF599468.1/MF599468.1:MF599468.1_128 (length 453)
./prokka_outputs/MF599468.1/MF599468.1:MF599468.1_129 (length 64)
./prokka_outputs/MF599468.1/MF599468.1:MF599468.1_130 (length 116)
./prokka_outputs/MF599468.1/MF599468.1:MF599468.1_131 (length 192)
./prokka_outputs/MF599468.1/MF599468.1:MF599468.1_132 (length 521)
./prokka_outputs/MF599468.1/MF599468.1:MF599468.1_133 (length 222)
./prokka_outputs/MF599468.1/MF599468.1:MF599468.1_134 (length 199)
./prokka_outputs/MF599468.1/MF599468.1:MF599468.1_135 (length 92)
./prokka_outputs/MF599468.1/MF599468.1:MF599468.1_136 (length 228)
./prokka_outputs/MF599468.1/MF599468.1:MF599468.1_137 (length 191)
./prokka_outputs/MF599468.1/MF599468.1:MF599468.1_138 (length 183)
./prokka_outputs/MF599468.1/MF599468.1:MF599468.1_139 (length 144)
./prokka_outputs/MF599468.1/MF599468.1:MF599468.1_140 (length 311)
./prokka_outputs/MF599468.1/MF599468.1:MF599468.1_141 (length 135)
./prokka_outputs/MF599468.1/MF599468.1:MF599468.1_142 (length 170)
./prokka_outputs/MF599468.1/MF599468.1:MF599468.1_143 (length 160)
./prokka_outputs/MF599468.1/MF599468.1:MF599468.1_144 (length 172)
./prokka_outputs/MF599468.1/MF599468.1:MF599468.1_145 (length 296)
./prokka_outputs/MF599468.1/MF599468.1:MF599468.1_146 (length 146)
./prokka_outputs/MF599468.1/MF599468.1:MF599468.1_147 (length 109)
./prokka_outputs/MF599468.1/MF599468.1:MF599468.1_148 (length 213)
./prokka_outputs/MF599468.1/MF599468.1:MF599468.1_149 (length 1026)
./prokka_outputs/MF599468.1/MF599468.1:MF599468.1_150 (length 237)
./prokka_outputs/MF599468.1/MF599468.1:MF599468.1_151 (length 63)
./prokka_outputs/MF599468.1/MF599468.1:MF599468.1_152 (length 460)
./prokka_outputs/MF599468.1/MF599468.1:MF599468.1_153 (length 177)
./prokka_outputs/MF599468.1/MF599468.1:MF599468.1_154 (length 305)
./prokka_outputs/MF599468.1/MF599468.1:MF599468.1_155 (length 194)
./prokka_outputs/MF599468.1/MF599468.1:MF599468.1_156 (length 408)
./prokka_outputs/MF599468.1/MF599468.1:MF599468.1_157 (length 185)
./prokka_outputs/MF599468.1/MF599468.1:MF599468.1_158 (length 187)
./prokka_outputs/MF599468.1/MF599468.1:MF599468.1_159 (length 206)
./prokka_outputs/MF599468.1/MF599468.1:MF599468.1_160 (length 138)
./prokka_outputs/MF599468.1/MF599468.1:MF599468.1_161 (length 450)
./prokka_outputs/MF599468.1/MF599468.1:MF599468.1_162 (length 456)
./prokka_outputs/MF599468.1/MF599468.1:MF599468.1_163 (length 512)
./prokka_outputs/MF599468.1/MF599468.1:MF599468.1_164 (length 180)
./prokka_outputs/MF599468.1/MF599468.1:MF599468.1_165 (length 220)
./prokka_outputs/MF599468.1/MF599468.1:MF599468.1_166 (length 181)
./prokka_outputs/MF599468.1/MF599468.1:MF599468.1_167 (length 552)
./prokka_outputs/MF599468.1/MF599468.1:MF599468.1_168 (length 164)
./prokka_outputs/MF599468.1/MF599468.1:MF599468.1_169 (length 180)
./prokka_outputs/MF599468.1/MF599468.1:MF599468.1_170 (length 151)
./prokka_outputs/MF599468.1/MF599468.1:MF599468.1_171 (length 136)
./prokka_outputs/MF599468.1/MF599468.1:MF599468.1_172 (length 293)
./prokka_outputs/MF599468.1/MF599468.1:MF599468.1_173 (length 261)
./prokka_outputs/MF599468.1/MF599468.1:MF599468.1_174 (length 319)
./prokka_outputs/MF599468.1/MF599468.1:MF599468.1_175 (length 85)

DiscRep_ALL:DISC_SOURCE_QUALS_ASNDISC::strain (all present, all unique)
DiscRep_SUB:DISC_SOURCE_QUALS_ASNDISC::1 sources have unique values for strain
DiscRep_ALL:DISC_SOURCE_QUALS_ASNDISC::taxname (all present, all unique)
DiscRep_SUB:DISC_SOURCE_QUALS_ASNDISC::1 sources have unique values for taxname
DiscRep_ALL:DISC_FEATURE_COUNT::CDS: 175 present
DiscRep_ALL:DISC_COUNT_NUCLEOTIDES::1 nucleotide Bioseqs are present
./prokka_outputs/MF599468.1/MF599468.1:MF599468.1 (length 165809)

DiscRep_ALL:FEATURE_LOCATION_CONFLICT::175 features have inconsistent gene locations.
DiscRep_SUB:FEATURE_LOCATION_CONFLICT::Coding region xref gene does not exist
./prokka_outputs/MF599468.1/MF599468.1:CDS	hypothetical protein	MF599468.1:1-549	MF599468.1_00001

DiscRep_SUB:FEATURE_LOCATION_CONFLICT::Coding region xref gene does not exist
./prokka_outputs/MF599468.1/MF599468.1:CDS	hypothetical protein	MF599468.1:c1692-586	MF599468.1_00002

DiscRep_SUB:FEATURE_LOCATION_CONFLICT::Coding region xref gene does not exist
./prokka_outputs/MF599468.1/MF599468.1:CDS	hypothetical protein	MF599468.1:c2158-1745	MF599468.1_00003

DiscRep_SUB:FEATURE_LOCATION_CONFLICT::Coding region xref gene does not exist
./prokka_outputs/MF599468.1/MF599468.1:CDS	hypothetical protein	MF599468.1:c2658-2155	MF599468.1_00004

DiscRep_SUB:FEATURE_LOCATION_CONFLICT::Coding region xref gene does not exist
./prokka_outputs/MF599468.1/MF599468.1:CDS	hypothetical protein	MF599468.1:c2895-2686	MF599468.1_00005

DiscRep_SUB:FEATURE_LOCATION_CONFLICT::Coding region xref gene does not exist
./prokka_outputs/MF599468.1/MF599468.1:CDS	hypothetical protein	MF599468.1:c4277-2940	MF599468.1_00006

DiscRep_SUB:FEATURE_LOCATION_CONFLICT::Coding region xref gene does not exist
./prokka_outputs/MF599468.1/MF599468.1:CDS	hypothetical protein	MF599468.1:c5165-4770	MF599468.1_00007

DiscRep_SUB:FEATURE_LOCATION_CONFLICT::Coding region xref gene does not exist
./prokka_outputs/MF599468.1/MF599468.1:CDS	hypothetical protein	MF599468.1:c5519-5202	MF599468.1_00008

DiscRep_SUB:FEATURE_LOCATION_CONFLICT::Coding region xref gene does not exist
./prokka_outputs/MF599468.1/MF599468.1:CDS	hypothetical protein	MF599468.1:c6025-5549	MF599468.1_00009

DiscRep_SUB:FEATURE_LOCATION_CONFLICT::Coding region xref gene does not exist
./prokka_outputs/MF599468.1/MF599468.1:CDS	hypothetical protein	MF599468.1:c9565-6062	MF599468.1_00010

DiscRep_SUB:FEATURE_LOCATION_CONFLICT::Coding region xref gene does not exist
./prokka_outputs/MF599468.1/MF599468.1:CDS	hypothetical protein	MF599468.1:9650-11050	MF599468.1_00011

DiscRep_SUB:FEATURE_LOCATION_CONFLICT::Coding region xref gene does not exist
./prokka_outputs/MF599468.1/MF599468.1:CDS	hypothetical protein	MF599468.1:11052-11915	MF599468.1_00012

DiscRep_SUB:FEATURE_LOCATION_CONFLICT::Coding region xref gene does not exist
./prokka_outputs/MF599468.1/MF599468.1:CDS	hypothetical protein	MF599468.1:c12452-11955	MF599468.1_00013

DiscRep_SUB:FEATURE_LOCATION_CONFLICT::Coding region xref gene does not exist
./prokka_outputs/MF599468.1/MF599468.1:CDS	hypothetical protein	MF599468.1:12523-13125	MF599468.1_00014

DiscRep_SUB:FEATURE_LOCATION_CONFLICT::Coding region xref gene does not exist
./prokka_outputs/MF599468.1/MF599468.1:CDS	hypothetical protein	MF599468.1:13190-13846	MF599468.1_00015

DiscRep_SUB:FEATURE_LOCATION_CONFLICT::Coding region xref gene does not exist
./prokka_outputs/MF599468.1/MF599468.1:CDS	hypothetical protein	MF599468.1:c15373-13943	MF599468.1_00016

DiscRep_SUB:FEATURE_LOCATION_CONFLICT::Coding region xref gene does not exist
./prokka_outputs/MF599468.1/MF599468.1:CDS	hypothetical protein	MF599468.1:c16533-15529	MF599468.1_00017

DiscRep_SUB:FEATURE_LOCATION_CONFLICT::Coding region xref gene does not exist
./prokka_outputs/MF599468.1/MF599468.1:CDS	hypothetical protein	MF599468.1:16717-18372	MF599468.1_00018

DiscRep_SUB:FEATURE_LOCATION_CONFLICT::Coding region xref gene does not exist
./prokka_outputs/MF599468.1/MF599468.1:CDS	hypothetical protein	MF599468.1:c20490-18562	MF599468.1_00019

DiscRep_SUB:FEATURE_LOCATION_CONFLICT::Coding region xref gene does not exist
./prokka_outputs/MF599468.1/MF599468.1:CDS	hypothetical protein	MF599468.1:20609-21265	MF599468.1_00020

DiscRep_SUB:FEATURE_LOCATION_CONFLICT::Coding region xref gene does not exist
./prokka_outputs/MF599468.1/MF599468.1:CDS	hypothetical protein	MF599468.1:21393-21911	MF599468.1_00021

DiscRep_SUB:FEATURE_LOCATION_CONFLICT::Coding region xref gene does not exist
./prokka_outputs/MF599468.1/MF599468.1:CDS	hypothetical protein	MF599468.1:22053-23540	MF599468.1_00022

DiscRep_SUB:FEATURE_LOCATION_CONFLICT::Coding region xref gene does not exist
./prokka_outputs/MF599468.1/MF599468.1:CDS	hypothetical protein	MF599468.1:23653-24024	MF599468.1_00023

DiscRep_SUB:FEATURE_LOCATION_CONFLICT::Coding region xref gene does not exist
./prokka_outputs/MF599468.1/MF599468.1:CDS	hypothetical protein	MF599468.1:24045-24770	MF599468.1_00024

DiscRep_SUB:FEATURE_LOCATION_CONFLICT::Coding region xref gene does not exist
./prokka_outputs/MF599468.1/MF599468.1:CDS	hypothetical protein	MF599468.1:c25255-24803	MF599468.1_00025

DiscRep_SUB:FEATURE_LOCATION_CONFLICT::Coding region xref gene does not exist
./prokka_outputs/MF599468.1/MF599468.1:CDS	hypothetical protein	MF599468.1:c25627-25340	MF599468.1_00026

DiscRep_SUB:FEATURE_LOCATION_CONFLICT::Coding region xref gene does not exist
./prokka_outputs/MF599468.1/MF599468.1:CDS	hypothetical protein	MF599468.1:c26140-25634	MF599468.1_00027

DiscRep_SUB:FEATURE_LOCATION_CONFLICT::Coding region xref gene does not exist
./prokka_outputs/MF599468.1/MF599468.1:CDS	hypothetical protein	MF599468.1:26214-27839	MF599468.1_00028

DiscRep_SUB:FEATURE_LOCATION_CONFLICT::Coding region xref gene does not exist
./prokka_outputs/MF599468.1/MF599468.1:CDS	hypothetical protein	MF599468.1:27960-29264	MF599468.1_00029

DiscRep_SUB:FEATURE_LOCATION_CONFLICT::Coding region xref gene does not exist
./prokka_outputs/MF599468.1/MF599468.1:CDS	hypothetical protein	MF599468.1:c30398-29307	MF599468.1_00030

DiscRep_SUB:FEATURE_LOCATION_CONFLICT::Coding region xref gene does not exist
./prokka_outputs/MF599468.1/MF599468.1:CDS	hypothetical protein	MF599468.1:c30854-30450	MF599468.1_00031

DiscRep_SUB:FEATURE_LOCATION_CONFLICT::Coding region xref gene does not exist
./prokka_outputs/MF599468.1/MF599468.1:CDS	hypothetical protein	MF599468.1:c32075-31470	MF599468.1_00032

DiscRep_SUB:FEATURE_LOCATION_CONFLICT::Coding region xref gene does not exist
./prokka_outputs/MF599468.1/MF599468.1:CDS	hypothetical protein	MF599468.1:32194-33375	MF599468.1_00033

DiscRep_SUB:FEATURE_LOCATION_CONFLICT::Coding region xref gene does not exist
./prokka_outputs/MF599468.1/MF599468.1:CDS	hypothetical protein	MF599468.1:c33710-33447	MF599468.1_00034

DiscRep_SUB:FEATURE_LOCATION_CONFLICT::Coding region xref gene does not exist
./prokka_outputs/MF599468.1/MF599468.1:CDS	hypothetical protein	MF599468.1:c34316-33714	MF599468.1_00035

DiscRep_SUB:FEATURE_LOCATION_CONFLICT::Coding region xref gene does not exist
./prokka_outputs/MF599468.1/MF599468.1:CDS	hypothetical protein	MF599468.1:c34998-34396	MF599468.1_00036

DiscRep_SUB:FEATURE_LOCATION_CONFLICT::Coding region xref gene does not exist
./prokka_outputs/MF599468.1/MF599468.1:CDS	hypothetical protein	MF599468.1:35073-37052	MF599468.1_00037

DiscRep_SUB:FEATURE_LOCATION_CONFLICT::Coding region xref gene does not exist
./prokka_outputs/MF599468.1/MF599468.1:CDS	hypothetical protein	MF599468.1:37107-38315	MF599468.1_00038

DiscRep_SUB:FEATURE_LOCATION_CONFLICT::Coding region xref gene does not exist
./prokka_outputs/MF599468.1/MF599468.1:CDS	hypothetical protein	MF599468.1:38414-39199	MF599468.1_00039

DiscRep_SUB:FEATURE_LOCATION_CONFLICT::Coding region xref gene does not exist
./prokka_outputs/MF599468.1/MF599468.1:CDS	hypothetical protein	MF599468.1:39234-39572	MF599468.1_00040

DiscRep_SUB:FEATURE_LOCATION_CONFLICT::Coding region xref gene does not exist
./prokka_outputs/MF599468.1/MF599468.1:CDS	hypothetical protein	MF599468.1:39544-39987	MF599468.1_00041

DiscRep_SUB:FEATURE_LOCATION_CONFLICT::Coding region xref gene does not exist
./prokka_outputs/MF599468.1/MF599468.1:CDS	hypothetical protein	MF599468.1:c40603-40019	MF599468.1_00042

DiscRep_SUB:FEATURE_LOCATION_CONFLICT::Coding region xref gene does not exist
./prokka_outputs/MF599468.1/MF599468.1:CDS	hypothetical protein	MF599468.1:c41788-40784	MF599468.1_00043

DiscRep_SUB:FEATURE_LOCATION_CONFLICT::Coding region xref gene does not exist
./prokka_outputs/MF599468.1/MF599468.1:CDS	hypothetical protein	MF599468.1:c42252-41863	MF599468.1_00044

DiscRep_SUB:FEATURE_LOCATION_CONFLICT::Coding region xref gene does not exist
./prokka_outputs/MF599468.1/MF599468.1:CDS	hypothetical protein	MF599468.1:42304-43299	MF599468.1_00045

DiscRep_SUB:FEATURE_LOCATION_CONFLICT::Coding region xref gene does not exist
./prokka_outputs/MF599468.1/MF599468.1:CDS	hypothetical protein	MF599468.1:43335-44135	MF599468.1_00046

DiscRep_SUB:FEATURE_LOCATION_CONFLICT::Coding region xref gene does not exist
./prokka_outputs/MF599468.1/MF599468.1:CDS	hypothetical protein	MF599468.1:c44710-44342	MF599468.1_00047

DiscRep_SUB:FEATURE_LOCATION_CONFLICT::Coding region xref gene does not exist
./prokka_outputs/MF599468.1/MF599468.1:CDS	hypothetical protein	MF599468.1:c44936-44799	MF599468.1_00048

DiscRep_SUB:FEATURE_LOCATION_CONFLICT::Coding region xref gene does not exist
./prokka_outputs/MF599468.1/MF599468.1:CDS	hypothetical protein	MF599468.1:c45427-44969	MF599468.1_00049

DiscRep_SUB:FEATURE_LOCATION_CONFLICT::Coding region xref gene does not exist
./prokka_outputs/MF599468.1/MF599468.1:CDS	hypothetical protein	MF599468.1:c46030-45440	MF599468.1_00050

DiscRep_SUB:FEATURE_LOCATION_CONFLICT::Coding region xref gene does not exist
./prokka_outputs/MF599468.1/MF599468.1:CDS	hypothetical protein	MF599468.1:46085-47662	MF599468.1_00051

DiscRep_SUB:FEATURE_LOCATION_CONFLICT::Coding region xref gene does not exist
./prokka_outputs/MF599468.1/MF599468.1:CDS	hypothetical protein	MF599468.1:47699-48556	MF599468.1_00052

DiscRep_SUB:FEATURE_LOCATION_CONFLICT::Coding region xref gene does not exist
./prokka_outputs/MF599468.1/MF599468.1:CDS	hypothetical protein	MF599468.1:48610-48783	MF599468.1_00053

DiscRep_SUB:FEATURE_LOCATION_CONFLICT::Coding region xref gene does not exist
./prokka_outputs/MF599468.1/MF599468.1:CDS	hypothetical protein	MF599468.1:48962-49114	MF599468.1_00054

DiscRep_SUB:FEATURE_LOCATION_CONFLICT::Coding region xref gene does not exist
./prokka_outputs/MF599468.1/MF599468.1:CDS	hypothetical protein	MF599468.1:49532-50512	MF599468.1_00055

DiscRep_SUB:FEATURE_LOCATION_CONFLICT::Coding region xref gene does not exist
./prokka_outputs/MF599468.1/MF599468.1:CDS	DNA-directed RNA polymerase subunit 1	MF599468.1:50604-52955	MF599468.1_00056

DiscRep_SUB:FEATURE_LOCATION_CONFLICT::Coding region xref gene does not exist
./prokka_outputs/MF599468.1/MF599468.1:CDS	hypothetical protein	MF599468.1:52948-54588	MF599468.1_00057

DiscRep_SUB:FEATURE_LOCATION_CONFLICT::Coding region xref gene does not exist
./prokka_outputs/MF599468.1/MF599468.1:CDS	hypothetical protein	MF599468.1:54618-54998	MF599468.1_00058

DiscRep_SUB:FEATURE_LOCATION_CONFLICT::Coding region xref gene does not exist
./prokka_outputs/MF599468.1/MF599468.1:CDS	hypothetical protein	MF599468.1:55285-55425	MF599468.1_00059

DiscRep_SUB:FEATURE_LOCATION_CONFLICT::Coding region xref gene does not exist
./prokka_outputs/MF599468.1/MF599468.1:CDS	hypothetical protein	MF599468.1:c55980-55453	MF599468.1_00060

DiscRep_SUB:FEATURE_LOCATION_CONFLICT::Coding region xref gene does not exist
./prokka_outputs/MF599468.1/MF599468.1:CDS	hypothetical protein	MF599468.1:56055-57188	MF599468.1_00061

DiscRep_SUB:FEATURE_LOCATION_CONFLICT::Coding region xref gene does not exist
./prokka_outputs/MF599468.1/MF599468.1:CDS	hypothetical protein	MF599468.1:57383-58216	MF599468.1_00062

DiscRep_SUB:FEATURE_LOCATION_CONFLICT::Coding region xref gene does not exist
./prokka_outputs/MF599468.1/MF599468.1:CDS	hypothetical protein	MF599468.1:c58621-58259	MF599468.1_00063

DiscRep_SUB:FEATURE_LOCATION_CONFLICT::Coding region xref gene does not exist
./prokka_outputs/MF599468.1/MF599468.1:CDS	hypothetical protein	MF599468.1:c59803-58889	MF599468.1_00064

DiscRep_SUB:FEATURE_LOCATION_CONFLICT::Coding region xref gene does not exist
./prokka_outputs/MF599468.1/MF599468.1:CDS	hypothetical protein	MF599468.1:59903-61174	MF599468.1_00065

DiscRep_SUB:FEATURE_LOCATION_CONFLICT::Coding region xref gene does not exist
./prokka_outputs/MF599468.1/MF599468.1:CDS	hypothetical protein	MF599468.1:61216-62847	MF599468.1_00066

DiscRep_SUB:FEATURE_LOCATION_CONFLICT::Coding region xref gene does not exist
./prokka_outputs/MF599468.1/MF599468.1:CDS	DNA ligase	MF599468.1:62994-64814	MF599468.1_00067

DiscRep_SUB:FEATURE_LOCATION_CONFLICT::Coding region xref gene does not exist
./prokka_outputs/MF599468.1/MF599468.1:CDS	hypothetical protein	MF599468.1:64873-65421	MF599468.1_00068

DiscRep_SUB:FEATURE_LOCATION_CONFLICT::Coding region xref gene does not exist
./prokka_outputs/MF599468.1/MF599468.1:CDS	hypothetical protein	MF599468.1:65526-66008	MF599468.1_00069

DiscRep_SUB:FEATURE_LOCATION_CONFLICT::Coding region xref gene does not exist
./prokka_outputs/MF599468.1/MF599468.1:CDS	hypothetical protein	MF599468.1:66152-67591	MF599468.1_00070

DiscRep_SUB:FEATURE_LOCATION_CONFLICT::Coding region xref gene does not exist
./prokka_outputs/MF599468.1/MF599468.1:CDS	DNA-directed RNA polymerase subunit 2	MF599468.1:67626-71006	MF599468.1_00071

DiscRep_SUB:FEATURE_LOCATION_CONFLICT::Coding region xref gene does not exist
./prokka_outputs/MF599468.1/MF599468.1:CDS	hypothetical protein	MF599468.1:71077-72462	MF599468.1_00072

DiscRep_SUB:FEATURE_LOCATION_CONFLICT::Coding region xref gene does not exist
./prokka_outputs/MF599468.1/MF599468.1:CDS	hypothetical protein	MF599468.1:c73303-72671	MF599468.1_00073

DiscRep_SUB:FEATURE_LOCATION_CONFLICT::Coding region xref gene does not exist
./prokka_outputs/MF599468.1/MF599468.1:CDS	hypothetical protein	MF599468.1:73464-73946	MF599468.1_00074

DiscRep_SUB:FEATURE_LOCATION_CONFLICT::Coding region xref gene does not exist
./prokka_outputs/MF599468.1/MF599468.1:CDS	hypothetical protein	MF599468.1:74080-75288	MF599468.1_00075

DiscRep_SUB:FEATURE_LOCATION_CONFLICT::Coding region xref gene does not exist
./prokka_outputs/MF599468.1/MF599468.1:CDS	viral Ubiquitin	MF599468.1:c75633-75400	MF599468.1_00076

DiscRep_SUB:FEATURE_LOCATION_CONFLICT::Coding region xref gene does not exist
./prokka_outputs/MF599468.1/MF599468.1:CDS	hypothetical protein	MF599468.1:75669-76136	MF599468.1_00077

DiscRep_SUB:FEATURE_LOCATION_CONFLICT::Coding region xref gene does not exist
./prokka_outputs/MF599468.1/MF599468.1:CDS	hypothetical protein	MF599468.1:76162-76650	MF599468.1_00078

DiscRep_SUB:FEATURE_LOCATION_CONFLICT::Coding region xref gene does not exist
./prokka_outputs/MF599468.1/MF599468.1:CDS	hypothetical protein	MF599468.1:76740-79982	MF599468.1_00079

DiscRep_SUB:FEATURE_LOCATION_CONFLICT::Coding region xref gene does not exist
./prokka_outputs/MF599468.1/MF599468.1:CDS	hypothetical protein	MF599468.1:80012-80461	MF599468.1_00080

DiscRep_SUB:FEATURE_LOCATION_CONFLICT::Coding region xref gene does not exist
./prokka_outputs/MF599468.1/MF599468.1:CDS	hypothetical protein	MF599468.1:c82054-80669	MF599468.1_00081

DiscRep_SUB:FEATURE_LOCATION_CONFLICT::Coding region xref gene does not exist
./prokka_outputs/MF599468.1/MF599468.1:CDS	hypothetical protein	MF599468.1:c82649-82101	MF599468.1_00082

DiscRep_SUB:FEATURE_LOCATION_CONFLICT::Coding region xref gene does not exist
./prokka_outputs/MF599468.1/MF599468.1:CDS	hypothetical protein	MF599468.1:c83151-82687	MF599468.1_00083

DiscRep_SUB:FEATURE_LOCATION_CONFLICT::Coding region xref gene does not exist
./prokka_outputs/MF599468.1/MF599468.1:CDS	hypothetical protein	MF599468.1:c83903-83157	MF599468.1_00084

DiscRep_SUB:FEATURE_LOCATION_CONFLICT::Coding region xref gene does not exist
./prokka_outputs/MF599468.1/MF599468.1:CDS	hypothetical protein	MF599468.1:c84391-83939	MF599468.1_00085

DiscRep_SUB:FEATURE_LOCATION_CONFLICT::Coding region xref gene does not exist
./prokka_outputs/MF599468.1/MF599468.1:CDS	hypothetical protein	MF599468.1:c84734-84456	MF599468.1_00086

DiscRep_SUB:FEATURE_LOCATION_CONFLICT::Coding region xref gene does not exist
./prokka_outputs/MF599468.1/MF599468.1:CDS	hypothetical protein	MF599468.1:c85393-84731	MF599468.1_00087

DiscRep_SUB:FEATURE_LOCATION_CONFLICT::Coding region xref gene does not exist
./prokka_outputs/MF599468.1/MF599468.1:CDS	hypothetical protein	MF599468.1:85530-86051	MF599468.1_00088

DiscRep_SUB:FEATURE_LOCATION_CONFLICT::Coding region xref gene does not exist
./prokka_outputs/MF599468.1/MF599468.1:CDS	hypothetical protein	MF599468.1:86125-88479	MF599468.1_00089

DiscRep_SUB:FEATURE_LOCATION_CONFLICT::Coding region xref gene does not exist
./prokka_outputs/MF599468.1/MF599468.1:CDS	hypothetical protein	MF599468.1:88530-88907	MF599468.1_00090

DiscRep_SUB:FEATURE_LOCATION_CONFLICT::Coding region xref gene does not exist
./prokka_outputs/MF599468.1/MF599468.1:CDS	hypothetical protein	MF599468.1:89093-90286	MF599468.1_00091

DiscRep_SUB:FEATURE_LOCATION_CONFLICT::Coding region xref gene does not exist
./prokka_outputs/MF599468.1/MF599468.1:CDS	hypothetical protein	MF599468.1:90427-93444	MF599468.1_00092

DiscRep_SUB:FEATURE_LOCATION_CONFLICT::Coding region xref gene does not exist
./prokka_outputs/MF599468.1/MF599468.1:CDS	hypothetical protein	MF599468.1:93481-93933	MF599468.1_00093

DiscRep_SUB:FEATURE_LOCATION_CONFLICT::Coding region xref gene does not exist
./prokka_outputs/MF599468.1/MF599468.1:CDS	hypothetical protein	MF599468.1:93954-94508	MF599468.1_00094

DiscRep_SUB:FEATURE_LOCATION_CONFLICT::Coding region xref gene does not exist
./prokka_outputs/MF599468.1/MF599468.1:CDS	hypothetical protein	MF599468.1:94545-95057	MF599468.1_00095

DiscRep_SUB:FEATURE_LOCATION_CONFLICT::Coding region xref gene does not exist
./prokka_outputs/MF599468.1/MF599468.1:CDS	hypothetical protein	MF599468.1:c96580-95054	MF599468.1_00096

DiscRep_SUB:FEATURE_LOCATION_CONFLICT::Coding region xref gene does not exist
./prokka_outputs/MF599468.1/MF599468.1:CDS	hypothetical protein	MF599468.1:c98024-96609	MF599468.1_00097

DiscRep_SUB:FEATURE_LOCATION_CONFLICT::Coding region xref gene does not exist
./prokka_outputs/MF599468.1/MF599468.1:CDS	Thymidylate kinase	MF599468.1:98088-98666	MF599468.1_00098

DiscRep_SUB:FEATURE_LOCATION_CONFLICT::Coding region xref gene does not exist
./prokka_outputs/MF599468.1/MF599468.1:CDS	hypothetical protein	MF599468.1:98683-99117	MF599468.1_00099

DiscRep_SUB:FEATURE_LOCATION_CONFLICT::Coding region xref gene does not exist
./prokka_outputs/MF599468.1/MF599468.1:CDS	hypothetical protein	MF599468.1:99149-99715	MF599468.1_00100

DiscRep_SUB:FEATURE_LOCATION_CONFLICT::Coding region xref gene does not exist
./prokka_outputs/MF599468.1/MF599468.1:CDS	hypothetical protein	MF599468.1:99781-101046	MF599468.1_00101

DiscRep_SUB:FEATURE_LOCATION_CONFLICT::Coding region xref gene does not exist
./prokka_outputs/MF599468.1/MF599468.1:CDS	hypothetical protein	MF599468.1:101115-101975	MF599468.1_00102

DiscRep_SUB:FEATURE_LOCATION_CONFLICT::Coding region xref gene does not exist
./prokka_outputs/MF599468.1/MF599468.1:CDS	hypothetical protein	MF599468.1:102178-102375	MF599468.1_00103

DiscRep_SUB:FEATURE_LOCATION_CONFLICT::Coding region xref gene does not exist
./prokka_outputs/MF599468.1/MF599468.1:CDS	hypothetical protein	MF599468.1:102384-103538	MF599468.1_00104

DiscRep_SUB:FEATURE_LOCATION_CONFLICT::Coding region xref gene does not exist
./prokka_outputs/MF599468.1/MF599468.1:CDS	hypothetical protein	MF599468.1:c104465-103596	MF599468.1_00105

DiscRep_SUB:FEATURE_LOCATION_CONFLICT::Coding region xref gene does not exist
./prokka_outputs/MF599468.1/MF599468.1:CDS	hypothetical protein	MF599468.1:104490-105029	MF599468.1_00106

DiscRep_SUB:FEATURE_LOCATION_CONFLICT::Coding region xref gene does not exist
./prokka_outputs/MF599468.1/MF599468.1:CDS	hypothetical protein	MF599468.1:105052-105936	MF599468.1_00107

DiscRep_SUB:FEATURE_LOCATION_CONFLICT::Coding region xref gene does not exist
./prokka_outputs/MF599468.1/MF599468.1:CDS	hypothetical protein	MF599468.1:106000-106518	MF599468.1_00108

DiscRep_SUB:FEATURE_LOCATION_CONFLICT::Coding region xref gene does not exist
./prokka_outputs/MF599468.1/MF599468.1:CDS	hypothetical protein	MF599468.1:c107096-106572	MF599468.1_00109

DiscRep_SUB:FEATURE_LOCATION_CONFLICT::Coding region xref gene does not exist
./prokka_outputs/MF599468.1/MF599468.1:CDS	hypothetical protein	MF599468.1:c107939-107355	MF599468.1_00110

DiscRep_SUB:FEATURE_LOCATION_CONFLICT::Coding region xref gene does not exist
./prokka_outputs/MF599468.1/MF599468.1:CDS	hypothetical protein	MF599468.1:c108527-108042	MF599468.1_00111

DiscRep_SUB:FEATURE_LOCATION_CONFLICT::Coding region xref gene does not exist
./prokka_outputs/MF599468.1/MF599468.1:CDS	hypothetical protein	MF599468.1:108648-111797	MF599468.1_00112

DiscRep_SUB:FEATURE_LOCATION_CONFLICT::Coding region xref gene does not exist
./prokka_outputs/MF599468.1/MF599468.1:CDS	hypothetical protein	MF599468.1:111850-112176	MF599468.1_00113

DiscRep_SUB:FEATURE_LOCATION_CONFLICT::Coding region xref gene does not exist
./prokka_outputs/MF599468.1/MF599468.1:CDS	hypothetical protein	MF599468.1:112220-113077	MF599468.1_00114

DiscRep_SUB:FEATURE_LOCATION_CONFLICT::Coding region xref gene does not exist
./prokka_outputs/MF599468.1/MF599468.1:CDS	hypothetical protein	MF599468.1:c113394-113119	MF599468.1_00115

DiscRep_SUB:FEATURE_LOCATION_CONFLICT::Coding region xref gene does not exist
./prokka_outputs/MF599468.1/MF599468.1:CDS	hypothetical protein	MF599468.1:c114261-113707	MF599468.1_00116

DiscRep_SUB:FEATURE_LOCATION_CONFLICT::Coding region xref gene does not exist
./prokka_outputs/MF599468.1/MF599468.1:CDS	hypothetical protein	MF599468.1:114723-117473	MF599468.1_00117

DiscRep_SUB:FEATURE_LOCATION_CONFLICT::Coding region xref gene does not exist
./prokka_outputs/MF599468.1/MF599468.1:CDS	hypothetical protein	MF599468.1:c118105-117533	MF599468.1_00118

DiscRep_SUB:FEATURE_LOCATION_CONFLICT::Coding region xref gene does not exist
./prokka_outputs/MF599468.1/MF599468.1:CDS	hypothetical protein	MF599468.1:c118682-118116	MF599468.1_00119

DiscRep_SUB:FEATURE_LOCATION_CONFLICT::Coding region xref gene does not exist
./prokka_outputs/MF599468.1/MF599468.1:CDS	hypothetical protein	MF599468.1:118744-119469	MF599468.1_00120

DiscRep_SUB:FEATURE_LOCATION_CONFLICT::Coding region xref gene does not exist
./prokka_outputs/MF599468.1/MF599468.1:CDS	hypothetical protein	MF599468.1:119530-120420	MF599468.1_00121

DiscRep_SUB:FEATURE_LOCATION_CONFLICT::Coding region xref gene does not exist
./prokka_outputs/MF599468.1/MF599468.1:CDS	hypothetical protein	MF599468.1:c121255-120485	MF599468.1_00122

DiscRep_SUB:FEATURE_LOCATION_CONFLICT::Coding region xref gene does not exist
./prokka_outputs/MF599468.1/MF599468.1:CDS	hypothetical protein	MF599468.1:121412-121705	MF599468.1_00123

DiscRep_SUB:FEATURE_LOCATION_CONFLICT::Coding region xref gene does not exist
./prokka_outputs/MF599468.1/MF599468.1:CDS	hypothetical protein	MF599468.1:122338-122676	MF599468.1_00124

DiscRep_SUB:FEATURE_LOCATION_CONFLICT::Coding region xref gene does not exist
./prokka_outputs/MF599468.1/MF599468.1:CDS	hypothetical protein	MF599468.1:c123093-122719	MF599468.1_00125

DiscRep_SUB:FEATURE_LOCATION_CONFLICT::Coding region xref gene does not exist
./prokka_outputs/MF599468.1/MF599468.1:CDS	hypothetical protein	MF599468.1:c123794-123117	MF599468.1_00126

DiscRep_SUB:FEATURE_LOCATION_CONFLICT::Coding region xref gene does not exist
./prokka_outputs/MF599468.1/MF599468.1:CDS	hypothetical protein	MF599468.1:123854-125785	MF599468.1_00127

DiscRep_SUB:FEATURE_LOCATION_CONFLICT::Coding region xref gene does not exist
./prokka_outputs/MF599468.1/MF599468.1:CDS	hypothetical protein	MF599468.1:125878-127239	MF599468.1_00128

DiscRep_SUB:FEATURE_LOCATION_CONFLICT::Coding region xref gene does not exist
./prokka_outputs/MF599468.1/MF599468.1:CDS	hypothetical protein	MF599468.1:c127472-127278	MF599468.1_00129

DiscRep_SUB:FEATURE_LOCATION_CONFLICT::Coding region xref gene does not exist
./prokka_outputs/MF599468.1/MF599468.1:CDS	hypothetical protein	MF599468.1:127516-127866	MF599468.1_00130

DiscRep_SUB:FEATURE_LOCATION_CONFLICT::Coding region xref gene does not exist
./prokka_outputs/MF599468.1/MF599468.1:CDS	hypothetical protein	MF599468.1:128008-128586	MF599468.1_00131

DiscRep_SUB:FEATURE_LOCATION_CONFLICT::Coding region xref gene does not exist
./prokka_outputs/MF599468.1/MF599468.1:CDS	hypothetical protein	MF599468.1:c130202-128637	MF599468.1_00132

DiscRep_SUB:FEATURE_LOCATION_CONFLICT::Coding region xref gene does not exist
./prokka_outputs/MF599468.1/MF599468.1:CDS	hypothetical protein	MF599468.1:130267-130935	MF599468.1_00133

DiscRep_SUB:FEATURE_LOCATION_CONFLICT::Coding region xref gene does not exist
./prokka_outputs/MF599468.1/MF599468.1:CDS	hypothetical protein	MF599468.1:130974-131573	MF599468.1_00134

DiscRep_SUB:FEATURE_LOCATION_CONFLICT::Coding region xref gene does not exist
./prokka_outputs/MF599468.1/MF599468.1:CDS	hypothetical protein	MF599468.1:131616-131894	MF599468.1_00135

DiscRep_SUB:FEATURE_LOCATION_CONFLICT::Coding region xref gene does not exist
./prokka_outputs/MF599468.1/MF599468.1:CDS	hypothetical protein	MF599468.1:c132694-132008	MF599468.1_00136

DiscRep_SUB:FEATURE_LOCATION_CONFLICT::Coding region xref gene does not exist
./prokka_outputs/MF599468.1/MF599468.1:CDS	hypothetical protein	MF599468.1:c133469-132894	MF599468.1_00137

DiscRep_SUB:FEATURE_LOCATION_CONFLICT::Coding region xref gene does not exist
./prokka_outputs/MF599468.1/MF599468.1:CDS	hypothetical protein	MF599468.1:c134178-133627	MF599468.1_00138

DiscRep_SUB:FEATURE_LOCATION_CONFLICT::Coding region xref gene does not exist
./prokka_outputs/MF599468.1/MF599468.1:CDS	hypothetical protein	MF599468.1:c134665-134231	MF599468.1_00139

DiscRep_SUB:FEATURE_LOCATION_CONFLICT::Coding region xref gene does not exist
./prokka_outputs/MF599468.1/MF599468.1:CDS	hypothetical protein	MF599468.1:134706-135641	MF599468.1_00140

DiscRep_SUB:FEATURE_LOCATION_CONFLICT::Coding region xref gene does not exist
./prokka_outputs/MF599468.1/MF599468.1:CDS	hypothetical protein	MF599468.1:135670-136077	MF599468.1_00141

DiscRep_SUB:FEATURE_LOCATION_CONFLICT::Coding region xref gene does not exist
./prokka_outputs/MF599468.1/MF599468.1:CDS	Deoxyuridine 5'-triphosphate nucleotidohydrolase	MF599468.1:136135-136647	MF599468.1_00142

DiscRep_SUB:FEATURE_LOCATION_CONFLICT::Coding region xref gene does not exist
./prokka_outputs/MF599468.1/MF599468.1:CDS	hypothetical protein	MF599468.1:136709-137191	MF599468.1_00143

DiscRep_SUB:FEATURE_LOCATION_CONFLICT::Coding region xref gene does not exist
./prokka_outputs/MF599468.1/MF599468.1:CDS	hypothetical protein	MF599468.1:137307-137825	MF599468.1_00144

DiscRep_SUB:FEATURE_LOCATION_CONFLICT::Coding region xref gene does not exist
./prokka_outputs/MF599468.1/MF599468.1:CDS	hypothetical protein	MF599468.1:138301-139191	MF599468.1_00145

DiscRep_SUB:FEATURE_LOCATION_CONFLICT::Coding region xref gene does not exist
./prokka_outputs/MF599468.1/MF599468.1:CDS	hypothetical protein	MF599468.1:139264-139704	MF599468.1_00146

DiscRep_SUB:FEATURE_LOCATION_CONFLICT::Coding region xref gene does not exist
./prokka_outputs/MF599468.1/MF599468.1:CDS	hypothetical protein	MF599468.1:c140075-139746	MF599468.1_00147

DiscRep_SUB:FEATURE_LOCATION_CONFLICT::Coding region xref gene does not exist
./prokka_outputs/MF599468.1/MF599468.1:CDS	hypothetical protein	MF599468.1:c140761-140120	MF599468.1_00148

DiscRep_SUB:FEATURE_LOCATION_CONFLICT::Coding region xref gene does not exist
./prokka_outputs/MF599468.1/MF599468.1:CDS	hypothetical protein	MF599468.1:140864-143944	MF599468.1_00149

DiscRep_SUB:FEATURE_LOCATION_CONFLICT::Coding region xref gene does not exist
./prokka_outputs/MF599468.1/MF599468.1:CDS	hypothetical protein	MF599468.1:143975-144688	MF599468.1_00150

DiscRep_SUB:FEATURE_LOCATION_CONFLICT::Coding region xref gene does not exist
./prokka_outputs/MF599468.1/MF599468.1:CDS	hypothetical protein	MF599468.1:c145028-144837	MF599468.1_00151

DiscRep_SUB:FEATURE_LOCATION_CONFLICT::Coding region xref gene does not exist
./prokka_outputs/MF599468.1/MF599468.1:CDS	Major capsid protein	MF599468.1:c146437-145055	MF599468.1_00152

DiscRep_SUB:FEATURE_LOCATION_CONFLICT::Coding region xref gene does not exist
./prokka_outputs/MF599468.1/MF599468.1:CDS	hypothetical protein	MF599468.1:c147015-146482	MF599468.1_00153

DiscRep_SUB:FEATURE_LOCATION_CONFLICT::Coding region xref gene does not exist
./prokka_outputs/MF599468.1/MF599468.1:CDS	hypothetical protein	MF599468.1:147112-148029	MF599468.1_00154

DiscRep_SUB:FEATURE_LOCATION_CONFLICT::Coding region xref gene does not exist
./prokka_outputs/MF599468.1/MF599468.1:CDS	hypothetical protein	MF599468.1:148099-148683	MF599468.1_00155

DiscRep_SUB:FEATURE_LOCATION_CONFLICT::Coding region xref gene does not exist
./prokka_outputs/MF599468.1/MF599468.1:CDS	hypothetical protein	MF599468.1:c149952-148726	MF599468.1_00156

DiscRep_SUB:FEATURE_LOCATION_CONFLICT::Coding region xref gene does not exist
./prokka_outputs/MF599468.1/MF599468.1:CDS	hypothetical protein	MF599468.1:c150531-149974	MF599468.1_00157

DiscRep_SUB:FEATURE_LOCATION_CONFLICT::Coding region xref gene does not exist
./prokka_outputs/MF599468.1/MF599468.1:CDS	hypothetical protein	MF599468.1:c151108-150545	MF599468.1_00158

DiscRep_SUB:FEATURE_LOCATION_CONFLICT::Coding region xref gene does not exist
./prokka_outputs/MF599468.1/MF599468.1:CDS	hypothetical protein	MF599468.1:c151734-151114	MF599468.1_00159

DiscRep_SUB:FEATURE_LOCATION_CONFLICT::Coding region xref gene does not exist
./prokka_outputs/MF599468.1/MF599468.1:CDS	hypothetical protein	MF599468.1:151806-152222	MF599468.1_00160

DiscRep_SUB:FEATURE_LOCATION_CONFLICT::Coding region xref gene does not exist
./prokka_outputs/MF599468.1/MF599468.1:CDS	hypothetical protein	MF599468.1:c153628-152276	MF599468.1_00161

DiscRep_SUB:FEATURE_LOCATION_CONFLICT::Coding region xref gene does not exist
./prokka_outputs/MF599468.1/MF599468.1:CDS	hypothetical protein	MF599468.1:c155023-153653	MF599468.1_00162

DiscRep_SUB:FEATURE_LOCATION_CONFLICT::Coding region xref gene does not exist
./prokka_outputs/MF599468.1/MF599468.1:CDS	hypothetical protein	MF599468.1:155084-156622	MF599468.1_00163

DiscRep_SUB:FEATURE_LOCATION_CONFLICT::Coding region xref gene does not exist
./prokka_outputs/MF599468.1/MF599468.1:CDS	hypothetical protein	MF599468.1:156653-157195	MF599468.1_00164

DiscRep_SUB:FEATURE_LOCATION_CONFLICT::Coding region xref gene does not exist
./prokka_outputs/MF599468.1/MF599468.1:CDS	hypothetical protein	MF599468.1:157458-158120	MF599468.1_00165

DiscRep_SUB:FEATURE_LOCATION_CONFLICT::Coding region xref gene does not exist
./prokka_outputs/MF599468.1/MF599468.1:CDS	hypothetical protein	MF599468.1:158248-158793	MF599468.1_00166

DiscRep_SUB:FEATURE_LOCATION_CONFLICT::Coding region xref gene does not exist
./prokka_outputs/MF599468.1/MF599468.1:CDS	hypothetical protein	MF599468.1:158881-160539	MF599468.1_00167

DiscRep_SUB:FEATURE_LOCATION_CONFLICT::Coding region xref gene does not exist
./prokka_outputs/MF599468.1/MF599468.1:CDS	hypothetical protein	MF599468.1:160628-161122	MF599468.1_00168

DiscRep_SUB:FEATURE_LOCATION_CONFLICT::Coding region xref gene does not exist
./prokka_outputs/MF599468.1/MF599468.1:CDS	hypothetical protein	MF599468.1:c161708-161166	MF599468.1_00169

DiscRep_SUB:FEATURE_LOCATION_CONFLICT::Coding region xref gene does not exist
./prokka_outputs/MF599468.1/MF599468.1:CDS	hypothetical protein	MF599468.1:c162170-161715	MF599468.1_00170

DiscRep_SUB:FEATURE_LOCATION_CONFLICT::Coding region xref gene does not exist
./prokka_outputs/MF599468.1/MF599468.1:CDS	hypothetical protein	MF599468.1:162200-162610	MF599468.1_00171

DiscRep_SUB:FEATURE_LOCATION_CONFLICT::Coding region xref gene does not exist
./prokka_outputs/MF599468.1/MF599468.1:CDS	hypothetical protein	MF599468.1:162658-163539	MF599468.1_00172

DiscRep_SUB:FEATURE_LOCATION_CONFLICT::Coding region xref gene does not exist
./prokka_outputs/MF599468.1/MF599468.1:CDS	hypothetical protein	MF599468.1:c164378-163593	MF599468.1_00173

DiscRep_SUB:FEATURE_LOCATION_CONFLICT::Coding region xref gene does not exist
./prokka_outputs/MF599468.1/MF599468.1:CDS	hypothetical protein	MF599468.1:164489-165448	MF599468.1_00174

DiscRep_SUB:FEATURE_LOCATION_CONFLICT::Coding region xref gene does not exist
./prokka_outputs/MF599468.1/MF599468.1:CDS	hypothetical protein	MF599468.1:165477-165734	MF599468.1_00175

DiscRep_ALL:DISC_QUALITY_SCORES::Quality scores are missing on all sequences.

DiscRep_ALL:ONCALLER_COMMENT_PRESENT::1 comment descriptors were found (all same)
./prokka_outputs/MF599468.1/MF599468.1:MF599468.1:Annotated using prokka 1.14.5 from https://github.com/tseemann/prokka

DiscRep_ALL:SHORT_PROT_SEQUENCES::2 protein sequences are shorter than 50 aa.
./prokka_outputs/MF599468.1/MF599468.1:MF599468.1_48 (length 45)
./prokka_outputs/MF599468.1/MF599468.1:MF599468.1_59 (length 46)

DiscRep_ALL:MISSING_GENOMEASSEMBLY_COMMENTS::1 bioseqs are missing GenomeAssembly structured comments
./prokka_outputs/MF599468.1/MF599468.1:MF599468.1 (length 165809)

DiscRep_ALL:MOLTYPE_NOT_MRNA::1 molecule types are not set as mRNA.
./prokka_outputs/MF599468.1/MF599468.1:MF599468.1 (length 165809)

DiscRep_ALL:TECHNIQUE_NOT_TSA::1 technique are not set as TSA
./prokka_outputs/MF599468.1/MF599468.1:MF599468.1 (length 165809)

DiscRep_ALL:MISSING_STRUCTURED_COMMENT::1 sequences do not include structured comments.
./prokka_outputs/MF599468.1/MF599468.1:MF599468.1 (length 165809)

DiscRep_ALL:MISSING_PROJECT::176 sequences do not include project.
./prokka_outputs/MF599468.1/MF599468.1:MF599468.1 (length 165809)
./prokka_outputs/MF599468.1/MF599468.1:MF599468.1_1 (length 182)
./prokka_outputs/MF599468.1/MF599468.1:MF599468.1_2 (length 368)
./prokka_outputs/MF599468.1/MF599468.1:MF599468.1_3 (length 137)
./prokka_outputs/MF599468.1/MF599468.1:MF599468.1_4 (length 167)
./prokka_outputs/MF599468.1/MF599468.1:MF599468.1_5 (length 69)
./prokka_outputs/MF599468.1/MF599468.1:MF599468.1_6 (length 445)
./prokka_outputs/MF599468.1/MF599468.1:MF599468.1_7 (length 131)
./prokka_outputs/MF599468.1/MF599468.1:MF599468.1_8 (length 105)
./prokka_outputs/MF599468.1/MF599468.1:MF599468.1_9 (length 158)
./prokka_outputs/MF599468.1/MF599468.1:MF599468.1_10 (length 1167)
./prokka_outputs/MF599468.1/MF599468.1:MF599468.1_11 (length 466)
./prokka_outputs/MF599468.1/MF599468.1:MF599468.1_12 (length 287)
./prokka_outputs/MF599468.1/MF599468.1:MF599468.1_13 (length 165)
./prokka_outputs/MF599468.1/MF599468.1:MF599468.1_14 (length 200)
./prokka_outputs/MF599468.1/MF599468.1:MF599468.1_15 (length 218)
./prokka_outputs/MF599468.1/MF599468.1:MF599468.1_16 (length 476)
./prokka_outputs/MF599468.1/MF599468.1:MF599468.1_17 (length 334)
./prokka_outputs/MF599468.1/MF599468.1:MF599468.1_18 (length 551)
./prokka_outputs/MF599468.1/MF599468.1:MF599468.1_19 (length 642)
./prokka_outputs/MF599468.1/MF599468.1:MF599468.1_20 (length 218)
./prokka_outputs/MF599468.1/MF599468.1:MF599468.1_21 (length 172)
./prokka_outputs/MF599468.1/MF599468.1:MF599468.1_22 (length 495)
./prokka_outputs/MF599468.1/MF599468.1:MF599468.1_23 (length 123)
./prokka_outputs/MF599468.1/MF599468.1:MF599468.1_24 (length 241)
./prokka_outputs/MF599468.1/MF599468.1:MF599468.1_25 (length 150)
./prokka_outputs/MF599468.1/MF599468.1:MF599468.1_26 (length 95)
./prokka_outputs/MF599468.1/MF599468.1:MF599468.1_27 (length 168)
./prokka_outputs/MF599468.1/MF599468.1:MF599468.1_28 (length 541)
./prokka_outputs/MF599468.1/MF599468.1:MF599468.1_29 (length 434)
./prokka_outputs/MF599468.1/MF599468.1:MF599468.1_30 (length 363)
./prokka_outputs/MF599468.1/MF599468.1:MF599468.1_31 (length 134)
./prokka_outputs/MF599468.1/MF599468.1:MF599468.1_32 (length 201)
./prokka_outputs/MF599468.1/MF599468.1:MF599468.1_33 (length 393)
./prokka_outputs/MF599468.1/MF599468.1:MF599468.1_34 (length 87)
./prokka_outputs/MF599468.1/MF599468.1:MF599468.1_35 (length 200)
./prokka_outputs/MF599468.1/MF599468.1:MF599468.1_36 (length 200)
./prokka_outputs/MF599468.1/MF599468.1:MF599468.1_37 (length 659)
./prokka_outputs/MF599468.1/MF599468.1:MF599468.1_38 (length 402)
./prokka_outputs/MF599468.1/MF599468.1:MF599468.1_39 (length 261)
./prokka_outputs/MF599468.1/MF599468.1:MF599468.1_40 (length 112)
./prokka_outputs/MF599468.1/MF599468.1:MF599468.1_41 (length 147)
./prokka_outputs/MF599468.1/MF599468.1:MF599468.1_42 (length 194)
./prokka_outputs/MF599468.1/MF599468.1:MF599468.1_43 (length 334)
./prokka_outputs/MF599468.1/MF599468.1:MF599468.1_44 (length 129)
./prokka_outputs/MF599468.1/MF599468.1:MF599468.1_45 (length 331)
./prokka_outputs/MF599468.1/MF599468.1:MF599468.1_46 (length 266)
./prokka_outputs/MF599468.1/MF599468.1:MF599468.1_47 (length 122)
./prokka_outputs/MF599468.1/MF599468.1:MF599468.1_48 (length 45)
./prokka_outputs/MF599468.1/MF599468.1:MF599468.1_49 (length 152)
./prokka_outputs/MF599468.1/MF599468.1:MF599468.1_50 (length 196)
./prokka_outputs/MF599468.1/MF599468.1:MF599468.1_51 (length 525)
./prokka_outputs/MF599468.1/MF599468.1:MF599468.1_52 (length 285)
./prokka_outputs/MF599468.1/MF599468.1:MF599468.1_53 (length 57)
./prokka_outputs/MF599468.1/MF599468.1:MF599468.1_54 (length 50)
./prokka_outputs/MF599468.1/MF599468.1:MF599468.1_55 (length 326)
./prokka_outputs/MF599468.1/MF599468.1:MF599468.1_56 (length 783)
./prokka_outputs/MF599468.1/MF599468.1:MF599468.1_57 (length 546)
./prokka_outputs/MF599468.1/MF599468.1:MF599468.1_58 (length 126)
./prokka_outputs/MF599468.1/MF599468.1:MF599468.1_59 (length 46)
./prokka_outputs/MF599468.1/MF599468.1:MF599468.1_60 (length 175)
./prokka_outputs/MF599468.1/MF599468.1:MF599468.1_61 (length 377)
./prokka_outputs/MF599468.1/MF599468.1:MF599468.1_62 (length 277)
./prokka_outputs/MF599468.1/MF599468.1:MF599468.1_63 (length 120)
./prokka_outputs/MF599468.1/MF599468.1:MF599468.1_64 (length 304)
./prokka_outputs/MF599468.1/MF599468.1:MF599468.1_65 (length 423)
./prokka_outputs/MF599468.1/MF599468.1:MF599468.1_66 (length 543)
./prokka_outputs/MF599468.1/MF599468.1:MF599468.1_67 (length 606)
./prokka_outputs/MF599468.1/MF599468.1:MF599468.1_68 (length 182)
./prokka_outputs/MF599468.1/MF599468.1:MF599468.1_69 (length 160)
./prokka_outputs/MF599468.1/MF599468.1:MF599468.1_70 (length 479)
./prokka_outputs/MF599468.1/MF599468.1:MF599468.1_71 (length 1126)
./prokka_outputs/MF599468.1/MF599468.1:MF599468.1_72 (length 461)
./prokka_outputs/MF599468.1/MF599468.1:MF599468.1_73 (length 210)
./prokka_outputs/MF599468.1/MF599468.1:MF599468.1_74 (length 160)
./prokka_outputs/MF599468.1/MF599468.1:MF599468.1_75 (length 402)
./prokka_outputs/MF599468.1/MF599468.1:MF599468.1_76 (length 77)
./prokka_outputs/MF599468.1/MF599468.1:MF599468.1_77 (length 155)
./prokka_outputs/MF599468.1/MF599468.1:MF599468.1_78 (length 162)
./prokka_outputs/MF599468.1/MF599468.1:MF599468.1_79 (length 1080)
./prokka_outputs/MF599468.1/MF599468.1:MF599468.1_80 (length 149)
./prokka_outputs/MF599468.1/MF599468.1:MF599468.1_81 (length 461)
./prokka_outputs/MF599468.1/MF599468.1:MF599468.1_82 (length 182)
./prokka_outputs/MF599468.1/MF599468.1:MF599468.1_83 (length 154)
./prokka_outputs/MF599468.1/MF599468.1:MF599468.1_84 (length 248)
./prokka_outputs/MF599468.1/MF599468.1:MF599468.1_85 (length 150)
./prokka_outputs/MF599468.1/MF599468.1:MF599468.1_86 (length 92)
./prokka_outputs/MF599468.1/MF599468.1:MF599468.1_87 (length 220)
./prokka_outputs/MF599468.1/MF599468.1:MF599468.1_88 (length 173)
./prokka_outputs/MF599468.1/MF599468.1:MF599468.1_89 (length 784)
./prokka_outputs/MF599468.1/MF599468.1:MF599468.1_90 (length 125)
./prokka_outputs/MF599468.1/MF599468.1:MF599468.1_91 (length 397)
./prokka_outputs/MF599468.1/MF599468.1:MF599468.1_92 (length 1005)
./prokka_outputs/MF599468.1/MF599468.1:MF599468.1_93 (length 150)
./prokka_outputs/MF599468.1/MF599468.1:MF599468.1_94 (length 184)
./prokka_outputs/MF599468.1/MF599468.1:MF599468.1_95 (length 170)
./prokka_outputs/MF599468.1/MF599468.1:MF599468.1_96 (length 508)
./prokka_outputs/MF599468.1/MF599468.1:MF599468.1_97 (length 471)
./prokka_outputs/MF599468.1/MF599468.1:MF599468.1_98 (length 192)
./prokka_outputs/MF599468.1/MF599468.1:MF599468.1_99 (length 144)
./prokka_outputs/MF599468.1/MF599468.1:MF599468.1_100 (length 188)
./prokka_outputs/MF599468.1/MF599468.1:MF599468.1_101 (length 421)
./prokka_outputs/MF599468.1/MF599468.1:MF599468.1_102 (length 286)
./prokka_outputs/MF599468.1/MF599468.1:MF599468.1_103 (length 65)
./prokka_outputs/MF599468.1/MF599468.1:MF599468.1_104 (length 384)
./prokka_outputs/MF599468.1/MF599468.1:MF599468.1_105 (length 289)
./prokka_outputs/MF599468.1/MF599468.1:MF599468.1_106 (length 179)
./prokka_outputs/MF599468.1/MF599468.1:MF599468.1_107 (length 294)
./prokka_outputs/MF599468.1/MF599468.1:MF599468.1_108 (length 172)
./prokka_outputs/MF599468.1/MF599468.1:MF599468.1_109 (length 174)
./prokka_outputs/MF599468.1/MF599468.1:MF599468.1_110 (length 194)
./prokka_outputs/MF599468.1/MF599468.1:MF599468.1_111 (length 161)
./prokka_outputs/MF599468.1/MF599468.1:MF599468.1_112 (length 1049)
./prokka_outputs/MF599468.1/MF599468.1:MF599468.1_113 (length 108)
./prokka_outputs/MF599468.1/MF599468.1:MF599468.1_114 (length 285)
./prokka_outputs/MF599468.1/MF599468.1:MF599468.1_115 (length 91)
./prokka_outputs/MF599468.1/MF599468.1:MF599468.1_116 (length 184)
./prokka_outputs/MF599468.1/MF599468.1:MF599468.1_117 (length 916)
./prokka_outputs/MF599468.1/MF599468.1:MF599468.1_118 (length 190)
./prokka_outputs/MF599468.1/MF599468.1:MF599468.1_119 (length 188)
./prokka_outputs/MF599468.1/MF599468.1:MF599468.1_120 (length 241)
./prokka_outputs/MF599468.1/MF599468.1:MF599468.1_121 (length 296)
./prokka_outputs/MF599468.1/MF599468.1:MF599468.1_122 (length 256)
./prokka_outputs/MF599468.1/MF599468.1:MF599468.1_123 (length 97)
./prokka_outputs/MF599468.1/MF599468.1:MF599468.1_124 (length 112)
./prokka_outputs/MF599468.1/MF599468.1:MF599468.1_125 (length 124)
./prokka_outputs/MF599468.1/MF599468.1:MF599468.1_126 (length 225)
./prokka_outputs/MF599468.1/MF599468.1:MF599468.1_127 (length 643)
./prokka_outputs/MF599468.1/MF599468.1:MF599468.1_128 (length 453)
./prokka_outputs/MF599468.1/MF599468.1:MF599468.1_129 (length 64)
./prokka_outputs/MF599468.1/MF599468.1:MF599468.1_130 (length 116)
./prokka_outputs/MF599468.1/MF599468.1:MF599468.1_131 (length 192)
./prokka_outputs/MF599468.1/MF599468.1:MF599468.1_132 (length 521)
./prokka_outputs/MF599468.1/MF599468.1:MF599468.1_133 (length 222)
./prokka_outputs/MF599468.1/MF599468.1:MF599468.1_134 (length 199)
./prokka_outputs/MF599468.1/MF599468.1:MF599468.1_135 (length 92)
./prokka_outputs/MF599468.1/MF599468.1:MF599468.1_136 (length 228)
./prokka_outputs/MF599468.1/MF599468.1:MF599468.1_137 (length 191)
./prokka_outputs/MF599468.1/MF599468.1:MF599468.1_138 (length 183)
./prokka_outputs/MF599468.1/MF599468.1:MF599468.1_139 (length 144)
./prokka_outputs/MF599468.1/MF599468.1:MF599468.1_140 (length 311)
./prokka_outputs/MF599468.1/MF599468.1:MF599468.1_141 (length 135)
./prokka_outputs/MF599468.1/MF599468.1:MF599468.1_142 (length 170)
./prokka_outputs/MF599468.1/MF599468.1:MF599468.1_143 (length 160)
./prokka_outputs/MF599468.1/MF599468.1:MF599468.1_144 (length 172)
./prokka_outputs/MF599468.1/MF599468.1:MF599468.1_145 (length 296)
./prokka_outputs/MF599468.1/MF599468.1:MF599468.1_146 (length 146)
./prokka_outputs/MF599468.1/MF599468.1:MF599468.1_147 (length 109)
./prokka_outputs/MF599468.1/MF599468.1:MF599468.1_148 (length 213)
./prokka_outputs/MF599468.1/MF599468.1:MF599468.1_149 (length 1026)
./prokka_outputs/MF599468.1/MF599468.1:MF599468.1_150 (length 237)
./prokka_outputs/MF599468.1/MF599468.1:MF599468.1_151 (length 63)
./prokka_outputs/MF599468.1/MF599468.1:MF599468.1_152 (length 460)
./prokka_outputs/MF599468.1/MF599468.1:MF599468.1_153 (length 177)
./prokka_outputs/MF599468.1/MF599468.1:MF599468.1_154 (length 305)
./prokka_outputs/MF599468.1/MF599468.1:MF599468.1_155 (length 194)
./prokka_outputs/MF599468.1/MF599468.1:MF599468.1_156 (length 408)
./prokka_outputs/MF599468.1/MF599468.1:MF599468.1_157 (length 185)
./prokka_outputs/MF599468.1/MF599468.1:MF599468.1_158 (length 187)
./prokka_outputs/MF599468.1/MF599468.1:MF599468.1_159 (length 206)
./prokka_outputs/MF599468.1/MF599468.1:MF599468.1_160 (length 138)
./prokka_outputs/MF599468.1/MF599468.1:MF599468.1_161 (length 450)
./prokka_outputs/MF599468.1/MF599468.1:MF599468.1_162 (length 456)
./prokka_outputs/MF599468.1/MF599468.1:MF599468.1_163 (length 512)
./prokka_outputs/MF599468.1/MF599468.1:MF599468.1_164 (length 180)
./prokka_outputs/MF599468.1/MF599468.1:MF599468.1_165 (length 220)
./prokka_outputs/MF599468.1/MF599468.1:MF599468.1_166 (length 181)
./prokka_outputs/MF599468.1/MF599468.1:MF599468.1_167 (length 552)
./prokka_outputs/MF599468.1/MF599468.1:MF599468.1_168 (length 164)
./prokka_outputs/MF599468.1/MF599468.1:MF599468.1_169 (length 180)
./prokka_outputs/MF599468.1/MF599468.1:MF599468.1_170 (length 151)
./prokka_outputs/MF599468.1/MF599468.1:MF599468.1_171 (length 136)
./prokka_outputs/MF599468.1/MF599468.1:MF599468.1_172 (length 293)
./prokka_outputs/MF599468.1/MF599468.1:MF599468.1_173 (length 261)
./prokka_outputs/MF599468.1/MF599468.1:MF599468.1_174 (length 319)
./prokka_outputs/MF599468.1/MF599468.1:MF599468.1_175 (length 85)

DiscRep_ALL:DISC_INCONSISTENT_MOLINFO_TECH::Molinfo Technique Report (some missing, all same)
DiscRep_SUB:DISC_INCONSISTENT_MOLINFO_TECH::technique (all missing)
DiscRep_SUB:DISC_INCONSISTENT_MOLINFO_TECH::1 Molinfos are missing field technique
./prokka_outputs/MF599468.1/MF599468.1:MF599468.1 (length 165809)

