IQ-TREE multicore version 2.2.0.5 COVID-edition for Linux 64-bit built Sep 26 2022
Developed by Bui Quang Minh, James Barbetti, Nguyen Lam Tung,
Olga Chernomor, Heiko Schmidt, Dominik Schrempf, Michael Woodhams, Ly Trong Nhan.

Host:    c094 (AVX2, FMA3, 503 GB RAM)
Command: iqtree2 -s ./3_mafft_alignments_clean/OG0000049.fasta_cleaned.fasta -B 1000 -m MFP -T 1 -pre iqtree/OG0000049.fasta_cleaned.fasta
Seed:    921945 (Using SPRNG - Scalable Parallel Random Number Generator)
Time:    Thu Sep 26 16:03:40 2024
Kernel:  AVX+FMA - 1 threads (32 CPU cores detected)

HINT: Use -nt option to specify number of threads because your CPU has 32 cores!
HINT: -nt AUTO will automatically determine the best number of threads to use.

Reading alignment file ./3_mafft_alignments_clean/OG0000049.fasta_cleaned.fasta ... Fasta format detected
Reading fasta file: done in 0.000298023 secs
Alignment most likely contains protein sequences
Constructing alignment: done in 0.000271082 secs
Alignment has 31 sequences with 400 columns, 222 distinct patterns
237 parsimony-informative, 2 singleton sites, 161 constant sites
                           Gap/Ambiguity  Composition  p-value
Analyzing sequences: done in 2.40803e-05 secs
   1  AF371960_AF371960.1_00095    4.50%    passed    100.00%
   2  AY894343_MK689686.1_00092    3.25%    passed    100.00%
   3  BD143114_MK689686.1_00092    3.25%    passed    100.00%
   4  GQ273492_GQ273492.1_00091    2.75%    passed    100.00%
   5  KC244182_MK689686.1_00092    3.25%    passed    100.00%
   6  KT804738_MK689686.1_00092    3.25%    passed    100.00%
   7  MG570131_MG570131.1_00091    3.50%    passed    100.00%
   8  MG570132_MG570132.1_00091    3.50%    passed    100.00%
   9  MK098185_MK689686.1_00092    3.25%    passed    100.00%
  10  MK098186_MK689686.1_00092    3.25%    passed    100.00%
  11  MK098187_MK689686.1_00092    3.25%    passed    100.00%
  12  MK689685_AF371960.1_00095    4.50%    passed    100.00%
  13  MK689686_MK689686.1_00092    3.25%    passed    100.00%
  14  MN432490_AF371960.1_00095    4.50%    passed    100.00%
  15  MN562489_OM037668.1_00081   20.00%    failed      0.00%
  16  MT521409_OM037668.1_00081   20.00%    failed      0.00%
  17  MT798582_MK689686.1_00092    3.25%    passed    100.00%
  18  MT926123_AF371960.1_00095    4.50%    passed    100.00%
  19  MT986830_AF371960.1_00095    4.50%    passed    100.00%
  20  MW139932_MK689686.1_00092    3.25%    passed    100.00%
  21  OK042108_MK689686.1_00092    3.25%    passed    100.00%
  22  OK042109_MK689686.1_00092    3.25%    passed    100.00%
  23  OL774653_MK689686.1_00092    3.25%    passed    100.00%
  24  OL774654_MK689686.1_00092    3.25%    passed    100.00%
  25  OL774655_MK689686.1_00092    3.25%    passed    100.00%
  26  OM037668_OM037668.1_00081   20.00%    failed      0.00%
  27  ON075463_MK689686.1_00092    3.25%    passed    100.00%
  28  ON740976_MK689686.1_00092    3.25%    passed    100.00%
  29  ON743042_MK689686.1_00092    3.25%    passed    100.00%
  30  OP009387_AF371960.1_00095    4.50%    passed    100.00%
  31  OQ475017_OQ475017.1_00092    3.25%    passed    100.00%
****  TOTAL                        5.11%  3 sequences failed composition chi2 test (p-value<5%; df=19)
NOTE: MK689685_AF371960.1_00095 is identical to AF371960_AF371960.1_00095 but kept for subsequent analysis
NOTE: KC244182_MK689686.1_00092 is identical to AY894343_MK689686.1_00092 but kept for subsequent analysis
NOTE: MK098187_MK689686.1_00092 is identical to MK098186_MK689686.1_00092 but kept for subsequent analysis
NOTE: MT521409_OM037668.1_00081 is identical to MN562489_OM037668.1_00081 but kept for subsequent analysis
Checking for duplicate sequences: done in 5.4121e-05 secs
Identifying sites to remove: done in 0.000123024 secs
NOTE: 17 identical sequences (see below) will be ignored for subsequent analysis
NOTE: MN432490_AF371960.1_00095 (identical to AF371960_AF371960.1_00095) is ignored but added at the end
NOTE: MT926123_AF371960.1_00095 (identical to AF371960_AF371960.1_00095) is ignored but added at the end
NOTE: MT986830_AF371960.1_00095 (identical to AF371960_AF371960.1_00095) is ignored but added at the end
NOTE: OP009387_AF371960.1_00095 (identical to AF371960_AF371960.1_00095) is ignored but added at the end
NOTE: KT804738_MK689686.1_00092 (identical to AY894343_MK689686.1_00092) is ignored but added at the end
NOTE: MK689686_MK689686.1_00092 (identical to AY894343_MK689686.1_00092) is ignored but added at the end
NOTE: MT798582_MK689686.1_00092 (identical to AY894343_MK689686.1_00092) is ignored but added at the end
NOTE: OK042108_MK689686.1_00092 (identical to AY894343_MK689686.1_00092) is ignored but added at the end
NOTE: OK042109_MK689686.1_00092 (identical to AY894343_MK689686.1_00092) is ignored but added at the end
NOTE: ON075463_MK689686.1_00092 (identical to AY894343_MK689686.1_00092) is ignored but added at the end
NOTE: ON740976_MK689686.1_00092 (identical to AY894343_MK689686.1_00092) is ignored but added at the end
NOTE: MW139932_MK689686.1_00092 (identical to MK098186_MK689686.1_00092) is ignored but added at the end
NOTE: OL774653_MK689686.1_00092 (identical to MK098186_MK689686.1_00092) is ignored but added at the end
NOTE: OL774654_MK689686.1_00092 (identical to MK098186_MK689686.1_00092) is ignored but added at the end
NOTE: OL774655_MK689686.1_00092 (identical to MK098186_MK689686.1_00092) is ignored but added at the end
NOTE: OQ475017_OQ475017.1_00092 (identical to MK098186_MK689686.1_00092) is ignored but added at the end
NOTE: OM037668_OM037668.1_00081 (identical to MN562489_OM037668.1_00081) is ignored but added at the end
Alignment was printed to iqtree/OG0000049.fasta_cleaned.fasta.uniqueseq.phy

For your convenience alignment with unique sequences printed to iqtree/OG0000049.fasta_cleaned.fasta.uniqueseq.phy


Create initial parsimony tree by phylogenetic likelihood library (PLL)... 0.000 seconds
Perform fast likelihood tree search using LG+I+G model...
Estimate model parameters (epsilon = 5.000)
Perform nearest neighbor interchange...
Optimizing NNI: done in 0.0307031 secs using 100% CPU
Estimate model parameters (epsilon = 1.000)
1. Initial log-likelihood: -2415.753
Optimal log-likelihood: -2414.781
Proportion of invariable sites: 0.154
Gamma shape alpha: 2.383
Parameters optimization took 1 rounds (0.020 sec)
Time for fast ML tree search: 0.096 seconds

NOTE: ModelFinder requires 6 MB RAM!
ModelFinder will test up to 1232 protein models (sample size: 400) ...
 No. Model         -LnL         df  AIC          AICc         BIC
  1  LG            2424.541     25  4899.082     4902.558     4998.868
  2  LG+I          2415.588     26  4883.175     4886.939     4986.953
  3  LG+G4         2413.634     26  4879.267     4883.031     4983.045
  4  LG+I+G4       2414.031     27  4882.062     4886.126     4989.831
  5  LG+R2         2414.629     27  4883.257     4887.322     4991.027
  6  LG+R3         2413.952     29  4885.903     4890.606     5001.656
 14  LG+I+R2       2413.910     28  4883.819     4888.197     4995.580
 15  LG+I+R3       2409.685     30  4879.369     4884.410     4999.113
 24  LG+F+I        2395.889     45  4881.777     4893.472     5061.393
 25  LG+F+G4       2393.671     45  4877.342     4889.037     5056.958
 26  LG+F+I+G4     2394.201     46  4880.402     4892.651     5064.009
 27  LG+F+R2       2394.577     46  4881.153     4893.402     5064.761
 46  WAG+I         2411.817     26  4875.633     4879.397     4979.411
 47  WAG+G4        2409.936     26  4871.872     4875.636     4975.650
 48  WAG+I+G4      2410.804     27  4875.609     4879.673     4983.378
 49  WAG+R2        2410.440     27  4874.880     4878.945     4982.650
 68  WAG+F+I       2392.508     45  4875.017     4886.712     5054.633
 69  WAG+F+G4      2390.312     45  4870.624     4882.319     5050.240
 70  WAG+F+I+G4    2391.253     46  4874.505     4886.755     5058.113
 71  WAG+F+R2      2390.744     46  4873.488     4885.737     5057.095
 90  JTT+I         2413.317     26  4878.634     4882.398     4982.412
 91  JTT+G4        2412.493     26  4876.986     4880.750     4980.764
 92  JTT+I+G4      2412.492     27  4878.985     4883.049     4986.754
 93  JTT+R2        2413.285     27  4880.570     4884.634     4988.339
112  JTT+F+I       2397.538     45  4885.075     4896.770     5064.691
113  JTT+F+G4      2396.728     45  4883.456     4895.151     5063.072
114  JTT+F+I+G4    2396.722     46  4885.444     4897.694     5069.052
115  JTT+F+R2      2397.614     46  4887.227     4899.477     5070.835
WARNING: Normalizing state frequencies so that sum of them equals to 1
134  Q.pfam+I      2413.871     26  4879.743     4883.507     4983.521
WARNING: Normalizing state frequencies so that sum of them equals to 1
135  Q.pfam+G4     2412.688     26  4877.375     4881.139     4981.153
WARNING: Normalizing state frequencies so that sum of them equals to 1
136  Q.pfam+I+G4   2412.746     27  4879.492     4883.556     4987.261
WARNING: Normalizing state frequencies so that sum of them equals to 1
137  Q.pfam+R2     2413.668     27  4881.335     4885.400     4989.105
WARNING: Normalizing state frequencies so that sum of them equals to 1
156  Q.pfam+F+I    2395.545     45  4881.089     4892.784     5060.705
WARNING: Normalizing state frequencies so that sum of them equals to 1
157  Q.pfam+F+G4   2394.301     45  4878.603     4890.298     5058.219
WARNING: Normalizing state frequencies so that sum of them equals to 1
158  Q.pfam+F+I+G4 2394.434     46  4880.869     4893.118     5064.476
WARNING: Normalizing state frequencies so that sum of them equals to 1
159  Q.pfam+F+R2   2395.292     46  4882.585     4894.834     5066.192
WARNING: Normalizing state frequencies so that sum of them equals to 1
178  Q.bird+I      2432.070     26  4916.140     4919.904     5019.918
WARNING: Normalizing state frequencies so that sum of them equals to 1
179  Q.bird+G4     2433.159     26  4918.318     4922.082     5022.096
WARNING: Normalizing state frequencies so that sum of them equals to 1
180  Q.bird+I+G4   2431.493     27  4916.985     4921.050     5024.755
WARNING: Normalizing state frequencies so that sum of them equals to 1
181  Q.bird+R2     2436.027     27  4926.054     4930.119     5033.824
WARNING: Normalizing state frequencies so that sum of them equals to 1
200  Q.bird+F+I    2406.872     45  4903.743     4915.438     5083.359
WARNING: Normalizing state frequencies so that sum of them equals to 1
201  Q.bird+F+G4   2408.318     45  4906.637     4918.332     5086.253
WARNING: Normalizing state frequencies so that sum of them equals to 1
202  Q.bird+F+I+G4 2406.333     46  4904.667     4916.916     5088.274
WARNING: Normalizing state frequencies so that sum of them equals to 1
203  Q.bird+F+R2   2412.202     46  4916.403     4928.653     5100.011
WARNING: Normalizing state frequencies so that sum of them equals to 1
222  Q.mammal+I    2431.366     26  4914.731     4918.495     5018.509
WARNING: Normalizing state frequencies so that sum of them equals to 1
223  Q.mammal+G4   2432.528     26  4917.056     4920.820     5020.834
WARNING: Normalizing state frequencies so that sum of them equals to 1
224  Q.mammal+I+G4 2430.961     27  4915.922     4919.986     5023.691
WARNING: Normalizing state frequencies so that sum of them equals to 1
225  Q.mammal+R2   2434.382     27  4922.765     4926.830     5030.535
WARNING: Normalizing state frequencies so that sum of them equals to 1
244  Q.mammal+F+I  2403.324     45  4896.649     4908.344     5076.265
WARNING: Normalizing state frequencies so that sum of them equals to 1
245  Q.mammal+F+G4 2405.083     45  4900.166     4911.861     5079.782
WARNING: Normalizing state frequencies so that sum of them equals to 1
246  Q.mammal+F+I+G4 2403.022     46  4898.043     4910.293     5081.651
WARNING: Normalizing state frequencies so that sum of them equals to 1
247  Q.mammal+F+R2 2407.318     46  4906.637     4918.886     5090.244
266  Q.insect+I    2442.042     26  4936.085     4939.849     5039.863
267  Q.insect+G4   2441.360     26  4934.719     4938.483     5038.497
268  Q.insect+I+G4 2440.891     27  4935.782     4939.847     5043.552
269  Q.insect+R2   2442.678     27  4939.356     4943.420     5047.125
288  Q.insect+F+I  2402.479     45  4894.959     4906.654     5074.575
289  Q.insect+F+G4 2400.740     45  4891.480     4903.175     5071.096
290  Q.insect+F+I+G4 2400.878     46  4893.756     4906.006     5077.364
291  Q.insect+F+R2 2402.016     46  4896.032     4908.282     5079.640
WARNING: Normalizing state frequencies so that sum of them equals to 1
310  Q.plant+I     2428.064     26  4908.127     4911.891     5011.905
WARNING: Normalizing state frequencies so that sum of them equals to 1
311  Q.plant+G4    2428.413     26  4908.826     4912.590     5012.604
WARNING: Normalizing state frequencies so that sum of them equals to 1
312  Q.plant+I+G4  2427.217     27  4908.433     4912.498     5016.203
WARNING: Normalizing state frequencies so that sum of them equals to 1
313  Q.plant+R2    2430.207     27  4914.414     4918.478     5022.183
WARNING: Normalizing state frequencies so that sum of them equals to 1
332  Q.plant+F+I   2397.992     45  4885.984     4897.679     5065.600
WARNING: Normalizing state frequencies so that sum of them equals to 1
333  Q.plant+F+G4  2397.671     45  4885.342     4897.037     5064.958
WARNING: Normalizing state frequencies so that sum of them equals to 1
334  Q.plant+F+I+G4 2396.968     46  4885.937     4898.186     5069.544
WARNING: Normalizing state frequencies so that sum of them equals to 1
335  Q.plant+F+R2  2399.693     46  4891.385     4903.635     5074.993
WARNING: Normalizing state frequencies so that sum of them equals to 1
354  Q.yeast+I     2452.181     26  4956.362     4960.126     5060.140
WARNING: Normalizing state frequencies so that sum of them equals to 1
355  Q.yeast+G4    2451.893     26  4955.785     4959.549     5059.563
WARNING: Normalizing state frequencies so that sum of them equals to 1
356  Q.yeast+I+G4  2451.152     27  4956.305     4960.369     5064.074
WARNING: Normalizing state frequencies so that sum of them equals to 1
357  Q.yeast+R2    2453.378     27  4960.756     4964.821     5068.526
WARNING: Normalizing state frequencies so that sum of them equals to 1
376  Q.yeast+F+I   2399.451     45  4888.903     4900.598     5068.519
WARNING: Normalizing state frequencies so that sum of them equals to 1
377  Q.yeast+F+G4  2398.512     45  4887.025     4898.720     5066.641
WARNING: Normalizing state frequencies so that sum of them equals to 1
378  Q.yeast+F+I+G4 2398.261     46  4888.522     4900.772     5072.130
WARNING: Normalizing state frequencies so that sum of them equals to 1
379  Q.yeast+F+R2  2400.018     46  4892.036     4904.285     5075.643
398  JTTDCMut+I    2414.124     26  4880.248     4884.012     4984.026
399  JTTDCMut+G4   2413.265     26  4878.530     4882.294     4982.308
400  JTTDCMut+I+G4 2413.308     27  4880.615     4884.680     4988.385
401  JTTDCMut+R2   2414.030     27  4882.061     4886.125     4989.830
420  JTTDCMut+F+I  2397.649     45  4885.297     4896.992     5064.913
421  JTTDCMut+F+G4 2396.799     45  4883.598     4895.293     5063.214
422  JTTDCMut+F+I+G4 2396.835     46  4885.671     4897.920     5069.278
423  JTTDCMut+F+R2 2397.656     46  4887.313     4899.562     5070.920
442  DCMut+I       2436.445     26  4924.890     4928.654     5028.668
443  DCMut+G4      2434.239     26  4920.479     4924.243     5024.257
444  DCMut+I+G4    2434.826     27  4923.652     4927.717     5031.422
445  DCMut+R2      2435.051     27  4924.101     4928.166     5031.871
464  DCMut+F+I     2399.374     45  4888.749     4900.443     5068.364
465  DCMut+F+G4    2397.128     45  4884.256     4895.951     5063.872
466  DCMut+F+I+G4  2397.645     46  4887.289     4899.538     5070.897
467  DCMut+F+R2    2398.119     46  4888.239     4900.488     5071.846
486  VT+I          2418.392     26  4888.784     4892.548     4992.562
487  VT+G4         2416.623     26  4885.247     4889.011     4989.025
488  VT+I+G4       2417.668     27  4889.336     4893.401     4997.106
489  VT+R2         2416.947     27  4887.895     4891.959     4995.664
508  VT+F+I        2398.571     45  4887.142     4898.837     5066.758
509  VT+F+G4       2396.632     45  4883.264     4894.959     5062.880
510  VT+F+I+G4     2397.690     46  4887.379     4899.629     5070.987
511  VT+F+R2       2396.909     46  4885.818     4898.067     5069.425
530  PMB+I         2429.138     26  4910.276     4914.040     5014.054
531  PMB+G4        2427.678     26  4907.357     4911.121     5011.135
532  PMB+I+G4      2428.660     27  4911.320     4915.385     5019.090
533  PMB+R2        2427.935     27  4909.869     4913.934     5017.639
552  PMB+F+I       2405.238     45  4900.476     4912.170     5080.091
553  PMB+F+G4      2403.453     45  4896.906     4908.601     5076.522
554  PMB+F+I+G4    2404.522     46  4901.045     4913.294     5084.652
555  PMB+F+R2      2403.632     46  4899.263     4911.512     5082.870
574  Blosum62+I    2425.515     26  4903.029     4906.793     5006.807
575  Blosum62+G4   2424.095     26  4900.189     4903.953     5003.967
576  Blosum62+I+G4 2425.107     27  4904.214     4908.278     5011.983
577  Blosum62+R2   2424.383     27  4902.767     4906.831     5010.536
596  Blosum62+F+I  2401.621     45  4893.243     4904.938     5072.859
597  Blosum62+F+G4 2399.818     45  4889.635     4901.330     5069.251
598  Blosum62+F+I+G4 2400.892     46  4893.783     4906.033     5077.391
599  Blosum62+F+R2 2400.001     46  4892.003     4904.252     5075.610
618  Dayhoff+I     2436.410     26  4924.819     4928.583     5028.597
619  Dayhoff+G4    2434.203     26  4920.406     4924.170     5024.184
620  Dayhoff+I+G4  2434.780     27  4923.560     4927.624     5031.329
621  Dayhoff+R2    2435.023     27  4924.047     4928.111     5031.816
640  Dayhoff+F+I   2399.364     45  4888.728     4900.423     5068.344
641  Dayhoff+F+G4  2397.121     45  4884.241     4895.936     5063.857
642  Dayhoff+F+I+G4 2397.628     46  4887.257     4899.506     5070.864
643  Dayhoff+F+R2  2398.123     46  4888.247     4900.496     5071.854
662  mtREV+I       2545.007     26  5142.014     5145.778     5245.792
663  mtREV+G4      2543.479     26  5138.958     5142.723     5242.737
664  mtREV+I+G4    2542.791     27  5139.581     5143.646     5247.351
665  mtREV+R2      2548.758     27  5151.516     5155.580     5259.285
684  mtREV+F+I     2417.987     45  4925.975     4937.670     5105.591
685  mtREV+F+G4    2413.504     45  4917.007     4928.702     5096.623
686  mtREV+F+I+G4  2413.884     46  4919.768     4932.017     5103.375
687  mtREV+F+R2    2417.550     46  4927.100     4939.350     5110.708
706  mtART+I       2604.297     26  5260.593     5264.357     5364.371
707  mtART+G4      2602.104     26  5256.208     5259.972     5359.986
708  mtART+I+G4    2598.928     27  5251.856     5255.920     5359.625
709  mtART+R2      2620.539     27  5295.079     5299.143     5402.848
728  mtART+F+I     2451.343     45  4992.685     5004.380     5172.301
729  mtART+F+G4    2443.791     45  4977.581     4989.276     5157.197
730  mtART+F+I+G4  2442.618     46  4977.235     4989.485     5160.843
731  mtART+F+R2    2462.453     46  5016.906     5029.155     5200.513
750  mtZOA+I       2542.578     26  5137.156     5140.920     5240.934
751  mtZOA+G4      2544.740     26  5141.479     5145.243     5245.257
752  mtZOA+I+G4    2541.459     27  5136.918     5140.983     5244.688
753  mtZOA+R2      2553.492     27  5160.984     5165.048     5268.753
772  mtZOA+F+I     2422.949     45  4935.897     4947.592     5115.513
773  mtZOA+F+G4    2418.997     45  4927.995     4939.690     5107.611
774  mtZOA+F+I+G4  2418.657     46  4929.313     4941.563     5112.921
775  mtZOA+F+R2    2428.237     46  4948.474     4960.723     5132.081
794  mtMet+I       2580.420     26  5212.840     5216.604     5316.618
795  mtMet+G4      2583.568     26  5219.135     5222.899     5322.913
796  mtMet+I+G4    2580.102     27  5214.204     5218.269     5321.974
797  mtMet+R2      2588.206     27  5230.412     5234.476     5338.181
816  mtMet+F+I     2414.693     45  4919.386     4931.081     5099.002
817  mtMet+F+G4    2412.356     45  4914.712     4926.407     5094.328
818  mtMet+F+I+G4  2411.881     46  4915.763     4928.012     5099.370
819  mtMet+F+R2    2418.306     46  4928.611     4940.861     5112.219
838  mtVer+I       2550.977     26  5153.955     5157.719     5257.733
839  mtVer+G4      2554.376     26  5160.753     5164.517     5264.531
840  mtVer+I+G4    2550.365     27  5154.730     5158.794     5262.499
841  mtVer+R2      2562.792     27  5179.585     5183.649     5287.354
860  mtVer+F+I     2415.830     45  4921.660     4933.355     5101.276
861  mtVer+F+G4    2413.594     45  4917.188     4928.883     5096.804
862  mtVer+F+I+G4  2412.791     46  4917.582     4929.832     5101.190
863  mtVer+F+R2    2422.043     46  4936.086     4948.335     5119.693
882  mtInv+I       2633.460     26  5318.921     5322.685     5422.699
883  mtInv+G4      2636.202     26  5324.403     5328.167     5428.181
884  mtInv+I+G4    2633.277     27  5320.553     5324.618     5428.323
885  mtInv+R2      2637.710     27  5329.420     5333.484     5437.189
904  mtInv+F+I     2409.959     45  4909.918     4921.613     5089.534
905  mtInv+F+G4    2407.170     45  4904.339     4916.034     5083.955
906  mtInv+F+I+G4  2407.272     46  4906.543     4918.792     5090.151
907  mtInv+F+R2    2410.290     46  4912.580     4924.829     5096.187
926  mtMAM+I       2563.306     26  5178.612     5182.376     5282.390
927  mtMAM+G4      2564.136     26  5180.273     5184.037     5284.051
928  mtMAM+I+G4    2559.689     27  5173.378     5177.443     5281.148
929  mtMAM+R2      2580.438     27  5214.876     5218.940     5322.645
948  mtMAM+F+I     2434.768     45  4959.535     4971.230     5139.151
949  mtMAM+F+G4    2431.835     45  4953.671     4965.366     5133.287
950  mtMAM+F+I+G4  2429.455     46  4950.910     4963.160     5134.518
951  mtMAM+F+R2    2446.336     46  4984.673     4996.922     5168.280
WARNING: Normalizing state frequencies so that sum of them equals to 1
970  FLAVI+I       2457.887     26  4967.774     4971.538     5071.552
WARNING: Normalizing state frequencies so that sum of them equals to 1
971  FLAVI+G4      2457.290     26  4966.580     4970.344     5070.358
WARNING: Normalizing state frequencies so that sum of them equals to 1
972  FLAVI+I+G4    2455.753     27  4965.505     4969.570     5073.275
WARNING: Normalizing state frequencies so that sum of them equals to 1
973  FLAVI+R2      2465.971     27  4985.941     4990.006     5093.711
WARNING: Normalizing state frequencies so that sum of them equals to 1
992  FLAVI+F+I     2427.102     45  4944.203     4955.898     5123.819
WARNING: Normalizing state frequencies so that sum of them equals to 1
993  FLAVI+F+G4    2425.594     45  4941.187     4952.882     5120.803
WARNING: Normalizing state frequencies so that sum of them equals to 1
994  FLAVI+F+I+G4  2424.295     46  4940.591     4952.840     5124.198
WARNING: Normalizing state frequencies so that sum of them equals to 1
995  FLAVI+F+R2    2435.286     46  4962.573     4974.822     5146.180
1014  HIVb+I        2437.391     26  4926.782     4930.546     5030.560
1015  HIVb+G4       2436.461     26  4924.923     4928.687     5028.701
1016  HIVb+I+G4     2435.963     27  4925.926     4929.990     5033.695
1017  HIVb+R2       2438.005     27  4930.010     4934.075     5037.780
1036  HIVb+F+I      2405.346     45  4900.691     4912.386     5080.307
1037  HIVb+F+G4     2404.048     45  4898.096     4909.791     5077.712
1038  HIVb+F+I+G4   2403.738     46  4899.476     4911.725     5083.083
1039  HIVb+F+R2     2406.456     46  4904.912     4917.162     5088.520
1058  HIVw+I        2506.151     26  5064.302     5068.066     5168.080
1059  HIVw+G4       2505.002     26  5062.003     5065.767     5165.781
1060  HIVw+I+G4     2504.246     27  5062.493     5066.557     5170.262
1061  HIVw+R2       2509.380     27  5072.760     5076.825     5180.530
1080  HIVw+F+I      2422.762     45  4935.525     4947.220     5115.141
1081  HIVw+F+G4     2420.716     45  4931.432     4943.127     5111.048
1082  HIVw+F+I+G4   2420.429     46  4932.858     4945.107     5116.465
1083  HIVw+F+R2     2425.851     46  4943.702     4955.952     5127.310
1102  FLU+I         2450.064     26  4952.128     4955.892     5055.906
1103  FLU+G4        2451.560     26  4955.120     4958.885     5058.899
1104  FLU+I+G4      2449.495     27  4952.990     4957.054     5060.759
1105  FLU+R2        2454.351     27  4962.702     4966.767     5070.472
1124  FLU+F+I       2402.433     45  4894.865     4906.560     5074.481
1125  FLU+F+G4      2403.643     45  4897.286     4908.981     5076.901
1126  FLU+F+I+G4    2401.860     46  4895.719     4907.968     5079.327
1127  FLU+F+R2      2406.733     46  4905.466     4917.715     5089.073
1146  rtREV+I       2448.289     26  4948.577     4952.342     5052.356
1147  rtREV+G4      2446.798     26  4945.595     4949.359     5049.373
1148  rtREV+I+G4    2447.042     27  4948.084     4952.149     5055.854
1149  rtREV+R2      2447.759     27  4949.518     4953.583     5057.288
1168  rtREV+F+I     2406.023     45  4902.045     4913.740     5081.661
1169  rtREV+F+G4    2404.221     45  4898.441     4910.136     5078.057
1170  rtREV+F+I+G4  2404.531     46  4901.062     4913.311     5084.669
1171  rtREV+F+R2    2405.321     46  4902.641     4914.891     5086.249
1190  cpREV+I       2437.398     26  4926.796     4930.560     5030.574
1191  cpREV+G4      2434.668     26  4921.335     4925.100     5025.114
1192  cpREV+I+G4    2435.581     27  4925.162     4929.227     5032.932
1193  cpREV+R2      2435.356     27  4924.713     4928.777     5032.482
1212  cpREV+F+I     2398.391     45  4886.782     4898.477     5066.398
1213  cpREV+F+G4    2394.546     45  4879.091     4890.786     5058.707
1214  cpREV+F+I+G4  2395.471     46  4882.943     4895.192     5066.550
1215  cpREV+F+R2    2395.132     46  4882.264     4894.513     5065.871
Akaike Information Criterion:           WAG+F+G4
Corrected Akaike Information Criterion: WAG+G4
Bayesian Information Criterion:         WAG+G4
Best-fit model: WAG+G4 chosen according to BIC

All model information printed to iqtree/OG0000049.fasta_cleaned.fasta.model.gz
CPU time for ModelFinder: 13.725 seconds (0h:0m:13s)
Wall-clock time for ModelFinder: 13.803 seconds (0h:0m:13s)
Generating 1000 samples for ultrafast bootstrap (seed: 921945)...

NOTE: 3 MB RAM (0 GB) is required!
Estimate model parameters (epsilon = 0.100)
1. Initial log-likelihood: -2409.936
Optimal log-likelihood: -2409.908
Gamma shape alpha: 1.588
Parameters optimization took 1 rounds (0.022 sec)
Wrote distance file to... 
Computing ML distances based on estimated model parameters...
Calculating distance matrix: done in 0.012639 secs using 99.86% CPU
Computing ML distances took 0.012677 sec (of wall-clock time) 0.012660 sec (of CPU time)
Setting up auxiliary I and S matrices: done in 5.38826e-05 secs using 193% CPU
Constructing RapidNJ tree: done in 3.60012e-05 secs using 200% CPU
Computing RapidNJ tree took 0.000181 sec (of wall-clock time) 0.000358 sec (of CPU time)
Log-likelihood of RapidNJ tree: -2416.978
--------------------------------------------------------------------
|             INITIALIZING CANDIDATE TREE SET                      |
--------------------------------------------------------------------
Generating 98 parsimony trees... 0.044 second
Computing log-likelihood of 98 initial trees ... 0.337 seconds
Current best score: -2409.908

Do NNI search on 20 best initial trees
Optimizing NNI: done in 0.0184879 secs using 99.92% CPU
Estimate model parameters (epsilon = 0.100)
BETTER TREE FOUND at iteration 1: -2409.896
Optimizing NNI: done in 0.061964 secs using 100% CPU
Estimate model parameters (epsilon = 0.100)
BETTER TREE FOUND at iteration 2: -2408.375
Optimizing NNI: done in 0.0504231 secs using 100% CPU
Optimizing NNI: done in 0.0504148 secs using 100% CPU
Optimizing NNI: done in 0.062716 secs using 100% CPU
BETTER TREE FOUND at iteration 5: -2408.375
Optimizing NNI: done in 0.0633869 secs using 100% CPU
Optimizing NNI: done in 0.0509059 secs using 99.75% CPU
Optimizing NNI: done in 0.0508709 secs using 100% CPU
Optimizing NNI: done in 0.050684 secs using 100% CPU
Optimizing NNI: done in 0.050806 secs using 100% CPU
Iteration 10 / LogL: -2408.375 / Time: 0h:0m:1s
Optimizing NNI: done in 0.0509429 secs using 100% CPU
Optimizing NNI: done in 0.0596461 secs using 99.89% CPU
Optimizing NNI: done in 0.0597541 secs using 100% CPU
Optimizing NNI: done in 0.050452 secs using 99.92% CPU
Optimizing NNI: done in 0.0759919 secs using 99.88% CPU
UPDATE BEST LOG-LIKELIHOOD: -2408.375
Optimizing NNI: done in 0.0759389 secs using 99.89% CPU
Optimizing NNI: done in 0.076092 secs using 100% CPU
Optimizing NNI: done in 0.064286 secs using 100% CPU
Optimizing NNI: done in 0.0642831 secs using 100% CPU
Optimizing NNI: done in 0.0648391 secs using 100% CPU
Iteration 20 / LogL: -2408.375 / Time: 0h:0m:1s
Finish initializing candidate tree set (8)
Current best tree score: -2408.375 / CPU time: 1.603
Number of iterations: 20
--------------------------------------------------------------------
|               OPTIMIZING CANDIDATE TREE SET                      |
--------------------------------------------------------------------
Optimizing NNI: done in 0.0517619 secs using 100% CPU
Optimizing NNI: done in 0.063472 secs using 100% CPU
Optimizing NNI: done in 0.0680828 secs using 100% CPU
Optimizing NNI: done in 0.0501289 secs using 100% CPU
Optimizing NNI: done in 0.0576279 secs using 100% CPU
Optimizing NNI: done in 0.0677662 secs using 100% CPU
Optimizing NNI: done in 0.060621 secs using 100% CPU
Optimizing NNI: done in 0.0502059 secs using 100% CPU
Optimizing NNI: done in 0.051888 secs using 100% CPU
Optimizing NNI: done in 0.061533 secs using 100% CPU
Iteration 30 / LogL: -2408.376 / Time: 0h:0m:2s (0h:0m:5s left)
Optimizing NNI: done in 0.05567 secs using 99.78% CPU
Optimizing NNI: done in 0.051218 secs using 100% CPU
Optimizing NNI: done in 0.0627379 secs using 100% CPU
Optimizing NNI: done in 0.057579 secs using 100% CPU
Optimizing NNI: done in 0.063458 secs using 100% CPU
Optimizing NNI: done in 0.0514221 secs using 100% CPU
Optimizing NNI: done in 0.081017 secs using 100% CPU
Optimizing NNI: done in 0.0619841 secs using 99.81% CPU
Optimizing NNI: done in 0.0728161 secs using 100% CPU
Optimizing NNI: done in 0.0643649 secs using 100% CPU
Iteration 40 / LogL: -2408.375 / Time: 0h:0m:2s (0h:0m:4s left)
Optimizing NNI: done in 0.0825191 secs using 100% CPU
Optimizing NNI: done in 0.062176 secs using 99.78% CPU
Optimizing NNI: done in 0.0645592 secs using 100% CPU
Optimizing NNI: done in 0.0455282 secs using 100% CPU
Optimizing NNI: done in 0.085629 secs using 99.98% CPU
Optimizing NNI: done in 0.0354369 secs using 100% CPU
Optimizing NNI: done in 0.0515871 secs using 100% CPU
UPDATE BEST LOG-LIKELIHOOD: -2408.375
Optimizing NNI: done in 0.034868 secs using 99.99% CPU
Optimizing NNI: done in 0.064477 secs using 100% CPU
Optimizing NNI: done in 0.0804689 secs using 100% CPU
Iteration 50 / LogL: -3164.384 / Time: 0h:0m:3s (0h:0m:4s left)
Log-likelihood cutoff on original alignment: -2449.088
Optimizing NNI: done in 0.0784962 secs using 99.98% CPU
Optimizing NNI: done in 0.0441709 secs using 99.99% CPU
Optimizing NNI: done in 0.0637631 secs using 100% CPU
Optimizing NNI: done in 0.046288 secs using 100% CPU
Optimizing NNI: done in 0.044872 secs using 100% CPU
Optimizing NNI: done in 0.0658159 secs using 100% CPU
Optimizing NNI: done in 0.0466709 secs using 100% CPU
Optimizing NNI: done in 0.113548 secs using 100% CPU
Optimizing NNI: done in 0.0624511 secs using 100% CPU
Optimizing NNI: done in 0.0334351 secs using 100% CPU
Iteration 60 / LogL: -2408.375 / Time: 0h:0m:4s (0h:0m:3s left)
Optimizing NNI: done in 0.0737748 secs using 99.96% CPU
Optimizing NNI: done in 0.0597169 secs using 100% CPU
Optimizing NNI: done in 0.10542 secs using 99.79% CPU
Optimizing NNI: done in 0.0504799 secs using 99.69% CPU
Optimizing NNI: done in 0.0440631 secs using 100% CPU
Optimizing NNI: done in 0.0567591 secs using 100% CPU
Optimizing NNI: done in 0.0631771 secs using 100% CPU
Optimizing NNI: done in 0.0519092 secs using 100% CPU
Optimizing NNI: done in 0.042383 secs using 100% CPU
Optimizing NNI: done in 0.0497611 secs using 100% CPU
Iteration 70 / LogL: -2408.376 / Time: 0h:0m:4s (0h:0m:2s left)
Optimizing NNI: done in 0.0352499 secs using 100% CPU
Optimizing NNI: done in 0.0675659 secs using 100% CPU
Optimizing NNI: done in 0.0448949 secs using 99.84% CPU
UPDATE BEST LOG-LIKELIHOOD: -2408.375
Optimizing NNI: done in 0.124494 secs using 100% CPU
Optimizing NNI: done in 0.0724561 secs using 100% CPU
Optimizing NNI: done in 0.046247 secs using 99.94% CPU
Optimizing NNI: done in 0.091872 secs using 47.76% CPU
Optimizing NNI: done in 0.0764701 secs using 100% CPU
Optimizing NNI: done in 0.0761571 secs using 78.98% CPU
Optimizing NNI: done in 0.0440671 secs using 100% CPU
Iteration 80 / LogL: -2408.375 / Time: 0h:0m:5s (0h:0m:1s left)
Optimizing NNI: done in 0.104325 secs using 77% CPU
Optimizing NNI: done in 0.056145 secs using 85.66% CPU
Optimizing NNI: done in 0.101533 secs using 100% CPU
Optimizing NNI: done in 0.0633121 secs using 100% CPU
Optimizing NNI: done in 0.062573 secs using 99.94% CPU
Optimizing NNI: done in 0.0287938 secs using 100% CPU
Optimizing NNI: done in 0.0802689 secs using 100% CPU
Optimizing NNI: done in 0.035121 secs using 99.94% CPU
Optimizing NNI: done in 0.044697 secs using 99.96% CPU
Optimizing NNI: done in 0.0631719 secs using 100% CPU
Iteration 90 / LogL: -2408.375 / Time: 0h:0m:6s (0h:0m:1s left)
Optimizing NNI: done in 0.0639699 secs using 99.94% CPU
Optimizing NNI: done in 0.045357 secs using 100% CPU
Optimizing NNI: done in 0.0576179 secs using 100% CPU
Optimizing NNI: done in 0.0765669 secs using 99.98% CPU
Optimizing NNI: done in 0.091691 secs using 99.98% CPU
Optimizing NNI: done in 0.0816271 secs using 99.98% CPU
Optimizing NNI: done in 0.052249 secs using 99.94% CPU
Optimizing NNI: done in 0.0808761 secs using 99.44% CPU
Optimizing NNI: done in 0.0489299 secs using 100% CPU
Optimizing NNI: done in 0.0689621 secs using 99.97% CPU
Iteration 100 / LogL: -2408.376 / Time: 0h:0m:6s (0h:0m:0s left)
Log-likelihood cutoff on original alignment: -2449.088
NOTE: Bootstrap correlation coefficient of split occurrence frequencies: 0.994
Optimizing NNI: done in 0.097249 secs using 100% CPU
Optimizing NNI: done in 0.0580668 secs using 99.96% CPU
Optimizing NNI: done in 0.061228 secs using 99.97% CPU
Optimizing NNI: done in 0.046742 secs using 100% CPU
Optimizing NNI: done in 0.0866899 secs using 99.92% CPU
Optimizing NNI: done in 0.0821459 secs using 100% CPU
TREE SEARCH COMPLETED AFTER 106 ITERATIONS / Time: 0h:0m:7s

--------------------------------------------------------------------
|                    FINALIZING TREE SEARCH                        |
--------------------------------------------------------------------
Performs final model parameters optimization
Estimate model parameters (epsilon = 0.010)
1. Initial log-likelihood: -2408.375
2. Current log-likelihood: -2408.354
3. Current log-likelihood: -2408.332
Optimal log-likelihood: -2408.321
Gamma shape alpha: 1.956
Parameters optimization took 3 rounds (0.051 sec)
BEST SCORE FOUND : -2408.321
Creating bootstrap support values...
Split supports printed to NEXUS file iqtree/OG0000049.fasta_cleaned.fasta.splits.nex
Total tree length: 2.163

Total number of iterations: 106
CPU time used for tree search: 7.435 sec (0h:0m:7s)
Wall-clock time used for tree search: 7.364 sec (0h:0m:7s)
Total CPU time used: 7.608 sec (0h:0m:7s)
Total wall-clock time used: 7.531 sec (0h:0m:7s)

Computing bootstrap consensus tree...
Reading input file iqtree/OG0000049.fasta_cleaned.fasta.splits.nex...
14 taxa and 81 splits.
Consensus tree written to iqtree/OG0000049.fasta_cleaned.fasta.contree
Reading input trees file iqtree/OG0000049.fasta_cleaned.fasta.contree
Log-likelihood of consensus tree: -2408.327

Analysis results written to: 
  IQ-TREE report:                iqtree/OG0000049.fasta_cleaned.fasta.iqtree
  Maximum-likelihood tree:       iqtree/OG0000049.fasta_cleaned.fasta.treefile
  Likelihood distances:          iqtree/OG0000049.fasta_cleaned.fasta.mldist

Ultrafast bootstrap approximation results written to:
  Split support values:          iqtree/OG0000049.fasta_cleaned.fasta.splits.nex
  Consensus tree:                iqtree/OG0000049.fasta_cleaned.fasta.contree
  Screen log file:               iqtree/OG0000049.fasta_cleaned.fasta.log

Date and Time: Thu Sep 26 16:04:02 2024
