IQ-TREE multicore version 2.2.0.5 COVID-edition for Linux 64-bit built Sep 26 2022
Developed by Bui Quang Minh, James Barbetti, Nguyen Lam Tung,
Olga Chernomor, Heiko Schmidt, Dominik Schrempf, Michael Woodhams, Ly Trong Nhan.

Host:    c094 (AVX2, FMA3, 503 GB RAM)
Command: iqtree2 -s ./3_mafft_alignments_clean/OG0000005.fasta_cleaned.fasta -B 1000 -m MFP -T 1 -pre iqtree/OG0000005.fasta_cleaned.fasta
Seed:    72512 (Using SPRNG - Scalable Parallel Random Number Generator)
Time:    Thu Sep 26 16:03:03 2024
Kernel:  AVX+FMA - 1 threads (32 CPU cores detected)

HINT: Use -nt option to specify number of threads because your CPU has 32 cores!
HINT: -nt AUTO will automatically determine the best number of threads to use.

Reading alignment file ./3_mafft_alignments_clean/OG0000005.fasta_cleaned.fasta ... Fasta format detected
Reading fasta file: done in 0.001127 secs using 11.27% CPU
Alignment most likely contains protein sequences
Constructing alignment: done in 0.000499964 secs using 20% CPU
Alignment has 41 sequences with 930 columns, 871 distinct patterns
761 parsimony-informative, 69 singleton sites, 100 constant sites
                                    Gap/Ambiguity  Composition  p-value
Analyzing sequences: done in 6.98566e-05 secs using 98.77% CPU
   1  AF303741_AF303741.1_00006             6.24%    failed      0.00%
   2  AF371960_AF371960.1_00064             5.16%    passed     39.82%
   3  AY521625_AY521625.1_00053             6.67%    failed      3.24%
   4  AY894343_MK689686.1_00062             5.16%    passed     79.99%
   5  BD143114_MK689686.1_00062             5.16%    passed     70.13%
   6  GQ273492_GQ273492.1_00063             5.16%    passed     80.51%
   7  HF920633_HF920633.1_00118             8.92%    failed      0.00%
   8  HF920637_HF920637.1_00217             4.62%    failed      0.00%
   9  KC244182_MK689686.1_00062             5.16%    passed     82.38%
  10  KF938901_KF938901.1_00092             8.06%    failed      0.00%
  11  KT804738_MK689686.1_00062             5.16%    passed     82.38%
  12  KX643370_Lymph_LDV3_KX643370_00094    8.17%    failed      0.00%
  13  LS484712_LS484712.1_00203            13.66%    failed      0.00%
  14  MF599468_MF599468.1_00149             7.42%    failed      0.00%
  15  MG570131_MG570131.1_00063             5.16%    passed     66.75%
  16  MG570132_MG570132.1_00063             5.16%    passed     66.75%
  17  MK098185_MK689686.1_00062             5.16%    passed     70.13%
  18  MK098186_MK689686.1_00062             5.16%    passed     70.13%
  19  MK098187_MK689686.1_00062             5.16%    passed     70.13%
  20  MK689685_AF371960.1_00064             5.16%    passed     39.82%
  21  MK689686_MK689686.1_00062             5.16%    passed     82.38%
  22  MN432490_AF371960.1_00064             5.16%    passed     47.13%
  23  MN562489_OM037668.1_00009             6.02%    failed      0.81%
  24  MN803438_MN803438.1_00049             8.17%    failed      0.00%
  25  MT521409_OM037668.1_00009             6.02%    failed      0.81%
  26  MT798582_MK689686.1_00062             5.16%    passed     82.38%
  27  MT926123_AF371960.1_00064             5.16%    passed     41.73%
  28  MT986830_AF371960.1_00064             5.16%    passed     47.62%
  29  MW139932_MK689686.1_00062             5.16%    passed     82.38%
  30  NC_005946_NC_005946.1_00011           6.77%    passed      6.29%
  31  OK042108_MK689686.1_00062             5.16%    passed     82.38%
  32  OK042109_MK689686.1_00062             5.16%    passed     82.38%
  33  OL774653_MK689686.1_00062             5.16%    passed     82.38%
  34  OL774654_MK689686.1_00062             5.16%    passed     82.38%
  35  OL774655_MK689686.1_00062             5.16%    passed     82.38%
  36  OM037668_OM037668.1_00009             6.02%    failed      0.81%
  37  ON075463_MK689686.1_00062             5.16%    passed     82.38%
  38  ON740976_MK689686.1_00062             5.16%    passed     82.38%
  39  ON743042_MK689686.1_00062             5.16%    passed     82.38%
  40  OP009387_AF371960.1_00064             5.16%    passed     47.62%
  41  OQ475017_OQ475017.1_00062             5.16%    passed     75.51%
****  TOTAL                                 5.89%  12 sequences failed composition chi2 test (p-value<5%; df=19)
NOTE: MK689685_AF371960.1_00064 is identical to AF371960_AF371960.1_00064 but kept for subsequent analysis
NOTE: MK098185_MK689686.1_00062 is identical to BD143114_MK689686.1_00062 but kept for subsequent analysis
NOTE: KT804738_MK689686.1_00062 is identical to KC244182_MK689686.1_00062 but kept for subsequent analysis
NOTE: MG570132_MG570132.1_00063 is identical to MG570131_MG570131.1_00063 but kept for subsequent analysis
NOTE: MT521409_OM037668.1_00009 is identical to MN562489_OM037668.1_00009 but kept for subsequent analysis
NOTE: OP009387_AF371960.1_00064 is identical to MT986830_AF371960.1_00064 but kept for subsequent analysis
Checking for duplicate sequences: done in 0.000118017 secs using 99.99% CPU
Identifying sites to remove: done in 0.000341892 secs using 100% CPU
NOTE: 14 identical sequences (see below) will be ignored for subsequent analysis
NOTE: MK098186_MK689686.1_00062 (identical to BD143114_MK689686.1_00062) is ignored but added at the end
NOTE: MK098187_MK689686.1_00062 (identical to BD143114_MK689686.1_00062) is ignored but added at the end
NOTE: MK689686_MK689686.1_00062 (identical to KC244182_MK689686.1_00062) is ignored but added at the end
NOTE: MT798582_MK689686.1_00062 (identical to KC244182_MK689686.1_00062) is ignored but added at the end
NOTE: MW139932_MK689686.1_00062 (identical to KC244182_MK689686.1_00062) is ignored but added at the end
NOTE: OK042108_MK689686.1_00062 (identical to KC244182_MK689686.1_00062) is ignored but added at the end
NOTE: OK042109_MK689686.1_00062 (identical to KC244182_MK689686.1_00062) is ignored but added at the end
NOTE: OL774653_MK689686.1_00062 (identical to KC244182_MK689686.1_00062) is ignored but added at the end
NOTE: OL774654_MK689686.1_00062 (identical to KC244182_MK689686.1_00062) is ignored but added at the end
NOTE: OL774655_MK689686.1_00062 (identical to KC244182_MK689686.1_00062) is ignored but added at the end
NOTE: ON075463_MK689686.1_00062 (identical to KC244182_MK689686.1_00062) is ignored but added at the end
NOTE: ON740976_MK689686.1_00062 (identical to KC244182_MK689686.1_00062) is ignored but added at the end
NOTE: ON743042_MK689686.1_00062 (identical to KC244182_MK689686.1_00062) is ignored but added at the end
NOTE: OM037668_OM037668.1_00009 (identical to MN562489_OM037668.1_00009) is ignored but added at the end
Alignment was printed to iqtree/OG0000005.fasta_cleaned.fasta.uniqueseq.phy

For your convenience alignment with unique sequences printed to iqtree/OG0000005.fasta_cleaned.fasta.uniqueseq.phy


Create initial parsimony tree by phylogenetic likelihood library (PLL)... 0.003 seconds
Perform fast likelihood tree search using LG+I+G model...
Estimate model parameters (epsilon = 5.000)
Perform nearest neighbor interchange...
Optimizing NNI: done in 0.265138 secs using 100% CPU
Estimate model parameters (epsilon = 1.000)
1. Initial log-likelihood: -19872.885
Optimal log-likelihood: -19872.875
Proportion of invariable sites: 0.049
Gamma shape alpha: 1.469
Parameters optimization took 1 rounds (0.086 sec)
Time for fast ML tree search: 0.742 seconds

NOTE: ModelFinder requires 40 MB RAM!
ModelFinder will test up to 1232 protein models (sample size: 930) ...
 No. Model         -LnL         df  AIC          AICc         BIC
  1  LG            20432.220    51  40966.440    40972.481    41213.034
  2  LG+I          20204.927    52  40513.853    40520.138    40765.283
  3  LG+G4         19887.187    52  39878.374    39884.659    40129.804
  4  LG+I+G4       19872.875    53  39851.749    39858.284    40108.014
  5  LG+R2         19930.844    53  39967.687    39974.222    40223.952
  6  LG+R3         19881.531    55  39873.062    39880.110    40138.997
  7  LG+R4         19877.604    57  39869.207    39876.790    40144.813
 14  LG+I+R2       19890.758    54  39889.516    39896.304    40150.616
 15  LG+I+R3       19873.480    56  39858.961    39866.274    40129.731
 16  LG+I+R4       19872.033    58  39860.065    39867.923    40140.506
 26  LG+F+I+G4     19955.039    72  40054.078    40066.344    40402.211
 48  WAG+I+G4      19964.082    53  40034.165    40040.699    40290.430
 70  WAG+F+I+G4    19942.196    72  40028.391    40040.657    40376.525
 92  JTT+I+G4      20047.993    53  40201.985    40208.519    40458.250
114  JTT+F+I+G4    20059.084    72  40262.169    40274.435    40610.302
WARNING: Normalizing state frequencies so that sum of them equals to 1
136  Q.pfam+I+G4   19906.691    53  39919.382    39925.916    40175.646
WARNING: Normalizing state frequencies so that sum of them equals to 1
158  Q.pfam+F+I+G4 19963.188    72  40070.376    40082.642    40418.509
WARNING: Normalizing state frequencies so that sum of them equals to 1
180  Q.bird+I+G4   20360.971    53  40827.942    40834.476    41084.207
WARNING: Normalizing state frequencies so that sum of them equals to 1
202  Q.bird+F+I+G4 20356.189    72  40856.378    40868.644    41204.511
WARNING: Normalizing state frequencies so that sum of them equals to 1
224  Q.mammal+I+G4 20289.370    53  40684.741    40691.275    40941.006
WARNING: Normalizing state frequencies so that sum of them equals to 1
246  Q.mammal+F+I+G4 20263.235    72  40670.470    40682.736    41018.603
268  Q.insect+I+G4 19912.074    53  39930.147    39936.682    40186.412
290  Q.insect+F+I+G4 20045.374    72  40234.748    40247.014    40582.881
WARNING: Normalizing state frequencies so that sum of them equals to 1
312  Q.plant+I+G4  20056.078    53  40218.155    40224.690    40474.420
WARNING: Normalizing state frequencies so that sum of them equals to 1
334  Q.plant+F+I+G4 20136.505    72  40417.009    40429.275    40765.142
WARNING: Normalizing state frequencies so that sum of them equals to 1
356  Q.yeast+I+G4  19895.560    53  39897.121    39903.655    40153.386
WARNING: Normalizing state frequencies so that sum of them equals to 1
378  Q.yeast+F+I+G4 20014.250    72  40172.500    40184.766    40520.633
400  JTTDCMut+I+G4 20047.845    53  40201.690    40208.224    40457.955
422  JTTDCMut+F+I+G4 20056.551    72  40257.102    40269.368    40605.235
444  DCMut+I+G4    20190.199    53  40486.399    40492.933    40742.664
466  DCMut+F+I+G4  20044.923    72  40233.847    40246.113    40581.980
488  VT+I+G4       19934.777    53  39975.554    39982.089    40231.819
510  VT+F+I+G4     19982.766    72  40109.532    40121.798    40457.665
532  PMB+I+G4      20052.784    53  40211.568    40218.102    40467.833
554  PMB+F+I+G4    20022.062    72  40188.123    40200.389    40536.257
576  Blosum62+I+G4 20000.735    53  40107.470    40114.004    40363.735
598  Blosum62+F+I+G4 20025.381    72  40194.763    40207.029    40542.896
620  Dayhoff+I+G4  20189.837    53  40485.674    40492.208    40741.939
642  Dayhoff+F+I+G4 20044.675    72  40233.350    40245.616    40581.483
664  mtREV+I+G4    20980.081    53  42066.163    42072.697    42322.428
686  mtREV+F+I+G4  20142.954    72  40429.907    40442.173    40778.040
708  mtART+I+G4    21179.570    53  42465.139    42471.674    42721.404
730  mtART+F+I+G4  20309.624    72  40763.249    40775.515    41111.382
752  mtZOA+I+G4    20844.504    53  41795.007    41801.541    42051.272
774  mtZOA+F+I+G4  20164.805    72  40473.610    40485.876    40821.743
796  mtMet+I+G4    20946.957    53  41999.915    42006.449    42256.179
818  mtMet+F+I+G4  20206.028    72  40556.055    40568.321    40904.189
840  mtVer+I+G4    21166.242    53  42438.484    42445.019    42694.749
862  mtVer+F+I+G4  20419.164    72  40982.328    40994.594    41330.462
884  mtInv+I+G4    21063.862    53  42233.725    42240.259    42489.990
906  mtInv+F+I+G4  20114.409    72  40372.817    40385.083    40720.951
928  mtMAM+I+G4    21255.108    53  42616.216    42622.751    42872.481
950  mtMAM+F+I+G4  20445.055    72  41034.110    41046.376    41382.243
WARNING: Normalizing state frequencies so that sum of them equals to 1
972  FLAVI+I+G4    20610.993    53  41327.986    41334.520    41584.251
WARNING: Normalizing state frequencies so that sum of them equals to 1
994  FLAVI+F+I+G4  20531.584    72  41207.169    41219.435    41555.302
1016  HIVb+I+G4     20324.741    53  40755.481    40762.016    41011.746
1038  HIVb+F+I+G4   20290.586    72  40725.172    40737.438    41073.305
1060  HIVw+I+G4     20865.759    53  41837.518    41844.052    42093.783
1082  HIVw+F+I+G4   20605.278    72  41354.557    41366.823    41702.690
1104  FLU+I+G4      20200.782    53  40507.564    40514.098    40763.829
1126  FLU+F+I+G4    20194.529    72  40533.059    40545.325    40881.192
1148  rtREV+I+G4    20070.661    53  40247.321    40253.856    40503.586
1170  rtREV+F+I+G4  20008.600    72  40161.201    40173.467    40509.334
1192  cpREV+I+G4    20013.620    53  40133.240    40139.775    40389.505
1214  cpREV+F+I+G4  20002.546    72  40149.093    40161.359    40497.226
Akaike Information Criterion:           LG+I+G4
Corrected Akaike Information Criterion: LG+I+G4
Bayesian Information Criterion:         LG+I+G4
Best-fit model: LG+I+G4 chosen according to BIC

All model information printed to iqtree/OG0000005.fasta_cleaned.fasta.model.gz
CPU time for ModelFinder: 37.374 seconds (0h:0m:37s)
Wall-clock time for ModelFinder: 39.677 seconds (0h:0m:39s)
Generating 1000 samples for ultrafast bootstrap (seed: 72512)...

NOTE: 18 MB RAM (0 GB) is required!
Estimate model parameters (epsilon = 0.100)
Thoroughly optimizing +I+G parameters from 10 start values...
Init pinv, alpha: 0.000, 1.468 / Estimate: 0.000, 1.090 / LogL: -19887.189
Init pinv, alpha: 0.012, 1.468 / Estimate: 0.048, 1.457 / LogL: -19872.884
Init pinv, alpha: 0.024, 1.468 / Estimate: 0.048, 1.456 / LogL: -19872.886
Init pinv, alpha: 0.036, 1.468 / Estimate: 0.047, 1.452 / LogL: -19872.899
Init pinv, alpha: 0.048, 1.468 / Estimate: 0.048, 1.463 / LogL: -19872.877
Init pinv, alpha: 0.060, 1.468 / Estimate: 0.050, 1.475 / LogL: -19872.880
Init pinv, alpha: 0.072, 1.468 / Estimate: 0.051, 1.482 / LogL: -19872.890
Init pinv, alpha: 0.084, 1.468 / Estimate: 0.050, 1.476 / LogL: -19872.880
Init pinv, alpha: 0.096, 1.468 / Estimate: 0.050, 1.478 / LogL: -19872.882
Init pinv, alpha: 0.108, 1.468 / Estimate: 0.050, 1.479 / LogL: -19872.884
Optimal pinv,alpha: 0.048, 1.463 / LogL: -19872.877

Parameters optimization took 4.797 sec
Wrote distance file to... 
Computing ML distances based on estimated model parameters...
Calculating distance matrix: done in 0.0816 secs using 55.86% CPU
Computing ML distances took 0.081836 sec (of wall-clock time) 0.045815 sec (of CPU time)
Setting up auxiliary I and S matrices: done in 5.6982e-05 secs using 207.1% CPU
Constructing RapidNJ tree: done in 0.000124931 secs using 142.5% CPU
Computing RapidNJ tree took 0.000240 sec (of wall-clock time) 0.000350 sec (of CPU time)
Log-likelihood of RapidNJ tree: -19897.225
--------------------------------------------------------------------
|             INITIALIZING CANDIDATE TREE SET                      |
--------------------------------------------------------------------
Generating 98 parsimony trees... 0.367 second
Computing log-likelihood of 98 initial trees ... 2.911 seconds
Current best score: -19872.877

Do NNI search on 20 best initial trees
Optimizing NNI: done in 0.132183 secs using 96.98% CPU
Estimate model parameters (epsilon = 0.100)
BETTER TREE FOUND at iteration 1: -19872.875
Optimizing NNI: done in 0.656401 secs using 95.12% CPU
Optimizing NNI: done in 0.474141 secs using 99.99% CPU
Optimizing NNI: done in 0.517426 secs using 100% CPU
Optimizing NNI: done in 0.619987 secs using 83.6% CPU
Optimizing NNI: done in 0.51518 secs using 100% CPU
Optimizing NNI: done in 0.515338 secs using 99.99% CPU
Optimizing NNI: done in 0.628445 secs using 85.35% CPU
Optimizing NNI: done in 0.606015 secs using 90.12% CPU
Optimizing NNI: done in 0.540908 secs using 99.71% CPU
Iteration 10 / LogL: -19872.878 / Time: 0h:0m:13s
Optimizing NNI: done in 0.535959 secs using 100% CPU
Optimizing NNI: done in 0.722836 secs using 99.07% CPU
Optimizing NNI: done in 0.712022 secs using 98.55% CPU
Optimizing NNI: done in 0.602554 secs using 99.68% CPU
Optimizing NNI: done in 0.786823 secs using 99.76% CPU
Optimizing NNI: done in 0.755135 secs using 92.52% CPU
Optimizing NNI: done in 0.836712 secs using 99.51% CPU
Optimizing NNI: done in 0.649128 secs using 99.33% CPU
Optimizing NNI: done in 0.728145 secs using 99.42% CPU
Optimizing NNI: done in 0.800391 secs using 99.98% CPU
Iteration 20 / LogL: -19872.876 / Time: 0h:0m:21s
Finish initializing candidate tree set (2)
Current best tree score: -19872.875 / CPU time: 15.869
Number of iterations: 20
--------------------------------------------------------------------
|               OPTIMIZING CANDIDATE TREE SET                      |
--------------------------------------------------------------------
Optimizing NNI: done in 0.950231 secs using 88.61% CPU
Optimizing NNI: done in 0.801436 secs using 99.48% CPU
Optimizing NNI: done in 0.924144 secs using 99.96% CPU
Optimizing NNI: done in 0.724292 secs using 99.97% CPU
Optimizing NNI: done in 0.768077 secs using 99.96% CPU
Optimizing NNI: done in 0.836018 secs using 99.98% CPU
Optimizing NNI: done in 1.2573 secs using 99.97% CPU
Optimizing NNI: done in 0.955297 secs using 99.96% CPU
Optimizing NNI: done in 0.989706 secs using 99.55% CPU
Optimizing NNI: done in 0.574159 secs using 99.98% CPU
Iteration 30 / LogL: -19976.683 / Time: 0h:0m:29s (0h:1m:13s left)
Optimizing NNI: done in 0.970029 secs using 99.96% CPU
Optimizing NNI: done in 1.17453 secs using 99.98% CPU
Optimizing NNI: done in 1.20799 secs using 99.65% CPU
Optimizing NNI: done in 0.801305 secs using 99.98% CPU
Optimizing NNI: done in 0.375413 secs using 99.98% CPU
Optimizing NNI: done in 0.815354 secs using 84.29% CPU
Optimizing NNI: done in 1.22915 secs using 99.99% CPU
Optimizing NNI: done in 0.897008 secs using 99.99% CPU
Optimizing NNI: done in 0.588915 secs using 99.98% CPU
Optimizing NNI: done in 0.703044 secs using 99.99% CPU
Iteration 40 / LogL: -19976.684 / Time: 0h:0m:38s (0h:1m:0s left)
Optimizing NNI: done in 0.728791 secs using 100% CPU
Optimizing NNI: done in 0.827875 secs using 98.04% CPU
Optimizing NNI: done in 0.625568 secs using 97.38% CPU
Optimizing NNI: done in 0.651718 secs using 96.87% CPU
Optimizing NNI: done in 1.00992 secs using 99.58% CPU
Optimizing NNI: done in 0.564784 secs using 99.98% CPU
Optimizing NNI: done in 0.689969 secs using 99.98% CPU
Optimizing NNI: done in 0.818254 secs using 99.49% CPU
Optimizing NNI: done in 0.533651 secs using 99.98% CPU
Optimizing NNI: done in 0.794963 secs using 97.44% CPU
Iteration 50 / LogL: -19872.876 / Time: 0h:0m:46s (0h:0m:47s left)
Log-likelihood cutoff on original alignment: -19905.325
Optimizing NNI: done in 0.636258 secs using 98.05% CPU
Optimizing NNI: done in 0.619498 secs using 97.99% CPU
Optimizing NNI: done in 0.911205 secs using 97.3% CPU
Optimizing NNI: done in 0.610527 secs using 99.31% CPU
Optimizing NNI: done in 0.848716 secs using 99.04% CPU
Optimizing NNI: done in 0.501514 secs using 99.99% CPU
Optimizing NNI: done in 0.86535 secs using 100% CPU
Optimizing NNI: done in 0.719733 secs using 99.99% CPU
Optimizing NNI: done in 0.662516 secs using 100% CPU
Optimizing NNI: done in 0.905625 secs using 100% CPU
Iteration 60 / LogL: -19976.690 / Time: 0h:0m:53s (0h:0m:37s left)
Optimizing NNI: done in 0.741344 secs using 100% CPU
Optimizing NNI: done in 0.711224 secs using 99.98% CPU
Optimizing NNI: done in 0.711482 secs using 99.43% CPU
Optimizing NNI: done in 0.774526 secs using 100% CPU
Optimizing NNI: done in 0.7096 secs using 99.98% CPU
Optimizing NNI: done in 1.16352 secs using 100% CPU
Optimizing NNI: done in 0.688635 secs using 99.99% CPU
Optimizing NNI: done in 0.866096 secs using 100% CPU
Optimizing NNI: done in 0.713738 secs using 100% CPU
Optimizing NNI: done in 0.736315 secs using 100% CPU
Iteration 70 / LogL: -19872.881 / Time: 0h:1m:1s (0h:0m:27s left)
Optimizing NNI: done in 0.7122 secs using 100% CPU
Optimizing NNI: done in 0.959148 secs using 99.99% CPU
Optimizing NNI: done in 0.662616 secs using 100% CPU
Optimizing NNI: done in 0.741426 secs using 100% CPU
Optimizing NNI: done in 0.583422 secs using 100% CPU
Optimizing NNI: done in 0.592884 secs using 99.99% CPU
Optimizing NNI: done in 0.614318 secs using 99.98% CPU
Optimizing NNI: done in 0.705374 secs using 99.99% CPU
Optimizing NNI: done in 0.797305 secs using 99.98% CPU
Optimizing NNI: done in 0.895701 secs using 99.98% CPU
Iteration 80 / LogL: -19872.878 / Time: 0h:1m:8s (0h:0m:18s left)
Optimizing NNI: done in 0.777194 secs using 99.48% CPU
Optimizing NNI: done in 0.649352 secs using 99.98% CPU
Optimizing NNI: done in 0.521964 secs using 99.98% CPU
Optimizing NNI: done in 0.904973 secs using 99.55% CPU
Optimizing NNI: done in 0.613839 secs using 99.99% CPU
Optimizing NNI: done in 0.733068 secs using 99.98% CPU
Optimizing NNI: done in 0.514352 secs using 99.98% CPU
Optimizing NNI: done in 0.753126 secs using 99.99% CPU
Optimizing NNI: done in 0.649184 secs using 99.37% CPU
Optimizing NNI: done in 0.631629 secs using 99.97% CPU
Iteration 90 / LogL: -19872.876 / Time: 0h:1m:15s (0h:0m:9s left)
Optimizing NNI: done in 0.651775 secs using 99.98% CPU
Optimizing NNI: done in 0.743993 secs using 99.99% CPU
Optimizing NNI: done in 0.681113 secs using 100% CPU
Optimizing NNI: done in 0.754771 secs using 99.47% CPU
Optimizing NNI: done in 0.716275 secs using 99.99% CPU
Optimizing NNI: done in 0.681574 secs using 99.99% CPU
Optimizing NNI: done in 0.778699 secs using 100% CPU
Optimizing NNI: done in 0.828078 secs using 99.99% CPU
Optimizing NNI: done in 0.85087 secs using 100% CPU
Optimizing NNI: done in 0.629353 secs using 99.99% CPU
Iteration 100 / LogL: -19872.875 / Time: 0h:1m:22s (0h:0m:0s left)
Log-likelihood cutoff on original alignment: -19903.395
NOTE: Bootstrap correlation coefficient of split occurrence frequencies: 0.999
Optimizing NNI: done in 0.742645 secs using 99.99% CPU
Optimizing NNI: done in 0.55661 secs using 100% CPU
TREE SEARCH COMPLETED AFTER 102 ITERATIONS / Time: 0h:1m:24s

--------------------------------------------------------------------
|                    FINALIZING TREE SEARCH                        |
--------------------------------------------------------------------
Performs final model parameters optimization
Estimate model parameters (epsilon = 0.010)
1. Initial log-likelihood: -19872.875
Optimal log-likelihood: -19872.875
Proportion of invariable sites: 0.049
Gamma shape alpha: 1.468
Parameters optimization took 1 rounds (0.087 sec)
BEST SCORE FOUND : -19872.875
Creating bootstrap support values...
Split supports printed to NEXUS file iqtree/OG0000005.fasta_cleaned.fasta.splits.nex
Total tree length: 11.189

Total number of iterations: 102
CPU time used for tree search: 78.283 sec (0h:1m:18s)
Wall-clock time used for tree search: 79.206 sec (0h:1m:19s)
Total CPU time used: 83.455 sec (0h:1m:23s)
Total wall-clock time used: 84.466 sec (0h:1m:24s)

Computing bootstrap consensus tree...
Reading input file iqtree/OG0000005.fasta_cleaned.fasta.splits.nex...
27 taxa and 102 splits.
Consensus tree written to iqtree/OG0000005.fasta_cleaned.fasta.contree
Reading input trees file iqtree/OG0000005.fasta_cleaned.fasta.contree
Log-likelihood of consensus tree: -19872.889

Analysis results written to: 
  IQ-TREE report:                iqtree/OG0000005.fasta_cleaned.fasta.iqtree
  Maximum-likelihood tree:       iqtree/OG0000005.fasta_cleaned.fasta.treefile
  Likelihood distances:          iqtree/OG0000005.fasta_cleaned.fasta.mldist

Ultrafast bootstrap approximation results written to:
  Split support values:          iqtree/OG0000005.fasta_cleaned.fasta.splits.nex
  Consensus tree:                iqtree/OG0000005.fasta_cleaned.fasta.contree
  Screen log file:               iqtree/OG0000005.fasta_cleaned.fasta.log

Date and Time: Thu Sep 26 16:05:07 2024
