IQ-TREE multicore version 2.2.0.5 COVID-edition for Linux 64-bit built Sep 26 2022
Developed by Bui Quang Minh, James Barbetti, Nguyen Lam Tung,
Olga Chernomor, Heiko Schmidt, Dominik Schrempf, Michael Woodhams, Ly Trong Nhan.

Host:    petrichor-dm (AVX2, FMA3, 503 GB RAM)
Command: iqtree2 -s alignments_family_muscle5_edited_trimmed_eciv/OG0000016.fa -B 1000 -mset Blosum62,cpREV,Dayhoff,DCMut,FLAVI,FLU,HIVb,HIVw,JTT,JTTDCMut,LG,mtART,mtMAM,mtREV,mtZOA,mtMet,mtVer,mtInv,PMB,Q.bird,Q.insect,Q.mammal,Q.pfam,Q.plant,Q.yeast,rtREV,VT,WAG,Q.iridoviridae,Q.mcv -T 4 -pre iqtree_family/OG0000016.fa
Seed:    73771 (Using SPRNG - Scalable Parallel Random Number Generator)
Time:    Wed May 14 15:58:43 2025
Kernel:  AVX+FMA - 4 threads (32 CPU cores detected)

Reading alignment file alignments_family_muscle5_edited_trimmed_eciv/OG0000016.fa ... Fasta format detected
Reading fasta file: done in 0.000252008 secs using 99.6% CPU
Alignment most likely contains protein sequences
Constructing alignment: done in 0.000188112 secs using 99.94% CPU
Alignment has 72 sequences with 147 columns, 131 distinct patterns
111 parsimony-informative, 3 singleton sites, 33 constant sites
                                                          Gap/Ambiguity  Composition  p-value
Analyzing sequences: done in 0.000164986 secs using 137.6% CPU
   1  MK637631_European_chub_iridovirus_ECIV                      1.36%    passed      5.79%
   2  MK689686_Megalocytivirus_pagrus1_RSIV                      14.29%    passed    100.00%
   3  MT128666_Megalocytivirus_pagrus1_ISKNV                     16.33%    passed    100.00%
   4  MT986830_Megalocytivirus_pagrus1_ISKNV                     16.33%    passed    100.00%
   5  MW883595_Megalocytivirus_pagrus1_ISKNV                     16.33%    passed    100.00%
   6  MW883600_Megalocytivirus_pagrus1_ISKNV                     16.33%    passed    100.00%
   7  KC244182_Megalocytivirus_pagrus1_RSIV                      14.29%    passed    100.00%
   8  AB104413_Megalocytivirus_pagrus1_RSIV                      14.29%    passed    100.00%
   9  MN432490_Megalocytivirus_pagrus1_ISKNV                     16.33%    passed    100.00%
  10  MN803438_Lymphocystivirus_micropogonias1_n/a               29.25%    failed      0.75%
  11  PQ335173_PQ335174_Threespine_stickleback_iridovirus_TSIV   20.41%    passed     99.12%
  12  KF938901_Chloriridovirus_anopheles1_n/a                    17.69%    failed      0.74%
  13  23043610003_Megalocytivirus_pagrus1_ISKNV                  16.33%    passed    100.00%
  14  OP009387_Megalocytivirus_pagrus1_ISKNV                     16.33%    passed    100.00%
  15  AF371960_Megalocytivirus_pagrus1_ISKNV                     16.33%    passed    100.00%
  16  ON075463_Megalocytivirus_pagrus1_RSIV                      14.29%    passed    100.00%
  17  AY521625_Ranavirus_epinephelus1_n/a                        24.49%    failed      0.00%
  18  PP151097_Megalocytivirus_pagrus1_ISKNV                     16.33%    passed    100.00%
  19  OL774655_Megalocytivirus_pagrus1_RSIV                      14.29%    passed    100.00%
  20  NC_003494_Megalocytivirus_pagrus1_ISKNV                    16.33%    passed    100.00%
  21  MT128667_Megalocytivirus_pagrus1_ISKNV                     16.33%    passed    100.00%
  22  OR356116_Megalocytivirus_pagrus1_ISKNV                     16.33%    passed    100.00%
  23  MK098187_Megalocytivirus_pagrus1_RSIV                      14.29%    passed    100.00%
  24  23043610005_Megalocytivirus_pagrus1_ISKNV                  16.33%    passed    100.00%
  25  MW883601_Megalocytivirus_pagrus1_ISKNV                     16.33%    passed    100.00%
  26  MW883598_Megalocytivirus_pagrus1_RSIV                      14.29%    passed    100.00%
  27  MW883602_Megalocytivirus_pagrus1_ISKNV                     16.33%    passed    100.00%
  28  OQ475017_Megalocytivirus_pagrus1_RSIV                      14.29%    passed    100.00%
  29  MW883599_Megalocytivirus_pagrus1_ISKNV                     16.33%    passed    100.00%
  30  OP896201_Megalocytivirus_pagrus1_ISKNV                     16.33%    passed    100.00%
  31  LS484712_Daphniairidovirus_daphnia1_n/a                    32.65%    failed      0.06%
  32  MK098185_Megalocytivirus_pagrus1_RSIV                      14.29%    passed    100.00%
  33  MT798582_Megalocytivirus_pagrus1_RSIV                      14.29%    passed    100.00%
  34  ON212400_Megalocytivirus_pagrus1_ISKNV                     16.33%    passed    100.00%
  35  MW139932_Megalocytivirus_pagrus1_RSIV                      14.29%    passed    100.00%
  36  OR670976_Megalocytivirus_pagrus1_ISKNV                     16.33%    passed    100.00%
  37  AF303741_Iridovirus_chilo1_n/a                             18.37%    failed      0.00%
  38  MK098186_Megalocytivirus_pagrus1_RSIV                      14.29%    passed    100.00%
  39  HF920637_Iridovirus_armadillidium1_n/a                     18.37%    failed      0.00%
  40  KT804738_Megalocytivirus_pagrus1_RSIV                      14.29%    passed    100.00%
  41  MT521409_Megalocytivirus_lates1_SDDV                       14.97%    passed      8.21%
  42  MW883597_Megalocytivirus_pagrus1_ISKNV                     16.33%    passed    100.00%
  43  OK042108_Megalocytivirus_pagrus1_RSIV                      14.29%    passed    100.00%
  44  OL774654_Megalocytivirus_pagrus1_RSIV                      14.29%    passed    100.00%
  45  MT926123_Megalocytivirus_pagrus1_ISKNV                     16.33%    passed    100.00%
  46  MW273354_Megalocytivirus_pagrus1_ISKNV                     16.33%    passed    100.00%
  47  MW883606_Megalocytivirus_pagrus1_ISKNV                     16.33%    passed    100.00%
  48  KX643370_Lymphocystivirus_sparus1_n/a                      29.25%    failed      0.94%
  49  AP017456_Megalocytivirus_pagrus1_RSIV                      14.29%    passed    100.00%
  50  PP974677_Megalocytivirus_pagrus1_ISKNV                     16.33%    passed    100.00%
  51  OL774653_Megalocytivirus_pagrus1_RSIV                      14.29%    passed    100.00%
  52  MN562489_Megalocytivirus_lates1_SDDV                       14.97%    passed      8.21%
  53  MG570131_Megalocytivirus_pagrus1_TRBIV                     14.29%    passed    100.00%
  54  ON740976_Megalocytivirus_pagrus1_RSIV                      14.29%    passed    100.00%
  55  GQ273492_Megalocytivirus_pagrus1_TRBIV                     14.29%    passed    100.00%
  56  MW883593_Megalocytivirus_pagrus1_ISKNV                     16.33%    passed    100.00%
  57  AY894343_Megalocytivirus_pagrus1_RSIV                      14.29%    passed    100.00%
  58  OQ513807_Megalocytivirus_pagrus1_ISKNV                     16.33%    passed    100.00%
  59  MG570132_Megalocytivirus_pagrus1_TRBIV                     14.29%    passed    100.00%
  60  MK689685_Megalocytivirus_pagrus1_ISKNV                     16.33%    passed    100.00%
  61  OK042109_Megalocytivirus_pagrus1_RSIV                      14.29%    passed    100.00%
  62  BD143114_Megalocytivirus_pagrus1_RSIV                      14.29%    passed    100.00%
  63  ON743042_Megalocytivirus_pagrus1_RSIV                      14.29%    passed    100.00%
  64  MW883594_Megalocytivirus_pagrus1_ISKNV                     16.33%    passed    100.00%
  65  MW883596_Megalocytivirus_pagrus1_ISKNV                     16.33%    passed    100.00%
  66  HF920633_Chloriridovirus_simulium1_n/a                     17.69%    passed      9.37%
  67  OR536350_Megalocytivirus_pagrus1_ISKNV                     16.33%    passed    100.00%
  68  MW883603_Megalocytivirus_pagrus1_ISKNV                     16.33%    passed    100.00%
  69  OM037668_Megalocytivirus_lates1_SDDV                       14.97%    passed      8.21%
  70  NC_005946_Ranavirus_rana1_n/a                              25.85%    failed      0.00%
  71  MW273353_Megalocytivirus_pagrus1_ISKNV                     16.33%    passed    100.00%
  72  KT781098_Megalocytivirus_pagrus1_ISKNV                     16.33%    passed    100.00%
****  TOTAL                                                      16.34%  8 sequences failed composition chi2 test (p-value<5%; df=19)
NOTE: KC244182_Megalocytivirus_pagrus1_RSIV is identical to MK689686_Megalocytivirus_pagrus1_RSIV but kept for subsequent analysis
NOTE: MT986830_Megalocytivirus_pagrus1_ISKNV is identical to MT128666_Megalocytivirus_pagrus1_ISKNV but kept for subsequent analysis
NOTE: MN432490_Megalocytivirus_pagrus1_ISKNV is identical to MW883595_Megalocytivirus_pagrus1_ISKNV but kept for subsequent analysis
NOTE: OQ513807_Megalocytivirus_pagrus1_ISKNV is identical to OR670976_Megalocytivirus_pagrus1_ISKNV but kept for subsequent analysis
NOTE: MN562489_Megalocytivirus_lates1_SDDV is identical to MT521409_Megalocytivirus_lates1_SDDV but kept for subsequent analysis
NOTE: MG570132_Megalocytivirus_pagrus1_TRBIV is identical to MG570131_Megalocytivirus_pagrus1_TRBIV but kept for subsequent analysis
Checking for duplicate sequences: done in 0.000174046 secs using 147.1% CPU
Identifying sites to remove: done in 0.000100136 secs using 153.8% CPU
NOTE: 47 identical sequences (see below) will be ignored for subsequent analysis
NOTE: AB104413_Megalocytivirus_pagrus1_RSIV (identical to MK689686_Megalocytivirus_pagrus1_RSIV) is ignored but added at the end
NOTE: ON075463_Megalocytivirus_pagrus1_RSIV (identical to MK689686_Megalocytivirus_pagrus1_RSIV) is ignored but added at the end
NOTE: OL774655_Megalocytivirus_pagrus1_RSIV (identical to MK689686_Megalocytivirus_pagrus1_RSIV) is ignored but added at the end
NOTE: MK098187_Megalocytivirus_pagrus1_RSIV (identical to MK689686_Megalocytivirus_pagrus1_RSIV) is ignored but added at the end
NOTE: MW883598_Megalocytivirus_pagrus1_RSIV (identical to MK689686_Megalocytivirus_pagrus1_RSIV) is ignored but added at the end
NOTE: OQ475017_Megalocytivirus_pagrus1_RSIV (identical to MK689686_Megalocytivirus_pagrus1_RSIV) is ignored but added at the end
NOTE: MK098185_Megalocytivirus_pagrus1_RSIV (identical to MK689686_Megalocytivirus_pagrus1_RSIV) is ignored but added at the end
NOTE: MT798582_Megalocytivirus_pagrus1_RSIV (identical to MK689686_Megalocytivirus_pagrus1_RSIV) is ignored but added at the end
NOTE: MW139932_Megalocytivirus_pagrus1_RSIV (identical to MK689686_Megalocytivirus_pagrus1_RSIV) is ignored but added at the end
NOTE: MK098186_Megalocytivirus_pagrus1_RSIV (identical to MK689686_Megalocytivirus_pagrus1_RSIV) is ignored but added at the end
NOTE: KT804738_Megalocytivirus_pagrus1_RSIV (identical to MK689686_Megalocytivirus_pagrus1_RSIV) is ignored but added at the end
NOTE: OK042108_Megalocytivirus_pagrus1_RSIV (identical to MK689686_Megalocytivirus_pagrus1_RSIV) is ignored but added at the end
NOTE: OL774654_Megalocytivirus_pagrus1_RSIV (identical to MK689686_Megalocytivirus_pagrus1_RSIV) is ignored but added at the end
NOTE: AP017456_Megalocytivirus_pagrus1_RSIV (identical to MK689686_Megalocytivirus_pagrus1_RSIV) is ignored but added at the end
NOTE: OL774653_Megalocytivirus_pagrus1_RSIV (identical to MK689686_Megalocytivirus_pagrus1_RSIV) is ignored but added at the end
NOTE: ON740976_Megalocytivirus_pagrus1_RSIV (identical to MK689686_Megalocytivirus_pagrus1_RSIV) is ignored but added at the end
NOTE: AY894343_Megalocytivirus_pagrus1_RSIV (identical to MK689686_Megalocytivirus_pagrus1_RSIV) is ignored but added at the end
NOTE: OK042109_Megalocytivirus_pagrus1_RSIV (identical to MK689686_Megalocytivirus_pagrus1_RSIV) is ignored but added at the end
NOTE: BD143114_Megalocytivirus_pagrus1_RSIV (identical to MK689686_Megalocytivirus_pagrus1_RSIV) is ignored but added at the end
NOTE: ON743042_Megalocytivirus_pagrus1_RSIV (identical to MK689686_Megalocytivirus_pagrus1_RSIV) is ignored but added at the end
NOTE: MW883600_Megalocytivirus_pagrus1_ISKNV (identical to MT128666_Megalocytivirus_pagrus1_ISKNV) is ignored but added at the end
NOTE: 23043610003_Megalocytivirus_pagrus1_ISKNV (identical to MT128666_Megalocytivirus_pagrus1_ISKNV) is ignored but added at the end
NOTE: OP009387_Megalocytivirus_pagrus1_ISKNV (identical to MT128666_Megalocytivirus_pagrus1_ISKNV) is ignored but added at the end
NOTE: AF371960_Megalocytivirus_pagrus1_ISKNV (identical to MT128666_Megalocytivirus_pagrus1_ISKNV) is ignored but added at the end
NOTE: PP151097_Megalocytivirus_pagrus1_ISKNV (identical to MT128666_Megalocytivirus_pagrus1_ISKNV) is ignored but added at the end
NOTE: NC_003494_Megalocytivirus_pagrus1_ISKNV (identical to MT128666_Megalocytivirus_pagrus1_ISKNV) is ignored but added at the end
NOTE: MT128667_Megalocytivirus_pagrus1_ISKNV (identical to MT128666_Megalocytivirus_pagrus1_ISKNV) is ignored but added at the end
NOTE: OR356116_Megalocytivirus_pagrus1_ISKNV (identical to MT128666_Megalocytivirus_pagrus1_ISKNV) is ignored but added at the end
NOTE: 23043610005_Megalocytivirus_pagrus1_ISKNV (identical to MT128666_Megalocytivirus_pagrus1_ISKNV) is ignored but added at the end
NOTE: MW883601_Megalocytivirus_pagrus1_ISKNV (identical to MT128666_Megalocytivirus_pagrus1_ISKNV) is ignored but added at the end
NOTE: MW883602_Megalocytivirus_pagrus1_ISKNV (identical to MT128666_Megalocytivirus_pagrus1_ISKNV) is ignored but added at the end
NOTE: MW883599_Megalocytivirus_pagrus1_ISKNV (identical to MT128666_Megalocytivirus_pagrus1_ISKNV) is ignored but added at the end
NOTE: OP896201_Megalocytivirus_pagrus1_ISKNV (identical to MT128666_Megalocytivirus_pagrus1_ISKNV) is ignored but added at the end
NOTE: ON212400_Megalocytivirus_pagrus1_ISKNV (identical to MT128666_Megalocytivirus_pagrus1_ISKNV) is ignored but added at the end
NOTE: MW883597_Megalocytivirus_pagrus1_ISKNV (identical to MT128666_Megalocytivirus_pagrus1_ISKNV) is ignored but added at the end
NOTE: MT926123_Megalocytivirus_pagrus1_ISKNV (identical to MT128666_Megalocytivirus_pagrus1_ISKNV) is ignored but added at the end
NOTE: MW273354_Megalocytivirus_pagrus1_ISKNV (identical to MT128666_Megalocytivirus_pagrus1_ISKNV) is ignored but added at the end
NOTE: MW883606_Megalocytivirus_pagrus1_ISKNV (identical to MT128666_Megalocytivirus_pagrus1_ISKNV) is ignored but added at the end
NOTE: PP974677_Megalocytivirus_pagrus1_ISKNV (identical to MT128666_Megalocytivirus_pagrus1_ISKNV) is ignored but added at the end
NOTE: MW883593_Megalocytivirus_pagrus1_ISKNV (identical to MT128666_Megalocytivirus_pagrus1_ISKNV) is ignored but added at the end
NOTE: MW883594_Megalocytivirus_pagrus1_ISKNV (identical to MT128666_Megalocytivirus_pagrus1_ISKNV) is ignored but added at the end
NOTE: MW883596_Megalocytivirus_pagrus1_ISKNV (identical to MT128666_Megalocytivirus_pagrus1_ISKNV) is ignored but added at the end
NOTE: OR536350_Megalocytivirus_pagrus1_ISKNV (identical to MT128666_Megalocytivirus_pagrus1_ISKNV) is ignored but added at the end
NOTE: MW883603_Megalocytivirus_pagrus1_ISKNV (identical to MT128666_Megalocytivirus_pagrus1_ISKNV) is ignored but added at the end
NOTE: MW273353_Megalocytivirus_pagrus1_ISKNV (identical to MT128666_Megalocytivirus_pagrus1_ISKNV) is ignored but added at the end
NOTE: KT781098_Megalocytivirus_pagrus1_ISKNV (identical to MT128666_Megalocytivirus_pagrus1_ISKNV) is ignored but added at the end
NOTE: OM037668_Megalocytivirus_lates1_SDDV (identical to MT521409_Megalocytivirus_lates1_SDDV) is ignored but added at the end
Alignment was printed to iqtree_family/OG0000016.fa.uniqueseq.phy

For your convenience alignment with unique sequences printed to iqtree_family/OG0000016.fa.uniqueseq.phy

Creating fast initial parsimony tree by random order stepwise addition...
0.001 seconds, parsimony score: 507 (based on 114 sites)
Perform fast likelihood tree search using LG+I+G model...
Estimate model parameters (epsilon = 5.000)
Perform nearest neighbor interchange...
Optimizing NNI: done in 0.377476 secs using 222.2% CPU
Estimate model parameters (epsilon = 1.000)
1. Initial log-likelihood: -2717.181
Optimal log-likelihood: -2717.171
Proportion of invariable sites: 0.078
Gamma shape alpha: 3.095
Parameters optimization took 1 rounds (0.045 sec)
Time for fast ML tree search: 0.595 seconds

NOTE: ModelFinder requires 6 MB RAM!
ModelFinder will test up to 1320 protein models (sample size: 147) ...
 No. Model         -LnL         df  AIC          AICc         BIC
  1  Blosum62      2763.390     47  5620.779     5666.355     5761.329
  2  Blosum62+I    2735.283     48  5566.567     5614.567     5710.108
  3  Blosum62+G4   2738.504     48  5573.009     5621.009     5716.549
  4  Blosum62+I+G4 2729.393     49  5556.786     5607.301     5703.317
  5  Blosum62+R2   2736.972     49  5571.945     5622.460     5718.476
  6  Blosum62+R3   2733.126     51  5568.253     5624.084     5720.765
 14  Blosum62+I+R2 2729.735     50  5559.469     5612.594     5708.991
 15  Blosum62+I+R3 2729.090     52  5562.180     5620.818     5717.683
 24  Blosum62+F+I  2711.481     67  5556.963     5672.305     5757.322
 26  Blosum62+F+I+G4 2705.313     68  5546.627     5666.934     5749.976
 36  Blosum62+F+I+R2 2705.730     69  5549.460     5674.915     5755.800
 46  cpREV+I       2748.658     48  5593.316     5641.316     5736.857
 48  cpREV+I+G4    2736.624     49  5571.248     5621.763     5717.779
 58  cpREV+I+R2    2736.811     50  5573.622     5626.747     5723.144
 68  cpREV+F+I     2726.452     67  5586.903     5702.245     5787.262
 70  cpREV+F+I+G4  2713.040     68  5562.081     5682.388     5765.430
 80  cpREV+F+I+R2  2713.506     69  5565.012     5690.466     5771.351
 90  Dayhoff+I     2758.953     48  5613.906     5661.906     5757.447
 92  Dayhoff+I+G4  2743.001     49  5584.003     5634.518     5730.534
102  Dayhoff+I+R2  2743.937     50  5587.874     5640.999     5737.396
112  Dayhoff+F+I   2727.705     67  5589.410     5704.752     5789.769
114  Dayhoff+F+I+G4 2712.181     68  5560.362     5680.669     5763.711
124  Dayhoff+F+I+R2 2713.057     69  5564.115     5689.569     5770.455
134  DCMut+I       2758.650     48  5613.301     5661.301     5756.842
136  DCMut+I+G4    2742.835     49  5583.669     5634.184     5730.200
146  DCMut+I+R2    2743.759     50  5587.518     5640.643     5737.039
156  DCMut+F+I     2727.395     67  5588.789     5704.131     5789.148
158  DCMut+F+I+G4  2712.011     68  5560.023     5680.331     5763.372
168  DCMut+F+I+R2  2712.877     69  5563.753     5689.208     5770.093
WARNING: Normalizing state frequencies so that sum of them equals to 1
178  FLAVI+I       2814.231     48  5724.463     5772.463     5868.003
WARNING: Normalizing state frequencies so that sum of them equals to 1
180  FLAVI+I+G4    2784.294     49  5666.587     5717.103     5813.118
WARNING: Normalizing state frequencies so that sum of them equals to 1
190  FLAVI+I+R2    2783.324     50  5666.649     5719.774     5816.170
WARNING: Normalizing state frequencies so that sum of them equals to 1
200  FLAVI+F+I     2798.763     67  5731.526     5846.868     5931.885
WARNING: Normalizing state frequencies so that sum of them equals to 1
202  FLAVI+F+I+G4  2765.488     68  5666.975     5787.283     5870.325
WARNING: Normalizing state frequencies so that sum of them equals to 1
212  FLAVI+F+I+R2  2765.645     69  5669.291     5794.745     5875.630
222  FLU+I         2749.465     48  5594.930     5642.930     5738.471
224  FLU+I+G4      2728.165     49  5554.330     5604.845     5700.861
234  FLU+I+R2      2727.718     50  5555.436     5608.561     5704.958
244  FLU+F+I       2738.324     67  5610.647     5725.989     5811.006
246  FLU+F+I+G4    2716.790     68  5569.580     5689.888     5772.930
256  FLU+F+I+R2    2715.911     69  5569.823     5695.277     5776.163
266  HIVb+I        2769.867     48  5635.733     5683.733     5779.274
268  HIVb+I+G4     2750.995     49  5599.990     5650.506     5746.521
278  HIVb+I+R2     2750.632     50  5601.265     5654.390     5750.786
288  HIVb+F+I      2746.855     67  5627.710     5743.051     5828.069
290  HIVb+F+I+G4   2724.271     68  5584.541     5704.849     5787.891
300  HIVb+F+I+R2   2724.287     69  5586.574     5712.028     5792.913
310  HIVw+I        2857.225     48  5810.450     5858.450     5953.991
312  HIVw+I+G4     2828.970     49  5755.939     5806.455     5902.470
322  HIVw+I+R2     2828.765     50  5757.530     5810.655     5907.052
332  HIVw+F+I      2820.822     67  5775.644     5890.986     5976.003
334  HIVw+F+I+G4   2791.641     68  5719.282     5839.589     5922.631
344  HIVw+F+I+R2   2791.124     69  5720.247     5845.702     5926.587
354  JTT+I         2730.125     48  5556.249     5604.249     5699.790
356  JTT+I+G4      2717.194     49  5532.387     5582.903     5678.918
366  JTT+I+R2      2717.149     50  5534.298     5587.423     5683.819
376  JTT+F+I       2719.102     67  5572.203     5687.545     5772.562
378  JTT+F+I+G4    2704.583     68  5545.167     5665.474     5748.516
388  JTT+F+I+R2    2704.706     69  5547.412     5672.866     5753.751
398  JTTDCMut+I    2730.937     48  5557.875     5605.875     5701.415
400  JTTDCMut+I+G4 2718.036     49  5534.072     5584.587     5680.603
410  JTTDCMut+I+R2 2718.031     50  5536.063     5589.188     5685.584
420  JTTDCMut+F+I  2719.188     67  5572.377     5687.719     5772.736
422  JTTDCMut+F+I+G4 2704.695     68  5545.389     5665.697     5748.738
432  JTTDCMut+F+I+R2 2704.886     69  5547.772     5673.227     5754.112
442  LG+I          2732.455     48  5560.909     5608.909     5704.450
444  LG+I+G4       2717.171     49  5532.342     5582.857     5678.873
454  LG+I+R2       2716.822     50  5533.645     5586.770     5683.166
464  LG+F+I        2711.440     67  5556.881     5672.223     5757.240
466  LG+F+I+G4     2695.111     68  5526.223     5646.531     5729.572
476  LG+F+I+R2     2695.097     69  5528.193     5653.648     5734.533
486  mtART+I       2928.654     48  5953.308     6001.308     6096.849
488  mtART+I+G4    2878.552     49  5855.104     5905.620     6001.635
498  mtART+I+R2    2880.082     50  5860.164     5913.289     6009.685
508  mtART+F+I     2793.407     67  5720.813     5836.155     5921.172
510  mtART+F+I+G4  2754.138     68  5644.275     5764.583     5847.625
520  mtART+F+I+R2  2756.061     69  5650.122     5775.576     5856.462
530  mtMAM+I       2932.048     48  5960.095     6008.095     6103.636
532  mtMAM+I+G4    2879.010     49  5856.020     5906.536     6002.551
542  mtMAM+I+R2    2882.624     50  5865.248     5918.373     6014.770
552  mtMAM+F+I     2814.337     67  5762.674     5878.016     5963.033
554  mtMAM+F+I+G4  2771.119     68  5678.238     5798.545     5881.587
564  mtMAM+F+I+R2  2774.336     69  5686.672     5812.126     5893.012
574  mtREV+I       2848.218     48  5792.436     5840.436     5935.976
576  mtREV+I+G4    2822.916     49  5743.831     5794.347     5890.362
586  mtREV+I+R2    2823.167     50  5746.334     5799.459     5895.855
596  mtREV+F+I     2746.632     67  5627.264     5742.606     5827.623
598  mtREV+F+I+G4  2722.303     68  5580.607     5700.914     5783.956
608  mtREV+F+I+R2  2723.845     69  5585.689     5711.144     5792.029
618  mtZOA+I       2863.887     48  5823.773     5871.773     5967.314
620  mtZOA+I+G4    2828.796     49  5755.591     5806.107     5902.122
630  mtZOA+I+R2    2829.680     50  5759.359     5812.484     5908.881
640  mtZOA+F+I     2757.678     67  5649.355     5764.697     5849.714
642  mtZOA+F+I+G4  2729.313     68  5594.626     5714.933     5797.975
652  mtZOA+F+I+R2  2731.050     69  5600.099     5725.554     5806.439
662  mtMet+I       2857.824     48  5811.648     5859.648     5955.189
664  mtMet+I+G4    2829.615     49  5757.229     5807.745     5903.760
674  mtMet+I+R2    2831.394     50  5762.787     5815.912     5912.309
684  mtMet+F+I     2746.414     67  5626.829     5742.170     5827.188
686  mtMet+F+I+G4  2724.306     68  5584.612     5704.919     5787.961
696  mtMet+F+I+R2  2726.202     69  5590.404     5715.859     5796.744
706  mtVer+I       2883.961     48  5863.921     5911.921     6007.462
708  mtVer+I+G4    2851.427     49  5800.853     5851.369     5947.384
718  mtVer+I+R2    2853.770     50  5807.541     5860.666     5957.062
728  mtVer+F+I     2781.241     67  5696.482     5811.824     5896.841
730  mtVer+F+I+G4  2754.470     68  5644.939     5765.247     5848.289
740  mtVer+F+I+R2  2757.074     69  5652.147     5777.602     5858.487
750  mtInv+I       2874.139     48  5844.278     5892.278     5987.819
752  mtInv+I+G4    2850.985     49  5799.970     5850.486     5946.502
762  mtInv+I+R2    2852.175     50  5804.350     5857.475     5953.872
772  mtInv+F+I     2727.642     67  5589.284     5704.625     5789.643
774  mtInv+F+I+G4  2710.307     68  5556.614     5676.921     5759.963
784  mtInv+F+I+R2  2711.399     69  5560.798     5686.252     5767.137
794  PMB+I         2737.591     48  5571.183     5619.183     5714.724
796  PMB+I+G4      2731.900     49  5561.800     5612.316     5708.332
806  PMB+I+R2      2732.057     50  5564.115     5617.240     5713.636
816  PMB+F+I       2712.529     67  5559.058     5674.400     5759.417
818  PMB+F+I+G4    2706.359     68  5548.718     5669.026     5752.068
828  PMB+F+I+R2    2706.560     69  5551.120     5676.574     5757.460
WARNING: Normalizing state frequencies so that sum of them equals to 1
838  Q.bird+I      2781.825     48  5659.650     5707.650     5803.190
WARNING: Normalizing state frequencies so that sum of them equals to 1
840  Q.bird+I+G4   2757.526     49  5613.052     5663.568     5759.583
WARNING: Normalizing state frequencies so that sum of them equals to 1
850  Q.bird+I+R2   2756.965     50  5613.930     5667.055     5763.451
WARNING: Normalizing state frequencies so that sum of them equals to 1
860  Q.bird+F+I    2767.944     67  5669.888     5785.229     5870.247
WARNING: Normalizing state frequencies so that sum of them equals to 1
862  Q.bird+F+I+G4 2740.986     68  5617.971     5738.279     5821.321
WARNING: Normalizing state frequencies so that sum of them equals to 1
872  Q.bird+F+I+R2 2740.975     69  5619.950     5745.404     5826.290
882  Q.insect+I    2743.008     48  5582.016     5630.016     5725.557
884  Q.insect+I+G4 2726.713     49  5551.427     5601.942     5697.958
894  Q.insect+I+R2 2726.618     50  5553.235     5606.360     5702.757
904  Q.insect+F+I  2723.786     67  5581.572     5696.913     5781.931
906  Q.insect+F+I+G4 2706.650     68  5549.299     5669.607     5752.649
916  Q.insect+F+I+R2 2707.013     69  5552.025     5677.480     5758.365
WARNING: Normalizing state frequencies so that sum of them equals to 1
926  Q.mammal+I    2765.362     48  5626.724     5674.724     5770.264
WARNING: Normalizing state frequencies so that sum of them equals to 1
928  Q.mammal+I+G4 2745.764     49  5589.529     5640.044     5736.060
WARNING: Normalizing state frequencies so that sum of them equals to 1
938  Q.mammal+I+R2 2745.409     50  5590.817     5643.942     5740.339
WARNING: Normalizing state frequencies so that sum of them equals to 1
948  Q.mammal+F+I  2747.622     67  5629.243     5744.585     5829.602
WARNING: Normalizing state frequencies so that sum of them equals to 1
950  Q.mammal+F+I+G4 2726.565     68  5589.130     5709.438     5792.480
WARNING: Normalizing state frequencies so that sum of them equals to 1
960  Q.mammal+F+I+R2 2726.403     69  5590.805     5716.260     5797.145
WARNING: Normalizing state frequencies so that sum of them equals to 1
970  Q.pfam+I      2730.361     48  5556.723     5604.723     5700.263
WARNING: Normalizing state frequencies so that sum of them equals to 1
972  Q.pfam+I+G4   2716.795     49  5531.590     5582.105     5678.121
WARNING: Normalizing state frequencies so that sum of them equals to 1
982  Q.pfam+I+R2   2715.988     50  5531.977     5585.102     5681.499
WARNING: Normalizing state frequencies so that sum of them equals to 1
992  Q.pfam+F+I    2708.562     67  5551.124     5666.466     5751.483
WARNING: Normalizing state frequencies so that sum of them equals to 1
994  Q.pfam+F+I+G4 2694.088     68  5524.176     5644.483     5727.525
WARNING: Normalizing state frequencies so that sum of them equals to 1
1004  Q.pfam+F+I+R2 2693.715     69  5525.431     5650.885     5731.770
WARNING: Normalizing state frequencies so that sum of them equals to 1
1014  Q.plant+I     2754.009     48  5604.017     5652.017     5747.558
WARNING: Normalizing state frequencies so that sum of them equals to 1
1016  Q.plant+I+G4  2731.621     49  5561.242     5611.758     5707.773
WARNING: Normalizing state frequencies so that sum of them equals to 1
1026  Q.plant+I+R2  2730.982     50  5561.965     5615.090     5711.486
WARNING: Normalizing state frequencies so that sum of them equals to 1
1036  Q.plant+F+I   2737.261     67  5608.522     5723.864     5808.881
WARNING: Normalizing state frequencies so that sum of them equals to 1
1038  Q.plant+F+I+G4 2713.427     68  5562.854     5683.162     5766.204
WARNING: Normalizing state frequencies so that sum of them equals to 1
1048  Q.plant+F+I+R2 2712.998     69  5563.996     5689.451     5770.336
WARNING: Normalizing state frequencies so that sum of them equals to 1
1058  Q.yeast+I     2742.639     48  5581.279     5629.279     5724.820
WARNING: Normalizing state frequencies so that sum of them equals to 1
1060  Q.yeast+I+G4  2725.088     49  5548.177     5598.692     5694.708
WARNING: Normalizing state frequencies so that sum of them equals to 1
1070  Q.yeast+I+R2  2724.652     50  5549.304     5602.429     5698.826
WARNING: Normalizing state frequencies so that sum of them equals to 1
1080  Q.yeast+F+I   2720.257     67  5574.514     5689.856     5774.873
WARNING: Normalizing state frequencies so that sum of them equals to 1
1082  Q.yeast+F+I+G4 2702.666     68  5541.332     5661.640     5744.682
WARNING: Normalizing state frequencies so that sum of them equals to 1
1092  Q.yeast+F+I+R2 2702.764     69  5543.528     5668.983     5749.868
1102  rtREV+I       2746.259     48  5588.517     5636.517     5732.058
1104  rtREV+I+G4    2732.642     49  5563.283     5613.799     5709.815
1114  rtREV+I+R2    2731.874     50  5563.748     5616.873     5713.270
1124  rtREV+F+I     2715.109     67  5564.219     5679.561     5764.578
1126  rtREV+F+I+G4  2701.639     68  5539.278     5659.586     5742.627
1136  rtREV+F+I+R2  2701.137     69  5540.274     5665.729     5746.614
1146  VT+I          2716.671     48  5529.343     5577.343     5672.884
1148  VT+I+G4       2710.079     49  5518.159     5568.674     5664.690
1158  VT+I+R2       2710.289     50  5520.578     5573.703     5670.100
1168  VT+F+I        2702.159     67  5538.317     5653.659     5738.676
1170  VT+F+I+G4     2694.877     68  5525.754     5646.061     5729.103
1180  VT+F+I+R2     2695.131     69  5528.261     5653.716     5734.601
1190  WAG+I         2726.190     48  5548.380     5596.380     5691.921
1192  WAG+I+G4      2716.993     49  5531.986     5582.502     5678.518
1202  WAG+I+R2      2716.902     50  5533.805     5586.930     5683.326
1212  WAG+F+I       2703.966     67  5541.932     5657.274     5742.291
1214  WAG+F+I+G4    2694.030     68  5524.061     5644.369     5727.410
1224  WAG+F+I+R2    2693.918     69  5525.836     5651.290     5732.175
Reading model parameters from file Q.iridoviridae
1234  Q.iridoviridae+I 2723.298     48  5542.596     5590.596     5686.137
Reading model parameters from file Q.iridoviridae
1236  Q.iridoviridae+I+G4 2709.021     49  5516.043     5566.558     5662.574
Reading model parameters from file Q.iridoviridae
1246  Q.iridoviridae+I+R2 2709.117     50  5518.234     5571.359     5667.756
Reading model parameters from file Q.iridoviridae
1256  Q.iridoviridae+F+I 2710.308     67  5554.617     5669.958     5754.976
Reading model parameters from file Q.iridoviridae
1258  Q.iridoviridae+F+I+G4 2695.252     68  5526.504     5646.812     5729.853
Reading model parameters from file Q.iridoviridae
1268  Q.iridoviridae+F+I+R2 2695.622     69  5529.244     5654.699     5735.584
Reading model parameters from file Q.mcv
WARNING: Normalizing state frequencies so that sum of them equals to 1
1278  Q.mcv+I       2738.628     48  5573.256     5621.256     5716.797
Reading model parameters from file Q.mcv
WARNING: Normalizing state frequencies so that sum of them equals to 1
1280  Q.mcv+I+G4    2724.470     49  5546.941     5597.456     5693.472
Reading model parameters from file Q.mcv
WARNING: Normalizing state frequencies so that sum of them equals to 1
1290  Q.mcv+I+R2    2724.509     50  5549.017     5602.142     5698.539
Reading model parameters from file Q.mcv
WARNING: Normalizing state frequencies so that sum of them equals to 1
1300  Q.mcv+F+I     2715.064     67  5564.129     5679.470     5764.488
Reading model parameters from file Q.mcv
WARNING: Normalizing state frequencies so that sum of them equals to 1
1302  Q.mcv+F+I+G4  2698.519     68  5533.039     5653.346     5736.388
Reading model parameters from file Q.mcv
WARNING: Normalizing state frequencies so that sum of them equals to 1
1312  Q.mcv+F+I+R2  2698.693     69  5535.387     5660.841     5741.726
Akaike Information Criterion:           Q.iridoviridae+I+G4
Corrected Akaike Information Criterion: Q.iridoviridae+I+G4
Bayesian Information Criterion:         Q.iridoviridae+I+G4
Best-fit model: Q.iridoviridae+I+G4 chosen according to BIC

All model information printed to iqtree_family/OG0000016.fa.model.gz
CPU time for ModelFinder: 36.089 seconds (0h:0m:36s)
Wall-clock time for ModelFinder: 11.836 seconds (0h:0m:11s)
Generating 1000 samples for ultrafast bootstrap (seed: 73771)...
Reading model parameters from file Q.iridoviridae

NOTE: 2 MB RAM (0 GB) is required!
Estimate model parameters (epsilon = 0.100)
Thoroughly optimizing +I+G parameters from 10 start values...
Init pinv, alpha: 0.000, 3.259 / Estimate: 0.000, 1.623 / LogL: -2717.656
Init pinv, alpha: 0.025, 3.259 / Estimate: 0.076, 3.179 / LogL: -2709.031
Init pinv, alpha: 0.050, 3.259 / Estimate: 0.078, 3.229 / LogL: -2709.022
Init pinv, alpha: 0.075, 3.259 / Estimate: 0.078, 3.240 / LogL: -2709.023
Init pinv, alpha: 0.100, 3.259 / Estimate: 0.081, 3.281 / LogL: -2709.024
Init pinv, alpha: 0.125, 3.259 / Estimate: 0.082, 3.307 / LogL: -2709.030
Init pinv, alpha: 0.150, 3.259 / Estimate: 0.080, 3.284 / LogL: -2709.023
Init pinv, alpha: 0.175, 3.259 / Estimate: 0.081, 3.292 / LogL: -2709.024
Init pinv, alpha: 0.200, 3.259 / Estimate: 0.081, 3.299 / LogL: -2709.026
Init pinv, alpha: 0.224, 3.259 / Estimate: 0.081, 3.305 / LogL: -2709.027
Optimal pinv,alpha: 0.078, 3.229 / LogL: -2709.022

Parameters optimization took 0.826 sec
Wrote distance file to... 
Computing ML distances based on estimated model parameters...
Calculating distance matrix: done in 0.017417 secs using 332.2% CPU
Computing ML distances took 0.017465 sec (of wall-clock time) 0.058003 sec (of CPU time)
Setting up auxiliary I and S matrices: done in 0.000110865 secs using 330.1% CPU
Constructing RapidNJ tree: done in 0.00153208 secs using 327.8% CPU
Computing RapidNJ tree took 0.001702 sec (of wall-clock time) 0.005587 sec (of CPU time)
Log-likelihood of RapidNJ tree: -2711.279
--------------------------------------------------------------------
|             INITIALIZING CANDIDATE TREE SET                      |
--------------------------------------------------------------------
Generating 98 parsimony trees... 0.054 second
Computing log-likelihood of 98 initial trees ... 1.452 seconds
Current best score: -2706.505

Do NNI search on 20 best initial trees
Optimizing NNI: done in 0.374979 secs using 280.2% CPU
Estimate model parameters (epsilon = 0.100)
BETTER TREE FOUND at iteration 1: -2703.248
Optimizing NNI: done in 0.0981729 secs using 342.3% CPU
Optimizing NNI: done in 0.0971439 secs using 334.3% CPU
Optimizing NNI: done in 0.0882471 secs using 336.8% CPU
Optimizing NNI: done in 0.101083 secs using 337.3% CPU
Optimizing NNI: done in 0.0978951 secs using 338% CPU
Optimizing NNI: done in 0.0914009 secs using 341.8% CPU
Optimizing NNI: done in 0.096236 secs using 332.6% CPU
Optimizing NNI: done in 0.095021 secs using 349.8% CPU
Optimizing NNI: done in 0.105257 secs using 338.5% CPU
Iteration 10 / LogL: -2703.248 / Time: 0h:0m:3s
Optimizing NNI: done in 0.103786 secs using 346.4% CPU
Optimizing NNI: done in 0.105226 secs using 334.6% CPU
Optimizing NNI: done in 0.095263 secs using 341.6% CPU
Optimizing NNI: done in 0.0954108 secs using 337.4% CPU
Optimizing NNI: done in 0.106334 secs using 342.4% CPU
Optimizing NNI: done in 0.0956321 secs using 337.8% CPU
Optimizing NNI: done in 0.026792 secs using 349.7% CPU
Optimizing NNI: done in 0.095958 secs using 341.2% CPU
Optimizing NNI: done in 0.120449 secs using 317.8% CPU
Optimizing NNI: done in 0.149578 secs using 311.7% CPU
Iteration 20 / LogL: -2705.900 / Time: 0h:0m:4s
Finish initializing candidate tree set (6)
Current best tree score: -2703.248 / CPU time: 3.779
Number of iterations: 20
--------------------------------------------------------------------
|               OPTIMIZING CANDIDATE TREE SET                      |
--------------------------------------------------------------------
Optimizing NNI: done in 0.160015 secs using 336.8% CPU
Optimizing NNI: done in 0.103389 secs using 393.4% CPU
Optimizing NNI: done in 0.137692 secs using 393.9% CPU
Optimizing NNI: done in 0.138538 secs using 391.4% CPU
Optimizing NNI: done in 0.128003 secs using 399.7% CPU
BETTER TREE FOUND at iteration 25: -2703.248
Optimizing NNI: done in 0.111876 secs using 382.6% CPU
Optimizing NNI: done in 0.136095 secs using 399.7% CPU
Optimizing NNI: done in 0.12411 secs using 400.2% CPU
Optimizing NNI: done in 0.163776 secs using 388.1% CPU
Optimizing NNI: done in 0.193893 secs using 320.6% CPU
Iteration 30 / LogL: -2703.248 / Time: 0h:0m:6s (0h:0m:20s left)
Optimizing NNI: done in 0.158367 secs using 305.5% CPU
Optimizing NNI: done in 0.191128 secs using 318.1% CPU
Optimizing NNI: done in 0.191465 secs using 319% CPU
Optimizing NNI: done in 0.157146 secs using 310.6% CPU
Optimizing NNI: done in 0.282328 secs using 327.5% CPU
Optimizing NNI: done in 0.0707839 secs using 357.5% CPU
Optimizing NNI: done in 0.107324 secs using 335.6% CPU
Optimizing NNI: done in 0.105561 secs using 346.4% CPU
Optimizing NNI: done in 0.159948 secs using 329.9% CPU
Optimizing NNI: done in 0.108534 secs using 332.2% CPU
Iteration 40 / LogL: -2703.248 / Time: 0h:0m:7s (0h:0m:16s left)
Optimizing NNI: done in 0.124413 secs using 344.6% CPU
Optimizing NNI: done in 0.111058 secs using 325% CPU
Optimizing NNI: done in 0.107269 secs using 328.2% CPU
Optimizing NNI: done in 0.147904 secs using 339.7% CPU
Optimizing NNI: done in 0.131058 secs using 334.6% CPU
Optimizing NNI: done in 0.153937 secs using 337.4% CPU
Optimizing NNI: done in 0.121103 secs using 336.5% CPU
Optimizing NNI: done in 0.083581 secs using 341.1% CPU
Optimizing NNI: done in 0.140263 secs using 341.3% CPU
Optimizing NNI: done in 0.124681 secs using 343.8% CPU
Iteration 50 / LogL: -2703.248 / Time: 0h:0m:8s (0h:0m:13s left)
Log-likelihood cutoff on original alignment: -2729.841
Optimizing NNI: done in 0.105607 secs using 333.6% CPU
Optimizing NNI: done in 0.128531 secs using 342.6% CPU
Optimizing NNI: done in 0.128436 secs using 345.3% CPU
Optimizing NNI: done in 0.125491 secs using 337% CPU
Optimizing NNI: done in 0.143444 secs using 338.7% CPU
Optimizing NNI: done in 0.117805 secs using 340.3% CPU
Optimizing NNI: done in 0.109173 secs using 334.9% CPU
Optimizing NNI: done in 0.138938 secs using 330.4% CPU
Optimizing NNI: done in 0.127501 secs using 337.6% CPU
Optimizing NNI: done in 0.15995 secs using 333.1% CPU
Iteration 60 / LogL: -2703.248 / Time: 0h:0m:10s (0h:0m:11s left)
Optimizing NNI: done in 0.130679 secs using 328.4% CPU
Optimizing NNI: done in 0.126129 secs using 331.5% CPU
Optimizing NNI: done in 0.144116 secs using 331.1% CPU
Optimizing NNI: done in 0.126687 secs using 334.3% CPU
Optimizing NNI: done in 0.118563 secs using 340.3% CPU
Optimizing NNI: done in 0.101718 secs using 338.9% CPU
Optimizing NNI: done in 0.274538 secs using 338.5% CPU
Optimizing NNI: done in 0.28748 secs using 339.2% CPU
Optimizing NNI: done in 0.476084 secs using 320.7% CPU
Optimizing NNI: done in 0.518655 secs using 288% CPU
UPDATE BEST LOG-LIKELIHOOD: -2703.248
Iteration 70 / LogL: -2703.248 / Time: 0h:0m:12s (0h:0m:10s left)
Optimizing NNI: done in 0.314348 secs using 281.9% CPU
Optimizing NNI: done in 0.465079 secs using 292.9% CPU
Optimizing NNI: done in 0.318137 secs using 351.1% CPU
Optimizing NNI: done in 0.261993 secs using 395.3% CPU
Optimizing NNI: done in 0.201473 secs using 392.1% CPU
Optimizing NNI: done in 0.159455 secs using 392% CPU
Optimizing NNI: done in 0.16921 secs using 388% CPU
Optimizing NNI: done in 0.110217 secs using 392.4% CPU
UPDATE BEST LOG-LIKELIHOOD: -2703.247
Optimizing NNI: done in 0.253783 secs using 383.8% CPU
Optimizing NNI: done in 0.233931 secs using 384.4% CPU
Iteration 80 / LogL: -2703.248 / Time: 0h:0m:15s (0h:0m:8s left)
Optimizing NNI: done in 0.171279 secs using 393.1% CPU
Optimizing NNI: done in 0.172406 secs using 391.2% CPU
Optimizing NNI: done in 0.164042 secs using 342.1% CPU
Optimizing NNI: done in 0.175239 secs using 363.5% CPU
Optimizing NNI: done in 0.231342 secs using 335% CPU
Optimizing NNI: done in 0.258249 secs using 333.3% CPU
Optimizing NNI: done in 0.222451 secs using 293.8% CPU
Optimizing NNI: done in 0.25377 secs using 325.3% CPU
Optimizing NNI: done in 0.231884 secs using 326.2% CPU
Optimizing NNI: done in 0.247415 secs using 317.2% CPU
Iteration 90 / LogL: -2703.250 / Time: 0h:0m:17s (0h:0m:6s left)
Optimizing NNI: done in 0.24767 secs using 315.3% CPU
Optimizing NNI: done in 0.212197 secs using 321.7% CPU
Optimizing NNI: done in 0.257064 secs using 331% CPU
Optimizing NNI: done in 0.21098 secs using 315.5% CPU
Optimizing NNI: done in 0.261826 secs using 316.5% CPU
Optimizing NNI: done in 0.274207 secs using 318.6% CPU
Optimizing NNI: done in 0.179422 secs using 316.5% CPU
Optimizing NNI: done in 0.267384 secs using 319.9% CPU
Optimizing NNI: done in 0.28639 secs using 317.5% CPU
Optimizing NNI: done in 0.274323 secs using 316.2% CPU
Iteration 100 / LogL: -2703.248 / Time: 0h:0m:19s (0h:0m:5s left)
Log-likelihood cutoff on original alignment: -2730.491
NOTE: Bootstrap correlation coefficient of split occurrence frequencies: 0.999
Optimizing NNI: done in 0.275781 secs using 320.7% CPU
Optimizing NNI: done in 0.302413 secs using 322.5% CPU
Optimizing NNI: done in 0.494189 secs using 311.8% CPU
Optimizing NNI: done in 0.265815 secs using 312.6% CPU
Optimizing NNI: done in 0.385121 secs using 309.7% CPU
Optimizing NNI: done in 0.83486 secs using 257.2% CPU
Optimizing NNI: done in 0.541896 secs using 259.7% CPU
Optimizing NNI: done in 0.268025 secs using 304.5% CPU
Optimizing NNI: done in 0.241758 secs using 313.3% CPU
Optimizing NNI: done in 0.280441 secs using 322.1% CPU
Iteration 110 / LogL: -2703.248 / Time: 0h:0m:23s (0h:0m:19s left)
Optimizing NNI: done in 0.353309 secs using 317.5% CPU
Optimizing NNI: done in 0.319583 secs using 319.5% CPU
Optimizing NNI: done in 0.22257 secs using 336.7% CPU
Optimizing NNI: done in 0.227287 secs using 326.1% CPU
Optimizing NNI: done in 0.580198 secs using 295.5% CPU
Optimizing NNI: done in 0.387232 secs using 305.3% CPU
Optimizing NNI: done in 0.121992 secs using 393.1% CPU
Optimizing NNI: done in 0.0739169 secs using 394.2% CPU
Optimizing NNI: done in 0.0998659 secs using 388% CPU
Optimizing NNI: done in 0.17292 secs using 393% CPU
Iteration 120 / LogL: -2703.248 / Time: 0h:0m:26s (0h:0m:17s left)
Optimizing NNI: done in 0.0806839 secs using 394.9% CPU
Optimizing NNI: done in 0.144315 secs using 386.9% CPU
Optimizing NNI: done in 0.0892501 secs using 395.8% CPU
Optimizing NNI: done in 0.127142 secs using 380.3% CPU
Optimizing NNI: done in 0.210032 secs using 347.7% CPU
Optimizing NNI: done in 0.13498 secs using 332.6% CPU
TREE SEARCH COMPLETED AFTER 126 ITERATIONS / Time: 0h:0m:27s

--------------------------------------------------------------------
|                    FINALIZING TREE SEARCH                        |
--------------------------------------------------------------------
Performs final model parameters optimization
Estimate model parameters (epsilon = 0.010)
1. Initial log-likelihood: -2703.247
Optimal log-likelihood: -2703.247
Proportion of invariable sites: 0.078
Gamma shape alpha: 3.191
Parameters optimization took 1 rounds (0.011 sec)
BEST SCORE FOUND : -2703.247
Creating bootstrap support values...
Split supports printed to NEXUS file iqtree_family/OG0000016.fa.splits.nex
Total tree length: 8.552

Total number of iterations: 126
CPU time used for tree search: 85.927 sec (0h:1m:25s)
Wall-clock time used for tree search: 26.403 sec (0h:0m:26s)
Total CPU time used: 89.150 sec (0h:1m:29s)
Total wall-clock time used: 27.380 sec (0h:0m:27s)

Computing bootstrap consensus tree...
Reading input file iqtree_family/OG0000016.fa.splits.nex...
25 taxa and 185 splits.
Consensus tree written to iqtree_family/OG0000016.fa.contree
Reading input trees file iqtree_family/OG0000016.fa.contree
Log-likelihood of consensus tree: -2703.251

Analysis results written to: 
  IQ-TREE report:                iqtree_family/OG0000016.fa.iqtree
  Maximum-likelihood tree:       iqtree_family/OG0000016.fa.treefile
  Likelihood distances:          iqtree_family/OG0000016.fa.mldist

Ultrafast bootstrap approximation results written to:
  Split support values:          iqtree_family/OG0000016.fa.splits.nex
  Consensus tree:                iqtree_family/OG0000016.fa.contree
  Screen log file:               iqtree_family/OG0000016.fa.log

Date and Time: Wed May 14 15:59:22 2025
