IQ-TREE multicore version 2.2.0.5 COVID-edition for Linux 64-bit built Sep 26 2022
Developed by Bui Quang Minh, James Barbetti, Nguyen Lam Tung,
Olga Chernomor, Heiko Schmidt, Dominik Schrempf, Michael Woodhams, Ly Trong Nhan.

Host:    petrichor-dm (AVX2, FMA3, 503 GB RAM)
Command: iqtree2 -s alignments_family_muscle5_edited_trimmed/OG0000015.fa -B 1000 -mset Blosum62,cpREV,Dayhoff,DCMut,FLAVI,FLU,HIVb,HIVw,JTT,JTTDCMut,LG,mtART,mtMAM,mtREV,mtZOA,mtMet,mtVer,mtInv,PMB,Q.bird,Q.insect,Q.mammal,Q.pfam,Q.plant,Q.yeast,rtREV,VT,WAG,Q.iridoviridae,Q.mcv -T 4 -pre iqtree_family/OG0000015.fa
Seed:    932796 (Using SPRNG - Scalable Parallel Random Number Generator)
Time:    Thu Apr  3 13:02:22 2025
Kernel:  AVX+FMA - 4 threads (32 CPU cores detected)

Reading alignment file alignments_family_muscle5_edited_trimmed/OG0000015.fa ... Fasta format detected
Reading fasta file: done in 0.000773907 secs
Alignment most likely contains protein sequences
Constructing alignment: done in 0.000301838 secs
Alignment has 72 sequences with 239 columns, 219 distinct patterns
184 parsimony-informative, 19 singleton sites, 36 constant sites
                                                          Gap/Ambiguity  Composition  p-value
Analyzing sequences: done in 5.60284e-05 secs
   1  MW883598_Megalocytivirus_pagrus1_RSIV                       0.00%    passed    100.00%
   2  OR536350_Megalocytivirus_pagrus1_ISKNV                      0.00%    passed    100.00%
   3  OP896201_Megalocytivirus_pagrus1_ISKNV                      0.00%    passed    100.00%
   4  MW883603_Megalocytivirus_pagrus1_ISKNV                      0.00%    passed    100.00%
   5  MW883599_Megalocytivirus_pagrus1_ISKNV                      0.00%    passed    100.00%
   6  OL774655_Megalocytivirus_pagrus1_RSIV                       0.00%    passed    100.00%
   7  OQ475017_Megalocytivirus_pagrus1_RSIV                       0.00%    passed    100.00%
   8  OR670976_Megalocytivirus_pagrus1_ISKNV                      0.00%    passed    100.00%
   9  AY521625_Ranavirus_epinephelus1_n/a                         0.42%    passed     87.64%
  10  MN562489_Megalocytivirus_lates1_SDDV                        0.00%    passed     99.46%
  11  23043610003_Megalocytivirus_pagrus1_ISKNV                   0.00%    passed    100.00%
  12  MT521409_Megalocytivirus_lates1_SDDV                        0.00%    passed     99.46%
  13  MW273353_Megalocytivirus_pagrus1_ISKNV                      0.00%    passed    100.00%
  14  PQ335173_PQ335174_Threespine_stickleback_iridovirus_TSIV    0.00%    passed     99.92%
  15  KT804738_Megalocytivirus_pagrus1_RSIV                       0.00%    passed    100.00%
  16  NC_005946_Ranavirus_rana1_n/a                               2.09%    passed     36.71%
  17  MK689685_Megalocytivirus_pagrus1_ISKNV                      0.00%    passed    100.00%
  18  MG570131_Megalocytivirus_pagrus1_TRBIV                      0.00%    passed    100.00%
  19  MW883593_Megalocytivirus_pagrus1_ISKNV                      0.00%    passed    100.00%
  20  OR356116_Megalocytivirus_pagrus1_ISKNV                      0.00%    passed    100.00%
  21  MT128667_Megalocytivirus_pagrus1_ISKNV                      0.00%    passed    100.00%
  22  OK042108_Megalocytivirus_pagrus1_RSIV                       0.00%    passed    100.00%
  23  OM037668_Megalocytivirus_lates1_SDDV                        0.00%    passed     99.46%
  24  MW883597_Megalocytivirus_pagrus1_ISKNV                      0.00%    passed    100.00%
  25  MK689686_Megalocytivirus_pagrus1_RSIV                       0.00%    passed    100.00%
  26  MW883596_Megalocytivirus_pagrus1_ISKNV                      0.00%    passed    100.00%
  27  AY894343_Megalocytivirus_pagrus1_RSIV                       0.00%    passed    100.00%
  28  MW883600_Megalocytivirus_pagrus1_ISKNV                      0.00%    passed    100.00%
  29  MT986830_Megalocytivirus_pagrus1_ISKNV                      0.00%    passed    100.00%
  30  AB104413_Megalocytivirus_pagrus1_RSIV                       0.00%    passed    100.00%
  31  OL774653_Megalocytivirus_pagrus1_RSIV                       0.00%    passed    100.00%
  32  MW139932_Megalocytivirus_pagrus1_RSIV                       0.00%    passed    100.00%
  33  MW273354_Megalocytivirus_pagrus1_ISKNV                      0.00%    passed    100.00%
  34  MT798582_Megalocytivirus_pagrus1_RSIV                       0.00%    passed    100.00%
  35  MN432490_Megalocytivirus_pagrus1_ISKNV                      0.00%    passed    100.00%
  36  KX643370_Lymphocystivirus_sparus1_n/a                       0.42%    passed     60.23%
  37  OK042109_Megalocytivirus_pagrus1_RSIV                       0.00%    passed    100.00%
  38  MN803438_Lymphocystivirus_micropogonias1_n/a                0.42%    passed     79.02%
  39  OL774654_Megalocytivirus_pagrus1_RSIV                       0.00%    passed    100.00%
  40  HF920633_Chloriridovirus_simulium1_n/a                      1.26%    passed      8.07%
  41  MW883601_Megalocytivirus_pagrus1_ISKNV                      0.00%    passed    100.00%
  42  MK098187_Megalocytivirus_pagrus1_RSIV                       0.00%    passed    100.00%
  43  MG570132_Megalocytivirus_pagrus1_TRBIV                      0.00%    passed    100.00%
  44  OQ513807_Megalocytivirus_pagrus1_ISKNV                      0.00%    passed    100.00%
  45  ON212400_Megalocytivirus_pagrus1_ISKNV                      0.00%    passed    100.00%
  46  MW883594_Megalocytivirus_pagrus1_ISKNV                      0.00%    passed    100.00%
  47  MF599468_Decapodiridovirus_litopenaeus1_n/a                 0.84%    passed     51.57%
  48  ON743042_Megalocytivirus_pagrus1_RSIV                       0.00%    passed    100.00%
  49  KT781098_Megalocytivirus_pagrus1_ISKNV                      0.00%    passed    100.00%
  50  MK098185_Megalocytivirus_pagrus1_RSIV                       0.00%    passed    100.00%
  51  HF920637_Iridovirus_armadillidium1_n/a                      0.00%    passed     19.03%
  52  AF371960_Megalocytivirus_pagrus1_ISKNV                      0.00%    passed    100.00%
  53  KC244182_Megalocytivirus_pagrus1_RSIV                       0.00%    passed    100.00%
  54  AP017456_Megalocytivirus_pagrus1_RSIV                       0.00%    passed    100.00%
  55  NC_003494_Megalocytivirus_pagrus1_ISKNV                     0.00%    passed    100.00%
  56  ON740976_Megalocytivirus_pagrus1_RSIV                       0.00%    passed    100.00%
  57  MT926123_Megalocytivirus_pagrus1_ISKNV                      0.00%    passed    100.00%
  58  23043610005_Megalocytivirus_pagrus1_ISKNV                   0.00%    passed    100.00%
  59  PP151097_Megalocytivirus_pagrus1_ISKNV                      0.00%    passed    100.00%
  60  MK098186_Megalocytivirus_pagrus1_RSIV                       0.00%    passed    100.00%
  61  ON075463_Megalocytivirus_pagrus1_RSIV                       0.00%    passed    100.00%
  62  BD143114_Megalocytivirus_pagrus1_RSIV                       0.00%    passed    100.00%
  63  MW883606_Megalocytivirus_pagrus1_ISKNV                      0.00%    passed    100.00%
  64  LS484712_Daphniairidovirus_daphnia1_n/a                     0.42%    passed      9.72%
  65  MW883602_Megalocytivirus_pagrus1_ISKNV                      0.00%    passed    100.00%
  66  GQ273492_Megalocytivirus_pagrus1_TRBIV                      0.00%    passed    100.00%
  67  MT128666_Megalocytivirus_pagrus1_ISKNV                      0.00%    passed    100.00%
  68  MW883595_Megalocytivirus_pagrus1_ISKNV                      0.00%    passed    100.00%
  69  KF938901_Chloriridovirus_anopheles1_n/a                     1.26%    failed      4.33%
  70  AF303741_Iridovirus_chilo1_n/a                              0.00%    passed     39.80%
  71  OP009387_Megalocytivirus_pagrus1_ISKNV                      0.00%    passed    100.00%
  72  PP974677_Megalocytivirus_pagrus1_ISKNV                      0.00%    passed    100.00%
****  TOTAL                                                       0.10%  1 sequences failed composition chi2 test (p-value<5%; df=19)
NOTE: OL774655_Megalocytivirus_pagrus1_RSIV is identical to MW883598_Megalocytivirus_pagrus1_RSIV but kept for subsequent analysis
NOTE: MW883603_Megalocytivirus_pagrus1_ISKNV is identical to OR536350_Megalocytivirus_pagrus1_ISKNV but kept for subsequent analysis
NOTE: MT521409_Megalocytivirus_lates1_SDDV is identical to MN562489_Megalocytivirus_lates1_SDDV but kept for subsequent analysis
NOTE: MG570132_Megalocytivirus_pagrus1_TRBIV is identical to MG570131_Megalocytivirus_pagrus1_TRBIV but kept for subsequent analysis
Checking for duplicate sequences: done in 0.000174999 secs
Identifying sites to remove: done in 0.000118017 secs
NOTE: 50 identical sequences (see below) will be ignored for subsequent analysis
NOTE: OQ475017_Megalocytivirus_pagrus1_RSIV (identical to MW883598_Megalocytivirus_pagrus1_RSIV) is ignored but added at the end
NOTE: KT804738_Megalocytivirus_pagrus1_RSIV (identical to MW883598_Megalocytivirus_pagrus1_RSIV) is ignored but added at the end
NOTE: OK042108_Megalocytivirus_pagrus1_RSIV (identical to MW883598_Megalocytivirus_pagrus1_RSIV) is ignored but added at the end
NOTE: MK689686_Megalocytivirus_pagrus1_RSIV (identical to MW883598_Megalocytivirus_pagrus1_RSIV) is ignored but added at the end
NOTE: AY894343_Megalocytivirus_pagrus1_RSIV (identical to MW883598_Megalocytivirus_pagrus1_RSIV) is ignored but added at the end
NOTE: AB104413_Megalocytivirus_pagrus1_RSIV (identical to MW883598_Megalocytivirus_pagrus1_RSIV) is ignored but added at the end
NOTE: OL774653_Megalocytivirus_pagrus1_RSIV (identical to MW883598_Megalocytivirus_pagrus1_RSIV) is ignored but added at the end
NOTE: MW139932_Megalocytivirus_pagrus1_RSIV (identical to MW883598_Megalocytivirus_pagrus1_RSIV) is ignored but added at the end
NOTE: MT798582_Megalocytivirus_pagrus1_RSIV (identical to MW883598_Megalocytivirus_pagrus1_RSIV) is ignored but added at the end
NOTE: OK042109_Megalocytivirus_pagrus1_RSIV (identical to MW883598_Megalocytivirus_pagrus1_RSIV) is ignored but added at the end
NOTE: OL774654_Megalocytivirus_pagrus1_RSIV (identical to MW883598_Megalocytivirus_pagrus1_RSIV) is ignored but added at the end
NOTE: MK098187_Megalocytivirus_pagrus1_RSIV (identical to MW883598_Megalocytivirus_pagrus1_RSIV) is ignored but added at the end
NOTE: ON743042_Megalocytivirus_pagrus1_RSIV (identical to MW883598_Megalocytivirus_pagrus1_RSIV) is ignored but added at the end
NOTE: MK098185_Megalocytivirus_pagrus1_RSIV (identical to MW883598_Megalocytivirus_pagrus1_RSIV) is ignored but added at the end
NOTE: KC244182_Megalocytivirus_pagrus1_RSIV (identical to MW883598_Megalocytivirus_pagrus1_RSIV) is ignored but added at the end
NOTE: AP017456_Megalocytivirus_pagrus1_RSIV (identical to MW883598_Megalocytivirus_pagrus1_RSIV) is ignored but added at the end
NOTE: ON740976_Megalocytivirus_pagrus1_RSIV (identical to MW883598_Megalocytivirus_pagrus1_RSIV) is ignored but added at the end
NOTE: MK098186_Megalocytivirus_pagrus1_RSIV (identical to MW883598_Megalocytivirus_pagrus1_RSIV) is ignored but added at the end
NOTE: ON075463_Megalocytivirus_pagrus1_RSIV (identical to MW883598_Megalocytivirus_pagrus1_RSIV) is ignored but added at the end
NOTE: BD143114_Megalocytivirus_pagrus1_RSIV (identical to MW883598_Megalocytivirus_pagrus1_RSIV) is ignored but added at the end
NOTE: MW883599_Megalocytivirus_pagrus1_ISKNV (identical to OR536350_Megalocytivirus_pagrus1_ISKNV) is ignored but added at the end
NOTE: OR670976_Megalocytivirus_pagrus1_ISKNV (identical to OR536350_Megalocytivirus_pagrus1_ISKNV) is ignored but added at the end
NOTE: 23043610003_Megalocytivirus_pagrus1_ISKNV (identical to OR536350_Megalocytivirus_pagrus1_ISKNV) is ignored but added at the end
NOTE: MW273353_Megalocytivirus_pagrus1_ISKNV (identical to OR536350_Megalocytivirus_pagrus1_ISKNV) is ignored but added at the end
NOTE: MK689685_Megalocytivirus_pagrus1_ISKNV (identical to OR536350_Megalocytivirus_pagrus1_ISKNV) is ignored but added at the end
NOTE: MW883593_Megalocytivirus_pagrus1_ISKNV (identical to OR536350_Megalocytivirus_pagrus1_ISKNV) is ignored but added at the end
NOTE: OR356116_Megalocytivirus_pagrus1_ISKNV (identical to OR536350_Megalocytivirus_pagrus1_ISKNV) is ignored but added at the end
NOTE: MT128667_Megalocytivirus_pagrus1_ISKNV (identical to OR536350_Megalocytivirus_pagrus1_ISKNV) is ignored but added at the end
NOTE: MW883597_Megalocytivirus_pagrus1_ISKNV (identical to OR536350_Megalocytivirus_pagrus1_ISKNV) is ignored but added at the end
NOTE: MW883596_Megalocytivirus_pagrus1_ISKNV (identical to OR536350_Megalocytivirus_pagrus1_ISKNV) is ignored but added at the end
NOTE: MW883600_Megalocytivirus_pagrus1_ISKNV (identical to OR536350_Megalocytivirus_pagrus1_ISKNV) is ignored but added at the end
NOTE: MT986830_Megalocytivirus_pagrus1_ISKNV (identical to OR536350_Megalocytivirus_pagrus1_ISKNV) is ignored but added at the end
NOTE: MW273354_Megalocytivirus_pagrus1_ISKNV (identical to OR536350_Megalocytivirus_pagrus1_ISKNV) is ignored but added at the end
NOTE: MN432490_Megalocytivirus_pagrus1_ISKNV (identical to OR536350_Megalocytivirus_pagrus1_ISKNV) is ignored but added at the end
NOTE: MW883601_Megalocytivirus_pagrus1_ISKNV (identical to OR536350_Megalocytivirus_pagrus1_ISKNV) is ignored but added at the end
NOTE: OQ513807_Megalocytivirus_pagrus1_ISKNV (identical to OR536350_Megalocytivirus_pagrus1_ISKNV) is ignored but added at the end
NOTE: ON212400_Megalocytivirus_pagrus1_ISKNV (identical to OR536350_Megalocytivirus_pagrus1_ISKNV) is ignored but added at the end
NOTE: MW883594_Megalocytivirus_pagrus1_ISKNV (identical to OR536350_Megalocytivirus_pagrus1_ISKNV) is ignored but added at the end
NOTE: KT781098_Megalocytivirus_pagrus1_ISKNV (identical to OR536350_Megalocytivirus_pagrus1_ISKNV) is ignored but added at the end
NOTE: AF371960_Megalocytivirus_pagrus1_ISKNV (identical to OR536350_Megalocytivirus_pagrus1_ISKNV) is ignored but added at the end
NOTE: NC_003494_Megalocytivirus_pagrus1_ISKNV (identical to OR536350_Megalocytivirus_pagrus1_ISKNV) is ignored but added at the end
NOTE: MT926123_Megalocytivirus_pagrus1_ISKNV (identical to OR536350_Megalocytivirus_pagrus1_ISKNV) is ignored but added at the end
NOTE: 23043610005_Megalocytivirus_pagrus1_ISKNV (identical to OR536350_Megalocytivirus_pagrus1_ISKNV) is ignored but added at the end
NOTE: PP151097_Megalocytivirus_pagrus1_ISKNV (identical to OR536350_Megalocytivirus_pagrus1_ISKNV) is ignored but added at the end
NOTE: MW883606_Megalocytivirus_pagrus1_ISKNV (identical to OR536350_Megalocytivirus_pagrus1_ISKNV) is ignored but added at the end
NOTE: MW883602_Megalocytivirus_pagrus1_ISKNV (identical to OR536350_Megalocytivirus_pagrus1_ISKNV) is ignored but added at the end
NOTE: MT128666_Megalocytivirus_pagrus1_ISKNV (identical to OR536350_Megalocytivirus_pagrus1_ISKNV) is ignored but added at the end
NOTE: MW883595_Megalocytivirus_pagrus1_ISKNV (identical to OR536350_Megalocytivirus_pagrus1_ISKNV) is ignored but added at the end
NOTE: PP974677_Megalocytivirus_pagrus1_ISKNV (identical to OR536350_Megalocytivirus_pagrus1_ISKNV) is ignored but added at the end
NOTE: OM037668_Megalocytivirus_lates1_SDDV (identical to MN562489_Megalocytivirus_lates1_SDDV) is ignored but added at the end
Alignment was printed to iqtree_family/OG0000015.fa.uniqueseq.phy

For your convenience alignment with unique sequences printed to iqtree_family/OG0000015.fa.uniqueseq.phy

Creating fast initial parsimony tree by random order stepwise addition...
0.008 seconds, parsimony score: 784 (based on 203 sites)
Perform fast likelihood tree search using LG+I+G model...
Estimate model parameters (epsilon = 5.000)
Perform nearest neighbor interchange...
Optimizing NNI: done in 0.103599 secs using 348.5% CPU
Estimate model parameters (epsilon = 1.000)
1. Initial log-likelihood: -4282.088
Optimal log-likelihood: -4282.031
Proportion of invariable sites: 0.061
Gamma shape alpha: 1.097
Parameters optimization took 1 rounds (0.023 sec)
Time for fast ML tree search: 0.206 seconds

NOTE: ModelFinder requires 9 MB RAM!
ModelFinder will test up to 1320 protein models (sample size: 239) ...
 No. Model         -LnL         df  AIC          AICc         BIC
  1  Blosum62      4439.889     41  8961.779     8979.261     9104.314
  2  Blosum62+I    4387.324     42  8858.648     8877.077     9004.660
  3  Blosum62+G4   4327.679     42  8739.359     8757.787     8885.370
  4  Blosum62+I+G4 4326.930     43  8739.860     8759.265     8889.348
  5  Blosum62+R2   4336.921     43  8759.842     8779.247     8909.330
  6  Blosum62+R3   4326.887     45  8743.774     8765.225     8900.215
  7  Blosum62+R4   4325.899     47  8745.799     8769.422     8909.192
 14  Blosum62+I+R2 4325.312     44  8738.623     8759.036     8891.588
 15  Blosum62+I+R3 4324.426     46  8740.851     8763.372     8900.769
 25  Blosum62+F+G4 4308.109     61  8738.219     8780.953     8950.283
 26  Blosum62+F+I+G4 4307.449     62  8738.898     8783.284     8954.438
 36  Blosum62+F+I+R2 4305.514     63  8737.028     8783.108     8956.045
 47  cpREV+G4      4342.007     42  8768.014     8786.443     8914.026
 48  cpREV+I+G4    4341.287     43  8768.574     8787.979     8918.062
 58  cpREV+I+R2    4346.141     44  8780.282     8800.695     8933.247
 69  cpREV+F+G4    4311.769     61  8745.538     8788.273     8957.603
 70  cpREV+F+I+G4  4311.169     62  8746.338     8790.724     8961.879
 80  cpREV+F+I+R2  4315.558     63  8757.115     8803.195     8976.133
 91  Dayhoff+G4    4369.031     42  8822.062     8840.491     8968.074
 92  Dayhoff+I+G4  4368.090     43  8822.179     8841.585     8971.667
102  Dayhoff+I+R2  4373.537     44  8835.075     8855.487     8988.039
113  Dayhoff+F+G4  4320.243     61  8762.487     8805.221     8974.551
114  Dayhoff+F+I+G4 4319.718     62  8763.437     8807.823     8978.978
124  Dayhoff+F+I+R2 4324.069     63  8774.138     8820.218     8993.156
135  DCMut+G4      4369.023     42  8822.045     8840.474     8968.057
136  DCMut+I+G4    4368.084     43  8822.168     8841.574     8971.656
146  DCMut+I+R2    4373.482     44  8834.963     8855.375     8987.927
157  DCMut+F+G4    4320.233     61  8762.465     8805.200     8974.529
158  DCMut+F+I+G4  4319.714     62  8763.427     8807.813     8978.968
168  DCMut+F+I+R2  4324.006     63  8774.012     8820.092     8993.029
WARNING: Normalizing state frequencies so that sum of them equals to 1
179  FLAVI+G4      4481.872     42  9047.744     9066.173     9193.756
WARNING: Normalizing state frequencies so that sum of them equals to 1
180  FLAVI+I+G4    4481.988     43  9049.975     9069.380     9199.463
WARNING: Normalizing state frequencies so that sum of them equals to 1
190  FLAVI+I+R2    4495.170     44  9078.341     9098.753     9231.305
WARNING: Normalizing state frequencies so that sum of them equals to 1
201  FLAVI+F+G4    4427.367     61  8976.734     9019.468     9188.798
WARNING: Normalizing state frequencies so that sum of them equals to 1
202  FLAVI+F+I+G4  4427.345     62  8978.691     9023.077     9194.231
WARNING: Normalizing state frequencies so that sum of them equals to 1
212  FLAVI+F+I+R2  4437.823     63  9001.645     9047.725     9220.663
223  FLU+G4        4377.624     42  8839.247     8857.676     8985.259
224  FLU+I+G4      4377.163     43  8840.326     8859.731     8989.814
234  FLU+I+R2      4383.051     44  8854.101     8874.514     9007.066
245  FLU+F+G4      4360.885     61  8843.770     8886.504     9055.834
246  FLU+F+I+G4    4360.423     62  8844.845     8889.231     9060.386
256  FLU+F+I+R2    4364.427     63  8854.853     8900.933     9073.870
267  HIVb+G4       4396.680     42  8877.359     8895.788     9023.371
268  HIVb+I+G4     4396.212     43  8878.423     8897.828     9027.911
278  HIVb+I+R2     4406.680     44  8901.360     8921.772     9054.324
289  HIVb+F+G4     4354.745     61  8831.490     8874.225     9043.554
290  HIVb+F+I+G4   4354.545     62  8833.090     8877.476     9048.631
300  HIVb+F+I+R2   4365.092     63  8856.185     8902.265     9075.202
311  HIVw+G4       4541.391     42  9166.782     9185.210     9312.793
312  HIVw+I+G4     4540.126     43  9166.253     9185.658     9315.741
322  HIVw+I+R2     4543.299     44  9174.598     9195.011     9327.563
333  HIVw+F+G4     4468.437     61  9058.873     9101.608     9270.937
334  HIVw+F+I+G4   4467.645     62  9059.290     9103.677     9274.831
344  HIVw+F+I+R2   4472.816     63  9071.631     9117.711     9290.649
355  JTT+G4        4326.609     42  8737.218     8755.646     8883.229
356  JTT+I+G4      4325.772     43  8737.545     8756.950     8887.033
366  JTT+I+R2      4328.966     44  8745.933     8766.345     8898.897
377  JTT+F+G4      4296.421     61  8714.841     8757.576     8926.906
378  JTT+F+I+G4    4295.920     62  8715.841     8760.227     8931.381
388  JTT+F+I+R2    4298.026     63  8722.051     8768.131     8941.069
399  JTTDCMut+G4   4326.522     42  8737.043     8755.472     8883.055
400  JTTDCMut+I+G4 4325.699     43  8737.397     8756.803     8886.885
410  JTTDCMut+I+R2 4328.897     44  8745.793     8766.206     8898.758
421  JTTDCMut+F+G4 4296.099     61  8714.199     8756.933     8926.263
422  JTTDCMut+F+I+G4 4295.616     62  8715.233     8759.619     8930.774
432  JTTDCMut+F+I+R2 4297.737     63  8721.473     8767.553     8940.490
443  LG+G4         4282.508     42  8649.016     8667.444     8795.027
444  LG+I+G4       4282.019     43  8650.038     8669.443     8799.526
454  LG+I+R2       4282.994     44  8653.989     8674.401     8806.953
465  LG+F+G4       4261.894     61  8645.788     8688.523     8857.853
466  LG+F+I+G4     4261.799     62  8647.598     8691.984     8863.138
476  LG+F+I+R2     4262.237     63  8650.475     8696.555     8869.492
487  mtART+G4      4493.541     42  9071.082     9089.510     9217.093
488  mtART+I+G4    4493.978     43  9073.956     9093.361     9223.444
498  mtART+I+R2    4492.125     44  9072.250     9092.663     9225.215
509  mtART+F+G4    4349.127     61  8820.253     8862.988     9032.318
510  mtART+F+I+G4  4349.675     62  8823.350     8867.736     9038.891
520  mtART+F+I+R2  4353.660     63  8833.321     8879.401     9052.338
531  mtMAM+G4      4561.382     42  9206.764     9225.193     9352.776
532  mtMAM+I+G4    4561.710     43  9209.420     9228.825     9358.908
542  mtMAM+I+R2    4569.264     44  9226.528     9246.940     9379.492
553  mtMAM+F+G4    4414.206     61  8950.412     8993.146     9162.476
554  mtMAM+F+I+G4  4414.639     62  8953.277     8997.664     9168.818
564  mtMAM+F+I+R2  4426.814     63  8979.628     9025.708     9198.645
575  mtREV+G4      4482.088     42  9048.177     9066.606     9194.188
576  mtREV+I+G4    4482.187     43  9050.374     9069.779     9199.862
586  mtREV+I+R2    4481.733     44  9051.465     9071.878     9204.430
597  mtREV+F+G4    4334.190     61  8790.380     8833.114     9002.444
598  mtREV+F+I+G4  4334.449     62  8792.898     8837.284     9008.439
608  mtREV+F+I+R2  4339.285     63  8804.571     8850.651     9023.588
619  mtZOA+G4      4434.770     42  8953.541     8971.969     9099.552
620  mtZOA+I+G4    4435.179     43  8956.358     8975.763     9105.846
630  mtZOA+I+R2    4434.098     44  8956.197     8976.609     9109.161
641  mtZOA+F+G4    4309.968     61  8741.936     8784.671     8954.001
642  mtZOA+F+I+G4  4310.364     62  8744.729     8789.115     8960.270
652  mtZOA+F+I+R2  4315.347     63  8756.695     8802.775     8975.712
663  mtMet+G4      4454.275     42  8992.549     9010.978     9138.561
664  mtMet+I+G4    4454.710     43  8995.420     9014.825     9144.907
674  mtMet+I+R2    4455.963     44  8999.926     9020.338     9152.890
685  mtMet+F+G4    4333.475     61  8788.951     8831.685     9001.015
686  mtMet+F+I+G4  4333.787     62  8791.574     8835.960     9007.115
696  mtMet+F+I+R2  4338.065     63  8802.129     8848.209     9021.146
707  mtVer+G4      4521.387     42  9126.775     9145.203     9272.786
708  mtVer+I+G4    4521.703     43  9129.406     9148.811     9278.894
718  mtVer+I+R2    4528.129     44  9144.258     9164.670     9297.222
729  mtVer+F+G4    4387.139     61  8896.279     8939.013     9108.343
730  mtVer+F+I+G4  4387.516     62  8899.032     8943.418     9114.573
740  mtVer+F+I+R2  4396.095     63  8918.190     8964.270     9137.207
751  mtInv+G4      4467.557     42  9019.114     9037.543     9165.126
752  mtInv+I+G4    4468.022     43  9022.043     9041.448     9171.531
762  mtInv+I+R2    4467.412     44  9022.824     9043.237     9175.789
773  mtInv+F+G4    4309.083     61  8740.165     8782.900     8952.230
774  mtInv+F+I+G4  4309.238     62  8742.477     8786.863     8958.017
784  mtInv+F+I+R2  4310.575     63  8747.151     8793.231     8966.168
795  PMB+G4        4339.815     42  8763.629     8782.058     8909.641
796  PMB+I+G4      4339.363     43  8764.726     8784.131     8914.214
806  PMB+I+R2      4339.351     44  8766.702     8787.115     8919.667
817  PMB+F+G4      4314.174     61  8750.348     8793.083     8962.413
818  PMB+F+I+G4    4313.859     62  8751.719     8796.105     8967.259
828  PMB+F+I+R2    4313.050     63  8752.100     8798.180     8971.117
WARNING: Normalizing state frequencies so that sum of them equals to 1
839  Q.bird+G4     4393.939     42  8871.878     8890.307     9017.890
WARNING: Normalizing state frequencies so that sum of them equals to 1
840  Q.bird+I+G4   4393.824     43  8873.648     8893.053     9023.136
WARNING: Normalizing state frequencies so that sum of them equals to 1
850  Q.bird+I+R2   4399.348     44  8886.696     8907.108     9039.660
WARNING: Normalizing state frequencies so that sum of them equals to 1
861  Q.bird+F+G4   4358.025     61  8838.049     8880.784     9050.114
WARNING: Normalizing state frequencies so that sum of them equals to 1
862  Q.bird+F+I+G4 4358.089     62  8840.177     8884.564     9055.718
WARNING: Normalizing state frequencies so that sum of them equals to 1
872  Q.bird+F+I+R2 4363.353     63  8852.707     8898.787     9071.724
883  Q.insect+G4   4274.886     42  8633.771     8652.200     8779.783
884  Q.insect+I+G4 4274.675     43  8635.351     8654.756     8784.839
894  Q.insect+I+R2 4277.209     44  8642.418     8662.830     8795.382
905  Q.insect+F+G4 4270.117     61  8662.234     8704.968     8874.298
906  Q.insect+F+I+G4 4270.164     62  8664.328     8708.714     8879.869
916  Q.insect+F+I+R2 4271.928     63  8669.855     8715.935     8888.872
WARNING: Normalizing state frequencies so that sum of them equals to 1
927  Q.mammal+G4   4375.604     42  8835.207     8853.636     8981.219
WARNING: Normalizing state frequencies so that sum of them equals to 1
928  Q.mammal+I+G4 4375.517     43  8837.034     8856.440     8986.522
WARNING: Normalizing state frequencies so that sum of them equals to 1
938  Q.mammal+I+R2 4379.686     44  8847.372     8867.784     9000.336
WARNING: Normalizing state frequencies so that sum of them equals to 1
949  Q.mammal+F+G4 4336.392     61  8794.783     8837.518     9006.848
WARNING: Normalizing state frequencies so that sum of them equals to 1
950  Q.mammal+F+I+G4 4336.501     62  8797.001     8841.388     9012.542
WARNING: Normalizing state frequencies so that sum of them equals to 1
960  Q.mammal+F+I+R2 4339.571     63  8805.141     8851.221     9024.158
WARNING: Normalizing state frequencies so that sum of them equals to 1
971  Q.pfam+G4     4295.227     42  8674.453     8692.882     8820.465
WARNING: Normalizing state frequencies so that sum of them equals to 1
972  Q.pfam+I+G4   4294.673     43  8675.346     8694.752     8824.834
WARNING: Normalizing state frequencies so that sum of them equals to 1
982  Q.pfam+I+R2   4294.812     44  8677.624     8698.037     8830.589
WARNING: Normalizing state frequencies so that sum of them equals to 1
993  Q.pfam+F+G4   4268.418     61  8658.836     8701.570     8870.900
WARNING: Normalizing state frequencies so that sum of them equals to 1
994  Q.pfam+F+I+G4 4268.351     62  8660.702     8705.089     8876.243
WARNING: Normalizing state frequencies so that sum of them equals to 1
1004  Q.pfam+F+I+R2 4268.039     63  8662.079     8708.159     8881.096
WARNING: Normalizing state frequencies so that sum of them equals to 1
1015  Q.plant+G4    4319.785     42  8723.571     8742.000     8869.582
WARNING: Normalizing state frequencies so that sum of them equals to 1
1016  Q.plant+I+G4  4319.637     43  8725.275     8744.680     8874.763
WARNING: Normalizing state frequencies so that sum of them equals to 1
1026  Q.plant+I+R2  4324.608     44  8737.216     8757.628     8890.180
WARNING: Normalizing state frequencies so that sum of them equals to 1
1037  Q.plant+F+G4  4302.074     61  8726.149     8768.883     8938.213
WARNING: Normalizing state frequencies so that sum of them equals to 1
1038  Q.plant+F+I+G4 4302.059     62  8728.119     8772.505     8943.660
WARNING: Normalizing state frequencies so that sum of them equals to 1
1048  Q.plant+F+I+R2 4305.789     63  8737.577     8783.657     8956.595
WARNING: Normalizing state frequencies so that sum of them equals to 1
1059  Q.yeast+G4    4271.548     42  8627.095     8645.524     8773.107
WARNING: Normalizing state frequencies so that sum of them equals to 1
1060  Q.yeast+I+G4  4271.160     43  8628.320     8647.725     8777.808
WARNING: Normalizing state frequencies so that sum of them equals to 1
1070  Q.yeast+I+R2  4272.675     44  8633.351     8653.763     8786.315
WARNING: Normalizing state frequencies so that sum of them equals to 1
1081  Q.yeast+F+G4  4265.930     61  8653.860     8696.594     8865.924
WARNING: Normalizing state frequencies so that sum of them equals to 1
1082  Q.yeast+F+I+G4 4265.870     62  8655.740     8700.127     8871.281
WARNING: Normalizing state frequencies so that sum of them equals to 1
1092  Q.yeast+F+I+R2 4266.646     63  8659.292     8705.372     8878.309
1103  rtREV+G4      4318.559     42  8721.117     8739.546     8867.129
1104  rtREV+I+G4    4317.405     43  8720.810     8740.216     8870.298
1114  rtREV+I+R2    4317.575     44  8723.149     8743.562     8876.114
1125  rtREV+F+G4    4276.721     61  8675.442     8718.177     8887.506
1126  rtREV+F+I+G4  4276.342     62  8676.685     8721.071     8892.225
1136  rtREV+F+I+R2  4276.622     63  8679.244     8725.324     8898.261
1147  VT+G4         4310.669     42  8705.338     8723.766     8851.349
1148  VT+I+G4       4309.588     43  8705.176     8724.581     8854.664
1158  VT+I+R2       4310.093     44  8708.187     8728.599     8861.151
1169  VT+F+G4       4290.654     61  8703.309     8746.043     8915.373
1170  VT+F+I+G4     4289.947     62  8703.894     8748.281     8919.435
1180  VT+F+I+R2     4289.667     63  8705.333     8751.413     8924.350
1191  WAG+G4        4312.169     42  8708.338     8726.766     8854.349
1192  WAG+I+G4      4310.944     43  8707.889     8727.294     8857.377
1202  WAG+I+R2      4312.971     44  8713.942     8734.355     8866.907
1213  WAG+F+G4      4285.274     61  8692.547     8735.282     8904.611
1214  WAG+F+I+G4    4284.520     62  8693.041     8737.427     8908.581
1224  WAG+F+I+R2    4285.159     63  8696.317     8742.397     8915.335
Reading model parameters from file Q.iridoviridae
1235  Q.iridoviridae+G4 4261.931     42  8607.861     8626.290     8753.873
Reading model parameters from file Q.iridoviridae
1236  Q.iridoviridae+I+G4 4261.247     43  8608.494     8627.899     8757.982
Reading model parameters from file Q.iridoviridae
1246  Q.iridoviridae+I+R2 4262.633     44  8613.265     8633.678     8766.230
Reading model parameters from file Q.iridoviridae
1257  Q.iridoviridae+F+G4 4261.215     61  8644.431     8687.165     8856.495
Reading model parameters from file Q.iridoviridae
1258  Q.iridoviridae+F+I+G4 4260.764     62  8645.528     8689.915     8861.069
Reading model parameters from file Q.iridoviridae
1268  Q.iridoviridae+F+I+R2 4261.669     63  8649.337     8695.417     8868.355
Reading model parameters from file Q.mcv
WARNING: Normalizing state frequencies so that sum of them equals to 1
1279  Q.mcv+G4      4347.177     42  8778.354     8796.783     8924.366
Reading model parameters from file Q.mcv
WARNING: Normalizing state frequencies so that sum of them equals to 1
1280  Q.mcv+I+G4    4346.213     43  8778.426     8797.831     8927.914
Reading model parameters from file Q.mcv
WARNING: Normalizing state frequencies so that sum of them equals to 1
1290  Q.mcv+I+R2    4350.504     44  8789.008     8809.421     8941.973
Reading model parameters from file Q.mcv
WARNING: Normalizing state frequencies so that sum of them equals to 1
1301  Q.mcv+F+G4    4284.937     61  8691.875     8734.609     8903.939
Reading model parameters from file Q.mcv
WARNING: Normalizing state frequencies so that sum of them equals to 1
1302  Q.mcv+F+I+G4  4284.073     62  8692.145     8736.531     8907.686
Reading model parameters from file Q.mcv
WARNING: Normalizing state frequencies so that sum of them equals to 1
1312  Q.mcv+F+I+R2  4286.900     63  8699.800     8745.880     8918.817
Akaike Information Criterion:           Q.iridoviridae+G4
Corrected Akaike Information Criterion: Q.iridoviridae+G4
Bayesian Information Criterion:         Q.iridoviridae+G4
Best-fit model: Q.iridoviridae+G4 chosen according to BIC

All model information printed to iqtree_family/OG0000015.fa.model.gz
CPU time for ModelFinder: 38.540 seconds (0h:0m:38s)
Wall-clock time for ModelFinder: 10.323 seconds (0h:0m:10s)
Generating 1000 samples for ultrafast bootstrap (seed: 932796)...
Reading model parameters from file Q.iridoviridae

NOTE: 4 MB RAM (0 GB) is required!
Estimate model parameters (epsilon = 0.100)
1. Initial log-likelihood: -4261.931
Optimal log-likelihood: -4261.930
Gamma shape alpha: 0.905
Parameters optimization took 1 rounds (0.009 sec)
Wrote distance file to... 
Computing ML distances based on estimated model parameters...
Calculating distance matrix: done in 0.00862694 secs using 397.5% CPU
Computing ML distances took 0.008668 sec (of wall-clock time) 0.034418 sec (of CPU time)
Setting up auxiliary I and S matrices: done in 8.2016e-05 secs using 693.8% CPU
Constructing RapidNJ tree: done in 0.000976086 secs using 270.7% CPU
Computing RapidNJ tree took 0.001095 sec (of wall-clock time) 0.004694 sec (of CPU time)
Log-likelihood of RapidNJ tree: -4263.588
--------------------------------------------------------------------
|             INITIALIZING CANDIDATE TREE SET                      |
--------------------------------------------------------------------
Generating 98 parsimony trees... 0.020 second
Computing log-likelihood of 98 initial trees ... 0.293 seconds
Current best score: -4261.930

Do NNI search on 20 best initial trees
Optimizing NNI: done in 0.0147648 secs using 397.9% CPU
Estimate model parameters (epsilon = 0.100)
BETTER TREE FOUND at iteration 1: -4261.929
Optimizing NNI: done in 0.043978 secs using 400% CPU
Estimate model parameters (epsilon = 0.100)
BETTER TREE FOUND at iteration 2: -4260.522
Optimizing NNI: done in 0.0278869 secs using 398.7% CPU
Optimizing NNI: done in 0.0289938 secs using 386% CPU
Optimizing NNI: done in 0.0339611 secs using 399.7% CPU
Optimizing NNI: done in 0.035234 secs using 378.2% CPU
Optimizing NNI: done in 0.053297 secs using 399.6% CPU
Optimizing NNI: done in 0.0298061 secs using 387.4% CPU
Optimizing NNI: done in 0.0280199 secs using 399.5% CPU
Optimizing NNI: done in 0.0275428 secs using 378.1% CPU
Iteration 10 / LogL: -4262.020 / Time: 0h:0m:0s
Optimizing NNI: done in 0.0326529 secs using 394% CPU
Optimizing NNI: done in 0.035255 secs using 372.3% CPU
Optimizing NNI: done in 0.0305011 secs using 375.4% CPU
Optimizing NNI: done in 0.0490041 secs using 418.3% CPU
Optimizing NNI: done in 0.0292902 secs using 416.2% CPU
Optimizing NNI: done in 0.0287101 secs using 387.1% CPU
Optimizing NNI: done in 0.0291409 secs using 385.5% CPU
Optimizing NNI: done in 0.0290499 secs using 385.9% CPU
Optimizing NNI: done in 0.0415258 secs using 397.6% CPU
Optimizing NNI: done in 0.035784 secs using 388.9% CPU
Iteration 20 / LogL: -4261.961 / Time: 0h:0m:1s
Finish initializing candidate tree set (3)
Current best tree score: -4260.522 / CPU time: 1.012
Number of iterations: 20
--------------------------------------------------------------------
|               OPTIMIZING CANDIDATE TREE SET                      |
--------------------------------------------------------------------
Optimizing NNI: done in 0.0387218 secs using 400% CPU
Optimizing NNI: done in 0.084729 secs using 395.4% CPU
Estimate model parameters (epsilon = 0.100)
BETTER TREE FOUND at iteration 22: -4259.329
Optimizing NNI: done in 0.0943992 secs using 400% CPU
Optimizing NNI: done in 0.053452 secs using 385.2% CPU
Optimizing NNI: done in 0.0729408 secs using 394.2% CPU
UPDATE BEST LOG-LIKELIHOOD: -4259.328
Optimizing NNI: done in 0.0721049 secs using 399.5% CPU
Optimizing NNI: done in 0.063925 secs using 393.7% CPU
Optimizing NNI: done in 0.069257 secs using 394.4% CPU
Optimizing NNI: done in 0.054585 secs using 392.8% CPU
Optimizing NNI: done in 0.078469 secs using 395% CPU
Iteration 30 / LogL: -4260.586 / Time: 0h:0m:1s (0h:0m:5s left)
Optimizing NNI: done in 0.0674751 secs using 400% CPU
Optimizing NNI: done in 0.077836 secs using 389.9% CPU
Optimizing NNI: done in 0.0759041 secs using 389.5% CPU
Optimizing NNI: done in 0.066694 secs using 400.1% CPU
Optimizing NNI: done in 0.0690019 secs using 394.4% CPU
Optimizing NNI: done in 0.0504198 secs using 392.3% CPU
Optimizing NNI: done in 0.0512671 secs using 392.3% CPU
Optimizing NNI: done in 0.08459 secs using 395.1% CPU
Optimizing NNI: done in 0.0610678 secs using 386.3% CPU
Optimizing NNI: done in 0.0651038 secs using 393.5% CPU
Iteration 40 / LogL: -4260.742 / Time: 0h:0m:2s (0h:0m:5s left)
Optimizing NNI: done in 0.0712419 secs using 389% CPU
Optimizing NNI: done in 0.0686262 secs using 393.8% CPU
Optimizing NNI: done in 0.069633 secs using 400.1% CPU
Optimizing NNI: done in 0.075628 secs using 400.1% CPU
Optimizing NNI: done in 0.0789411 secs using 395.1% CPU
Optimizing NNI: done in 0.0512989 secs using 400.1% CPU
Optimizing NNI: done in 0.074188 secs using 398.5% CPU
Optimizing NNI: done in 0.0673828 secs using 402.7% CPU
Optimizing NNI: done in 0.0589609 secs using 405.3% CPU
Optimizing NNI: done in 0.070817 secs using 413% CPU
Iteration 50 / LogL: -4259.329 / Time: 0h:0m:3s (0h:0m:4s left)
Log-likelihood cutoff on original alignment: -4292.997
Optimizing NNI: done in 0.0789189 secs using 389.4% CPU
Optimizing NNI: done in 0.05091 secs using 383.8% CPU
Optimizing NNI: done in 0.0627999 secs using 393.7% CPU
Optimizing NNI: done in 0.0675519 secs using 400.1% CPU
Optimizing NNI: done in 0.062067 secs using 393.7% CPU
Optimizing NNI: done in 0.0681942 secs using 388.3% CPU
Optimizing NNI: done in 0.078207 secs using 400% CPU
Optimizing NNI: done in 0.072221 secs using 400.1% CPU
Optimizing NNI: done in 0.07987 secs using 395.1% CPU
Optimizing NNI: done in 0.061229 secs using 399.6% CPU
Iteration 60 / LogL: -4259.443 / Time: 0h:0m:3s (0h:0m:4s left)
Optimizing NNI: done in 0.0637238 secs using 387.4% CPU
Optimizing NNI: done in 0.0433409 secs using 390.3% CPU
Optimizing NNI: done in 0.078162 secs using 394.9% CPU
Optimizing NNI: done in 0.07268 secs using 393.5% CPU
Optimizing NNI: done in 0.04795 secs using 399.9% CPU
Optimizing NNI: done in 0.057421 secs using 393.1% CPU
Optimizing NNI: done in 0.07727 secs using 400.6% CPU
Optimizing NNI: done in 0.0592182 secs using 393.5% CPU
Optimizing NNI: done in 0.0854061 secs using 390.2% CPU
Optimizing NNI: done in 0.073498 secs using 383.2% CPU
Iteration 70 / LogL: -4260.547 / Time: 0h:0m:4s (0h:0m:3s left)
Optimizing NNI: done in 0.0832689 secs using 399.8% CPU
Optimizing NNI: done in 0.07935 secs using 395.1% CPU
Optimizing NNI: done in 0.0934761 secs using 387.2% CPU
Optimizing NNI: done in 0.0539708 secs using 377.9% CPU
Optimizing NNI: done in 0.0591571 secs using 393.4% CPU
Optimizing NNI: done in 0.0594251 secs using 386.7% CPU
Optimizing NNI: done in 0.059916 secs using 399.7% CPU
Optimizing NNI: done in 0.10432 secs using 389.1% CPU
Optimizing NNI: done in 0.0772378 secs using 410.6% CPU
Optimizing NNI: done in 0.089689 secs using 410% CPU
Iteration 80 / LogL: -4259.329 / Time: 0h:0m:5s (0h:0m:2s left)
Optimizing NNI: done in 0.0911858 secs using 395.7% CPU
Optimizing NNI: done in 0.08618 secs using 390.6% CPU
Optimizing NNI: done in 0.0491619 secs using 399.9% CPU
Optimizing NNI: done in 0.0665839 secs using 388.9% CPU
Optimizing NNI: done in 0.102022 secs using 399.6% CPU
UPDATE BEST LOG-LIKELIHOOD: -4259.328
Optimizing NNI: done in 0.0677209 secs using 399.9% CPU
Optimizing NNI: done in 0.0582459 secs using 399.9% CPU
Optimizing NNI: done in 0.106234 secs using 396.3% CPU
Optimizing NNI: done in 0.0904021 secs using 400.4% CPU
Optimizing NNI: done in 0.050097 secs using 400.1% CPU
Iteration 90 / LogL: -4259.351 / Time: 0h:0m:6s (0h:0m:2s left)
Optimizing NNI: done in 0.0355201 secs using 400.2% CPU
Optimizing NNI: done in 0.0712011 secs using 394.4% CPU
Optimizing NNI: done in 0.0675139 secs using 394.1% CPU
Optimizing NNI: done in 0.0514309 secs using 400% CPU
Optimizing NNI: done in 0.0851231 secs using 395.5% CPU
Optimizing NNI: done in 0.0946739 secs using 395.7% CPU
Optimizing NNI: done in 0.0565889 secs using 400% CPU
Optimizing NNI: done in 0.081533 secs using 400% CPU
Optimizing NNI: done in 0.0704861 secs using 399.9% CPU
Optimizing NNI: done in 0.0610521 secs using 400% CPU
Iteration 100 / LogL: -4260.536 / Time: 0h:0m:6s (0h:0m:1s left)
Log-likelihood cutoff on original alignment: -4292.818
NOTE: Bootstrap correlation coefficient of split occurrence frequencies: 0.990
Optimizing NNI: done in 0.0960579 secs using 392.2% CPU
Optimizing NNI: done in 0.0759108 secs using 394.9% CPU
Optimizing NNI: done in 0.0591252 secs using 393.1% CPU
Optimizing NNI: done in 0.08569 secs using 399.5% CPU
Optimizing NNI: done in 0.0539262 secs using 393% CPU
Optimizing NNI: done in 0.0515859 secs using 392.3% CPU
Optimizing NNI: done in 0.083046 secs using 390.9% CPU
Optimizing NNI: done in 0.0649929 secs using 395.4% CPU
Optimizing NNI: done in 0.083292 secs using 402.3% CPU
Optimizing NNI: done in 0.068289 secs using 388.4% CPU
Iteration 110 / LogL: -4262.423 / Time: 0h:0m:7s (0h:0m:6s left)
Optimizing NNI: done in 0.058933 secs using 393.2% CPU
Optimizing NNI: done in 0.05375 secs using 399.6% CPU
Optimizing NNI: done in 0.076987 secs using 395.2% CPU
Optimizing NNI: done in 0.0774548 secs using 400% CPU
Optimizing NNI: done in 0.069402 secs using 388.7% CPU
Optimizing NNI: done in 0.0668759 secs using 394% CPU
Optimizing NNI: done in 0.0677469 secs using 394.2% CPU
Optimizing NNI: done in 0.104204 secs using 396.1% CPU
Optimizing NNI: done in 0.0840719 secs using 390.4% CPU
Optimizing NNI: done in 0.0522399 secs using 400.1% CPU
Iteration 120 / LogL: -4259.343 / Time: 0h:0m:8s (0h:0m:5s left)
Optimizing NNI: done in 0.0506709 secs using 399.4% CPU
Optimizing NNI: done in 0.0638669 secs using 387.6% CPU
Optimizing NNI: done in 0.0814459 secs using 399.3% CPU
TREE SEARCH COMPLETED AFTER 123 ITERATIONS / Time: 0h:0m:8s

--------------------------------------------------------------------
|                    FINALIZING TREE SEARCH                        |
--------------------------------------------------------------------
Performs final model parameters optimization
Estimate model parameters (epsilon = 0.010)
1. Initial log-likelihood: -4259.328
Optimal log-likelihood: -4259.328
Gamma shape alpha: 0.893
Parameters optimization took 1 rounds (0.008 sec)
BEST SCORE FOUND : -4259.328
Creating bootstrap support values...
Split supports printed to NEXUS file iqtree_family/OG0000015.fa.splits.nex
Total tree length: 7.106

Total number of iterations: 123
CPU time used for tree search: 34.001 sec (0h:0m:34s)
Wall-clock time used for tree search: 8.606 sec (0h:0m:8s)
Total CPU time used: 34.414 sec (0h:0m:34s)
Total wall-clock time used: 8.716 sec (0h:0m:8s)

Computing bootstrap consensus tree...
Reading input file iqtree_family/OG0000015.fa.splits.nex...
22 taxa and 159 splits.
Consensus tree written to iqtree_family/OG0000015.fa.contree
Reading input trees file iqtree_family/OG0000015.fa.contree
Log-likelihood of consensus tree: -4259.330

Analysis results written to: 
  IQ-TREE report:                iqtree_family/OG0000015.fa.iqtree
  Maximum-likelihood tree:       iqtree_family/OG0000015.fa.treefile
  Likelihood distances:          iqtree_family/OG0000015.fa.mldist

Ultrafast bootstrap approximation results written to:
  Split support values:          iqtree_family/OG0000015.fa.splits.nex
  Consensus tree:                iqtree_family/OG0000015.fa.contree
  Screen log file:               iqtree_family/OG0000015.fa.log

Date and Time: Thu Apr  3 13:02:42 2025
