IQ-TREE multicore version 2.2.0.5 COVID-edition for Linux 64-bit built Sep 26 2022
Developed by Bui Quang Minh, James Barbetti, Nguyen Lam Tung,
Olga Chernomor, Heiko Schmidt, Dominik Schrempf, Michael Woodhams, Ly Trong Nhan.

Host:    petrichor-dm (AVX2, FMA3, 503 GB RAM)
Command: iqtree2 -s concatenated_alignment_species.fasta -B 1000 -mset Blosum62,cpREV,Dayhoff,DCMut,FLAVI,FLU,HIVb,HIVw,JTT,JTTDCMut,LG,mtART,mtMAM,mtREV,mtZOA,mtMet,mtVer,mtInv,PMB,Q.bird,Q.insect,Q.mammal,Q.pfam,Q.plant,Q.yeast,rtREV,VT,WAG,Q.iridoviridae,Q.mcv -T 4 -pre iqtree_species_concatenated/concatenated_alignment_species
Seed:    99765 (Using SPRNG - Scalable Parallel Random Number Generator)
Time:    Sun May  4 16:58:32 2025
Kernel:  AVX+FMA - 4 threads (16 CPU cores detected)

Reading alignment file concatenated_alignment_species.fasta ... Fasta format detected
Reading fasta file: done in 0.014364 secs using 59.4% CPU
Alignment most likely contains protein sequences
Constructing alignment: done in 0.014612 secs using 321.4% CPU
Alignment has 58 sequences with 15405 columns, 2213 distinct patterns
1872 parsimony-informative, 337 singleton sites, 13196 constant sites
             Gap/Ambiguity  Composition  p-value
Analyzing sequences: done in 0.000102997 secs using 105.8% CPU
   1  23043610003    0.70%    passed    100.00%
   2  23043610005    0.70%    passed    100.00%
   3  AB104413       1.48%    passed    100.00%
   4  AF371960       0.70%    passed    100.00%
   5  AP017456       1.49%    passed     99.98%
   6  AY894343       7.88%    passed     99.28%
   7  BD143114       1.48%    passed    100.00%
   8  GQ273492       1.41%    passed    100.00%
   9  KC244182       1.60%    passed     99.98%
  10  KT781098       1.16%    passed    100.00%
  11  KT804738       1.46%    passed     99.98%
  12  MG570131       1.72%    passed    100.00%
  13  MG570132       1.67%    passed    100.00%
  14  MK098185       1.48%    passed    100.00%
  15  MK098186       1.48%    passed    100.00%
  16  MK098187       1.48%    passed    100.00%
  17  MK689685       0.75%    passed    100.00%
  18  MK689686       1.47%    passed     99.98%
  19  MN432490       0.67%    passed    100.00%
  20  MT128666       2.10%    passed    100.00%
  21  MT128667       5.11%    passed    100.00%
  22  MT798582       1.46%    passed     99.99%
  23  MT926123       3.71%    passed    100.00%
  24  MT986830       3.77%    passed    100.00%
  25  MW139932       1.48%    passed    100.00%
  26  MW273353       0.71%    passed    100.00%
  27  MW273354       0.70%    passed    100.00%
  28  MW883593       0.70%    passed    100.00%
  29  MW883594       0.70%    passed    100.00%
  30  MW883595       0.71%    passed    100.00%
  31  MW883596       0.70%    passed    100.00%
  32  MW883597       0.70%    passed    100.00%
  33  MW883598       1.47%    passed     99.99%
  34  MW883599       0.71%    passed    100.00%
  35  MW883600       0.70%    passed    100.00%
  36  MW883601       0.71%    passed    100.00%
  37  MW883602       0.70%    passed    100.00%
  38  MW883603       1.76%    passed    100.00%
  39  MW883606       0.70%    passed    100.00%
  40  NC_003494      0.70%    passed    100.00%
  41  OK042108       1.46%    passed    100.00%
  42  OK042109       1.53%    passed     99.99%
  43  OL774653       3.36%    passed    100.00%
  44  OL774654       1.48%    passed    100.00%
  45  OL774655       1.48%    passed    100.00%
  46  ON075463       1.46%    passed     99.99%
  47  ON212400       0.70%    passed    100.00%
  48  ON740976       1.53%    passed     99.99%
  49  ON743042       3.97%    passed     99.92%
  50  OP009387       0.66%    passed    100.00%
  51  OP896201       0.70%    passed    100.00%
  52  OQ475017       2.44%    passed    100.00%
  53  OQ513807       7.15%    passed    100.00%
  54  OR356116       0.70%    passed    100.00%
  55  OR536350       5.11%    passed    100.00%
  56  OR670976       0.71%    passed    100.00%
  57  PP151097       0.66%    passed    100.00%
  58  PP974677       2.88%    passed    100.00%
****  TOTAL          1.70%  0 sequences failed composition chi2 test (p-value<5%; df=19)
NOTE: BD143114 is identical to AB104413 but kept for subsequent analysis
NOTE: NC_003494 is identical to AF371960 but kept for subsequent analysis
NOTE: ON075463 is identical to MT798582 but kept for subsequent analysis
NOTE: OL774655 is identical to MW139932 but kept for subsequent analysis
NOTE: MW883597 is identical to MW883596 but kept for subsequent analysis
NOTE: OR356116 is identical to OP896201 but kept for subsequent analysis
Checking for duplicate sequences: done in 0.000432014 secs using 372.2% CPU


Create initial parsimony tree by phylogenetic likelihood library (PLL)... 0.011 seconds
Perform fast likelihood tree search using LG+I+G model...
Estimate model parameters (epsilon = 5.000)
Perform nearest neighbor interchange...
Optimizing NNI: done in 0.506308 secs using 388.1% CPU
Estimate model parameters (epsilon = 1.000)
1. Initial log-likelihood: -68259.034
Optimal log-likelihood: -68259.027
Proportion of invariable sites: 0.429
Gamma shape alpha: 0.485
Parameters optimization took 1 rounds (0.206 sec)
Time for fast ML tree search: 1.292 seconds

NOTE: ModelFinder requires 208 MB RAM!
ModelFinder will test up to 1320 protein models (sample size: 15405) ...
 No. Model         -LnL         df  AIC          AICc         BIC
  1  Blosum62      69190.964    113 138607.929   138609.614   139471.525
  2  Blosum62+I    68555.426    114 137338.851   137340.566   138210.090
  3  Blosum62+G4   68549.739    114 137327.478   137329.192   138198.717
  4  Blosum62+I+G4 68535.023    115 137300.046   137301.791   138178.928
  5  Blosum62+R2   68529.798    115 137289.597   137291.342   138168.478
  6  Blosum62+R3   68529.451    117 137292.901   137294.708   138187.068
 14  Blosum62+I+R2 68529.862    116 137291.725   137293.500   138178.249
 15  Blosum62+I+R3 68529.275    118 137294.550   137296.387   138196.358
 27  Blosum62+F+R2 67832.207    134 135932.414   135934.783   136956.502
 36  Blosum62+F+I+R2 67832.111    135 135934.222   135936.627   136965.952
 49  cpREV+R2      68479.106    115 137188.213   137189.958   138067.094
 58  cpREV+I+R2    68477.665    116 137187.330   137189.106   138073.854
 71  cpREV+F+R2    67201.573    134 134671.147   134673.516   135695.235
 80  cpREV+F+I+R2  67199.340    135 134668.679   134671.084   135700.410
 93  Dayhoff+R2    68486.273    115 137202.545   137204.290   138081.427
102  Dayhoff+I+R2  68483.764    116 137199.528   137201.303   138086.052
115  Dayhoff+F+R2  67404.876    134 135077.752   135080.121   136101.839
124  Dayhoff+F+I+R2 67402.057    135 135074.114   135076.519   136105.844
137  DCMut+R2      68492.152    115 137214.304   137216.049   138093.185
146  DCMut+I+R2    68489.759    116 137211.517   137213.293   138098.041
159  DCMut+F+R2    67411.034    134 135090.068   135092.438   136114.156
168  DCMut+F+I+R2  67408.212    135 135086.424   135088.829   136118.155
WARNING: Normalizing state frequencies so that sum of them equals to 1
181  FLAVI+R2      68555.990    115 137341.980   137343.725   138220.862
WARNING: Normalizing state frequencies so that sum of them equals to 1
190  FLAVI+I+R2    68550.717    116 137333.433   137335.209   138219.957
WARNING: Normalizing state frequencies so that sum of them equals to 1
203  FLAVI+F+R2    67421.394    134 135110.788   135113.158   136134.876
WARNING: Normalizing state frequencies so that sum of them equals to 1
212  FLAVI+F+I+R2  67415.870    135 135101.739   135104.144   136133.470
225  FLU+R2        68663.252    115 137556.505   137558.250   138435.386
234  FLU+I+R2      68660.382    116 137552.764   137554.539   138439.288
247  FLU+F+R2      67246.933    134 134761.865   134764.235   135785.953
256  FLU+F+I+R2    67241.987    135 134753.974   134756.378   135785.704
269  HIVb+R2       68395.572    115 137021.144   137022.889   137900.026
278  HIVb+I+R2     68391.012    116 137014.024   137015.799   137900.547
291  HIVb+F+R2     67131.123    134 134530.245   134532.615   135554.333
300  HIVb+F+I+R2   67125.146    135 134520.291   134522.696   135552.022
313  HIVw+R2       70008.350    115 140246.699   140248.444   141125.581
322  HIVw+I+R2     70004.087    116 140240.174   140241.950   141126.698
335  HIVw+F+R2     67449.050    134 135166.100   135168.470   136190.188
344  HIVw+F+I+R2   67444.861    135 135159.723   135162.128   136191.453
357  JTT+R2        67572.025    115 135374.050   135375.795   136252.931
366  JTT+I+R2      67571.159    116 135374.318   135376.094   136260.842
379  JTT+F+R2      66908.721    134 134085.442   134087.811   135109.530
388  JTT+F+I+R2    66907.463    135 134084.926   134087.331   135116.656
401  JTTDCMut+R2   67592.085    115 135414.171   135415.916   136293.052
410  JTTDCMut+I+R2 67591.249    116 135414.497   135416.273   136301.021
423  JTTDCMut+F+R2 66916.710    134 134101.419   134103.788   135125.507
432  JTTDCMut+F+I+R2 66915.466    135 134100.932   134103.337   135132.662
445  LG+R2         68251.504    115 136733.008   136734.753   137611.889
454  LG+I+R2       68249.745    116 136731.490   136733.265   137618.014
467  LG+F+R2       67370.925    134 135009.850   135012.219   136033.938
476  LG+F+I+R2     67368.635    135 135007.269   135009.674   136039.000
489  mtART+R2      72013.505    115 144257.010   144258.755   145135.891
498  mtART+I+R2    71954.161    116 144140.322   144142.097   145026.845
511  mtART+F+R2    68481.016    134 137230.031   137232.401   138254.119
520  mtART+F+I+R2  68429.985    135 137129.970   137132.375   138161.701
533  mtMAM+R2      71330.969    115 142891.939   142893.684   143770.820
542  mtMAM+I+R2    71262.303    116 142756.605   142758.381   143643.129
555  mtMAM+F+R2    68031.470    134 136330.940   136333.309   137355.028
564  mtMAM+F+I+R2  67987.167    135 136244.334   136246.739   137276.065
577  mtREV+R2      70788.330    115 141806.660   141808.405   142685.541
586  mtREV+I+R2    70762.476    116 141756.953   141758.728   142643.477
599  mtREV+F+R2    67476.355    134 135220.709   135223.079   136244.797
608  mtREV+F+I+R2  67456.167    135 135182.333   135184.738   136214.063
621  mtZOA+R2      70570.794    115 141371.589   141373.334   142250.470
630  mtZOA+I+R2    70539.790    116 141311.581   141313.356   142198.105
643  mtZOA+F+R2    67710.894    134 135689.788   135692.157   136713.875
652  mtZOA+F+I+R2  67690.849    135 135651.698   135654.103   136683.428
665  mtMet+R2      71292.393    115 142814.787   142816.532   143693.668
674  mtMet+I+R2    71283.289    116 142798.579   142800.354   143685.102
687  mtMet+F+R2    67207.747    134 134683.494   134685.863   135707.582
696  mtMet+F+I+R2  67200.522    135 134671.045   134673.450   135702.775
709  mtVer+R2      70917.175    115 142064.350   142066.095   142943.231
718  mtVer+I+R2    70906.141    116 142044.281   142046.057   142930.805
731  mtVer+F+R2    67309.085    134 134886.171   134888.540   135910.259
740  mtVer+F+I+R2  67303.029    135 134876.059   134878.464   135907.789
753  mtInv+R2      72650.765    115 145531.531   145533.276   146410.412
762  mtInv+I+R2    72645.211    116 145522.421   145524.197   146408.945
775  mtInv+F+R2    67267.880    134 134803.760   134806.130   135827.848
784  mtInv+F+I+R2  67263.953    135 134797.907   134800.312   135829.637
797  PMB+R2        68418.863    115 137067.727   137069.472   137946.608
806  PMB+I+R2      68418.222    116 137068.445   137070.220   137954.969
819  PMB+F+R2      67780.224    134 135828.448   135830.818   136852.536
828  PMB+F+I+R2    67779.388    135 135828.776   135831.181   136860.506
WARNING: Normalizing state frequencies so that sum of them equals to 1
841  Q.bird+R2     67707.045    115 135644.089   135645.834   136522.971
WARNING: Normalizing state frequencies so that sum of them equals to 1
850  Q.bird+I+R2   67704.398    116 135640.797   135642.572   136527.321
WARNING: Normalizing state frequencies so that sum of them equals to 1
863  Q.bird+F+R2   66897.665    134 134063.329   134065.699   135087.417
WARNING: Normalizing state frequencies so that sum of them equals to 1
872  Q.bird+F+I+R2 66893.823    135 134057.646   134060.051   135089.376
885  Q.insect+R2   68586.758    115 137403.516   137405.261   138282.398
894  Q.insect+I+R2 68585.574    116 137403.149   137404.924   138289.673
907  Q.insect+F+R2 67231.993    134 134731.986   134734.355   135756.074
916  Q.insect+F+I+R2 67230.311    135 134730.622   134733.027   135762.352
WARNING: Normalizing state frequencies so that sum of them equals to 1
929  Q.mammal+R2   67772.203    115 135774.406   135776.151   136653.287
WARNING: Normalizing state frequencies so that sum of them equals to 1
938  Q.mammal+I+R2 67770.407    116 135772.814   135774.589   136659.338
WARNING: Normalizing state frequencies so that sum of them equals to 1
951  Q.mammal+F+R2 66894.160    134 134056.319   134058.689   135080.407
WARNING: Normalizing state frequencies so that sum of them equals to 1
960  Q.mammal+F+I+R2 66891.582    135 134053.163   134055.568   135084.894
WARNING: Normalizing state frequencies so that sum of them equals to 1
973  Q.pfam+R2     68297.770    115 136825.540   136827.285   137704.421
WARNING: Normalizing state frequencies so that sum of them equals to 1
982  Q.pfam+I+R2   68296.246    116 136824.493   136826.268   137711.017
WARNING: Normalizing state frequencies so that sum of them equals to 1
995  Q.pfam+F+R2   67369.329    134 135006.657   135009.027   136030.745
WARNING: Normalizing state frequencies so that sum of them equals to 1
1004  Q.pfam+F+I+R2 67367.437    135 135004.874   135007.278   136036.604
WARNING: Normalizing state frequencies so that sum of them equals to 1
1017  Q.plant+R2    67969.537    115 136169.074   136170.819   137047.955
WARNING: Normalizing state frequencies so that sum of them equals to 1
1026  Q.plant+I+R2  67967.151    116 136166.303   136168.078   137052.827
WARNING: Normalizing state frequencies so that sum of them equals to 1
1039  Q.plant+F+R2  66899.114    134 134066.228   134068.598   135090.316
WARNING: Normalizing state frequencies so that sum of them equals to 1
1048  Q.plant+F+I+R2 66896.431    135 134062.862   134065.266   135094.592
WARNING: Normalizing state frequencies so that sum of them equals to 1
1061  Q.yeast+R2    69215.245    115 138660.490   138662.236   139539.372
WARNING: Normalizing state frequencies so that sum of them equals to 1
1070  Q.yeast+I+R2  69213.891    116 138659.781   138661.557   139546.305
WARNING: Normalizing state frequencies so that sum of them equals to 1
1083  Q.yeast+F+R2  67351.650    134 134971.299   134973.668   135995.387
WARNING: Normalizing state frequencies so that sum of them equals to 1
1092  Q.yeast+F+I+R2 67349.726    135 134969.451   134971.856   136001.182
1105  rtREV+R2      69193.202    115 138616.403   138618.148   139495.284
1114  rtREV+I+R2    69191.487    116 138614.973   138616.749   139501.497
1127  rtREV+F+R2    67713.387    134 135694.775   135697.144   136718.863
1136  rtREV+F+I+R2  67710.927    135 135691.854   135694.259   136723.584
1149  VT+R2         68156.776    115 136543.552   136545.297   137422.433
1158  VT+I+R2       68156.162    116 136544.325   136546.100   137430.849
1171  VT+F+R2       67332.392    134 134932.785   134935.154   135956.873
1180  VT+F+I+R2     67331.607    135 134933.214   134935.618   135964.944
1193  WAG+R2        68002.424    115 136234.848   136236.593   137113.730
1202  WAG+I+R2      68001.199    116 136234.398   136236.173   137120.921
1215  WAG+F+R2      67239.459    134 134746.918   134749.287   135771.006
1224  WAG+F+I+R2    67238.123    135 134746.246   134748.651   135777.977
Reading model parameters from file Q.iridoviridae
1237  Q.iridoviridae+R2 68194.872    115 136619.743   136621.488   137498.625
Reading model parameters from file Q.iridoviridae
1246  Q.iridoviridae+I+R2 68193.128    116 136618.257   136620.032   137504.781
Reading model parameters from file Q.iridoviridae
1259  Q.iridoviridae+F+R2 67264.673    134 134797.345   134799.714   135821.433
Reading model parameters from file Q.iridoviridae
1268  Q.iridoviridae+F+I+R2 67262.371    135 134794.743   134797.148   135826.473
Reading model parameters from file Q.mcv
WARNING: Normalizing state frequencies so that sum of them equals to 1
1281  Q.mcv+R2      66888.704    115 134007.408   134009.154   134886.290
Reading model parameters from file Q.mcv
WARNING: Normalizing state frequencies so that sum of them equals to 1
1290  Q.mcv+I+R2    66886.673    116 134005.346   134007.122   134891.870
Reading model parameters from file Q.mcv
WARNING: Normalizing state frequencies so that sum of them equals to 1
1303  Q.mcv+F+R2    66859.047    134 133986.095   133988.464   135010.183
Reading model parameters from file Q.mcv
WARNING: Normalizing state frequencies so that sum of them equals to 1
1312  Q.mcv+F+I+R2  66856.978    135 133983.956   133986.361   135015.686
Akaike Information Criterion:           Q.mcv+F+I+R2
Corrected Akaike Information Criterion: Q.mcv+F+I+R2
Bayesian Information Criterion:         Q.mcv+R2
Best-fit model: Q.mcv+R2 chosen according to BIC

All model information printed to iqtree_species_concatenated/concatenated_alignment_species.model.gz
CPU time for ModelFinder: 1031.792 seconds (0h:17m:11s)
Wall-clock time for ModelFinder: 264.371 seconds (0h:4m:24s)
Generating 1000 samples for ultrafast bootstrap (seed: 99765)...
Reading model parameters from file Q.mcv
WARNING: Normalizing state frequencies so that sum of them equals to 1

NOTE: 48 MB RAM (0 GB) is required!
Estimate model parameters (epsilon = 0.100)
1. Initial log-likelihood: -66888.704
Optimal log-likelihood: -66888.688
Site proportion and rates:  (0.880,0.338) (0.120,5.879)
Parameters optimization took 1 rounds (0.149 sec)
Wrote distance file to... 
Computing ML distances based on estimated model parameters...
Calculating distance matrix: done in 0.0566552 secs using 404.3% CPU
Computing ML distances took 0.056893 sec (of wall-clock time) 0.229370 sec (of CPU time)
Setting up auxiliary I and S matrices: done in 8.89301e-05 secs using 511.6% CPU
Constructing RapidNJ tree: done in 0.00106597 secs using 125.1% CPU
Computing RapidNJ tree took 0.001377 sec (of wall-clock time) 0.005783 sec (of CPU time)
Log-likelihood of RapidNJ tree: -67122.537
--------------------------------------------------------------------
|             INITIALIZING CANDIDATE TREE SET                      |
--------------------------------------------------------------------
Generating 98 parsimony trees... 1.484 second
Computing log-likelihood of 98 initial trees ... 2.814 seconds
Current best score: -66859.589

Do NNI search on 20 best initial trees
Optimizing NNI: done in 0.431393 secs using 395.3% CPU
Estimate model parameters (epsilon = 0.100)
BETTER TREE FOUND at iteration 1: -66843.172
Optimizing NNI: done in 0.43478 secs using 385.3% CPU
Estimate model parameters (epsilon = 0.100)
BETTER TREE FOUND at iteration 2: -66842.559
Optimizing NNI: done in 0.378382 secs using 390.4% CPU
Optimizing NNI: done in 0.162535 secs using 387.4% CPU
Optimizing NNI: done in 0.365281 secs using 394.9% CPU
Optimizing NNI: done in 0.373046 secs using 393.2% CPU
Optimizing NNI: done in 0.367991 secs using 394.7% CPU
Optimizing NNI: done in 0.353156 secs using 378.6% CPU
Optimizing NNI: done in 0.524229 secs using 391.9% CPU
Optimizing NNI: done in 0.375074 secs using 390.3% CPU
Iteration 10 / LogL: -66887.794 / Time: 0h:0m:9s
Optimizing NNI: done in 0.363119 secs using 397.1% CPU
Optimizing NNI: done in 0.38433 secs using 393% CPU
Optimizing NNI: done in 0.394646 secs using 392.9% CPU
Optimizing NNI: done in 0.354325 secs using 389.5% CPU
Optimizing NNI: done in 0.505097 secs using 389.4% CPU
Optimizing NNI: done in 0.364519 secs using 395% CPU
Optimizing NNI: done in 0.375409 secs using 395.7% CPU
Optimizing NNI: done in 0.388864 secs using 390% CPU
Optimizing NNI: done in 0.476983 secs using 391.9% CPU
Optimizing NNI: done in 0.566424 secs using 390.1% CPU
Iteration 20 / LogL: -66888.650 / Time: 0h:0m:13s
Finish initializing candidate tree set (20)
Current best tree score: -66842.559 / CPU time: 12.592
Number of iterations: 20
--------------------------------------------------------------------
|               OPTIMIZING CANDIDATE TREE SET                      |
--------------------------------------------------------------------
Optimizing NNI: done in 0.736663 secs using 394.5% CPU
Optimizing NNI: done in 0.918125 secs using 389.5% CPU
Optimizing NNI: done in 0.953416 secs using 393.4% CPU
Optimizing NNI: done in 0.688344 secs using 390.1% CPU
Estimate model parameters (epsilon = 0.100)
BETTER TREE FOUND at iteration 24: -66841.975
Optimizing NNI: done in 0.560387 secs using 391.2% CPU
Optimizing NNI: done in 0.86518 secs using 391.7% CPU
Optimizing NNI: done in 0.68435 secs using 387.6% CPU
Optimizing NNI: done in 0.464401 secs using 395.6% CPU
Optimizing NNI: done in 0.596117 secs using 388% CPU
Optimizing NNI: done in 0.722052 secs using 392.1% CPU
Iteration 30 / LogL: -67014.674 / Time: 0h:0m:20s (0h:1m:7s left)
Optimizing NNI: done in 0.72312 secs using 388.4% CPU
Optimizing NNI: done in 0.546028 secs using 387.8% CPU
Optimizing NNI: done in 0.704329 secs using 390.4% CPU
Optimizing NNI: done in 0.689107 secs using 391.3% CPU
Optimizing NNI: done in 0.58746 secs using 391.8% CPU
Optimizing NNI: done in 0.634064 secs using 395% CPU
Optimizing NNI: done in 0.585733 secs using 388.1% CPU
Optimizing NNI: done in 0.713984 secs using 392.2% CPU
Optimizing NNI: done in 0.576677 secs using 393.3% CPU
Optimizing NNI: done in 0.590733 secs using 392.5% CPU
Iteration 40 / LogL: -66842.137 / Time: 0h:0m:27s (0h:0m:58s left)
Optimizing NNI: done in 0.731566 secs using 390.3% CPU
Optimizing NNI: done in 0.62049 secs using 386.9% CPU
Optimizing NNI: done in 0.817167 secs using 391.2% CPU
Optimizing NNI: done in 0.819585 secs using 388.7% CPU
Optimizing NNI: done in 0.608338 secs using 386.7% CPU
Optimizing NNI: done in 1.10627 secs using 394.1% CPU
Optimizing NNI: done in 0.78428 secs using 392.5% CPU
Optimizing NNI: done in 0.838357 secs using 394.9% CPU
Optimizing NNI: done in 0.643178 secs using 391.4% CPU
Optimizing NNI: done in 0.753599 secs using 389.1% CPU
Iteration 50 / LogL: -66946.535 / Time: 0h:0m:34s (0h:0m:52s left)
Log-likelihood cutoff on original alignment: -66947.837
Optimizing NNI: done in 0.350127 secs using 388.9% CPU
Optimizing NNI: done in 0.672941 secs using 388.8% CPU
Optimizing NNI: done in 0.608885 secs using 391.4% CPU
Optimizing NNI: done in 0.729704 secs using 393.1% CPU
Optimizing NNI: done in 0.529683 secs using 392.9% CPU
Optimizing NNI: done in 0.748425 secs using 391.5% CPU
Optimizing NNI: done in 0.682994 secs using 392.3% CPU
Optimizing NNI: done in 0.705598 secs using 394.3% CPU
Optimizing NNI: done in 0.636693 secs using 388.7% CPU
Optimizing NNI: done in 0.803052 secs using 392.5% CPU
Iteration 60 / LogL: -66842.441 / Time: 0h:0m:41s (0h:0m:45s left)
Optimizing NNI: done in 0.562618 secs using 391.5% CPU
Optimizing NNI: done in 0.94118 secs using 390.7% CPU
Optimizing NNI: done in 0.786996 secs using 392.8% CPU
Optimizing NNI: done in 0.878578 secs using 393.2% CPU
Optimizing NNI: done in 0.725769 secs using 390.4% CPU
Optimizing NNI: done in 0.758523 secs using 393.4% CPU
Optimizing NNI: done in 0.81357 secs using 393.9% CPU
Optimizing NNI: done in 0.81196 secs using 389.6% CPU
Optimizing NNI: done in 0.652059 secs using 396.7% CPU
Optimizing NNI: done in 0.74304 secs using 395.9% CPU
Iteration 70 / LogL: -66858.458 / Time: 0h:0m:49s (0h:0m:38s left)
Optimizing NNI: done in 0.492175 secs using 391.8% CPU
Optimizing NNI: done in 0.656918 secs using 387.2% CPU
Optimizing NNI: done in 0.663552 secs using 394.6% CPU
Optimizing NNI: done in 0.773187 secs using 395.4% CPU
Optimizing NNI: done in 0.54722 secs using 392.5% CPU
Optimizing NNI: done in 0.794271 secs using 393.3% CPU
Optimizing NNI: done in 0.648781 secs using 391.4% CPU
Optimizing NNI: done in 0.752885 secs using 393.1% CPU
Optimizing NNI: done in 0.738026 secs using 394.5% CPU
Optimizing NNI: done in 0.619411 secs using 392.2% CPU
Iteration 80 / LogL: -66842.161 / Time: 0h:0m:56s (0h:0m:31s left)
Optimizing NNI: done in 0.644169 secs using 392.1% CPU
Optimizing NNI: done in 0.610131 secs using 390.8% CPU
Optimizing NNI: done in 0.698982 secs using 387.4% CPU
Optimizing NNI: done in 0.570107 secs using 390.8% CPU
Optimizing NNI: done in 0.574632 secs using 389.5% CPU
Optimizing NNI: done in 0.61686 secs using 393.6% CPU
Optimizing NNI: done in 0.753176 secs using 388.5% CPU
Optimizing NNI: done in 0.548338 secs using 389.8% CPU
Optimizing NNI: done in 0.549 secs using 392% CPU
Optimizing NNI: done in 0.629139 secs using 389.4% CPU
Iteration 90 / LogL: -66853.708 / Time: 0h:1m:2s (0h:0m:23s left)
Optimizing NNI: done in 0.850842 secs using 392.9% CPU
Optimizing NNI: done in 0.665079 secs using 392.8% CPU
Optimizing NNI: done in 0.615456 secs using 394.7% CPU
Optimizing NNI: done in 0.541437 secs using 387.4% CPU
Optimizing NNI: done in 0.568877 secs using 392.9% CPU
Optimizing NNI: done in 0.72354 secs using 393% CPU
Optimizing NNI: done in 0.49122 secs using 389.5% CPU
Optimizing NNI: done in 0.610258 secs using 390.8% CPU
Optimizing NNI: done in 0.651385 secs using 393.2% CPU
Optimizing NNI: done in 0.61631 secs using 393.1% CPU
Iteration 100 / LogL: -66842.103 / Time: 0h:1m:8s (0h:0m:16s left)
Log-likelihood cutoff on original alignment: -66947.837
NOTE: Bootstrap correlation coefficient of split occurrence frequencies: 0.988
NOTE: UFBoot does not converge, continue at least 100 more iterations
Optimizing NNI: done in 0.683693 secs using 393.5% CPU
Optimizing NNI: done in 0.71736 secs using 390.9% CPU
Optimizing NNI: done in 0.763843 secs using 392.6% CPU
Optimizing NNI: done in 0.664141 secs using 390.9% CPU
Optimizing NNI: done in 0.701322 secs using 391.9% CPU
Optimizing NNI: done in 0.857982 secs using 390.5% CPU
Optimizing NNI: done in 0.668394 secs using 384.9% CPU
Optimizing NNI: done in 0.796271 secs using 395% CPU
Optimizing NNI: done in 0.53037 secs using 387% CPU
Optimizing NNI: done in 0.791274 secs using 392.9% CPU
Iteration 110 / LogL: -66842.456 / Time: 0h:1m:16s (0h:1m:2s left)
Optimizing NNI: done in 0.606129 secs using 386.3% CPU
Optimizing NNI: done in 0.643188 secs using 391.5% CPU
Optimizing NNI: done in 0.778633 secs using 388.9% CPU
Optimizing NNI: done in 0.798683 secs using 391.6% CPU
Optimizing NNI: done in 0.773918 secs using 390.1% CPU
Optimizing NNI: done in 0.632377 secs using 390.5% CPU
Optimizing NNI: done in 0.723603 secs using 389.4% CPU
Optimizing NNI: done in 0.58731 secs using 395.3% CPU
Optimizing NNI: done in 0.663081 secs using 393.8% CPU
Optimizing NNI: done in 0.516806 secs using 390.7% CPU
Iteration 120 / LogL: -66842.089 / Time: 0h:1m:23s (0h:0m:55s left)
Optimizing NNI: done in 0.798439 secs using 394.3% CPU
Optimizing NNI: done in 0.609267 secs using 391.2% CPU
Optimizing NNI: done in 0.722744 secs using 391.9% CPU
Optimizing NNI: done in 0.714885 secs using 394.9% CPU
Optimizing NNI: done in 0.496773 secs using 392.8% CPU
Optimizing NNI: done in 0.723389 secs using 389.5% CPU
Optimizing NNI: done in 0.620082 secs using 393.1% CPU
Optimizing NNI: done in 0.748684 secs using 393.4% CPU
Optimizing NNI: done in 0.785124 secs using 387.8% CPU
Optimizing NNI: done in 0.7872 secs using 394.9% CPU
Iteration 130 / LogL: -66842.024 / Time: 0h:1m:30s (0h:0m:48s left)
Optimizing NNI: done in 0.756851 secs using 389.8% CPU
Optimizing NNI: done in 0.876654 secs using 391.8% CPU
Optimizing NNI: done in 0.632836 secs using 394.9% CPU
Optimizing NNI: done in 0.655652 secs using 393.6% CPU
Optimizing NNI: done in 0.652248 secs using 388.3% CPU
Optimizing NNI: done in 0.873733 secs using 394.4% CPU
Optimizing NNI: done in 0.681775 secs using 393.4% CPU
Optimizing NNI: done in 0.721019 secs using 395% CPU
Optimizing NNI: done in 0.622605 secs using 389.7% CPU
Optimizing NNI: done in 0.999119 secs using 392% CPU
Iteration 140 / LogL: -66982.140 / Time: 0h:1m:37s (0h:0m:42s left)
Optimizing NNI: done in 0.614678 secs using 393.3% CPU
Optimizing NNI: done in 0.630064 secs using 391.4% CPU
Optimizing NNI: done in 0.621608 secs using 393.2% CPU
Optimizing NNI: done in 0.631061 secs using 393.1% CPU
Optimizing NNI: done in 0.711184 secs using 391.4% CPU
Optimizing NNI: done in 0.681837 secs using 392.2% CPU
Optimizing NNI: done in 0.695048 secs using 392% CPU
Optimizing NNI: done in 0.668621 secs using 386.7% CPU
Optimizing NNI: done in 0.760566 secs using 393.8% CPU
Optimizing NNI: done in 0.617443 secs using 386.7% CPU
Iteration 150 / LogL: -69285.050 / Time: 0h:1m:44s (0h:0m:35s left)
Log-likelihood cutoff on original alignment: -66947.837
Optimizing NNI: done in 0.715446 secs using 391.9% CPU
Optimizing NNI: done in 0.813381 secs using 395.5% CPU
Optimizing NNI: done in 0.822385 secs using 391.3% CPU
Optimizing NNI: done in 0.678555 secs using 395.2% CPU
Optimizing NNI: done in 0.593144 secs using 389.6% CPU
Optimizing NNI: done in 0.739212 secs using 389.1% CPU
Optimizing NNI: done in 0.720742 secs using 392.4% CPU
Optimizing NNI: done in 0.727513 secs using 390.3% CPU
Optimizing NNI: done in 0.522376 secs using 395.4% CPU
Optimizing NNI: done in 0.693639 secs using 393.9% CPU
Iteration 160 / LogL: -66845.316 / Time: 0h:1m:51s (0h:0m:28s left)
Optimizing NNI: done in 0.679657 secs using 392.3% CPU
Optimizing NNI: done in 0.559128 secs using 384.2% CPU
Optimizing NNI: done in 0.76882 secs using 387% CPU
Optimizing NNI: done in 0.516272 secs using 393.9% CPU
Optimizing NNI: done in 0.706704 secs using 389.7% CPU
Optimizing NNI: done in 1.12347 secs using 391.4% CPU
Optimizing NNI: done in 0.628487 secs using 394.1% CPU
Optimizing NNI: done in 0.562298 secs using 387.9% CPU
Optimizing NNI: done in 0.676913 secs using 390.5% CPU
Optimizing NNI: done in 0.768279 secs using 390.8% CPU
Iteration 170 / LogL: -66981.814 / Time: 0h:1m:58s (0h:0m:21s left)
Optimizing NNI: done in 0.495816 secs using 389.7% CPU
Optimizing NNI: done in 0.678052 secs using 392.9% CPU
Optimizing NNI: done in 0.849607 secs using 391.5% CPU
Optimizing NNI: done in 0.669943 secs using 391% CPU
Optimizing NNI: done in 0.94776 secs using 389.2% CPU
Optimizing NNI: done in 0.645603 secs using 393.3% CPU
Optimizing NNI: done in 0.665476 secs using 389.2% CPU
Optimizing NNI: done in 0.641393 secs using 391.8% CPU
Optimizing NNI: done in 0.726467 secs using 392.5% CPU
Optimizing NNI: done in 0.727256 secs using 392.7% CPU
Iteration 180 / LogL: -66861.265 / Time: 0h:2m:5s (0h:0m:14s left)
Optimizing NNI: done in 0.627862 secs using 392.9% CPU
Optimizing NNI: done in 0.662076 secs using 388.4% CPU
Estimate model parameters (epsilon = 0.100)
BETTER TREE FOUND at iteration 182: -66841.964
Optimizing NNI: done in 0.78297 secs using 388.5% CPU
Optimizing NNI: done in 0.716899 secs using 384.5% CPU
Optimizing NNI: done in 0.896319 secs using 391.3% CPU
Optimizing NNI: done in 0.712343 secs using 393% CPU
Optimizing NNI: done in 0.720516 secs using 387% CPU
Optimizing NNI: done in 0.724301 secs using 396.8% CPU
Optimizing NNI: done in 0.694039 secs using 389.6% CPU
Optimizing NNI: done in 0.585665 secs using 388.9% CPU
Iteration 190 / LogL: -66841.998 / Time: 0h:2m:13s (0h:1m:4s left)
Optimizing NNI: done in 0.803902 secs using 393.4% CPU
Optimizing NNI: done in 0.672841 secs using 385.7% CPU
Optimizing NNI: done in 0.570595 secs using 394.3% CPU
Optimizing NNI: done in 0.74421 secs using 392.7% CPU
Optimizing NNI: done in 0.649956 secs using 388.9% CPU
Optimizing NNI: done in 0.405095 secs using 394% CPU
Optimizing NNI: done in 0.826261 secs using 391.9% CPU
Optimizing NNI: done in 0.597223 secs using 391.5% CPU
Optimizing NNI: done in 0.768676 secs using 387.7% CPU
Optimizing NNI: done in 0.748354 secs using 390.3% CPU
Iteration 200 / LogL: -66842.114 / Time: 0h:2m:20s (0h:0m:57s left)
Log-likelihood cutoff on original alignment: -66947.837
NOTE: Bootstrap correlation coefficient of split occurrence frequencies: 0.994
Optimizing NNI: done in 0.613479 secs using 391.9% CPU
Optimizing NNI: done in 0.595877 secs using 391.4% CPU
Optimizing NNI: done in 0.674253 secs using 384.9% CPU
Optimizing NNI: done in 0.579022 secs using 395% CPU
Optimizing NNI: done in 0.802069 secs using 391.1% CPU
Optimizing NNI: done in 0.524604 secs using 387% CPU
Optimizing NNI: done in 0.538844 secs using 390.7% CPU
Optimizing NNI: done in 0.787879 secs using 391.3% CPU
Optimizing NNI: done in 0.572236 secs using 389.5% CPU
Optimizing NNI: done in 0.529292 secs using 388.5% CPU
Iteration 210 / LogL: -66918.169 / Time: 0h:2m:26s (0h:1m:3s left)
Optimizing NNI: done in 0.931264 secs using 393% CPU
Optimizing NNI: done in 0.861099 secs using 389.1% CPU
Optimizing NNI: done in 0.699493 secs using 394.6% CPU
Optimizing NNI: done in 0.534596 secs using 387.9% CPU
Optimizing NNI: done in 0.653008 secs using 391.7% CPU
Optimizing NNI: done in 0.997592 secs using 394% CPU
Optimizing NNI: done in 1.05498 secs using 388.4% CPU
Optimizing NNI: done in 0.711082 secs using 387.9% CPU
Optimizing NNI: done in 0.481033 secs using 387.7% CPU
Optimizing NNI: done in 0.897331 secs using 386.6% CPU
Iteration 220 / LogL: -66847.038 / Time: 0h:2m:34s (0h:0m:56s left)
Optimizing NNI: done in 0.795836 secs using 389.3% CPU
Optimizing NNI: done in 0.709739 secs using 394.3% CPU
Optimizing NNI: done in 0.472087 secs using 393.9% CPU
Optimizing NNI: done in 0.644131 secs using 391.9% CPU
Optimizing NNI: done in 0.964562 secs using 391.7% CPU
Optimizing NNI: done in 0.751766 secs using 392% CPU
Optimizing NNI: done in 0.640514 secs using 388.6% CPU
Optimizing NNI: done in 0.71138 secs using 395.4% CPU
Optimizing NNI: done in 0.660482 secs using 390.8% CPU
Optimizing NNI: done in 0.539788 secs using 394.6% CPU
Iteration 230 / LogL: -67574.460 / Time: 0h:2m:41s (0h:0m:49s left)
Optimizing NNI: done in 0.580845 secs using 390% CPU
Optimizing NNI: done in 0.746486 secs using 397% CPU
Optimizing NNI: done in 0.652631 secs using 393.1% CPU
Optimizing NNI: done in 0.776869 secs using 394.4% CPU
Optimizing NNI: done in 0.736132 secs using 391.8% CPU
Optimizing NNI: done in 0.799436 secs using 391.5% CPU
Optimizing NNI: done in 0.622688 secs using 390.3% CPU
Optimizing NNI: done in 0.528373 secs using 389.2% CPU
Optimizing NNI: done in 0.748632 secs using 389.3% CPU
Optimizing NNI: done in 0.917907 secs using 389.7% CPU
Iteration 240 / LogL: -66842.141 / Time: 0h:2m:48s (0h:0m:42s left)
Optimizing NNI: done in 0.65488 secs using 391.1% CPU
Optimizing NNI: done in 0.681004 secs using 391.2% CPU
Optimizing NNI: done in 0.711805 secs using 390.1% CPU
Optimizing NNI: done in 0.632232 secs using 395% CPU
Optimizing NNI: done in 0.615298 secs using 388.6% CPU
Optimizing NNI: done in 0.768899 secs using 391.7% CPU
Optimizing NNI: done in 0.602826 secs using 390.1% CPU
Optimizing NNI: done in 0.804724 secs using 388.7% CPU
Optimizing NNI: done in 0.521621 secs using 391.6% CPU
Optimizing NNI: done in 0.634784 secs using 393.1% CPU
Iteration 250 / LogL: -66858.616 / Time: 0h:2m:55s (0h:0m:35s left)
Log-likelihood cutoff on original alignment: -66947.837
Optimizing NNI: done in 0.633359 secs using 386.4% CPU
Optimizing NNI: done in 0.793137 secs using 391% CPU
Optimizing NNI: done in 0.754236 secs using 393.2% CPU
Optimizing NNI: done in 0.743262 secs using 388.2% CPU
Optimizing NNI: done in 0.590932 secs using 390.6% CPU
Optimizing NNI: done in 0.786695 secs using 392.9% CPU
Optimizing NNI: done in 0.776751 secs using 391.7% CPU
Optimizing NNI: done in 0.535547 secs using 393.3% CPU
Optimizing NNI: done in 0.680735 secs using 397.1% CPU
Optimizing NNI: done in 0.756164 secs using 390.5% CPU
Iteration 260 / LogL: -66858.487 / Time: 0h:3m:2s (0h:0m:28s left)
Optimizing NNI: done in 0.742734 secs using 391.6% CPU
Optimizing NNI: done in 0.644481 secs using 393.3% CPU
Optimizing NNI: done in 0.678085 secs using 389% CPU
Optimizing NNI: done in 0.919504 secs using 391.5% CPU
Optimizing NNI: done in 0.668399 secs using 391.1% CPU
Optimizing NNI: done in 0.533889 secs using 388.7% CPU
Optimizing NNI: done in 0.581065 secs using 390.2% CPU
Optimizing NNI: done in 0.505485 secs using 392.1% CPU
Optimizing NNI: done in 0.570768 secs using 392.3% CPU
Optimizing NNI: done in 0.903813 secs using 389.3% CPU
Iteration 270 / LogL: -66842.125 / Time: 0h:3m:9s (0h:0m:21s left)
Optimizing NNI: done in 0.63419 secs using 391.2% CPU
Optimizing NNI: done in 0.684183 secs using 393.4% CPU
Optimizing NNI: done in 0.696925 secs using 386.4% CPU
Optimizing NNI: done in 0.638234 secs using 391.6% CPU
Optimizing NNI: done in 0.565068 secs using 395% CPU
Optimizing NNI: done in 0.769078 secs using 385.4% CPU
Optimizing NNI: done in 0.349232 secs using 392.7% CPU
Optimizing NNI: done in 0.654952 secs using 395.5% CPU
Optimizing NNI: done in 0.572244 secs using 391.6% CPU
Optimizing NNI: done in 0.539218 secs using 391% CPU
Iteration 280 / LogL: -66842.064 / Time: 0h:3m:15s (0h:0m:14s left)
Optimizing NNI: done in 0.815468 secs using 394.9% CPU
Optimizing NNI: done in 0.458881 secs using 393.4% CPU
Optimizing NNI: done in 0.660121 secs using 394.5% CPU
TREE SEARCH COMPLETED AFTER 283 ITERATIONS / Time: 0h:3m:17s

--------------------------------------------------------------------
|                    FINALIZING TREE SEARCH                        |
--------------------------------------------------------------------
Performs final model parameters optimization
Estimate model parameters (epsilon = 0.010)
1. Initial log-likelihood: -66841.964
Optimal log-likelihood: -66841.964
Site proportion and rates:  (0.880,0.337) (0.120,5.880)
Parameters optimization took 1 rounds (0.123 sec)
BEST SCORE FOUND : -66841.964
Creating bootstrap support values...
Split supports printed to NEXUS file iqtree_species_concatenated/concatenated_alignment_species.splits.nex
Total tree length: 0.219

Total number of iterations: 283
CPU time used for tree search: 772.096 sec (0h:12m:52s)
Wall-clock time used for tree search: 197.315 sec (0h:3m:17s)
Total CPU time used: 775.171 sec (0h:12m:55s)
Total wall-clock time used: 198.176 sec (0h:3m:18s)

Computing bootstrap consensus tree...
Reading input file iqtree_species_concatenated/concatenated_alignment_species.splits.nex...
58 taxa and 505 splits.
Consensus tree written to iqtree_species_concatenated/concatenated_alignment_species.contree
Reading input trees file iqtree_species_concatenated/concatenated_alignment_species.contree
Log-likelihood of consensus tree: -66842.857

Analysis results written to: 
  IQ-TREE report:                iqtree_species_concatenated/concatenated_alignment_species.iqtree
  Maximum-likelihood tree:       iqtree_species_concatenated/concatenated_alignment_species.treefile
  Likelihood distances:          iqtree_species_concatenated/concatenated_alignment_species.mldist

Ultrafast bootstrap approximation results written to:
  Split support values:          iqtree_species_concatenated/concatenated_alignment_species.splits.nex
  Consensus tree:                iqtree_species_concatenated/concatenated_alignment_species.contree
  Screen log file:               iqtree_species_concatenated/concatenated_alignment_species.log

Date and Time: Sun May  4 17:06:14 2025
