[12:43:56] This is prokka 1.14.5
[12:43:56] Written by Torsten Seemann <torsten.seemann@gmail.com>
[12:43:56] Homepage is https://github.com/tseemann/prokka
[12:43:56] Local time is Fri Nov 29 12:43:56 2024
[12:43:56] You are han394
[12:43:56] Operating system is linux
[12:43:56] You have BioPerl 1.7.8
[12:43:56] System has 64 cores.
[12:43:56] Will use maximum of 8 cores.
[12:43:56] Annotating as >>> Viruses <<<
[12:43:56] Creating new output folder: ./prokka_outputs/ON075463
[12:43:56] Running: mkdir -p \.\/prokka_outputs\/ON075463
[12:43:56] Using filename prefix: ON075463.XXX
[12:43:56] Setting HMMER_NCPU=1
[12:43:56] Writing log to: ./prokka_outputs/ON075463/ON075463.log
[12:43:56] Command: /apps/prokka/1.14.5/bin/prokka ./genomes_1/ON075463.fasta --kingdom viruses --outdir ./prokka_outputs/ON075463 --prefix ON075463 --locustag ON075463
[12:43:56] Appending to PATH: /apps/prokka/1.14.5/bin/../binaries/linux
[12:43:56] Appending to PATH: /apps/prokka/1.14.5/bin/../binaries/linux/../common
[12:43:56] Appending to PATH: /apps/prokka/1.14.5/bin
[12:43:56] Looking for 'aragorn' - found /apps/prokka/1.14.5/binaries/linux/aragorn
[12:43:56] Determined aragorn version is 001002 from 'ARAGORN v1.2.38 Dean Laslett'
[12:43:56] Looking for 'blastp' - found /apps/prokka/1.14.5/binaries/linux/blastp
[12:43:56] Determined blastp version is 002009 from 'blastp: 2.9.0+'
[12:43:56] Looking for 'cmpress' - found /apps/prokka/1.14.5/binaries/linux/cmpress
[12:43:56] Determined cmpress version is 001001 from '# INFERNAL 1.1.2 (July 2016)'
[12:43:56] Looking for 'cmscan' - found /apps/prokka/1.14.5/binaries/linux/cmscan
[12:43:56] Determined cmscan version is 001001 from '# INFERNAL 1.1.2 (July 2016)'
[12:43:56] Looking for 'egrep' - found /usr/bin/egrep
[12:43:56] Looking for 'find' - found /usr/bin/find
[12:43:56] Looking for 'grep' - found /usr/bin/grep
[12:43:56] Looking for 'hmmpress' - found /apps/hmmer/3.4.0/bin/hmmpress
[12:43:56] Determined hmmpress version is 003004 from '# HMMER 3.4 (Aug 2023); http://hmmer.org/'
[12:43:56] Looking for 'hmmscan' - found /apps/hmmer/3.4.0/bin/hmmscan
[12:43:56] Determined hmmscan version is 003004 from '# HMMER 3.4 (Aug 2023); http://hmmer.org/'
[12:43:56] Looking for 'java' - found /apps/amazon-corretto/21.0.0.35.1/bin/java
[12:43:56] Looking for 'makeblastdb' - found /apps/prokka/1.14.5/binaries/linux/makeblastdb
[12:43:56] Determined makeblastdb version is 002009 from 'makeblastdb: 2.9.0+'
[12:43:56] Looking for 'minced' - found /apps/prokka/1.14.5/binaries/common/minced
[12:43:56] Determined minced version is 002000 from 'minced 0.2.0'
[12:43:56] Looking for 'parallel' - found /apps/parallel/20210322/bin/parallel
[12:43:56] Determined parallel version is 20210322 from 'GNU parallel 20210322'
[12:43:56] Looking for 'prodigal' - found /apps/prokka/1.14.5/binaries/linux/prodigal
[12:43:56] Determined prodigal version is 002006 from 'Prodigal V2.6.3: February, 2016'
[12:43:56] Looking for 'prokka-genbank_to_fasta_db' - found /apps/prokka/1.14.5/bin/prokka-genbank_to_fasta_db
[12:43:56] Looking for 'sed' - found /usr/bin/sed
[12:43:56] Looking for 'tbl2asn' - found /apps/prokka/1.14.5/binaries/linux/tbl2asn
[12:43:56] Determined tbl2asn version is 025008 from 'tbl2asn 25.8   arguments:'
[12:43:56] Using genetic code table 1.
[12:43:56] Loading and checking input file: ./genomes_1/ON075463.fasta
[12:43:56] Wrote 1 contigs totalling 112489 bp.
[12:43:56] Predicting tRNAs and tmRNAs
[12:43:56] Running: aragorn -l -gc1  -w \.\/prokka_outputs\/ON075463\/ON075463\.fna
[12:43:56] Found 0 tRNAs
[12:43:56] Disabling rRNA search: --kingdom=Viruses or --norrna=0
[12:43:56] Skipping ncRNA search, enable with --rfam if desired.
[12:43:56] Total of 0 tRNA + rRNA features
[12:43:56] Searching for CRISPR repeats
[12:43:56] CRISPR1 ON075463.1 22488 with 3 spacers
[12:43:56] Found 1 CRISPRs
[12:43:56] Predicting coding sequences
[12:43:56] Contigs total 112489 bp, so using single mode
[12:43:56] Running: prodigal -i \.\/prokka_outputs\/ON075463\/ON075463\.fna -c -m -g 1 -p single -f sco -q
[12:43:57] Excluding CDS which overlaps existing RNA (CRISPR) at ON075463.1:19790..22924 on + strand
[12:43:57] Found 120 CDS
[12:43:57] Connecting features back to sequences
[12:43:57] Not using genus-specific database. Try --usegenus to enable it.
[12:43:57] Annotating CDS, please be patient.
[12:43:57] Will use 8 CPUs for similarity searching.
[12:43:57] There are still 120 unannotated CDS left (started with 120)
[12:43:57] Will use blast to search against /apps/prokka/1.14.5/db/kingdom/Viruses/sprot with 8 CPUs
[12:43:57] Running: cat \.\/prokka_outputs\/ON075463\/ON075463\.sprot\.tmp\.4458\.faa | parallel --gnu --plain -j 8 --block 2163 --recstart '>' --pipe blastp -query - -db /apps/prokka/1.14.5/db/kingdom/Viruses/sprot -evalue 1e-09 -qcov_hsp_perc 80 -num_threads 1 -num_descriptions 1 -num_alignments 1 -seg no > \.\/prokka_outputs\/ON075463\/ON075463\.sprot\.tmp\.4458\.blast 2> /dev/null
[12:43:58] Deleting unwanted file: ./prokka_outputs/ON075463/ON075463.sprot.tmp.4458.faa
[12:43:58] Deleting unwanted file: ./prokka_outputs/ON075463/ON075463.sprot.tmp.4458.blast
[12:43:58] Labelling remaining 117 proteins as 'hypothetical protein'
[12:43:58] Found 2 unique /gene codes.
[12:43:58] Fixed 0 colliding /gene names.
[12:43:58] Adding /locus_tag identifiers
[12:43:58] Assigned 120 locus_tags to CDS and RNA features.
[12:43:58] Writing outputs to ./prokka_outputs/ON075463/
[12:43:58] Generating annotation statistics file
[12:43:58] Generating Genbank and Sequin files
[12:43:58] Running: tbl2asn -V b -a r10k -l paired-ends -M n -N 1 -y 'Annotated using prokka 1.14.5 from https://github.com/tseemann/prokka' -Z \.\/prokka_outputs\/ON075463\/ON075463\.err -i \.\/prokka_outputs\/ON075463\/ON075463\.fsa 2> /dev/null
[12:43:58] Deleting unwanted file: ./prokka_outputs/ON075463/errorsummary.val
[12:43:58] Deleting unwanted file: ./prokka_outputs/ON075463/ON075463.dr
[12:43:58] Deleting unwanted file: ./prokka_outputs/ON075463/ON075463.fixedproducts
[12:43:58] Deleting unwanted file: ./prokka_outputs/ON075463/ON075463.ecn
[12:43:58] Deleting unwanted file: ./prokka_outputs/ON075463/ON075463.val
[12:43:58] Repairing broken .GBK output that tbl2asn produces...
[12:43:58] Running: sed 's/COORDINATES: profile/COORDINATES:profile/' < \.\/prokka_outputs\/ON075463\/ON075463\.gbf > \.\/prokka_outputs\/ON075463\/ON075463\.gbk
[12:43:58] Deleting unwanted file: ./prokka_outputs/ON075463/ON075463.gbf
[12:43:58] Output files:
[12:43:58] ./prokka_outputs/ON075463/ON075463.gff
[12:43:58] ./prokka_outputs/ON075463/ON075463.fsa
[12:43:58] ./prokka_outputs/ON075463/ON075463.log
[12:43:58] ./prokka_outputs/ON075463/ON075463.err
[12:43:58] ./prokka_outputs/ON075463/ON075463.gbk
[12:43:58] ./prokka_outputs/ON075463/ON075463.tsv
[12:43:58] ./prokka_outputs/ON075463/ON075463.sqn
[12:43:58] ./prokka_outputs/ON075463/ON075463.faa
[12:43:58] ./prokka_outputs/ON075463/ON075463.txt
[12:43:58] ./prokka_outputs/ON075463/ON075463.fna
[12:43:58] ./prokka_outputs/ON075463/ON075463.tbl
[12:43:58] ./prokka_outputs/ON075463/ON075463.ffn
[12:43:58] Annotation finished successfully.
[12:43:58] Walltime used: 0.03 minutes
[12:43:58] If you use this result please cite the Prokka paper:
[12:43:58] Seemann T (2014) Prokka: rapid prokaryotic genome annotation. Bioinformatics. 30(14):2068-9.
[12:43:58] Type 'prokka --citation' for more details.
[12:43:58] Thank you, come again.
