IQ-TREE multicore version 2.2.0.5 COVID-edition for Linux 64-bit built Sep 26 2022
Developed by Bui Quang Minh, James Barbetti, Nguyen Lam Tung,
Olga Chernomor, Heiko Schmidt, Dominik Schrempf, Michael Woodhams, Ly Trong Nhan.

Host:    petrichor-login (AVX2, FMA3, 503 GB RAM)
Command: iqtree2 -s alignments_species_muscle5_edited_trimmed/OG0000008.fa -B 1000 -mset Blosum62,cpREV,Dayhoff,DCMut,FLAVI,FLU,HIVb,HIVw,JTT,JTTDCMut,LG,mtART,mtMAM,mtREV,mtZOA,mtMet,mtVer,mtInv,PMB,Q.bird,Q.insect,Q.mammal,Q.pfam,Q.plant,Q.yeast,rtREV,VT,WAG,Q.iridoviridae,Q.mcv -T 4 -pre iqtree_species/OG0000008.fa
Seed:    666225 (Using SPRNG - Scalable Parallel Random Number Generator)
Time:    Thu Apr  3 12:55:51 2025
Kernel:  AVX+FMA - 4 threads (64 CPU cores detected)

Reading alignment file alignments_species_muscle5_edited_trimmed/OG0000008.fa ... Fasta format detected
Reading fasta file: done in 0.000206947 secs using 98.58% CPU
Alignment most likely contains protein sequences
Constructing alignment: done in 0.000146866 secs using 296.9% CPU
Alignment has 58 sequences with 130 columns, 85 distinct patterns
59 parsimony-informative, 2 singleton sites, 69 constant sites
                                           Gap/Ambiguity  Composition  p-value
Analyzing sequences: done in 4.29153e-05 secs using 307.6% CPU
   1  MT128666_Megalocytivirus_pagrus1_ISKNV       0.00%    passed    100.00%
   2  MN432490_Megalocytivirus_pagrus1_ISKNV       0.00%    passed    100.00%
   3  GQ273492_Megalocytivirus_pagrus1_TRBIV       0.00%    passed    100.00%
   4  MK098187_Megalocytivirus_pagrus1_RSIV        0.00%    passed    100.00%
   5  MW883597_Megalocytivirus_pagrus1_ISKNV       0.00%    passed    100.00%
   6  MW883593_Megalocytivirus_pagrus1_ISKNV       0.00%    passed    100.00%
   7  MK689686_Megalocytivirus_pagrus1_RSIV        0.00%    passed    100.00%
   8  KT781098_Megalocytivirus_pagrus1_ISKNV       0.00%    passed    100.00%
   9  PP974677_Megalocytivirus_pagrus1_ISKNV       0.00%    passed    100.00%
  10  OR536350_Megalocytivirus_pagrus1_ISKNV       0.00%    passed    100.00%
  11  MW883598_Megalocytivirus_pagrus1_RSIV        0.00%    passed    100.00%
  12  KC244182_Megalocytivirus_pagrus1_RSIV        0.00%    passed    100.00%
  13  NC_003494_Megalocytivirus_pagrus1_ISKNV      0.00%    passed    100.00%
  14  MW273354_Megalocytivirus_pagrus1_ISKNV       0.00%    passed    100.00%
  15  MW273353_Megalocytivirus_pagrus1_ISKNV       0.00%    passed    100.00%
  16  MT986830_Megalocytivirus_pagrus1_ISKNV       0.00%    passed    100.00%
  17  OQ513807_Megalocytivirus_pagrus1_ISKNV       0.00%    passed    100.00%
  18  OL774655_Megalocytivirus_pagrus1_RSIV        0.00%    passed    100.00%
  19  BD143114_Megalocytivirus_pagrus1_RSIV        0.00%    passed    100.00%
  20  MW883602_Megalocytivirus_pagrus1_ISKNV       0.00%    passed    100.00%
  21  MK098185_Megalocytivirus_pagrus1_RSIV        0.00%    passed    100.00%
  22  ON740976_Megalocytivirus_pagrus1_RSIV        0.00%    passed    100.00%
  23  MT128667_Megalocytivirus_pagrus1_ISKNV       0.00%    passed    100.00%
  24  MT926123_Megalocytivirus_pagrus1_ISKNV       0.00%    passed    100.00%
  25  MW883596_Megalocytivirus_pagrus1_ISKNV       0.00%    passed    100.00%
  26  KT804738_Megalocytivirus_pagrus1_RSIV       13.08%    passed     18.49%
  27  AY894343_Megalocytivirus_pagrus1_RSIV       12.31%    passed     15.65%
  28  OK042109_Megalocytivirus_pagrus1_RSIV        0.00%    passed    100.00%
  29  MK689685_Megalocytivirus_pagrus1_ISKNV       0.00%    passed    100.00%
  30  MK098186_Megalocytivirus_pagrus1_RSIV        0.00%    passed    100.00%
  31  MW883603_Megalocytivirus_pagrus1_ISKNV       0.00%    passed    100.00%
  32  MW883594_Megalocytivirus_pagrus1_ISKNV       0.00%    passed    100.00%
  33  MW883601_Megalocytivirus_pagrus1_ISKNV       0.00%    passed    100.00%
  34  MW883595_Megalocytivirus_pagrus1_ISKNV       0.00%    passed    100.00%
  35  23043610005_Megalocytivirus_pagrus1_ISKNV    0.00%    passed    100.00%
  36  OK042108_Megalocytivirus_pagrus1_RSIV        0.00%    passed    100.00%
  37  OR356116_Megalocytivirus_pagrus1_ISKNV       0.00%    passed    100.00%
  38  OP009387_Megalocytivirus_pagrus1_ISKNV       0.00%    passed    100.00%
  39  AF371960_Megalocytivirus_pagrus1_ISKNV       0.00%    passed    100.00%
  40  OP896201_Megalocytivirus_pagrus1_ISKNV       0.00%    passed    100.00%
  41  OR670976_Megalocytivirus_pagrus1_ISKNV       0.00%    passed    100.00%
  42  MG570132_Megalocytivirus_pagrus1_TRBIV       0.00%    passed    100.00%
  43  OL774653_Megalocytivirus_pagrus1_RSIV        0.00%    passed    100.00%
  44  AP017456_Megalocytivirus_pagrus1_RSIV        0.00%    passed    100.00%
  45  ON212400_Megalocytivirus_pagrus1_ISKNV       0.00%    passed    100.00%
  46  MT798582_Megalocytivirus_pagrus1_RSIV        0.00%    passed    100.00%
  47  MW139932_Megalocytivirus_pagrus1_RSIV        0.00%    passed    100.00%
  48  AB104413_Megalocytivirus_pagrus1_RSIV        0.00%    passed    100.00%
  49  MW883606_Megalocytivirus_pagrus1_ISKNV       0.00%    passed    100.00%
  50  MW883599_Megalocytivirus_pagrus1_ISKNV       0.00%    passed    100.00%
  51  ON075463_Megalocytivirus_pagrus1_RSIV        0.00%    passed    100.00%
  52  PP151097_Megalocytivirus_pagrus1_ISKNV       0.00%    passed    100.00%
  53  MW883600_Megalocytivirus_pagrus1_ISKNV       0.00%    passed    100.00%
  54  ON743042_Megalocytivirus_pagrus1_RSIV        0.00%    passed    100.00%
  55  OL774654_Megalocytivirus_pagrus1_RSIV        0.00%    passed    100.00%
  56  OQ475017_Megalocytivirus_pagrus1_RSIV        0.00%    passed    100.00%
  57  MG570131_Megalocytivirus_pagrus1_TRBIV       0.00%    passed    100.00%
  58  23043610003_Megalocytivirus_pagrus1_ISKNV    0.00%    passed    100.00%
****  TOTAL                                        0.44%  0 sequences failed composition chi2 test (p-value<5%; df=19)
NOTE: MW883597_Megalocytivirus_pagrus1_ISKNV is identical to MT128666_Megalocytivirus_pagrus1_ISKNV but kept for subsequent analysis
NOTE: PP974677_Megalocytivirus_pagrus1_ISKNV is identical to MN432490_Megalocytivirus_pagrus1_ISKNV but kept for subsequent analysis
NOTE: OK042109_Megalocytivirus_pagrus1_RSIV is identical to GQ273492_Megalocytivirus_pagrus1_TRBIV but kept for subsequent analysis
NOTE: MK689686_Megalocytivirus_pagrus1_RSIV is identical to MK098187_Megalocytivirus_pagrus1_RSIV but kept for subsequent analysis
NOTE: OR670976_Megalocytivirus_pagrus1_ISKNV is identical to OQ513807_Megalocytivirus_pagrus1_ISKNV but kept for subsequent analysis
NOTE: MG570131_Megalocytivirus_pagrus1_TRBIV is identical to MG570132_Megalocytivirus_pagrus1_TRBIV but kept for subsequent analysis
Checking for duplicate sequences: done in 0.000124931 secs using 305% CPU
Identifying sites to remove: done in 6.07967e-05 secs using 305.9% CPU
NOTE: 41 identical sequences (see below) will be ignored for subsequent analysis
NOTE: MW883593_Megalocytivirus_pagrus1_ISKNV (identical to MT128666_Megalocytivirus_pagrus1_ISKNV) is ignored but added at the end
NOTE: KT781098_Megalocytivirus_pagrus1_ISKNV (identical to MT128666_Megalocytivirus_pagrus1_ISKNV) is ignored but added at the end
NOTE: OR536350_Megalocytivirus_pagrus1_ISKNV (identical to MT128666_Megalocytivirus_pagrus1_ISKNV) is ignored but added at the end
NOTE: NC_003494_Megalocytivirus_pagrus1_ISKNV (identical to MT128666_Megalocytivirus_pagrus1_ISKNV) is ignored but added at the end
NOTE: MW273354_Megalocytivirus_pagrus1_ISKNV (identical to MT128666_Megalocytivirus_pagrus1_ISKNV) is ignored but added at the end
NOTE: MW273353_Megalocytivirus_pagrus1_ISKNV (identical to MT128666_Megalocytivirus_pagrus1_ISKNV) is ignored but added at the end
NOTE: MW883602_Megalocytivirus_pagrus1_ISKNV (identical to MT128666_Megalocytivirus_pagrus1_ISKNV) is ignored but added at the end
NOTE: MT128667_Megalocytivirus_pagrus1_ISKNV (identical to MT128666_Megalocytivirus_pagrus1_ISKNV) is ignored but added at the end
NOTE: MT926123_Megalocytivirus_pagrus1_ISKNV (identical to MT128666_Megalocytivirus_pagrus1_ISKNV) is ignored but added at the end
NOTE: MW883596_Megalocytivirus_pagrus1_ISKNV (identical to MT128666_Megalocytivirus_pagrus1_ISKNV) is ignored but added at the end
NOTE: MK689685_Megalocytivirus_pagrus1_ISKNV (identical to MT128666_Megalocytivirus_pagrus1_ISKNV) is ignored but added at the end
NOTE: MW883603_Megalocytivirus_pagrus1_ISKNV (identical to MT128666_Megalocytivirus_pagrus1_ISKNV) is ignored but added at the end
NOTE: MW883594_Megalocytivirus_pagrus1_ISKNV (identical to MT128666_Megalocytivirus_pagrus1_ISKNV) is ignored but added at the end
NOTE: MW883601_Megalocytivirus_pagrus1_ISKNV (identical to MT128666_Megalocytivirus_pagrus1_ISKNV) is ignored but added at the end
NOTE: 23043610005_Megalocytivirus_pagrus1_ISKNV (identical to MT128666_Megalocytivirus_pagrus1_ISKNV) is ignored but added at the end
NOTE: OR356116_Megalocytivirus_pagrus1_ISKNV (identical to MT128666_Megalocytivirus_pagrus1_ISKNV) is ignored but added at the end
NOTE: AF371960_Megalocytivirus_pagrus1_ISKNV (identical to MT128666_Megalocytivirus_pagrus1_ISKNV) is ignored but added at the end
NOTE: OP896201_Megalocytivirus_pagrus1_ISKNV (identical to MT128666_Megalocytivirus_pagrus1_ISKNV) is ignored but added at the end
NOTE: ON212400_Megalocytivirus_pagrus1_ISKNV (identical to MT128666_Megalocytivirus_pagrus1_ISKNV) is ignored but added at the end
NOTE: MW883599_Megalocytivirus_pagrus1_ISKNV (identical to MT128666_Megalocytivirus_pagrus1_ISKNV) is ignored but added at the end
NOTE: MW883600_Megalocytivirus_pagrus1_ISKNV (identical to MT128666_Megalocytivirus_pagrus1_ISKNV) is ignored but added at the end
NOTE: 23043610003_Megalocytivirus_pagrus1_ISKNV (identical to MT128666_Megalocytivirus_pagrus1_ISKNV) is ignored but added at the end
NOTE: MT986830_Megalocytivirus_pagrus1_ISKNV (identical to MN432490_Megalocytivirus_pagrus1_ISKNV) is ignored but added at the end
NOTE: MW883595_Megalocytivirus_pagrus1_ISKNV (identical to MN432490_Megalocytivirus_pagrus1_ISKNV) is ignored but added at the end
NOTE: OP009387_Megalocytivirus_pagrus1_ISKNV (identical to MN432490_Megalocytivirus_pagrus1_ISKNV) is ignored but added at the end
NOTE: PP151097_Megalocytivirus_pagrus1_ISKNV (identical to MN432490_Megalocytivirus_pagrus1_ISKNV) is ignored but added at the end
NOTE: KC244182_Megalocytivirus_pagrus1_RSIV (identical to MK098187_Megalocytivirus_pagrus1_RSIV) is ignored but added at the end
NOTE: OL774655_Megalocytivirus_pagrus1_RSIV (identical to MK098187_Megalocytivirus_pagrus1_RSIV) is ignored but added at the end
NOTE: BD143114_Megalocytivirus_pagrus1_RSIV (identical to MK098187_Megalocytivirus_pagrus1_RSIV) is ignored but added at the end
NOTE: MK098185_Megalocytivirus_pagrus1_RSIV (identical to MK098187_Megalocytivirus_pagrus1_RSIV) is ignored but added at the end
NOTE: MK098186_Megalocytivirus_pagrus1_RSIV (identical to MK098187_Megalocytivirus_pagrus1_RSIV) is ignored but added at the end
NOTE: OK042108_Megalocytivirus_pagrus1_RSIV (identical to MK098187_Megalocytivirus_pagrus1_RSIV) is ignored but added at the end
NOTE: OL774653_Megalocytivirus_pagrus1_RSIV (identical to MK098187_Megalocytivirus_pagrus1_RSIV) is ignored but added at the end
NOTE: AP017456_Megalocytivirus_pagrus1_RSIV (identical to MK098187_Megalocytivirus_pagrus1_RSIV) is ignored but added at the end
NOTE: MT798582_Megalocytivirus_pagrus1_RSIV (identical to MK098187_Megalocytivirus_pagrus1_RSIV) is ignored but added at the end
NOTE: MW139932_Megalocytivirus_pagrus1_RSIV (identical to MK098187_Megalocytivirus_pagrus1_RSIV) is ignored but added at the end
NOTE: AB104413_Megalocytivirus_pagrus1_RSIV (identical to MK098187_Megalocytivirus_pagrus1_RSIV) is ignored but added at the end
NOTE: ON075463_Megalocytivirus_pagrus1_RSIV (identical to MK098187_Megalocytivirus_pagrus1_RSIV) is ignored but added at the end
NOTE: ON743042_Megalocytivirus_pagrus1_RSIV (identical to MK098187_Megalocytivirus_pagrus1_RSIV) is ignored but added at the end
NOTE: OL774654_Megalocytivirus_pagrus1_RSIV (identical to MK098187_Megalocytivirus_pagrus1_RSIV) is ignored but added at the end
NOTE: OQ475017_Megalocytivirus_pagrus1_RSIV (identical to MK098187_Megalocytivirus_pagrus1_RSIV) is ignored but added at the end
Alignment was printed to iqtree_species/OG0000008.fa.uniqueseq.phy

For your convenience alignment with unique sequences printed to iqtree_species/OG0000008.fa.uniqueseq.phy


Create initial parsimony tree by phylogenetic likelihood library (PLL)... 0.000 seconds
Perform fast likelihood tree search using LG+I+G model...
Estimate model parameters (epsilon = 5.000)
Perform nearest neighbor interchange...
Optimizing NNI: done in 0.010006 secs using 355% CPU
Estimate model parameters (epsilon = 1.000)
1. Initial log-likelihood: -743.509
Optimal log-likelihood: -743.331
Proportion of invariable sites: 0.307
Gamma shape alpha: 6.310
Parameters optimization took 1 rounds (0.009 sec)
Time for fast ML tree search: 0.091 seconds

NOTE: ModelFinder requires 3 MB RAM!
ModelFinder will test up to 1320 protein models (sample size: 130) ...
 No. Model         -LnL         df  AIC          AICc         BIC
  1  Blosum62      743.968      31  1549.935     1570.180     1638.829
  2  Blosum62+I    742.032      32  1548.063     1569.837     1639.825
  3  Blosum62+G4   742.607      32  1549.214     1570.987     1640.975
  4  Blosum62+I+G4 742.049      33  1550.098     1573.473     1644.726
  5  Blosum62+R2   742.405      33  1550.811     1574.186     1645.440
  6  Blosum62+R3   742.452      35  1554.904     1581.713     1655.268
 14  Blosum62+I+R2 742.291      34  1552.582     1577.635     1650.078
 15  Blosum62+I+R3 742.207      36  1556.414     1585.059     1659.646
 23  Blosum62+F    722.866      50  1545.732     1610.289     1689.108
 24  Blosum62+F+I  720.793      51  1543.587     1611.587     1689.831
 25  Blosum62+F+G4 721.271      51  1544.543     1612.543     1690.787
 26  Blosum62+F+I+G4 720.808      52  1545.616     1617.201     1694.728
 27  Blosum62+F+R2 721.113      52  1546.227     1617.811     1695.339
 45  cpREV         753.119      31  1568.239     1588.484     1657.132
 46  cpREV+I       744.885      32  1553.770     1575.544     1645.532
 47  cpREV+G4      746.949      32  1557.897     1579.670     1649.658
 48  cpREV+I+G4    744.920      33  1555.839     1579.214     1650.468
 49  cpREV+R2      747.107      33  1560.213     1583.588     1654.842
 67  cpREV+F       728.823      50  1557.647     1622.204     1701.023
 68  cpREV+F+I     720.389      51  1542.777     1610.777     1689.021
 69  cpREV+F+G4    721.857      51  1545.714     1613.714     1691.958
 70  cpREV+F+I+G4  720.412      52  1544.824     1616.408     1693.935
 71  cpREV+F+R2    722.409      52  1548.818     1620.403     1697.930
 89  Dayhoff       747.283      31  1556.565     1576.810     1645.459
 90  Dayhoff+I     741.929      32  1547.858     1569.631     1639.619
 91  Dayhoff+G4    743.076      32  1550.151     1571.925     1641.912
 92  Dayhoff+I+G4  741.938      33  1549.875     1573.250     1644.504
 93  Dayhoff+R2    742.781      33  1551.562     1574.937     1646.190
111  Dayhoff+F     722.751      50  1545.503     1610.060     1688.880
112  Dayhoff+F+I   716.616      51  1535.232     1603.232     1681.476
113  Dayhoff+F+G4  717.554      51  1537.107     1605.107     1683.352
114  Dayhoff+F+I+G4 716.659      52  1537.317     1608.902     1686.429
115  Dayhoff+F+R2  717.524      52  1539.047     1610.631     1688.159
133  DCMut         747.217      31  1556.434     1576.679     1645.328
134  DCMut+I       741.933      32  1547.866     1569.639     1639.627
135  DCMut+G4      743.061      32  1550.122     1571.895     1641.883
136  DCMut+I+G4    741.941      33  1549.883     1573.258     1644.511
137  DCMut+R2      742.763      33  1551.527     1574.902     1646.155
155  DCMut+F       722.652      50  1545.304     1609.861     1688.681
156  DCMut+F+I     716.598      51  1535.197     1603.197     1681.441
157  DCMut+F+G4    717.519      51  1537.038     1605.038     1683.282
158  DCMut+F+I+G4  716.640      52  1537.280     1608.865     1686.392
159  DCMut+F+R2    717.479      52  1538.959     1610.543     1688.070
WARNING: Normalizing state frequencies so that sum of them equals to 1
177  FLAVI         773.571      31  1609.142     1629.386     1698.035
WARNING: Normalizing state frequencies so that sum of them equals to 1
178  FLAVI+I       750.414      32  1564.827     1586.601     1656.588
WARNING: Normalizing state frequencies so that sum of them equals to 1
179  FLAVI+G4      754.463      32  1572.926     1594.699     1664.687
WARNING: Normalizing state frequencies so that sum of them equals to 1
180  FLAVI+I+G4    750.423      33  1566.846     1590.221     1661.475
WARNING: Normalizing state frequencies so that sum of them equals to 1
181  FLAVI+R2      760.101      33  1586.203     1609.578     1680.831
WARNING: Normalizing state frequencies so that sum of them equals to 1
199  FLAVI+F       748.803      50  1597.606     1662.162     1740.982
WARNING: Normalizing state frequencies so that sum of them equals to 1
200  FLAVI+F+I     725.982      51  1553.963     1621.963     1700.207
WARNING: Normalizing state frequencies so that sum of them equals to 1
201  FLAVI+F+G4    728.657      51  1559.314     1627.314     1705.559
WARNING: Normalizing state frequencies so that sum of them equals to 1
202  FLAVI+F+I+G4  726.043      52  1556.087     1627.671     1705.198
WARNING: Normalizing state frequencies so that sum of them equals to 1
203  FLAVI+F+R2    735.874      52  1575.747     1647.332     1724.859
221  FLU           769.282      31  1600.565     1620.810     1689.458
222  FLU+I         754.825      32  1573.650     1595.423     1665.411
223  FLU+G4        758.535      32  1581.069     1602.843     1672.830
224  FLU+I+G4      754.840      33  1575.681     1599.056     1670.309
225  FLU+R2        759.969      33  1585.939     1609.314     1680.567
243  FLU+F         735.730      50  1571.460     1636.016     1714.836
244  FLU+F+I       721.145      51  1544.290     1612.290     1690.534
245  FLU+F+G4      724.107      51  1550.213     1618.213     1696.457
246  FLU+F+I+G4    721.161      52  1546.321     1617.906     1695.433
247  FLU+F+R2      726.472      52  1556.945     1628.529     1706.056
265  HIVb          761.193      31  1584.386     1604.631     1673.280
266  HIVb+I        746.980      32  1557.961     1579.734     1649.722
267  HIVb+G4       749.851      32  1563.703     1585.476     1655.464
268  HIVb+I+G4     747.001      33  1560.002     1583.377     1654.630
269  HIVb+R2       750.899      33  1567.797     1591.172     1662.426
287  HIVb+F        741.686      50  1583.372     1647.929     1726.748
288  HIVb+F+I      725.115      51  1552.229     1620.229     1698.473
289  HIVb+F+G4     727.449      51  1556.899     1624.899     1703.143
290  HIVb+F+I+G4   725.117      52  1554.234     1625.818     1703.345
291  HIVb+F+R2     730.122      52  1564.245     1635.829     1713.357
309  HIVw          796.970      31  1655.941     1676.186     1744.834
310  HIVw+I        775.897      32  1615.795     1637.568     1707.556
311  HIVw+G4       779.205      32  1622.411     1644.184     1714.172
312  HIVw+I+G4     775.899      33  1617.799     1641.174     1712.427
313  HIVw+R2       783.254      33  1632.507     1655.882     1727.136
331  HIVw+F        747.065      50  1594.130     1658.687     1737.507
332  HIVw+F+I      726.839      51  1555.678     1623.678     1701.923
333  HIVw+F+G4     730.103      51  1562.206     1630.206     1708.450
334  HIVw+F+I+G4   726.850      52  1557.700     1629.285     1706.812
335  HIVw+F+R2     734.530      52  1573.060     1644.645     1722.172
353  JTT           742.937      31  1547.874     1568.118     1636.767
354  JTT+I         738.063      32  1540.126     1561.899     1631.887
355  JTT+G4        739.222      32  1542.445     1564.218     1634.206
356  JTT+I+G4      738.091      33  1542.182     1565.557     1636.811
357  JTT+R2        738.965      33  1543.931     1567.306     1638.559
375  JTT+F         722.354      50  1544.708     1609.265     1688.084
376  JTT+F+I       716.633      51  1535.266     1603.266     1681.510
377  JTT+F+G4      717.808      51  1537.615     1605.615     1683.859
378  JTT+F+I+G4    716.689      52  1537.378     1608.962     1686.490
379  JTT+F+R2      717.763      52  1539.527     1611.111     1688.638
397  JTTDCMut      743.029      31  1548.058     1568.303     1636.952
398  JTTDCMut+I    738.287      32  1540.573     1562.346     1632.334
399  JTTDCMut+G4   739.441      32  1542.882     1564.655     1634.643
400  JTTDCMut+I+G4 738.311      33  1542.622     1565.997     1637.250
401  JTTDCMut+R2   739.170      33  1544.341     1567.716     1638.969
419  JTTDCMut+F    722.283      50  1544.566     1609.123     1687.943
420  JTTDCMut+F+I  716.712      51  1535.424     1603.424     1681.669
421  JTTDCMut+F+G4 717.869      51  1537.739     1605.739     1683.983
422  JTTDCMut+F+I+G4 716.763      52  1537.525     1609.109     1686.637
423  JTTDCMut+F+R2 717.803      52  1539.606     1611.190     1688.718
441  LG            749.298      31  1560.596     1580.840     1649.489
442  LG+I          742.932      32  1549.865     1571.638     1641.626
443  LG+G4         744.407      32  1552.815     1574.588     1644.576
444  LG+I+G4       742.965      33  1551.929     1575.304     1646.558
445  LG+R2         744.366      33  1554.731     1578.106     1649.360
463  LG+F          725.914      50  1551.827     1616.384     1695.204
464  LG+F+I        718.775      51  1539.549     1607.549     1685.793
465  LG+F+G4       720.094      51  1542.189     1610.189     1688.433
466  LG+F+I+G4     718.793      52  1541.587     1613.171     1690.698
467  LG+F+R2       720.358      52  1544.717     1616.301     1693.829
485  mtART         818.533      31  1699.067     1719.312     1787.960
486  mtART+I       775.683      32  1615.366     1637.139     1707.127
487  mtART+G4      779.234      32  1622.468     1644.241     1714.229
488  mtART+I+G4    775.569      33  1617.137     1640.512     1711.766
489  mtART+R2      794.024      33  1654.047     1677.422     1748.676
507  mtART+F       766.978      50  1633.956     1698.513     1777.332
508  mtART+F+I     725.395      51  1552.791     1620.791     1699.035
509  mtART+F+G4    728.610      51  1559.221     1627.221     1705.465
510  mtART+F+I+G4  725.460      52  1554.919     1626.503     1704.031
511  mtART+F+R2    744.978      52  1593.956     1665.540     1743.067
529  mtMAM         800.901      31  1663.801     1684.046     1752.695
530  mtMAM+I       766.597      32  1597.193     1618.966     1688.954
531  mtMAM+G4      770.754      32  1605.508     1627.281     1697.269
532  mtMAM+I+G4    766.611      33  1599.221     1622.596     1693.850
533  mtMAM+R2      782.250      33  1630.501     1653.876     1725.130
551  mtMAM+F       756.616      50  1613.232     1677.789     1756.609
552  mtMAM+F+I     723.817      51  1549.634     1617.634     1695.878
553  mtMAM+F+G4    727.155      51  1556.310     1624.310     1702.554
554  mtMAM+F+I+G4  723.844      52  1551.687     1623.272     1700.799
555  mtMAM+F+R2    740.092      52  1584.183     1655.768     1733.295
573  mtREV         783.050      31  1628.100     1648.345     1716.994
574  mtREV+I       764.290      32  1592.580     1614.354     1684.341
575  mtREV+G4      767.081      32  1598.161     1619.935     1689.922
576  mtREV+I+G4    764.294      33  1594.587     1617.962     1689.216
577  mtREV+R2      770.257      33  1606.514     1629.889     1701.143
595  mtREV+F       737.154      50  1574.307     1638.864     1717.684
596  mtREV+F+I     721.480      51  1544.959     1612.959     1691.204
597  mtREV+F+G4    723.015      51  1548.029     1616.029     1694.273
598  mtREV+F+I+G4  721.537      52  1547.073     1618.657     1696.185
599  mtREV+F+R2    726.118      52  1556.236     1627.820     1705.347
617  mtZOA         790.789      31  1643.578     1663.822     1732.471
618  mtZOA+I       761.035      32  1586.069     1607.842     1677.830
619  mtZOA+G4      765.876      32  1595.752     1617.525     1687.513
620  mtZOA+I+G4    761.041      33  1588.082     1611.457     1682.710
621  mtZOA+R2      773.299      33  1612.597     1635.972     1707.226
639  mtZOA+F       750.121      50  1600.241     1664.798     1743.618
640  mtZOA+F+I     722.564      51  1547.128     1615.128     1693.372
641  mtZOA+F+G4    725.706      51  1553.412     1621.412     1699.657
642  mtZOA+F+I+G4  722.583      52  1549.166     1620.751     1698.278
643  mtZOA+F+R2    734.444      52  1572.888     1644.473     1722.000
661  mtMet         803.612      31  1669.224     1689.469     1758.117
662  mtMet+I       781.999      32  1627.999     1649.772     1719.760
663  mtMet+G4      786.126      32  1636.252     1658.025     1728.013
664  mtMet+I+G4    782.010      33  1630.019     1653.394     1724.648
665  mtMet+R2      789.457      33  1644.914     1668.289     1739.543
683  mtMet+F       740.669      50  1581.339     1645.896     1724.715
684  mtMet+F+I     721.028      51  1544.056     1612.056     1690.300
685  mtMet+F+G4    723.712      51  1549.424     1617.424     1695.668
686  mtMet+F+I+G4  721.053      52  1546.105     1617.690     1695.217
687  mtMet+F+R2    728.906      52  1561.812     1633.396     1710.924
705  mtVer         795.875      31  1653.749     1673.994     1742.643
706  mtVer+I       770.277      32  1604.554     1626.328     1696.315
707  mtVer+G4      774.704      32  1613.409     1635.182     1705.170
708  mtVer+I+G4    770.286      33  1606.571     1629.946     1701.200
709  mtVer+R2      780.254      33  1626.508     1649.883     1721.136
727  mtVer+F       745.284      50  1590.569     1655.126     1733.945
728  mtVer+F+I     722.373      51  1546.745     1614.745     1692.989
729  mtVer+F+G4    724.870      51  1551.740     1619.740     1697.984
730  mtVer+F+I+G4  722.390      52  1548.781     1620.365     1697.892
731  mtVer+F+R2    731.592      52  1567.184     1638.768     1716.296
749  mtInv         817.838      31  1697.677     1717.922     1786.570
750  mtInv+I       800.750      32  1665.500     1687.273     1757.261
751  mtInv+G4      803.911      32  1671.821     1693.594     1763.582
752  mtInv+I+G4    800.756      33  1667.513     1690.888     1762.142
753  mtInv+R2      805.672      33  1677.344     1700.719     1771.972
771  mtInv+F       735.733      50  1571.466     1636.023     1714.842
772  mtInv+F+I     720.337      51  1542.673     1610.673     1688.918
773  mtInv+F+G4    722.609      51  1547.217     1615.217     1693.462
774  mtInv+F+I+G4  720.339      52  1544.678     1616.263     1693.790
775  mtInv+F+R2    725.454      52  1554.909     1626.493     1704.021
793  PMB           740.066      31  1542.132     1562.377     1631.025
794  PMB+I         738.644      32  1541.288     1563.062     1633.049
795  PMB+G4        739.078      32  1542.155     1563.929     1633.917
796  PMB+I+G4      738.700      33  1543.400     1566.775     1638.029
797  PMB+R2        738.898      33  1543.796     1567.171     1638.424
815  PMB+F         721.828      50  1543.656     1608.213     1687.033
816  PMB+F+I       720.205      51  1542.411     1610.411     1688.655
817  PMB+F+G4      720.586      51  1543.172     1611.172     1689.416
818  PMB+F+I+G4    720.246      52  1544.492     1616.077     1693.604
819  PMB+F+R2      720.421      52  1544.842     1616.427     1693.954
WARNING: Normalizing state frequencies so that sum of them equals to 1
837  Q.bird        761.904      31  1585.809     1606.053     1674.702
WARNING: Normalizing state frequencies so that sum of them equals to 1
838  Q.bird+I      746.494      32  1556.988     1578.761     1648.749
WARNING: Normalizing state frequencies so that sum of them equals to 1
839  Q.bird+G4     748.719      32  1561.439     1583.212     1653.200
WARNING: Normalizing state frequencies so that sum of them equals to 1
840  Q.bird+I+G4   746.500      33  1558.999     1582.374     1653.628
WARNING: Normalizing state frequencies so that sum of them equals to 1
841  Q.bird+R2     750.781      33  1567.563     1590.938     1662.192
WARNING: Normalizing state frequencies so that sum of them equals to 1
859  Q.bird+F      741.146      50  1582.292     1646.849     1725.669
WARNING: Normalizing state frequencies so that sum of them equals to 1
860  Q.bird+F+I    721.364      51  1544.727     1612.727     1690.971
WARNING: Normalizing state frequencies so that sum of them equals to 1
861  Q.bird+F+G4   724.177      51  1550.355     1618.355     1696.599
WARNING: Normalizing state frequencies so that sum of them equals to 1
862  Q.bird+F+I+G4 721.364      52  1546.729     1618.313     1695.841
WARNING: Normalizing state frequencies so that sum of them equals to 1
863  Q.bird+F+R2   728.733      52  1561.466     1633.051     1710.578
881  Q.insect      756.511      31  1575.022     1595.267     1663.916
882  Q.insect+I    749.830      32  1563.661     1585.434     1655.422
883  Q.insect+G4   751.491      32  1566.982     1588.755     1658.743
884  Q.insect+I+G4 749.869      33  1565.737     1589.112     1660.366
885  Q.insect+R2   751.452      33  1568.905     1592.280     1663.533
903  Q.insect+F    724.641      50  1549.282     1613.839     1692.659
904  Q.insect+F+I  717.467      51  1536.935     1604.935     1683.179
905  Q.insect+F+G4 718.909      51  1539.818     1607.818     1686.062
906  Q.insect+F+I+G4 717.512      52  1539.023     1610.608     1688.135
907  Q.insect+F+R2 719.173      52  1542.345     1613.929     1691.457
WARNING: Normalizing state frequencies so that sum of them equals to 1
925  Q.mammal      756.485      31  1574.969     1595.214     1663.863
WARNING: Normalizing state frequencies so that sum of them equals to 1
926  Q.mammal+I    745.765      32  1555.530     1577.303     1647.291
WARNING: Normalizing state frequencies so that sum of them equals to 1
927  Q.mammal+G4   747.435      32  1558.870     1580.643     1650.631
WARNING: Normalizing state frequencies so that sum of them equals to 1
928  Q.mammal+I+G4 745.778      33  1557.556     1580.931     1652.185
WARNING: Normalizing state frequencies so that sum of them equals to 1
929  Q.mammal+R2   748.262      33  1562.523     1585.898     1657.152
WARNING: Normalizing state frequencies so that sum of them equals to 1
947  Q.mammal+F    734.218      50  1568.436     1632.993     1711.812
WARNING: Normalizing state frequencies so that sum of them equals to 1
948  Q.mammal+F+I  720.347      51  1542.693     1610.693     1688.938
WARNING: Normalizing state frequencies so that sum of them equals to 1
949  Q.mammal+F+G4 722.434      51  1546.868     1614.868     1693.112
WARNING: Normalizing state frequencies so that sum of them equals to 1
950  Q.mammal+F+I+G4 720.352      52  1544.704     1616.289     1693.816
WARNING: Normalizing state frequencies so that sum of them equals to 1
951  Q.mammal+F+R2 724.725      52  1553.450     1625.035     1702.562
WARNING: Normalizing state frequencies so that sum of them equals to 1
969  Q.pfam        746.815      31  1555.629     1575.874     1644.523
WARNING: Normalizing state frequencies so that sum of them equals to 1
970  Q.pfam+I      741.961      32  1547.921     1569.694     1639.682
WARNING: Normalizing state frequencies so that sum of them equals to 1
971  Q.pfam+G4     742.937      32  1549.873     1571.646     1641.634
WARNING: Normalizing state frequencies so that sum of them equals to 1
972  Q.pfam+I+G4   741.999      33  1549.998     1573.373     1644.626
WARNING: Normalizing state frequencies so that sum of them equals to 1
973  Q.pfam+R2     742.743      33  1551.487     1574.862     1646.116
WARNING: Normalizing state frequencies so that sum of them equals to 1
991  Q.pfam+F      723.990      50  1547.979     1612.536     1691.356
WARNING: Normalizing state frequencies so that sum of them equals to 1
992  Q.pfam+F+I    718.218      51  1538.437     1606.437     1684.681
WARNING: Normalizing state frequencies so that sum of them equals to 1
993  Q.pfam+F+G4   719.143      51  1540.286     1608.286     1686.531
WARNING: Normalizing state frequencies so that sum of them equals to 1
994  Q.pfam+F+I+G4 718.338      52  1540.676     1612.260     1689.788
WARNING: Normalizing state frequencies so that sum of them equals to 1
995  Q.pfam+F+R2   719.212      52  1542.425     1614.009     1691.537
WARNING: Normalizing state frequencies so that sum of them equals to 1
1013  Q.plant       758.009      31  1578.019     1598.264     1666.912
WARNING: Normalizing state frequencies so that sum of them equals to 1
1014  Q.plant+I     745.630      32  1555.260     1577.033     1647.021
WARNING: Normalizing state frequencies so that sum of them equals to 1
1015  Q.plant+G4    748.216      32  1560.432     1582.205     1652.193
WARNING: Normalizing state frequencies so that sum of them equals to 1
1016  Q.plant+I+G4  745.638      33  1557.277     1580.652     1651.905
WARNING: Normalizing state frequencies so that sum of them equals to 1
1017  Q.plant+R2    749.058      33  1564.115     1587.490     1658.744
WARNING: Normalizing state frequencies so that sum of them equals to 1
1035  Q.plant+F     732.222      50  1564.444     1629.001     1707.821
WARNING: Normalizing state frequencies so that sum of them equals to 1
1036  Q.plant+F+I   718.080      51  1538.161     1606.161     1684.405
WARNING: Normalizing state frequencies so that sum of them equals to 1
1037  Q.plant+F+G4  720.365      51  1542.730     1610.730     1688.974
WARNING: Normalizing state frequencies so that sum of them equals to 1
1038  Q.plant+F+I+G4 718.092      52  1540.183     1611.768     1689.295
WARNING: Normalizing state frequencies so that sum of them equals to 1
1039  Q.plant+F+R2  722.406      52  1548.813     1620.397     1697.925
WARNING: Normalizing state frequencies so that sum of them equals to 1
1057  Q.yeast       767.243      31  1596.487     1616.732     1685.380
WARNING: Normalizing state frequencies so that sum of them equals to 1
1058  Q.yeast+I     759.804      32  1583.608     1605.381     1675.369
WARNING: Normalizing state frequencies so that sum of them equals to 1
1059  Q.yeast+G4    761.585      32  1587.170     1608.944     1678.931
WARNING: Normalizing state frequencies so that sum of them equals to 1
1060  Q.yeast+I+G4  759.845      33  1585.691     1609.066     1680.320
WARNING: Normalizing state frequencies so that sum of them equals to 1
1061  Q.yeast+R2    761.644      33  1589.288     1612.663     1683.916
WARNING: Normalizing state frequencies so that sum of them equals to 1
1079  Q.yeast+F     726.411      50  1552.822     1617.379     1696.199
WARNING: Normalizing state frequencies so that sum of them equals to 1
1080  Q.yeast+F+I   718.421      51  1538.843     1606.843     1685.087
WARNING: Normalizing state frequencies so that sum of them equals to 1
1081  Q.yeast+F+G4  720.036      51  1542.073     1610.073     1688.317
WARNING: Normalizing state frequencies so that sum of them equals to 1
1082  Q.yeast+F+I+G4 718.460      52  1540.921     1612.505     1690.032
WARNING: Normalizing state frequencies so that sum of them equals to 1
1083  Q.yeast+F+R2  720.390      52  1544.780     1616.365     1693.892
1101  rtREV         751.539      31  1565.077     1585.322     1653.971
1102  rtREV+I       745.414      32  1554.829     1576.602     1646.590
1103  rtREV+G4      746.714      32  1557.428     1579.201     1649.189
1104  rtREV+I+G4    745.459      33  1556.919     1580.294     1651.548
1105  rtREV+R2      746.635      33  1559.271     1582.646     1653.899
1123  rtREV+F       725.976      50  1551.952     1616.509     1695.329
1124  rtREV+F+I     718.065      51  1538.131     1606.131     1684.375
1125  rtREV+F+G4    719.368      51  1540.737     1608.737     1686.981
1126  rtREV+F+I+G4  718.098      52  1540.196     1611.780     1689.307
1127  rtREV+F+R2    719.732      52  1543.463     1615.048     1692.575
1145  VT            743.238      31  1548.476     1568.721     1637.369
1146  VT+I          741.747      32  1547.495     1569.268     1639.256
1147  VT+G4         742.279      32  1548.558     1570.331     1640.319
1148  VT+I+G4       741.800      33  1549.600     1572.975     1644.228
1149  VT+R2         742.074      33  1550.148     1573.523     1644.776
1167  VT+F          718.372      50  1536.745     1601.302     1680.121
1168  VT+F+I        716.674      51  1535.347     1603.347     1681.591
1169  VT+F+G4       717.124      51  1536.248     1604.248     1682.492
1170  VT+F+I+G4     716.709      52  1537.418     1609.002     1686.529
1171  VT+F+R2       716.937      52  1537.874     1609.459     1686.986
1189  WAG           741.014      31  1544.028     1564.273     1632.922
1190  WAG+I         738.225      32  1540.450     1562.223     1632.211
1191  WAG+G4        739.128      32  1542.255     1564.028     1634.016
1192  WAG+I+G4      738.229      33  1542.458     1565.833     1637.087
1193  WAG+R2        738.843      33  1543.686     1567.061     1638.315
1211  WAG+F         719.047      50  1538.094     1602.651     1681.471
1212  WAG+F+I       715.952      51  1533.904     1601.904     1680.148
1213  WAG+F+G4      716.675      51  1535.350     1603.350     1681.594
1214  WAG+F+I+G4    715.953      52  1535.907     1607.491     1685.019
1215  WAG+F+R2      716.485      52  1536.970     1608.554     1686.082
Reading model parameters from file Q.iridoviridae
1233  Q.iridoviridae 751.601      31  1565.201     1585.446     1654.095
Reading model parameters from file Q.iridoviridae
1234  Q.iridoviridae+I 746.428      32  1556.856     1578.629     1648.617
Reading model parameters from file Q.iridoviridae
1235  Q.iridoviridae+G4 747.583      32  1559.166     1580.939     1650.927
Reading model parameters from file Q.iridoviridae
1236  Q.iridoviridae+I+G4 746.482      33  1558.963     1582.338     1653.592
Reading model parameters from file Q.iridoviridae
1237  Q.iridoviridae+R2 747.421      33  1560.843     1584.218     1655.471
Reading model parameters from file Q.iridoviridae
1255  Q.iridoviridae+F 724.108      50  1548.217     1612.774     1691.594
Reading model parameters from file Q.iridoviridae
1256  Q.iridoviridae+F+I 717.926      51  1537.853     1605.853     1684.097
Reading model parameters from file Q.iridoviridae
1257  Q.iridoviridae+F+G4 719.159      51  1540.318     1608.318     1686.563
Reading model parameters from file Q.iridoviridae
1258  Q.iridoviridae+F+I+G4 717.963      52  1539.926     1611.510     1689.037
Reading model parameters from file Q.iridoviridae
1259  Q.iridoviridae+F+R2 719.235      52  1542.470     1614.055     1691.582
Reading model parameters from file Q.mcv
WARNING: Normalizing state frequencies so that sum of them equals to 1
1277  Q.mcv         731.422      31  1524.844     1545.089     1613.737
Reading model parameters from file Q.mcv
WARNING: Normalizing state frequencies so that sum of them equals to 1
1278  Q.mcv+I       724.075      32  1512.151     1533.924     1603.912
Reading model parameters from file Q.mcv
WARNING: Normalizing state frequencies so that sum of them equals to 1
1279  Q.mcv+G4      725.779      32  1515.558     1537.331     1607.319
Reading model parameters from file Q.mcv
WARNING: Normalizing state frequencies so that sum of them equals to 1
1280  Q.mcv+I+G4    724.105      33  1514.211     1537.586     1608.840
Reading model parameters from file Q.mcv
WARNING: Normalizing state frequencies so that sum of them equals to 1
1281  Q.mcv+R2      725.784      33  1517.569     1540.944     1612.197
Reading model parameters from file Q.mcv
WARNING: Normalizing state frequencies so that sum of them equals to 1
1299  Q.mcv+F       723.199      50  1546.398     1610.955     1689.775
Reading model parameters from file Q.mcv
WARNING: Normalizing state frequencies so that sum of them equals to 1
1300  Q.mcv+F+I     715.160      51  1532.320     1600.320     1678.564
Reading model parameters from file Q.mcv
WARNING: Normalizing state frequencies so that sum of them equals to 1
1301  Q.mcv+F+G4    717.057      51  1536.114     1604.114     1682.358
Reading model parameters from file Q.mcv
WARNING: Normalizing state frequencies so that sum of them equals to 1
1302  Q.mcv+F+I+G4  715.190      52  1534.380     1605.964     1683.491
Reading model parameters from file Q.mcv
WARNING: Normalizing state frequencies so that sum of them equals to 1
1303  Q.mcv+F+R2    717.287      52  1538.574     1610.159     1687.686
Akaike Information Criterion:           Q.mcv+I
Corrected Akaike Information Criterion: Q.mcv+I
Bayesian Information Criterion:         Q.mcv+I
Best-fit model: Q.mcv+I chosen according to BIC

All model information printed to iqtree_species/OG0000008.fa.model.gz
CPU time for ModelFinder: 20.010 seconds (0h:0m:20s)
Wall-clock time for ModelFinder: 10.203 seconds (0h:0m:10s)
Generating 1000 samples for ultrafast bootstrap (seed: 666225)...
Reading model parameters from file Q.mcv
WARNING: Normalizing state frequencies so that sum of them equals to 1

NOTE: 0 MB RAM (0 GB) is required!
Estimate model parameters (epsilon = 0.100)
1. Initial log-likelihood: -724.075
Optimal log-likelihood: -724.075
Proportion of invariable sites: 0.370
Parameters optimization took 1 rounds (0.002 sec)
Wrote distance file to... 
Computing ML distances based on estimated model parameters...
Calculating distance matrix: done in 0.052001 secs using 22.02% CPU
Computing ML distances took 0.052055 sec (of wall-clock time) 0.011649 sec (of CPU time)
Setting up auxiliary I and S matrices: done in 6.69956e-05 secs using 640.3% CPU
Constructing RapidNJ tree: done in 0.00030899 secs using 122.7% CPU
Computing RapidNJ tree took 0.000416 sec (of wall-clock time) 0.000932 sec (of CPU time)
Log-likelihood of RapidNJ tree: -730.522
--------------------------------------------------------------------
|             INITIALIZING CANDIDATE TREE SET                      |
--------------------------------------------------------------------
Generating 98 parsimony trees... 0.032 second
Computing log-likelihood of 98 initial trees ... 0.185 seconds
Current best score: -724.075

Do NNI search on 20 best initial trees
Optimizing NNI: done in 0.00470901 secs using 469.6% CPU
Estimate model parameters (epsilon = 0.100)
BETTER TREE FOUND at iteration 1: -724.075
Optimizing NNI: done in 0.0115392 secs using 381.6% CPU
Optimizing NNI: done in 0.064502 secs using 74.79% CPU
Optimizing NNI: done in 0.0100551 secs using 349.1% CPU
Optimizing NNI: done in 0.010138 secs using 390.6% CPU
Optimizing NNI: done in 0.00896502 secs using 383.2% CPU
Optimizing NNI: done in 0.0613859 secs using 71.57% CPU
Optimizing NNI: done in 0.00986004 secs using 391.4% CPU
Optimizing NNI: done in 0.0101001 secs using 397.5% CPU
Optimizing NNI: done in 0.00983214 secs using 387.4% CPU
Iteration 10 / LogL: -724.075 / Time: 0h:0m:0s
Optimizing NNI: done in 0.010428 secs using 397% CPU
Optimizing NNI: done in 0.062587 secs using 79.73% CPU
Optimizing NNI: done in 0.0103741 secs using 382.7% CPU
Optimizing NNI: done in 0.009547 secs using 387.3% CPU
Optimizing NNI: done in 0.00850797 secs using 382.8% CPU
Optimizing NNI: done in 0.00996208 secs using 384.9% CPU
Optimizing NNI: done in 0.0605199 secs using 71.86% CPU
Optimizing NNI: done in 0.009516 secs using 390.9% CPU
Optimizing NNI: done in 0.00951409 secs using 350.5% CPU
Optimizing NNI: done in 0.00970387 secs using 275.4% CPU
Iteration 20 / LogL: -724.075 / Time: 0h:0m:0s
Finish initializing candidate tree set (9)
Current best tree score: -724.075 / CPU time: 0.629
Number of iterations: 20
--------------------------------------------------------------------
|               OPTIMIZING CANDIDATE TREE SET                      |
--------------------------------------------------------------------
Optimizing NNI: done in 0.0652771 secs using 95.23% CPU
Optimizing NNI: done in 0.0134881 secs using 385.5% CPU
Optimizing NNI: done in 0.020478 secs using 397.4% CPU
Optimizing NNI: done in 0.0802801 secs using 149.9% CPU
Optimizing NNI: done in 0.076591 secs using 129.4% CPU
Optimizing NNI: done in 0.0188339 secs using 365% CPU
Optimizing NNI: done in 0.00970101 secs using 385.5% CPU
Optimizing NNI: done in 0.070199 secs using 103.6% CPU
Optimizing NNI: done in 0.0258138 secs using 392.2% CPU
Optimizing NNI: done in 0.0602112 secs using 68.95% CPU
Iteration 30 / LogL: -734.298 / Time: 0h:0m:1s (0h:0m:2s left)
Optimizing NNI: done in 0.0108678 secs using 395.8% CPU
Optimizing NNI: done in 0.0200691 secs using 361.8% CPU
Optimizing NNI: done in 0.081239 secs using 134.9% CPU
Optimizing NNI: done in 0.022383 secs using 388.5% CPU
Optimizing NNI: done in 0.0601809 secs using 73.56% CPU
Optimizing NNI: done in 0.020618 secs using 393.1% CPU
Optimizing NNI: done in 0.0717959 secs using 122.9% CPU
Optimizing NNI: done in 0.0243909 secs using 369.3% CPU
Optimizing NNI: done in 0.0135002 secs using 391.7% CPU
Optimizing NNI: done in 0.0727992 secs using 134.2% CPU
Iteration 40 / LogL: -724.076 / Time: 0h:0m:1s (0h:0m:2s left)
Optimizing NNI: done in 0.079175 secs using 139.1% CPU
Optimizing NNI: done in 0.0212622 secs using 393.1% CPU
Optimizing NNI: done in 0.0144699 secs using 388.2% CPU
Optimizing NNI: done in 0.0739622 secs using 107.8% CPU
UPDATE BEST LOG-LIKELIHOOD: -724.075
Optimizing NNI: done in 0.020509 secs using 394.8% CPU
Optimizing NNI: done in 0.065695 secs using 108.2% CPU
Optimizing NNI: done in 0.0190759 secs using 393.9% CPU
Optimizing NNI: done in 0.065423 secs using 83.07% CPU
Optimizing NNI: done in 0.0159061 secs using 394.2% CPU
Optimizing NNI: done in 0.0154631 secs using 391.9% CPU
Iteration 50 / LogL: -724.075 / Time: 0h:0m:2s (0h:0m:2s left)
Log-likelihood cutoff on original alignment: -742.285
Optimizing NNI: done in 0.0205572 secs using 390.6% CPU
Optimizing NNI: done in 0.0716159 secs using 109.6% CPU
Optimizing NNI: done in 0.0162771 secs using 394.4% CPU
Optimizing NNI: done in 0.066855 secs using 89.29% CPU
Optimizing NNI: done in 0.0216579 secs using 358.5% CPU
Optimizing NNI: done in 0.00697803 secs using 441.4% CPU
Optimizing NNI: done in 0.0677662 secs using 111.3% CPU
Optimizing NNI: done in 0.0115669 secs using 417.6% CPU
Optimizing NNI: done in 0.015084 secs using 412.5% CPU
Optimizing NNI: done in 0.0680802 secs using 108.5% CPU
Iteration 60 / LogL: -724.076 / Time: 0h:0m:2s (0h:0m:1s left)
Optimizing NNI: done in 0.013063 secs using 465.2% CPU
Optimizing NNI: done in 0.00785899 secs using 388% CPU
Optimizing NNI: done in 0.0679238 secs using 88.11% CPU
Optimizing NNI: done in 0.021028 secs using 396.7% CPU
Optimizing NNI: done in 0.0809052 secs using 144.8% CPU
Optimizing NNI: done in 0.016891 secs using 390.2% CPU
Optimizing NNI: done in 0.0151339 secs using 384.9% CPU
Optimizing NNI: done in 0.0631218 secs using 85.86% CPU
Optimizing NNI: done in 0.0200951 secs using 389.9% CPU
Optimizing NNI: done in 0.070204 secs using 125.3% CPU
Iteration 70 / LogL: -724.077 / Time: 0h:0m:2s (0h:0m:1s left)
Optimizing NNI: done in 0.0145538 secs using 396.2% CPU
Optimizing NNI: done in 0.0151279 secs using 389.3% CPU
Optimizing NNI: done in 0.0690861 secs using 115.8% CPU
Optimizing NNI: done in 0.017771 secs using 386.1% CPU
Optimizing NNI: done in 0.066257 secs using 86.88% CPU
Optimizing NNI: done in 0.018816 secs using 390% CPU
Optimizing NNI: done in 0.088743 secs using 163.2% CPU
Optimizing NNI: done in 0.0818329 secs using 146.5% CPU
Optimizing NNI: done in 0.0353379 secs using 394.5% CPU
Optimizing NNI: done in 0.0787411 secs using 146.6% CPU
Iteration 80 / LogL: -724.076 / Time: 0h:0m:3s (0h:0m:0s left)
Optimizing NNI: done in 0.021482 secs using 393.5% CPU
Optimizing NNI: done in 0.0215409 secs using 391.3% CPU
Optimizing NNI: done in 0.0108111 secs using 390% CPU
Optimizing NNI: done in 0.0694652 secs using 118.4% CPU
Optimizing NNI: done in 0.0233171 secs using 358.5% CPU
Optimizing NNI: done in 0.0675499 secs using 140.3% CPU
Optimizing NNI: done in 0.00968504 secs using 394.9% CPU
Optimizing NNI: done in 0.0239089 secs using 376.6% CPU
Optimizing NNI: done in 0.0731349 secs using 116.6% CPU
Optimizing NNI: done in 0.0243201 secs using 398.9% CPU
Iteration 90 / LogL: -724.112 / Time: 0h:0m:3s (0h:0m:0s left)
Optimizing NNI: done in 0.0669479 secs using 90.08% CPU
Optimizing NNI: done in 0.0211351 secs using 395.2% CPU
Optimizing NNI: done in 0.080786 secs using 143.9% CPU
Optimizing NNI: done in 0.0184751 secs using 389.8% CPU
Optimizing NNI: done in 0.0667379 secs using 109.1% CPU
Optimizing NNI: done in 0.028528 secs using 372.1% CPU
Optimizing NNI: done in 0.0722589 secs using 112.4% CPU
Optimizing NNI: done in 0.0235639 secs using 356.1% CPU
Optimizing NNI: done in 0.0677938 secs using 108% CPU
Optimizing NNI: done in 0.0167971 secs using 399.5% CPU
Iteration 100 / LogL: -724.075 / Time: 0h:0m:4s (0h:0m:0s left)
Log-likelihood cutoff on original alignment: -742.775
NOTE: Bootstrap correlation coefficient of split occurrence frequencies: 0.993
Optimizing NNI: done in 0.0171249 secs using 385.7% CPU
Optimizing NNI: done in 0.0190389 secs using 396% CPU
TREE SEARCH COMPLETED AFTER 102 ITERATIONS / Time: 0h:0m:4s

--------------------------------------------------------------------
|                    FINALIZING TREE SEARCH                        |
--------------------------------------------------------------------
Performs final model parameters optimization
Estimate model parameters (epsilon = 0.010)
1. Initial log-likelihood: -724.075
Optimal log-likelihood: -724.075
Proportion of invariable sites: 0.370
Parameters optimization took 1 rounds (0.002 sec)
BEST SCORE FOUND : -724.075
Creating bootstrap support values...
Split supports printed to NEXUS file iqtree_species/OG0000008.fa.splits.nex
Total tree length: 1.635

Total number of iterations: 102
CPU time used for tree search: 8.650 sec (0h:0m:8s)
Wall-clock time used for tree search: 4.391 sec (0h:0m:4s)
Total CPU time used: 8.835 sec (0h:0m:8s)
Total wall-clock time used: 4.487 sec (0h:0m:4s)

Computing bootstrap consensus tree...
Reading input file iqtree_species/OG0000008.fa.splits.nex...
17 taxa and 115 splits.
Consensus tree written to iqtree_species/OG0000008.fa.contree
Reading input trees file iqtree_species/OG0000008.fa.contree
Log-likelihood of consensus tree: -724.080

Analysis results written to: 
  IQ-TREE report:                iqtree_species/OG0000008.fa.iqtree
  Maximum-likelihood tree:       iqtree_species/OG0000008.fa.treefile
  Likelihood distances:          iqtree_species/OG0000008.fa.mldist

Ultrafast bootstrap approximation results written to:
  Split support values:          iqtree_species/OG0000008.fa.splits.nex
  Consensus tree:                iqtree_species/OG0000008.fa.contree
  Screen log file:               iqtree_species/OG0000008.fa.log

Date and Time: Thu Apr  3 12:56:06 2025
