IQ-TREE multicore version 2.2.0.5 COVID-edition for Linux 64-bit built Sep 26 2022
Developed by Bui Quang Minh, James Barbetti, Nguyen Lam Tung,
Olga Chernomor, Heiko Schmidt, Dominik Schrempf, Michael Woodhams, Ly Trong Nhan.

Host:    petrichor-dm (AVX2, FMA3, 503 GB RAM)
Command: iqtree2 -s alignments_family_muscle5_edited_trimmed/OG0000001.fa -B 1000 -mset Blosum62,cpREV,Dayhoff,DCMut,FLAVI,FLU,HIVb,HIVw,JTT,JTTDCMut,LG,mtART,mtMAM,mtREV,mtZOA,mtMet,mtVer,mtInv,PMB,Q.bird,Q.insect,Q.mammal,Q.pfam,Q.plant,Q.yeast,rtREV,VT,WAG,Q.iridoviridae,Q.mcv -T 4 -pre iqtree_family/OG0000001.fa
Seed:    653971 (Using SPRNG - Scalable Parallel Random Number Generator)
Time:    Thu Apr  3 13:01:01 2025
Kernel:  AVX+FMA - 4 threads (32 CPU cores detected)

Reading alignment file alignments_family_muscle5_edited_trimmed/OG0000001.fa ... Fasta format detected
Reading fasta file: done in 0.0010581 secs using 51.22% CPU
Alignment most likely contains protein sequences
Constructing alignment: done in 0.000609159 secs using 223.3% CPU
Alignment has 72 sequences with 485 columns, 477 distinct patterns
442 parsimony-informative, 25 singleton sites, 18 constant sites
                                                          Gap/Ambiguity  Composition  p-value
Analyzing sequences: done in 0.000231028 secs using 153.7% CPU
   1  MW883603_Megalocytivirus_pagrus1_ISKNV                      0.00%    passed    100.00%
   2  AY894343_Megalocytivirus_pagrus1_RSIV                       0.00%    passed    100.00%
   3  MW883598_Megalocytivirus_pagrus1_RSIV                       0.00%    passed    100.00%
   4  KF938901_Chloriridovirus_anopheles1_n/a                     7.42%    failed      0.05%
   5  MW883599_Megalocytivirus_pagrus1_ISKNV                      0.00%    passed    100.00%
   6  MN803438_Lymphocystivirus_micropogonias1_n/a               11.34%    failed      0.00%
   7  OM037668_Megalocytivirus_lates1_SDDV                        0.21%    passed     13.39%
   8  ON212400_Megalocytivirus_pagrus1_ISKNV                      0.00%    passed    100.00%
   9  MN562489_Megalocytivirus_lates1_SDDV                        0.21%    passed     13.39%
  10  23043610005_Megalocytivirus_pagrus1_ISKNV                   0.00%    passed    100.00%
  11  MT986830_Megalocytivirus_pagrus1_ISKNV                      0.00%    passed    100.00%
  12  OL774653_Megalocytivirus_pagrus1_RSIV                       0.00%    passed    100.00%
  13  NC_005946_Ranavirus_rana1_n/a                               5.57%    passed     42.89%
  14  MW883596_Megalocytivirus_pagrus1_ISKNV                      0.00%    passed    100.00%
  15  OR356116_Megalocytivirus_pagrus1_ISKNV                      0.00%    passed    100.00%
  16  HF920637_Iridovirus_armadillidium1_n/a                      9.69%    failed      0.00%
  17  HF920633_Chloriridovirus_simulium1_n/a                      7.42%    failed      0.00%
  18  MT521409_Megalocytivirus_lates1_SDDV                        0.21%    passed     13.39%
  19  PP974677_Megalocytivirus_pagrus1_ISKNV                      0.00%    passed    100.00%
  20  OR536350_Megalocytivirus_pagrus1_ISKNV                      0.00%    passed    100.00%
  21  MK689686_Megalocytivirus_pagrus1_RSIV                       0.00%    passed    100.00%
  22  MN432490_Megalocytivirus_pagrus1_ISKNV                      0.00%    passed    100.00%
  23  OK042109_Megalocytivirus_pagrus1_RSIV                       0.00%    passed    100.00%
  24  MG570131_Megalocytivirus_pagrus1_TRBIV                      0.00%    passed    100.00%
  25  GQ273492_Megalocytivirus_pagrus1_TRBIV                      0.00%    passed    100.00%
  26  ON743042_Megalocytivirus_pagrus1_RSIV                       0.00%    passed    100.00%
  27  23043610003_Megalocytivirus_pagrus1_ISKNV                   0.00%    passed    100.00%
  28  MW883600_Megalocytivirus_pagrus1_ISKNV                      0.00%    passed    100.00%
  29  KT781098_Megalocytivirus_pagrus1_ISKNV                      0.00%    passed    100.00%
  30  MK098185_Megalocytivirus_pagrus1_RSIV                       0.00%    passed    100.00%
  31  MW273353_Megalocytivirus_pagrus1_ISKNV                      0.00%    passed    100.00%
  32  AP017456_Megalocytivirus_pagrus1_RSIV                       0.00%    passed    100.00%
  33  OR670976_Megalocytivirus_pagrus1_ISKNV                      0.00%    passed    100.00%
  34  MT798582_Megalocytivirus_pagrus1_RSIV                       0.00%    passed    100.00%
  35  PQ335173_PQ335174_Threespine_stickleback_iridovirus_TSIV    0.62%    passed     91.09%
  36  MK098186_Megalocytivirus_pagrus1_RSIV                       0.00%    passed    100.00%
  37  MW883601_Megalocytivirus_pagrus1_ISKNV                      0.00%    passed    100.00%
  38  OP009387_Megalocytivirus_pagrus1_ISKNV                      0.00%    passed    100.00%
  39  OL774654_Megalocytivirus_pagrus1_RSIV                       0.00%    passed    100.00%
  40  MW883594_Megalocytivirus_pagrus1_ISKNV                      0.00%    passed    100.00%
  41  OP896201_Megalocytivirus_pagrus1_ISKNV                      0.00%    passed    100.00%
  42  MK689685_Megalocytivirus_pagrus1_ISKNV                      0.00%    passed    100.00%
  43  AB104413_Megalocytivirus_pagrus1_RSIV                       0.00%    passed    100.00%
  44  ON740976_Megalocytivirus_pagrus1_RSIV                       0.00%    passed    100.00%
  45  MW883597_Megalocytivirus_pagrus1_ISKNV                      0.00%    passed    100.00%
  46  PP151097_Megalocytivirus_pagrus1_ISKNV                      0.00%    passed    100.00%
  47  MT926123_Megalocytivirus_pagrus1_ISKNV                      0.00%    passed    100.00%
  48  OQ475017_Megalocytivirus_pagrus1_RSIV                       0.00%    passed    100.00%
  49  OQ513807_Megalocytivirus_pagrus1_ISKNV                      0.00%    passed    100.00%
  50  MG570132_Megalocytivirus_pagrus1_TRBIV                      0.00%    passed    100.00%
  51  OK042108_Megalocytivirus_pagrus1_RSIV                       0.00%    passed    100.00%
  52  MW273354_Megalocytivirus_pagrus1_ISKNV                      0.00%    passed    100.00%
  53  MW883595_Megalocytivirus_pagrus1_ISKNV                      0.00%    passed    100.00%
  54  MW883602_Megalocytivirus_pagrus1_ISKNV                      0.00%    passed    100.00%
  55  BD143114_Megalocytivirus_pagrus1_RSIV                       0.00%    passed    100.00%
  56  OL774655_Megalocytivirus_pagrus1_RSIV                       0.00%    passed    100.00%
  57  NC_003494_Megalocytivirus_pagrus1_ISKNV                     0.00%    passed    100.00%
  58  AF371960_Megalocytivirus_pagrus1_ISKNV                      0.00%    passed    100.00%
  59  MW883606_Megalocytivirus_pagrus1_ISKNV                      0.00%    passed    100.00%
  60  AY521625_Ranavirus_epinephelus1_n/a                         5.57%    passed     38.61%
  61  MF599468_Decapodiridovirus_litopenaeus1_n/a                 6.60%    failed      0.00%
  62  KT804738_Megalocytivirus_pagrus1_RSIV                       0.00%    passed    100.00%
  63  MW139932_Megalocytivirus_pagrus1_RSIV                       0.00%    passed    100.00%
  64  MT128666_Megalocytivirus_pagrus1_ISKNV                      0.00%    passed    100.00%
  65  MK098187_Megalocytivirus_pagrus1_RSIV                       0.00%    passed    100.00%
  66  LS484712_Daphniairidovirus_daphnia1_n/a                     7.63%    failed      0.00%
  67  MW883593_Megalocytivirus_pagrus1_ISKNV                      0.00%    passed    100.00%
  68  ON075463_Megalocytivirus_pagrus1_RSIV                       0.00%    passed    100.00%
  69  KX643370_Lymphocystivirus_sparus1_n/a                      11.75%    failed      0.00%
  70  AF303741_Iridovirus_chilo1_n/a                              8.87%    failed      0.00%
  71  KC244182_Megalocytivirus_pagrus1_RSIV                       0.00%    passed    100.00%
  72  MT128667_Megalocytivirus_pagrus1_ISKNV                      0.00%    passed    100.00%
****  TOTAL                                                       1.15%  8 sequences failed composition chi2 test (p-value<5%; df=19)
NOTE: ON212400_Megalocytivirus_pagrus1_ISKNV is identical to MW883603_Megalocytivirus_pagrus1_ISKNV but kept for subsequent analysis
NOTE: OL774653_Megalocytivirus_pagrus1_RSIV is identical to AY894343_Megalocytivirus_pagrus1_RSIV but kept for subsequent analysis
NOTE: MW883601_Megalocytivirus_pagrus1_ISKNV is identical to MW883599_Megalocytivirus_pagrus1_ISKNV but kept for subsequent analysis
NOTE: MN562489_Megalocytivirus_lates1_SDDV is identical to OM037668_Megalocytivirus_lates1_SDDV but kept for subsequent analysis
NOTE: PP974677_Megalocytivirus_pagrus1_ISKNV is identical to MT986830_Megalocytivirus_pagrus1_ISKNV but kept for subsequent analysis
NOTE: MG570132_Megalocytivirus_pagrus1_TRBIV is identical to MG570131_Megalocytivirus_pagrus1_TRBIV but kept for subsequent analysis
NOTE: MK098186_Megalocytivirus_pagrus1_RSIV is identical to MK098185_Megalocytivirus_pagrus1_RSIV but kept for subsequent analysis
NOTE: MT128667_Megalocytivirus_pagrus1_ISKNV is identical to MT128666_Megalocytivirus_pagrus1_ISKNV but kept for subsequent analysis
Checking for duplicate sequences: done in 0.000242949 secs using 211.2% CPU
Identifying sites to remove: done in 0.000262022 secs using 212.2% CPU
NOTE: 43 identical sequences (see below) will be ignored for subsequent analysis
NOTE: 23043610005_Megalocytivirus_pagrus1_ISKNV (identical to MW883603_Megalocytivirus_pagrus1_ISKNV) is ignored but added at the end
NOTE: MW883596_Megalocytivirus_pagrus1_ISKNV (identical to MW883603_Megalocytivirus_pagrus1_ISKNV) is ignored but added at the end
NOTE: OR356116_Megalocytivirus_pagrus1_ISKNV (identical to MW883603_Megalocytivirus_pagrus1_ISKNV) is ignored but added at the end
NOTE: OR536350_Megalocytivirus_pagrus1_ISKNV (identical to MW883603_Megalocytivirus_pagrus1_ISKNV) is ignored but added at the end
NOTE: 23043610003_Megalocytivirus_pagrus1_ISKNV (identical to MW883603_Megalocytivirus_pagrus1_ISKNV) is ignored but added at the end
NOTE: MW883600_Megalocytivirus_pagrus1_ISKNV (identical to MW883603_Megalocytivirus_pagrus1_ISKNV) is ignored but added at the end
NOTE: KT781098_Megalocytivirus_pagrus1_ISKNV (identical to MW883603_Megalocytivirus_pagrus1_ISKNV) is ignored but added at the end
NOTE: MW273353_Megalocytivirus_pagrus1_ISKNV (identical to MW883603_Megalocytivirus_pagrus1_ISKNV) is ignored but added at the end
NOTE: OR670976_Megalocytivirus_pagrus1_ISKNV (identical to MW883603_Megalocytivirus_pagrus1_ISKNV) is ignored but added at the end
NOTE: MW883594_Megalocytivirus_pagrus1_ISKNV (identical to MW883603_Megalocytivirus_pagrus1_ISKNV) is ignored but added at the end
NOTE: OP896201_Megalocytivirus_pagrus1_ISKNV (identical to MW883603_Megalocytivirus_pagrus1_ISKNV) is ignored but added at the end
NOTE: MK689685_Megalocytivirus_pagrus1_ISKNV (identical to MW883603_Megalocytivirus_pagrus1_ISKNV) is ignored but added at the end
NOTE: MW883597_Megalocytivirus_pagrus1_ISKNV (identical to MW883603_Megalocytivirus_pagrus1_ISKNV) is ignored but added at the end
NOTE: MT926123_Megalocytivirus_pagrus1_ISKNV (identical to MW883603_Megalocytivirus_pagrus1_ISKNV) is ignored but added at the end
NOTE: OQ513807_Megalocytivirus_pagrus1_ISKNV (identical to MW883603_Megalocytivirus_pagrus1_ISKNV) is ignored but added at the end
NOTE: MW273354_Megalocytivirus_pagrus1_ISKNV (identical to MW883603_Megalocytivirus_pagrus1_ISKNV) is ignored but added at the end
NOTE: MW883602_Megalocytivirus_pagrus1_ISKNV (identical to MW883603_Megalocytivirus_pagrus1_ISKNV) is ignored but added at the end
NOTE: NC_003494_Megalocytivirus_pagrus1_ISKNV (identical to MW883603_Megalocytivirus_pagrus1_ISKNV) is ignored but added at the end
NOTE: AF371960_Megalocytivirus_pagrus1_ISKNV (identical to MW883603_Megalocytivirus_pagrus1_ISKNV) is ignored but added at the end
NOTE: MW883606_Megalocytivirus_pagrus1_ISKNV (identical to MW883603_Megalocytivirus_pagrus1_ISKNV) is ignored but added at the end
NOTE: MW883593_Megalocytivirus_pagrus1_ISKNV (identical to MW883603_Megalocytivirus_pagrus1_ISKNV) is ignored but added at the end
NOTE: MK689686_Megalocytivirus_pagrus1_RSIV (identical to AY894343_Megalocytivirus_pagrus1_RSIV) is ignored but added at the end
NOTE: OK042109_Megalocytivirus_pagrus1_RSIV (identical to AY894343_Megalocytivirus_pagrus1_RSIV) is ignored but added at the end
NOTE: ON743042_Megalocytivirus_pagrus1_RSIV (identical to AY894343_Megalocytivirus_pagrus1_RSIV) is ignored but added at the end
NOTE: AP017456_Megalocytivirus_pagrus1_RSIV (identical to AY894343_Megalocytivirus_pagrus1_RSIV) is ignored but added at the end
NOTE: MT798582_Megalocytivirus_pagrus1_RSIV (identical to AY894343_Megalocytivirus_pagrus1_RSIV) is ignored but added at the end
NOTE: OL774654_Megalocytivirus_pagrus1_RSIV (identical to AY894343_Megalocytivirus_pagrus1_RSIV) is ignored but added at the end
NOTE: ON740976_Megalocytivirus_pagrus1_RSIV (identical to AY894343_Megalocytivirus_pagrus1_RSIV) is ignored but added at the end
NOTE: OK042108_Megalocytivirus_pagrus1_RSIV (identical to AY894343_Megalocytivirus_pagrus1_RSIV) is ignored but added at the end
NOTE: OL774655_Megalocytivirus_pagrus1_RSIV (identical to AY894343_Megalocytivirus_pagrus1_RSIV) is ignored but added at the end
NOTE: KT804738_Megalocytivirus_pagrus1_RSIV (identical to AY894343_Megalocytivirus_pagrus1_RSIV) is ignored but added at the end
NOTE: MW139932_Megalocytivirus_pagrus1_RSIV (identical to AY894343_Megalocytivirus_pagrus1_RSIV) is ignored but added at the end
NOTE: ON075463_Megalocytivirus_pagrus1_RSIV (identical to AY894343_Megalocytivirus_pagrus1_RSIV) is ignored but added at the end
NOTE: KC244182_Megalocytivirus_pagrus1_RSIV (identical to AY894343_Megalocytivirus_pagrus1_RSIV) is ignored but added at the end
NOTE: MT521409_Megalocytivirus_lates1_SDDV (identical to OM037668_Megalocytivirus_lates1_SDDV) is ignored but added at the end
NOTE: MN432490_Megalocytivirus_pagrus1_ISKNV (identical to MT986830_Megalocytivirus_pagrus1_ISKNV) is ignored but added at the end
NOTE: OP009387_Megalocytivirus_pagrus1_ISKNV (identical to MT986830_Megalocytivirus_pagrus1_ISKNV) is ignored but added at the end
NOTE: PP151097_Megalocytivirus_pagrus1_ISKNV (identical to MT986830_Megalocytivirus_pagrus1_ISKNV) is ignored but added at the end
NOTE: MW883595_Megalocytivirus_pagrus1_ISKNV (identical to MT986830_Megalocytivirus_pagrus1_ISKNV) is ignored but added at the end
NOTE: AB104413_Megalocytivirus_pagrus1_RSIV (identical to MK098185_Megalocytivirus_pagrus1_RSIV) is ignored but added at the end
NOTE: OQ475017_Megalocytivirus_pagrus1_RSIV (identical to MK098185_Megalocytivirus_pagrus1_RSIV) is ignored but added at the end
NOTE: BD143114_Megalocytivirus_pagrus1_RSIV (identical to MK098185_Megalocytivirus_pagrus1_RSIV) is ignored but added at the end
NOTE: MK098187_Megalocytivirus_pagrus1_RSIV (identical to MK098185_Megalocytivirus_pagrus1_RSIV) is ignored but added at the end
Alignment was printed to iqtree_family/OG0000001.fa.uniqueseq.phy

For your convenience alignment with unique sequences printed to iqtree_family/OG0000001.fa.uniqueseq.phy

NOTE: Restoring information from model checkpoint file iqtree_family/OG0000001.fa.model.gz

CHECKPOINT: Initial tree restored
Perform fast likelihood tree search using LG+I+G model...
Estimate model parameters (epsilon = 5.000)
Perform nearest neighbor interchange...
Optimizing NNI: done in 0.0973041 secs using 395.9% CPU
Estimate model parameters (epsilon = 1.000)
1. Initial log-likelihood: -11543.812
Optimal log-likelihood: -11543.710
Proportion of invariable sites: 0.025
Gamma shape alpha: 2.808
Parameters optimization took 1 rounds (0.027 sec)
Time for fast ML tree search: 0.243 seconds

NOTE: ModelFinder requires 24 MB RAM!
ModelFinder will test up to 1320 protein models (sample size: 485) ...
 No. Model         -LnL         df  AIC          AICc         BIC
  1  Blosum62      11674.456    55  23458.912    23473.271    23689.040
  2  Blosum62+I    11635.325    56  23382.650    23397.566    23616.962
  3  Blosum62+G4   11608.450    56  23328.900    23343.816    23563.213
  4  Blosum62+I+G4 11596.452    57  23306.903    23322.388    23545.400
  5  Blosum62+R2   11602.262    57  23318.524    23334.009    23557.020
  6  Blosum62+R3   11599.122    59  23316.245    23332.904    23563.110
 14  Blosum62+I+R2 11594.682    58  23305.364    23321.430    23548.044
 15  Blosum62+I+R3 11594.590    60  23309.180    23326.444    23560.229
 26  Blosum62+F+I+G4 11500.348    76  23152.696    23181.382    23470.691
 36  Blosum62+F+I+R2 11498.887    77  23151.774    23181.288    23473.954
 48  cpREV+I+G4    11639.333    57  23392.665    23408.150    23631.162
 58  cpREV+I+R2    11639.722    58  23395.443    23411.509    23638.124
 70  cpREV+F+I+G4  11515.555    76  23183.109    23211.796    23501.105
 80  cpREV+F+I+R2  11515.973    77  23185.947    23215.460    23508.126
 92  Dayhoff+I+G4  11671.564    57  23457.129    23472.614    23695.625
102  Dayhoff+I+R2  11673.522    58  23463.043    23479.109    23705.724
114  Dayhoff+F+I+G4 11541.960    76  23235.920    23264.606    23553.915
124  Dayhoff+F+I+R2 11542.905    77  23239.810    23269.324    23561.990
136  DCMut+I+G4    11671.523    57  23457.047    23472.532    23695.543
146  DCMut+I+R2    11673.422    58  23462.845    23478.910    23705.525
158  DCMut+F+I+G4  11541.859    76  23235.717    23264.404    23553.713
168  DCMut+F+I+R2  11542.759    77  23239.518    23269.031    23561.697
WARNING: Normalizing state frequencies so that sum of them equals to 1
180  FLAVI+I+G4    11995.300    57  24104.599    24120.084    24343.096
WARNING: Normalizing state frequencies so that sum of them equals to 1
190  FLAVI+I+R2    12012.781    58  24141.562    24157.628    24384.243
WARNING: Normalizing state frequencies so that sum of them equals to 1
202  FLAVI+F+I+G4  11831.666    76  23815.331    23844.017    24133.326
WARNING: Normalizing state frequencies so that sum of them equals to 1
212  FLAVI+F+I+R2  11851.385    77  23856.770    23886.283    24178.949
224  FLU+I+G4      11664.269    57  23442.538    23458.023    23681.035
234  FLU+I+R2      11668.828    58  23453.656    23469.722    23696.337
246  FLU+F+I+G4    11583.558    76  23319.116    23347.802    23637.111
256  FLU+F+I+R2    11587.257    77  23328.514    23358.027    23650.693
268  HIVb+I+G4     11842.348    57  23798.697    23814.181    24037.193
278  HIVb+I+R2     11848.228    58  23812.456    23828.522    24055.137
290  HIVb+F+I+G4   11660.227    76  23472.455    23501.141    23790.450
300  HIVb+F+I+R2   11667.619    77  23489.239    23518.752    23811.418
312  HIVw+I+G4     12129.219    57  24372.438    24387.922    24610.934
322  HIVw+I+R2     12137.057    58  24390.114    24406.179    24632.794
334  HIVw+F+I+G4   11897.446    76  23946.892    23975.579    24264.888
344  HIVw+F+I+R2   11908.720    77  23971.439    24000.953    24293.619
356  JTT+I+G4      11631.319    57  23376.638    23392.123    23615.135
366  JTT+I+R2      11632.253    58  23380.506    23396.571    23623.186
378  JTT+F+I+G4    11545.969    76  23243.938    23272.624    23561.933
388  JTT+F+I+R2    11545.701    77  23245.403    23274.916    23567.582
400  JTTDCMut+I+G4 11628.297    57  23370.594    23386.079    23609.090
410  JTTDCMut+I+R2 11629.393    58  23374.786    23390.851    23617.466
422  JTTDCMut+F+I+G4 11543.632    76  23239.264    23267.951    23557.260
432  JTTDCMut+F+I+R2 11543.687    77  23241.374    23270.888    23563.554
444  LG+I+G4       11543.711    57  23201.421    23216.906    23439.918
454  LG+I+R2       11547.298    58  23210.595    23226.661    23453.276
466  LG+F+I+G4     11455.012    76  23062.023    23090.710    23380.019
476  LG+F+I+R2     11456.259    77  23066.517    23096.031    23388.697
488  mtART+I+G4    12104.972    57  24323.944    24339.428    24562.440
498  mtART+I+R2    12115.651    58  24347.302    24363.368    24589.983
510  mtART+F+I+G4  11688.082    76  23528.164    23556.850    23846.159
520  mtART+F+I+R2  11711.134    77  23576.269    23605.782    23898.448
532  mtMAM+I+G4    12233.107    57  24580.215    24595.699    24818.711
542  mtMAM+I+R2    12246.946    58  24609.893    24625.958    24852.573
554  mtMAM+F+I+G4  11762.684    76  23677.368    23706.055    23995.364
564  mtMAM+F+I+R2  11785.424    77  23724.847    23754.361    24047.027
576  mtREV+I+G4    12027.665    57  24169.331    24184.815    24407.827
586  mtREV+I+R2    12031.807    58  24179.614    24195.680    24422.295
598  mtREV+F+I+G4  11596.025    76  23344.049    23372.736    23662.045
608  mtREV+F+I+R2  11603.230    77  23360.460    23389.973    23682.639
620  mtZOA+I+G4    11938.999    57  23991.999    24007.484    24230.495
630  mtZOA+I+R2    11942.770    58  24001.539    24017.605    24244.220
642  mtZOA+F+I+G4  11596.066    76  23344.131    23372.817    23662.126
652  mtZOA+F+I+R2  11608.097    77  23370.194    23399.708    23692.374
664  mtMet+I+G4    11999.602    57  24113.203    24128.688    24351.700
674  mtMet+I+R2    11996.251    58  24108.501    24124.567    24351.182
686  mtMet+F+I+G4  11635.335    76  23422.669    23451.356    23740.665
696  mtMet+F+I+R2  11641.346    77  23436.693    23466.206    23758.872
708  mtVer+I+G4    12090.830    57  24295.660    24311.144    24534.156
718  mtVer+I+R2    12089.763    58  24295.525    24311.591    24538.206
730  mtVer+F+I+G4  11711.165    76  23574.329    23603.015    23892.324
740  mtVer+F+I+R2  11722.076    77  23598.153    23627.666    23920.332
752  mtInv+I+G4    12059.005    57  24232.011    24247.496    24470.507
762  mtInv+I+R2    12055.502    58  24227.004    24243.070    24469.685
774  mtInv+F+I+G4  11572.061    76  23296.122    23324.808    23614.117
784  mtInv+F+I+R2  11574.233    77  23302.465    23331.979    23624.645
796  PMB+I+G4      11616.963    57  23347.927    23363.411    23586.423
806  PMB+I+R2      11615.194    58  23346.388    23362.454    23589.069
818  PMB+F+I+G4    11499.749    76  23151.498    23180.184    23469.493
828  PMB+F+I+R2    11498.292    77  23150.584    23180.097    23472.763
WARNING: Normalizing state frequencies so that sum of them equals to 1
840  Q.bird+I+G4   11849.869    57  23813.737    23829.222    24052.234
WARNING: Normalizing state frequencies so that sum of them equals to 1
850  Q.bird+I+R2   11857.484    58  23830.968    23847.034    24073.648
WARNING: Normalizing state frequencies so that sum of them equals to 1
862  Q.bird+F+I+G4 11735.929    76  23623.857    23652.543    23941.852
WARNING: Normalizing state frequencies so that sum of them equals to 1
872  Q.bird+F+I+R2 11744.039    77  23642.078    23671.592    23964.258
884  Q.insect+I+G4 11573.241    57  23260.483    23275.967    23498.979
894  Q.insect+I+R2 11576.051    58  23268.103    23284.168    23510.783
906  Q.insect+F+I+G4 11529.960    76  23211.920    23240.606    23529.915
916  Q.insect+F+I+R2 11531.575    77  23217.149    23246.663    23539.329
WARNING: Normalizing state frequencies so that sum of them equals to 1
928  Q.mammal+I+G4 11799.521    57  23713.042    23728.527    23951.539
WARNING: Normalizing state frequencies so that sum of them equals to 1
938  Q.mammal+I+R2 11805.116    58  23726.231    23742.297    23968.912
WARNING: Normalizing state frequencies so that sum of them equals to 1
950  Q.mammal+F+I+G4 11664.005    76  23480.009    23508.695    23798.005
WARNING: Normalizing state frequencies so that sum of them equals to 1
960  Q.mammal+F+I+R2 11668.974    77  23491.948    23521.461    23814.127
WARNING: Normalizing state frequencies so that sum of them equals to 1
972  Q.pfam+I+G4   11542.032    57  23198.064    23213.548    23436.560
WARNING: Normalizing state frequencies so that sum of them equals to 1
982  Q.pfam+I+R2   11544.242    58  23204.484    23220.549    23447.164
WARNING: Normalizing state frequencies so that sum of them equals to 1
994  Q.pfam+F+I+G4 11461.446    76  23074.892    23103.579    23392.888
WARNING: Normalizing state frequencies so that sum of them equals to 1
1004  Q.pfam+F+I+R2 11461.397    77  23076.795    23106.308    23398.974
WARNING: Normalizing state frequencies so that sum of them equals to 1
1016  Q.plant+I+G4  11653.862    57  23421.725    23437.210    23660.221
WARNING: Normalizing state frequencies so that sum of them equals to 1
1026  Q.plant+I+R2  11661.146    58  23438.291    23454.357    23680.972
WARNING: Normalizing state frequencies so that sum of them equals to 1
1038  Q.plant+F+I+G4 11567.184    76  23286.367    23315.054    23604.363
WARNING: Normalizing state frequencies so that sum of them equals to 1
1048  Q.plant+F+I+R2 11572.570    77  23299.140    23328.653    23621.319
WARNING: Normalizing state frequencies so that sum of them equals to 1
1060  Q.yeast+I+G4  11533.784    57  23181.569    23197.053    23420.065
WARNING: Normalizing state frequencies so that sum of them equals to 1
1070  Q.yeast+I+R2  11537.316    58  23190.632    23206.697    23433.312
WARNING: Normalizing state frequencies so that sum of them equals to 1
1082  Q.yeast+F+I+G4 11507.588    76  23167.176    23195.862    23485.171
WARNING: Normalizing state frequencies so that sum of them equals to 1
1092  Q.yeast+F+I+R2 11508.758    77  23171.516    23201.030    23493.696
1104  rtREV+I+G4    11642.659    57  23399.318    23414.802    23637.814
1114  rtREV+I+R2    11644.083    58  23404.165    23420.231    23646.846
1126  rtREV+F+I+G4  11485.368    76  23122.735    23151.422    23440.731
1136  rtREV+F+I+R2  11485.478    77  23124.957    23154.470    23447.136
1148  VT+I+G4       11553.896    57  23221.792    23237.277    23460.289
1158  VT+I+R2       11552.739    58  23221.478    23237.543    23464.158
1170  VT+F+I+G4     11485.869    76  23123.737    23152.424    23441.733
1180  VT+F+I+R2     11483.947    77  23121.895    23151.408    23444.074
1192  WAG+I+G4      11543.751    57  23201.502    23216.987    23439.998
1202  WAG+I+R2      11543.421    58  23202.841    23218.907    23445.522
1214  WAG+F+I+G4    11462.561    76  23077.123    23105.809    23395.118
1224  WAG+F+I+R2    11462.264    77  23078.528    23108.042    23400.708
Reading model parameters from file Q.iridoviridae
1236  Q.iridoviridae+I+G4 11504.496    57  23122.991    23138.476    23361.488
Reading model parameters from file Q.iridoviridae
1246  Q.iridoviridae+I+R2 11506.450    58  23128.900    23144.966    23371.581
Reading model parameters from file Q.iridoviridae
1258  Q.iridoviridae+F+I+G4 11468.425    76  23088.851    23117.537    23406.846
Reading model parameters from file Q.iridoviridae
1268  Q.iridoviridae+F+I+R2 11467.737    77  23089.473    23118.987    23411.653
Reading model parameters from file Q.mcv
WARNING: Normalizing state frequencies so that sum of them equals to 1
1280  Q.mcv+I+G4    11684.253    57  23482.506    23497.990    23721.002
Reading model parameters from file Q.mcv
WARNING: Normalizing state frequencies so that sum of them equals to 1
1290  Q.mcv+I+R2    11686.745    58  23489.490    23505.556    23732.171
Reading model parameters from file Q.mcv
WARNING: Normalizing state frequencies so that sum of them equals to 1
1302  Q.mcv+F+I+G4  11521.587    76  23195.175    23223.861    23513.170
Reading model parameters from file Q.mcv
WARNING: Normalizing state frequencies so that sum of them equals to 1
1312  Q.mcv+F+I+R2  11524.271    77  23202.542    23232.056    23524.722
Akaike Information Criterion:           LG+F+I+G4
Corrected Akaike Information Criterion: LG+F+I+G4
Bayesian Information Criterion:         Q.iridoviridae+I+G4
Best-fit model: Q.iridoviridae+I+G4 chosen according to BIC

All model information printed to iqtree_family/OG0000001.fa.model.gz
CPU time for ModelFinder: 51.225 seconds (0h:0m:51s)
Wall-clock time for ModelFinder: 13.104 seconds (0h:0m:13s)
Generating 1000 samples for ultrafast bootstrap (seed: 653971)...
Reading model parameters from file Q.iridoviridae

NOTE: 10 MB RAM (0 GB) is required!
Estimate model parameters (epsilon = 0.100)
Thoroughly optimizing +I+G parameters from 10 start values...
Init pinv, alpha: 0.000, 2.939 / Estimate: 0.024, 2.920 / LogL: -11504.496
Init pinv, alpha: 0.004, 2.939 / Estimate: 0.024, 2.929 / LogL: -11504.494
Init pinv, alpha: 0.008, 2.939 / Estimate: 0.024, 2.925 / LogL: -11504.496
Init pinv, alpha: 0.012, 2.939 / Estimate: 0.024, 2.932 / LogL: -11504.494
Init pinv, alpha: 0.016, 2.939 / Estimate: 0.024, 2.926 / LogL: -11504.497
Init pinv, alpha: 0.021, 2.939 / Estimate: 0.023, 2.924 / LogL: -11504.501
Init pinv, alpha: 0.025, 2.939 / Estimate: 0.024, 2.942 / LogL: -11504.494
Init pinv, alpha: 0.029, 2.939 / Estimate: 0.024, 2.945 / LogL: -11504.494
Init pinv, alpha: 0.033, 2.939 / Estimate: 0.025, 2.949 / LogL: -11504.495
Init pinv, alpha: 0.037, 2.939 / Estimate: 0.025, 2.952 / LogL: -11504.497
Optimal pinv,alpha: 0.024, 2.942 / LogL: -11504.494

Parameters optimization took 0.779 sec
Wrote distance file to... 
Computing ML distances based on estimated model parameters...
Calculating distance matrix: done in 0.016551 secs using 377.8% CPU
Computing ML distances took 0.016621 sec (of wall-clock time) 0.062766 sec (of CPU time)
Setting up auxiliary I and S matrices: done in 7.00951e-05 secs using 592.1% CPU
Constructing RapidNJ tree: done in 0.00052309 secs using 133.1% CPU
Computing RapidNJ tree took 0.000633 sec (of wall-clock time) 0.001231 sec (of CPU time)
Log-likelihood of RapidNJ tree: -11505.615
--------------------------------------------------------------------
|             INITIALIZING CANDIDATE TREE SET                      |
--------------------------------------------------------------------
Generating 98 parsimony trees... 0.032 second
Computing log-likelihood of 98 initial trees ... 0.709 seconds
Current best score: -11502.262

Do NNI search on 20 best initial trees
Optimizing NNI: done in 0.0692761 secs using 412% CPU
Estimate model parameters (epsilon = 0.100)
BETTER TREE FOUND at iteration 1: -11494.531
Optimizing NNI: done in 0.0969939 secs using 400% CPU
BETTER TREE FOUND at iteration 2: -11494.525
Optimizing NNI: done in 0.081526 secs using 395.1% CPU
Optimizing NNI: done in 0.0953541 secs using 387.5% CPU
Optimizing NNI: done in 0.085876 secs using 381.6% CPU
Optimizing NNI: done in 0.079757 secs using 390% CPU
Optimizing NNI: done in 0.133233 secs using 397% CPU
Optimizing NNI: done in 0.129989 secs using 390.8% CPU
Estimate model parameters (epsilon = 0.100)
UPDATE BEST LOG-LIKELIHOOD: -11494.496
Optimizing NNI: done in 0.117322 secs using 393.1% CPU
Optimizing NNI: done in 0.115437 secs using 389.8% CPU
Iteration 10 / LogL: -11494.500 / Time: 0h:0m:2s
Optimizing NNI: done in 0.0403399 secs using 389.6% CPU
Optimizing NNI: done in 0.118734 secs using 399.9% CPU
Optimizing NNI: done in 0.087811 secs using 400% CPU
Optimizing NNI: done in 0.130354 secs using 384.7% CPU
Optimizing NNI: done in 0.119046 secs using 393.4% CPU
Optimizing NNI: done in 0.114952 secs using 396.6% CPU
Optimizing NNI: done in 0.112904 secs using 389.6% CPU
Optimizing NNI: done in 0.058285 secs using 393.4% CPU
Optimizing NNI: done in 0.107569 secs using 388.8% CPU
Optimizing NNI: done in 0.08816 secs using 379.1% CPU
Iteration 20 / LogL: -11494.609 / Time: 0h:0m:3s
Finish initializing candidate tree set (11)
Current best tree score: -11494.496 / CPU time: 2.831
Number of iterations: 20
--------------------------------------------------------------------
|               OPTIMIZING CANDIDATE TREE SET                      |
--------------------------------------------------------------------
Optimizing NNI: done in 0.141033 secs using 397.6% CPU
Optimizing NNI: done in 0.209204 secs using 389% CPU
Optimizing NNI: done in 0.221579 secs using 389.3% CPU
Optimizing NNI: done in 0.197479 secs using 393.8% CPU
Optimizing NNI: done in 0.218384 secs using 385.2% CPU
Optimizing NNI: done in 0.197826 secs using 393.9% CPU
Optimizing NNI: done in 0.165384 secs using 390.1% CPU
Optimizing NNI: done in 0.247861 secs using 389.9% CPU
Optimizing NNI: done in 0.179181 secs using 384.4% CPU
Optimizing NNI: done in 0.176078 secs using 393.1% CPU
Iteration 30 / LogL: -11494.498 / Time: 0h:0m:5s (0h:0m:14s left)
Optimizing NNI: done in 0.165753 secs using 394.9% CPU
Optimizing NNI: done in 0.196312 secs using 401.8% CPU
Optimizing NNI: done in 0.199198 secs using 395.8% CPU
Optimizing NNI: done in 0.186994 secs using 387.2% CPU
Optimizing NNI: done in 0.214047 secs using 350.9% CPU
Optimizing NNI: done in 0.231785 secs using 394.8% CPU
Optimizing NNI: done in 0.122304 secs using 390.3% CPU
Optimizing NNI: done in 0.16638 secs using 387.2% CPU
Optimizing NNI: done in 0.176106 secs using 393.2% CPU
Optimizing NNI: done in 0.169171 secs using 392.8% CPU
Iteration 40 / LogL: -11510.568 / Time: 0h:0m:7s (0h:0m:12s left)
Optimizing NNI: done in 0.187706 secs using 389.2% CPU
Optimizing NNI: done in 0.194554 secs using 395.8% CPU
Optimizing NNI: done in 0.233727 secs using 394.6% CPU
Optimizing NNI: done in 0.244992 secs using 396.7% CPU
Optimizing NNI: done in 0.153509 secs using 386.9% CPU
Optimizing NNI: done in 0.153402 secs using 392.2% CPU
Optimizing NNI: done in 0.223415 secs using 392.8% CPU
Optimizing NNI: done in 0.193269 secs using 389.6% CPU
Optimizing NNI: done in 0.262324 secs using 387.8% CPU
Optimizing NNI: done in 0.155076 secs using 394.8% CPU
Iteration 50 / LogL: -11495.107 / Time: 0h:0m:9s (0h:0m:10s left)
Log-likelihood cutoff on original alignment: -11525.930
Optimizing NNI: done in 0.168975 secs using 397.5% CPU
Optimizing NNI: done in 0.225807 secs using 389.3% CPU
Optimizing NNI: done in 0.244579 secs using 390% CPU
Optimizing NNI: done in 0.243558 secs using 403.5% CPU
Optimizing NNI: done in 0.184716 secs using 389.1% CPU
Optimizing NNI: done in 0.22103 secs using 389.1% CPU
Optimizing NNI: done in 0.192258 secs using 391.6% CPU
Optimizing NNI: done in 0.15731 secs using 397.3% CPU
Optimizing NNI: done in 0.175891 secs using 390.9% CPU
Optimizing NNI: done in 0.252087 secs using 390.4% CPU
Iteration 60 / LogL: -11494.499 / Time: 0h:0m:11s (0h:0m:8s left)
Optimizing NNI: done in 0.171306 secs using 397.7% CPU
Optimizing NNI: done in 0.202998 secs using 390% CPU
Optimizing NNI: done in 0.232302 secs using 393.1% CPU
Optimizing NNI: done in 0.261952 secs using 399.9% CPU
Optimizing NNI: done in 0.246964 secs using 383.7% CPU
Optimizing NNI: done in 0.231787 secs using 396.5% CPU
Optimizing NNI: done in 0.182257 secs using 393.4% CPU
Optimizing NNI: done in 0.231485 secs using 387.9% CPU
Optimizing NNI: done in 0.183431 secs using 393.5% CPU
Optimizing NNI: done in 0.236025 secs using 374.3% CPU
Iteration 70 / LogL: -11494.503 / Time: 0h:0m:13s (0h:0m:6s left)
Optimizing NNI: done in 0.184478 secs using 395.4% CPU
Optimizing NNI: done in 0.17174 secs using 379.1% CPU
Optimizing NNI: done in 0.302281 secs using 367.5% CPU
Optimizing NNI: done in 0.243269 secs using 378% CPU
Optimizing NNI: done in 0.198422 secs using 394% CPU
Optimizing NNI: done in 0.234814 secs using 389.8% CPU
Optimizing NNI: done in 0.258676 secs using 395.1% CPU
Optimizing NNI: done in 0.180814 secs using 388.8% CPU
Optimizing NNI: done in 0.207966 secs using 395.8% CPU
Optimizing NNI: done in 0.220997 secs using 391.6% CPU
Iteration 80 / LogL: -11494.995 / Time: 0h:0m:16s (0h:0m:4s left)
Optimizing NNI: done in 0.138045 secs using 385.7% CPU
Optimizing NNI: done in 0.204692 secs using 390.1% CPU
Optimizing NNI: done in 0.151634 secs using 394.4% CPU
Optimizing NNI: done in 0.186729 secs using 392.1% CPU
Optimizing NNI: done in 0.408218 secs using 390.1% CPU
Optimizing NNI: done in 0.162727 secs using 390.3% CPU
Optimizing NNI: done in 0.146255 secs using 398.3% CPU
Optimizing NNI: done in 0.195939 secs using 391.6% CPU
Optimizing NNI: done in 0.21148 secs using 390.6% CPU
Optimizing NNI: done in 0.126701 secs using 393.5% CPU
Iteration 90 / LogL: -11495.609 / Time: 0h:0m:18s (0h:0m:2s left)
Optimizing NNI: done in 0.154201 secs using 395.7% CPU
Optimizing NNI: done in 0.174598 secs using 400% CPU
Optimizing NNI: done in 0.194664 secs using 395.9% CPU
Optimizing NNI: done in 0.186132 secs using 395.7% CPU
Optimizing NNI: done in 0.186623 secs using 398.5% CPU
Optimizing NNI: done in 0.205354 secs using 396.1% CPU
Optimizing NNI: done in 0.166337 secs using 390.4% CPU
Optimizing NNI: done in 0.231175 secs using 393% CPU
Optimizing NNI: done in 0.196929 secs using 392.5% CPU
Optimizing NNI: done in 0.207606 secs using 396% CPU
Iteration 100 / LogL: -11494.498 / Time: 0h:0m:20s (0h:0m:0s left)
Log-likelihood cutoff on original alignment: -11526.377
NOTE: Bootstrap correlation coefficient of split occurrence frequencies: 0.998
Optimizing NNI: done in 0.172563 secs using 396.2% CPU
Optimizing NNI: done in 0.104435 secs using 385.6% CPU
Optimizing NNI: done in 0.21301 secs using 387.6% CPU
TREE SEARCH COMPLETED AFTER 103 ITERATIONS / Time: 0h:0m:20s

--------------------------------------------------------------------
|                    FINALIZING TREE SEARCH                        |
--------------------------------------------------------------------
Performs final model parameters optimization
Estimate model parameters (epsilon = 0.010)
1. Initial log-likelihood: -11494.496
Optimal log-likelihood: -11494.496
Proportion of invariable sites: 0.024
Gamma shape alpha: 2.945
Parameters optimization took 1 rounds (0.023 sec)
BEST SCORE FOUND : -11494.496
Creating bootstrap support values...
Split supports printed to NEXUS file iqtree_family/OG0000001.fa.splits.nex
Total tree length: 9.956

Total number of iterations: 103
CPU time used for tree search: 77.603 sec (0h:1m:17s)
Wall-clock time used for tree search: 19.819 sec (0h:0m:19s)
Total CPU time used: 81.237 sec (0h:1m:21s)
Total wall-clock time used: 20.745 sec (0h:0m:20s)

Computing bootstrap consensus tree...
Reading input file iqtree_family/OG0000001.fa.splits.nex...
29 taxa and 197 splits.
Consensus tree written to iqtree_family/OG0000001.fa.contree
Reading input trees file iqtree_family/OG0000001.fa.contree
Log-likelihood of consensus tree: -11494.507

Analysis results written to: 
  IQ-TREE report:                iqtree_family/OG0000001.fa.iqtree
  Maximum-likelihood tree:       iqtree_family/OG0000001.fa.treefile
  Likelihood distances:          iqtree_family/OG0000001.fa.mldist

Ultrafast bootstrap approximation results written to:
  Split support values:          iqtree_family/OG0000001.fa.splits.nex
  Consensus tree:                iqtree_family/OG0000001.fa.contree
  Screen log file:               iqtree_family/OG0000001.fa.log

Date and Time: Thu Apr  3 13:01:35 2025
