IQ-TREE multicore version 2.2.0.5 COVID-edition for Linux 64-bit built Sep 26 2022
Developed by Bui Quang Minh, James Barbetti, Nguyen Lam Tung,
Olga Chernomor, Heiko Schmidt, Dominik Schrempf, Michael Woodhams, Ly Trong Nhan.

Host:    c213 (AVX2, FMA3, 503 GB RAM)
Command: iqtree2 -s orthofinder_iqtreetest/Results_Jul15/MultipleSequenceAlignments/OG0000012.fa -B 1000 -m MFP -T 1 -pre iqtree/OG0000012.fa.fa
Seed:    665806 (Using SPRNG - Scalable Parallel Random Number Generator)
Time:    Tue Jul 23 10:47:59 2024
Kernel:  AVX+FMA - 1 threads (32 CPU cores detected)

HINT: Use -nt option to specify number of threads because your CPU has 32 cores!
HINT: -nt AUTO will automatically determine the best number of threads to use.

Reading alignment file orthofinder_iqtreetest/Results_Jul15/MultipleSequenceAlignments/OG0000012.fa ... Fasta format detected
Reading fasta file: done in 0.001894 secs
Alignment most likely contains protein sequences
Constructing alignment: done in 0.00107408 secs using 87.89% CPU
Alignment has 45 sequences with 1448 columns, 1261 distinct patterns
858 parsimony-informative, 265 singleton sites, 325 constant sites
                                                               Gap/Ambiguity  Composition  p-value
Analyzing sequences: done in 9.58443e-05 secs using 100.2% CPU
   1  Chlor_AMIV_KF938901_1_Chlor_AMIV_KF938901.1_00023               67.96%    failed      0.05%
   2  Chlor_IIV22_HF920633_1_Chlor_IIV22_HF920633.1_00175             22.44%    failed      0.00%
   3  Daphi_LS484712_1_Daphi_LS484712.1_00194                         24.72%    failed      0.00%
   4  Decap_MF599468_1_Decap_MF599468.1_00071                         22.24%    failed      0.00%
   5  Irido_IIV31_HF920637_1_Irido_IIV31_HF920637.1_00213             17.27%    failed      0.00%
   6  Irido_IIV6_AF303741_1_Irido_IIV6_AF303741.1_00189               18.16%    failed      0.00%
   7  Lymph_LCD4_MN803438_1_Lymph_LCD4_MN803438.1_00013               29.83%    failed      0.00%
   8  Lymph_LDV1_L63545_1_Lymph_LDV1_L63545.1_00013                   29.28%    failed      0.00%
   9  MCV_ML1_SDDV_MN562489_1_MCV_ML1_SDDV_MN562489.1_00008           28.04%    failed      2.60%
  10  MCV_ML1_SDDV_MT521409_1_MCV_ML1_SDDV_MT521409.1_00008           28.04%    failed      2.60%
  11  MCV_ML1_SDDV_NC_027778_1_MCV_ML1_SDDV_NC_027778.1_00129         28.04%    failed      2.60%
  12  MCV_ML1_SDDV_OM037668_1_MCV_ML1_SDDV_OM037668.1_00127           28.04%    failed      2.60%
  13  MCV_MP1_BCFI_MN432490_1_MCV_MP1_BCFI_MN432490.1_00037           27.90%    passed     96.62%
  14  MCV_MP1_BCFI_MT926123_1_MCV_MP1_BCFI_MT926123.1_00037           27.90%    passed     95.91%
  15  MCV_MP1_GSPI_KT804738_1_MCV_MP1_GSPI_KT804738.1_00034           27.35%    passed     96.03%
  16  MCV_MP1_ISKNV_AF371960_1_MCV_MP1_ISKNV_AF371960.1_00036         27.90%    passed     95.91%
  17  MCV_MP1_ISKNV_MK689685_1_MCV_MP1_ISKNV_MK689685.1_00034         27.90%    passed     95.91%
  18  MCV_MP1_LBUSV_OP009387_1_MCV_MP1_LBUSV_OP009387.1_00035         27.90%    passed     96.57%
  19  MCV_MP1_LYCI_AY779031_1_MCV_MP1_LYCI_AY779031.1_00039           27.90%    passed     90.42%
  20  MCV_MP1_LYCI_MW139932_1_MCV_MP1_LYCI_MW139932.1_00038           27.35%    passed     96.53%
  21  MCV_MP1_LYCI_OL774653_1_MCV_MP1_LYCI_OL774653.1_00056           27.35%    passed     96.53%
  22  MCV_MP1_LYCI_OL774654_1_MCV_MP1_LYCI_OL774654.1_00036           27.35%    passed     96.53%
  23  MCV_MP1_LYCI_OL774655_1_MCV_MP1_LYCI_OL774655.1_00039           27.35%    passed     96.53%
  24  MCV_MP1_OSGI_AY894343_1_MCV_MP1_OSGI_AY894343.1_00034           27.35%    passed     96.03%
  25  MCV_MP1_PI_MK098185_1_MCV_MP1_PI_MK098185.1_00038               27.35%    passed     96.28%
  26  MCV_MP1_PI_MK098186_1_MCV_MP1_PI_MK098186.1_00035               27.35%    passed     96.28%
  27  MCV_MP1_PI_MK098187_1_MCV_MP1_PI_MK098187.1_00038               27.35%    passed     96.28%
  28  MCV_MP1_RBIV_AY532606_1_MCV_MP1_RBIV_AY532606.1_00035           27.42%    passed     90.69%
  29  MCV_MP1_RBIV_KC244182_1_MCV_MP1_RBIV_KC244182.1_00034           27.28%    passed     92.35%
  30  MCV_MP1_RSIV_BD143114_1_MCV_MP1_RSIV_BD143114.1_00040           27.35%    passed     96.28%
  31  MCV_MP1_RSIV_MK689686_1_MCV_MP1_RSIV_MK689686.1_00034           27.35%    passed     96.03%
  32  MCV_MP1_RSIV_MT798582_1_MCV_MP1_RSIV_MT798582.1_00071           27.35%    passed     96.03%
  33  MCV_MP1_RSIV_OK042108_1_MCV_MP1_RSIV_OK042108.1_00042           27.35%    passed     96.53%
  34  MCV_MP1_RSIV_OK042109_1_MCV_MP1_RSIV_OK042109.1_00042           27.35%    passed     96.03%
  35  MCV_MP1_RSIV_ON740976_1_MCV_MP1_RSIV_ON740976.1_00035           27.35%    passed     96.53%
  36  MCV_MP1_RSIV_ON743042_1_MCV_MP1_RSIV_ON743042.1_00036           27.35%    passed     96.28%
  37  MCV_MP1_SKIV_MT986830_1_MCV_MP1_SKIV_MT986830.1_00038           27.90%    passed     95.91%
  38  MCV_MP1_SKIV_ON075463_1_MCV_MP1_SKIV_ON075463.1_00034           27.35%    passed     96.03%
  39  MCV_MP1_TRBIV_GQ273492_1_MCV_MP1_TRBIV_GQ273492.1_00035         28.11%    passed     97.73%
  40  MCV_Unclassified_MG570131_1_MCV_Unclassified_MG570131.1_00036   28.11%    passed     98.11%
  41  MCV_Unclassified_MG570132_1_MCV_Unclassified_MG570132.1_00036   28.11%    passed     98.11%
  42  MCV_Unclassified_OQ475017_1_MCV_Unclassified_OQ475017.1_00035   27.35%    passed     96.44%
  43  MCV_Unlassified_OL310752_1_MCV_Unlassified_OL310752.1_00083     27.35%    passed     96.10%
  44  Rana_FV3_NC_005946_1_Rana_FV3_NC_005946.1_00061                 21.06%    failed      0.00%
  45  Rana_SGIV_AY521625_1_Rana_SGIV_AY521625.1_00065                 23.83%    failed      0.07%
WARNING: 1 sequences contain more than 50% gaps/ambiguity
****  TOTAL                                                           27.62%  14 sequences failed composition chi2 test (p-value<5%; df=19)
NOTE: MCV_ML1_SDDV_MT521409_1_MCV_ML1_SDDV_MT521409.1_00008 is identical to MCV_ML1_SDDV_MN562489_1_MCV_ML1_SDDV_MN562489.1_00008 but kept for subsequent analysis
NOTE: MCV_MP1_ISKNV_AF371960_1_MCV_MP1_ISKNV_AF371960.1_00036 is identical to MCV_MP1_BCFI_MT926123_1_MCV_MP1_BCFI_MT926123.1_00037 but kept for subsequent analysis
NOTE: MCV_MP1_OSGI_AY894343_1_MCV_MP1_OSGI_AY894343.1_00034 is identical to MCV_MP1_GSPI_KT804738_1_MCV_MP1_GSPI_KT804738.1_00034 but kept for subsequent analysis
NOTE: MCV_MP1_LYCI_OL774653_1_MCV_MP1_LYCI_OL774653.1_00056 is identical to MCV_MP1_LYCI_MW139932_1_MCV_MP1_LYCI_MW139932.1_00038 but kept for subsequent analysis
NOTE: MCV_MP1_PI_MK098186_1_MCV_MP1_PI_MK098186.1_00035 is identical to MCV_MP1_PI_MK098185_1_MCV_MP1_PI_MK098185.1_00038 but kept for subsequent analysis
NOTE: MCV_Unclassified_MG570132_1_MCV_Unclassified_MG570132.1_00036 is identical to MCV_Unclassified_MG570131_1_MCV_Unclassified_MG570131.1_00036 but kept for subsequent analysis
Checking for duplicate sequences: done in 0.000167131 secs using 99.32% CPU
Identifying sites to remove: done in 0.000599861 secs using 99.86% CPU
NOTE: 15 identical sequences (see below) will be ignored for subsequent analysis
NOTE: MCV_ML1_SDDV_NC_027778_1_MCV_ML1_SDDV_NC_027778.1_00129 (identical to MCV_ML1_SDDV_MN562489_1_MCV_ML1_SDDV_MN562489.1_00008) is ignored but added at the end
NOTE: MCV_ML1_SDDV_OM037668_1_MCV_ML1_SDDV_OM037668.1_00127 (identical to MCV_ML1_SDDV_MN562489_1_MCV_ML1_SDDV_MN562489.1_00008) is ignored but added at the end
NOTE: MCV_MP1_ISKNV_MK689685_1_MCV_MP1_ISKNV_MK689685.1_00034 (identical to MCV_MP1_BCFI_MT926123_1_MCV_MP1_BCFI_MT926123.1_00037) is ignored but added at the end
NOTE: MCV_MP1_SKIV_MT986830_1_MCV_MP1_SKIV_MT986830.1_00038 (identical to MCV_MP1_BCFI_MT926123_1_MCV_MP1_BCFI_MT926123.1_00037) is ignored but added at the end
NOTE: MCV_MP1_RSIV_MK689686_1_MCV_MP1_RSIV_MK689686.1_00034 (identical to MCV_MP1_GSPI_KT804738_1_MCV_MP1_GSPI_KT804738.1_00034) is ignored but added at the end
NOTE: MCV_MP1_RSIV_MT798582_1_MCV_MP1_RSIV_MT798582.1_00071 (identical to MCV_MP1_GSPI_KT804738_1_MCV_MP1_GSPI_KT804738.1_00034) is ignored but added at the end
NOTE: MCV_MP1_RSIV_OK042109_1_MCV_MP1_RSIV_OK042109.1_00042 (identical to MCV_MP1_GSPI_KT804738_1_MCV_MP1_GSPI_KT804738.1_00034) is ignored but added at the end
NOTE: MCV_MP1_SKIV_ON075463_1_MCV_MP1_SKIV_ON075463.1_00034 (identical to MCV_MP1_GSPI_KT804738_1_MCV_MP1_GSPI_KT804738.1_00034) is ignored but added at the end
NOTE: MCV_MP1_LYCI_OL774654_1_MCV_MP1_LYCI_OL774654.1_00036 (identical to MCV_MP1_LYCI_MW139932_1_MCV_MP1_LYCI_MW139932.1_00038) is ignored but added at the end
NOTE: MCV_MP1_LYCI_OL774655_1_MCV_MP1_LYCI_OL774655.1_00039 (identical to MCV_MP1_LYCI_MW139932_1_MCV_MP1_LYCI_MW139932.1_00038) is ignored but added at the end
NOTE: MCV_MP1_RSIV_OK042108_1_MCV_MP1_RSIV_OK042108.1_00042 (identical to MCV_MP1_LYCI_MW139932_1_MCV_MP1_LYCI_MW139932.1_00038) is ignored but added at the end
NOTE: MCV_MP1_RSIV_ON740976_1_MCV_MP1_RSIV_ON740976.1_00035 (identical to MCV_MP1_LYCI_MW139932_1_MCV_MP1_LYCI_MW139932.1_00038) is ignored but added at the end
NOTE: MCV_MP1_PI_MK098187_1_MCV_MP1_PI_MK098187.1_00038 (identical to MCV_MP1_PI_MK098185_1_MCV_MP1_PI_MK098185.1_00038) is ignored but added at the end
NOTE: MCV_MP1_RSIV_BD143114_1_MCV_MP1_RSIV_BD143114.1_00040 (identical to MCV_MP1_PI_MK098185_1_MCV_MP1_PI_MK098185.1_00038) is ignored but added at the end
NOTE: MCV_MP1_RSIV_ON743042_1_MCV_MP1_RSIV_ON743042.1_00036 (identical to MCV_MP1_PI_MK098185_1_MCV_MP1_PI_MK098185.1_00038) is ignored but added at the end
Alignment was printed to iqtree/OG0000012.fa.fa.uniqueseq.phy

For your convenience alignment with unique sequences printed to iqtree/OG0000012.fa.fa.uniqueseq.phy


Create initial parsimony tree by phylogenetic likelihood library (PLL)... 0.004 seconds
Perform fast likelihood tree search using LG+I+G model...
Estimate model parameters (epsilon = 5.000)
Perform nearest neighbor interchange...
Optimizing NNI: done in 0.539176 secs using 100% CPU
Estimate model parameters (epsilon = 1.000)
1. Initial log-likelihood: -23906.906
Optimal log-likelihood: -23906.669
Proportion of invariable sites: 0.059
Gamma shape alpha: 1.492
Parameters optimization took 1 rounds (0.144 sec)
Time for fast ML tree search: 1.570 seconds

NOTE: ModelFinder requires 64 MB RAM!
ModelFinder will test up to 1232 protein models (sample size: 1448) ...
 No. Model         -LnL         df  AIC          AICc         BIC
  1  LG            24543.488    57  49200.975    49205.732    49501.818
  2  LG+I          24274.387    58  48664.773    48669.700    48970.894
  3  LG+G4         23918.935    58  47953.869    47958.797    48259.990
  4  LG+I+G4       23906.552    59  47931.103    47936.204    48242.502
  5  LG+R2         23977.879    59  48073.759    48078.860    48385.157
  6  LG+R3         23912.975    61  47947.950    47953.407    48269.904
  7  LG+R4         23906.731    63  47939.462    47945.289    48271.973
 14  LG+I+R2       23928.952    60  47977.904    47983.181    48294.580
 15  LG+I+R3       23906.862    62  47937.725    47943.365    48264.957
 16  LG+I+R4       23904.600    64  47937.201    47943.217    48274.989
 26  LG+F+I+G4     23900.218    78  47956.436    47965.439    48368.116
 48  WAG+I+G4      23987.436    59  48092.873    48097.974    48404.271
 70  WAG+F+I+G4    23915.121    78  47986.243    47995.245    48397.922
 92  JTT+I+G4      24061.124    59  48240.248    48245.349    48551.646
114  JTT+F+I+G4    24050.524    78  48257.048    48266.050    48668.727
WARNING: Normalizing state frequencies so that sum of them equals to 1
136  Q.pfam+I+G4   23970.793    59  48059.587    48064.688    48370.985
WARNING: Normalizing state frequencies so that sum of them equals to 1
158  Q.pfam+F+I+G4 23927.383    78  48010.767    48019.769    48422.446
WARNING: Normalizing state frequencies so that sum of them equals to 1
180  Q.bird+I+G4   24459.635    59  49037.270    49042.371    49348.668
WARNING: Normalizing state frequencies so that sum of them equals to 1
202  Q.bird+F+I+G4 24463.014    78  49082.029    49091.031    49493.708
WARNING: Normalizing state frequencies so that sum of them equals to 1
224  Q.mammal+I+G4 24358.562    59  48835.125    48840.226    49146.523
WARNING: Normalizing state frequencies so that sum of them equals to 1
246  Q.mammal+F+I+G4 24312.427    78  48780.854    48789.856    49192.533
268  Q.insect+I+G4 23910.142    59  47938.285    47943.386    48249.683
290  Q.insect+F+I+G4 24000.345    78  48156.691    48165.693    48568.370
WARNING: Normalizing state frequencies so that sum of them equals to 1
312  Q.plant+I+G4  24151.258    59  48420.516    48425.617    48731.914
WARNING: Normalizing state frequencies so that sum of them equals to 1
334  Q.plant+F+I+G4 24157.072    78  48470.145    48479.147    48881.824
WARNING: Normalizing state frequencies so that sum of them equals to 1
356  Q.yeast+I+G4  23956.551    59  48031.102    48036.203    48342.500
WARNING: Normalizing state frequencies so that sum of them equals to 1
378  Q.yeast+F+I+G4 23978.090    78  48112.179    48121.182    48523.859
400  JTTDCMut+I+G4 24058.969    59  48235.937    48241.038    48547.336
422  JTTDCMut+F+I+G4 24046.158    78  48248.316    48257.318    48659.995
444  DCMut+I+G4    24257.684    59  48633.367    48638.468    48944.766
466  DCMut+F+I+G4  24117.004    78  48390.009    48399.011    48801.688
488  VT+I+G4       23947.792    59  48013.584    48018.685    48324.983
510  VT+F+I+G4     23927.460    78  48010.920    48019.922    48422.599
532  PMB+I+G4      24015.449    59  48148.897    48153.998    48460.295
554  PMB+F+I+G4    23980.245    78  48116.490    48125.492    48528.169
576  Blosum62+I+G4 23975.081    59  48068.162    48073.263    48379.561
598  Blosum62+F+I+G4 23997.797    78  48151.594    48160.596    48563.273
620  Dayhoff+I+G4  24257.043    59  48632.087    48637.188    48943.485
642  Dayhoff+F+I+G4 24116.438    78  48388.875    48397.878    48800.555
664  mtREV+I+G4    25101.464    59  50320.928    50326.029    50632.327
686  mtREV+F+I+G4  24188.858    78  48533.715    48542.717    48945.394
708  mtART+I+G4    25199.647    59  50517.295    50522.396    50828.693
730  mtART+F+I+G4  24316.676    78  48789.351    48798.353    49201.030
752  mtZOA+I+G4    24874.792    59  49867.585    49872.686    50178.983
774  mtZOA+F+I+G4  24144.530    78  48445.060    48454.062    48856.739
796  mtMet+I+G4    24959.106    59  50036.213    50041.314    50347.611
818  mtMet+F+I+G4  24222.094    78  48600.188    48609.190    49011.867
840  mtVer+I+G4    25356.982    59  50831.965    50837.066    51143.363
862  mtVer+F+I+G4  24530.307    78  49216.613    49225.616    49628.293
884  mtInv+I+G4    25044.791    59  50207.582    50212.683    50518.980
906  mtInv+F+I+G4  24083.391    78  48322.782    48331.784    48734.461
928  mtMAM+I+G4    25527.103    59  51172.206    51177.307    51483.605
950  mtMAM+F+I+G4  24653.211    78  49462.422    49471.424    49874.101
WARNING: Normalizing state frequencies so that sum of them equals to 1
972  FLAVI+I+G4    24855.827    59  49829.654    49834.755    50141.052
WARNING: Normalizing state frequencies so that sum of them equals to 1
994  FLAVI+F+I+G4  24718.164    78  49592.328    49601.330    50004.007
1016  HIVb+I+G4     24481.319    59  49080.639    49085.740    49392.037
1038  HIVb+F+I+G4   24412.327    78  48980.653    48989.656    49392.333
1060  HIVw+I+G4     25190.438    59  50498.875    50503.976    50810.274
1082  HIVw+F+I+G4   24980.769    78  50117.539    50126.541    50529.218
1104  FLU+I+G4      24380.765    59  48879.529    48884.630    49190.928
1126  FLU+F+I+G4    24360.997    78  48877.995    48886.997    49289.674
1148  rtREV+I+G4    24057.823    59  48233.647    48238.748    48545.045
1170  rtREV+F+I+G4  23944.673    78  48045.347    48054.349    48457.026
1192  cpREV+I+G4    24080.987    59  48279.974    48285.075    48591.372
1214  cpREV+F+I+G4  23965.964    78  48087.928    48096.930    48499.607
Akaike Information Criterion:           LG+I+G4
Corrected Akaike Information Criterion: LG+I+G4
Bayesian Information Criterion:         LG+I+G4
Best-fit model: LG+I+G4 chosen according to BIC

All model information printed to iqtree/OG0000012.fa.fa.model.gz
CPU time for ModelFinder: 70.702 seconds (0h:1m:10s)
Wall-clock time for ModelFinder: 73.525 seconds (0h:1m:13s)
Generating 1000 samples for ultrafast bootstrap (seed: 665806)...

NOTE: 28 MB RAM (0 GB) is required!
Estimate model parameters (epsilon = 0.100)
Thoroughly optimizing +I+G parameters from 10 start values...
Init pinv, alpha: 0.000, 1.467 / Estimate: 0.000, 1.079 / LogL: -23918.939
Init pinv, alpha: 0.025, 1.467 / Estimate: 0.051, 1.430 / LogL: -23906.572
Init pinv, alpha: 0.050, 1.467 / Estimate: 0.051, 1.437 / LogL: -23906.568
Init pinv, alpha: 0.075, 1.467 / Estimate: 0.057, 1.473 / LogL: -23906.574
Init pinv, alpha: 0.100, 1.467 / Estimate: 0.057, 1.475 / LogL: -23906.577
Init pinv, alpha: 0.125, 1.467 / Estimate: 0.056, 1.470 / LogL: -23906.559
Init pinv, alpha: 0.150, 1.467 / Estimate: 0.056, 1.472 / LogL: -23906.567
Init pinv, alpha: 0.175, 1.467 / Estimate: 0.057, 1.474 / LogL: -23906.575
Init pinv, alpha: 0.200, 1.467 / Estimate: 0.057, 1.475 / LogL: -23906.581
Init pinv, alpha: 0.224, 1.467 / Estimate: 0.057, 1.477 / LogL: -23906.587
Optimal pinv,alpha: 0.056, 1.470 / LogL: -23906.559

Parameters optimization took 9.476 sec
Wrote distance file to... 
Computing ML distances based on estimated model parameters...
Calculating distance matrix: done in 0.049535 secs using 100% CPU
Computing ML distances took 0.049698 sec (of wall-clock time) 0.049698 sec (of CPU time)
Setting up auxiliary I and S matrices: done in 4.19617e-05 secs using 214.5% CPU
Constructing RapidNJ tree: done in 9.29832e-05 secs using 202.2% CPU
Computing RapidNJ tree took 0.000212 sec (of wall-clock time) 0.000421 sec (of CPU time)
Log-likelihood of RapidNJ tree: -23922.342
--------------------------------------------------------------------
|             INITIALIZING CANDIDATE TREE SET                      |
--------------------------------------------------------------------
Generating 98 parsimony trees... 0.487 second
Computing log-likelihood of 98 initial trees ... 4.363 seconds
Current best score: -23906.559

Do NNI search on 20 best initial trees
Optimizing NNI: done in 0.208713 secs using 99.88% CPU
Estimate model parameters (epsilon = 0.100)
BETTER TREE FOUND at iteration 1: -23906.542
Optimizing NNI: done in 0.709707 secs using 99.94% CPU
Optimizing NNI: done in 0.963439 secs using 100% CPU
UPDATE BEST LOG-LIKELIHOOD: -23906.541
Optimizing NNI: done in 1.06356 secs using 99.97% CPU
BETTER TREE FOUND at iteration 4: -23906.540
Optimizing NNI: done in 1.07831 secs using 99.99% CPU
Optimizing NNI: done in 1.00199 secs using 99.99% CPU
Optimizing NNI: done in 1.02408 secs using 100% CPU
Optimizing NNI: done in 1.09334 secs using 99.99% CPU
Optimizing NNI: done in 0.985265 secs using 100% CPU
Optimizing NNI: done in 1.09864 secs using 100% CPU
Iteration 10 / LogL: -23906.540 / Time: 0h:0m:24s
Optimizing NNI: done in 1.09127 secs using 100% CPU
Optimizing NNI: done in 0.992044 secs using 99.99% CPU
Optimizing NNI: done in 0.993794 secs using 99.94% CPU
Optimizing NNI: done in 0.995097 secs using 100% CPU
Optimizing NNI: done in 0.988547 secs using 100% CPU
Optimizing NNI: done in 0.986494 secs using 100% CPU
Optimizing NNI: done in 0.978172 secs using 100% CPU
Optimizing NNI: done in 0.984154 secs using 100% CPU
Optimizing NNI: done in 0.984263 secs using 100% CPU
Optimizing NNI: done in 1.03239 secs using 99.99% CPU
Iteration 20 / LogL: -23907.163 / Time: 0h:0m:34s
Finish initializing candidate tree set (4)
Current best tree score: -23906.540 / CPU time: 24.482
Number of iterations: 20
--------------------------------------------------------------------
|               OPTIMIZING CANDIDATE TREE SET                      |
--------------------------------------------------------------------
Optimizing NNI: done in 1.25372 secs using 100% CPU
Optimizing NNI: done in 1.30625 secs using 100% CPU
Optimizing NNI: done in 1.26766 secs using 100% CPU
Optimizing NNI: done in 1.65698 secs using 100% CPU
Optimizing NNI: done in 1.01809 secs using 100% CPU
Optimizing NNI: done in 1.04153 secs using 100% CPU
UPDATE BEST LOG-LIKELIHOOD: -23906.540
Optimizing NNI: done in 0.99749 secs using 99.99% CPU
Optimizing NNI: done in 1.03851 secs using 100% CPU
Optimizing NNI: done in 1.08982 secs using 100% CPU
Estimate model parameters (epsilon = 0.100)
BETTER TREE FOUND at iteration 29: -23906.302
Optimizing NNI: done in 1.48335 secs using 100% CPU
Iteration 30 / LogL: -23907.459 / Time: 0h:0m:46s (0h:2m:39s left)
Optimizing NNI: done in 1.08644 secs using 100% CPU
Optimizing NNI: done in 1.33364 secs using 100% CPU
Optimizing NNI: done in 1.12078 secs using 100% CPU
Optimizing NNI: done in 1.12449 secs using 100% CPU
Optimizing NNI: done in 1.00006 secs using 100% CPU
Optimizing NNI: done in 1.38295 secs using 100% CPU
Optimizing NNI: done in 0.965226 secs using 99.99% CPU
Optimizing NNI: done in 1.26966 secs using 100% CPU
Optimizing NNI: done in 0.961909 secs using 100% CPU
Optimizing NNI: done in 1.51244 secs using 100% CPU
Iteration 40 / LogL: -23907.156 / Time: 0h:0m:58s (0h:2m:13s left)
Optimizing NNI: done in 1.01771 secs using 100% CPU
Optimizing NNI: done in 1.18333 secs using 100% CPU
Optimizing NNI: done in 0.937285 secs using 100% CPU
Optimizing NNI: done in 1.09493 secs using 100% CPU
UPDATE BEST LOG-LIKELIHOOD: -23906.302
Optimizing NNI: done in 0.988679 secs using 100% CPU
Optimizing NNI: done in 0.960376 secs using 100% CPU
Optimizing NNI: done in 1.28293 secs using 100% CPU
Optimizing NNI: done in 0.778301 secs using 100% CPU
Optimizing NNI: done in 0.897384 secs using 100% CPU
Optimizing NNI: done in 0.908507 secs using 100% CPU
Iteration 50 / LogL: -23906.537 / Time: 0h:1m:8s (0h:1m:50s left)
Log-likelihood cutoff on original alignment: -23948.476
Optimizing NNI: done in 1.23429 secs using 100% CPU
Optimizing NNI: done in 1.20776 secs using 100% CPU
BETTER TREE FOUND at iteration 52: -23906.301
Optimizing NNI: done in 1.95228 secs using 100% CPU
Optimizing NNI: done in 0.983365 secs using 100% CPU
Optimizing NNI: done in 1.37053 secs using 100% CPU
Optimizing NNI: done in 1.67616 secs using 100% CPU
Optimizing NNI: done in 0.876507 secs using 100% CPU
Optimizing NNI: done in 0.81684 secs using 100% CPU
Optimizing NNI: done in 1.53846 secs using 100% CPU
Optimizing NNI: done in 1.3016 secs using 100% CPU
Iteration 60 / LogL: -23906.533 / Time: 0h:1m:21s (0h:2m:7s left)
Optimizing NNI: done in 1.07871 secs using 100% CPU
Optimizing NNI: done in 1.10559 secs using 100% CPU
Optimizing NNI: done in 1.06363 secs using 100% CPU
Optimizing NNI: done in 1.13999 secs using 100% CPU
Optimizing NNI: done in 1.59425 secs using 100% CPU
Optimizing NNI: done in 1.06341 secs using 100% CPU
Optimizing NNI: done in 0.872113 secs using 100% CPU
Optimizing NNI: done in 1.09264 secs using 100% CPU
Optimizing NNI: done in 0.985629 secs using 100% CPU
Optimizing NNI: done in 1.10289 secs using 100% CPU
Iteration 70 / LogL: -23906.535 / Time: 0h:1m:33s (0h:1m:50s left)
Optimizing NNI: done in 1.05849 secs using 100% CPU
Optimizing NNI: done in 1.14201 secs using 100% CPU
Optimizing NNI: done in 0.838199 secs using 100% CPU
Optimizing NNI: done in 1.1786 secs using 100% CPU
Optimizing NNI: done in 0.965563 secs using 100% CPU
Optimizing NNI: done in 1.50609 secs using 100% CPU
Optimizing NNI: done in 0.955709 secs using 100% CPU
Optimizing NNI: done in 1.23488 secs using 100% CPU
Optimizing NNI: done in 0.961319 secs using 100% CPU
Optimizing NNI: done in 1.49795 secs using 100% CPU
Iteration 80 / LogL: -23907.159 / Time: 0h:1m:44s (0h:1m:35s left)
Optimizing NNI: done in 1.10165 secs using 100% CPU
Optimizing NNI: done in 1.27296 secs using 100% CPU
Optimizing NNI: done in 1.18919 secs using 100% CPU
Optimizing NNI: done in 1.08359 secs using 100% CPU
Optimizing NNI: done in 1.36413 secs using 99.99% CPU
Optimizing NNI: done in 0.747005 secs using 100% CPU
Optimizing NNI: done in 1.11466 secs using 100% CPU
Optimizing NNI: done in 1.17182 secs using 100% CPU
Optimizing NNI: done in 1.10725 secs using 100% CPU
Optimizing NNI: done in 1.19307 secs using 100% CPU
Iteration 90 / LogL: -23907.137 / Time: 0h:1m:56s (0h:1m:20s left)
Optimizing NNI: done in 1.03847 secs using 100% CPU
Optimizing NNI: done in 0.850585 secs using 100% CPU
Optimizing NNI: done in 0.735136 secs using 100% CPU
Optimizing NNI: done in 1.11157 secs using 100% CPU
UPDATE BEST LOG-LIKELIHOOD: -23906.300
Optimizing NNI: done in 1.02358 secs using 100% CPU
Optimizing NNI: done in 1.02588 secs using 100% CPU
Optimizing NNI: done in 1.04017 secs using 100% CPU
Optimizing NNI: done in 0.924048 secs using 100% CPU
Optimizing NNI: done in 1.62331 secs using 100% CPU
Optimizing NNI: done in 1.00317 secs using 100% CPU
Iteration 100 / LogL: -23912.715 / Time: 0h:2m:6s (0h:1m:6s left)
Log-likelihood cutoff on original alignment: -23948.476
NOTE: Bootstrap correlation coefficient of split occurrence frequencies: 0.998
Optimizing NNI: done in 0.789872 secs using 100% CPU
Optimizing NNI: done in 1.08058 secs using 100% CPU
Optimizing NNI: done in 0.896258 secs using 100% CPU
Optimizing NNI: done in 0.920782 secs using 100% CPU
Optimizing NNI: done in 0.884512 secs using 100% CPU
Optimizing NNI: done in 1.11119 secs using 100% CPU
Optimizing NNI: done in 1.19831 secs using 100% CPU
Optimizing NNI: done in 0.688823 secs using 100% CPU
Optimizing NNI: done in 1.13314 secs using 100% CPU
Optimizing NNI: done in 0.98436 secs using 100% CPU
Iteration 110 / LogL: -23906.695 / Time: 0h:2m:16s (0h:1m:52s left)
Optimizing NNI: done in 0.963145 secs using 100% CPU
Optimizing NNI: done in 1.24644 secs using 100% CPU
Optimizing NNI: done in 1.04595 secs using 100% CPU
Optimizing NNI: done in 0.944308 secs using 100% CPU
Optimizing NNI: done in 0.771011 secs using 100% CPU
Optimizing NNI: done in 1.208 secs using 100% CPU
Optimizing NNI: done in 0.978249 secs using 100% CPU
Optimizing NNI: done in 1.17765 secs using 100% CPU
Optimizing NNI: done in 0.991982 secs using 100% CPU
Optimizing NNI: done in 1.17401 secs using 100% CPU
Iteration 120 / LogL: -23906.304 / Time: 0h:2m:27s (0h:1m:38s left)
Optimizing NNI: done in 1.22805 secs using 100% CPU
Optimizing NNI: done in 1.17137 secs using 100% CPU
Optimizing NNI: done in 1.36151 secs using 100% CPU
Optimizing NNI: done in 1.4739 secs using 100% CPU
Optimizing NNI: done in 0.984104 secs using 100% CPU
Optimizing NNI: done in 1.07603 secs using 100% CPU
Optimizing NNI: done in 1.34821 secs using 100% CPU
Optimizing NNI: done in 1.06998 secs using 100% CPU
Optimizing NNI: done in 1.00516 secs using 100% CPU
Optimizing NNI: done in 1.41463 secs using 100% CPU
Iteration 130 / LogL: -23906.303 / Time: 0h:2m:39s (0h:1m:26s left)
Optimizing NNI: done in 0.976096 secs using 100% CPU
Optimizing NNI: done in 1.07909 secs using 100% CPU
Optimizing NNI: done in 1.01797 secs using 100% CPU
Optimizing NNI: done in 0.808007 secs using 100% CPU
Optimizing NNI: done in 1.25065 secs using 100% CPU
Optimizing NNI: done in 1.16298 secs using 100% CPU
Optimizing NNI: done in 0.850087 secs using 100% CPU
Optimizing NNI: done in 1.49624 secs using 100% CPU
Optimizing NNI: done in 0.983617 secs using 100% CPU
Optimizing NNI: done in 1.20863 secs using 100% CPU
Iteration 140 / LogL: -23907.153 / Time: 0h:2m:50s (0h:1m:13s left)
Optimizing NNI: done in 1.11317 secs using 100% CPU
Optimizing NNI: done in 0.491722 secs using 100% CPU
Optimizing NNI: done in 1.14493 secs using 100% CPU
Optimizing NNI: done in 1.06404 secs using 100% CPU
Optimizing NNI: done in 1.28071 secs using 100% CPU
UPDATE BEST LOG-LIKELIHOOD: -23906.300
Optimizing NNI: done in 1.13923 secs using 100% CPU
Optimizing NNI: done in 0.725828 secs using 100% CPU
Optimizing NNI: done in 1.08303 secs using 100% CPU
Optimizing NNI: done in 1.05206 secs using 100% CPU
Optimizing NNI: done in 1.0668 secs using 100% CPU
Iteration 150 / LogL: -23907.155 / Time: 0h:3m:0s (0h:1m:0s left)
Log-likelihood cutoff on original alignment: -23948.991
Optimizing NNI: done in 1.32267 secs using 100% CPU
Optimizing NNI: done in 1.26582 secs using 100% CPU
Optimizing NNI: done in 1.17479 secs using 100% CPU
TREE SEARCH COMPLETED AFTER 153 ITERATIONS / Time: 0h:3m:4s

--------------------------------------------------------------------
|                    FINALIZING TREE SEARCH                        |
--------------------------------------------------------------------
Performs final model parameters optimization
Estimate model parameters (epsilon = 0.010)
1. Initial log-likelihood: -23906.300
Optimal log-likelihood: -23906.297
Proportion of invariable sites: 0.054
Gamma shape alpha: 1.455
Parameters optimization took 1 rounds (0.146 sec)
BEST SCORE FOUND : -23906.297
Creating bootstrap support values...
Split supports printed to NEXUS file iqtree/OG0000012.fa.fa.splits.nex
Total tree length: 8.920

Total number of iterations: 153
CPU time used for tree search: 174.472 sec (0h:2m:54s)
Wall-clock time used for tree search: 174.567 sec (0h:2m:54s)
Total CPU time used: 184.638 sec (0h:3m:4s)
Total wall-clock time used: 184.635 sec (0h:3m:4s)

Computing bootstrap consensus tree...
Reading input file iqtree/OG0000012.fa.fa.splits.nex...
30 taxa and 144 splits.
Consensus tree written to iqtree/OG0000012.fa.fa.contree
Reading input trees file iqtree/OG0000012.fa.fa.contree
Log-likelihood of consensus tree: -23906.712

Analysis results written to: 
  IQ-TREE report:                iqtree/OG0000012.fa.fa.iqtree
  Maximum-likelihood tree:       iqtree/OG0000012.fa.fa.treefile
  Likelihood distances:          iqtree/OG0000012.fa.fa.mldist

Ultrafast bootstrap approximation results written to:
  Split support values:          iqtree/OG0000012.fa.fa.splits.nex
  Consensus tree:                iqtree/OG0000012.fa.fa.contree
  Screen log file:               iqtree/OG0000012.fa.fa.log

Date and Time: Tue Jul 23 10:52:18 2024
