IQ-TREE multicore version 2.2.0.5 COVID-edition for Linux 64-bit built Sep 26 2022
Developed by Bui Quang Minh, James Barbetti, Nguyen Lam Tung,
Olga Chernomor, Heiko Schmidt, Dominik Schrempf, Michael Woodhams, Ly Trong Nhan.

Host:    c213 (AVX2, FMA3, 503 GB RAM)
Command: iqtree2 -s orthofinder_iqtreetest/Results_Jul15/MultipleSequenceAlignments/OG0000054.fa -B 1000 -m MFP -T 1 -pre iqtree/OG0000054.fa.fa
Seed:    930110 (Using SPRNG - Scalable Parallel Random Number Generator)
Time:    Tue Jul 23 10:49:24 2024
Kernel:  AVX+FMA - 1 threads (32 CPU cores detected)

HINT: Use -nt option to specify number of threads because your CPU has 32 cores!
HINT: -nt AUTO will automatically determine the best number of threads to use.

Reading alignment file orthofinder_iqtreetest/Results_Jul15/MultipleSequenceAlignments/OG0000054.fa ... Fasta format detected
Reading fasta file: done in 0.000190973 secs
Alignment most likely contains protein sequences
Constructing alignment: done in 9.89437e-05 secs
Alignment has 35 sequences with 168 columns, 118 distinct patterns
115 parsimony-informative, 0 singleton sites, 53 constant sites
                                                               Gap/Ambiguity  Composition  p-value
Analyzing sequences: done in 9.05991e-06 secs
   1  MCV_ML1_SDDV_MN562489_1_MCV_ML1_SDDV_MN562489.1_00105            1.79%    failed      1.27%
   2  MCV_ML1_SDDV_MT521409_1_MCV_ML1_SDDV_MT521409.1_00106            1.79%    failed      1.27%
   3  MCV_ML1_SDDV_NC_027778_1_MCV_ML1_SDDV_NC_027778.1_00086          1.79%    failed      1.27%
   4  MCV_ML1_SDDV_OM037668_1_MCV_ML1_SDDV_OM037668.1_00032            1.79%    failed      1.27%
   5  MCV_MP1_BCFI_MN432490_1_MCV_MP1_BCFI_MN432490.1_00098           10.12%    passed    100.00%
   6  MCV_MP1_BCFI_MT926123_1_MCV_MP1_BCFI_MT926123.1_00097           10.12%    passed    100.00%
   7  MCV_MP1_GSPI_KT804738_1_MCV_MP1_GSPI_KT804738.1_00093            2.98%    passed    100.00%
   8  MCV_MP1_ISKNV_AF371960_1_MCV_MP1_ISKNV_AF371960.1_00097         10.12%    passed    100.00%
   9  MCV_MP1_ISKNV_MK689685_1_MCV_MP1_ISKNV_MK689685.1_00095          2.98%    passed    100.00%
  10  MCV_MP1_LBUSV_OP009387_1_MCV_MP1_LBUSV_OP009387.1_00096         10.12%    passed    100.00%
  11  MCV_MP1_LYCI_AY779031_1_MCV_MP1_LYCI_AY779031.1_00104           10.12%    passed    100.00%
  12  MCV_MP1_LYCI_MW139932_1_MCV_MP1_LYCI_MW139932.1_00097            2.98%    passed    100.00%
  13  MCV_MP1_LYCI_OL774653_1_MCV_MP1_LYCI_OL774653.1_00115            2.98%    passed    100.00%
  14  MCV_MP1_LYCI_OL774654_1_MCV_MP1_LYCI_OL774654.1_00095            2.98%    passed    100.00%
  15  MCV_MP1_LYCI_OL774655_1_MCV_MP1_LYCI_OL774655.1_00097            2.98%    passed    100.00%
  16  MCV_MP1_OSGI_AY894343_1_MCV_MP1_OSGI_AY894343.1_00097            2.98%    passed    100.00%
  17  MCV_MP1_PI_MK098185_1_MCV_MP1_PI_MK098185.1_00096                2.98%    passed    100.00%
  18  MCV_MP1_PI_MK098186_1_MCV_MP1_PI_MK098186.1_00093                2.98%    passed    100.00%
  19  MCV_MP1_PI_MK098187_1_MCV_MP1_PI_MK098187.1_00096                2.98%    passed    100.00%
  20  MCV_MP1_RBIV_AY532606_1_MCV_MP1_RBIV_AY532606.1_00100            2.98%    passed    100.00%
  21  MCV_MP1_RBIV_KC244182_1_MCV_MP1_RBIV_KC244182.1_00096            2.98%    passed    100.00%
  22  MCV_MP1_RSIV_BD143114_1_MCV_MP1_RSIV_BD143114.1_00103            2.98%    passed    100.00%
  23  MCV_MP1_RSIV_MK689686_1_MCV_MP1_RSIV_MK689686.1_00094            2.98%    passed    100.00%
  24  MCV_MP1_RSIV_MT798582_1_MCV_MP1_RSIV_MT798582.1_00110            2.98%    passed    100.00%
  25  MCV_MP1_RSIV_OK042108_1_MCV_MP1_RSIV_OK042108.1_00103            2.98%    passed    100.00%
  26  MCV_MP1_RSIV_OK042109_1_MCV_MP1_RSIV_OK042109.1_00104            2.98%    passed    100.00%
  27  MCV_MP1_RSIV_ON740976_1_MCV_MP1_RSIV_ON740976.1_00095            2.98%    passed    100.00%
  28  MCV_MP1_RSIV_ON743042_1_MCV_MP1_RSIV_ON743042.1_00097            2.98%    passed    100.00%
  29  MCV_MP1_SKIV_MT986830_1_MCV_MP1_SKIV_MT986830.1_00101           10.12%    passed    100.00%
  30  MCV_MP1_SKIV_ON075463_1_MCV_MP1_SKIV_ON075463.1_00093            2.98%    passed    100.00%
  31  MCV_MP1_TRBIV_GQ273492_1_MCV_MP1_TRBIV_GQ273492.1_00093          4.17%    passed    100.00%
  32  MCV_Unclassified_MG570131_1_MCV_Unclassified_MG570131.1_00093    4.17%    passed    100.00%
  33  MCV_Unclassified_MG570132_1_MCV_Unclassified_MG570132.1_00093    4.17%    passed    100.00%
  34  MCV_Unclassified_OQ475017_1_MCV_Unclassified_OQ475017.1_00094    2.98%    passed    100.00%
  35  MCV_Unlassified_OL310752_1_MCV_Unlassified_OL310752.1_00035      2.98%    passed    100.00%
****  TOTAL                                                            4.17%  4 sequences failed composition chi2 test (p-value<5%; df=19)
NOTE: MCV_ML1_SDDV_MT521409_1_MCV_ML1_SDDV_MT521409.1_00106 is identical to MCV_ML1_SDDV_MN562489_1_MCV_ML1_SDDV_MN562489.1_00105 but kept for subsequent analysis
NOTE: MCV_MP1_LBUSV_OP009387_1_MCV_MP1_LBUSV_OP009387.1_00096 is identical to MCV_MP1_BCFI_MN432490_1_MCV_MP1_BCFI_MN432490.1_00098 but kept for subsequent analysis
NOTE: MCV_MP1_ISKNV_AF371960_1_MCV_MP1_ISKNV_AF371960.1_00097 is identical to MCV_MP1_BCFI_MT926123_1_MCV_MP1_BCFI_MT926123.1_00097 but kept for subsequent analysis
NOTE: MCV_MP1_OSGI_AY894343_1_MCV_MP1_OSGI_AY894343.1_00097 is identical to MCV_MP1_GSPI_KT804738_1_MCV_MP1_GSPI_KT804738.1_00093 but kept for subsequent analysis
NOTE: MCV_MP1_LYCI_OL774653_1_MCV_MP1_LYCI_OL774653.1_00115 is identical to MCV_MP1_LYCI_MW139932_1_MCV_MP1_LYCI_MW139932.1_00097 but kept for subsequent analysis
NOTE: MCV_Unclassified_MG570132_1_MCV_Unclassified_MG570132.1_00093 is identical to MCV_Unclassified_MG570131_1_MCV_Unclassified_MG570131.1_00093 but kept for subsequent analysis
Checking for duplicate sequences: done in 4.3869e-05 secs
Identifying sites to remove: done in 4.60148e-05 secs
NOTE: 20 identical sequences (see below) will be ignored for subsequent analysis
NOTE: MCV_ML1_SDDV_NC_027778_1_MCV_ML1_SDDV_NC_027778.1_00086 (identical to MCV_ML1_SDDV_MN562489_1_MCV_ML1_SDDV_MN562489.1_00105) is ignored but added at the end
NOTE: MCV_ML1_SDDV_OM037668_1_MCV_ML1_SDDV_OM037668.1_00032 (identical to MCV_ML1_SDDV_MN562489_1_MCV_ML1_SDDV_MN562489.1_00105) is ignored but added at the end
NOTE: MCV_MP1_SKIV_MT986830_1_MCV_MP1_SKIV_MT986830.1_00101 (identical to MCV_MP1_BCFI_MN432490_1_MCV_MP1_BCFI_MN432490.1_00098) is ignored but added at the end
NOTE: MCV_MP1_LYCI_AY779031_1_MCV_MP1_LYCI_AY779031.1_00104 (identical to MCV_MP1_BCFI_MT926123_1_MCV_MP1_BCFI_MT926123.1_00097) is ignored but added at the end
NOTE: MCV_MP1_RBIV_KC244182_1_MCV_MP1_RBIV_KC244182.1_00096 (identical to MCV_MP1_GSPI_KT804738_1_MCV_MP1_GSPI_KT804738.1_00093) is ignored but added at the end
NOTE: MCV_MP1_RSIV_MK689686_1_MCV_MP1_RSIV_MK689686.1_00094 (identical to MCV_MP1_GSPI_KT804738_1_MCV_MP1_GSPI_KT804738.1_00093) is ignored but added at the end
NOTE: MCV_MP1_RSIV_MT798582_1_MCV_MP1_RSIV_MT798582.1_00110 (identical to MCV_MP1_GSPI_KT804738_1_MCV_MP1_GSPI_KT804738.1_00093) is ignored but added at the end
NOTE: MCV_MP1_RSIV_OK042108_1_MCV_MP1_RSIV_OK042108.1_00103 (identical to MCV_MP1_GSPI_KT804738_1_MCV_MP1_GSPI_KT804738.1_00093) is ignored but added at the end
NOTE: MCV_MP1_RSIV_OK042109_1_MCV_MP1_RSIV_OK042109.1_00104 (identical to MCV_MP1_GSPI_KT804738_1_MCV_MP1_GSPI_KT804738.1_00093) is ignored but added at the end
NOTE: MCV_MP1_SKIV_ON075463_1_MCV_MP1_SKIV_ON075463.1_00093 (identical to MCV_MP1_GSPI_KT804738_1_MCV_MP1_GSPI_KT804738.1_00093) is ignored but added at the end
NOTE: MCV_MP1_LYCI_OL774654_1_MCV_MP1_LYCI_OL774654.1_00095 (identical to MCV_MP1_LYCI_MW139932_1_MCV_MP1_LYCI_MW139932.1_00097) is ignored but added at the end
NOTE: MCV_MP1_LYCI_OL774655_1_MCV_MP1_LYCI_OL774655.1_00097 (identical to MCV_MP1_LYCI_MW139932_1_MCV_MP1_LYCI_MW139932.1_00097) is ignored but added at the end
NOTE: MCV_MP1_PI_MK098185_1_MCV_MP1_PI_MK098185.1_00096 (identical to MCV_MP1_LYCI_MW139932_1_MCV_MP1_LYCI_MW139932.1_00097) is ignored but added at the end
NOTE: MCV_MP1_PI_MK098186_1_MCV_MP1_PI_MK098186.1_00093 (identical to MCV_MP1_LYCI_MW139932_1_MCV_MP1_LYCI_MW139932.1_00097) is ignored but added at the end
NOTE: MCV_MP1_PI_MK098187_1_MCV_MP1_PI_MK098187.1_00096 (identical to MCV_MP1_LYCI_MW139932_1_MCV_MP1_LYCI_MW139932.1_00097) is ignored but added at the end
NOTE: MCV_MP1_RSIV_BD143114_1_MCV_MP1_RSIV_BD143114.1_00103 (identical to MCV_MP1_LYCI_MW139932_1_MCV_MP1_LYCI_MW139932.1_00097) is ignored but added at the end
NOTE: MCV_MP1_RSIV_ON740976_1_MCV_MP1_RSIV_ON740976.1_00095 (identical to MCV_MP1_LYCI_MW139932_1_MCV_MP1_LYCI_MW139932.1_00097) is ignored but added at the end
NOTE: MCV_MP1_RSIV_ON743042_1_MCV_MP1_RSIV_ON743042.1_00097 (identical to MCV_MP1_LYCI_MW139932_1_MCV_MP1_LYCI_MW139932.1_00097) is ignored but added at the end
NOTE: MCV_Unclassified_OQ475017_1_MCV_Unclassified_OQ475017.1_00094 (identical to MCV_MP1_LYCI_MW139932_1_MCV_MP1_LYCI_MW139932.1_00097) is ignored but added at the end
NOTE: MCV_Unlassified_OL310752_1_MCV_Unlassified_OL310752.1_00035 (identical to MCV_MP1_LYCI_MW139932_1_MCV_MP1_LYCI_MW139932.1_00097) is ignored but added at the end
Alignment was printed to iqtree/OG0000054.fa.fa.uniqueseq.phy

For your convenience alignment with unique sequences printed to iqtree/OG0000054.fa.fa.uniqueseq.phy


Create initial parsimony tree by phylogenetic likelihood library (PLL)... 0.000 seconds
Perform fast likelihood tree search using LG+I+G model...
Estimate model parameters (epsilon = 5.000)
Perform nearest neighbor interchange...
Optimizing NNI: done in 0.0465009 secs using 99.99% CPU
Estimate model parameters (epsilon = 1.000)
1. Initial log-likelihood: -1018.482
2. Current log-likelihood: -1017.294
3. Current log-likelihood: -1015.940
Optimal log-likelihood: -1015.223
Proportion of invariable sites: 0.108
Gamma shape alpha: 10.061
Parameters optimization took 3 rounds (0.041 sec)
Time for fast ML tree search: 0.104 seconds

NOTE: ModelFinder requires 3 MB RAM!
ModelFinder will test up to 1232 protein models (sample size: 168) ...
 No. Model         -LnL         df  AIC          AICc         BIC
  1  LG            1014.863     27  2083.726     2094.526     2168.073
  2  LG+I          1014.702     28  2085.403     2097.087     2172.874
  3  LG+G4         1014.353     28  2084.706     2096.390     2172.177
  4  LG+I+G4       1014.903     29  2087.806     2100.415     2178.401
  5  LG+R2         1014.350     29  2086.701     2099.309     2177.296
  6  LG+R3         1014.334     31  2090.668     2105.257     2187.511
 14  LG+I+R2       1014.613     30  2089.226     2102.803     2182.945
 15  LG+I+R3       1014.497     32  2092.993     2108.638     2192.960
 23  LG+F          994.607      46  2081.215     2116.950     2224.917
 24  LG+F+I        994.377      47  2082.755     2120.355     2229.581
 25  LG+F+G4       993.641      47  2081.282     2118.882     2228.109
 27  LG+F+R2       993.510      48  2083.019     2122.549     2232.969
 45  WAG           1008.764     27  2071.528     2082.328     2155.875
 46  WAG+I         1008.764     28  2073.528     2085.212     2160.999
 47  WAG+G4        1008.765     28  2073.531     2085.214     2161.002
 49  WAG+R2        1008.955     29  2075.910     2088.519     2166.505
 67  WAG+F         985.907      46  2063.815     2099.550     2207.517
 68  WAG+F+I       985.907      47  2065.815     2103.415     2212.641
 69  WAG+F+G4      985.916      47  2065.832     2103.432     2212.659
 71  WAG+F+R2      986.065      48  2068.130     2107.659     2218.080
 89  JTT           1010.436     27  2074.871     2085.671     2159.218
 90  JTT+I         1010.304     28  2076.607     2088.291     2164.078
 91  JTT+G4        1010.202     28  2076.404     2088.088     2163.875
 93  JTT+R2        1010.219     29  2078.438     2091.046     2169.033
111  JTT+F         990.617      46  2073.234     2108.969     2216.936
112  JTT+F+I       990.390      47  2074.780     2112.380     2221.606
113  JTT+F+G4      989.967      47  2073.934     2111.534     2220.760
115  JTT+F+R2      989.926      48  2075.853     2115.382     2225.803
WARNING: Normalizing state frequencies so that sum of them equals to 1
133  Q.pfam        1021.485     27  2096.969     2107.769     2181.316
WARNING: Normalizing state frequencies so that sum of them equals to 1
134  Q.pfam+I      1021.364     28  2098.728     2110.411     2186.199
WARNING: Normalizing state frequencies so that sum of them equals to 1
135  Q.pfam+G4     1021.100     28  2098.199     2109.883     2185.670
WARNING: Normalizing state frequencies so that sum of them equals to 1
137  Q.pfam+R2     1021.121     29  2100.241     2112.850     2190.836
WARNING: Normalizing state frequencies so that sum of them equals to 1
155  Q.pfam+F      994.667      46  2081.334     2117.069     2225.036
WARNING: Normalizing state frequencies so that sum of them equals to 1
156  Q.pfam+F+I    994.459      47  2082.917     2120.517     2229.744
WARNING: Normalizing state frequencies so that sum of them equals to 1
157  Q.pfam+F+G4   993.819      47  2081.639     2119.239     2228.465
WARNING: Normalizing state frequencies so that sum of them equals to 1
159  Q.pfam+F+R2   993.702      48  2083.404     2122.934     2233.355
WARNING: Normalizing state frequencies so that sum of them equals to 1
177  Q.bird        1020.945     27  2095.891     2106.691     2180.238
WARNING: Normalizing state frequencies so that sum of them equals to 1
178  Q.bird+I      1018.036     28  2092.072     2103.755     2179.543
WARNING: Normalizing state frequencies so that sum of them equals to 1
179  Q.bird+G4     1016.279     28  2088.558     2100.241     2176.029
WARNING: Normalizing state frequencies so that sum of them equals to 1
181  Q.bird+R2     1015.889     29  2089.778     2102.387     2180.373
WARNING: Normalizing state frequencies so that sum of them equals to 1
199  Q.bird+F      1004.005     46  2100.009     2135.745     2243.711
WARNING: Normalizing state frequencies so that sum of them equals to 1
200  Q.bird+F+I    999.564      47  2093.127     2130.727     2239.954
WARNING: Normalizing state frequencies so that sum of them equals to 1
201  Q.bird+F+G4   997.896      47  2089.792     2127.392     2236.619
WARNING: Normalizing state frequencies so that sum of them equals to 1
203  Q.bird+F+R2   997.853      48  2091.706     2131.236     2241.657
WARNING: Normalizing state frequencies so that sum of them equals to 1
221  Q.mammal      1019.217     27  2092.434     2103.234     2176.781
WARNING: Normalizing state frequencies so that sum of them equals to 1
222  Q.mammal+I    1017.855     28  2091.711     2103.394     2179.182
WARNING: Normalizing state frequencies so that sum of them equals to 1
223  Q.mammal+G4   1016.558     28  2089.116     2100.799     2176.587
WARNING: Normalizing state frequencies so that sum of them equals to 1
225  Q.mammal+R2   1016.285     29  2090.571     2103.180     2181.166
WARNING: Normalizing state frequencies so that sum of them equals to 1
243  Q.mammal+F    1000.022     46  2092.045     2127.780     2235.747
WARNING: Normalizing state frequencies so that sum of them equals to 1
244  Q.mammal+F+I  997.630      47  2089.260     2126.860     2236.087
WARNING: Normalizing state frequencies so that sum of them equals to 1
245  Q.mammal+F+G4 996.073      47  2086.145     2123.745     2232.972
WARNING: Normalizing state frequencies so that sum of them equals to 1
247  Q.mammal+F+R2 995.837      48  2087.673     2127.203     2237.624
265  Q.insect      1013.235     27  2080.470     2091.270     2164.817
266  Q.insect+I    1012.974     28  2081.948     2093.631     2169.419
267  Q.insect+G4   1012.181     28  2080.362     2092.046     2167.833
269  Q.insect+R2   1012.054     29  2082.109     2094.718     2172.704
287  Q.insect+F    995.788      46  2083.575     2119.311     2227.278
288  Q.insect+F+I  995.529      47  2085.058     2122.658     2231.885
289  Q.insect+F+G4 994.510      47  2083.019     2120.619     2229.846
291  Q.insect+F+R2 994.363      48  2084.727     2124.256     2234.677
WARNING: Normalizing state frequencies so that sum of them equals to 1
309  Q.plant       1017.866     27  2089.732     2100.532     2174.079
WARNING: Normalizing state frequencies so that sum of them equals to 1
310  Q.plant+I     1016.249     28  2088.497     2100.181     2175.968
WARNING: Normalizing state frequencies so that sum of them equals to 1
311  Q.plant+G4    1014.799     28  2085.599     2097.282     2173.070
WARNING: Normalizing state frequencies so that sum of them equals to 1
313  Q.plant+R2    1014.477     29  2086.954     2099.563     2177.549
WARNING: Normalizing state frequencies so that sum of them equals to 1
331  Q.plant+F     994.942      46  2081.885     2117.620     2225.587
WARNING: Normalizing state frequencies so that sum of them equals to 1
332  Q.plant+F+I   993.464      47  2080.927     2118.527     2227.753
WARNING: Normalizing state frequencies so that sum of them equals to 1
333  Q.plant+F+G4  991.870      47  2077.741     2115.341     2224.567
WARNING: Normalizing state frequencies so that sum of them equals to 1
335  Q.plant+F+R2  991.531      48  2079.061     2118.591     2229.012
WARNING: Normalizing state frequencies so that sum of them equals to 1
353  Q.yeast       1029.774     27  2113.547     2124.347     2197.894
WARNING: Normalizing state frequencies so that sum of them equals to 1
354  Q.yeast+I     1028.617     28  2113.233     2124.917     2200.704
WARNING: Normalizing state frequencies so that sum of them equals to 1
355  Q.yeast+G4    1027.884     28  2111.767     2123.451     2199.238
WARNING: Normalizing state frequencies so that sum of them equals to 1
357  Q.yeast+R2    1027.756     29  2113.513     2126.121     2204.108
WARNING: Normalizing state frequencies so that sum of them equals to 1
375  Q.yeast+F     999.844      46  2091.688     2127.424     2235.390
WARNING: Normalizing state frequencies so that sum of them equals to 1
376  Q.yeast+F+I   998.561      47  2091.122     2128.722     2237.948
WARNING: Normalizing state frequencies so that sum of them equals to 1
377  Q.yeast+F+G4  997.571      47  2089.143     2126.743     2235.969
WARNING: Normalizing state frequencies so that sum of them equals to 1
379  Q.yeast+F+R2  997.313      48  2090.626     2130.156     2240.577
397  JTTDCMut      1010.239     27  2074.477     2085.277     2158.824
398  JTTDCMut+I    1010.134     28  2076.269     2087.952     2163.740
399  JTTDCMut+G4   1010.027     28  2076.054     2087.738     2163.525
401  JTTDCMut+R2   1010.047     29  2078.094     2090.703     2168.689
419  JTTDCMut+F    990.505      46  2073.010     2108.746     2216.713
420  JTTDCMut+F+I  990.313      47  2074.626     2112.226     2221.453
421  JTTDCMut+F+G4 989.879      47  2073.757     2111.357     2220.584
423  JTTDCMut+F+R2 989.840      48  2075.680     2115.210     2225.630
441  DCMut         1010.443     27  2074.887     2085.687     2159.234
442  DCMut+I       1010.386     28  2076.772     2088.456     2164.243
443  DCMut+G4      1010.260     28  2076.521     2088.204     2163.992
445  DCMut+R2      1010.284     29  2078.568     2091.177     2169.163
463  DCMut+F       984.201      46  2060.401     2096.137     2204.104
464  DCMut+F+I     984.144      47  2062.289     2099.889     2209.115
465  DCMut+F+G4    983.823      47  2061.646     2099.246     2208.472
467  DCMut+F+R2    983.836      48  2063.671     2103.200     2213.621
485  VT            1013.347     27  2080.695     2091.495     2165.042
486  VT+I          1013.347     28  2082.695     2094.378     2170.166
487  VT+G4         1013.350     28  2082.701     2094.384     2170.172
489  VT+R2         1013.495     29  2084.990     2097.599     2175.585
507  VT+F          989.287      46  2070.574     2106.310     2214.277
508  VT+F+I        989.287      47  2072.574     2110.174     2219.401
509  VT+F+G4       989.289      47  2072.579     2110.179     2219.405
511  VT+F+R2       989.500      48  2075.001     2114.530     2224.951
529  PMB           1009.920     27  2073.840     2084.640     2158.187
530  PMB+I         1009.920     28  2075.840     2087.524     2163.311
531  PMB+G4        1009.922     28  2075.845     2087.528     2163.316
533  PMB+R2        1010.141     29  2078.282     2090.890     2168.877
551  PMB+F         993.060      46  2078.121     2113.856     2221.823
552  PMB+F+I       993.060      47  2080.121     2117.721     2226.947
553  PMB+F+G4      993.062      47  2080.125     2117.725     2226.951
555  PMB+F+R2      993.283      48  2082.567     2122.096     2232.517
573  Blosum62      1008.429     27  2070.857     2081.657     2155.204
574  Blosum62+I    1008.429     28  2072.857     2084.541     2160.328
575  Blosum62+G4   1008.431     28  2072.861     2084.545     2160.332
577  Blosum62+R2   1008.641     29  2075.281     2087.890     2165.876
595  Blosum62+F    992.159      46  2076.318     2112.054     2220.020
596  Blosum62+F+I  992.159      47  2078.318     2115.918     2225.144
597  Blosum62+F+G4 992.161      47  2078.322     2115.922     2225.148
599  Blosum62+F+R2 992.372      48  2080.743     2120.273     2230.694
617  Dayhoff       1010.447     27  2074.895     2085.695     2159.242
618  Dayhoff+I     1010.385     28  2076.770     2088.453     2164.241
619  Dayhoff+G4    1010.252     28  2076.503     2088.187     2163.974
621  Dayhoff+R2    1010.274     29  2078.547     2091.156     2169.142
639  Dayhoff+F     984.227      46  2060.454     2096.189     2204.156
640  Dayhoff+F+I   984.166      47  2062.332     2099.932     2209.158
641  Dayhoff+F+G4  983.833      47  2061.666     2099.266     2208.492
643  Dayhoff+F+R2  983.842      48  2063.685     2103.214     2213.635
661  mtREV         1082.380     27  2218.760     2229.560     2303.107
662  mtREV+I       1080.310     28  2216.619     2228.303     2304.090
663  mtREV+G4      1076.507     28  2209.015     2220.698     2296.486
665  mtREV+R2      1075.645     29  2209.290     2221.899     2299.885
683  mtREV+F       1000.568     46  2093.136     2128.872     2236.838
684  mtREV+F+I     999.694      47  2093.387     2130.987     2240.214
685  mtREV+F+G4    996.999      47  2087.998     2125.598     2234.825
687  mtREV+F+R2    996.618      48  2089.237     2128.766     2239.187
705  mtART         1100.620     27  2255.240     2266.040     2339.587
706  mtART+I       1084.185     28  2224.370     2236.053     2311.841
707  mtART+G4      1079.210     28  2214.419     2226.103     2301.890
709  mtART+R2      1082.217     29  2222.434     2235.043     2313.029
727  mtART+F       1029.723     46  2151.447     2187.182     2295.149
728  mtART+F+I     1018.487     47  2130.974     2168.574     2277.800
729  mtART+F+G4    1012.648     47  2119.296     2156.896     2266.122
731  mtART+F+R2    1015.822     48  2127.644     2167.173     2277.594
749  mtZOA         1081.356     27  2216.712     2227.512     2301.059
750  mtZOA+I       1070.511     28  2197.021     2208.705     2284.492
751  mtZOA+G4      1066.034     28  2188.068     2199.751     2275.539
753  mtZOA+R2      1066.856     29  2191.712     2204.321     2282.307
771  mtZOA+F       1018.732     46  2129.464     2165.199     2273.166
772  mtZOA+F+I     1012.151     47  2118.302     2155.902     2265.129
773  mtZOA+F+G4    1007.116     47  2108.233     2145.833     2255.059
775  mtZOA+F+R2    1007.945     48  2111.891     2151.420     2261.841
793  mtMet         1080.207     27  2214.414     2225.214     2298.761
794  mtMet+I       1075.180     28  2206.359     2218.043     2293.830
795  mtMet+G4      1071.111     28  2198.222     2209.905     2285.693
797  mtMet+R2      1070.599     29  2199.197     2211.806     2289.792
815  mtMet+F       1010.069     46  2112.137     2147.873     2255.840
816  mtMet+F+I     1007.168     47  2108.337     2145.937     2255.163
817  mtMet+F+G4    1003.236     47  2100.472     2138.072     2247.298
819  mtMet+F+R2    1003.066     48  2102.132     2141.661     2252.082
837  mtVer         1092.961     27  2239.921     2250.721     2324.268
838  mtVer+I       1085.232     28  2226.465     2238.148     2313.936
839  mtVer+G4      1079.496     28  2214.993     2226.676     2302.464
841  mtVer+R2      1080.081     29  2218.163     2230.772     2308.758
859  mtVer+F       1012.781     46  2117.562     2153.298     2261.265
860  mtVer+F+I     1008.262     47  2110.524     2148.124     2257.350
861  mtVer+F+G4    1003.137     47  2100.273     2137.873     2247.099
863  mtVer+F+R2    1003.804     48  2103.608     2143.138     2253.559
881  mtInv         1086.624     27  2227.247     2238.047     2311.594
882  mtInv+I       1083.382     28  2222.763     2234.446     2310.234
883  mtInv+G4      1080.401     28  2216.803     2228.486     2304.274
885  mtInv+R2      1079.586     29  2217.173     2229.781     2307.768
903  mtInv+F       1009.175     46  2110.350     2146.085     2254.052
904  mtInv+F+I     1007.191     47  2108.383     2145.983     2255.209
905  mtInv+F+G4    1003.818     47  2101.635     2139.235     2248.462
907  mtInv+F+R2    1003.153     48  2102.306     2141.835     2252.256
925  mtMAM         1101.229     27  2256.457     2267.257     2340.804
926  mtMAM+I       1089.503     28  2235.006     2246.690     2322.477
927  mtMAM+G4      1081.049     28  2218.097     2229.781     2305.568
929  mtMAM+R2      1084.033     29  2226.066     2238.674     2316.660
947  mtMAM+F       1015.473     46  2122.946     2158.681     2266.648
948  mtMAM+F+I     1009.314     47  2112.627     2150.227     2259.454
949  mtMAM+F+G4    1003.845     47  2101.690     2139.290     2248.517
951  mtMAM+F+R2    1005.508     48  2107.015     2146.545     2256.966
WARNING: Normalizing state frequencies so that sum of them equals to 1
969  FLAVI         1042.333     27  2138.666     2149.466     2223.013
WARNING: Normalizing state frequencies so that sum of them equals to 1
970  FLAVI+I       1035.031     28  2126.062     2137.746     2213.533
WARNING: Normalizing state frequencies so that sum of them equals to 1
971  FLAVI+G4      1031.922     28  2119.844     2131.527     2207.315
WARNING: Normalizing state frequencies so that sum of them equals to 1
973  FLAVI+R2      1032.314     29  2122.629     2135.238     2213.224
WARNING: Normalizing state frequencies so that sum of them equals to 1
991  FLAVI+F       1012.221     46  2116.442     2152.178     2260.145
WARNING: Normalizing state frequencies so that sum of them equals to 1
992  FLAVI+F+I     1004.781     47  2103.563     2141.163     2250.389
WARNING: Normalizing state frequencies so that sum of them equals to 1
993  FLAVI+F+G4    1002.584     47  2099.168     2136.768     2245.995
WARNING: Normalizing state frequencies so that sum of them equals to 1
995  FLAVI+F+R2    1003.956     48  2103.913     2143.442     2253.863
1013  HIVb          1020.441     27  2094.883     2105.683     2179.230
1014  HIVb+I        1017.965     28  2091.929     2103.613     2179.400
1015  HIVb+G4       1017.713     28  2091.425     2103.109     2178.896
1017  HIVb+R2       1017.591     29  2093.182     2105.790     2183.777
1035  HIVb+F        997.623      46  2087.246     2122.982     2230.948
1036  HIVb+F+I      994.203      47  2082.406     2120.006     2229.232
1037  HIVb+F+G4     993.477      47  2080.954     2118.554     2227.781
1039  HIVb+F+R2     993.224      48  2082.448     2121.978     2232.399
1057  HIVw          1050.072     27  2154.144     2164.944     2238.491
1058  HIVw+I        1042.439     28  2140.878     2152.562     2228.349
1059  HIVw+G4       1043.032     28  2142.064     2153.747     2229.535
1061  HIVw+R2       1043.255     29  2144.511     2157.120     2235.106
1079  HIVw+F        1008.176     46  2108.353     2144.088     2252.055
1080  HIVw+F+I      1001.521     47  2097.042     2134.642     2243.868
1081  HIVw+F+G4     1001.610     47  2097.220     2134.820     2244.046
1083  HIVw+F+R2     1001.891     48  2099.782     2139.312     2249.733
1101  FLU           1023.162     27  2100.324     2111.124     2184.671
1102  FLU+I         1020.865     28  2097.729     2109.413     2185.200
1103  FLU+G4        1019.851     28  2095.701     2107.385     2183.172
1105  FLU+R2        1019.744     29  2097.487     2110.096     2188.082
1123  FLU+F         997.156      46  2086.313     2122.048     2230.015
1124  FLU+F+I       994.994      47  2083.988     2121.588     2230.814
1125  FLU+F+G4      993.980      47  2081.959     2119.559     2228.785
1127  FLU+F+R2      994.179      48  2084.359     2123.888     2234.309
1145  rtREV         1027.171     27  2108.343     2119.143     2192.690
1146  rtREV+I       1026.708     28  2109.417     2121.100     2196.888
1147  rtREV+G4      1026.523     28  2109.047     2120.730     2196.518
1149  rtREV+R2      1026.504     29  2111.008     2123.617     2201.603
1167  rtREV+F       1000.582     46  2093.164     2128.900     2236.867
1168  rtREV+F+I     999.691      47  2093.383     2130.983     2240.209
1169  rtREV+F+G4    999.060      47  2092.120     2129.720     2238.946
1171  rtREV+F+R2    998.878      48  2093.755     2133.285     2243.706
1189  cpREV         1027.896     27  2109.792     2120.592     2194.139
1190  cpREV+I       1027.226     28  2110.453     2122.136     2197.924
1191  cpREV+G4      1027.285     28  2110.569     2122.253     2198.040
1193  cpREV+R2      1027.303     29  2112.606     2125.215     2203.201
1211  cpREV+F       995.175      46  2082.351     2118.086     2226.053
1212  cpREV+F+I     994.761      47  2083.522     2121.122     2230.348
1213  cpREV+F+G4    994.376      47  2082.753     2120.353     2229.579
1215  cpREV+F+R2    994.331      48  2084.662     2124.192     2234.612
Akaike Information Criterion:           DCMut+F
Corrected Akaike Information Criterion: Blosum62
Bayesian Information Criterion:         Blosum62
Best-fit model: Blosum62 chosen according to BIC

All model information printed to iqtree/OG0000054.fa.fa.model.gz
CPU time for ModelFinder: 5.135 seconds (0h:0m:5s)
Wall-clock time for ModelFinder: 5.235 seconds (0h:0m:5s)
Generating 1000 samples for ultrafast bootstrap (seed: 930110)...

NOTE: 0 MB RAM (0 GB) is required!
Estimate model parameters (epsilon = 0.100)
1. Initial log-likelihood: -1008.429
Optimal log-likelihood: -1008.429
Parameters optimization took 1 rounds (0.001 sec)
Wrote distance file to... 
Computing ML distances based on estimated model parameters...
Calculating distance matrix: done in 0.00357795 secs using 100% CPU
Computing ML distances took 0.003603 sec (of wall-clock time) 0.003604 sec (of CPU time)
Setting up auxiliary I and S matrices: done in 2.19345e-05 secs using 104.9% CPU
Constructing RapidNJ tree: done in 4.31538e-05 secs using 97.33% CPU
Computing RapidNJ tree took 0.000156 sec (of wall-clock time) 0.000157 sec (of CPU time)
Log-likelihood of RapidNJ tree: -1010.521
--------------------------------------------------------------------
|             INITIALIZING CANDIDATE TREE SET                      |
--------------------------------------------------------------------
Generating 98 parsimony trees... 0.054 second
Computing log-likelihood of 97 initial trees ... 0.081 seconds
Current best score: -1008.429

Do NNI search on 20 best initial trees
Optimizing NNI: done in 0.0032959 secs using 199.3% CPU
Estimate model parameters (epsilon = 0.100)
BETTER TREE FOUND at iteration 1: -1008.429
Optimizing NNI: done in 0.013828 secs using 200% CPU
UPDATE BEST LOG-LIKELIHOOD: -1008.428
Optimizing NNI: done in 0.0131431 secs using 200% CPU
UPDATE BEST LOG-LIKELIHOOD: -1008.428
Optimizing NNI: done in 0.0133579 secs using 200% CPU
Optimizing NNI: done in 0.0136349 secs using 200% CPU
Optimizing NNI: done in 0.0104589 secs using 113.3% CPU
Optimizing NNI: done in 0.0121319 secs using 99.99% CPU
Optimizing NNI: done in 0.012871 secs using 100% CPU
Optimizing NNI: done in 0.00339699 secs using 99.97% CPU
Optimizing NNI: done in 0.012306 secs using 100% CPU
Iteration 10 / LogL: -1008.429 / Time: 0h:0m:0s
Optimizing NNI: done in 0.012274 secs using 99.99% CPU
Optimizing NNI: done in 0.00346804 secs using 99.97% CPU
Optimizing NNI: done in 0.00346112 secs using 100% CPU
Optimizing NNI: done in 0.012202 secs using 99.99% CPU
Optimizing NNI: done in 0.0122039 secs using 100% CPU
Optimizing NNI: done in 0.012922 secs using 100% CPU
Optimizing NNI: done in 0.0129111 secs using 100% CPU
Optimizing NNI: done in 0.0129461 secs using 100% CPU
Optimizing NNI: done in 0.0130041 secs using 99.82% CPU
Optimizing NNI: done in 0.0131979 secs using 100% CPU
Iteration 20 / LogL: -1008.429 / Time: 0h:0m:0s
Finish initializing candidate tree set (4)
Current best tree score: -1008.428 / CPU time: 0.361
Number of iterations: 20
--------------------------------------------------------------------
|               OPTIMIZING CANDIDATE TREE SET                      |
--------------------------------------------------------------------
Optimizing NNI: done in 0.015758 secs using 95.41% CPU
Optimizing NNI: done in 0.0186248 secs using 99.99% CPU
Optimizing NNI: done in 0.0226879 secs using 100% CPU
Optimizing NNI: done in 0.00469184 secs using 99.98% CPU
Optimizing NNI: done in 0.0146029 secs using 99.78% CPU
Optimizing NNI: done in 0.00665903 secs using 99.79% CPU
Optimizing NNI: done in 0.014585 secs using 100% CPU
Optimizing NNI: done in 0.010359 secs using 100% CPU
Optimizing NNI: done in 0.008811 secs using 100% CPU
Optimizing NNI: done in 0.00982094 secs using 100% CPU
Iteration 30 / LogL: -1008.429 / Time: 0h:0m:0s (0h:0m:1s left)
Optimizing NNI: done in 0.00847006 secs using 100% CPU
Optimizing NNI: done in 0.0144119 secs using 100% CPU
Optimizing NNI: done in 0.0099442 secs using 100% CPU
Optimizing NNI: done in 0.0114808 secs using 99.99% CPU
Optimizing NNI: done in 0.013181 secs using 100% CPU
Optimizing NNI: done in 0.0112019 secs using 99.99% CPU
Optimizing NNI: done in 0.0149829 secs using 100% CPU
Optimizing NNI: done in 0.015249 secs using 100% CPU
Optimizing NNI: done in 0.00913501 secs using 99.99% CPU
Optimizing NNI: done in 0.0190082 secs using 99.99% CPU
Iteration 40 / LogL: -1008.430 / Time: 0h:0m:0s (0h:0m:1s left)
Optimizing NNI: done in 0.0166662 secs using 100% CPU
Optimizing NNI: done in 0.00650501 secs using 100% CPU
Optimizing NNI: done in 0.00932908 secs using 99.99% CPU
Optimizing NNI: done in 0.00745416 secs using 100% CPU
Optimizing NNI: done in 0.00932002 secs using 100% CPU
Optimizing NNI: done in 0.00888395 secs using 100% CPU
Optimizing NNI: done in 0.00990486 secs using 100% CPU
Optimizing NNI: done in 0.0061419 secs using 99.99% CPU
Optimizing NNI: done in 0.0095439 secs using 99.99% CPU
Optimizing NNI: done in 0.00649405 secs using 100% CPU
Iteration 50 / LogL: -1008.709 / Time: 0h:0m:0s (0h:0m:0s left)
Log-likelihood cutoff on original alignment: -1032.820
Optimizing NNI: done in 0.00663209 secs using 99.97% CPU
Optimizing NNI: done in 0.00642896 secs using 99.99% CPU
Optimizing NNI: done in 0.00970411 secs using 100% CPU
Optimizing NNI: done in 0.017333 secs using 99.99% CPU
Optimizing NNI: done in 0.00943685 secs using 100% CPU
Optimizing NNI: done in 0.010767 secs using 100% CPU
Optimizing NNI: done in 0.012249 secs using 99.99% CPU
Optimizing NNI: done in 0.010884 secs using 100% CPU
Optimizing NNI: done in 0.00342417 secs using 100% CPU
Optimizing NNI: done in 0.014492 secs using 100% CPU
Iteration 60 / LogL: -1008.430 / Time: 0h:0m:0s (0h:0m:0s left)
Optimizing NNI: done in 0.0140378 secs using 100% CPU
Optimizing NNI: done in 0.00354505 secs using 100% CPU
Optimizing NNI: done in 0.013799 secs using 100% CPU
Optimizing NNI: done in 0.011893 secs using 99.99% CPU
Optimizing NNI: done in 0.00445509 secs using 100% CPU
Optimizing NNI: done in 0.00639105 secs using 100% CPU
Optimizing NNI: done in 0.00977802 secs using 99.99% CPU
Optimizing NNI: done in 0.01018 secs using 100% CPU
Optimizing NNI: done in 0.01125 secs using 100% CPU
Optimizing NNI: done in 0.016304 secs using 99.99% CPU
Iteration 70 / LogL: -1008.430 / Time: 0h:0m:1s (0h:0m:0s left)
Optimizing NNI: done in 0.00978017 secs using 100% CPU
Optimizing NNI: done in 0.016968 secs using 100% CPU
Optimizing NNI: done in 0.00631499 secs using 100% CPU
Optimizing NNI: done in 0.00892711 secs using 100% CPU
Optimizing NNI: done in 0.00633597 secs using 100% CPU
Optimizing NNI: done in 0.00949597 secs using 100% CPU
Optimizing NNI: done in 0.00986314 secs using 100% CPU
Optimizing NNI: done in 0.00985098 secs using 100% CPU
Optimizing NNI: done in 0.00896406 secs using 100% CPU
Optimizing NNI: done in 0.00651884 secs using 100% CPU
Iteration 80 / LogL: -1008.429 / Time: 0h:0m:1s (0h:0m:0s left)
Optimizing NNI: done in 0.00630999 secs using 99.98% CPU
Optimizing NNI: done in 0.00957084 secs using 100% CPU
Optimizing NNI: done in 0.0133989 secs using 99.99% CPU
Optimizing NNI: done in 0.00968313 secs using 100% CPU
Optimizing NNI: done in 0.00944686 secs using 100% CPU
Optimizing NNI: done in 0.0171809 secs using 100% CPU
Optimizing NNI: done in 0.010015 secs using 100% CPU
Optimizing NNI: done in 0.0127008 secs using 100% CPU
Optimizing NNI: done in 0.0112641 secs using 100% CPU
Optimizing NNI: done in 0.00905609 secs using 100% CPU
UPDATE BEST LOG-LIKELIHOOD: -1008.428
Iteration 90 / LogL: -1008.428 / Time: 0h:0m:1s (0h:0m:0s left)
Optimizing NNI: done in 0.00539899 secs using 99.98% CPU
Optimizing NNI: done in 0.010864 secs using 100% CPU
Optimizing NNI: done in 0.017493 secs using 100% CPU
Optimizing NNI: done in 0.00768304 secs using 99.99% CPU
Optimizing NNI: done in 0.00594997 secs using 100% CPU
Optimizing NNI: done in 0.013551 secs using 99.99% CPU
Optimizing NNI: done in 0.0151579 secs using 99.99% CPU
Optimizing NNI: done in 0.00581503 secs using 100% CPU
Optimizing NNI: done in 0.00966883 secs using 99.99% CPU
Optimizing NNI: done in 0.0035429 secs using 100% CPU
Iteration 100 / LogL: -1008.428 / Time: 0h:0m:1s (0h:0m:0s left)
Log-likelihood cutoff on original alignment: -1033.870
NOTE: Bootstrap correlation coefficient of split occurrence frequencies: 0.991
Optimizing NNI: done in 0.00969505 secs using 96.76% CPU
Optimizing NNI: done in 0.00983405 secs using 99.82% CPU
TREE SEARCH COMPLETED AFTER 102 ITERATIONS / Time: 0h:0m:1s

--------------------------------------------------------------------
|                    FINALIZING TREE SEARCH                        |
--------------------------------------------------------------------
Performs final model parameters optimization
Estimate model parameters (epsilon = 0.010)
1. Initial log-likelihood: -1008.428
Optimal log-likelihood: -1008.428
Parameters optimization took 1 rounds (0.002 sec)
BEST SCORE FOUND : -1008.428
Creating bootstrap support values...
Split supports printed to NEXUS file iqtree/OG0000054.fa.fa.splits.nex
Total tree length: 1.382

Total number of iterations: 102
CPU time used for tree search: 1.563 sec (0h:0m:1s)
Wall-clock time used for tree search: 1.476 sec (0h:0m:1s)
Total CPU time used: 1.611 sec (0h:0m:1s)
Total wall-clock time used: 1.526 sec (0h:0m:1s)

Computing bootstrap consensus tree...
Reading input file iqtree/OG0000054.fa.fa.splits.nex...
15 taxa and 112 splits.
Consensus tree written to iqtree/OG0000054.fa.fa.contree
Reading input trees file iqtree/OG0000054.fa.fa.contree
Log-likelihood of consensus tree: -1008.432

Analysis results written to: 
  IQ-TREE report:                iqtree/OG0000054.fa.fa.iqtree
  Maximum-likelihood tree:       iqtree/OG0000054.fa.fa.treefile
  Likelihood distances:          iqtree/OG0000054.fa.fa.mldist

Ultrafast bootstrap approximation results written to:
  Split support values:          iqtree/OG0000054.fa.fa.splits.nex
  Consensus tree:                iqtree/OG0000054.fa.fa.contree
  Screen log file:               iqtree/OG0000054.fa.fa.log

Date and Time: Tue Jul 23 10:49:31 2024
