Discrepancy Report Results

Summary
FATAL: MISSING_PROTEIN_ID:125 proteins have invalid IDs.
DISC_SOURCE_QUALS_ASNDISC:strain (all present, all unique)
DISC_SOURCE_QUALS_ASNDISC:taxname (all present, all unique)
DISC_FEATURE_COUNT:CDS: 125 present
DISC_FEATURE_COUNT:misc_feature: 1 present
DISC_COUNT_NUCLEOTIDES:1 nucleotide Bioseqs are present
FEATURE_LOCATION_CONFLICT:125 features have inconsistent gene locations.
DISC_QUALITY_SCORES:Quality scores are missing on all sequences.
ONCALLER_COMMENT_PRESENT:1 comment descriptors were found (all same)
SHORT_PROT_SEQUENCES:1 protein sequences are shorter than 50 aa.
MISSING_GENOMEASSEMBLY_COMMENTS:1 bioseqs are missing GenomeAssembly structured comments
MOLTYPE_NOT_MRNA:1 molecule types are not set as mRNA.
TECHNIQUE_NOT_TSA:1 technique are not set as TSA
MISSING_STRUCTURED_COMMENT:1 sequences do not include structured comments.
MISSING_PROJECT:126 sequences do not include project.
DISC_INCONSISTENT_MOLINFO_TECH:Molinfo Technique Report (some missing, all same)


Detailed Report

FATAL: DiscRep_ALL:MISSING_PROTEIN_ID::125 proteins have invalid IDs.
./prokka_outputs_1/MT798582/MT798582:MT798582.1_1 (length 84)
./prokka_outputs_1/MT798582/MT798582:MT798582.1_2 (length 550)
./prokka_outputs_1/MT798582/MT798582:MT798582.1_3 (length 177)
./prokka_outputs_1/MT798582/MT798582:MT798582.1_4 (length 948)
./prokka_outputs_1/MT798582/MT798582:MT798582.1_5 (length 69)
./prokka_outputs_1/MT798582/MT798582:MT798582.1_6 (length 78)
./prokka_outputs_1/MT798582/MT798582:MT798582.1_7 (length 112)
./prokka_outputs_1/MT798582/MT798582:MT798582.1_8 (length 195)
./prokka_outputs_1/MT798582/MT798582:MT798582.1_9 (length 263)
./prokka_outputs_1/MT798582/MT798582:MT798582.1_10 (length 318)
./prokka_outputs_1/MT798582/MT798582:MT798582.1_11 (length 97)
./prokka_outputs_1/MT798582/MT798582:MT798582.1_12 (length 465)
./prokka_outputs_1/MT798582/MT798582:MT798582.1_13 (length 110)
./prokka_outputs_1/MT798582/MT798582:MT798582.1_14 (length 86)
./prokka_outputs_1/MT798582/MT798582:MT798582.1_15 (length 130)
./prokka_outputs_1/MT798582/MT798582:MT798582.1_16 (length 72)
./prokka_outputs_1/MT798582/MT798582:MT798582.1_17 (length 515)
./prokka_outputs_1/MT798582/MT798582:MT798582.1_18 (length 485)
./prokka_outputs_1/MT798582/MT798582:MT798582.1_19 (length 453)
./prokka_outputs_1/MT798582/MT798582:MT798582.1_20 (length 101)
./prokka_outputs_1/MT798582/MT798582:MT798582.1_21 (length 189)
./prokka_outputs_1/MT798582/MT798582:MT798582.1_22 (length 167)
./prokka_outputs_1/MT798582/MT798582:MT798582.1_23 (length 101)
./prokka_outputs_1/MT798582/MT798582:MT798582.1_24 (length 155)
./prokka_outputs_1/MT798582/MT798582:MT798582.1_25 (length 358)
./prokka_outputs_1/MT798582/MT798582:MT798582.1_26 (length 274)
./prokka_outputs_1/MT798582/MT798582:MT798582.1_27 (length 126)
./prokka_outputs_1/MT798582/MT798582:MT798582.1_28 (length 239)
./prokka_outputs_1/MT798582/MT798582:MT798582.1_29 (length 176)
./prokka_outputs_1/MT798582/MT798582:MT798582.1_30 (length 168)
./prokka_outputs_1/MT798582/MT798582:MT798582.1_31 (length 95)
./prokka_outputs_1/MT798582/MT798582:MT798582.1_32 (length 437)
./prokka_outputs_1/MT798582/MT798582:MT798582.1_33 (length 89)
./prokka_outputs_1/MT798582/MT798582:MT798582.1_34 (length 224)
./prokka_outputs_1/MT798582/MT798582:MT798582.1_35 (length 469)
./prokka_outputs_1/MT798582/MT798582:MT798582.1_36 (length 336)
./prokka_outputs_1/MT798582/MT798582:MT798582.1_37 (length 860)
./prokka_outputs_1/MT798582/MT798582:MT798582.1_38 (length 167)
./prokka_outputs_1/MT798582/MT798582:MT798582.1_39 (length 247)
./prokka_outputs_1/MT798582/MT798582:MT798582.1_40 (length 280)
./prokka_outputs_1/MT798582/MT798582:MT798582.1_41 (length 51)
./prokka_outputs_1/MT798582/MT798582:MT798582.1_42 (length 920)
./prokka_outputs_1/MT798582/MT798582:MT798582.1_43 (length 209)
./prokka_outputs_1/MT798582/MT798582:MT798582.1_44 (length 290)
./prokka_outputs_1/MT798582/MT798582:MT798582.1_45 (length 756)
./prokka_outputs_1/MT798582/MT798582:MT798582.1_46 (length 268)
./prokka_outputs_1/MT798582/MT798582:MT798582.1_47 (length 170)
./prokka_outputs_1/MT798582/MT798582:MT798582.1_48 (length 86)
./prokka_outputs_1/MT798582/MT798582:MT798582.1_49 (length 215)
./prokka_outputs_1/MT798582/MT798582:MT798582.1_50 (length 313)
./prokka_outputs_1/MT798582/MT798582:MT798582.1_51 (length 314)
./prokka_outputs_1/MT798582/MT798582:MT798582.1_52 (length 63)
./prokka_outputs_1/MT798582/MT798582:MT798582.1_53 (length 150)
./prokka_outputs_1/MT798582/MT798582:MT798582.1_54 (length 142)
./prokka_outputs_1/MT798582/MT798582:MT798582.1_55 (length 56)
./prokka_outputs_1/MT798582/MT798582:MT798582.1_56 (length 117)
./prokka_outputs_1/MT798582/MT798582:MT798582.1_57 (length 69)
./prokka_outputs_1/MT798582/MT798582:MT798582.1_58 (length 80)
./prokka_outputs_1/MT798582/MT798582:MT798582.1_59 (length 227)
./prokka_outputs_1/MT798582/MT798582:MT798582.1_60 (length 304)
./prokka_outputs_1/MT798582/MT798582:MT798582.1_61 (length 266)
./prokka_outputs_1/MT798582/MT798582:MT798582.1_62 (length 120)
./prokka_outputs_1/MT798582/MT798582:MT798582.1_63 (length 199)
./prokka_outputs_1/MT798582/MT798582:MT798582.1_64 (length 430)
./prokka_outputs_1/MT798582/MT798582:MT798582.1_65 (length 381)
./prokka_outputs_1/MT798582/MT798582:MT798582.1_66 (length 292)
./prokka_outputs_1/MT798582/MT798582:MT798582.1_67 (length 479)
./prokka_outputs_1/MT798582/MT798582:MT798582.1_68 (length 449)
./prokka_outputs_1/MT798582/MT798582:MT798582.1_69 (length 341)
./prokka_outputs_1/MT798582/MT798582:MT798582.1_70 (length 377)
./prokka_outputs_1/MT798582/MT798582:MT798582.1_71 (length 1052)
./prokka_outputs_1/MT798582/MT798582:MT798582.1_72 (length 300)
./prokka_outputs_1/MT798582/MT798582:MT798582.1_73 (length 191)
./prokka_outputs_1/MT798582/MT798582:MT798582.1_74 (length 194)
./prokka_outputs_1/MT798582/MT798582:MT798582.1_75 (length 67)
./prokka_outputs_1/MT798582/MT798582:MT798582.1_76 (length 1168)
./prokka_outputs_1/MT798582/MT798582:MT798582.1_77 (length 298)
./prokka_outputs_1/MT798582/MT798582:MT798582.1_78 (length 106)
./prokka_outputs_1/MT798582/MT798582:MT798582.1_79 (length 157)
./prokka_outputs_1/MT798582/MT798582:MT798582.1_80 (length 213)
./prokka_outputs_1/MT798582/MT798582:MT798582.1_81 (length 159)
./prokka_outputs_1/MT798582/MT798582:MT798582.1_82 (length 35)
./prokka_outputs_1/MT798582/MT798582:MT798582.1_83 (length 61)
./prokka_outputs_1/MT798582/MT798582:MT798582.1_84 (length 67)
./prokka_outputs_1/MT798582/MT798582:MT798582.1_85 (length 74)
./prokka_outputs_1/MT798582/MT798582:MT798582.1_86 (length 154)
./prokka_outputs_1/MT798582/MT798582:MT798582.1_87 (length 444)
./prokka_outputs_1/MT798582/MT798582:MT798582.1_88 (length 990)
./prokka_outputs_1/MT798582/MT798582:MT798582.1_89 (length 340)
./prokka_outputs_1/MT798582/MT798582:MT798582.1_90 (length 139)
./prokka_outputs_1/MT798582/MT798582:MT798582.1_91 (length 536)
./prokka_outputs_1/MT798582/MT798582:MT798582.1_92 (length 171)
./prokka_outputs_1/MT798582/MT798582:MT798582.1_93 (length 243)
./prokka_outputs_1/MT798582/MT798582:MT798582.1_94 (length 477)
./prokka_outputs_1/MT798582/MT798582:MT798582.1_95 (length 193)
./prokka_outputs_1/MT798582/MT798582:MT798582.1_96 (length 347)
./prokka_outputs_1/MT798582/MT798582:MT798582.1_97 (length 71)
./prokka_outputs_1/MT798582/MT798582:MT798582.1_98 (length 95)
./prokka_outputs_1/MT798582/MT798582:MT798582.1_99 (length 490)
./prokka_outputs_1/MT798582/MT798582:MT798582.1_100 (length 882)
./prokka_outputs_1/MT798582/MT798582:MT798582.1_101 (length 122)
./prokka_outputs_1/MT798582/MT798582:MT798582.1_102 (length 493)
./prokka_outputs_1/MT798582/MT798582:MT798582.1_103 (length 123)
./prokka_outputs_1/MT798582/MT798582:MT798582.1_104 (length 259)
./prokka_outputs_1/MT798582/MT798582:MT798582.1_105 (length 144)
./prokka_outputs_1/MT798582/MT798582:MT798582.1_106 (length 481)
./prokka_outputs_1/MT798582/MT798582:MT798582.1_107 (length 171)
./prokka_outputs_1/MT798582/MT798582:MT798582.1_108 (length 189)
./prokka_outputs_1/MT798582/MT798582:MT798582.1_109 (length 107)
./prokka_outputs_1/MT798582/MT798582:MT798582.1_110 (length 163)
./prokka_outputs_1/MT798582/MT798582:MT798582.1_111 (length 245)
./prokka_outputs_1/MT798582/MT798582:MT798582.1_112 (length 387)
./prokka_outputs_1/MT798582/MT798582:MT798582.1_113 (length 166)
./prokka_outputs_1/MT798582/MT798582:MT798582.1_114 (length 60)
./prokka_outputs_1/MT798582/MT798582:MT798582.1_115 (length 61)
./prokka_outputs_1/MT798582/MT798582:MT798582.1_116 (length 333)
./prokka_outputs_1/MT798582/MT798582:MT798582.1_117 (length 523)
./prokka_outputs_1/MT798582/MT798582:MT798582.1_118 (length 137)
./prokka_outputs_1/MT798582/MT798582:MT798582.1_119 (length 256)
./prokka_outputs_1/MT798582/MT798582:MT798582.1_120 (length 155)
./prokka_outputs_1/MT798582/MT798582:MT798582.1_121 (length 176)
./prokka_outputs_1/MT798582/MT798582:MT798582.1_122 (length 434)
./prokka_outputs_1/MT798582/MT798582:MT798582.1_123 (length 119)
./prokka_outputs_1/MT798582/MT798582:MT798582.1_124 (length 368)
./prokka_outputs_1/MT798582/MT798582:MT798582.1_125 (length 165)

DiscRep_ALL:DISC_SOURCE_QUALS_ASNDISC::strain (all present, all unique)
DiscRep_SUB:DISC_SOURCE_QUALS_ASNDISC::1 sources have unique values for strain
DiscRep_ALL:DISC_SOURCE_QUALS_ASNDISC::taxname (all present, all unique)
DiscRep_SUB:DISC_SOURCE_QUALS_ASNDISC::1 sources have unique values for taxname
DiscRep_ALL:DISC_FEATURE_COUNT::CDS: 125 present
DiscRep_ALL:DISC_FEATURE_COUNT::misc_feature: 1 present
DiscRep_ALL:DISC_COUNT_NUCLEOTIDES::1 nucleotide Bioseqs are present
./prokka_outputs_1/MT798582/MT798582:MT798582.1 (length 111557)

DiscRep_ALL:FEATURE_LOCATION_CONFLICT::125 features have inconsistent gene locations.
DiscRep_SUB:FEATURE_LOCATION_CONFLICT::Coding region xref gene does not exist
./prokka_outputs_1/MT798582/MT798582:CDS	hypothetical protein	MT798582.1:238-492	MT798582_00001

DiscRep_SUB:FEATURE_LOCATION_CONFLICT::Coding region xref gene does not exist
./prokka_outputs_1/MT798582/MT798582:CDS	hypothetical protein	MT798582.1:1148-2800	MT798582_00002

DiscRep_SUB:FEATURE_LOCATION_CONFLICT::Coding region xref gene does not exist
./prokka_outputs_1/MT798582/MT798582:CDS	hypothetical protein	MT798582.1:c3317-2784	MT798582_00003

DiscRep_SUB:FEATURE_LOCATION_CONFLICT::Coding region xref gene does not exist
./prokka_outputs_1/MT798582/MT798582:CDS	hypothetical protein	MT798582.1:c6240-3394	MT798582_00004

DiscRep_SUB:FEATURE_LOCATION_CONFLICT::Coding region xref gene does not exist
./prokka_outputs_1/MT798582/MT798582:CDS	hypothetical protein	MT798582.1:6306-6515	MT798582_00005

DiscRep_SUB:FEATURE_LOCATION_CONFLICT::Coding region xref gene does not exist
./prokka_outputs_1/MT798582/MT798582:CDS	hypothetical protein	MT798582.1:c6748-6512	MT798582_00006

DiscRep_SUB:FEATURE_LOCATION_CONFLICT::Coding region xref gene does not exist
./prokka_outputs_1/MT798582/MT798582:CDS	hypothetical protein	MT798582.1:6775-7113	MT798582_00007

DiscRep_SUB:FEATURE_LOCATION_CONFLICT::Coding region xref gene does not exist
./prokka_outputs_1/MT798582/MT798582:CDS	hypothetical protein	MT798582.1:7128-7715	MT798582_00008

DiscRep_SUB:FEATURE_LOCATION_CONFLICT::Coding region xref gene does not exist
./prokka_outputs_1/MT798582/MT798582:CDS	hypothetical protein	MT798582.1:c8564-7773	MT798582_00009

DiscRep_SUB:FEATURE_LOCATION_CONFLICT::Coding region xref gene does not exist
./prokka_outputs_1/MT798582/MT798582:CDS	hypothetical protein	MT798582.1:c9526-8570	MT798582_00010

DiscRep_SUB:FEATURE_LOCATION_CONFLICT::Coding region xref gene does not exist
./prokka_outputs_1/MT798582/MT798582:CDS	hypothetical protein	MT798582.1:9543-9836	MT798582_00011

DiscRep_SUB:FEATURE_LOCATION_CONFLICT::Coding region xref gene does not exist
./prokka_outputs_1/MT798582/MT798582:CDS	hypothetical protein	MT798582.1:c11196-9799	MT798582_00012

DiscRep_SUB:FEATURE_LOCATION_CONFLICT::Coding region xref gene does not exist
./prokka_outputs_1/MT798582/MT798582:CDS	hypothetical protein	MT798582.1:c11535-11203	MT798582_00013

DiscRep_SUB:FEATURE_LOCATION_CONFLICT::Coding region xref gene does not exist
./prokka_outputs_1/MT798582/MT798582:CDS	hypothetical protein	MT798582.1:11554-11814	MT798582_00014

DiscRep_SUB:FEATURE_LOCATION_CONFLICT::Coding region xref gene does not exist
./prokka_outputs_1/MT798582/MT798582:CDS	hypothetical protein	MT798582.1:11811-12203	MT798582_00015

DiscRep_SUB:FEATURE_LOCATION_CONFLICT::Coding region xref gene does not exist
./prokka_outputs_1/MT798582/MT798582:CDS	hypothetical protein	MT798582.1:12447-12665	MT798582_00016

DiscRep_SUB:FEATURE_LOCATION_CONFLICT::Coding region xref gene does not exist
./prokka_outputs_1/MT798582/MT798582:CDS	hypothetical protein	MT798582.1:c14166-12619	MT798582_00017

DiscRep_SUB:FEATURE_LOCATION_CONFLICT::Coding region xref gene does not exist
./prokka_outputs_1/MT798582/MT798582:CDS	hypothetical protein	MT798582.1:14237-15694	MT798582_00018

DiscRep_SUB:FEATURE_LOCATION_CONFLICT::Coding region xref gene does not exist
./prokka_outputs_1/MT798582/MT798582:CDS	Major capsid protein	MT798582.1:15711-17072	MT798582_00019

DiscRep_SUB:FEATURE_LOCATION_CONFLICT::Coding region xref gene does not exist
./prokka_outputs_1/MT798582/MT798582:CDS	hypothetical protein	MT798582.1:17076-17381	MT798582_00020

DiscRep_SUB:FEATURE_LOCATION_CONFLICT::Coding region xref gene does not exist
./prokka_outputs_1/MT798582/MT798582:CDS	hypothetical protein	MT798582.1:17413-17982	MT798582_00021

DiscRep_SUB:FEATURE_LOCATION_CONFLICT::Coding region xref gene does not exist
./prokka_outputs_1/MT798582/MT798582:CDS	hypothetical protein	MT798582.1:18252-18755	MT798582_00022

DiscRep_SUB:FEATURE_LOCATION_CONFLICT::Coding region xref gene does not exist
./prokka_outputs_1/MT798582/MT798582:CDS	hypothetical protein	MT798582.1:18781-19086	MT798582_00023

DiscRep_SUB:FEATURE_LOCATION_CONFLICT::Coding region xref gene does not exist
./prokka_outputs_1/MT798582/MT798582:CDS	hypothetical protein	MT798582.1:19158-19625	MT798582_00024

DiscRep_SUB:FEATURE_LOCATION_CONFLICT::Coding region xref gene does not exist
./prokka_outputs_1/MT798582/MT798582:CDS	hypothetical protein	MT798582.1:19655-20731	MT798582_00025

DiscRep_SUB:FEATURE_LOCATION_CONFLICT::Coding region xref gene does not exist
./prokka_outputs_1/MT798582/MT798582:CDS	hypothetical protein	MT798582.1:20738-21562	MT798582_00026

DiscRep_SUB:FEATURE_LOCATION_CONFLICT::Coding region xref gene does not exist
./prokka_outputs_1/MT798582/MT798582:CDS	hypothetical protein	MT798582.1:21571-21951	MT798582_00027

DiscRep_SUB:FEATURE_LOCATION_CONFLICT::Coding region xref gene does not exist
./prokka_outputs_1/MT798582/MT798582:CDS	hypothetical protein	MT798582.1:c22642-21923	MT798582_00028

DiscRep_SUB:FEATURE_LOCATION_CONFLICT::Coding region xref gene does not exist
./prokka_outputs_1/MT798582/MT798582:CDS	hypothetical protein	MT798582.1:22757-23287	MT798582_00029

DiscRep_SUB:FEATURE_LOCATION_CONFLICT::Coding region xref gene does not exist
./prokka_outputs_1/MT798582/MT798582:CDS	hypothetical protein	MT798582.1:c23814-23308	MT798582_00030

DiscRep_SUB:FEATURE_LOCATION_CONFLICT::Coding region xref gene does not exist
./prokka_outputs_1/MT798582/MT798582:CDS	hypothetical protein	MT798582.1:c24131-23844	MT798582_00031

DiscRep_SUB:FEATURE_LOCATION_CONFLICT::Coding region xref gene does not exist
./prokka_outputs_1/MT798582/MT798582:CDS	hypothetical protein	MT798582.1:24201-25514	MT798582_00032

DiscRep_SUB:FEATURE_LOCATION_CONFLICT::Coding region xref gene does not exist
./prokka_outputs_1/MT798582/MT798582:CDS	hypothetical protein	MT798582.1:c25754-25485	MT798582_00033

DiscRep_SUB:FEATURE_LOCATION_CONFLICT::Coding region xref gene does not exist
./prokka_outputs_1/MT798582/MT798582:CDS	hypothetical protein	MT798582.1:25848-26522	MT798582_00034

DiscRep_SUB:FEATURE_LOCATION_CONFLICT::Coding region xref gene does not exist
./prokka_outputs_1/MT798582/MT798582:CDS	hypothetical protein	MT798582.1:c27985-26576	MT798582_00035

DiscRep_SUB:FEATURE_LOCATION_CONFLICT::Coding region xref gene does not exist
./prokka_outputs_1/MT798582/MT798582:CDS	hypothetical protein	MT798582.1:c29056-28046	MT798582_00036

DiscRep_SUB:FEATURE_LOCATION_CONFLICT::Coding region xref gene does not exist
./prokka_outputs_1/MT798582/MT798582:CDS	hypothetical protein	MT798582.1:29442-32024	MT798582_00037

DiscRep_SUB:FEATURE_LOCATION_CONFLICT::Coding region xref gene does not exist
./prokka_outputs_1/MT798582/MT798582:CDS	hypothetical protein	MT798582.1:32063-32566	MT798582_00038

DiscRep_SUB:FEATURE_LOCATION_CONFLICT::Coding region xref gene does not exist
./prokka_outputs_1/MT798582/MT798582:CDS	hypothetical protein	MT798582.1:c33299-32556	MT798582_00039

DiscRep_SUB:FEATURE_LOCATION_CONFLICT::Coding region xref gene does not exist
./prokka_outputs_1/MT798582/MT798582:CDS	hypothetical protein	MT798582.1:33373-34215	MT798582_00040

DiscRep_SUB:FEATURE_LOCATION_CONFLICT::Coding region xref gene does not exist
./prokka_outputs_1/MT798582/MT798582:CDS	hypothetical protein	MT798582.1:c34367-34212	MT798582_00041

DiscRep_SUB:FEATURE_LOCATION_CONFLICT::Coding region xref gene does not exist
./prokka_outputs_1/MT798582/MT798582:CDS	hypothetical protein	MT798582.1:34420-37182	MT798582_00042

DiscRep_SUB:FEATURE_LOCATION_CONFLICT::Coding region xref gene does not exist
./prokka_outputs_1/MT798582/MT798582:CDS	hypothetical protein	MT798582.1:37263-37892	MT798582_00043

DiscRep_SUB:FEATURE_LOCATION_CONFLICT::Coding region xref gene does not exist
./prokka_outputs_1/MT798582/MT798582:CDS	hypothetical protein	MT798582.1:37932-38804	MT798582_00044

DiscRep_SUB:FEATURE_LOCATION_CONFLICT::Coding region xref gene does not exist
./prokka_outputs_1/MT798582/MT798582:CDS	hypothetical protein	MT798582.1:38984-41254	MT798582_00045

DiscRep_SUB:FEATURE_LOCATION_CONFLICT::Coding region xref gene does not exist
./prokka_outputs_1/MT798582/MT798582:CDS	hypothetical protein	MT798582.1:41251-42057	MT798582_00046

DiscRep_SUB:FEATURE_LOCATION_CONFLICT::Coding region xref gene does not exist
./prokka_outputs_1/MT798582/MT798582:CDS	hypothetical protein	MT798582.1:42121-42633	MT798582_00047

DiscRep_SUB:FEATURE_LOCATION_CONFLICT::Coding region xref gene does not exist
./prokka_outputs_1/MT798582/MT798582:CDS	hypothetical protein	MT798582.1:42898-43158	MT798582_00048

DiscRep_SUB:FEATURE_LOCATION_CONFLICT::Coding region xref gene does not exist
./prokka_outputs_1/MT798582/MT798582:CDS	hypothetical protein	MT798582.1:43165-43812	MT798582_00049

DiscRep_SUB:FEATURE_LOCATION_CONFLICT::Coding region xref gene does not exist
./prokka_outputs_1/MT798582/MT798582:CDS	hypothetical protein	MT798582.1:43823-44764	MT798582_00050

DiscRep_SUB:FEATURE_LOCATION_CONFLICT::Coding region xref gene does not exist
./prokka_outputs_1/MT798582/MT798582:CDS	hypothetical protein	MT798582.1:44787-45731	MT798582_00051

DiscRep_SUB:FEATURE_LOCATION_CONFLICT::Coding region xref gene does not exist
./prokka_outputs_1/MT798582/MT798582:CDS	hypothetical protein	MT798582.1:45733-45924	MT798582_00052

DiscRep_SUB:FEATURE_LOCATION_CONFLICT::Coding region xref gene does not exist
./prokka_outputs_1/MT798582/MT798582:CDS	hypothetical protein	MT798582.1:45961-46413	MT798582_00053

DiscRep_SUB:FEATURE_LOCATION_CONFLICT::Coding region xref gene does not exist
./prokka_outputs_1/MT798582/MT798582:CDS	hypothetical protein	MT798582.1:46692-47120	MT798582_00054

DiscRep_SUB:FEATURE_LOCATION_CONFLICT::Coding region xref gene does not exist
./prokka_outputs_1/MT798582/MT798582:CDS	hypothetical protein	MT798582.1:c47358-47188	MT798582_00055

DiscRep_SUB:FEATURE_LOCATION_CONFLICT::Coding region xref gene does not exist
./prokka_outputs_1/MT798582/MT798582:CDS	hypothetical protein	MT798582.1:c47727-47374	MT798582_00056

DiscRep_SUB:FEATURE_LOCATION_CONFLICT::Coding region xref gene does not exist
./prokka_outputs_1/MT798582/MT798582:CDS	hypothetical protein	MT798582.1:c47933-47724	MT798582_00057

DiscRep_SUB:FEATURE_LOCATION_CONFLICT::Coding region xref gene does not exist
./prokka_outputs_1/MT798582/MT798582:CDS	hypothetical protein	MT798582.1:c48126-47884	MT798582_00058

DiscRep_SUB:FEATURE_LOCATION_CONFLICT::Coding region xref gene does not exist
./prokka_outputs_1/MT798582/MT798582:CDS	hypothetical protein	MT798582.1:48147-48830	MT798582_00059

DiscRep_SUB:FEATURE_LOCATION_CONFLICT::Coding region xref gene does not exist
./prokka_outputs_1/MT798582/MT798582:CDS	hypothetical protein	MT798582.1:48824-49738	MT798582_00060

DiscRep_SUB:FEATURE_LOCATION_CONFLICT::Coding region xref gene does not exist
./prokka_outputs_1/MT798582/MT798582:CDS	hypothetical protein	MT798582.1:49743-50543	MT798582_00061

DiscRep_SUB:FEATURE_LOCATION_CONFLICT::Coding region xref gene does not exist
./prokka_outputs_1/MT798582/MT798582:CDS	hypothetical protein	MT798582.1:50550-50912	MT798582_00062

DiscRep_SUB:FEATURE_LOCATION_CONFLICT::Coding region xref gene does not exist
./prokka_outputs_1/MT798582/MT798582:CDS	hypothetical protein	MT798582.1:c51595-50996	MT798582_00063

DiscRep_SUB:FEATURE_LOCATION_CONFLICT::Coding region xref gene does not exist
./prokka_outputs_1/MT798582/MT798582:CDS	hypothetical protein	MT798582.1:51667-52959	MT798582_00064

DiscRep_SUB:FEATURE_LOCATION_CONFLICT::Coding region xref gene does not exist
./prokka_outputs_1/MT798582/MT798582:CDS	hypothetical protein	MT798582.1:52961-54106	MT798582_00065

DiscRep_SUB:FEATURE_LOCATION_CONFLICT::Coding region xref gene does not exist
./prokka_outputs_1/MT798582/MT798582:CDS	hypothetical protein	MT798582.1:c54977-54099	MT798582_00066

DiscRep_SUB:FEATURE_LOCATION_CONFLICT::Coding region xref gene does not exist
./prokka_outputs_1/MT798582/MT798582:CDS	hypothetical protein	MT798582.1:55042-56481	MT798582_00067

DiscRep_SUB:FEATURE_LOCATION_CONFLICT::Coding region xref gene does not exist
./prokka_outputs_1/MT798582/MT798582:CDS	hypothetical protein	MT798582.1:56490-57839	MT798582_00068

DiscRep_SUB:FEATURE_LOCATION_CONFLICT::Coding region xref gene does not exist
./prokka_outputs_1/MT798582/MT798582:CDS	hypothetical protein	MT798582.1:c58861-57836	MT798582_00069

DiscRep_SUB:FEATURE_LOCATION_CONFLICT::Coding region xref gene does not exist
./prokka_outputs_1/MT798582/MT798582:CDS	hypothetical protein	MT798582.1:58885-60018	MT798582_00070

DiscRep_SUB:FEATURE_LOCATION_CONFLICT::Coding region xref gene does not exist
./prokka_outputs_1/MT798582/MT798582:CDS	DNA-directed RNA polymerase subunit 2	MT798582.1:c63249-60091	MT798582_00071

DiscRep_SUB:FEATURE_LOCATION_CONFLICT::Coding region xref gene does not exist
./prokka_outputs_1/MT798582/MT798582:CDS	hypothetical protein	MT798582.1:63332-64234	MT798582_00072

DiscRep_SUB:FEATURE_LOCATION_CONFLICT::Coding region xref gene does not exist
./prokka_outputs_1/MT798582/MT798582:CDS	hypothetical protein	MT798582.1:c64900-64325	MT798582_00073

DiscRep_SUB:FEATURE_LOCATION_CONFLICT::Coding region xref gene does not exist
./prokka_outputs_1/MT798582/MT798582:CDS	hypothetical protein	MT798582.1:64933-65517	MT798582_00074

DiscRep_SUB:FEATURE_LOCATION_CONFLICT::Coding region xref gene does not exist
./prokka_outputs_1/MT798582/MT798582:CDS	hypothetical protein	MT798582.1:65603-65806	MT798582_00075

DiscRep_SUB:FEATURE_LOCATION_CONFLICT::Coding region xref gene does not exist
./prokka_outputs_1/MT798582/MT798582:CDS	hypothetical protein	MT798582.1:65813-69319	MT798582_00076

DiscRep_SUB:FEATURE_LOCATION_CONFLICT::Coding region xref gene does not exist
./prokka_outputs_1/MT798582/MT798582:CDS	hypothetical protein	MT798582.1:69336-70232	MT798582_00077

DiscRep_SUB:FEATURE_LOCATION_CONFLICT::Coding region xref gene does not exist
./prokka_outputs_1/MT798582/MT798582:CDS	hypothetical protein	MT798582.1:70254-70574	MT798582_00078

DiscRep_SUB:FEATURE_LOCATION_CONFLICT::Coding region xref gene does not exist
./prokka_outputs_1/MT798582/MT798582:CDS	hypothetical protein	MT798582.1:70605-71078	MT798582_00079

DiscRep_SUB:FEATURE_LOCATION_CONFLICT::Coding region xref gene does not exist
./prokka_outputs_1/MT798582/MT798582:CDS	Ribonucleoside-diphosphate reductase small chain	MT798582.1:c71729-71088	MT798582_00080

DiscRep_SUB:FEATURE_LOCATION_CONFLICT::Coding region xref gene does not exist
./prokka_outputs_1/MT798582/MT798582:CDS	hypothetical protein	MT798582.1:71736-72215	MT798582_00081

DiscRep_SUB:FEATURE_LOCATION_CONFLICT::Coding region xref gene does not exist
./prokka_outputs_1/MT798582/MT798582:CDS	hypothetical protein	MT798582.1:72231-72338	MT798582_00082

DiscRep_SUB:FEATURE_LOCATION_CONFLICT::Coding region xref gene does not exist
./prokka_outputs_1/MT798582/MT798582:CDS	hypothetical protein	MT798582.1:72365-72550	MT798582_00083

DiscRep_SUB:FEATURE_LOCATION_CONFLICT::Coding region xref gene does not exist
./prokka_outputs_1/MT798582/MT798582:CDS	hypothetical protein	MT798582.1:74463-74666	MT798582_00084

DiscRep_SUB:FEATURE_LOCATION_CONFLICT::Coding region xref gene does not exist
./prokka_outputs_1/MT798582/MT798582:CDS	hypothetical protein	MT798582.1:74710-74934	MT798582_00085

DiscRep_SUB:FEATURE_LOCATION_CONFLICT::Coding region xref gene does not exist
./prokka_outputs_1/MT798582/MT798582:CDS	hypothetical protein	MT798582.1:c75400-74936	MT798582_00086

DiscRep_SUB:FEATURE_LOCATION_CONFLICT::Coding region xref gene does not exist
./prokka_outputs_1/MT798582/MT798582:CDS	hypothetical protein	MT798582.1:c76731-75397	MT798582_00087

DiscRep_SUB:FEATURE_LOCATION_CONFLICT::Coding region xref gene does not exist
./prokka_outputs_1/MT798582/MT798582:CDS	hypothetical protein	MT798582.1:76749-79721	MT798582_00088

DiscRep_SUB:FEATURE_LOCATION_CONFLICT::Coding region xref gene does not exist
./prokka_outputs_1/MT798582/MT798582:CDS	hypothetical protein	MT798582.1:c81115-80093	MT798582_00089

DiscRep_SUB:FEATURE_LOCATION_CONFLICT::Coding region xref gene does not exist
./prokka_outputs_1/MT798582/MT798582:CDS	hypothetical protein	MT798582.1:c81583-81164	MT798582_00090

DiscRep_SUB:FEATURE_LOCATION_CONFLICT::Coding region xref gene does not exist
./prokka_outputs_1/MT798582/MT798582:CDS	hypothetical protein	MT798582.1:81635-83245	MT798582_00091

DiscRep_SUB:FEATURE_LOCATION_CONFLICT::Coding region xref gene does not exist
./prokka_outputs_1/MT798582/MT798582:CDS	hypothetical protein	MT798582.1:c83663-83148	MT798582_00092

DiscRep_SUB:FEATURE_LOCATION_CONFLICT::Coding region xref gene does not exist
./prokka_outputs_1/MT798582/MT798582:CDS	hypothetical protein	MT798582.1:83685-84416	MT798582_00093

DiscRep_SUB:FEATURE_LOCATION_CONFLICT::Coding region xref gene does not exist
./prokka_outputs_1/MT798582/MT798582:CDS	hypothetical protein	MT798582.1:84428-85861	MT798582_00094

DiscRep_SUB:FEATURE_LOCATION_CONFLICT::Coding region xref gene does not exist
./prokka_outputs_1/MT798582/MT798582:CDS	hypothetical protein	MT798582.1:85899-86480	MT798582_00095

DiscRep_SUB:FEATURE_LOCATION_CONFLICT::Coding region xref gene does not exist
./prokka_outputs_1/MT798582/MT798582:CDS	hypothetical protein	MT798582.1:86640-87683	MT798582_00096

DiscRep_SUB:FEATURE_LOCATION_CONFLICT::Coding region xref gene does not exist
./prokka_outputs_1/MT798582/MT798582:CDS	hypothetical protein	MT798582.1:c87895-87680	MT798582_00097

DiscRep_SUB:FEATURE_LOCATION_CONFLICT::Coding region xref gene does not exist
./prokka_outputs_1/MT798582/MT798582:CDS	hypothetical protein	MT798582.1:87917-88204	MT798582_00098

DiscRep_SUB:FEATURE_LOCATION_CONFLICT::Coding region xref gene does not exist
./prokka_outputs_1/MT798582/MT798582:CDS	hypothetical protein	MT798582.1:88246-89718	MT798582_00099

DiscRep_SUB:FEATURE_LOCATION_CONFLICT::Coding region xref gene does not exist
./prokka_outputs_1/MT798582/MT798582:CDS	hypothetical protein	MT798582.1:89786-92434	MT798582_00100

DiscRep_SUB:FEATURE_LOCATION_CONFLICT::Coding region xref gene does not exist
./prokka_outputs_1/MT798582/MT798582:CDS	hypothetical protein	MT798582.1:92445-92813	MT798582_00101

DiscRep_SUB:FEATURE_LOCATION_CONFLICT::Coding region xref gene does not exist
./prokka_outputs_1/MT798582/MT798582:CDS	hypothetical protein	MT798582.1:92887-94368	MT798582_00102

DiscRep_SUB:FEATURE_LOCATION_CONFLICT::Coding region xref gene does not exist
./prokka_outputs_1/MT798582/MT798582:CDS	hypothetical protein	MT798582.1:c94891-94520	MT798582_00103

DiscRep_SUB:FEATURE_LOCATION_CONFLICT::Coding region xref gene does not exist
./prokka_outputs_1/MT798582/MT798582:CDS	hypothetical protein	MT798582.1:c95672-94893	MT798582_00104

DiscRep_SUB:FEATURE_LOCATION_CONFLICT::Coding region xref gene does not exist
./prokka_outputs_1/MT798582/MT798582:CDS	hypothetical protein	MT798582.1:c96142-95708	MT798582_00105

DiscRep_SUB:FEATURE_LOCATION_CONFLICT::Coding region xref gene does not exist
./prokka_outputs_1/MT798582/MT798582:CDS	hypothetical protein	MT798582.1:c97594-96149	MT798582_00106

DiscRep_SUB:FEATURE_LOCATION_CONFLICT::Coding region xref gene does not exist
./prokka_outputs_1/MT798582/MT798582:CDS	hypothetical protein	MT798582.1:97663-98178	MT798582_00107

DiscRep_SUB:FEATURE_LOCATION_CONFLICT::Coding region xref gene does not exist
./prokka_outputs_1/MT798582/MT798582:CDS	hypothetical protein	MT798582.1:98225-98794	MT798582_00108

DiscRep_SUB:FEATURE_LOCATION_CONFLICT::Coding region xref gene does not exist
./prokka_outputs_1/MT798582/MT798582:CDS	hypothetical protein	MT798582.1:98848-99171	MT798582_00109

DiscRep_SUB:FEATURE_LOCATION_CONFLICT::Coding region xref gene does not exist
./prokka_outputs_1/MT798582/MT798582:CDS	hypothetical protein	MT798582.1:99220-99711	MT798582_00110

DiscRep_SUB:FEATURE_LOCATION_CONFLICT::Coding region xref gene does not exist
./prokka_outputs_1/MT798582/MT798582:CDS	hypothetical protein	MT798582.1:99716-100453	MT798582_00111

DiscRep_SUB:FEATURE_LOCATION_CONFLICT::Coding region xref gene does not exist
./prokka_outputs_1/MT798582/MT798582:CDS	hypothetical protein	MT798582.1:100461-101624	MT798582_00112

DiscRep_SUB:FEATURE_LOCATION_CONFLICT::Coding region xref gene does not exist
./prokka_outputs_1/MT798582/MT798582:CDS	hypothetical protein	MT798582.1:101649-102149	MT798582_00113

DiscRep_SUB:FEATURE_LOCATION_CONFLICT::Coding region xref gene does not exist
./prokka_outputs_1/MT798582/MT798582:CDS	hypothetical protein	MT798582.1:c102898-102716	MT798582_00114

DiscRep_SUB:FEATURE_LOCATION_CONFLICT::Coding region xref gene does not exist
./prokka_outputs_1/MT798582/MT798582:CDS	hypothetical protein	MT798582.1:c103267-103082	MT798582_00115

DiscRep_SUB:FEATURE_LOCATION_CONFLICT::Coding region xref gene does not exist
./prokka_outputs_1/MT798582/MT798582:CDS	hypothetical protein	MT798582.1:103290-104291	MT798582_00116

DiscRep_SUB:FEATURE_LOCATION_CONFLICT::Coding region xref gene does not exist
./prokka_outputs_1/MT798582/MT798582:CDS	hypothetical protein	MT798582.1:c105843-104272	MT798582_00117

DiscRep_SUB:FEATURE_LOCATION_CONFLICT::Coding region xref gene does not exist
./prokka_outputs_1/MT798582/MT798582:CDS	hypothetical protein	MT798582.1:105892-106305	MT798582_00118

DiscRep_SUB:FEATURE_LOCATION_CONFLICT::Coding region xref gene does not exist
./prokka_outputs_1/MT798582/MT798582:CDS	hypothetical protein	MT798582.1:c107072-106302	MT798582_00119

DiscRep_SUB:FEATURE_LOCATION_CONFLICT::Coding region xref gene does not exist
./prokka_outputs_1/MT798582/MT798582:CDS	hypothetical protein	MT798582.1:c107532-107065	MT798582_00120

DiscRep_SUB:FEATURE_LOCATION_CONFLICT::Coding region xref gene does not exist
./prokka_outputs_1/MT798582/MT798582:CDS	hypothetical protein	MT798582.1:c108059-107529	MT798582_00121

DiscRep_SUB:FEATURE_LOCATION_CONFLICT::Coding region xref gene does not exist
./prokka_outputs_1/MT798582/MT798582:CDS	hypothetical protein	MT798582.1:108146-109450	MT798582_00122

DiscRep_SUB:FEATURE_LOCATION_CONFLICT::Coding region xref gene does not exist
./prokka_outputs_1/MT798582/MT798582:CDS	hypothetical protein	MT798582.1:c109836-109477	MT798582_00123

DiscRep_SUB:FEATURE_LOCATION_CONFLICT::Coding region xref gene does not exist
./prokka_outputs_1/MT798582/MT798582:CDS	hypothetical protein	MT798582.1:109900-111006	MT798582_00124

DiscRep_SUB:FEATURE_LOCATION_CONFLICT::Coding region xref gene does not exist
./prokka_outputs_1/MT798582/MT798582:CDS	hypothetical protein	MT798582.1:c111552-111055	MT798582_00125

DiscRep_ALL:DISC_QUALITY_SCORES::Quality scores are missing on all sequences.

DiscRep_ALL:ONCALLER_COMMENT_PRESENT::1 comment descriptors were found (all same)
./prokka_outputs_1/MT798582/MT798582:MT798582.1:Annotated using prokka 1.14.5 from https://github.com/tseemann/prokka

DiscRep_ALL:SHORT_PROT_SEQUENCES::1 protein sequences are shorter than 50 aa.
./prokka_outputs_1/MT798582/MT798582:MT798582.1_82 (length 35)

DiscRep_ALL:MISSING_GENOMEASSEMBLY_COMMENTS::1 bioseqs are missing GenomeAssembly structured comments
./prokka_outputs_1/MT798582/MT798582:MT798582.1 (length 111557)

DiscRep_ALL:MOLTYPE_NOT_MRNA::1 molecule types are not set as mRNA.
./prokka_outputs_1/MT798582/MT798582:MT798582.1 (length 111557)

DiscRep_ALL:TECHNIQUE_NOT_TSA::1 technique are not set as TSA
./prokka_outputs_1/MT798582/MT798582:MT798582.1 (length 111557)

DiscRep_ALL:MISSING_STRUCTURED_COMMENT::1 sequences do not include structured comments.
./prokka_outputs_1/MT798582/MT798582:MT798582.1 (length 111557)

DiscRep_ALL:MISSING_PROJECT::126 sequences do not include project.
./prokka_outputs_1/MT798582/MT798582:MT798582.1 (length 111557)
./prokka_outputs_1/MT798582/MT798582:MT798582.1_1 (length 84)
./prokka_outputs_1/MT798582/MT798582:MT798582.1_2 (length 550)
./prokka_outputs_1/MT798582/MT798582:MT798582.1_3 (length 177)
./prokka_outputs_1/MT798582/MT798582:MT798582.1_4 (length 948)
./prokka_outputs_1/MT798582/MT798582:MT798582.1_5 (length 69)
./prokka_outputs_1/MT798582/MT798582:MT798582.1_6 (length 78)
./prokka_outputs_1/MT798582/MT798582:MT798582.1_7 (length 112)
./prokka_outputs_1/MT798582/MT798582:MT798582.1_8 (length 195)
./prokka_outputs_1/MT798582/MT798582:MT798582.1_9 (length 263)
./prokka_outputs_1/MT798582/MT798582:MT798582.1_10 (length 318)
./prokka_outputs_1/MT798582/MT798582:MT798582.1_11 (length 97)
./prokka_outputs_1/MT798582/MT798582:MT798582.1_12 (length 465)
./prokka_outputs_1/MT798582/MT798582:MT798582.1_13 (length 110)
./prokka_outputs_1/MT798582/MT798582:MT798582.1_14 (length 86)
./prokka_outputs_1/MT798582/MT798582:MT798582.1_15 (length 130)
./prokka_outputs_1/MT798582/MT798582:MT798582.1_16 (length 72)
./prokka_outputs_1/MT798582/MT798582:MT798582.1_17 (length 515)
./prokka_outputs_1/MT798582/MT798582:MT798582.1_18 (length 485)
./prokka_outputs_1/MT798582/MT798582:MT798582.1_19 (length 453)
./prokka_outputs_1/MT798582/MT798582:MT798582.1_20 (length 101)
./prokka_outputs_1/MT798582/MT798582:MT798582.1_21 (length 189)
./prokka_outputs_1/MT798582/MT798582:MT798582.1_22 (length 167)
./prokka_outputs_1/MT798582/MT798582:MT798582.1_23 (length 101)
./prokka_outputs_1/MT798582/MT798582:MT798582.1_24 (length 155)
./prokka_outputs_1/MT798582/MT798582:MT798582.1_25 (length 358)
./prokka_outputs_1/MT798582/MT798582:MT798582.1_26 (length 274)
./prokka_outputs_1/MT798582/MT798582:MT798582.1_27 (length 126)
./prokka_outputs_1/MT798582/MT798582:MT798582.1_28 (length 239)
./prokka_outputs_1/MT798582/MT798582:MT798582.1_29 (length 176)
./prokka_outputs_1/MT798582/MT798582:MT798582.1_30 (length 168)
./prokka_outputs_1/MT798582/MT798582:MT798582.1_31 (length 95)
./prokka_outputs_1/MT798582/MT798582:MT798582.1_32 (length 437)
./prokka_outputs_1/MT798582/MT798582:MT798582.1_33 (length 89)
./prokka_outputs_1/MT798582/MT798582:MT798582.1_34 (length 224)
./prokka_outputs_1/MT798582/MT798582:MT798582.1_35 (length 469)
./prokka_outputs_1/MT798582/MT798582:MT798582.1_36 (length 336)
./prokka_outputs_1/MT798582/MT798582:MT798582.1_37 (length 860)
./prokka_outputs_1/MT798582/MT798582:MT798582.1_38 (length 167)
./prokka_outputs_1/MT798582/MT798582:MT798582.1_39 (length 247)
./prokka_outputs_1/MT798582/MT798582:MT798582.1_40 (length 280)
./prokka_outputs_1/MT798582/MT798582:MT798582.1_41 (length 51)
./prokka_outputs_1/MT798582/MT798582:MT798582.1_42 (length 920)
./prokka_outputs_1/MT798582/MT798582:MT798582.1_43 (length 209)
./prokka_outputs_1/MT798582/MT798582:MT798582.1_44 (length 290)
./prokka_outputs_1/MT798582/MT798582:MT798582.1_45 (length 756)
./prokka_outputs_1/MT798582/MT798582:MT798582.1_46 (length 268)
./prokka_outputs_1/MT798582/MT798582:MT798582.1_47 (length 170)
./prokka_outputs_1/MT798582/MT798582:MT798582.1_48 (length 86)
./prokka_outputs_1/MT798582/MT798582:MT798582.1_49 (length 215)
./prokka_outputs_1/MT798582/MT798582:MT798582.1_50 (length 313)
./prokka_outputs_1/MT798582/MT798582:MT798582.1_51 (length 314)
./prokka_outputs_1/MT798582/MT798582:MT798582.1_52 (length 63)
./prokka_outputs_1/MT798582/MT798582:MT798582.1_53 (length 150)
./prokka_outputs_1/MT798582/MT798582:MT798582.1_54 (length 142)
./prokka_outputs_1/MT798582/MT798582:MT798582.1_55 (length 56)
./prokka_outputs_1/MT798582/MT798582:MT798582.1_56 (length 117)
./prokka_outputs_1/MT798582/MT798582:MT798582.1_57 (length 69)
./prokka_outputs_1/MT798582/MT798582:MT798582.1_58 (length 80)
./prokka_outputs_1/MT798582/MT798582:MT798582.1_59 (length 227)
./prokka_outputs_1/MT798582/MT798582:MT798582.1_60 (length 304)
./prokka_outputs_1/MT798582/MT798582:MT798582.1_61 (length 266)
./prokka_outputs_1/MT798582/MT798582:MT798582.1_62 (length 120)
./prokka_outputs_1/MT798582/MT798582:MT798582.1_63 (length 199)
./prokka_outputs_1/MT798582/MT798582:MT798582.1_64 (length 430)
./prokka_outputs_1/MT798582/MT798582:MT798582.1_65 (length 381)
./prokka_outputs_1/MT798582/MT798582:MT798582.1_66 (length 292)
./prokka_outputs_1/MT798582/MT798582:MT798582.1_67 (length 479)
./prokka_outputs_1/MT798582/MT798582:MT798582.1_68 (length 449)
./prokka_outputs_1/MT798582/MT798582:MT798582.1_69 (length 341)
./prokka_outputs_1/MT798582/MT798582:MT798582.1_70 (length 377)
./prokka_outputs_1/MT798582/MT798582:MT798582.1_71 (length 1052)
./prokka_outputs_1/MT798582/MT798582:MT798582.1_72 (length 300)
./prokka_outputs_1/MT798582/MT798582:MT798582.1_73 (length 191)
./prokka_outputs_1/MT798582/MT798582:MT798582.1_74 (length 194)
./prokka_outputs_1/MT798582/MT798582:MT798582.1_75 (length 67)
./prokka_outputs_1/MT798582/MT798582:MT798582.1_76 (length 1168)
./prokka_outputs_1/MT798582/MT798582:MT798582.1_77 (length 298)
./prokka_outputs_1/MT798582/MT798582:MT798582.1_78 (length 106)
./prokka_outputs_1/MT798582/MT798582:MT798582.1_79 (length 157)
./prokka_outputs_1/MT798582/MT798582:MT798582.1_80 (length 213)
./prokka_outputs_1/MT798582/MT798582:MT798582.1_81 (length 159)
./prokka_outputs_1/MT798582/MT798582:MT798582.1_82 (length 35)
./prokka_outputs_1/MT798582/MT798582:MT798582.1_83 (length 61)
./prokka_outputs_1/MT798582/MT798582:MT798582.1_84 (length 67)
./prokka_outputs_1/MT798582/MT798582:MT798582.1_85 (length 74)
./prokka_outputs_1/MT798582/MT798582:MT798582.1_86 (length 154)
./prokka_outputs_1/MT798582/MT798582:MT798582.1_87 (length 444)
./prokka_outputs_1/MT798582/MT798582:MT798582.1_88 (length 990)
./prokka_outputs_1/MT798582/MT798582:MT798582.1_89 (length 340)
./prokka_outputs_1/MT798582/MT798582:MT798582.1_90 (length 139)
./prokka_outputs_1/MT798582/MT798582:MT798582.1_91 (length 536)
./prokka_outputs_1/MT798582/MT798582:MT798582.1_92 (length 171)
./prokka_outputs_1/MT798582/MT798582:MT798582.1_93 (length 243)
./prokka_outputs_1/MT798582/MT798582:MT798582.1_94 (length 477)
./prokka_outputs_1/MT798582/MT798582:MT798582.1_95 (length 193)
./prokka_outputs_1/MT798582/MT798582:MT798582.1_96 (length 347)
./prokka_outputs_1/MT798582/MT798582:MT798582.1_97 (length 71)
./prokka_outputs_1/MT798582/MT798582:MT798582.1_98 (length 95)
./prokka_outputs_1/MT798582/MT798582:MT798582.1_99 (length 490)
./prokka_outputs_1/MT798582/MT798582:MT798582.1_100 (length 882)
./prokka_outputs_1/MT798582/MT798582:MT798582.1_101 (length 122)
./prokka_outputs_1/MT798582/MT798582:MT798582.1_102 (length 493)
./prokka_outputs_1/MT798582/MT798582:MT798582.1_103 (length 123)
./prokka_outputs_1/MT798582/MT798582:MT798582.1_104 (length 259)
./prokka_outputs_1/MT798582/MT798582:MT798582.1_105 (length 144)
./prokka_outputs_1/MT798582/MT798582:MT798582.1_106 (length 481)
./prokka_outputs_1/MT798582/MT798582:MT798582.1_107 (length 171)
./prokka_outputs_1/MT798582/MT798582:MT798582.1_108 (length 189)
./prokka_outputs_1/MT798582/MT798582:MT798582.1_109 (length 107)
./prokka_outputs_1/MT798582/MT798582:MT798582.1_110 (length 163)
./prokka_outputs_1/MT798582/MT798582:MT798582.1_111 (length 245)
./prokka_outputs_1/MT798582/MT798582:MT798582.1_112 (length 387)
./prokka_outputs_1/MT798582/MT798582:MT798582.1_113 (length 166)
./prokka_outputs_1/MT798582/MT798582:MT798582.1_114 (length 60)
./prokka_outputs_1/MT798582/MT798582:MT798582.1_115 (length 61)
./prokka_outputs_1/MT798582/MT798582:MT798582.1_116 (length 333)
./prokka_outputs_1/MT798582/MT798582:MT798582.1_117 (length 523)
./prokka_outputs_1/MT798582/MT798582:MT798582.1_118 (length 137)
./prokka_outputs_1/MT798582/MT798582:MT798582.1_119 (length 256)
./prokka_outputs_1/MT798582/MT798582:MT798582.1_120 (length 155)
./prokka_outputs_1/MT798582/MT798582:MT798582.1_121 (length 176)
./prokka_outputs_1/MT798582/MT798582:MT798582.1_122 (length 434)
./prokka_outputs_1/MT798582/MT798582:MT798582.1_123 (length 119)
./prokka_outputs_1/MT798582/MT798582:MT798582.1_124 (length 368)
./prokka_outputs_1/MT798582/MT798582:MT798582.1_125 (length 165)

DiscRep_ALL:DISC_INCONSISTENT_MOLINFO_TECH::Molinfo Technique Report (some missing, all same)
DiscRep_SUB:DISC_INCONSISTENT_MOLINFO_TECH::technique (all missing)
DiscRep_SUB:DISC_INCONSISTENT_MOLINFO_TECH::1 Molinfos are missing field technique
./prokka_outputs_1/MT798582/MT798582:MT798582.1 (length 111557)

