IQ-TREE multicore version 2.2.0.5 COVID-edition for Linux 64-bit built Sep 26 2022
Developed by Bui Quang Minh, James Barbetti, Nguyen Lam Tung,
Olga Chernomor, Heiko Schmidt, Dominik Schrempf, Michael Woodhams, Ly Trong Nhan.

Host:    c094 (AVX2, FMA3, 503 GB RAM)
Command: iqtree2 -s ./3_mafft_alignments_clean/OG0000038.fasta_cleaned.fasta -B 1000 -m MFP -T 1 -pre iqtree/OG0000038.fasta_cleaned.fasta
Seed:    826649 (Using SPRNG - Scalable Parallel Random Number Generator)
Time:    Thu Sep 26 16:03:30 2024
Kernel:  AVX+FMA - 1 threads (32 CPU cores detected)

HINT: Use -nt option to specify number of threads because your CPU has 32 cores!
HINT: -nt AUTO will automatically determine the best number of threads to use.

Reading alignment file ./3_mafft_alignments_clean/OG0000038.fasta_cleaned.fasta ... Fasta format detected
Reading fasta file: done in 0.00018096 secs using 98.36% CPU
Alignment most likely contains protein sequences
Constructing alignment: done in 0.000124931 secs using 100.1% CPU
Alignment has 31 sequences with 208 columns, 164 distinct patterns
101 parsimony-informative, 29 singleton sites, 78 constant sites
                           Gap/Ambiguity  Composition  p-value
Analyzing sequences: done in 1.09673e-05 secs using 109.4% CPU
   1  AF371960_AF371960.1_00033    3.85%    passed    100.00%
   2  AY894343_MK689686.1_00031    6.73%    passed    100.00%
   3  BD143114_MK689686.1_00031   10.58%    passed      5.11%
   4  GQ273492_GQ273492.1_00032   15.87%    passed     99.99%
   5  KC244182_MK689686.1_00031    6.73%    passed    100.00%
   6  KT804738_MK689686.1_00031    6.73%    passed    100.00%
   7  MG570131_MG570131.1_00033   15.87%    passed     99.99%
   8  MG570132_MG570132.1_00033   15.87%    passed     99.99%
   9  MK098185_MK689686.1_00031    6.73%    passed     99.97%
  10  MK098186_MK689686.1_00031    6.73%    passed     99.97%
  11  MK098187_MK689686.1_00031    6.73%    passed     99.97%
  12  MK689685_AF371960.1_00033    3.85%    passed    100.00%
  13  MK689686_MK689686.1_00031    6.73%    passed    100.00%
  14  MN432490_AF371960.1_00033    3.85%    passed    100.00%
  15  MN562489_OM037668.1_00003   13.46%    passed     22.51%
  16  MT521409_OM037668.1_00003   13.46%    passed     22.51%
  17  MT798582_MK689686.1_00031    6.73%    passed    100.00%
  18  MT926123_AF371960.1_00033    3.85%    passed    100.00%
  19  MT986830_AF371960.1_00033    3.85%    passed    100.00%
  20  MW139932_MK689686.1_00031    6.73%    passed     99.99%
  21  OK042108_MK689686.1_00031    6.73%    passed     99.98%
  22  OK042109_MK689686.1_00031    6.73%    passed    100.00%
  23  OL774653_MK689686.1_00031    6.73%    passed     99.99%
  24  OL774654_MK689686.1_00031    6.73%    passed     99.99%
  25  OL774655_MK689686.1_00031    6.73%    passed     99.99%
  26  OM037668_OM037668.1_00003   13.46%    passed     22.51%
  27  ON075463_MK689686.1_00031    6.73%    passed    100.00%
  28  ON740976_MK689686.1_00031    6.73%    passed     99.99%
  29  ON743042_MK689686.1_00031    6.73%    passed     99.97%
  30  OP009387_AF371960.1_00033    3.85%    passed    100.00%
  31  OQ475017_OQ475017.1_00032    6.73%    passed     99.97%
****  TOTAL                        7.83%  0 sequences failed composition chi2 test (p-value<5%; df=19)
NOTE: MK689685_AF371960.1_00033 is identical to AF371960_AF371960.1_00033 but kept for subsequent analysis
NOTE: MK689686_MK689686.1_00031 is identical to KC244182_MK689686.1_00031 but kept for subsequent analysis
NOTE: MG570132_MG570132.1_00033 is identical to MG570131_MG570131.1_00033 but kept for subsequent analysis
NOTE: MK098186_MK689686.1_00031 is identical to MK098185_MK689686.1_00031 but kept for subsequent analysis
NOTE: MT521409_OM037668.1_00003 is identical to MN562489_OM037668.1_00003 but kept for subsequent analysis
NOTE: OL774653_MK689686.1_00031 is identical to MW139932_MK689686.1_00031 but kept for subsequent analysis
Checking for duplicate sequences: done in 4.50611e-05 secs using 97.65% CPU
Identifying sites to remove: done in 6.50883e-05 secs using 99.86% CPU
NOTE: 14 identical sequences (see below) will be ignored for subsequent analysis
NOTE: MN432490_AF371960.1_00033 (identical to AF371960_AF371960.1_00033) is ignored but added at the end
NOTE: MT926123_AF371960.1_00033 (identical to AF371960_AF371960.1_00033) is ignored but added at the end
NOTE: MT986830_AF371960.1_00033 (identical to AF371960_AF371960.1_00033) is ignored but added at the end
NOTE: OP009387_AF371960.1_00033 (identical to AF371960_AF371960.1_00033) is ignored but added at the end
NOTE: MT798582_MK689686.1_00031 (identical to KC244182_MK689686.1_00031) is ignored but added at the end
NOTE: OK042109_MK689686.1_00031 (identical to KC244182_MK689686.1_00031) is ignored but added at the end
NOTE: ON075463_MK689686.1_00031 (identical to KC244182_MK689686.1_00031) is ignored but added at the end
NOTE: MK098187_MK689686.1_00031 (identical to MK098185_MK689686.1_00031) is ignored but added at the end
NOTE: ON743042_MK689686.1_00031 (identical to MK098185_MK689686.1_00031) is ignored but added at the end
NOTE: OQ475017_OQ475017.1_00032 (identical to MK098185_MK689686.1_00031) is ignored but added at the end
NOTE: OM037668_OM037668.1_00003 (identical to MN562489_OM037668.1_00003) is ignored but added at the end
NOTE: OL774654_MK689686.1_00031 (identical to MW139932_MK689686.1_00031) is ignored but added at the end
NOTE: OL774655_MK689686.1_00031 (identical to MW139932_MK689686.1_00031) is ignored but added at the end
NOTE: ON740976_MK689686.1_00031 (identical to MW139932_MK689686.1_00031) is ignored but added at the end
Alignment was printed to iqtree/OG0000038.fasta_cleaned.fasta.uniqueseq.phy

For your convenience alignment with unique sequences printed to iqtree/OG0000038.fasta_cleaned.fasta.uniqueseq.phy


Create initial parsimony tree by phylogenetic likelihood library (PLL)... 0.000 seconds
Perform fast likelihood tree search using LG+I+G model...
Estimate model parameters (epsilon = 5.000)
Perform nearest neighbor interchange...
Optimizing NNI: done in 0.0323069 secs using 99.94% CPU
Estimate model parameters (epsilon = 1.000)
1. Initial log-likelihood: -1738.727
Optimal log-likelihood: -1738.601
Proportion of invariable sites: 0.153
Gamma shape alpha: 2.808
Parameters optimization took 1 rounds (0.022 sec)
Time for fast ML tree search: 0.107 seconds

NOTE: ModelFinder requires 5 MB RAM!
ModelFinder will test up to 1232 protein models (sample size: 208) ...
 No. Model         -LnL         df  AIC          AICc         BIC
  1  LG            1751.369     31  3564.739     3576.011     3668.202
  2  LG+I          1741.547     32  3547.094     3559.163     3653.895
  3  LG+G4         1737.867     32  3539.734     3551.803     3646.535
  4  LG+I+G4       1738.431     33  3542.861     3555.758     3653.000
  5  LG+R2         1737.900     33  3541.800     3554.696     3651.939
  6  LG+R3         1737.845     35  3545.690     3560.342     3662.504
 14  LG+I+R2       1738.210     34  3544.420     3558.177     3657.897
 15  LG+I+R3       1738.037     36  3548.074     3563.653     3668.226
 24  LG+F+I        1720.353     51  3542.705     3576.705     3712.920
 25  LG+F+G4       1715.963     51  3533.927     3567.927     3704.141
 26  LG+F+I+G4     1716.655     52  3537.311     3572.872     3710.863
 27  LG+F+R2       1716.033     52  3536.066     3571.627     3709.618
 46  WAG+I         1715.701     32  3495.401     3507.470     3602.202
 47  WAG+G4        1713.980     32  3491.960     3504.029     3598.762
 48  WAG+I+G4      1714.355     33  3494.710     3507.607     3604.849
 49  WAG+R2        1713.901     33  3493.801     3506.698     3603.940
 68  WAG+F+I       1701.429     51  3504.857     3538.857     3675.072
 69  WAG+F+G4      1699.541     51  3501.082     3535.082     3671.297
 70  WAG+F+I+G4    1699.953     52  3503.906     3539.467     3677.458
 71  WAG+F+R2      1699.532     52  3503.064     3538.625     3676.616
 90  JTT+I         1719.036     32  3502.071     3514.140     3608.873
 91  JTT+G4        1716.113     32  3496.227     3508.295     3603.028
 92  JTT+I+G4      1716.627     33  3499.254     3512.151     3609.393
 93  JTT+R2        1715.976     33  3497.952     3510.848     3608.091
112  JTT+F+I       1705.549     51  3513.098     3547.098     3683.313
113  JTT+F+G4      1702.767     51  3507.534     3541.534     3677.748
114  JTT+F+I+G4    1703.220     52  3510.441     3546.002     3683.993
115  JTT+F+R2      1702.743     52  3509.487     3545.048     3683.039
WARNING: Normalizing state frequencies so that sum of them equals to 1
134  Q.pfam+I      1741.464     32  3546.928     3558.997     3653.729
WARNING: Normalizing state frequencies so that sum of them equals to 1
135  Q.pfam+G4     1737.787     32  3539.574     3551.642     3646.375
WARNING: Normalizing state frequencies so that sum of them equals to 1
136  Q.pfam+I+G4   1738.329     33  3542.659     3555.555     3652.798
WARNING: Normalizing state frequencies so that sum of them equals to 1
137  Q.pfam+R2     1737.869     33  3541.738     3554.635     3651.877
WARNING: Normalizing state frequencies so that sum of them equals to 1
156  Q.pfam+F+I    1721.111     51  3544.223     3578.223     3714.437
WARNING: Normalizing state frequencies so that sum of them equals to 1
157  Q.pfam+F+G4   1716.819     51  3535.638     3569.638     3705.852
WARNING: Normalizing state frequencies so that sum of them equals to 1
158  Q.pfam+F+I+G4 1717.437     52  3538.875     3574.436     3712.427
WARNING: Normalizing state frequencies so that sum of them equals to 1
159  Q.pfam+F+R2   1716.934     52  3537.868     3573.430     3711.420
WARNING: Normalizing state frequencies so that sum of them equals to 1
178  Q.bird+I      1742.104     32  3548.208     3560.276     3655.009
WARNING: Normalizing state frequencies so that sum of them equals to 1
179  Q.bird+G4     1737.235     32  3538.471     3550.539     3645.272
WARNING: Normalizing state frequencies so that sum of them equals to 1
180  Q.bird+I+G4   1737.250     33  3540.501     3553.397     3650.640
WARNING: Normalizing state frequencies so that sum of them equals to 1
181  Q.bird+R2     1737.708     33  3541.415     3554.312     3651.554
WARNING: Normalizing state frequencies so that sum of them equals to 1
200  Q.bird+F+I    1732.937     51  3567.874     3601.874     3738.088
WARNING: Normalizing state frequencies so that sum of them equals to 1
201  Q.bird+F+G4   1728.173     51  3558.345     3592.345     3728.559
WARNING: Normalizing state frequencies so that sum of them equals to 1
202  Q.bird+F+I+G4 1728.043     52  3560.085     3595.647     3733.637
WARNING: Normalizing state frequencies so that sum of them equals to 1
203  Q.bird+F+R2   1728.997     52  3561.995     3597.556     3735.547
WARNING: Normalizing state frequencies so that sum of them equals to 1
222  Q.mammal+I    1735.604     32  3535.207     3547.276     3642.008
WARNING: Normalizing state frequencies so that sum of them equals to 1
223  Q.mammal+G4   1731.813     32  3527.626     3539.695     3634.427
WARNING: Normalizing state frequencies so that sum of them equals to 1
224  Q.mammal+I+G4 1731.953     33  3529.906     3542.802     3640.044
WARNING: Normalizing state frequencies so that sum of them equals to 1
225  Q.mammal+R2   1731.999     33  3529.997     3542.894     3640.136
WARNING: Normalizing state frequencies so that sum of them equals to 1
244  Q.mammal+F+I  1725.957     51  3553.914     3587.914     3724.128
WARNING: Normalizing state frequencies so that sum of them equals to 1
245  Q.mammal+F+G4 1721.937     51  3545.874     3579.874     3716.088
WARNING: Normalizing state frequencies so that sum of them equals to 1
246  Q.mammal+F+I+G4 1721.999     52  3547.997     3583.558     3721.549
WARNING: Normalizing state frequencies so that sum of them equals to 1
247  Q.mammal+F+R2 1722.430     52  3548.861     3584.422     3722.413
266  Q.insect+I    1748.588     32  3561.177     3573.245     3667.978
267  Q.insect+G4   1744.704     32  3553.407     3565.476     3660.208
268  Q.insect+I+G4 1745.258     33  3556.516     3569.412     3666.655
269  Q.insect+R2   1744.802     33  3555.603     3568.500     3665.742
288  Q.insect+F+I  1726.945     51  3555.889     3589.889     3726.103
289  Q.insect+F+G4 1722.076     51  3546.152     3580.152     3716.366
290  Q.insect+F+I+G4 1722.724     52  3549.449     3585.010     3723.001
291  Q.insect+F+R2 1722.185     52  3548.369     3583.930     3721.921
WARNING: Normalizing state frequencies so that sum of them equals to 1
310  Q.plant+I     1750.096     32  3564.192     3576.261     3670.993
WARNING: Normalizing state frequencies so that sum of them equals to 1
311  Q.plant+G4    1746.537     32  3557.074     3569.143     3663.876
WARNING: Normalizing state frequencies so that sum of them equals to 1
312  Q.plant+I+G4  1746.385     33  3558.770     3571.667     3668.909
WARNING: Normalizing state frequencies so that sum of them equals to 1
313  Q.plant+R2    1746.789     33  3559.578     3572.474     3669.716
WARNING: Normalizing state frequencies so that sum of them equals to 1
332  Q.plant+F+I   1728.629     51  3559.258     3593.258     3729.473
WARNING: Normalizing state frequencies so that sum of them equals to 1
333  Q.plant+F+G4  1724.408     51  3550.817     3584.817     3721.031
WARNING: Normalizing state frequencies so that sum of them equals to 1
334  Q.plant+F+I+G4 1724.326     52  3552.652     3588.214     3726.204
WARNING: Normalizing state frequencies so that sum of them equals to 1
335  Q.plant+F+R2  1724.890     52  3553.779     3589.340     3727.331
WARNING: Normalizing state frequencies so that sum of them equals to 1
354  Q.yeast+I     1761.140     32  3586.281     3598.349     3693.082
WARNING: Normalizing state frequencies so that sum of them equals to 1
355  Q.yeast+G4    1757.173     32  3578.346     3590.415     3685.148
WARNING: Normalizing state frequencies so that sum of them equals to 1
356  Q.yeast+I+G4  1757.672     33  3581.345     3594.241     3691.483
WARNING: Normalizing state frequencies so that sum of them equals to 1
357  Q.yeast+R2    1757.282     33  3580.563     3593.460     3690.702
WARNING: Normalizing state frequencies so that sum of them equals to 1
376  Q.yeast+F+I   1726.741     51  3555.482     3589.482     3725.697
WARNING: Normalizing state frequencies so that sum of them equals to 1
377  Q.yeast+F+G4  1721.587     51  3545.175     3579.175     3715.389
WARNING: Normalizing state frequencies so that sum of them equals to 1
378  Q.yeast+F+I+G4 1722.190     52  3548.380     3583.941     3721.932
WARNING: Normalizing state frequencies so that sum of them equals to 1
379  Q.yeast+F+R2  1721.694     52  3547.389     3582.950     3720.941
398  JTTDCMut+I    1719.721     32  3503.442     3515.511     3610.243
399  JTTDCMut+G4   1716.945     32  3497.891     3509.960     3604.692
400  JTTDCMut+I+G4 1717.412     33  3500.825     3513.721     3610.963
401  JTTDCMut+R2   1716.768     33  3499.535     3512.432     3609.674
420  JTTDCMut+F+I  1706.751     51  3515.502     3549.502     3685.716
421  JTTDCMut+F+G4 1704.117     51  3510.233     3544.233     3680.448
422  JTTDCMut+F+I+G4 1704.514     52  3513.029     3548.590     3686.581
423  JTTDCMut+F+R2 1704.058     52  3512.115     3547.677     3685.667
442  DCMut+I       1738.979     32  3541.958     3554.026     3648.759
443  DCMut+G4      1734.326     32  3532.652     3544.721     3639.453
444  DCMut+I+G4    1734.865     33  3535.729     3548.626     3645.868
445  DCMut+R2      1733.753     33  3533.506     3546.402     3643.645
464  DCMut+F+I     1725.234     51  3552.467     3586.467     3722.682
465  DCMut+F+G4    1720.841     51  3543.682     3577.682     3713.896
466  DCMut+F+I+G4  1721.325     52  3546.651     3582.212     3720.203
467  DCMut+F+R2    1720.409     52  3544.818     3580.380     3718.370
486  VT+I          1722.663     32  3509.326     3521.395     3616.128
487  VT+G4         1721.194     32  3506.389     3518.457     3613.190
488  VT+I+G4       1721.611     33  3509.223     3522.119     3619.361
489  VT+R2         1721.167     33  3508.335     3521.231     3618.474
508  VT+F+I        1702.135     51  3506.270     3540.270     3676.485
509  VT+F+G4       1700.543     51  3503.085     3537.085     3673.300
510  VT+F+I+G4     1700.984     52  3505.967     3541.528     3679.519
511  VT+F+R2       1700.565     52  3505.129     3540.691     3678.681
530  PMB+I         1723.470     32  3510.939     3523.008     3617.741
531  PMB+G4        1722.012     32  3508.023     3520.092     3614.825
532  PMB+I+G4      1722.451     33  3510.901     3523.798     3621.040
533  PMB+R2        1722.013     33  3510.025     3522.922     3620.164
552  PMB+F+I       1713.835     51  3529.669     3563.669     3699.884
553  PMB+F+G4      1712.225     51  3526.450     3560.450     3696.664
554  PMB+F+I+G4    1712.727     52  3529.454     3565.015     3703.006
555  PMB+F+R2      1712.243     52  3528.486     3564.048     3702.038
574  Blosum62+I    1733.167     32  3530.333     3542.402     3637.135
575  Blosum62+G4   1731.835     32  3527.670     3539.739     3634.471
576  Blosum62+I+G4 1732.220     33  3530.440     3543.336     3640.578
577  Blosum62+R2   1731.823     33  3529.647     3542.543     3639.786
596  Blosum62+F+I  1718.486     51  3538.972     3572.972     3709.186
597  Blosum62+F+G4 1716.918     51  3535.836     3569.836     3706.050
598  Blosum62+F+I+G4 1717.409     52  3538.819     3574.380     3712.371
599  Blosum62+F+R2 1716.958     52  3537.917     3573.478     3711.469
618  Dayhoff+I     1739.071     32  3542.141     3554.210     3648.942
619  Dayhoff+G4    1734.374     32  3532.748     3544.817     3639.549
620  Dayhoff+I+G4  1734.913     33  3535.825     3548.722     3645.964
621  Dayhoff+R2    1733.800     33  3533.601     3546.497     3643.739
640  Dayhoff+F+I   1725.317     51  3552.634     3586.634     3722.848
641  Dayhoff+F+G4  1720.887     51  3543.774     3577.774     3713.989
642  Dayhoff+F+I+G4 1721.372     52  3546.744     3582.305     3720.296
643  Dayhoff+F+R2  1720.455     52  3544.911     3580.472     3718.463
662  mtREV+I       1847.515     32  3759.030     3771.099     3865.832
663  mtREV+G4      1835.616     32  3735.232     3747.301     3842.034
664  mtREV+I+G4    1835.947     33  3737.895     3750.791     3848.033
665  mtREV+R2      1836.634     33  3739.268     3752.164     3849.407
684  mtREV+F+I     1749.507     51  3601.014     3635.014     3771.228
685  mtREV+F+G4    1741.054     51  3584.109     3618.109     3754.323
686  mtREV+F+I+G4  1741.303     52  3586.606     3622.167     3760.158
687  mtREV+F+R2    1742.106     52  3588.212     3623.774     3761.764
706  mtART+I       1916.985     32  3897.969     3910.038     4004.770
707  mtART+G4      1881.284     32  3826.569     3838.637     3933.370
708  mtART+I+G4    1882.139     33  3830.277     3843.174     3940.416
709  mtART+R2      1891.398     33  3848.797     3861.693     3958.935
728  mtART+F+I     1816.348     51  3734.696     3768.696     3904.911
729  mtART+F+G4    1782.910     51  3667.820     3701.820     3838.034
730  mtART+F+I+G4  1783.970     52  3671.939     3707.500     3845.491
731  mtART+F+R2    1787.234     52  3678.468     3714.029     3852.020
750  mtZOA+I       1849.895     32  3763.789     3775.858     3870.590
751  mtZOA+G4      1828.418     32  3720.837     3732.905     3827.638
752  mtZOA+I+G4    1829.145     33  3724.291     3737.187     3834.430
753  mtZOA+R2      1831.170     33  3728.340     3741.236     3838.479
772  mtZOA+F+I     1766.234     51  3634.467     3668.467     3804.682
773  mtZOA+F+G4    1747.927     51  3597.854     3631.854     3768.069
774  mtZOA+F+I+G4  1748.813     52  3601.626     3637.187     3775.178
775  mtZOA+F+R2    1748.162     52  3600.325     3635.886     3773.877
794  mtMet+I       1834.726     32  3733.453     3745.521     3840.254
795  mtMet+G4      1821.278     32  3706.556     3718.625     3813.357
796  mtMet+I+G4    1821.995     33  3709.991     3722.888     3820.130
797  mtMet+R2      1821.528     33  3709.057     3721.953     3819.196
816  mtMet+F+I     1739.306     51  3580.612     3614.612     3750.826
817  mtMet+F+G4    1728.209     51  3558.417     3592.417     3728.632
818  mtMet+F+I+G4  1729.010     52  3562.020     3597.581     3735.572
819  mtMet+F+R2    1728.202     52  3560.404     3595.966     3733.956
838  mtVer+I       1853.247     32  3770.494     3782.562     3877.295
839  mtVer+G4      1835.758     32  3735.515     3747.584     3842.317
840  mtVer+I+G4    1836.490     33  3738.979     3751.876     3849.118
841  mtVer+R2      1836.421     33  3738.843     3751.739     3848.981
860  mtVer+F+I     1757.741     51  3617.481     3651.481     3787.696
861  mtVer+F+G4    1746.175     51  3594.351     3628.351     3764.565
862  mtVer+F+I+G4  1746.654     52  3597.308     3632.870     3770.860
863  mtVer+F+R2    1747.517     52  3599.035     3634.596     3772.587
882  mtInv+I       1853.205     32  3770.409     3782.478     3877.211
883  mtInv+G4      1843.496     32  3750.991     3763.060     3857.793
884  mtInv+I+G4    1844.120     33  3754.239     3767.136     3864.378
885  mtInv+R2      1843.474     33  3752.948     3765.845     3863.087
904  mtInv+F+I     1733.547     51  3569.093     3603.093     3739.308
905  mtInv+F+G4    1724.374     51  3550.748     3584.748     3720.962
906  mtInv+F+I+G4  1725.192     52  3554.384     3589.945     3727.936
907  mtInv+F+R2    1723.977     52  3551.954     3587.515     3725.506
926  mtMAM+I       1900.994     32  3865.989     3878.058     3972.790
927  mtMAM+G4      1875.112     32  3814.224     3826.292     3921.025
928  mtMAM+I+G4    1875.558     33  3817.117     3830.013     3927.255
929  mtMAM+R2      1883.215     33  3832.430     3845.327     3942.569
948  mtMAM+F+I     1806.382     51  3714.765     3748.765     3884.979
949  mtMAM+F+G4    1788.344     51  3678.689     3712.689     3848.903
950  mtMAM+F+I+G4  1788.501     52  3681.002     3716.564     3854.554
951  mtMAM+F+R2    1795.455     52  3694.909     3730.471     3868.461
WARNING: Normalizing state frequencies so that sum of them equals to 1
970  FLAVI+I       1803.336     32  3670.672     3682.741     3777.473
WARNING: Normalizing state frequencies so that sum of them equals to 1
971  FLAVI+G4      1792.055     32  3648.109     3660.178     3754.910
WARNING: Normalizing state frequencies so that sum of them equals to 1
972  FLAVI+I+G4    1792.101     33  3650.202     3663.098     3760.341
WARNING: Normalizing state frequencies so that sum of them equals to 1
973  FLAVI+R2      1793.972     33  3653.944     3666.841     3764.083
WARNING: Normalizing state frequencies so that sum of them equals to 1
992  FLAVI+F+I     1774.641     51  3651.282     3685.282     3821.497
WARNING: Normalizing state frequencies so that sum of them equals to 1
993  FLAVI+F+G4    1764.796     51  3631.592     3665.592     3801.806
WARNING: Normalizing state frequencies so that sum of them equals to 1
994  FLAVI+F+I+G4  1764.697     52  3633.393     3668.954     3806.945
WARNING: Normalizing state frequencies so that sum of them equals to 1
995  FLAVI+F+R2    1767.312     52  3638.623     3674.184     3812.175
1014  HIVb+I        1760.714     32  3585.427     3597.496     3692.228
1015  HIVb+G4       1755.619     32  3575.238     3587.307     3682.040
1016  HIVb+I+G4     1755.595     33  3577.190     3590.086     3687.329
1017  HIVb+R2       1755.987     33  3577.973     3590.870     3688.112
1036  HIVb+F+I      1738.430     51  3578.860     3612.860     3749.075
1037  HIVb+F+G4     1733.154     51  3568.308     3602.308     3738.522
1038  HIVb+F+I+G4   1733.002     52  3570.004     3605.565     3743.556
1039  HIVb+F+R2     1733.767     52  3571.533     3607.095     3745.085
1058  HIVw+I        1818.857     32  3701.713     3713.782     3808.515
1059  HIVw+G4       1813.444     32  3690.888     3702.956     3797.689
1060  HIVw+I+G4     1813.084     33  3692.169     3705.065     3802.308
1061  HIVw+R2       1814.154     33  3694.307     3707.204     3804.446
1080  HIVw+F+I      1765.492     51  3632.983     3666.983     3803.198
1081  HIVw+F+G4     1761.791     51  3625.581     3659.581     3795.796
1082  HIVw+F+I+G4   1761.078     52  3626.155     3661.717     3799.707
1083  HIVw+F+R2     1762.969     52  3629.937     3665.499     3803.489
1102  FLU+I         1761.729     32  3587.458     3599.527     3694.259
1103  FLU+G4        1757.147     32  3578.294     3590.363     3685.095
1104  FLU+I+G4      1757.176     33  3580.353     3593.249     3690.491
1105  FLU+R2        1757.590     33  3581.180     3594.076     3691.318
1124  FLU+F+I       1737.917     51  3577.834     3611.834     3748.048
1125  FLU+F+G4      1733.541     51  3569.081     3603.081     3739.296
1126  FLU+F+I+G4    1733.389     52  3570.778     3606.339     3744.330
1127  FLU+F+R2      1734.400     52  3572.800     3608.361     3746.352
1146  rtREV+I       1767.176     32  3598.351     3610.420     3705.152
1147  rtREV+G4      1764.139     32  3592.278     3604.346     3699.079
1148  rtREV+I+G4    1764.293     33  3594.586     3607.483     3704.725
1149  rtREV+R2      1764.234     33  3594.468     3607.364     3704.607
1168  rtREV+F+I     1737.248     51  3576.497     3610.497     3746.711
1169  rtREV+F+G4    1733.269     51  3568.539     3602.539     3738.753
1170  rtREV+F+I+G4  1733.561     52  3571.123     3606.684     3744.675
1171  rtREV+F+R2    1733.537     52  3571.075     3606.636     3744.627
1190  cpREV+I       1748.572     32  3561.144     3573.212     3667.945
1191  cpREV+G4      1745.778     32  3555.556     3567.625     3662.358
1192  cpREV+I+G4    1745.938     33  3557.875     3570.772     3668.014
1193  cpREV+R2      1745.412     33  3556.824     3569.721     3666.963
1212  cpREV+F+I     1714.754     51  3531.508     3565.508     3701.722
1213  cpREV+F+G4    1711.968     51  3525.937     3559.937     3696.151
1214  cpREV+F+I+G4  1712.167     52  3528.333     3563.894     3701.885
1215  cpREV+F+R2    1711.759     52  3527.518     3563.079     3701.070
Akaike Information Criterion:           WAG+G4
Corrected Akaike Information Criterion: WAG+G4
Bayesian Information Criterion:         WAG+G4
Best-fit model: WAG+G4 chosen according to BIC

All model information printed to iqtree/OG0000038.fasta_cleaned.fasta.model.gz
CPU time for ModelFinder: 7.979 seconds (0h:0m:7s)
Wall-clock time for ModelFinder: 8.044 seconds (0h:0m:8s)
Generating 1000 samples for ultrafast bootstrap (seed: 826649)...

NOTE: 2 MB RAM (0 GB) is required!
Estimate model parameters (epsilon = 0.100)
1. Initial log-likelihood: -1713.980
Optimal log-likelihood: -1713.980
Gamma shape alpha: 1.753
Parameters optimization took 1 rounds (0.010 sec)
Wrote distance file to... 
Computing ML distances based on estimated model parameters...
Calculating distance matrix: done in 0.015907 secs using 99.94% CPU
Computing ML distances took 0.015934 sec (of wall-clock time) 0.015926 sec (of CPU time)
Setting up auxiliary I and S matrices: done in 2.31266e-05 secs using 99.45% CPU
Constructing RapidNJ tree: done in 4.00543e-05 secs using 99.86% CPU
Computing RapidNJ tree took 0.000155 sec (of wall-clock time) 0.000154 sec (of CPU time)
Log-likelihood of RapidNJ tree: -1734.515
--------------------------------------------------------------------
|             INITIALIZING CANDIDATE TREE SET                      |
--------------------------------------------------------------------
Generating 98 parsimony trees... 0.091 second
Computing log-likelihood of 98 initial trees ... 0.289 seconds
Current best score: -1713.980

Do NNI search on 20 best initial trees
Optimizing NNI: done in 0.0164211 secs using 95.23% CPU
Estimate model parameters (epsilon = 0.100)
BETTER TREE FOUND at iteration 1: -1713.980
Optimizing NNI: done in 0.080802 secs using 70.13% CPU
BETTER TREE FOUND at iteration 2: -1713.980
Optimizing NNI: done in 0.0564458 secs using 99.97% CPU
Optimizing NNI: done in 0.0562351 secs using 99.99% CPU
Optimizing NNI: done in 0.056046 secs using 100% CPU
UPDATE BEST LOG-LIKELIHOOD: -1713.980
Optimizing NNI: done in 0.055928 secs using 100% CPU
Optimizing NNI: done in 0.0560119 secs using 100% CPU
Optimizing NNI: done in 0.056083 secs using 100% CPU
UPDATE BEST LOG-LIKELIHOOD: -1713.980
Optimizing NNI: done in 0.056066 secs using 100% CPU
Optimizing NNI: done in 0.055021 secs using 99.97% CPU
Iteration 10 / LogL: -1713.980 / Time: 0h:0m:1s
Optimizing NNI: done in 0.0550189 secs using 100% CPU
Optimizing NNI: done in 0.058053 secs using 94.63% CPU
Optimizing NNI: done in 0.054961 secs using 99.89% CPU
Optimizing NNI: done in 0.0550001 secs using 100% CPU
Optimizing NNI: done in 0.0548391 secs using 100% CPU
Optimizing NNI: done in 0.0550699 secs using 100% CPU
Optimizing NNI: done in 0.0551722 secs using 100% CPU
Optimizing NNI: done in 0.055748 secs using 100% CPU
Optimizing NNI: done in 0.054816 secs using 100% CPU
Optimizing NNI: done in 0.0548182 secs using 100% CPU
Iteration 20 / LogL: -1713.980 / Time: 0h:0m:1s
Finish initializing candidate tree set (3)
Current best tree score: -1713.980 / CPU time: 1.508
Number of iterations: 20
--------------------------------------------------------------------
|               OPTIMIZING CANDIDATE TREE SET                      |
--------------------------------------------------------------------
Optimizing NNI: done in 0.118067 secs using 100% CPU
Estimate model parameters (epsilon = 0.100)
BETTER TREE FOUND at iteration 21: -1710.477
Optimizing NNI: done in 0.099535 secs using 100% CPU
Optimizing NNI: done in 0.0631492 secs using 100% CPU
Optimizing NNI: done in 0.0611398 secs using 99.97% CPU
Optimizing NNI: done in 0.136896 secs using 99.99% CPU
Optimizing NNI: done in 0.0897801 secs using 100% CPU
Optimizing NNI: done in 0.064986 secs using 100% CPU
Optimizing NNI: done in 0.0839431 secs using 100% CPU
Optimizing NNI: done in 0.083174 secs using 100% CPU
Optimizing NNI: done in 0.132648 secs using 99.89% CPU
Iteration 30 / LogL: -1710.479 / Time: 0h:0m:2s (0h:0m:8s left)
Optimizing NNI: done in 0.080524 secs using 100% CPU
Optimizing NNI: done in 0.0667288 secs using 100% CPU
Optimizing NNI: done in 0.116934 secs using 100% CPU
Optimizing NNI: done in 0.0852151 secs using 100% CPU
Optimizing NNI: done in 0.0940301 secs using 99.97% CPU
Optimizing NNI: done in 0.145212 secs using 100% CPU
Optimizing NNI: done in 0.100453 secs using 100% CPU
Optimizing NNI: done in 0.100111 secs using 100% CPU
Optimizing NNI: done in 0.120633 secs using 99.9% CPU
Optimizing NNI: done in 0.0587041 secs using 100% CPU
Iteration 40 / LogL: -1710.478 / Time: 0h:0m:3s (0h:0m:7s left)
Optimizing NNI: done in 0.0542839 secs using 100% CPU
Optimizing NNI: done in 0.0437398 secs using 100% CPU
Optimizing NNI: done in 0.099478 secs using 100% CPU
Optimizing NNI: done in 0.0703709 secs using 100% CPU
Optimizing NNI: done in 0.101532 secs using 99.91% CPU
Optimizing NNI: done in 0.061096 secs using 100% CPU
Optimizing NNI: done in 0.0996909 secs using 99.92% CPU
Optimizing NNI: done in 0.0758889 secs using 100% CPU
Optimizing NNI: done in 0.104175 secs using 100% CPU
Optimizing NNI: done in 0.105203 secs using 100% CPU
Iteration 50 / LogL: -1713.988 / Time: 0h:0m:4s (0h:0m:6s left)
Log-likelihood cutoff on original alignment: -1745.125
Optimizing NNI: done in 0.125759 secs using 100% CPU
Optimizing NNI: done in 0.108068 secs using 100% CPU
Optimizing NNI: done in 0.127516 secs using 100% CPU
Optimizing NNI: done in 0.085428 secs using 100% CPU
Optimizing NNI: done in 0.125087 secs using 99.97% CPU
Optimizing NNI: done in 0.0812731 secs using 100% CPU
Optimizing NNI: done in 0.057291 secs using 100% CPU
Optimizing NNI: done in 0.0290051 secs using 100% CPU
Optimizing NNI: done in 0.0662839 secs using 100% CPU
Optimizing NNI: done in 0.131749 secs using 100% CPU
Iteration 60 / LogL: -1710.478 / Time: 0h:0m:5s (0h:0m:5s left)
Optimizing NNI: done in 0.0503151 secs using 100% CPU
Optimizing NNI: done in 0.058495 secs using 100% CPU
Optimizing NNI: done in 0.031199 secs using 100% CPU
Optimizing NNI: done in 0.0828631 secs using 100% CPU
Optimizing NNI: done in 0.0754411 secs using 100% CPU
Optimizing NNI: done in 0.115683 secs using 99.94% CPU
Optimizing NNI: done in 0.0734529 secs using 100% CPU
Optimizing NNI: done in 0.11906 secs using 99.93% CPU
Optimizing NNI: done in 0.116122 secs using 100% CPU
Optimizing NNI: done in 0.080472 secs using 100% CPU
Iteration 70 / LogL: -1710.478 / Time: 0h:0m:6s (0h:0m:4s left)
Optimizing NNI: done in 0.101421 secs using 100% CPU
Optimizing NNI: done in 0.108628 secs using 100% CPU
Optimizing NNI: done in 0.0795131 secs using 100% CPU
Optimizing NNI: done in 0.124969 secs using 100% CPU
Optimizing NNI: done in 0.120936 secs using 100% CPU
Optimizing NNI: done in 0.082273 secs using 99.96% CPU
Optimizing NNI: done in 0.0889351 secs using 100% CPU
Optimizing NNI: done in 0.065326 secs using 99.92% CPU
Optimizing NNI: done in 0.141371 secs using 100% CPU
Optimizing NNI: done in 0.110847 secs using 100% CPU
Iteration 80 / LogL: -1710.478 / Time: 0h:0m:7s (0h:0m:3s left)
Optimizing NNI: done in 0.159855 secs using 100% CPU
Optimizing NNI: done in 0.128236 secs using 100% CPU
Optimizing NNI: done in 0.127078 secs using 100% CPU
Optimizing NNI: done in 0.0859418 secs using 100% CPU
Optimizing NNI: done in 0.0848091 secs using 100% CPU
Optimizing NNI: done in 0.0596938 secs using 100% CPU
Optimizing NNI: done in 0.0947752 secs using 99.97% CPU
Optimizing NNI: done in 0.0930068 secs using 100% CPU
Optimizing NNI: done in 0.04614 secs using 100% CPU
Optimizing NNI: done in 0.0450351 secs using 100% CPU
Iteration 90 / LogL: -1719.774 / Time: 0h:0m:8s (0h:0m:2s left)
Optimizing NNI: done in 0.0682361 secs using 100% CPU
Optimizing NNI: done in 0.127416 secs using 100% CPU
Optimizing NNI: done in 0.046823 secs using 100% CPU
Optimizing NNI: done in 0.138824 secs using 100% CPU
Optimizing NNI: done in 0.051872 secs using 100% CPU
Optimizing NNI: done in 0.163148 secs using 100% CPU
Optimizing NNI: done in 0.140141 secs using 100% CPU
Optimizing NNI: done in 0.0444469 secs using 99.9% CPU
Optimizing NNI: done in 0.0759611 secs using 100% CPU
Optimizing NNI: done in 0.0717971 secs using 100% CPU
Iteration 100 / LogL: -1710.477 / Time: 0h:0m:9s (0h:0m:1s left)
Log-likelihood cutoff on original alignment: -1745.125
NOTE: Bootstrap correlation coefficient of split occurrence frequencies: 0.992
Optimizing NNI: done in 0.077915 secs using 100% CPU
Optimizing NNI: done in 0.0923481 secs using 100% CPU
Optimizing NNI: done in 0.0546422 secs using 99.96% CPU
Optimizing NNI: done in 0.0757029 secs using 100% CPU
Optimizing NNI: done in 0.0605111 secs using 100% CPU
Optimizing NNI: done in 0.091588 secs using 100% CPU
Optimizing NNI: done in 0.0917599 secs using 100% CPU
Optimizing NNI: done in 0.0760989 secs using 100% CPU
Optimizing NNI: done in 0.0926158 secs using 100% CPU
Optimizing NNI: done in 0.0884972 secs using 99.97% CPU
Iteration 110 / LogL: -1710.477 / Time: 0h:0m:10s (0h:0m:8s left)
Optimizing NNI: done in 0.0758638 secs using 100% CPU
Optimizing NNI: done in 0.0588908 secs using 100% CPU
Optimizing NNI: done in 0.11107 secs using 100% CPU
Optimizing NNI: done in 0.0311551 secs using 100% CPU
UPDATE BEST LOG-LIKELIHOOD: -1710.477
Optimizing NNI: done in 0.146716 secs using 99.97% CPU
Optimizing NNI: done in 0.0544069 secs using 100% CPU
Optimizing NNI: done in 0.115732 secs using 100% CPU
Optimizing NNI: done in 0.0775881 secs using 100% CPU
Optimizing NNI: done in 0.0936649 secs using 100% CPU
Optimizing NNI: done in 0.0616031 secs using 100% CPU
Iteration 120 / LogL: -1719.754 / Time: 0h:0m:11s (0h:0m:7s left)
Optimizing NNI: done in 0.093756 secs using 99.99% CPU
Optimizing NNI: done in 0.0399649 secs using 99.92% CPU
TREE SEARCH COMPLETED AFTER 122 ITERATIONS / Time: 0h:0m:11s

--------------------------------------------------------------------
|                    FINALIZING TREE SEARCH                        |
--------------------------------------------------------------------
Performs final model parameters optimization
Estimate model parameters (epsilon = 0.010)
1. Initial log-likelihood: -1710.477
Optimal log-likelihood: -1710.476
Gamma shape alpha: 1.684
Parameters optimization took 1 rounds (0.011 sec)
BEST SCORE FOUND : -1710.476
Creating bootstrap support values...
Split supports printed to NEXUS file iqtree/OG0000038.fasta_cleaned.fasta.splits.nex
Total tree length: 1.879

Total number of iterations: 122
CPU time used for tree search: 10.971 sec (0h:0m:10s)
Wall-clock time used for tree search: 10.995 sec (0h:0m:10s)
Total CPU time used: 11.172 sec (0h:0m:11s)
Total wall-clock time used: 11.211 sec (0h:0m:11s)

Computing bootstrap consensus tree...
Reading input file iqtree/OG0000038.fasta_cleaned.fasta.splits.nex...
17 taxa and 95 splits.
Consensus tree written to iqtree/OG0000038.fasta_cleaned.fasta.contree
Reading input trees file iqtree/OG0000038.fasta_cleaned.fasta.contree
Log-likelihood of consensus tree: -1710.480

Analysis results written to: 
  IQ-TREE report:                iqtree/OG0000038.fasta_cleaned.fasta.iqtree
  Maximum-likelihood tree:       iqtree/OG0000038.fasta_cleaned.fasta.treefile
  Likelihood distances:          iqtree/OG0000038.fasta_cleaned.fasta.mldist

Ultrafast bootstrap approximation results written to:
  Split support values:          iqtree/OG0000038.fasta_cleaned.fasta.splits.nex
  Consensus tree:                iqtree/OG0000038.fasta_cleaned.fasta.contree
  Screen log file:               iqtree/OG0000038.fasta_cleaned.fasta.log

Date and Time: Thu Sep 26 16:03:50 2024
