Discrepancy Report Results

Summary
FATAL: MISSING_PROTEIN_ID:120 proteins have invalid IDs.
DISC_SOURCE_QUALS_ASNDISC:strain (all present, all unique)
DISC_SOURCE_QUALS_ASNDISC:taxname (all present, all unique)
DISC_FEATURE_COUNT:CDS: 120 present
DISC_COUNT_NUCLEOTIDES:1 nucleotide Bioseqs are present
FEATURE_LOCATION_CONFLICT:120 features have inconsistent gene locations.
DISC_QUALITY_SCORES:Quality scores are missing on all sequences.
ONCALLER_COMMENT_PRESENT:1 comment descriptors were found (all same)
SHORT_PROT_SEQUENCES:1 protein sequences are shorter than 50 aa.
MISSING_GENOMEASSEMBLY_COMMENTS:1 bioseqs are missing GenomeAssembly structured comments
MOLTYPE_NOT_MRNA:1 molecule types are not set as mRNA.
TECHNIQUE_NOT_TSA:1 technique are not set as TSA
MISSING_STRUCTURED_COMMENT:1 sequences do not include structured comments.
MISSING_PROJECT:121 sequences do not include project.
DISC_INCONSISTENT_MOLINFO_TECH:Molinfo Technique Report (some missing, all same)


Detailed Report

FATAL: DiscRep_ALL:MISSING_PROTEIN_ID::120 proteins have invalid IDs.
./prokka_outputs/MK689685/MK689685:MK689685.1_1 (length 378)
./prokka_outputs/MK689685/MK689685:MK689685.1_2 (length 151)
./prokka_outputs/MK689685/MK689685:MK689685.1_3 (length 101)
./prokka_outputs/MK689685/MK689685:MK689685.1_4 (length 163)
./prokka_outputs/MK689685/MK689685:MK689685.1_5 (length 186)
./prokka_outputs/MK689685/MK689685:MK689685.1_6 (length 101)
./prokka_outputs/MK689685/MK689685:MK689685.1_7 (length 453)
./prokka_outputs/MK689685/MK689685:MK689685.1_8 (length 485)
./prokka_outputs/MK689685/MK689685:MK689685.1_9 (length 514)
./prokka_outputs/MK689685/MK689685:MK689685.1_10 (length 72)
./prokka_outputs/MK689685/MK689685:MK689685.1_11 (length 80)
./prokka_outputs/MK689685/MK689685:MK689685.1_12 (length 130)
./prokka_outputs/MK689685/MK689685:MK689685.1_13 (length 86)
./prokka_outputs/MK689685/MK689685:MK689685.1_14 (length 110)
./prokka_outputs/MK689685/MK689685:MK689685.1_15 (length 461)
./prokka_outputs/MK689685/MK689685:MK689685.1_16 (length 97)
./prokka_outputs/MK689685/MK689685:MK689685.1_17 (length 313)
./prokka_outputs/MK689685/MK689685:MK689685.1_18 (length 263)
./prokka_outputs/MK689685/MK689685:MK689685.1_19 (length 195)
./prokka_outputs/MK689685/MK689685:MK689685.1_20 (length 110)
./prokka_outputs/MK689685/MK689685:MK689685.1_21 (length 948)
./prokka_outputs/MK689685/MK689685:MK689685.1_22 (length 179)
./prokka_outputs/MK689685/MK689685:MK689685.1_23 (length 499)
./prokka_outputs/MK689685/MK689685:MK689685.1_24 (length 856)
./prokka_outputs/MK689685/MK689685:MK689685.1_25 (length 130)
./prokka_outputs/MK689685/MK689685:MK689685.1_26 (length 186)
./prokka_outputs/MK689685/MK689685:MK689685.1_27 (length 107)
./prokka_outputs/MK689685/MK689685:MK689685.1_28 (length 298)
./prokka_outputs/MK689685/MK689685:MK689685.1_29 (length 1168)
./prokka_outputs/MK689685/MK689685:MK689685.1_30 (length 73)
./prokka_outputs/MK689685/MK689685:MK689685.1_31 (length 200)
./prokka_outputs/MK689685/MK689685:MK689685.1_32 (length 188)
./prokka_outputs/MK689685/MK689685:MK689685.1_33 (length 300)
./prokka_outputs/MK689685/MK689685:MK689685.1_34 (length 1044)
./prokka_outputs/MK689685/MK689685:MK689685.1_35 (length 377)
./prokka_outputs/MK689685/MK689685:MK689685.1_36 (length 341)
./prokka_outputs/MK689685/MK689685:MK689685.1_37 (length 450)
./prokka_outputs/MK689685/MK689685:MK689685.1_38 (length 478)
./prokka_outputs/MK689685/MK689685:MK689685.1_39 (length 290)
./prokka_outputs/MK689685/MK689685:MK689685.1_40 (length 379)
./prokka_outputs/MK689685/MK689685:MK689685.1_41 (length 430)
./prokka_outputs/MK689685/MK689685:MK689685.1_42 (length 197)
./prokka_outputs/MK689685/MK689685:MK689685.1_43 (length 120)
./prokka_outputs/MK689685/MK689685:MK689685.1_44 (length 266)
./prokka_outputs/MK689685/MK689685:MK689685.1_45 (length 304)
./prokka_outputs/MK689685/MK689685:MK689685.1_46 (length 227)
./prokka_outputs/MK689685/MK689685:MK689685.1_47 (length 87)
./prokka_outputs/MK689685/MK689685:MK689685.1_48 (length 114)
./prokka_outputs/MK689685/MK689685:MK689685.1_49 (length 56)
./prokka_outputs/MK689685/MK689685:MK689685.1_50 (length 142)
./prokka_outputs/MK689685/MK689685:MK689685.1_51 (length 150)
./prokka_outputs/MK689685/MK689685:MK689685.1_52 (length 308)
./prokka_outputs/MK689685/MK689685:MK689685.1_53 (length 308)
./prokka_outputs/MK689685/MK689685:MK689685.1_54 (length 215)
./prokka_outputs/MK689685/MK689685:MK689685.1_55 (length 86)
./prokka_outputs/MK689685/MK689685:MK689685.1_56 (length 99)
./prokka_outputs/MK689685/MK689685:MK689685.1_57 (length 221)
./prokka_outputs/MK689685/MK689685:MK689685.1_58 (length 267)
./prokka_outputs/MK689685/MK689685:MK689685.1_59 (length 1208)
./prokka_outputs/MK689685/MK689685:MK689685.1_60 (length 122)
./prokka_outputs/MK689685/MK689685:MK689685.1_61 (length 882)
./prokka_outputs/MK689685/MK689685:MK689685.1_62 (length 491)
./prokka_outputs/MK689685/MK689685:MK689685.1_63 (length 87)
./prokka_outputs/MK689685/MK689685:MK689685.1_64 (length 97)
./prokka_outputs/MK689685/MK689685:MK689685.1_65 (length 305)
./prokka_outputs/MK689685/MK689685:MK689685.1_66 (length 194)
./prokka_outputs/MK689685/MK689685:MK689685.1_67 (length 477)
./prokka_outputs/MK689685/MK689685:MK689685.1_68 (length 221)
./prokka_outputs/MK689685/MK689685:MK689685.1_69 (length 158)
./prokka_outputs/MK689685/MK689685:MK689685.1_70 (length 536)
./prokka_outputs/MK689685/MK689685:MK689685.1_71 (length 334)
./prokka_outputs/MK689685/MK689685:MK689685.1_72 (length 139)
./prokka_outputs/MK689685/MK689685:MK689685.1_73 (length 337)
./prokka_outputs/MK689685/MK689685:MK689685.1_74 (length 88)
./prokka_outputs/MK689685/MK689685:MK689685.1_75 (length 990)
./prokka_outputs/MK689685/MK689685:MK689685.1_76 (length 444)
./prokka_outputs/MK689685/MK689685:MK689685.1_77 (length 154)
./prokka_outputs/MK689685/MK689685:MK689685.1_78 (length 73)
./prokka_outputs/MK689685/MK689685:MK689685.1_79 (length 165)
./prokka_outputs/MK689685/MK689685:MK689685.1_80 (length 368)
./prokka_outputs/MK689685/MK689685:MK689685.1_81 (length 119)
./prokka_outputs/MK689685/MK689685:MK689685.1_82 (length 34)
./prokka_outputs/MK689685/MK689685:MK689685.1_83 (length 451)
./prokka_outputs/MK689685/MK689685:MK689685.1_84 (length 200)
./prokka_outputs/MK689685/MK689685:MK689685.1_85 (length 154)
./prokka_outputs/MK689685/MK689685:MK689685.1_86 (length 256)
./prokka_outputs/MK689685/MK689685:MK689685.1_87 (length 137)
./prokka_outputs/MK689685/MK689685:MK689685.1_88 (length 518)
./prokka_outputs/MK689685/MK689685:MK689685.1_89 (length 320)
./prokka_outputs/MK689685/MK689685:MK689685.1_90 (length 53)
./prokka_outputs/MK689685/MK689685:MK689685.1_91 (length 262)
./prokka_outputs/MK689685/MK689685:MK689685.1_92 (length 166)
./prokka_outputs/MK689685/MK689685:MK689685.1_93 (length 386)
./prokka_outputs/MK689685/MK689685:MK689685.1_94 (length 245)
./prokka_outputs/MK689685/MK689685:MK689685.1_95 (length 163)
./prokka_outputs/MK689685/MK689685:MK689685.1_96 (length 107)
./prokka_outputs/MK689685/MK689685:MK689685.1_97 (length 181)
./prokka_outputs/MK689685/MK689685:MK689685.1_98 (length 171)
./prokka_outputs/MK689685/MK689685:MK689685.1_99 (length 480)
./prokka_outputs/MK689685/MK689685:MK689685.1_100 (length 133)
./prokka_outputs/MK689685/MK689685:MK689685.1_101 (length 258)
./prokka_outputs/MK689685/MK689685:MK689685.1_102 (length 114)
./prokka_outputs/MK689685/MK689685:MK689685.1_103 (length 268)
./prokka_outputs/MK689685/MK689685:MK689685.1_104 (length 199)
./prokka_outputs/MK689685/MK689685:MK689685.1_105 (length 921)
./prokka_outputs/MK689685/MK689685:MK689685.1_106 (length 51)
./prokka_outputs/MK689685/MK689685:MK689685.1_107 (length 296)
./prokka_outputs/MK689685/MK689685:MK689685.1_108 (length 247)
./prokka_outputs/MK689685/MK689685:MK689685.1_109 (length 167)
./prokka_outputs/MK689685/MK689685:MK689685.1_110 (length 945)
./prokka_outputs/MK689685/MK689685:MK689685.1_111 (length 336)
./prokka_outputs/MK689685/MK689685:MK689685.1_112 (length 463)
./prokka_outputs/MK689685/MK689685:MK689685.1_113 (length 204)
./prokka_outputs/MK689685/MK689685:MK689685.1_114 (length 86)
./prokka_outputs/MK689685/MK689685:MK689685.1_115 (length 439)
./prokka_outputs/MK689685/MK689685:MK689685.1_116 (length 169)
./prokka_outputs/MK689685/MK689685:MK689685.1_117 (length 216)
./prokka_outputs/MK689685/MK689685:MK689685.1_118 (length 239)
./prokka_outputs/MK689685/MK689685:MK689685.1_119 (length 123)
./prokka_outputs/MK689685/MK689685:MK689685.1_120 (length 228)

DiscRep_ALL:DISC_SOURCE_QUALS_ASNDISC::strain (all present, all unique)
DiscRep_SUB:DISC_SOURCE_QUALS_ASNDISC::1 sources have unique values for strain
DiscRep_ALL:DISC_SOURCE_QUALS_ASNDISC::taxname (all present, all unique)
DiscRep_SUB:DISC_SOURCE_QUALS_ASNDISC::1 sources have unique values for taxname
DiscRep_ALL:DISC_FEATURE_COUNT::CDS: 120 present
DiscRep_ALL:DISC_COUNT_NUCLEOTIDES::1 nucleotide Bioseqs are present
./prokka_outputs/MK689685/MK689685:MK689685.1 (length 111127)

DiscRep_ALL:FEATURE_LOCATION_CONFLICT::120 features have inconsistent gene locations.
DiscRep_SUB:FEATURE_LOCATION_CONFLICT::Coding region xref gene does not exist
./prokka_outputs/MK689685/MK689685:CDS	hypothetical protein	MK689685.1:c1270-134	MK689685_00001

DiscRep_SUB:FEATURE_LOCATION_CONFLICT::Coding region xref gene does not exist
./prokka_outputs/MK689685/MK689685:CDS	hypothetical protein	MK689685.1:c1695-1240	MK689685_00002

DiscRep_SUB:FEATURE_LOCATION_CONFLICT::Coding region xref gene does not exist
./prokka_outputs/MK689685/MK689685:CDS	hypothetical protein	MK689685.1:c2077-1772	MK689685_00003

DiscRep_SUB:FEATURE_LOCATION_CONFLICT::Coding region xref gene does not exist
./prokka_outputs/MK689685/MK689685:CDS	hypothetical protein	MK689685.1:c2568-2077	MK689685_00004

DiscRep_SUB:FEATURE_LOCATION_CONFLICT::Coding region xref gene does not exist
./prokka_outputs/MK689685/MK689685:CDS	hypothetical protein	MK689685.1:c3453-2893	MK689685_00005

DiscRep_SUB:FEATURE_LOCATION_CONFLICT::Coding region xref gene does not exist
./prokka_outputs/MK689685/MK689685:CDS	hypothetical protein	MK689685.1:c3790-3485	MK689685_00006

DiscRep_SUB:FEATURE_LOCATION_CONFLICT::Coding region xref gene does not exist
./prokka_outputs/MK689685/MK689685:CDS	Major capsid protein	MK689685.1:c5155-3794	MK689685_00007

DiscRep_SUB:FEATURE_LOCATION_CONFLICT::Coding region xref gene does not exist
./prokka_outputs/MK689685/MK689685:CDS	hypothetical protein	MK689685.1:c6631-5174	MK689685_00008

DiscRep_SUB:FEATURE_LOCATION_CONFLICT::Coding region xref gene does not exist
./prokka_outputs/MK689685/MK689685:CDS	hypothetical protein	MK689685.1:6702-8246	MK689685_00009

DiscRep_SUB:FEATURE_LOCATION_CONFLICT::Coding region xref gene does not exist
./prokka_outputs/MK689685/MK689685:CDS	hypothetical protein	MK689685.1:c8418-8200	MK689685_00010

DiscRep_SUB:FEATURE_LOCATION_CONFLICT::Coding region xref gene does not exist
./prokka_outputs/MK689685/MK689685:CDS	hypothetical protein	MK689685.1:8448-8690	MK689685_00011

DiscRep_SUB:FEATURE_LOCATION_CONFLICT::Coding region xref gene does not exist
./prokka_outputs/MK689685/MK689685:CDS	hypothetical protein	MK689685.1:c9054-8662	MK689685_00012

DiscRep_SUB:FEATURE_LOCATION_CONFLICT::Coding region xref gene does not exist
./prokka_outputs/MK689685/MK689685:CDS	hypothetical protein	MK689685.1:c9311-9051	MK689685_00013

DiscRep_SUB:FEATURE_LOCATION_CONFLICT::Coding region xref gene does not exist
./prokka_outputs/MK689685/MK689685:CDS	hypothetical protein	MK689685.1:9330-9662	MK689685_00014

DiscRep_SUB:FEATURE_LOCATION_CONFLICT::Coding region xref gene does not exist
./prokka_outputs/MK689685/MK689685:CDS	hypothetical protein	MK689685.1:9669-11054	MK689685_00015

DiscRep_SUB:FEATURE_LOCATION_CONFLICT::Coding region xref gene does not exist
./prokka_outputs/MK689685/MK689685:CDS	hypothetical protein	MK689685.1:c11310-11017	MK689685_00016

DiscRep_SUB:FEATURE_LOCATION_CONFLICT::Coding region xref gene does not exist
./prokka_outputs/MK689685/MK689685:CDS	hypothetical protein	MK689685.1:11327-12268	MK689685_00017

DiscRep_SUB:FEATURE_LOCATION_CONFLICT::Coding region xref gene does not exist
./prokka_outputs/MK689685/MK689685:CDS	hypothetical protein	MK689685.1:12278-13069	MK689685_00018

DiscRep_SUB:FEATURE_LOCATION_CONFLICT::Coding region xref gene does not exist
./prokka_outputs/MK689685/MK689685:CDS	hypothetical protein	MK689685.1:c13716-13129	MK689685_00019

DiscRep_SUB:FEATURE_LOCATION_CONFLICT::Coding region xref gene does not exist
./prokka_outputs/MK689685/MK689685:CDS	hypothetical protein	MK689685.1:c14063-13731	MK689685_00020

DiscRep_SUB:FEATURE_LOCATION_CONFLICT::Coding region xref gene does not exist
./prokka_outputs/MK689685/MK689685:CDS	hypothetical protein	MK689685.1:14579-17425	MK689685_00021

DiscRep_SUB:FEATURE_LOCATION_CONFLICT::Coding region xref gene does not exist
./prokka_outputs/MK689685/MK689685:CDS	hypothetical protein	MK689685.1:17467-18006	MK689685_00022

DiscRep_SUB:FEATURE_LOCATION_CONFLICT::Coding region xref gene does not exist
./prokka_outputs/MK689685/MK689685:CDS	hypothetical protein	MK689685.1:c19489-17990	MK689685_00023

DiscRep_SUB:FEATURE_LOCATION_CONFLICT::Coding region xref gene does not exist
./prokka_outputs/MK689685/MK689685:CDS	hypothetical protein	MK689685.1:19562-22132	MK689685_00024

DiscRep_SUB:FEATURE_LOCATION_CONFLICT::Coding region xref gene does not exist
./prokka_outputs/MK689685/MK689685:CDS	hypothetical protein	MK689685.1:c22590-22198	MK689685_00025

DiscRep_SUB:FEATURE_LOCATION_CONFLICT::Coding region xref gene does not exist
./prokka_outputs/MK689685/MK689685:CDS	hypothetical protein	MK689685.1:c23565-23005	MK689685_00026

DiscRep_SUB:FEATURE_LOCATION_CONFLICT::Coding region xref gene does not exist
./prokka_outputs/MK689685/MK689685:CDS	hypothetical protein	MK689685.1:c23920-23597	MK689685_00027

DiscRep_SUB:FEATURE_LOCATION_CONFLICT::Coding region xref gene does not exist
./prokka_outputs/MK689685/MK689685:CDS	hypothetical protein	MK689685.1:c24838-23942	MK689685_00028

DiscRep_SUB:FEATURE_LOCATION_CONFLICT::Coding region xref gene does not exist
./prokka_outputs/MK689685/MK689685:CDS	hypothetical protein	MK689685.1:c28361-24855	MK689685_00029

DiscRep_SUB:FEATURE_LOCATION_CONFLICT::Coding region xref gene does not exist
./prokka_outputs/MK689685/MK689685:CDS	hypothetical protein	MK689685.1:c28589-28368	MK689685_00030

DiscRep_SUB:FEATURE_LOCATION_CONFLICT::Coding region xref gene does not exist
./prokka_outputs/MK689685/MK689685:CDS	hypothetical protein	MK689685.1:c29261-28659	MK689685_00031

DiscRep_SUB:FEATURE_LOCATION_CONFLICT::Coding region xref gene does not exist
./prokka_outputs/MK689685/MK689685:CDS	hypothetical protein	MK689685.1:29270-29836	MK689685_00032

DiscRep_SUB:FEATURE_LOCATION_CONFLICT::Coding region xref gene does not exist
./prokka_outputs/MK689685/MK689685:CDS	hypothetical protein	MK689685.1:c30815-29913	MK689685_00033

DiscRep_SUB:FEATURE_LOCATION_CONFLICT::Coding region xref gene does not exist
./prokka_outputs/MK689685/MK689685:CDS	DNA-directed RNA polymerase subunit 2	MK689685.1:30919-34053	MK689685_00034

DiscRep_SUB:FEATURE_LOCATION_CONFLICT::Coding region xref gene does not exist
./prokka_outputs/MK689685/MK689685:CDS	hypothetical protein	MK689685.1:c35268-34135	MK689685_00035

DiscRep_SUB:FEATURE_LOCATION_CONFLICT::Coding region xref gene does not exist
./prokka_outputs/MK689685/MK689685:CDS	hypothetical protein	MK689685.1:35351-36376	MK689685_00036

DiscRep_SUB:FEATURE_LOCATION_CONFLICT::Coding region xref gene does not exist
./prokka_outputs/MK689685/MK689685:CDS	hypothetical protein	MK689685.1:c37725-36373	MK689685_00037

DiscRep_SUB:FEATURE_LOCATION_CONFLICT::Coding region xref gene does not exist
./prokka_outputs/MK689685/MK689685:CDS	hypothetical protein	MK689685.1:c39170-37734	MK689685_00038

DiscRep_SUB:FEATURE_LOCATION_CONFLICT::Coding region xref gene does not exist
./prokka_outputs/MK689685/MK689685:CDS	hypothetical protein	MK689685.1:39214-40086	MK689685_00039

DiscRep_SUB:FEATURE_LOCATION_CONFLICT::Coding region xref gene does not exist
./prokka_outputs/MK689685/MK689685:CDS	hypothetical protein	MK689685.1:c41218-40079	MK689685_00040

DiscRep_SUB:FEATURE_LOCATION_CONFLICT::Coding region xref gene does not exist
./prokka_outputs/MK689685/MK689685:CDS	hypothetical protein	MK689685.1:c42512-41220	MK689685_00041

DiscRep_SUB:FEATURE_LOCATION_CONFLICT::Coding region xref gene does not exist
./prokka_outputs/MK689685/MK689685:CDS	hypothetical protein	MK689685.1:42578-43171	MK689685_00042

DiscRep_SUB:FEATURE_LOCATION_CONFLICT::Coding region xref gene does not exist
./prokka_outputs/MK689685/MK689685:CDS	hypothetical protein	MK689685.1:c43617-43255	MK689685_00043

DiscRep_SUB:FEATURE_LOCATION_CONFLICT::Coding region xref gene does not exist
./prokka_outputs/MK689685/MK689685:CDS	hypothetical protein	MK689685.1:c44420-43620	MK689685_00044

DiscRep_SUB:FEATURE_LOCATION_CONFLICT::Coding region xref gene does not exist
./prokka_outputs/MK689685/MK689685:CDS	hypothetical protein	MK689685.1:c45339-44425	MK689685_00045

DiscRep_SUB:FEATURE_LOCATION_CONFLICT::Coding region xref gene does not exist
./prokka_outputs/MK689685/MK689685:CDS	hypothetical protein	MK689685.1:c46016-45333	MK689685_00046

DiscRep_SUB:FEATURE_LOCATION_CONFLICT::Coding region xref gene does not exist
./prokka_outputs/MK689685/MK689685:CDS	hypothetical protein	MK689685.1:46176-46439	MK689685_00047

DiscRep_SUB:FEATURE_LOCATION_CONFLICT::Coding region xref gene does not exist
./prokka_outputs/MK689685/MK689685:CDS	hypothetical protein	MK689685.1:46436-46780	MK689685_00048

DiscRep_SUB:FEATURE_LOCATION_CONFLICT::Coding region xref gene does not exist
./prokka_outputs/MK689685/MK689685:CDS	hypothetical protein	MK689685.1:46796-46966	MK689685_00049

DiscRep_SUB:FEATURE_LOCATION_CONFLICT::Coding region xref gene does not exist
./prokka_outputs/MK689685/MK689685:CDS	hypothetical protein	MK689685.1:c47453-47025	MK689685_00050

DiscRep_SUB:FEATURE_LOCATION_CONFLICT::Coding region xref gene does not exist
./prokka_outputs/MK689685/MK689685:CDS	hypothetical protein	MK689685.1:c48178-47726	MK689685_00051

DiscRep_SUB:FEATURE_LOCATION_CONFLICT::Coding region xref gene does not exist
./prokka_outputs/MK689685/MK689685:CDS	hypothetical protein	MK689685.1:c49334-48408	MK689685_00052

DiscRep_SUB:FEATURE_LOCATION_CONFLICT::Coding region xref gene does not exist
./prokka_outputs/MK689685/MK689685:CDS	hypothetical protein	MK689685.1:c50283-49357	MK689685_00053

DiscRep_SUB:FEATURE_LOCATION_CONFLICT::Coding region xref gene does not exist
./prokka_outputs/MK689685/MK689685:CDS	hypothetical protein	MK689685.1:c50941-50294	MK689685_00054

DiscRep_SUB:FEATURE_LOCATION_CONFLICT::Coding region xref gene does not exist
./prokka_outputs/MK689685/MK689685:CDS	hypothetical protein	MK689685.1:c51208-50948	MK689685_00055

DiscRep_SUB:FEATURE_LOCATION_CONFLICT::Coding region xref gene does not exist
./prokka_outputs/MK689685/MK689685:CDS	hypothetical protein	MK689685.1:c51534-51235	MK689685_00056

DiscRep_SUB:FEATURE_LOCATION_CONFLICT::Coding region xref gene does not exist
./prokka_outputs/MK689685/MK689685:CDS	hypothetical protein	MK689685.1:c52189-51524	MK689685_00057

DiscRep_SUB:FEATURE_LOCATION_CONFLICT::Coding region xref gene does not exist
./prokka_outputs/MK689685/MK689685:CDS	hypothetical protein	MK689685.1:c52937-52134	MK689685_00058

DiscRep_SUB:FEATURE_LOCATION_CONFLICT::Coding region xref gene does not exist
./prokka_outputs/MK689685/MK689685:CDS	hypothetical protein	MK689685.1:c56560-52934	MK689685_00059

DiscRep_SUB:FEATURE_LOCATION_CONFLICT::Coding region xref gene does not exist
./prokka_outputs/MK689685/MK689685:CDS	hypothetical protein	MK689685.1:c56988-56620	MK689685_00060

DiscRep_SUB:FEATURE_LOCATION_CONFLICT::Coding region xref gene does not exist
./prokka_outputs/MK689685/MK689685:CDS	hypothetical protein	MK689685.1:c59650-57002	MK689685_00061

DiscRep_SUB:FEATURE_LOCATION_CONFLICT::Coding region xref gene does not exist
./prokka_outputs/MK689685/MK689685:CDS	hypothetical protein	MK689685.1:c61168-59693	MK689685_00062

DiscRep_SUB:FEATURE_LOCATION_CONFLICT::Coding region xref gene does not exist
./prokka_outputs/MK689685/MK689685:CDS	hypothetical protein	MK689685.1:c61477-61214	MK689685_00063

DiscRep_SUB:FEATURE_LOCATION_CONFLICT::Coding region xref gene does not exist
./prokka_outputs/MK689685/MK689685:CDS	hypothetical protein	MK689685.1:61523-61816	MK689685_00064

DiscRep_SUB:FEATURE_LOCATION_CONFLICT::Coding region xref gene does not exist
./prokka_outputs/MK689685/MK689685:CDS	hypothetical protein	MK689685.1:c62674-61757	MK689685_00065

DiscRep_SUB:FEATURE_LOCATION_CONFLICT::Coding region xref gene does not exist
./prokka_outputs/MK689685/MK689685:CDS	hypothetical protein	MK689685.1:c63630-63046	MK689685_00066

DiscRep_SUB:FEATURE_LOCATION_CONFLICT::Coding region xref gene does not exist
./prokka_outputs/MK689685/MK689685:CDS	hypothetical protein	MK689685.1:c65104-63671	MK689685_00067

DiscRep_SUB:FEATURE_LOCATION_CONFLICT::Coding region xref gene does not exist
./prokka_outputs/MK689685/MK689685:CDS	hypothetical protein	MK689685.1:c65776-65111	MK689685_00068

DiscRep_SUB:FEATURE_LOCATION_CONFLICT::Coding region xref gene does not exist
./prokka_outputs/MK689685/MK689685:CDS	hypothetical protein	MK689685.1:65837-66313	MK689685_00069

DiscRep_SUB:FEATURE_LOCATION_CONFLICT::Coding region xref gene does not exist
./prokka_outputs/MK689685/MK689685:CDS	hypothetical protein	MK689685.1:c67817-66207	MK689685_00070

DiscRep_SUB:FEATURE_LOCATION_CONFLICT::Coding region xref gene does not exist
./prokka_outputs/MK689685/MK689685:CDS	hypothetical protein	MK689685.1:67948-68952	MK689685_00071

DiscRep_SUB:FEATURE_LOCATION_CONFLICT::Coding region xref gene does not exist
./prokka_outputs/MK689685/MK689685:CDS	hypothetical protein	MK689685.1:68978-69397	MK689685_00072

DiscRep_SUB:FEATURE_LOCATION_CONFLICT::Coding region xref gene does not exist
./prokka_outputs/MK689685/MK689685:CDS	hypothetical protein	MK689685.1:69444-70457	MK689685_00073

DiscRep_SUB:FEATURE_LOCATION_CONFLICT::Coding region xref gene does not exist
./prokka_outputs/MK689685/MK689685:CDS	hypothetical protein	MK689685.1:c70818-70552	MK689685_00074

DiscRep_SUB:FEATURE_LOCATION_CONFLICT::Coding region xref gene does not exist
./prokka_outputs/MK689685/MK689685:CDS	hypothetical protein	MK689685.1:c73792-70820	MK689685_00075

DiscRep_SUB:FEATURE_LOCATION_CONFLICT::Coding region xref gene does not exist
./prokka_outputs/MK689685/MK689685:CDS	hypothetical protein	MK689685.1:73810-75144	MK689685_00076

DiscRep_SUB:FEATURE_LOCATION_CONFLICT::Coding region xref gene does not exist
./prokka_outputs/MK689685/MK689685:CDS	hypothetical protein	MK689685.1:75141-75605	MK689685_00077

DiscRep_SUB:FEATURE_LOCATION_CONFLICT::Coding region xref gene does not exist
./prokka_outputs/MK689685/MK689685:CDS	hypothetical protein	MK689685.1:c75828-75607	MK689685_00078

DiscRep_SUB:FEATURE_LOCATION_CONFLICT::Coding region xref gene does not exist
./prokka_outputs/MK689685/MK689685:CDS	hypothetical protein	MK689685.1:76142-76639	MK689685_00079

DiscRep_SUB:FEATURE_LOCATION_CONFLICT::Coding region xref gene does not exist
./prokka_outputs/MK689685/MK689685:CDS	hypothetical protein	MK689685.1:c77782-76676	MK689685_00080

DiscRep_SUB:FEATURE_LOCATION_CONFLICT::Coding region xref gene does not exist
./prokka_outputs/MK689685/MK689685:CDS	hypothetical protein	MK689685.1:77834-78193	MK689685_00081

DiscRep_SUB:FEATURE_LOCATION_CONFLICT::Coding region xref gene does not exist
./prokka_outputs/MK689685/MK689685:CDS	hypothetical protein	MK689685.1:c78284-78180	MK689685_00082

DiscRep_SUB:FEATURE_LOCATION_CONFLICT::Coding region xref gene does not exist
./prokka_outputs/MK689685/MK689685:CDS	hypothetical protein	MK689685.1:c79656-78301	MK689685_00083

DiscRep_SUB:FEATURE_LOCATION_CONFLICT::Coding region xref gene does not exist
./prokka_outputs/MK689685/MK689685:CDS	hypothetical protein	MK689685.1:79659-80261	MK689685_00084

DiscRep_SUB:FEATURE_LOCATION_CONFLICT::Coding region xref gene does not exist
./prokka_outputs/MK689685/MK689685:CDS	hypothetical protein	MK689685.1:80258-80722	MK689685_00085

DiscRep_SUB:FEATURE_LOCATION_CONFLICT::Coding region xref gene does not exist
./prokka_outputs/MK689685/MK689685:CDS	hypothetical protein	MK689685.1:80715-81485	MK689685_00086

DiscRep_SUB:FEATURE_LOCATION_CONFLICT::Coding region xref gene does not exist
./prokka_outputs/MK689685/MK689685:CDS	hypothetical protein	MK689685.1:c81895-81482	MK689685_00087

DiscRep_SUB:FEATURE_LOCATION_CONFLICT::Coding region xref gene does not exist
./prokka_outputs/MK689685/MK689685:CDS	hypothetical protein	MK689685.1:81939-83495	MK689685_00088

DiscRep_SUB:FEATURE_LOCATION_CONFLICT::Coding region xref gene does not exist
./prokka_outputs/MK689685/MK689685:CDS	hypothetical protein	MK689685.1:c84438-83476	MK689685_00089

DiscRep_SUB:FEATURE_LOCATION_CONFLICT::Coding region xref gene does not exist
./prokka_outputs/MK689685/MK689685:CDS	hypothetical protein	MK689685.1:84477-84638	MK689685_00090

DiscRep_SUB:FEATURE_LOCATION_CONFLICT::Coding region xref gene does not exist
./prokka_outputs/MK689685/MK689685:CDS	hypothetical protein	MK689685.1:c85423-84635	MK689685_00091

DiscRep_SUB:FEATURE_LOCATION_CONFLICT::Coding region xref gene does not exist
./prokka_outputs/MK689685/MK689685:CDS	hypothetical protein	MK689685.1:c86071-85571	MK689685_00092

DiscRep_SUB:FEATURE_LOCATION_CONFLICT::Coding region xref gene does not exist
./prokka_outputs/MK689685/MK689685:CDS	hypothetical protein	MK689685.1:c87256-86096	MK689685_00093

DiscRep_SUB:FEATURE_LOCATION_CONFLICT::Coding region xref gene does not exist
./prokka_outputs/MK689685/MK689685:CDS	hypothetical protein	MK689685.1:c88001-87264	MK689685_00094

DiscRep_SUB:FEATURE_LOCATION_CONFLICT::Coding region xref gene does not exist
./prokka_outputs/MK689685/MK689685:CDS	hypothetical protein	MK689685.1:c88498-88007	MK689685_00095

DiscRep_SUB:FEATURE_LOCATION_CONFLICT::Coding region xref gene does not exist
./prokka_outputs/MK689685/MK689685:CDS	hypothetical protein	MK689685.1:c88872-88549	MK689685_00096

DiscRep_SUB:FEATURE_LOCATION_CONFLICT::Coding region xref gene does not exist
./prokka_outputs/MK689685/MK689685:CDS	hypothetical protein	MK689685.1:c89464-88919	MK689685_00097

DiscRep_SUB:FEATURE_LOCATION_CONFLICT::Coding region xref gene does not exist
./prokka_outputs/MK689685/MK689685:CDS	hypothetical protein	MK689685.1:c90026-89511	MK689685_00098

DiscRep_SUB:FEATURE_LOCATION_CONFLICT::Coding region xref gene does not exist
./prokka_outputs/MK689685/MK689685:CDS	hypothetical protein	MK689685.1:90086-91528	MK689685_00099

DiscRep_SUB:FEATURE_LOCATION_CONFLICT::Coding region xref gene does not exist
./prokka_outputs/MK689685/MK689685:CDS	hypothetical protein	MK689685.1:91535-91936	MK689685_00100

DiscRep_SUB:FEATURE_LOCATION_CONFLICT::Coding region xref gene does not exist
./prokka_outputs/MK689685/MK689685:CDS	hypothetical protein	MK689685.1:91990-92766	MK689685_00101

DiscRep_SUB:FEATURE_LOCATION_CONFLICT::Coding region xref gene does not exist
./prokka_outputs/MK689685/MK689685:CDS	hypothetical protein	MK689685.1:92789-93133	MK689685_00102

DiscRep_SUB:FEATURE_LOCATION_CONFLICT::Coding region xref gene does not exist
./prokka_outputs/MK689685/MK689685:CDS	hypothetical protein	MK689685.1:c94115-93309	MK689685_00103

DiscRep_SUB:FEATURE_LOCATION_CONFLICT::Coding region xref gene does not exist
./prokka_outputs/MK689685/MK689685:CDS	hypothetical protein	MK689685.1:c94857-94258	MK689685_00104

DiscRep_SUB:FEATURE_LOCATION_CONFLICT::Coding region xref gene does not exist
./prokka_outputs/MK689685/MK689685:CDS	hypothetical protein	MK689685.1:c97714-94949	MK689685_00105

DiscRep_SUB:FEATURE_LOCATION_CONFLICT::Coding region xref gene does not exist
./prokka_outputs/MK689685/MK689685:CDS	hypothetical protein	MK689685.1:97761-97916	MK689685_00106

DiscRep_SUB:FEATURE_LOCATION_CONFLICT::Coding region xref gene does not exist
./prokka_outputs/MK689685/MK689685:CDS	hypothetical protein	MK689685.1:c98803-97913	MK689685_00107

DiscRep_SUB:FEATURE_LOCATION_CONFLICT::Coding region xref gene does not exist
./prokka_outputs/MK689685/MK689685:CDS	hypothetical protein	MK689685.1:98823-99566	MK689685_00108

DiscRep_SUB:FEATURE_LOCATION_CONFLICT::Coding region xref gene does not exist
./prokka_outputs/MK689685/MK689685:CDS	hypothetical protein	MK689685.1:c100059-99556	MK689685_00109

DiscRep_SUB:FEATURE_LOCATION_CONFLICT::Coding region xref gene does not exist
./prokka_outputs/MK689685/MK689685:CDS	hypothetical protein	MK689685.1:c102935-100098	MK689685_00110

DiscRep_SUB:FEATURE_LOCATION_CONFLICT::Coding region xref gene does not exist
./prokka_outputs/MK689685/MK689685:CDS	hypothetical protein	MK689685.1:102968-103978	MK689685_00111

DiscRep_SUB:FEATURE_LOCATION_CONFLICT::Coding region xref gene does not exist
./prokka_outputs/MK689685/MK689685:CDS	hypothetical protein	MK689685.1:104041-105432	MK689685_00112

DiscRep_SUB:FEATURE_LOCATION_CONFLICT::Coding region xref gene does not exist
./prokka_outputs/MK689685/MK689685:CDS	hypothetical protein	MK689685.1:c106100-105486	MK689685_00113

DiscRep_SUB:FEATURE_LOCATION_CONFLICT::Coding region xref gene does not exist
./prokka_outputs/MK689685/MK689685:CDS	hypothetical protein	MK689685.1:106257-106517	MK689685_00114

DiscRep_SUB:FEATURE_LOCATION_CONFLICT::Coding region xref gene does not exist
./prokka_outputs/MK689685/MK689685:CDS	hypothetical protein	MK689685.1:c107807-106488	MK689685_00115

DiscRep_SUB:FEATURE_LOCATION_CONFLICT::Coding region xref gene does not exist
./prokka_outputs/MK689685/MK689685:CDS	hypothetical protein	MK689685.1:108189-108698	MK689685_00116

DiscRep_SUB:FEATURE_LOCATION_CONFLICT::Coding region xref gene does not exist
./prokka_outputs/MK689685/MK689685:CDS	hypothetical protein	MK689685.1:c109349-108699	MK689685_00117

DiscRep_SUB:FEATURE_LOCATION_CONFLICT::Coding region xref gene does not exist
./prokka_outputs/MK689685/MK689685:CDS	hypothetical protein	MK689685.1:109359-110078	MK689685_00118

DiscRep_SUB:FEATURE_LOCATION_CONFLICT::Coding region xref gene does not exist
./prokka_outputs/MK689685/MK689685:CDS	hypothetical protein	MK689685.1:c110421-110050	MK689685_00119

DiscRep_SUB:FEATURE_LOCATION_CONFLICT::Coding region xref gene does not exist
./prokka_outputs/MK689685/MK689685:CDS	hypothetical protein	MK689685.1:c111116-110430	MK689685_00120

DiscRep_ALL:DISC_QUALITY_SCORES::Quality scores are missing on all sequences.

DiscRep_ALL:ONCALLER_COMMENT_PRESENT::1 comment descriptors were found (all same)
./prokka_outputs/MK689685/MK689685:MK689685.1:Annotated using prokka 1.14.5 from https://github.com/tseemann/prokka

DiscRep_ALL:SHORT_PROT_SEQUENCES::1 protein sequences are shorter than 50 aa.
./prokka_outputs/MK689685/MK689685:MK689685.1_82 (length 34)

DiscRep_ALL:MISSING_GENOMEASSEMBLY_COMMENTS::1 bioseqs are missing GenomeAssembly structured comments
./prokka_outputs/MK689685/MK689685:MK689685.1 (length 111127)

DiscRep_ALL:MOLTYPE_NOT_MRNA::1 molecule types are not set as mRNA.
./prokka_outputs/MK689685/MK689685:MK689685.1 (length 111127)

DiscRep_ALL:TECHNIQUE_NOT_TSA::1 technique are not set as TSA
./prokka_outputs/MK689685/MK689685:MK689685.1 (length 111127)

DiscRep_ALL:MISSING_STRUCTURED_COMMENT::1 sequences do not include structured comments.
./prokka_outputs/MK689685/MK689685:MK689685.1 (length 111127)

DiscRep_ALL:MISSING_PROJECT::121 sequences do not include project.
./prokka_outputs/MK689685/MK689685:MK689685.1 (length 111127)
./prokka_outputs/MK689685/MK689685:MK689685.1_1 (length 378)
./prokka_outputs/MK689685/MK689685:MK689685.1_2 (length 151)
./prokka_outputs/MK689685/MK689685:MK689685.1_3 (length 101)
./prokka_outputs/MK689685/MK689685:MK689685.1_4 (length 163)
./prokka_outputs/MK689685/MK689685:MK689685.1_5 (length 186)
./prokka_outputs/MK689685/MK689685:MK689685.1_6 (length 101)
./prokka_outputs/MK689685/MK689685:MK689685.1_7 (length 453)
./prokka_outputs/MK689685/MK689685:MK689685.1_8 (length 485)
./prokka_outputs/MK689685/MK689685:MK689685.1_9 (length 514)
./prokka_outputs/MK689685/MK689685:MK689685.1_10 (length 72)
./prokka_outputs/MK689685/MK689685:MK689685.1_11 (length 80)
./prokka_outputs/MK689685/MK689685:MK689685.1_12 (length 130)
./prokka_outputs/MK689685/MK689685:MK689685.1_13 (length 86)
./prokka_outputs/MK689685/MK689685:MK689685.1_14 (length 110)
./prokka_outputs/MK689685/MK689685:MK689685.1_15 (length 461)
./prokka_outputs/MK689685/MK689685:MK689685.1_16 (length 97)
./prokka_outputs/MK689685/MK689685:MK689685.1_17 (length 313)
./prokka_outputs/MK689685/MK689685:MK689685.1_18 (length 263)
./prokka_outputs/MK689685/MK689685:MK689685.1_19 (length 195)
./prokka_outputs/MK689685/MK689685:MK689685.1_20 (length 110)
./prokka_outputs/MK689685/MK689685:MK689685.1_21 (length 948)
./prokka_outputs/MK689685/MK689685:MK689685.1_22 (length 179)
./prokka_outputs/MK689685/MK689685:MK689685.1_23 (length 499)
./prokka_outputs/MK689685/MK689685:MK689685.1_24 (length 856)
./prokka_outputs/MK689685/MK689685:MK689685.1_25 (length 130)
./prokka_outputs/MK689685/MK689685:MK689685.1_26 (length 186)
./prokka_outputs/MK689685/MK689685:MK689685.1_27 (length 107)
./prokka_outputs/MK689685/MK689685:MK689685.1_28 (length 298)
./prokka_outputs/MK689685/MK689685:MK689685.1_29 (length 1168)
./prokka_outputs/MK689685/MK689685:MK689685.1_30 (length 73)
./prokka_outputs/MK689685/MK689685:MK689685.1_31 (length 200)
./prokka_outputs/MK689685/MK689685:MK689685.1_32 (length 188)
./prokka_outputs/MK689685/MK689685:MK689685.1_33 (length 300)
./prokka_outputs/MK689685/MK689685:MK689685.1_34 (length 1044)
./prokka_outputs/MK689685/MK689685:MK689685.1_35 (length 377)
./prokka_outputs/MK689685/MK689685:MK689685.1_36 (length 341)
./prokka_outputs/MK689685/MK689685:MK689685.1_37 (length 450)
./prokka_outputs/MK689685/MK689685:MK689685.1_38 (length 478)
./prokka_outputs/MK689685/MK689685:MK689685.1_39 (length 290)
./prokka_outputs/MK689685/MK689685:MK689685.1_40 (length 379)
./prokka_outputs/MK689685/MK689685:MK689685.1_41 (length 430)
./prokka_outputs/MK689685/MK689685:MK689685.1_42 (length 197)
./prokka_outputs/MK689685/MK689685:MK689685.1_43 (length 120)
./prokka_outputs/MK689685/MK689685:MK689685.1_44 (length 266)
./prokka_outputs/MK689685/MK689685:MK689685.1_45 (length 304)
./prokka_outputs/MK689685/MK689685:MK689685.1_46 (length 227)
./prokka_outputs/MK689685/MK689685:MK689685.1_47 (length 87)
./prokka_outputs/MK689685/MK689685:MK689685.1_48 (length 114)
./prokka_outputs/MK689685/MK689685:MK689685.1_49 (length 56)
./prokka_outputs/MK689685/MK689685:MK689685.1_50 (length 142)
./prokka_outputs/MK689685/MK689685:MK689685.1_51 (length 150)
./prokka_outputs/MK689685/MK689685:MK689685.1_52 (length 308)
./prokka_outputs/MK689685/MK689685:MK689685.1_53 (length 308)
./prokka_outputs/MK689685/MK689685:MK689685.1_54 (length 215)
./prokka_outputs/MK689685/MK689685:MK689685.1_55 (length 86)
./prokka_outputs/MK689685/MK689685:MK689685.1_56 (length 99)
./prokka_outputs/MK689685/MK689685:MK689685.1_57 (length 221)
./prokka_outputs/MK689685/MK689685:MK689685.1_58 (length 267)
./prokka_outputs/MK689685/MK689685:MK689685.1_59 (length 1208)
./prokka_outputs/MK689685/MK689685:MK689685.1_60 (length 122)
./prokka_outputs/MK689685/MK689685:MK689685.1_61 (length 882)
./prokka_outputs/MK689685/MK689685:MK689685.1_62 (length 491)
./prokka_outputs/MK689685/MK689685:MK689685.1_63 (length 87)
./prokka_outputs/MK689685/MK689685:MK689685.1_64 (length 97)
./prokka_outputs/MK689685/MK689685:MK689685.1_65 (length 305)
./prokka_outputs/MK689685/MK689685:MK689685.1_66 (length 194)
./prokka_outputs/MK689685/MK689685:MK689685.1_67 (length 477)
./prokka_outputs/MK689685/MK689685:MK689685.1_68 (length 221)
./prokka_outputs/MK689685/MK689685:MK689685.1_69 (length 158)
./prokka_outputs/MK689685/MK689685:MK689685.1_70 (length 536)
./prokka_outputs/MK689685/MK689685:MK689685.1_71 (length 334)
./prokka_outputs/MK689685/MK689685:MK689685.1_72 (length 139)
./prokka_outputs/MK689685/MK689685:MK689685.1_73 (length 337)
./prokka_outputs/MK689685/MK689685:MK689685.1_74 (length 88)
./prokka_outputs/MK689685/MK689685:MK689685.1_75 (length 990)
./prokka_outputs/MK689685/MK689685:MK689685.1_76 (length 444)
./prokka_outputs/MK689685/MK689685:MK689685.1_77 (length 154)
./prokka_outputs/MK689685/MK689685:MK689685.1_78 (length 73)
./prokka_outputs/MK689685/MK689685:MK689685.1_79 (length 165)
./prokka_outputs/MK689685/MK689685:MK689685.1_80 (length 368)
./prokka_outputs/MK689685/MK689685:MK689685.1_81 (length 119)
./prokka_outputs/MK689685/MK689685:MK689685.1_82 (length 34)
./prokka_outputs/MK689685/MK689685:MK689685.1_83 (length 451)
./prokka_outputs/MK689685/MK689685:MK689685.1_84 (length 200)
./prokka_outputs/MK689685/MK689685:MK689685.1_85 (length 154)
./prokka_outputs/MK689685/MK689685:MK689685.1_86 (length 256)
./prokka_outputs/MK689685/MK689685:MK689685.1_87 (length 137)
./prokka_outputs/MK689685/MK689685:MK689685.1_88 (length 518)
./prokka_outputs/MK689685/MK689685:MK689685.1_89 (length 320)
./prokka_outputs/MK689685/MK689685:MK689685.1_90 (length 53)
./prokka_outputs/MK689685/MK689685:MK689685.1_91 (length 262)
./prokka_outputs/MK689685/MK689685:MK689685.1_92 (length 166)
./prokka_outputs/MK689685/MK689685:MK689685.1_93 (length 386)
./prokka_outputs/MK689685/MK689685:MK689685.1_94 (length 245)
./prokka_outputs/MK689685/MK689685:MK689685.1_95 (length 163)
./prokka_outputs/MK689685/MK689685:MK689685.1_96 (length 107)
./prokka_outputs/MK689685/MK689685:MK689685.1_97 (length 181)
./prokka_outputs/MK689685/MK689685:MK689685.1_98 (length 171)
./prokka_outputs/MK689685/MK689685:MK689685.1_99 (length 480)
./prokka_outputs/MK689685/MK689685:MK689685.1_100 (length 133)
./prokka_outputs/MK689685/MK689685:MK689685.1_101 (length 258)
./prokka_outputs/MK689685/MK689685:MK689685.1_102 (length 114)
./prokka_outputs/MK689685/MK689685:MK689685.1_103 (length 268)
./prokka_outputs/MK689685/MK689685:MK689685.1_104 (length 199)
./prokka_outputs/MK689685/MK689685:MK689685.1_105 (length 921)
./prokka_outputs/MK689685/MK689685:MK689685.1_106 (length 51)
./prokka_outputs/MK689685/MK689685:MK689685.1_107 (length 296)
./prokka_outputs/MK689685/MK689685:MK689685.1_108 (length 247)
./prokka_outputs/MK689685/MK689685:MK689685.1_109 (length 167)
./prokka_outputs/MK689685/MK689685:MK689685.1_110 (length 945)
./prokka_outputs/MK689685/MK689685:MK689685.1_111 (length 336)
./prokka_outputs/MK689685/MK689685:MK689685.1_112 (length 463)
./prokka_outputs/MK689685/MK689685:MK689685.1_113 (length 204)
./prokka_outputs/MK689685/MK689685:MK689685.1_114 (length 86)
./prokka_outputs/MK689685/MK689685:MK689685.1_115 (length 439)
./prokka_outputs/MK689685/MK689685:MK689685.1_116 (length 169)
./prokka_outputs/MK689685/MK689685:MK689685.1_117 (length 216)
./prokka_outputs/MK689685/MK689685:MK689685.1_118 (length 239)
./prokka_outputs/MK689685/MK689685:MK689685.1_119 (length 123)
./prokka_outputs/MK689685/MK689685:MK689685.1_120 (length 228)

DiscRep_ALL:DISC_INCONSISTENT_MOLINFO_TECH::Molinfo Technique Report (some missing, all same)
DiscRep_SUB:DISC_INCONSISTENT_MOLINFO_TECH::technique (all missing)
DiscRep_SUB:DISC_INCONSISTENT_MOLINFO_TECH::1 Molinfos are missing field technique
./prokka_outputs/MK689685/MK689685:MK689685.1 (length 111127)

